0.000000000000000000e+00
2.000000000000000111e-01
3.219999984741210852e+01
2.079999989318847753e+01
2.159999995422363384e+01
2.739999996948242256e+01
3.139999978637695222e+01
8.399999984741210568e+00
2.139999986267089938e+01
2.579999989318847753e+01
4.059999972534179591e+01
3.860000000000000142e+01
3.279999993896484511e+01
2.699999990844726483e+01
4.899999987792968881e+01
4.260000000000000142e+01
6.599999978637694653e+01
7.219999957275391012e+01
2.779999994659423734e+01
2.919999993896484369e+01
5.999999942779541406e-01
4.279999999999999716e+01
4.399999975585937761e+01
3.319999984741210852e+01
7.859999957275390159e+01
4.179999993896484511e+01
3.559999990844726625e+01
5.619999972534179733e+01
5.819999978637695648e+01
6.379999963378906358e+01
2.879999987792968597e+01
6.400000000000000000e+01
6.019999981689453250e+01
9.159999975585937193e+01
4.259999978637695506e+01
6.539999963378906500e+01
6.159999978637695506e+01
7.679999957275390443e+01
6.059999987792969023e+01
8.359999945068359750e+01
5.739999990844726341e+01
7.759999975585937193e+01
7.199999969482422557e+01
6.239999999999999858e+01
7.059999975585937193e+01
4.580000003051758029e+01
8.719999981689453250e+01
3.459999987792969023e+01
5.299999969482421847e+01
7.179999957275390443e+01
5.640000003051757460e+01
8.679999981689452682e+01
8.279999951171875239e+01
7.179999993896484511e+01
6.620000006103515489e+01
7.899999951171875523e+01
7.279999957275390443e+01
7.259999993896484227e+01
7.320000012207030693e+01
7.039999951171874670e+01
7.419999945068359182e+01
5.320000003051757886e+01
4.219999975585937335e+01
6.400000003051758313e+01
8.439999951171874670e+01
6.699999993896484796e+01
5.999999984741211279e+01
6.839999987792968739e+01
6.639999984741210426e+01
8.799999981689452966e+01
7.019999957275391012e+01
6.639999975585936909e+01
8.119999987792968454e+01
7.959999993896484227e+01
4.099999984741211279e+01
7.099999993896484796e+01
7.060000006103516057e+01
8.200000000000000000e+01
6.499999981689452966e+01
8.199999993896484796e+01
8.840000006103515773e+01
5.819999981689453250e+01
8.440000012207030977e+01
8.919999969482421420e+01
8.799999945068358898e+01
9.219999975585938046e+01
9.260000012207031261e+01
9.159999969482421989e+01
8.739999981689453534e+01
9.120000012207030693e+01
8.879999945068360034e+01
9.059999938964843125e+01
8.759999938964843125e+01
9.000000012207031830e+01
9.019999938964843977e+01
9.159999969482421989e+01
8.959999981689453818e+01
8.339999981689453534e+01
8.839999938964844262e+01
8.759999987792969023e+01
8.679999981689452682e+01
8.859999987792969023e+01
9.199999938964843693e+01
9.039999981689453534e+01
8.819999938964843977e+01
9.120000012207030693e+01
8.659999945068359750e+01
9.079999969482422273e+01
8.640000012207030977e+01
9.039999975585936909e+01
8.979999981689452682e+01
9.059999981689453818e+01
8.960000012207031261e+01
8.900000012207031830e+01
8.979999938964843409e+01
9.079999981689452682e+01
8.979999938964843409e+01
8.919999981689453250e+01
8.559999945068359750e+01
8.960000012207031261e+01
8.599999987792968170e+01
8.899999938964843693e+01
9.159999969482421989e+01
9.200000006103515204e+01
9.060000006103516057e+01
9.339999969482421704e+01
9.320000012207030693e+01
9.480000012207031546e+01
9.519999938964843977e+01
9.519999963378906216e+01
9.459999963378906784e+01
9.499999963378905932e+01
9.300000012207031830e+01
9.220000006103515489e+01
8.940000006103515773e+01
9.100000012207031830e+01
8.979999975585937477e+01
9.019999975585938046e+01
8.899999945068358898e+01
8.979999938964843409e+01
9.059999975585937193e+01
8.900000012207031830e+01
9.079999981689452682e+01
8.979999938964843409e+01
8.999999963378905932e+01
9.079999981689452682e+01
8.980000006103514920e+01
9.099999981689452966e+01
8.979999975585937477e+01
9.039999981689453534e+01
9.019999975585938046e+01
8.760000012207031261e+01
9.039999981689453534e+01
8.799999938964843693e+01
8.919999969482421420e+01
8.999999938964843693e+01
8.960000012207031261e+01
8.879999981689452682e+01
9.079999938964843409e+01
9.000000012207031830e+01
9.019999981689453250e+01
9.039999975585936909e+01
9.019999969482421420e+01
8.979999945068360034e+01
9.119999963378906216e+01
9.059999938964843125e+01
8.999999938964843693e+01
8.939999938964844262e+01
9.000000012207031830e+01
9.019999981689453250e+01
9.019999938964843977e+01
9.060000012207031261e+01
8.879999938964843409e+01
8.939999963378906500e+01
8.960000006103516057e+01
8.979999938964843409e+01
8.939999938964844262e+01
8.899999945068358898e+01
8.999999945068358898e+01
9.040000012207030977e+01
9.099999938964843693e+01
9.040000012207030977e+01
9.020000006103515489e+01
9.039999945068359466e+01
8.999999975585937761e+01
9.079999975585937477e+01
8.839999938964844262e+01
9.039999938964844262e+01
8.980000012207031546e+01
9.019999969482421420e+01
8.999999981689452966e+01
8.999999987792968170e+01
9.059999981689453818e+01
9.039999938964844262e+01
8.979999969482422273e+01
8.999999945068358898e+01
8.879999938964843409e+01
9.079999981689452682e+01
9.100000012207031830e+01
9.000000012207031830e+01
