0.000000000000000000e+00
0.000000000000000000e+00
1.799999994277954096e+00
6.399999988555908459e+00
1.859999996948242185e+01
3.999999994277954052e+00
7.799999988555907926e+00
2.000000000000000111e-01
9.199999977111817273e+00
1.879999996948242114e+01
5.000000007629394894e+00
1.799999994277954096e+00
7.399999988555908459e+00
1.740000001525879014e+01
1.059999998474121163e+01
3.799999994277954318e+00
6.999999994277954052e+00
6.999999988555908104e+00
2.599999994277954141e+00
7.799999977111816030e+00
1.320000001525878908e+01
1.120000001525878908e+01
9.599999977111815852e+00
5.399999977111816563e+00
2.159999989318847824e+01
1.099999998474121021e+01
6.999999946594238409e+00
2.099999986267089724e+01
1.179999998474121092e+01
1.540000000000000036e+01
5.799999988555907926e+00
8.600000007629393650e+00
1.319999998855590739e+01
2.119999989318847611e+01
2.040000003051757815e+01
1.859999992370605426e+01
9.800000007629394716e+00
1.859999986267089866e+01
3.239999990844726341e+01
2.179999990844726554e+01
6.199999988555908281e+00
1.479999992370605533e+01
1.779999995422363313e+01
1.120000000762939507e+01
2.319999999999999929e+01
6.859999963378906784e+01
1.540000003051757815e+01
1.499999992370605462e+01
1.259999995422363206e+01
3.599999981689452966e+01
2.880000000000000071e+01
2.839999999999999858e+01
1.499999998474121021e+01
1.379999994659423912e+01
1.559999994659423805e+01
2.680000000000000071e+01
5.419999993896484369e+01
2.340000003051757815e+01
1.719999992370605568e+01
2.179999992370605355e+01
2.939999996948242256e+01
1.639999989318847540e+01
1.699999998474121199e+01
1.019999986267089831e+01
1.479999992370605533e+01
1.279999995422363313e+01
2.380000003051757673e+01
3.959999975585937193e+01
1.519999992370605391e+01
1.279999986267089795e+01
2.419999990844726412e+01
2.880000000000000071e+01
1.979999989318847753e+01
2.099999986267089724e+01
1.319999992370605391e+01
1.719999993896484369e+01
5.439999981689452824e+01
1.319999997711181727e+01
2.779999986267089795e+01
1.379999989318847575e+01
1.999999989318847682e+01
2.780000000000000071e+01
2.639999986267089938e+01
2.639999986267089938e+01
3.199999987792968881e+01
3.820000006103515489e+01
4.799999981689452966e+01
5.379999993896484511e+01
5.999999990844726483e+01
6.379999984741210994e+01
6.719999978637694937e+01
5.959999981689453108e+01
6.900000012207031830e+01
7.080000012207031546e+01
6.400000006103515204e+01
7.039999969482421704e+01
7.180000012207031546e+01
6.759999957275390159e+01
7.319999963378906216e+01
7.020000000000000284e+01
6.740000012207030977e+01
7.359999957275390159e+01
6.919999978637694937e+01
6.799999990844726483e+01
6.860000012207031261e+01
6.719999984741211563e+01
6.899999975585937761e+01
7.259999963378906784e+01
7.020000006103515489e+01
6.720000012207030693e+01
7.339999969482421704e+01
6.919999975585938046e+01
6.539999969482421704e+01
6.900000012207031830e+01
6.779999984741210994e+01
6.739999963378906500e+01
6.959999978637695506e+01
7.079999957275390443e+01
7.179999963378905647e+01
6.939999993896483943e+01
6.799999963378905932e+01
6.819999975585938046e+01
6.680000012207031546e+01
7.619999951171874386e+01
7.599999993896484796e+01
8.099999987792968170e+01
8.259999993896484227e+01
7.959999981689453818e+01
8.319999957275391012e+01
8.439999981689453534e+01
8.539999957275391296e+01
8.719999969482421420e+01
8.779999938964843409e+01
8.939999981689453534e+01
8.820000012207030693e+01
8.779999938964843409e+01
8.960000012207031261e+01
8.619999981689453250e+01
8.879999975585937477e+01
8.699999987792968170e+01
8.839999981689453534e+01
8.579999945068360034e+01
8.620000012207030693e+01
8.599999981689452966e+01
8.619999981689453250e+01
8.560000012207031261e+01
8.539999945068359466e+01
8.400000006103515204e+01
8.540000000000000568e+01
8.519999945068359182e+01
8.739999975585936909e+01
8.599999938964843693e+01
8.559999987792969023e+01
8.479999987792969307e+01
8.600000012207031830e+01
8.619999987792968454e+01
8.719999945068359182e+01
8.579999969482422273e+01
8.559999981689453818e+01
8.579999951171875239e+01
8.639999938964844262e+01
8.379999963378905647e+01
8.619999951171874386e+01
8.699999969482422557e+01
8.519999945068359182e+01
8.679999993896484511e+01
8.759999975585937193e+01
8.739999945068359466e+01
8.419999945068359182e+01
8.639999981689453534e+01
8.539999987792968739e+01
8.719999987792968454e+01
8.719999981689453250e+01
8.499999987792968170e+01
8.459999987792969023e+01
8.759999945068359750e+01
8.599999951171875523e+01
8.479999975585937477e+01
8.539999945068359466e+01
8.559999975585937193e+01
8.319999969482421420e+01
8.439999938964844262e+01
8.619999981689453250e+01
8.479999987792969307e+01
8.539999951171874670e+01
8.720000012207030693e+01
8.219999987792968454e+01
8.679999981689452682e+01
8.619999945068359182e+01
8.740000012207030977e+01
8.579999975585937477e+01
8.759999969482421989e+01
8.439999945068359466e+01
8.759999945068359750e+01
8.639999981689453534e+01
8.539999945068359466e+01
8.740000012207030977e+01
8.639999987792968739e+01
8.439999981689453534e+01
8.699999975585937761e+01
