4.959999990844726625e+01
0.000000000000000000e+00
6.200000015258789077e+00
2.399999988555908015e+00
2.000000000000000111e-01
1.480000001525878872e+01
1.999999988555908104e+00
7.199999984741211279e+00
3.199999988555908281e+00
1.619999998474121128e+01
6.999999923706054616e+00
4.399999994277954407e+00
2.460000003051757744e+01
9.799999977111816918e+00
6.799999946594238232e+00
8.199999946594237699e+00
2.919999996948242327e+01
6.599999946594238054e+00
3.419999984741210852e+01
1.679999997711181692e+01
1.319999995422363348e+01
1.240000001525878837e+01
8.199999977111817273e+00
3.200000000000000178e+00
6.399999988555908459e+00
7.800000007629394716e+00
2.479999989318847753e+01
1.460000001525878943e+01
1.019999995422363348e+01
1.039999997711181656e+01
1.539999994659423876e+01
8.399999946594238764e+00
2.479999993896484511e+01
2.719999999999999929e+01
3.459999987792969023e+01
1.659999992370605426e+01
1.880000001525878872e+01
1.339999989318847717e+01
6.399999988555908459e+00
7.000000007629394894e+00
2.239999999999999858e+01
9.000000007629394005e+00
1.779999995422363313e+01
2.439999999999999858e+01
1.679999995422363313e+01
1.679999996948242114e+01
9.399999946594238764e+00
4.879999990844726909e+01
1.999999998474121199e+01
2.199999989318847682e+01
1.880000003051757673e+01
1.559999995422363206e+01
1.019999992370605391e+01
2.639999999999999858e+01
2.159999986267089866e+01
2.519999990844726412e+01
2.959999984741211065e+01
1.379999995422363313e+01
3.139999987792968739e+01
2.480000003051757673e+01
1.019999994659423770e+01
1.440000001525878837e+01
1.540000001525878837e+01
1.679999992370605355e+01
4.259999975585937193e+01
2.560000000000000142e+01
6.999999988555908104e+00
2.339999990844726696e+01
2.219999998474121128e+01
1.899999986267089724e+01
2.799999992370605639e+01
2.060000000000000142e+01
3.339999981689452824e+01
1.479999986267089795e+01
1.579999995422363313e+01
2.059999986267089866e+01
2.959999986267089866e+01
1.539999994659423876e+01
2.639999996948242256e+01
2.019999998474121128e+01
2.079999992370605355e+01
3.679999990844726909e+01
2.739999993896484298e+01
3.039999996948242256e+01
3.699999987792968881e+01
5.000000003051757602e+01
5.259999987792969023e+01
5.559999984741210710e+01
5.899999981689452966e+01
6.139999981689452824e+01
5.739999984741211136e+01
6.099999981689452966e+01
6.339999975585937619e+01
6.299999984741211279e+01
6.459999978637695506e+01
6.399999984741211279e+01
5.999999993896484085e+01
6.499999975585937761e+01
6.379999987792968597e+01
6.779999975585937477e+01
6.239999978637695222e+01
6.119999993896484369e+01
6.179999969482421562e+01
6.719999981689453250e+01
6.199999975585937761e+01
6.380000012207031546e+01
6.499999984741211279e+01
6.339999978637695222e+01
6.019999993896484369e+01
6.479999963378905647e+01
5.739999999999999858e+01
6.359999978637695506e+01
6.619999978637694937e+01
5.740000012207030977e+01
6.179999999999999716e+01
6.979999969482422273e+01
6.359999996948242540e+01
6.520000012207030693e+01
6.539999984741210426e+01
6.259999990844726625e+01
6.519999978637694937e+01
6.900000012207031830e+01
7.139999957275391296e+01
6.739999969482421704e+01
7.619999987792968454e+01
7.839999987792968739e+01
8.159999975585937193e+01
8.539999938964844262e+01
8.499999987792968170e+01
8.499999987792968170e+01
8.799999969482422557e+01
8.599999975585937761e+01
8.659999987792969023e+01
8.819999987792968454e+01
8.779999981689452682e+01
8.519999951171874386e+01
8.579999951171875239e+01
8.639999981689453534e+01
8.559999981689453818e+01
8.420000012207030693e+01
8.179999981689452682e+01
8.399999975585937761e+01
8.639999938964844262e+01
8.539999951171874670e+01
8.539999938964844262e+01
8.559999951171874955e+01
8.519999945068359182e+01
8.479999938964843409e+01
8.539999951171874670e+01
8.539999981689453534e+01
8.439999987792968739e+01
8.439999981689453534e+01
8.440000012207030977e+01
8.479999938964843409e+01
8.519999987792968454e+01
8.499999987792968170e+01
8.539999951171874670e+01
8.340000000000000568e+01
8.459999951171874955e+01
8.279999957275390443e+01
8.699999987792968170e+01
8.279999981689452682e+01
8.379999969482422273e+01
8.539999945068359466e+01
8.459999938964843125e+01
8.159999981689453818e+01
8.339999993896483943e+01
8.459999945068359750e+01
8.559999993896484227e+01
8.300000006103515204e+01
8.399999987792968170e+01
8.439999969482421704e+01
8.399999993896484796e+01
8.339999945068359466e+01
8.339999981689453534e+01
8.479999999999999716e+01
8.619999945068359182e+01
8.659999957275390159e+01
8.559999987792969023e+01
8.519999987792968454e+01
8.539999981689453534e+01
8.659999975585937193e+01
8.399999981689452966e+01
8.540000012207030977e+01
8.479999969482422273e+01
8.459999993896484227e+01
8.379999981689452682e+01
8.619999969482421420e+01
8.539999981689453534e+01
8.600000012207031830e+01
8.619999975585938046e+01
8.439999987792968739e+01
8.479999945068360034e+01
8.679999987792969307e+01
8.379999957275390443e+01
8.399999987792968170e+01
8.419999993896485080e+01
8.619999981689453250e+01
8.679999981689452682e+01
8.439999981689453534e+01
