4.399999946594237876e+00
5.999999999999999778e-01
2.799999994277954318e+00
9.999999942779540518e-01
2.080000003051757673e+01
2.000000000000000000e+00
1.199999994277954007e+00
9.400000015258788366e+00
1.679999989318847753e+01
2.479999995422363313e+01
2.420000003051757886e+01
9.399999977111816563e+00
3.539999987792968739e+01
1.339999998474121057e+01
6.600000007629394538e+00
2.839999993896484298e+01
1.160000000762939365e+01
6.799999977111816030e+00
1.579999998474121092e+01
1.759999998474120986e+01
7.400000000000000355e+00
6.799999977111816030e+00
3.959999972534179591e+01
2.119999996948242327e+01
2.659999984741211065e+01
1.219999989318847611e+01
2.079999986267089795e+01
1.539999996948242256e+01
1.759999995422363384e+01
1.899999986267089724e+01
1.459999989318847646e+01
7.600000007629394538e+00
1.799999992370605639e+01
2.000000000000000000e+00
2.719999999999999929e+01
1.880000003051757673e+01
2.260000003051757744e+01
3.299999990844726483e+01
1.979999993896484511e+01
2.859999993896484227e+01
3.779999987792968597e+01
2.099999993896484440e+01
1.579999998474121092e+01
5.199999969482421847e+01
1.939999986267089938e+01
1.559999995422363206e+01
3.619999987792968454e+01
4.179999975585937477e+01
2.179999990844726554e+01
2.220000003051757886e+01
1.340000001525878837e+01
6.819999975585938046e+01
1.699999989318847682e+01
2.359999987792968668e+01
2.139999993896484298e+01
4.479999969482421562e+01
6.159999987792969023e+01
5.679999987792968597e+01
2.739999990844726696e+01
3.919999990844726767e+01
2.480000000000000071e+01
3.499999996948242398e+01
9.600000007629393650e+00
3.979999972534179875e+01
2.119999995422363170e+01
3.079999978637695435e+01
3.539999981689452824e+01
2.759999986267089866e+01
6.959999975585937193e+01
3.039999993896484298e+01
5.179999990844726909e+01
4.439999969482421704e+01
3.579999981689453392e+01
3.639999969482421704e+01
5.960000000000000142e+01
4.839999996948242256e+01
5.279999990844726909e+01
2.739999999999999858e+01
4.179999978637695079e+01
3.659999969482421989e+01
3.620000003051757886e+01
7.739999993896483943e+01
5.739999996948242256e+01
7.899999993896484796e+01
7.699999963378905932e+01
8.320000000000000284e+01
8.439999987792968739e+01
8.659999987792969023e+01
7.959999993896484227e+01
8.119999945068359182e+01
8.219999987792968454e+01
8.479999993896484511e+01
7.879999945068360034e+01
8.239999963378906500e+01
8.439999981689453534e+01
7.579999993896484511e+01
7.999999945068358898e+01
7.899999981689452966e+01
7.599999957275390727e+01
8.039999987792968739e+01
7.919999993896485080e+01
7.919999951171874386e+01
8.159999957275390159e+01
8.099999945068358898e+01
7.759999957275390159e+01
8.459999938964843125e+01
8.019999987792968454e+01
8.159999999999999432e+01
7.879999951171875239e+01
7.419999963378906216e+01
8.279999975585937477e+01
7.859999987792969023e+01
7.459999969482421989e+01
8.019999945068359182e+01
7.759999957275390159e+01
8.039999957275391296e+01
7.739999951171874670e+01
7.819999993896485080e+01
7.939999945068359466e+01
8.159999957275390159e+01
8.159999951171874955e+01
8.339999938964844262e+01
8.259999993896484227e+01
8.759999938964843125e+01
8.999999938964843693e+01
9.059999969482421989e+01
9.139999938964844262e+01
9.139999975585936909e+01
9.300000012207031830e+01
9.100000012207031830e+01
9.120000012207030693e+01
9.139999969482421704e+01
8.819999975585938046e+01
8.759999938964843125e+01
8.799999938964843693e+01
8.759999945068359750e+01
8.459999993896484227e+01
8.819999945068359182e+01
8.739999975585936909e+01
8.799999945068358898e+01
8.619999951171874386e+01
8.619999987792968454e+01
8.479999945068360034e+01
8.799999975585937761e+01
8.719999981689453250e+01
8.579999945068360034e+01
8.839999945068359466e+01
8.679999945068360034e+01
8.519999987792968454e+01
8.679999981689452682e+01
8.699999938964843693e+01
8.580000012207031546e+01
8.639999975585936909e+01
8.559999938964843125e+01
8.639999975585936909e+01
8.339999938964844262e+01
8.819999975585938046e+01
8.679999981689452682e+01
8.459999951171874955e+01
8.659999938964843125e+01
8.639999938964844262e+01
8.699999987792968170e+01
8.779999993896484511e+01
8.860000012207031261e+01
8.659999938964843125e+01
8.639999981689453534e+01
8.659999981689453818e+01
8.699999945068358898e+01
8.659999938964843125e+01
8.639999945068359466e+01
8.819999981689453250e+01
8.579999975585937477e+01
8.579999951171875239e+01
8.719999938964843977e+01
8.539999981689453534e+01
8.599999938964843693e+01
8.359999957275390159e+01
8.619999945068359182e+01
8.679999981689452682e+01
8.779999975585937477e+01
8.640000012207030977e+01
8.619999938964843977e+01
8.779999975585937477e+01
8.620000006103515489e+01
8.539999938964844262e+01
8.499999945068358898e+01
8.639999981689453534e+01
8.699999975585937761e+01
8.659999945068359750e+01
8.739999981689453534e+01
8.759999969482421989e+01
8.679999938964843409e+01
8.539999945068359466e+01
8.639999938964844262e+01
8.740000012207030977e+01
8.620000012207030693e+01
8.399999945068358898e+01
8.599999975585937761e+01
8.620000012207030693e+01
8.759999981689453818e+01
