9.539999969482421704e+01
4.000000000000000222e-01
9.199999977111817273e+00
4.999999988555908104e+00
3.599999988555908192e+00
4.799999988555907926e+00
1.479999994659423912e+01
5.399999977111816563e+00
5.299999972534179449e+01
3.799999988555908370e+00
3.159999996948242185e+01
1.159999997711181585e+01
2.019999986267090009e+01
8.399999946594238764e+00
2.340000003051757815e+01
7.400000015258789254e+00
8.999999946594238409e+00
9.000000015258789787e+00
1.379999994659423912e+01
1.559999995422363206e+01
1.619999995422363170e+01
1.220000001525878908e+01
6.200000007629394183e+00
1.300000000762939401e+01
1.599999989318847682e+01
2.339999996948242256e+01
1.819999989318847611e+01
2.619999990844726412e+01
7.400000007629394361e+00
3.479999984741210994e+01
7.600000015258789432e+00
3.379999993896484511e+01
1.479999995422363313e+01
7.199999946594238587e+00
1.199999995422363241e+01
7.000000007629394894e+00
1.599999992370605462e+01
1.979999992370605355e+01
4.459999975585937193e+01
2.999999978637695364e+01
1.819999992370605568e+01
1.220000000762939507e+01
1.079999998474121092e+01
1.719999989318847611e+01
6.800000007629394716e+00
4.299999981689452966e+01
4.260000003051757744e+01
2.939999987792968739e+01
4.079999978637695079e+01
2.180000003051757673e+01
6.599999988555908637e+00
3.599999993896484085e+01
1.560000001525878943e+01
2.240000001525879014e+01
2.579999987792968597e+01
2.139999989318847540e+01
3.779999993896484511e+01
2.939999990844726696e+01
2.459999981689453108e+01
2.580000003051757673e+01
5.559999978637695506e+01
2.539999992370605497e+01
7.200000015258789077e+00
3.399999993896484085e+01
3.959999993896484227e+01
3.239999987792968739e+01
1.179999998474121092e+01
2.019999993896484369e+01
3.419999993896484369e+01
4.599999969482421847e+01
4.559999987792969023e+01
4.480000006103515631e+01
3.419999987792968454e+01
5.859999978637695506e+01
2.379999996948242114e+01
5.859999975585937193e+01
2.739999996948242256e+01
2.579999995422363313e+01
4.639999993896484654e+01
3.299999993896484085e+01
2.859999989318847824e+01
4.979999993896484511e+01
4.279999990844726909e+01
6.179999975585937477e+01
7.359999969482421989e+01
7.619999969482421420e+01
7.859999951171874955e+01
7.559999969482421989e+01
7.760000006103516057e+01
7.480000006103514920e+01
6.820000012207030693e+01
7.959999993896484227e+01
7.859999999999999432e+01
7.679999963378905647e+01
7.440000006103515773e+01
7.919999945068359182e+01
7.979999999999999716e+01
7.739999957275391296e+01
7.300000000000000000e+01
7.599999963378905932e+01
7.679999999999999716e+01
7.739999993896483943e+01
8.079999981689452682e+01
7.400000006103515204e+01
7.379999957275390443e+01
7.639999993896483943e+01
7.040000012207030977e+01
8.119999945068359182e+01
7.479999957275390443e+01
7.799999987792968170e+01
7.460000006103516057e+01
7.959999951171874955e+01
7.259999963378906784e+01
7.720000000000000284e+01
7.919999957275391012e+01
7.999999957275390727e+01
7.739999945068359466e+01
6.959999978637695506e+01
7.740000012207030977e+01
7.779999951171875239e+01
7.739999963378906500e+01
7.979999957275390443e+01
7.900000000000000000e+01
8.259999951171874955e+01
7.919999987792968454e+01
8.559999951171874955e+01
8.599999975585937761e+01
8.879999975585937477e+01
9.219999969482421420e+01
9.159999938964843125e+01
9.300000006103515204e+01
9.079999938964843409e+01
8.819999945068359182e+01
8.819999975585938046e+01
8.599999945068358898e+01
8.799999969482422557e+01
8.540000012207030977e+01
8.859999938964843125e+01
8.799999987792968170e+01
8.739999945068359466e+01
8.699999975585937761e+01
8.679999975585937477e+01
8.579999945068360034e+01
8.679999987792969307e+01
8.619999975585938046e+01
8.499999987792968170e+01
8.539999938964844262e+01
8.659999981689453818e+01
8.819999975585938046e+01
8.640000012207030977e+01
8.699999938964843693e+01
8.419999951171874386e+01
8.579999963378905647e+01
8.720000012207030693e+01
8.620000012207030693e+01
8.699999945068358898e+01
8.659999969482421989e+01
8.739999981689453534e+01
8.679999981689452682e+01
8.519999951171874386e+01
8.619999975585938046e+01
8.819999975585938046e+01
8.699999945068358898e+01
8.719999945068359182e+01
8.799999975585937761e+01
8.739999993896483943e+01
8.719999975585938046e+01
8.539999975585936909e+01
8.839999945068359466e+01
8.679999981689452682e+01
8.739999981689453534e+01
8.719999938964843977e+01
8.659999987792969023e+01
8.559999993896484227e+01
8.640000012207030977e+01
8.619999981689453250e+01
8.659999987792969023e+01
8.659999987792969023e+01
8.599999945068358898e+01
8.780000006103514920e+01
8.679999987792969307e+01
8.739999938964844262e+01
8.619999951171874386e+01
8.639999938964844262e+01
8.619999981689453250e+01
8.699999981689452966e+01
8.599999969482422557e+01
8.659999938964843125e+01
8.899999969482422557e+01
8.739999987792968739e+01
8.779999987792969307e+01
8.679999975585937477e+01
8.799999987792968170e+01
8.820000012207030693e+01
8.599999981689452966e+01
8.679999938964843409e+01
8.599999987792968170e+01
8.759999969482421989e+01
8.559999981689453818e+01
8.599999987792968170e+01
