0.000000000000000000e+00
4.199999988555908281e+00
2.459999992370605426e+01
8.000000015258789787e+00
2.399999994277953963e+00
1.999999994277954052e+00
2.999999984741210923e+01
1.239999995422363277e+01
8.200000007629395071e+00
4.799999977111816030e+00
2.599999988555908192e+00
7.200000007629394183e+00
2.419999996948242327e+01
3.939999996948242256e+01
7.600000007629394538e+00
2.519999992370605568e+01
8.800000007629394716e+00
4.000000000000000222e-01
1.159999997711181585e+01
2.999999994277954052e+00
1.599999988555908192e+00
1.259999998474121163e+01
8.799999977111816918e+00
7.399999977111816563e+00
1.999999995422363241e+01
3.599999994277954141e+00
6.999999946594238409e+00
1.019999998855590739e+01
9.200000007629395071e+00
2.719999987792968810e+01
2.339999986267089938e+01
2.339999996948242256e+01
2.339999986267089938e+01
1.159999998474121163e+01
2.240000003051757815e+01
2.859999986267089866e+01
2.180000000000000071e+01
1.639999995422363455e+01
1.359999992370605426e+01
1.119999994659423770e+01
6.199999975585937761e+01
2.899999996948242043e+01
6.800000006103515204e+01
2.699999975585937406e+01
3.979999975585937477e+01
2.659999996948242185e+01
1.799999992370605639e+01
1.659999989318847824e+01
5.819999990844726767e+01
1.799999992370605639e+01
2.579999989318847753e+01
2.240000003051757815e+01
3.119999993896484369e+01
3.739999993896484654e+01
4.279999984741210994e+01
1.739999989318847540e+01
1.839999986267089938e+01
2.659999996948242185e+01
1.779999995422363313e+01
3.119999990844726412e+01
7.119999975585938046e+01
3.680000003051758029e+01
2.739999989318847540e+01
3.159999993896484227e+01
5.999999984741211279e+01
4.279999975585937477e+01
4.239999975585937619e+01
3.339999987792968739e+01
2.859999993896484227e+01
3.719999975585937335e+01
1.999999989318847682e+01
5.500000000000000000e+01
4.520000000000000284e+01
3.999999975585937761e+01
5.639999981689452824e+01
4.259999990844726625e+01
4.059999981689453108e+01
2.420000003051757886e+01
2.559999996948242185e+01
2.839999993896484298e+01
3.519999987792968454e+01
2.139999993896484298e+01
5.999999981689452966e+01
6.679999978637695790e+01
7.539999957275391296e+01
7.400000012207031830e+01
7.919999957275391012e+01
7.839999945068359466e+01
8.139999981689453534e+01
7.999999957275390727e+01
7.659999957275390159e+01
8.059999993896484227e+01
8.059999957275390159e+01
8.099999981689452966e+01
7.599999963378905932e+01
7.779999993896484511e+01
7.959999981689453818e+01
7.700000000000000000e+01
7.839999987792968739e+01
7.879999938964843409e+01
7.740000006103515773e+01
7.919999963378906216e+01
7.799999957275390727e+01
7.739999963378906500e+01
7.919999987792968454e+01
7.539999957275391296e+01
7.859999969482421989e+01
7.999999945068358898e+01
7.679999969482422273e+01
7.379999951171875239e+01
7.699999963378905932e+01
7.479999987792969307e+01
7.659999957275390159e+01
7.819999951171874386e+01
7.640000006103515773e+01
7.979999978637695790e+01
7.739999963378906500e+01
7.599999987792968170e+01
7.699999987792968170e+01
8.079999957275390443e+01
7.939999963378906500e+01
7.819999957275391012e+01
7.759999987792969023e+01
8.279999963378905647e+01
8.339999987792968739e+01
8.599999957275390727e+01
8.859999975585937193e+01
8.819999951171874386e+01
8.979999969482422273e+01
8.940000012207030977e+01
9.220000012207030693e+01
9.039999981689453534e+01
9.119999945068359182e+01
8.919999938964843977e+01
8.779999938964843409e+01
8.639999975585936909e+01
8.579999987792969307e+01
8.479999951171875239e+01
8.599999987792968170e+01
8.619999981689453250e+01
8.619999981689453250e+01
8.679999951171875239e+01
8.639999975585936909e+01
8.599999981689452966e+01
8.559999951171874955e+01
8.619999993896485080e+01
8.559999945068359750e+01
8.639999993896483943e+01
8.559999945068359750e+01
8.599999938964843693e+01
8.559999938964843125e+01
8.479999999999999716e+01
8.719999951171874386e+01
8.659999981689453818e+01
8.679999981689452682e+01
8.680000012207031546e+01
8.619999981689453250e+01
8.600000012207031830e+01
8.539999987792968739e+01
8.459999993896484227e+01
8.579999999999999716e+01
8.640000012207030977e+01
8.680000012207031546e+01
8.579999975585937477e+01
8.499999951171875523e+01
8.739999981689453534e+01
8.439999951171874670e+01
8.599999987792968170e+01
8.399999951171875523e+01
8.520000000000000284e+01
8.639999969482421704e+01
8.559999981689453818e+01
8.659999987792969023e+01
8.559999987792969023e+01
8.679999975585937477e+01
8.640000012207030977e+01
8.419999951171874386e+01
8.519999993896485080e+01
8.539999945068359466e+01
8.699999938964843693e+01
8.559999945068359750e+01
8.539999945068359466e+01
8.579999975585937477e+01
8.539999981689453534e+01
8.639999975585936909e+01
8.559999951171874955e+01
8.640000000000000568e+01
8.679999938964843409e+01
8.699999945068358898e+01
8.499999951171875523e+01
8.559999945068359750e+01
8.619999945068359182e+01
8.719999981689453250e+01
8.659999938964843125e+01
8.659999969482421989e+01
8.659999987792969023e+01
8.619999987792968454e+01
8.579999987792969307e+01
8.559999981689453818e+01
8.599999975585937761e+01
