4.459999981689453108e+01
0.000000000000000000e+00
9.999999942779540518e-01
7.400000007629394361e+00
2.220000003051757886e+01
8.999999977111816207e+00
2.799999994277954318e+00
2.419999984741210852e+01
8.199999977111817273e+00
6.800000007629394716e+00
2.079999992370605355e+01
9.199999988555907393e+00
6.999999954223632415e+00
1.299999994659423841e+01
1.559999994659423805e+01
3.599999988555908192e+00
2.539999986267089938e+01
2.659999986267089866e+01
3.039999986267089938e+01
7.000000015258788899e+00
1.219999994659423770e+01
1.400000001525878979e+01
2.199999994277954229e+00
7.599999977111816740e+00
3.599999994277954141e+00
2.179999989318847753e+01
2.380000000000000071e+01
2.479999986267089795e+01
1.519999989318847611e+01
7.800000007629394716e+00
6.400000007629394361e+00
1.319999997711181727e+01
2.979999987792968597e+01
1.279999998474121092e+01
1.639999998474121057e+01
1.199999994659423841e+01
1.619999989318847611e+01
2.419999986267090009e+01
1.859999995422363384e+01
7.199999988555908281e+00
6.999999977111816207e+00
1.619999992370605568e+01
6.399999946594237876e+00
3.079999978637695435e+01
1.060000000762939365e+01
6.399999994277954407e+00
1.399999995422363241e+01
1.799999986267089724e+01
1.639999998474121057e+01
1.219999994659423770e+01
2.480000003051757673e+01
2.779999993896484511e+01
1.799999989318847682e+01
1.379999992370605533e+01
2.219999989318847611e+01
2.039999994659423876e+01
1.000000001525878979e+01
2.499999990844726483e+01
7.599999946594238054e+00
1.439999998474121057e+01
1.760000000000000142e+01
1.539999986267089760e+01
7.999999977111816207e+00
2.859999986267089866e+01
1.819999986267090009e+01
2.159999992370605426e+01
1.880000003051757673e+01
1.579999995422363313e+01
2.339999993896484298e+01
2.460000000000000142e+01
3.299999990844726483e+01
4.199999978637695364e+01
1.539999997711181656e+01
2.599999993896484440e+01
3.379999999999999716e+01
2.659999989318847824e+01
1.279999994659423912e+01
1.219999995422363348e+01
3.059999981689453108e+01
4.719999987792968454e+01
1.820000003051757886e+01
1.179999995422363313e+01
2.859999981689453108e+01
2.900000000000000000e+01
3.800000006103515915e+01
4.999999969482421847e+01
5.759999978637695506e+01
6.059999969482421989e+01
6.219999984741210852e+01
6.319999987792968454e+01
6.539999963378906500e+01
6.339999990844726341e+01
6.800000012207031830e+01
6.619999984741211563e+01
6.379999984741210994e+01
6.359999990844726625e+01
6.659999963378906784e+01
6.259999987792969023e+01
6.659999975585937193e+01
6.539999987792968739e+01
6.519999984741211563e+01
6.659999978637695506e+01
6.339999969482421704e+01
6.659999969482421989e+01
6.899999957275390727e+01
6.819999963378906216e+01
6.239999987792968739e+01
6.099999969482421847e+01
6.460000006103516057e+01
6.479999987792969307e+01
6.499999978637694653e+01
6.580000012207031546e+01
5.659999978637695506e+01
5.879999978637695079e+01
6.059999990844726625e+01
6.339999987792968739e+01
6.139999987792968739e+01
6.839999975585936909e+01
6.399999981689452966e+01
6.959999969482421989e+01
6.619999975585938046e+01
6.919999963378906216e+01
7.179999999999999716e+01
6.659999990844725914e+01
6.740000006103515773e+01
7.719999969482421420e+01
8.159999945068359750e+01
8.240000000000000568e+01
8.459999981689453818e+01
8.519999987792968454e+01
8.679999975585937477e+01
8.439999975585936909e+01
8.339999957275391296e+01
8.379999945068360034e+01
8.359999957275390159e+01
8.279999957275390443e+01
8.340000000000000568e+01
8.419999987792968454e+01
8.439999951171874670e+01
8.339999938964844262e+01
8.359999981689453818e+01
8.259999957275390159e+01
8.239999945068359466e+01
8.639999945068359466e+01
8.339999987792968739e+01
8.179999987792969307e+01
8.099999993896484796e+01
8.339999951171874670e+01
8.439999975585936909e+01
8.079999957275390443e+01
8.399999938964843693e+01
8.359999987792969023e+01
8.459999938964843125e+01
8.239999951171874670e+01
8.319999981689453250e+01
8.419999945068359182e+01
8.259999993896484227e+01
8.159999981689453818e+01
8.399999981689452966e+01
8.439999987792968739e+01
8.259999957275390159e+01
8.259999987792969023e+01
8.579999987792969307e+01
8.419999987792968454e+01
8.319999951171874386e+01
8.379999945068360034e+01
8.699999975585937761e+01
8.619999975585938046e+01
8.479999975585937477e+01
8.339999987792968739e+01
8.319999938964843977e+01
8.219999945068359182e+01
8.319999987792968454e+01
8.299999993896484796e+01
8.100000000000000000e+01
8.419999993896485080e+01
8.479999993896484511e+01
8.439999975585936909e+01
8.499999969482422557e+01
8.319999957275391012e+01
8.659999987792969023e+01
8.459999938964843125e+01
8.439999975585936909e+01
8.599999957275390727e+01
8.459999981689453818e+01
8.319999945068359182e+01
8.300000012207031830e+01
8.379999987792969307e+01
8.279999951171875239e+01
8.379999987792969307e+01
8.339999945068359466e+01
8.279999945068360034e+01
8.499999993896484796e+01
8.620000012207030693e+01
8.699999945068358898e+01
8.460000012207031261e+01
8.619999981689453250e+01
8.299999987792968170e+01
8.399999951171875523e+01
8.539999981689453534e+01
