9.600000015258789432e+00
2.999999994277954052e+00
5.599999994277953697e+00
1.239999992370605497e+01
1.020000000762939507e+01
1.079999995422363313e+01
6.399999994277954407e+00
4.200000007629394183e+00
4.599999946594238054e+00
2.000000000000000111e-01
8.400000007629394361e+00
2.200000000000000178e+00
1.259999992370605426e+01
1.079999994659423912e+01
1.999999988555908104e+00
4.999999988555908104e+00
1.799999988555908148e+00
5.400000007629394361e+00
5.199999988555908281e+00
2.700000000000000000e+01
7.199999977111816385e+00
7.400000007629394361e+00
5.399999994277954407e+00
7.800000007629394716e+00
2.079999992370605355e+01
8.000000000000000444e-01
6.800000007629394716e+00
2.799999988555908370e+00
7.200000007629394183e+00
1.239999989318847717e+01
3.039999996948242256e+01
7.799999946594238232e+00
3.399999988555908015e+00
6.199999988555908281e+00
1.839999992370605497e+01
4.000000007629394894e+00
3.999999988555908104e+00
5.599999988555908637e+00
1.200000000762939401e+01
1.059999998474121163e+01
1.120000001525878908e+01
2.179999989318847753e+01
1.519999995422363348e+01
9.799999977111816918e+00
5.800000015258788721e+00
1.099999997711181621e+01
7.999999977111816207e+00
1.059999992370605426e+01
3.139999987792968739e+01
3.939999999999999858e+01
4.799999988555907926e+00
9.999999923706054616e+00
2.880000000000000071e+01
1.720000003051757886e+01
6.599999977111816740e+00
3.219999984741210852e+01
1.479999998474121092e+01
1.339999994659423876e+01
1.500000001525878979e+01
9.600000007629393650e+00
1.520000001525878908e+01
1.319999998474121128e+01
2.419999996948242327e+01
2.439999992370605497e+01
2.679999995422363313e+01
3.639999987792968739e+01
1.500000001525878979e+01
1.299999997711181621e+01
3.399999988555908015e+00
2.039999998474121057e+01
1.079999995422363313e+01
1.580000000000000071e+01
1.399999989318847682e+01
3.819999990844726767e+01
3.239999987792968739e+01
1.679999992370605355e+01
1.460000001525878943e+01
1.100000000762939401e+01
1.660000003051757744e+01
2.219999993896484369e+01
7.600000007629394538e+00
1.039999999427795352e+01
1.559999998474121163e+01
2.000000003051757957e+01
3.579999978637695079e+01
4.860000003051757744e+01
5.759999981689453108e+01
6.679999963378905647e+01
6.619999975585938046e+01
6.459999999999999432e+01
6.320000012207031403e+01
6.680000012207031546e+01
7.319999951171874386e+01
7.440000006103515773e+01
6.680000006103514920e+01
6.860000006103516057e+01
6.800000006103515204e+01
6.560000012207031261e+01
6.839999975585936909e+01
7.159999987792969023e+01
7.200000006103515204e+01
6.879999969482422273e+01
6.939999975585936909e+01
6.959999999999999432e+01
7.359999963378906784e+01
6.800000000000000000e+01
7.200000006103515204e+01
7.019999963378906216e+01
6.740000000000000568e+01
6.559999975585937193e+01
6.879999978637695790e+01
6.839999969482421704e+01
6.820000012207030693e+01
7.100000000000000000e+01
6.879999975585937477e+01
6.959999963378906784e+01
7.020000006103515489e+01
7.579999945068360034e+01
6.940000012207030977e+01
7.080000012207031546e+01
7.420000012207030693e+01
6.799999963378905932e+01
6.420000012207030693e+01
6.699999978637694653e+01
7.199999963378905932e+01
7.899999951171875523e+01
8.119999981689453250e+01
8.499999987792968170e+01
8.720000006103515489e+01
8.740000012207030977e+01
8.879999938964843409e+01
8.860000012207031261e+01
8.959999938964843125e+01
8.899999969482422557e+01
8.859999981689453818e+01
8.819999938964843977e+01
8.839999975585936909e+01
8.719999945068359182e+01
8.720000012207030693e+01
8.779999938964843409e+01
8.799999938964843693e+01
8.779999938964843409e+01
8.719999981689453250e+01
8.659999975585937193e+01
8.779999975585937477e+01
8.699999951171875523e+01
8.679999975585937477e+01
8.839999981689453534e+01
8.759999969482421989e+01
8.639999945068359466e+01
8.659999945068359750e+01
8.679999987792969307e+01
8.679999938964843409e+01
8.579999975585937477e+01
8.699999975585937761e+01
8.619999938964843977e+01
8.639999981689453534e+01
8.639999987792968739e+01
8.619999938964843977e+01
8.699999981689452966e+01
8.699999987792968170e+01
8.839999938964844262e+01
8.739999987792968739e+01
8.779999945068360034e+01
8.799999987792968170e+01
8.659999981689453818e+01
8.799999981689452966e+01
8.719999987792968454e+01
8.720000012207030693e+01
8.679999957275390443e+01
8.780000012207031546e+01
8.659999945068359750e+01
8.739999975585936909e+01
8.659999987792969023e+01
8.659999957275390159e+01
8.739999945068359466e+01
8.739999975585936909e+01
8.639999951171874670e+01
8.740000012207030977e+01
8.679999938964843409e+01
8.779999938964843409e+01
8.679999938964843409e+01
8.739999938964844262e+01
8.859999987792969023e+01
8.779999945068360034e+01
8.860000012207031261e+01
8.679999975585937477e+01
8.719999975585938046e+01
8.719999969482421420e+01
8.700000012207031830e+01
8.639999987792968739e+01
8.739999938964844262e+01
8.719999987792968454e+01
8.719999987792968454e+01
8.780000006103514920e+01
8.879999987792969307e+01
8.779999981689452682e+01
8.719999981689453250e+01
8.719999969482421420e+01
8.720000012207030693e+01
