0.000000000000000000e+00
0.000000000000000000e+00
0.000000000000000000e+00
0.000000000000000000e+00
0.000000000000000000e+00
0.000000000000000000e+00
2.700000000000000178e+00
9.099999999999999645e+00
9.500000000000000000e+00
1.000000000000000000e+01
9.199999999999999289e+00
9.599999999999999645e+00
9.000000000000000000e+00
9.699999999999999289e+00
9.699999999999999289e+00
9.599999999999999645e+00
9.500000000000000000e+00
9.500000000000000000e+00
9.400000000000000355e+00
9.500000000000000000e+00
9.500000000000000000e+00
9.500000000000000000e+00
9.699999999999999289e+00
9.400000000000000355e+00
9.199999999999999289e+00
9.400000000000000355e+00
9.500000000000000000e+00
9.500000000000000000e+00
9.599999999999999645e+00
9.300000000000000711e+00
9.300000000000000711e+00
9.300000000000000711e+00
9.400000000000000355e+00
9.400000000000000355e+00
9.400000000000000355e+00
9.500000000000000000e+00
9.500000000000000000e+00
9.300000000000000711e+00
9.199999999999999289e+00
9.400000000000000355e+00
9.400000000000000355e+00
9.400000000000000355e+00
9.199999999999999289e+00
9.300000000000000711e+00
9.300000000000000711e+00
9.300000000000000711e+00
9.400000000000000355e+00
9.300000000000000711e+00
9.300000000000000711e+00
9.300000000000000711e+00
9.400000000000000355e+00
9.300000000000000711e+00
9.199999999999999289e+00
9.400000000000000355e+00
9.400000000000000355e+00
9.400000000000000355e+00
9.400000000000000355e+00
9.300000000000000711e+00
9.400000000000000355e+00
9.400000000000000355e+00
9.300000000000000711e+00
9.300000000000000711e+00
9.400000000000000355e+00
9.400000000000000355e+00
9.400000000000000355e+00
9.400000000000000355e+00
9.400000000000000355e+00
9.400000000000000355e+00
9.099999999999999645e+00
9.300000000000000711e+00
9.300000000000000711e+00
9.400000000000000355e+00
9.199999999999999289e+00
9.400000000000000355e+00
9.400000000000000355e+00
9.300000000000000711e+00
9.400000000000000355e+00
9.400000000000000355e+00
9.400000000000000355e+00
9.400000000000000355e+00
9.500000000000000000e+00
9.400000000000000355e+00
9.400000000000000355e+00
9.300000000000000711e+00
9.400000000000000355e+00
9.400000000000000355e+00
9.400000000000000355e+00
9.400000000000000355e+00
9.400000000000000355e+00
9.400000000000000355e+00
9.400000000000000355e+00
9.400000000000000355e+00
9.400000000000000355e+00
9.400000000000000355e+00
9.400000000000000355e+00
9.400000000000000355e+00
9.400000000000000355e+00
9.400000000000000355e+00
9.400000000000000355e+00
9.400000000000000355e+00
1.409999999999999964e+01
1.219999999999999929e+01
2.360000000000000142e+01
1.419999999999999929e+01
1.900000000000000000e+01
1.469999999999999929e+01
1.760000000000000142e+01
1.530000000000000071e+01
1.380000000000000071e+01
1.650000000000000000e+01
1.350000000000000000e+01
1.100000000000000000e+01
1.440000000000000036e+01
1.200000000000000000e+01
1.230000000000000071e+01
1.650000000000000000e+01
1.430000000000000071e+01
1.269999999999999929e+01
1.309999999999999964e+01
1.209999999999999964e+01
1.380000000000000071e+01
1.269999999999999929e+01
1.490000000000000036e+01
1.200000000000000000e+01
1.180000000000000071e+01
1.190000000000000036e+01
1.300000000000000000e+01
1.200000000000000000e+01
1.300000000000000000e+01
1.200000000000000000e+01
1.419999999999999929e+01
1.290000000000000036e+01
1.369999999999999929e+01
1.309999999999999964e+01
1.409999999999999964e+01
1.430000000000000071e+01
1.409999999999999964e+01
1.340000000000000036e+01
1.430000000000000071e+01
1.309999999999999964e+01
1.440000000000000036e+01
1.369999999999999929e+01
1.419999999999999929e+01
1.400000000000000000e+01
1.390000000000000036e+01
1.340000000000000036e+01
1.359999999999999964e+01
1.300000000000000000e+01
1.490000000000000036e+01
1.309999999999999964e+01
1.450000000000000000e+01
1.350000000000000000e+01
1.330000000000000071e+01
1.369999999999999929e+01
1.390000000000000036e+01
1.330000000000000071e+01
1.390000000000000036e+01
1.280000000000000071e+01
1.390000000000000036e+01
1.250000000000000000e+01
1.319999999999999929e+01
1.409999999999999964e+01
1.469999999999999929e+01
1.330000000000000071e+01
1.459999999999999964e+01
1.340000000000000036e+01
1.569999999999999929e+01
1.309999999999999964e+01
1.390000000000000036e+01
1.330000000000000071e+01
1.359999999999999964e+01
1.390000000000000036e+01
1.350000000000000000e+01
1.280000000000000071e+01
1.419999999999999929e+01
1.359999999999999964e+01
1.430000000000000071e+01
1.280000000000000071e+01
1.450000000000000000e+01
1.269999999999999929e+01
1.300000000000000000e+01
1.300000000000000000e+01
1.359999999999999964e+01
1.259999999999999964e+01
1.380000000000000071e+01
1.330000000000000071e+01
1.269999999999999929e+01
1.290000000000000036e+01
1.610000000000000142e+01
1.319999999999999929e+01
1.440000000000000036e+01
1.300000000000000000e+01
1.480000000000000071e+01
1.280000000000000071e+01
1.359999999999999964e+01
1.309999999999999964e+01
1.540000000000000036e+01
1.280000000000000071e+01
1.369999999999999929e+01
1.430000000000000071e+01
