3.146067402871806973e+00
7.640449412485186720e+00
6.382022473624583370e+01
3.910112344120325645e+01
5.460674123013956915e+01
2.786516843645760133e+01
1.235955051679289696e+01
1.842696622784218263e+01
1.573033701435903486e+00
5.460674123013956915e+01
3.101123583932940875e+01
1.393258421822880067e+01
1.393258421822880067e+01
1.213483142209856780e+01
9.438202208615420474e+00
2.629213486575008929e+01
3.101123583932940875e+01
3.146067402871806973e+00
2.629213486575008929e+01
9.438202208615420474e+00
2.359550565226694019e+01
1.393258421822880067e+01
4.674157285368844583e+01
4.494382009613380191e+00
2.337078642684422292e+01
3.258426967149370057e+01
3.146067402871806973e+00
2.786516843645760133e+01
5.775280889446815991e+01
2.314606720142150209e+01
9.213483113921091316e+00
1.707865162110060808e+01
8.988764019226760382e+00
2.629213486575008929e+01
1.685393252640627892e+01
1.213483142209856780e+01
1.707865162110060808e+01
1.573033701435903486e+00
3.415730324220121616e+01
4.516853928298093024e+01
3.595505629978822526e+01
1.573033701435903486e+00
1.573033701435903531e+01
1.393258421822880067e+01
3.617977526375416630e+01
3.101123583932940875e+01
3.146067402871806973e+00
9.213483113921091316e+00
1.707865162110060808e+01
1.528089882497037344e+01
7.640449412485186720e+00
3.258426967149370057e+01
4.719101104307710237e+00
2.471910103358579391e+01
6.292134805743613946e+00
1.707865162110060808e+01
2.471910103358579391e+01
7.865168507179517654e+00
6.292134805743613946e+00
1.528089882497037344e+01
3.752808987049574085e+01
2.022471902397241550e+01
3.573033681290873176e+01
1.685393252640627892e+01
2.022471902397241550e+01
1.528089882497037344e+01
9.213483113921091316e+00
2.022471902397241550e+01
1.550561791966470437e+01
9.213483113921091316e+00
2.943820200716511692e+01
2.314606720142150209e+01
1.056179772066266409e+01
7.865168507179517654e+00
2.000000006000647446e+01
7.865168507179517654e+00
1.258426961148722789e+01
2.337078642684422292e+01
6.292134805743613946e+00
4.719101104307710237e+00
3.752808987049574085e+01
1.573033701435903486e+00
1.078651681535699325e+01
6.067415711049283900e+00
1.235955051679289696e+01
1.707865162110060808e+01
1.078651681535699325e+01
1.707865162110060808e+01
1.393258421822880067e+01
9.213483113921091316e+00
1.235955051679289696e+01
7.640449412485186720e+00
9.213483113921091316e+00
7.640449412485186720e+00
1.235955051679289696e+01
9.213483113921091316e+00
9.213483113921091316e+00
1.078651681535699325e+01
7.640449412485186720e+00
1.393258421822880067e+01
7.640449412485186720e+00
1.078651681535699325e+01
1.078651681535699325e+01
7.640449412485186720e+00
7.640449412485186720e+00
1.550561791966470437e+01
9.213483113921091316e+00
9.213483113921091316e+00
6.067415711049283900e+00
1.078651681535699325e+01
1.078651681535699325e+01
9.213483113921091316e+00
1.078651681535699325e+01
1.078651681535699325e+01
1.393258421822880067e+01
7.640449412485186720e+00
1.393258421822880067e+01
1.078651681535699325e+01
1.235955051679289696e+01
9.213483113921091316e+00
1.078651681535699325e+01
1.393258421822880067e+01
9.213483113921091316e+00
1.235955051679289696e+01
9.213483113921091316e+00
9.213483113921091316e+00
9.213483113921091316e+00
7.640449412485186720e+00
7.640449412485186720e+00
7.640449412485186720e+00
1.078651681535699325e+01
1.078651681535699325e+01
7.640449412485186720e+00
1.078651681535699325e+01
1.235955051679289696e+01
1.078651681535699325e+01
1.078651681535699325e+01
9.213483113921091316e+00
9.213483113921091316e+00
9.213483113921091316e+00
9.213483113921091316e+00
9.213483113921091316e+00
9.213483113921091316e+00
9.213483113921091316e+00
9.213483113921091316e+00
1.393258421822880067e+01
7.640449412485186720e+00
1.393258421822880067e+01
7.640449412485186720e+00
1.235955051679289696e+01
7.640449412485186720e+00
7.640449412485186720e+00
9.213483113921091316e+00
1.078651681535699325e+01
9.213483113921091316e+00
7.640449412485186720e+00
9.213483113921091316e+00
7.640449412485186720e+00
1.078651681535699325e+01
1.235955051679289696e+01
9.213483113921091316e+00
7.640449412485186720e+00
1.235955051679289696e+01
9.213483113921091316e+00
1.235955051679289696e+01
7.640449412485186720e+00
9.213483113921091316e+00
9.213483113921091316e+00
9.213483113921091316e+00
7.640449412485186720e+00
1.078651681535699325e+01
7.640449412485186720e+00
1.235955051679289696e+01
6.067415711049283900e+00
1.235955051679289696e+01
7.640449412485186720e+00
1.235955051679289696e+01
1.235955051679289696e+01
1.078651681535699325e+01
1.078651681535699325e+01
1.078651681535699325e+01
7.640449412485186720e+00
9.213483113921091316e+00
1.235955051679289696e+01
1.078651681535699325e+01
1.078651681535699325e+01
7.640449412485186720e+00
1.078651681535699325e+01
7.640449412485186720e+00
1.078651681535699325e+01
1.078651681535699325e+01
9.213483113921091316e+00
9.213483113921091316e+00
1.078651681535699325e+01
9.213483113921091316e+00
1.078651681535699325e+01
9.213483113921091316e+00
9.213483113921091316e+00
7.640449412485186720e+00
7.640449412485186720e+00
