2.182628062360801735e+01
4.053452115812917356e+01
3.296213808463251382e+01
6.881959910913140277e+01
3.897550111358574298e+01
1.091314031180400868e+01
1.870824053452115976e+01
4.677060133630289940e+00
1.247216035634743925e+01
1.559020044543429862e+01
1.403118040089086804e+01
4.365256124721603470e+01
2.182628062360801735e+01
9.354120267260579880e+00
4.677060133630289940e+00
2.360801781737193750e+01
1.893095768374164933e+01
1.091314031180400868e+01
3.140311804008908680e+01
3.429844097995545837e+01
9.354120267260579880e+00
1.091314031180400868e+01
1.559020044543429862e+01
4.231625835189309726e+01
1.714922048997772919e+01
1.247216035634743925e+01
4.677060133630289940e+00
3.140311804008908680e+01
2.048997772828507635e+01
2.494432071269487849e+01
3.585746102449888895e+01
2.984409799554565623e+01
2.338530066815144792e+01
2.360801781737193750e+01
3.118040089086859723e+01
9.354120267260579880e+00
2.360801781737193750e+01
1.714922048997772919e+01
1.269487750556792882e+01
1.091314031180400868e+01
1.870824053452115976e+01
1.403118040089086804e+01
2.984409799554565623e+01
9.354120267260579880e+00
4.231625835189309726e+01
1.247216035634743925e+01
1.714922048997772919e+01
1.870824053452115976e+01
1.247216035634743925e+01
3.608017817371937497e+01
2.650334075723830907e+01
7.795100222717149308e+00
4.699331848552338187e+01
1.091314031180400868e+01
1.559020044543429862e+01
3.763919821826280554e+01
6.236080178173719624e+00
2.650334075723830907e+01
2.494432071269487849e+01
1.559020044543429862e+01
1.559020044543429862e+01
1.247216035634743925e+01
4.677060133630289940e+00
9.354120267260579880e+00
4.677060133630289940e+00
1.870824053452115976e+01
1.269487750556792882e+01
7.795100222717149308e+00
1.714922048997772919e+01
4.677060133630289940e+00
1.870824053452115976e+01
4.365256124721603470e+01
1.559020044543429906e+00
1.091314031180400868e+01
1.870824053452115976e+01
1.403118040089086804e+01
1.559020044543429862e+01
1.870824053452115976e+01
1.247216035634743925e+01
2.026726057906458678e+01
1.403118040089086804e+01
9.354120267260579880e+00
1.559020044543429862e+01
1.870824053452115976e+01
1.559020044543429862e+01
1.403118040089086804e+01
1.403118040089086804e+01
1.559020044543429862e+01
1.559020044543429862e+01
1.559020044543429862e+01
1.247216035634743925e+01
1.403118040089086804e+01
1.247216035634743925e+01
1.403118040089086804e+01
1.247216035634743925e+01
1.559020044543429862e+01
1.091314031180400868e+01
1.247216035634743925e+01
1.091314031180400868e+01
1.247216035634743925e+01
1.403118040089086804e+01
1.403118040089086804e+01
1.247216035634743925e+01
1.247216035634743925e+01
1.247216035634743925e+01
9.354120267260579880e+00
1.403118040089086804e+01
1.091314031180400868e+01
1.091314031180400868e+01
1.247216035634743925e+01
1.247216035634743925e+01
1.247216035634743925e+01
1.403118040089086804e+01
1.247216035634743925e+01
1.247216035634743925e+01
9.354120267260579880e+00
1.247216035634743925e+01
1.247216035634743925e+01
1.247216035634743925e+01
1.247216035634743925e+01
1.247216035634743925e+01
1.247216035634743925e+01
1.247216035634743925e+01
1.247216035634743925e+01
1.247216035634743925e+01
1.247216035634743925e+01
1.247216035634743925e+01
1.247216035634743925e+01
1.247216035634743925e+01
1.247216035634743925e+01
1.247216035634743925e+01
1.247216035634743925e+01
1.247216035634743925e+01
1.247216035634743925e+01
1.247216035634743925e+01
1.247216035634743925e+01
1.247216035634743925e+01
1.247216035634743925e+01
1.247216035634743925e+01
1.403118040089086804e+01
1.247216035634743925e+01
1.247216035634743925e+01
1.403118040089086804e+01
1.247216035634743925e+01
1.247216035634743925e+01
1.403118040089086804e+01
1.403118040089086804e+01
1.247216035634743925e+01
1.247216035634743925e+01
1.403118040089086804e+01
1.247216035634743925e+01
1.247216035634743925e+01
1.247216035634743925e+01
1.403118040089086804e+01
1.403118040089086804e+01
1.247216035634743925e+01
1.247216035634743925e+01
1.403118040089086804e+01
1.403118040089086804e+01
1.247216035634743925e+01
1.403118040089086804e+01
1.403118040089086804e+01
1.247216035634743925e+01
1.247216035634743925e+01
1.403118040089086804e+01
1.247216035634743925e+01
1.247216035634743925e+01
1.247216035634743925e+01
1.247216035634743925e+01
1.247216035634743925e+01
1.247216035634743925e+01
1.403118040089086804e+01
1.247216035634743925e+01
1.247216035634743925e+01
1.247216035634743925e+01
1.403118040089086804e+01
1.403118040089086804e+01
1.403118040089086804e+01
1.403118040089086804e+01
1.247216035634743925e+01
1.559020044543429862e+01
1.247216035634743925e+01
1.247216035634743925e+01
1.091314031180400868e+01
1.247216035634743925e+01
1.247216035634743925e+01
1.247216035634743925e+01
1.247216035634743925e+01
1.403118040089086804e+01
1.247216035634743925e+01
1.403118040089086804e+01
1.247216035634743925e+01
1.403118040089086804e+01
1.247216035634743925e+01
1.247216035634743925e+01
1.247216035634743925e+01
1.403118040089086804e+01
1.247216035634743925e+01
1.247216035634743925e+01
1.403118040089086804e+01
