3.386363643299449677e+01
1.977272723804820842e+01
2.045454548922452176e+01
3.909090895219282658e+01
2.318181821649724839e+01
4.954545433738014992e+01
1.886363629427822985e+01
7.954545489224520871e+00
1.545454543720592078e+01
1.590909088741649269e+00
2.454545458013361170e+01
2.772727272727272663e+01
7.954545489224520871e+00
6.363636354966597075e+00
5.931818161010742330e+01
3.431818161010742330e+01
4.022727272727272663e+01
2.000000006935813346e+01
3.295454524647105643e+01
2.340909080505371165e+01
2.613636353232643827e+01
6.363636354966597075e+00
1.681818180084228587e+01
2.181818185286088507e+01
1.886363629427822985e+01
1.863636370572177015e+01
6.363636354966597075e+00
2.340909080505371165e+01
7.727272718602960389e+00
1.409090907356955746e+01
9.318181852860885073e+00
1.386363636363636331e+01
2.795454531582918989e+01
1.568181814713911493e+01
1.863636370572177015e+01
1.386363636363636331e+01
2.159090902155096003e+01
2.181818185286088507e+01
2.181818185286088507e+01
2.022727265791459672e+01
1.840909087441184155e+01
7.500000008669766238e+00
5.909090904756025608e+00
1.250000000000000000e+01
2.954545452378012804e+00
1.409090907356955746e+01
6.363636354966597075e+00
1.090909092643044254e+01
1.090909092643044254e+01
7.727272718602960389e+00
1.386363636363636331e+01
2.636363636363636331e+01
1.090909092643044254e+01
3.590909104780717342e+01
1.227272729006680585e+01
7.727272718602960389e+00
2.181818185286088507e+01
1.590909088741649269e+00
2.022727265791459672e+01
9.318181852860885073e+00
9.318181852860885073e+00
2.818181814713911493e+01
1.704545451077547824e+01
1.545454543720592078e+01
5.909090904756025608e+00
6.363636354966597075e+00
2.818181814713911493e+01
4.068181790438565315e+01
6.363636354966597075e+00
2.954545452378012804e+00
1.250000000000000000e+01
7.727272718602960389e+00
9.318181852860885073e+00
1.840909087441184155e+01
1.681818180084228587e+01
2.500000000000000000e+01
1.090909092643044254e+01
2.022727265791459672e+01
1.568181814713911493e+01
1.568181814713911493e+01
1.409090907356955746e+01
1.227272729006680585e+01
1.090909092643044254e+01
2.000000006935813346e+01
1.409090907356955746e+01
1.250000000000000000e+01
1.250000000000000000e+01
1.409090907356955746e+01
1.409090907356955746e+01
1.409090907356955746e+01
1.568181814713911493e+01
9.545454562794079223e+00
1.409090907356955746e+01
1.409090907356955746e+01
1.409090907356955746e+01
1.250000000000000000e+01
1.409090907356955746e+01
1.409090907356955746e+01
1.250000000000000000e+01
1.568181814713911493e+01
1.250000000000000000e+01
1.272727270993319415e+01
1.113636363636363669e+01
1.272727270993319415e+01
1.272727270993319415e+01
1.113636363636363669e+01
1.272727270993319415e+01
1.272727270993319415e+01
1.272727270993319415e+01
1.272727270993319415e+01
1.272727270993319415e+01
1.431818178350275161e+01
1.272727270993319415e+01
1.272727270993319415e+01
9.545454562794079223e+00
1.272727270993319415e+01
1.113636363636363669e+01
1.113636363636363669e+01
1.272727270993319415e+01
1.272727270993319415e+01
1.113636363636363669e+01
1.272727270993319415e+01
1.272727270993319415e+01
1.272727270993319415e+01
1.272727270993319415e+01
1.113636363636363669e+01
7.954545489224520871e+00
1.272727270993319415e+01
1.272727270993319415e+01
1.272727270993319415e+01
1.272727270993319415e+01
1.272727270993319415e+01
1.272727270993319415e+01
1.272727270993319415e+01
1.272727270993319415e+01
1.272727270993319415e+01
1.272727270993319415e+01
1.272727270993319415e+01
1.272727270993319415e+01
1.272727270993319415e+01
1.272727270993319415e+01
1.272727270993319415e+01
1.272727270993319415e+01
1.272727270993319415e+01
1.272727270993319415e+01
1.272727270993319415e+01
1.272727270993319415e+01
1.272727270993319415e+01
1.272727270993319415e+01
1.272727270993319415e+01
1.272727270993319415e+01
1.272727270993319415e+01
1.272727270993319415e+01
1.272727270993319415e+01
1.272727270993319415e+01
1.272727270993319415e+01
1.272727270993319415e+01
1.272727270993319415e+01
1.272727270993319415e+01
1.431818178350275161e+01
1.272727270993319415e+01
1.272727270993319415e+01
1.272727270993319415e+01
1.272727270993319415e+01
1.272727270993319415e+01
1.272727270993319415e+01
1.431818178350275161e+01
1.272727270993319415e+01
1.272727270993319415e+01
1.272727270993319415e+01
1.272727270993319415e+01
1.272727270993319415e+01
1.272727270993319415e+01
1.272727270993319415e+01
1.272727270993319415e+01
1.431818178350275161e+01
1.431818178350275161e+01
1.272727270993319415e+01
1.272727270993319415e+01
1.272727270993319415e+01
1.272727270993319415e+01
1.272727270993319415e+01
1.431818178350275161e+01
1.431818178350275161e+01
1.431818178350275161e+01
1.272727270993319415e+01
1.272727270993319415e+01
1.272727270993319415e+01
1.272727270993319415e+01
1.272727270993319415e+01
1.590909097844904174e+01
1.431818178350275161e+01
1.272727270993319415e+01
1.272727270993319415e+01
1.272727270993319415e+01
1.272727270993319415e+01
1.272727270993319415e+01
1.272727270993319415e+01
1.272727270993319415e+01
1.431818178350275161e+01
