5.218390787058863367e+01
3.931034476181556414e+01
1.954022992890456578e+01
2.942528744401602836e+01
5.977011494800962055e+00
6.045976991324589278e+01
1.218390806132349447e+01
2.896551718876279580e+01
3.678160919978700605e+01
1.609195402572894951e+00
2.275862065019278546e+01
2.137931030536520183e+01
8.965517228225181157e+00
3.425287341413826425e+01
1.954022992890456578e+01
2.758620684393520861e+01
2.482758615428003779e+01
3.448275854176488764e+01
6.206896538570009447e+00
8.735632184456134652e+00
2.505747128190665407e+01
3.586206888659246772e+01
2.942528744401602836e+01
2.781609197156182489e+01
2.459770125027360521e+01
2.643678162673424126e+01
7.586206883397595746e+00
2.321839090544601802e+01
1.057471264477433870e+01
1.080459771649590905e+01
3.264367816530425159e+01
4.597701149973375756e+00
1.218390806132349447e+01
1.379310342196760431e+01
7.816091955119166101e+00
4.367816092228067326e+00
2.275862065019278546e+01
1.057471264477433870e+01
2.597701159510119240e+01
1.517241376679519149e+01
1.494252875097866706e+01
2.436781612264698893e+01
1.701149425506591939e+01
1.241379307714001889e+01
2.482758615428003779e+01
1.195402298960192411e+01
1.999999996053761464e+01
2.344827580945245060e+01
2.321839090544601802e+01
5.977011494800962055e+00
3.080459778884361555e+01
2.298850577781940174e+01
1.839080459989350302e+01
1.678160923924939496e+01
2.482758615428003779e+01
1.540229889442180777e+01
1.701149425506591939e+01
4.367816112123686878e+01
3.563218375896585144e+01
3.218390813367120273e+01
1.057471264477433870e+01
1.839080459989350302e+01
4.597701149973375756e+00
7.816091955119166101e+00
1.816091958407697859e+01
1.356321840615108165e+01
1.678160923924939496e+01
7.356321839628548354e+00
1.563218391023833220e+01
2.758620684393520861e+01
2.620689649910762498e+01
1.494252875097866706e+01
1.678160923924939496e+01
1.655172411162277868e+01
1.195402298960192411e+01
2.298850577781940174e+01
8.965517228225181157e+00
1.517241376679519149e+01
2.298850577781940174e+01
1.195402298960192411e+01
1.517241376679519149e+01
2.804597709918844117e+01
1.517241376679519149e+01
1.655172411162277868e+01
1.678160923924939496e+01
1.517241376679519149e+01
1.517241376679519149e+01
1.195402298960192411e+01
1.517241376679519149e+01
1.356321840615108165e+01
1.517241376679519149e+01
1.517241376679519149e+01
1.678160923924939496e+01
1.678160923924939496e+01
1.517241376679519149e+01
1.839080459989350302e+01
1.839080459989350302e+01
1.517241376679519149e+01
1.678160923924939496e+01
1.517241376679519149e+01
1.517241376679519149e+01
1.517241376679519149e+01
1.195402298960192411e+01
1.517241376679519149e+01
1.517241376679519149e+01
1.356321840615108165e+01
1.678160923924939496e+01
1.816091958407697859e+01
1.379310342196760431e+01
1.517241376679519149e+01
1.977011494472109021e+01
1.839080459989350302e+01
1.655172411162277868e+01
1.356321840615108165e+01
1.517241376679519149e+01
1.517241376679519149e+01
1.839080459989350302e+01
1.356321840615108165e+01
1.517241376679519149e+01
1.839080459989350302e+01
1.356321840615108165e+01
1.678160923924939496e+01
1.356321840615108165e+01
1.517241376679519149e+01
1.517241376679519149e+01
1.356321840615108165e+01
1.517241376679519149e+01
1.517241376679519149e+01
1.678160923924939496e+01
1.356321840615108165e+01
1.356321840615108165e+01
1.517241376679519149e+01
1.356321840615108165e+01
1.356321840615108165e+01
1.356321840615108165e+01
1.655172411162277868e+01
1.356321840615108165e+01
1.517241376679519149e+01
1.678160923924939496e+01
1.517241376679519149e+01
1.356321840615108165e+01
1.356321840615108165e+01
1.356321840615108165e+01
1.839080459989350302e+01
1.356321840615108165e+01
1.517241376679519149e+01
1.517241376679519149e+01
1.517241376679519149e+01
1.678160923924939496e+01
1.356321840615108165e+01
1.356321840615108165e+01
1.356321840615108165e+01
1.678160923924939496e+01
1.356321840615108165e+01
1.517241376679519149e+01
1.356321840615108165e+01
1.517241376679519149e+01
1.356321840615108165e+01
1.356321840615108165e+01
1.356321840615108165e+01
1.356321840615108165e+01
1.356321840615108165e+01
1.356321840615108165e+01
1.356321840615108165e+01
1.517241376679519149e+01
1.195402298960192411e+01
1.678160923924939496e+01
1.356321840615108165e+01
1.678160923924939496e+01
1.517241376679519149e+01
1.517241376679519149e+01
1.839080459989350302e+01
1.195402298960192411e+01
1.356321840615108165e+01
1.678160923924939496e+01
1.517241376679519149e+01
1.678160923924939496e+01
1.517241376679519149e+01
1.517241376679519149e+01
1.356321840615108165e+01
1.356321840615108165e+01
1.517241376679519149e+01
1.678160923924939496e+01
1.517241376679519149e+01
1.356321840615108165e+01
1.839080459989350302e+01
1.195402298960192411e+01
1.839080459989350302e+01
1.678160923924939496e+01
2.321839090544601802e+01
1.678160923924939496e+01
1.678160923924939496e+01
1.517241376679519149e+01
1.356321840615108165e+01
1.678160923924939496e+01
1.356321840615108165e+01
1.678160923924939496e+01
1.678160923924939496e+01
1.839080459989350302e+01
1.356321840615108165e+01
