0.000000000000000000e+00
9.599999999999999645e+00
9.599999999999999645e+00
1.009999999999999964e+01
1.100000000000000000e+01
1.059999999999999964e+01
3.960000000000000142e+01
7.500000000000000000e+01
7.940000000000000568e+01
9.479999999999999716e+01
7.720000000000000284e+01
9.540000000000000568e+01
9.800000000000000000e+01
9.840000000000000568e+01
9.890000000000000568e+01
9.900000000000000000e+01
9.920000000000000284e+01
9.950000000000000000e+01
9.959999999999999432e+01
9.950000000000000000e+01
9.940000000000000568e+01
9.940000000000000568e+01
9.940000000000000568e+01
9.940000000000000568e+01
9.940000000000000568e+01
9.940000000000000568e+01
9.959999999999999432e+01
9.970000000000000284e+01
9.970000000000000284e+01
9.970000000000000284e+01
9.970000000000000284e+01
9.959999999999999432e+01
9.959999999999999432e+01
9.970000000000000284e+01
9.959999999999999432e+01
9.959999999999999432e+01
9.959999999999999432e+01
9.959999999999999432e+01
9.959999999999999432e+01
9.959999999999999432e+01
