1.109999999999999964e+01
1.009999999999999964e+01
1.019999999999999929e+01
1.030000000000000071e+01
1.030000000000000071e+01
7.840000000000000568e+01
9.190000000000000568e+01
9.600000000000000000e+01
9.570000000000000284e+01
9.879999999999999716e+01
9.729999999999999716e+01
9.820000000000000284e+01
9.829999999999999716e+01
9.790000000000000568e+01
9.770000000000000284e+01
9.640000000000000568e+01
9.950000000000000000e+01
9.850000000000000000e+01
9.850000000000000000e+01
9.850000000000000000e+01
9.850000000000000000e+01
9.850000000000000000e+01
9.859999999999999432e+01
9.859999999999999432e+01
9.890000000000000568e+01
9.909999999999999432e+01
9.859999999999999432e+01
9.859999999999999432e+01
9.859999999999999432e+01
9.850000000000000000e+01
9.859999999999999432e+01
9.850000000000000000e+01
9.850000000000000000e+01
9.850000000000000000e+01
9.859999999999999432e+01
9.850000000000000000e+01
9.850000000000000000e+01
9.850000000000000000e+01
9.859999999999999432e+01
9.859999999999999432e+01
