8.800000000000000711e+00
7.599999999999999645e+00
7.799999999999999822e+00
7.799999999999999822e+00
7.700000000000000178e+00
8.090000000000000568e+01
9.629999999999999716e+01
9.850000000000000000e+01
9.829999999999999716e+01
9.679999999999999716e+01
9.790000000000000568e+01
9.770000000000000284e+01
9.809999999999999432e+01
9.950000000000000000e+01
9.900000000000000000e+01
9.809999999999999432e+01
9.750000000000000000e+01
9.790000000000000568e+01
9.779999999999999716e+01
9.779999999999999716e+01
9.770000000000000284e+01
9.800000000000000000e+01
9.829999999999999716e+01
9.879999999999999716e+01
9.859999999999999432e+01
9.779999999999999716e+01
9.759999999999999432e+01
9.759999999999999432e+01
9.759999999999999432e+01
9.759999999999999432e+01
9.779999999999999716e+01
9.779999999999999716e+01
9.779999999999999716e+01
9.779999999999999716e+01
9.779999999999999716e+01
9.779999999999999716e+01
9.779999999999999716e+01
9.779999999999999716e+01
9.779999999999999716e+01
9.779999999999999716e+01
