6.899999981689452966e+01
0.000000000000000000e+00
0.000000000000000000e+00
0.000000000000000000e+00
0.000000000000000000e+00
0.000000000000000000e+00
0.000000000000000000e+00
0.000000000000000000e+00
2.399999999999999911e+00
0.000000000000000000e+00
1.180000003051757851e+01
0.000000000000000000e+00
4.999999994277954052e+00
1.799999988555908148e+00
1.479999995422363313e+01
2.379999989318847753e+01
1.179999989318847575e+01
8.000000000000000444e-01
0.000000000000000000e+00
5.399999977111816563e+00
1.239999986267089760e+01
2.000000000000000111e-01
1.999999994277954052e+00
2.999999994277954052e+00
0.000000000000000000e+00
2.359999993896484227e+01
8.000000000000000444e-01
5.079999993896484511e+01
5.999999999999999778e-01
4.599999977111816740e+00
2.999999994277954052e+00
9.200000007629395071e+00
3.200000007629394627e+00
0.000000000000000000e+00
3.079999984741210994e+01
5.979999975585937477e+01
1.880000000000000071e+01
0.000000000000000000e+00
1.599999994277954141e+00
1.599999994277954141e+00
1.999999988555908104e+00
3.979999984741210994e+01
1.199999994277954007e+00
1.939999998474121057e+01
1.799999994277954096e+00
2.799999999999999822e+00
1.120000001525878908e+01
2.000000000000000111e-01
2.600000000000000089e+00
0.000000000000000000e+00
3.799999999999999822e+00
4.639999987792968739e+01
2.000000000000000111e-01
1.000000000000000000e+00
8.219999938964843977e+01
1.680000000000000071e+01
1.280000001525878872e+01
0.000000000000000000e+00
3.999999942779540740e-01
4.399999977111816563e+00
1.399999999999999911e+00
2.200000000000000178e+00
3.999999942779540740e-01
5.999999999999999778e-01
3.999999994277954052e+00
1.599999988555908192e+00
0.000000000000000000e+00
4.199999988555908281e+00
1.599999994277954141e+00
1.239999995422363277e+01
8.599999946594238054e+00
0.000000000000000000e+00
0.000000000000000000e+00
2.000000000000000111e-01
2.960000003051757744e+01
1.800000000000000044e+00
1.319999995422363348e+01
6.400000007629394361e+00
1.539999998474121057e+01
6.399999988555908459e+00
4.199999988555908281e+00
3.000000007629394450e+00
6.800000007629394716e+00
7.399999977111816563e+00
8.000000007629394005e+00
7.999999977111816207e+00
9.200000007629395071e+00
7.400000007629394361e+00
7.599999977111816740e+00
8.999999946594238409e+00
6.399999977111816563e+00
9.999999984741210213e+00
8.200000007629395071e+00
8.399999994277953519e+00
8.000000015258789787e+00
9.199999946594237699e+00
8.000000007629394005e+00
8.200000015258789077e+00
7.399999988555908459e+00
7.600000015258789432e+00
8.000000007629394005e+00
6.799999988555907926e+00
1.359999998855590775e+01
6.799999988555907926e+00
7.799999946594238232e+00
9.200000007629395071e+00
9.399999946594238764e+00
1.040000001525878837e+01
7.199999946594238587e+00
7.600000007629394538e+00
1.659999994659423805e+01
8.599999946594238054e+00
7.399999988555908459e+00
7.800000015258788721e+00
6.600000007629394538e+00
8.399999977111816563e+00
8.599999977111815852e+00
8.999999946594238409e+00
8.600000015258789432e+00
7.000000015258788899e+00
1.159999997711181585e+01
7.599999977111816740e+00
7.799999988555907926e+00
7.799999946594238232e+00
8.000000015258789787e+00
7.200000007629394183e+00
7.599999999999999645e+00
8.399999977111816563e+00
7.799999977111816030e+00
7.800000015258788721e+00
7.399999977111816563e+00
8.399999946594238764e+00
7.799999994277953874e+00
7.200000007629394183e+00
8.400000007629394361e+00
7.600000007629394538e+00
6.999999994277954052e+00
8.000000007629394005e+00
7.800000015258788721e+00
7.399999977111816563e+00
7.599999988555908637e+00
7.999999994277954052e+00
7.799999984741210923e+00
7.199999977111816385e+00
7.999999977111816207e+00
8.400000015258788366e+00
8.400000015258788366e+00
8.800000015258788721e+00
8.199999988555907393e+00
7.599999988555908637e+00
8.200000015258789077e+00
7.800000015258788721e+00
8.599999923706054261e+00
6.999999988555908104e+00
7.399999988555908459e+00
7.599999988555908637e+00
6.799999988555907926e+00
7.199999988555908281e+00
7.599999946594238054e+00
8.400000015258788366e+00
7.599999988555908637e+00
8.400000007629394361e+00
6.999999984741211101e+00
7.400000000000000355e+00
7.399999946594237876e+00
7.599999988555908637e+00
7.200000015258789077e+00
7.599999946594238054e+00
6.800000007629394716e+00
8.200000015258789077e+00
7.400000007629394361e+00
9.199999999999999289e+00
7.199999977111816385e+00
8.200000007629395071e+00
7.799999984741210923e+00
7.200000015258789077e+00
7.999999984741211101e+00
7.600000007629394538e+00
7.999999988555908104e+00
7.799999946594238232e+00
7.399999946594237876e+00
8.599999977111815852e+00
7.599999977111816740e+00
7.199999984741211279e+00
8.399999977111816563e+00
7.599999946594238054e+00
7.599999988555908637e+00
7.199999954223632592e+00
7.799999977111816030e+00
7.600000007629394538e+00
7.600000015258789432e+00
7.999999984741211101e+00
7.199999946594238587e+00
7.599999988555908637e+00
7.399999984741210568e+00
7.399999994277954407e+00
7.199999994277954229e+00
8.000000007629394005e+00
8.399999984741210568e+00
7.799999946594238232e+00
7.400000007629394361e+00
7.599999946594238054e+00
6.999999977111816207e+00
8.200000007629395071e+00
8.400000007629394361e+00
7.399999988555908459e+00
6.999999984741211101e+00
7.799999977111816030e+00
7.599999977111816740e+00
7.800000015258788721e+00
6.999999977111816207e+00
6.799999994277953874e+00
7.999999946594238409e+00
8.000000007629394005e+00
7.399999946594237876e+00
7.599999946594238054e+00
7.999999946594238409e+00
7.399999977111816563e+00
8.199999977111817273e+00
7.800000015258788721e+00
7.599999988555908637e+00
8.199999946594237699e+00
7.600000015258789432e+00
7.199999994277954229e+00
7.000000015258788899e+00
7.400000007629394361e+00
7.600000007629394538e+00
8.399999984741210568e+00
6.999999946594238409e+00
7.400000007629394361e+00
7.599999994277953697e+00
9.200000007629395071e+00
6.999999977111816207e+00
8.199999988555907393e+00
7.599999994277953697e+00
7.199999946594238587e+00
8.200000007629395071e+00
7.799999977111816030e+00
6.999999946594238409e+00
7.399999994277954407e+00
7.199999994277954229e+00
7.399999977111816563e+00
7.800000007629394716e+00
7.600000007629394538e+00
7.199999988555908281e+00
8.199999954223633480e+00
7.599999977111816740e+00
7.199999977111816385e+00
7.399999946594237876e+00
8.000000007629394005e+00
7.600000007629394538e+00
7.799999988555907926e+00
7.600000007629394538e+00
6.800000007629394716e+00
7.399999988555908459e+00
7.200000015258789077e+00
6.999999977111816207e+00
7.599999994277953697e+00
7.199999946594238587e+00
7.199999984741211279e+00
8.800000015258788721e+00
7.399999946594237876e+00
7.399999977111816563e+00
8.199999994277954229e+00
8.200000015258789077e+00
7.599999946594238054e+00
8.199999994277954229e+00
7.599999977111816740e+00
7.199999977111816385e+00
8.400000015258788366e+00
7.799999977111816030e+00
7.399999988555908459e+00
7.799999946594238232e+00
7.000000000000000000e+00
7.400000015258789254e+00
7.599999988555908637e+00
7.799999946594238232e+00
7.799999984741210923e+00
7.999999994277954052e+00
7.999999954223632415e+00
7.599999977111816740e+00
7.599999946594238054e+00
7.799999946594238232e+00
7.199999977111816385e+00
7.999999988555908104e+00
8.400000007629394361e+00
7.400000015258789254e+00
8.399999994277953519e+00
8.199999994277954229e+00
6.800000007629394716e+00
7.399999994277954407e+00
7.799999946594238232e+00
6.599999977111816740e+00
7.599999988555908637e+00
7.399999988555908459e+00
7.199999988555908281e+00
6.999999988555908104e+00
7.000000007629394894e+00
6.799999977111816030e+00
7.800000015258788721e+00
8.399999988555908459e+00
7.599999946594238054e+00
7.600000007629394538e+00
7.200000007629394183e+00
7.799999946594238232e+00
7.799999977111816030e+00
7.599999977111816740e+00
6.599999994277953697e+00
7.799999988555907926e+00
8.199999977111817273e+00
7.400000015258789254e+00
7.599999946594238054e+00
8.599999977111815852e+00
7.800000015258788721e+00
7.799999977111816030e+00
7.799999946594238232e+00
7.399999977111816563e+00
8.199999954223633480e+00
7.399999977111816563e+00
8.199999977111817273e+00
7.600000015258789432e+00
7.800000007629394716e+00
7.399999946594237876e+00
7.399999994277954407e+00
8.199999946594237699e+00
8.600000015258789432e+00
7.599999988555908637e+00
8.399999988555908459e+00
8.000000007629394005e+00
8.600000015258789432e+00
7.999999988555908104e+00
7.599999984741210746e+00
7.599999954223632948e+00
7.599999988555908637e+00
8.199999946594237699e+00
7.799999977111816030e+00
7.199999977111816385e+00
7.400000007629394361e+00
7.799999999999999822e+00
8.199999946594237699e+00
8.399999977111816563e+00
8.199999977111817273e+00
7.400000015258789254e+00
7.799999977111816030e+00
7.599999977111816740e+00
7.199999977111816385e+00
7.999999988555908104e+00
8.400000007629394361e+00
7.800000007629394716e+00
7.599999977111816740e+00
7.599999994277953697e+00
7.800000015258788721e+00
7.199999994277954229e+00
8.199999977111817273e+00
8.199999977111817273e+00
7.999999988555908104e+00
7.599999977111816740e+00
8.199999923706053906e+00
7.399999946594237876e+00
7.600000007629394538e+00
7.599999994277953697e+00
8.199999994277954229e+00
7.400000015258789254e+00
7.599999977111816740e+00
7.800000007629394716e+00
8.400000007629394361e+00
8.399999988555908459e+00
7.599999923706054261e+00
7.400000007629394361e+00
7.799999946594238232e+00
7.599999954223632948e+00
8.000000015258789787e+00
8.000000007629394005e+00
8.999999977111816207e+00
8.399999994277953519e+00
7.599999994277953697e+00
6.999999977111816207e+00
7.800000015258788721e+00
7.200000007629394183e+00
7.599999977111816740e+00
7.800000007629394716e+00
7.800000007629394716e+00
7.799999946594238232e+00
8.599999946594238054e+00
7.999999946594238409e+00
7.800000015258788721e+00
8.199999946594237699e+00
8.599999988555907748e+00
7.399999994277954407e+00
7.600000015258789432e+00
7.800000007629394716e+00
7.599999977111816740e+00
7.599999984741210746e+00
7.599999946594238054e+00
7.600000015258789432e+00
7.599999946594238054e+00
7.999999977111816207e+00
7.999999994277954052e+00
8.000000015258789787e+00
7.599999923706054261e+00
7.599999984741210746e+00
7.999999988555908104e+00
8.199999984741211279e+00
7.600000007629394538e+00
7.600000007629394538e+00
7.199999977111816385e+00
8.399999946594238764e+00
7.599999977111816740e+00
7.600000007629394538e+00
7.799999946594238232e+00
7.399999994277954407e+00
7.999999988555908104e+00
8.199999954223633480e+00
7.599999988555908637e+00
7.799999984741210923e+00
7.599999977111816740e+00
7.599999988555908637e+00
7.799999946594238232e+00
7.399999988555908459e+00
7.999999988555908104e+00
7.600000007629394538e+00
7.400000007629394361e+00
7.600000007629394538e+00
8.199999946594237699e+00
8.799999994277953874e+00
8.199999984741211279e+00
7.799999946594238232e+00
7.999999946594238409e+00
7.599999946594238054e+00
7.799999946594238232e+00
8.199999994277954229e+00
8.199999946594237699e+00
8.399999977111816563e+00
8.199999977111817273e+00
7.399999984741210568e+00
7.799999954223633125e+00
7.999999984741211101e+00
7.800000007629394716e+00
7.599999946594238054e+00
7.199999977111816385e+00
7.599999977111816740e+00
7.799999999999999822e+00
7.599999988555908637e+00
7.599999977111816740e+00
7.599999984741210746e+00
7.999999984741211101e+00
8.999999984741210213e+00
6.999999988555908104e+00
7.599999984741210746e+00
7.600000007629394538e+00
7.200000007629394183e+00
7.799999988555907926e+00
7.599999977111816740e+00
8.399999954223632770e+00
7.599999946594238054e+00
7.399999988555908459e+00
7.799999994277953874e+00
7.799999988555907926e+00
8.000000007629394005e+00
6.999999988555908104e+00
7.799999977111816030e+00
8.199999984741211279e+00
7.799999977111816030e+00
7.599999946594238054e+00
7.800000007629394716e+00
7.599999977111816740e+00
7.999999984741211101e+00
7.599999988555908637e+00
7.799999977111816030e+00
7.799999988555907926e+00
7.399999994277954407e+00
7.399999946594237876e+00
8.000000007629394005e+00
8.199999988555907393e+00
7.999999988555908104e+00
7.999999946594238409e+00
7.999999988555908104e+00
8.399999988555908459e+00
7.599999984741210746e+00
7.599999946594238054e+00
7.799999988555907926e+00
7.600000007629394538e+00
8.199999984741211279e+00
8.599999946594238054e+00
7.800000007629394716e+00
8.399999946594238764e+00
7.200000007629394183e+00
7.599999999999999645e+00
7.799999946594238232e+00
6.999999994277954052e+00
7.600000015258789432e+00
6.999999988555908104e+00
7.999999946594238409e+00
7.799999946594238232e+00
7.800000007629394716e+00
7.599999984741210746e+00
7.600000007629394538e+00
7.800000007629394716e+00
7.799999923706054439e+00
7.999999988555908104e+00
7.399999994277954407e+00
8.000000015258789787e+00
8.199999977111817273e+00
7.600000007629394538e+00
7.799999977111816030e+00
7.799999977111816030e+00
7.999999946594238409e+00
7.999999984741211101e+00
8.199999946594237699e+00
8.599999977111815852e+00
7.599999946594238054e+00
7.799999988555907926e+00
7.599999977111816740e+00
7.599999946594238054e+00
7.800000007629394716e+00
7.800000015258788721e+00
8.199999984741211279e+00
8.000000007629394005e+00
7.999999988555908104e+00
8.000000007629394005e+00
8.199999946594237699e+00
7.999999984741211101e+00
7.800000007629394716e+00
7.999999946594238409e+00
6.999999977111816207e+00
7.799999977111816030e+00
7.599999988555908637e+00
8.600000015258789432e+00
7.999999977111816207e+00
7.399999988555908459e+00
7.799999977111816030e+00
7.199999977111816385e+00
8.599999977111815852e+00
7.599999988555908637e+00
7.599999977111816740e+00
7.999999977111816207e+00
7.799999977111816030e+00
8.599999946594238054e+00
7.999999994277954052e+00
7.999999977111816207e+00
7.799999946594238232e+00
8.199999946594237699e+00
7.999999977111816207e+00
7.999999977111816207e+00
8.199999988555907393e+00
7.999999977111816207e+00
7.799999988555907926e+00
7.599999946594238054e+00
8.199999946594237699e+00
7.799999923706054439e+00
8.199999977111817273e+00
7.799999977111816030e+00
8.199999946594237699e+00
8.399999954223632770e+00
7.599999994277953697e+00
7.999999977111816207e+00
7.799999946594238232e+00
7.799999988555907926e+00
8.400000007629394361e+00
7.600000007629394538e+00
8.999999946594238409e+00
7.599999988555908637e+00
7.799999984741210923e+00
7.999999977111816207e+00
7.800000007629394716e+00
9.199999946594237699e+00
8.599999946594238054e+00
7.599999946594238054e+00
7.799999994277953874e+00
8.599999988555907748e+00
8.000000007629394005e+00
7.600000007629394538e+00
8.200000007629395071e+00
7.399999977111816563e+00
7.599999862670898665e+00
7.999999977111816207e+00
7.999999977111816207e+00
7.800000007629394716e+00
8.199999994277954229e+00
8.199999946594237699e+00
8.399999977111816563e+00
7.400000007629394361e+00
7.599999946594238054e+00
8.199999946594237699e+00
7.200000007629394183e+00
7.599999977111816740e+00
7.799999977111816030e+00
7.599999988555908637e+00
7.799999977111816030e+00
7.799999994277953874e+00
8.599999946594238054e+00
7.800000007629394716e+00
8.799999977111816918e+00
7.999999988555908104e+00
8.999999984741210213e+00
7.999999977111816207e+00
8.200000015258789077e+00
7.799999946594238232e+00
7.999999954223632415e+00
7.800000007629394716e+00
8.000000015258789787e+00
8.199999946594237699e+00
7.600000007629394538e+00
8.000000015258789787e+00
7.999999988555908104e+00
7.599999988555908637e+00
8.199999977111817273e+00
8.400000007629394361e+00
7.599999988555908637e+00
8.199999977111817273e+00
7.600000015258789432e+00
8.199999946594237699e+00
7.799999994277953874e+00
8.399999984741210568e+00
7.599999988555908637e+00
7.200000015258789077e+00
8.799999977111816918e+00
7.999999977111816207e+00
8.399999984741210568e+00
8.599999977111815852e+00
8.199999946594237699e+00
7.599999984741210746e+00
8.200000015258789077e+00
7.399999994277954407e+00
8.199999977111817273e+00
8.199999946594237699e+00
7.999999946594238409e+00
8.399999977111816563e+00
8.399999977111816563e+00
8.200000007629395071e+00
7.800000007629394716e+00
7.799999946594238232e+00
8.399999954223632770e+00
8.000000007629394005e+00
8.199999977111817273e+00
8.199999984741211279e+00
7.799999946594238232e+00
8.000000015258789787e+00
7.799999988555907926e+00
7.399999977111816563e+00
8.199999977111817273e+00
8.400000007629394361e+00
7.599999988555908637e+00
7.599999977111816740e+00
7.800000015258788721e+00
9.000000015258789787e+00
8.399999954223632770e+00
7.799999977111816030e+00
7.999999994277954052e+00
7.599999946594238054e+00
8.599999977111815852e+00
7.999999977111816207e+00
7.599999994277953697e+00
8.399999946594238764e+00
7.400000007629394361e+00
8.600000015258789432e+00
8.399999984741210568e+00
8.199999988555907393e+00
8.600000015258789432e+00
8.599999946594238054e+00
8.199999994277954229e+00
8.000000015258789787e+00
7.799999946594238232e+00
8.600000015258789432e+00
7.799999988555907926e+00
7.799999977111816030e+00
8.000000015258789787e+00
8.000000007629394005e+00
8.800000015258788721e+00
7.800000015258788721e+00
7.599999893188476463e+00
7.200000007629394183e+00
8.399999954223632770e+00
7.399999977111816563e+00
8.599999946594238054e+00
7.999999946594238409e+00
8.599999977111815852e+00
7.800000007629394716e+00
7.199999946594238587e+00
7.600000007629394538e+00
7.800000007629394716e+00
6.999999994277954052e+00
7.799999988555907926e+00
7.799999977111816030e+00
7.999999988555908104e+00
7.599999984741210746e+00
7.600000007629394538e+00
7.999999977111816207e+00
7.799999946594238232e+00
7.600000015258789432e+00
7.800000007629394716e+00
8.200000007629395071e+00
7.600000007629394538e+00
8.200000015258789077e+00
7.800000007629394716e+00
8.400000007629394361e+00
7.999999946594238409e+00
8.199999988555907393e+00
7.400000007629394361e+00
7.400000015258789254e+00
7.200000007629394183e+00
8.200000015258789077e+00
8.399999946594238764e+00
7.799999984741210923e+00
7.400000015258789254e+00
7.999999946594238409e+00
8.399999988555908459e+00
7.799999946594238232e+00
8.199999984741211279e+00
7.799999923706054439e+00
7.200000007629394183e+00
9.200000007629395071e+00
8.399999977111816563e+00
7.999999977111816207e+00
7.799999994277953874e+00
8.199999977111817273e+00
7.599999984741210746e+00
8.999999946594238409e+00
7.999999994277954052e+00
7.999999946594238409e+00
8.200000007629395071e+00
7.200000007629394183e+00
7.800000007629394716e+00
8.199999977111817273e+00
7.599999984741210746e+00
8.600000007629393650e+00
7.399999977111816563e+00
7.600000007629394538e+00
7.400000015258789254e+00
7.799999946594238232e+00
7.799999977111816030e+00
7.799999984741210923e+00
7.799999946594238232e+00
8.800000015258788721e+00
7.599999977111816740e+00
7.400000015258789254e+00
7.199999988555908281e+00
8.399999977111816563e+00
8.200000007629395071e+00
7.600000015258789432e+00
8.399999988555908459e+00
7.599999977111816740e+00
8.400000007629394361e+00
7.800000015258788721e+00
7.800000015258788721e+00
8.399999984741210568e+00
7.400000007629394361e+00
7.599999954223632948e+00
7.599999994277953697e+00
8.000000007629394005e+00
7.599999988555908637e+00
7.799999977111816030e+00
8.000000007629394005e+00
7.999999988555908104e+00
7.599999988555908637e+00
8.000000007629394005e+00
7.999999988555908104e+00
7.999999977111816207e+00
8.399999946594238764e+00
7.599999946594238054e+00
7.999999988555908104e+00
7.800000015258788721e+00
8.199999946594237699e+00
7.799999946594238232e+00
8.399999946594238764e+00
7.799999977111816030e+00
7.400000007629394361e+00
9.399999977111816563e+00
7.800000007629394716e+00
7.599999977111816740e+00
7.599999977111816740e+00
7.999999988555908104e+00
7.799999988555907926e+00
8.200000007629395071e+00
7.800000007629394716e+00
7.799999999999999822e+00
7.399999946594237876e+00
8.199999994277954229e+00
8.000000007629394005e+00
7.399999984741210568e+00
7.799999977111816030e+00
7.999999946594238409e+00
7.799999984741210923e+00
8.000000007629394005e+00
8.400000007629394361e+00
7.399999946594237876e+00
7.599999988555908637e+00
8.200000015258789077e+00
7.399999946594237876e+00
8.199999946594237699e+00
8.000000007629394005e+00
7.399999988555908459e+00
7.799999954223633125e+00
7.399999946594237876e+00
9.000000007629394005e+00
7.400000007629394361e+00
7.199999994277954229e+00
8.400000015258788366e+00
7.799999988555907926e+00
7.799999977111816030e+00
7.999999977111816207e+00
8.399999862670897599e+00
8.000000015258789787e+00
8.199999946594237699e+00
7.799999984741210923e+00
8.399999984741210568e+00
8.199999946594237699e+00
7.999999946594238409e+00
8.800000007629394716e+00
7.799999977111816030e+00
7.799999994277953874e+00
7.599999977111816740e+00
8.999999977111816207e+00
7.800000015258788721e+00
7.599999946594238054e+00
7.600000015258789432e+00
8.199999988555907393e+00
7.800000007629394716e+00
7.199999977111816385e+00
8.000000015258789787e+00
7.999999946594238409e+00
7.799999994277953874e+00
7.799999946594238232e+00
8.400000007629394361e+00
7.599999994277953697e+00
7.399999988555908459e+00
8.799999946594239120e+00
7.399999946594237876e+00
7.799999977111816030e+00
7.800000015258788721e+00
8.200000007629395071e+00
8.200000015258789077e+00
7.400000007629394361e+00
8.599999923706054261e+00
8.000000015258789787e+00
7.799999977111816030e+00
7.600000015258789432e+00
7.200000015258789077e+00
7.799999988555907926e+00
7.399999946594237876e+00
7.799999946594238232e+00
7.399999988555908459e+00
7.999999977111816207e+00
7.399999946594237876e+00
7.799999994277953874e+00
8.999999977111816207e+00
7.599999977111816740e+00
7.999999977111816207e+00
7.799999977111816030e+00
8.000000007629394005e+00
8.000000015258789787e+00
8.199999984741211279e+00
8.599999994277954585e+00
7.599999988555908637e+00
7.200000007629394183e+00
7.799999954223633125e+00
8.800000007629394716e+00
7.600000007629394538e+00
8.400000015258788366e+00
7.799999977111816030e+00
7.399999977111816563e+00
7.800000007629394716e+00
8.199999984741211279e+00
7.399999988555908459e+00
7.599999988555908637e+00
7.799999988555907926e+00
8.599999946594238054e+00
7.799999977111816030e+00
9.199999954223633480e+00
7.799999977111816030e+00
7.800000007629394716e+00
8.999999984741210213e+00
7.399999988555908459e+00
7.399999988555908459e+00
8.799999988555908814e+00
7.999999946594238409e+00
7.599999994277953697e+00
7.799999946594238232e+00
7.799999977111816030e+00
9.800000015258788721e+00
7.799999946594238232e+00
7.799999946594238232e+00
7.200000007629394183e+00
7.999999984741211101e+00
7.999999988555908104e+00
7.999999977111816207e+00
7.999999977111816207e+00
7.399999988555908459e+00
7.199999988555908281e+00
8.400000007629394361e+00
7.399999946594237876e+00
7.400000015258789254e+00
7.400000007629394361e+00
8.600000015258789432e+00
8.199999946594237699e+00
8.400000007629394361e+00
8.599999946594238054e+00
7.599999994277953697e+00
7.199999988555908281e+00
8.399999988555908459e+00
7.999999946594238409e+00
8.400000015258788366e+00
8.200000007629395071e+00
7.800000015258788721e+00
9.599999977111815852e+00
8.199999994277954229e+00
7.999999946594238409e+00
7.599999946594238054e+00
8.399999977111816563e+00
8.399999946594238764e+00
7.999999946594238409e+00
8.200000007629395071e+00
7.599999988555908637e+00
8.399999946594238764e+00
8.000000007629394005e+00
7.399999994277954407e+00
8.999999977111816207e+00
7.600000015258789432e+00
8.199999984741211279e+00
7.599999984741210746e+00
7.599999988555908637e+00
8.400000007629394361e+00
8.400000007629394361e+00
8.799999994277953874e+00
7.999999977111816207e+00
7.399999946594237876e+00
8.800000015258788721e+00
7.799999988555907926e+00
7.799999946594238232e+00
7.999999988555908104e+00
8.599999946594238054e+00
7.799999977111816030e+00
7.999999988555908104e+00
7.600000015258789432e+00
7.599999977111816740e+00
8.000000007629394005e+00
7.799999999999999822e+00
7.399999977111816563e+00
7.399999946594237876e+00
8.199999977111817273e+00
7.999999977111816207e+00
8.399999988555908459e+00
7.600000007629394538e+00
7.999999977111816207e+00
8.599999946594238054e+00
7.799999988555907926e+00
9.199999999999999289e+00
7.799999994277953874e+00
7.800000007629394716e+00
8.600000007629393650e+00
8.400000007629394361e+00
8.399999988555908459e+00
7.599999977111816740e+00
7.599999994277953697e+00
8.199999977111817273e+00
7.999999977111816207e+00
8.400000015258788366e+00
8.199999994277954229e+00
8.000000007629394005e+00
8.400000007629394361e+00
8.999999946594238409e+00
7.799999946594238232e+00
7.800000015258788721e+00
7.600000007629394538e+00
7.399999994277954407e+00
7.399999977111816563e+00
7.599999946594238054e+00
7.799999954223633125e+00
8.199999988555907393e+00
7.399999977111816563e+00
8.199999946594237699e+00
7.399999977111816563e+00
8.000000015258789787e+00
7.999999977111816207e+00
8.600000015258789432e+00
7.399999977111816563e+00
7.599999946594238054e+00
7.599999988555908637e+00
7.999999946594238409e+00
8.199999988555907393e+00
8.599999946594238054e+00
7.999999984741211101e+00
7.399999988555908459e+00
7.600000015258789432e+00
7.599999977111816740e+00
7.799999946594238232e+00
7.599999946594238054e+00
7.799999946594238232e+00
7.799999946594238232e+00
7.399999946594237876e+00
7.599999946594238054e+00
7.599999977111816740e+00
7.400000007629394361e+00
7.600000007629394538e+00
7.799999977111816030e+00
7.600000007629394538e+00
7.599999994277953697e+00
7.599999977111816740e+00
8.199999977111817273e+00
7.599999946594238054e+00
8.200000007629395071e+00
7.800000007629394716e+00
7.599999977111816740e+00
8.199999954223633480e+00
8.599999977111815852e+00
7.599999977111816740e+00
8.399999954223632770e+00
7.199999946594238587e+00
7.599999977111816740e+00
7.399999977111816563e+00
7.799999946594238232e+00
7.400000015258789254e+00
7.399999988555908459e+00
8.199999954223633480e+00
7.999999988555908104e+00
7.600000007629394538e+00
7.600000015258789432e+00
7.999999946594238409e+00
8.200000007629395071e+00
7.799999977111816030e+00
8.599999977111815852e+00
7.799999946594238232e+00
7.799999988555907926e+00
7.599999977111816740e+00
7.599999977111816740e+00
7.799999977111816030e+00
7.600000015258789432e+00
7.999999977111816207e+00
7.600000007629394538e+00
7.999999988555908104e+00
7.199999977111816385e+00
7.600000015258789432e+00
7.599999977111816740e+00
7.599999977111816740e+00
8.399999988555908459e+00
8.599999984741211634e+00
7.799999954223633125e+00
7.799999977111816030e+00
7.399999977111816563e+00
8.000000015258789787e+00
8.200000015258789077e+00
8.000000015258789787e+00
7.999999946594238409e+00
8.000000015258789787e+00
8.600000007629393650e+00
7.599999946594238054e+00
7.599999946594238054e+00
7.399999946594237876e+00
8.199999977111817273e+00
7.399999994277954407e+00
7.399999946594237876e+00
7.799999977111816030e+00
7.400000007629394361e+00
8.199999977111817273e+00
7.799999984741210923e+00
7.399999988555908459e+00
7.599999988555908637e+00
7.599999988555908637e+00
7.599999946594238054e+00
7.800000007629394716e+00
7.599999994277953697e+00
7.399999994277954407e+00
7.200000015258789077e+00
8.000000007629394005e+00
7.600000007629394538e+00
8.399999988555908459e+00
7.799999946594238232e+00
7.999999946594238409e+00
7.599999977111816740e+00
7.999999946594238409e+00
8.399999977111816563e+00
7.399999977111816563e+00
8.000000015258789787e+00
7.599999984741210746e+00
7.999999977111816207e+00
7.400000015258789254e+00
7.599999988555908637e+00
8.000000007629394005e+00
7.799999946594238232e+00
8.000000007629394005e+00
7.600000007629394538e+00
8.799999984741210923e+00
7.999999988555908104e+00
7.200000007629394183e+00
7.399999946594237876e+00
7.600000007629394538e+00
7.399999946594237876e+00
7.799999946594238232e+00
7.000000007629394894e+00
7.799999946594238232e+00
8.200000015258789077e+00
8.799999946594239120e+00
7.999999988555908104e+00
7.600000007629394538e+00
8.199999946594237699e+00
7.599999977111816740e+00
7.400000007629394361e+00
7.199999946594238587e+00
9.000000015258789787e+00
8.400000015258788366e+00
7.799999977111816030e+00
7.199999988555908281e+00
7.600000015258789432e+00
8.999999977111816207e+00
7.800000007629394716e+00
7.399999977111816563e+00
7.600000007629394538e+00
7.599999988555908637e+00
7.799999977111816030e+00
7.199999988555908281e+00
7.999999988555908104e+00
8.399999984741210568e+00
7.999999977111816207e+00
8.199999994277954229e+00
8.999999946594238409e+00
8.599999946594238054e+00
8.000000007629394005e+00
7.799999977111816030e+00
8.999999977111816207e+00
7.800000007629394716e+00
7.599999946594238054e+00
7.799999977111816030e+00
7.800000007629394716e+00
8.800000007629394716e+00
7.199999977111816385e+00
7.800000007629394716e+00
8.399999946594238764e+00
8.200000015258789077e+00
7.599999994277953697e+00
7.800000007629394716e+00
8.199999984741211279e+00
7.600000015258789432e+00
7.200000007629394183e+00
7.800000007629394716e+00
8.000000007629394005e+00
7.799999946594238232e+00
8.000000000000000000e+00
8.399999946594238764e+00
8.199999988555907393e+00
7.399999988555908459e+00
8.399999946594238764e+00
7.199999977111816385e+00
8.000000007629394005e+00
8.399999994277953519e+00
8.200000015258789077e+00
7.999999977111816207e+00
8.199999946594237699e+00
8.200000015258789077e+00
7.399999954223632770e+00
7.799999988555907926e+00
7.599999977111816740e+00
8.000000007629394005e+00
7.600000007629394538e+00
7.599999994277953697e+00
7.800000007629394716e+00
7.799999988555907926e+00
8.199999977111817273e+00
8.199999977111817273e+00
8.600000007629393650e+00
7.999999954223632415e+00
7.999999946594238409e+00
8.200000007629395071e+00
8.000000007629394005e+00
7.799999988555907926e+00
7.599999946594238054e+00
7.799999988555907926e+00
8.600000015258789432e+00
7.600000007629394538e+00
7.599999988555908637e+00
7.199999988555908281e+00
7.999999977111816207e+00
7.999999946594238409e+00
8.000000015258789787e+00
8.199999977111817273e+00
7.399999988555908459e+00
7.999999946594238409e+00
8.199999984741211279e+00
7.799999977111816030e+00
7.799999977111816030e+00
8.599999977111815852e+00
7.800000015258788721e+00
7.399999977111816563e+00
7.799999946594238232e+00
7.999999977111816207e+00
7.399999994277954407e+00
7.799999946594238232e+00
8.200000007629395071e+00
8.000000007629394005e+00
7.799999977111816030e+00
6.999999946594238409e+00
7.799999988555907926e+00
8.400000000000000355e+00
7.800000007629394716e+00
8.199999954223633480e+00
7.199999946594238587e+00
8.199999977111817273e+00
7.999999977111816207e+00
7.799999977111816030e+00
8.999999988555908104e+00
8.599999984741211634e+00
7.999999977111816207e+00
8.399999988555908459e+00
7.800000007629394716e+00
8.000000007629394005e+00
8.200000015258789077e+00
7.999999954223632415e+00
7.400000007629394361e+00
7.400000015258789254e+00
8.199999984741211279e+00
7.799999994277953874e+00
8.399999946594238764e+00
8.199999988555907393e+00
9.199999954223633480e+00
7.599999988555908637e+00
7.800000007629394716e+00
7.599999988555908637e+00
7.999999946594238409e+00
7.800000007629394716e+00
7.399999994277954407e+00
7.200000015258789077e+00
7.799999946594238232e+00
7.599999946594238054e+00
8.399999954223632770e+00
8.000000007629394005e+00
7.799999988555907926e+00
7.799999977111816030e+00
7.999999994277954052e+00
7.799999946594238232e+00
8.199999946594237699e+00
8.199999988555907393e+00
8.799999977111816918e+00
7.799999977111816030e+00
7.999999977111816207e+00
8.399999946594238764e+00
7.599999954223632948e+00
7.799999994277953874e+00
7.799999994277953874e+00
8.400000015258788366e+00
7.399999984741210568e+00
7.799999988555907926e+00
7.799999946594238232e+00
7.999999893188476818e+00
7.999999946594238409e+00
7.999999977111816207e+00
7.400000007629394361e+00
8.199999954223633480e+00
8.199999999999999289e+00
7.999999984741211101e+00
8.599999984741211634e+00
8.400000015258788366e+00
7.800000007629394716e+00
7.999999977111816207e+00
7.799999862670898843e+00
7.999999984741211101e+00
7.799999946594238232e+00
9.200000015258789077e+00
8.400000015258788366e+00
7.799999988555907926e+00
7.999999977111816207e+00
8.000000007629394005e+00
8.000000015258789787e+00
8.000000000000000000e+00
7.799999994277953874e+00
8.200000007629395071e+00
7.399999994277954407e+00
8.799999946594239120e+00
7.799999977111816030e+00
8.199999946594237699e+00
7.999999988555908104e+00
8.999999984741210213e+00
7.800000007629394716e+00
7.599999946594238054e+00
7.800000007629394716e+00
8.000000015258789787e+00
8.199999946594237699e+00
7.800000007629394716e+00
8.000000007629394005e+00
8.399999954223632770e+00
7.999999988555908104e+00
8.200000015258789077e+00
7.799999977111816030e+00
8.200000015258789077e+00
8.399999988555908459e+00
7.999999988555908104e+00
7.799999984741210923e+00
8.000000007629394005e+00
8.000000007629394005e+00
7.800000007629394716e+00
8.400000015258788366e+00
8.000000007629394005e+00
8.800000000000000711e+00
8.000000015258789787e+00
7.799999988555907926e+00
7.799999988555907926e+00
7.599999946594238054e+00
8.600000007629393650e+00
8.600000015258789432e+00
7.799999954223633125e+00
8.599999977111815852e+00
7.599999946594238054e+00
7.999999984741211101e+00
8.000000007629394005e+00
7.799999994277953874e+00
7.399999946594237876e+00
7.399999977111816563e+00
7.799999923706054439e+00
9.000000007629394005e+00
7.799999988555907926e+00
7.799999988555907926e+00
7.799999977111816030e+00
7.799999994277953874e+00
7.799999977111816030e+00
7.600000007629394538e+00
8.200000015258789077e+00
8.399999977111816563e+00
8.199999977111817273e+00
7.800000007629394716e+00
7.999999977111816207e+00
8.000000007629394005e+00
8.199999977111817273e+00
7.799999954223633125e+00
7.999999988555908104e+00
7.799999946594238232e+00
8.199999994277954229e+00
8.399999977111816563e+00
7.999999946594238409e+00
8.000000007629394005e+00
7.999999977111816207e+00
7.599999977111816740e+00
7.999999946594238409e+00
8.400000007629394361e+00
8.599999977111815852e+00
7.799999977111816030e+00
7.999999946594238409e+00
7.999999977111816207e+00
7.999999994277954052e+00
7.999999994277954052e+00
8.199999984741211279e+00
7.999999946594238409e+00
8.000000007629394005e+00
8.000000007629394005e+00
8.200000007629395071e+00
7.599999984741210746e+00
7.799999977111816030e+00
8.999999977111816207e+00
8.799999977111816918e+00
8.199999984741211279e+00
7.999999988555908104e+00
7.599999946594238054e+00
7.800000015258788721e+00
7.400000000000000355e+00
7.999999977111816207e+00
8.000000015258789787e+00
7.599999988555908637e+00
8.400000015258788366e+00
8.599999954223632059e+00
7.999999977111816207e+00
8.399999977111816563e+00
7.800000007629394716e+00
8.199999994277954229e+00
7.800000007629394716e+00
8.399999994277953519e+00
8.000000007629394005e+00
8.399999977111816563e+00
8.200000007629395071e+00
8.199999988555907393e+00
7.799999946594238232e+00
8.199999988555907393e+00
8.199999994277954229e+00
8.399999988555908459e+00
7.600000007629394538e+00
8.399999946594238764e+00
7.999999946594238409e+00
7.799999977111816030e+00
8.199999984741211279e+00
8.000000007629394005e+00
8.000000007629394005e+00
8.200000007629395071e+00
7.999999988555908104e+00
8.199999946594237699e+00
8.799999984741210923e+00
7.600000007629394538e+00
8.400000007629394361e+00
7.800000015258788721e+00
8.600000015258789432e+00
9.000000015258789787e+00
8.200000007629395071e+00
7.999999954223632415e+00
8.199999946594237699e+00
7.799999984741210923e+00
7.999999994277954052e+00
8.199999988555907393e+00
8.599999977111815852e+00
8.400000007629394361e+00
7.799999977111816030e+00
7.999999977111816207e+00
8.399999977111816563e+00
7.199999977111816385e+00
8.200000007629395071e+00
8.199999977111817273e+00
8.199999988555907393e+00
8.199999946594237699e+00
7.000000007629394894e+00
7.799999977111816030e+00
8.199999946594237699e+00
8.599999984741211634e+00
7.799999946594238232e+00
7.600000007629394538e+00
8.200000015258789077e+00
7.799999977111816030e+00
8.200000015258789077e+00
8.199999954223633480e+00
8.000000007629394005e+00
8.399999977111816563e+00
8.599999988555907748e+00
8.199999977111817273e+00
7.999999988555908104e+00
8.400000030517578153e+00
6.800000015258788721e+00
8.599999946594238054e+00
7.799999977111816030e+00
7.800000015258788721e+00
7.999999977111816207e+00
8.400000007629394361e+00
8.799999977111816918e+00
8.199999977111817273e+00
7.999999954223632415e+00
8.199999977111817273e+00
8.399999988555908459e+00
7.600000015258789432e+00
7.800000015258788721e+00
7.999999954223632415e+00
7.600000007629394538e+00
8.199999946594237699e+00
8.199999988555907393e+00
8.600000007629393650e+00
7.999999977111816207e+00
8.200000015258789077e+00
8.800000015258788721e+00
8.399999977111816563e+00
7.399999977111816563e+00
7.799999984741210923e+00
8.800000015258788721e+00
8.200000007629395071e+00
7.599999946594238054e+00
8.199999977111817273e+00
7.999999946594238409e+00
7.999999946594238409e+00
8.000000015258789787e+00
8.599999988555907748e+00
8.399999988555908459e+00
7.799999946594238232e+00
8.000000007629394005e+00
7.799999977111816030e+00
8.200000007629395071e+00
8.400000015258788366e+00
8.599999977111815852e+00
7.999999946594238409e+00
7.399999977111816563e+00
7.999999946594238409e+00
7.599999984741210746e+00
7.199999977111816385e+00
8.399999977111816563e+00
7.800000007629394716e+00
7.999999994277954052e+00
7.799999977111816030e+00
9.000000015258789787e+00
7.999999977111816207e+00
7.999999988555908104e+00
7.799999977111816030e+00
8.399999946594238764e+00
7.799999988555907926e+00
8.399999988555908459e+00
7.800000015258788721e+00
7.999999994277954052e+00
8.199999977111817273e+00
7.799999946594238232e+00
7.000000007629394894e+00
8.000000015258789787e+00
6.999999994277954052e+00
8.200000007629395071e+00
8.400000007629394361e+00
7.599999946594238054e+00
8.399999977111816563e+00
8.799999977111816918e+00
7.999999946594238409e+00
8.399999984741210568e+00
6.999999988555908104e+00
8.000000007629394005e+00
8.800000007629394716e+00
8.400000007629394361e+00
7.800000015258788721e+00
7.400000007629394361e+00
7.799999954223633125e+00
8.600000007629393650e+00
8.600000007629393650e+00
7.799999977111816030e+00
8.399999954223632770e+00
8.199999977111817273e+00
8.600000015258789432e+00
7.799999946594238232e+00
8.000000015258789787e+00
8.400000007629394361e+00
7.800000007629394716e+00
8.200000007629395071e+00
7.799999988555907926e+00
7.999999994277954052e+00
8.799999988555908814e+00
8.199999994277954229e+00
7.800000007629394716e+00
7.799999977111816030e+00
7.399999984741210568e+00
8.399999988555908459e+00
8.999999977111816207e+00
8.200000007629395071e+00
7.800000007629394716e+00
8.399999994277953519e+00
7.399999994277954407e+00
8.599999994277954585e+00
7.599999954223632948e+00
8.199999984741211279e+00
8.399999977111816563e+00
8.600000007629393650e+00
8.000000007629394005e+00
8.599999994277954585e+00
8.199999946594237699e+00
8.199999977111817273e+00
7.600000015258789432e+00
9.600000007629393650e+00
7.800000007629394716e+00
7.999999977111816207e+00
7.399999988555908459e+00
8.599999994277954585e+00
8.999999984741210213e+00
7.799999946594238232e+00
8.400000007629394361e+00
8.199999988555907393e+00
7.399999946594237876e+00
7.000000007629394894e+00
7.000000000000000000e+00
7.599999946594238054e+00
8.000000007629394005e+00
8.600000015258789432e+00
8.599999977111815852e+00
8.399999988555908459e+00
8.199999946594237699e+00
8.000000015258789787e+00
8.000000015258789787e+00
7.399999994277954407e+00
8.199999977111817273e+00
8.399999946594238764e+00
8.199999984741211279e+00
7.600000007629394538e+00
8.000000007629394005e+00
8.199999946594237699e+00
7.600000015258789432e+00
7.999999988555908104e+00
8.599999977111815852e+00
8.599999977111815852e+00
8.199999977111817273e+00
8.000000007629394005e+00
8.199999977111817273e+00
7.599999977111816740e+00
8.399999984741210568e+00
8.599999977111815852e+00
7.999999988555908104e+00
7.799999946594238232e+00
8.199999988555907393e+00
7.999999946594238409e+00
8.399999954223632770e+00
7.799999946594238232e+00
8.199999984741211279e+00
8.999999994277954940e+00
7.599999946594238054e+00
8.199999988555907393e+00
8.000000007629394005e+00
7.599999984741210746e+00
8.399999977111816563e+00
8.199999977111817273e+00
8.599999946594238054e+00
8.400000007629394361e+00
8.199999946594237699e+00
8.599999977111815852e+00
8.799999977111816918e+00
8.000000015258789787e+00
7.599999988555908637e+00
8.599999988555907748e+00
8.000000007629394005e+00
7.199999977111816385e+00
7.600000007629394538e+00
8.199999946594237699e+00
8.199999946594237699e+00
8.200000015258789077e+00
9.599999977111815852e+00
8.400000015258788366e+00
8.399999988555908459e+00
8.399999946594238764e+00
8.399999946594238764e+00
8.599999988555907748e+00
7.999999977111816207e+00
8.599999954223632059e+00
8.400000007629394361e+00
8.599999977111815852e+00
8.799999977111816918e+00
8.399999988555908459e+00
8.000000007629394005e+00
8.199999977111817273e+00
7.800000007629394716e+00
8.399999977111816563e+00
8.400000015258788366e+00
8.399999946594238764e+00
8.199999946594237699e+00
8.600000007629393650e+00
7.800000015258788721e+00
8.400000007629394361e+00
8.199999946594237699e+00
8.200000007629395071e+00
7.999999946594238409e+00
8.400000007629394361e+00
7.999999984741211101e+00
8.400000007629394361e+00
9.399999984741210568e+00
8.200000007629395071e+00
6.999999988555908104e+00
8.200000007629395071e+00
8.599999977111815852e+00
9.399999946594238764e+00
7.999999954223632415e+00
8.599999946594238054e+00
8.199999977111817273e+00
8.400000007629394361e+00
8.199999862670898310e+00
7.999999988555908104e+00
8.199999946594237699e+00
8.600000007629393650e+00
8.200000007629395071e+00
7.600000007629394538e+00
7.600000007629394538e+00
8.400000015258788366e+00
7.799999977111816030e+00
7.999999946594238409e+00
7.999999977111816207e+00
8.599999988555907748e+00
8.600000007629393650e+00
7.599999977111816740e+00
8.200000015258789077e+00
8.199999994277954229e+00
8.600000007629393650e+00
7.799999946594238232e+00
8.799999994277953874e+00
8.000000015258789787e+00
8.000000015258789787e+00
8.199999988555907393e+00
7.999999946594238409e+00
7.999999954223632415e+00
7.399999977111816563e+00
7.999999946594238409e+00
8.199999988555907393e+00
8.200000015258789077e+00
8.199999954223633480e+00
7.599999977111816740e+00
7.599999946594238054e+00
7.399999984741210568e+00
7.199999988555908281e+00
7.599999977111816740e+00
8.199999977111817273e+00
8.400000015258788366e+00
8.399999984741210568e+00
8.200000007629395071e+00
8.600000015258789432e+00
8.400000007629394361e+00
8.599999946594238054e+00
8.200000007629395071e+00
7.999999988555908104e+00
8.199999946594237699e+00
8.399999977111816563e+00
7.799999946594238232e+00
7.799999984741210923e+00
8.000000015258789787e+00
7.599999988555908637e+00
8.600000007629393650e+00
8.200000007629395071e+00
8.399999946594238764e+00
7.400000007629394361e+00
8.399999946594238764e+00
8.399999977111816563e+00
7.199999977111816385e+00
8.599999988555907748e+00
8.000000007629394005e+00
8.600000007629393650e+00
8.399999977111816563e+00
8.599999977111815852e+00
8.000000007629394005e+00
8.199999946594237699e+00
7.999999988555908104e+00
6.799999977111816030e+00
8.399999977111816563e+00
7.999999946594238409e+00
8.399999946594238764e+00
6.999999994277954052e+00
6.799999988555907926e+00
7.799999946594238232e+00
7.399999994277954407e+00
7.799999977111816030e+00
8.399999988555908459e+00
8.600000015258789432e+00
8.799999977111816918e+00
8.199999988555907393e+00
9.199999984741211279e+00
7.999999988555908104e+00
8.199999977111817273e+00
7.199999946594238587e+00
8.599999984741211634e+00
8.399999984741210568e+00
9.199999984741211279e+00
7.200000007629394183e+00
8.399999977111816563e+00
7.600000007629394538e+00
9.199999977111817273e+00
7.999999984741211101e+00
8.400000015258788366e+00
8.399999988555908459e+00
8.399999977111816563e+00
7.599999923706054261e+00
8.000000007629394005e+00
8.399999977111816563e+00
8.399999977111816563e+00
8.199999946594237699e+00
8.799999977111816918e+00
8.199999977111817273e+00
8.200000007629395071e+00
8.200000007629395071e+00
8.600000007629393650e+00
8.000000007629394005e+00
8.799999984741210923e+00
8.199999954223633480e+00
8.199999977111817273e+00
7.999999977111816207e+00
8.000000007629394005e+00
7.999999994277954052e+00
9.199999946594237699e+00
8.199999977111817273e+00
8.400000015258788366e+00
7.999999946594238409e+00
8.199999977111817273e+00
8.199999946594237699e+00
7.999999946594238409e+00
7.799999988555907926e+00
8.400000015258788366e+00
8.399999946594238764e+00
7.800000015258788721e+00
7.999999946594238409e+00
7.599999977111816740e+00
7.599999977111816740e+00
8.599999988555907748e+00
8.199999988555907393e+00
8.199999988555907393e+00
7.400000015258789254e+00
7.199999946594238587e+00
8.000000007629394005e+00
7.199999977111816385e+00
8.599999946594238054e+00
7.599999994277953697e+00
8.800000015258788721e+00
7.199999977111816385e+00
8.000000015258789787e+00
8.400000007629394361e+00
8.999999994277954940e+00
8.599999984741211634e+00
8.799999984741210923e+00
9.200000007629395071e+00
7.399999988555908459e+00
7.200000007629394183e+00
8.199999988555907393e+00
8.599999946594238054e+00
7.999999984741211101e+00
8.399999977111816563e+00
8.399999977111816563e+00
7.400000007629394361e+00
8.799999946594239120e+00
7.800000007629394716e+00
8.399999977111816563e+00
7.800000007629394716e+00
6.799999988555907926e+00
8.799999984741210923e+00
8.199999977111817273e+00
8.799999977111816918e+00
8.599999994277954585e+00
8.200000007629395071e+00
8.199999988555907393e+00
7.799999946594238232e+00
6.999999946594238409e+00
8.399999946594238764e+00
9.599999988555907748e+00
8.400000007629394361e+00
8.200000015258789077e+00
8.399999994277953519e+00
8.400000015258788366e+00
9.199999954223633480e+00
7.599999977111816740e+00
8.400000007629394361e+00
7.999999988555908104e+00
8.199999988555907393e+00
8.199999893188476108e+00
8.799999977111816918e+00
8.199999946594237699e+00
8.400000015258788366e+00
8.600000007629393650e+00
7.999999994277954052e+00
7.199999977111816385e+00
7.199999994277954229e+00
8.400000015258788366e+00
7.399999946594237876e+00
9.199999946594237699e+00
8.199999893188476108e+00
8.999999946594238409e+00
8.199999984741211279e+00
8.200000007629395071e+00
7.999999988555908104e+00
7.799999977111816030e+00
8.200000007629395071e+00
8.599999984741211634e+00
9.000000007629394005e+00
7.599999994277953697e+00
8.599999988555907748e+00
7.400000007629394361e+00
8.199999977111817273e+00
7.999999994277954052e+00
7.200000015258789077e+00
8.800000007629394716e+00
8.199999946594237699e+00
9.000000015258789787e+00
8.200000015258789077e+00
1.039999992370605497e+01
7.799999984741210923e+00
7.999999984741211101e+00
8.600000007629393650e+00
7.799999984741210923e+00
7.999999988555908104e+00
7.399999946594237876e+00
7.999999988555908104e+00
8.599999984741211634e+00
7.399999954223632770e+00
8.399999946594238764e+00
7.999999988555908104e+00
8.199999946594237699e+00
8.399999988555908459e+00
7.399999988555908459e+00
7.399999977111816563e+00
9.199999994277954229e+00
8.399999984741210568e+00
8.399999984741210568e+00
8.199999977111817273e+00
7.399999946594237876e+00
7.799999984741210923e+00
7.800000015258788721e+00
8.599999946594238054e+00
7.399999946594237876e+00
7.799999984741210923e+00
8.000000007629394005e+00
8.199999946594237699e+00
8.000000007629394005e+00
7.600000007629394538e+00
7.399999994277954407e+00
9.200000015258789077e+00
7.799999977111816030e+00
8.599999923706054261e+00
8.399999954223632770e+00
8.199999923706053906e+00
8.599999923706054261e+00
8.200000007629395071e+00
8.599999946594238054e+00
8.400000015258788366e+00
8.200000007629395071e+00
7.399999988555908459e+00
8.399999946594238764e+00
7.399999988555908459e+00
7.599999946594238054e+00
7.599999977111816740e+00
8.400000015258788366e+00
7.799999988555907926e+00
8.399999977111816563e+00
8.600000015258789432e+00
8.199999984741211279e+00
8.399999988555908459e+00
7.799999977111816030e+00
7.200000007629394183e+00
8.199999977111817273e+00
8.200000015258789077e+00
8.199999988555907393e+00
8.199999977111817273e+00
7.400000000000000355e+00
8.000000015258789787e+00
7.799999977111816030e+00
8.799999988555908814e+00
8.399999893188477174e+00
8.799999946594239120e+00
7.799999994277953874e+00
8.400000007629394361e+00
8.799999923706055327e+00
7.599999946594238054e+00
8.199999946594237699e+00
6.799999946594238232e+00
8.199999988555907393e+00
6.799999977111816030e+00
8.600000007629393650e+00
8.599999994277954585e+00
7.999999977111816207e+00
8.199999988555907393e+00
8.599999988555907748e+00
7.199999946594238587e+00
8.799999977111816918e+00
7.800000007629394716e+00
8.799999988555908814e+00
8.400000007629394361e+00
7.799999988555907926e+00
8.399999946594238764e+00
7.000000007629394894e+00
8.799999946594239120e+00
7.799999988555907926e+00
6.799999988555907926e+00
6.600000007629394538e+00
8.599999946594238054e+00
7.999999988555908104e+00
7.999999988555908104e+00
8.399999988555908459e+00
7.599999946594238054e+00
7.800000015258788721e+00
8.800000007629394716e+00
7.999999946594238409e+00
8.399999984741210568e+00
7.999999994277954052e+00
8.000000015258789787e+00
7.600000007629394538e+00
8.600000007629393650e+00
8.799999984741210923e+00
8.799999977111816918e+00
8.000000015258789787e+00
8.600000007629393650e+00
7.799999988555907926e+00
8.199999988555907393e+00
7.800000007629394716e+00
7.799999988555907926e+00
7.599999977111816740e+00
8.200000015258789077e+00
7.999999977111816207e+00
8.200000007629395071e+00
8.599999977111815852e+00
8.599999988555907748e+00
8.199999977111817273e+00
8.999999984741210213e+00
7.799999977111816030e+00
8.399999988555908459e+00
8.399999988555908459e+00
8.799999977111816918e+00
7.999999946594238409e+00
7.799999977111816030e+00
8.799999977111816918e+00
7.199999994277954229e+00
7.999999977111816207e+00
7.800000007629394716e+00
8.000000015258789787e+00
7.400000007629394361e+00
8.000000015258789787e+00
7.199999994277954229e+00
8.199999988555907393e+00
8.400000015258788366e+00
8.599999977111815852e+00
8.199999994277954229e+00
7.400000000000000355e+00
7.200000007629394183e+00
8.199999977111817273e+00
8.800000007629394716e+00
7.200000007629394183e+00
8.400000015258788366e+00
8.599999946594238054e+00
7.800000007629394716e+00
8.999999977111816207e+00
7.799999977111816030e+00
8.199999988555907393e+00
8.199999977111817273e+00
7.600000015258789432e+00
7.199999946594238587e+00
8.999999923706054616e+00
8.599999988555907748e+00
9.199999988555907393e+00
8.800000007629394716e+00
8.199999977111817273e+00
7.599999988555908637e+00
8.200000007629395071e+00
8.199999977111817273e+00
8.399999984741210568e+00
7.800000015258788721e+00
8.000000015258789787e+00
7.399999977111816563e+00
8.199999988555907393e+00
8.800000015258788721e+00
9.399999977111816563e+00
7.599999946594238054e+00
7.999999988555908104e+00
8.199999946594237699e+00
8.400000007629394361e+00
7.999999988555908104e+00
8.200000007629395071e+00
8.400000015258788366e+00
8.399999977111816563e+00
8.399999946594238764e+00
7.599999977111816740e+00
8.199999946594237699e+00
7.799999977111816030e+00
7.599999988555908637e+00
8.200000015258789077e+00
7.999999946594238409e+00
7.599999977111816740e+00
8.200000007629395071e+00
7.999999977111816207e+00
8.000000007629394005e+00
8.199999977111817273e+00
8.399999954223632770e+00
7.200000007629394183e+00
8.199999946594237699e+00
8.200000007629395071e+00
7.399999977111816563e+00
8.400000007629394361e+00
7.200000007629394183e+00
8.200000007629395071e+00
7.199999988555908281e+00
8.799999994277953874e+00
7.999999946594238409e+00
7.999999977111816207e+00
7.599999988555908637e+00
8.399999984741210568e+00
8.199999988555907393e+00
7.999999977111816207e+00
8.799999988555908814e+00
8.399999988555908459e+00
8.799999946594239120e+00
7.600000007629394538e+00
8.599999946594238054e+00
8.599999977111815852e+00
8.199999946594237699e+00
7.999999946594238409e+00
8.600000030517577443e+00
8.400000007629394361e+00
7.999999984741211101e+00
6.400000007629394361e+00
8.199999977111817273e+00
8.000000000000000000e+00
8.200000007629395071e+00
8.399999946594238764e+00
7.599999977111816740e+00
7.599999988555908637e+00
8.800000015258788721e+00
8.600000007629393650e+00
7.399999946594237876e+00
8.200000007629395071e+00
7.599999946594238054e+00
7.799999977111816030e+00
8.199999984741211279e+00
7.599999977111816740e+00
7.799999946594238232e+00
8.399999946594238764e+00
7.199999977111816385e+00
7.600000015258789432e+00
8.199999946594237699e+00
8.199999977111817273e+00
8.399999977111816563e+00
8.399999984741210568e+00
8.600000007629393650e+00
8.199999988555907393e+00
8.199999946594237699e+00
7.599999977111816740e+00
8.200000007629395071e+00
7.600000007629394538e+00
7.999999994277954052e+00
7.199999988555908281e+00
7.400000007629394361e+00
8.199999988555907393e+00
7.199999977111816385e+00
8.800000007629394716e+00
8.199999954223633480e+00
8.399999994277953519e+00
7.599999988555908637e+00
8.400000007629394361e+00
8.600000015258789432e+00
7.999999954223632415e+00
6.999999977111816207e+00
8.599999946594238054e+00
7.799999977111816030e+00
8.999999946594238409e+00
8.999999988555908104e+00
7.999999994277954052e+00
8.600000015258789432e+00
8.599999946594238054e+00
8.400000015258788366e+00
7.999999977111816207e+00
7.799999984741210923e+00
7.999999988555908104e+00
7.999999977111816207e+00
8.399999977111816563e+00
7.999999988555908104e+00
8.800000007629394716e+00
7.000000007629394894e+00
7.799999977111816030e+00
7.999999988555908104e+00
8.199999988555907393e+00
8.999999984741210213e+00
8.199999977111817273e+00
6.999999984741211101e+00
7.799999984741210923e+00
7.999999946594238409e+00
8.599999988555907748e+00
6.999999988555908104e+00
7.399999954223632770e+00
7.800000015258788721e+00
8.599999977111815852e+00
8.199999954223633480e+00
7.599999984741210746e+00
7.600000015258789432e+00
9.000000015258789787e+00
8.999999946594238409e+00
8.399999946594238764e+00
8.599999984741211634e+00
8.399999946594238764e+00
8.399999977111816563e+00
8.000000015258789787e+00
8.600000007629393650e+00
7.599999946594238054e+00
7.799999954223633125e+00
8.399999946594238764e+00
7.999999977111816207e+00
8.400000007629394361e+00
7.599999977111816740e+00
7.999999977111816207e+00
7.999999946594238409e+00
8.199999988555907393e+00
8.399999862670897599e+00
7.799999977111816030e+00
7.999999977111816207e+00
8.599999999999999645e+00
7.199999954223632592e+00
7.999999954223632415e+00
7.200000007629394183e+00
8.200000007629395071e+00
7.399999946594237876e+00
7.799999977111816030e+00
8.599999984741211634e+00
8.400000015258788366e+00
8.599999946594238054e+00
7.999999946594238409e+00
7.799999984741210923e+00
7.800000007629394716e+00
8.199999984741211279e+00
8.800000015258788721e+00
8.200000007629395071e+00
8.400000015258788366e+00
8.199999988555907393e+00
8.599999988555907748e+00
8.799999984741210923e+00
7.799999988555907926e+00
8.000000007629394005e+00
7.399999977111816563e+00
8.399999994277953519e+00
6.799999977111816030e+00
8.799999954223633125e+00
7.799999946594238232e+00
8.199999988555907393e+00
7.400000007629394361e+00
8.399999977111816563e+00
7.599999977111816740e+00
8.200000015258789077e+00
8.399999946594238764e+00
8.399999946594238764e+00
7.199999977111816385e+00
8.400000007629394361e+00
7.999999984741211101e+00
8.600000007629393650e+00
8.199999977111817273e+00
7.999999954223632415e+00
8.399999977111816563e+00
9.200000015258789077e+00
7.599999977111816740e+00
8.199999946594237699e+00
8.199999988555907393e+00
7.399999977111816563e+00
7.200000015258789077e+00
8.000000015258789787e+00
8.399999977111816563e+00
8.799999977111816918e+00
8.999999988555908104e+00
8.399999984741210568e+00
8.599999954223632059e+00
7.199999977111816385e+00
7.799999977111816030e+00
8.199999954223633480e+00
8.999999994277954940e+00
7.799999999999999822e+00
8.800000007629394716e+00
7.799999977111816030e+00
6.999999988555908104e+00
8.600000007629393650e+00
8.600000015258789432e+00
8.199999946594237699e+00
7.999999946594238409e+00
7.400000007629394361e+00
8.600000015258789432e+00
8.199999988555907393e+00
8.800000015258788721e+00
7.599999988555908637e+00
8.199999977111817273e+00
7.600000007629394538e+00
6.400000007629394361e+00
9.199999946594237699e+00
7.599999954223632948e+00
8.599999946594238054e+00
7.399999994277954407e+00
8.599999977111815852e+00
8.199999946594237699e+00
7.999999994277954052e+00
8.200000007629395071e+00
8.199999977111817273e+00
8.399999988555908459e+00
8.000000007629394005e+00
7.200000007629394183e+00
7.999999988555908104e+00
8.399999946594238764e+00
8.200000007629395071e+00
8.800000015258788721e+00
8.400000007629394361e+00
8.200000015258789077e+00
7.600000015258789432e+00
8.800000015258788721e+00
8.799999977111816918e+00
8.199999984741211279e+00
8.200000015258789077e+00
7.599999977111816740e+00
7.999999988555908104e+00
7.399999946594237876e+00
7.999999946594238409e+00
8.199999977111817273e+00
8.799999946594239120e+00
8.000000007629394005e+00
7.999999984741211101e+00
8.000000007629394005e+00
8.199999988555907393e+00
7.599999988555908637e+00
7.999999977111816207e+00
7.999999988555908104e+00
7.400000007629394361e+00
8.000000007629394005e+00
7.800000007629394716e+00
8.200000007629395071e+00
7.399999988555908459e+00
8.000000015258789787e+00
8.399999946594238764e+00
8.200000007629395071e+00
7.799999923706054439e+00
7.999999946594238409e+00
8.400000015258788366e+00
9.399999988555908459e+00
8.199999984741211279e+00
8.400000015258788366e+00
8.000000015258789787e+00
8.000000007629394005e+00
7.200000015258789077e+00
7.399999946594237876e+00
8.199999946594237699e+00
8.199999977111817273e+00
9.399999946594238764e+00
7.799999977111816030e+00
8.199999977111817273e+00
8.399999988555908459e+00
7.799999977111816030e+00
7.599999946594238054e+00
8.399999988555908459e+00
7.799999946594238232e+00
7.999999984741211101e+00
8.199999988555907393e+00
8.799999988555908814e+00
8.000000015258789787e+00
9.200000007629395071e+00
9.400000015258788366e+00
6.999999988555908104e+00
8.399999984741210568e+00
7.999999977111816207e+00
9.199999977111817273e+00
7.799999994277953874e+00
8.200000015258789077e+00
8.199999994277954229e+00
7.799999988555907926e+00
8.199999984741211279e+00
8.400000007629394361e+00
8.399999946594238764e+00
7.799999984741210923e+00
9.199999977111817273e+00
7.600000007629394538e+00
7.799999977111816030e+00
8.200000007629395071e+00
8.399999994277953519e+00
8.600000015258789432e+00
8.199999977111817273e+00
8.599999977111815852e+00
8.399999954223632770e+00
8.199999977111817273e+00
7.599999946594238054e+00
7.799999988555907926e+00
7.600000007629394538e+00
8.399999946594238764e+00
5.799999988555907926e+00
8.600000007629393650e+00
8.400000015258788366e+00
7.600000015258789432e+00
8.799999893188475752e+00
8.000000015258789787e+00
7.600000007629394538e+00
8.599999988555907748e+00
8.400000015258788366e+00
7.999999977111816207e+00
8.000000015258789787e+00
8.599999977111815852e+00
6.599999988555908637e+00
7.800000007629394716e+00
8.000000007629394005e+00
8.000000015258789787e+00
8.799999893188475752e+00
7.799999946594238232e+00
8.199999954223633480e+00
8.799999946594239120e+00
8.799999977111816918e+00
8.999999923706054616e+00
8.199999977111817273e+00
8.399999977111816563e+00
8.000000015258789787e+00
7.399999946594237876e+00
6.599999977111816740e+00
7.999999946594238409e+00
7.799999988555907926e+00
8.800000007629394716e+00
7.600000007629394538e+00
7.399999994277954407e+00
8.000000007629394005e+00
7.599999988555908637e+00
7.599999946594238054e+00
7.399999988555908459e+00
9.599999954223632059e+00
8.199999977111817273e+00
7.599999977111816740e+00
9.799999988555908814e+00
7.999999984741211101e+00
7.399999977111816563e+00
8.399999977111816563e+00
7.999999994277954052e+00
7.999999977111816207e+00
8.399999946594238764e+00
8.000000015258789787e+00
8.399999988555908459e+00
8.199999946594237699e+00
7.799999988555907926e+00
9.199999977111817273e+00
8.400000015258788366e+00
8.199999994277954229e+00
8.199999994277954229e+00
7.999999946594238409e+00
7.400000015258789254e+00
7.999999988555908104e+00
8.200000015258789077e+00
8.199999977111817273e+00
7.199999977111816385e+00
7.399999977111816563e+00
8.799999988555908814e+00
7.999999984741211101e+00
8.200000007629395071e+00
8.400000007629394361e+00
8.199999984741211279e+00
8.799999977111816918e+00
8.399999977111816563e+00
9.200000015258789077e+00
7.800000015258788721e+00
7.799999923706054439e+00
7.800000007629394716e+00
8.199999988555907393e+00
7.599999988555908637e+00
8.799999946594239120e+00
8.800000015258788721e+00
8.799999977111816918e+00
7.999999977111816207e+00
7.199999994277954229e+00
8.399999977111816563e+00
8.599999946594238054e+00
8.799999988555908814e+00
8.199999988555907393e+00
5.800000007629394716e+00
8.199999977111817273e+00
8.399999977111816563e+00
8.400000015258788366e+00
8.199999984741211279e+00
8.599999984741211634e+00
8.199999977111817273e+00
8.599999977111815852e+00
8.599999988555907748e+00
8.600000007629393650e+00
8.199999988555907393e+00
8.600000015258789432e+00
7.799999946594238232e+00
7.799999977111816030e+00
7.399999946594237876e+00
8.199999977111817273e+00
9.000000007629394005e+00
8.399999984741210568e+00
7.600000015258789432e+00
7.599999988555908637e+00
7.399999946594237876e+00
8.400000007629394361e+00
8.199999994277954229e+00
9.399999946594238764e+00
8.599999988555907748e+00
8.399999984741210568e+00
8.399999946594238764e+00
7.999999977111816207e+00
7.999999977111816207e+00
8.399999946594238764e+00
8.000000007629394005e+00
7.799999994277953874e+00
7.799999946594238232e+00
8.199999994277954229e+00
7.199999977111816385e+00
7.999999988555908104e+00
9.000000007629394005e+00
8.199999984741211279e+00
8.799999946594239120e+00
8.000000015258789787e+00
8.599999946594238054e+00
6.999999988555908104e+00
9.399999954223632770e+00
8.799999954223633125e+00
8.399999946594238764e+00
7.399999977111816563e+00
7.999999977111816207e+00
7.600000007629394538e+00
8.000000015258789787e+00
8.399999984741210568e+00
7.199999994277954229e+00
7.400000015258789254e+00
8.600000007629393650e+00
8.199999994277954229e+00
8.600000007629393650e+00
8.199999977111817273e+00
7.999999977111816207e+00
8.199999946594237699e+00
7.599999946594238054e+00
8.400000015258788366e+00
7.999999977111816207e+00
9.199999988555907393e+00
8.599999994277954585e+00
8.199999977111817273e+00
9.200000007629395071e+00
8.599999977111815852e+00
8.200000015258789077e+00
7.200000015258789077e+00
8.999999977111816207e+00
7.999999984741211101e+00
8.200000007629395071e+00
7.200000007629394183e+00
5.599999994277953697e+00
7.999999988555908104e+00
8.599999977111815852e+00
8.600000007629393650e+00
9.000000015258789787e+00
9.599999977111815852e+00
8.399999984741210568e+00
1.079999998474121092e+01
8.999999862670899020e+00
8.399999977111816563e+00
7.399999994277954407e+00
8.400000007629394361e+00
8.000000007629394005e+00
7.599999999999999645e+00
7.999999984741211101e+00
8.800000015258788721e+00
7.399999994277954407e+00
7.800000007629394716e+00
8.399999977111816563e+00
7.399999977111816563e+00
7.599999977111816740e+00
8.399999893188477174e+00
8.200000007629395071e+00
8.399999977111816563e+00
8.000000007629394005e+00
7.999999988555908104e+00
7.999999984741211101e+00
7.799999988555907926e+00
8.199999977111817273e+00
8.000000015258789787e+00
8.599999954223632059e+00
7.600000015258789432e+00
8.199999977111817273e+00
8.599999984741211634e+00
8.199999988555907393e+00
7.599999977111816740e+00
8.399999946594238764e+00
7.599999946594238054e+00
8.000000007629394005e+00
8.799999984741210923e+00
8.599999984741211634e+00
7.999999946594238409e+00
8.199999954223633480e+00
7.600000015258789432e+00
8.199999988555907393e+00
8.599999923706054261e+00
9.399999954223632770e+00
9.000000015258789787e+00
8.999999946594238409e+00
8.399999984741210568e+00
7.999999984741211101e+00
8.599999977111815852e+00
7.999999984741211101e+00
8.199999988555907393e+00
7.800000015258788721e+00
8.199999946594237699e+00
8.000000015258789787e+00
8.399999988555908459e+00
9.200000007629395071e+00
7.999999977111816207e+00
8.599999946594238054e+00
8.599999977111815852e+00
8.400000007629394361e+00
8.000000007629394005e+00
9.199999988555907393e+00
1.099999995422363241e+01
8.199999946594237699e+00
8.200000015258789077e+00
8.599999999999999645e+00
9.399999977111816563e+00
7.599999994277953697e+00
8.599999954223632059e+00
8.599999994277954585e+00
7.999999954223632415e+00
8.799999946594239120e+00
7.200000015258789077e+00
8.599999946594238054e+00
8.000000015258789787e+00
8.600000007629393650e+00
9.399999994277953519e+00
9.199999999999999289e+00
7.999999954223632415e+00
8.399999977111816563e+00
8.199999946594237699e+00
7.599999946594238054e+00
8.199999977111817273e+00
7.799999977111816030e+00
8.799999946594239120e+00
8.399999994277953519e+00
7.200000015258789077e+00
9.399999984741210568e+00
7.199999977111816385e+00
8.799999988555908814e+00
7.400000007629394361e+00
1.000000000762939401e+01
9.999999977111816207e+00
8.399999977111816563e+00
7.999999946594238409e+00
8.400000015258788366e+00
7.999999977111816207e+00
8.600000007629393650e+00
8.999999977111816207e+00
7.799999946594238232e+00
7.400000007629394361e+00
8.400000007629394361e+00
9.399999946594238764e+00
9.000000007629394005e+00
8.400000007629394361e+00
8.000000015258789787e+00
8.600000007629393650e+00
7.800000007629394716e+00
7.599999977111816740e+00
8.000000007629394005e+00
8.999999862670899020e+00
1.040000000762939436e+01
8.199999946594237699e+00
8.200000007629395071e+00
8.599999923706054261e+00
8.000000007629394005e+00
8.200000007629395071e+00
9.199999988555907393e+00
8.400000007629394361e+00
7.999999984741211101e+00
7.999999984741211101e+00
8.199999946594237699e+00
7.399999954223632770e+00
7.599999994277953697e+00
7.800000007629394716e+00
7.200000015258789077e+00
7.399999977111816563e+00
8.399999988555908459e+00
8.600000007629393650e+00
8.400000007629394361e+00
8.199999984741211279e+00
7.799999984741210923e+00
8.800000007629394716e+00
8.399999977111816563e+00
6.200000015258789077e+00
9.199999988555907393e+00
8.199999977111817273e+00
7.999999988555908104e+00
7.999999946594238409e+00
6.399999988555908459e+00
9.800000015258788721e+00
8.000000007629394005e+00
8.399999977111816563e+00
1.579999995422363313e+01
7.600000007629394538e+00
8.999999977111816207e+00
8.200000015258789077e+00
7.800000015258788721e+00
6.600000007629394538e+00
8.199999946594237699e+00
8.199999988555907393e+00
8.000000007629394005e+00
8.599999988555907748e+00
8.199999988555907393e+00
7.399999988555908459e+00
8.999999984741210213e+00
8.199999954223633480e+00
7.999999923706054616e+00
8.400000007629394361e+00
8.599999984741211634e+00
8.000000015258789787e+00
8.600000007629393650e+00
6.199999946594238587e+00
8.799999954223633125e+00
8.199999954223633480e+00
7.599999954223632948e+00
8.400000015258788366e+00
7.399999946594237876e+00
8.600000007629393650e+00
8.399999994277953519e+00
8.000000015258789787e+00
7.600000015258789432e+00
7.799999946594238232e+00
8.799999977111816918e+00
8.600000015258789432e+00
7.199999994277954229e+00
8.199999977111817273e+00
8.199999977111817273e+00
8.199999977111817273e+00
8.600000007629393650e+00
9.399999923706054972e+00
1.059999997711181585e+01
8.400000007629394361e+00
8.399999977111816563e+00
8.199999946594237699e+00
7.799999994277953874e+00
8.799999954223633125e+00
9.400000007629394361e+00
8.199999954223633480e+00
8.599999946594238054e+00
8.799999984741210923e+00
8.799999946594239120e+00
9.400000015258788366e+00
8.799999946594239120e+00
8.999999988555908104e+00
8.599999946594238054e+00
9.400000015258788366e+00
7.800000007629394716e+00
7.999999977111816207e+00
7.799999977111816030e+00
7.599999946594238054e+00
9.599999946594238054e+00
8.599999977111815852e+00
8.599999977111815852e+00
7.999999988555908104e+00
8.000000000000000000e+00
8.000000007629394005e+00
8.199999954223633480e+00
8.799999994277953874e+00
8.800000000000000711e+00
7.599999977111816740e+00
7.399999984741210568e+00
8.999999977111816207e+00
7.799999994277953874e+00
1.000000001525878979e+01
8.199999946594237699e+00
7.999999988555908104e+00
7.999999946594238409e+00
7.800000007629394716e+00
7.800000015258788721e+00
8.399999946594238764e+00
8.599999977111815852e+00
8.599999977111815852e+00
7.800000007629394716e+00
5.600000007629394538e+00
8.799999954223633125e+00
9.199999946594237699e+00
9.200000015258789077e+00
8.599999984741211634e+00
8.999999977111816207e+00
8.199999977111817273e+00
8.999999977111816207e+00
7.800000007629394716e+00
8.399999988555908459e+00
8.199999977111817273e+00
9.999999923706054616e+00
9.199999977111817273e+00
1.039999995422363277e+01
7.399999977111816563e+00
7.599999988555908637e+00
8.599999977111815852e+00
7.600000007629394538e+00
9.200000015258789077e+00
8.399999984741210568e+00
8.200000007629395071e+00
6.999999984741211101e+00
8.599999977111815852e+00
8.799999988555908814e+00
7.999999984741211101e+00
8.399999977111816563e+00
8.599999946594238054e+00
6.999999988555908104e+00
7.999999977111816207e+00
7.800000007629394716e+00
6.999999984741211101e+00
7.999999994277954052e+00
7.999999946594238409e+00
8.400000007629394361e+00
8.199999977111817273e+00
1.039999997711181656e+01
8.799999994277953874e+00
8.199999946594237699e+00
7.799999984741210923e+00
8.000000007629394005e+00
8.599999946594238054e+00
8.200000015258789077e+00
8.199999984741211279e+00
8.199999977111817273e+00
8.200000015258789077e+00
8.599999988555907748e+00
9.000000007629394005e+00
7.599999988555908637e+00
8.599999994277954585e+00
7.799999988555907926e+00
8.799999954223633125e+00
7.200000007629394183e+00
8.199999977111817273e+00
8.199999977111817273e+00
8.399999923706054972e+00
9.199999988555907393e+00
8.199999988555907393e+00
8.600000015258789432e+00
7.799999977111816030e+00
8.600000015258789432e+00
8.399999994277953519e+00
7.999999977111816207e+00
8.400000007629394361e+00
8.200000015258789077e+00
8.399999954223632770e+00
8.199999977111817273e+00
8.599999954223632059e+00
6.999999946594238409e+00
8.599999999999999645e+00
8.399999984741210568e+00
8.599999988555907748e+00
7.999999946594238409e+00
8.599999946594238054e+00
7.199999946594238587e+00
8.799999946594239120e+00
7.600000007629394538e+00
7.999999977111816207e+00
8.999999977111816207e+00
7.999999994277954052e+00
8.199999994277954229e+00
6.599999984741210746e+00
8.599999977111815852e+00
8.000000015258789787e+00
8.599999954223632059e+00
8.599999946594238054e+00
8.399999988555908459e+00
7.600000007629394538e+00
8.599999946594238054e+00
7.999999977111816207e+00
8.999999977111816207e+00
7.799999994277953874e+00
9.199999977111817273e+00
7.999999946594238409e+00
7.999999946594238409e+00
7.400000015258789254e+00
8.399999988555908459e+00
8.600000007629393650e+00
8.199999946594237699e+00
7.799999994277953874e+00
7.199999988555908281e+00
8.199999984741211279e+00
8.400000007629394361e+00
7.800000007629394716e+00
8.400000007629394361e+00
9.199999984741211279e+00
7.199999946594238587e+00
7.000000007629394894e+00
8.599999946594238054e+00
9.000000007629394005e+00
7.400000007629394361e+00
7.399999977111816563e+00
7.599999977111816740e+00
7.799999946594238232e+00
8.599999994277954585e+00
7.800000007629394716e+00
8.199999954223633480e+00
8.199999946594237699e+00
8.199999984741211279e+00
8.199999946594237699e+00
7.600000007629394538e+00
7.800000015258788721e+00
7.199999977111816385e+00
8.199999984741211279e+00
8.199999994277954229e+00
8.400000000000000355e+00
8.599999984741211634e+00
8.799999893188475752e+00
9.000000007629394005e+00
7.800000007629394716e+00
1.020000000762939507e+01
8.800000007629394716e+00
7.599999977111816740e+00
7.999999946594238409e+00
7.200000007629394183e+00
7.999999954223632415e+00
8.799999946594239120e+00
8.599999988555907748e+00
7.199999946594238587e+00
8.800000007629394716e+00
9.199999977111817273e+00
9.599999946594238054e+00
7.399999994277954407e+00
8.400000015258788366e+00
8.600000015258789432e+00
8.599999923706054261e+00
8.200000015258789077e+00
8.199999946594237699e+00
8.199999988555907393e+00
8.199999946594237699e+00
8.599999984741211634e+00
8.600000015258789432e+00
8.399999977111816563e+00
8.399999994277953519e+00
7.999999946594238409e+00
8.600000007629393650e+00
8.199999977111817273e+00
8.400000015258788366e+00
7.999999977111816207e+00
7.600000007629394538e+00
6.799999977111816030e+00
7.600000007629394538e+00
8.800000015258788721e+00
8.400000007629394361e+00
7.999999984741211101e+00
8.399999977111816563e+00
8.199999946594237699e+00
7.600000007629394538e+00
8.399999946594238764e+00
7.999999946594238409e+00
7.999999988555908104e+00
9.000000015258789787e+00
8.400000015258788366e+00
7.600000015258789432e+00
8.199999977111817273e+00
8.200000007629395071e+00
7.999999988555908104e+00
7.999999977111816207e+00
1.059999997711181585e+01
7.799999946594238232e+00
8.800000007629394716e+00
7.999999988555908104e+00
8.799999977111816918e+00
8.399999946594238764e+00
7.999999977111816207e+00
7.600000007629394538e+00
7.600000015258789432e+00
8.600000015258789432e+00
7.199999994277954229e+00
7.800000007629394716e+00
7.599999988555908637e+00
8.399999946594238764e+00
8.199999977111817273e+00
7.799999988555907926e+00
6.800000007629394716e+00
8.399999946594238764e+00
8.599999954223632059e+00
8.199999946594237699e+00
7.599999946594238054e+00
8.399999988555908459e+00
8.200000015258789077e+00
8.200000007629395071e+00
8.200000007629395071e+00
8.000000007629394005e+00
7.200000007629394183e+00
9.999999946594238409e+00
8.399999994277953519e+00
8.800000007629394716e+00
8.000000015258789787e+00
8.200000007629395071e+00
8.599999977111815852e+00
7.999999994277954052e+00
7.399999977111816563e+00
8.199999977111817273e+00
8.400000007629394361e+00
7.199999994277954229e+00
8.599999977111815852e+00
6.999999977111816207e+00
7.599999923706054261e+00
9.000000007629394005e+00
7.799999999999999822e+00
8.799999984741210923e+00
7.599999984741210746e+00
8.399999954223632770e+00
8.599999977111815852e+00
6.199999977111816385e+00
8.400000007629394361e+00
8.000000007629394005e+00
8.800000015258788721e+00
8.199999946594237699e+00
8.399999988555908459e+00
8.800000007629394716e+00
8.399999946594238764e+00
9.800000015258788721e+00
9.000000007629394005e+00
8.799999954223633125e+00
8.200000015258789077e+00
7.999999946594238409e+00
6.999999977111816207e+00
7.200000015258789077e+00
7.599999977111816740e+00
7.999999946594238409e+00
7.800000015258788721e+00
7.800000015258788721e+00
7.399999977111816563e+00
8.799999977111816918e+00
7.999999988555908104e+00
6.799999984741210923e+00
8.400000007629394361e+00
7.799999999999999822e+00
8.199999999999999289e+00
9.199999946594237699e+00
8.600000007629393650e+00
9.200000015258789077e+00
8.400000015258788366e+00
8.600000007629393650e+00
8.399999984741210568e+00
8.800000007629394716e+00
6.599999988555908637e+00
9.199999977111817273e+00
6.999999977111816207e+00
8.599999946594238054e+00
9.200000015258789077e+00
8.000000015258789787e+00
6.600000015258789432e+00
7.599999954223632948e+00
7.999999977111816207e+00
8.599999994277954585e+00
8.399999954223632770e+00
8.800000015258788721e+00
8.000000007629394005e+00
7.200000007629394183e+00
1.360000001525878943e+01
7.399999988555908459e+00
8.399999988555908459e+00
5.399999984741210568e+00
9.399999994277953519e+00
7.999999977111816207e+00
8.199999988555907393e+00
8.599999946594238054e+00
8.799999988555908814e+00
8.199999946594237699e+00
8.599999977111815852e+00
8.199999946594237699e+00
7.999999994277954052e+00
8.599999893188476463e+00
8.199999977111817273e+00
9.599999984741211634e+00
7.599999954223632948e+00
7.999999977111816207e+00
9.199999954223633480e+00
9.600000015258789432e+00
8.799999988555908814e+00
8.199999977111817273e+00
1.759999995422363384e+01
8.000000007629394005e+00
8.200000007629395071e+00
8.399999977111816563e+00
9.000000015258789787e+00
8.399999946594238764e+00
8.400000007629394361e+00
8.399999977111816563e+00
7.800000015258788721e+00
8.200000015258789077e+00
8.599999984741211634e+00
8.799999984741210923e+00
7.599999977111816740e+00
7.999999954223632415e+00
7.600000007629394538e+00
8.399999946594238764e+00
8.800000015258788721e+00
