5.339999990844726341e+01
0.000000000000000000e+00
2.000000000000000111e-01
0.000000000000000000e+00
3.400000007629394361e+00
0.000000000000000000e+00
5.999999999999999778e-01
0.000000000000000000e+00
4.000000000000000222e-01
2.799999988555908370e+00
1.799999994277954096e+00
2.000000000000000111e-01
0.000000000000000000e+00
5.399999994277954407e+00
1.959999989318847824e+01
1.800000000000000044e+00
7.999999942779540962e-01
2.400000000000000000e+01
5.999999999999999778e-01
1.199999988555908281e+00
1.600000001525878801e+01
2.999999988555908104e+00
1.479999998474121092e+01
2.000000000000000000e+00
4.000000000000000000e+00
1.599999988555908192e+00
3.399999994277953963e+00
0.000000000000000000e+00
1.520000003051757886e+01
7.399999977111816563e+00
1.879999996948242114e+01
1.059999994659423805e+01
8.939999938964844262e+01
4.399999977111816563e+00
0.000000000000000000e+00
0.000000000000000000e+00
1.399999999999999911e+00
1.199999994659423841e+01
2.600000007629394538e+00
2.999999946594238409e+00
3.000000000000000000e+00
8.400000015258788366e+00
4.399999977111816563e+00
3.499999972534179449e+01
1.299999992370605462e+01
5.999999999999999778e-01
2.399999994277953963e+00
2.799999994277954318e+00
8.599999988555907748e+00
6.199999988555908281e+00
1.540000001525878837e+01
3.199999988555908281e+00
1.340000001525878837e+01
4.400000007629394361e+00
1.379999995422363313e+01
3.999999942779540740e-01
1.399999994277954185e+00
2.000000001525878801e+01
1.399999995422363241e+01
1.999999994277954052e+00
5.599999988555908637e+00
2.000000000000000111e-01
4.000000000000000222e-01
0.000000000000000000e+00
6.599999946594238054e+00
1.839999995422363455e+01
2.179999996948242114e+01
2.199999994277954229e+00
3.000000007629394450e+00
6.200000007629394183e+00
0.000000000000000000e+00
7.599999946594238054e+00
8.000000007629394005e+00
0.000000000000000000e+00
1.740000003051757815e+01
3.479999996948242114e+01
0.000000000000000000e+00
1.479999998474121092e+01
2.000000000000000111e-01
9.979999999999999716e+01
8.399999988555908459e+00
1.599999994277954141e+00
1.059999992370605426e+01
1.019999995422363348e+01
1.180000001525878872e+01
1.179999994659423912e+01
1.040000000762939436e+01
1.320000001525878908e+01
1.279999997711181692e+01
1.239999998474121057e+01
1.419999997711181727e+01
1.320000001525878908e+01
1.220000001525878908e+01
1.120000001525878908e+01
1.260000001525878943e+01
1.179999997711181692e+01
1.359999995422363206e+01
1.380000001525878872e+01
1.279999997711181692e+01
1.280000001525878872e+01
1.180000001525878872e+01
1.059999994659423805e+01
1.179999995422363313e+01
1.259999989318847646e+01
1.260000001525878943e+01
1.279999998855590881e+01
1.000000001525878979e+01
9.599999977111815852e+00
1.219999986267089831e+01
1.299999998474121021e+01
1.159999997711181585e+01
1.220000000762939507e+01
1.659999994659423805e+01
1.359999994659423805e+01
1.400000001525878979e+01
1.259999998474121163e+01
1.119999998474121128e+01
1.119999995422363348e+01
1.300000001525878979e+01
1.099999998474121021e+01
1.219999997711181727e+01
1.179999998474121092e+01
1.239999998474121057e+01
1.139999998474121057e+01
1.200000001525878979e+01
1.239999995422363277e+01
1.159999999427795458e+01
1.219999994659423770e+01
1.300000001525878979e+01
1.259999995422363206e+01
1.119999998474121128e+01
1.140000001525878837e+01
1.219999994659423770e+01
1.239999994659423876e+01
1.219999994659423770e+01
1.219999995422363348e+01
1.239999994659423876e+01
1.139999998474121057e+01
1.159999997711181585e+01
1.199999998474121021e+01
1.219999997711181727e+01
1.279999992370605533e+01
1.179999986267089795e+01
1.239999995422363277e+01
1.300000000000000000e+01
1.299999994659423841e+01
1.160000001525878943e+01
1.219999998474121128e+01
1.199999997711181621e+01
1.180000001525878872e+01
1.259999994659423805e+01
1.239999998474121057e+01
1.219999997711181727e+01
1.179999994659423912e+01
1.319999995422363348e+01
1.239999995422363277e+01
1.260000001525878943e+01
1.159999998474121163e+01
1.259999998474121163e+01
1.299999998474121021e+01
1.159999998474121163e+01
1.219999994659423770e+01
1.240000003051757815e+01
1.299999994659423841e+01
1.219999994659423770e+01
1.279999997711181692e+01
1.339999986267089760e+01
1.199999992370605462e+01
1.080000000762939472e+01
1.219999997711181727e+01
1.319999992370605391e+01
1.159999997711181585e+01
1.199999992370605462e+01
1.220000001525878908e+01
1.300000001525878979e+01
1.200000001525878979e+01
1.199999997711181621e+01
1.100000000762939401e+01
1.220000001525878908e+01
1.199999994659423841e+01
1.200000001525878979e+01
1.299999998855590810e+01
1.279999986267089795e+01
1.299999997711181621e+01
1.239999998474121057e+01
1.199999997711181621e+01
1.239999992370605497e+01
1.359999994659423805e+01
1.200000001525878979e+01
1.159999997711181585e+01
1.259999995422363206e+01
1.120000001525878908e+01
1.139999997711181656e+01
1.280000001525878872e+01
1.300000001525878979e+01
1.259999998474121163e+01
1.179999998474121092e+01
1.259999995422363206e+01
1.179999994659423912e+01
1.259999994659423805e+01
1.259999995422363206e+01
1.199999989318847682e+01
1.239999995422363277e+01
1.199999997711181621e+01
1.219999995422363348e+01
1.219999995422363348e+01
1.220000001525878908e+01
1.139999997711181656e+01
1.200000000762939401e+01
1.199999998474121021e+01
1.219999994659423770e+01
1.199999994659423841e+01
1.159999994659423805e+01
1.199999989318847682e+01
1.300000001525878979e+01
1.199999995422363241e+01
1.179999997711181692e+01
1.239999995422363277e+01
1.220000001525878908e+01
1.259999998474121163e+01
1.199999995422363241e+01
1.259999998474121163e+01
1.199999998474121021e+01
1.179999994659423912e+01
1.279999986267089795e+01
1.259999998855590775e+01
1.039999997711181656e+01
1.239999994659423876e+01
1.259999992370605426e+01
1.139999998474121057e+01
1.240000003051757815e+01
1.239999986267089760e+01
1.199999994659423841e+01
1.200000001525878979e+01
1.219999995422363348e+01
1.280000000762939472e+01
1.240000001525878837e+01
1.219999994659423770e+01
1.259999994659423805e+01
1.220000001525878908e+01
1.179999995422363313e+01
1.239999995422363277e+01
1.299999997711181621e+01
1.180000001525878872e+01
1.119999992370605391e+01
1.079999994659423912e+01
1.219999989318847611e+01
1.299999992370605462e+01
1.239999998855590846e+01
1.280000001525878872e+01
1.240000000762939436e+01
1.219999992370605391e+01
1.219999994659423770e+01
1.200000001525878979e+01
1.319999992370605391e+01
1.220000000762939507e+01
1.199999992370605462e+01
1.120000001525878908e+01
1.159999994659423805e+01
1.239999995422363277e+01
1.239999997711181656e+01
1.380000000762939472e+01
1.159999997711181585e+01
1.199999997711181621e+01
1.239999995422363277e+01
1.219999994659423770e+01
1.240000001525878837e+01
1.259999989318847646e+01
1.199999997711181621e+01
1.239999989318847717e+01
1.259999998474121163e+01
1.199999998474121021e+01
1.260000001525878943e+01
1.160000001525878943e+01
1.299999994659423841e+01
1.319999989318847611e+01
1.239999998474121057e+01
1.260000001525878943e+01
1.260000001525878943e+01
1.339999992370605497e+01
1.219999997711181727e+01
1.259999995422363206e+01
1.219999995422363348e+01
1.219999998474121128e+01
1.200000001525878979e+01
1.259999995422363206e+01
1.260000001525878943e+01
1.339999989318847717e+01
1.239999995422363277e+01
1.239999997711181656e+01
1.180000001525878872e+01
1.359999994659423805e+01
1.239999995422363277e+01
1.239999997711181656e+01
1.159999994659423805e+01
1.199999994659423841e+01
1.259999997711181585e+01
1.200000001525878979e+01
1.199999995422363241e+01
1.199999998474121021e+01
1.259999994659423805e+01
1.199999994659423841e+01
1.279999994659423912e+01
1.279999995422363313e+01
1.259999998474121163e+01
1.240000000762939436e+01
1.199999998474121021e+01
1.159999994659423805e+01
1.219999994659423770e+01
1.339999998474121057e+01
1.239999998474121057e+01
1.219999992370605391e+01
1.239999992370605497e+01
1.239999998474121057e+01
1.199999994659423841e+01
1.219999994659423770e+01
1.199999998855590810e+01
1.220000001525878908e+01
1.239999994659423876e+01
1.239999994659423876e+01
1.300000003051757780e+01
1.319999998474121128e+01
1.219999998474121128e+01
1.219999998474121128e+01
1.219999992370605391e+01
1.199999992370605462e+01
1.260000000762939365e+01
1.219999995422363348e+01
1.299999995422363241e+01
1.320000000762939507e+01
1.259999997711181585e+01
1.239999997711181656e+01
1.119999994659423770e+01
1.239999998474121057e+01
1.279999995422363313e+01
1.239999998474121057e+01
1.239999995422363277e+01
1.220000003051757886e+01
1.199999994659423841e+01
1.239999989318847717e+01
1.279999998474121092e+01
1.240000003051757815e+01
1.119999998474121128e+01
1.320000001525878908e+01
1.239999994659423876e+01
1.299999998474121021e+01
1.239999998474121057e+01
1.240000000762939436e+01
1.199999998855590810e+01
1.259999999999999964e+01
1.180000001525878872e+01
1.219999997711181727e+01
1.199999997711181621e+01
1.199999995422363241e+01
1.279999998474121092e+01
1.199999992370605462e+01
1.279999995422363313e+01
1.239999998474121057e+01
1.200000001525878979e+01
1.139999998474121057e+01
1.219999998474121128e+01
1.119999997711181727e+01
1.259999998474121163e+01
1.259999986267089866e+01
1.219999997711181727e+01
1.300000000762939401e+01
1.219999994659423770e+01
1.239999998474121057e+01
1.179999997711181692e+01
1.159999998474121163e+01
1.259999995422363206e+01
1.200000001525878979e+01
1.339999994659423876e+01
1.280000001525878872e+01
1.239999995422363277e+01
1.279999986267089795e+01
1.279999994659423912e+01
1.199999995422363241e+01
1.219999992370605391e+01
1.199999998474121021e+01
1.279999995422363313e+01
1.319999994659423770e+01
1.219999997711181727e+01
1.259999989318847646e+01
1.040000001525878837e+01
1.299999995422363241e+01
1.179999997711181692e+01
1.199999998474121021e+01
1.219999997711181727e+01
1.259999998474121163e+01
1.219999998474121128e+01
1.319999997711181727e+01
1.199999998474121021e+01
1.159999998474121163e+01
1.259999998474121163e+01
1.280000001525878872e+01
1.380000001525878872e+01
1.219999995422363348e+01
1.279999995422363313e+01
1.320000000762939507e+01
1.199999998474121021e+01
1.179999997711181692e+01
1.259999995422363206e+01
1.199999994659423841e+01
1.199999994659423841e+01
1.219999995422363348e+01
1.279999997711181692e+01
1.299999998474121021e+01
1.260000001525878943e+01
1.239999998855590846e+01
1.279999998474121092e+01
1.219999995422363348e+01
1.220000000762939507e+01
1.240000001525878837e+01
1.199999995422363241e+01
1.199999998474121021e+01
1.219999998474121128e+01
1.279999995422363313e+01
1.220000001525878908e+01
1.159999998474121163e+01
1.239999986267089760e+01
1.199999997711181621e+01
1.199999997711181621e+01
1.299999997711181621e+01
1.219999997711181727e+01
1.259999997711181585e+01
1.239999995422363277e+01
1.259999994659423805e+01
1.099999994659423841e+01
1.280000001525878872e+01
1.299999994659423841e+01
1.219999994659423770e+01
1.280000001525878872e+01
1.179999998474121092e+01
1.219999997711181727e+01
1.280000000762939472e+01
1.220000001525878908e+01
1.159999994659423805e+01
1.259999996948242185e+01
1.239999995422363277e+01
1.159999998474121163e+01
1.279999994659423912e+01
1.199999998474121021e+01
1.219999995422363348e+01
1.299999998855590810e+01
1.179999995422363313e+01
1.320000001525878908e+01
1.280000001525878872e+01
1.219999992370605391e+01
1.219999998474121128e+01
1.339999995422363277e+01
1.219999989318847611e+01
1.159999998474121163e+01
1.279999992370605533e+01
1.259999992370605426e+01
1.139999997711181656e+01
1.280000001525878872e+01
1.299999992370605462e+01
1.299999998474121021e+01
1.219999989318847611e+01
1.239999994659423876e+01
1.159999995422363206e+01
1.259999998474121163e+01
1.319999994659423770e+01
1.279999994659423912e+01
1.179999998474121092e+01
1.199999997711181621e+01
1.319999992370605391e+01
1.240000001525878837e+01
1.240000001525878837e+01
1.239999998474121057e+01
1.299999994659423841e+01
1.199999992370605462e+01
1.179999994659423912e+01
1.180000001525878872e+01
1.280000001525878872e+01
1.219999997711181727e+01
1.239999997711181656e+01
1.140000000762939436e+01
1.159999997711181585e+01
1.279999998474121092e+01
1.280000001525878872e+01
1.180000000762939472e+01
1.180000000000000071e+01
1.200000001525878979e+01
1.239999994659423876e+01
1.139999994659423876e+01
1.199999997711181621e+01
1.180000000762939472e+01
1.259999998474121163e+01
1.160000000762939365e+01
1.140000001525878837e+01
1.119999998474121128e+01
1.199999995422363241e+01
1.239999994659423876e+01
1.239999992370605497e+01
1.159999995422363206e+01
1.219999995422363348e+01
1.180000001525878872e+01
1.159999998474121163e+01
1.239999995422363277e+01
1.219999992370605391e+01
1.260000001525878943e+01
1.219999997711181727e+01
1.259999997711181585e+01
1.219999989318847611e+01
1.220000001525878908e+01
1.259999994659423805e+01
1.179999992370605533e+01
1.219999994659423770e+01
1.299999998474121021e+01
1.219999998474121128e+01
1.299999992370605462e+01
1.139999998474121057e+01
1.219999986267089831e+01
1.239999992370605497e+01
1.239999998855590846e+01
1.279999992370605533e+01
1.280000000762939472e+01
1.219999997711181727e+01
1.219999995422363348e+01
1.140000001525878837e+01
1.239999995422363277e+01
1.219999986267089831e+01
1.219999989318847611e+01
1.139999992370605497e+01
1.220000001525878908e+01
1.259999995422363206e+01
1.219999998474121128e+01
1.160000000762939365e+01
1.299999994659423841e+01
1.260000001525878943e+01
1.219999997711181727e+01
1.219999992370605391e+01
1.219999997711181727e+01
1.239999998474121057e+01
1.120000000762939507e+01
1.259999994659423805e+01
1.259999995422363206e+01
1.240000001525878837e+01
1.219999998474121128e+01
1.279999986267089795e+01
1.120000001525878908e+01
1.300000001525878979e+01
1.240000000762939436e+01
1.219999995422363348e+01
1.279999996948242114e+01
1.219999997711181727e+01
1.199999995422363241e+01
1.219999989318847611e+01
1.179999997711181692e+01
1.139999995422363277e+01
1.260000000762939365e+01
1.199999995422363241e+01
1.199999998474121021e+01
1.179999995422363313e+01
1.179999994659423912e+01
1.259999998474121163e+01
1.119999994659423770e+01
1.239999994659423876e+01
1.279999995422363313e+01
1.199999992370605462e+01
1.099999998474121021e+01
1.259999997711181585e+01
1.119999995422363348e+01
1.179999998855590881e+01
1.299999998474121021e+01
1.180000000762939472e+01
1.199999992370605462e+01
1.239999997711181656e+01
1.299999994659423841e+01
1.259999997711181585e+01
1.239999995422363277e+01
1.239999994659423876e+01
1.179999994659423912e+01
1.219999995422363348e+01
1.179999994659423912e+01
1.300000001525878979e+01
1.180000001525878872e+01
1.219999995422363348e+01
1.200000001525878979e+01
1.200000001525878979e+01
1.279999994659423912e+01
1.259999997711181585e+01
1.299999992370605462e+01
1.259999992370605426e+01
1.260000001525878943e+01
1.239999989318847717e+01
1.200000000762939401e+01
1.239999992370605497e+01
1.139999995422363277e+01
1.239999995422363277e+01
1.219999998474121128e+01
1.280000001525878872e+01
1.179999995422363313e+01
1.220000001525878908e+01
1.279999995422363313e+01
1.259999992370605426e+01
1.219999994659423770e+01
1.219999998474121128e+01
1.239999995422363277e+01
1.359999995422363206e+01
1.239999994659423876e+01
1.219999997711181727e+01
1.259999995422363206e+01
1.280000001525878872e+01
1.320000001525878908e+01
1.180000000762939472e+01
1.259999994659423805e+01
1.219999992370605391e+01
1.259999986267089866e+01
1.299999986267089902e+01
1.239999998474121057e+01
1.239999992370605497e+01
1.219999994659423770e+01
1.359999995422363206e+01
1.239999998474121057e+01
1.239999997711181656e+01
1.180000001525878872e+01
1.219999998474121128e+01
1.239999998474121057e+01
1.299999989318847682e+01
1.259999992370605426e+01
1.299999998855590810e+01
1.239999995422363277e+01
1.179999995422363313e+01
1.219999992370605391e+01
1.259999997711181585e+01
1.159999992370605426e+01
1.139999994659423876e+01
1.239999998474121057e+01
1.179999998474121092e+01
1.219999992370605391e+01
1.300000000762939401e+01
1.159999995422363206e+01
1.159999994659423805e+01
1.219999998474121128e+01
1.200000001525878979e+01
1.260000001525878943e+01
1.259999998474121163e+01
1.199999998474121021e+01
1.220000000762939507e+01
1.099999992370605462e+01
1.219999998474121128e+01
1.399999992370605462e+01
1.239999994659423876e+01
1.179999994659423912e+01
1.239999997711181656e+01
1.199999994659423841e+01
1.199999992370605462e+01
1.320000000762939507e+01
1.300000001525878979e+01
1.279999994659423912e+01
1.219999994659423770e+01
1.299999994659423841e+01
1.219999995422363348e+01
1.240000001525878837e+01
1.299999997711181621e+01
1.199999997711181621e+01
1.159999997711181585e+01
1.199999998474121021e+01
1.219999994659423770e+01
1.259999998474121163e+01
1.199999997711181621e+01
1.220000001525878908e+01
1.219999998474121128e+01
1.219999994659423770e+01
1.240000001525878837e+01
1.259999997711181585e+01
1.180000001525878872e+01
1.260000001525878943e+01
1.220000001525878908e+01
1.160000000762939365e+01
1.240000000762939436e+01
1.199999998474121021e+01
1.259999995422363206e+01
1.259999998474121163e+01
1.200000001525878979e+01
1.239999989318847717e+01
1.219999997711181727e+01
1.320000001525878908e+01
1.219999992370605391e+01
1.199999997711181621e+01
1.179999995422363313e+01
1.219999997711181727e+01
1.239999997711181656e+01
1.219999986267089831e+01
1.260000001525878943e+01
1.240000001525878837e+01
1.299999998474121021e+01
1.219999995422363348e+01
1.259999994659423805e+01
1.039999994659423876e+01
1.239999992370605497e+01
1.259999995422363206e+01
1.300000001525878979e+01
1.240000001525878837e+01
1.219999989318847611e+01
1.359999998474121163e+01
1.279999995422363313e+01
1.239999998474121057e+01
1.180000001525878872e+01
1.180000001525878872e+01
1.280000000762939472e+01
1.180000001525878872e+01
1.299999992370605462e+01
1.319999995422363348e+01
1.219999995422363348e+01
1.240000001525878837e+01
1.300000001525878979e+01
1.259999994659423805e+01
1.299999995422363241e+01
1.159999995422363206e+01
1.199999997711181621e+01
1.159999994659423805e+01
1.219999995422363348e+01
1.220000001525878908e+01
1.239999994659423876e+01
1.219999998474121128e+01
1.239999995422363277e+01
1.240000001525878837e+01
1.199999997711181621e+01
1.199999994659423841e+01
1.200000001525878979e+01
1.279999995422363313e+01
1.180000001525878872e+01
1.179999998474121092e+01
1.219999994659423770e+01
1.200000001525878979e+01
1.220000001525878908e+01
1.140000001525878837e+01
1.219999994659423770e+01
1.240000000762939436e+01
1.259999994659423805e+01
1.239999995422363277e+01
1.279999989318847575e+01
1.119999994659423770e+01
1.159999998474121163e+01
1.219999995422363348e+01
1.239999994659423876e+01
1.239999995422363277e+01
1.280000001525878872e+01
1.239999998474121057e+01
1.239999997711181656e+01
1.259999998474121163e+01
1.300000001525878979e+01
1.299999992370605462e+01
1.219999998855590739e+01
1.279999995422363313e+01
1.180000001525878872e+01
1.319999997711181727e+01
1.160000001525878943e+01
1.219999995422363348e+01
1.319999999427795423e+01
1.260000001525878943e+01
1.179999997711181692e+01
1.239999997711181656e+01
1.199999998855590810e+01
1.220000001525878908e+01
1.279999992370605533e+01
1.259999997711181585e+01
1.239999992370605497e+01
1.160000003051757744e+01
1.139999997711181656e+01
1.139999994659423876e+01
1.119999997711181727e+01
1.199999998855590810e+01
1.240000001525878837e+01
1.259999998474121163e+01
1.200000001525878979e+01
1.199999995422363241e+01
1.219999992370605391e+01
1.239999999427795352e+01
1.199999994659423841e+01
1.219999989318847611e+01
1.039999997711181656e+01
1.239999992370605497e+01
1.219999994659423770e+01
1.200000000762939401e+01
1.219999994659423770e+01
1.179999995422363313e+01
1.260000000762939365e+01
1.219999998855590739e+01
1.179999997711181692e+01
1.239999994659423876e+01
1.119999992370605391e+01
1.200000001525878979e+01
1.219999997711181727e+01
1.259999994659423805e+01
1.279999997711181692e+01
1.279999995422363313e+01
1.279999998474121092e+01
1.299999994659423841e+01
1.240000001525878837e+01
1.199999997711181621e+01
1.179999995422363313e+01
1.199999998474121021e+01
1.280000001525878872e+01
1.219999992370605391e+01
1.119999998474121128e+01
1.259999994659423805e+01
1.239999998474121057e+01
1.319999992370605391e+01
1.239999998474121057e+01
1.239999989318847717e+01
1.219999998474121128e+01
1.220000001525878908e+01
1.299999994659423841e+01
1.199999994659423841e+01
1.260000001525878943e+01
1.179999995422363313e+01
1.259999995422363206e+01
1.299999994659423841e+01
1.119999997711181727e+01
1.239999998474121057e+01
1.299999998855590810e+01
1.199999997711181621e+01
1.199999998474121021e+01
1.199999995422363241e+01
1.239999997711181656e+01
1.240000001525878837e+01
1.279999997711181692e+01
1.279999998474121092e+01
1.319999998855590739e+01
1.220000001525878908e+01
1.259999997711181585e+01
1.199999994659423841e+01
1.239999995422363277e+01
1.159999994659423805e+01
1.280000003051757851e+01
1.239999998474121057e+01
1.259999994659423805e+01
1.320000001525878908e+01
1.239999994659423876e+01
1.139999997711181656e+01
1.280000001525878872e+01
1.239999995422363277e+01
1.219999998474121128e+01
1.279999998855590881e+01
1.259999997711181585e+01
1.180000000762939472e+01
1.239999986267089760e+01
1.119999995422363348e+01
1.259999998474121163e+01
1.159999995422363206e+01
1.239999994659423876e+01
1.259999995422363206e+01
1.099999994659423841e+01
1.159999995422363206e+01
1.259999995422363206e+01
1.220000001525878908e+01
1.219999994659423770e+01
1.259999994659423805e+01
1.179999994659423912e+01
1.159999998474121163e+01
1.279999992370605533e+01
1.199999998474121021e+01
1.180000000762939472e+01
1.219999998855590739e+01
1.239999995422363277e+01
1.219999997711181727e+01
1.180000001525878872e+01
1.259999994659423805e+01
1.259999997711181585e+01
1.199999998855590810e+01
1.280000001525878872e+01
1.119999994659423770e+01
1.219999994659423770e+01
1.199999994659423841e+01
1.299999994659423841e+01
1.239999998474121057e+01
1.220000001525878908e+01
1.199999995422363241e+01
1.179999992370605533e+01
1.199999997711181621e+01
1.219999994659423770e+01
1.219999995422363348e+01
1.100000001525878979e+01
1.179999994659423912e+01
1.239999995422363277e+01
1.239999997711181656e+01
1.339999997711181656e+01
1.239999995422363277e+01
1.159999998474121163e+01
1.180000001525878872e+01
1.119999997711181727e+01
1.199999994659423841e+01
1.120000001525878908e+01
1.220000001525878908e+01
1.060000001525878943e+01
1.199999998474121021e+01
1.220000001525878908e+01
1.199999998474121021e+01
1.199999995422363241e+01
1.219999992370605391e+01
1.179999992370605533e+01
1.239999995422363277e+01
1.319999994659423770e+01
1.179999994659423912e+01
1.119999994659423770e+01
1.219999989318847611e+01
1.239999992370605497e+01
1.179999989318847575e+01
1.319999998474121128e+01
1.259999989318847646e+01
1.219999994659423770e+01
1.279999989318847575e+01
1.199999998855590810e+01
1.199999995422363241e+01
1.239999994659423876e+01
1.239999997711181656e+01
1.219999998474121128e+01
1.219999997711181727e+01
1.319999998474121128e+01
1.259999994659423805e+01
1.239999997711181656e+01
1.259999998474121163e+01
1.219999992370605391e+01
1.199999998474121021e+01
1.279999994659423912e+01
1.299999995422363241e+01
1.139999998855590846e+01
1.300000000762939401e+01
1.239999995422363277e+01
1.239999997711181656e+01
1.279999995422363313e+01
1.220000001525878908e+01
1.159999992370605426e+01
1.159999995422363206e+01
1.100000001525878979e+01
1.219999992370605391e+01
1.180000001525878872e+01
1.179999992370605533e+01
1.139999986267089760e+01
1.119999997711181727e+01
1.199999992370605462e+01
1.220000000762939507e+01
1.200000001525878979e+01
1.179999989318847575e+01
1.139999994659423876e+01
1.239999992370605497e+01
1.239999994659423876e+01
1.199999986267089902e+01
1.280000001525878872e+01
1.139999995422363277e+01
1.180000001525878872e+01
1.220000001525878908e+01
1.239999998474121057e+01
1.099999994659423841e+01
1.279999997711181692e+01
1.239999997711181656e+01
1.259999994659423805e+01
1.199999994659423841e+01
1.179999989318847575e+01
1.220000001525878908e+01
1.259999995422363206e+01
1.219999995422363348e+01
1.220000001525878908e+01
1.199999992370605462e+01
1.199999989318847682e+01
1.279999995422363313e+01
1.199999999427795494e+01
1.259999995422363206e+01
1.259999994659423805e+01
1.279999994659423912e+01
1.219999998474121128e+01
1.119999995422363348e+01
1.159999992370605426e+01
1.259999994659423805e+01
1.199999997711181621e+01
1.139999994659423876e+01
1.239999986267089760e+01
1.139999999427795352e+01
1.260000001525878943e+01
1.199999994659423841e+01
1.160000001525878943e+01
1.220000001525878908e+01
1.199999994659423841e+01
1.220000001525878908e+01
1.179999998474121092e+01
1.199999992370605462e+01
1.239999986267089760e+01
1.279999995422363313e+01
1.159999994659423805e+01
1.219999998474121128e+01
1.199999995422363241e+01
1.219999989318847611e+01
1.219999995422363348e+01
1.180000001525878872e+01
1.199999994659423841e+01
1.239999998474121057e+01
1.179999998474121092e+01
1.179999998474121092e+01
1.179999997711181692e+01
1.120000000762939507e+01
1.100000000762939401e+01
1.159999998474121163e+01
1.179999998855590881e+01
1.199999998474121021e+01
1.200000000762939401e+01
1.219999994659423770e+01
1.219999998474121128e+01
1.199999997711181621e+01
1.219999992370605391e+01
1.239999994659423876e+01
1.280000000762939472e+01
1.240000001525878837e+01
1.259999995422363206e+01
1.259999994659423805e+01
1.220000001525878908e+01
1.159999994659423805e+01
1.160000001525878943e+01
1.220000001525878908e+01
1.160000000762939365e+01
1.319999994659423770e+01
1.179999994659423912e+01
1.159999998474121163e+01
1.199999997711181621e+01
1.239999997711181656e+01
1.099999998474121021e+01
1.199999986267089902e+01
1.280000000762939472e+01
1.199999998474121021e+01
1.300000001525878979e+01
1.219999997711181727e+01
1.280000000762939472e+01
1.219999994659423770e+01
1.279999998474121092e+01
1.279999994659423912e+01
1.439999995422363277e+01
1.139999998474121057e+01
1.239999998474121057e+01
1.239999995422363277e+01
1.159999998474121163e+01
1.220000001525878908e+01
1.279999989318847575e+01
1.259999994659423805e+01
1.300000001525878979e+01
1.139999995422363277e+01
1.239999994659423876e+01
1.180000001525878872e+01
1.199999994659423841e+01
1.159999994659423805e+01
1.179999986267089795e+01
1.219999998474121128e+01
1.219999998474121128e+01
1.260000000762939365e+01
1.219999994659423770e+01
1.219999997711181727e+01
1.219999997711181727e+01
1.219999995422363348e+01
1.159999994659423805e+01
1.200000001525878979e+01
1.140000001525878837e+01
1.199999994659423841e+01
1.179999994659423912e+01
1.180000001525878872e+01
1.119999994659423770e+01
1.180000001525878872e+01
1.180000001525878872e+01
1.279999994659423912e+01
1.159999999427795458e+01
1.139999995422363277e+01
1.220000001525878908e+01
1.220000000762939507e+01
1.180000000762939472e+01
1.299999998474121021e+01
1.159999992370605426e+01
1.200000001525878979e+01
1.220000001525878908e+01
1.220000000762939507e+01
1.180000001525878872e+01
1.179999995422363313e+01
1.259999998474121163e+01
1.219999994659423770e+01
1.340000001525878837e+01
1.200000001525878979e+01
1.259999995422363206e+01
1.219999998855590739e+01
1.200000000762939401e+01
1.260000000762939365e+01
1.199999998474121021e+01
1.200000000762939401e+01
1.359999994659423805e+01
1.180000001525878872e+01
1.199999995422363241e+01
1.079999998474121092e+01
1.239999994659423876e+01
1.219999998474121128e+01
1.299999992370605462e+01
1.319999992370605391e+01
1.239999998474121057e+01
1.160000001525878943e+01
1.119999995422363348e+01
1.240000000762939436e+01
1.199999995422363241e+01
1.160000001525878943e+01
1.259999994659423805e+01
1.199999994659423841e+01
1.260000000762939365e+01
1.220000001525878908e+01
1.159999997711181585e+01
1.179999998855590881e+01
1.220000001525878908e+01
1.199999994659423841e+01
1.240000001525878837e+01
1.359999989318847646e+01
1.199999995422363241e+01
1.260000001525878943e+01
1.259999989318847646e+01
1.259999994659423805e+01
1.179999995422363313e+01
1.200000001525878979e+01
1.219999997711181727e+01
1.159999995422363206e+01
1.299999992370605462e+01
1.179999994659423912e+01
1.219999994659423770e+01
1.239999989318847717e+01
1.220000001525878908e+01
1.219999992370605391e+01
1.199999992370605462e+01
1.179999994659423912e+01
1.240000000762939436e+01
1.119999992370605391e+01
1.200000001525878979e+01
1.279999999427795387e+01
1.199999994659423841e+01
1.159999995422363206e+01
1.219999997711181727e+01
1.279999992370605533e+01
1.139999995422363277e+01
1.299999989318847682e+01
1.179999995422363313e+01
1.279999992370605533e+01
1.199999998474121021e+01
1.159999997711181585e+01
1.179999998474121092e+01
1.300000001525878979e+01
1.199999998474121021e+01
1.219999995422363348e+01
1.159999997711181585e+01
1.199999994659423841e+01
1.219999998474121128e+01
1.239999994659423876e+01
1.140000001525878837e+01
1.260000001525878943e+01
1.219999989318847611e+01
1.219999994659423770e+01
1.180000001525878872e+01
1.179999994659423912e+01
1.239999989318847717e+01
1.280000000762939472e+01
1.239999994659423876e+01
1.179999998474121092e+01
1.280000001525878872e+01
1.220000001525878908e+01
1.179999989318847575e+01
1.339999997711181656e+01
1.239999995422363277e+01
1.159999995422363206e+01
1.140000001525878837e+01
1.239999998474121057e+01
1.120000001525878908e+01
1.180000001525878872e+01
1.179999997711181692e+01
1.179999997711181692e+01
1.239999995422363277e+01
1.219999995422363348e+01
1.140000001525878837e+01
1.159999998474121163e+01
1.100000001525878979e+01
1.199999998474121021e+01
1.119999995422363348e+01
1.179999997711181692e+01
1.199999989318847682e+01
1.179999998855590881e+01
1.160000001525878943e+01
1.259999997711181585e+01
1.239999998474121057e+01
1.199999992370605462e+01
1.220000001525878908e+01
1.160000000762939365e+01
1.179999998474121092e+01
1.179999998474121092e+01
1.239999998474121057e+01
1.099999998474121021e+01
1.219999994659423770e+01
1.299999989318847682e+01
1.199999994659423841e+01
1.219999997711181727e+01
1.199999998855590810e+01
1.139999998474121057e+01
1.200000000762939401e+01
1.219999992370605391e+01
1.219999995422363348e+01
1.260000001525878943e+01
1.199999997711181621e+01
1.260000001525878943e+01
1.139999994659423876e+01
1.239999994659423876e+01
1.239999998474121057e+01
1.180000001525878872e+01
1.240000001525878837e+01
1.159999995422363206e+01
1.339999992370605497e+01
1.219999995422363348e+01
1.200000001525878979e+01
1.199999994659423841e+01
1.260000001525878943e+01
1.199999997711181621e+01
1.179999995422363313e+01
1.239999994659423876e+01
1.119999994659423770e+01
1.159999998855590775e+01
1.220000001525878908e+01
1.179999997711181692e+01
1.200000001525878979e+01
1.239999992370605497e+01
1.220000000762939507e+01
1.319999992370605391e+01
1.219999992370605391e+01
1.159999992370605426e+01
1.279999994659423912e+01
1.179999998474121092e+01
1.179999994659423912e+01
1.239999998474121057e+01
1.179999995422363313e+01
1.220000000762939507e+01
1.179999994659423912e+01
1.239999989318847717e+01
1.219999989318847611e+01
1.280000000762939472e+01
1.219999995422363348e+01
1.159999995422363206e+01
1.259999995422363206e+01
1.139999998855590846e+01
1.219999989318847611e+01
1.179999997711181692e+01
1.180000001525878872e+01
1.259999997711181585e+01
1.220000001525878908e+01
1.219999997711181727e+01
1.160000000762939365e+01
1.119999995422363348e+01
1.339999995422363277e+01
1.199999997711181621e+01
1.320000000762939507e+01
1.159999994659423805e+01
1.179999989318847575e+01
1.239999994659423876e+01
1.219999994659423770e+01
1.179999994659423912e+01
1.299999989318847682e+01
1.179999998855590881e+01
1.199999994659423841e+01
1.199999998474121021e+01
1.140000001525878837e+01
1.279999994659423912e+01
1.119999995422363348e+01
1.140000000762939436e+01
1.159999995422363206e+01
1.259999997711181585e+01
1.159999989318847646e+01
1.320000001525878908e+01
1.160000000762939365e+01
1.159999994659423805e+01
1.179999992370605533e+01
1.159999992370605426e+01
1.159999998474121163e+01
1.199999986267089902e+01
1.239999997711181656e+01
1.239999994659423876e+01
1.100000000762939401e+01
1.259999994659423805e+01
1.239999995422363277e+01
1.239999998474121057e+01
1.339999986267089760e+01
1.239999994659423876e+01
1.199999992370605462e+01
1.240000001525878837e+01
1.219999994659423770e+01
1.259999995422363206e+01
1.259999992370605426e+01
1.119999994659423770e+01
1.239999998474121057e+01
1.140000000762939436e+01
1.259999995422363206e+01
1.219999989318847611e+01
1.279999994659423912e+01
1.299999998474121021e+01
1.239999995422363277e+01
1.120000001525878908e+01
1.139999997711181656e+01
1.159999998855590775e+01
1.199999997711181621e+01
1.199999994659423841e+01
1.239999995422363277e+01
1.239999994659423876e+01
1.199999997711181621e+01
1.219999989318847611e+01
1.199999995422363241e+01
1.199999998474121021e+01
1.199999995422363241e+01
1.179999986267089795e+01
1.219999998474121128e+01
1.239999999427795352e+01
1.239999998474121057e+01
1.199999995422363241e+01
1.139999994659423876e+01
1.280000001525878872e+01
1.180000001525878872e+01
1.180000001525878872e+01
1.179999998855590881e+01
1.280000001525878872e+01
1.219999998474121128e+01
1.200000001525878979e+01
1.219999999999999929e+01
1.199999994659423841e+01
1.180000001525878872e+01
1.179999994659423912e+01
1.279999989318847575e+01
1.180000001525878872e+01
1.120000001525878908e+01
1.279999995422363313e+01
1.199999994659423841e+01
1.079999997711181692e+01
1.219999998474121128e+01
1.159999999427795458e+01
1.099999998474121021e+01
1.159999995422363206e+01
1.259999997711181585e+01
1.240000001525878837e+01
1.279999994659423912e+01
1.179999994659423912e+01
1.119999998474121128e+01
1.119999998474121128e+01
1.219999998474121128e+01
1.160000001525878943e+01
1.279999998474121092e+01
1.199999998855590810e+01
1.240000001525878837e+01
1.299999997711181621e+01
1.219999994659423770e+01
1.259999998474121163e+01
1.159999998474121163e+01
1.259999989318847646e+01
1.259999999999999964e+01
1.160000000762939365e+01
1.199999998855590810e+01
1.199999992370605462e+01
1.199999997711181621e+01
1.199999994659423841e+01
1.179999997711181692e+01
1.220000001525878908e+01
1.239999994659423876e+01
1.199999994659423841e+01
1.179999994659423912e+01
1.200000001525878979e+01
1.240000001525878837e+01
1.219999995422363348e+01
1.200000001525878979e+01
1.099999997711181621e+01
1.219999994659423770e+01
1.119999997711181727e+01
1.259999995422363206e+01
1.219999999427795423e+01
1.199999992370605462e+01
1.179999997711181692e+01
1.100000001525878979e+01
1.240000001525878837e+01
1.199999986267089902e+01
1.179999995422363313e+01
1.260000001525878943e+01
1.199999989318847682e+01
1.219999986267089831e+01
1.220000000762939507e+01
1.240000001525878837e+01
1.179999997711181692e+01
1.179999992370605533e+01
1.259999995422363206e+01
1.240000001525878837e+01
1.160000001525878943e+01
1.239999995422363277e+01
1.219999994659423770e+01
1.119999998474121128e+01
1.220000001525878908e+01
1.260000003051757744e+01
1.240000001525878837e+01
1.259999994659423805e+01
1.199999998474121021e+01
1.179999998474121092e+01
1.220000001525878908e+01
1.220000001525878908e+01
1.240000001525878837e+01
1.240000001525878837e+01
1.219999997711181727e+01
1.219999995422363348e+01
1.259999998474121163e+01
1.199999999427795494e+01
1.219999997711181727e+01
1.239999986267089760e+01
1.219999992370605391e+01
1.219999998474121128e+01
1.219999994659423770e+01
1.259999997711181585e+01
1.239999994659423876e+01
1.279999998474121092e+01
1.219999998474121128e+01
1.199999998474121021e+01
1.199999994659423841e+01
1.219999994659423770e+01
1.199999998855590810e+01
1.100000000762939401e+01
1.179999997711181692e+01
1.319999995422363348e+01
1.200000000762939401e+01
1.140000001525878837e+01
1.299999995422363241e+01
1.279999992370605533e+01
1.179999994659423912e+01
1.259999989318847646e+01
1.280000001525878872e+01
1.159999994659423805e+01
1.160000000762939365e+01
1.239999992370605497e+01
1.159999992370605426e+01
1.179999998474121092e+01
1.239999994659423876e+01
1.339999992370605497e+01
1.199999995422363241e+01
1.159999998474121163e+01
1.159999997711181585e+01
1.280000001525878872e+01
1.159999997711181585e+01
1.160000001525878943e+01
1.239999997711181656e+01
1.259999995422363206e+01
1.239999998474121057e+01
1.239999994659423876e+01
1.239999989318847717e+01
1.199999992370605462e+01
1.199999994659423841e+01
1.219999994659423770e+01
1.179999998474121092e+01
1.239999989318847717e+01
1.239999997711181656e+01
1.259999994659423805e+01
1.159999992370605426e+01
1.259999994659423805e+01
1.200000001525878979e+01
1.359999986267089866e+01
1.239999992370605497e+01
1.219999995422363348e+01
1.180000001525878872e+01
1.200000001525878979e+01
1.199999998474121021e+01
1.199999994659423841e+01
1.240000001525878837e+01
1.279999992370605533e+01
1.159999994659423805e+01
1.219999995422363348e+01
1.259999989318847646e+01
1.160000001525878943e+01
1.260000001525878943e+01
1.139999998474121057e+01
1.240000001525878837e+01
1.279999995422363313e+01
1.220000001525878908e+01
1.199999998474121021e+01
1.159999994659423805e+01
1.200000001525878979e+01
1.199999994659423841e+01
1.280000003051757851e+01
1.180000001525878872e+01
1.199999986267089902e+01
1.259999995422363206e+01
1.199999994659423841e+01
1.219999995422363348e+01
1.239999995422363277e+01
1.219999995422363348e+01
1.240000000762939436e+01
1.220000001525878908e+01
1.319999997711181727e+01
1.259999994659423805e+01
1.239999992370605497e+01
1.279999986267089795e+01
1.219999994659423770e+01
1.300000001525878979e+01
1.239999998474121057e+01
1.199999994659423841e+01
1.219999994659423770e+01
1.199999995422363241e+01
1.120000000762939507e+01
1.140000001525878837e+01
1.200000000762939401e+01
1.260000001525878943e+01
1.200000001525878979e+01
1.300000001525878979e+01
1.179999995422363313e+01
1.139999989318847717e+01
1.119999995422363348e+01
1.160000000762939365e+01
1.260000001525878943e+01
1.199999995422363241e+01
1.220000000762939507e+01
1.199999992370605462e+01
1.279999997711181692e+01
1.199999998474121021e+01
1.239999992370605497e+01
1.239999989318847717e+01
1.179999998474121092e+01
1.180000001525878872e+01
1.200000000762939401e+01
1.180000000762939472e+01
1.259999992370605426e+01
1.219999998474121128e+01
1.199999992370605462e+01
1.200000001525878979e+01
1.259999989318847646e+01
1.200000001525878979e+01
1.200000003051757780e+01
1.219999994659423770e+01
1.239999997711181656e+01
1.259999994659423805e+01
1.299999995422363241e+01
1.219999998474121128e+01
1.159999989318847646e+01
1.200000000762939401e+01
1.159999998474121163e+01
1.299999995422363241e+01
1.199999995422363241e+01
1.119999989318847611e+01
1.299999998855590810e+01
1.219999992370605391e+01
1.239999998474121057e+01
1.259999994659423805e+01
1.259999998474121163e+01
1.340000001525878837e+01
1.299999995422363241e+01
1.280000001525878872e+01
1.239999995422363277e+01
1.220000000762939507e+01
1.299999992370605462e+01
1.299999992370605462e+01
1.279999998474121092e+01
1.159999995422363206e+01
1.239999997711181656e+01
1.220000001525878908e+01
1.280000000762939472e+01
1.179999998474121092e+01
1.160000001525878943e+01
1.239999998474121057e+01
1.260000001525878943e+01
1.179999997711181692e+01
1.260000001525878943e+01
1.239999995422363277e+01
1.240000001525878837e+01
1.279999997711181692e+01
1.239999994659423876e+01
1.199999992370605462e+01
1.159999997711181585e+01
1.199999995422363241e+01
1.239999995422363277e+01
1.199999998474121021e+01
1.159999989318847646e+01
1.260000001525878943e+01
1.219999994659423770e+01
1.259999994659423805e+01
1.200000001525878979e+01
1.120000001525878908e+01
1.320000000762939507e+01
1.220000001525878908e+01
1.219999999999999929e+01
1.239999994659423876e+01
1.199999995422363241e+01
1.279999993896484334e+01
1.220000001525878908e+01
1.340000000762939436e+01
1.279999994659423912e+01
1.279999992370605533e+01
1.199999994659423841e+01
1.239999997711181656e+01
1.259999994659423805e+01
1.159999995422363206e+01
1.280000001525878872e+01
1.259999997711181585e+01
1.279999995422363313e+01
1.220000003051757886e+01
1.279999997711181692e+01
1.279999997711181692e+01
1.239999994659423876e+01
1.299999997711181621e+01
1.179999995422363313e+01
1.299999998474121021e+01
1.259999994659423805e+01
1.159999992370605426e+01
1.180000000762939472e+01
1.220000001525878908e+01
1.200000001525878979e+01
1.259999994659423805e+01
1.239999998474121057e+01
1.279999992370605533e+01
1.299999995422363241e+01
1.259999992370605426e+01
1.220000001525878908e+01
1.199999992370605462e+01
1.279999989318847575e+01
1.299999986267089902e+01
1.199999992370605462e+01
1.220000000762939507e+01
1.219999997711181727e+01
1.260000001525878943e+01
1.219999992370605391e+01
1.219999986267089831e+01
1.259999989318847646e+01
1.280000000762939472e+01
1.059999997711181585e+01
1.239999998855590846e+01
1.220000000762939507e+01
1.300000000762939401e+01
1.180000000762939472e+01
1.240000001525878837e+01
1.139999995422363277e+01
1.199999998855590810e+01
1.179999994659423912e+01
1.300000000762939401e+01
1.199999998474121021e+01
1.239999998474121057e+01
1.239999995422363277e+01
1.199999998474121021e+01
1.199999998474121021e+01
1.240000000762939436e+01
1.300000000762939401e+01
1.219999995422363348e+01
1.219999998474121128e+01
1.219999997711181727e+01
1.180000001525878872e+01
1.239999998855590846e+01
1.199999998474121021e+01
1.219999989318847611e+01
1.280000001525878872e+01
1.239999995422363277e+01
1.299999998855590810e+01
1.199999995422363241e+01
1.179999992370605533e+01
1.059999998855590775e+01
1.280000003051757851e+01
1.059999995422363206e+01
1.159999998474121163e+01
1.279999994659423912e+01
1.180000001525878872e+01
1.159999994659423805e+01
1.119999998474121128e+01
1.180000000762939472e+01
1.199999994659423841e+01
1.059999998474121163e+01
1.319999994659423770e+01
1.199999998474121021e+01
1.159999995422363206e+01
1.199999997711181621e+01
1.180000001525878872e+01
1.159999998474121163e+01
1.259999994659423805e+01
1.280000001525878872e+01
1.219999997711181727e+01
1.199999998474121021e+01
1.219999998474121128e+01
1.279999997711181692e+01
1.199999995422363241e+01
1.259999995422363206e+01
1.240000001525878837e+01
1.239999994659423876e+01
1.200000003051757780e+01
1.259999998474121163e+01
1.259999989318847646e+01
1.119999998474121128e+01
1.180000001525878872e+01
1.259999995422363206e+01
1.280000003051757851e+01
1.259999995422363206e+01
1.119999986267089831e+01
1.159999998474121163e+01
1.199999998855590810e+01
1.159999994659423805e+01
1.299999995422363241e+01
1.179999992370605533e+01
1.199999995422363241e+01
1.219999998474121128e+01
1.239999986267089760e+01
1.179999997711181692e+01
1.279999992370605533e+01
1.259999994659423805e+01
1.220000001525878908e+01
1.179999997711181692e+01
1.199999994659423841e+01
1.280000000762939472e+01
1.039999998474121057e+01
1.300000001525878979e+01
1.099999997711181621e+01
1.199999995422363241e+01
1.239999995422363277e+01
1.319999992370605391e+01
1.280000000762939472e+01
1.199999994659423841e+01
1.239999998474121057e+01
1.299999992370605462e+01
1.180000001525878872e+01
1.200000001525878979e+01
1.179999992370605533e+01
1.179999997711181692e+01
1.239999994659423876e+01
1.259999995422363206e+01
1.239999994659423876e+01
1.279999995422363313e+01
1.180000001525878872e+01
1.279999992370605533e+01
1.139999997711181656e+01
1.259999994659423805e+01
1.199999992370605462e+01
1.239999995422363277e+01
1.279999994659423912e+01
1.240000000762939436e+01
1.359999989318847646e+01
1.319999995422363348e+01
1.279999995422363313e+01
1.200000001525878979e+01
1.219999997711181727e+01
1.259999997711181585e+01
1.259999997711181585e+01
1.319999994659423770e+01
1.239999989318847717e+01
1.200000003051757780e+01
1.219999998474121128e+01
1.239999995422363277e+01
1.059999997711181585e+01
1.240000001525878837e+01
1.259999998855590775e+01
1.260000001525878943e+01
1.240000001525878837e+01
1.220000001525878908e+01
1.259999997711181585e+01
1.259999998474121163e+01
1.299999995422363241e+01
1.299999994659423841e+01
1.300000001525878979e+01
1.259999992370605426e+01
1.279999997711181692e+01
1.259999989318847646e+01
1.259999998474121163e+01
1.080000001525878872e+01
1.159999997711181585e+01
1.220000001525878908e+01
1.220000003051757886e+01
1.219999994659423770e+01
1.219999994659423770e+01
1.299999994659423841e+01
1.259999992370605426e+01
1.239999997711181656e+01
1.219999994659423770e+01
1.280000001525878872e+01
1.219999998474121128e+01
1.139999995422363277e+01
1.059999998474121163e+01
1.260000001525878943e+01
1.139999994659423876e+01
1.279999997711181692e+01
1.259999994659423805e+01
1.259999992370605426e+01
1.280000000762939472e+01
1.220000001525878908e+01
1.200000001525878979e+01
1.239999997711181656e+01
1.219999997711181727e+01
1.219999989318847611e+01
1.239999994659423876e+01
1.159999998474121163e+01
1.219999997711181727e+01
1.239999997711181656e+01
1.159999994659423805e+01
1.259999989318847646e+01
1.319999998474121128e+01
1.260000000762939365e+01
1.179999989318847575e+01
1.139999997711181656e+01
1.239999995422363277e+01
1.179999994659423912e+01
1.239999992370605497e+01
1.200000001525878979e+01
1.119999998474121128e+01
1.179999992370605533e+01
1.279999998474121092e+01
1.239999994659423876e+01
1.199999992370605462e+01
1.259999995422363206e+01
1.160000000762939365e+01
1.300000001525878979e+01
1.280000001525878872e+01
1.200000001525878979e+01
1.259999995422363206e+01
1.159999994659423805e+01
1.239999997711181656e+01
1.239999992370605497e+01
1.280000001525878872e+01
1.280000000762939472e+01
1.100000001525878979e+01
1.259999992370605426e+01
1.279999992370605533e+01
1.259999997711181585e+01
1.279999992370605533e+01
1.260000001525878943e+01
1.219999995422363348e+01
1.239999992370605497e+01
1.219999992370605391e+01
1.200000001525878979e+01
1.299999992370605462e+01
1.119999994659423770e+01
1.199999997711181621e+01
1.380000000762939472e+01
1.260000001525878943e+01
1.259999995422363206e+01
1.299999998474121021e+01
1.299999998474121021e+01
1.239999994659423876e+01
1.199999994659423841e+01
1.200000001525878979e+01
1.180000001525878872e+01
1.220000001525878908e+01
1.259999994659423805e+01
1.240000001525878837e+01
9.999999946594238409e+00
1.240000001525878837e+01
1.239999998474121057e+01
1.239999997711181656e+01
1.219999992370605391e+01
1.180000000762939472e+01
1.159999992370605426e+01
1.099999997711181621e+01
1.239999995422363277e+01
1.219999997711181727e+01
1.260000001525878943e+01
1.179999994659423912e+01
1.160000001525878943e+01
1.239999995422363277e+01
1.199999994659423841e+01
1.279999995422363313e+01
1.280000001525878872e+01
1.219999994659423770e+01
1.239999986267089760e+01
1.279999998474121092e+01
1.219999992370605391e+01
1.259999992370605426e+01
1.299999998474121021e+01
1.219999998474121128e+01
1.240000001525878837e+01
1.139999995422363277e+01
1.280000001525878872e+01
1.259999992370605426e+01
1.220000001525878908e+01
1.319999995422363348e+01
1.159999995422363206e+01
1.259999998474121163e+01
1.299999992370605462e+01
1.220000001525878908e+01
1.319999998474121128e+01
1.179999997711181692e+01
1.259999992370605426e+01
1.179999998855590881e+01
1.259999998474121163e+01
1.159999994659423805e+01
1.179999992370605533e+01
1.319999992370605391e+01
1.199999997711181621e+01
1.279999995422363313e+01
1.279999994659423912e+01
1.239999994659423876e+01
1.239999994659423876e+01
1.199999997711181621e+01
1.159999992370605426e+01
1.200000001525878979e+01
1.240000001525878837e+01
1.259999994659423805e+01
1.239999989318847717e+01
1.279999997711181692e+01
1.099999998855590810e+01
1.180000000762939472e+01
1.259999994659423805e+01
1.399999992370605462e+01
1.239999998474121057e+01
1.200000001525878979e+01
1.159999992370605426e+01
1.220000003051757886e+01
1.220000000762939507e+01
1.119999995422363348e+01
1.239999995422363277e+01
1.139999997711181656e+01
1.199999997711181621e+01
1.199999992370605462e+01
1.120000000762939507e+01
1.219999995422363348e+01
1.219999994659423770e+01
1.219999998474121128e+01
1.299999998474121021e+01
1.299999998474121021e+01
1.239999995422363277e+01
1.219999989318847611e+01
1.239999989318847717e+01
1.299999992370605462e+01
1.199999994659423841e+01
1.220000000762939507e+01
1.279999995422363313e+01
1.220000001525878908e+01
1.259999998474121163e+01
1.220000001525878908e+01
1.279999992370605533e+01
1.219999998474121128e+01
1.240000001525878837e+01
1.259999998474121163e+01
1.460000001525878943e+01
1.240000001525878837e+01
1.159999994659423805e+01
1.099999997711181621e+01
1.239999998474121057e+01
1.240000001525878837e+01
1.279999992370605533e+01
1.259999995422363206e+01
1.220000001525878908e+01
1.219999994659423770e+01
1.259999986267089866e+01
1.239999995422363277e+01
1.199999997711181621e+01
1.259999994659423805e+01
1.379999992370605533e+01
1.240000001525878837e+01
1.159999994659423805e+01
1.059999997711181585e+01
1.259999997711181585e+01
1.260000001525878943e+01
1.279999994659423912e+01
1.159999998474121163e+01
1.259999992370605426e+01
1.219999998474121128e+01
1.119999995422363348e+01
1.179999992370605533e+01
1.219999995422363348e+01
1.259999994659423805e+01
1.219999992370605391e+01
1.179999992370605533e+01
1.220000001525878908e+01
1.099999997711181621e+01
1.219999994659423770e+01
1.159999998474121163e+01
1.179999995422363313e+01
1.199999998855590810e+01
1.220000001525878908e+01
1.199999995422363241e+01
1.200000003051757780e+01
1.179999998474121092e+01
1.160000001525878943e+01
1.299999997711181621e+01
1.140000001525878837e+01
1.259999997711181585e+01
1.099999995422363241e+01
1.259999998474121163e+01
1.199999994659423841e+01
1.219999994659423770e+01
1.300000001525878979e+01
1.259999997711181585e+01
1.259999994659423805e+01
1.180000001525878872e+01
1.279999997711181692e+01
1.339999989318847717e+01
1.259999999427795458e+01
1.200000001525878979e+01
1.239999994659423876e+01
1.160000000762939365e+01
1.280000000762939472e+01
1.280000001525878872e+01
1.239999989318847717e+01
1.280000001525878872e+01
1.139999992370605497e+01
1.259999994659423805e+01
1.280000001525878872e+01
1.039999994659423876e+01
1.159999994659423805e+01
1.319999992370605391e+01
1.159999994659423805e+01
1.260000001525878943e+01
1.159999994659423805e+01
1.259999997711181585e+01
1.259999994659423805e+01
1.239999994659423876e+01
1.179999994659423912e+01
1.139999997711181656e+01
1.180000001525878872e+01
1.199999994659423841e+01
1.299999998474121021e+01
1.259999994659423805e+01
1.220000001525878908e+01
1.259999998474121163e+01
1.139999998474121057e+01
1.199999998474121021e+01
1.219999992370605391e+01
1.119999992370605391e+01
1.059999997711181585e+01
1.299999995422363241e+01
1.220000001525878908e+01
1.200000001525878979e+01
1.099999994659423841e+01
1.180000001525878872e+01
1.239999995422363277e+01
1.179999998474121092e+01
1.240000000762939436e+01
1.080000000762939472e+01
1.299999992370605462e+01
1.260000001525878943e+01
1.219999997711181727e+01
1.159999994659423805e+01
1.259999997711181585e+01
9.600000007629393650e+00
1.319999995422363348e+01
1.239999994659423876e+01
1.260000001525878943e+01
1.219999998474121128e+01
1.179999986267089795e+01
1.279999994659423912e+01
1.259999989318847646e+01
1.119999997711181727e+01
1.239999994659423876e+01
1.179999998474121092e+01
1.159999998474121163e+01
1.199999994659423841e+01
1.259999994659423805e+01
1.199999998474121021e+01
1.199999994659423841e+01
1.240000001525878837e+01
1.239999998474121057e+01
1.239999994659423876e+01
1.119999997711181727e+01
1.459999998855590775e+01
1.219999995422363348e+01
1.199999998855590810e+01
1.239999994659423876e+01
1.239999992370605497e+01
1.240000001525878837e+01
1.200000001525878979e+01
1.219999997711181727e+01
1.240000000762939436e+01
1.199999998474121021e+01
1.039999997711181656e+01
1.199999995422363241e+01
1.160000000762939365e+01
1.140000001525878837e+01
1.120000003051757886e+01
1.179999995422363313e+01
1.279999997711181692e+01
1.259999998474121163e+01
1.220000001525878908e+01
1.039999994659423876e+01
1.199999994659423841e+01
1.260000003051757744e+01
1.179999994659423912e+01
1.280000001525878872e+01
1.220000000762939507e+01
1.279999998474121092e+01
1.120000000762939507e+01
1.199999998855590810e+01
1.320000000762939507e+01
1.239999998474121057e+01
1.240000001525878837e+01
1.219999994659423770e+01
1.199999994659423841e+01
1.139999997711181656e+01
1.239999994659423876e+01
1.239999997711181656e+01
1.279999998474121092e+01
1.259999992370605426e+01
1.219999995422363348e+01
1.259999994659423805e+01
1.200000003051757780e+01
1.059999994659423805e+01
1.259999995422363206e+01
1.220000001525878908e+01
9.399999977111816563e+00
1.259999994659423805e+01
1.239999994659423876e+01
1.279999998474121092e+01
1.039999992370605497e+01
1.240000001525878837e+01
1.100000001525878979e+01
1.200000003051757780e+01
1.279999998474121092e+01
1.240000003051757815e+01
1.259999998474121163e+01
1.239999998474121057e+01
1.219999997711181727e+01
1.219999997711181727e+01
1.260000001525878943e+01
1.239999998474121057e+01
1.239999998474121057e+01
1.179999997711181692e+01
1.119999992370605391e+01
1.159999994659423805e+01
1.059999998474121163e+01
1.139999994659423876e+01
1.219999997711181727e+01
1.060000001525878943e+01
1.239999989318847717e+01
1.159999992370605426e+01
1.219999999999999929e+01
1.080000001525878872e+01
1.199999995422363241e+01
1.219999995422363348e+01
1.239999998474121057e+01
1.139999994659423876e+01
1.159999998474121163e+01
1.159999997711181585e+01
1.280000001525878872e+01
1.259999989318847646e+01
1.240000001525878837e+01
1.159999994659423805e+01
1.199999995422363241e+01
1.259999994659423805e+01
1.160000000762939365e+01
1.179999997711181692e+01
1.079999992370605533e+01
1.219999997711181727e+01
1.039999992370605497e+01
1.219999995422363348e+01
1.200000000762939401e+01
1.120000001525878908e+01
1.339999995422363277e+01
1.119999998474121128e+01
1.079999997711181692e+01
1.239999998474121057e+01
1.239999994659423876e+01
1.199999997711181621e+01
1.220000001525878908e+01
1.280000000762939472e+01
1.299999994659423841e+01
1.079999997711181692e+01
1.259999992370605426e+01
1.279999997711181692e+01
1.699999989318847682e+01
1.240000001525878837e+01
1.320000000762939507e+01
1.199999994659423841e+01
1.179999998855590881e+01
1.239999995422363277e+01
1.259999998474121163e+01
1.280000001525878872e+01
1.260000001525878943e+01
1.020000000762939507e+01
1.079999994659423912e+01
1.259999994659423805e+01
1.099999986267089902e+01
1.239999997711181656e+01
1.239999998855590846e+01
1.220000000762939507e+01
1.179999994659423912e+01
1.259999995422363206e+01
1.259999995422363206e+01
1.239999998855590846e+01
1.180000001525878872e+01
1.199999992370605462e+01
1.299999992370605462e+01
1.200000001525878979e+01
1.319999997711181727e+01
1.379999998474121092e+01
1.179999997711181692e+01
1.220000001525878908e+01
1.199999989318847682e+01
1.019999999427795423e+01
1.160000000762939365e+01
1.139999995422363277e+01
1.259999992370605426e+01
1.139999998474121057e+01
1.219999994659423770e+01
1.239999994659423876e+01
1.159999994659423805e+01
1.200000000762939401e+01
1.239999997711181656e+01
1.240000001525878837e+01
1.299999998474121021e+01
1.279999998474121092e+01
1.279999998474121092e+01
1.219999997711181727e+01
1.200000001525878979e+01
1.339999992370605497e+01
1.099999998474121021e+01
1.259999994659423805e+01
1.119999998474121128e+01
1.200000001525878979e+01
1.259999995422363206e+01
1.120000000762939507e+01
1.079999997711181692e+01
1.259999998855590775e+01
1.240000001525878837e+01
1.259999994659423805e+01
1.099999998855590810e+01
1.219999995422363348e+01
1.239999998474121057e+01
1.199999997711181621e+01
1.159999997711181585e+01
1.280000001525878872e+01
1.180000001525878872e+01
1.039999989318847717e+01
1.219999989318847611e+01
1.200000000762939401e+01
1.260000001525878943e+01
1.239999995422363277e+01
1.279999998474121092e+01
1.239999994659423876e+01
1.239999992370605497e+01
1.159999995422363206e+01
1.240000001525878837e+01
1.239999989318847717e+01
1.279999995422363313e+01
1.159999994659423805e+01
1.239999994659423876e+01
1.180000001525878872e+01
1.299999992370605462e+01
1.079999994659423912e+01
1.299999992370605462e+01
1.120000001525878908e+01
1.239999994659423876e+01
1.219999998474121128e+01
1.099999994659423841e+01
1.239999995422363277e+01
1.200000001525878979e+01
1.299999998474121021e+01
1.139999998474121057e+01
1.219999997711181727e+01
1.239999986267089760e+01
1.139999997711181656e+01
1.259999995422363206e+01
1.239999994659423876e+01
1.219999994659423770e+01
1.239999995422363277e+01
1.259999997711181585e+01
1.199999989318847682e+01
1.279999994659423912e+01
1.219999998474121128e+01
1.179999997711181692e+01
1.260000001525878943e+01
1.179999998474121092e+01
1.299999997711181621e+01
1.279999994659423912e+01
1.239999994659423876e+01
1.279999995422363313e+01
1.259999997711181585e+01
1.139999994659423876e+01
1.239999997711181656e+01
1.199999994659423841e+01
1.319999998474121128e+01
1.219999998474121128e+01
1.240000001525878837e+01
1.120000000762939507e+01
1.179999994659423912e+01
1.540000003051757815e+01
1.320000001525878908e+01
1.199999998474121021e+01
1.219999989318847611e+01
1.180000000762939472e+01
1.259999997711181585e+01
1.159999992370605426e+01
1.240000001525878837e+01
1.819999996948242327e+01
1.300000001525878979e+01
1.179999998855590881e+01
1.100000001525878979e+01
1.139999992370605497e+01
1.179999994659423912e+01
1.199999994659423841e+01
1.159999997711181585e+01
1.300000001525878979e+01
1.179999994659423912e+01
1.280000000762939472e+01
1.199999998474121021e+01
1.199999994659423841e+01
1.119999994659423770e+01
1.339999992370605497e+01
1.239999997711181656e+01
1.219999994659423770e+01
1.219999992370605391e+01
1.099999986267089902e+01
1.260000001525878943e+01
1.299999992370605462e+01
1.140000000762939436e+01
1.199999995422363241e+01
1.219999998474121128e+01
1.300000001525878979e+01
1.260000001525878943e+01
1.280000001525878872e+01
1.219999994659423770e+01
1.259999997711181585e+01
1.260000001525878943e+01
1.199999992370605462e+01
1.179999994659423912e+01
1.239999998474121057e+01
1.199999994659423841e+01
1.080000000762939472e+01
1.219999994659423770e+01
1.219999992370605391e+01
1.219999998474121128e+01
1.560000000762939365e+01
1.200000000762939401e+01
1.259999997711181585e+01
1.099999994659423841e+01
1.299999995422363241e+01
1.119999998474121128e+01
1.119999994659423770e+01
1.220000000762939507e+01
1.119999994659423770e+01
1.159999994659423805e+01
1.320000000762939507e+01
1.119999994659423770e+01
1.259999994659423805e+01
1.200000001525878979e+01
1.240000001525878837e+01
1.119999995422363348e+01
1.260000001525878943e+01
1.179999998474121092e+01
1.280000001525878872e+01
1.080000001525878872e+01
1.199999998474121021e+01
1.179999998855590881e+01
1.179999994659423912e+01
1.119999997711181727e+01
1.239999998474121057e+01
1.140000000762939436e+01
1.139999989318847717e+01
1.159999999999999964e+01
1.200000000762939401e+01
1.159999998474121163e+01
1.239999995422363277e+01
1.259999998474121163e+01
1.179999986267089795e+01
1.200000000762939401e+01
1.199999998474121021e+01
1.220000001525878908e+01
1.299999997711181621e+01
1.239999994659423876e+01
1.199999998474121021e+01
1.159999986267089866e+01
9.800000007629394716e+00
1.400000001525878979e+01
1.359999997711181585e+01
1.219999997711181727e+01
1.239999989318847717e+01
1.220000000762939507e+01
1.199999994659423841e+01
1.179999994659423912e+01
1.339999997711181656e+01
1.199999995422363241e+01
1.200000001525878979e+01
1.199999992370605462e+01
1.159999997711181585e+01
1.079999998474121092e+01
1.220000000762939507e+01
1.139999994659423876e+01
1.219999994659423770e+01
1.299999994659423841e+01
1.259999994659423805e+01
1.199999997711181621e+01
1.199999986267089902e+01
1.179999992370605533e+01
1.219999995422363348e+01
1.219999986267089831e+01
1.239999992370605497e+01
1.260000001525878943e+01
1.179999997711181692e+01
1.259999995422363206e+01
1.279999989318847575e+01
1.259999992370605426e+01
1.239999995422363277e+01
1.179999998474121092e+01
1.139999997711181656e+01
1.259999995422363206e+01
1.139999995422363277e+01
1.139999995422363277e+01
1.300000000762939401e+01
1.239999994659423876e+01
1.260000003051757744e+01
1.299999994659423841e+01
1.160000000762939365e+01
1.239999998474121057e+01
1.040000000762939436e+01
1.119999994659423770e+01
1.140000001525878837e+01
1.220000001525878908e+01
1.159999997711181585e+01
1.139999997711181656e+01
1.259999995422363206e+01
1.280000001525878872e+01
1.239999997711181656e+01
1.159999994659423805e+01
1.199999986267089902e+01
1.219999994659423770e+01
1.139999995422363277e+01
1.240000001525878837e+01
1.139999997711181656e+01
1.240000001525878837e+01
1.099999994659423841e+01
1.259999994659423805e+01
1.279999994659423912e+01
1.159999998474121163e+01
1.139999998474121057e+01
1.180000001525878872e+01
1.160000000762939365e+01
1.239999997711181656e+01
1.179999998474121092e+01
1.219999995422363348e+01
1.140000000762939436e+01
1.280000001525878872e+01
1.259999999427795458e+01
1.099999998474121021e+01
1.259999995422363206e+01
1.259999989318847646e+01
1.299999994659423841e+01
1.259999992370605426e+01
1.200000000762939401e+01
1.239999994659423876e+01
1.140000001525878837e+01
1.199999992370605462e+01
1.259999998474121163e+01
1.259999989318847646e+01
1.139999997711181656e+01
1.179999997711181692e+01
1.279999995422363313e+01
1.199999998474121021e+01
1.379999989318847575e+01
1.340000001525878837e+01
9.800000015258788721e+00
1.179999998474121092e+01
1.239999994659423876e+01
1.239999995422363277e+01
1.239999995422363277e+01
1.239999994659423876e+01
1.259999994659423805e+01
1.179999994659423912e+01
1.159999998474121163e+01
1.259999998474121163e+01
1.219999989318847611e+01
1.080000001525878872e+01
1.279999997711181692e+01
1.199999995422363241e+01
1.419999994659423770e+01
1.219999994659423770e+01
1.179999998474121092e+01
1.239999998474121057e+01
1.219999995422363348e+01
1.319999992370605391e+01
1.259999994659423805e+01
1.359999989318847646e+01
1.239999992370605497e+01
1.219999994659423770e+01
1.220000001525878908e+01
1.120000000762939507e+01
1.139999998474121057e+01
1.179999989318847575e+01
1.200000001525878979e+01
1.239999998855590846e+01
1.179999998474121092e+01
1.219999989318847611e+01
1.180000001525878872e+01
1.160000001525878943e+01
1.279999997711181692e+01
1.140000001525878837e+01
1.260000001525878943e+01
1.260000001525878943e+01
1.179999992370605533e+01
1.219999997711181727e+01
1.239999992370605497e+01
1.100000001525878979e+01
1.199999994659423841e+01
1.199999994659423841e+01
1.199999992370605462e+01
1.199999997711181621e+01
1.239999995422363277e+01
1.199999998474121021e+01
1.139999998474121057e+01
1.279999998474121092e+01
1.399999998855590810e+01
1.219999992370605391e+01
1.079999997711181692e+01
1.140000001525878837e+01
1.199999998474121021e+01
1.240000001525878837e+01
1.339999992370605497e+01
1.240000001525878837e+01
1.080000001525878872e+01
1.259999994659423805e+01
1.219999986267089831e+01
1.159999998474121163e+01
1.079999994659423912e+01
1.239999998474121057e+01
1.319999992370605391e+01
1.120000001525878908e+01
1.139999995422363277e+01
1.199999994659423841e+01
1.119999995422363348e+01
1.300000001525878979e+01
1.159999998474121163e+01
1.139999995422363277e+01
1.259999992370605426e+01
1.259999994659423805e+01
1.179999998474121092e+01
1.499999998474121021e+01
1.179999997711181692e+01
1.199999994659423841e+01
1.079999997711181692e+01
1.319999995422363348e+01
1.039999994659423876e+01
1.260000001525878943e+01
1.140000001525878837e+01
1.179999998474121092e+01
1.239999998474121057e+01
1.259999994659423805e+01
1.199999997711181621e+01
1.199999998474121021e+01
1.260000001525878943e+01
1.040000000762939436e+01
1.279999992370605533e+01
1.159999994659423805e+01
1.179999992370605533e+01
1.239999997711181656e+01
1.159999995422363206e+01
1.179999995422363313e+01
1.119999997711181727e+01
1.160000001525878943e+01
1.119999997711181727e+01
1.160000000762939365e+01
1.219999997711181727e+01
1.199999995422363241e+01
1.259999986267089866e+01
1.220000000762939507e+01
1.259999986267089866e+01
1.579999996948242114e+01
1.139999994659423876e+01
1.159999995422363206e+01
1.219999998855590739e+01
1.279999998474121092e+01
1.259999998474121163e+01
1.059999998474121163e+01
1.239999998474121057e+01
1.159999998474121163e+01
1.179999997711181692e+01
1.179999989318847575e+01
1.180000001525878872e+01
1.320000001525878908e+01
1.160000000762939365e+01
1.080000001525878872e+01
1.039999994659423876e+01
1.239999997711181656e+01
1.199999989318847682e+01
1.180000000762939472e+01
1.119999998474121128e+01
1.239999997711181656e+01
1.119999997711181727e+01
1.259999992370605426e+01
1.220000001525878908e+01
1.160000001525878943e+01
1.020000001525878908e+01
1.200000001525878979e+01
1.179999997711181692e+01
1.179999992370605533e+01
1.299999992370605462e+01
1.320000003051757886e+01
1.200000000762939401e+01
1.199999999427795494e+01
1.299999994659423841e+01
1.299999989318847682e+01
1.280000001525878872e+01
1.279999995422363313e+01
1.219999997711181727e+01
1.019999994659423770e+01
1.180000001525878872e+01
1.219999995422363348e+01
1.160000003051757744e+01
1.259999995422363206e+01
1.419999992370605391e+01
1.079999998474121092e+01
1.219999998855590739e+01
1.299999995422363241e+01
1.239999994659423876e+01
1.079999994659423912e+01
1.179999998474121092e+01
1.180000000762939472e+01
1.279999989318847575e+01
1.139999992370605497e+01
1.259999994659423805e+01
1.179999998474121092e+01
1.179999992370605533e+01
1.139999994659423876e+01
1.259999989318847646e+01
1.219999998474121128e+01
1.240000001525878837e+01
1.220000001525878908e+01
1.019999997711181727e+01
1.199999992370605462e+01
1.259999994659423805e+01
1.119999997711181727e+01
1.139999998474121057e+01
1.220000001525878908e+01
1.239999998474121057e+01
1.160000001525878943e+01
1.419999998474121128e+01
1.299999995422363241e+01
1.219999994659423770e+01
1.399999989318847682e+01
1.259999994659423805e+01
1.079999994659423912e+01
1.259999992370605426e+01
1.080000001525878872e+01
1.280000001525878872e+01
1.199999998474121021e+01
1.179999994659423912e+01
1.139999997711181656e+01
1.140000001525878837e+01
1.339999995422363277e+01
1.219999994659423770e+01
1.299999995422363241e+01
1.179999998474121092e+01
1.219999994659423770e+01
1.119999997711181727e+01
1.119999997711181727e+01
1.180000001525878872e+01
1.120000000762939507e+01
1.239999994659423876e+01
1.399999992370605462e+01
1.240000001525878837e+01
1.419999992370605391e+01
1.139999986267089760e+01
1.199999997711181621e+01
1.079999994659423912e+01
1.079999998474121092e+01
1.259999995422363206e+01
1.219999997711181727e+01
1.160000001525878943e+01
1.159999992370605426e+01
1.319999998855590739e+01
1.280000001525878872e+01
1.240000001525878837e+01
1.099999998474121021e+01
1.319999998855590739e+01
1.179999998855590881e+01
1.319999986267089831e+01
1.259999989318847646e+01
1.039999997711181656e+01
1.180000001525878872e+01
1.140000000762939436e+01
1.200000001525878979e+01
1.399999994659423841e+01
1.299999994659423841e+01
1.159999998855590775e+01
1.519999995422363348e+01
9.800000007629394716e+00
1.179999997711181692e+01
1.119999992370605391e+01
1.320000001525878908e+01
1.179999995422363313e+01
1.079999994659423912e+01
1.179999994659423912e+01
9.999999946594238409e+00
1.239999998855590846e+01
1.180000001525878872e+01
1.179999997711181692e+01
1.239999989318847717e+01
1.220000001525878908e+01
1.119999997711181727e+01
1.060000001525878943e+01
1.279999994659423912e+01
1.200000001525878979e+01
1.140000001525878837e+01
1.280000001525878872e+01
9.999999946594238409e+00
1.219999995422363348e+01
1.159999994659423805e+01
1.219999998474121128e+01
1.160000001525878943e+01
1.259999995422363206e+01
1.119999998474121128e+01
1.279999986267089795e+01
1.099999997711181621e+01
1.119999992370605391e+01
1.259999997711181585e+01
1.179999997711181692e+01
1.259999994659423805e+01
1.119999994659423770e+01
1.239999989318847717e+01
1.179999992370605533e+01
1.239999995422363277e+01
1.159999994659423805e+01
1.199999998474121021e+01
1.059999994659423805e+01
1.319999999427795423e+01
1.139999994659423876e+01
1.179999994659423912e+01
1.119999998855590739e+01
1.099999997711181621e+01
1.259999997711181585e+01
1.100000001525878979e+01
1.219999998474121128e+01
1.060000000762939365e+01
1.039999998474121057e+01
1.199999986267089902e+01
1.099999997711181621e+01
1.300000001525878979e+01
1.280000001525878872e+01
1.139999992370605497e+01
1.279999994659423912e+01
1.179999998474121092e+01
1.199999998474121021e+01
1.260000000762939365e+01
1.119999994659423770e+01
1.139999994659423876e+01
1.179999997711181692e+01
1.139999994659423876e+01
1.219999995422363348e+01
1.179999992370605533e+01
1.219999994659423770e+01
1.219999994659423770e+01
1.379999998855590881e+01
1.319999986267089831e+01
1.199999995422363241e+01
1.259999994659423805e+01
1.459999994659423805e+01
1.079999994659423912e+01
1.239999997711181656e+01
1.300000001525878979e+01
1.200000001525878979e+01
1.179999994659423912e+01
1.119999997711181727e+01
1.140000001525878837e+01
1.259999994659423805e+01
1.779999995422363313e+01
1.120000000762939507e+01
1.139999995422363277e+01
1.259999998474121163e+01
1.240000001525878837e+01
1.099999994659423841e+01
1.179999997711181692e+01
1.159999992370605426e+01
1.180000001525878872e+01
1.219999992370605391e+01
1.139999992370605497e+01
1.260000001525878943e+01
1.299999989318847682e+01
1.179999995422363313e+01
1.159999992370605426e+01
1.179999986267089795e+01
1.199999994659423841e+01
1.299999992370605462e+01
1.259999992370605426e+01
1.199999989318847682e+01
1.140000001525878837e+01
1.199999992370605462e+01
1.200000001525878979e+01
1.239999998474121057e+01
1.280000001525878872e+01
1.039999997711181656e+01
1.059999994659423805e+01
1.199999992370605462e+01
1.139999998474121057e+01
1.139999995422363277e+01
1.139999998474121057e+01
1.279999995422363313e+01
1.679999992370605355e+01
1.080000001525878872e+01
1.239999994659423876e+01
1.379999997711181692e+01
1.200000001525878979e+01
1.339999989318847717e+01
1.160000003051757744e+01
1.199999998474121021e+01
1.279999992370605533e+01
1.219999994659423770e+01
1.039999998855590846e+01
1.159999998474121163e+01
1.280000001525878872e+01
1.200000001525878979e+01
1.099999997711181621e+01
1.159999992370605426e+01
1.440000003051757815e+01
1.040000001525878837e+01
1.159999998474121163e+01
1.099999994659423841e+01
1.139999998474121057e+01
1.079999998474121092e+01
1.339999995422363277e+01
1.099999997711181621e+01
1.419999995422363348e+01
1.019999998474121128e+01
1.239999998855590846e+01
1.199999992370605462e+01
1.219999989318847611e+01
1.239999995422363277e+01
1.140000001525878837e+01
9.999999984741210213e+00
1.179999994659423912e+01
1.099999992370605462e+01
1.199999994659423841e+01
1.239999997711181656e+01
1.140000000762939436e+01
1.159999997711181585e+01
1.139999995422363277e+01
1.059999994659423805e+01
1.299999986267089902e+01
1.099999995422363241e+01
1.120000001525878908e+01
1.159999995422363206e+01
1.300000000762939401e+01
1.339999989318847717e+01
1.079999994659423912e+01
1.240000001525878837e+01
1.000000001525878979e+01
1.140000000762939436e+01
1.099999994659423841e+01
1.239999994659423876e+01
1.159999994659423805e+01
1.059999994659423805e+01
1.320000000762939507e+01
1.239999995422363277e+01
1.179999994659423912e+01
1.239999997711181656e+01
1.119999995422363348e+01
1.279999992370605533e+01
8.200000015258789077e+00
1.039999995422363277e+01
1.279999998474121092e+01
1.099999994659423841e+01
1.200000001525878979e+01
1.219999995422363348e+01
1.319999992370605391e+01
1.319999986267089831e+01
1.040000001525878837e+01
1.059999994659423805e+01
1.179999989318847575e+01
1.139999998855590846e+01
1.260000001525878943e+01
1.379999995422363313e+01
1.020000001525878908e+01
1.140000001525878837e+01
1.119999997711181727e+01
1.120000000762939507e+01
1.219999994659423770e+01
1.139999997711181656e+01
1.299999998474121021e+01
1.239999998474121057e+01
1.199999998474121021e+01
1.379999992370605533e+01
1.139999994659423876e+01
1.260000001525878943e+01
1.180000001525878872e+01
1.159999989318847646e+01
1.179999998474121092e+01
1.200000001525878979e+01
1.119999998474121128e+01
1.079999998474121092e+01
1.219999997711181727e+01
1.239999997711181656e+01
1.699999995422363241e+01
1.220000000762939507e+01
1.179999998474121092e+01
1.180000001525878872e+01
1.200000003051757780e+01
1.340000001525878837e+01
9.999999923706054616e+00
1.220000001525878908e+01
1.240000001525878837e+01
1.239999997711181656e+01
1.139999997711181656e+01
1.219999992370605391e+01
1.279999992370605533e+01
1.099999998474121021e+01
1.299999992370605462e+01
1.259999992370605426e+01
1.139999997711181656e+01
1.199999994659423841e+01
1.139999997711181656e+01
1.299999986267089902e+01
1.039999998474121057e+01
1.100000000762939401e+01
1.319999998474121128e+01
1.199999992370605462e+01
1.199999994659423841e+01
1.459999992370605426e+01
1.219999986267089831e+01
1.119999997711181727e+01
1.140000001525878837e+01
1.240000000000000036e+01
1.279999992370605533e+01
1.299999994659423841e+01
1.099999998855590810e+01
1.360000001525878943e+01
1.019999995422363348e+01
1.200000001525878979e+01
1.160000001525878943e+01
1.199999994659423841e+01
1.199999989318847682e+01
1.180000001525878872e+01
1.159999998474121163e+01
1.159999998474121163e+01
1.339999998474121057e+01
1.220000001525878908e+01
1.260000001525878943e+01
1.280000001525878872e+01
1.159999997711181585e+01
1.099999989318847682e+01
1.079999992370605533e+01
1.280000001525878872e+01
1.040000000762939436e+01
1.199999998474121021e+01
1.160000001525878943e+01
1.199999995422363241e+01
1.160000001525878943e+01
1.219999992370605391e+01
1.259999992370605426e+01
1.179999997711181692e+01
1.119999989318847611e+01
1.240000000762939436e+01
1.139999992370605497e+01
1.059999994659423805e+01
1.199999994659423841e+01
1.140000000762939436e+01
1.059999995422363206e+01
1.299999995422363241e+01
1.340000001525878837e+01
1.099999994659423841e+01
1.299999997711181621e+01
1.839999998474121057e+01
9.799999984741210923e+00
1.260000001525878943e+01
1.220000000762939507e+01
1.379999997711181692e+01
1.199999986267089902e+01
1.120000001525878908e+01
9.999999984741210213e+00
1.179999997711181692e+01
1.120000001525878908e+01
1.180000000762939472e+01
1.299999995422363241e+01
1.639999995422363455e+01
1.259999994659423805e+01
1.220000000762939507e+01
1.139999997711181656e+01
1.219999998474121128e+01
1.279999995422363313e+01
1.219999994659423770e+01
1.479999986267089795e+01
1.139999995422363277e+01
1.159999998474121163e+01
1.079999994659423912e+01
1.319999995422363348e+01
1.240000001525878837e+01
1.219999997711181727e+01
1.259999994659423805e+01
1.179999997711181692e+01
1.279999995422363313e+01
1.119999995422363348e+01
1.120000001525878908e+01
1.099999995422363241e+01
1.219999998474121128e+01
1.160000001525878943e+01
1.320000001525878908e+01
1.119999998474121128e+01
1.179999989318847575e+01
1.139999994659423876e+01
1.159999998474121163e+01
1.140000000762939436e+01
1.199999998855590810e+01
1.239999994659423876e+01
1.160000001525878943e+01
1.300000001525878979e+01
1.319999998474121128e+01
1.219999992370605391e+01
1.340000001525878837e+01
1.240000001525878837e+01
1.079999997711181692e+01
1.099999998474121021e+01
1.280000001525878872e+01
9.999999988555908104e+00
1.019999997711181727e+01
1.099999995422363241e+01
1.199999992370605462e+01
1.159999989318847646e+01
1.139999998474121057e+01
1.220000001525878908e+01
1.239999989318847717e+01
1.180000000762939472e+01
1.219999995422363348e+01
1.259999997711181585e+01
1.239999998474121057e+01
1.139999995422363277e+01
1.199999997711181621e+01
1.219999992370605391e+01
1.159999995422363206e+01
1.179999994659423912e+01
1.199999994659423841e+01
