6.059999987792969023e+01
5.240000006103515773e+01
9.399999946594238764e+00
6.039999990844726341e+01
2.279999992370605355e+01
4.779999972534179875e+01
5.579999996948242114e+01
5.120000003051757886e+01
6.059999987792969023e+01
5.739999993896484654e+01
1.679999998474121270e+01
1.699999995422363241e+01
4.159999981689453108e+01
2.159999989318847824e+01
1.520000001525878908e+01
2.299999989318847682e+01
3.759999978637695506e+01
3.119999990844726412e+01
1.579999992370605533e+01
2.639999999999999858e+01
7.799999977111816030e+00
2.439999989318847540e+01
1.240000001525878837e+01
9.399999946594238764e+00
1.359999994659423805e+01
3.419999987792968454e+01
9.000000007629394005e+00
3.679999990844726909e+01
1.559999995422363206e+01
2.480000003051757673e+01
3.139999987792968739e+01
7.600000007629394538e+00
2.620000003051757886e+01
2.159999989318847824e+01
2.319999986267090009e+01
1.399999998474121021e+01
3.439999984741211136e+01
3.739999981689452824e+01
3.719999984741210852e+01
1.679999998474121270e+01
4.219999972534179733e+01
1.699999995422363241e+01
1.859999992370605426e+01
1.679999998474121270e+01
7.600000007629394538e+00
6.720000012207030693e+01
4.960000006103515346e+01
4.519999969482422131e+01
2.179999986267089795e+01
4.199999975585937761e+01
2.799999996948242043e+01
4.339999975585937619e+01
5.139999999999999858e+01
3.579999984741210994e+01
3.119999990844726412e+01
6.199999987792968881e+01
3.559999987792969023e+01
9.199999977111817273e+00
3.259999990844726625e+01
2.159999989318847824e+01
4.820000006103515489e+01
3.419999987792968454e+01
1.380000001525878872e+01
2.639999999999999858e+01
4.179999978637695079e+01
5.459999993896484227e+01
2.959999993896484227e+01
3.739999981689452824e+01
3.919999975585937335e+01
2.780000000000000071e+01
3.859999984741210710e+01
2.799999996948242043e+01
3.259999990844726625e+01
3.279999987792968597e+01
1.079999994659423912e+01
3.719999984741210852e+01
5.139999999999999858e+01
1.859999992370605426e+01
1.539999998474121057e+01
3.459999981689453108e+01
2.799999996948242043e+01
1.559999995422363206e+01
2.780000000000000071e+01
1.979999995422363313e+01
2.939999996948242256e+01
2.780000000000000071e+01
3.259999990844726625e+01
1.520000001525878908e+01
1.520000001525878908e+01
4.479999975585937477e+01
2.439999989318847540e+01
7.600000007629394538e+00
4.199999975585937761e+01
1.079999994659423912e+01
2.139999992370605497e+01
3.099999993896484440e+01
2.599999986267089724e+01
3.239999993896484654e+01
3.379999993896484511e+01
3.099999993896484440e+01
2.019999989318847611e+01
2.919999999999999929e+01
3.379999993896484511e+01
1.399999998474121021e+01
2.159999989318847824e+01
2.459999986267089866e+01
2.780000000000000071e+01
2.939999996948242256e+01
2.939999996948242256e+01
2.639999999999999858e+01
2.780000000000000071e+01
2.639999999999999858e+01
2.939999996948242256e+01
3.099999993896484440e+01
2.939999996948242256e+01
2.159999989318847824e+01
2.780000000000000071e+01
2.480000003051757673e+01
2.639999999999999858e+01
2.939999996948242256e+01
2.639999999999999858e+01
2.639999999999999858e+01
2.639999999999999858e+01
2.639999999999999858e+01
2.639999999999999858e+01
2.639999999999999858e+01
2.639999999999999858e+01
2.780000000000000071e+01
2.639999999999999858e+01
2.480000003051757673e+01
2.480000003051757673e+01
2.639999999999999858e+01
2.639999999999999858e+01
2.639999999999999858e+01
2.639999999999999858e+01
2.799999996948242043e+01
2.480000003051757673e+01
2.480000003051757673e+01
2.639999999999999858e+01
2.480000003051757673e+01
2.639999999999999858e+01
2.480000003051757673e+01
2.639999999999999858e+01
2.620000003051757886e+01
2.639999999999999858e+01
2.620000003051757886e+01
2.480000003051757673e+01
2.620000003051757886e+01
2.319999986267090009e+01
2.319999986267090009e+01
2.319999986267090009e+01
2.480000003051757673e+01
2.319999986267090009e+01
2.319999986267090009e+01
2.319999986267090009e+01
2.319999986267090009e+01
2.319999986267090009e+01
2.480000003051757673e+01
2.319999986267090009e+01
2.480000003051757673e+01
2.480000003051757673e+01
2.480000003051757673e+01
2.480000003051757673e+01
2.480000003051757673e+01
2.480000003051757673e+01
2.480000003051757673e+01
2.480000003051757673e+01
2.480000003051757673e+01
2.639999999999999858e+01
2.639999999999999858e+01
2.639999999999999858e+01
2.480000003051757673e+01
2.639999999999999858e+01
2.780000000000000071e+01
2.319999986267090009e+01
2.639999999999999858e+01
2.780000000000000071e+01
2.639999999999999858e+01
2.480000003051757673e+01
2.480000003051757673e+01
2.319999986267090009e+01
2.480000003051757673e+01
2.480000003051757673e+01
2.480000003051757673e+01
2.480000003051757673e+01
2.319999986267090009e+01
2.480000003051757673e+01
2.799999996948242043e+01
2.480000003051757673e+01
2.480000003051757673e+01
2.480000003051757673e+01
2.480000003051757673e+01
2.319999986267090009e+01
2.480000003051757673e+01
2.480000003051757673e+01
2.480000003051757673e+01
2.319999986267090009e+01
2.319999986267090009e+01
2.480000003051757673e+01
2.319999986267090009e+01
