3.399999990844726483e+01
4.960000006103515346e+01
3.199999988555908281e+00
2.939999996948242256e+01
2.459999986267089866e+01
1.219999994659423770e+01
4.599999988555908637e+00
1.699999995422363241e+01
9.199999977111817273e+00
1.559999995422363206e+01
1.079999994659423912e+01
3.060000000000000142e+01
2.939999996948242256e+01
3.219999996948241971e+01
4.039999978637695222e+01
2.459999986267089866e+01
1.839999995422363455e+01
5.599999993896484085e+01
5.599999993896484085e+01
4.840000003051757460e+01
4.479999975585937477e+01
2.299999989318847682e+01
2.159999989318847824e+01
1.539999998474121057e+01
9.399999946594238764e+00
4.339999975585937619e+01
2.799999996948242043e+01
1.999999992370605639e+01
1.539999998474121057e+01
1.259999998474121163e+01
2.639999999999999858e+01
4.359999972534179591e+01
1.699999995422363241e+01
1.999999992370605639e+01
2.939999996948242256e+01
2.299999989318847682e+01
3.579999984741210994e+01
2.299999989318847682e+01
3.699999987792968881e+01
3.719999984741210852e+01
5.260000003051757744e+01
1.399999998474121021e+01
6.200000007629394183e+00
3.719999984741210852e+01
1.999999992370605639e+01
3.079999996948242114e+01
5.279999999999999716e+01
2.919999999999999929e+01
3.839999987792968739e+01
9.199999977111817273e+00
2.659999996948242185e+01
6.519999981689453250e+01
3.099999993896484440e+01
2.599999986267089724e+01
2.299999989318847682e+01
4.159999981689453108e+01
9.199999977111817273e+00
2.159999989318847824e+01
2.159999989318847824e+01
2.639999999999999858e+01
2.159999989318847824e+01
3.559999987792969023e+01
1.859999992370605426e+01
2.639999999999999858e+01
3.099999993896484440e+01
2.119999995422363170e+01
2.139999992370605497e+01
5.439999996948242256e+01
2.159999989318847824e+01
4.479999975585937477e+01
2.939999996948242256e+01
2.799999996948242043e+01
1.699999995422363241e+01
1.059999997711181585e+01
2.200000003051757957e+01
2.919999999999999929e+01
2.340000003051757815e+01
1.679999998474121270e+01
1.839999995422363455e+01
1.999999992370605639e+01
2.480000003051757673e+01
1.380000001525878872e+01
2.799999996948242043e+01
2.500000000000000000e+01
2.500000000000000000e+01
2.939999996948242256e+01
2.799999996948242043e+01
2.799999996948242043e+01
2.500000000000000000e+01
2.819999993896484369e+01
3.259999990844726625e+01
2.340000003051757815e+01
2.799999996948242043e+01
2.340000003051757815e+01
3.279999987792968597e+01
2.799999996948242043e+01
3.599999981689452966e+01
2.019999989318847611e+01
2.319999986267090009e+01
2.620000003051757886e+01
1.699999995422363241e+01
2.179999986267089795e+01
2.480000003051757673e+01
2.019999989318847611e+01
2.659999996948242185e+01
2.659999996948242185e+01
2.179999986267089795e+01
2.639999999999999858e+01
2.340000003051757815e+01
2.340000003051757815e+01
2.659999996948242185e+01
2.659999996948242185e+01
2.819999993896484369e+01
2.340000003051757815e+01
2.819999993896484369e+01
2.979999990844726554e+01
2.179999986267089795e+01
2.340000003051757815e+01
2.179999986267089795e+01
2.659999996948242185e+01
2.500000000000000000e+01
2.179999986267089795e+01
2.659999996948242185e+01
2.340000003051757815e+01
2.659999996948242185e+01
2.500000000000000000e+01
2.659999996948242185e+01
2.819999993896484369e+01
2.659999996948242185e+01
2.819999993896484369e+01
2.819999993896484369e+01
3.279999987792968597e+01
2.659999996948242185e+01
2.659999996948242185e+01
2.819999993896484369e+01
3.279999987792968597e+01
2.819999993896484369e+01
2.500000000000000000e+01
3.139999987792968739e+01
2.819999993896484369e+01
2.500000000000000000e+01
2.659999996948242185e+01
2.979999990844726554e+01
2.659999996948242185e+01
2.959999993896484227e+01
2.659999996948242185e+01
2.659999996948242185e+01
2.659999996948242185e+01
2.959999993896484227e+01
2.959999993896484227e+01
2.659999996948242185e+01
3.099999993896484440e+01
2.659999996948242185e+01
2.799999996948242043e+01
2.659999996948242185e+01
2.639999999999999858e+01
2.659999996948242185e+01
2.659999996948242185e+01
2.819999993896484369e+01
2.799999996948242043e+01
2.799999996948242043e+01
2.340000003051757815e+01
3.099999993896484440e+01
2.819999993896484369e+01
2.500000000000000000e+01
2.340000003051757815e+01
3.119999990844726412e+01
2.799999996948242043e+01
2.659999996948242185e+01
2.340000003051757815e+01
2.819999993896484369e+01
2.799999996948242043e+01
2.959999993896484227e+01
2.659999996948242185e+01
2.659999996948242185e+01
2.659999996948242185e+01
2.819999993896484369e+01
2.340000003051757815e+01
2.659999996948242185e+01
2.659999996948242185e+01
2.179999986267089795e+01
2.500000000000000000e+01
3.279999987792968597e+01
2.819999993896484369e+01
2.959999993896484227e+01
2.659999996948242185e+01
3.439999984741211136e+01
2.819999993896484369e+01
2.340000003051757815e+01
2.959999993896484227e+01
2.500000000000000000e+01
2.500000000000000000e+01
2.819999993896484369e+01
2.959999993896484227e+01
3.279999987792968597e+01
2.659999996948242185e+01
2.979999990844726554e+01
2.500000000000000000e+01
2.659999996948242185e+01
2.819999993896484369e+01
