1.977726810226440479e+00
1.695703500556945853e+00
1.500832093544006263e+00
1.349341491241454971e+00
1.216745153427124082e+00
1.099431033287048276e+00
9.947385170745849381e-01
9.102659834289550389e-01
8.338254885101318292e-01
7.776384472274779913e-01
7.130335009860991891e-01
6.989711451339721826e-01
6.539795543861388616e-01
6.267786811828612858e-01
6.035086628341674864e-01
5.796652398872375045e-01
5.649009737205505921e-01
5.456552861404418975e-01
5.411789634323119769e-01
5.383623948240280344e-01
5.175273852157592502e-01
5.150576038169860649e-01
4.669032616043090611e-01
4.744501110458373971e-01
4.729256683540344341e-01
4.554534081935882606e-01
4.716865822982788115e-01
4.527268000030517658e-01
4.366510470104217334e-01
4.420281099319458007e-01
4.294660941505432095e-01
4.098142522048950354e-01
4.132431389808654543e-01
3.974523168563842690e-01
4.045559243202209720e-01
3.993239159965515372e-01
3.945953057098388617e-01
3.856633082485199093e-01
3.836661461162567122e-01
3.756534835100173719e-01
3.690072114181518481e-01
3.668931474590301778e-01
3.625824025130272021e-01
3.522385893917083788e-01
3.541666796112060700e-01
3.500205680847168210e-01
3.479674953460693554e-01
3.543086292362213063e-01
3.442546498537063515e-01
3.299277043056488279e-01
3.463572906303405974e-01
3.432047507286071775e-01
3.334957747650146298e-01
3.211047534370422563e-01
3.137281065082550002e-01
3.290246065378188978e-01
3.219924712657928345e-01
3.235004650402069082e-01
3.088722643756866559e-01
3.118483834457397297e-01
3.044634775352478284e-01
2.999568304920196549e-01
2.983163857460022217e-01
3.157201875877380104e-01
3.136608901405334437e-01
3.077249275445937959e-01
3.002717490863799910e-01
2.996638286685943675e-01
2.948896925067901464e-01
2.951374354743957484e-01
3.166565808105468727e-01
2.999061986732483032e-01
3.100031931972503929e-01
2.892073181915283397e-01
2.926498914337158364e-01
2.896326616191863823e-01
2.945702846717834222e-01
2.795398141288757410e-01
2.765757928109168762e-01
2.870624235248565581e-01
2.767699056291580417e-01
2.673835163116455305e-01
1.982274190330505503e-01
1.848914380604028684e-01
1.827496200871467635e-01
1.712186577057838444e-01
1.740477547359466637e-01
1.714365244889259343e-01
1.698052839136123537e-01
1.703340272903442476e-01
1.597156186720729010e-01
1.611241555786132873e-01
1.590935249185562173e-01
1.662531866168975858e-01
1.589829252159595530e-01
1.546605637502670161e-01
1.590355874061584462e-01
1.568504481792449834e-01
1.602660760498046955e-01
1.498155038261413663e-01
1.446400824832916321e-01
1.535860156512260377e-01
1.519499954891204707e-01
1.435417924976348791e-01
1.444798860847950062e-01
1.460929431915283239e-01
1.430100128602981580e-01
1.410184368419647172e-01
1.510728535270690898e-01
1.530378774356841998e-01
1.422038318681717040e-01
1.422197528219223128e-01
1.399723808956146176e-01
1.422882751607894847e-01
1.504937957477569532e-01
1.445932714939117403e-01
1.339500536918640239e-01
1.482235952353477548e-01
1.375796601843833900e-01
1.384167016744613510e-01
1.389559452533721817e-01
1.379739456892013494e-01
1.305125143432617207e-01
1.329446874570846537e-01
1.301218760979175604e-01
1.289661374664306526e-01
1.371114887762069634e-01
1.242856424331665044e-01
1.280545486402511479e-01
1.312057514381408663e-01
1.330761275577545255e-01
1.277062086820602294e-01
1.273553359127044815e-01
1.315684374666213907e-01
1.260436939954757696e-01
1.273218950605392585e-01
1.323006177806854144e-01
1.254829311370849743e-01
1.272802508282661338e-01
1.305501569223403990e-01
1.310965655708312971e-01
1.260242233943939250e-01
1.335022717189788821e-01
1.279853477740287848e-01
1.273039900016784687e-01
1.222892492222786009e-01
1.281283095335960520e-01
1.244582441043853710e-01
1.294296130895614683e-01
1.245477745079994203e-01
1.320162479782104603e-01
2.780877238159179754e+00
2.675234306335449119e+00
2.520954878234863195e+00
2.384498142547607280e+00
2.269464609069824057e+00
2.159540661163330100e+00
2.095623272247314262e+00
2.000994311676025372e+00
1.893166961364746159e+00
1.792447805328369226e+00
1.751256646575927833e+00
1.642074976501464834e+00
1.546880155487060593e+00
1.481908773803710888e+00
1.432334838104247998e+00
1.335784142456054591e+00
1.306080856781005828e+00
1.262446822662353529e+00
1.219031593017578130e+00
1.179998127670288000e+00
1.125864366226196234e+00
1.100823272628784100e+00
1.105195620651245214e+00
1.095404944458007845e+00
1.081551010742187513e+00
1.082236674499511775e+00
1.070908240814208989e+00
1.073671660003662209e+00
1.077210406875610316e+00
1.063616820907592686e+00
1.065068045349121029e+00
1.049887834854126067e+00
1.048342314224243177e+00
1.050140720672607442e+00
1.062513383102416942e+00
1.058570319252014169e+00
1.041820643386840883e+00
1.044979011383056600e+00
1.040259750404357808e+00
1.034825313873291019e+00
1.029767821922302318e+00
1.037742604675292890e+00
1.036391708068847617e+00
1.054839316329956089e+00
1.037246498107910142e+00
1.035975657119750926e+00
1.030467780990600657e+00
1.016690589675903311e+00
1.034981305618286163e+00
