1.962081161651611394e+00
1.680775773086547797e+00
1.495923763809203999e+00
1.347047075500488189e+00
1.176181436233520561e+00
1.073210141716003374e+00
9.762974602508545097e-01
8.848773268795013802e-01
8.188599010848999216e-01
7.669067978286743248e-01
7.148296311759948507e-01
6.832833096694945763e-01
6.509644120216370178e-01
6.183360618019103638e-01
6.024563044071197249e-01
5.790377140855789140e-01
5.695860634994507343e-01
5.352746728944778321e-01
5.217222944450378153e-01
5.013206746292113714e-01
4.983064126586914111e-01
4.839989822292327659e-01
4.882361537170409882e-01
4.765782477140426687e-01
4.649009062767028855e-01
4.544660450649261607e-01
4.453156005859374988e-01
4.371669609642028775e-01
4.326854761219024459e-01
4.314279817724228083e-01
4.194504249954223440e-01
4.158976404571533281e-01
4.093134278678893789e-01
4.129843246459961037e-01
4.129290275001525901e-01
3.941768391323089427e-01
3.974709010601043535e-01
3.814606383895873809e-01
3.810130350112915232e-01
3.604275963020324713e-01
3.729253276443481591e-01
3.626096940040588468e-01
3.777058388042450199e-01
3.610188624191283946e-01
3.528859469032287755e-01
3.588031729507446532e-01
3.461536869382858539e-01
3.415998532676696731e-01
3.489861822319030860e-01
3.459268782806396714e-01
3.323094788551330669e-01
3.421348613739013667e-01
3.492110203564167126e-01
3.435194837188720873e-01
3.448031088423729185e-01
3.283118321990966537e-01
3.354240371894836592e-01
3.208724689865112278e-01
3.249548069572448794e-01
3.250632917404174815e-01
3.295913251113891662e-01
3.133895247077941870e-01
3.211508972167968490e-01
2.983025371980667084e-01
3.205436794090271158e-01
3.000710407400131174e-01
2.983087572669982923e-01
3.054165688133239631e-01
2.980554594230651611e-01
2.949833782291412243e-01
2.993187768363952395e-01
2.853483115768432610e-01
2.962707837152481205e-01
2.861633691763877940e-01
3.001489644432067672e-01
2.972832124710083068e-01
3.041123308944702064e-01
2.865434687614440978e-01
2.866453419685363602e-01
2.798597852420806609e-01
2.857012474250793521e-01
2.763443189501762487e-01
2.209100731253623995e-01
1.995261116409301760e-01
1.967865045166015681e-01
1.939159386157989495e-01
1.853238785457611004e-01
1.810597407341003329e-01
1.691809902882575878e-01
1.764946622753143235e-01
1.659839746999740573e-01
1.655377871561050374e-01
1.619256289458274878e-01
1.624717031192779437e-01
1.740111781799793256e-01
1.632910943031311013e-01
1.613535799407959104e-01
1.610200331234931947e-01
1.615505055904388476e-01
1.560546619462966911e-01
1.622604810905456663e-01
1.514632027176022466e-01
1.550902700901031495e-01
1.525499288368225015e-01
1.543917005157470768e-01
1.552745542401075263e-01
1.461151926231384346e-01
1.507501909923553429e-01
1.457461714267730690e-01
1.539777359282970548e-01
1.490059983825683665e-01
1.442418916320800659e-01
1.471225936913490295e-01
1.469261779069900575e-01
1.506969225502014231e-01
1.460132024288177399e-01
1.415516268253326493e-01
1.399167746543884261e-01
1.418769456386566041e-01
1.437481823191046615e-01
1.450673901319503856e-01
1.497320929241180432e-01
1.473741632556915260e-01
1.349392567896842976e-01
1.439357523846626352e-01
1.401217857599258432e-01
1.410689111375808824e-01
1.263011382770538316e-01
1.394689752960205087e-01
1.376814451241493154e-01
1.284782590007781944e-01
1.380123032522201643e-01
1.368514348554611126e-01
1.337256889963150119e-01
1.314334282302856427e-01
1.326065594339370657e-01
1.339079967498779389e-01
1.390621218490600552e-01
1.334000584220886299e-01
1.310403993201255668e-01
1.376293796348571907e-01
1.277052816772460964e-01
1.262950086402893080e-01
1.383219946181774018e-01
1.331702295571565720e-01
1.319126197195052974e-01
1.261284943675994863e-01
1.261746917152404834e-01
1.318227728509902830e-01
1.325588872623443548e-01
1.348605311250686556e-01
1.265112888586521211e-01
1.374218364357948363e-01
1.303388165044784552e-01
1.268020948195457409e-01
1.365856383514404415e-01
1.306383582711219682e-01
1.394224409413337695e-01
1.413050457128882387e-01
1.338096540355682429e-01
1.478193178933858987e-01
1.451064162015914816e-01
1.413197924041748044e-01
1.528115784907340957e-01
1.431477033710479851e-01
1.447832446622848435e-01
1.507016245698928891e-01
1.434916522836685304e-01
1.561587260532379118e-01
1.495541268634796028e-01
1.531589012527465876e-01
1.556206246614456057e-01
1.543938545870781054e-01
1.627006328964233361e-01
1.594090492820739724e-01
1.656796496582031153e-01
1.586684796047210799e-01
1.604639444446563645e-01
1.680960130882263315e-01
1.618528218746185243e-01
1.558355515480041587e-01
1.672558305859565830e-01
1.606047308444976673e-01
1.584301491689681929e-01
1.583595176601410026e-01
1.616874979305267246e-01
1.604495675659179665e-01
1.602917121934890610e-01
1.612453507614135806e-01
1.599169059228897072e-01
1.564503174114227346e-01
1.654224893212318526e-01
1.571817840099334618e-01
1.673277313423156831e-01
1.604058790588378802e-01
1.583611334568262030e-01
1.640593978261947750e-01
1.514298677730560316e-01
1.663036744880676265e-01
1.560350462150573714e-01
