1.980487239112854070e+00
1.679008681259155367e+00
1.504251480178832923e+00
1.353326799888610932e+00
1.200295987625122018e+00
1.095307366371154778e+00
9.787740793228149050e-01
9.012965708732605385e-01
8.272443091773986623e-01
7.740260066032409458e-01
7.229183524131774785e-01
6.783446548748016669e-01
6.514565502548217424e-01
6.210232935333251936e-01
6.008940406036377135e-01
5.772192856216430412e-01
5.539341500663756968e-01
5.429607952880859401e-01
5.223186784362793267e-01
5.075478338623047314e-01
4.854951519131660564e-01
4.862384288406372268e-01
4.764919208145141361e-01
4.812040378761291426e-01
4.603674272537231493e-01
4.461092977142334104e-01
4.350050823640823627e-01
4.347260377883911397e-01
4.328502176856994788e-01
4.094605640792846613e-01
4.079560808467864730e-01
4.075106598854064677e-01
4.046335906410217231e-01
3.960616264724731717e-01
3.944726225280761889e-01
3.927256616592407212e-01
3.908377764892578266e-01
3.671369268178940048e-01
3.723954873228073059e-01
3.705201285171508818e-01
3.531137825584411694e-01
3.687786858296394077e-01
3.596476529884338191e-01
3.597341080856323314e-01
3.463708939480781290e-01
3.483365339946746797e-01
3.400163373088836427e-01
3.351600740528106748e-01
3.275875771808623993e-01
3.345110506248474280e-01
3.349981444358825500e-01
3.379741338157653541e-01
3.316555128860473878e-01
3.235834695625305346e-01
3.222211004638672049e-01
3.171192163658141938e-01
3.183583634185790934e-01
3.097963145399093565e-01
3.058070576858520351e-01
3.137629788208007864e-01
3.154118809413909985e-01
3.013523097229003911e-01
3.011024046897888273e-01
3.116859200191497981e-01
3.175510575294494542e-01
2.926252442741393844e-01
3.043668054199218931e-01
2.997710421037673711e-01
2.923173960876465083e-01
2.969044868278503668e-01
2.976600231409072816e-01
2.795896114921569975e-01
2.878815436744689982e-01
2.901338665962219232e-01
2.892269387245178236e-01
2.780605118179321211e-01
2.820099140548705807e-01
2.945329593181610361e-01
2.901896135973930368e-01
2.752016230297088528e-01
2.842610349655151358e-01
2.745695343112945497e-01
2.063711620044708372e-01
1.991350469779968324e-01
1.866795359230041529e-01
1.847289295101165740e-01
1.704122438812255835e-01
1.724387990427017348e-01
1.664141104221343870e-01
1.662269909310340743e-01
1.577290230560302597e-01
1.658251301604509453e-01
1.607057015800475996e-01
1.637991333293914720e-01
1.591775795888900891e-01
1.491588842868804832e-01
1.574201026821136495e-01
1.506292219543456934e-01
1.507628382992744487e-01
1.646676276493072577e-01
1.547298540210723938e-01
1.493620948219299416e-01
1.503988511160015973e-01
1.478253312349319393e-01
1.448679024076461874e-01
1.472840035581588769e-01
1.409247440433502307e-01
1.474097184419631834e-01
1.491819627523422176e-01
1.364361529350280877e-01
1.394295342588424691e-01
1.453282421112060685e-01
1.389547079277038688e-01
1.419007042574882416e-01
1.333968596363067638e-01
1.390825411272048895e-01
1.315071285337209572e-01
1.404819626474380356e-01
1.396530781173705993e-01
1.380958639574050850e-01
1.407267547512054406e-01
1.298269015836715778e-01
1.272701513242721627e-01
1.295467065951228236e-01
1.372430647659301783e-01
1.330858608192205528e-01
1.313913750076294018e-01
1.249054290962219177e-01
1.335761255884170551e-01
1.241571972656250050e-01
1.274418722032010509e-01
1.272870820903778122e-01
1.289495263671875114e-01
1.258468387746810857e-01
1.269884141969680746e-01
1.265927372717857435e-01
1.293093043112754914e-01
1.257298618173599281e-01
1.272343253046274159e-01
1.295328744029998758e-01
1.213500198507308919e-01
1.280599473381042464e-01
1.238304262542724576e-01
1.262740361499786468e-01
1.296070375120639828e-01
1.261188435888290493e-01
1.241489734220504737e-01
1.243655780100822450e-01
1.264695558452606228e-01
1.227760028791427677e-01
1.240246118497848465e-01
1.224890875768661486e-01
1.222864361619949297e-01
1.256737396800517992e-01
1.239184924530983001e-01
1.344756597423553413e-01
1.278502272415161234e-01
1.319713297069072810e-01
1.344872705650329570e-01
1.369391178512573137e-01
1.379006888103485040e-01
1.367319370365142894e-01
1.342322332000732421e-01
1.447684002184867758e-01
1.411787845230102478e-01
1.384491713476181107e-01
1.394221302604675417e-01
1.383712506914138718e-01
1.416098810052871804e-01
1.483517989158630312e-01
1.454354144573211660e-01
1.426778107213974023e-01
1.528219726467132666e-01
1.495172780132293655e-01
1.527291447353363030e-01
1.483703722858429053e-01
1.561190832042693988e-01
1.500851728653907757e-01
1.504839150452613739e-01
1.482530783176422007e-01
1.572216754126548877e-01
1.640375500488281124e-01
1.571231419181823852e-01
1.555786210918426449e-01
1.558813732337951674e-01
1.611856281566619864e-01
1.549765369224548328e-01
1.534539069795608501e-01
1.585087638282775824e-01
1.576198232966661561e-01
1.573064077329635602e-01
1.555540886354446484e-01
1.521177414512634163e-01
1.542598108100891041e-01
1.546994434070587121e-01
1.484156093883514382e-01
1.551841884040832398e-01
1.516750054883956866e-01
1.527177041053771889e-01
1.580816980147361772e-01
