3.837712049484252930e+00
3.078817844390869141e+00
3.171085357666015625e+00
3.139238834381103516e+00
3.099841356277465820e+00
3.058720827102661133e+00
2.989477396011352539e+00
3.125980377197265625e+00
3.108208417892456055e+00
3.162621259689331055e+00
3.043202638626098633e+00
3.158514499664306641e+00
3.074172973632812500e+00
3.015476942062377930e+00
3.057606220245361328e+00
3.186471223831176758e+00
3.114206314086914062e+00
3.176360130310058594e+00
3.038282871246337891e+00
3.136987924575805664e+00
3.030348062515258789e+00
3.041959762573242188e+00
3.023653745651245117e+00
3.080283403396606445e+00
3.112427949905395508e+00
3.052454948425292969e+00
3.002710103988647461e+00
3.129085779190063477e+00
3.039475917816162109e+00
3.023935794830322266e+00
3.003375768661499023e+00
3.078046083450317383e+00
3.101473808288574219e+00
3.039362668991088867e+00
3.030844211578369141e+00
3.020471572875976562e+00
3.054669618606567383e+00
3.077327251434326172e+00
3.019610643386840820e+00
3.001044511795043945e+00
3.110496282577514648e+00
2.996744871139526367e+00
3.004513502120971680e+00
3.088601589202880859e+00
3.093655109405517578e+00
3.008582592010498047e+00
3.092245817184448242e+00
3.011016130447387695e+00
2.998165369033813477e+00
3.053328752517700195e+00
3.002385616302490234e+00
3.011804103851318359e+00
3.060782670974731445e+00
3.057557344436645508e+00
3.092644453048706055e+00
2.995358705520629883e+00
3.023112058639526367e+00
3.050088405609130859e+00
3.051004648208618164e+00
3.113837003707885742e+00
2.997886657714843750e+00
3.115339756011962891e+00
3.111572980880737305e+00
3.032371520996093750e+00
3.050189971923828125e+00
3.026581764221191406e+00
3.013504028320312500e+00
3.010463476181030273e+00
3.021545410156250000e+00
3.007933378219604492e+00
3.003968238830566406e+00
3.025507688522338867e+00
3.096515893936157227e+00
3.022097826004028320e+00
3.151165008544921875e+00
3.020606994628906250e+00
3.054482698440551758e+00
3.016676425933837891e+00
3.120526552200317383e+00
3.088201045989990234e+00
3.103826045989990234e+00
3.115585803985595703e+00
3.030699491500854492e+00
3.081763982772827148e+00
3.065980195999145508e+00
3.005704164505004883e+00
2.996712446212768555e+00
3.008918523788452148e+00
3.090285062789916992e+00
3.001434803009033203e+00
3.045474767684936523e+00
3.072467803955078125e+00
3.018529176712036133e+00
3.107451200485229492e+00
3.105157852172851562e+00
3.039582490921020508e+00
3.038529634475708008e+00
3.022075414657592773e+00
3.065898180007934570e+00
3.098158359527587891e+00
3.064948558807373047e+00
3.028124809265136719e+00
3.046906948089599609e+00
3.029120445251464844e+00
2.975858688354492188e+00
3.038384675979614258e+00
3.025715827941894531e+00
3.026046276092529297e+00
3.049411535263061523e+00
2.982029438018798828e+00
3.039553403854370117e+00
3.000910520553588867e+00
3.074920415878295898e+00
3.082157850265502930e+00
3.086062669754028320e+00
3.041956186294555664e+00
3.085912466049194336e+00
3.053734779357910156e+00
3.059506416320800781e+00
3.097835779190063477e+00
3.057335376739501953e+00
3.028326272964477539e+00
3.072477817535400391e+00
3.027633428573608398e+00
3.038084506988525391e+00
3.135371446609497070e+00
3.093005657196044922e+00
3.031864166259765625e+00
3.092195510864257812e+00
3.074329853057861328e+00
3.022901535034179688e+00
3.116938352584838867e+00
3.133496284484863281e+00
3.034873008728027344e+00
3.146236181259155273e+00
3.077218055725097656e+00
3.134390830993652344e+00
2.995413303375244141e+00
3.110459566116333008e+00
3.107123374938964844e+00
3.108657598495483398e+00
3.084557771682739258e+00
3.125376939773559570e+00
3.086074113845825195e+00
3.153253555297851562e+00
3.049511671066284180e+00
3.144864559173583984e+00
3.010514259338378906e+00
3.043102264404296875e+00
3.083709001541137695e+00
3.027923822402954102e+00
3.044122457504272461e+00
3.038751363754272461e+00
3.040980100631713867e+00
3.108951330184936523e+00
3.041292190551757812e+00
2.981071949005126953e+00
3.004309654235839844e+00
3.026935815811157227e+00
3.017615318298339844e+00
2.995311021804809570e+00
2.982890367507934570e+00
2.998708009719848633e+00
3.030576467514038086e+00
3.038930416107177734e+00
3.031814575195312500e+00
2.993509769439697266e+00
3.024246931076049805e+00
2.980897665023803711e+00
3.020236015319824219e+00
3.033112287521362305e+00
3.004677534103393555e+00
3.001702308654785156e+00
2.994094848632812500e+00
3.041837215423583984e+00
3.049817800521850586e+00
2.980992555618286133e+00
3.053926944732666016e+00
3.007209062576293945e+00
2.987121343612670898e+00
3.053030729293823242e+00
3.041369438171386719e+00
3.041109085083007812e+00
3.043861389160156250e+00
3.001297712326049805e+00
2.990181207656860352e+00
2.984508514404296875e+00
3.006284713745117188e+00
2.988868474960327148e+00
3.002094507217407227e+00
3.028362274169921875e+00
3.040107250213623047e+00
3.101299762725830078e+00
2.997290134429931641e+00
3.024732112884521484e+00
3.020687818527221680e+00
3.044465303421020508e+00
3.046125411987304688e+00
2.997110843658447266e+00
3.067695379257202148e+00
