1.685256242752075195e+00
1.066537141799926758e+00
1.077435970306396484e+00
1.096538782119750977e+00
1.020001888275146484e+00
1.017318487167358398e+00
1.032818794250488281e+00
1.056524753570556641e+00
1.063719034194946289e+00
1.059432268142700195e+00
1.061299324035644531e+00
1.063448429107666016e+00
1.063533544540405273e+00
1.115214347839355469e+00
1.070886850357055664e+00
1.062411785125732422e+00
1.014575719833374023e+00
1.012219190597534180e+00
9.931004047393798828e-01
9.901998043060302734e-01
9.956457614898681641e-01
9.964244365692138672e-01
9.922800064086914062e-01
9.913034439086914062e-01
9.900128841400146484e-01
9.876058101654052734e-01
9.935264587402343750e-01
9.935808181762695312e-01
9.905531406402587891e-01
9.915289878845214844e-01
9.964692592620849609e-01
9.943561553955078125e-01
9.971492290496826172e-01
9.997832775115966797e-01
1.007488965988159180e+00
1.007164478302001953e+00
1.013346433639526367e+00
1.003679275512695312e+00
9.896039962768554688e-01
1.008529424667358398e+00
1.048665046691894531e+00
1.004442453384399414e+00
1.045606136322021484e+00
9.950582981109619141e-01
1.001928329467773438e+00
1.002652645111083984e+00
9.885461330413818359e-01
9.570686817169189453e-01
9.644377231597900391e-01
9.603881835937500000e-01
9.956915378570556641e-01
9.974980354309082031e-01
1.001130342483520508e+00
1.020966529846191406e+00
1.008041858673095703e+00
1.023972988128662109e+00
1.026629447937011719e+00
1.023947954177856445e+00
1.003464221954345703e+00
9.951274394989013672e-01
9.909780025482177734e-01
1.048982381820678711e+00
1.002694606781005859e+00
9.988462924957275391e-01
9.967274665832519531e-01
1.001107454299926758e+00
1.012993097305297852e+00
1.011407136917114258e+00
9.978711605072021484e-01
9.975147247314453125e-01
9.880628585815429688e-01
1.005472421646118164e+00
9.932260513305664062e-01
9.960541725158691406e-01
1.010593414306640625e+00
9.929075241088867188e-01
1.004667282104492188e+00
9.990100860595703125e-01
9.984271526336669922e-01
9.969675540924072266e-01
1.004776477813720703e+00
1.056347370147705078e+00
9.977209568023681641e-01
1.009646892547607422e+00
1.010655641555786133e+00
1.014940023422241211e+00
9.942150115966796875e-01
1.019155979156494141e+00
9.947836399078369141e-01
9.947652816772460938e-01
9.968497753143310547e-01
9.914929866790771484e-01
9.985718727111816406e-01
9.930505752563476562e-01
1.000331640243530273e+00
1.009137630462646484e+00
1.004113197326660156e+00
1.001551389694213867e+00
9.911162853240966797e-01
9.981961250305175781e-01
9.991993904113769531e-01
1.050165176391601562e+00
1.008422374725341797e+00
9.948961734771728516e-01
9.945857524871826172e-01
1.010976314544677734e+00
1.004301548004150391e+00
1.010662555694580078e+00
1.008044242858886719e+00
1.009978294372558594e+00
1.010280132293701172e+00
1.004554033279418945e+00
1.000123262405395508e+00
9.971792697906494141e-01
1.014579772949218750e+00
1.004350423812866211e+00
1.001788854598999023e+00
1.009576559066772461e+00
1.028631448745727539e+00
1.005421876907348633e+00
1.000999927520751953e+00
1.063435316085815430e+00
9.968490600585937500e-01
1.004536867141723633e+00
9.936749935150146484e-01
1.000846147537231445e+00
9.753859043121337891e-01
9.960482120513916016e-01
1.006962060928344727e+00
9.877650737762451172e-01
9.996137619018554688e-01
9.951763153076171875e-01
9.919593334197998047e-01
9.924573898315429688e-01
9.958283901214599609e-01
1.000071287155151367e+00
1.002070903778076172e+00
1.099310874938964844e+00
1.035037994384765625e+00
1.020280599594116211e+00
9.920864105224609375e-01
1.004910707473754883e+00
1.004143953323364258e+00
1.013099431991577148e+00
9.990231990814208984e-01
1.004216432571411133e+00
1.011326074600219727e+00
1.006184339523315430e+00
9.891691207885742188e-01
9.903268814086914062e-01
9.938247203826904297e-01
1.012342214584350586e+00
1.003081560134887695e+00
1.014384031295776367e+00
1.013710975646972656e+00
1.018079519271850586e+00
1.002264976501464844e+00
1.010901212692260742e+00
1.029132366180419922e+00
1.009059906005859375e+00
1.026246070861816406e+00
1.056036472320556641e+00
1.031095981597900391e+00
1.003600597381591797e+00
9.962451457977294922e-01
1.005165815353393555e+00
1.010852575302124023e+00
1.025136470794677734e+00
1.000103950500488281e+00
1.005704641342163086e+00
1.001420974731445312e+00
1.003919839859008789e+00
1.022665023803710938e+00
1.014827728271484375e+00
9.778466224670410156e-01
1.011733055114746094e+00
1.014500856399536133e+00
1.002019643783569336e+00
9.988286495208740234e-01
9.951381683349609375e-01
1.002614498138427734e+00
1.031930446624755859e+00
9.986302852630615234e-01
9.964396953582763672e-01
9.912123680114746094e-01
9.871068000793457031e-01
9.808208942413330078e-01
9.770879745483398438e-01
9.899117946624755859e-01
9.968647956848144531e-01
9.930491447448730469e-01
9.380366802215576172e-01
9.257788658142089844e-01
9.245362281799316406e-01
9.262151718139648438e-01
9.267606735229492188e-01
9.264764785766601562e-01
9.265046119689941406e-01
9.277811050415039062e-01
9.281582832336425781e-01
