1.717629432678222656e+00
1.057924270629882812e+00
1.001836776733398438e+00
9.830543994903564453e-01
1.016264200210571289e+00
9.924986362457275391e-01
1.000597715377807617e+00
1.003945589065551758e+00
1.010704994201660156e+00
1.006567001342773438e+00
1.010478019714355469e+00
1.003862619400024414e+00
1.008301973342895508e+00
1.058443784713745117e+00
1.010541677474975586e+00
9.996800422668457031e-01
1.015570163726806641e+00
1.013905048370361328e+00
1.023525953292846680e+00
1.085108280181884766e+00
1.020040512084960938e+00
1.021817445755004883e+00
1.023251056671142578e+00
1.028273820877075195e+00
1.024489879608154297e+00
1.023501634597778320e+00
1.025354623794555664e+00
1.033273220062255859e+00
1.022582054138183594e+00
1.030576229095458984e+00
1.027818441390991211e+00
1.029891729354858398e+00
1.028428554534912109e+00
1.030983209609985352e+00
1.026188850402832031e+00
1.023223400115966797e+00
1.033892631530761719e+00
1.022307395935058594e+00
1.078646421432495117e+00
1.026709794998168945e+00
1.024353027343750000e+00
1.029834270477294922e+00
1.027262926101684570e+00
1.025132179260253906e+00
1.025979995727539062e+00
1.021809577941894531e+00
1.027599334716796875e+00
1.030062913894653320e+00
1.027902603149414062e+00
1.022667884826660156e+00
1.028846025466918945e+00
1.028164386749267578e+00
1.017571926116943359e+00
1.016851186752319336e+00
1.016040802001953125e+00
1.015824794769287109e+00
1.019490242004394531e+00
1.026747226715087891e+00
1.074682712554931641e+00
1.027913331985473633e+00
1.014750242233276367e+00
9.913916587829589844e-01
9.509353637695312500e-01
9.500615596771240234e-01
9.505066871643066406e-01
9.510560035705566406e-01
9.511883258819580078e-01
9.995768070220947266e-01
1.031722307205200195e+00
1.024778842926025391e+00
1.031390190124511719e+00
1.028052330017089844e+00
1.033695697784423828e+00
1.028343915939331055e+00
1.030171871185302734e+00
1.019758701324462891e+00
1.012984991073608398e+00
1.009886741638183594e+00
1.065855741500854492e+00
1.010867595672607422e+00
1.023627042770385742e+00
1.030542612075805664e+00
1.026401281356811523e+00
1.023704051971435547e+00
1.032674312591552734e+00
1.024603605270385742e+00
1.028661727905273438e+00
1.023809432983398438e+00
1.025558233261108398e+00
1.047407150268554688e+00
1.102185726165771484e+00
1.084175348281860352e+00
1.021442174911499023e+00
1.031851768493652344e+00
1.023333787918090820e+00
1.031249046325683594e+00
1.029539108276367188e+00
1.033557653427124023e+00
1.022453784942626953e+00
1.027774572372436523e+00
1.025407791137695312e+00
1.025240421295166016e+00
1.029540061950683594e+00
1.027113437652587891e+00
1.030710697174072266e+00
1.028391122817993164e+00
1.029917716979980469e+00
1.032394409179687500e+00
1.028521060943603516e+00
1.031963825225830078e+00
1.029532909393310547e+00
1.070882081985473633e+00
1.024011135101318359e+00
1.032180547714233398e+00
1.029231071472167969e+00
1.021722078323364258e+00
1.025714397430419922e+00
1.021123409271240234e+00
1.084105491638183594e+00
1.028995513916015625e+00
1.031562089920043945e+00
1.026648283004760742e+00
1.023468255996704102e+00
1.030876874923706055e+00
1.024829387664794922e+00
1.028765439987182617e+00
1.035367012023925781e+00
1.023455619812011719e+00
1.021198034286499023e+00
1.008310079574584961e+00
1.015178203582763672e+00
1.009742259979248047e+00
1.011198997497558594e+00
1.007349014282226562e+00
1.010595083236694336e+00
1.020776987075805664e+00
1.012442588806152344e+00
1.013458967208862305e+00
1.069665193557739258e+00
1.015333175659179688e+00
1.016854047775268555e+00
1.012886762619018555e+00
1.009906768798828125e+00
1.018457412719726562e+00
1.028126716613769531e+00
1.026035308837890625e+00
1.031948566436767578e+00
1.032835245132446289e+00
1.030790567398071289e+00
1.034829378128051758e+00
1.028698682785034180e+00
1.028647661209106445e+00
1.026966333389282227e+00
1.026035070419311523e+00
1.034775972366333008e+00
1.037823200225830078e+00
1.027662754058837891e+00
1.030726671218872070e+00
1.080581188201904297e+00
1.022764444351196289e+00
1.030784368515014648e+00
1.029766559600830078e+00
1.026521682739257812e+00
1.020936489105224609e+00
1.027492046356201172e+00
1.024705886840820312e+00
1.029266119003295898e+00
1.029543161392211914e+00
1.024815559387207031e+00
1.028813838958740234e+00
1.021003007888793945e+00
1.026325464248657227e+00
1.029036283493041992e+00
1.031321763992309570e+00
9.885089397430419922e-01
1.007287263870239258e+00
1.003780364990234375e+00
1.005729913711547852e+00
1.002800703048706055e+00
1.007050514221191406e+00
1.008185148239135742e+00
1.007196664810180664e+00
1.010117292404174805e+00
1.027358770370483398e+00
1.020656824111938477e+00
1.010412931442260742e+00
1.009016513824462891e+00
1.010227203369140625e+00
1.012695312500000000e+00
1.008882045745849609e+00
1.016997337341308594e+00
1.027261734008789062e+00
1.032661437988281250e+00
1.027251482009887695e+00
1.016103982925415039e+00
1.016242504119873047e+00
1.030559539794921875e+00
1.033926486968994141e+00
1.070581912994384766e+00
1.008787870407104492e+00
