0.000000000000000000e+00
5.000000000000000000e-01
9.699999999999999289e+00
1.019999999999999929e+01
9.800000000000000711e+00
1.660000000000000142e+01
5.779999999999999716e+01
5.620000000000000284e+01
8.120000000000000284e+01
9.800000000000000000e+01
9.640000000000000568e+01
9.640000000000000568e+01
1.000000000000000000e+02
9.870000000000000284e+01
9.979999999999999716e+01
9.950000000000000000e+01
9.909999999999999432e+01
9.940000000000000568e+01
9.909999999999999432e+01
9.920000000000000284e+01
9.929999999999999716e+01
9.959999999999999432e+01
9.959999999999999432e+01
9.959999999999999432e+01
9.950000000000000000e+01
9.929999999999999716e+01
9.959999999999999432e+01
9.959999999999999432e+01
9.959999999999999432e+01
9.959999999999999432e+01
9.959999999999999432e+01
9.959999999999999432e+01
9.959999999999999432e+01
9.959999999999999432e+01
9.959999999999999432e+01
9.959999999999999432e+01
9.959999999999999432e+01
9.959999999999999432e+01
9.959999999999999432e+01
9.959999999999999432e+01
