0.000000000000000000e+00
0.000000000000000000e+00
1.159999999999999964e+01
1.190000000000000036e+01
1.130000000000000071e+01
1.380000000000000071e+01
5.389999999999999858e+01
8.190000000000000568e+01
8.350000000000000000e+01
9.620000000000000284e+01
9.720000000000000284e+01
9.679999999999999716e+01
9.779999999999999716e+01
9.829999999999999716e+01
9.879999999999999716e+01
9.909999999999999432e+01
9.779999999999999716e+01
9.979999999999999716e+01
1.000000000000000000e+02
9.979999999999999716e+01
9.990000000000000568e+01
9.979999999999999716e+01
9.979999999999999716e+01
9.979999999999999716e+01
9.979999999999999716e+01
9.979999999999999716e+01
9.979999999999999716e+01
9.979999999999999716e+01
9.979999999999999716e+01
9.979999999999999716e+01
9.979999999999999716e+01
9.970000000000000284e+01
9.970000000000000284e+01
9.970000000000000284e+01
9.970000000000000284e+01
9.970000000000000284e+01
9.970000000000000284e+01
9.970000000000000284e+01
9.970000000000000284e+01
9.970000000000000284e+01
