0.000000000000000000e+00
0.000000000000000000e+00
1.130000000000000071e+01
1.140000000000000036e+01
1.180000000000000071e+01
1.169999999999999929e+01
1.200000000000000000e+01
1.300000000000000000e+01
1.860000000000000142e+01
2.219999999999999929e+01
4.170000000000000284e+01
6.629999999999999716e+01
6.310000000000000142e+01
8.059999999999999432e+01
8.609999999999999432e+01
9.179999999999999716e+01
9.409999999999999432e+01
9.800000000000000000e+01
9.909999999999999432e+01
9.950000000000000000e+01
9.929999999999999716e+01
9.940000000000000568e+01
9.940000000000000568e+01
9.940000000000000568e+01
9.929999999999999716e+01
9.950000000000000000e+01
9.959999999999999432e+01
9.990000000000000568e+01
9.990000000000000568e+01
9.990000000000000568e+01
9.990000000000000568e+01
9.990000000000000568e+01
9.979999999999999716e+01
9.970000000000000284e+01
9.970000000000000284e+01
9.979999999999999716e+01
9.970000000000000284e+01
9.979999999999999716e+01
9.990000000000000568e+01
9.979999999999999716e+01
