2.199999977111816385e+00
0.000000000000000000e+00
0.000000000000000000e+00
5.719999978637695648e+01
0.000000000000000000e+00
1.559999989318847646e+01
2.000000000000000111e-01
2.399999994277953963e+00
1.199999999999999956e+00
2.000000000000000111e-01
3.399999999999999911e+00
4.619999990844726767e+01
2.199999988555908281e+00
1.999999942779540907e-01
1.199999994277954007e+00
4.200000007629394183e+00
1.079999994659423912e+01
2.399999999999999911e+00
4.999999994277954052e+00
2.059999996948242185e+01
1.600000000000000089e+00
2.999999988555908104e+00
7.200000007629394183e+00
4.000000000000000222e-01
3.400000007629394361e+00
1.200000000762939401e+01
4.999999988555908104e+00
1.400000001525878979e+01
2.000000000000000111e-01
6.400000015258789254e+00
2.659999996948242185e+01
7.999999993896484796e+01
7.599999994277953697e+00
1.199999999999999956e+00
6.199999988555908281e+00
3.199999988555908281e+00
1.199999995422363241e+01
1.059999998474121163e+01
1.279999992370605533e+01
1.099999997711181621e+01
3.599999988555908192e+00
6.599999977111816740e+00
6.999999994277954052e+00
1.000000000000000000e+00
4.999999977111816207e+00
3.799999994277954318e+00
2.999999994277954052e+00
1.199999999999999956e+00
1.319999998474121128e+01
3.799999994277954318e+00
1.079999998474121092e+01
1.000000000000000000e+00
1.119999997711181727e+01
8.199999946594237699e+00
8.600000007629393650e+00
2.499999995422363241e+01
6.199999977111816385e+00
8.600000007629393650e+00
4.399999988555908459e+00
2.000000000000000111e-01
1.419999994659423770e+01
2.199999994277954229e+00
4.599999946594238054e+00
0.000000000000000000e+00
0.000000000000000000e+00
6.600000007629394538e+00
1.459999995422363206e+01
7.679999945068360034e+01
7.599999946594238054e+00
3.999999994277954052e+00
4.400000007629394361e+00
6.800000007629394716e+00
1.299999997711181621e+01
1.759999987792968668e+01
1.439999998474121057e+01
6.139999990844726341e+01
1.399999999999999911e+00
2.599999995422363241e+01
3.799999999999999822e+00
5.400000007629394361e+00
1.060000001525878943e+01
8.799999984741210923e+00
9.200000015258789077e+00
1.079999994659423912e+01
1.299999995422363241e+01
1.239999992370605497e+01
1.359999995422363206e+01
1.279999997711181692e+01
1.440000000762939436e+01
1.179999998474121092e+01
1.300000001525878979e+01
1.059999989318847646e+01
1.120000001525878908e+01
1.339999992370605497e+01
1.259999997711181585e+01
1.359999994659423805e+01
1.339999997711181656e+01
1.220000000762939507e+01
1.239999995422363277e+01
1.339999996948242256e+01
2.219999992370605568e+01
3.119999993896484369e+01
3.860000006103515346e+01
4.159999990844726625e+01
3.959999987792969023e+01
4.839999993896484654e+01
4.100000000000000000e+01
4.299999975585937761e+01
4.799999969482421847e+01
5.019999993896484369e+01
4.299999984741211279e+01
5.279999993896484511e+01
5.400000003051757602e+01
4.819999996948241971e+01
5.020000003051757886e+01
5.099999981689452966e+01
4.539999975585937619e+01
4.759999996948242540e+01
5.320000006103515489e+01
4.239999978637695222e+01
5.420000003051757886e+01
5.279999972534179875e+01
5.299999993896484085e+01
4.680000003051758029e+01
3.439999981689452824e+01
3.739999993896484654e+01
3.799999990844726483e+01
3.999999984741211279e+01
3.279999981689453392e+01
3.839999972534180017e+01
3.540000006103515773e+01
3.439999987792968739e+01
3.460000000000000142e+01
3.499999990844726483e+01
3.539999969482421704e+01
3.659999972534179591e+01
3.560000003051757744e+01
3.519999969482422131e+01
4.100000000000000000e+01
3.499999993896484085e+01
4.059999996948242540e+01
3.839999978637695222e+01
3.739999969482421704e+01
3.799999996948242398e+01
3.979999969482421562e+01
3.559999993896484227e+01
3.599999990844726483e+01
3.819999981689453250e+01
3.459999987792969023e+01
3.459999975585937193e+01
3.859999984741210710e+01
3.799999981689452966e+01
3.619999972534179733e+01
3.919999990844726767e+01
3.859999978637695506e+01
3.739999972534180017e+01
3.719999972534179733e+01
3.799999975585937761e+01
3.619999981689453250e+01
3.499999978637695364e+01
3.579999996948242114e+01
3.919999975585937335e+01
3.539999981689452824e+01
3.659999981689453108e+01
3.859999984741210710e+01
3.899999972534179449e+01
3.999999969482421847e+01
3.999999984741211279e+01
4.039999984741211136e+01
3.719999993896484369e+01
3.719999990844726767e+01
4.039999978637695222e+01
3.679999999999999716e+01
3.940000003051757460e+01
3.820000003051757886e+01
4.199999972534179449e+01
4.159999969482421989e+01
3.919999969482422131e+01
3.779999978637695079e+01
3.539999975585937619e+01
3.959999969482421989e+01
3.979999984741210994e+01
3.939999990844726341e+01
3.719999981689453250e+01
3.839999978637695222e+01
3.899999978637695364e+01
3.639999996948242256e+01
4.060000003051757744e+01
3.759999978637695506e+01
4.059999978637695506e+01
3.999999981689452966e+01
4.079999969482421562e+01
3.939999975585937619e+01
3.699999975585937761e+01
3.820000003051757886e+01
3.939999978637695222e+01
4.039999999999999858e+01
3.899999978637695364e+01
4.379999999999999716e+01
3.919999972534179733e+01
4.279999987792968597e+01
4.799999990844726483e+01
4.019999990844726767e+01
3.679999981689453392e+01
3.539999990844726341e+01
3.619999975585937335e+01
3.099999993896484440e+01
3.319999996948241971e+01
3.059999986267089866e+01
2.839999981689453179e+01
3.179999996948242114e+01
3.079999978637695435e+01
2.879999993896484511e+01
2.839999984741210781e+01
2.619999987792968810e+01
2.619999999999999929e+01
2.439999986267089938e+01
2.419999996948242327e+01
2.379999992370605355e+01
2.339999999999999858e+01
2.419999998474121128e+01
2.199999986267089724e+01
2.399999993896484440e+01
2.239999986267089938e+01
2.180000000000000071e+01
2.259999993896484227e+01
2.299999993896484440e+01
2.219999989318847611e+01
1.960000003051757744e+01
2.259999998474120986e+01
2.019999995422363170e+01
2.339999993896484298e+01
2.180000003051757673e+01
2.099999998474121199e+01
2.199999996948242043e+01
2.159999992370605426e+01
1.999999986267089724e+01
2.079999990844726554e+01
1.979999972534179520e+01
1.940000003051757815e+01
1.859999986267089866e+01
2.059999992370605426e+01
1.960000000000000142e+01
1.839999992370605497e+01
2.019999992370605568e+01
2.079999994659423734e+01
1.860000003051757744e+01
1.759999986267089866e+01
1.579999994659423912e+01
1.840000001525879014e+01
1.799999992370605639e+01
1.899999992370605639e+01
1.819999992370605568e+01
2.119999992370605568e+01
1.899999989318847682e+01
1.839999993896484298e+01
1.859999989318847824e+01
1.759999993896484227e+01
1.819999995422363170e+01
1.759999992370605426e+01
1.759999995422363384e+01
1.739999998474121057e+01
1.839999992370605497e+01
1.639999999999999858e+01
1.619999992370605568e+01
1.759999998474120986e+01
1.760000001525878943e+01
1.859999996948242185e+01
1.679999989318847753e+01
1.680000003051757673e+01
1.859999996948242185e+01
1.700000001525878801e+01
1.840000003051757815e+01
1.779999994659423734e+01
1.639999998474121057e+01
1.779999992370605355e+01
1.599999989318847682e+01
1.619999992370605568e+01
1.700000003051757957e+01
1.579999989318847575e+01
1.719999992370605568e+01
1.739999997711181479e+01
1.699999989318847682e+01
1.560000001525878943e+01
1.580000001525878872e+01
1.779999989318847753e+01
1.700000001525878801e+01
1.679999989318847753e+01
1.399999992370605462e+01
1.679999986267089795e+01
1.539999996948242256e+01
1.659999986267089866e+01
1.639999999999999858e+01
1.559999997711181585e+01
1.640000003051757815e+01
1.699999995422363241e+01
1.619999995422363170e+01
1.559999986267089866e+01
1.579999995422363313e+01
1.500000001525878979e+01
1.639999997711181479e+01
1.499999995422363241e+01
1.659999997711181763e+01
1.639999997711181479e+01
1.619999992370605568e+01
1.519999989318847611e+01
1.479999998855590881e+01
1.539999995422363277e+01
1.459999995422363206e+01
1.779999995422363313e+01
1.479999986267089795e+01
1.519999992370605391e+01
1.499999986267089902e+01
1.460000001525878943e+01
1.439999994659423876e+01
1.419999998474121128e+01
1.579999992370605533e+01
1.539999994659423876e+01
1.519999992370605391e+01
1.539999997711181656e+01
1.539999992370605497e+01
1.439999998474121057e+01
1.579999998474121092e+01
1.440000000000000036e+01
1.439999998474121057e+01
1.539999994659423876e+01
1.459999995422363206e+01
1.520000003051757886e+01
1.320000001525878908e+01
1.379999994659423912e+01
1.500000001525878979e+01
1.499999995422363241e+01
1.499999992370605462e+01
1.499999998474121021e+01
1.399999994659423841e+01
1.559999995422363206e+01
1.460000001525878943e+01
1.419999992370605391e+01
1.479999986267089795e+01
1.419999994659423770e+01
1.499999986267089902e+01
1.419999986267089831e+01
1.339999992370605497e+01
1.399999998474121021e+01
1.459999998474121163e+01
1.339999989318847717e+01
1.459999989318847646e+01
1.259999994659423805e+01
1.459999995422363206e+01
1.439999997711181656e+01
1.320000001525878908e+01
1.300000000762939401e+01
1.300000001525878979e+01
1.359999992370605426e+01
1.460000000762939365e+01
1.379999992370605533e+01
1.499999992370605462e+01
1.439999989318847717e+01
1.480000003051757851e+01
1.279999997711181692e+01
1.359999992370605426e+01
1.319999998474121128e+01
1.279999998474121092e+01
1.379999992370605533e+01
1.440000003051757815e+01
1.159999998474121163e+01
1.419999994659423770e+01
1.479999992370605533e+01
1.299999998474121021e+01
1.320000001525878908e+01
1.359999994659423805e+01
1.299999998474121021e+01
1.339999994659423876e+01
1.240000000762939436e+01
1.339999989318847717e+01
1.379999998474121092e+01
1.339999986267089760e+01
1.479999992370605533e+01
1.379999994659423912e+01
1.399999994659423841e+01
1.419999997711181727e+01
1.340000000762939436e+01
1.319999994659423770e+01
1.279999995422363313e+01
1.359999995422363206e+01
1.340000001525878837e+01
1.159999998474121163e+01
1.399999992370605462e+01
1.440000001525878837e+01
1.440000000762939436e+01
1.380000003051757851e+01
1.279999999427795387e+01
1.299999994659423841e+01
1.299999995422363241e+01
1.339999992370605497e+01
1.379999995422363313e+01
1.219999989318847611e+01
1.339999995422363277e+01
1.259999997711181585e+01
1.279999997711181692e+01
1.359999998474121163e+01
1.399999998474121021e+01
1.259999997711181585e+01
1.279999998474121092e+01
1.459999995422363206e+01
1.359999989318847646e+01
1.279999995422363313e+01
1.319999992370605391e+01
1.399999992370605462e+01
1.279999994659423912e+01
1.359999994659423805e+01
1.360000001525878943e+01
1.359999998474121163e+01
1.259999994659423805e+01
1.439999995422363277e+01
1.379999992370605533e+01
1.319999998474121128e+01
1.340000001525878837e+01
1.400000001525878979e+01
1.339999992370605497e+01
1.359999998474121163e+01
1.299999994659423841e+01
1.459999998474121163e+01
1.359999998474121163e+01
1.300000001525878979e+01
1.219999986267089831e+01
1.300000001525878979e+01
1.260000003051757744e+01
1.279999998855590881e+01
1.239999989318847717e+01
1.279999995422363313e+01
1.340000001525878837e+01
1.359999995422363206e+01
1.419999997711181727e+01
1.300000000762939401e+01
1.399999995422363241e+01
1.300000000762939401e+01
1.359999998855590775e+01
1.360000001525878943e+01
1.299999989318847682e+01
1.280000000762939472e+01
1.239999994659423876e+01
1.359999997711181585e+01
1.259999994659423805e+01
1.279999998474121092e+01
1.340000000762939436e+01
1.279999998474121092e+01
1.399999998474121021e+01
1.479999986267089795e+01
1.359999995422363206e+01
1.259999995422363206e+01
1.299999992370605462e+01
1.399999992370605462e+01
1.299999994659423841e+01
1.279999986267089795e+01
1.320000001525878908e+01
1.259999998474121163e+01
1.279999995422363313e+01
1.279999994659423912e+01
1.299999995422363241e+01
1.220000003051757886e+01
1.039999997711181656e+01
1.219999997711181727e+01
1.219999998474121128e+01
1.320000001525878908e+01
1.319999997711181727e+01
1.279999994659423912e+01
1.199999998474121021e+01
1.259999992370605426e+01
1.199999998474121021e+01
1.319999989318847611e+01
1.339999998855590846e+01
1.299999998474121021e+01
1.260000001525878943e+01
1.259999997711181585e+01
1.239999992370605497e+01
1.299999995422363241e+01
1.279999998474121092e+01
1.379999992370605533e+01
1.079999997711181692e+01
1.159999994659423805e+01
1.279999995422363313e+01
1.140000000000000036e+01
1.319999994659423770e+01
1.279999994659423912e+01
1.079999997711181692e+01
1.380000001525878872e+01
1.259999997711181585e+01
1.239999989318847717e+01
1.199999994659423841e+01
1.119999992370605391e+01
1.359999995422363206e+01
1.259999998474121163e+01
1.280000001525878872e+01
1.320000000762939507e+01
1.279999998474121092e+01
1.199999995422363241e+01
1.359999998474121163e+01
1.240000001525878837e+01
1.199999994659423841e+01
1.199999995422363241e+01
1.239999998474121057e+01
1.339999995422363277e+01
1.239999998474121057e+01
1.280000000762939472e+01
1.359999992370605426e+01
1.059999994659423805e+01
1.139999986267089760e+01
1.259999995422363206e+01
1.299999998474121021e+01
1.400000001525878979e+01
1.299999989318847682e+01
1.340000001525878837e+01
1.239999992370605497e+01
1.259999995422363206e+01
1.220000001525878908e+01
1.139999997711181656e+01
1.239999998474121057e+01
1.239999994659423876e+01
1.299999998474121021e+01
1.259999998474121163e+01
1.200000001525878979e+01
1.319999992370605391e+01
1.199999995422363241e+01
1.279999997711181692e+01
1.200000001525878979e+01
1.319999989318847611e+01
1.259999995422363206e+01
1.320000001525878908e+01
1.159999989318847646e+01
1.299999995422363241e+01
1.140000001525878837e+01
1.319999989318847611e+01
1.400000001525878979e+01
1.299999989318847682e+01
1.199999986267089902e+01
1.239999994659423876e+01
1.319999998474121128e+01
1.319999995422363348e+01
1.279999997711181692e+01
1.279999998474121092e+01
1.219999995422363348e+01
1.299999992370605462e+01
1.299999994659423841e+01
1.319999995422363348e+01
1.219999998474121128e+01
1.299999994659423841e+01
1.360000001525878943e+01
1.199999997711181621e+01
1.199999995422363241e+01
1.259999992370605426e+01
1.099999992370605462e+01
1.279999997711181692e+01
1.179999992370605533e+01
1.359999995422363206e+01
1.139999995422363277e+01
1.219999994659423770e+01
1.200000000762939401e+01
1.199999994659423841e+01
1.279999989318847575e+01
1.180000001525878872e+01
1.159999998855590775e+01
1.259999998474121163e+01
1.119999997711181727e+01
1.239999992370605497e+01
1.219999995422363348e+01
1.299999995422363241e+01
1.299999994659423841e+01
1.139999998474121057e+01
1.219999999427795423e+01
1.199999986267089902e+01
1.259999998855590775e+01
1.259999995422363206e+01
1.280000001525878872e+01
1.280000001525878872e+01
1.219999994659423770e+01
1.039999998474121057e+01
1.159999992370605426e+01
1.219999994659423770e+01
1.280000000762939472e+01
1.260000001525878943e+01
1.399999994659423841e+01
1.219999998474121128e+01
1.300000003051757780e+01
1.179999992370605533e+01
1.239999998474121057e+01
1.180000003051757851e+01
1.140000001525878837e+01
1.240000001525878837e+01
1.260000001525878943e+01
1.239999989318847717e+01
1.299999994659423841e+01
1.260000001525878943e+01
1.319999997711181727e+01
1.279999997711181692e+01
1.119999998474121128e+01
1.139999997711181656e+01
1.279999995422363313e+01
1.259999994659423805e+01
1.219999998474121128e+01
1.319999989318847611e+01
1.219999994659423770e+01
1.279999992370605533e+01
1.319999994659423770e+01
1.239999994659423876e+01
1.279999998474121092e+01
1.280000000762939472e+01
1.199999994659423841e+01
1.099999994659423841e+01
1.099999997711181621e+01
1.200000001525878979e+01
1.159999995422363206e+01
1.159999994659423805e+01
1.059999994659423805e+01
1.279999995422363313e+01
1.219999995422363348e+01
1.200000001525878979e+01
1.199999989318847682e+01
1.239999995422363277e+01
1.239999994659423876e+01
1.239999998474121057e+01
1.239999995422363277e+01
1.159999994659423805e+01
1.179999997711181692e+01
1.299999995422363241e+01
1.279999992370605533e+01
1.299999989318847682e+01
1.259999994659423805e+01
1.239999994659423876e+01
1.299999996948242220e+01
1.039999997711181656e+01
1.119999995422363348e+01
1.299999992370605462e+01
1.340000001525878837e+01
1.320000001525878908e+01
1.180000001525878872e+01
1.159999998474121163e+01
1.300000001525878979e+01
1.160000001525878943e+01
1.239999989318847717e+01
1.259999994659423805e+01
1.219999997711181727e+01
1.159999997711181585e+01
1.319999992370605391e+01
1.259999994659423805e+01
1.159999986267089866e+01
1.080000000762939472e+01
1.199999998474121021e+01
1.199999995422363241e+01
1.240000000762939436e+01
1.259999998474121163e+01
1.199999997711181621e+01
1.299999995422363241e+01
1.260000001525878943e+01
1.299999995422363241e+01
1.179999998474121092e+01
1.239999989318847717e+01
1.219999997711181727e+01
1.139999995422363277e+01
1.279999992370605533e+01
1.279999998474121092e+01
1.180000000762939472e+01
1.200000001525878979e+01
1.140000001525878837e+01
1.279999994659423912e+01
1.339999992370605497e+01
1.199999995422363241e+01
1.199999998855590810e+01
1.160000000762939365e+01
1.219999995422363348e+01
1.119999999999999929e+01
1.279999998474121092e+01
1.139999992370605497e+01
1.180000001525878872e+01
1.259999995422363206e+01
1.239999998474121057e+01
1.199999995422363241e+01
1.159999997711181585e+01
1.099999995422363241e+01
1.179999994659423912e+01
1.160000001525878943e+01
1.000000000762939401e+01
1.160000001525878943e+01
1.279999995422363313e+01
1.359999995422363206e+01
1.239999995422363277e+01
1.239999998474121057e+01
1.179999997711181692e+01
1.259999989318847646e+01
1.339999997711181656e+01
1.159999994659423805e+01
1.280000003051757851e+01
1.279999994659423912e+01
1.079999995422363313e+01
1.280000001525878872e+01
1.240000001525878837e+01
1.179999998474121092e+01
1.119999997711181727e+01
1.079999998855590881e+01
1.160000001525878943e+01
1.339999995422363277e+01
1.239999992370605497e+01
1.179999998474121092e+01
1.240000000762939436e+01
1.239999995422363277e+01
1.179999995422363313e+01
1.099999992370605462e+01
1.259999998474121163e+01
1.199999992370605462e+01
1.099999994659423841e+01
1.119999997711181727e+01
1.239999998474121057e+01
1.139999994659423876e+01
1.019999997711181727e+01
1.099999998474121021e+01
1.200000001525878979e+01
1.339999998474121057e+01
1.240000001525878837e+01
1.300000000000000000e+01
1.219999995422363348e+01
1.159999998474121163e+01
1.319999998474121128e+01
1.239999998474121057e+01
1.259999998474121163e+01
1.340000001525878837e+01
1.219999995422363348e+01
1.319999998474121128e+01
1.079999994659423912e+01
1.119999997711181727e+01
1.179999998474121092e+01
1.179999992370605533e+01
1.059999998855590775e+01
1.179999989318847575e+01
1.179999998855590881e+01
1.339999995422363277e+01
1.279999992370605533e+01
1.259999994659423805e+01
1.279999995422363313e+01
1.180000001525878872e+01
1.259999994659423805e+01
1.239999997711181656e+01
1.279999995422363313e+01
1.299999992370605462e+01
1.199999998474121021e+01
1.260000001525878943e+01
1.239999997711181656e+01
1.079999997711181692e+01
1.259999998474121163e+01
1.259999986267089866e+01
1.139999994659423876e+01
1.199999989318847682e+01
1.200000001525878979e+01
1.259999998474121163e+01
1.219999994659423770e+01
1.200000001525878979e+01
1.199999995422363241e+01
1.219999995422363348e+01
1.239999994659423876e+01
1.160000000762939365e+01
1.260000001525878943e+01
1.200000001525878979e+01
1.140000001525878837e+01
1.179999997711181692e+01
1.300000001525878979e+01
1.160000001525878943e+01
1.179999998474121092e+01
1.199999992370605462e+01
1.179999992370605533e+01
1.240000001525878837e+01
1.219999998474121128e+01
1.260000003051757744e+01
1.119999998474121128e+01
1.240000001525878837e+01
1.179999994659423912e+01
1.199999997711181621e+01
1.139999998474121057e+01
1.099999998474121021e+01
1.279999992370605533e+01
1.119999995422363348e+01
1.120000001525878908e+01
1.259999995422363206e+01
1.219999986267089831e+01
1.160000001525878943e+01
1.059999997711181585e+01
1.219999997711181727e+01
1.159999997711181585e+01
1.000000001525878979e+01
1.239999994659423876e+01
1.140000000762939436e+01
1.139999995422363277e+01
1.239999994659423876e+01
1.159999994659423805e+01
1.119999992370605391e+01
1.180000001525878872e+01
1.359999994659423805e+01
1.259999998474121163e+01
1.180000001525878872e+01
1.140000001525878837e+01
1.100000001525878979e+01
1.320000000762939507e+01
1.199999994659423841e+01
1.259999995422363206e+01
1.159999998474121163e+01
1.100000000762939401e+01
1.139999998474121057e+01
1.159999998474121163e+01
9.800000007629394716e+00
1.159999998855590775e+01
1.199999998855590810e+01
1.139999998474121057e+01
1.059999995422363206e+01
1.179999998855590881e+01
1.059999995422363206e+01
1.259999992370605426e+01
1.220000001525878908e+01
1.199999998855590810e+01
1.059999986267089866e+01
1.080000001525878872e+01
1.239999989318847717e+01
1.139999997711181656e+01
1.179999994659423912e+01
1.199999997711181621e+01
1.139999989318847717e+01
1.099999994659423841e+01
1.039999994659423876e+01
1.279999986267089795e+01
1.259999994659423805e+01
1.220000001525878908e+01
1.099999997711181621e+01
1.159999998474121163e+01
1.219999997711181727e+01
1.199999994659423841e+01
1.300000001525878979e+01
1.259999994659423805e+01
1.140000000762939436e+01
1.179999992370605533e+01
1.259999998474121163e+01
1.279999995422363313e+01
1.240000001525878837e+01
1.219999994659423770e+01
1.179999997711181692e+01
1.180000001525878872e+01
1.220000001525878908e+01
1.219999995422363348e+01
1.079999997711181692e+01
1.160000001525878943e+01
1.119999998474121128e+01
1.279999994659423912e+01
1.019999998474121128e+01
1.019999997711181727e+01
1.159999997711181585e+01
1.300000000762939401e+01
9.999999988555908104e+00
1.060000000762939365e+01
1.079999998855590881e+01
1.320000001525878908e+01
1.139999995422363277e+01
1.179999997711181692e+01
1.080000001525878872e+01
1.279999994659423912e+01
1.059999994659423805e+01
1.119999994659423770e+01
1.140000001525878837e+01
1.159999998474121163e+01
1.019999998474121128e+01
1.000000001525878979e+01
1.199999992370605462e+01
1.240000001525878837e+01
1.119999998855590739e+01
1.279999998474121092e+01
1.180000001525878872e+01
1.220000001525878908e+01
1.159999995422363206e+01
1.139999995422363277e+01
1.239999994659423876e+01
1.060000000762939365e+01
1.119999997711181727e+01
1.300000001525878979e+01
1.079999997711181692e+01
1.099999997711181621e+01
1.320000000762939507e+01
1.199999995422363241e+01
1.179999995422363313e+01
1.119999992370605391e+01
1.300000001525878979e+01
1.080000001525878872e+01
1.180000000762939472e+01
1.239999994659423876e+01
1.139999997711181656e+01
1.119999997711181727e+01
1.199999997711181621e+01
1.079999997711181692e+01
1.260000000762939365e+01
1.359999998474121163e+01
1.159999994659423805e+01
1.119999998474121128e+01
1.179999989318847575e+01
1.180000001525878872e+01
1.079999997711181692e+01
1.119999998474121128e+01
1.119999998474121128e+01
1.199999997711181621e+01
1.280000000000000071e+01
1.219999997711181727e+01
1.239999998474121057e+01
1.160000000762939365e+01
1.179999998855590881e+01
1.159999997711181585e+01
1.180000000762939472e+01
1.219999995422363348e+01
1.119999997711181727e+01
1.160000000762939365e+01
1.159999986267089866e+01
1.099999995422363241e+01
1.099999995422363241e+01
1.179999994659423912e+01
1.179999994659423912e+01
1.360000001525878943e+01
1.239999995422363277e+01
1.079999992370605533e+01
1.000000001525878979e+01
1.059999997711181585e+01
1.219999992370605391e+01
1.219999986267089831e+01
1.239999995422363277e+01
1.099999989318847682e+01
1.139999994659423876e+01
1.179999997711181692e+01
1.119999998474121128e+01
1.199999989318847682e+01
1.179999998474121092e+01
1.080000001525878872e+01
1.119999992370605391e+01
1.179999994659423912e+01
1.019999994659423770e+01
1.099999998855590810e+01
1.259999998474121163e+01
1.159999995422363206e+01
1.099999997711181621e+01
1.159999998855590775e+01
1.119999997711181727e+01
1.180000001525878872e+01
1.239999994659423876e+01
1.059999992370605426e+01
1.280000001525878872e+01
1.120000000762939507e+01
1.119999994659423770e+01
1.200000000762939401e+01
1.140000001525878837e+01
1.060000001525878943e+01
1.179999998474121092e+01
1.279999992370605533e+01
1.180000000762939472e+01
1.199999995422363241e+01
1.219999997711181727e+01
1.059999997711181585e+01
1.180000001525878872e+01
1.300000001525878979e+01
1.300000001525878979e+01
1.139999994659423876e+01
1.379999995422363313e+01
1.139999995422363277e+01
1.159999994659423805e+01
1.280000001525878872e+01
1.220000001525878908e+01
1.220000000762939507e+01
1.180000000762939472e+01
1.179999998474121092e+01
1.019999995422363348e+01
1.160000001525878943e+01
1.060000001525878943e+01
1.120000000762939507e+01
1.099999995422363241e+01
1.059999994659423805e+01
1.120000001525878908e+01
9.199999977111817273e+00
1.220000003051757886e+01
1.100000000762939401e+01
1.159999998855590775e+01
1.299999998855590810e+01
1.139999994659423876e+01
1.119999995422363348e+01
1.220000001525878908e+01
1.199999998474121021e+01
1.139999998474121057e+01
1.259999998474121163e+01
1.139999992370605497e+01
1.119999994659423770e+01
1.179999995422363313e+01
1.179999992370605533e+01
1.060000000762939365e+01
1.179999994659423912e+01
1.159999995422363206e+01
1.299999998855590810e+01
1.160000000762939365e+01
1.220000001525878908e+01
1.220000001525878908e+01
1.120000001525878908e+01
1.180000001525878872e+01
1.080000000762939472e+01
1.199999992370605462e+01
1.220000001525878908e+01
1.199999994659423841e+01
1.119999994659423770e+01
1.159999998855590775e+01
1.159999998474121163e+01
1.119999992370605391e+01
1.100000001525878979e+01
1.119999995422363348e+01
1.179999998474121092e+01
1.199999994659423841e+01
1.160000000762939365e+01
1.139999986267089760e+01
1.239999992370605497e+01
1.259999995422363206e+01
1.139999995422363277e+01
1.139999998855590846e+01
1.100000001525878979e+01
1.100000001525878979e+01
1.200000001525878979e+01
1.099999994659423841e+01
1.279999999427795387e+01
1.239999999427795352e+01
1.159999998855590775e+01
1.039999998474121057e+01
1.059999997711181585e+01
9.999999977111816207e+00
1.239999992370605497e+01
1.179999994659423912e+01
1.279999994659423912e+01
1.059999998474121163e+01
1.160000001525878943e+01
1.139999995422363277e+01
1.140000001525878837e+01
1.119999994659423770e+01
1.059999992370605426e+01
1.179999995422363313e+01
1.119999989318847611e+01
1.199999998474121021e+01
1.199999995422363241e+01
1.239999998474121057e+01
1.099999998474121021e+01
1.160000001525878943e+01
1.259999992370605426e+01
1.079999995422363313e+01
1.179999994659423912e+01
1.219999998474121128e+01
1.159999995422363206e+01
1.079999997711181692e+01
1.159999998474121163e+01
1.199999986267089902e+01
1.139999994659423876e+01
1.139999998855590846e+01
1.360000001525878943e+01
1.220000001525878908e+01
1.180000001525878872e+01
1.140000000762939436e+01
1.200000001525878979e+01
9.999999984741210213e+00
1.180000001525878872e+01
1.159999994659423805e+01
1.159999992370605426e+01
1.180000000762939472e+01
1.079999998855590881e+01
1.179999997711181692e+01
1.159999994659423805e+01
1.119999999999999929e+01
1.259999998474121163e+01
1.159999997711181585e+01
1.139999998474121057e+01
1.079999995422363313e+01
1.099999998474121021e+01
1.120000001525878908e+01
1.179999998474121092e+01
1.079999994659423912e+01
1.160000001525878943e+01
1.159999998474121163e+01
1.100000001525878979e+01
1.099999998474121021e+01
1.199999997711181621e+01
1.099999989318847682e+01
1.199999992370605462e+01
1.159999994659423805e+01
1.159999998474121163e+01
1.139999994659423876e+01
1.119999994659423770e+01
1.179999998855590881e+01
1.199999998474121021e+01
1.019999994659423770e+01
1.119999998474121128e+01
1.019999998855590739e+01
1.039999994659423876e+01
1.259999992370605426e+01
1.159999994659423805e+01
9.999999984741210213e+00
1.219999994659423770e+01
1.139999997711181656e+01
1.179999994659423912e+01
1.239999992370605497e+01
1.279999992370605533e+01
1.179999989318847575e+01
1.179999986267089795e+01
1.260000001525878943e+01
1.199999998855590810e+01
1.119999997711181727e+01
1.139999992370605497e+01
1.159999997711181585e+01
1.100000001525878979e+01
1.140000001525878837e+01
1.079999994659423912e+01
1.140000001525878837e+01
1.179999997711181692e+01
1.239999994659423876e+01
1.239999998474121057e+01
1.219999997711181727e+01
1.199999992370605462e+01
1.219999997711181727e+01
1.139999995422363277e+01
1.159999997711181585e+01
1.240000001525878837e+01
1.199999994659423841e+01
1.099999994659423841e+01
1.079999998855590881e+01
9.599999954223632059e+00
1.359999994659423805e+01
1.019999994659423770e+01
1.259999986267089866e+01
1.099999998474121021e+01
1.199999997711181621e+01
1.239999994659423876e+01
1.159999994659423805e+01
1.159999997711181585e+01
1.060000001525878943e+01
1.159999995422363206e+01
1.219999997711181727e+01
1.199999994659423841e+01
1.240000001525878837e+01
1.259999995422363206e+01
1.159999998474121163e+01
1.239999994659423876e+01
1.159999994659423805e+01
1.099999998474121021e+01
1.120000001525878908e+01
1.039999994659423876e+01
1.199999998474121021e+01
1.199999995422363241e+01
1.139999997711181656e+01
1.139999994659423876e+01
9.399999946594238764e+00
1.199999998474121021e+01
1.259999989318847646e+01
1.239999992370605497e+01
1.180000001525878872e+01
1.119999997711181727e+01
1.140000001525878837e+01
1.219999995422363348e+01
1.179999998474121092e+01
1.119999997711181727e+01
1.240000000000000036e+01
1.300000001525878979e+01
1.179999999427795387e+01
1.219999998474121128e+01
1.079999994659423912e+01
1.079999997711181692e+01
1.140000001525878837e+01
1.039999998855590846e+01
1.219999998474121128e+01
1.219999997711181727e+01
1.199999994659423841e+01
1.179999995422363313e+01
1.099999995422363241e+01
1.099999994659423841e+01
1.199999995422363241e+01
1.239999994659423876e+01
1.219999994659423770e+01
1.219999995422363348e+01
1.220000001525878908e+01
1.159999986267089866e+01
1.199999989318847682e+01
1.219999989318847611e+01
1.140000001525878837e+01
1.119999997711181727e+01
1.160000001525878943e+01
1.099999994659423841e+01
1.260000001525878943e+01
1.199999997711181621e+01
1.180000000762939472e+01
1.179999997711181692e+01
1.119999994659423770e+01
1.159999995422363206e+01
1.079999997711181692e+01
1.300000001525878979e+01
1.179999995422363313e+01
1.160000001525878943e+01
1.099999994659423841e+01
1.219999994659423770e+01
1.379999995422363313e+01
1.219999992370605391e+01
1.119999994659423770e+01
1.220000001525878908e+01
1.240000001525878837e+01
1.179999992370605533e+01
1.159999994659423805e+01
1.220000000762939507e+01
1.159999998855590775e+01
1.239999995422363277e+01
1.199999992370605462e+01
1.139999995422363277e+01
1.119999994659423770e+01
1.199999999427795494e+01
1.179999994659423912e+01
1.260000000762939365e+01
1.160000001525878943e+01
1.219999989318847611e+01
1.179999998474121092e+01
1.139999997711181656e+01
1.219999997711181727e+01
1.219999998474121128e+01
1.139999999427795352e+01
1.119999994659423770e+01
1.100000001525878979e+01
1.279999997711181692e+01
1.139999994659423876e+01
1.179999997711181692e+01
1.259999997711181585e+01
1.159999995422363206e+01
1.299999995422363241e+01
1.200000001525878979e+01
1.179999998474121092e+01
1.179999994659423912e+01
1.219999995422363348e+01
1.159999998474121163e+01
1.159999994659423805e+01
1.219999995422363348e+01
1.220000001525878908e+01
1.239999994659423876e+01
1.120000001525878908e+01
1.259999994659423805e+01
1.120000001525878908e+01
1.160000003051757744e+01
1.139999998855590846e+01
1.119999986267089831e+01
1.260000001525878943e+01
1.019999997711181727e+01
1.160000001525878943e+01
1.179999998474121092e+01
1.159999995422363206e+01
1.159999995422363206e+01
1.219999998474121128e+01
1.179999986267089795e+01
1.139999995422363277e+01
1.320000001525878908e+01
1.120000001525878908e+01
1.259999994659423805e+01
1.200000000762939401e+01
1.200000001525878979e+01
1.200000001525878979e+01
1.199999994659423841e+01
1.219999999427795423e+01
1.219999997711181727e+01
1.160000001525878943e+01
1.179999992370605533e+01
1.159999994659423805e+01
1.199999997711181621e+01
1.279999995422363313e+01
1.199999998474121021e+01
1.239999997711181656e+01
1.200000001525878979e+01
1.219999995422363348e+01
1.179999997711181692e+01
1.179999994659423912e+01
1.199999995422363241e+01
1.139999998855590846e+01
1.139999994659423876e+01
1.100000001525878979e+01
1.159999995422363206e+01
1.239999992370605497e+01
1.199999998474121021e+01
1.179999998474121092e+01
1.279999998855590881e+01
1.200000000762939401e+01
1.179999995422363313e+01
1.199999998474121021e+01
1.139999997711181656e+01
1.120000001525878908e+01
1.119999998474121128e+01
1.299999992370605462e+01
1.219999992370605391e+01
1.179999998474121092e+01
1.199999997711181621e+01
1.139999998474121057e+01
1.180000001525878872e+01
1.279999995422363313e+01
1.219999994659423770e+01
1.180000001525878872e+01
1.059999998474121163e+01
1.240000001525878837e+01
1.219999997711181727e+01
1.039999994659423876e+01
1.179999994659423912e+01
1.359999999999999964e+01
1.159999998474121163e+01
1.200000000762939401e+01
1.220000001525878908e+01
1.199999989318847682e+01
1.179999998474121092e+01
1.339999995422363277e+01
1.199999998474121021e+01
1.239999998474121057e+01
1.260000000762939365e+01
1.199999998474121021e+01
1.140000001525878837e+01
1.100000000762939401e+01
1.319999989318847611e+01
1.159999992370605426e+01
1.259999994659423805e+01
1.279999997711181692e+01
1.199999998474121021e+01
1.139999995422363277e+01
1.179999997711181692e+01
1.299999989318847682e+01
1.200000001525878979e+01
1.160000000762939365e+01
1.100000000762939401e+01
1.199999998474121021e+01
1.139999994659423876e+01
1.159999989318847646e+01
1.279999997711181692e+01
1.179999992370605533e+01
1.239999995422363277e+01
1.159999994659423805e+01
1.179999997711181692e+01
1.079999994659423912e+01
1.179999997711181692e+01
1.140000000762939436e+01
1.159999997711181585e+01
1.119999999427795423e+01
1.180000001525878872e+01
1.259999995422363206e+01
1.379999998855590881e+01
1.219999995422363348e+01
1.100000000762939401e+01
1.239999994659423876e+01
1.159999995422363206e+01
1.319999992370605391e+01
1.019999999999999929e+01
1.219999998474121128e+01
1.279999995422363313e+01
1.299999997711181621e+01
1.159999997711181585e+01
1.219999997711181727e+01
1.199999986267089902e+01
1.159999994659423805e+01
1.279999994659423912e+01
1.160000001525878943e+01
1.159999994659423805e+01
1.319999997711181727e+01
1.200000001525878979e+01
1.179999992370605533e+01
1.239999998474121057e+01
1.219999998855590739e+01
1.199999998474121021e+01
1.200000001525878979e+01
1.279999998474121092e+01
1.120000001525878908e+01
1.179999998474121092e+01
1.179999992370605533e+01
1.139999998474121057e+01
1.219999998474121128e+01
1.259999997711181585e+01
1.259999998474121163e+01
1.199999992370605462e+01
1.379999997711181692e+01
1.259999992370605426e+01
1.319999995422363348e+01
1.259999992370605426e+01
1.259999997711181585e+01
1.280000003051757851e+01
1.179999995422363313e+01
1.160000000762939365e+01
1.199999995422363241e+01
1.179999986267089795e+01
1.219999995422363348e+01
1.139999997711181656e+01
1.160000001525878943e+01
1.280000001525878872e+01
1.179999994659423912e+01
1.159999994659423805e+01
1.239999997711181656e+01
1.280000001525878872e+01
1.039999994659423876e+01
1.260000000762939365e+01
1.260000001525878943e+01
1.079999997711181692e+01
1.239999998474121057e+01
1.199999994659423841e+01
1.220000001525878908e+01
1.219999998855590739e+01
1.219999998474121128e+01
1.080000000762939472e+01
1.140000003051757815e+01
1.219999994659423770e+01
1.199999994659423841e+01
1.119999994659423770e+01
1.240000000762939436e+01
1.200000000762939401e+01
1.200000001525878979e+01
1.120000001525878908e+01
1.279999989318847575e+01
1.219999986267089831e+01
1.239999998855590846e+01
1.279999992370605533e+01
1.240000001525878837e+01
1.120000000762939507e+01
1.179999994659423912e+01
1.219999998474121128e+01
1.240000001525878837e+01
1.240000001525878837e+01
1.280000003051757851e+01
1.220000001525878908e+01
1.200000001525878979e+01
1.260000001525878943e+01
1.159999998474121163e+01
1.239999994659423876e+01
1.199999986267089902e+01
1.139999989318847717e+01
1.119999997711181727e+01
1.160000001525878943e+01
1.239999998474121057e+01
1.239999992370605497e+01
1.219999992370605391e+01
1.199999998474121021e+01
1.159999992370605426e+01
1.240000001525878837e+01
1.239999992370605497e+01
1.080000001525878872e+01
1.140000001525878837e+01
1.139999997711181656e+01
1.239999997711181656e+01
1.159999998855590775e+01
1.180000000762939472e+01
1.279999989318847575e+01
1.240000001525878837e+01
1.180000001525878872e+01
1.239999992370605497e+01
1.099999994659423841e+01
1.139999997711181656e+01
1.159999986267089866e+01
1.239999994659423876e+01
1.159999999427795458e+01
1.259999986267089866e+01
1.319999996948242149e+01
1.180000001525878872e+01
1.079999994659423912e+01
1.159999998474121163e+01
1.160000001525878943e+01
1.159999997711181585e+01
1.079999994659423912e+01
1.179999997711181692e+01
1.259999989318847646e+01
1.099999989318847682e+01
1.219999992370605391e+01
1.220000001525878908e+01
1.260000003051757744e+01
1.140000001525878837e+01
1.159999997711181585e+01
1.159999994659423805e+01
1.160000001525878943e+01
1.179999994659423912e+01
1.279999994659423912e+01
1.199999995422363241e+01
1.239999992370605497e+01
1.180000000762939472e+01
1.219999994659423770e+01
1.279999995422363313e+01
1.179999998474121092e+01
1.259999992370605426e+01
1.239999994659423876e+01
1.279999997711181692e+01
1.219999994659423770e+01
1.239999994659423876e+01
1.279999998474121092e+01
1.220000001525878908e+01
1.199999994659423841e+01
1.259999995422363206e+01
1.200000001525878979e+01
1.220000000762939507e+01
1.240000001525878837e+01
1.200000001525878979e+01
1.259999992370605426e+01
1.239999989318847717e+01
1.219999995422363348e+01
1.179999995422363313e+01
1.219999999427795423e+01
1.240000001525878837e+01
1.240000001525878837e+01
1.199999997711181621e+01
1.219999994659423770e+01
1.239999998855590846e+01
1.279999992370605533e+01
1.239999989318847717e+01
1.139999995422363277e+01
1.299999997711181621e+01
1.119999997711181727e+01
1.259999989318847646e+01
1.219999995422363348e+01
1.260000001525878943e+01
1.159999998474121163e+01
1.240000000762939436e+01
1.259999998474121163e+01
1.100000001525878979e+01
1.139999994659423876e+01
1.259999998474121163e+01
1.180000000000000071e+01
1.219999998474121128e+01
1.239999995422363277e+01
1.240000003051757815e+01
1.239999998474121057e+01
1.080000000762939472e+01
1.219999994659423770e+01
1.299999998474121021e+01
1.159999998474121163e+01
1.139999998474121057e+01
1.220000001525878908e+01
1.100000001525878979e+01
1.239999998474121057e+01
1.219999997711181727e+01
1.239999992370605497e+01
1.239999997711181656e+01
1.180000000762939472e+01
1.080000001525878872e+01
1.259999995422363206e+01
1.220000000762939507e+01
1.199999994659423841e+01
1.279999995422363313e+01
1.159999997711181585e+01
1.099999998474121021e+01
1.199999999427795494e+01
1.119999995422363348e+01
1.259999998855590775e+01
1.199999989318847682e+01
1.299999997711181621e+01
1.259999998474121163e+01
1.159999998855590775e+01
1.079999998474121092e+01
1.160000001525878943e+01
1.219999995422363348e+01
1.179999992370605533e+01
1.239999998474121057e+01
1.179999997711181692e+01
1.199999995422363241e+01
1.159999998474121163e+01
1.119999998855590739e+01
1.219999998474121128e+01
1.179999995422363313e+01
1.279999995422363313e+01
1.100000001525878979e+01
1.199999998855590810e+01
1.199999994659423841e+01
1.179999998474121092e+01
1.199999989318847682e+01
1.219999995422363348e+01
1.159999995422363206e+01
1.159999999427795458e+01
1.119999997711181727e+01
1.099999998474121021e+01
1.219999995422363348e+01
1.159999998855590775e+01
1.199999986267089902e+01
1.119999997711181727e+01
1.219999994659423770e+01
1.180000000762939472e+01
1.159999998474121163e+01
1.199999995422363241e+01
1.139999998855590846e+01
1.279999989318847575e+01
1.220000001525878908e+01
1.140000000762939436e+01
1.300000001525878979e+01
1.180000001525878872e+01
1.219999992370605391e+01
1.139999995422363277e+01
1.319999998474121128e+01
1.120000001525878908e+01
1.159999994659423805e+01
9.799999954223633125e+00
1.200000001525878979e+01
1.220000000762939507e+01
1.279999992370605533e+01
1.199999995422363241e+01
1.179999998474121092e+01
1.239999994659423876e+01
1.260000001525878943e+01
1.119999994659423770e+01
1.179999994659423912e+01
1.219999995422363348e+01
1.260000001525878943e+01
1.220000003051757886e+01
1.299999994659423841e+01
1.279999992370605533e+01
1.199999995422363241e+01
1.259999997711181585e+01
1.159999994659423805e+01
1.240000001525878837e+01
1.240000001525878837e+01
1.139999994659423876e+01
1.159999994659423805e+01
1.219999997711181727e+01
1.279999992370605533e+01
1.219999995422363348e+01
1.259999998474121163e+01
1.319999999427795423e+01
1.200000000762939401e+01
1.080000001525878872e+01
1.219999997711181727e+01
1.099999998474121021e+01
1.119999994659423770e+01
1.100000000762939401e+01
1.079999994659423912e+01
1.119999995422363348e+01
1.239999994659423876e+01
1.319999998855590739e+01
1.199999995422363241e+01
1.160000001525878943e+01
1.319999994659423770e+01
1.159999998855590775e+01
1.200000001525878979e+01
1.259999994659423805e+01
1.140000000762939436e+01
1.119999998474121128e+01
1.199999994659423841e+01
1.279999992370605533e+01
1.160000001525878943e+01
1.220000001525878908e+01
1.239999994659423876e+01
1.180000001525878872e+01
1.160000001525878943e+01
9.999999977111816207e+00
1.259999994659423805e+01
1.039999994659423876e+01
1.279999995422363313e+01
1.280000001525878872e+01
1.199999997711181621e+01
1.299999994659423841e+01
1.179999994659423912e+01
1.119999995422363348e+01
1.239999998855590846e+01
1.139999998474121057e+01
1.199999994659423841e+01
1.239999995422363277e+01
1.119999998474121128e+01
1.180000001525878872e+01
1.239999995422363277e+01
1.240000001525878837e+01
1.259999998474121163e+01
1.279999998474121092e+01
1.180000001525878872e+01
1.239999995422363277e+01
1.239999986267089760e+01
1.279999995422363313e+01
1.219999997711181727e+01
1.219999989318847611e+01
1.379999986267089795e+01
1.159999989318847646e+01
1.279999997711181692e+01
1.279999989318847575e+01
1.159999998474121163e+01
1.219999995422363348e+01
1.039999995422363277e+01
1.399999992370605462e+01
1.199999994659423841e+01
1.119999998474121128e+01
1.199999995422363241e+01
1.139999995422363277e+01
1.239999992370605497e+01
1.179999997711181692e+01
1.239999997711181656e+01
1.140000000762939436e+01
1.259999998474121163e+01
1.199999994659423841e+01
1.239999995422363277e+01
1.140000000762939436e+01
1.279999998474121092e+01
1.200000001525878979e+01
1.159999994659423805e+01
1.179999992370605533e+01
1.040000001525878837e+01
1.059999997711181585e+01
1.240000001525878837e+01
1.199999997711181621e+01
1.299999995422363241e+01
1.219999998474121128e+01
1.179999989318847575e+01
1.259999989318847646e+01
1.219999995422363348e+01
1.159999995422363206e+01
1.279999992370605533e+01
1.220000001525878908e+01
1.159999998855590775e+01
1.199999995422363241e+01
1.159999995422363206e+01
1.219999994659423770e+01
1.219999995422363348e+01
1.279999994659423912e+01
1.220000001525878908e+01
1.219999998855590739e+01
1.259999999427795458e+01
1.140000001525878837e+01
1.119999994659423770e+01
1.279999998474121092e+01
1.379999995422363313e+01
1.199999998474121021e+01
1.160000001525878943e+01
1.139999997711181656e+01
1.139999998474121057e+01
1.199999999427795494e+01
1.159999997711181585e+01
1.299999994659423841e+01
1.219999997711181727e+01
1.139999997711181656e+01
1.240000001525878837e+01
1.279999998474121092e+01
1.219999992370605391e+01
1.200000001525878979e+01
1.179999994659423912e+01
1.239999997711181656e+01
1.199999994659423841e+01
1.299999995422363241e+01
1.159999997711181585e+01
1.220000001525878908e+01
1.279999995422363313e+01
1.240000001525878837e+01
1.199999994659423841e+01
1.340000003051757815e+01
1.100000000762939401e+01
1.299999996948242220e+01
1.219999992370605391e+01
1.180000001525878872e+01
1.260000003051757744e+01
1.179999998474121092e+01
1.199999992370605462e+01
1.259999995422363206e+01
1.239999986267089760e+01
1.159999998474121163e+01
1.219999995422363348e+01
1.240000001525878837e+01
1.200000000762939401e+01
1.199999999427795494e+01
1.119999992370605391e+01
1.199999994659423841e+01
1.199999997711181621e+01
1.239999994659423876e+01
1.199999995422363241e+01
1.179999995422363313e+01
1.179999998855590881e+01
1.200000001525878979e+01
1.099999992370605462e+01
1.140000001525878837e+01
1.379999995422363313e+01
1.159999997711181585e+01
1.199999992370605462e+01
1.220000001525878908e+01
1.199999994659423841e+01
1.059999994659423805e+01
1.219999994659423770e+01
1.199999994659423841e+01
1.180000001525878872e+01
1.219999997711181727e+01
1.199999994659423841e+01
1.299999992370605462e+01
1.239999995422363277e+01
1.139999998474121057e+01
1.239999997711181656e+01
1.080000000762939472e+01
1.180000001525878872e+01
1.219999994659423770e+01
1.139999998855590846e+01
1.259999994659423805e+01
1.299999998474121021e+01
1.259999998474121163e+01
1.239999992370605497e+01
1.179999998474121092e+01
1.159999995422363206e+01
1.199999994659423841e+01
1.040000001525878837e+01
1.220000000762939507e+01
1.139999997711181656e+01
1.279999998474121092e+01
1.239999997711181656e+01
1.179999994659423912e+01
1.159999994659423805e+01
1.139999995422363277e+01
1.219999997711181727e+01
1.200000001525878979e+01
1.160000001525878943e+01
1.159999994659423805e+01
1.299999995422363241e+01
1.200000000762939401e+01
1.219999994659423770e+01
1.159999994659423805e+01
1.380000000000000071e+01
1.219999992370605391e+01
1.180000001525878872e+01
1.180000001525878872e+01
1.199999997711181621e+01
1.199999992370605462e+01
1.300000001525878979e+01
1.240000001525878837e+01
1.080000001525878872e+01
1.199999998474121021e+01
1.199999995422363241e+01
1.259999997711181585e+01
1.200000001525878979e+01
1.519999995422363348e+01
1.039999997711181656e+01
1.120000001525878908e+01
1.139999997711181656e+01
1.159999994659423805e+01
1.219999998474121128e+01
1.019999999427795423e+01
1.279999994659423912e+01
1.220000001525878908e+01
1.119999994659423770e+01
1.279999986267089795e+01
1.279999997711181692e+01
1.119999997711181727e+01
1.300000001525878979e+01
1.199999995422363241e+01
1.259999998474121163e+01
1.299999995422363241e+01
1.060000001525878943e+01
1.279999998474121092e+01
1.159999994659423805e+01
1.199999995422363241e+01
1.220000001525878908e+01
1.180000000762939472e+01
1.060000000762939365e+01
1.199999986267089902e+01
1.239999997711181656e+01
1.139999997711181656e+01
1.139999998474121057e+01
1.159999994659423805e+01
1.179999997711181692e+01
1.340000001525878837e+01
1.260000001525878943e+01
1.000000000000000000e+01
1.239999994659423876e+01
1.179999994659423912e+01
1.200000001525878979e+01
1.219999998474121128e+01
1.199999992370605462e+01
1.140000001525878837e+01
1.159999994659423805e+01
1.279999989318847575e+01
1.119999999427795423e+01
1.259999989318847646e+01
1.279999992370605533e+01
1.039999997711181656e+01
1.219999998474121128e+01
1.159999998855590775e+01
1.219999994659423770e+01
1.079999998474121092e+01
1.159999994659423805e+01
1.159999997711181585e+01
1.140000000762939436e+01
1.199999986267089902e+01
1.180000000762939472e+01
1.239999998474121057e+01
1.239999994659423876e+01
1.179999995422363313e+01
1.139999998474121057e+01
1.199999994659423841e+01
1.340000000762939436e+01
1.159999994659423805e+01
1.079999997711181692e+01
1.200000001525878979e+01
1.159999997711181585e+01
1.220000001525878908e+01
1.219999992370605391e+01
1.199999998474121021e+01
1.259999994659423805e+01
1.199999998474121021e+01
1.199999998474121021e+01
1.159999995422363206e+01
1.239999997711181656e+01
1.399999994659423841e+01
1.139999997711181656e+01
1.200000001525878979e+01
1.239999989318847717e+01
1.239999995422363277e+01
1.319999992370605391e+01
1.259999997711181585e+01
1.199999992370605462e+01
1.279999998474121092e+01
1.199999989318847682e+01
1.120000001525878908e+01
1.159999986267089866e+01
1.239999998474121057e+01
1.220000001525878908e+01
1.180000001525878872e+01
1.159999998474121163e+01
1.200000001525878979e+01
1.159999999999999964e+01
1.259999998474121163e+01
1.280000000762939472e+01
1.059999994659423805e+01
1.139999998474121057e+01
1.219999992370605391e+01
1.160000001525878943e+01
1.199999992370605462e+01
1.180000001525878872e+01
1.200000001525878979e+01
1.099999994659423841e+01
1.259999994659423805e+01
1.199999994659423841e+01
1.239999997711181656e+01
1.180000000762939472e+01
1.219999997711181727e+01
1.279999998474121092e+01
1.239999998474121057e+01
1.279999994659423912e+01
1.199999995422363241e+01
1.319999989318847611e+01
1.119999995422363348e+01
1.219999997711181727e+01
1.219999998474121128e+01
1.000000000762939401e+01
1.139999997711181656e+01
1.159999995422363206e+01
1.019999994659423770e+01
1.200000000762939401e+01
1.260000000762939365e+01
1.139999998474121057e+01
1.159999999427795458e+01
1.199999997711181621e+01
1.059999998474121163e+01
1.199999998474121021e+01
1.119999998474121128e+01
1.219999998855590739e+01
1.160000000762939365e+01
1.280000001525878872e+01
1.320000001525878908e+01
1.399999994659423841e+01
1.239999997711181656e+01
1.259999998474121163e+01
9.400000015258788366e+00
1.279999995422363313e+01
1.279999998474121092e+01
1.099999997711181621e+01
1.299999992370605462e+01
1.199999994659423841e+01
1.200000001525878979e+01
1.180000000762939472e+01
1.299999992370605462e+01
1.079999998855590881e+01
1.199999995422363241e+01
1.219999995422363348e+01
1.179999998474121092e+01
1.239999998474121057e+01
1.219999998474121128e+01
1.259999998474121163e+01
1.179999995422363313e+01
1.179999999427795387e+01
1.160000001525878943e+01
1.219999995422363348e+01
1.220000001525878908e+01
1.219999994659423770e+01
1.239999998474121057e+01
1.160000001525878943e+01
1.199999986267089902e+01
1.179999998474121092e+01
1.219999992370605391e+01
1.239999995422363277e+01
1.279999992370605533e+01
1.179999998474121092e+01
1.220000001525878908e+01
1.200000001525878979e+01
1.239999998474121057e+01
1.240000001525878837e+01
1.159999994659423805e+01
1.079999997711181692e+01
1.439999998474121057e+01
1.060000000762939365e+01
1.499999986267089902e+01
1.179999997711181692e+01
1.259999994659423805e+01
1.099999994659423841e+01
1.339999989318847717e+01
1.099999994659423841e+01
1.339999986267089760e+01
1.119999994659423770e+01
1.099999989318847682e+01
1.179999994659423912e+01
1.119999994659423770e+01
1.260000001525878943e+01
1.139999997711181656e+01
1.139999998474121057e+01
1.199999998474121021e+01
1.259999995422363206e+01
1.199999992370605462e+01
1.299999989318847682e+01
1.240000001525878837e+01
1.259999989318847646e+01
1.219999997711181727e+01
1.159999994659423805e+01
1.219999999999999929e+01
1.199999997711181621e+01
1.259999986267089866e+01
1.199999995422363241e+01
1.259999995422363206e+01
1.199999995422363241e+01
1.100000000762939401e+01
1.239999995422363277e+01
1.199999994659423841e+01
1.120000001525878908e+01
1.219999995422363348e+01
1.219999989318847611e+01
1.239999994659423876e+01
1.280000001525878872e+01
1.159999994659423805e+01
1.200000001525878979e+01
1.199999992370605462e+01
1.239999997711181656e+01
1.279999998474121092e+01
1.159999998474121163e+01
1.240000001525878837e+01
1.160000001525878943e+01
1.239999995422363277e+01
1.199999994659423841e+01
1.239999994659423876e+01
1.000000001525878979e+01
1.079999997711181692e+01
1.119999998474121128e+01
1.139999994659423876e+01
1.219999995422363348e+01
1.300000001525878979e+01
1.259999993896484405e+01
1.199999998474121021e+01
1.179999989318847575e+01
9.799999946594239120e+00
1.199999997711181621e+01
1.200000001525878979e+01
1.239999995422363277e+01
1.219999994659423770e+01
1.159999995422363206e+01
1.199999995422363241e+01
1.179999995422363313e+01
1.140000001525878837e+01
1.039999994659423876e+01
1.179999994659423912e+01
1.179999997711181692e+01
1.220000001525878908e+01
1.259999998474121163e+01
1.280000003051757851e+01
1.159999995422363206e+01
1.259999994659423805e+01
1.199999989318847682e+01
1.219999995422363348e+01
1.279999994659423912e+01
1.060000001525878943e+01
1.139999995422363277e+01
1.300000001525878979e+01
1.239999999427795352e+01
1.159999992370605426e+01
1.159999997711181585e+01
1.079999995422363313e+01
1.179999994659423912e+01
1.180000000762939472e+01
1.159999998474121163e+01
1.139999989318847717e+01
1.179999998474121092e+01
1.320000001525878908e+01
1.180000001525878872e+01
1.219999997711181727e+01
1.220000001525878908e+01
1.240000001525878837e+01
1.159999997711181585e+01
1.239999998474121057e+01
1.199999998474121021e+01
1.159999994659423805e+01
1.219999992370605391e+01
1.079999995422363313e+01
1.239999998855590846e+01
1.179999994659423912e+01
1.219999994659423770e+01
1.319999995422363348e+01
1.199999995422363241e+01
1.239999995422363277e+01
1.199999998474121021e+01
1.199999989318847682e+01
1.159999994659423805e+01
1.219999997711181727e+01
1.159999994659423805e+01
1.219999994659423770e+01
1.199999998855590810e+01
1.179999997711181692e+01
1.220000000762939507e+01
1.299999992370605462e+01
1.200000001525878979e+01
1.180000003051757851e+01
1.059999997711181585e+01
1.219999989318847611e+01
1.139999995422363277e+01
1.079999989318847575e+01
1.220000000762939507e+01
1.199999995422363241e+01
1.139999995422363277e+01
1.159999998474121163e+01
1.259999995422363206e+01
1.240000001525878837e+01
1.139999998474121057e+01
1.179999994659423912e+01
1.199999998474121021e+01
1.180000000762939472e+01
1.039999997711181656e+01
1.220000001525878908e+01
1.200000000762939401e+01
1.199999998855590810e+01
1.159999994659423805e+01
1.219999997711181727e+01
1.179999996948242114e+01
1.279999998855590881e+01
1.240000001525878837e+01
1.179999995422363313e+01
1.119999998474121128e+01
1.140000001525878837e+01
1.079999994659423912e+01
1.259999998474121163e+01
1.159999994659423805e+01
1.120000000762939507e+01
1.139999992370605497e+01
1.179999998474121092e+01
1.120000000762939507e+01
1.219999997711181727e+01
1.160000000762939365e+01
1.239999998855590846e+01
1.220000001525878908e+01
1.120000001525878908e+01
1.040000001525878837e+01
1.179999997711181692e+01
1.160000001525878943e+01
1.179999998474121092e+01
1.139999998855590846e+01
1.419999992370605391e+01
1.300000000762939401e+01
1.140000000762939436e+01
1.160000001525878943e+01
1.199999998474121021e+01
1.340000000000000036e+01
1.279999989318847575e+01
1.160000001525878943e+01
1.259999989318847646e+01
1.239999994659423876e+01
1.260000001525878943e+01
1.179999992370605533e+01
1.279999995422363313e+01
1.479999998474121092e+01
1.179999997711181692e+01
1.239999998474121057e+01
1.059999989318847646e+01
1.079999998474121092e+01
1.039999994659423876e+01
1.139999997711181656e+01
1.219999998474121128e+01
1.139999992370605497e+01
1.220000001525878908e+01
1.199999994659423841e+01
1.239999995422363277e+01
1.059999995422363206e+01
1.160000001525878943e+01
1.179999998474121092e+01
1.319999992370605391e+01
1.079999994659423912e+01
1.239999997711181656e+01
1.239999998474121057e+01
1.260000001525878943e+01
1.219999997711181727e+01
1.199999998474121021e+01
1.159999992370605426e+01
1.239999992370605497e+01
1.180000001525878872e+01
1.159999995422363206e+01
1.219999998855590739e+01
1.279999998474121092e+01
1.240000001525878837e+01
1.159999995422363206e+01
1.180000000762939472e+01
1.200000001525878979e+01
1.140000001525878837e+01
1.259999994659423805e+01
1.199999997711181621e+01
1.219999994659423770e+01
1.279999995422363313e+01
1.280000001525878872e+01
1.259999995422363206e+01
1.060000001525878943e+01
1.379999994659423912e+01
1.220000001525878908e+01
1.180000001525878872e+01
1.259999994659423805e+01
1.159999995422363206e+01
1.219999986267089831e+01
1.239999997711181656e+01
1.260000000762939365e+01
1.139999999427795352e+01
1.179999994659423912e+01
1.119999998855590739e+01
1.339999998474121057e+01
1.219999995422363348e+01
1.220000001525878908e+01
9.600000015258789432e+00
1.160000003051757744e+01
1.299999998474121021e+01
1.199999995422363241e+01
1.179999998855590881e+01
1.379999994659423912e+01
1.199999994659423841e+01
1.119999994659423770e+01
1.179999998474121092e+01
1.159999998855590775e+01
1.140000001525878837e+01
1.099999992370605462e+01
1.240000001525878837e+01
1.239999998474121057e+01
1.259999989318847646e+01
1.179999998474121092e+01
1.060000000762939365e+01
1.180000001525878872e+01
1.120000001525878908e+01
1.259999992370605426e+01
1.119999995422363348e+01
1.239999998855590846e+01
1.260000001525878943e+01
1.199999992370605462e+01
1.159999998474121163e+01
1.239999997711181656e+01
1.199999992370605462e+01
1.240000000762939436e+01
1.080000001525878872e+01
1.179999997711181692e+01
1.259999998474121163e+01
1.219999992370605391e+01
1.140000001525878837e+01
1.259999995422363206e+01
9.400000007629394361e+00
1.119999994659423770e+01
1.139999994659423876e+01
1.139999997711181656e+01
1.160000001525878943e+01
1.099999994659423841e+01
1.239999998474121057e+01
1.159999997711181585e+01
1.379999989318847575e+01
1.200000001525878979e+01
1.240000001525878837e+01
1.240000000762939436e+01
1.200000000762939401e+01
1.259999995422363206e+01
1.459999998474121163e+01
1.119999997711181727e+01
1.239999994659423876e+01
1.259999986267089866e+01
1.260000001525878943e+01
1.180000001525878872e+01
1.059999998855590775e+01
1.179999994659423912e+01
1.079999994659423912e+01
1.459999989318847646e+01
1.159999994659423805e+01
1.160000000762939365e+01
1.180000001525878872e+01
1.299999994659423841e+01
1.220000001525878908e+01
1.139999992370605497e+01
1.219999989318847611e+01
1.140000001525878837e+01
1.219999994659423770e+01
1.199999997711181621e+01
1.479999989318847575e+01
1.119999997711181727e+01
1.240000000762939436e+01
1.219999998474121128e+01
1.219999998474121128e+01
1.199999998474121021e+01
1.119999994659423770e+01
1.099999994659423841e+01
1.159999994659423805e+01
1.259999998474121163e+01
1.280000003051757851e+01
1.239999992370605497e+01
1.139999994659423876e+01
1.199999995422363241e+01
1.100000001525878979e+01
1.160000001525878943e+01
1.279999992370605533e+01
1.200000000762939401e+01
1.159999995422363206e+01
1.179999994659423912e+01
1.139999986267089760e+01
1.299999998474121021e+01
1.099999994659423841e+01
1.139999994659423876e+01
1.199999998474121021e+01
1.240000001525878837e+01
1.220000001525878908e+01
1.239999995422363277e+01
1.119999998474121128e+01
1.179999998855590881e+01
1.359999994659423805e+01
1.139999998474121057e+01
1.159999998474121163e+01
1.179999998474121092e+01
1.180000000762939472e+01
1.139999994659423876e+01
1.279999994659423912e+01
1.059999994659423805e+01
1.179999997711181692e+01
1.060000000762939365e+01
1.219999998474121128e+01
1.179999994659423912e+01
1.119999989318847611e+01
1.279999995422363313e+01
1.140000001525878837e+01
1.179999997711181692e+01
1.119999994659423770e+01
1.219999995422363348e+01
1.339999992370605497e+01
1.319999997711181727e+01
1.639999995422363455e+01
1.099999997711181621e+01
1.099999994659423841e+01
1.119999989318847611e+01
1.119999997711181727e+01
1.219999992370605391e+01
1.099999998474121021e+01
1.259999992370605426e+01
1.120000000762939507e+01
1.219999986267089831e+01
1.139999994659423876e+01
1.299999989318847682e+01
1.160000001525878943e+01
9.399999984741210568e+00
1.139999995422363277e+01
1.120000000762939507e+01
1.259999997711181585e+01
1.119999994659423770e+01
1.120000001525878908e+01
1.219999995422363348e+01
1.219999995422363348e+01
1.239999995422363277e+01
1.180000001525878872e+01
1.080000001525878872e+01
1.179999997711181692e+01
1.120000001525878908e+01
1.319999986267089831e+01
1.079999994659423912e+01
1.259999998474121163e+01
1.139999999427795352e+01
1.139999994659423876e+01
1.199999997711181621e+01
1.219999994659423770e+01
1.259999989318847646e+01
1.119999995422363348e+01
1.139999997711181656e+01
1.119999995422363348e+01
1.080000000762939472e+01
1.179999997711181692e+01
1.119999997711181727e+01
1.199999998474121021e+01
1.239999998474121057e+01
1.139999998474121057e+01
1.220000001525878908e+01
1.219999995422363348e+01
1.119999997711181727e+01
1.199999992370605462e+01
1.199999989318847682e+01
1.179999994659423912e+01
9.000000015258789787e+00
1.119999998474121128e+01
1.079999994659423912e+01
1.199999998474121021e+01
1.220000001525878908e+01
1.019999994659423770e+01
1.360000001525878943e+01
1.119999989318847611e+01
1.199999998474121021e+01
1.139999997711181656e+01
1.199999994659423841e+01
1.339999998474121057e+01
1.219999992370605391e+01
1.099999998474121021e+01
1.160000001525878943e+01
1.179999994659423912e+01
1.159999998474121163e+01
1.119999986267089831e+01
1.199999994659423841e+01
1.180000001525878872e+01
1.180000001525878872e+01
1.039999998474121057e+01
1.319999998855590739e+01
1.139999999427795352e+01
1.299999986267089902e+01
1.180000000762939472e+01
1.159999995422363206e+01
1.079999989318847575e+01
1.239999995422363277e+01
1.019999994659423770e+01
1.179999995422363313e+01
1.119999998474121128e+01
8.799999946594239120e+00
1.219999998855590739e+01
1.140000001525878837e+01
1.199999989318847682e+01
1.160000001525878943e+01
1.119999997711181727e+01
1.159999997711181585e+01
1.179999997711181692e+01
1.079999994659423912e+01
1.139999997711181656e+01
1.260000000762939365e+01
1.220000001525878908e+01
1.160000000762939365e+01
1.080000000762939472e+01
1.199999997711181621e+01
1.239999998474121057e+01
1.139999994659423876e+01
1.199999998474121021e+01
1.120000001525878908e+01
1.179999998474121092e+01
1.039999994659423876e+01
1.119999986267089831e+01
1.140000001525878837e+01
1.079999997711181692e+01
1.199999994659423841e+01
1.120000001525878908e+01
1.120000001525878908e+01
1.139999989318847717e+01
1.099999998474121021e+01
9.999999923706054616e+00
1.159999998855590775e+01
1.179999998474121092e+01
1.079999998474121092e+01
1.079999998474121092e+01
1.140000001525878837e+01
1.099999997711181621e+01
1.140000000762939436e+01
1.160000000762939365e+01
1.040000000762939436e+01
1.219999995422363348e+01
1.219999998474121128e+01
1.159999994659423805e+01
1.159999995422363206e+01
1.139999995422363277e+01
1.200000001525878979e+01
1.180000001525878872e+01
1.359999998474121163e+01
1.119999999427795423e+01
1.159999997711181585e+01
1.199999997711181621e+01
1.179999998474121092e+01
1.119999995422363348e+01
1.140000003051757815e+01
1.080000001525878872e+01
1.120000001525878908e+01
1.119999998474121128e+01
1.100000001525878979e+01
1.179999994659423912e+01
1.120000001525878908e+01
1.100000001525878979e+01
1.140000001525878837e+01
1.179999989318847575e+01
1.100000001525878979e+01
9.600000007629393650e+00
1.199999994659423841e+01
1.139999997711181656e+01
1.159999994659423805e+01
1.139999994659423876e+01
1.239999998855590846e+01
1.100000000762939401e+01
1.119999998474121128e+01
1.119999998474121128e+01
1.159999994659423805e+01
1.180000001525878872e+01
1.180000001525878872e+01
1.119999994659423770e+01
1.119999994659423770e+01
1.080000001525878872e+01
1.099999997711181621e+01
1.059999997711181585e+01
1.239999994659423876e+01
1.040000001525878837e+01
1.159999986267089866e+01
1.179999994659423912e+01
1.139999998474121057e+01
1.159999989318847646e+01
1.179999998855590881e+01
1.080000001525878872e+01
1.059999999999999964e+01
1.159999994659423805e+01
1.119999994659423770e+01
1.099999994659423841e+01
1.139999998474121057e+01
1.099999997711181621e+01
1.099999998474121021e+01
1.079999994659423912e+01
1.139999998474121057e+01
1.159999997711181585e+01
1.080000001525878872e+01
1.200000000762939401e+01
1.139999994659423876e+01
1.219999994659423770e+01
1.160000001525878943e+01
1.059999998474121163e+01
1.179999998474121092e+01
1.060000001525878943e+01
1.359999997711181585e+01
1.019999997711181727e+01
1.079999997711181692e+01
9.399999984741210568e+00
1.139999994659423876e+01
1.259999989318847646e+01
1.200000001525878979e+01
1.179999994659423912e+01
1.199999994659423841e+01
9.799999946594239120e+00
1.179999997711181692e+01
1.199999994659423841e+01
1.179999998474121092e+01
1.159999998474121163e+01
1.219999998855590739e+01
1.039999994659423876e+01
1.199999995422363241e+01
1.220000000762939507e+01
1.059999998474121163e+01
1.220000000762939507e+01
1.239999997711181656e+01
1.219999997711181727e+01
1.139999994659423876e+01
1.319999986267089831e+01
1.139999992370605497e+01
1.099999998474121021e+01
1.159999995422363206e+01
1.080000000762939472e+01
1.119999994659423770e+01
9.200000007629395071e+00
1.160000001525878943e+01
1.219999998474121128e+01
1.080000000762939472e+01
1.160000000762939365e+01
1.019999997711181727e+01
1.159999992370605426e+01
1.179999998855590881e+01
1.059999998855590775e+01
1.039999995422363277e+01
1.199999994659423841e+01
1.039999998474121057e+01
1.299999998474121021e+01
1.080000001525878872e+01
1.420000000762939507e+01
1.219999994659423770e+01
1.059999992370605426e+01
1.059999994659423805e+01
1.059999994659423805e+01
1.140000001525878837e+01
1.200000001525878979e+01
1.099999994659423841e+01
1.039999995422363277e+01
1.099999995422363241e+01
1.099999998474121021e+01
1.199999995422363241e+01
1.159999994659423805e+01
1.080000001525878872e+01
1.139999997711181656e+01
1.059999994659423805e+01
1.099999994659423841e+01
9.999999946594238409e+00
1.199999994659423841e+01
1.259999995422363206e+01
1.000000000762939401e+01
1.080000001525878872e+01
1.140000001525878837e+01
1.179999995422363313e+01
1.260000000762939365e+01
1.120000000762939507e+01
1.119999997711181727e+01
1.199999992370605462e+01
1.019999994659423770e+01
1.099999995422363241e+01
1.099999997711181621e+01
1.219999998474121128e+01
1.199999998474121021e+01
1.139999998474121057e+01
1.199999995422363241e+01
8.800000015258788721e+00
1.199999995422363241e+01
1.239999999427795352e+01
1.139999995422363277e+01
1.099999997711181621e+01
1.079999994659423912e+01
1.039999998474121057e+01
1.099999992370605462e+01
1.179999986267089795e+01
1.060000001525878943e+01
1.299999997711181621e+01
8.999999954223632415e+00
1.160000001525878943e+01
1.059999992370605426e+01
1.019999989318847611e+01
1.119999998474121128e+01
1.119999998474121128e+01
1.200000001525878979e+01
1.099999997711181621e+01
1.180000000762939472e+01
1.099999997711181621e+01
1.079999986267089795e+01
1.220000000762939507e+01
1.080000001525878872e+01
1.039999998474121057e+01
1.219999998474121128e+01
1.039999998474121057e+01
1.199999998474121021e+01
1.319999998474121128e+01
1.059999997711181585e+01
9.600000015258789432e+00
1.039999998855590846e+01
1.020000001525878908e+01
1.100000000762939401e+01
1.200000001525878979e+01
1.340000001525878837e+01
1.079999997711181692e+01
1.020000001525878908e+01
1.099999997711181621e+01
1.079999997711181692e+01
1.279999998474121092e+01
1.139999998474121057e+01
1.240000001525878837e+01
1.079999994659423912e+01
1.159999992370605426e+01
1.119999995422363348e+01
1.180000001525878872e+01
1.159999998474121163e+01
1.200000003051757780e+01
1.060000001525878943e+01
1.159999997711181585e+01
1.059999994659423805e+01
1.139999998474121057e+01
9.999999984741210213e+00
1.100000000762939401e+01
1.159999998474121163e+01
1.199999997711181621e+01
1.199999989318847682e+01
1.119999994659423770e+01
1.179999998474121092e+01
1.119999995422363348e+01
1.019999998474121128e+01
1.119999995422363348e+01
1.119999994659423770e+01
9.799999946594239120e+00
1.059999994659423805e+01
1.160000003051757744e+01
1.139999998474121057e+01
1.159999994659423805e+01
9.999999946594238409e+00
1.039999994659423876e+01
1.139999995422363277e+01
1.139999998474121057e+01
1.199999998855590810e+01
1.199999994659423841e+01
1.219999995422363348e+01
1.079999997711181692e+01
1.159999997711181585e+01
1.059999998855590775e+01
1.140000001525878837e+01
1.139999994659423876e+01
1.179999994659423912e+01
1.179999998474121092e+01
1.100000001525878979e+01
1.119999994659423770e+01
1.179999998474121092e+01
1.139999998474121057e+01
1.079999995422363313e+01
1.139999994659423876e+01
1.120000001525878908e+01
1.279999994659423912e+01
1.199999995422363241e+01
1.100000001525878979e+01
1.179999994659423912e+01
1.159999997711181585e+01
1.179999998474121092e+01
1.179999994659423912e+01
1.460000001525878943e+01
8.599999984741211634e+00
1.199999998855590810e+01
1.099999992370605462e+01
1.179999998474121092e+01
1.099999995422363241e+01
1.140000001525878837e+01
1.139999997711181656e+01
1.059999997711181585e+01
1.219999998474121128e+01
1.079999995422363313e+01
1.199999992370605462e+01
1.179999994659423912e+01
1.100000000762939401e+01
1.300000001525878979e+01
1.080000000762939472e+01
1.120000001525878908e+01
1.219999992370605391e+01
1.059999992370605426e+01
1.159999998474121163e+01
1.039999994659423876e+01
1.799999994659423663e+01
9.999999977111816207e+00
1.080000001525878872e+01
1.159999995422363206e+01
1.060000000762939365e+01
1.140000000762939436e+01
1.219999998474121128e+01
1.219999995422363348e+01
1.239999994659423876e+01
1.219999995422363348e+01
1.099999994659423841e+01
1.220000000762939507e+01
1.080000000762939472e+01
1.139999994659423876e+01
1.160000003051757744e+01
1.139999997711181656e+01
1.019999995422363348e+01
1.279999992370605533e+01
1.059999998474121163e+01
1.039999994659423876e+01
1.179999998474121092e+01
1.199999994659423841e+01
1.339999995422363277e+01
1.299999995422363241e+01
1.160000001525878943e+01
1.199999997711181621e+01
1.039999994659423876e+01
1.140000000762939436e+01
1.280000001525878872e+01
1.179999997711181692e+01
1.239999994659423876e+01
1.179999998474121092e+01
1.139999992370605497e+01
1.179999989318847575e+01
1.099999992370605462e+01
1.119999997711181727e+01
1.060000001525878943e+01
1.059999994659423805e+01
1.179999997711181692e+01
1.020000000762939507e+01
1.099999998474121021e+01
1.159999997711181585e+01
9.999999954223632415e+00
1.099999992370605462e+01
1.179999998474121092e+01
1.080000000762939472e+01
1.180000001525878872e+01
1.099999998474121021e+01
1.040000001525878837e+01
1.159999995422363206e+01
1.159999992370605426e+01
1.079999994659423912e+01
1.119999986267089831e+01
1.099999997711181621e+01
1.060000001525878943e+01
1.099999994659423841e+01
1.120000000762939507e+01
1.119999998474121128e+01
1.100000001525878979e+01
1.020000001525878908e+01
1.139999989318847717e+01
1.100000000762939401e+01
1.139999994659423876e+01
1.019999998474121128e+01
1.159999995422363206e+01
1.139999994659423876e+01
1.280000003051757851e+01
1.059999998474121163e+01
9.000000007629394005e+00
1.240000001525878837e+01
1.060000000762939365e+01
1.139999997711181656e+01
1.060000001525878943e+01
1.279999994659423912e+01
1.019999994659423770e+01
1.099999998855590810e+01
1.139999994659423876e+01
1.039999998474121057e+01
1.080000000762939472e+01
1.120000000762939507e+01
1.099999994659423841e+01
1.219999994659423770e+01
1.280000001525878872e+01
1.179999998474121092e+01
1.179999998474121092e+01
1.140000000762939436e+01
1.219999992370605391e+01
1.220000000762939507e+01
1.160000000762939365e+01
1.040000001525878837e+01
1.179999998474121092e+01
1.139999998474121057e+01
1.119999995422363348e+01
1.339999995422363277e+01
1.140000001525878837e+01
1.099999994659423841e+01
1.080000001525878872e+01
1.180000001525878872e+01
1.079999994659423912e+01
1.059999994659423805e+01
1.179999995422363313e+01
1.199999998474121021e+01
1.099999998474121021e+01
1.099999992370605462e+01
1.060000000762939365e+01
1.059999995422363206e+01
1.059999994659423805e+01
1.059999998474121163e+01
1.119999998855590739e+01
1.159999989318847646e+01
1.059999999427795458e+01
1.140000000762939436e+01
1.040000000762939436e+01
1.159999992370605426e+01
1.119999994659423770e+01
1.099999995422363241e+01
1.559999989318847646e+01
1.139999998474121057e+01
1.059999995422363206e+01
1.680000001525878872e+01
1.119999997711181727e+01
1.080000000762939472e+01
1.079999994659423912e+01
1.159999992370605426e+01
1.319999994659423770e+01
1.119999998474121128e+01
1.140000001525878837e+01
1.119999998474121128e+01
8.600000007629393650e+00
1.059999994659423805e+01
1.180000001525878872e+01
1.020000001525878908e+01
1.240000003051757815e+01
1.119999997711181727e+01
1.079999994659423912e+01
1.139999997711181656e+01
1.140000001525878837e+01
1.119999998474121128e+01
1.140000000762939436e+01
1.099999997711181621e+01
1.099999992370605462e+01
1.059999995422363206e+01
1.620000001525878730e+01
1.100000000762939401e+01
1.179999994659423912e+01
1.179999986267089795e+01
1.039999995422363277e+01
1.139999994659423876e+01
1.140000001525878837e+01
1.199999997711181621e+01
1.059999998474121163e+01
1.159999994659423805e+01
1.079999992370605533e+01
1.039999994659423876e+01
9.800000015258788721e+00
1.199999998474121021e+01
1.120000000762939507e+01
1.199999992370605462e+01
1.020000000762939507e+01
1.100000000762939401e+01
1.160000001525878943e+01
1.139999998474121057e+01
1.020000001525878908e+01
1.139999994659423876e+01
1.179999998474121092e+01
9.799999893188475752e+00
1.100000001525878979e+01
8.799999946594239120e+00
1.180000001525878872e+01
9.799999994277953874e+00
1.099999997711181621e+01
1.240000001525878837e+01
1.140000000762939436e+01
1.139999995422363277e+01
1.139999994659423876e+01
1.120000001525878908e+01
1.179999994659423912e+01
1.119999997711181727e+01
1.099999994659423841e+01
1.140000000762939436e+01
1.119999998855590739e+01
1.079999997711181692e+01
1.119999997711181727e+01
1.120000000762939507e+01
1.139999994659423876e+01
1.039999994659423876e+01
1.199999992370605462e+01
1.239999994659423876e+01
1.179999998474121092e+01
1.119999995422363348e+01
1.159999998474121163e+01
1.100000001525878979e+01
1.219999995422363348e+01
1.059999997711181585e+01
1.139999995422363277e+01
1.339999995422363277e+01
1.139999992370605497e+01
1.119999997711181727e+01
1.240000001525878837e+01
1.139999997711181656e+01
1.319999998474121128e+01
1.039999998474121057e+01
1.139999995422363277e+01
1.119999998474121128e+01
1.139999989318847717e+01
1.039999998474121057e+01
1.139999995422363277e+01
1.159999998474121163e+01
1.379999994659423912e+01
1.119999997711181727e+01
1.079999994659423912e+01
1.119999995422363348e+01
1.320000001525878908e+01
1.179999995422363313e+01
1.239999998474121057e+01
1.419999992370605391e+01
1.099999997711181621e+01
1.159999994659423805e+01
1.139999998474121057e+01
1.199999986267089902e+01
2.259999995422363384e+01
1.159999994659423805e+01
1.099999994659423841e+01
1.199999994659423841e+01
1.280000001525878872e+01
1.159999994659423805e+01
1.139999995422363277e+01
1.299999994659423841e+01
1.099999997711181621e+01
1.079999997711181692e+01
1.159999992370605426e+01
1.159999998474121163e+01
1.139999994659423876e+01
1.099999998855590810e+01
1.039999998855590846e+01
1.199999992370605462e+01
1.179999986267089795e+01
1.200000003051757780e+01
1.100000001525878979e+01
1.040000001525878837e+01
1.139999995422363277e+01
1.079999995422363313e+01
1.619999994659423947e+01
1.059999997711181585e+01
1.219999994659423770e+01
1.119999994659423770e+01
1.159999997711181585e+01
1.119999997711181727e+01
1.220000001525878908e+01
1.119999994659423770e+01
1.159999995422363206e+01
9.999999977111816207e+00
1.040000001525878837e+01
1.059999989318847646e+01
1.339999995422363277e+01
1.140000001525878837e+01
1.019999994659423770e+01
1.139999998474121057e+01
1.160000001525878943e+01
1.079999994659423912e+01
1.339999994659423876e+01
1.039999994659423876e+01
1.199999998474121021e+01
1.139999997711181656e+01
1.260000001525878943e+01
1.119999998474121128e+01
9.999999946594238409e+00
1.179999997711181692e+01
1.100000001525878979e+01
1.159999997711181585e+01
1.139999998855590846e+01
1.219999986267089831e+01
1.119999998474121128e+01
1.000000001525878979e+01
1.119999995422363348e+01
1.039999997711181656e+01
1.039999994659423876e+01
1.159999998474121163e+01
8.799999984741210923e+00
1.179999998474121092e+01
1.159999998474121163e+01
1.080000001525878872e+01
1.500000001525878979e+01
1.139999998474121057e+01
1.259999989318847646e+01
1.059999994659423805e+01
1.219999994659423770e+01
1.160000001525878943e+01
1.119999997711181727e+01
1.279999992370605533e+01
1.100000000762939401e+01
1.099999998474121021e+01
1.179999998474121092e+01
1.079999999427795387e+01
9.999999977111816207e+00
1.259999992370605426e+01
1.099999994659423841e+01
1.139999998474121057e+01
1.139999998474121057e+01
9.799999862670897954e+00
1.139999998474121057e+01
1.139999998855590846e+01
1.099999995422363241e+01
1.040000001525878837e+01
1.080000000762939472e+01
1.139999997711181656e+01
1.179999994659423912e+01
1.220000001525878908e+01
1.139999994659423876e+01
1.019999997711181727e+01
1.199999998474121021e+01
1.079999997711181692e+01
1.179999998474121092e+01
1.179999998474121092e+01
1.260000000762939365e+01
1.579999989318847575e+01
1.139999994659423876e+01
1.119999994659423770e+01
1.080000001525878872e+01
1.199999998474121021e+01
1.119999998474121128e+01
1.179999995422363313e+01
1.159999999427795458e+01
1.199999994659423841e+01
1.079999994659423912e+01
1.080000001525878872e+01
1.119999997711181727e+01
1.100000001525878979e+01
1.139999994659423876e+01
1.239999997711181656e+01
1.039999989318847717e+01
1.239999995422363277e+01
1.839999998474121057e+01
1.019999998474121128e+01
1.039999998474121057e+01
1.179999998474121092e+01
1.140000001525878837e+01
1.139999998474121057e+01
1.079999997711181692e+01
1.239999995422363277e+01
1.099999992370605462e+01
1.099999997711181621e+01
1.080000000762939472e+01
1.160000000762939365e+01
1.039999994659423876e+01
1.199999998855590810e+01
1.079999995422363313e+01
1.219999989318847611e+01
1.099999989318847682e+01
1.119999998474121128e+01
1.040000001525878837e+01
1.100000001525878979e+01
1.140000001525878837e+01
1.160000001525878943e+01
1.139999994659423876e+01
1.139999998855590846e+01
1.100000001525878979e+01
1.140000001525878837e+01
1.119999994659423770e+01
1.099999994659423841e+01
1.140000000762939436e+01
1.099999998855590810e+01
9.999999954223632415e+00
1.120000000762939507e+01
1.099999998855590810e+01
1.099999998474121021e+01
1.179999994659423912e+01
1.139999997711181656e+01
1.119999995422363348e+01
1.239999994659423876e+01
1.140000000762939436e+01
1.159999994659423805e+01
1.099999997711181621e+01
1.119999999427795423e+01
1.119999994659423770e+01
1.099999997711181621e+01
1.099999997711181621e+01
1.080000001525878872e+01
1.179999997711181692e+01
1.139999995422363277e+01
1.119999998474121128e+01
1.119999997711181727e+01
1.199999994659423841e+01
1.440000000762939436e+01
1.099999994659423841e+01
1.100000000762939401e+01
1.139999994659423876e+01
1.079999992370605533e+01
1.060000001525878943e+01
1.099999998474121021e+01
1.039999998474121057e+01
1.139999989318847717e+01
1.100000000762939401e+01
1.119999995422363348e+01
1.220000000762939507e+01
1.060000000762939365e+01
1.179999994659423912e+01
1.079999997711181692e+01
1.119999998474121128e+01
1.059999997711181585e+01
1.000000000762939401e+01
1.100000001525878979e+01
1.119999995422363348e+01
1.100000000762939401e+01
1.039999994659423876e+01
1.059999994659423805e+01
1.059999992370605426e+01
1.179999989318847575e+01
1.319999998474121128e+01
1.079999994659423912e+01
9.799999977111816918e+00
1.119999998474121128e+01
1.099999998474121021e+01
7.199999994277954229e+00
1.019999994659423770e+01
1.319999992370605391e+01
1.240000001525878837e+01
1.159999997711181585e+01
1.159999986267089866e+01
1.099999998474121021e+01
1.099999994659423841e+01
1.160000001525878943e+01
1.140000003051757815e+01
1.099999997711181621e+01
1.139999992370605497e+01
1.019999994659423770e+01
1.159999989318847646e+01
1.059999995422363206e+01
1.059999997711181585e+01
1.099999999427795494e+01
1.139999992370605497e+01
1.179999986267089795e+01
1.039999995422363277e+01
1.219999998474121128e+01
1.200000001525878979e+01
1.140000000762939436e+01
1.080000001525878872e+01
1.060000000762939365e+01
1.039999997711181656e+01
1.179999998474121092e+01
1.119999997711181727e+01
1.000000001525878979e+01
1.199999997711181621e+01
1.279999998474121092e+01
1.139999994659423876e+01
1.200000001525878979e+01
1.199999994659423841e+01
1.119999998474121128e+01
1.140000001525878837e+01
1.159999994659423805e+01
1.180000001525878872e+01
1.119999997711181727e+01
1.119999998474121128e+01
1.079999994659423912e+01
1.039999992370605497e+01
1.080000001525878872e+01
1.179999994659423912e+01
1.079999997711181692e+01
1.139999994659423876e+01
1.220000001525878908e+01
1.039999994659423876e+01
1.179999999427795387e+01
1.120000000762939507e+01
1.119999998855590739e+01
1.119999995422363348e+01
1.160000001525878943e+01
1.059999997711181585e+01
1.080000001525878872e+01
1.199999998474121021e+01
1.079999995422363313e+01
1.020000000762939507e+01
1.059999986267089866e+01
1.139999986267089760e+01
1.219999986267089831e+01
1.199999998474121021e+01
1.199999997711181621e+01
1.079999995422363313e+01
1.160000000762939365e+01
1.119999995422363348e+01
1.080000001525878872e+01
1.199999994659423841e+01
8.799999977111816918e+00
1.139999997711181656e+01
1.099999995422363241e+01
1.059999998474121163e+01
1.559999998474121163e+01
1.080000001525878872e+01
1.139999998855590846e+01
1.139999997711181656e+01
