0.000000000000000000e+00
0.000000000000000000e+00
0.000000000000000000e+00
2.000000000000000111e-01
0.000000000000000000e+00
2.799999994277954318e+00
8.000000000000000444e-01
5.199999977111816385e+00
1.000000000000000000e+00
8.599999988555907748e+00
0.000000000000000000e+00
4.799999988555907926e+00
1.819999989318847611e+01
5.999999981689452966e+01
2.399999994277953963e+00
1.799999994277954096e+00
2.200000000000000178e+00
1.199999994277954007e+00
5.179999999999999716e+01
1.639999998474121057e+01
5.399999988555908459e+00
2.199999994277954229e+00
3.799999988555908370e+00
1.000000000000000000e+00
5.999999946594238409e+00
1.000000000000000000e+00
3.599999946594238498e+00
6.600000015258789432e+00
2.200000007629394627e+00
2.999999988555908104e+00
4.200000000000000178e+00
5.999999999999999778e-01
3.399999988555908015e+00
5.299999987792968881e+01
4.659999993896484227e+01
5.999999999999999778e-01
3.399999994277953963e+00
4.199999988555908281e+00
0.000000000000000000e+00
5.999999988555908104e+00
1.600000000000000089e+00
3.399999994277953963e+00
2.799999999999999822e+00
2.179999989318847753e+01
7.599999946594238054e+00
2.799999999999999822e+00
2.399999999999999911e+00
2.000000000000000111e-01
2.519999989318847611e+01
1.839999992370605497e+01
4.799999994277953874e+00
4.400000007629394361e+00
2.599999988555908192e+00
3.199999988555908281e+00
4.199999988555908281e+00
7.399999946594237876e+00
8.359999945068359750e+01
1.599999988555908192e+00
7.139999969482421704e+01
3.399999999999999911e+00
3.999999994277954052e+00
1.039999992370605497e+01
3.599999977111816296e+00
2.319999990844726412e+01
2.000000000000000000e+00
7.199999946594238587e+00
1.239999994659423876e+01
6.799999946594238232e+00
5.799999999999999822e+00
8.399999954223632770e+00
5.600000007629394538e+00
3.999999942779540740e-01
1.039999997711181656e+01
8.999999946594238409e+00
1.000000000000000000e+00
5.599999977111816740e+00
6.219999987792968454e+01
4.000000007629394894e+00
2.599999994277954141e+00
7.799999994277953874e+00
1.719999998474121128e+01
7.059999984741210710e+01
8.999999946594238409e+00
9.199999988555907393e+00
9.599999923706054261e+00
1.100000001525878979e+01
9.799999923706055327e+00
1.179999995422363313e+01
8.800000015258788721e+00
8.599999946594238054e+00
8.399999946594238764e+00
9.400000007629394361e+00
8.599999977111815852e+00
9.199999977111817273e+00
8.799999977111816918e+00
9.000000015258789787e+00
9.599999923706054261e+00
1.000000001525878979e+01
9.399999946594238764e+00
1.099999998474121021e+01
2.719999993896484369e+01
2.959999978637695150e+01
3.579999999999999716e+01
3.679999969482421562e+01
4.579999972534179875e+01
4.479999990844726909e+01
4.420000006103515489e+01
5.379999972534179875e+01
3.959999987792969023e+01
5.019999972534179733e+01
4.939999981689452824e+01
5.459999990844726625e+01
6.199999981689452966e+01
5.339999990844726341e+01
5.220000003051757886e+01
5.660000006103515346e+01
5.379999984741210994e+01
4.739999996948242256e+01
5.399999993896484085e+01
5.639999981689452824e+01
6.259999984741210710e+01
7.179999999999999716e+01
5.559999981689453108e+01
3.699999984741211279e+01
3.819999987792968454e+01
3.599999990844726483e+01
3.880000003051758029e+01
3.639999972534180017e+01
3.119999990844726412e+01
3.759999984741210710e+01
3.779999969482421562e+01
4.079999975585937477e+01
3.919999984741210852e+01
3.699999990844726483e+01
3.599999978637695364e+01
3.579999990844726909e+01
3.920000006103515489e+01
3.599999969482421847e+01
3.979999984741210994e+01
3.779999987792968597e+01
3.719999984741210852e+01
3.599999996948242398e+01
3.639999981689452824e+01
3.439999990844726341e+01
3.639999981689452824e+01
3.699999984741211279e+01
3.700000006103515915e+01
3.979999978637695079e+01
3.799999981689452966e+01
3.759999978637695506e+01
3.599999981689452966e+01
3.539999978637695222e+01
4.400000000000000000e+01
4.039999993896484654e+01
4.319999978637695648e+01
3.619999987792968454e+01
3.899999972534179449e+01
4.039999990844726341e+01
3.979999969482421562e+01
3.699999990844726483e+01
4.140000006103515773e+01
3.679999972534179875e+01
4.099999981689452966e+01
3.879999972534179875e+01
3.899999981689452966e+01
3.999999975585937761e+01
3.579999975585937477e+01
4.059999975585937193e+01
3.939999972534180017e+01
3.599999984741211279e+01
4.979999987792968597e+01
3.979999984741210994e+01
3.619999981689453250e+01
3.820000000000000284e+01
3.739999975585937619e+01
3.899999978637695364e+01
4.200000006103515915e+01
3.579999987792968597e+01
4.659999990844726625e+01
3.959999984741210710e+01
3.659999984741210710e+01
3.639999981689452824e+01
3.979999984741210994e+01
4.099999972534179449e+01
3.979999978637695079e+01
4.159999972534179591e+01
4.199999993896484085e+01
4.140000006103515773e+01
3.879999978637695079e+01
4.119999986267090009e+01
4.660000006103515346e+01
4.120000006103515489e+01
3.699999981689452966e+01
4.059999987792969023e+01
4.019999987792968454e+01
4.219999972534179733e+01
4.159999978637695506e+01
4.019999987792968454e+01
4.259999972534179591e+01
3.700000003051757602e+01
3.499999984741211279e+01
3.899999987792968881e+01
3.619999978637695648e+01
3.339999969482421704e+01
3.059999990844726625e+01
2.880000003051757673e+01
2.659999981689453108e+01
2.959999981689453108e+01
2.799999981689452966e+01
2.719999990844726412e+01
2.659999996948242185e+01
2.559999987792968668e+01
2.299999993896484440e+01
2.339999996948242256e+01
2.439999981689453179e+01
2.479999986267089795e+01
2.199999986267089724e+01
2.279999989318847753e+01
2.239999986267089938e+01
1.959999998474120986e+01
2.059999996948242185e+01
2.020000003051757886e+01
1.959999989318847824e+01
2.179999989318847753e+01
1.899999996948242043e+01
1.899999992370605639e+01
1.839999996948242256e+01
2.079999996948242114e+01
1.879999998474121270e+01
1.859999994659423805e+01
1.919999989318847611e+01
1.839999996948242256e+01
1.739999986267089938e+01
1.900000003051757957e+01
1.679999998474121270e+01
1.719999989318847611e+01
1.779999989318847753e+01
1.819999995422363170e+01
1.680000003051757673e+01
1.839999986267089938e+01
1.659999986267089866e+01
1.639999995422363455e+01
1.839999996948242256e+01
1.560000001525878943e+01
1.699999989318847682e+01
1.619999995422363170e+01
1.659999995422363384e+01
1.799999995422363241e+01
1.779999989318847753e+01
1.560000001525878943e+01
1.640000003051757815e+01
1.739999989318847540e+01
1.779999998474121270e+01
1.700000000000000000e+01
1.699999989318847682e+01
1.499999989318847682e+01
1.719999992370605568e+01
1.599999989318847682e+01
1.460000001525878943e+01
1.539999989318847717e+01
1.660000003051757744e+01
1.559999992370605426e+01
1.499999986267089902e+01
1.639999986267089938e+01
1.419999994659423770e+01
1.459999994659423805e+01
1.579999998474121092e+01
1.559999986267089866e+01
1.339999997711181656e+01
1.539999995422363277e+01
1.519999998474121128e+01
1.519999998474121128e+01
1.400000001525878979e+01
1.479999998474121092e+01
1.280000001525878872e+01
1.539999989318847717e+01
1.419999995422363348e+01
1.419999994659423770e+01
1.359999992370605426e+01
1.319999998474121128e+01
1.479999994659423912e+01
1.379999995422363313e+01
1.479999998474121092e+01
1.379999995422363313e+01
1.219999998855590739e+01
1.459999986267089866e+01
1.240000000762939436e+01
1.219999998474121128e+01
1.420000001525878908e+01
1.379999989318847575e+01
1.479999992370605533e+01
1.360000003051757744e+01
1.319999998855590739e+01
1.339999992370605497e+01
1.399999995422363241e+01
1.479999992370605533e+01
1.519999989318847611e+01
1.479999997711181692e+01
1.379999997711181692e+01
1.479999986267089795e+01
1.300000001525878979e+01
1.339999992370605497e+01
1.240000001525878837e+01
1.399999998474121021e+01
1.160000000762939365e+01
1.379999995422363313e+01
1.180000001525878872e+01
1.280000001525878872e+01
1.159999995422363206e+01
1.279999994659423912e+01
1.439999994659423876e+01
1.179999998474121092e+01
1.379999992370605533e+01
1.279999998474121092e+01
1.159999998474121163e+01
1.300000001525878979e+01
1.179999997711181692e+01
1.119999995422363348e+01
1.280000001525878872e+01
1.179999995422363313e+01
1.199999998474121021e+01
1.099999998855590810e+01
1.159999995422363206e+01
1.300000000000000000e+01
1.279999989318847575e+01
1.299999998474121021e+01
1.239999989318847717e+01
1.359999992370605426e+01
1.080000001525878872e+01
1.320000001525878908e+01
1.099999997711181621e+01
1.220000001525878908e+01
1.159999997711181585e+01
1.059999998474121163e+01
1.239999998474121057e+01
1.279999994659423912e+01
1.199999998474121021e+01
1.159999998474121163e+01
1.139999989318847717e+01
9.600000015258789432e+00
1.059999997711181585e+01
1.139999992370605497e+01
1.039999994659423876e+01
1.339999989318847717e+01
1.199999997711181621e+01
1.139999989318847717e+01
1.239999989318847717e+01
1.059999997711181585e+01
1.099999992370605462e+01
1.139999998855590846e+01
1.160000001525878943e+01
1.079999994659423912e+01
1.019999998474121128e+01
1.200000001525878979e+01
1.079999994659423912e+01
1.140000001525878837e+01
1.279999998474121092e+01
1.220000001525878908e+01
1.180000000762939472e+01
1.079999997711181692e+01
1.040000001525878837e+01
1.199999989318847682e+01
1.039999997711181656e+01
1.139999995422363277e+01
1.060000001525878943e+01
1.180000000762939472e+01
1.079999998855590881e+01
1.179999994659423912e+01
1.099999995422363241e+01
1.220000001525878908e+01
1.160000001525878943e+01
1.039999998474121057e+01
1.139999997711181656e+01
1.139999992370605497e+01
1.039999994659423876e+01
9.999999984741210213e+00
9.799999984741210923e+00
1.100000001525878979e+01
1.019999997711181727e+01
9.999999984741210213e+00
1.059999998855590775e+01
1.059999994659423805e+01
1.059999998474121163e+01
9.199999946594237699e+00
1.079999992370605533e+01
1.099999998474121021e+01
9.599999946594238054e+00
1.039999994659423876e+01
1.019999994659423770e+01
1.019999998474121128e+01
1.119999994659423770e+01
9.999999946594238409e+00
1.039999994659423876e+01
1.040000001525878837e+01
9.799999984741210923e+00
9.200000015258789077e+00
1.059999994659423805e+01
9.799999946594239120e+00
1.099999994659423841e+01
1.020000000762939507e+01
1.059999997711181585e+01
1.099999994659423841e+01
1.119999997711181727e+01
9.000000007629394005e+00
1.000000000762939401e+01
1.179999997711181692e+01
1.119999994659423770e+01
9.999999984741210213e+00
1.099999998474121021e+01
1.039999997711181656e+01
1.079999998855590881e+01
1.000000000762939401e+01
1.059999997711181585e+01
1.139999998474121057e+01
9.200000007629395071e+00
1.039999992370605497e+01
1.079999997711181692e+01
1.019999994659423770e+01
9.999999946594238409e+00
1.060000001525878943e+01
1.000000000762939401e+01
1.019999994659423770e+01
9.400000007629394361e+00
9.600000015258789432e+00
1.019999995422363348e+01
1.039999994659423876e+01
1.019999998474121128e+01
1.059999994659423805e+01
1.040000001525878837e+01
9.599999988555907748e+00
9.999999954223632415e+00
1.019999994659423770e+01
9.999999988555908104e+00
1.139999995422363277e+01
9.400000015258788366e+00
1.039999994659423876e+01
1.059999998474121163e+01
9.999999946594238409e+00
1.140000001525878837e+01
9.799999977111816918e+00
9.799999984741210923e+00
1.059999998474121163e+01
9.799999984741210923e+00
1.039999998474121057e+01
8.999999977111816207e+00
1.039999994659423876e+01
9.599999977111815852e+00
1.020000001525878908e+01
1.139999998474121057e+01
9.399999923706054972e+00
9.800000015258788721e+00
9.600000007629393650e+00
9.800000007629394716e+00
9.599999977111815852e+00
1.000000001525878979e+01
1.019999994659423770e+01
1.099999997711181621e+01
9.399999977111816563e+00
9.600000015258789432e+00
9.599999954223632059e+00
1.000000000762939401e+01
9.999999984741210213e+00
1.040000000762939436e+01
8.599999946594238054e+00
9.599999946594238054e+00
1.019999994659423770e+01
9.599999946594238054e+00
9.999999977111816207e+00
1.099999994659423841e+01
1.039999989318847717e+01
1.079999994659423912e+01
9.400000007629394361e+00
9.199999946594237699e+00
8.999999946594238409e+00
1.000000000762939401e+01
9.999999946594238409e+00
9.399999984741210568e+00
9.999999977111816207e+00
1.059999992370605426e+01
9.799999946594239120e+00
1.020000000762939507e+01
9.799999954223633125e+00
9.799999977111816918e+00
1.179999998474121092e+01
1.000000003051757780e+01
1.020000000762939507e+01
9.999999954223632415e+00
9.399999977111816563e+00
9.799999977111816918e+00
1.000000001525878979e+01
1.000000000762939401e+01
1.019999997711181727e+01
1.040000001525878837e+01
1.040000001525878837e+01
1.019999994659423770e+01
1.000000001525878979e+01
1.039999997711181656e+01
1.039999994659423876e+01
9.399999977111816563e+00
8.999999977111816207e+00
9.600000007629393650e+00
8.999999946594238409e+00
9.399999946594238764e+00
1.079999995422363313e+01
1.019999997711181727e+01
1.059999998474121163e+01
1.019999995422363348e+01
9.199999954223633480e+00
9.999999946594238409e+00
9.800000015258788721e+00
9.999999946594238409e+00
9.599999954223632059e+00
1.019999998474121128e+01
9.399999977111816563e+00
8.999999946594238409e+00
9.199999984741211279e+00
9.199999946594237699e+00
1.019999997711181727e+01
1.039999997711181656e+01
9.400000015258788366e+00
9.399999862670897599e+00
9.799999977111816918e+00
8.799999988555908814e+00
9.400000007629394361e+00
9.399999946594238764e+00
9.399999977111816563e+00
9.399999977111816563e+00
9.399999946594238764e+00
9.199999977111817273e+00
9.799999954223633125e+00
8.800000015258788721e+00
1.000000001525878979e+01
9.999999946594238409e+00
9.999999954223632415e+00
9.199999988555907393e+00
9.399999954223632770e+00
1.019999992370605391e+01
9.599999923706054261e+00
9.399999946594238764e+00
9.199999923706053906e+00
9.399999946594238764e+00
1.039999997711181656e+01
9.599999977111815852e+00
9.999999893188476818e+00
9.399999977111816563e+00
1.019999997711181727e+01
8.999999984741210213e+00
9.599999984741211634e+00
9.600000015258789432e+00
9.599999977111815852e+00
8.599999946594238054e+00
9.599999977111815852e+00
9.799999946594239120e+00
1.020000000762939507e+01
9.799999988555908814e+00
9.000000015258789787e+00
9.199999946594237699e+00
1.039999997711181656e+01
9.399999946594238764e+00
9.399999977111816563e+00
8.999999954223632415e+00
1.019999998474121128e+01
9.799999977111816918e+00
9.599999977111815852e+00
9.399999988555908459e+00
9.800000007629394716e+00
9.600000015258789432e+00
9.399999977111816563e+00
1.059999994659423805e+01
9.800000015258788721e+00
9.399999984741210568e+00
9.199999977111817273e+00
9.399999988555908459e+00
9.799999977111816918e+00
9.199999977111817273e+00
9.799999977111816918e+00
9.400000007629394361e+00
9.799999977111816918e+00
1.039999994659423876e+01
9.399999946594238764e+00
8.999999977111816207e+00
9.400000007629394361e+00
9.199999994277954229e+00
9.199999977111817273e+00
9.200000007629395071e+00
9.399999988555908459e+00
9.800000007629394716e+00
9.000000007629394005e+00
8.999999984741210213e+00
9.399999984741210568e+00
9.400000015258788366e+00
9.400000007629394361e+00
9.599999984741211634e+00
8.999999977111816207e+00
1.000000000762939401e+01
9.599999977111815852e+00
9.399999954223632770e+00
9.199999946594237699e+00
9.600000007629393650e+00
9.199999977111817273e+00
1.019999995422363348e+01
1.020000001525878908e+01
9.599999954223632059e+00
8.999999994277954940e+00
9.800000015258788721e+00
9.799999984741210923e+00
9.599999923706054261e+00
9.000000007629394005e+00
9.200000015258789077e+00
9.799999984741210923e+00
8.999999977111816207e+00
9.599999977111815852e+00
9.799999977111816918e+00
9.200000007629395071e+00
1.040000001525878837e+01
1.040000000762939436e+01
8.799999977111816918e+00
8.799999977111816918e+00
8.799999977111816918e+00
1.020000001525878908e+01
9.199999977111817273e+00
9.999999954223632415e+00
9.600000007629393650e+00
9.400000015258788366e+00
9.400000015258788366e+00
1.000000000762939401e+01
1.019999994659423770e+01
9.599999977111815852e+00
8.799999984741210923e+00
9.200000015258789077e+00
9.999999946594238409e+00
8.999999946594238409e+00
9.599999977111815852e+00
9.399999977111816563e+00
1.000000001525878979e+01
9.599999946594238054e+00
1.060000000762939365e+01
9.199999923706053906e+00
1.019999997711181727e+01
9.799999954223633125e+00
1.019999998474121128e+01
9.600000015258789432e+00
9.199999946594237699e+00
9.999999977111816207e+00
9.999999923706054616e+00
9.999999977111816207e+00
1.019999997711181727e+01
1.039999997711181656e+01
9.999999977111816207e+00
1.000000000762939401e+01
9.800000015258788721e+00
9.799999977111816918e+00
8.999999977111816207e+00
9.199999954223633480e+00
9.000000015258789787e+00
9.599999994277954585e+00
9.199999977111817273e+00
9.000000007629394005e+00
9.600000015258789432e+00
1.040000000762939436e+01
9.600000007629393650e+00
1.019999997711181727e+01
1.020000001525878908e+01
9.400000007629394361e+00
9.599999988555907748e+00
9.200000007629395071e+00
9.200000007629395071e+00
8.999999988555908104e+00
9.599999994277954585e+00
9.400000015258788366e+00
9.200000007629395071e+00
1.039999998474121057e+01
1.019999998474121128e+01
9.000000007629394005e+00
9.199999988555907393e+00
1.019999997711181727e+01
9.199999988555907393e+00
9.799999984741210923e+00
9.799999946594239120e+00
9.999999946594238409e+00
9.600000015258789432e+00
9.800000015258788721e+00
9.200000007629395071e+00
8.999999988555908104e+00
9.999999994277954940e+00
9.399999984741210568e+00
8.799999994277953874e+00
9.399999988555908459e+00
9.399999954223632770e+00
9.199999977111817273e+00
9.999999946594238409e+00
1.019999997711181727e+01
9.000000007629394005e+00
9.599999946594238054e+00
9.399999977111816563e+00
9.399999977111816563e+00
9.799999954223633125e+00
9.399999946594238764e+00
9.399999954223632770e+00
9.199999946594237699e+00
8.599999954223632059e+00
9.399999988555908459e+00
8.999999988555908104e+00
9.400000015258788366e+00
8.999999946594238409e+00
9.199999923706053906e+00
8.799999946594239120e+00
9.199999988555907393e+00
8.799999984741210923e+00
9.600000007629393650e+00
9.399999984741210568e+00
8.399999946594238764e+00
9.399999946594238764e+00
1.000000000762939401e+01
8.599999954223632059e+00
8.999999988555908104e+00
1.039999997711181656e+01
9.799999984741210923e+00
9.599999988555907748e+00
8.600000015258789432e+00
9.199999946594237699e+00
9.199999984741211279e+00
9.400000015258788366e+00
9.599999977111815852e+00
9.399999977111816563e+00
1.000000001525878979e+01
9.399999984741210568e+00
9.200000007629395071e+00
8.800000007629394716e+00
9.199999946594237699e+00
1.020000001525878908e+01
9.000000007629394005e+00
1.019999998855590739e+01
9.399999977111816563e+00
1.020000000762939507e+01
9.599999946594238054e+00
9.999999946594238409e+00
9.400000007629394361e+00
9.400000007629394361e+00
9.799999988555908814e+00
9.800000015258788721e+00
9.399999954223632770e+00
9.399999994277953519e+00
9.199999977111817273e+00
9.599999946594238054e+00
9.600000015258789432e+00
8.999999977111816207e+00
8.999999988555908104e+00
1.019999997711181727e+01
8.999999977111816207e+00
9.199999999999999289e+00
9.000000015258789787e+00
9.200000015258789077e+00
9.600000007629393650e+00
8.800000007629394716e+00
9.600000015258789432e+00
9.200000007629395071e+00
1.019999994659423770e+01
8.799999988555908814e+00
1.019999998855590739e+01
9.399999977111816563e+00
9.200000015258789077e+00
9.199999946594237699e+00
9.599999977111815852e+00
9.200000015258789077e+00
1.019999995422363348e+01
9.799999923706055327e+00
8.999999984741210213e+00
8.599999977111815852e+00
1.000000000762939401e+01
9.799999977111816918e+00
8.999999977111816207e+00
9.200000015258789077e+00
9.000000007629394005e+00
9.800000015258788721e+00
9.799999994277953874e+00
9.799999977111816918e+00
9.599999977111815852e+00
9.799999977111816918e+00
9.200000015258789077e+00
9.199999977111817273e+00
9.199999977111817273e+00
8.800000007629394716e+00
9.199999946594237699e+00
9.199999946594237699e+00
9.199999977111817273e+00
9.199999977111817273e+00
9.799999977111816918e+00
9.199999946594237699e+00
9.600000007629393650e+00
9.800000015258788721e+00
9.799999946594239120e+00
9.199999946594237699e+00
9.800000007629394716e+00
1.019999994659423770e+01
1.019999994659423770e+01
8.800000007629394716e+00
1.019999994659423770e+01
9.200000015258789077e+00
1.019999994659423770e+01
8.599999977111815852e+00
8.799999977111816918e+00
9.400000007629394361e+00
1.039999995422363277e+01
9.200000007629395071e+00
9.199999954223633480e+00
8.000000007629394005e+00
9.800000015258788721e+00
8.999999977111816207e+00
9.799999954223633125e+00
9.999999977111816207e+00
9.400000015258788366e+00
9.799999954223633125e+00
9.599999946594238054e+00
9.199999994277954229e+00
1.040000000762939436e+01
9.400000007629394361e+00
9.600000007629393650e+00
9.599999954223632059e+00
8.999999977111816207e+00
8.999999977111816207e+00
9.199999984741211279e+00
9.199999977111817273e+00
9.200000015258789077e+00
9.799999984741210923e+00
9.399999984741210568e+00
9.999999984741210213e+00
1.019999995422363348e+01
9.799999946594239120e+00
1.020000000762939507e+01
9.400000015258788366e+00
9.399999946594238764e+00
9.199999984741211279e+00
9.199999984741211279e+00
1.039999994659423876e+01
1.019999997711181727e+01
9.199999988555907393e+00
9.599999946594238054e+00
9.800000007629394716e+00
9.399999946594238764e+00
9.600000015258789432e+00
9.200000015258789077e+00
9.999999984741210213e+00
9.399999984741210568e+00
8.999999946594238409e+00
9.599999984741211634e+00
9.799999984741210923e+00
9.999999984741210213e+00
9.999999893188476818e+00
9.599999977111815852e+00
1.000000000762939401e+01
9.400000015258788366e+00
9.400000007629394361e+00
9.999999977111816207e+00
9.200000007629395071e+00
8.799999977111816918e+00
9.600000015258789432e+00
9.399999946594238764e+00
1.039999995422363277e+01
9.000000007629394005e+00
9.399999893188477174e+00
8.999999977111816207e+00
1.039999997711181656e+01
9.799999923706055327e+00
9.000000007629394005e+00
9.599999946594238054e+00
9.199999988555907393e+00
9.799999893188475752e+00
9.399999977111816563e+00
8.200000007629395071e+00
9.400000007629394361e+00
9.000000007629394005e+00
9.800000007629394716e+00
9.400000015258788366e+00
9.000000015258789787e+00
8.999999984741210213e+00
9.400000007629394361e+00
1.000000000762939401e+01
9.400000007629394361e+00
9.399999988555908459e+00
9.599999977111815852e+00
9.199999946594237699e+00
9.200000015258789077e+00
9.799999946594239120e+00
9.799999946594239120e+00
1.020000001525878908e+01
9.799999994277953874e+00
8.999999977111816207e+00
9.400000015258788366e+00
9.199999977111817273e+00
9.799999954223633125e+00
9.000000007629394005e+00
9.599999977111815852e+00
9.599999988555907748e+00
9.600000007629393650e+00
9.399999977111816563e+00
8.999999977111816207e+00
9.199999984741211279e+00
9.799999988555908814e+00
9.799999988555908814e+00
9.599999984741211634e+00
9.599999946594238054e+00
9.799999984741210923e+00
9.799999984741210923e+00
8.999999977111816207e+00
9.199999984741211279e+00
9.199999977111817273e+00
1.019999997711181727e+01
8.800000015258788721e+00
9.399999988555908459e+00
9.199999977111817273e+00
9.399999977111816563e+00
9.599999977111815852e+00
9.600000015258789432e+00
9.200000015258789077e+00
8.800000015258788721e+00
9.199999946594237699e+00
8.400000007629394361e+00
8.599999977111815852e+00
8.599999988555907748e+00
9.600000015258789432e+00
8.799999988555908814e+00
9.799999977111816918e+00
8.999999946594238409e+00
9.399999946594238764e+00
9.599999946594238054e+00
9.599999977111815852e+00
8.799999977111816918e+00
8.600000015258789432e+00
9.199999954223633480e+00
9.400000015258788366e+00
9.799999977111816918e+00
9.199999946594237699e+00
8.799999988555908814e+00
9.799999994277953874e+00
9.199999984741211279e+00
9.999999988555908104e+00
1.020000001525878908e+01
1.019999994659423770e+01
9.599999988555907748e+00
9.999999893188476818e+00
9.999999984741210213e+00
9.799999954223633125e+00
9.800000015258788721e+00
9.399999946594238764e+00
9.400000007629394361e+00
9.399999977111816563e+00
8.599999988555907748e+00
9.799999946594239120e+00
9.999999984741210213e+00
9.599999994277954585e+00
9.799999954223633125e+00
9.399999977111816563e+00
9.200000007629395071e+00
9.599999984741211634e+00
9.199999977111817273e+00
9.399999977111816563e+00
9.000000015258789787e+00
9.799999977111816918e+00
8.600000007629393650e+00
9.799999984741210923e+00
9.399999988555908459e+00
8.799999988555908814e+00
9.199999946594237699e+00
9.999999984741210213e+00
9.800000007629394716e+00
8.999999988555908104e+00
1.019999992370605391e+01
9.599999988555907748e+00
9.199999977111817273e+00
9.200000007629395071e+00
9.200000007629395071e+00
8.999999977111816207e+00
8.999999893188476818e+00
8.800000007629394716e+00
9.000000015258789787e+00
8.999999984741210213e+00
9.800000015258788721e+00
8.799999977111816918e+00
9.600000015258789432e+00
9.599999977111815852e+00
9.600000015258789432e+00
9.200000015258789077e+00
8.599999946594238054e+00
9.599999954223632059e+00
9.599999984741211634e+00
8.599999946594238054e+00
8.799999977111816918e+00
9.599999954223632059e+00
8.999999946594238409e+00
9.199999988555907393e+00
8.799999946594239120e+00
9.999999954223632415e+00
9.399999923706054972e+00
9.799999923706055327e+00
9.999999954223632415e+00
9.999999984741210213e+00
9.600000007629393650e+00
8.800000015258788721e+00
8.800000007629394716e+00
8.799999946594239120e+00
9.199999954223633480e+00
9.799999977111816918e+00
9.199999988555907393e+00
9.199999988555907393e+00
9.399999923706054972e+00
8.999999977111816207e+00
9.199999946594237699e+00
8.599999988555907748e+00
9.599999946594238054e+00
9.399999946594238764e+00
9.399999977111816563e+00
8.799999946594239120e+00
9.399999984741210568e+00
9.199999977111817273e+00
9.400000007629394361e+00
9.799999977111816918e+00
9.599999984741211634e+00
9.599999923706054261e+00
9.799999954223633125e+00
8.999999946594238409e+00
8.800000015258788721e+00
8.999999954223632415e+00
8.800000007629394716e+00
9.399999984741210568e+00
9.399999977111816563e+00
9.000000015258789787e+00
9.399999946594238764e+00
9.199999946594237699e+00
9.400000007629394361e+00
9.599999977111815852e+00
8.999999923706054616e+00
9.799999984741210923e+00
9.399999984741210568e+00
8.799999954223633125e+00
9.399999984741210568e+00
8.800000007629394716e+00
9.399999988555908459e+00
9.200000007629395071e+00
8.599999988555907748e+00
9.399999923706054972e+00
8.799999946594239120e+00
8.399999977111816563e+00
8.999999954223632415e+00
9.599999923706054261e+00
9.799999984741210923e+00
9.799999946594239120e+00
1.019999997711181727e+01
8.800000007629394716e+00
9.600000007629393650e+00
9.399999946594238764e+00
9.200000015258789077e+00
9.599999946594238054e+00
9.000000007629394005e+00
8.999999977111816207e+00
8.800000015258788721e+00
8.599999984741211634e+00
8.800000015258788721e+00
8.199999988555907393e+00
8.999999923706054616e+00
8.799999946594239120e+00
8.800000000000000711e+00
8.799999954223633125e+00
9.399999946594238764e+00
9.400000015258788366e+00
9.999999946594238409e+00
9.599999893188476463e+00
9.199999946594237699e+00
8.600000007629393650e+00
8.399999988555908459e+00
8.799999946594239120e+00
8.800000015258788721e+00
9.000000015258789787e+00
9.199999984741211279e+00
9.400000007629394361e+00
9.800000015258788721e+00
8.599999946594238054e+00
9.399999977111816563e+00
1.019999998855590739e+01
1.019999998474121128e+01
9.399999977111816563e+00
9.800000007629394716e+00
9.599999988555907748e+00
9.799999954223633125e+00
8.999999946594238409e+00
9.199999977111817273e+00
8.800000015258788721e+00
9.200000007629395071e+00
8.199999988555907393e+00
9.400000015258788366e+00
8.800000015258788721e+00
8.999999984741210213e+00
9.399999954223632770e+00
9.000000007629394005e+00
9.399999977111816563e+00
9.799999946594239120e+00
9.599999977111815852e+00
9.399999946594238764e+00
8.000000007629394005e+00
8.999999984741210213e+00
9.399999977111816563e+00
9.599999977111815852e+00
9.600000015258789432e+00
8.999999988555908104e+00
8.599999988555907748e+00
8.399999977111816563e+00
9.599999977111815852e+00
9.599999984741211634e+00
8.799999946594239120e+00
9.599999946594238054e+00
9.199999984741211279e+00
9.400000015258788366e+00
9.600000015258789432e+00
9.199999946594237699e+00
1.039999998474121057e+01
9.199999977111817273e+00
9.800000007629394716e+00
9.399999977111816563e+00
8.199999946594237699e+00
9.399999988555908459e+00
9.199999988555907393e+00
9.400000007629394361e+00
9.399999923706054972e+00
8.999999988555908104e+00
9.799999954223633125e+00
9.999999977111816207e+00
9.399999984741210568e+00
8.999999984741210213e+00
9.600000007629393650e+00
8.599999984741211634e+00
9.599999988555907748e+00
8.999999988555908104e+00
9.200000007629395071e+00
8.199999946594237699e+00
9.399999984741210568e+00
9.600000015258789432e+00
9.399999977111816563e+00
8.800000007629394716e+00
9.199999946594237699e+00
8.999999984741210213e+00
9.400000015258788366e+00
9.599999977111815852e+00
9.399999923706054972e+00
9.000000007629394005e+00
9.599999977111815852e+00
9.200000015258789077e+00
9.199999923706053906e+00
8.599999977111815852e+00
9.999999977111816207e+00
9.800000007629394716e+00
9.599999988555907748e+00
9.600000015258789432e+00
9.200000015258789077e+00
9.399999984741210568e+00
9.199999946594237699e+00
8.399999946594238764e+00
8.199999954223633480e+00
8.999999946594238409e+00
9.200000015258789077e+00
9.399999954223632770e+00
9.399999984741210568e+00
9.200000007629395071e+00
9.399999946594238764e+00
8.999999946594238409e+00
9.599999984741211634e+00
8.399999988555908459e+00
8.799999946594239120e+00
8.999999977111816207e+00
8.599999994277954585e+00
9.199999946594237699e+00
8.999999954223632415e+00
9.199999977111817273e+00
9.199999946594237699e+00
7.799999946594238232e+00
8.799999954223633125e+00
8.599999977111815852e+00
9.400000007629394361e+00
8.799999946594239120e+00
9.199999977111817273e+00
9.199999946594237699e+00
9.200000007629395071e+00
9.199999946594237699e+00
9.000000015258789787e+00
8.599999988555907748e+00
9.599999946594238054e+00
9.999999946594238409e+00
9.599999977111815852e+00
8.999999988555908104e+00
9.599999977111815852e+00
9.199999988555907393e+00
9.000000015258789787e+00
9.400000015258788366e+00
9.600000007629393650e+00
9.399999946594238764e+00
8.799999988555908814e+00
8.999999946594238409e+00
9.799999988555908814e+00
9.399999977111816563e+00
8.199999984741211279e+00
9.200000007629395071e+00
9.799999946594239120e+00
9.399999946594238764e+00
7.999999988555908104e+00
8.999999988555908104e+00
8.799999977111816918e+00
9.000000015258789787e+00
9.800000015258788721e+00
9.599999988555907748e+00
9.399999946594238764e+00
8.999999977111816207e+00
8.999999977111816207e+00
8.799999977111816918e+00
9.599999977111815852e+00
9.200000007629395071e+00
9.399999988555908459e+00
9.999999977111816207e+00
1.019999992370605391e+01
8.399999988555908459e+00
9.000000015258789787e+00
9.599999994277954585e+00
9.999999977111816207e+00
9.999999977111816207e+00
9.599999977111815852e+00
9.399999946594238764e+00
8.600000007629393650e+00
9.600000007629393650e+00
9.800000015258788721e+00
9.200000007629395071e+00
9.199999946594237699e+00
8.599999977111815852e+00
9.799999984741210923e+00
8.599999954223632059e+00
8.999999994277954940e+00
9.799999977111816918e+00
9.599999946594238054e+00
9.599999977111815852e+00
8.399999977111816563e+00
9.799999988555908814e+00
9.799999923706055327e+00
8.999999923706054616e+00
9.999999946594238409e+00
8.599999923706054261e+00
8.999999977111816207e+00
9.399999923706054972e+00
8.999999977111816207e+00
8.800000007629394716e+00
9.600000015258789432e+00
8.599999977111815852e+00
1.040000001525878837e+01
9.999999946594238409e+00
9.200000007629395071e+00
9.799999946594239120e+00
9.800000007629394716e+00
8.799999984741210923e+00
9.000000007629394005e+00
9.199999977111817273e+00
8.800000007629394716e+00
8.799999977111816918e+00
8.799999984741210923e+00
1.000000000762939401e+01
8.399999984741210568e+00
9.600000015258789432e+00
9.599999923706054261e+00
9.399999977111816563e+00
8.800000015258788721e+00
9.199999984741211279e+00
9.000000015258789787e+00
9.199999984741211279e+00
9.600000015258789432e+00
9.000000007629394005e+00
9.199999946594237699e+00
9.399999994277953519e+00
8.800000007629394716e+00
9.799999977111816918e+00
8.600000015258789432e+00
8.400000007629394361e+00
8.799999988555908814e+00
9.599999893188476463e+00
8.399999988555908459e+00
9.399999946594238764e+00
8.399999977111816563e+00
8.799999954223633125e+00
9.399999954223632770e+00
9.799999994277953874e+00
9.799999893188475752e+00
9.199999946594237699e+00
8.599999977111815852e+00
9.800000015258788721e+00
9.400000015258788366e+00
8.999999946594238409e+00
8.999999923706054616e+00
9.400000015258788366e+00
9.400000015258788366e+00
9.599999988555907748e+00
9.199999946594237699e+00
9.400000007629394361e+00
9.200000007629395071e+00
8.199999946594237699e+00
8.599999946594238054e+00
8.999999984741210213e+00
9.800000007629394716e+00
9.199999946594237699e+00
9.599999988555907748e+00
8.800000007629394716e+00
9.199999946594237699e+00
9.600000015258789432e+00
8.199999988555907393e+00
9.000000007629394005e+00
8.200000007629395071e+00
9.000000015258789787e+00
8.800000007629394716e+00
8.999999988555908104e+00
8.799999977111816918e+00
9.399999946594238764e+00
1.019999997711181727e+01
9.199999923706053906e+00
9.599999988555907748e+00
8.799999984741210923e+00
8.599999946594238054e+00
9.600000007629393650e+00
8.799999988555908814e+00
8.399999994277953519e+00
8.800000015258788721e+00
8.999999946594238409e+00
8.800000015258788721e+00
9.000000007629394005e+00
8.399999984741210568e+00
9.600000015258789432e+00
8.999999946594238409e+00
9.600000015258789432e+00
8.999999984741210213e+00
8.800000015258788721e+00
9.399999988555908459e+00
8.999999946594238409e+00
9.399999946594238764e+00
9.800000015258788721e+00
1.040000000762939436e+01
8.599999988555907748e+00
9.199999977111817273e+00
9.600000015258789432e+00
8.600000007629393650e+00
8.999999984741210213e+00
9.199999946594237699e+00
8.999999984741210213e+00
9.400000015258788366e+00
9.199999988555907393e+00
9.199999977111817273e+00
9.199999994277954229e+00
9.200000007629395071e+00
8.599999946594238054e+00
8.999999984741210213e+00
9.199999988555907393e+00
9.199999988555907393e+00
9.400000007629394361e+00
9.599999988555907748e+00
9.600000015258789432e+00
9.200000007629395071e+00
8.599999984741211634e+00
9.799999988555908814e+00
8.400000007629394361e+00
8.199999994277954229e+00
8.599999977111815852e+00
8.799999893188475752e+00
9.399999988555908459e+00
9.799999984741210923e+00
9.799999946594239120e+00
9.800000015258788721e+00
9.199999977111817273e+00
8.199999977111817273e+00
9.800000007629394716e+00
8.399999994277953519e+00
8.600000007629393650e+00
8.999999893188476818e+00
9.399999988555908459e+00
7.799999977111816030e+00
8.799999923706055327e+00
8.599999923706054261e+00
8.999999977111816207e+00
8.399999994277953519e+00
8.999999988555908104e+00
9.000000007629394005e+00
8.799999977111816918e+00
8.599999984741211634e+00
9.199999923706053906e+00
8.800000007629394716e+00
9.599999862670898665e+00
9.200000007629395071e+00
8.600000007629393650e+00
9.000000015258789787e+00
9.199999988555907393e+00
8.799999946594239120e+00
8.599999946594238054e+00
8.800000015258788721e+00
9.599999977111815852e+00
8.999999946594238409e+00
8.599999893188476463e+00
9.199999988555907393e+00
8.799999977111816918e+00
8.199999988555907393e+00
8.800000015258788721e+00
9.999999946594238409e+00
1.020000001525878908e+01
9.199999946594237699e+00
8.399999977111816563e+00
9.399999946594238764e+00
8.399999946594238764e+00
8.199999977111817273e+00
8.600000007629393650e+00
9.999999946594238409e+00
9.399999946594238764e+00
9.599999984741211634e+00
9.600000007629393650e+00
8.799999988555908814e+00
9.399999946594238764e+00
8.600000015258789432e+00
9.399999994277953519e+00
9.200000015258789077e+00
8.399999977111816563e+00
9.599999954223632059e+00
8.199999946594237699e+00
9.599999977111815852e+00
9.399999994277953519e+00
9.599999946594238054e+00
8.799999946594239120e+00
9.199999923706053906e+00
8.799999977111816918e+00
8.799999946594239120e+00
8.199999946594237699e+00
8.599999994277954585e+00
8.199999946594237699e+00
9.199999946594237699e+00
8.799999977111816918e+00
8.799999977111816918e+00
9.000000007629394005e+00
8.599999988555907748e+00
8.400000007629394361e+00
8.800000015258788721e+00
8.599999923706054261e+00
8.599999977111815852e+00
9.200000015258789077e+00
8.399999977111816563e+00
9.000000015258789787e+00
8.799999954223633125e+00
8.200000015258789077e+00
9.200000015258789077e+00
9.199999984741211279e+00
9.199999946594237699e+00
9.200000007629395071e+00
1.020000000762939507e+01
8.599999984741211634e+00
8.599999946594238054e+00
8.800000007629394716e+00
8.199999984741211279e+00
1.019999997711181727e+01
9.999999988555908104e+00
9.799999954223633125e+00
9.599999954223632059e+00
9.199999946594237699e+00
1.000000000000000000e+01
9.999999946594238409e+00
9.999999946594238409e+00
9.199999977111817273e+00
8.399999984741210568e+00
8.599999946594238054e+00
9.599999977111815852e+00
8.999999977111816207e+00
8.399999946594238764e+00
8.599999946594238054e+00
9.199999988555907393e+00
9.199999946594237699e+00
9.199999977111817273e+00
8.800000007629394716e+00
8.400000007629394361e+00
8.399999977111816563e+00
9.799999946594239120e+00
8.400000007629394361e+00
1.000000001525878979e+01
8.799999946594239120e+00
9.199999946594237699e+00
1.039999992370605497e+01
8.799999954223633125e+00
9.199999994277954229e+00
8.600000015258789432e+00
8.799999977111816918e+00
9.000000015258789787e+00
8.600000007629393650e+00
7.800000007629394716e+00
8.800000015258788721e+00
9.199999988555907393e+00
9.199999984741211279e+00
8.799999988555908814e+00
7.599999977111816740e+00
8.999999946594238409e+00
8.999999977111816207e+00
8.599999977111815852e+00
9.799999946594239120e+00
8.800000015258788721e+00
9.399999994277953519e+00
8.999999984741210213e+00
8.800000007629394716e+00
8.200000007629395071e+00
9.399999988555908459e+00
8.799999988555908814e+00
9.399999984741210568e+00
9.999999977111816207e+00
9.600000007629393650e+00
9.399999977111816563e+00
8.600000007629393650e+00
9.399999988555908459e+00
8.799999954223633125e+00
8.799999984741210923e+00
8.799999946594239120e+00
9.199999954223633480e+00
9.399999946594238764e+00
9.200000015258789077e+00
8.800000007629394716e+00
9.199999946594237699e+00
8.799999977111816918e+00
8.600000015258789432e+00
8.599999946594238054e+00
8.600000007629393650e+00
8.400000007629394361e+00
9.799999977111816918e+00
9.199999977111817273e+00
9.199999946594237699e+00
8.599999977111815852e+00
9.000000015258789787e+00
8.399999984741210568e+00
8.799999984741210923e+00
8.799999946594239120e+00
9.399999946594238764e+00
8.400000007629394361e+00
8.799999984741210923e+00
8.999999946594238409e+00
9.199999984741211279e+00
9.400000007629394361e+00
8.799999977111816918e+00
8.599999984741211634e+00
8.999999984741210213e+00
8.400000007629394361e+00
8.999999984741210213e+00
9.599999984741211634e+00
9.399999977111816563e+00
8.799999977111816918e+00
9.000000007629394005e+00
9.000000007629394005e+00
8.399999977111816563e+00
8.399999984741210568e+00
9.399999988555908459e+00
7.799999946594238232e+00
9.199999946594237699e+00
8.199999977111817273e+00
8.399999988555908459e+00
9.199999923706053906e+00
8.399999977111816563e+00
7.599999977111816740e+00
1.020000001525878908e+01
9.200000015258789077e+00
9.600000015258789432e+00
8.799999977111816918e+00
9.200000007629395071e+00
8.200000007629395071e+00
8.999999994277954940e+00
8.599999977111815852e+00
8.600000015258789432e+00
8.600000015258789432e+00
8.600000007629393650e+00
8.599999954223632059e+00
8.599999977111815852e+00
8.599999946594238054e+00
8.400000007629394361e+00
9.199999977111817273e+00
7.999999977111816207e+00
9.399999946594238764e+00
9.399999977111816563e+00
8.800000015258788721e+00
8.600000007629393650e+00
8.999999984741210213e+00
8.399999977111816563e+00
8.999999988555908104e+00
9.200000007629395071e+00
7.999999946594238409e+00
9.600000015258789432e+00
8.799999977111816918e+00
1.019999995422363348e+01
8.799999946594239120e+00
9.999999954223632415e+00
8.399999954223632770e+00
8.600000015258789432e+00
9.400000007629394361e+00
8.799999946594239120e+00
8.799999988555908814e+00
1.039999998855590846e+01
8.599999893188476463e+00
9.400000015258788366e+00
9.199999977111817273e+00
9.800000007629394716e+00
9.599999954223632059e+00
9.000000015258789787e+00
8.399999988555908459e+00
9.399999988555908459e+00
7.999999977111816207e+00
9.599999946594238054e+00
1.000000000762939401e+01
8.200000015258789077e+00
9.199999946594237699e+00
9.199999946594237699e+00
9.199999984741211279e+00
8.799999984741210923e+00
8.399999988555908459e+00
1.059999994659423805e+01
8.400000007629394361e+00
9.399999977111816563e+00
8.400000015258788366e+00
8.999999954223632415e+00
8.999999946594238409e+00
9.200000015258789077e+00
9.200000015258789077e+00
9.600000015258789432e+00
8.599999977111815852e+00
9.599999984741211634e+00
8.799999977111816918e+00
9.399999988555908459e+00
9.399999946594238764e+00
8.800000007629394716e+00
8.599999988555907748e+00
8.599999954223632059e+00
9.400000007629394361e+00
9.599999946594238054e+00
9.199999977111817273e+00
8.399999946594238764e+00
1.039999998855590846e+01
8.599999946594238054e+00
9.999999984741210213e+00
8.599999954223632059e+00
7.999999977111816207e+00
9.199999977111817273e+00
9.999999984741210213e+00
8.600000007629393650e+00
8.999999977111816207e+00
8.799999977111816918e+00
9.800000015258788721e+00
7.799999946594238232e+00
9.799999946594239120e+00
9.199999994277954229e+00
8.999999988555908104e+00
8.799999988555908814e+00
8.999999946594238409e+00
9.000000000000000000e+00
9.799999984741210923e+00
8.599999954223632059e+00
8.999999946594238409e+00
8.599999988555907748e+00
1.080000000762939472e+01
9.999999946594238409e+00
9.400000007629394361e+00
8.800000015258788721e+00
9.199999923706053906e+00
9.200000015258789077e+00
8.399999946594238764e+00
8.199999977111817273e+00
8.599999977111815852e+00
1.020000000762939507e+01
9.199999946594237699e+00
9.000000007629394005e+00
8.399999946594238764e+00
8.599999977111815852e+00
9.799999946594239120e+00
8.800000015258788721e+00
9.199999946594237699e+00
8.799999946594239120e+00
9.000000015258789787e+00
9.400000007629394361e+00
8.800000007629394716e+00
8.599999954223632059e+00
9.800000007629394716e+00
8.599999946594238054e+00
9.000000015258789787e+00
8.999999923706054616e+00
7.999999994277954052e+00
8.199999988555907393e+00
9.200000015258789077e+00
8.599999946594238054e+00
8.999999988555908104e+00
9.200000015258789077e+00
1.000000001525878979e+01
8.999999994277954940e+00
8.999999946594238409e+00
9.999999984741210213e+00
8.799999946594239120e+00
9.000000015258789787e+00
8.999999977111816207e+00
8.600000007629393650e+00
8.799999977111816918e+00
9.999999946594238409e+00
8.999999984741210213e+00
1.019999997711181727e+01
8.800000007629394716e+00
8.999999988555908104e+00
9.799999954223633125e+00
9.599999946594238054e+00
9.599999977111815852e+00
9.599999977111815852e+00
1.000000001525878979e+01
9.599999984741211634e+00
8.399999954223632770e+00
9.599999893188476463e+00
8.999999946594238409e+00
9.600000007629393650e+00
8.200000015258789077e+00
9.000000015258789787e+00
8.399999977111816563e+00
9.199999946594237699e+00
8.599999988555907748e+00
8.200000007629395071e+00
9.400000015258788366e+00
9.199999988555907393e+00
1.039999995422363277e+01
8.000000007629394005e+00
1.039999994659423876e+01
8.000000015258789787e+00
9.399999954223632770e+00
8.599999946594238054e+00
1.059999992370605426e+01
8.000000015258789787e+00
8.199999977111817273e+00
9.799999994277953874e+00
8.800000007629394716e+00
9.800000007629394716e+00
8.599999988555907748e+00
7.999999946594238409e+00
9.999999988555908104e+00
8.999999977111816207e+00
9.599999946594238054e+00
8.000000015258789787e+00
8.800000015258788721e+00
8.599999977111815852e+00
9.400000007629394361e+00
8.799999946594239120e+00
9.199999984741211279e+00
9.399999988555908459e+00
8.800000007629394716e+00
9.200000015258789077e+00
8.599999977111815852e+00
8.799999946594239120e+00
9.000000015258789787e+00
9.199999946594237699e+00
8.599999954223632059e+00
9.399999984741210568e+00
9.000000007629394005e+00
8.799999954223633125e+00
8.599999984741211634e+00
9.199999946594237699e+00
9.000000007629394005e+00
8.199999946594237699e+00
1.040000001525878837e+01
9.399999977111816563e+00
1.159999994659423805e+01
9.800000015258788721e+00
9.999999977111816207e+00
9.399999988555908459e+00
9.199999977111817273e+00
9.199999923706053906e+00
8.400000007629394361e+00
9.599999977111815852e+00
8.999999946594238409e+00
9.600000015258789432e+00
8.999999984741210213e+00
8.599999977111815852e+00
8.600000015258789432e+00
9.999999977111816207e+00
9.200000007629395071e+00
8.200000007629395071e+00
8.599999988555907748e+00
9.000000007629394005e+00
9.999999977111816207e+00
9.600000007629393650e+00
8.400000007629394361e+00
8.800000015258788721e+00
8.799999946594239120e+00
9.400000015258788366e+00
9.599999954223632059e+00
9.399999923706054972e+00
8.599999988555907748e+00
8.600000007629393650e+00
8.600000015258789432e+00
8.599999977111815852e+00
9.800000007629394716e+00
8.999999977111816207e+00
9.600000007629393650e+00
9.199999977111817273e+00
8.800000015258788721e+00
9.799999984741210923e+00
7.600000007629394538e+00
9.400000015258788366e+00
8.399999946594238764e+00
8.999999946594238409e+00
9.599999946594238054e+00
9.000000015258789787e+00
9.599999946594238054e+00
9.600000015258789432e+00
8.399999988555908459e+00
9.600000007629393650e+00
9.800000015258788721e+00
1.099999995422363241e+01
1.059999998474121163e+01
8.999999984741210213e+00
8.399999977111816563e+00
1.099999986267089902e+01
8.799999984741210923e+00
8.799999988555908814e+00
8.199999988555907393e+00
8.799999984741210923e+00
8.600000007629393650e+00
9.199999946594237699e+00
8.799999946594239120e+00
9.200000015258789077e+00
7.999999994277954052e+00
9.400000007629394361e+00
9.000000015258789787e+00
8.800000015258788721e+00
8.999999988555908104e+00
9.599999946594238054e+00
8.199999946594237699e+00
8.800000007629394716e+00
9.199999988555907393e+00
8.799999988555908814e+00
8.799999946594239120e+00
9.399999988555908459e+00
8.399999977111816563e+00
9.199999977111817273e+00
8.799999946594239120e+00
8.800000007629394716e+00
8.799999946594239120e+00
8.399999977111816563e+00
9.599999923706054261e+00
8.799999977111816918e+00
9.199999977111817273e+00
8.799999977111816918e+00
8.599999994277954585e+00
7.799999988555907926e+00
9.399999988555908459e+00
8.799999984741210923e+00
8.599999988555907748e+00
9.200000007629395071e+00
9.199999954223633480e+00
9.399999988555908459e+00
9.000000000000000000e+00
8.799999977111816918e+00
8.800000007629394716e+00
9.000000007629394005e+00
8.599999984741211634e+00
9.399999977111816563e+00
9.800000015258788721e+00
9.199999984741211279e+00
9.999999946594238409e+00
9.599999988555907748e+00
8.999999893188476818e+00
8.999999988555908104e+00
8.999999977111816207e+00
1.079999994659423912e+01
9.199999954223633480e+00
8.799999984741210923e+00
9.400000015258788366e+00
8.599999977111815852e+00
9.999999977111816207e+00
9.799999954223633125e+00
8.600000007629393650e+00
9.399999988555908459e+00
9.200000007629395071e+00
7.999999977111816207e+00
9.399999988555908459e+00
9.199999946594237699e+00
8.999999893188476818e+00
9.000000007629394005e+00
8.999999954223632415e+00
1.059999986267089866e+01
8.599999977111815852e+00
8.999999946594238409e+00
1.019999995422363348e+01
9.000000007629394005e+00
8.399999923706054972e+00
9.199999946594237699e+00
9.199999977111817273e+00
9.400000007629394361e+00
8.599999977111815852e+00
8.799999988555908814e+00
8.999999977111816207e+00
8.599999946594238054e+00
8.399999988555908459e+00
8.599999946594238054e+00
9.199999977111817273e+00
9.599999946594238054e+00
9.200000007629395071e+00
9.199999946594237699e+00
9.399999946594238764e+00
9.599999946594238054e+00
7.800000015258788721e+00
9.200000015258789077e+00
9.399999977111816563e+00
8.599999988555907748e+00
8.400000007629394361e+00
8.800000015258788721e+00
8.599999946594238054e+00
8.999999946594238409e+00
8.799999994277953874e+00
8.199999988555907393e+00
9.600000007629393650e+00
9.199999977111817273e+00
9.399999946594238764e+00
8.399999977111816563e+00
9.199999946594237699e+00
8.999999994277954940e+00
8.399999977111816563e+00
8.999999977111816207e+00
8.799999977111816918e+00
8.599999984741211634e+00
9.199999946594237699e+00
8.799999946594239120e+00
8.999999988555908104e+00
8.999999977111816207e+00
8.599999994277954585e+00
8.200000007629395071e+00
9.200000007629395071e+00
8.400000015258788366e+00
8.799999923706055327e+00
8.599999946594238054e+00
9.200000015258789077e+00
9.600000007629393650e+00
8.399999994277953519e+00
1.019999994659423770e+01
1.179999998474121092e+01
9.799999954223633125e+00
8.999999977111816207e+00
8.199999994277954229e+00
9.200000007629395071e+00
8.999999994277954940e+00
8.800000015258788721e+00
9.599999984741211634e+00
8.399999977111816563e+00
8.999999946594238409e+00
8.799999954223633125e+00
8.599999946594238054e+00
8.799999954223633125e+00
8.999999946594238409e+00
8.599999946594238054e+00
9.399999977111816563e+00
8.600000007629393650e+00
8.199999946594237699e+00
9.599999954223632059e+00
9.400000015258788366e+00
9.999999946594238409e+00
8.399999977111816563e+00
9.599999946594238054e+00
9.600000007629393650e+00
8.799999923706055327e+00
8.399999946594238764e+00
9.200000015258789077e+00
1.039999994659423876e+01
8.199999988555907393e+00
9.599999977111815852e+00
9.799999946594239120e+00
8.600000015258789432e+00
8.599999988555907748e+00
8.800000015258788721e+00
9.599999988555907748e+00
6.399999977111816563e+00
9.599999977111815852e+00
1.059999994659423805e+01
9.599999984741211634e+00
7.599999946594238054e+00
9.199999946594237699e+00
7.999999977111816207e+00
8.799999946594239120e+00
8.199999977111817273e+00
8.799999988555908814e+00
8.799999923706055327e+00
9.199999946594237699e+00
8.800000007629394716e+00
9.400000015258788366e+00
8.000000007629394005e+00
9.999999977111816207e+00
7.799999988555907926e+00
8.599999977111815852e+00
9.199999977111817273e+00
8.600000015258789432e+00
8.599999946594238054e+00
9.400000030517578153e+00
8.199999946594237699e+00
9.200000015258789077e+00
9.799999994277953874e+00
9.000000007629394005e+00
9.000000007629394005e+00
1.040000001525878837e+01
8.999999923706054616e+00
8.599999977111815852e+00
8.599999954223632059e+00
8.399999977111816563e+00
8.799999923706055327e+00
1.019999994659423770e+01
9.199999923706053906e+00
8.799999946594239120e+00
8.599999946594238054e+00
8.799999977111816918e+00
8.999999988555908104e+00
8.399999946594238764e+00
9.199999988555907393e+00
8.799999977111816918e+00
9.400000015258788366e+00
8.599999984741211634e+00
9.199999977111817273e+00
9.599999977111815852e+00
8.799999984741210923e+00
8.400000007629394361e+00
8.599999946594238054e+00
9.399999923706054972e+00
8.999999954223632415e+00
1.060000001525878943e+01
9.599999977111815852e+00
7.799999984741210923e+00
8.599999988555907748e+00
8.599999977111815852e+00
8.400000015258788366e+00
8.799999984741210923e+00
8.599999977111815852e+00
9.199999946594237699e+00
8.800000015258788721e+00
9.600000015258789432e+00
8.399999954223632770e+00
8.799999984741210923e+00
8.800000015258788721e+00
9.599999893188476463e+00
9.000000007629394005e+00
8.599999946594238054e+00
9.000000015258789787e+00
9.799999977111816918e+00
9.399999946594238764e+00
1.019999992370605391e+01
8.799999946594239120e+00
8.199999946594237699e+00
8.600000007629393650e+00
8.999999946594238409e+00
1.039999992370605497e+01
8.799999994277953874e+00
8.799999988555908814e+00
9.199999988555907393e+00
8.999999988555908104e+00
9.799999988555908814e+00
8.800000015258788721e+00
8.999999977111816207e+00
9.600000015258789432e+00
7.799999977111816030e+00
9.799999977111816918e+00
8.799999946594239120e+00
8.599999946594238054e+00
8.799999977111816918e+00
1.039999997711181656e+01
8.199999977111817273e+00
8.800000007629394716e+00
8.399999984741210568e+00
7.999999984741211101e+00
8.399999977111816563e+00
9.400000015258788366e+00
1.019999989318847611e+01
8.999999977111816207e+00
8.599999946594238054e+00
8.400000015258788366e+00
9.999999984741210213e+00
8.599999946594238054e+00
8.999999946594238409e+00
8.999999977111816207e+00
8.999999977111816207e+00
9.199999988555907393e+00
7.600000007629394538e+00
8.399999977111816563e+00
9.199999954223633480e+00
8.999999946594238409e+00
9.599999984741211634e+00
8.599999977111815852e+00
8.799999893188475752e+00
7.799999984741210923e+00
8.599999977111815852e+00
9.199999994277954229e+00
8.800000007629394716e+00
8.000000007629394005e+00
9.199999984741211279e+00
7.799999946594238232e+00
8.599999946594238054e+00
8.599999988555907748e+00
8.199999988555907393e+00
8.799999984741210923e+00
7.599999988555908637e+00
8.600000015258789432e+00
7.799999988555907926e+00
7.799999994277953874e+00
9.200000007629395071e+00
8.999999946594238409e+00
1.000000001525878979e+01
9.000000015258789787e+00
9.199999946594237699e+00
8.999999988555908104e+00
9.599999977111815852e+00
8.599999946594238054e+00
8.400000007629394361e+00
9.999999954223632415e+00
8.199999977111817273e+00
8.999999977111816207e+00
9.599999946594238054e+00
1.619999989318847611e+01
9.000000015258789787e+00
9.199999984741211279e+00
9.199999988555907393e+00
9.800000015258788721e+00
7.599999994277953697e+00
1.019999998474121128e+01
9.599999893188476463e+00
9.999999946594238409e+00
8.799999988555908814e+00
9.599999946594238054e+00
9.599999977111815852e+00
9.599999977111815852e+00
8.999999946594238409e+00
9.799999946594239120e+00
8.999999994277954940e+00
1.099999998474121021e+01
8.400000007629394361e+00
9.800000007629394716e+00
9.399999893188477174e+00
8.200000015258789077e+00
1.039999998474121057e+01
9.800000007629394716e+00
8.199999946594237699e+00
8.799999984741210923e+00
9.599999988555907748e+00
9.399999977111816563e+00
1.200000001525878979e+01
8.600000007629393650e+00
8.399999977111816563e+00
9.200000015258789077e+00
9.599999977111815852e+00
1.099999995422363241e+01
9.399999946594238764e+00
9.599999977111815852e+00
9.600000015258789432e+00
8.399999977111816563e+00
8.999999994277954940e+00
8.399999988555908459e+00
8.399999988555908459e+00
1.059999998474121163e+01
8.400000015258788366e+00
8.599999977111815852e+00
9.199999946594237699e+00
8.999999988555908104e+00
9.399999988555908459e+00
9.000000007629394005e+00
9.799999954223633125e+00
9.199999988555907393e+00
9.800000015258788721e+00
9.199999999999999289e+00
9.799999984741210923e+00
8.199999977111817273e+00
7.799999946594238232e+00
8.200000007629395071e+00
8.600000007629393650e+00
9.800000007629394716e+00
9.000000015258789787e+00
7.999999946594238409e+00
9.400000015258788366e+00
1.300000000762939401e+01
8.999999954223632415e+00
8.799999988555908814e+00
8.599999984741211634e+00
9.199999977111817273e+00
8.799999988555908814e+00
9.599999977111815852e+00
8.400000015258788366e+00
8.600000007629393650e+00
9.200000007629395071e+00
9.800000007629394716e+00
9.200000015258789077e+00
9.999999946594238409e+00
8.800000015258788721e+00
8.599999988555907748e+00
7.999999988555908104e+00
9.199999977111817273e+00
8.599999988555907748e+00
9.800000015258788721e+00
7.400000007629394361e+00
1.079999994659423912e+01
8.999999977111816207e+00
9.199999954223633480e+00
9.399999954223632770e+00
9.999999954223632415e+00
8.999999977111816207e+00
8.600000015258789432e+00
8.799999988555908814e+00
8.600000015258789432e+00
9.000000015258789787e+00
9.199999977111817273e+00
9.399999977111816563e+00
9.799999923706055327e+00
1.019999998855590739e+01
9.199999988555907393e+00
8.000000007629394005e+00
9.999999946594238409e+00
8.999999977111816207e+00
9.399999946594238764e+00
9.399999946594238764e+00
8.799999984741210923e+00
8.399999946594238764e+00
7.999999988555908104e+00
8.799999984741210923e+00
9.800000015258788721e+00
1.040000001525878837e+01
8.599999946594238054e+00
9.199999977111817273e+00
9.199999977111817273e+00
8.600000007629393650e+00
8.200000015258789077e+00
7.999999977111816207e+00
9.399999977111816563e+00
9.400000007629394361e+00
8.400000015258788366e+00
8.399999946594238764e+00
9.199999977111817273e+00
8.200000007629395071e+00
9.999999988555908104e+00
7.599999994277953697e+00
9.800000015258788721e+00
8.999999988555908104e+00
9.399999984741210568e+00
9.399999946594238764e+00
8.999999977111816207e+00
9.399999988555908459e+00
8.200000007629395071e+00
9.000000015258789787e+00
8.599999977111815852e+00
7.800000007629394716e+00
9.199999977111817273e+00
1.019999997711181727e+01
8.599999988555907748e+00
7.999999994277954052e+00
9.400000015258788366e+00
1.180000001525878872e+01
8.399999946594238764e+00
9.399999946594238764e+00
9.799999946594239120e+00
8.199999984741211279e+00
9.799999977111816918e+00
8.599999988555907748e+00
1.800000000000000000e+01
7.399999988555908459e+00
9.199999994277954229e+00
7.799999977111816030e+00
7.399999988555908459e+00
9.200000015258789077e+00
7.799999988555907926e+00
8.400000015258788366e+00
7.799999977111816030e+00
1.319999995422363348e+01
8.399999946594238764e+00
8.999999946594238409e+00
9.600000015258789432e+00
1.039999997711181656e+01
9.599999977111815852e+00
9.199999984741211279e+00
8.400000015258788366e+00
8.599999988555907748e+00
9.600000015258789432e+00
8.799999954223633125e+00
9.599999946594238054e+00
9.599999946594238054e+00
9.799999954223633125e+00
8.999999946594238409e+00
8.600000015258789432e+00
9.200000007629395071e+00
8.600000007629393650e+00
8.799999988555908814e+00
8.799999977111816918e+00
8.799999988555908814e+00
9.600000015258789432e+00
8.599999946594238054e+00
7.999999984741211101e+00
6.999999984741211101e+00
8.999999984741210213e+00
8.599999923706054261e+00
8.400000015258788366e+00
7.599999946594238054e+00
7.999999994277954052e+00
8.400000015258788366e+00
7.999999946594238409e+00
9.200000007629395071e+00
9.599999977111815852e+00
9.399999984741210568e+00
8.000000000000000000e+00
9.000000015258789787e+00
8.799999946594239120e+00
8.599999988555907748e+00
8.799999977111816918e+00
8.600000007629393650e+00
8.399999984741210568e+00
8.199999977111817273e+00
7.999999977111816207e+00
8.799999988555908814e+00
9.599999946594238054e+00
9.399999946594238764e+00
8.799999988555908814e+00
1.059999997711181585e+01
8.800000007629394716e+00
1.000000001525878979e+01
8.399999994277953519e+00
8.399999977111816563e+00
8.199999946594237699e+00
7.799999994277953874e+00
8.000000015258789787e+00
8.399999994277953519e+00
9.399999988555908459e+00
6.600000007629394538e+00
9.999999977111816207e+00
9.200000007629395071e+00
8.000000000000000000e+00
9.199999977111817273e+00
8.399999977111816563e+00
9.400000015258788366e+00
8.399999893188477174e+00
9.000000015258789787e+00
9.199999977111817273e+00
9.599999984741211634e+00
7.999999988555908104e+00
8.199999977111817273e+00
9.200000007629395071e+00
9.000000015258789787e+00
9.200000015258789077e+00
8.999999954223632415e+00
8.999999988555908104e+00
9.600000007629393650e+00
9.199999946594237699e+00
9.000000015258789787e+00
8.599999984741211634e+00
9.400000015258788366e+00
9.999999977111816207e+00
9.199999954223633480e+00
8.799999984741210923e+00
9.800000015258788721e+00
8.399999946594238764e+00
9.199999984741211279e+00
9.800000015258788721e+00
9.399999977111816563e+00
8.399999954223632770e+00
8.799999994277953874e+00
8.200000015258789077e+00
8.400000007629394361e+00
9.600000007629393650e+00
9.399999994277953519e+00
9.599999946594238054e+00
8.199999977111817273e+00
1.119999995422363348e+01
8.999999977111816207e+00
8.000000015258789787e+00
1.039999997711181656e+01
9.000000007629394005e+00
9.799999893188475752e+00
7.199999988555908281e+00
9.400000007629394361e+00
9.999999988555908104e+00
9.799999984741210923e+00
9.399999984741210568e+00
9.399999984741210568e+00
8.199999946594237699e+00
8.199999994277954229e+00
7.400000007629394361e+00
8.799999946594239120e+00
8.800000007629394716e+00
9.600000007629393650e+00
9.400000015258788366e+00
7.600000015258789432e+00
1.099999994659423841e+01
8.199999946594237699e+00
9.799999923706055327e+00
8.199999977111817273e+00
8.799999946594239120e+00
9.000000007629394005e+00
8.599999977111815852e+00
9.799999994277953874e+00
9.999999946594238409e+00
1.000000000762939401e+01
9.199999923706053906e+00
9.599999984741211634e+00
9.799999994277953874e+00
9.399999984741210568e+00
8.200000015258789077e+00
9.799999977111816918e+00
9.599999977111815852e+00
9.000000007629394005e+00
1.039999998855590846e+01
9.000000007629394005e+00
9.199999984741211279e+00
9.200000015258789077e+00
8.000000007629394005e+00
8.399999946594238764e+00
8.200000015258789077e+00
8.800000015258788721e+00
8.999999977111816207e+00
9.799999946594239120e+00
1.179999995422363313e+01
9.600000015258789432e+00
8.599999984741211634e+00
7.799999946594238232e+00
8.600000015258789432e+00
8.599999988555907748e+00
9.399999977111816563e+00
9.599999946594238054e+00
9.400000007629394361e+00
7.999999984741211101e+00
8.799999984741210923e+00
8.400000007629394361e+00
8.599999946594238054e+00
8.599999946594238054e+00
9.599999984741211634e+00
9.200000015258789077e+00
8.399999988555908459e+00
9.199999946594237699e+00
1.059999994659423805e+01
8.999999984741210213e+00
9.800000007629394716e+00
8.200000015258789077e+00
9.799999946594239120e+00
8.599999984741211634e+00
8.000000007629394005e+00
1.000000001525878979e+01
7.399999954223632770e+00
9.800000007629394716e+00
9.199999988555907393e+00
8.000000007629394005e+00
9.399999977111816563e+00
9.600000007629393650e+00
1.080000001525878872e+01
1.239999998855590846e+01
9.199999946594237699e+00
9.800000015258788721e+00
8.400000015258788366e+00
8.399999984741210568e+00
8.999999946594238409e+00
9.199999988555907393e+00
1.040000001525878837e+01
8.200000007629395071e+00
8.600000007629393650e+00
8.399999946594238764e+00
9.399999954223632770e+00
9.200000015258789077e+00
8.200000007629395071e+00
8.799999977111816918e+00
9.799999984741210923e+00
6.599999988555908637e+00
8.599999977111815852e+00
9.399999946594238764e+00
8.199999946594237699e+00
8.400000007629394361e+00
8.199999988555907393e+00
9.600000007629393650e+00
9.200000007629395071e+00
9.000000015258789787e+00
1.059999998855590775e+01
8.599999984741211634e+00
8.799999946594239120e+00
8.599999984741211634e+00
9.199999977111817273e+00
8.599999954223632059e+00
7.799999977111816030e+00
7.999999977111816207e+00
9.600000015258789432e+00
7.800000015258788721e+00
1.080000001525878872e+01
9.599999923706054261e+00
7.799999977111816030e+00
8.600000015258789432e+00
8.000000007629394005e+00
8.599999977111815852e+00
7.999999988555908104e+00
8.400000007629394361e+00
8.800000015258788721e+00
8.599999946594238054e+00
8.400000007629394361e+00
9.799999977111816918e+00
9.199999977111817273e+00
9.199999946594237699e+00
9.200000007629395071e+00
1.099999992370605462e+01
9.199999988555907393e+00
7.599999988555908637e+00
8.399999946594238764e+00
9.000000007629394005e+00
9.799999977111816918e+00
9.199999946594237699e+00
9.200000015258789077e+00
8.799999954223633125e+00
7.399999994277954407e+00
8.399999984741210568e+00
8.599999946594238054e+00
8.799999984741210923e+00
8.599999946594238054e+00
9.599999946594238054e+00
9.400000015258788366e+00
1.020000001525878908e+01
8.600000015258789432e+00
9.799999946594239120e+00
7.800000015258788721e+00
9.199999946594237699e+00
7.400000007629394361e+00
8.800000007629394716e+00
7.999999946594238409e+00
7.799999988555907926e+00
8.799999988555908814e+00
8.399999988555908459e+00
1.079999997711181692e+01
9.199999984741211279e+00
8.000000007629394005e+00
7.799999977111816030e+00
7.799999977111816030e+00
9.199999946594237699e+00
9.000000015258789787e+00
9.000000015258789787e+00
8.400000015258788366e+00
9.599999923706054261e+00
7.999999984741211101e+00
9.599999946594238054e+00
9.399999923706054972e+00
8.999999977111816207e+00
8.999999984741210213e+00
9.600000015258789432e+00
9.399999977111816563e+00
9.600000015258789432e+00
8.599999988555907748e+00
8.799999984741210923e+00
9.200000007629395071e+00
9.200000007629395071e+00
6.799999946594238232e+00
9.199999977111817273e+00
8.999999977111816207e+00
8.400000015258788366e+00
8.999999984741210213e+00
7.399999977111816563e+00
9.200000007629395071e+00
9.599999946594238054e+00
8.999999977111816207e+00
9.799999988555908814e+00
7.400000007629394361e+00
1.019999994659423770e+01
8.799999984741210923e+00
9.399999977111816563e+00
1.460000000762939365e+01
7.399999977111816563e+00
7.999999988555908104e+00
9.199999977111817273e+00
9.199999988555907393e+00
8.199999946594237699e+00
9.199999946594237699e+00
9.399999946594238764e+00
8.600000007629393650e+00
9.999999946594238409e+00
8.999999977111816207e+00
8.999999923706054616e+00
9.400000007629394361e+00
9.199999946594237699e+00
7.999999946594238409e+00
9.200000007629395071e+00
8.000000015258789787e+00
7.599999988555908637e+00
9.199999988555907393e+00
8.199999977111817273e+00
8.600000007629393650e+00
7.399999988555908459e+00
1.059999998855590775e+01
8.399999977111816563e+00
8.599999994277954585e+00
8.200000015258789077e+00
7.799999977111816030e+00
9.200000015258789077e+00
8.999999946594238409e+00
8.999999988555908104e+00
9.200000015258789077e+00
8.799999984741210923e+00
9.200000015258789077e+00
8.599999994277954585e+00
1.019999994659423770e+01
7.600000007629394538e+00
8.999999977111816207e+00
1.099999997711181621e+01
8.199999994277954229e+00
1.039999997711181656e+01
6.999999977111816207e+00
9.599999988555907748e+00
7.999999946594238409e+00
7.799999954223633125e+00
8.799999946594239120e+00
1.019999989318847611e+01
8.799999988555908814e+00
7.600000007629394538e+00
9.199999946594237699e+00
9.199999977111817273e+00
8.600000015258789432e+00
8.200000015258789077e+00
7.999999954223632415e+00
9.000000015258789787e+00
8.399999984741210568e+00
8.799999994277953874e+00
1.000000001525878979e+01
9.400000007629394361e+00
9.599999954223632059e+00
8.200000007629395071e+00
9.200000015258789077e+00
8.399999977111816563e+00
8.600000015258789432e+00
1.040000000762939436e+01
7.999999994277954052e+00
8.999999893188476818e+00
8.199999946594237699e+00
7.799999999999999822e+00
9.799999977111816918e+00
7.799999977111816030e+00
8.400000007629394361e+00
9.399999988555908459e+00
7.800000007629394716e+00
9.399999977111816563e+00
7.399999977111816563e+00
8.999999977111816207e+00
1.039999994659423876e+01
8.399999946594238764e+00
9.999999988555908104e+00
8.199999977111817273e+00
9.399999946594238764e+00
9.199999984741211279e+00
6.799999988555907926e+00
8.999999994277954940e+00
8.599999946594238054e+00
9.199999946594237699e+00
8.199999988555907393e+00
7.600000007629394538e+00
7.400000007629394361e+00
8.199999977111817273e+00
1.120000000762939507e+01
7.999999977111816207e+00
7.600000015258789432e+00
8.799999984741210923e+00
8.599999984741211634e+00
9.799999977111816918e+00
9.399999984741210568e+00
9.199999946594237699e+00
8.399999977111816563e+00
7.199999994277954229e+00
8.399999984741210568e+00
1.280000000762939472e+01
9.200000007629395071e+00
7.800000007629394716e+00
9.599999923706054261e+00
8.399999988555908459e+00
1.060000001525878943e+01
8.600000007629393650e+00
8.599999977111815852e+00
7.999999977111816207e+00
8.400000015258788366e+00
8.800000007629394716e+00
8.199999946594237699e+00
9.399999946594238764e+00
9.799999977111816918e+00
9.399999984741210568e+00
8.599999999999999645e+00
7.999999946594238409e+00
8.599999977111815852e+00
9.599999954223632059e+00
2.079999986267089795e+01
8.599999984741211634e+00
7.999999946594238409e+00
1.039999992370605497e+01
7.599999946594238054e+00
9.399999994277953519e+00
1.019999986267089831e+01
9.399999946594238764e+00
8.399999977111816563e+00
8.599999977111815852e+00
7.799999946594238232e+00
9.799999977111816918e+00
1.179999992370605533e+01
7.999999977111816207e+00
8.800000007629394716e+00
8.400000007629394361e+00
9.199999977111817273e+00
9.199999984741211279e+00
9.799999977111816918e+00
8.000000007629394005e+00
8.799999984741210923e+00
1.319999994659423770e+01
9.399999977111816563e+00
9.199999977111817273e+00
8.799999994277953874e+00
1.119999997711181727e+01
8.200000015258789077e+00
8.800000015258788721e+00
8.599999977111815852e+00
9.400000015258788366e+00
8.199999977111817273e+00
7.599999977111816740e+00
8.799999946594239120e+00
8.999999946594238409e+00
9.199999984741211279e+00
9.400000015258788366e+00
8.199999988555907393e+00
9.600000015258789432e+00
8.999999977111816207e+00
8.599999977111815852e+00
9.999999954223632415e+00
8.600000007629393650e+00
8.199999988555907393e+00
8.999999977111816207e+00
8.199999977111817273e+00
9.399999946594238764e+00
9.400000007629394361e+00
8.199999946594237699e+00
8.600000015258789432e+00
9.200000015258789077e+00
9.199999977111817273e+00
7.799999984741210923e+00
9.200000030517578864e+00
9.600000015258789432e+00
9.400000007629394361e+00
8.999999954223632415e+00
8.400000007629394361e+00
9.199999984741211279e+00
8.800000007629394716e+00
8.800000015258788721e+00
8.200000007629395071e+00
9.000000015258789787e+00
8.400000007629394361e+00
8.799999977111816918e+00
9.399999946594238764e+00
7.599999984741210746e+00
8.000000007629394005e+00
8.599999946594238054e+00
8.999999977111816207e+00
7.999999977111816207e+00
9.599999988555907748e+00
9.999999984741210213e+00
9.399999946594238764e+00
6.999999946594238409e+00
9.199999946594237699e+00
8.399999977111816563e+00
1.039999998474121057e+01
9.200000015258789077e+00
8.999999946594238409e+00
9.599999923706054261e+00
7.999999984741211101e+00
7.999999946594238409e+00
8.999999946594238409e+00
8.400000015258788366e+00
8.000000007629394005e+00
9.000000015258789787e+00
7.399999977111816563e+00
8.600000007629393650e+00
9.399999977111816563e+00
6.799999999999999822e+00
9.400000007629394361e+00
9.399999946594238764e+00
9.000000015258789787e+00
8.400000007629394361e+00
8.799999946594239120e+00
9.000000007629394005e+00
9.399999954223632770e+00
7.799999946594238232e+00
7.199999994277954229e+00
9.199999923706053906e+00
7.600000007629394538e+00
7.999999994277954052e+00
9.399999984741210568e+00
7.200000015258789077e+00
9.599999977111815852e+00
9.199999994277954229e+00
1.039999992370605497e+01
9.600000015258789432e+00
8.800000007629394716e+00
7.799999988555907926e+00
7.199999988555908281e+00
8.999999977111816207e+00
9.199999946594237699e+00
8.399999977111816563e+00
8.600000015258789432e+00
9.399999977111816563e+00
6.199999988555908281e+00
8.799999954223633125e+00
1.279999998474121092e+01
8.199999946594237699e+00
8.199999954223633480e+00
9.599999999999999645e+00
9.399999946594238764e+00
8.199999977111817273e+00
8.000000000000000000e+00
9.399999984741210568e+00
1.019999997711181727e+01
8.199999994277954229e+00
8.999999984741210213e+00
9.199999946594237699e+00
1.019999992370605391e+01
7.600000007629394538e+00
1.019999994659423770e+01
8.999999977111816207e+00
7.599999977111816740e+00
9.400000015258788366e+00
8.200000007629395071e+00
9.599999988555907748e+00
9.399999988555908459e+00
9.400000007629394361e+00
8.199999954223633480e+00
8.200000007629395071e+00
8.000000007629394005e+00
8.400000015258788366e+00
7.600000015258789432e+00
8.799999946594239120e+00
9.799999977111816918e+00
7.999999946594238409e+00
8.399999977111816563e+00
9.199999984741211279e+00
8.800000007629394716e+00
9.799999977111816918e+00
1.100000000762939401e+01
7.999999977111816207e+00
9.600000007629393650e+00
9.199999988555907393e+00
9.599999954223632059e+00
6.999999977111816207e+00
9.599999988555907748e+00
7.600000015258789432e+00
1.120000001525878908e+01
7.599999988555908637e+00
8.999999984741210213e+00
7.399999946594237876e+00
7.799999988555907926e+00
8.799999988555908814e+00
9.600000015258789432e+00
8.200000015258789077e+00
9.200000007629395071e+00
9.399999984741210568e+00
8.199999954223633480e+00
8.599999923706054261e+00
7.999999994277954052e+00
6.799999994277953874e+00
8.799999988555908814e+00
1.099999997711181621e+01
7.600000007629394538e+00
8.199999977111817273e+00
8.399999984741210568e+00
8.799999946594239120e+00
8.600000015258789432e+00
8.999999946594238409e+00
9.400000015258788366e+00
8.200000007629395071e+00
1.120000001525878908e+01
8.000000015258789787e+00
8.200000007629395071e+00
9.000000007629394005e+00
8.999999977111816207e+00
9.999999984741210213e+00
7.999999977111816207e+00
8.599999984741211634e+00
7.799999994277953874e+00
1.479999998474121092e+01
7.799999946594238232e+00
8.799999946594239120e+00
8.799999988555908814e+00
7.200000015258789077e+00
8.999999946594238409e+00
8.399999984741210568e+00
8.200000015258789077e+00
8.199999994277954229e+00
7.799999977111816030e+00
8.000000007629394005e+00
9.000000007629394005e+00
1.160000001525878943e+01
9.000000007629394005e+00
8.000000007629394005e+00
7.999999977111816207e+00
8.799999946594239120e+00
7.799999988555907926e+00
8.399999946594238764e+00
7.799999984741210923e+00
8.799999946594239120e+00
8.199999923706053906e+00
9.199999946594237699e+00
8.400000007629394361e+00
8.199999988555907393e+00
7.600000015258789432e+00
9.199999954223633480e+00
8.599999988555907748e+00
9.599999977111815852e+00
7.400000007629394361e+00
9.000000007629394005e+00
8.599999977111815852e+00
8.799999984741210923e+00
8.199999977111817273e+00
8.599999977111815852e+00
7.399999977111816563e+00
8.199999946594237699e+00
8.999999977111816207e+00
8.400000007629394361e+00
8.599999977111815852e+00
1.060000000762939365e+01
7.999999946594238409e+00
8.399999954223632770e+00
8.400000007629394361e+00
7.600000015258789432e+00
8.399999946594238764e+00
6.799999988555907926e+00
8.799999977111816918e+00
8.799999977111816918e+00
8.400000015258788366e+00
8.599999994277954585e+00
9.800000015258788721e+00
7.799999984741210923e+00
8.200000007629395071e+00
8.800000015258788721e+00
7.800000015258788721e+00
9.999999977111816207e+00
8.000000007629394005e+00
8.799999988555908814e+00
9.000000015258789787e+00
1.319999995422363348e+01
1.359999992370605426e+01
7.799999946594238232e+00
8.999999977111816207e+00
9.199999946594237699e+00
7.599999946594238054e+00
4.399999946594237876e+00
1.040000001525878837e+01
7.799999977111816030e+00
9.200000007629395071e+00
7.799999946594238232e+00
8.599999946594238054e+00
8.999999977111816207e+00
9.599999946594238054e+00
8.399999977111816563e+00
8.399999954223632770e+00
9.199999946594237699e+00
8.799999977111816918e+00
9.400000015258788366e+00
9.400000015258788366e+00
8.399999988555908459e+00
8.599999988555907748e+00
7.999999954223632415e+00
7.799999977111816030e+00
7.400000007629394361e+00
9.599999946594238054e+00
8.399999984741210568e+00
8.600000007629393650e+00
9.199999988555907393e+00
8.199999946594237699e+00
8.399999977111816563e+00
8.800000007629394716e+00
9.599999946594238054e+00
8.799999946594239120e+00
1.660000003051757744e+01
8.199999977111817273e+00
8.599999988555907748e+00
8.399999988555908459e+00
8.600000007629393650e+00
8.599999977111815852e+00
8.999999994277954940e+00
9.199999977111817273e+00
1.339999998474121057e+01
9.000000007629394005e+00
1.019999994659423770e+01
9.399999946594238764e+00
2.059999989318847824e+01
7.800000007629394716e+00
9.000000007629394005e+00
7.800000007629394716e+00
8.799999977111816918e+00
8.800000015258788721e+00
1.060000000762939365e+01
8.200000007629395071e+00
1.259999992370605426e+01
9.600000015258789432e+00
7.999999954223632415e+00
7.999999984741211101e+00
9.400000007629394361e+00
8.199999946594237699e+00
2.140000003051757815e+01
7.000000007629394894e+00
7.800000015258788721e+00
9.999999988555908104e+00
8.199999946594237699e+00
9.599999988555907748e+00
9.199999946594237699e+00
8.999999984741210213e+00
1.459999995422363206e+01
8.399999994277953519e+00
9.000000007629394005e+00
7.799999988555907926e+00
7.599999988555908637e+00
9.599999946594238054e+00
6.400000007629394361e+00
8.399999984741210568e+00
7.999999977111816207e+00
8.000000015258789787e+00
9.399999946594238764e+00
7.600000007629394538e+00
7.600000007629394538e+00
8.799999988555908814e+00
8.399999946594238764e+00
9.999999977111816207e+00
9.199999946594237699e+00
8.199999988555907393e+00
8.399999977111816563e+00
8.800000015258788721e+00
9.199999977111817273e+00
8.599999893188476463e+00
8.199999988555907393e+00
7.999999954223632415e+00
9.199999946594237699e+00
8.200000007629395071e+00
8.999999954223632415e+00
9.599999984741211634e+00
1.179999998474121092e+01
7.599999946594238054e+00
7.999999977111816207e+00
8.200000015258789077e+00
9.199999954223633480e+00
8.999999984741210213e+00
9.000000007629394005e+00
9.999999977111816207e+00
7.000000007629394894e+00
8.599999923706054261e+00
8.599999977111815852e+00
8.399999988555908459e+00
8.599999977111815852e+00
6.999999984741211101e+00
8.799999954223633125e+00
8.999999988555908104e+00
9.400000015258788366e+00
6.799999977111816030e+00
8.399999988555908459e+00
8.800000015258788721e+00
9.199999954223633480e+00
9.599999977111815852e+00
8.400000007629394361e+00
8.799999977111816918e+00
8.599999977111815852e+00
8.799999977111816918e+00
8.799999977111816918e+00
8.200000015258789077e+00
8.199999946594237699e+00
9.399999988555908459e+00
9.399999984741210568e+00
8.599999946594238054e+00
1.039999998474121057e+01
9.400000007629394361e+00
9.200000007629395071e+00
9.000000015258789787e+00
8.399999977111816563e+00
7.800000015258788721e+00
9.199999946594237699e+00
9.199999954223633480e+00
8.199999977111817273e+00
8.199999946594237699e+00
8.000000007629394005e+00
8.799999977111816918e+00
8.400000007629394361e+00
8.599999988555907748e+00
8.399999988555908459e+00
6.799999946594238232e+00
8.799999988555908814e+00
7.399999954223632770e+00
9.399999984741210568e+00
8.599999923706054261e+00
7.400000007629394361e+00
7.799999946594238232e+00
8.600000007629393650e+00
8.600000015258789432e+00
8.199999994277954229e+00
8.800000007629394716e+00
1.020000001525878908e+01
8.399999977111816563e+00
8.799999994277953874e+00
8.599999946594238054e+00
8.799999946594239120e+00
1.279999996948242114e+01
9.199999893188476108e+00
7.400000007629394361e+00
9.199999984741211279e+00
1.019999998474121128e+01
8.400000015258788366e+00
8.199999988555907393e+00
8.200000015258789077e+00
9.600000015258789432e+00
8.599999977111815852e+00
7.999999994277954052e+00
1.319999992370605391e+01
8.999999984741210213e+00
8.600000015258789432e+00
7.799999988555907926e+00
1.000000001525878979e+01
8.200000015258789077e+00
7.600000015258789432e+00
8.200000015258789077e+00
7.799999988555907926e+00
1.659999995422363384e+01
6.999999984741211101e+00
7.799999954223633125e+00
7.800000015258788721e+00
8.600000015258789432e+00
7.800000007629394716e+00
7.199999994277954229e+00
6.399999946594237876e+00
8.800000007629394716e+00
9.599999954223632059e+00
7.400000007629394361e+00
7.999999988555908104e+00
8.400000015258788366e+00
8.799999977111816918e+00
8.799999984741210923e+00
1.060000000762939365e+01
8.200000015258789077e+00
9.399999994277953519e+00
1.119999998474121128e+01
8.600000007629393650e+00
7.399999946594237876e+00
8.599999946594238054e+00
8.199999988555907393e+00
8.799999977111816918e+00
8.000000007629394005e+00
8.399999977111816563e+00
8.600000015258789432e+00
8.999999977111816207e+00
9.000000015258789787e+00
8.400000015258788366e+00
8.799999946594239120e+00
8.199999988555907393e+00
9.200000015258789077e+00
9.199999984741211279e+00
8.799999946594239120e+00
9.400000007629394361e+00
9.599999977111815852e+00
9.400000015258788366e+00
8.399999984741210568e+00
1.019999998474121128e+01
7.999999977111816207e+00
8.399999988555908459e+00
8.999999977111816207e+00
8.399999977111816563e+00
9.399999988555908459e+00
9.000000007629394005e+00
6.799999946594238232e+00
9.000000015258789787e+00
8.600000015258789432e+00
9.199999984741211279e+00
9.599999977111815852e+00
9.599999946594238054e+00
8.600000015258789432e+00
9.400000015258788366e+00
9.199999984741211279e+00
9.600000007629393650e+00
9.399999977111816563e+00
9.199999977111817273e+00
8.199999988555907393e+00
8.800000007629394716e+00
9.199999946594237699e+00
1.059999997711181585e+01
7.599999946594238054e+00
9.000000007629394005e+00
8.200000015258789077e+00
8.399999954223632770e+00
8.000000015258789787e+00
8.799999984741210923e+00
7.999999984741211101e+00
8.400000007629394361e+00
8.799999946594239120e+00
1.239999986267089760e+01
8.199999946594237699e+00
8.799999946594239120e+00
8.399999946594238764e+00
8.400000015258788366e+00
8.399999977111816563e+00
7.600000007629394538e+00
9.599999984741211634e+00
8.199999984741211279e+00
8.200000007629395071e+00
8.199999994277954229e+00
8.399999977111816563e+00
1.159999992370605426e+01
9.600000007629393650e+00
8.200000015258789077e+00
8.000000007629394005e+00
9.399999923706054972e+00
8.199999946594237699e+00
7.999999988555908104e+00
8.799999988555908814e+00
8.799999954223633125e+00
8.599999984741211634e+00
8.800000015258788721e+00
8.000000015258789787e+00
7.999999977111816207e+00
1.059999998474121163e+01
8.199999984741211279e+00
