1.000000000000000000e+02
0.000000000000000000e+00
1.209999999999999964e+01
1.040000000000000036e+01
1.090000000000000036e+01
1.069999999999999929e+01
1.130000000000000071e+01
1.309999999999999964e+01
1.530000000000000071e+01
2.800000000000000000e+01
3.500000000000000000e+01
5.379999999999999716e+01
6.559999999999999432e+01
7.179999999999999716e+01
7.590000000000000568e+01
8.459999999999999432e+01
8.879999999999999716e+01
9.550000000000000000e+01
9.759999999999999432e+01
9.820000000000000284e+01
9.840000000000000568e+01
9.840000000000000568e+01
9.840000000000000568e+01
9.850000000000000000e+01
9.840000000000000568e+01
9.859999999999999432e+01
9.890000000000000568e+01
9.920000000000000284e+01
9.920000000000000284e+01
9.920000000000000284e+01
9.920000000000000284e+01
9.920000000000000284e+01
9.920000000000000284e+01
9.920000000000000284e+01
9.920000000000000284e+01
9.920000000000000284e+01
9.920000000000000284e+01
9.920000000000000284e+01
9.920000000000000284e+01
9.920000000000000284e+01
