0.000000000000000000e+00
9.699999999999999289e+00
1.019999999999999929e+01
1.030000000000000071e+01
1.050000000000000000e+01
9.500000000000000000e+00
1.059999999999999964e+01
1.030000000000000071e+01
1.519999999999999929e+01
1.490000000000000036e+01
2.939999999999999858e+01
3.870000000000000284e+01
4.770000000000000284e+01
6.529999999999999716e+01
6.920000000000000284e+01
7.579999999999999716e+01
8.479999999999999716e+01
9.370000000000000284e+01
9.690000000000000568e+01
9.720000000000000284e+01
9.750000000000000000e+01
9.770000000000000284e+01
9.779999999999999716e+01
9.770000000000000284e+01
9.800000000000000000e+01
9.840000000000000568e+01
9.909999999999999432e+01
9.929999999999999716e+01
9.929999999999999716e+01
9.929999999999999716e+01
9.929999999999999716e+01
9.929999999999999716e+01
9.929999999999999716e+01
9.940000000000000568e+01
9.929999999999999716e+01
9.929999999999999716e+01
9.929999999999999716e+01
9.929999999999999716e+01
9.929999999999999716e+01
9.929999999999999716e+01
