0.000000000000000000e+00
3.200000000000000178e+00
1.200000000000000000e+01
1.209999999999999964e+01
1.290000000000000036e+01
1.269999999999999929e+01
1.269999999999999929e+01
1.250000000000000000e+01
1.430000000000000071e+01
2.310000000000000142e+01
3.900000000000000000e+01
4.539999999999999858e+01
6.559999999999999432e+01
7.120000000000000284e+01
8.090000000000000568e+01
8.000000000000000000e+01
8.279999999999999716e+01
9.520000000000000284e+01
9.750000000000000000e+01
9.790000000000000568e+01
9.850000000000000000e+01
9.859999999999999432e+01
9.850000000000000000e+01
9.850000000000000000e+01
9.870000000000000284e+01
9.890000000000000568e+01
9.900000000000000000e+01
9.940000000000000568e+01
9.940000000000000568e+01
9.940000000000000568e+01
9.940000000000000568e+01
9.940000000000000568e+01
9.940000000000000568e+01
9.940000000000000568e+01
9.940000000000000568e+01
9.940000000000000568e+01
9.940000000000000568e+01
9.940000000000000568e+01
9.940000000000000568e+01
9.940000000000000568e+01
