0.000000000000000000e+00
7.900000000000000355e+00
1.109999999999999964e+01
1.119999999999999929e+01
1.090000000000000036e+01
1.080000000000000071e+01
1.109999999999999964e+01
1.159999999999999964e+01
1.369999999999999929e+01
2.150000000000000000e+01
4.470000000000000284e+01
4.050000000000000000e+01
6.170000000000000284e+01
6.840000000000000568e+01
7.700000000000000000e+01
8.159999999999999432e+01
8.829999999999999716e+01
9.570000000000000284e+01
9.750000000000000000e+01
9.809999999999999432e+01
9.829999999999999716e+01
9.829999999999999716e+01
9.840000000000000568e+01
9.840000000000000568e+01
9.859999999999999432e+01
9.879999999999999716e+01
9.920000000000000284e+01
9.929999999999999716e+01
9.929999999999999716e+01
9.929999999999999716e+01
9.929999999999999716e+01
9.929999999999999716e+01
9.920000000000000284e+01
9.920000000000000284e+01
9.920000000000000284e+01
9.929999999999999716e+01
9.920000000000000284e+01
9.929999999999999716e+01
9.920000000000000284e+01
9.920000000000000284e+01
