0.000000000000000000e+00
2.999999999999999889e-01
1.009999999999999964e+01
1.050000000000000000e+01
1.009999999999999964e+01
1.030000000000000071e+01
1.040000000000000036e+01
1.059999999999999964e+01
1.240000000000000036e+01
1.969999999999999929e+01
2.950000000000000000e+01
3.810000000000000142e+01
5.520000000000000284e+01
6.139999999999999858e+01
6.870000000000000284e+01
7.900000000000000000e+01
8.890000000000000568e+01
9.440000000000000568e+01
9.740000000000000568e+01
9.840000000000000568e+01
9.859999999999999432e+01
9.859999999999999432e+01
9.870000000000000284e+01
9.879999999999999716e+01
9.879999999999999716e+01
9.900000000000000000e+01
9.909999999999999432e+01
9.929999999999999716e+01
9.950000000000000000e+01
9.950000000000000000e+01
9.950000000000000000e+01
9.950000000000000000e+01
9.950000000000000000e+01
9.950000000000000000e+01
9.950000000000000000e+01
9.940000000000000568e+01
9.950000000000000000e+01
9.950000000000000000e+01
9.950000000000000000e+01
9.950000000000000000e+01
