0.000000000000000000e+00
0.000000000000000000e+00
1.019999999999999929e+01
1.040000000000000036e+01
1.040000000000000036e+01
1.050000000000000000e+01
1.050000000000000000e+01
1.080000000000000071e+01
1.319999999999999929e+01
1.780000000000000071e+01
3.639999999999999858e+01
4.360000000000000142e+01
5.360000000000000142e+01
7.190000000000000568e+01
7.740000000000000568e+01
8.129999999999999716e+01
9.000000000000000000e+01
9.590000000000000568e+01
9.750000000000000000e+01
9.750000000000000000e+01
9.809999999999999432e+01
9.800000000000000000e+01
9.840000000000000568e+01
9.820000000000000284e+01
9.840000000000000568e+01
9.909999999999999432e+01
9.920000000000000284e+01
9.920000000000000284e+01
9.920000000000000284e+01
9.920000000000000284e+01
9.920000000000000284e+01
9.920000000000000284e+01
9.920000000000000284e+01
9.920000000000000284e+01
9.920000000000000284e+01
9.920000000000000284e+01
9.920000000000000284e+01
9.920000000000000284e+01
9.920000000000000284e+01
9.920000000000000284e+01
