0.000000000000000000e+00
0.000000000000000000e+00
1.000000000000000000e+01
9.800000000000000711e+00
1.000000000000000000e+01
1.019999999999999929e+01
1.040000000000000036e+01
1.040000000000000036e+01
1.109999999999999964e+01
1.650000000000000000e+01
3.639999999999999858e+01
4.410000000000000142e+01
3.579999999999999716e+01
5.920000000000000284e+01
7.359999999999999432e+01
8.250000000000000000e+01
7.879999999999999716e+01
9.479999999999999716e+01
9.890000000000000568e+01
9.940000000000000568e+01
9.950000000000000000e+01
9.959999999999999432e+01
9.950000000000000000e+01
9.959999999999999432e+01
9.959999999999999432e+01
9.970000000000000284e+01
9.990000000000000568e+01
9.990000000000000568e+01
9.990000000000000568e+01
9.990000000000000568e+01
9.990000000000000568e+01
9.990000000000000568e+01
9.990000000000000568e+01
9.990000000000000568e+01
9.990000000000000568e+01
9.990000000000000568e+01
9.990000000000000568e+01
9.990000000000000568e+01
9.990000000000000568e+01
9.990000000000000568e+01
