0.000000000000000000e+00
1.300000000000000044e+00
1.150000000000000000e+01
1.169999999999999929e+01
1.169999999999999929e+01
1.150000000000000000e+01
1.190000000000000036e+01
1.219999999999999929e+01
1.369999999999999929e+01
1.760000000000000142e+01
3.870000000000000284e+01
5.229999999999999716e+01
6.940000000000000568e+01
7.640000000000000568e+01
8.800000000000000000e+01
8.950000000000000000e+01
9.400000000000000000e+01
9.890000000000000568e+01
9.929999999999999716e+01
9.940000000000000568e+01
9.950000000000000000e+01
9.940000000000000568e+01
9.950000000000000000e+01
9.950000000000000000e+01
9.940000000000000568e+01
9.950000000000000000e+01
9.979999999999999716e+01
9.990000000000000568e+01
9.990000000000000568e+01
9.990000000000000568e+01
9.990000000000000568e+01
9.990000000000000568e+01
9.990000000000000568e+01
9.990000000000000568e+01
9.990000000000000568e+01
9.990000000000000568e+01
9.990000000000000568e+01
9.990000000000000568e+01
9.990000000000000568e+01
9.990000000000000568e+01
