8.609271523178807684e+01
4.061810154525386451e+01
3.267108167770419414e+01
3.267108167770419414e+01
3.598233995584988776e+01
4.701986754966887361e+01
2.052980132450331041e+01
1.854304635761589282e+01
2.693156732891832306e+01
1.258278145695364181e+01
1.236203090507726188e+01
2.693156732891832306e+01
4.260485651214128211e+01
1.898454746136865268e+01
1.280353200883002174e+01
1.766004415011037665e+01
3.774834437086092720e+01
2.406181015452538574e+01
4.260485651214128211e+01
3.465783664459161173e+01
2.715231788079470121e+01
2.825607064017659908e+01
4.105960264900662082e+01
2.980132450331125682e+01
2.384105960264900759e+01
3.509933774834436804e+01
1.258278145695364181e+01
4.260485651214128211e+01
5.673289183222958343e+01
1.898454746136865268e+01
3.487858719646798988e+01
2.538631346578366532e+01
2.538631346578366532e+01
3.796909492273730535e+01
5.209713024282560667e+01
4.635761589403973204e+00
1.766004415011037665e+01
3.024282560706401668e+01
3.002207505518763853e+01
3.664459161147902932e+01
1.081677704194260414e+01
2.693156732891832306e+01
4.437086092715231445e+01
2.075055187637969212e+01
2.649006622516556320e+01
3.333333333333333570e+01
3.664459161147902932e+01
2.715231788079470121e+01
2.560706401766004348e+01
2.229580573951434985e+01
2.362030905077262588e+01
4.900662251655629120e+01
2.847682119205298079e+01
1.920529801324503438e+01
2.715231788079470121e+01
3.532008830022074886e+00
1.611479028697571891e+01
3.156732891832229626e+01
4.105960264900662082e+01
2.715231788079470121e+01
2.229580573951434985e+01
2.075055187637969212e+01
2.869757174392935895e+01
2.847682119205298079e+01
1.743929359823399494e+01
3.818984547461368351e+01
1.258278145695364181e+01
3.642384105960265117e+01
4.128035320088299898e+01
2.869757174392935895e+01
5.209713024282560667e+01
3.642384105960265117e+01
1.920529801324503438e+01
3.178807947019867441e+01
3.024282560706401668e+01
1.302428256070640167e+01
3.973509933774834479e+01
2.251655629139072801e+01
2.560706401766004348e+01
3.355408388520971386e+01
2.538631346578366532e+01
1.920529801324503438e+01
3.355408388520971386e+01
3.024282560706401668e+01
3.200883002207505257e+01
2.869757174392935895e+01
3.355408388520971386e+01
3.046357615894039839e+01
3.355408388520971386e+01
3.200883002207505257e+01
3.509933774834436804e+01
3.046357615894039839e+01
3.200883002207505257e+01
2.891832229580574065e+01
2.891832229580574065e+01
2.891832229580574065e+01
2.582781456953642518e+01
2.582781456953642518e+01
3.046357615894039839e+01
3.355408388520971386e+01
3.046357615894039839e+01
2.891832229580574065e+01
2.428256070640176745e+01
2.891832229580574065e+01
3.046357615894039839e+01
2.737306843267108292e+01
2.891832229580574065e+01
2.891832229580574065e+01
2.737306843267108292e+01
3.200883002207505257e+01
2.891832229580574065e+01
2.273730684326710971e+01
3.200883002207505257e+01
3.200883002207505257e+01
3.200883002207505257e+01
2.737306843267108292e+01
2.273730684326710971e+01
2.737306843267108292e+01
2.428256070640176745e+01
3.046357615894039839e+01
2.737306843267108292e+01
2.891832229580574065e+01
2.891832229580574065e+01
2.737306843267108292e+01
2.737306843267108292e+01
2.891832229580574065e+01
2.737306843267108292e+01
2.891832229580574065e+01
2.891832229580574065e+01
2.891832229580574065e+01
2.582781456953642518e+01
2.891832229580574065e+01
2.891832229580574065e+01
2.891832229580574065e+01
3.046357615894039839e+01
2.891832229580574065e+01
2.737306843267108292e+01
3.046357615894039839e+01
2.891832229580574065e+01
3.046357615894039839e+01
2.891832229580574065e+01
2.891832229580574065e+01
2.891832229580574065e+01
2.119205298013245198e+01
2.891832229580574065e+01
2.737306843267108292e+01
2.273730684326710971e+01
2.891832229580574065e+01
2.891832229580574065e+01
2.273730684326710971e+01
2.737306843267108292e+01
2.582781456953642518e+01
2.891832229580574065e+01
2.737306843267108292e+01
2.428256070640176745e+01
2.891832229580574065e+01
2.737306843267108292e+01
3.046357615894039839e+01
2.428256070640176745e+01
2.737306843267108292e+01
2.273730684326710971e+01
3.200883002207505257e+01
2.737306843267108292e+01
2.891832229580574065e+01
2.891832229580574065e+01
3.046357615894039839e+01
2.428256070640176745e+01
3.046357615894039839e+01
3.200883002207505257e+01
2.737306843267108292e+01
3.200883002207505257e+01
2.428256070640176745e+01
3.200883002207505257e+01
3.046357615894039839e+01
2.891832229580574065e+01
2.428256070640176745e+01
2.428256070640176745e+01
2.582781456953642518e+01
3.046357615894039839e+01
2.737306843267108292e+01
2.891832229580574065e+01
2.737306843267108292e+01
2.891832229580574065e+01
2.891832229580574065e+01
2.891832229580574065e+01
3.046357615894039839e+01
2.737306843267108292e+01
2.891832229580574065e+01
3.200883002207505257e+01
2.891832229580574065e+01
2.891832229580574065e+01
2.737306843267108292e+01
2.891832229580574065e+01
2.737306843267108292e+01
2.737306843267108292e+01
2.582781456953642518e+01
2.582781456953642518e+01
2.737306843267108292e+01
2.737306843267108292e+01
2.737306843267108292e+01
