3.054963588714599609e+00
1.675207138061523438e+00
1.631005048751831055e+00
1.645812988281250000e+00
1.686114072799682617e+00
1.713471889495849609e+00
1.745326995849609375e+00
1.667783021926879883e+00
1.703171730041503906e+00
1.725324153900146484e+00
1.715152740478515625e+00
1.673214912414550781e+00
1.648516416549682617e+00
1.656917095184326172e+00
1.670864343643188477e+00
1.614599227905273438e+00
1.714509963989257812e+00
1.631608963012695312e+00
1.628689765930175781e+00
1.793357849121093750e+00
1.703685045242309570e+00
1.642455101013183594e+00
1.600475788116455078e+00
1.606732606887817383e+00
1.634828090667724609e+00
1.601961612701416016e+00
1.643135309219360352e+00
1.643014669418334961e+00
1.630202770233154297e+00
1.616209745407104492e+00
1.751643419265747070e+00
1.689766407012939453e+00
1.739299774169921875e+00
1.650137901306152344e+00
1.632765531539916992e+00
1.663381099700927734e+00
1.651527404785156250e+00
1.581511259078979492e+00
1.735821962356567383e+00
1.713949680328369141e+00
1.681153297424316406e+00
1.572098493576049805e+00
1.551518440246582031e+00
1.567327022552490234e+00
1.570423841476440430e+00
1.607895135879516602e+00
1.584536790847778320e+00
1.613873958587646484e+00
1.708368301391601562e+00
1.629854440689086914e+00
1.740741968154907227e+00
1.678824901580810547e+00
1.710086345672607422e+00
1.695056438446044922e+00
1.592265844345092773e+00
1.574722766876220703e+00
1.590347051620483398e+00
1.597455739974975586e+00
1.651009082794189453e+00
1.739376544952392578e+00
1.848139286041259766e+00
1.753214120864868164e+00
1.722993135452270508e+00
1.729929208755493164e+00
1.725774765014648438e+00
1.752251386642456055e+00
1.700723409652709961e+00
1.668464422225952148e+00
1.779494762420654297e+00
1.569448947906494141e+00
1.592633485794067383e+00
1.607269048690795898e+00
1.576360702514648438e+00
1.637029409408569336e+00
1.656203269958496094e+00
1.601652145385742188e+00
1.596544742584228516e+00
1.604069709777832031e+00
1.614101409912109375e+00
1.727746248245239258e+00
1.595721960067749023e+00
1.589714765548706055e+00
1.616410732269287109e+00
1.605095148086547852e+00
1.558531761169433594e+00
1.634203672409057617e+00
1.661293745040893555e+00
1.665960788726806641e+00
1.728583335876464844e+00
1.631908655166625977e+00
1.587784528732299805e+00
1.599993705749511719e+00
1.594170808792114258e+00
1.587075948715209961e+00
1.614166259765625000e+00
1.596961021423339844e+00
1.607498884201049805e+00
1.603370904922485352e+00
1.598521947860717773e+00
1.625169754028320312e+00
1.590202808380126953e+00
1.563021183013916016e+00
1.587420701980590820e+00
1.581731081008911133e+00
1.582329750061035156e+00
1.584573030471801758e+00
1.642912864685058594e+00
1.721231698989868164e+00
1.755895614624023438e+00
1.698904991149902344e+00
1.638971090316772461e+00
1.640196323394775391e+00
1.673796892166137695e+00
1.734746217727661133e+00
1.684030294418334961e+00
1.719636917114257812e+00
1.781659126281738281e+00
1.812615156173706055e+00
1.813200235366821289e+00
1.633472204208374023e+00
1.621495485305786133e+00
1.637122631072998047e+00
1.638220071792602539e+00
1.623736381530761719e+00
1.593376636505126953e+00
1.593729496002197266e+00
1.714371204376220703e+00
1.689461231231689453e+00
1.702654838562011719e+00
1.602811098098754883e+00
1.574335336685180664e+00
1.600476026535034180e+00
1.568284511566162109e+00
1.619358539581298828e+00
1.609549283981323242e+00
1.566195964813232422e+00
1.730932712554931641e+00
1.740181446075439453e+00
1.702742576599121094e+00
1.735824346542358398e+00
1.683161258697509766e+00
1.835492610931396484e+00
1.764514684677124023e+00
1.775238037109375000e+00
1.669989109039306641e+00
1.773058652877807617e+00
1.737190723419189453e+00
1.753689050674438477e+00
1.719197273254394531e+00
1.782775640487670898e+00
1.625718116760253906e+00
1.625692844390869141e+00
1.724623680114746094e+00
1.678087472915649414e+00
1.583886623382568359e+00
1.784388065338134766e+00
1.705497026443481445e+00
1.721881628036499023e+00
1.656241416931152344e+00
1.634979248046875000e+00
1.677013397216796875e+00
1.598095417022705078e+00
1.602000951766967773e+00
1.647969961166381836e+00
1.634216547012329102e+00
1.719188690185546875e+00
1.852225542068481445e+00
1.730522871017456055e+00
1.763234138488769531e+00
1.708729267120361328e+00
1.766568422317504883e+00
1.752625465393066406e+00
1.832677841186523438e+00
1.809988260269165039e+00
1.693049192428588867e+00
1.752343893051147461e+00
1.665272235870361328e+00
1.642356395721435547e+00
1.720632791519165039e+00
1.744099617004394531e+00
1.786134719848632812e+00
1.778966188430786133e+00
1.623915195465087891e+00
1.645259141921997070e+00
1.623235225677490234e+00
1.656527519226074219e+00
1.630348443984985352e+00
1.628223657608032227e+00
1.613822937011718750e+00
1.625258684158325195e+00
1.654642105102539062e+00
1.646109104156494141e+00
1.716461181640625000e+00
1.731048107147216797e+00
1.721846103668212891e+00
1.714383840560913086e+00
1.747050523757934570e+00
1.714905738830566406e+00
1.723578929901123047e+00
1.692324161529541016e+00
