2.132994852447509970e+00
1.946910756301879930e+00
1.842524558258056722e+00
1.789925392913818358e+00
1.707572706985473587e+00
1.601191171836853000e+00
1.545335387229919366e+00
1.440938006973266683e+00
1.358361857032775788e+00
1.316480424118041892e+00
1.219562608718872010e+00
1.212161538505554192e+00
1.139335483169555685e+00
1.097395889663696389e+00
1.052825881958007859e+00
1.008599903106689455e+00
9.530062107086181289e-01
9.170253784179687173e-01
9.083631514072417756e-01
8.481391946792602443e-01
8.484410751342773560e-01
7.903102394104003503e-01
7.670855292797088554e-01
7.474576335906982782e-01
7.293394138336181109e-01
7.116927607536316369e-01
7.065745180130005298e-01
6.860609268188476717e-01
6.880963147640227762e-01
6.630477996826171783e-01
6.493151326656341205e-01
6.305396018981933581e-01
6.311485454559325747e-01
6.295828268408775186e-01
5.994060075759887196e-01
5.831353520512581046e-01
5.796514710426330375e-01
5.556750489234923984e-01
5.542749025344848590e-01
5.687140534877777043e-01
5.526956710815429386e-01
5.627223157882690341e-01
5.641592916488646914e-01
5.482532317161560309e-01
5.312224645614623819e-01
5.174461265563964352e-01
5.398493444442749034e-01
5.068656021118164157e-01
5.342923598289489595e-01
4.868383770942688038e-01
4.806377853870391625e-01
4.733642398834228548e-01
4.653224609613418328e-01
4.661642580509186007e-01
4.571157918930053854e-01
4.530321073532104226e-01
4.750955000877380430e-01
4.840496568679809597e-01
4.692868577003478925e-01
4.543436767578125091e-01
4.484478811264038245e-01
4.533284899711608751e-01
4.423206451416015761e-01
4.544178415775299018e-01
4.317120651721954583e-01
4.494578191757201968e-01
4.701404417037963746e-01
4.322973978519439875e-01
4.301524577140808381e-01
4.317576414108276195e-01
4.491659660339355487e-01
4.394974100589752464e-01
4.295195447921753007e-01
4.468485318183899047e-01
4.498979862987995126e-01
4.067455894470214939e-01
4.151607304573058932e-01
4.286615216732025391e-01
4.057237512588500739e-01
4.290516382217407498e-01
4.073257174491882182e-01
4.031906705856323492e-01
3.226806088566779862e-01
2.941886102676391501e-01
3.087224351882934537e-01
3.123265639305114472e-01
3.093412213325500426e-01
2.973217643737792737e-01
2.985058885574340959e-01
2.849036849260330184e-01
2.925515668869018704e-01
2.984427066802978756e-01
2.624894552469253517e-01
2.906818373203277628e-01
2.973671733856201316e-01
2.907050660133361775e-01
2.828382205009460360e-01
2.890550949096679645e-01
2.783992930889129802e-01
2.815653266429901103e-01
2.687898282051086607e-01
2.608945435225963339e-01
2.870222929000854628e-01
2.782340528488159159e-01
2.691720524787902802e-01
2.705060698091983906e-01
2.758444896042346883e-01
2.691030700683593735e-01
2.723312403678894156e-01
2.774702356815338389e-01
2.733485760688781907e-01
2.777170441627502262e-01
2.824884832084179065e-01
2.688057571411132662e-01
2.635295846939086917e-01
2.681569093704223583e-01
2.728375997543334708e-01
2.668021481037139986e-01
2.620574040651321157e-01
2.636190105438232512e-01
2.647632052898407085e-01
2.674755578041076443e-01
2.577056240081787020e-01
2.648125318527221883e-01
2.585238132715225179e-01
2.571641033172607504e-01
2.507493370056152471e-01
2.682324109554291014e-01
2.531285733222961576e-01
2.598426680862903626e-01
2.784273765087127428e-01
2.573529232501983732e-01
2.545134476184844896e-01
2.372226434469223155e-01
2.488941453635692691e-01
2.542555993080138910e-01
2.548161357402801697e-01
2.599952921390533689e-01
2.546970705032348681e-01
2.761230084419250552e-01
2.457424864888191340e-01
2.602189000129699892e-01
2.573716758608818322e-01
2.677879747152328571e-01
2.562024862289428717e-01
2.708271036148071076e-01
2.674518703460693203e-01
2.688654498696327333e-01
2.554032641410827753e-01
2.567738814592361307e-01
2.600291334152221578e-01
2.548935520887374850e-01
2.615048098087310868e-01
2.526369986534118817e-01
2.560286746561526994e-01
2.576152355909347436e-01
2.497100056648254296e-01
2.540946280479431385e-01
2.816645647048950374e-01
2.674480744361877327e-01
2.469290636062622113e-01
2.520490416526794397e-01
2.569739749908447335e-01
2.669821410655975336e-01
2.545095781803131119e-01
2.662704730987549007e-01
2.583518718719482465e-01
2.611357523202896269e-01
2.618204627037048482e-01
2.569658526659011621e-01
2.664799585342407240e-01
2.628340368747711375e-01
2.622987974405288636e-01
2.690976927280426256e-01
2.676348163127899027e-01
2.529505321025848352e-01
2.585822467327117957e-01
2.579930117130279643e-01
2.502996948242187658e-01
2.547474689602851616e-01
2.422281465888023455e-01
2.615773985028266857e-01
2.618518531322479026e-01
2.614483255386352289e-01
2.613800999641418543e-01
2.517503206253051684e-01
2.537014618396759014e-01
2.592723549842834707e-01
2.696640869140625174e-01
2.677221663475036761e-01
2.386273690581321716e-01
2.718459664344787807e-01
2.507958422183990677e-01
2.714387814760207962e-01
2.546087041378021221e-01
2.734294770240783823e-01
2.552384894371032553e-01
2.475091662406921356e-01
2.540716757297515893e-01
2.606097616195678923e-01
