2.561759948730468750e-02
2.136659622192382812e-02
1.960849761962890625e-02
1.976442337036132812e-02
2.081155776977539062e-02
2.153778076171875000e-02
1.979994773864746094e-02
2.067303657531738281e-02
2.003693580627441406e-02
1.973700523376464844e-02
2.061104774475097656e-02
2.084994316101074219e-02
2.011537551879882812e-02
2.118778228759765625e-02
1.874089241027832031e-02
2.062845230102539062e-02
1.867508888244628906e-02
1.978778839111328125e-02
1.868057250976562500e-02
1.925492286682128906e-02
1.924371719360351562e-02
1.854896545410156250e-02
1.877188682556152344e-02
1.939678192138671875e-02
1.840376853942871094e-02
1.841855049133300781e-02
1.712656021118164062e-02
1.739287376403808594e-02
1.725244522094726562e-02
1.805257797241210938e-02
1.870107650756835938e-02
1.895332336425781250e-02
1.953363418579101562e-02
1.970028877258300781e-02
1.850628852844238281e-02
2.116703987121582031e-02
1.895070075988769531e-02
1.969003677368164062e-02
2.074313163757324219e-02
1.923251152038574219e-02
1.710128784179687500e-02
1.889085769653320312e-02
1.798081398010253906e-02
1.960873603820800781e-02
1.843500137329101562e-02
1.899623870849609375e-02
1.796793937683105469e-02
1.885652542114257812e-02
1.843070983886718750e-02
1.997923851013183594e-02
1.974368095397949219e-02
1.799607276916503906e-02
1.884412765502929688e-02
1.910042762756347656e-02
1.982355117797851562e-02
2.145814895629882812e-02
1.898312568664550781e-02
1.892495155334472656e-02
1.793122291564941406e-02
1.808476448059082031e-02
1.866126060485839844e-02
1.947093009948730469e-02
1.968359947204589844e-02
1.934099197387695312e-02
1.992750167846679688e-02
1.952838897705078125e-02
2.040004730224609375e-02
1.848268508911132812e-02
1.835417747497558594e-02
1.955652236938476562e-02
1.970124244689941406e-02
1.935100555419921875e-02
1.842975616455078125e-02
1.883316040039062500e-02
1.881051063537597656e-02
1.834630966186523438e-02
1.945471763610839844e-02
1.901936531066894531e-02
1.879501342773437500e-02
1.886606216430664062e-02
1.971173286437988281e-02
1.901364326477050781e-02
1.841092109680175781e-02
1.852369308471679688e-02
1.802968978881835938e-02
1.855325698852539062e-02
1.798915863037109375e-02
1.820373535156250000e-02
1.887631416320800781e-02
2.135968208312988281e-02
1.939272880554199219e-02
1.955270767211914062e-02
1.996016502380371094e-02
1.992964744567871094e-02
1.901125907897949219e-02
2.158188819885253906e-02
1.992201805114746094e-02
2.053332328796386719e-02
2.072978019714355469e-02
2.041721343994140625e-02
2.113866806030273438e-02
2.073812484741210938e-02
2.043986320495605469e-02
2.001905441284179688e-02
1.897072792053222656e-02
2.064180374145507812e-02
1.977610588073730469e-02
2.011704444885253906e-02
2.021408081054687500e-02
1.940083503723144531e-02
1.946687698364257812e-02
2.049398422241210938e-02
2.136921882629394531e-02
2.114009857177734375e-02
2.043628692626953125e-02
2.023839950561523438e-02
2.001547813415527344e-02
2.005100250244140625e-02
2.094173431396484375e-02
2.030754089355468750e-02
2.023482322692871094e-02
2.015709877014160156e-02
1.996803283691406250e-02
2.198982238769531250e-02
2.017807960510253906e-02
2.043271064758300781e-02
2.001261711120605469e-02
2.006006240844726562e-02
1.990652084350585938e-02
2.002906799316406250e-02
2.049589157104492188e-02
1.995158195495605469e-02
1.916551589965820312e-02
1.762914657592773438e-02
1.876187324523925781e-02
1.943278312683105469e-02
2.057433128356933594e-02
2.065300941467285156e-02
1.923966407775878906e-02
2.081704139709472656e-02
2.044630050659179688e-02
2.040886878967285156e-02
2.065420150756835938e-02
1.977825164794921875e-02
2.104258537292480469e-02
1.921892166137695312e-02
1.846623420715332031e-02
1.841115951538085938e-02
1.777172088623046875e-02
1.838898658752441406e-02
1.877808570861816406e-02
1.920700073242187500e-02
2.024793624877929688e-02
2.254819869995117188e-02
2.009081840515136719e-02
2.040791511535644531e-02
1.842927932739257812e-02
2.107453346252441406e-02
1.979231834411621094e-02
2.152705192565917969e-02
1.945328712463378906e-02
1.947188377380371094e-02
1.937627792358398438e-02
1.950788497924804688e-02
1.945948600769042969e-02
1.882123947143554688e-02
1.872658729553222656e-02
1.937198638916015625e-02
2.032899856567382812e-02
2.055048942565917969e-02
1.910138130187988281e-02
1.884913444519042969e-02
1.868915557861328125e-02
1.782393455505371094e-02
1.866912841796875000e-02
2.063632011413574219e-02
1.808166503906250000e-02
1.900196075439453125e-02
1.768112182617187500e-02
1.790857315063476562e-02
1.785016059875488281e-02
1.819896697998046875e-02
1.844310760498046875e-02
1.915049552917480469e-02
1.884913444519042969e-02
1.963639259338378906e-02
1.867747306823730469e-02
1.898908615112304688e-02
1.903343200683593750e-02
1.836729049682617188e-02
1.777863502502441406e-02
2.030396461486816406e-02
1.945710182189941406e-02
2.026200294494628906e-02
1.952266693115234375e-02
1.896286010742187500e-02
1.848220825195312500e-02
1.426863670349121094e-02
5.348205566406250000e-03
5.515813827514648438e-03
