1.776000000000000156e+01
2.480000000000000071e+01
3.087999999999999901e+01
3.552000000000000313e+01
3.675999999999999801e+01
4.220000000000000284e+01
4.432000000000000028e+01
4.915999999999999659e+01
5.179999999999999716e+01
5.479999999999999716e+01
5.615999999999999659e+01
5.935999999999999943e+01
6.271999999999999886e+01
6.328000000000000114e+01
6.379999999999999716e+01
6.607999999999999829e+01
6.707999999999999829e+01
6.959999999999999432e+01
6.979999999999999716e+01
7.204000000000000625e+01
7.164000000000000057e+01
7.307999999999999829e+01
7.376000000000000512e+01
7.464000000000000057e+01
7.464000000000000057e+01
7.515999999999999659e+01
7.535999999999999943e+01
7.551999999999999602e+01
7.712000000000000455e+01
7.764000000000000057e+01
7.800000000000000000e+01
7.868000000000000682e+01
7.871999999999999886e+01
7.951999999999999602e+01
7.900000000000000000e+01
8.043999999999999773e+01
7.820000000000000284e+01
7.900000000000000000e+01
8.120000000000000284e+01
8.115999999999999659e+01
7.935999999999999943e+01
7.992000000000000171e+01
8.071999999999999886e+01
8.200000000000000000e+01
8.340000000000000568e+01
8.059999999999999432e+01
8.271999999999999886e+01
8.264000000000000057e+01
8.207999999999999829e+01
8.179999999999999716e+01
8.328000000000000114e+01
8.364000000000000057e+01
8.268000000000000682e+01
8.348000000000000398e+01
8.295999999999999375e+01
8.392000000000000171e+01
8.548000000000000398e+01
8.384000000000000341e+01
8.359999999999999432e+01
8.420000000000000284e+01
8.484000000000000341e+01
8.407999999999999829e+01
8.471999999999999886e+01
8.407999999999999829e+01
8.428000000000000114e+01
8.423999999999999488e+01
8.515999999999999659e+01
8.595999999999999375e+01
8.592000000000000171e+01
8.551999999999999602e+01
8.579999999999999716e+01
8.600000000000000000e+01
8.559999999999999432e+01
8.659999999999999432e+01
8.604000000000000625e+01
8.635999999999999943e+01
8.612000000000000455e+01
8.604000000000000625e+01
8.615999999999999659e+01
8.756000000000000227e+01
8.771999999999999886e+01
8.676000000000000512e+01
8.964000000000000057e+01
9.035999999999999943e+01
9.023999999999999488e+01
9.068000000000000682e+01
9.068000000000000682e+01
9.104000000000000625e+01
9.071999999999999886e+01
9.092000000000000171e+01
9.059999999999999432e+01
9.159999999999999432e+01
9.079999999999999716e+01
9.100000000000000000e+01
9.040000000000000568e+01
9.140000000000000568e+01
9.087999999999999545e+01
9.068000000000000682e+01
9.143999999999999773e+01
9.068000000000000682e+01
9.068000000000000682e+01
9.100000000000000000e+01
9.100000000000000000e+01
9.104000000000000625e+01
9.100000000000000000e+01
9.092000000000000171e+01
9.100000000000000000e+01
9.104000000000000625e+01
9.056000000000000227e+01
9.156000000000000227e+01
9.131999999999999318e+01
9.120000000000000284e+01
9.107999999999999829e+01
9.079999999999999716e+01
9.115999999999999659e+01
9.204000000000000625e+01
9.087999999999999545e+01
9.159999999999999432e+01
9.076000000000000512e+01
9.115999999999999659e+01
9.140000000000000568e+01
9.168000000000000682e+01
9.159999999999999432e+01
9.168000000000000682e+01
9.223999999999999488e+01
9.140000000000000568e+01
9.135999999999999943e+01
9.151999999999999602e+01
9.100000000000000000e+01
9.151999999999999602e+01
9.107999999999999829e+01
9.215999999999999659e+01
9.140000000000000568e+01
9.171999999999999886e+01
9.131999999999999318e+01
9.176000000000000512e+01
9.168000000000000682e+01
9.179999999999999716e+01
9.143999999999999773e+01
9.131999999999999318e+01
9.228000000000000114e+01
9.107999999999999829e+01
9.204000000000000625e+01
9.151999999999999602e+01
9.131999999999999318e+01
9.092000000000000171e+01
9.143999999999999773e+01
9.120000000000000284e+01
9.131999999999999318e+01
9.107999999999999829e+01
9.168000000000000682e+01
9.156000000000000227e+01
9.243999999999999773e+01
9.179999999999999716e+01
9.104000000000000625e+01
9.135999999999999943e+01
9.192000000000000171e+01
9.176000000000000512e+01
9.079999999999999716e+01
9.084000000000000341e+01
9.220000000000000284e+01
9.151999999999999602e+01
9.095999999999999375e+01
9.156000000000000227e+01
9.087999999999999545e+01
9.207999999999999829e+01
9.128000000000000114e+01
9.212000000000000455e+01
9.220000000000000284e+01
9.131999999999999318e+01
9.123999999999999488e+01
9.143999999999999773e+01
9.204000000000000625e+01
9.107999999999999829e+01
9.156000000000000227e+01
9.176000000000000512e+01
9.131999999999999318e+01
9.100000000000000000e+01
9.115999999999999659e+01
9.140000000000000568e+01
9.148000000000000398e+01
9.159999999999999432e+01
9.123999999999999488e+01
9.212000000000000455e+01
9.192000000000000171e+01
9.156000000000000227e+01
9.084000000000000341e+01
9.204000000000000625e+01
9.143999999999999773e+01
9.115999999999999659e+01
9.184000000000000341e+01
9.112000000000000455e+01
9.104000000000000625e+01
9.235999999999999943e+01
9.168000000000000682e+01
9.179999999999999716e+01
9.187999999999999545e+01
9.151999999999999602e+01
9.148000000000000398e+01
9.151999999999999602e+01
