1.698885202407836914e+00
4.725995063781738281e-01
5.767867565155029297e-01
5.530369281768798828e-01
5.471539497375488281e-01
4.820828437805175781e-01
4.533488750457763672e-01
4.428284168243408203e-01
4.403030872344970703e-01
5.271306037902832031e-01
5.345244407653808594e-01
5.273795127868652344e-01
5.978934764862060547e-01
4.626429080963134766e-01
4.630467891693115234e-01
4.420149326324462891e-01
5.004792213439941406e-01
4.423475265502929688e-01
4.774136543273925781e-01
5.394163131713867188e-01
4.890789985656738281e-01
4.879198074340820312e-01
4.676403999328613281e-01
4.396889209747314453e-01
4.721546173095703125e-01
5.084621906280517578e-01
5.562446117401123047e-01
5.486791133880615234e-01
5.051076412200927734e-01
5.120611190795898438e-01
4.393279552459716797e-01
4.403979778289794922e-01
4.404337406158447266e-01
4.404256343841552734e-01
4.401738643646240234e-01
4.375331401824951172e-01
4.369821548461914062e-01
4.401323795318603516e-01
4.444723129272460938e-01
5.429997444152832031e-01
5.397152900695800781e-01
4.860358238220214844e-01
4.417760372161865234e-01
4.419913291931152344e-01
4.577772617340087891e-01
5.387358665466308594e-01
4.837431907653808594e-01
5.134885311126708984e-01
5.551583766937255859e-01
5.363285541534423828e-01
4.931435585021972656e-01
5.106337070465087891e-01
5.193743705749511719e-01
5.534682273864746094e-01
5.391538143157958984e-01
5.015678405761718750e-01
5.015420913696289062e-01
5.153295993804931641e-01
4.632165431976318359e-01
5.187406539916992188e-01
4.985303878784179688e-01
5.390005111694335938e-01
5.117006301879882812e-01
5.422501564025878906e-01
5.481166839599609375e-01
5.275728702545166016e-01
4.952633380889892578e-01
5.310070514678955078e-01
4.524292945861816406e-01
4.404714107513427734e-01
4.503340721130371094e-01
4.823176860809326172e-01
5.279948711395263672e-01
4.850165843963623047e-01
4.661734104156494141e-01
5.390570163726806641e-01
5.868372917175292969e-01
5.129754543304443359e-01
5.367720127105712891e-01
6.067109107971191406e-01
5.378897190093994141e-01
5.483989715576171875e-01
5.512902736663818359e-01
5.484838485717773438e-01
4.909043312072753906e-01
5.305495262145996094e-01
4.729440212249755859e-01
4.405157566070556641e-01
5.115654468536376953e-01
5.246450901031494141e-01
4.507679939270019531e-01
4.376351833343505859e-01
4.921581745147705078e-01
5.167429447174072266e-01
5.013558864593505859e-01
4.367768764495849609e-01
4.296743869781494141e-01
4.310724735260009766e-01
4.308817386627197266e-01
4.312400817871093750e-01
4.306793212890625000e-01
4.305248260498046875e-01
4.293212890625000000e-01
4.469358921051025391e-01
4.834244251251220703e-01
4.648225307464599609e-01
4.897108078002929688e-01
4.894490242004394531e-01
4.937348365783691406e-01
4.923076629638671875e-01
4.769299030303955078e-01
4.812808036804199219e-01
4.360468387603759766e-01
4.694972038269042969e-01
4.692504405975341797e-01
4.845223426818847656e-01
4.595465660095214844e-01
4.378600120544433594e-01
4.355783462524414062e-01
4.996473789215087891e-01
4.372053146362304688e-01
4.347951412200927734e-01
4.348301887512207031e-01
4.375789165496826172e-01
4.350786209106445312e-01
4.370524883270263672e-01
4.461956024169921875e-01
4.364283084869384766e-01
4.364080429077148438e-01
4.371461868286132812e-01
4.822921752929687500e-01
5.066626071929931641e-01
5.019869804382324219e-01
5.083758831024169922e-01
5.017027854919433594e-01
5.000839233398437500e-01
4.834353923797607422e-01
5.120830535888671875e-01
5.360021591186523438e-01
5.455193519592285156e-01
5.306780338287353516e-01
5.499753952026367188e-01
5.320611000061035156e-01
5.474655628204345703e-01
5.041890144348144531e-01
5.244884490966796875e-01
5.567374229431152344e-01
5.348975658416748047e-01
4.738092422485351562e-01
5.658826828002929688e-01
5.111379623413085938e-01
5.756914615631103516e-01
5.522778034210205078e-01
4.711935520172119141e-01
4.694323539733886719e-01
4.731149673461914062e-01
4.619131088256835938e-01
4.793643951416015625e-01
4.705374240875244141e-01
4.735813140869140625e-01
5.285205841064453125e-01
4.662013053894042969e-01
4.350707530975341797e-01
4.363114833831787109e-01
5.054433345794677734e-01
5.480947494506835938e-01
5.220658779144287109e-01
5.275294780731201172e-01
4.727306365966796875e-01
5.079951286315917969e-01
4.328813552856445312e-01
4.335136413574218750e-01
4.325859546661376953e-01
4.336423873901367188e-01
4.345536231994628906e-01
4.353342056274414062e-01
4.348924160003662109e-01
4.338667392730712891e-01
4.585094451904296875e-01
4.719958305358886719e-01
4.955241680145263672e-01
5.060441493988037109e-01
4.921996593475341797e-01
4.994125366210937500e-01
4.993824958801269531e-01
4.768271446228027344e-01
4.448277950286865234e-01
4.353134632110595703e-01
4.614698886871337891e-01
5.025594234466552734e-01
5.209188461303710938e-01
4.933128356933593750e-01
4.965591430664062500e-01
5.133645534515380859e-01
5.082283020019531250e-01
5.017936229705810547e-01
5.707974433898925781e-01
5.597898960113525391e-01
5.458011627197265625e-01
5.093860626220703125e-01
