3.134129047393798828e+00
1.737177133560180664e+00
1.743546009063720703e+00
1.801126718521118164e+00
1.739242076873779297e+00
1.717470645904541016e+00
1.620535373687744141e+00
1.597054481506347656e+00
1.611883878707885742e+00
1.754473447799682617e+00
1.773006200790405273e+00
1.731581687927246094e+00
1.825393438339233398e+00
1.618292570114135742e+00
1.615800619125366211e+00
1.589668035507202148e+00
1.662693500518798828e+00
1.610089778900146484e+00
1.648069620132446289e+00
1.715613126754760742e+00
1.626896619796752930e+00
1.715539455413818359e+00
1.676682233810424805e+00
1.580558300018310547e+00
1.657380342483520508e+00
1.768469810485839844e+00
1.738980531692504883e+00
1.729354381561279297e+00
1.661506414413452148e+00
1.697453022003173828e+00
1.587797641754150391e+00
1.573223352432250977e+00
1.549053430557250977e+00
1.581424713134765625e+00
1.592302560806274414e+00
1.570781469345092773e+00
1.578498363494873047e+00
1.563234090805053711e+00
1.593343257904052734e+00
1.755915641784667969e+00
1.726587057113647461e+00
1.714426994323730469e+00
1.609147787094116211e+00
1.621154069900512695e+00
1.615622758865356445e+00
1.733490705490112305e+00
1.642215967178344727e+00
1.679478168487548828e+00
1.690525770187377930e+00
1.694481134414672852e+00
1.637699604034423828e+00
1.740449428558349609e+00
1.766841650009155273e+00
1.797865152359008789e+00
1.700984954833984375e+00
1.713835716247558594e+00
1.717674732208251953e+00
1.712678432464599609e+00
1.614614486694335938e+00
1.784729719161987305e+00
1.684105873107910156e+00
1.726353883743286133e+00
1.695011377334594727e+00
1.774910926818847656e+00
1.688700675964355469e+00
1.703368186950683594e+00
1.727143764495849609e+00
1.801034927368164062e+00
1.649302721023559570e+00
1.580025911331176758e+00
1.576621770858764648e+00
1.662453651428222656e+00
1.730014085769653320e+00
1.642124176025390625e+00
1.636164188385009766e+00
1.752410173416137695e+00
1.792750358581542969e+00
1.708034753799438477e+00
1.746693849563598633e+00
1.734102964401245117e+00
1.705457687377929688e+00
1.724827051162719727e+00
1.730903148651123047e+00
1.708637237548828125e+00
1.675137519836425781e+00
1.686407804489135742e+00
1.670035123825073242e+00
1.601632118225097656e+00
1.684177398681640625e+00
1.678930759429931641e+00
1.634611606597900391e+00
1.595702171325683594e+00
1.715925216674804688e+00
1.666353940963745117e+00
1.673650503158569336e+00
1.590851068496704102e+00
1.575282812118530273e+00
1.552556276321411133e+00
1.567594528198242188e+00
1.594929695129394531e+00
1.546574115753173828e+00
1.545900821685791016e+00
1.529390096664428711e+00
1.618622541427612305e+00
1.664108037948608398e+00
1.678696393966674805e+00
1.756907939910888672e+00
1.744705200195312500e+00
1.705598831176757812e+00
1.661819696426391602e+00
1.610021591186523438e+00
1.689434528350830078e+00
1.570827722549438477e+00
1.644450902938842773e+00
1.647147417068481445e+00
1.713578939437866211e+00
1.639638662338256836e+00
1.602990865707397461e+00
1.552891969680786133e+00
1.627199411392211914e+00
1.583025455474853516e+00
1.595209360122680664e+00
1.553252220153808594e+00
1.564885139465332031e+00
1.549634456634521484e+00
1.562180519104003906e+00
1.583865404129028320e+00
1.577026844024658203e+00
1.598776340484619141e+00
1.583351850509643555e+00
1.706950902938842773e+00
1.734875679016113281e+00
1.749556064605712891e+00
1.752179145812988281e+00
1.739591598510742188e+00
1.726487636566162109e+00
1.676064252853393555e+00
1.640504121780395508e+00
1.652779102325439453e+00
1.668732166290283203e+00
1.693068504333496094e+00
1.705667257308959961e+00
1.733955383300781250e+00
1.717859745025634766e+00
1.627835988998413086e+00
1.707555294036865234e+00
1.779050350189208984e+00
1.754789352416992188e+00
1.669616222381591797e+00
1.785264730453491211e+00
1.741154909133911133e+00
1.796331405639648438e+00
1.737624645233154297e+00
1.627740621566772461e+00
1.623960494995117188e+00
1.640476465225219727e+00
1.607807159423828125e+00
1.616081714630126953e+00
1.653008699417114258e+00
1.680795669555664062e+00
1.740103244781494141e+00
1.635602712631225586e+00
1.562366962432861328e+00
1.604156970977783203e+00
1.662438869476318359e+00
1.690916299819946289e+00
1.675135374069213867e+00
1.677421331405639648e+00
1.622336149215698242e+00
1.684076786041259766e+00
1.593438386917114258e+00
1.561845779418945312e+00
1.569891691207885742e+00
1.561315774917602539e+00
1.551900386810302734e+00
1.577764987945556641e+00
1.570428848266601562e+00
1.557131767272949219e+00
1.618542194366455078e+00
1.667674541473388672e+00
1.709888935089111328e+00
1.687202215194702148e+00
1.705641746520996094e+00
1.701800584793090820e+00
1.751558303833007812e+00
1.677269220352172852e+00
1.623395204544067383e+00
1.610112190246582031e+00
1.691605091094970703e+00
1.705823421478271484e+00
1.685509681701660156e+00
1.706418514251708984e+00
1.752401113510131836e+00
1.778728246688842773e+00
1.738259315490722656e+00
1.696969509124755859e+00
1.820986032485961914e+00
1.815866470336914062e+00
1.744910240173339844e+00
1.603080987930297852e+00
