2.189898490905761719e-02
2.333593368530273438e-02
2.026867866516113281e-02
2.081322669982910156e-02
2.088236808776855469e-02
2.120804786682128906e-02
2.168869972229003906e-02
2.164626121520996094e-02
2.127671241760253906e-02
2.100634574890136719e-02
2.207684516906738281e-02
2.216196060180664062e-02
2.126479148864746094e-02
2.141666412353515625e-02
1.987099647521972656e-02
2.010083198547363281e-02
1.938652992248535156e-02
1.936507225036621094e-02
2.059626579284667969e-02
2.024054527282714844e-02
2.136182785034179688e-02
2.054715156555175781e-02
2.038192749023437500e-02
1.948046684265136719e-02
1.987528800964355469e-02
2.133250236511230469e-02
2.201318740844726562e-02
2.137517929077148438e-02
2.096843719482421875e-02
2.081298828125000000e-02
1.962924003601074219e-02
1.880717277526855469e-02
1.874399185180664062e-02
1.836204528808593750e-02
1.980733871459960938e-02
2.135610580444335938e-02
1.915359497070312500e-02
1.957368850708007812e-02
1.988363265991210938e-02
1.957178115844726562e-02
2.072739601135253906e-02
2.066135406494140625e-02
1.882553100585937500e-02
1.945757865905761719e-02
2.124261856079101562e-02
2.073359489440917969e-02
1.851630210876464844e-02
2.019095420837402344e-02
1.910853385925292969e-02
2.101230621337890625e-02
2.003645896911621094e-02
2.017521858215332031e-02
2.000308036804199219e-02
2.091240882873535156e-02
2.023553848266601562e-02
2.075481414794921875e-02
1.973462104797363281e-02
1.984763145446777344e-02
1.940655708312988281e-02
2.117371559143066406e-02
1.958203315734863281e-02
1.991796493530273438e-02
1.943826675415039062e-02
2.060222625732421875e-02
1.988792419433593750e-02
2.038192749023437500e-02
1.994252204895019531e-02
2.132201194763183594e-02
1.910972595214843750e-02
1.983022689819335938e-02
1.984500885009765625e-02
2.015995979309082031e-02
1.800465583801269531e-02
1.951599121093750000e-02
1.994347572326660156e-02
1.988530158996582031e-02
1.958870887756347656e-02
2.005434036254882812e-02
1.839470863342285156e-02
1.966786384582519531e-02
2.022337913513183594e-02
2.041339874267578125e-02
1.962184906005859375e-02
1.959824562072753906e-02
2.033376693725585938e-02
1.926994323730468750e-02
1.945328712463378906e-02
1.866245269775390625e-02
1.953577995300292969e-02
2.104449272155761719e-02
1.963233947753906250e-02
2.122473716735839844e-02
1.964521408081054688e-02
2.032160758972167969e-02
2.044534683227539062e-02
2.118206024169921875e-02
2.094578742980957031e-02
2.075099945068359375e-02
1.915073394775390625e-02
2.083444595336914062e-02
1.969480514526367188e-02
2.044773101806640625e-02
2.181005477905273438e-02
2.141547203063964844e-02
1.989483833312988281e-02
2.103805541992187500e-02
2.045893669128417969e-02
1.967954635620117188e-02
1.955914497375488281e-02
1.899623870849609375e-02
1.878237724304199219e-02
2.066421508789062500e-02
2.000093460083007812e-02
1.967787742614746094e-02
1.959753036499023438e-02
2.155780792236328125e-02
1.927590370178222656e-02
2.023863792419433594e-02
1.934885978698730469e-02
2.068758010864257812e-02
2.157020568847656250e-02
2.190518379211425781e-02
2.075242996215820312e-02
2.032780647277832031e-02
2.054071426391601562e-02
2.173733711242675781e-02
2.067828178405761719e-02
2.057337760925292969e-02
2.026772499084472656e-02
1.976895332336425781e-02
1.967597007751464844e-02
1.981353759765625000e-02
2.031397819519042969e-02
2.115869522094726562e-02
1.997637748718261719e-02
1.987433433532714844e-02
2.180695533752441406e-02
1.966714859008789062e-02
2.036213874816894531e-02
1.990723609924316406e-02
1.901102066040039062e-02
1.948618888854980469e-02
1.975417137145996094e-02
1.975703239440917969e-02
1.942968368530273438e-02
2.016067504882812500e-02
1.976227760314941406e-02
2.027654647827148438e-02
1.918148994445800781e-02
2.034592628479003906e-02
2.013087272644042969e-02
2.019739151000976562e-02
1.918530464172363281e-02
2.094101905822753906e-02
1.984500885009765625e-02
1.904940605163574219e-02
1.814055442810058594e-02
2.057480812072753906e-02
1.985740661621093750e-02
2.006816864013671875e-02
2.003216743469238281e-02
1.998257637023925781e-02
2.000331878662109375e-02
2.019715309143066406e-02
1.945257186889648438e-02
1.964569091796875000e-02
2.046203613281250000e-02
2.108144760131835938e-02
1.999473571777343750e-02
1.917457580566406250e-02
1.902484893798828125e-02
1.927089691162109375e-02
1.947426795959472656e-02
2.026295661926269531e-02
1.896333694458007812e-02
1.904392242431640625e-02
1.935553550720214844e-02
1.976656913757324219e-02
2.071928977966308594e-02
2.095341682434082031e-02
2.053976058959960938e-02
2.115464210510253906e-02
1.973223686218261719e-02
2.056121826171875000e-02
1.928257942199707031e-02
2.038693428039550781e-02
1.953077316284179688e-02
2.252411842346191406e-02
2.167105674743652344e-02
2.260041236877441406e-02
2.168011665344238281e-02
1.938915252685546875e-02
1.927590370178222656e-02
2.046346664428710938e-02
2.184128761291503906e-02
2.106928825378417969e-02
1.873111724853515625e-02
1.367878913879394531e-02
1.340341567993164062e-02
1.290345191955566406e-02
