1.627566337585449219e+00
5.634353160858154297e-01
5.497763156890869141e-01
5.549228191375732422e-01
5.253019332885742188e-01
5.157575607299804688e-01
5.567274093627929688e-01
5.179111957550048828e-01
4.912414550781250000e-01
4.492270946502685547e-01
5.617761611938476562e-01
5.520730018615722656e-01
4.768128395080566406e-01
4.785711765289306641e-01
5.245471000671386719e-01
5.158429145812988281e-01
4.212329387664794922e-01
4.167687892913818359e-01
4.894216060638427734e-01
4.641811847686767578e-01
5.367543697357177734e-01
5.069386959075927734e-01
5.301513671875000000e-01
5.096211433410644531e-01
4.798991680145263672e-01
5.319466590881347656e-01
5.476338863372802734e-01
4.747681617736816406e-01
5.564129352569580078e-01
5.177099704742431641e-01
4.525115489959716797e-01
4.239873886108398438e-01
4.538624286651611328e-01
4.533116817474365234e-01
5.355484485626220703e-01
5.174429416656494141e-01
5.128140449523925781e-01
5.394744873046875000e-01
5.733516216278076172e-01
5.015783309936523438e-01
4.738631248474121094e-01
4.753100872039794922e-01
4.739632606506347656e-01
4.649097919464111328e-01
4.947521686553955078e-01
4.652812480926513672e-01
4.565851688385009766e-01
4.717710018157958984e-01
4.710037708282470703e-01
4.761447906494140625e-01
4.103038311004638672e-01
4.267976284027099609e-01
4.474105834960937500e-01
5.251352787017822266e-01
5.319488048553466797e-01
4.747121334075927734e-01
4.471962451934814453e-01
4.468002319335937500e-01
4.479351043701171875e-01
5.301749706268310547e-01
5.211243629455566406e-01
4.841332435607910156e-01
5.134439468383789062e-01
5.023787021636962891e-01
5.390086174011230469e-01
5.011456012725830078e-01
4.813270568847656250e-01
5.364737510681152344e-01
5.208988189697265625e-01
5.353965759277343750e-01
5.270183086395263672e-01
4.626843929290771484e-01
4.121649265289306641e-01
4.770777225494384766e-01
5.495116710662841797e-01
5.190074443817138672e-01
5.301730632781982422e-01
4.934096336364746094e-01
5.250661373138427734e-01
5.535814762115478516e-01
5.473470687866210938e-01
5.255801677703857422e-01
4.901371002197265625e-01
4.549503326416015625e-01
4.875843524932861328e-01
4.172031879425048828e-01
4.183938503265380859e-01
4.281125068664550781e-01
4.638030529022216797e-01
4.880385398864746094e-01
4.545278549194335938e-01
4.798417091369628906e-01
5.185925960540771484e-01
5.059211254119873047e-01
5.292592048645019531e-01
5.146956443786621094e-01
5.101904869079589844e-01
5.075311660766601562e-01
4.854099750518798828e-01
4.622244834899902344e-01
4.545311927795410156e-01
4.979841709136962891e-01
5.694315433502197266e-01
5.298366546630859375e-01
5.210752487182617188e-01
5.197944641113281250e-01
4.901661872863769531e-01
4.115414619445800781e-01
5.009279251098632812e-01
4.468300342559814453e-01
4.521348476409912109e-01
5.547218322753906250e-01
4.645872116088867188e-01
4.796011447906494141e-01
4.770748615264892578e-01
5.416126251220703125e-01
5.353584289550781250e-01
5.226039886474609375e-01
4.794023036956787109e-01
4.877853393554687500e-01
5.512688159942626953e-01
4.777715206146240234e-01
4.449517726898193359e-01
4.389357566833496094e-01
4.173891544342041016e-01
4.988601207733154297e-01
5.054254531860351562e-01
4.367907047271728516e-01
4.168555736541748047e-01
4.174067974090576172e-01
4.163568019866943359e-01
4.174790382385253906e-01
4.435150623321533203e-01
5.071702003479003906e-01
4.172699451446533203e-01
4.536883831024169922e-01
5.512838363647460938e-01
4.834918975830078125e-01
4.705572128295898438e-01
5.238337516784667969e-01
4.676811695098876953e-01
4.913897514343261719e-01
5.103931427001953125e-01
4.443764686584472656e-01
4.401509761810302734e-01
5.298118591308593750e-01
5.150315761566162109e-01
4.988813400268554688e-01
4.614281654357910156e-01
4.847736358642578125e-01
4.949338436126708984e-01
4.592790603637695312e-01
4.543585777282714844e-01
4.621989727020263672e-01
4.635269641876220703e-01
4.301576614379882812e-01
4.174005985260009766e-01
5.360414981842041016e-01
5.057289600372314453e-01
4.996235370635986328e-01
4.610452651977539062e-01
4.994804859161376953e-01
4.800384044647216797e-01
5.194432735443115234e-01
4.658753871917724609e-01
5.232048034667968750e-01
4.778370857238769531e-01
4.961652755737304688e-01
4.281711578369140625e-01
4.172141551971435547e-01
4.175479412078857422e-01
4.172055721282958984e-01
4.177787303924560547e-01
4.731352329254150391e-01
4.527025222778320312e-01
4.452359676361083984e-01
4.219174385070800781e-01
4.469597339630126953e-01
4.772555828094482422e-01
5.077862739562988281e-01
4.312324523925781250e-01
4.537003040313720703e-01
4.592013359069824219e-01
4.537892341613769531e-01
4.571387767791748047e-01
4.194531440734863281e-01
4.185705184936523438e-01
4.859864711761474609e-01
4.734189510345458984e-01
4.971992969512939453e-01
5.060982704162597656e-01
5.112254619598388672e-01
4.280369281768798828e-01
4.996914863586425781e-01
5.159997940063476562e-01
4.569034576416015625e-01
4.344542026519775391e-01
4.461843967437744141e-01
4.568488597869873047e-01
4.169464111328125000e-01
