1.648053646087646484e+00
4.973950386047363281e-01
5.270829200744628906e-01
5.113472938537597656e-01
4.429996013641357422e-01
4.388828277587890625e-01
4.272518157958984375e-01
4.302620887756347656e-01
4.460165500640869141e-01
4.327979087829589844e-01
4.288980960845947266e-01
4.283013343811035156e-01
4.306237697601318359e-01
4.302101135253906250e-01
4.630794525146484375e-01
4.246976375579833984e-01
4.846479892730712891e-01
4.274718761444091797e-01
4.270193576812744141e-01
4.307932853698730469e-01
4.339339733123779297e-01
4.251410961151123047e-01
4.253304004669189453e-01
4.281725883483886719e-01
4.541747570037841797e-01
4.707355499267578125e-01
4.332857131958007812e-01
4.260263442993164062e-01
4.269311428070068359e-01
4.277319908142089844e-01
4.267866611480712891e-01
4.489009380340576172e-01
5.777175426483154297e-01
5.253241062164306641e-01
5.626657009124755859e-01
4.815974235534667969e-01
4.574384689331054688e-01
5.442259311676025391e-01
5.030224323272705078e-01
4.995906352996826172e-01
4.914410114288330078e-01
5.175356864929199219e-01
4.556684494018554688e-01
4.544730186462402344e-01
4.561970233917236328e-01
4.545724391937255859e-01
4.577808380126953125e-01
4.543497562408447266e-01
4.550039768218994141e-01
5.280139446258544922e-01
5.520417690277099609e-01
5.179722309112548828e-01
5.052156448364257812e-01
4.839477539062500000e-01
5.009980201721191406e-01
4.673602581024169922e-01
4.659934043884277344e-01
4.817981719970703125e-01
4.890418052673339844e-01
4.312593936920166016e-01
4.886317253112792969e-01
5.114080905914306641e-01
5.559444427490234375e-01
5.529088973999023438e-01
5.445828437805175781e-01
5.316362380981445312e-01
5.632646083831787109e-01
5.525124073028564453e-01
5.132122039794921875e-01
5.326962471008300781e-01
5.054552555084228516e-01
4.692161083221435547e-01
4.542391300201416016e-01
4.804155826568603516e-01
4.842138290405273438e-01
5.189011096954345703e-01
5.459120273590087891e-01
5.129096508026123047e-01
5.500683784484863281e-01
4.711468219757080078e-01
4.379415512084960938e-01
4.777226448059082031e-01
4.788053035736083984e-01
5.509505271911621094e-01
4.407141208648681641e-01
5.120511054992675781e-01
5.255687236785888672e-01
5.708096027374267578e-01
5.424826145172119141e-01
5.462450981140136719e-01
4.570963382720947266e-01
4.995896816253662109e-01
4.965572357177734375e-01
5.026659965515136719e-01
5.154969692230224609e-01
4.907031059265136719e-01
4.841141700744628906e-01
4.939267635345458984e-01
5.041360855102539062e-01
4.943921566009521484e-01
5.211904048919677734e-01
5.241105556488037109e-01
5.354375839233398438e-01
4.553022384643554688e-01
4.355156421661376953e-01
4.377729892730712891e-01
4.376137256622314453e-01
4.359273910522460938e-01
4.799637794494628906e-01
4.944627285003662109e-01
5.063228607177734375e-01
5.217018127441406250e-01
4.353229999542236328e-01
4.366462230682373047e-01
4.352614879608154297e-01
4.320471286773681641e-01
4.378309249877929688e-01
4.392948150634765625e-01
5.423080921173095703e-01
4.604907035827636719e-01
5.246398448944091797e-01
4.630382061004638672e-01
4.442753791809082031e-01
4.436140060424804688e-01
4.406149387359619141e-01
5.075938701629638672e-01
4.928848743438720703e-01
4.540958404541015625e-01
4.852328300476074219e-01
5.147526264190673828e-01
5.312414169311523438e-01
4.324564933776855469e-01
4.861271381378173828e-01
4.439721107482910156e-01
4.811604022979736328e-01
4.402136802673339844e-01
4.453225135803222656e-01
5.212762355804443359e-01
5.942904949188232422e-01
5.576953887939453125e-01
4.905786514282226562e-01
4.373180866241455078e-01
4.300882816314697266e-01
4.372153282165527344e-01
4.800281524658203125e-01
5.054459571838378906e-01
5.497796535491943359e-01
5.205500125885009766e-01
4.924361705780029297e-01
4.859540462493896484e-01
5.209171772003173828e-01
5.457384586334228516e-01
4.881319999694824219e-01
4.790902137756347656e-01
4.951896667480468750e-01
5.093953609466552734e-01
4.806098937988281250e-01
5.002720355987548828e-01
5.762219429016113281e-01
5.742363929748535156e-01
4.787609577178955078e-01
5.108146667480468750e-01
5.647630691528320312e-01
4.732725620269775391e-01
5.177190303802490234e-01
5.549106597900390625e-01
5.709762573242187500e-01
5.430757999420166016e-01
5.049591064453125000e-01
4.964067935943603516e-01
4.923124313354492188e-01
4.973480701446533203e-01
4.848134517669677734e-01
4.923911094665527344e-01
5.059549808502197266e-01
4.963672161102294922e-01
4.429492950439453125e-01
4.418003559112548828e-01
4.414556026458740234e-01
4.448413848876953125e-01
4.402480125427246094e-01
4.419279098510742188e-01
4.403612613677978516e-01
4.398908615112304688e-01
4.402189254760742188e-01
4.396543502807617188e-01
5.174968242645263672e-01
5.430130958557128906e-01
5.612113475799560547e-01
5.074310302734375000e-01
5.262248516082763672e-01
5.643901824951171875e-01
5.691235065460205078e-01
5.132911205291748047e-01
5.426878929138183594e-01
5.381543636322021484e-01
5.262577533721923828e-01
5.091824531555175781e-01
5.385501384735107422e-01
5.409774780273437500e-01
