1.444969892501831055e+00
5.236742496490478516e-01
5.104210376739501953e-01
5.261485576629638672e-01
5.198650360107421875e-01
4.977617263793945312e-01
4.775137901306152344e-01
4.581177234649658203e-01
5.020890235900878906e-01
5.503175258636474609e-01
5.365324020385742188e-01
5.181088447570800781e-01
5.454871654510498047e-01
5.359160900115966797e-01
5.154821872711181641e-01
5.424475669860839844e-01
4.637639522552490234e-01
4.318914413452148438e-01
4.470634460449218750e-01
4.450166225433349609e-01
4.486691951751708984e-01
4.883944988250732422e-01
4.878799915313720703e-01
5.715844631195068359e-01
5.165753364562988281e-01
5.296893119812011719e-01
5.707652568817138672e-01
5.499200820922851562e-01
5.614919662475585938e-01
5.710546970367431641e-01
5.319292545318603516e-01
4.549829959869384766e-01
4.483470916748046875e-01
4.467792510986328125e-01
4.389877319335937500e-01
4.387278556823730469e-01
5.428652763366699219e-01
5.760221481323242188e-01
5.357279777526855469e-01
5.368237495422363281e-01
5.075027942657470703e-01
5.038938522338867188e-01
4.337339401245117188e-01
5.229291915893554688e-01
5.387773513793945312e-01
4.479506015777587891e-01
4.336457252502441406e-01
4.366915225982666016e-01
5.083787441253662109e-01
5.286083221435546875e-01
4.808828830718994141e-01
4.683420658111572266e-01
5.022048950195312500e-01
5.043034553527832031e-01
5.768506526947021484e-01
5.671865940093994141e-01
5.119762420654296875e-01
5.562927722930908203e-01
4.336004257202148438e-01
5.017561912536621094e-01
5.181295871734619141e-01
4.867017269134521484e-01
4.542558193206787109e-01
4.746766090393066406e-01
4.918398857116699219e-01
4.796290397644042969e-01
5.092089176177978516e-01
4.813959598541259766e-01
4.714078903198242188e-01
4.797635078430175781e-01
4.921004772186279297e-01
4.918074607849121094e-01
4.922456741333007812e-01
4.795627593994140625e-01
5.261819362640380859e-01
4.748601913452148438e-01
4.994776248931884766e-01
4.437546730041503906e-01
4.328935146331787109e-01
4.975917339324951172e-01
5.437777042388916016e-01
4.937331676483154297e-01
4.849758148193359375e-01
4.617364406585693359e-01
4.335451126098632812e-01
4.356203079223632812e-01
4.363822937011718750e-01
4.551742076873779297e-01
4.759693145751953125e-01
4.607701301574707031e-01
4.365792274475097656e-01
4.360649585723876953e-01
4.361119270324707031e-01
4.343860149383544922e-01
4.338591098785400391e-01
4.333512783050537109e-01
4.335255622863769531e-01
4.503605365753173828e-01
5.469391345977783203e-01
5.428235530853271484e-01
5.351622104644775391e-01
5.524044036865234375e-01
5.323472023010253906e-01
4.379947185516357422e-01
4.809942245483398438e-01
4.739477634429931641e-01
5.124058723449707031e-01
4.883186817169189453e-01
4.374837875366210938e-01
4.372951984405517578e-01
4.381833076477050781e-01
4.375696182250976562e-01
4.388206005096435547e-01
4.411261081695556641e-01
4.366607666015625000e-01
4.431140422821044922e-01
4.372532367706298828e-01
5.233547687530517578e-01
4.390096664428710938e-01
5.045790672302246094e-01
4.399611949920654297e-01
4.501428604125976562e-01
5.735652446746826172e-01
5.527718067169189453e-01
5.265693664550781250e-01
5.244796276092529297e-01
5.231809616088867188e-01
5.233604907989501953e-01
4.611768722534179688e-01
4.799571037292480469e-01
4.993402957916259766e-01
5.075743198394775391e-01
5.135922431945800781e-01
4.907648563385009766e-01
4.680576324462890625e-01
4.345531463623046875e-01
4.420740604400634766e-01
4.607832431793212891e-01
4.643974304199218750e-01
5.472140312194824219e-01
5.107181072235107422e-01
5.539653301239013672e-01
5.521571636199951172e-01
5.029954910278320312e-01
5.251038074493408203e-01
5.379867553710937500e-01
5.436961650848388672e-01
4.929835796356201172e-01
4.793791770935058594e-01
4.426078796386718750e-01
4.351441860198974609e-01
4.364695549011230469e-01
4.367563724517822266e-01
4.368031024932861328e-01
4.895861148834228516e-01
4.390063285827636719e-01
4.407727718353271484e-01
4.421014785766601562e-01
4.943747520446777344e-01
4.821071624755859375e-01
5.023622512817382812e-01
5.452902317047119141e-01
4.365012645721435547e-01
5.025622844696044922e-01
4.809968471527099609e-01
4.563086032867431641e-01
4.384431838989257812e-01
4.880888462066650391e-01
4.758133888244628906e-01
4.788005352020263672e-01
4.959115982055664062e-01
5.263786315917968750e-01
5.193932056427001953e-01
5.298917293548583984e-01
5.657675266265869141e-01
5.656402111053466797e-01
4.767267704010009766e-01
4.899606704711914062e-01
5.488479137420654297e-01
5.464298725128173828e-01
5.542955398559570312e-01
5.034348964691162109e-01
4.793226718902587891e-01
4.715011119842529297e-01
4.935085773468017578e-01
5.040891170501708984e-01
5.534150600433349609e-01
5.475649833679199219e-01
5.648953914642333984e-01
4.553971290588378906e-01
4.399244785308837891e-01
4.379134178161621094e-01
4.834327697753906250e-01
4.823033809661865234e-01
4.651341438293457031e-01
4.398570060729980469e-01
4.387602806091308594e-01
4.395108222961425781e-01
4.383628368377685547e-01
4.319531917572021484e-01
