3.011164188385009766e+00
1.674443721771240234e+00
1.622380256652832031e+00
1.606343269348144531e+00
1.569084167480468750e+00
1.564674854278564453e+00
1.549688816070556641e+00
1.655431032180786133e+00
1.718056201934814453e+00
1.679961681365966797e+00
1.738658666610717773e+00
1.726036071777343750e+00
1.756776809692382812e+00
1.786646604537963867e+00
1.746493577957153320e+00
1.582352161407470703e+00
1.552226781845092773e+00
1.568270444869995117e+00
1.637012004852294922e+00
1.582130193710327148e+00
1.597714185714721680e+00
1.659854412078857422e+00
1.672447443008422852e+00
1.648747920989990234e+00
1.705961227416992188e+00
1.652589082717895508e+00
1.737445592880249023e+00
1.698177099227905273e+00
1.691063642501831055e+00
1.691965579986572266e+00
1.771784067153930664e+00
1.658208131790161133e+00
1.713603258132934570e+00
1.639827489852905273e+00
1.613377332687377930e+00
1.716691017150878906e+00
1.698717355728149414e+00
1.764454841613769531e+00
1.686670064926147461e+00
1.706431388854980469e+00
1.629919767379760742e+00
1.681121587753295898e+00
1.595312595367431641e+00
1.615370750427246094e+00
1.574858427047729492e+00
1.617028713226318359e+00
1.615572690963745117e+00
1.574883699417114258e+00
1.574772119522094727e+00
1.582978963851928711e+00
1.596521377563476562e+00
1.589044094085693359e+00
1.697335481643676758e+00
1.639600038528442383e+00
1.720947742462158203e+00
1.804723739624023438e+00
1.726955652236938477e+00
1.710028886795043945e+00
1.669275283813476562e+00
1.709296703338623047e+00
1.767807483673095703e+00
1.693342685699462891e+00
1.701458930969238281e+00
1.710726261138916016e+00
1.700023651123046875e+00
1.753051757812500000e+00
1.780289173126220703e+00
1.724974155426025391e+00
1.654346704483032227e+00
1.654730796813964844e+00
1.718909740447998047e+00
1.678144693374633789e+00
1.609619855880737305e+00
1.753624439239501953e+00
1.622023820877075195e+00
1.578379631042480469e+00
1.644206047058105469e+00
1.704941511154174805e+00
1.867830514907836914e+00
1.648284912109375000e+00
1.654039621353149414e+00
1.610980272293090820e+00
1.605921268463134766e+00
1.652183532714843750e+00
1.700824499130249023e+00
1.713786125183105469e+00
1.663474559783935547e+00
1.705819606781005859e+00
1.572377681732177734e+00
1.660115480422973633e+00
1.621192932128906250e+00
1.611367464065551758e+00
1.645893096923828125e+00
1.640134811401367188e+00
1.608243465423583984e+00
1.650092840194702148e+00
1.667854547500610352e+00
1.746336460113525391e+00
1.727402687072753906e+00
1.667048931121826172e+00
1.694534301757812500e+00
1.759821414947509766e+00
1.743127584457397461e+00
1.710264205932617188e+00
1.648493766784667969e+00
1.745343208312988281e+00
1.816522598266601562e+00
1.713682651519775391e+00
1.667790174484252930e+00
1.621715068817138672e+00
1.607146263122558594e+00
1.621344566345214844e+00
1.584498405456542969e+00
1.588968992233276367e+00
1.592439413070678711e+00
1.581259250640869141e+00
1.624113798141479492e+00
1.693650245666503906e+00
1.787769794464111328e+00
1.711812973022460938e+00
1.677422761917114258e+00
1.609233379364013672e+00
1.627108573913574219e+00
1.687001466751098633e+00
1.721190214157104492e+00
1.666706323623657227e+00
1.617502689361572266e+00
1.649651527404785156e+00
1.714714288711547852e+00
1.741963624954223633e+00
1.641073703765869141e+00
1.656061410903930664e+00
1.714903593063354492e+00
1.636211156845092773e+00
1.672033548355102539e+00
1.743440628051757812e+00
1.760776042938232422e+00
1.588986635208129883e+00
1.770373582839965820e+00
1.704052448272705078e+00
1.651083946228027344e+00
1.655213594436645508e+00
1.772461652755737305e+00
1.826475620269775391e+00
1.784834146499633789e+00
1.879261732101440430e+00
1.829776048660278320e+00
1.876553535461425781e+00
1.765523672103881836e+00
1.752055883407592773e+00
1.702619314193725586e+00
1.745757579803466797e+00
1.739537954330444336e+00
1.795802831649780273e+00
1.764401435852050781e+00
1.764859199523925781e+00
1.662992000579833984e+00
1.704204797744750977e+00
1.715759992599487305e+00
1.753628253936767578e+00
1.683902502059936523e+00
1.618683099746704102e+00
1.649764299392700195e+00
1.664431810379028320e+00
1.572666406631469727e+00
1.641445398330688477e+00
1.660436391830444336e+00
1.697139263153076172e+00
1.724405050277709961e+00
1.746061563491821289e+00
1.704939603805541992e+00
1.606188535690307617e+00
1.631951808929443359e+00
1.603563785552978516e+00
1.696341037750244141e+00
1.718654394149780273e+00
1.665513753890991211e+00
1.661636114120483398e+00
1.656874418258666992e+00
1.685959815979003906e+00
1.692064762115478516e+00
1.720835685729980469e+00
1.672738790512084961e+00
1.667030096054077148e+00
1.724024295806884766e+00
1.708181858062744141e+00
1.701236009597778320e+00
1.613524675369262695e+00
1.629476785659790039e+00
1.665165901184082031e+00
1.661546945571899414e+00
1.699962139129638672e+00
1.673696279525756836e+00
1.679417610168457031e+00
1.741770982742309570e+00
1.633695363998413086e+00
1.613528490066528320e+00
1.587062597274780273e+00
1.562896251678466797e+00
1.471640825271606445e+00
