1.705971956253051758e+00
5.260853767395019531e-01
5.152785778045654297e-01
5.012297630310058594e-01
4.402256011962890625e-01
4.527771472930908203e-01
4.776706695556640625e-01
4.794788360595703125e-01
5.121717453002929688e-01
5.364198684692382812e-01
5.198266506195068359e-01
5.138485431671142578e-01
5.055274963378906250e-01
5.663018226623535156e-01
4.573442935943603516e-01
4.649343490600585938e-01
5.003073215484619141e-01
4.681193828582763672e-01
4.949417114257812500e-01
4.787716865539550781e-01
4.368274211883544922e-01
4.697549343109130859e-01
4.809637069702148438e-01
4.502792358398437500e-01
4.873144626617431641e-01
4.911248683929443359e-01
4.353559017181396484e-01
4.587733745574951172e-01
4.405105113983154297e-01
4.711675643920898438e-01
5.371050834655761719e-01
5.471620559692382812e-01
4.738872051239013672e-01
4.862365722656250000e-01
4.764654636383056641e-01
5.628144741058349609e-01
5.518302917480468750e-01
5.402505397796630859e-01
4.952914714813232422e-01
5.021796226501464844e-01
5.306499004364013672e-01
4.810073375701904297e-01
4.699246883392333984e-01
4.646239280700683594e-01
4.635009765625000000e-01
4.894618988037109375e-01
4.794836044311523438e-01
4.746186733245849609e-01
5.149595737457275391e-01
5.065867900848388672e-01
4.399809837341308594e-01
4.921982288360595703e-01
5.427799224853515625e-01
5.512678623199462891e-01
5.298225879669189453e-01
4.779491424560546875e-01
5.532369613647460938e-01
5.469813346862792969e-01
5.377852916717529297e-01
5.017907619476318359e-01
5.308823585510253906e-01
5.131103992462158203e-01
4.956672191619873047e-01
4.899022579193115234e-01
5.009617805480957031e-01
4.974870681762695312e-01
5.049793720245361328e-01
4.863357543945312500e-01
4.786527156829833984e-01
5.651206970214843750e-01
5.570228099822998047e-01
5.123226642608642578e-01
4.926512241363525391e-01
5.138509273529052734e-01
4.662091732025146484e-01
5.329141616821289062e-01
5.882070064544677734e-01
5.596225261688232422e-01
5.035073757171630859e-01
5.427019596099853516e-01
4.821810722351074219e-01
5.139544010162353516e-01
4.818563461303710938e-01
4.856219291687011719e-01
4.944288730621337891e-01
4.692952632904052734e-01
5.642116069793701172e-01
5.530958175659179688e-01
5.249259471893310547e-01
4.965178966522216797e-01
4.588894844055175781e-01
4.656281471252441406e-01
4.845011234283447266e-01
5.066459178924560547e-01
4.958248138427734375e-01
4.909775257110595703e-01
4.678273200988769531e-01
4.640183448791503906e-01
4.610579013824462891e-01
4.660706520080566406e-01
5.006225109100341797e-01
4.886991977691650391e-01
4.905507564544677734e-01
4.613592624664306641e-01
4.311974048614501953e-01
5.255005359649658203e-01
5.370609760284423828e-01
4.751155376434326172e-01
5.070788860321044922e-01
4.317679405212402344e-01
4.309773445129394531e-01
4.310986995697021484e-01
4.299824237823486328e-01
4.313421249389648438e-01
4.286351203918457031e-01
4.305000305175781250e-01
4.314064979553222656e-01
4.340076446533203125e-01
4.327306747436523438e-01
4.360463619232177734e-01
4.315555095672607422e-01
4.325265884399414062e-01
4.456567764282226562e-01
4.332430362701416016e-01
4.316859245300292969e-01
4.304854869842529297e-01
4.307465553283691406e-01
4.282901287078857422e-01
4.287829399108886719e-01
4.329900741577148438e-01
4.322335720062255859e-01
4.333479404449462891e-01
4.337418079376220703e-01
4.320178031921386719e-01
4.317231178283691406e-01
5.174767971038818359e-01
5.201554298400878906e-01
5.270447731018066406e-01
5.295267105102539062e-01
4.558296203613281250e-01
4.886503219604492188e-01
4.975183010101318359e-01
4.714219570159912109e-01
4.309444427490234375e-01
5.368516445159912109e-01
5.418670177459716797e-01
5.440480709075927734e-01
4.883115291595458984e-01
5.464260578155517578e-01
5.352146625518798828e-01
5.519990921020507812e-01
5.435874462127685547e-01
5.231750011444091797e-01
5.335137844085693359e-01
5.841603279113769531e-01
5.618448257446289062e-01
5.489954948425292969e-01
4.958102703094482422e-01
5.300140380859375000e-01
5.309205055236816406e-01
5.289113521575927734e-01
5.535769462585449219e-01
4.867174625396728516e-01
5.317473411560058594e-01
5.389709472656250000e-01
4.987616539001464844e-01
4.395282268524169922e-01
4.348769187927246094e-01
4.342665672302246094e-01
5.159246921539306641e-01
4.689278602600097656e-01
4.532978534698486328e-01
4.347434043884277344e-01
4.360063076019287109e-01
4.368360042572021484e-01
4.340603351593017578e-01
4.314141273498535156e-01
4.335458278656005859e-01
4.320044517517089844e-01
4.315266609191894531e-01
4.316196441650390625e-01
4.315454959869384766e-01
4.326074123382568359e-01
4.338712692260742188e-01
4.334943294525146484e-01
4.616653919219970703e-01
4.380085468292236328e-01
4.366557598114013672e-01
4.355092048645019531e-01
4.337863922119140625e-01
4.349532127380371094e-01
4.357318878173828125e-01
4.321436882019042969e-01
4.339048862457275391e-01
4.343018531799316406e-01
4.331831932067871094e-01
4.284250736236572266e-01
4.464421272277832031e-01
4.928400516510009766e-01
4.427626132965087891e-01
