9.192825118522472749e+00
1.748878932319949087e+01
0.000000000000000000e+00
1.793721973094170474e+00
6.502242195232032174e+00
1.838565020710898068e+01
1.569506729664823963e+00
8.968609908236516048e+00
4.484304932735426186e-01
5.829596414159766482e+00
6.053811701958489166e+00
1.210762327989655240e+01
1.659192823401481220e+01
1.502242166151380331e+01
1.121076236391281400e+00
4.708520180975909852e+00
1.547085203076691862e+01
3.363228701155281719e+00
6.950672667122742787e+00
8.968609865470852371e-01
1.838565020710898068e+01
3.587443952603190489e+00
1.569506728061111467e+00
1.390134526582042263e+01
7.847533623733862207e+00
2.466367716211909311e+00
4.932735468774633425e+00
2.780269060861904151e+01
8.071748840434668892e+00
4.932735427612681356e+00
1.569506726457399193e+00
3.811659214207944402e+00
0.000000000000000000e+00
2.690582981024087772e+00
3.363228701155281719e+00
5.381165919282511645e+00
6.726457399103139556e-01
8.295964128767963075e+00
2.466367716211909311e+00
6.053811662400249816e+00
1.233183852653332302e+01
1.569506729664823963e+00
4.304932740557888593e+01
1.121076232328543298e+01
7.623318377097091592e+00
4.484304935942851067e+00
1.121076233183856408e+00
1.569506726457399193e+00
4.035874445876733496e+00
1.053811662614078237e+01
8.968609865470852371e-01
6.726457399103139556e-01
5.381165940665343150e+00
1.121076233183856408e+00
2.466367716211909311e+00
0.000000000000000000e+00
7.399103100524355270e+00
5.605381187302114654e+00
1.771300454845342998e+01
5.156950675853164689e+00
6.950672647343623112e+00
2.242152487750545209e+00
2.242152466367713093e-01
2.242152466367713093e-01
6.502242173849199780e+00
6.726457399103139556e-01
3.587443952603190489e+00
1.793721973094170474e+00
5.829596433938886157e+00
1.793721974697882748e+00
1.793721973094170474e+00
5.381165940665343150e+00
9.865470858432786372e+00
2.690582962848680371e+00
3.811659196032537000e+00
3.363228702758994437e+00
6.726457399103139556e-01
3.587443947792053223e+00
4.484304932735426186e-01
1.838565036106537320e+01
8.968609865470852371e-01
2.017937222938366748e+00
2.466367734387316712e+00
2.242152469575137808e+00
1.793721974697882748e+00
1.569506726457399193e+00
2.017937221334654030e+00
2.017937221334654030e+00
2.466367714608196593e+00
1.569506728061111467e+00
1.793721974697882748e+00
2.242152467971425533e+00
1.793721994477002646e+00
2.017937221334654030e+00
2.690582951088122510e+00
2.017937222938366748e+00
2.466367716211909311e+00
3.363228702758994437e+00
3.811659214207944402e+00
1.793721976301595245e+00
2.017937219730941756e+00
3.363228702758994437e+00
3.139013454518510660e+00
2.690582961244968097e+00
2.242152467971425533e+00
3.139013456122222934e+00
2.466367713004484319e+00
1.793721973094170474e+00
2.690582981024087772e+00
2.914798227660859276e+00
1.345291479820627911e+00
2.017937221334654030e+00
2.017937222938366748e+00
3.139013456122222934e+00
2.242152466367712815e+00
1.569506726457399193e+00
3.139013474297630335e+00
2.242152467971425533e+00
3.139013456122222934e+00
2.017937241113773705e+00
2.466367713004484319e+00
2.690582962848680371e+00
2.242152467971425533e+00
1.793721974697882748e+00
2.017937222938366748e+00
2.242152466367712815e+00
1.569506726457399193e+00
1.569506728061111467e+00
2.466367716211909311e+00
1.793721974697882748e+00
2.017937241113773705e+00
1.345291479820627911e+00
2.242152467971425533e+00
2.242152469575137808e+00
1.793721974697882748e+00
1.793721976301595245e+00
2.242152469575137808e+00
1.345291479820627911e+00
1.345291481424340185e+00
1.793721974697882748e+00
1.569506726457399193e+00
2.690582962848680371e+00
1.569506728061111467e+00
2.017937222938366748e+00
1.793721973094170474e+00
2.466367716211909311e+00
1.793721973094170474e+00
2.017937221334654030e+00
2.242152487750545209e+00
1.793721973094170474e+00
1.569506728061111467e+00
1.569506728061111467e+00
1.569506729664823963e+00
2.017937221334654030e+00
2.242152467971425533e+00
1.569506728061111467e+00
1.793721973094170474e+00
2.466367714608196593e+00
2.466367714608196593e+00
1.345291479820627911e+00
1.569506726457399193e+00
2.466367713004484319e+00
2.466367714608196593e+00
1.793721974697882748e+00
1.569506728061111467e+00
2.242152469575137808e+00
1.793721979509020015e+00
2.914798227660859276e+00
2.690582966056105363e+00
2.914798209485451874e+00
2.017937221334654030e+00
1.793721974697882748e+00
2.242152467971425533e+00
2.690582961244968097e+00
2.017937221334654030e+00
1.345291481424340185e+00
1.793721973094170474e+00
2.242152466367712815e+00
2.017937219730941756e+00
2.242152466367712815e+00
1.569506728061111467e+00
2.242152466367712815e+00
2.690582962848680371e+00
2.017937221334654030e+00
1.793721974697882748e+00
2.242152466367712815e+00
1.793721974697882748e+00
2.242152487750545209e+00
2.017937219730941756e+00
2.914798207881739156e+00
1.793721973094170474e+00
2.017937219730941756e+00
2.914798207881739156e+00
2.242152469575137808e+00
2.242152469575137808e+00
2.690582962848680371e+00
2.466367716211909311e+00
2.017937241113773705e+00
1.345291479820627911e+00
1.569506729664823963e+00
