2.146394041824340793e+00
1.969091850662231469e+00
1.863161840820312554e+00
1.774028620338439888e+00
1.707751209831237738e+00
1.624783930587768488e+00
1.548559701919555609e+00
1.476172457122802761e+00
1.395446082687378020e+00
1.311694628334045376e+00
1.257401342010498135e+00
1.189449744415283172e+00
1.147672468376159660e+00
1.099878563117981045e+00
1.035834219169616599e+00
9.966113250732422379e-01
9.491964164733887044e-01
9.381983457565307161e-01
8.748852819442749507e-01
8.629079639434814597e-01
8.423597229003906284e-01
8.113801654815673281e-01
7.879987461090087741e-01
7.608325710296630628e-01
7.329658389091491255e-01
7.429402987480163700e-01
7.031872859954834132e-01
6.980441458463668702e-01
6.575646814346313151e-01
6.869061125755310249e-01
6.726031823635101325e-01
6.275571699142455939e-01
6.496860469818115380e-01
5.993458316802978691e-01
5.945410477638244373e-01
5.913855396270751852e-01
6.143304142951965252e-01
5.953281578063964741e-01
5.945003601074219102e-01
5.700729371547699209e-01
5.642384006500243965e-01
5.647842086791992067e-01
5.500396033287048292e-01
5.581533078193664510e-01
5.450519643783569013e-01
5.675797733306884307e-01
5.294586297035217548e-01
5.310960333824157331e-01
5.081570063591003272e-01
5.246828563928603861e-01
5.044616722106933793e-01
5.201051032543182462e-01
5.284115909576415637e-01
5.140362008094787605e-01
4.881558904647826935e-01
4.782827009201049973e-01
5.482697574615478242e-01
4.754758055686950646e-01
4.991327753067016371e-01
4.708015127658843890e-01
4.660862068176269690e-01
4.813183847427368045e-01
4.774872192621231193e-01
4.400403121948242013e-01
4.755285017728805297e-01
4.695332366943359426e-01
4.506496046066283956e-01
4.775348330497741767e-01
4.204158911705017099e-01
4.452385527610778770e-01
4.510438736915588498e-01
4.523097187042236511e-01
4.499559513092041274e-01
4.376037690162658533e-01
4.359348198890686255e-01
4.130525195121765303e-01
4.226764158248901282e-01
4.255679829597472930e-01
3.903502815246582269e-01
4.354522124290466367e-01
4.016745337963104068e-01
4.077915370702743791e-01
3.519568170547485164e-01
3.577012381553649756e-01
3.405706710815429861e-01
3.454649441719055414e-01
3.314331522941589281e-01
3.187413349151611563e-01
3.227117002487182584e-01
3.111786548614501879e-01
3.134917245864868307e-01
3.078682805061340177e-01
3.061277722358703435e-01
2.996685787320136907e-01
2.981513366699218848e-01
3.002994116783141987e-01
3.091391589209437352e-01
3.032148017883301017e-01
3.042725027740001420e-01
3.050599592208862454e-01
2.808901035308837835e-01
2.925586072444915642e-01
2.921834278106689720e-01
3.002912655830383137e-01
2.984004348754882852e-01
2.949336901187896709e-01
2.833827270507812690e-01
2.798843888282775971e-01
2.859371839523315306e-01
2.900927778244018485e-01
2.823521217823028451e-01
2.918140377044677880e-01
2.914540116310119777e-01
2.691132051467895470e-01
2.842442268371582204e-01
2.800754488945007559e-01
2.681596812009811592e-01
2.822355299949645957e-01
2.866279447078705078e-01
2.741143428802490511e-01
2.771932076930999633e-01
2.810427812159061456e-01
2.638438035964965622e-01
2.837925230979919666e-01
2.820617718458175438e-01
2.806051603317260557e-01
2.696058916091919055e-01
2.775047462463378634e-01
2.708803736984729538e-01
2.747770593166351527e-01
2.714774792671203474e-01
2.736983594894409344e-01
2.769969754219055447e-01
2.726669286727905206e-01
2.727935896873474042e-01
2.679781428337097426e-01
2.863848166465759459e-01
2.721982807040214669e-01
2.726810602188110555e-01
2.649363687753677477e-01
2.730319167137145731e-01
2.846721914291381883e-01
2.730077901840209931e-01
2.891451717376709030e-01
2.755228567600250256e-01
2.745977510690689183e-01
2.546390600919723468e-01
2.808448159217834528e-01
2.727229020118713265e-01
2.910084997653961114e-01
2.811497786164283696e-01
2.747521955102681934e-01
2.711976678937673690e-01
2.839672931671142764e-01
2.832051066398620365e-01
2.710118772268295118e-01
2.754073913574218713e-01
2.652315449714660600e-01
2.651467400550842068e-01
2.914413035392761087e-01
2.789049607038497913e-01
2.736116758257150505e-01
2.681565209627151392e-01
2.754652578353881665e-01
2.736801521301269746e-01
2.745649369031190612e-01
2.726169878482818665e-01
2.699705608367919951e-01
2.752050828456878429e-01
2.790132894992828350e-01
2.816856609463691541e-01
2.660742228507995688e-01
2.743655477523803676e-01
2.736817072868347189e-01
2.769891086101531896e-01
2.783466288179159420e-01
2.594105419456958495e-01
2.868089114189147915e-01
2.797126861572265533e-01
2.590914015054702757e-01
2.721178259849548198e-01
2.741144504785537617e-01
2.805759965896606478e-01
2.788299752235412488e-01
2.559497010231018277e-01
2.777828257560729930e-01
2.658161471009254373e-01
2.630876599282026551e-01
2.818314525604248000e-01
2.726457452774047607e-01
2.722379119396209912e-01
2.628095458030700882e-01
2.681535596609115335e-01
2.623357159137725825e-01
2.585376146793365582e-01
2.682253655910492030e-01
2.679480449438095269e-01
2.674549532890319603e-01
2.718977860450744743e-01
2.709218508720397933e-01
