2.161927825927734581e+00
1.951036201095581069e+00
1.829349884414672944e+00
1.731199778747558593e+00
1.661519493484497012e+00
1.571712557220458883e+00
1.503096259880065899e+00
1.399925706481933485e+00
1.349172649002075230e+00
1.266469305038452120e+00
1.222897767066955632e+00
1.195359593963623013e+00
1.124580982971191467e+00
1.065138254547119079e+00
1.048817849922180079e+00
9.958112297058105966e-01
9.393751219749451042e-01
9.309460143089294260e-01
8.657289665222167585e-01
8.593235626220703249e-01
8.227857765197753581e-01
8.137169164657592768e-01
7.988752034187316386e-01
7.440908157348632423e-01
7.443478828430175609e-01
7.213007817268372035e-01
7.171861289978027632e-01
7.090289340972900645e-01
6.963424274444579565e-01
6.699599337577819558e-01
6.636479309082031763e-01
6.332810199737548551e-01
6.479510625839233207e-01
6.248825119018555085e-01
6.048936664581299194e-01
6.104877641677856071e-01
6.159309142112732172e-01
5.940972781181335094e-01
5.692204865455627871e-01
5.667301185607910297e-01
5.790390794754027848e-01
5.578084106445312385e-01
5.564381177902221198e-01
5.618596372604369726e-01
5.427683909773826088e-01
5.370684738159179350e-01
5.449933576583861905e-01
5.313997114181518988e-01
5.037699820518494187e-01
5.205249994277953984e-01
5.300838218688964654e-01
4.993838882446289262e-01
4.837956961631774688e-01
4.678988930702209226e-01
4.641086753845214963e-01
4.804685945510864253e-01
4.712927078247070578e-01
4.863681985855102807e-01
4.769257526397704949e-01
4.669959913253784456e-01
4.971797923088073778e-01
4.505992737770080359e-01
4.533945764601230444e-01
4.645326425552367966e-01
4.645421869277954197e-01
4.616622344970703340e-01
4.148439848899841409e-01
4.448201776981353661e-01
4.437432841777801396e-01
4.346421285629272213e-01
4.643543789863586180e-01
4.435992418289184669e-01
4.150413183212280366e-01
4.118972260475158853e-01
4.350472540855407910e-01
4.216734089851379430e-01
4.257697609901427982e-01
4.185129517793655385e-01
4.127765070438385031e-01
3.910450479507446286e-01
3.793883397102356114e-01
4.067113757133483665e-01
3.334876942217350204e-01
3.214120782852172842e-01
3.175095060825348092e-01
3.148392361640930392e-01
2.945962643146514681e-01
2.954775149345397756e-01
2.962305042266845656e-01
2.980243856430053739e-01
3.181908622741699277e-01
2.850541114449501312e-01
2.782826698303222379e-01
2.987423603534698491e-01
2.757352874755859551e-01
2.920549237251282015e-01
2.920664066314697105e-01
2.850587833404540916e-01
2.802484972953796505e-01
2.849709689021110437e-01
2.913276145935058681e-01
2.755057289123535313e-01
2.825479199409484665e-01
2.644086167335510384e-01
2.724630680441856301e-01
2.711913990020751730e-01
2.754398656845092885e-01
2.619616977214813125e-01
2.657625795841216942e-01
2.712200170993804837e-01
2.682414393424987775e-01
2.696501524925232207e-01
2.710415194988251009e-01
2.683745080113411063e-01
2.561373101234435956e-01
2.771527249932289050e-01
2.575145595550537014e-01
2.664358928680419791e-01
2.671731748104095305e-01
2.629567462921142407e-01
2.668174628257751202e-01
2.696057867050171142e-01
2.647039506435394096e-01
2.619619341254234568e-01
2.637616542577743695e-01
2.644630829334259081e-01
2.691648565173149210e-01
2.638987457275390747e-01
2.649197240352630378e-01
2.744750612258911038e-01
2.694188150286674355e-01
2.690076980590820344e-01
2.729740211069583977e-01
2.626320911407470926e-01
2.601711840629577499e-01
2.688365160942077781e-01
2.597443046569823943e-01
2.583627341508865083e-01
2.630514071404934096e-01
2.809350480079650936e-01
2.489789317131042568e-01
2.504789844512939623e-01
2.640398948669433477e-01
2.783736279964447169e-01
2.639298611164093145e-01
2.723045890808105662e-01
2.614472878932952993e-01
2.497935679912567097e-01
2.687736331939697410e-01
2.544215214729309005e-01
2.674483284950256445e-01
2.580422312736511126e-01
2.617874842166900695e-01
2.748451414108276092e-01
2.558459084987640408e-01
2.682920155525207462e-01
2.611921337127685594e-01
2.630573409080505520e-01
2.580082435607909952e-01
2.659331469535827774e-01
2.671277542114257608e-01
2.689772318124771244e-01
2.596117033004760599e-01
2.695352238655090438e-01
2.594588488101959300e-01
2.688680529594421609e-01
2.737751912593841541e-01
2.682554142951965592e-01
2.467160544753074780e-01
2.629551773071289178e-01
2.709446207046508626e-01
2.516627165555954115e-01
2.617248977184295500e-01
2.652503354072570652e-01
2.535441440105438149e-01
2.585103125572204563e-01
2.627990918636322060e-01
2.688841974735259877e-01
2.747964168548583941e-01
2.703569026470184489e-01
2.523701688289642364e-01
2.614955820083618154e-01
2.670867878913879556e-01
2.562593086719512914e-01
2.640886010169982701e-01
2.588326333045959382e-01
2.550111925125121970e-01
2.455987490653991634e-01
2.606194867134093984e-01
2.639138115763663972e-01
2.756495502948760890e-01
2.436376952171325772e-01
2.602037308692932149e-01
2.524677064657211423e-01
2.468942193806171470e-01
2.596079331874847629e-01
2.518463324546814097e-01
2.543285406589508302e-01
2.580316244125366310e-01
2.478874713897705195e-01
