1.717283725738525391e+00
4.902310371398925781e-01
4.862887859344482422e-01
4.649097919464111328e-01
4.755051136016845703e-01
5.084843635559082031e-01
5.144166946411132812e-01
4.966802597045898438e-01
5.362083911895751953e-01
4.860160350799560547e-01
5.583753585815429688e-01
5.360779762268066406e-01
4.782516956329345703e-01
4.708759784698486328e-01
4.991748332977294922e-01
5.097603797912597656e-01
4.578633308410644531e-01
5.111472606658935547e-01
4.743256568908691406e-01
4.421958923339843750e-01
5.022299289703369141e-01
4.245674610137939453e-01
5.111045837402343750e-01
4.954156875610351562e-01
4.476161003112792969e-01
4.736609458923339844e-01
4.481835365295410156e-01
4.754478931427001953e-01
5.283451080322265625e-01
5.426979064941406250e-01
4.672906398773193359e-01
5.330574512481689453e-01
4.974300861358642578e-01
4.736993312835693359e-01
5.331633090972900391e-01
4.925534725189208984e-01
4.785215854644775391e-01
5.147628784179687500e-01
5.626392364501953125e-01
4.655909538269042969e-01
4.291861057281494141e-01
4.299929141998291016e-01
4.911468029022216797e-01
5.023202896118164062e-01
4.622454643249511719e-01
4.572577476501464844e-01
4.645152091979980469e-01
5.090744495391845703e-01
4.290456771850585938e-01
4.273512363433837891e-01
4.275031089782714844e-01
4.278621673583984375e-01
4.299838542938232422e-01
4.289183616638183594e-01
4.286556243896484375e-01
4.264893531799316406e-01
4.278464317321777344e-01
4.270281791687011719e-01
4.304680824279785156e-01
4.318325519561767578e-01
4.822881221771240234e-01
5.251195430755615234e-01
4.693472385406494141e-01
5.199940204620361328e-01
5.109972953796386719e-01
4.642472267150878906e-01
4.625046253204345703e-01
4.313280582427978516e-01
4.323105812072753906e-01
4.680736064910888672e-01
5.462293624877929688e-01
5.518248081207275391e-01
5.020909309387207031e-01
4.806535243988037109e-01
5.396955013275146484e-01
5.047924518585205078e-01
5.380067825317382812e-01
5.350396633148193359e-01
4.742450714111328125e-01
5.354764461517333984e-01
5.226678848266601562e-01
4.381830692291259766e-01
4.303987026214599609e-01
4.313011169433593750e-01
4.306249618530273438e-01
5.195772647857666016e-01
4.628796577453613281e-01
5.166733264923095703e-01
4.378221035003662109e-01
5.068302154541015625e-01
5.270924568176269531e-01
4.689788818359375000e-01
5.214605331420898438e-01
5.141599178314208984e-01
5.116057395935058594e-01
4.895687103271484375e-01
5.026521682739257812e-01
4.383156299591064453e-01
5.006902217864990234e-01
4.917888641357421875e-01
4.484827518463134766e-01
5.276279449462890625e-01
5.288348197937011719e-01
4.787828922271728516e-01
4.559617042541503906e-01
4.323709011077880859e-01
4.513127803802490234e-01
4.844632148742675781e-01
5.564029216766357422e-01
5.141942501068115234e-01
5.180950164794921875e-01
5.472774505615234375e-01
5.229470729827880859e-01
5.193209648132324219e-01
5.415840148925781250e-01
5.479257106781005859e-01
5.552940368652343750e-01
4.891860485076904297e-01
4.468271732330322266e-01
5.082330703735351562e-01
4.433307647705078125e-01
4.448156356811523438e-01
4.488210678100585938e-01
4.950981140136718750e-01
5.550358295440673828e-01
5.550649166107177734e-01
5.385272502899169922e-01
5.346200466156005859e-01
4.600489139556884766e-01
4.752979278564453125e-01
4.824888706207275391e-01
5.344436168670654297e-01
4.180631637573242188e-01
5.638525485992431641e-01
5.851397514343261719e-01
5.700953006744384766e-01
5.419173240661621094e-01
4.518134593963623047e-01
4.254326820373535156e-01
4.970829486846923828e-01
4.864978790283203125e-01
4.696938991546630859e-01
4.998176097869873047e-01
5.052137374877929688e-01
4.809615612030029297e-01
4.176588058471679688e-01
4.176595211029052734e-01
4.168465137481689453e-01
4.191565513610839844e-01
4.205904006958007812e-01
4.160573482513427734e-01
4.187314510345458984e-01
4.146137237548828125e-01
4.128775596618652344e-01
4.510049819946289062e-01
4.334049224853515625e-01
4.782214164733886719e-01
4.452047348022460938e-01
5.056645870208740234e-01
5.031492710113525391e-01
5.328288078308105469e-01
4.859910011291503906e-01
4.760203361511230469e-01
4.989144802093505859e-01
5.054941177368164062e-01
4.459474086761474609e-01
5.185337066650390625e-01
5.191175937652587891e-01
5.121970176696777344e-01
4.981288909912109375e-01
4.585635662078857422e-01
4.683899879455566406e-01
4.616320133209228516e-01
5.029876232147216797e-01
4.211781024932861328e-01
4.212565422058105469e-01
4.214837551116943359e-01
4.206292629241943359e-01
4.535613059997558594e-01
4.191906452178955078e-01
4.173777103424072266e-01
4.179396629333496094e-01
4.181869029998779297e-01
4.179422855377197266e-01
4.162642955780029297e-01
4.175755977630615234e-01
4.717695713043212891e-01
5.014624595642089844e-01
4.875292778015136719e-01
4.920461177825927734e-01
4.997403621673583984e-01
5.059278011322021484e-01
4.960534572601318359e-01
4.985990524291992188e-01
5.406370162963867188e-01
4.137411117553710938e-01
4.051301479339599609e-01
4.048011302947998047e-01
4.348447322845458984e-01
3.922853469848632812e-01
