1.685997247695922852e+00
5.296010971069335938e-01
4.314663410186767578e-01
4.119422435760498047e-01
4.753160476684570312e-01
4.081130027770996094e-01
4.097115993499755859e-01
4.126784801483154297e-01
4.091930389404296875e-01
4.152514934539794922e-01
4.073567390441894531e-01
4.078395366668701172e-01
4.074401855468750000e-01
4.073889255523681641e-01
4.071309566497802734e-01
4.064528942108154297e-01
4.046061038970947266e-01
4.071009159088134766e-01
4.080874919891357422e-01
4.282732009887695312e-01
4.495339393615722656e-01
4.491460323333740234e-01
4.817776679992675781e-01
4.874215126037597656e-01
5.274310111999511719e-01
4.595410823822021484e-01
4.170420169830322266e-01
4.599123001098632812e-01
4.617512226104736328e-01
4.490349292755126953e-01
4.429225921630859375e-01
4.724793434143066406e-01
4.660649299621582031e-01
4.835612773895263672e-01
4.455003738403320312e-01
5.069422721862792969e-01
4.898152351379394531e-01
5.555560588836669922e-01
4.493880271911621094e-01
4.265024662017822266e-01
4.793267250061035156e-01
4.883251190185546875e-01
5.025949478149414062e-01
4.714503288269042969e-01
4.874892234802246094e-01
4.731092453002929688e-01
4.109063148498535156e-01
4.147253036499023438e-01
4.133388996124267578e-01
4.108507633209228516e-01
4.266221523284912109e-01
4.146535396575927734e-01
4.111392498016357422e-01
5.001754760742187500e-01
4.473791122436523438e-01
4.107859134674072266e-01
4.178979396820068359e-01
4.949450492858886719e-01
4.231588840484619141e-01
4.123671054840087891e-01
4.582266807556152344e-01
4.870519638061523438e-01
4.796864986419677734e-01
5.318157672882080078e-01
4.969928264617919922e-01
5.098211765289306641e-01
4.885559082031250000e-01
4.765894412994384766e-01
4.243152141571044922e-01
4.082560539245605469e-01
4.085850715637207031e-01
4.316990375518798828e-01
4.694590568542480469e-01
4.878532886505126953e-01
5.361061096191406250e-01
4.772665500640869141e-01
6.038961410522460938e-01
5.284085273742675781e-01
5.224502086639404297e-01
4.828829765319824219e-01
4.684486389160156250e-01
4.150638580322265625e-01
4.050476551055908203e-01
4.073417186737060547e-01
4.074459075927734375e-01
4.080464839935302734e-01
4.275546073913574219e-01
4.473187923431396484e-01
4.624128341674804688e-01
4.626741409301757812e-01
5.209810733795166016e-01
4.981896877288818359e-01
4.520921707153320312e-01
4.477808475494384766e-01
4.651620388031005859e-01
5.292410850524902344e-01
4.538061618804931641e-01
4.511535167694091797e-01
4.624853134155273438e-01
4.589123725891113281e-01
4.807198047637939453e-01
4.644989967346191406e-01
5.081496238708496094e-01
5.254373550415039062e-01
5.326066017150878906e-01
5.248634815216064453e-01
4.437360763549804688e-01
4.723610877990722656e-01
4.738943576812744141e-01
4.973495006561279297e-01
4.976093769073486328e-01
5.159091949462890625e-01
5.237236022949218750e-01
4.805500507354736328e-01
4.458246231079101562e-01
4.632890224456787109e-01
5.773632526397705078e-01
5.191531181335449219e-01
4.149255752563476562e-01
4.120965003967285156e-01
4.523441791534423828e-01
5.257868766784667969e-01
5.134801864624023438e-01
5.215094089508056641e-01
4.613175392150878906e-01
4.606456756591796875e-01
5.303320884704589844e-01
5.206973552703857422e-01
5.149645805358886719e-01
5.098614692687988281e-01
5.224747657775878906e-01
4.692113399505615234e-01
4.778089523315429688e-01
5.114443302154541016e-01
4.563229084014892578e-01
4.542617797851562500e-01
4.911639690399169922e-01
4.361793994903564453e-01
4.252259731292724609e-01
4.810979366302490234e-01
5.048527717590332031e-01
4.059164524078369141e-01
4.220490455627441406e-01
4.269888401031494141e-01
4.051945209503173828e-01
4.064848423004150391e-01
4.064497947692871094e-01
4.062333106994628906e-01
4.068436622619628906e-01
4.074289798736572266e-01
4.071419239044189453e-01
4.083108901977539062e-01
4.098520278930664062e-01
4.089307785034179688e-01
4.325044155120849609e-01
4.063398838043212891e-01
4.049611091613769531e-01
4.060316085815429688e-01
4.073109626770019531e-01
4.072320461273193359e-01
4.071884155273437500e-01
4.072656631469726562e-01
4.065957069396972656e-01
4.071435928344726562e-01
4.068746566772460938e-01
4.082286357879638672e-01
4.112634658813476562e-01
5.009539127349853516e-01
4.721748828887939453e-01
4.710769653320312500e-01
4.795682430267333984e-01
4.856200218200683594e-01
4.774208068847656250e-01
5.038652420043945312e-01
4.629261493682861328e-01
5.373878479003906250e-01
5.448164939880371094e-01
5.274715423583984375e-01
5.202941894531250000e-01
5.415661334991455078e-01
5.283379554748535156e-01
4.381260871887207031e-01
4.105205535888671875e-01
4.604713916778564453e-01
4.517545700073242188e-01
4.133079051971435547e-01
4.106850624084472656e-01
4.766805171966552734e-01
4.751152992248535156e-01
5.004882812500000000e-01
4.992566108703613281e-01
5.065660476684570312e-01
5.297305583953857422e-01
5.101649761199951172e-01
4.742617607116699219e-01
5.290522575378417969e-01
4.962501525878906250e-01
4.145309925079345703e-01
4.001548290252685547e-01
3.892273902893066406e-01
