0.000000000000000000e+00
1.199999999999999956e+00
8.000000000000000444e-01
0.000000000000000000e+00
5.199999988555908281e+00
5.000000000000000000e+00
0.000000000000000000e+00
1.580000003051757851e+01
1.999999994659423663e+01
7.600000007629394538e+00
1.279999995422363313e+01
4.000000000000000222e-01
2.659999984741211065e+01
3.799999988555908370e+00
5.999999999999999778e-01
1.199999994277954007e+00
4.419999978637695648e+01
1.599999994277954141e+00
5.999999942779541406e-01
8.200000015258789077e+00
1.240000000762939436e+01
1.800000000000000044e+00
5.799999988555907926e+00
5.599999994277953697e+00
4.199999988555908281e+00
4.000000000000000222e-01
5.160000006103515346e+01
3.600000000000000089e+00
5.599999988555908637e+00
1.399999988555908237e+00
1.919999989318847611e+01
5.599999988555908637e+00
2.759999986267089866e+01
1.099999995422363241e+01
5.399999988555908459e+00
1.200000001525878979e+01
9.000000007629394005e+00
8.800000007629394716e+00
3.399999994277953963e+00
7.399999977111816563e+00
3.999999988555908104e+00
7.999999984741211101e+00
5.999999994277954052e+00
6.399999946594237876e+00
5.599999988555908637e+00
4.999999946594238409e+00
6.400000007629394361e+00
1.580000001525878872e+01
8.999999946594238409e+00
1.439999998474121057e+01
1.619999986267090009e+01
9.199999946594237699e+00
1.059999998474121163e+01
1.140000000762939436e+01
1.020000001525878908e+01
1.159999998474121163e+01
9.199999988555907393e+00
3.000000007629394450e+00
2.200000000000000178e+00
3.599999988555908192e+00
3.200000007629394627e+00
5.600000015258789432e+00
5.199999994277954229e+00
1.199999989318847682e+01
5.199999988555908281e+00
1.239999994659423876e+01
6.800000015258788721e+00
8.200000015258789077e+00
5.399999994277954407e+00
1.499999995422363241e+01
1.299999994659423841e+01
8.399999946594238764e+00
3.959999990844726625e+01
7.600000015258789432e+00
4.799999988555907926e+00
4.039999969482421704e+01
4.400000000000000355e+00
7.599999946594238054e+00
6.199999994277954229e+00
9.199999977111817273e+00
3.039999990844726696e+01
8.800000015258788721e+00
8.999999977111816207e+00
8.599999984741211634e+00
7.600000015258789432e+00
1.100000000762939401e+01
9.200000015258789077e+00
8.999999946594238409e+00
8.599999984741211634e+00
8.799999977111816918e+00
1.020000000762939507e+01
8.400000015258788366e+00
8.599999988555907748e+00
8.199999977111817273e+00
9.200000015258789077e+00
8.599999988555907748e+00
7.799999977111816030e+00
9.999999954223632415e+00
9.599999946594238054e+00
9.399999946594238764e+00
8.400000007629394361e+00
9.599999946594238054e+00
9.399999988555908459e+00
9.199999999999999289e+00
9.199999988555907393e+00
9.400000007629394361e+00
1.039999994659423876e+01
1.039999994659423876e+01
1.060000001525878943e+01
1.060000000762939365e+01
1.099999998855590810e+01
1.239999997711181656e+01
1.179999998855590881e+01
1.519999994659423770e+01
1.659999989318847824e+01
1.600000003051757957e+01
1.380000001525878872e+01
1.680000003051757673e+01
2.019999999999999929e+01
1.759999992370605426e+01
2.039999989318847540e+01
2.260000003051757744e+01
1.959999998474120986e+01
2.659999990844726625e+01
3.320000003051757886e+01
3.419999996948241971e+01
3.299999975585937761e+01
3.359999987792969023e+01
3.239999999999999858e+01
3.239999975585937619e+01
2.819999996948242327e+01
3.539999990844726341e+01
3.439999972534180017e+01
3.320000003051757886e+01
3.399999972534179449e+01
3.259999990844726625e+01
3.620000000000000284e+01
3.419999975585937335e+01
3.379999999999999716e+01
3.319999975585937335e+01
3.499999984741211279e+01
3.519999975585937335e+01
3.419999981689453250e+01
3.459999984741210710e+01
3.419999990844726767e+01
3.599999984741211279e+01
3.599999984741211279e+01
3.519999993896484369e+01
3.620000006103515489e+01
3.539999981689452824e+01
3.519999969482422131e+01
3.459999993896484227e+01
3.599999972534179449e+01
3.500000000000000000e+01
3.779999999999999716e+01
3.600000000000000000e+01
3.699999969482421847e+01
3.539999972534180017e+01
3.799999969482421847e+01
3.679999972534179875e+01
3.639999981689452824e+01
3.680000003051758029e+01
3.779999972534179875e+01
3.759999978637695506e+01
3.279999978637695079e+01
3.799999978637695364e+01
3.680000006103515631e+01
3.639999990844726341e+01
3.559999978637695506e+01
3.739999996948242256e+01
3.539999996948242256e+01
3.680000003051758029e+01
3.659999978637695506e+01
3.859999972534179591e+01
3.959999987792969023e+01
3.779999996948242114e+01
3.520000006103515489e+01
3.759999981689453108e+01
3.699999984741211279e+01
3.879999993896484511e+01
3.539999975585937619e+01
3.760000006103515346e+01
3.899999972534179449e+01
3.839999981689452824e+01
3.799999987792968881e+01
3.919999978637695648e+01
3.999999975585937761e+01
4.059999975585937193e+01
3.999999975585937761e+01
3.919999981689453250e+01
3.919999975585937335e+01
3.839999987792968739e+01
3.939999987792968739e+01
3.719999975585937335e+01
3.999999978637695364e+01
4.059999975585937193e+01
3.979999978637695079e+01
3.960000006103515346e+01
3.759999981689453108e+01
3.859999969482421989e+01
