0.000000000000000000e+00
2.000000000000000111e-01
0.000000000000000000e+00
0.000000000000000000e+00
2.079999995422363313e+01
0.000000000000000000e+00
7.999999984741211101e+00
1.199999988555908281e+00
7.199999946594238587e+00
0.000000000000000000e+00
2.399999999999999911e+00
0.000000000000000000e+00
9.600000007629393650e+00
4.000000000000000222e-01
1.600000000000000089e+00
2.599999977111816296e+00
7.999999942779540962e-01
7.199999946594238587e+00
1.039999998474121057e+01
4.999999994277954052e+00
4.600000007629394538e+00
6.799999988555907926e+00
1.859999998474120986e+01
2.659999990844726625e+01
8.000000000000000444e-01
8.800000015258788721e+00
2.259999990844726625e+01
9.399999954223632770e+00
5.400000007629394361e+00
1.179999992370605533e+01
1.799999994277954096e+00
3.199999977111816385e+00
1.799999992370605639e+01
9.000000007629394005e+00
4.399999988555908459e+00
5.599999988555908637e+00
7.999999977111816207e+00
2.000000000000000111e-01
1.579999994659423912e+01
5.199999988555908281e+00
6.799999946594238232e+00
4.799999994277953874e+00
9.999999946594238409e+00
4.399999988555908459e+00
7.200000007629394183e+00
7.999999946594238409e+00
7.999999946594238409e+00
7.199999988555908281e+00
8.199999977111817273e+00
2.479999986267089795e+01
5.400000007629394361e+00
5.800000007629394716e+00
6.399999988555908459e+00
3.099999987792968881e+01
8.999999946594238409e+00
8.400000015258788366e+00
3.799999994277954318e+00
1.219999994659423770e+01
6.599999994277953697e+00
9.999999946594238409e+00
1.060000000762939365e+01
6.000000015258788899e+00
1.679999998474121270e+01
3.679999975585937477e+01
7.199999977111816385e+00
1.400000001525878979e+01
5.400000007629394361e+00
7.200000007629394183e+00
1.339999989318847717e+01
1.359999995422363206e+01
3.499999996948242398e+01
9.599999988555907748e+00
1.259999997711181585e+01
1.100000001525878979e+01
1.159999998474121163e+01
1.339999992370605497e+01
6.599999977111816740e+00
9.999999946594238409e+00
2.999999988555908104e+00
6.800000015258788721e+00
9.600000007629393650e+00
1.279999992370605533e+01
8.999999977111816207e+00
1.039999998474121057e+01
1.019999998474121128e+01
1.060000001525878943e+01
9.999999954223632415e+00
9.799999923706055327e+00
9.600000015258789432e+00
9.999999988555908104e+00
1.079999997711181692e+01
9.399999984741210568e+00
1.019999997711181727e+01
9.599999946594238054e+00
9.999999954223632415e+00
9.400000015258788366e+00
1.160000001525878943e+01
9.400000015258788366e+00
8.799999946594239120e+00
1.099999994659423841e+01
9.799999994277953874e+00
1.119999997711181727e+01
1.079999994659423912e+01
1.139999994659423876e+01
1.140000001525878837e+01
1.279999992370605533e+01
1.459999997711181585e+01
1.380000000000000071e+01
1.640000003051757815e+01
1.759999995422363384e+01
1.759999992370605426e+01
2.079999986267089795e+01
2.399999996948242043e+01
2.419999986267090009e+01
2.559999990844726625e+01
2.519999981689453250e+01
2.579999993896484511e+01
2.639999990844726696e+01
2.859999990844726625e+01
2.659999987792968668e+01
2.799999981689452966e+01
2.579999995422363313e+01
3.359999990844726625e+01
3.519999987792968454e+01
4.259999969482421989e+01
3.619999993896484369e+01
3.579999981689453392e+01
3.439999993896484654e+01
3.579999984741210994e+01
3.819999975585937335e+01
3.719999990844726767e+01
3.759999978637695506e+01
3.879999969482421562e+01
3.959999987792969023e+01
3.619999969482422131e+01
3.559999984741210710e+01
3.900000006103515915e+01
3.959999975585937193e+01
3.719999981689453250e+01
4.099999978637695364e+01
3.959999969482421989e+01
3.719999978637695648e+01
3.859999993896484227e+01
3.839999993896484654e+01
4.019999975585937335e+01
3.999999984741211279e+01
3.679999978637695079e+01
3.999999987792968881e+01
4.040000003051757460e+01
3.999999990844726483e+01
4.239999972534180017e+01
4.119999978637695648e+01
4.340000006103515773e+01
4.140000006103515773e+01
4.139999969482421704e+01
4.039999969482421704e+01
3.999999990844726483e+01
4.259999969482421989e+01
4.139999999999999858e+01
4.079999990844726909e+01
4.199999990844726483e+01
4.240000006103515773e+01
4.379999984741210994e+01
4.240000003051757460e+01
4.079999972534179875e+01
4.219999972534179733e+01
4.279999999999999716e+01
4.140000003051757460e+01
4.099999978637695364e+01
3.939999981689452824e+01
4.220000006103515489e+01
4.359999996948242540e+01
4.199999978637695364e+01
4.480000006103515631e+01
4.359999969482421989e+01
4.039999978637695222e+01
4.379999984741210994e+01
4.100000003051757602e+01
4.180000003051758029e+01
4.239999996948242256e+01
4.279999996948242114e+01
4.119999987792968454e+01
4.339999972534180017e+01
4.379999969482421562e+01
4.219999969482422131e+01
4.280000006103515631e+01
4.339999999999999858e+01
4.359999972534179591e+01
4.399999972534179449e+01
4.319999978637695648e+01
4.159999975585937193e+01
4.380000006103515631e+01
4.479999975585937477e+01
4.459999975585937193e+01
4.339999990844726341e+01
4.479999987792968597e+01
4.519999987792968454e+01
4.279999993896484511e+01
4.259999984741210710e+01
4.219999975585937335e+01
