0.000000000000000000e+00
3.599999994277954141e+00
0.000000000000000000e+00
7.999999942779540962e-01
1.440000001525878837e+01
5.999999988555908104e+00
0.000000000000000000e+00
5.999999942779541406e-01
4.399999946594237876e+00
5.800000015258788721e+00
4.399999988555908459e+00
1.679999995422363313e+01
2.639999996948242256e+01
7.799999999999999822e+00
2.019999995422363170e+01
8.999999977111816207e+00
1.199999998474121021e+01
9.599999977111815852e+00
4.799999977111816030e+00
2.999999994277954052e+00
6.399999977111816563e+00
1.479999998474121092e+01
1.679999989318847753e+01
6.400000007629394361e+00
2.799999994277954318e+00
1.139999998474121057e+01
9.999999994277954940e+00
2.540000003051757815e+01
3.400000007629394361e+00
3.140000003051757815e+01
5.599999988555908637e+00
1.719999986267090009e+01
5.399999988555908459e+00
1.019999997711181727e+01
1.179999994659423912e+01
1.399999999999999911e+00
9.999999954223632415e+00
6.799999984741210923e+00
5.200000007629394183e+00
2.139999999999999858e+01
2.400000007629394361e+00
2.520000003051757886e+01
3.199999994277954229e+00
1.020000001525878908e+01
4.799999988555907926e+00
1.199999988555908281e+00
1.599999989318847682e+01
1.160000001525878943e+01
8.800000015258788721e+00
7.999999984741211101e+00
5.599999988555908637e+00
1.679999989318847753e+01
1.000000001525878979e+01
3.339999978637695222e+01
1.119999994659423770e+01
6.599999977111816740e+00
1.219999992370605391e+01
2.839999984741210781e+01
1.579999995422363313e+01
6.400000007629394361e+00
1.379999998474121092e+01
4.800000015258788721e+00
7.799999988555907926e+00
6.199999977111816385e+00
6.600000015258789432e+00
3.399999969482421847e+01
3.839999984741211136e+01
1.179999994659423912e+01
6.200000007629394183e+00
3.519999996948241971e+01
3.059999990844726625e+01
4.399999988555908459e+00
9.199999893188476108e+00
7.200000000000000178e+00
1.199999998474121021e+01
1.100000001525878979e+01
9.599999923706054261e+00
7.000000007629394894e+00
1.439999986267089760e+01
1.340000001525878837e+01
1.240000001525878837e+01
4.799999988555907926e+00
1.059999995422363206e+01
1.019999998855590739e+01
1.099999994659423841e+01
8.200000015258789077e+00
1.039999992370605497e+01
1.039999994659423876e+01
8.799999954223633125e+00
9.799999984741210923e+00
9.599999988555907748e+00
1.000000001525878979e+01
1.079999995422363313e+01
9.200000015258789077e+00
9.999999984741210213e+00
1.020000001525878908e+01
1.219999994659423770e+01
9.200000015258789077e+00
9.400000015258788366e+00
1.099999997711181621e+01
1.099999997711181621e+01
9.599999984741211634e+00
1.220000001525878908e+01
1.019999998855590739e+01
1.359999998474121163e+01
1.479999994659423912e+01
1.699999992370605639e+01
1.760000001525878943e+01
1.879999992370605355e+01
1.839999992370605497e+01
2.039999989318847540e+01
2.159999986267089866e+01
2.060000000000000142e+01
2.159999992370605426e+01
2.499999993896484440e+01
2.719999990844726412e+01
2.799999996948242043e+01
2.619999984741210852e+01
3.119999987792968810e+01
2.579999986267089795e+01
2.879999992370605355e+01
3.439999984741211136e+01
3.579999969482421562e+01
3.639999981689452824e+01
3.279999978637695079e+01
3.319999978637695648e+01
3.739999972534180017e+01
3.659999984741210710e+01
3.479999993896484511e+01
3.559999981689453108e+01
3.519999969482422131e+01
3.359999978637695506e+01
3.819999987792968454e+01
3.679999978637695079e+01
3.939999972534180017e+01
3.279999987792968597e+01
3.839999984741211136e+01
3.919999993896484369e+01
3.819999975585937335e+01
3.859999969482421989e+01
4.079999969482421562e+01
3.880000006103515631e+01
3.839999993896484654e+01
3.999999975585937761e+01
3.999999978637695364e+01
3.799999990844726483e+01
4.039999987792968739e+01
3.959999984741210710e+01
4.119999993896484369e+01
4.260000006103515346e+01
3.700000003051757602e+01
4.159999969482421989e+01
3.719999990844726767e+01
3.959999984741210710e+01
3.939999972534180017e+01
3.999999972534179449e+01
4.099999975585937761e+01
3.999999984741211279e+01
4.220000006103515489e+01
3.939999975585937619e+01
4.200000006103515915e+01
4.040000006103515773e+01
4.159999990844726625e+01
3.919999990844726767e+01
4.359999975585937193e+01
4.319999996948241971e+01
3.939999993896484654e+01
4.159999975585937193e+01
4.519999972534179733e+01
4.259999987792969023e+01
4.179999984741210994e+01
4.279999975585937477e+01
4.399999969482421847e+01
4.339999978637695222e+01
4.139999972534180017e+01
4.119999969482422131e+01
4.259999969482421989e+01
4.380000003051758029e+01
4.299999984741211279e+01
4.139999981689452824e+01
4.019999975585937335e+01
4.039999972534180017e+01
3.999999984741211279e+01
4.199999984741211279e+01
4.199999993896484085e+01
3.639999969482421704e+01
4.159999975585937193e+01
4.359999984741210710e+01
4.339999978637695222e+01
4.299999990844726483e+01
4.439999969482421704e+01
4.339999984741211136e+01
4.479999990844726909e+01
4.499999972534179449e+01
4.860000003051757744e+01
3.999999978637695364e+01
4.480000003051758029e+01
4.659999996948242540e+01
4.259999975585937193e+01
4.419999975585937335e+01
