2.719999999999999929e+01
3.739999975585937619e+01
0.000000000000000000e+00
1.600000000000000089e+00
0.000000000000000000e+00
2.000000000000000111e-01
8.000000000000000444e-01
2.000000000000000111e-01
5.999999999999999778e-01
3.999999942779540740e-01
6.199999946594238587e+00
6.199999946594238587e+00
1.599999988555908192e+00
3.339999981689452824e+01
3.999999994277954052e+00
1.000000000000000000e+00
1.000000000000000000e+00
8.400000015258788366e+00
2.419999989318847611e+01
1.520000000762939507e+01
1.199999999999999956e+00
7.399999946594237876e+00
4.999999994277954052e+00
3.200000007629394627e+00
6.199999988555908281e+00
8.600000015258789432e+00
1.879999989318847753e+01
3.399999994277953963e+00
1.320000000762939507e+01
2.199999977111816385e+00
2.399999946594238320e+00
8.200000015258789077e+00
4.599999977111816740e+00
1.320000001525878908e+01
2.399999988555908015e+00
4.599999988555908637e+00
1.199999994659423841e+01
9.000000007629394005e+00
3.399999999999999911e+00
5.400000007629394361e+00
2.199999994277954229e+00
6.399999994277954407e+00
5.800000007629394716e+00
6.399999954223632770e+00
5.400000007629394361e+00
8.399999977111816563e+00
1.299999998474121021e+01
9.999999977111816207e+00
4.799999988555907926e+00
2.219999989318847611e+01
4.859999972534179591e+01
7.399999954223632770e+00
4.000000000000000000e+00
1.599999995422363241e+01
1.299999992370605462e+01
5.000000007629394894e+00
5.999999994277954052e+00
4.399999994277954407e+00
7.399999954223632770e+00
5.800000007629394716e+00
6.999999977111816207e+00
6.000000015258788899e+00
8.800000007629394716e+00
4.599999972534179449e+01
8.400000007629394361e+00
7.399999977111816563e+00
3.999999988555908104e+00
6.200000015258789077e+00
3.419999981689453250e+01
6.199999977111816385e+00
1.339999998474121057e+01
5.199999994277954229e+00
9.400000007629394361e+00
7.600000007629394538e+00
3.999999994277954052e+00
6.199999994277954229e+00
1.099999992370605462e+01
4.200000007629394183e+00
3.079999984741210994e+01
7.600000007629394538e+00
4.399999988555908459e+00
1.039999986267089760e+01
9.800000015258788721e+00
8.999999977111816207e+00
8.599999994277954585e+00
9.399999977111816563e+00
9.200000007629395071e+00
9.599999946594238054e+00
9.599999988555907748e+00
8.399999984741210568e+00
7.800000007629394716e+00
9.399999977111816563e+00
8.399999988555908459e+00
9.599999946594238054e+00
9.600000015258789432e+00
7.600000007629394538e+00
8.599999977111815852e+00
9.000000015258789787e+00
7.799999988555907926e+00
8.999999954223632415e+00
1.060000001525878943e+01
9.399999977111816563e+00
9.399999946594238764e+00
8.599999946594238054e+00
9.799999988555908814e+00
1.179999997711181692e+01
1.119999998474121128e+01
1.239999998474121057e+01
1.359999994659423805e+01
1.339999998474121057e+01
1.519999995422363348e+01
1.220000001525878908e+01
1.359999992370605426e+01
1.599999997711181621e+01
1.520000001525878908e+01
1.600000003051757957e+01
1.679999998474121270e+01
1.879999998474121270e+01
1.580000001525878872e+01
1.879999989318847753e+01
1.800000001525878801e+01
2.200000001525878801e+01
1.919999999999999929e+01
2.459999989318847824e+01
2.660000000000000142e+01
2.799999987792968881e+01
3.099999987792968881e+01
2.899999990844726483e+01
2.979999987792968597e+01
2.839999996948242256e+01
3.199999996948242043e+01
3.119999999999999929e+01
3.319999993896484369e+01
3.279999987792968597e+01
3.219999990844726767e+01
3.259999990844726625e+01
3.139999993896484298e+01
3.299999990844726483e+01
3.839999978637695222e+01
3.479999975585937477e+01
3.199999986267089724e+01
3.339999972534180017e+01
3.219999989318847611e+01
3.560000006103515346e+01
3.299999978637695364e+01
3.299999987792968881e+01
3.139999981689453179e+01
3.459999996948242540e+01
3.239999999999999858e+01
3.579999975585937477e+01
3.879999975585937477e+01
3.599999981689452966e+01
3.319999990844726767e+01
3.139999981689453179e+01
3.819999978637695648e+01
3.299999984741211279e+01
3.579999984741210994e+01
3.379999981689453392e+01
3.879999972534179875e+01
3.420000006103515489e+01
3.359999993896484227e+01
3.639999978637695222e+01
3.539999987792968739e+01
3.779999978637695079e+01
4.000000003051757602e+01
3.439999978637695222e+01
3.939999969482421704e+01
3.759999996948242540e+01
3.399999996948242398e+01
3.799999990844726483e+01
3.979999984741210994e+01
3.539999984741211136e+01
3.680000006103515631e+01
3.659999981689453108e+01
3.640000006103515773e+01
3.919999969482422131e+01
3.740000006103515773e+01
3.539999990844726341e+01
3.659999981689453108e+01
3.739999978637695222e+01
3.779999987792968597e+01
3.399999987792968881e+01
3.879999975585937477e+01
3.959999972534179591e+01
3.679999969482421562e+01
3.559999984741210710e+01
4.320000006103515489e+01
3.899999972534179449e+01
3.919999975585937335e+01
3.919999978637695648e+01
4.140000003051757460e+01
3.819999972534179733e+01
4.139999969482421704e+01
3.739999996948242256e+01
4.119999996948241971e+01
3.979999978637695079e+01
4.179999996948242114e+01
4.199999969482421847e+01
3.899999981689452966e+01
3.939999969482421704e+01
