3.559999978637695506e+01
1.199999988555908281e+00
2.000000000000000111e-01
3.199999988555908281e+00
5.999999999999999778e-01
7.599999977111816740e+00
5.400000007629394361e+00
3.599999994277954141e+00
1.600000000000000089e+00
1.140000000762939436e+01
2.599999994277954141e+00
5.800000007629394716e+00
9.999999942779540518e-01
2.199999988555908281e+00
0.000000000000000000e+00
3.999999942779540740e-01
1.780000001525878872e+01
1.699999998474121199e+01
1.059999992370605426e+01
5.199999988555908281e+00
6.199999988555908281e+00
7.000000007629394894e+00
7.600000007629394538e+00
5.399999977111816563e+00
6.200000000000000178e+00
1.759999992370605426e+01
2.679999989318847753e+01
9.999999946594238409e+00
1.519999998474121128e+01
7.199999946594238587e+00
9.000000007629394005e+00
2.179999989318847753e+01
1.239999997711181656e+01
6.800000007629394716e+00
3.999999994277954052e+00
6.399999946594237876e+00
5.399999977111816563e+00
1.500000000000000000e+01
5.999999946594238409e+00
1.199999994659423841e+01
3.999999988555908104e+00
1.059999997711181585e+01
9.599999946594238054e+00
8.000000000000000444e-01
1.219999998474121128e+01
8.999999988555908104e+00
2.599999994277954141e+00
9.600000015258789432e+00
6.799999946594238232e+00
1.199999997711181621e+01
1.399999995422363241e+01
1.439999992370605497e+01
1.060000001525878943e+01
6.199999994277954229e+00
5.399999994277954407e+00
1.259999989318847646e+01
8.800000000000000711e+00
2.700000000000000000e+01
9.399999977111816563e+00
5.799999977111816030e+00
9.399999946594238764e+00
1.400000001525878979e+01
8.199999977111817273e+00
1.040000001525878837e+01
3.799999988555908370e+00
1.060000001525878943e+01
1.199999994659423841e+01
3.400000007629394361e+00
7.199999954223632592e+00
6.799999946594238232e+00
8.599999988555907748e+00
1.679999992370605355e+01
4.799999994277953874e+00
7.399999994277954407e+00
9.999999954223632415e+00
5.999999994277954052e+00
8.599999984741211634e+00
7.199999988555908281e+00
1.179999997711181692e+01
1.699999995422363241e+01
2.360000000000000142e+01
6.600000007629394538e+00
1.379999998474121092e+01
1.060000001525878943e+01
1.080000000762939472e+01
1.080000001525878872e+01
1.059999994659423805e+01
1.100000001525878979e+01
1.140000001525878837e+01
1.119999998474121128e+01
1.040000001525878837e+01
1.020000001525878908e+01
1.060000000762939365e+01
9.799999946594239120e+00
9.599999977111815852e+00
9.999999977111816207e+00
9.799999923706055327e+00
1.079999994659423912e+01
1.039999994659423876e+01
1.019999997711181727e+01
1.139999997711181656e+01
1.000000000762939401e+01
1.099999992370605462e+01
1.039999994659423876e+01
1.079999998474121092e+01
1.059999997711181585e+01
1.159999992370605426e+01
1.419999995422363348e+01
1.420000001525878908e+01
1.399999997711181621e+01
1.559999992370605426e+01
1.719999989318847611e+01
1.639999998474121057e+01
1.559999998474121163e+01
1.919999993896484369e+01
1.679999992370605355e+01
1.839999999999999858e+01
1.800000000762939578e+01
2.000000000000000000e+01
1.879999995422363313e+01
1.959999986267089866e+01
1.799999995422363241e+01
2.399999995422363241e+01
2.379999995422363313e+01
2.620000003051757886e+01
2.739999986267089938e+01
2.879999981689453037e+01
3.159999987792968668e+01
3.199999987792968881e+01
3.199999975585937406e+01
3.179999987792968597e+01
3.319999978637695648e+01
3.140000003051757815e+01
2.859999993896484227e+01
3.259999993896484227e+01
2.999999990844726483e+01
3.539999999999999858e+01
3.159999993896484227e+01
3.319999987792968454e+01
3.379999984741210994e+01
3.339999993896484654e+01
3.139999990844726696e+01
3.779999981689453392e+01
3.319999987792968454e+01
3.379999999999999716e+01
3.659999993896484227e+01
3.499999984741211279e+01
3.499999996948242398e+01
3.399999972534179449e+01
3.619999993896484369e+01
3.700000006103515915e+01
3.459999993896484227e+01
3.579999993896484511e+01
3.499999975585937761e+01
3.519999990844726767e+01
3.360000003051757744e+01
3.339999984741211136e+01
3.539999984741211136e+01
3.659999981689453108e+01
3.759999981689453108e+01
3.379999993896484511e+01
3.679999984741210994e+01
3.859999984741210710e+01
3.819999984741210852e+01
3.879999987792968597e+01
3.559999972534179591e+01
3.479999996948242114e+01
3.919999987792968454e+01
3.799999993896484085e+01
3.699999996948242398e+01
3.459999990844726625e+01
3.880000006103515631e+01
3.959999984741210710e+01
3.799999978637695364e+01
3.839999996948242256e+01
3.919999975585937335e+01
3.820000000000000284e+01
3.859999990844726625e+01
3.479999969482421562e+01
3.579999993896484511e+01
3.839999987792968739e+01
3.559999975585937193e+01
3.979999984741210994e+01
3.979999999999999716e+01
3.739999975585937619e+01
3.739999975585937619e+01
3.919999975585937335e+01
3.799999984741211279e+01
3.739999969482421704e+01
3.599999993896484085e+01
3.939999972534180017e+01
3.559999984741210710e+01
4.199999972534179449e+01
3.959999993896484227e+01
3.779999981689453392e+01
3.859999987792969023e+01
4.019999990844726767e+01
4.179999972534179875e+01
4.239999969482421704e+01
4.039999978637695222e+01
