1.000000000000000000e+02
1.540000001525878837e+01
0.000000000000000000e+00
0.000000000000000000e+00
5.999999999999999778e-01
7.999999942779540962e-01
4.940000006103515773e+01
0.000000000000000000e+00
0.000000000000000000e+00
2.640000003051757815e+01
4.000000000000000222e-01
7.200000007629394183e+00
3.799999988555908370e+00
3.839999993896484654e+01
4.200000000000000178e+00
4.400000007629394361e+00
4.400000007629394361e+00
7.399999946594237876e+00
6.599999984741210746e+00
9.399999977111816563e+00
1.800000000000000044e+00
1.379999995422363313e+01
1.600000000000000089e+00
1.199999999999999956e+00
1.960000003051757744e+01
3.399999994277953963e+00
1.399999994277954185e+00
2.359999989318847824e+01
5.399999994277954407e+00
4.199999988555908281e+00
2.999999994277954052e+00
3.199999988555908281e+00
6.200000007629394183e+00
3.199999994277954229e+00
7.999999946594238409e+00
1.540000001525878837e+01
1.680000001525878872e+01
7.199999977111816385e+00
1.020000000762939507e+01
2.179999996948242114e+01
6.799999988555907926e+00
1.999999986267089724e+01
7.400000015258789254e+00
5.999999988555908104e+00
1.239999995422363277e+01
1.159999994659423805e+01
2.359999992370605426e+01
1.179999997711181692e+01
9.999999977111816207e+00
2.199999994277954229e+00
6.200000007629394183e+00
1.120000001525878908e+01
1.240000003051757815e+01
1.359999998474121163e+01
7.599999977111816740e+00
2.460000003051757744e+01
7.599999946594238054e+00
6.800000015258788721e+00
1.379999992370605533e+01
3.619999975585937335e+01
6.200000007629394183e+00
8.399999977111816563e+00
6.199999994277954229e+00
8.400000015258788366e+00
8.999999988555908104e+00
7.399999988555908459e+00
1.119999998855590739e+01
7.399999946594237876e+00
1.059999998855590775e+01
9.199999977111817273e+00
1.199999992370605462e+01
7.199999994277954229e+00
2.020000003051757886e+01
7.000000000000000000e+00
6.199999988555908281e+00
4.800000007629394716e+00
5.599999977111816740e+00
1.199999998474121021e+01
7.999999946594238409e+00
4.800000007629394716e+00
1.120000001525878908e+01
8.599999946594238054e+00
9.199999984741211279e+00
1.080000000762939472e+01
9.399999988555908459e+00
1.019999998474121128e+01
9.600000007629393650e+00
1.019999998474121128e+01
9.199999984741211279e+00
8.400000015258788366e+00
1.039999995422363277e+01
9.399999977111816563e+00
9.399999946594238764e+00
1.000000001525878979e+01
1.000000001525878979e+01
9.599999977111815852e+00
1.019999998474121128e+01
9.599999977111815852e+00
1.000000001525878979e+01
1.039999998855590846e+01
1.159999997711181585e+01
1.139999994659423876e+01
1.099999994659423841e+01
1.160000001525878943e+01
1.319999992370605391e+01
1.259999997711181585e+01
1.699999986267089724e+01
2.039999998474121057e+01
1.840000003051757815e+01
2.039999986267089938e+01
2.479999993896484511e+01
2.480000000000000071e+01
2.080000003051757673e+01
2.419999990844726412e+01
2.499999987792968881e+01
2.339999996948242256e+01
2.439999993896484298e+01
3.119999999999999929e+01
2.639999993896484298e+01
3.059999990844726625e+01
3.539999996948242256e+01
3.579999987792968597e+01
4.219999969482422131e+01
4.179999987792968597e+01
4.259999978637695506e+01
4.419999969482422131e+01
4.179999987792968597e+01
4.199999969482421847e+01
3.979999987792968597e+01
4.059999990844726625e+01
3.799999993896484085e+01
4.139999969482421704e+01
4.200000006103515915e+01
3.979999993896484511e+01
4.079999972534179875e+01
4.340000003051757460e+01
4.079999969482421562e+01
4.160000000000000142e+01
3.899999987792968881e+01
4.279999972534179875e+01
4.079999987792968597e+01
4.279999999999999716e+01
4.139999984741211136e+01
4.199999978637695364e+01
4.099999987792968881e+01
4.179999978637695079e+01
4.239999999999999858e+01
3.879999969482421562e+01
4.379999972534179875e+01
4.159999978637695506e+01
4.099999981689452966e+01
4.179999972534179875e+01
4.239999972534180017e+01
4.459999984741210710e+01
3.959999975585937193e+01
4.499999984741211279e+01
4.480000003051758029e+01
4.759999969482421989e+01
4.119999978637695648e+01
4.079999993896484511e+01
4.479999996948242114e+01
4.379999972534179875e+01
4.319999969482422131e+01
4.460000006103515346e+01
4.420000000000000284e+01
4.259999969482421989e+01
4.419999972534179733e+01
4.679999999999999716e+01
4.680000006103515631e+01
4.659999972534179591e+01
4.660000000000000142e+01
4.699999984741211279e+01
4.479999993896484511e+01
4.359999975585937193e+01
4.720000006103515489e+01
4.779999993896484511e+01
4.540000003051757460e+01
4.679999999999999716e+01
4.779999999999999716e+01
4.619999969482422131e+01
4.699999987792968881e+01
4.639999969482421704e+01
4.279999972534179875e+01
4.579999999999999716e+01
4.079999990844726909e+01
4.520000003051757886e+01
4.579999972534179875e+01
4.979999990844726909e+01
4.720000006103515489e+01
4.579999978637695079e+01
4.859999987792969023e+01
4.659999972534179591e+01
4.659999996948242540e+01
4.540000006103515773e+01
4.479999972534179875e+01
4.599999969482421847e+01
4.480000006103515631e+01
4.820000000000000284e+01
4.859999978637695506e+01
4.539999999999999858e+01
