0.000000000000000000e+00
1.159999999999999964e+01
1.100000000000000000e+01
1.100000000000000000e+01
1.069999999999999929e+01
1.240000000000000036e+01
4.310000000000000142e+01
6.220000000000000284e+01
8.750000000000000000e+01
9.279999999999999716e+01
9.050000000000000000e+01
9.750000000000000000e+01
9.750000000000000000e+01
9.850000000000000000e+01
9.809999999999999432e+01
9.870000000000000284e+01
9.879999999999999716e+01
9.929999999999999716e+01
9.929999999999999716e+01
9.890000000000000568e+01
9.929999999999999716e+01
9.929999999999999716e+01
9.929999999999999716e+01
9.929999999999999716e+01
9.929999999999999716e+01
9.929999999999999716e+01
9.929999999999999716e+01
9.929999999999999716e+01
9.929999999999999716e+01
9.929999999999999716e+01
9.929999999999999716e+01
9.929999999999999716e+01
9.929999999999999716e+01
9.929999999999999716e+01
9.929999999999999716e+01
9.929999999999999716e+01
9.929999999999999716e+01
9.929999999999999716e+01
9.929999999999999716e+01
9.929999999999999716e+01
