0.000000000000000000e+00
1.480000000000000071e+01
1.190000000000000036e+01
1.150000000000000000e+01
1.100000000000000000e+01
1.700000000000000000e+01
9.340000000000000568e+01
8.979999999999999716e+01
9.590000000000000568e+01
9.750000000000000000e+01
9.920000000000000284e+01
9.990000000000000568e+01
1.000000000000000000e+02
9.879999999999999716e+01
9.870000000000000284e+01
9.870000000000000284e+01
9.990000000000000568e+01
9.929999999999999716e+01
9.909999999999999432e+01
9.920000000000000284e+01
9.929999999999999716e+01
9.929999999999999716e+01
9.929999999999999716e+01
9.920000000000000284e+01
9.929999999999999716e+01
9.950000000000000000e+01
9.940000000000000568e+01
9.940000000000000568e+01
9.940000000000000568e+01
9.940000000000000568e+01
9.940000000000000568e+01
9.940000000000000568e+01
9.940000000000000568e+01
9.940000000000000568e+01
9.940000000000000568e+01
9.940000000000000568e+01
9.940000000000000568e+01
9.929999999999999716e+01
9.940000000000000568e+01
9.929999999999999716e+01
