0.000000000000000000e+00
9.500000000000000000e+00
1.290000000000000036e+01
1.269999999999999929e+01
1.290000000000000036e+01
1.259999999999999964e+01
1.290000000000000036e+01
1.569999999999999929e+01
1.880000000000000071e+01
4.389999999999999858e+01
6.160000000000000142e+01
7.459999999999999432e+01
8.709999999999999432e+01
9.309999999999999432e+01
9.220000000000000284e+01
9.370000000000000284e+01
9.400000000000000000e+01
9.759999999999999432e+01
9.909999999999999432e+01
9.920000000000000284e+01
9.920000000000000284e+01
9.920000000000000284e+01
9.929999999999999716e+01
9.929999999999999716e+01
9.940000000000000568e+01
9.940000000000000568e+01
9.950000000000000000e+01
9.959999999999999432e+01
9.959999999999999432e+01
9.959999999999999432e+01
9.959999999999999432e+01
9.959999999999999432e+01
9.959999999999999432e+01
9.959999999999999432e+01
9.959999999999999432e+01
9.959999999999999432e+01
9.959999999999999432e+01
9.959999999999999432e+01
9.959999999999999432e+01
9.959999999999999432e+01
