0.000000000000000000e+00
1.040000000000000036e+01
1.169999999999999929e+01
1.130000000000000071e+01
1.090000000000000036e+01
1.130000000000000071e+01
1.509999999999999964e+01
1.480000000000000071e+01
3.260000000000000142e+01
5.350000000000000000e+01
6.640000000000000568e+01
8.300000000000000000e+01
9.000000000000000000e+01
9.179999999999999716e+01
9.359999999999999432e+01
9.470000000000000284e+01
9.550000000000000000e+01
9.840000000000000568e+01
9.879999999999999716e+01
9.870000000000000284e+01
9.890000000000000568e+01
9.890000000000000568e+01
9.890000000000000568e+01
9.890000000000000568e+01
9.909999999999999432e+01
9.920000000000000284e+01
9.929999999999999716e+01
9.929999999999999716e+01
9.929999999999999716e+01
9.929999999999999716e+01
9.929999999999999716e+01
9.929999999999999716e+01
9.929999999999999716e+01
9.929999999999999716e+01
9.929999999999999716e+01
9.929999999999999716e+01
9.929999999999999716e+01
9.929999999999999716e+01
9.929999999999999716e+01
9.929999999999999716e+01
