0.000000000000000000e+00
1.009999999999999964e+01
1.059999999999999964e+01
1.059999999999999964e+01
1.030000000000000071e+01
1.109999999999999964e+01
4.900000000000000000e+01
7.240000000000000568e+01
8.670000000000000284e+01
9.359999999999999432e+01
9.470000000000000284e+01
9.790000000000000568e+01
9.890000000000000568e+01
9.720000000000000284e+01
9.800000000000000000e+01
9.870000000000000284e+01
9.790000000000000568e+01
9.940000000000000568e+01
9.859999999999999432e+01
9.890000000000000568e+01
9.890000000000000568e+01
9.890000000000000568e+01
9.879999999999999716e+01
9.890000000000000568e+01
9.879999999999999716e+01
9.900000000000000000e+01
9.909999999999999432e+01
9.900000000000000000e+01
9.890000000000000568e+01
9.890000000000000568e+01
9.890000000000000568e+01
9.879999999999999716e+01
9.900000000000000000e+01
9.900000000000000000e+01
9.900000000000000000e+01
9.890000000000000568e+01
9.890000000000000568e+01
9.890000000000000568e+01
9.879999999999999716e+01
9.890000000000000568e+01
