0.000000000000000000e+00
8.900000000000000355e+00
9.300000000000000711e+00
9.199999999999999289e+00
9.199999999999999289e+00
1.009999999999999964e+01
4.260000000000000142e+01
7.979999999999999716e+01
9.029999999999999716e+01
9.570000000000000284e+01
9.620000000000000284e+01
9.840000000000000568e+01
9.800000000000000000e+01
9.800000000000000000e+01
9.890000000000000568e+01
9.970000000000000284e+01
9.850000000000000000e+01
9.979999999999999716e+01
9.929999999999999716e+01
9.959999999999999432e+01
9.970000000000000284e+01
9.970000000000000284e+01
9.970000000000000284e+01
9.970000000000000284e+01
9.959999999999999432e+01
9.970000000000000284e+01
9.970000000000000284e+01
9.970000000000000284e+01
9.970000000000000284e+01
9.970000000000000284e+01
9.970000000000000284e+01
9.970000000000000284e+01
9.970000000000000284e+01
9.970000000000000284e+01
9.970000000000000284e+01
9.970000000000000284e+01
9.970000000000000284e+01
9.970000000000000284e+01
9.970000000000000284e+01
9.970000000000000284e+01
