0.000000000000000000e+00
1.180000000000000071e+01
1.050000000000000000e+01
1.019999999999999929e+01
1.000000000000000000e+01
1.000000000000000000e+01
1.040000000000000036e+01
1.269999999999999929e+01
2.869999999999999929e+01
4.729999999999999716e+01
5.400000000000000000e+01
6.840000000000000568e+01
8.429999999999999716e+01
8.870000000000000284e+01
8.879999999999999716e+01
9.170000000000000284e+01
9.240000000000000568e+01
9.759999999999999432e+01
9.820000000000000284e+01
9.829999999999999716e+01
9.840000000000000568e+01
9.840000000000000568e+01
9.850000000000000000e+01
9.850000000000000000e+01
9.840000000000000568e+01
9.870000000000000284e+01
9.909999999999999432e+01
9.909999999999999432e+01
9.909999999999999432e+01
9.909999999999999432e+01
9.909999999999999432e+01
9.909999999999999432e+01
9.909999999999999432e+01
9.909999999999999432e+01
9.909999999999999432e+01
9.909999999999999432e+01
9.909999999999999432e+01
9.909999999999999432e+01
9.909999999999999432e+01
9.909999999999999432e+01
