0.000000000000000000e+00
1.419999999999999929e+01
1.250000000000000000e+01
1.230000000000000071e+01
1.230000000000000071e+01
1.240000000000000036e+01
1.619999999999999929e+01
1.459999999999999964e+01
2.180000000000000071e+01
3.779999999999999716e+01
4.689999999999999858e+01
7.190000000000000568e+01
7.790000000000000568e+01
8.640000000000000568e+01
8.729999999999999716e+01
9.029999999999999716e+01
9.320000000000000284e+01
9.629999999999999716e+01
9.870000000000000284e+01
9.879999999999999716e+01
9.879999999999999716e+01
9.900000000000000000e+01
9.900000000000000000e+01
9.900000000000000000e+01
9.900000000000000000e+01
9.929999999999999716e+01
9.959999999999999432e+01
9.970000000000000284e+01
9.970000000000000284e+01
9.970000000000000284e+01
9.970000000000000284e+01
9.970000000000000284e+01
9.970000000000000284e+01
9.970000000000000284e+01
9.970000000000000284e+01
9.970000000000000284e+01
9.970000000000000284e+01
9.970000000000000284e+01
9.970000000000000284e+01
9.970000000000000284e+01
