0.000000000000000000e+00
9.300000000000000711e+00
9.599999999999999645e+00
9.400000000000000355e+00
9.500000000000000000e+00
9.199999999999999289e+00
9.400000000000000355e+00
1.100000000000000000e+01
2.039999999999999858e+01
4.279999999999999716e+01
7.420000000000000284e+01
6.590000000000000568e+01
8.790000000000000568e+01
8.909999999999999432e+01
9.120000000000000284e+01
9.400000000000000000e+01
9.390000000000000568e+01
9.790000000000000568e+01
9.879999999999999716e+01
9.909999999999999432e+01
9.929999999999999716e+01
9.920000000000000284e+01
9.940000000000000568e+01
9.929999999999999716e+01
9.940000000000000568e+01
9.929999999999999716e+01
9.959999999999999432e+01
9.959999999999999432e+01
9.959999999999999432e+01
9.959999999999999432e+01
9.959999999999999432e+01
9.959999999999999432e+01
9.959999999999999432e+01
9.959999999999999432e+01
9.959999999999999432e+01
9.959999999999999432e+01
9.959999999999999432e+01
9.959999999999999432e+01
9.959999999999999432e+01
9.959999999999999432e+01
