0.000000000000000000e+00
1.130000000000000071e+01
1.069999999999999929e+01
1.090000000000000036e+01
1.080000000000000071e+01
1.150000000000000000e+01
4.689999999999999858e+01
7.479999999999999716e+01
9.120000000000000284e+01
9.429999999999999716e+01
9.290000000000000568e+01
9.720000000000000284e+01
9.679999999999999716e+01
9.940000000000000568e+01
9.690000000000000568e+01
9.829999999999999716e+01
9.850000000000000000e+01
9.940000000000000568e+01
9.909999999999999432e+01
9.879999999999999716e+01
9.900000000000000000e+01
9.870000000000000284e+01
9.879999999999999716e+01
9.870000000000000284e+01
9.870000000000000284e+01
9.909999999999999432e+01
9.959999999999999432e+01
9.950000000000000000e+01
9.950000000000000000e+01
9.950000000000000000e+01
9.940000000000000568e+01
9.929999999999999716e+01
9.929999999999999716e+01
9.920000000000000284e+01
9.929999999999999716e+01
9.929999999999999716e+01
9.920000000000000284e+01
9.920000000000000284e+01
9.920000000000000284e+01
9.909999999999999432e+01
