0.000000000000000000e+00
0.000000000000000000e+00
3.199999994277954229e+00
0.000000000000000000e+00
6.599999977111816740e+00
0.000000000000000000e+00
1.999999994277954052e+00
2.839999987792968739e+01
2.959999989318847824e+01
9.799999988555908814e+00
1.399999988555908237e+00
3.599999977111816296e+00
4.939999984741211136e+01
4.599999994277953697e+00
2.000000000000000111e-01
1.399999999999999911e+00
7.660000006103516057e+01
4.199999988555908281e+00
4.999999946594238409e+00
1.199999998474121021e+01
3.459999981689453108e+01
5.999999999999999778e-01
9.199999946594237699e+00
2.799999994277954318e+00
4.000000000000000222e-01
5.999999999999999778e-01
5.659999972534179591e+01
4.999999988555908104e+00
1.179999995422363313e+01
8.000000000000000444e-01
1.159999994659423805e+01
5.199999994277954229e+00
2.480000000000000071e+01
6.199999977111816385e+00
1.000000000000000000e+00
3.799999988555908370e+00
6.399999946594237876e+00
9.600000015258789432e+00
9.599999999999999645e+00
8.999999984741210213e+00
7.599999977111816740e+00
9.799999984741210923e+00
1.359999992370605426e+01
9.799999977111816918e+00
9.599999988555907748e+00
6.199999954223632592e+00
1.379999994659423912e+01
9.999999946594238409e+00
1.559999994659423805e+01
4.799999988555907926e+00
1.159999998474121163e+01
4.400000007629394361e+00
2.959999972534179591e+01
7.199999988555908281e+00
8.199999946594237699e+00
6.399999977111816563e+00
9.999999984741210213e+00
5.799999988555907926e+00
9.799999984741210923e+00
4.599999994277953697e+00
5.799999946594238232e+00
5.799999946594238232e+00
3.799999988555908370e+00
1.119999995422363348e+01
8.600000007629393650e+00
1.179999994659423912e+01
7.199999984741211279e+00
8.600000015258789432e+00
8.599999977111815852e+00
5.239999972534180017e+01
5.199999988555908281e+00
6.999999946594238409e+00
1.980000001525878872e+01
7.199999984741211279e+00
1.180000001525878872e+01
2.499999993896484440e+01
8.199999988555907393e+00
7.600000007629394538e+00
1.180000000762939472e+01
1.300000001525878979e+01
2.379999989318847753e+01
4.600000007629394538e+00
8.199999977111817273e+00
8.400000015258788366e+00
7.400000015258789254e+00
8.799999994277953874e+00
8.799999946594239120e+00
8.399999977111816563e+00
7.599999984741210746e+00
7.200000007629394183e+00
9.199999988555907393e+00
9.399999984741210568e+00
7.999999988555908104e+00
9.000000007629394005e+00
8.599999946594238054e+00
8.599999946594238054e+00
8.400000015258788366e+00
8.800000015258788721e+00
8.800000015258788721e+00
8.200000007629395071e+00
9.600000007629393650e+00
1.299999995422363241e+01
1.259999994659423805e+01
1.059999998855590775e+01
9.200000007629395071e+00
9.599999994277954585e+00
1.159999994659423805e+01
9.600000007629393650e+00
1.100000001525878979e+01
1.160000001525878943e+01
1.179999998855590881e+01
1.259999997711181585e+01
1.299999994659423841e+01
1.460000001525878943e+01
1.519999989318847611e+01
1.799999996948242043e+01
1.599999998474121021e+01
2.199999996948242043e+01
1.679999992370605355e+01
2.219999989318847611e+01
2.479999993896484511e+01
2.339999993896484298e+01
1.940000001525879014e+01
3.379999981689453392e+01
2.939999999999999858e+01
2.860000003051757744e+01
2.739999990844726696e+01
2.879999993896484511e+01
2.479999996948242114e+01
2.839999969482421704e+01
2.379999986267089795e+01
2.719999998474121128e+01
2.759999978637695150e+01
2.799999986267089724e+01
2.779999996948242114e+01
2.459999996948242185e+01
2.899999981689452966e+01
2.839999984741210781e+01
2.740000003051757815e+01
2.599999984741210923e+01
2.859999989318847824e+01
2.700000003051757957e+01
2.659999996948242185e+01
2.639999984741210781e+01
2.539999989318847540e+01
3.079999984741210994e+01
2.839999996948242256e+01
2.800000000000000000e+01
2.739999981689453179e+01
2.939999987792968739e+01
2.839999990844726696e+01
2.660000003051757744e+01
3.039999992370605497e+01
2.639999993896484298e+01
3.259999989318847469e+01
2.899999981689452966e+01
2.999999993896484440e+01
2.660000003051757744e+01
3.019999990844726412e+01
2.819999981689453250e+01
3.079999987792968597e+01
2.919999975585937335e+01
2.879999996948242114e+01
2.779999986267089795e+01
2.540000003051757815e+01
3.179999990844726554e+01
2.699999981689452966e+01
2.979999987792968597e+01
2.999999990844726483e+01
2.979999995422363313e+01
2.800000003051757957e+01
2.979999986267089795e+01
2.799999996948242043e+01
3.019999993896484369e+01
3.200000000000000000e+01
3.099999987792968881e+01
2.839999987792968739e+01
2.939999996948242256e+01
3.079999984741210994e+01
3.079999978637695435e+01
2.779999984741210994e+01
3.279999984741210994e+01
3.119999981689453250e+01
2.880000003051757673e+01
3.079999993896484511e+01
3.179999984741210994e+01
3.179999978637695435e+01
3.499999993896484085e+01
3.339999978637695222e+01
3.279999993896484511e+01
3.119999984741210852e+01
3.360000003051757744e+01
3.059999995422363384e+01
2.879999993896484511e+01
3.219999996948241971e+01
3.419999981689453250e+01
3.119999987792968810e+01
3.359999969482421989e+01
2.899999993896484440e+01
3.199999984741210923e+01
