6.799999946594238232e+00
0.000000000000000000e+00
0.000000000000000000e+00
8.000000007629394005e+00
4.000000000000000222e-01
6.179999993896484511e+01
5.599999988555908637e+00
2.199999988555908281e+00
2.599999994277954141e+00
4.000000000000000222e-01
2.999999994277954052e+00
1.499999995422363241e+01
2.399999994277953963e+00
1.399999999999999911e+00
2.539999999999999858e+01
2.139999995422363455e+01
8.999999946594238409e+00
1.800000000000000044e+00
2.619999999999999929e+01
5.259999990844726625e+01
1.699999989318847682e+01
4.999999988555908104e+00
4.800000006103515915e+01
5.799999994277953874e+00
3.599999994277954141e+00
3.519999987792968454e+01
1.199999997711181621e+01
4.039999969482421704e+01
4.399999994277954407e+00
6.400000007629394361e+00
1.339999995422363277e+01
1.179999998855590881e+01
1.119999994659423770e+01
7.799999977111816030e+00
1.320000003051757886e+01
4.799999999999999822e+00
9.999999923706054616e+00
3.799999994277954318e+00
9.799999984741210923e+00
5.999999988555908104e+00
1.019999994659423770e+01
1.239999994659423876e+01
8.999999988555908104e+00
1.100000001525878979e+01
3.599999994277954141e+00
4.640000006103515773e+01
1.239999989318847717e+01
1.079999998855590881e+01
4.800000007629394716e+00
4.200000007629394183e+00
1.039999998474121057e+01
9.399999977111816563e+00
5.399999988555908459e+00
9.999999946594238409e+00
1.219999998855590739e+01
2.060000003051757744e+01
6.799999984741210923e+00
2.200000000000000178e+00
1.039999994659423876e+01
9.599999977111815852e+00
1.059999998474121163e+01
1.500000003051757780e+01
1.659999989318847824e+01
1.539999986267089760e+01
1.220000001525878908e+01
4.999999977111816207e+00
1.039999998474121057e+01
9.800000007629394716e+00
7.199999988555908281e+00
1.099999997711181621e+01
8.399999946594238764e+00
9.999999946594238409e+00
1.079999995422363313e+01
8.079999993896484511e+01
5.599999988555908637e+00
4.239999984741211136e+01
8.399999977111816563e+00
9.000000007629394005e+00
1.239999997711181656e+01
7.999999946594238409e+00
1.759999998474120986e+01
1.179999994659423912e+01
1.120000001525878908e+01
1.079999997711181692e+01
1.239999994659423876e+01
1.099999992370605462e+01
1.140000000762939436e+01
1.179999997711181692e+01
1.120000000762939507e+01
1.259999992370605426e+01
1.140000000762939436e+01
1.319999998474121128e+01
1.079999994659423912e+01
1.119999989318847611e+01
1.339999995422363277e+01
1.159999998855590775e+01
1.119999998855590739e+01
1.139999998474121057e+01
1.259999995422363206e+01
1.179999997711181692e+01
1.240000001525878837e+01
1.359999995422363206e+01
1.299999998474121021e+01
1.380000001525878872e+01
1.359999989318847646e+01
1.219999989318847611e+01
1.299999995422363241e+01
1.180000001525878872e+01
1.380000000762939472e+01
1.320000001525878908e+01
1.679999986267089795e+01
1.579999992370605533e+01
1.559999994659423805e+01
1.799999989318847682e+01
1.679999994659423734e+01
1.799999998474121199e+01
2.159999990844726625e+01
2.060000000000000142e+01
2.359999987792968668e+01
2.639999989318847540e+01
2.559999987792968668e+01
2.480000000000000071e+01
3.059999990844726625e+01
3.499999987792968881e+01
3.099999987792968881e+01
3.299999984741211279e+01
2.859999986267089866e+01
3.179999978637695435e+01
3.059999986267089866e+01
3.179999978637695435e+01
3.199999984741210923e+01
3.200000000000000000e+01
3.059999978637695150e+01
3.359999984741210710e+01
3.059999987792968668e+01
3.279999981689453392e+01
3.179999990844726554e+01
3.359999978637695506e+01
3.399999987792968881e+01
2.919999978637695293e+01
3.059999987792968668e+01
3.139999978637695222e+01
3.059999990844726625e+01
3.239999990844726341e+01
3.160000003051757744e+01
3.199999987792968881e+01
3.219999981689453250e+01
3.299999984741211279e+01
3.359999972534179591e+01
3.439999975585937619e+01
3.299999987792968881e+01
3.459999984741210710e+01
2.739999987792968739e+01
3.359999978637695506e+01
3.299999996948242398e+01
3.280000006103515631e+01
3.439999978637695222e+01
2.839999984741210781e+01
3.300000000000000000e+01
3.339999987792968739e+01
3.339999981689452824e+01
3.279999990844726909e+01
3.419999978637695648e+01
3.599999981689452966e+01
3.619999975585937335e+01
3.159999993896484227e+01
3.219999996948241971e+01
3.419999981689453250e+01
3.599999975585937761e+01
3.620000003051757886e+01
3.279999990844726909e+01
3.299999975585937761e+01
3.539999975585937619e+01
3.559999990844726625e+01
3.419999987792968454e+01
3.539999996948242256e+01
3.539999978637695222e+01
3.539999975585937619e+01
3.699999978637695364e+01
3.619999996948241971e+01
3.339999987792968739e+01
3.420000006103515489e+01
3.559999993896484227e+01
3.559999996948242540e+01
3.459999984741210710e+01
3.539999975585937619e+01
3.579999987792968597e+01
3.639999984741211136e+01
3.639999972534180017e+01
3.219999987792968454e+01
3.579999975585937477e+01
3.599999990844726483e+01
3.579999984741210994e+01
3.719999978637695648e+01
3.819999990844726767e+01
3.439999993896484654e+01
3.499999981689452966e+01
3.559999981689453108e+01
3.519999978637695648e+01
3.400000003051757602e+01
