0.000000000000000000e+00
1.999999942779540907e-01
0.000000000000000000e+00
4.799999984741210923e+00
9.999999885559082147e-01
5.599999988555908637e+00
6.199999969482421847e+01
3.499999987792968881e+01
2.019999992370605568e+01
2.559999993896484227e+01
2.579999981689453037e+01
5.399999988555908459e+00
1.000000000000000000e+00
2.399999999999999911e+00
1.199999999999999956e+00
1.399999999999999911e+00
7.399999946594237876e+00
1.799999994277954096e+00
7.000000007629394894e+00
1.599999994277954141e+00
1.639999989318847540e+01
7.400000000000000355e+00
5.000000007629394894e+00
1.799999988555908148e+00
7.800000007629394716e+00
3.600000000000000089e+00
4.199999946594238587e+00
2.799999994277954318e+00
1.999999988555908104e+00
4.599999994277953697e+00
4.600000015258789432e+00
3.799999993896484085e+01
1.100000001525878979e+01
1.159999999427795458e+01
1.059999997711181585e+01
6.799999946594238232e+00
1.999999994277954052e+00
6.400000007629394361e+00
1.099999998474121021e+01
7.999999988555908104e+00
5.999999988555908104e+00
1.799999994277954096e+00
5.600000007629394538e+00
6.199999984741211279e+00
5.999999946594238409e+00
8.799999994277953874e+00
9.999999988555908104e+00
1.000000000000000000e+00
2.119999996948242327e+01
5.599999988555908637e+00
9.999999977111816207e+00
1.139999995422363277e+01
1.059999994659423805e+01
1.379999992370605533e+01
2.440000003051757815e+01
3.200000007629394627e+00
7.000000007629394894e+00
3.400000007629394361e+00
4.999999994277954052e+00
5.199999994277954229e+00
8.599999994277954585e+00
3.179999984741210994e+01
5.400000007629394361e+00
1.039999994659423876e+01
3.200000007629394627e+00
4.799999999999999822e+00
5.599999988555908637e+00
1.780000000000000071e+01
1.179999994659423912e+01
8.799999977111816918e+00
9.600000015258789432e+00
7.799999977111816030e+00
1.080000000762939472e+01
1.800000000000000044e+00
5.999999946594238409e+00
9.199999994277954229e+00
2.099999992370605639e+01
8.399999977111816563e+00
7.599999994277953697e+00
1.059999995422363206e+01
3.999999977111816207e+00
8.399999988555908459e+00
7.800000015258788721e+00
8.600000015258789432e+00
7.400000007629394361e+00
7.799999946594238232e+00
8.599999977111815852e+00
8.599999977111815852e+00
8.999999977111816207e+00
8.599999988555907748e+00
9.999999946594238409e+00
9.999999977111816207e+00
8.599999977111815852e+00
8.800000007629394716e+00
9.199999946594237699e+00
8.799999946594239120e+00
8.799999984741210923e+00
9.000000015258789787e+00
9.199999977111817273e+00
7.999999988555908104e+00
9.399999977111816563e+00
9.199999946594237699e+00
8.600000007629393650e+00
9.199999984741211279e+00
8.799999984741210923e+00
9.800000007629394716e+00
9.799999977111816918e+00
1.059999997711181585e+01
9.200000015258789077e+00
1.160000001525878943e+01
1.180000001525878872e+01
1.280000001525878872e+01
1.299999998474121021e+01
1.499999994659423841e+01
1.240000000762939436e+01
1.739999998474121057e+01
1.499999994659423841e+01
1.959999989318847824e+01
2.160000000000000142e+01
1.399999989318847682e+01
2.259999987792968668e+01
2.559999987792968668e+01
2.639999978637695222e+01
3.400000003051757602e+01
2.639999996948242256e+01
2.839999996948242256e+01
3.039999990844726696e+01
2.699999989318847682e+01
3.020000003051757886e+01
2.899999984741210923e+01
3.039999993896484298e+01
2.859999996948242185e+01
2.979999996948242114e+01
2.959999984741211065e+01
2.859999986267089866e+01
2.599999996948242043e+01
3.000000003051757957e+01
2.899999987792968881e+01
2.819999986267090009e+01
3.059999987792968668e+01
3.159999984741211065e+01
2.939999978637695222e+01
3.119999996948242327e+01
3.059999993896484227e+01
3.119999981689453250e+01
2.879999987792968597e+01
2.919999984741210852e+01
3.259999990844726625e+01
3.140000003051757815e+01
3.119999984741210852e+01
2.939999984741210781e+01
3.379999996948242114e+01
2.979999981689453037e+01
3.260000000000000142e+01
3.239999972534180017e+01
3.180000006103515631e+01
3.199999987792968881e+01
2.879999998474121270e+01
3.279999978637695079e+01
3.340000006103515773e+01
3.299999978637695364e+01
3.059999986267089866e+01
3.259999986267089866e+01
3.039999989318847540e+01
3.619999987792968454e+01
3.119999975585937335e+01
3.179999990844726554e+01
3.279999987792968597e+01
2.960000000000000142e+01
3.319999981689453250e+01
3.379999990844726909e+01
3.479999984741210994e+01
3.239999981689452824e+01
3.299999984741211279e+01
3.339999987792968739e+01
3.459999996948242540e+01
3.339999987792968739e+01
3.339999990844726341e+01
3.539999990844726341e+01
3.359999987792969023e+01
3.400000000000000000e+01
3.419999972534179733e+01
3.439999981689452824e+01
3.439999981689452824e+01
3.499999987792968881e+01
3.439999996948242256e+01
3.519999984741210852e+01
3.360000000000000142e+01
3.339999996948242256e+01
3.439999999999999858e+01
3.479999981689453392e+01
3.399999975585937761e+01
3.539999975585937619e+01
3.439999993896484654e+01
3.579999972534179875e+01
3.640000003051757460e+01
3.619999987792968454e+01
3.259999972534179591e+01
3.559999975585937193e+01
3.559999975585937193e+01
