0.000000000000000000e+00
2.000000000000000111e-01
4.279999978637695079e+01
4.999999988555908104e+00
4.579999969482421562e+01
0.000000000000000000e+00
5.999999999999999778e-01
9.800000015258788721e+00
7.799999988555907926e+00
2.379999986267089795e+01
8.800000007629394716e+00
2.679999987792968597e+01
5.999999994277954052e+00
1.779999995422363313e+01
2.799999994277954318e+00
0.000000000000000000e+00
2.399999994277953963e+00
2.039999992370605497e+01
1.600000000000000089e+00
9.999999942779540518e-01
4.999999946594238409e+00
1.720000003051757886e+01
1.799999994277954096e+00
2.999999977111816207e+00
3.199999994277954229e+00
1.719999999999999929e+01
2.000000000000000111e-01
2.799999994277954318e+00
5.999999977111816207e+00
6.999999988555908104e+00
1.800000000000000044e+00
8.199999988555907393e+00
2.399999988555908015e+00
7.599999946594238054e+00
1.120000001525878908e+01
4.799999946594238232e+00
4.000000007629394894e+00
3.919999978637695648e+01
1.040000001525878837e+01
8.799999977111816918e+00
1.059999998855590775e+01
3.999999994277954052e+00
1.019999986267089831e+01
8.999999954223632415e+00
7.199999988555908281e+00
1.000000000762939401e+01
4.999999988555908104e+00
3.999999988555908104e+00
1.979999992370605355e+01
5.399999988555908459e+00
8.400000007629394361e+00
1.699999992370605639e+01
1.199999994277954007e+00
3.999999988555908104e+00
4.399999994277954407e+00
6.799999977111816030e+00
1.999999988555908104e+00
5.799999988555907926e+00
7.799999946594238232e+00
9.599999946594238054e+00
1.159999997711181585e+01
1.959999995422363384e+01
1.139999989318847717e+01
1.139999998855590846e+01
9.599999984741211634e+00
7.199999984741211279e+00
1.139999998474121057e+01
3.080000000000000071e+01
5.799999977111816030e+00
2.479999986267089795e+01
8.600000007629393650e+00
8.600000007629393650e+00
7.199999977111816385e+00
6.800000007629394716e+00
1.039999998474121057e+01
5.999999977111816207e+00
1.000000000762939401e+01
3.799999977111816474e+00
1.599999989318847682e+01
6.400000007629394361e+00
8.199999946594237699e+00
1.920000003051757886e+01
1.119999998474121128e+01
9.999999977111816207e+00
9.999999984741210213e+00
1.220000001525878908e+01
1.119999997711181727e+01
1.059999998474121163e+01
1.020000001525878908e+01
1.019999994659423770e+01
1.120000001525878908e+01
1.199999992370605462e+01
1.019999994659423770e+01
1.019999997711181727e+01
1.139999995422363277e+01
1.179999994659423912e+01
1.159999994659423805e+01
1.099999997711181621e+01
1.339999986267089760e+01
1.160000001525878943e+01
1.140000003051757815e+01
1.159999997711181585e+01
1.239999992370605497e+01
1.140000000762939436e+01
1.060000001525878943e+01
1.300000000762939401e+01
1.199999997711181621e+01
1.080000001525878872e+01
1.279999989318847575e+01
1.300000000000000000e+01
1.339999995422363277e+01
1.340000000762939436e+01
1.340000000762939436e+01
1.439999992370605497e+01
1.479999992370605533e+01
1.559999995422363206e+01
1.779999986267089795e+01
1.699999996948242043e+01
2.140000003051757815e+01
2.159999995422363384e+01
2.179999992370605355e+01
2.639999981689453179e+01
2.939999990844726696e+01
4.119999984741210852e+01
4.159999981689453108e+01
3.839999978637695222e+01
3.159999978637695150e+01
3.439999984741211136e+01
3.019999981689453250e+01
2.900000000000000000e+01
3.039999987792968739e+01
2.799999990844726483e+01
2.819999993896484369e+01
2.900000000000000000e+01
2.879999996948242114e+01
2.879999984741210994e+01
2.979999990844726554e+01
3.039999978637695222e+01
2.979999993896484511e+01
3.059999984741211065e+01
2.959999984741211065e+01
3.059999981689453108e+01
3.119999996948242327e+01
3.099999987792968881e+01
3.159999993896484227e+01
3.179999987792968597e+01
3.319999981689453250e+01
2.940000003051757815e+01
3.239999996948242256e+01
3.039999990844726696e+01
2.959999989318847824e+01
2.959999990844726625e+01
3.099999996948242043e+01
3.099999990844726483e+01
3.119999978637695293e+01
3.179999984741210994e+01
3.019999996948242327e+01
2.859999992370605426e+01
3.320000003051757886e+01
3.319999993896484369e+01
2.939999987792968739e+01
3.139999993896484298e+01
2.919999987792968810e+01
3.119999993896484369e+01
3.039999990844726696e+01
3.199999972534179804e+01
3.139999993896484298e+01
2.979999996948242114e+01
3.039999990844726696e+01
3.379999987792968597e+01
3.179999993896484511e+01
3.279999981689453392e+01
3.099999993896484440e+01
3.299999993896484085e+01
3.319999981689453250e+01
3.339999975585937619e+01
3.299999990844726483e+01
3.219999990844726767e+01
3.119999990844726412e+01
3.159999990844726625e+01
3.179999990844726554e+01
3.379999990844726909e+01
3.499999969482421847e+01
3.459999984741210710e+01
3.379999990844726909e+01
3.299999989318847327e+01
3.579999972534179875e+01
3.459999990844726625e+01
3.220000000000000284e+01
3.639999993896484654e+01
3.419999969482422131e+01
3.279999987792968597e+01
3.439999975585937619e+01
3.159999987792968668e+01
3.259999993896484227e+01
3.619999972534179733e+01
3.299999993896484085e+01
3.559999978637695506e+01
3.500000006103515915e+01
3.460000000000000142e+01
