6.399999984741211279e+01
4.380000006103515631e+01
0.000000000000000000e+00
4.599999977111816740e+00
5.799999977111816030e+00
6.400000007629394361e+00
0.000000000000000000e+00
1.139999995422363277e+01
9.999999942779540518e-01
1.999999994277954052e+00
3.799999977111816474e+00
8.599999977111815852e+00
3.399999946594238320e+00
1.420000000762939507e+01
8.999999988555908104e+00
2.200000000000000178e+00
2.399999999999999911e+00
2.239999993896484298e+01
4.599999988555908637e+00
4.539999972534180017e+01
4.799999988555907926e+00
9.599999984741211634e+00
7.999999942779540962e-01
1.199999999999999956e+00
1.279999997711181692e+01
5.399999988555908459e+00
1.959999998474120986e+01
1.199999999999999956e+00
1.379999997711181692e+01
3.400000007629394361e+00
5.000000015258788899e+00
4.799999988555907926e+00
5.200000007629394183e+00
1.899999989318847682e+01
3.599999977111816296e+00
3.000000007629394450e+00
1.539999998474121057e+01
1.600000000000000089e+00
7.199999994277954229e+00
9.199999946594237699e+00
7.999999885559081481e-01
6.999999977111816207e+00
3.600000007629394538e+00
3.599999946594238498e+00
5.399999988555908459e+00
1.579999992370605533e+01
8.199999977111817273e+00
6.199999988555908281e+00
1.100000000762939401e+01
3.139999999999999858e+01
5.900000006103515915e+01
4.599999977111816740e+00
1.600000000000000089e+00
3.539999984741211136e+01
9.399999946594238764e+00
2.399999988555908015e+00
3.200000000000000178e+00
5.599999988555908637e+00
5.400000007629394361e+00
4.800000007629394716e+00
5.400000007629394361e+00
5.599999946594238054e+00
8.800000007629394716e+00
6.999999969482422557e+01
8.799999977111816918e+00
5.799999977111816030e+00
1.299999995422363241e+01
8.999999984741210213e+00
4.219999969482422131e+01
8.600000007629393650e+00
4.200000007629394183e+00
7.999999994277954052e+00
6.399999988555908459e+00
7.199999988555908281e+00
7.200000007629394183e+00
1.499999995422363241e+01
1.240000001525878837e+01
4.999999988555908104e+00
1.400000001525878979e+01
6.200000007629394183e+00
1.460000001525878943e+01
1.239999992370605497e+01
8.999999946594238409e+00
9.400000015258788366e+00
1.079999998474121092e+01
9.400000007629394361e+00
1.060000000762939365e+01
1.139999998474121057e+01
1.019999998855590739e+01
1.100000001525878979e+01
1.079999997711181692e+01
1.039999997711181656e+01
9.799999994277953874e+00
9.799999946594239120e+00
1.060000001525878943e+01
8.799999946594239120e+00
1.179999998474121092e+01
1.019999994659423770e+01
1.000000000762939401e+01
1.099999992370605462e+01
1.219999995422363348e+01
1.040000001525878837e+01
1.079999994659423912e+01
1.180000001525878872e+01
1.159999997711181585e+01
1.340000001525878837e+01
1.179999998474121092e+01
1.139999995422363277e+01
1.239999994659423876e+01
1.099999997711181621e+01
1.279999995422363313e+01
1.199999998474121021e+01
1.199999997711181621e+01
1.520000001525878908e+01
1.560000001525878943e+01
1.660000003051757744e+01
1.519999995422363348e+01
1.859999998474120986e+01
1.419999998474121128e+01
1.779999995422363313e+01
2.199999998474121199e+01
2.139999997711181479e+01
2.360000000000000142e+01
3.079999996948242114e+01
3.519999996948241971e+01
3.859999981689453108e+01
4.720000006103515489e+01
3.659999972534179591e+01
3.119999993896484369e+01
3.179999984741210994e+01
3.199999984741210923e+01
3.199999996948242043e+01
3.199999996948242043e+01
2.899999993896484440e+01
3.059999990844726625e+01
2.979999984741210994e+01
3.039999993896484298e+01
3.139999990844726696e+01
3.179999987792968597e+01
2.959999993896484227e+01
2.919999989318847611e+01
3.279999978637695079e+01
3.080000000000000071e+01
3.280000006103515631e+01
2.819999987792968810e+01
3.039999978637695222e+01
2.979999975585937477e+01
3.060000003051757744e+01
3.079999993896484511e+01
2.799999981689452966e+01
3.519999987792968454e+01
3.159999996948242185e+01
3.119999989318847611e+01
2.779999987792968597e+01
3.439999984741211136e+01
2.879999990844726554e+01
3.339999987792968739e+01
3.239999987792968739e+01
3.399999984741211279e+01
3.319999996948241971e+01
3.139999996948242256e+01
2.939999993896484298e+01
3.079999987792968597e+01
3.379999990844726909e+01
3.419999987792968454e+01
3.119999990844726412e+01
3.299999984741211279e+01
3.359999992370605781e+01
3.159999993896484227e+01
3.419999993896484369e+01
3.419999987792968454e+01
3.479999987792968597e+01
3.419999972534179733e+01
3.259999984741210710e+01
3.299999978637695364e+01
3.719999972534179733e+01
3.599999969482421847e+01
3.239999993896484654e+01
3.460000000000000142e+01
3.559999981689453108e+01
3.200000000000000000e+01
3.079999993896484511e+01
3.399999981689452966e+01
3.519999975585937335e+01
3.279999978637695079e+01
3.439999981689452824e+01
3.579999987792968597e+01
3.219999975585937335e+01
3.419999987792968454e+01
3.359999990844726625e+01
3.579999981689453392e+01
2.999999984741210923e+01
3.579999978637695079e+01
3.459999993896484227e+01
3.439999987792968739e+01
3.379999975585937477e+01
3.520000000000000284e+01
3.679999984741210994e+01
3.539999984741211136e+01
3.459999981689453108e+01
