2.000000000000000111e-01
0.000000000000000000e+00
3.999999942779540740e-01
1.999999942779540907e-01
0.000000000000000000e+00
0.000000000000000000e+00
2.100000003051757957e+01
1.619999995422363170e+01
7.999999977111816207e+00
2.979999986267089795e+01
8.000000000000000444e-01
2.199999996948242043e+01
9.800000015258788721e+00
3.420000006103515489e+01
6.199999977111816385e+00
8.199999984741211279e+00
3.759999972534179591e+01
5.600000007629394538e+00
5.999999988555908104e+00
1.559999995422363206e+01
9.800000007629394716e+00
9.959999999999999432e+01
4.799999994277953874e+00
4.000000000000000222e-01
9.200000007629395071e+00
8.800000015258788721e+00
8.600000015258789432e+00
3.800000007629394716e+00
9.999999988555908104e+00
2.399999994277953963e+00
5.600000007629394538e+00
4.799999988555907926e+00
4.199999977111816385e+00
4.199999977111816385e+00
1.019999998474121128e+01
1.959999992370605426e+01
1.200000001525878979e+01
8.800000015258788721e+00
1.799999988555908148e+00
4.739999981689452824e+01
2.319999993896484369e+01
8.199999946594237699e+00
1.339999994659423876e+01
7.200000007629394183e+00
2.799999999999999822e+00
2.439999993896484298e+01
4.400000007629394361e+00
3.200000000000000178e+00
5.799999977111816030e+00
9.199999984741211279e+00
1.259999992370605426e+01
2.619999992370605568e+01
2.799999994277954318e+00
9.399999946594238764e+00
8.399999977111816563e+00
6.599999977111816740e+00
7.800000007629394716e+00
1.819999986267090009e+01
1.459999995422363206e+01
5.199999994277954229e+00
1.659999989318847824e+01
7.599999994277953697e+00
4.999999977111816207e+00
4.399999977111816563e+00
7.399999977111816563e+00
1.019999997711181727e+01
1.700000003051757957e+01
1.119999999427795423e+01
1.239999995422363277e+01
4.000000007629394894e+00
2.559999993896484227e+01
8.999999988555908104e+00
6.999999994277954052e+00
5.799999977111816030e+00
8.400000015258788366e+00
7.000000007629394894e+00
9.399999988555908459e+00
1.159999998855590775e+01
1.100000001525878979e+01
1.659999994659423805e+01
7.119999987792968454e+01
6.600000007629394538e+00
9.999999893188476818e+00
1.019999998474121128e+01
1.159999989318847646e+01
1.059999994659423805e+01
1.159999997711181585e+01
1.019999994659423770e+01
1.240000001525878837e+01
1.019999999427795423e+01
1.219999998474121128e+01
1.099999997711181621e+01
9.999999977111816207e+00
1.060000001525878943e+01
1.000000001525878979e+01
1.139999998474121057e+01
1.079999997711181692e+01
1.299999992370605462e+01
1.279999986267089795e+01
1.059999994659423805e+01
1.159999994659423805e+01
1.099999999427795494e+01
1.160000001525878943e+01
1.039999997711181656e+01
1.099999998474121021e+01
1.399999997711181621e+01
1.600000003051757957e+01
1.379999992370605533e+01
1.319999992370605391e+01
1.339999998474121057e+01
1.400000001525878979e+01
1.320000001525878908e+01
1.839999989318847540e+01
1.699999998474121199e+01
1.779999995422363313e+01
2.059999995422363384e+01
1.880000001525878872e+01
2.419999993896484369e+01
2.259999992370605426e+01
2.539999996948242256e+01
2.519999996948242327e+01
2.659999998474120986e+01
3.399999975585937761e+01
2.699999975585937406e+01
2.679999993896484511e+01
3.139999996948242256e+01
3.260000003051757744e+01
3.259999984741210710e+01
3.579999981689453392e+01
3.299999984741211279e+01
3.119999990844726412e+01
3.299999984741211279e+01
3.199999975585937406e+01
3.459999984741210710e+01
3.219999990844726767e+01
3.219999984741210852e+01
3.259999981689453108e+01
3.239999978637695222e+01
3.359999984741210710e+01
3.319999981689453250e+01
3.299999987792968881e+01
3.479999987792968597e+01
3.479999972534179875e+01
3.599999987792968881e+01
3.159999993896484227e+01
3.560000006103515346e+01
3.379999990844726909e+01
3.439999984741211136e+01
3.299999984741211279e+01
3.759999987792969023e+01
3.439999989318847895e+01
3.820000006103515489e+01
3.479999972534179875e+01
3.379999978637695079e+01
3.499999978637695364e+01
3.579999999999999716e+01
3.599999975585937761e+01
3.960000006103515346e+01
3.859999975585937193e+01
3.639999978637695222e+01
3.719999996948241971e+01
3.360000003051757744e+01
3.840000006103515773e+01
3.679999987792968597e+01
3.760000000000000142e+01
3.839999984741211136e+01
3.359999984741210710e+01
3.519999987792968454e+01
3.860000000000000142e+01
3.639999987792968739e+01
3.799999972534179449e+01
3.899999975585937761e+01
3.659999975585937193e+01
3.639999984741211136e+01
3.619999978637695648e+01
3.799999984741211279e+01
3.659999993896484227e+01
3.559999987792969023e+01
3.719999990844726767e+01
3.839999981689452824e+01
3.979999993896484511e+01
3.619999990844726767e+01
3.959999981689453108e+01
3.579999972534179875e+01
3.879999972534179875e+01
3.719999984741210852e+01
3.339999993896484654e+01
3.560000006103515346e+01
3.860000006103515346e+01
3.899999984741211279e+01
3.619999972534179733e+01
3.679999990844726909e+01
3.759999981689453108e+01
3.699999972534179449e+01
3.499999978637695364e+01
3.499999975585937761e+01
3.720000000000000284e+01
3.839999972534180017e+01
3.819999978637695648e+01
3.840000003051757460e+01
