0.000000000000000000e+00
5.219999993896484369e+01
7.999999977111816207e+00
1.399999988555908237e+00
0.000000000000000000e+00
4.799999999999999822e+00
2.000000000000000111e-01
3.600000007629394538e+00
7.999999885559081481e-01
1.399999994277954185e+00
3.799999988555908370e+00
4.199999988555908281e+00
4.499999972534179449e+01
7.799999999999999822e+00
7.999999942779540962e-01
1.979999996948242114e+01
1.099999998474121021e+01
2.859999996948242185e+01
2.200000007629394627e+00
5.999999999999999778e-01
8.199999984741211279e+00
1.799999994277954096e+00
4.819999996948241971e+01
0.000000000000000000e+00
2.399999999999999911e+00
1.679999994659423734e+01
8.199999988555907393e+00
2.739999999999999858e+01
4.799999977111816030e+00
5.419999993896484369e+01
1.199999999999999956e+00
8.999999954223632415e+00
3.600000000000000089e+00
1.259999995422363206e+01
2.379999996948242114e+01
2.339999996948242256e+01
1.999999994277954052e+00
4.800000007629394716e+00
4.199999994277954229e+00
1.600000003051757957e+01
6.399999994277954407e+00
4.799999972534179449e+01
3.999999994277954052e+00
3.600000007629394538e+00
7.000000007629394894e+00
0.000000000000000000e+00
2.040000003051757815e+01
5.000000000000000000e+00
1.900000000000000000e+01
4.800000007629394716e+00
1.000000000000000000e+00
4.259999972534179591e+01
6.000000007629394894e+00
6.199999984741211279e+01
2.799999994277954318e+00
3.200000007629394627e+00
1.619999995422363170e+01
6.859999981689453818e+01
3.920000006103515489e+01
9.599999977111815852e+00
4.800000007629394716e+00
3.199999977111816385e+00
1.299999998474121021e+01
6.400000007629394361e+00
6.800000015258788721e+00
7.359999957275390159e+01
5.520000006103515489e+01
4.000000000000000222e-01
1.399999999999999911e+00
5.840000003051757460e+01
1.839999999999999858e+01
5.999999999999999778e-01
6.199999954223632592e+00
2.000000000000000000e+00
6.399999994277954407e+00
2.239999989318847540e+01
4.199999946594238587e+00
5.399999946594237876e+00
3.599999988555908192e+00
6.480000012207031546e+01
6.600000007629394538e+00
3.999999994277954052e+00
1.040000001525878837e+01
1.039999999427795352e+01
1.120000000762939507e+01
1.080000001525878872e+01
1.059999995422363206e+01
9.599999946594238054e+00
1.059999989318847646e+01
8.599999984741211634e+00
1.040000000762939436e+01
1.039999994659423876e+01
1.299999995422363241e+01
9.599999946594238054e+00
1.019999997711181727e+01
9.999999946594238409e+00
1.460000001525878943e+01
1.059999998474121163e+01
1.019999994659423770e+01
9.799999977111816918e+00
1.200000000762939401e+01
1.019999998474121128e+01
1.019999994659423770e+01
9.600000007629393650e+00
1.079999998474121092e+01
1.359999994659423805e+01
1.079999995422363313e+01
1.120000000762939507e+01
9.999999977111816207e+00
9.999999946594238409e+00
9.799999977111816918e+00
1.160000000762939365e+01
1.139999994659423876e+01
1.119999998474121128e+01
1.299999992370605462e+01
1.339999995422363277e+01
1.240000000762939436e+01
8.999999977111816207e+00
1.459999995422363206e+01
1.139999994659423876e+01
1.520000001525878908e+01
1.539999998474121057e+01
1.439999995422363277e+01
1.759999994659423805e+01
1.620000003051757886e+01
1.759999986267089866e+01
2.280000003051757673e+01
2.299999992370605639e+01
2.179999998474121270e+01
2.200000000000000000e+01
2.299999996948242043e+01
2.420000003051757886e+01
2.519999996948242327e+01
2.739999993896484298e+01
2.659999990844726625e+01
2.599999990844726483e+01
2.679999990844726554e+01
2.780000003051757673e+01
2.699999975585937406e+01
2.780000000000000071e+01
2.999999986267089724e+01
2.999999975585937406e+01
2.959999993896484227e+01
2.959999990844726625e+01
2.999999996948242043e+01
3.180000003051757673e+01
3.099999996948242043e+01
3.039999987792968739e+01
3.319999996948241971e+01
3.439999975585937619e+01
3.279999972534179875e+01
3.359999984741210710e+01
3.040000003051757815e+01
3.159999996948242185e+01
3.039999990844726696e+01
3.279999990844726909e+01
3.219999984741210852e+01
3.399999990844726483e+01
3.539999987792968739e+01
3.059999990844726625e+01
3.479999981689453392e+01
3.219999987792968454e+01
3.539999987792968739e+01
3.279999990844726909e+01
3.519999975585937335e+01
3.540000003051757460e+01
3.419999987792968454e+01
3.419999978637695648e+01
3.519999993896484369e+01
3.380000003051758029e+01
3.439999993896484654e+01
3.659999981689453108e+01
3.439999981689452824e+01
3.399999987792968881e+01
3.559999972534179591e+01
3.559999972534179591e+01
3.439999984741211136e+01
3.580000003051758029e+01
3.459999984741210710e+01
3.199999996948242043e+01
3.399999987792968881e+01
3.439999984741211136e+01
3.459999987792969023e+01
3.479999987792968597e+01
3.319999969482422131e+01
3.139999981689453179e+01
3.339999996948242256e+01
3.380000003051758029e+01
3.499999987792968881e+01
3.339999996948242256e+01
3.619999975585937335e+01
3.579999999999999716e+01
3.699999993896484085e+01
3.479999987792968597e+01
3.739999972534180017e+01
3.119999987792968810e+01
3.699999972534179449e+01
3.659999972534179591e+01
3.759999981689453108e+01
3.519999981689453250e+01
3.980000006103515631e+01
3.779999981689453392e+01
3.479999972534179875e+01
3.959999972534179591e+01
3.399999969482421847e+01
3.779999984741210994e+01
3.379999975585937477e+01
3.339999987792968739e+01
3.120000003051757886e+01
2.760000003051757744e+01
3.039999984741210781e+01
2.879999981689453037e+01
3.079999984741210994e+01
2.839999993896484298e+01
2.699999981689452966e+01
2.779999996948242114e+01
2.779999986267089795e+01
2.579999987792968597e+01
2.500000000000000000e+01
2.520000003051757886e+01
2.379999989318847753e+01
2.699999993896484440e+01
2.499999996948242043e+01
2.620000003051757886e+01
2.459999987792968668e+01
2.159999992370605426e+01
2.400000000000000000e+01
2.219999992370605568e+01
2.280000003051757673e+01
2.280000003051757673e+01
2.199999992370605639e+01
2.119999999999999929e+01
2.160000000000000142e+01
1.979999998474121270e+01
2.199999992370605639e+01
2.140000001525879014e+01
1.899999995422363241e+01
1.819999989318847611e+01
2.060000001525878943e+01
1.960000000000000142e+01
1.779999992370605355e+01
2.139999995422363455e+01
2.140000001525879014e+01
2.079999994659423734e+01
1.780000003051757673e+01
1.979999987792968597e+01
1.799999992370605639e+01
1.799999992370605639e+01
1.759999992370605426e+01
1.759999989318847824e+01
1.879999994659423734e+01
1.860000003051757744e+01
1.700000000000000000e+01
1.599999995422363241e+01
1.560000001525878943e+01
1.739999990844726696e+01
1.679999997711181692e+01
1.739999995422363455e+01
1.539999992370605497e+01
1.619999989318847611e+01
1.859999992370605426e+01
1.819999997711181550e+01
1.619999997711181550e+01
1.659999995422363384e+01
1.619999999999999929e+01
1.719999989318847611e+01
1.839999999999999858e+01
1.639999986267089938e+01
1.779999989318847753e+01
1.679999992370605355e+01
1.739999998474121057e+01
1.599999989318847682e+01
1.779999994659423734e+01
1.599999995422363241e+01
1.619999986267090009e+01
1.620000001525878730e+01
1.700000001525878801e+01
1.559999998474121163e+01
1.600000000000000000e+01
1.639999995422363455e+01
1.759999992370605426e+01
1.639999992370605497e+01
1.759999989318847824e+01
1.579999986267089795e+01
1.719999998474121128e+01
1.619999994659423947e+01
1.599999995422363241e+01
1.640000003051757815e+01
1.539999992370605497e+01
1.439999992370605497e+01
1.599999994659423841e+01
1.599999986267089902e+01
1.559999992370605426e+01
1.560000003051757744e+01
1.539999989318847717e+01
1.660000003051757744e+01
1.499999992370605462e+01
1.619999986267090009e+01
1.499999994659423841e+01
1.439999995422363277e+01
1.499999996948242220e+01
1.539999992370605497e+01
1.419999992370605391e+01
1.559999995422363206e+01
1.519999992370605391e+01
1.499999992370605462e+01
1.579999992370605533e+01
1.539999992370605497e+01
1.500000003051757780e+01
1.499999986267089902e+01
1.519999989318847611e+01
1.499999995422363241e+01
1.479999998474121092e+01
1.439999992370605497e+01
1.520000003051757886e+01
1.359999998474121163e+01
1.460000001525878943e+01
1.419999986267089831e+01
1.520000001525878908e+01
1.439999998474121057e+01
1.379999998474121092e+01
1.459999986267089866e+01
1.459999998474121163e+01
1.499999994659423841e+01
1.439999986267089760e+01
1.359999994659423805e+01
1.419999992370605391e+01
1.399999994659423841e+01
1.439999997711181656e+01
1.459999998474121163e+01
1.519999986267089831e+01
1.499999997711181621e+01
1.379999992370605533e+01
1.419999995422363348e+01
1.400000001525878979e+01
1.379999992370605533e+01
1.359999995422363206e+01
1.420000001525878908e+01
1.420000003051757886e+01
1.499999997711181621e+01
1.419999995422363348e+01
1.439999992370605497e+01
1.380000000762939472e+01
1.399999998474121021e+01
1.319999998474121128e+01
1.439999998474121057e+01
1.359999994659423805e+01
1.319999986267089831e+01
1.439999992370605497e+01
1.399999992370605462e+01
1.399999994659423841e+01
1.339999995422363277e+01
1.319999997711181727e+01
1.320000001525878908e+01
1.479999995422363313e+01
1.379999994659423912e+01
1.479999995422363313e+01
1.439999994659423876e+01
1.359999997711181585e+01
1.339999992370605497e+01
1.140000001525878837e+01
1.380000003051757851e+01
1.380000001525878872e+01
1.379999998474121092e+01
1.300000001525878979e+01
1.399999992370605462e+01
1.359999998855590775e+01
1.420000001525878908e+01
1.460000000762939365e+01
1.240000000762939436e+01
1.399999994659423841e+01
1.359999989318847646e+01
1.299999994659423841e+01
1.279999995422363313e+01
1.359999989318847646e+01
1.359999998474121163e+01
1.359999998855590775e+01
1.380000000000000071e+01
1.419999997711181727e+01
1.340000001525878837e+01
1.319999995422363348e+01
1.379999998474121092e+01
1.319999992370605391e+01
1.400000001525878979e+01
1.320000001525878908e+01
1.420000001525878908e+01
1.259999998474121163e+01
1.340000001525878837e+01
1.239999997711181656e+01
1.200000001525878979e+01
1.379999994659423912e+01
1.360000003051757744e+01
1.279999994659423912e+01
1.280000001525878872e+01
1.299999986267089902e+01
1.239999989318847717e+01
1.359999989318847646e+01
1.319999997711181727e+01
1.299999998474121021e+01
1.219999992370605391e+01
1.179999994659423912e+01
1.299999989318847682e+01
1.220000000762939507e+01
1.179999997711181692e+01
1.320000001525878908e+01
1.319999999427795423e+01
1.239999994659423876e+01
1.159999994659423805e+01
1.419999994659423770e+01
1.279999998474121092e+01
1.239999997711181656e+01
1.240000001525878837e+01
1.339999992370605497e+01
1.340000001525878837e+01
1.280000001525878872e+01
1.439999995422363277e+01
1.339999998474121057e+01
1.299999995422363241e+01
1.199999995422363241e+01
1.279999989318847575e+01
1.239999992370605497e+01
1.320000001525878908e+01
1.260000000762939365e+01
1.139999997711181656e+01
1.239999998474121057e+01
1.179999998474121092e+01
1.280000001525878872e+01
1.280000001525878872e+01
1.339999994659423876e+01
1.240000001525878837e+01
1.180000000762939472e+01
1.259999998474121163e+01
1.239999997711181656e+01
1.259999995422363206e+01
1.239999989318847717e+01
1.200000000762939401e+01
1.280000001525878872e+01
1.240000001525878837e+01
1.180000000762939472e+01
1.139999989318847717e+01
1.199999994659423841e+01
1.299999994659423841e+01
1.319999989318847611e+01
1.139999994659423876e+01
1.139999992370605497e+01
1.280000001525878872e+01
1.219999997711181727e+01
1.199999997711181621e+01
1.279999995422363313e+01
1.259999998474121163e+01
1.159999994659423805e+01
1.220000001525878908e+01
1.180000001525878872e+01
1.219999994659423770e+01
1.220000001525878908e+01
1.179999986267089795e+01
1.180000001525878872e+01
1.239999994659423876e+01
1.180000003051757851e+01
1.219999995422363348e+01
1.159999995422363206e+01
1.239999994659423876e+01
1.159999989318847646e+01
1.160000001525878943e+01
1.179999998474121092e+01
1.259999994659423805e+01
1.179999994659423912e+01
1.139999992370605497e+01
1.139999998474121057e+01
1.140000000762939436e+01
1.119999995422363348e+01
1.220000003051757886e+01
1.219999995422363348e+01
1.160000001525878943e+01
1.179999998855590881e+01
1.239999992370605497e+01
1.259999992370605426e+01
1.100000000762939401e+01
1.199999997711181621e+01
1.140000001525878837e+01
1.160000000762939365e+01
1.159999994659423805e+01
1.219999995422363348e+01
1.219999998474121128e+01
1.199999998474121021e+01
1.159999998474121163e+01
1.159999992370605426e+01
1.159999995422363206e+01
1.200000001525878979e+01
1.239999994659423876e+01
1.219999995422363348e+01
1.160000000762939365e+01
1.180000000762939472e+01
1.199999992370605462e+01
1.259999995422363206e+01
1.299999992370605462e+01
1.180000001525878872e+01
1.159999997711181585e+01
1.180000003051757851e+01
1.159999997711181585e+01
1.160000000762939365e+01
1.220000001525878908e+01
1.160000000762939365e+01
1.099999995422363241e+01
1.319999994659423770e+01
1.079999995422363313e+01
1.139999997711181656e+01
1.119999994659423770e+01
1.199999994659423841e+01
1.119999994659423770e+01
1.199999994659423841e+01
1.219999992370605391e+01
1.239999998474121057e+01
1.179999997711181692e+01
1.279999995422363313e+01
1.179999992370605533e+01
1.220000001525878908e+01
1.259999995422363206e+01
1.239999998855590846e+01
1.059999992370605426e+01
1.220000003051757886e+01
1.159999998855590775e+01
1.200000000762939401e+01
1.279999992370605533e+01
1.279999998474121092e+01
1.139999994659423876e+01
1.180000001525878872e+01
1.159999992370605426e+01
1.159999994659423805e+01
1.120000000762939507e+01
1.079999992370605533e+01
1.199999995422363241e+01
1.119999994659423770e+01
1.179999994659423912e+01
1.139999995422363277e+01
1.139999998474121057e+01
1.140000001525878837e+01
1.179999994659423912e+01
1.159999994659423805e+01
1.140000001525878837e+01
1.099999994659423841e+01
1.179999998855590881e+01
1.180000000762939472e+01
1.139999998474121057e+01
1.179999995422363313e+01
1.179999994659423912e+01
1.160000001525878943e+01
1.279999994659423912e+01
1.180000001525878872e+01
1.119999998474121128e+01
1.139999995422363277e+01
1.039999998474121057e+01
1.219999994659423770e+01
1.160000001525878943e+01
1.140000001525878837e+01
1.220000001525878908e+01
1.200000001525878979e+01
1.140000001525878837e+01
1.000000000762939401e+01
1.060000000762939365e+01
1.159999994659423805e+01
1.200000001525878979e+01
1.159999995422363206e+01
1.119999989318847611e+01
1.019999998474121128e+01
1.139999998474121057e+01
1.140000001525878837e+01
1.139999995422363277e+01
1.140000001525878837e+01
1.140000000762939436e+01
1.160000001525878943e+01
1.159999995422363206e+01
1.299999997711181621e+01
1.139999997711181656e+01
1.179999997711181692e+01
1.180000001525878872e+01
1.119999998474121128e+01
1.059999998474121163e+01
1.159999997711181585e+01
1.119999997711181727e+01
1.119999997711181727e+01
1.080000001525878872e+01
1.240000001525878837e+01
1.180000001525878872e+01
1.139999997711181656e+01
1.139999992370605497e+01
1.099999998855590810e+01
1.220000001525878908e+01
1.160000001525878943e+01
1.139999998855590846e+01
1.120000000762939507e+01
1.219999998474121128e+01
1.099999998855590810e+01
1.159999998855590775e+01
1.140000001525878837e+01
1.159999997711181585e+01
1.039999994659423876e+01
1.280000001525878872e+01
1.020000001525878908e+01
1.160000000762939365e+01
1.199999995422363241e+01
1.200000001525878979e+01
1.119999998474121128e+01
1.120000001525878908e+01
1.119999994659423770e+01
1.099999998474121021e+01
1.119999997711181727e+01
1.099999998855590810e+01
1.179999995422363313e+01
1.100000000762939401e+01
1.199999992370605462e+01
1.139999995422363277e+01
1.120000000762939507e+01
1.199999995422363241e+01
1.099999994659423841e+01
1.139999998474121057e+01
1.079999997711181692e+01
1.179999992370605533e+01
1.259999986267089866e+01
1.079999995422363313e+01
1.139999995422363277e+01
1.039999998474121057e+01
1.119999994659423770e+01
1.259999998474121163e+01
1.099999995422363241e+01
1.200000001525878979e+01
1.139999992370605497e+01
1.179999992370605533e+01
1.139999995422363277e+01
1.120000000762939507e+01
1.159999998474121163e+01
1.119999992370605391e+01
1.220000001525878908e+01
1.159999997711181585e+01
1.120000001525878908e+01
1.099999997711181621e+01
1.179999998474121092e+01
1.140000001525878837e+01
1.120000000762939507e+01
1.099999994659423841e+01
1.199999998855590810e+01
1.119999997711181727e+01
1.060000000762939365e+01
1.079999997711181692e+01
1.139999989318847717e+01
1.239999998474121057e+01
1.099999998474121021e+01
1.100000000762939401e+01
1.199999997711181621e+01
1.140000000762939436e+01
1.099999998474121021e+01
1.159999995422363206e+01
1.079999998474121092e+01
1.119999997711181727e+01
1.099999995422363241e+01
1.039999992370605497e+01
1.100000001525878979e+01
1.179999997711181692e+01
1.120000001525878908e+01
1.079999997711181692e+01
1.080000000762939472e+01
1.079999994659423912e+01
1.199999998474121021e+01
1.100000001525878979e+01
1.119999998474121128e+01
1.140000001525878837e+01
1.119999997711181727e+01
1.139999997711181656e+01
1.119999998474121128e+01
1.080000003051757851e+01
1.139999998474121057e+01
1.099999994659423841e+01
1.120000001525878908e+01
1.120000001525878908e+01
1.040000001525878837e+01
1.139999998474121057e+01
1.159999997711181585e+01
1.099999997711181621e+01
1.119999997711181727e+01
1.099999994659423841e+01
1.079999997711181692e+01
1.019999992370605391e+01
1.060000000762939365e+01
1.139999998474121057e+01
1.059999998474121163e+01
1.140000001525878837e+01
1.139999998474121057e+01
1.139999998474121057e+01
1.119999994659423770e+01
9.799999977111816918e+00
1.139999995422363277e+01
1.100000001525878979e+01
1.160000000762939365e+01
1.119999998474121128e+01
1.079999994659423912e+01
1.120000000762939507e+01
1.059999992370605426e+01
1.099999994659423841e+01
1.079999997711181692e+01
1.120000001525878908e+01
1.019999992370605391e+01
1.139999997711181656e+01
1.179999998474121092e+01
9.799999946594239120e+00
1.139999994659423876e+01
1.060000000762939365e+01
1.140000000762939436e+01
1.079999994659423912e+01
1.119999997711181727e+01
1.100000001525878979e+01
1.039999994659423876e+01
1.099999998474121021e+01
9.999999988555908104e+00
1.099999997711181621e+01
1.099999994659423841e+01
1.119999998474121128e+01
1.079999994659423912e+01
1.099999998855590810e+01
1.179999989318847575e+01
1.099999994659423841e+01
1.099999997711181621e+01
1.099999992370605462e+01
1.040000001525878837e+01
1.019999995422363348e+01
9.799999977111816918e+00
1.019999998855590739e+01
1.119999998474121128e+01
1.059999998855590775e+01
1.079999992370605533e+01
1.099999998474121021e+01
1.139999997711181656e+01
1.079999994659423912e+01
1.060000001525878943e+01
1.040000001525878837e+01
1.059999998474121163e+01
1.059999998474121163e+01
1.100000001525878979e+01
1.019999997711181727e+01
9.999999984741210213e+00
1.100000000762939401e+01
1.140000001525878837e+01
1.119999997711181727e+01
1.139999995422363277e+01
1.019999998474121128e+01
1.179999995422363313e+01
1.199999994659423841e+01
1.079999998474121092e+01
1.039999994659423876e+01
1.060000001525878943e+01
1.059999994659423805e+01
1.099999998474121021e+01
1.140000000762939436e+01
1.099999992370605462e+01
1.119999998474121128e+01
1.039999994659423876e+01
1.019999998855590739e+01
1.059999994659423805e+01
1.080000001525878872e+01
1.060000000762939365e+01
1.139999997711181656e+01
1.120000000762939507e+01
1.079999997711181692e+01
1.099999995422363241e+01
1.119999998474121128e+01
1.119999994659423770e+01
1.099999997711181621e+01
1.059999995422363206e+01
1.059999998855590775e+01
1.140000001525878837e+01
1.059999995422363206e+01
1.060000001525878943e+01
1.079999995422363313e+01
1.119999998474121128e+01
1.059999992370605426e+01
1.079999998474121092e+01
1.119999992370605391e+01
1.079999995422363313e+01
1.179999995422363313e+01
1.179999995422363313e+01
1.080000001525878872e+01
1.020000000762939507e+01
1.099999997711181621e+01
1.059999998474121163e+01
1.179999998474121092e+01
1.059999998855590775e+01
9.799999977111816918e+00
1.079999997711181692e+01
1.039999997711181656e+01
1.139999998474121057e+01
1.119999994659423770e+01
1.159999995422363206e+01
1.079999995422363313e+01
1.079999998474121092e+01
1.139999994659423876e+01
1.020000000762939507e+01
1.019999998855590739e+01
1.060000001525878943e+01
1.039999997711181656e+01
1.039999998474121057e+01
1.119999989318847611e+01
1.120000000762939507e+01
1.139999994659423876e+01
1.020000001525878908e+01
1.199999998474121021e+01
1.079999986267089795e+01
1.100000001525878979e+01
1.099999998474121021e+01
1.100000001525878979e+01
9.799999984741210923e+00
1.039999997711181656e+01
1.119999998855590739e+01
1.079999989318847575e+01
1.039999997711181656e+01
1.060000000762939365e+01
9.800000015258788721e+00
1.119999994659423770e+01
1.119999997711181727e+01
9.999999977111816207e+00
1.139999994659423876e+01
1.099999994659423841e+01
1.119999997711181727e+01
1.119999989318847611e+01
9.999999946594238409e+00
1.119999995422363348e+01
9.400000007629394361e+00
1.060000001525878943e+01
1.059999992370605426e+01
9.999999977111816207e+00
1.059999994659423805e+01
1.079999995422363313e+01
1.019999998474121128e+01
1.099999997711181621e+01
1.159999997711181585e+01
1.019999989318847611e+01
1.020000000762939507e+01
1.019999998474121128e+01
1.080000001525878872e+01
1.059999997711181585e+01
1.039999994659423876e+01
1.039999998855590846e+01
1.119999995422363348e+01
1.060000000762939365e+01
1.079999992370605533e+01
1.139999994659423876e+01
1.179999997711181692e+01
1.100000001525878979e+01
1.059999995422363206e+01
1.120000000762939507e+01
1.079999994659423912e+01
1.039999995422363277e+01
1.040000001525878837e+01
1.019999995422363348e+01
1.040000000762939436e+01
1.099999994659423841e+01
9.999999946594238409e+00
9.999999984741210213e+00
1.119999995422363348e+01
9.799999977111816918e+00
1.039999994659423876e+01
9.799999984741210923e+00
1.139999994659423876e+01
1.100000001525878979e+01
1.139999992370605497e+01
1.079999998474121092e+01
1.060000000762939365e+01
1.060000000762939365e+01
1.080000001525878872e+01
1.040000001525878837e+01
1.139999997711181656e+01
1.019999994659423770e+01
1.179999992370605533e+01
1.019999998474121128e+01
1.179999998474121092e+01
1.059999997711181585e+01
1.020000001525878908e+01
1.159999992370605426e+01
9.999999923706054616e+00
1.119999997711181727e+01
1.119999995422363348e+01
1.099999994659423841e+01
1.020000001525878908e+01
1.119999997711181727e+01
1.139999998474121057e+01
1.039999998474121057e+01
1.019999999427795423e+01
1.040000000762939436e+01
1.099999986267089902e+01
1.039999998474121057e+01
1.079999998474121092e+01
1.019999992370605391e+01
1.099999994659423841e+01
1.080000001525878872e+01
1.040000000762939436e+01
1.099999997711181621e+01
1.079999997711181692e+01
1.180000001525878872e+01
1.079999995422363313e+01
1.179999997711181692e+01
1.080000001525878872e+01
1.080000001525878872e+01
1.039999998474121057e+01
1.080000000762939472e+01
1.099999998474121021e+01
1.079999994659423912e+01
1.019999995422363348e+01
1.099999997711181621e+01
1.059999998474121163e+01
1.139999997711181656e+01
1.139999992370605497e+01
1.040000000762939436e+01
1.079999997711181692e+01
1.020000000762939507e+01
1.099999995422363241e+01
1.060000001525878943e+01
1.139999994659423876e+01
1.079999997711181692e+01
1.039999997711181656e+01
9.000000015258789787e+00
1.139999995422363277e+01
9.999999946594238409e+00
1.020000001525878908e+01
1.100000000762939401e+01
1.100000000762939401e+01
1.079999997711181692e+01
1.039999995422363277e+01
1.019999998474121128e+01
1.200000001525878979e+01
1.019999994659423770e+01
9.399999954223632770e+00
1.020000001525878908e+01
1.059999995422363206e+01
1.059999998474121163e+01
1.079999997711181692e+01
1.060000000762939365e+01
1.039999997711181656e+01
9.800000015258788721e+00
1.079999997711181692e+01
1.060000000762939365e+01
1.039999998474121057e+01
1.059999992370605426e+01
1.019999997711181727e+01
9.399999923706054972e+00
1.020000001525878908e+01
1.059999994659423805e+01
1.019999995422363348e+01
1.079999998474121092e+01
1.079999998474121092e+01
1.039999992370605497e+01
1.159999995422363206e+01
9.599999977111815852e+00
1.139999995422363277e+01
1.019999994659423770e+01
1.079999998855590881e+01
1.019999998474121128e+01
1.039999998474121057e+01
1.079999994659423912e+01
1.020000000762939507e+01
1.040000001525878837e+01
1.059999999427795458e+01
9.999999977111816207e+00
1.080000001525878872e+01
1.059999997711181585e+01
1.119999997711181727e+01
1.039999998474121057e+01
1.099999992370605462e+01
1.119999992370605391e+01
1.119999995422363348e+01
1.019999994659423770e+01
1.160000001525878943e+01
1.099999994659423841e+01
1.059999997711181585e+01
9.799999977111816918e+00
1.039999994659423876e+01
1.040000001525878837e+01
9.799999984741210923e+00
1.200000001525878979e+01
1.000000001525878979e+01
1.159999995422363206e+01
1.100000001525878979e+01
1.099999998474121021e+01
9.399999977111816563e+00
1.059999994659423805e+01
1.060000001525878943e+01
1.080000000762939472e+01
1.039999997711181656e+01
1.039999998474121057e+01
1.080000001525878872e+01
1.139999998474121057e+01
1.100000001525878979e+01
1.100000001525878979e+01
1.119999986267089831e+01
1.100000001525878979e+01
1.039999998474121057e+01
1.039999989318847717e+01
1.040000001525878837e+01
1.039999992370605497e+01
1.060000000762939365e+01
1.060000000762939365e+01
1.019999997711181727e+01
1.040000001525878837e+01
1.079999995422363313e+01
1.039999997711181656e+01
1.039999994659423876e+01
1.120000000762939507e+01
1.160000001525878943e+01
9.799999954223633125e+00
1.019999997711181727e+01
1.019999998474121128e+01
1.059999995422363206e+01
1.039999999427795352e+01
1.079999998855590881e+01
1.019999998474121128e+01
1.080000000000000071e+01
1.079999992370605533e+01
1.039999998474121057e+01
1.079999997711181692e+01
1.040000000762939436e+01
1.039999998855590846e+01
1.059999994659423805e+01
1.119999995422363348e+01
1.099999994659423841e+01
1.039999994659423876e+01
1.059999994659423805e+01
1.119999998474121128e+01
1.159999994659423805e+01
1.060000001525878943e+01
1.039999998474121057e+01
9.999999988555908104e+00
1.000000001525878979e+01
1.179999997711181692e+01
1.019999998474121128e+01
1.100000001525878979e+01
1.019999994659423770e+01
1.060000000762939365e+01
1.040000001525878837e+01
1.119999995422363348e+01
1.080000001525878872e+01
1.039999992370605497e+01
1.060000000762939365e+01
1.039999995422363277e+01
1.100000001525878979e+01
1.080000000762939472e+01
1.059999997711181585e+01
9.199999988555907393e+00
1.059999997711181585e+01
1.059999995422363206e+01
1.039999998474121057e+01
1.020000001525878908e+01
1.120000000762939507e+01
1.080000001525878872e+01
1.139999997711181656e+01
9.799999977111816918e+00
1.119999995422363348e+01
1.099999993896484440e+01
9.599999988555907748e+00
1.080000001525878872e+01
1.079999994659423912e+01
1.139999994659423876e+01
1.059999998855590775e+01
1.119999998474121128e+01
1.099999994659423841e+01
1.039999997711181656e+01
1.019999995422363348e+01
1.060000001525878943e+01
1.019999998474121128e+01
1.039999997711181656e+01
9.599999984741211634e+00
1.059999994659423805e+01
1.099999994659423841e+01
1.079999994659423912e+01
1.099999997711181621e+01
1.120000001525878908e+01
1.060000001525878943e+01
1.139999989318847717e+01
1.119999998474121128e+01
9.799999946594239120e+00
1.160000001525878943e+01
1.120000001525878908e+01
1.019999994659423770e+01
1.100000001525878979e+01
1.060000001525878943e+01
1.039999997711181656e+01
1.060000001525878943e+01
1.079999997711181692e+01
1.120000000762939507e+01
1.059999994659423805e+01
1.159999998474121163e+01
1.100000001525878979e+01
1.039999999427795352e+01
1.019999992370605391e+01
1.099999998474121021e+01
9.799999988555908814e+00
1.079999994659423912e+01
1.059999997711181585e+01
1.119999998474121128e+01
1.140000000000000036e+01
1.180000000762939472e+01
9.400000007629394361e+00
1.100000000762939401e+01
1.140000001525878837e+01
1.079999998855590881e+01
1.079999998474121092e+01
1.100000001525878979e+01
1.079999998474121092e+01
9.800000007629394716e+00
1.159999986267089866e+01
1.059999994659423805e+01
1.059999997711181585e+01
1.059999998474121163e+01
1.079999994659423912e+01
1.079999992370605533e+01
9.799999988555908814e+00
1.000000001525878979e+01
1.179999998855590881e+01
9.999999893188476818e+00
1.139999997711181656e+01
1.059999995422363206e+01
1.120000000762939507e+01
1.140000001525878837e+01
1.019999994659423770e+01
1.099999997711181621e+01
1.060000000762939365e+01
9.800000015258788721e+00
1.099999994659423841e+01
1.119999992370605391e+01
1.119999998855590739e+01
1.099999995422363241e+01
1.039999995422363277e+01
1.039999996948242256e+01
1.099999998474121021e+01
1.119999998474121128e+01
1.100000001525878979e+01
1.020000001525878908e+01
1.019999995422363348e+01
1.019999994659423770e+01
1.079999998855590881e+01
1.039999997711181656e+01
1.039999997711181656e+01
1.059999999427795458e+01
1.080000001525878872e+01
1.079999997711181692e+01
1.080000001525878872e+01
1.119999997711181727e+01
1.120000000762939507e+01
1.079999997711181692e+01
1.019999999427795423e+01
1.060000001525878943e+01
1.119999995422363348e+01
1.119999997711181727e+01
1.080000001525878872e+01
1.100000001525878979e+01
1.099999994659423841e+01
1.020000001525878908e+01
1.099999998474121021e+01
1.019999997711181727e+01
1.039999997711181656e+01
1.019999995422363348e+01
1.139999994659423876e+01
9.800000007629394716e+00
1.060000000762939365e+01
1.039999995422363277e+01
1.099999992370605462e+01
1.059999997711181585e+01
1.040000000762939436e+01
1.079999994659423912e+01
1.099999999427795494e+01
1.099999995422363241e+01
9.799999977111816918e+00
1.099999992370605462e+01
1.119999994659423770e+01
1.020000001525878908e+01
1.099999997711181621e+01
1.099999998474121021e+01
1.119999998474121128e+01
1.159999989318847646e+01
1.079999994659423912e+01
1.019999997711181727e+01
1.080000001525878872e+01
1.079999997711181692e+01
1.019999997711181727e+01
1.079999997711181692e+01
1.100000001525878979e+01
1.060000001525878943e+01
9.999999946594238409e+00
1.059999995422363206e+01
9.799999946594239120e+00
1.080000000762939472e+01
1.099999998474121021e+01
1.099999994659423841e+01
1.079999997711181692e+01
1.199999995422363241e+01
1.099999998474121021e+01
1.079999986267089795e+01
1.099999995422363241e+01
1.040000001525878837e+01
1.079999997711181692e+01
1.040000001525878837e+01
1.079999998474121092e+01
1.139999995422363277e+01
1.080000001525878872e+01
9.999999946594238409e+00
1.119999998474121128e+01
9.799999954223633125e+00
1.120000001525878908e+01
1.099999994659423841e+01
1.079999998855590881e+01
1.079999995422363313e+01
1.019999994659423770e+01
1.040000001525878837e+01
1.119999997711181727e+01
1.159999998474121163e+01
1.060000003051757744e+01
1.039999997711181656e+01
1.119999998855590739e+01
1.079999997711181692e+01
1.059999995422363206e+01
9.999999977111816207e+00
1.159999994659423805e+01
9.800000015258788721e+00
9.999999923706054616e+00
1.100000001525878979e+01
1.100000001525878979e+01
9.799999994277953874e+00
1.080000000762939472e+01
1.079999998474121092e+01
1.019999994659423770e+01
1.120000001525878908e+01
1.059999992370605426e+01
1.120000001525878908e+01
1.039999997711181656e+01
1.019999994659423770e+01
1.099999989318847682e+01
1.039999997711181656e+01
1.079999998474121092e+01
1.099999994659423841e+01
1.039999997711181656e+01
1.099999995422363241e+01
1.059999997711181585e+01
1.019999994659423770e+01
1.019999998474121128e+01
9.599999862670898665e+00
1.139999986267089760e+01
1.139999992370605497e+01
1.080000001525878872e+01
1.060000000762939365e+01
1.059999997711181585e+01
1.059999992370605426e+01
1.120000001525878908e+01
1.019999997711181727e+01
1.100000000762939401e+01
1.079999998474121092e+01
9.999999946594238409e+00
1.259999995422363206e+01
1.019999998474121128e+01
1.119999994659423770e+01
1.159999994659423805e+01
1.120000000762939507e+01
1.079999998855590881e+01
1.059999998474121163e+01
1.140000001525878837e+01
1.019999992370605391e+01
1.019999994659423770e+01
1.040000001525878837e+01
1.159999998474121163e+01
1.139999995422363277e+01
1.079999994659423912e+01
1.079999995422363313e+01
1.119999994659423770e+01
1.059999994659423805e+01
1.099999995422363241e+01
1.019999998474121128e+01
1.179999998474121092e+01
1.059999994659423805e+01
9.599999977111815852e+00
1.179999998474121092e+01
1.020000000762939507e+01
1.019999997711181727e+01
1.099999995422363241e+01
1.039999995422363277e+01
1.059999998474121163e+01
1.119999997711181727e+01
1.099999998855590810e+01
9.999999977111816207e+00
1.039999997711181656e+01
1.059999994659423805e+01
1.080000001525878872e+01
9.999999977111816207e+00
1.079999998474121092e+01
9.999999977111816207e+00
1.039999992370605497e+01
1.140000001525878837e+01
1.099999997711181621e+01
1.100000001525878979e+01
1.099999994659423841e+01
1.020000001525878908e+01
1.060000000762939365e+01
1.060000001525878943e+01
1.079999989318847575e+01
1.099999997711181621e+01
1.040000001525878837e+01
1.120000000762939507e+01
1.019999994659423770e+01
1.079999995422363313e+01
1.139999994659423876e+01
1.079999994659423912e+01
1.099999995422363241e+01
1.139999994659423876e+01
1.060000001525878943e+01
1.139999995422363277e+01
1.119999998855590739e+01
1.059999994659423805e+01
1.020000001525878908e+01
1.080000001525878872e+01
1.079999994659423912e+01
1.099999997711181621e+01
1.120000001525878908e+01
1.140000001525878837e+01
1.079999994659423912e+01
9.799999977111816918e+00
9.799999984741210923e+00
1.099999992370605462e+01
1.120000000762939507e+01
1.079999994659423912e+01
9.799999954223633125e+00
1.019999995422363348e+01
9.799999984741210923e+00
1.079999999427795387e+01
9.399999954223632770e+00
1.240000000762939436e+01
1.139999998474121057e+01
1.079999994659423912e+01
9.999999954223632415e+00
1.039999998474121057e+01
1.100000001525878979e+01
9.999999946594238409e+00
1.079999994659423912e+01
1.119999994659423770e+01
1.099999992370605462e+01
1.099999995422363241e+01
1.039999998474121057e+01
1.099999998855590810e+01
1.099999998474121021e+01
1.060000000762939365e+01
1.059999998474121163e+01
1.119999986267089831e+01
1.079999994659423912e+01
1.019999994659423770e+01
1.139999998474121057e+01
1.119999994659423770e+01
1.059999995422363206e+01
1.079999994659423912e+01
1.079999998474121092e+01
1.140000000762939436e+01
1.019999997711181727e+01
1.079999992370605533e+01
1.099999986267089902e+01
1.039999994659423876e+01
1.060000000762939365e+01
1.079999998474121092e+01
1.099999998474121021e+01
1.019999999427795423e+01
9.999999946594238409e+00
1.059999992370605426e+01
1.039999995422363277e+01
1.099999994659423841e+01
1.000000000762939401e+01
1.020000000762939507e+01
1.079999994659423912e+01
1.079999995422363313e+01
1.079999994659423912e+01
9.399999946594238764e+00
1.080000001525878872e+01
1.039999995422363277e+01
1.119999994659423770e+01
1.039999994659423876e+01
9.799999977111816918e+00
1.079999994659423912e+01
1.039999998474121057e+01
1.080000001525878872e+01
1.119999997711181727e+01
9.799999954223633125e+00
1.040000001525878837e+01
1.039999997711181656e+01
9.799999946594239120e+00
1.099999997711181621e+01
1.020000000762939507e+01
1.099999994659423841e+01
1.119999998474121128e+01
1.119999992370605391e+01
9.999999984741210213e+00
1.119999995422363348e+01
1.079999998474121092e+01
1.079999997711181692e+01
9.800000015258788721e+00
1.099999989318847682e+01
1.039999994659423876e+01
1.060000001525878943e+01
9.999999954223632415e+00
9.999999984741210213e+00
1.140000000762939436e+01
1.100000001525878979e+01
1.079999997711181692e+01
9.999999977111816207e+00
1.120000000762939507e+01
1.059999994659423805e+01
1.099999998474121021e+01
1.119999986267089831e+01
1.020000001525878908e+01
1.119999998474121128e+01
1.079999997711181692e+01
1.059999994659423805e+01
1.039999998474121057e+01
1.140000001525878837e+01
1.079999995422363313e+01
1.019999997711181727e+01
9.799999977111816918e+00
1.039999995422363277e+01
1.079999998474121092e+01
9.800000007629394716e+00
1.079999998474121092e+01
1.099999997711181621e+01
1.139999998474121057e+01
1.039999995422363277e+01
1.000000000762939401e+01
1.039999998855590846e+01
9.800000015258788721e+00
1.039999997711181656e+01
1.099999998855590810e+01
1.140000003051757815e+01
1.159999997711181585e+01
1.039999997711181656e+01
1.140000001525878837e+01
1.080000001525878872e+01
1.119999992370605391e+01
1.080000001525878872e+01
1.019999995422363348e+01
1.000000000000000000e+01
1.119999998474121128e+01
1.080000001525878872e+01
1.120000001525878908e+01
1.059999997711181585e+01
1.039999999427795352e+01
1.099999995422363241e+01
9.799999994277953874e+00
1.099999994659423841e+01
1.119999998474121128e+01
1.119999994659423770e+01
1.159999998474121163e+01
9.600000007629393650e+00
1.120000000762939507e+01
1.139999992370605497e+01
1.039999998855590846e+01
1.119999998474121128e+01
1.079999994659423912e+01
1.020000000762939507e+01
1.000000001525878979e+01
1.019999998474121128e+01
1.099999994659423841e+01
1.099999998474121021e+01
1.019999994659423770e+01
1.040000001525878837e+01
1.079999994659423912e+01
1.159999992370605426e+01
9.999999984741210213e+00
1.020000000762939507e+01
1.159999992370605426e+01
1.019999998474121128e+01
1.000000000762939401e+01
1.120000001525878908e+01
1.060000001525878943e+01
9.999999946594238409e+00
1.080000001525878872e+01
1.099999994659423841e+01
1.019999998474121128e+01
1.080000001525878872e+01
1.079999994659423912e+01
1.099999994659423841e+01
1.079999995422363313e+01
1.059999998855590775e+01
1.079999995422363313e+01
1.100000001525878979e+01
1.099999997711181621e+01
1.080000001525878872e+01
1.080000000762939472e+01
1.100000001525878979e+01
9.999999977111816207e+00
1.159999998474121163e+01
1.100000000762939401e+01
1.000000001525878979e+01
1.039999994659423876e+01
1.019999997711181727e+01
1.080000001525878872e+01
1.139999998474121057e+01
1.120000001525878908e+01
1.099999995422363241e+01
1.039999994659423876e+01
9.600000015258789432e+00
9.799999984741210923e+00
1.099999995422363241e+01
9.999999954223632415e+00
1.000000000762939401e+01
1.079999997711181692e+01
1.059999997711181585e+01
1.040000001525878837e+01
1.139999992370605497e+01
1.019999997711181727e+01
1.019999997711181727e+01
9.999999946594238409e+00
1.100000000762939401e+01
1.099999994659423841e+01
1.039999994659423876e+01
1.080000001525878872e+01
1.040000001525878837e+01
9.999999946594238409e+00
1.139999994659423876e+01
1.139999994659423876e+01
1.020000001525878908e+01
1.139999989318847717e+01
1.079999997711181692e+01
1.019999994659423770e+01
9.999999977111816207e+00
1.039999995422363277e+01
1.019999992370605391e+01
1.040000000762939436e+01
9.799999946594239120e+00
1.240000001525878837e+01
1.079999995422363313e+01
1.039999994659423876e+01
1.079999998474121092e+01
1.019999997711181727e+01
9.999999988555908104e+00
1.040000000762939436e+01
1.160000001525878943e+01
1.119999998474121128e+01
1.100000001525878979e+01
1.079999989318847575e+01
1.099999995422363241e+01
9.199999988555907393e+00
1.139999994659423876e+01
1.099999997711181621e+01
1.080000000762939472e+01
1.079999999427795387e+01
1.079999997711181692e+01
1.060000001525878943e+01
9.799999977111816918e+00
1.019999995422363348e+01
9.799999946594239120e+00
1.099999995422363241e+01
1.039999994659423876e+01
1.079999998855590881e+01
9.599999984741211634e+00
9.600000007629393650e+00
1.080000000762939472e+01
1.039999994659423876e+01
1.099999989318847682e+01
1.079999997711181692e+01
1.059999998474121163e+01
1.039999995422363277e+01
1.000000000762939401e+01
1.039999998474121057e+01
1.099999994659423841e+01
1.139999997711181656e+01
1.020000001525878908e+01
1.019999995422363348e+01
1.020000000762939507e+01
1.080000001525878872e+01
1.000000001525878979e+01
1.059999997711181585e+01
1.039999994659423876e+01
1.139999997711181656e+01
1.039999998474121057e+01
1.059999998474121163e+01
1.079999997711181692e+01
9.999999977111816207e+00
1.079999998474121092e+01
1.100000001525878979e+01
1.059999995422363206e+01
1.039999994659423876e+01
1.039999997711181656e+01
1.120000003051757886e+01
9.600000015258789432e+00
1.059999998474121163e+01
1.019999997711181727e+01
1.099999998474121021e+01
1.060000000762939365e+01
9.799999954223633125e+00
1.079999998474121092e+01
1.100000001525878979e+01
1.079999997711181692e+01
1.099999994659423841e+01
9.799999984741210923e+00
1.019999994659423770e+01
1.039999998474121057e+01
1.039999998474121057e+01
1.099999998474121021e+01
1.039999998855590846e+01
1.099999994659423841e+01
1.039999992370605497e+01
1.039999997711181656e+01
1.080000000762939472e+01
1.119999998474121128e+01
1.039999997711181656e+01
1.119999994659423770e+01
1.099999995422363241e+01
1.079999992370605533e+01
1.020000001525878908e+01
1.080000001525878872e+01
1.079999994659423912e+01
1.039999994659423876e+01
9.999999946594238409e+00
1.099999998474121021e+01
1.039999997711181656e+01
1.019999998855590739e+01
9.999999946594238409e+00
1.019999999427795423e+01
1.000000000762939401e+01
1.139999995422363277e+01
1.080000001525878872e+01
9.399999994277953519e+00
1.019999994659423770e+01
1.079999995422363313e+01
1.100000001525878979e+01
1.120000000762939507e+01
1.100000001525878979e+01
1.079999989318847575e+01
1.059999997711181585e+01
8.999999946594238409e+00
1.099999998474121021e+01
1.019999997711181727e+01
1.119999997711181727e+01
1.080000001525878872e+01
1.039999994659423876e+01
1.119999997711181727e+01
1.059999994659423805e+01
1.060000000762939365e+01
1.079999994659423912e+01
1.039999989318847717e+01
1.119999995422363348e+01
1.019999997711181727e+01
1.019999997711181727e+01
1.020000000762939507e+01
1.079999994659423912e+01
9.999999984741210213e+00
1.079999998855590881e+01
1.019999994659423770e+01
1.020000001525878908e+01
1.019999997711181727e+01
9.799999977111816918e+00
1.019999998474121128e+01
9.600000015258789432e+00
1.059999992370605426e+01
1.099999989318847682e+01
9.600000007629393650e+00
9.799999923706055327e+00
1.020000001525878908e+01
1.019999997711181727e+01
1.080000000762939472e+01
1.099999998474121021e+01
9.799999977111816918e+00
9.999999923706054616e+00
9.199999946594237699e+00
1.079999994659423912e+01
9.800000015258788721e+00
1.019999994659423770e+01
1.039999997711181656e+01
9.799999923706055327e+00
1.039999995422363277e+01
9.800000015258788721e+00
9.999999893188476818e+00
1.059999997711181585e+01
1.059999997711181585e+01
1.059999998855590775e+01
1.100000000762939401e+01
1.039999998474121057e+01
9.999999946594238409e+00
1.039999992370605497e+01
1.039999997711181656e+01
9.999999946594238409e+00
1.140000000762939436e+01
1.019999992370605391e+01
9.199999946594237699e+00
1.019999997711181727e+01
1.099999997711181621e+01
1.039999994659423876e+01
1.019999994659423770e+01
1.099999994659423841e+01
1.019999998474121128e+01
9.799999946594239120e+00
9.799999988555908814e+00
1.059999994659423805e+01
1.019999994659423770e+01
1.119999995422363348e+01
1.039999998855590846e+01
9.999999946594238409e+00
1.079999994659423912e+01
1.019999997711181727e+01
1.019999994659423770e+01
1.059999995422363206e+01
1.019999997711181727e+01
1.039999994659423876e+01
1.079999995422363313e+01
1.140000001525878837e+01
9.999999946594238409e+00
1.019999997711181727e+01
1.200000000762939401e+01
9.800000007629394716e+00
9.999999994277954940e+00
9.599999977111815852e+00
1.120000001525878908e+01
1.100000000762939401e+01
1.079999994659423912e+01
1.079999998474121092e+01
1.039999992370605497e+01
1.059999998474121163e+01
1.079999998474121092e+01
9.599999946594238054e+00
1.179999997711181692e+01
1.079999999427795387e+01
1.099999995422363241e+01
1.040000001525878837e+01
9.599999946594238054e+00
1.099999998474121021e+01
1.120000001525878908e+01
1.099999997711181621e+01
1.079999998474121092e+01
9.799999988555908814e+00
9.799999946594239120e+00
1.100000001525878979e+01
1.040000001525878837e+01
1.079999994659423912e+01
9.799999984741210923e+00
1.099999994659423841e+01
1.000000000762939401e+01
1.059999992370605426e+01
9.799999977111816918e+00
9.799999977111816918e+00
1.019999994659423770e+01
1.019999994659423770e+01
9.799999946594239120e+00
1.040000001525878837e+01
1.100000001525878979e+01
1.019999997711181727e+01
9.999999946594238409e+00
1.219999995422363348e+01
9.999999954223632415e+00
1.120000001525878908e+01
1.019999997711181727e+01
1.099999998474121021e+01
9.999999946594238409e+00
9.999999984741210213e+00
1.039999997711181656e+01
1.020000001525878908e+01
1.039999998474121057e+01
1.140000000762939436e+01
9.600000015258789432e+00
1.099999997711181621e+01
1.039999997711181656e+01
1.060000001525878943e+01
1.099999998474121021e+01
1.020000000762939507e+01
1.059999998474121163e+01
9.599999988555907748e+00
1.100000001525878979e+01
9.999999946594238409e+00
1.119999998474121128e+01
1.079999994659423912e+01
1.060000001525878943e+01
9.999999984741210213e+00
1.039999998474121057e+01
1.020000000762939507e+01
9.799999984741210923e+00
1.019999998474121128e+01
1.140000001525878837e+01
9.000000007629394005e+00
9.599999946594238054e+00
1.099999998474121021e+01
1.019999997711181727e+01
9.399999954223632770e+00
1.079999995422363313e+01
9.800000007629394716e+00
1.079999995422363313e+01
1.059999995422363206e+01
1.099999997711181621e+01
1.039999994659423876e+01
1.059999989318847646e+01
1.040000001525878837e+01
1.079999995422363313e+01
1.019999986267089831e+01
1.100000001525878979e+01
9.600000007629393650e+00
1.040000000762939436e+01
1.060000000762939365e+01
1.099999997711181621e+01
1.080000000762939472e+01
1.039999997711181656e+01
1.060000000762939365e+01
9.800000007629394716e+00
1.000000001525878979e+01
1.059999997711181585e+01
1.059999998474121163e+01
1.159999998474121163e+01
1.000000000762939401e+01
1.039999994659423876e+01
9.799999984741210923e+00
1.079999994659423912e+01
1.040000001525878837e+01
1.039999992370605497e+01
1.080000000762939472e+01
1.079999994659423912e+01
1.019999997711181727e+01
1.039999998474121057e+01
1.059999995422363206e+01
1.079999994659423912e+01
1.079999995422363313e+01
9.800000007629394716e+00
1.079999997711181692e+01
9.399999984741210568e+00
1.040000001525878837e+01
1.000000000762939401e+01
1.019999998474121128e+01
9.800000015258788721e+00
1.039999994659423876e+01
1.039999997711181656e+01
1.099999994659423841e+01
9.599999977111815852e+00
9.799999977111816918e+00
1.019999994659423770e+01
1.079999997711181692e+01
1.000000000762939401e+01
1.019999995422363348e+01
1.060000003051757744e+01
1.020000001525878908e+01
1.040000001525878837e+01
1.099999992370605462e+01
1.079999998474121092e+01
9.399999946594238764e+00
1.040000000762939436e+01
1.059999997711181585e+01
9.999999954223632415e+00
1.020000000762939507e+01
1.120000001525878908e+01
1.039999994659423876e+01
9.599999923706054261e+00
1.019999997711181727e+01
1.000000001525878979e+01
1.019999994659423770e+01
9.599999977111815852e+00
1.059999994659423805e+01
1.159999994659423805e+01
1.079999997711181692e+01
1.059999995422363206e+01
1.039999989318847717e+01
1.019999994659423770e+01
1.040000001525878837e+01
1.059999998474121163e+01
1.060000000762939365e+01
1.040000000762939436e+01
1.080000001525878872e+01
9.600000007629393650e+00
1.099999989318847682e+01
1.040000001525878837e+01
1.020000001525878908e+01
1.019999997711181727e+01
1.000000000762939401e+01
9.399999946594238764e+00
1.019999995422363348e+01
9.799999946594239120e+00
9.800000015258788721e+00
1.019999995422363348e+01
1.059999994659423805e+01
1.000000001525878979e+01
9.999999977111816207e+00
1.079999989318847575e+01
9.799999946594239120e+00
1.039999997711181656e+01
9.599999984741211634e+00
9.800000015258788721e+00
1.039999998474121057e+01
1.079999994659423912e+01
1.019999994659423770e+01
1.059999995422363206e+01
1.020000000762939507e+01
1.079999994659423912e+01
9.399999977111816563e+00
9.999999984741210213e+00
1.059999997711181585e+01
1.120000001525878908e+01
1.240000001525878837e+01
1.079999995422363313e+01
1.060000001525878943e+01
1.019999992370605391e+01
1.159999998855590775e+01
9.799999946594239120e+00
1.059999997711181585e+01
9.800000015258788721e+00
1.179999994659423912e+01
1.119999997711181727e+01
1.099999994659423841e+01
1.099999994659423841e+01
1.079999994659423912e+01
1.080000001525878872e+01
1.019999997711181727e+01
1.259999992370605426e+01
1.039999998474121057e+01
1.079999997711181692e+01
1.019999995422363348e+01
9.199999988555907393e+00
1.039999997711181656e+01
1.099999997711181621e+01
1.079999994659423912e+01
1.060000001525878943e+01
1.019999989318847611e+01
1.039999998855590846e+01
1.080000000762939472e+01
9.999999946594238409e+00
1.079999998855590881e+01
1.019999994659423770e+01
9.999999946594238409e+00
1.139999997711181656e+01
1.019999989318847611e+01
1.039999995422363277e+01
1.039999997711181656e+01
9.999999946594238409e+00
1.059999995422363206e+01
1.040000000762939436e+01
1.019999999427795423e+01
1.039999997711181656e+01
9.999999946594238409e+00
9.000000015258789787e+00
9.199999988555907393e+00
9.999999946594238409e+00
9.999999977111816207e+00
1.040000003051757815e+01
1.039999998474121057e+01
1.039999989318847717e+01
9.599999946594238054e+00
1.059999995422363206e+01
1.039999986267089760e+01
1.039999986267089760e+01
1.059999998855590775e+01
1.059999997711181585e+01
1.039999997711181656e+01
1.039999992370605497e+01
1.039999992370605497e+01
1.020000000762939507e+01
9.600000015258789432e+00
1.040000001525878837e+01
1.099999998474121021e+01
1.200000001525878979e+01
9.999999954223632415e+00
9.799999954223633125e+00
1.079999999427795387e+01
1.139999997711181656e+01
9.999999954223632415e+00
9.999999946594238409e+00
9.999999984741210213e+00
9.800000015258788721e+00
1.079999994659423912e+01
9.999999984741210213e+00
1.060000001525878943e+01
9.800000007629394716e+00
1.099999998474121021e+01
1.000000000762939401e+01
1.079999992370605533e+01
1.119999994659423770e+01
1.039999995422363277e+01
1.039999997711181656e+01
9.199999977111817273e+00
1.159999992370605426e+01
8.800000015258788721e+00
1.020000000762939507e+01
9.999999988555908104e+00
9.999999954223632415e+00
1.059999997711181585e+01
1.000000001525878979e+01
1.019999992370605391e+01
1.100000000762939401e+01
1.019999997711181727e+01
1.100000000762939401e+01
9.799999977111816918e+00
1.000000001525878979e+01
1.019999989318847611e+01
1.119999989318847611e+01
1.039999998474121057e+01
8.599999994277954585e+00
1.099999997711181621e+01
1.079999994659423912e+01
1.059999995422363206e+01
1.019999998474121128e+01
1.040000001525878837e+01
1.020000000762939507e+01
1.019999992370605391e+01
1.060000000762939365e+01
9.800000007629394716e+00
1.119999997711181727e+01
9.599999977111815852e+00
1.039999997711181656e+01
1.079999994659423912e+01
1.020000001525878908e+01
1.000000000762939401e+01
1.060000000762939365e+01
1.059999995422363206e+01
1.059999995422363206e+01
1.119999994659423770e+01
1.100000000762939401e+01
1.079999994659423912e+01
1.040000001525878837e+01
1.080000001525878872e+01
1.059999998474121163e+01
1.059999997711181585e+01
1.119999995422363348e+01
1.000000001525878979e+01
1.039999994659423876e+01
1.059999998474121163e+01
1.040000001525878837e+01
9.999999946594238409e+00
9.999999984741210213e+00
1.239999994659423876e+01
9.999999946594238409e+00
1.060000001525878943e+01
9.799999977111816918e+00
9.999999954223632415e+00
9.799999977111816918e+00
9.999999946594238409e+00
1.059999994659423805e+01
9.599999946594238054e+00
1.059999994659423805e+01
1.119999997711181727e+01
1.019999994659423770e+01
1.059999997711181585e+01
1.100000001525878979e+01
9.600000015258789432e+00
1.079999994659423912e+01
1.079999994659423912e+01
8.999999946594238409e+00
1.100000001525878979e+01
1.059999998474121163e+01
1.100000000762939401e+01
1.019999998855590739e+01
1.199999998474121021e+01
1.080000000762939472e+01
1.019999999999999929e+01
1.200000001525878979e+01
9.600000015258789432e+00
9.999999994277954940e+00
1.039999998855590846e+01
1.039999995422363277e+01
9.800000007629394716e+00
1.079999994659423912e+01
9.600000015258789432e+00
1.039999997711181656e+01
1.060000001525878943e+01
1.059999994659423805e+01
9.799999988555908814e+00
1.020000000762939507e+01
1.020000000762939507e+01
1.019999997711181727e+01
1.039999994659423876e+01
9.999999977111816207e+00
1.039999997711181656e+01
1.079999997711181692e+01
9.599999977111815852e+00
1.059999994659423805e+01
1.059999995422363206e+01
9.199999994277954229e+00
1.079999992370605533e+01
8.999999946594238409e+00
1.059999997711181585e+01
9.999999984741210213e+00
1.159999992370605426e+01
1.019999994659423770e+01
1.039999998474121057e+01
1.039999997711181656e+01
1.039999989318847717e+01
1.119999998474121128e+01
1.039999998474121057e+01
1.099999994659423841e+01
1.060000001525878943e+01
1.059999998855590775e+01
1.019999995422363348e+01
1.039999994659423876e+01
1.039999995422363277e+01
1.019999995422363348e+01
1.040000000762939436e+01
1.019999994659423770e+01
1.000000000762939401e+01
1.060000001525878943e+01
1.019999995422363348e+01
1.060000001525878943e+01
1.060000000762939365e+01
1.040000000762939436e+01
1.079999997711181692e+01
1.039999998474121057e+01
1.040000001525878837e+01
1.060000000762939365e+01
9.399999954223632770e+00
1.059999997711181585e+01
1.039999995422363277e+01
1.099999997711181621e+01
1.099999994659423841e+01
1.020000001525878908e+01
1.000000000762939401e+01
9.799999923706055327e+00
1.039999998474121057e+01
1.000000000762939401e+01
1.019999998474121128e+01
1.019999994659423770e+01
9.800000015258788721e+00
1.019999997711181727e+01
1.119999994659423770e+01
1.099999994659423841e+01
9.600000015258789432e+00
1.059999994659423805e+01
1.139999998474121057e+01
9.999999946594238409e+00
1.119999998474121128e+01
9.200000007629395071e+00
9.999999946594238409e+00
1.139999997711181656e+01
1.039999992370605497e+01
9.999999988555908104e+00
1.000000001525878979e+01
1.059999997711181585e+01
1.139999994659423876e+01
9.400000007629394361e+00
1.120000001525878908e+01
1.060000001525878943e+01
1.079999992370605533e+01
1.119999998474121128e+01
9.799999988555908814e+00
1.119999997711181727e+01
1.039999994659423876e+01
1.039999995422363277e+01
1.039999997711181656e+01
9.999999988555908104e+00
9.800000015258788721e+00
1.040000001525878837e+01
1.019999995422363348e+01
9.999999977111816207e+00
9.799999954223633125e+00
9.999999977111816207e+00
1.019999998855590739e+01
9.999999988555908104e+00
9.799999977111816918e+00
9.399999988555908459e+00
1.039999994659423876e+01
9.599999946594238054e+00
1.040000001525878837e+01
9.999999862670899020e+00
9.800000015258788721e+00
1.019999992370605391e+01
1.040000001525878837e+01
1.059999994659423805e+01
1.359999998474121163e+01
9.799999977111816918e+00
1.039999992370605497e+01
1.020000000762939507e+01
1.060000001525878943e+01
1.019999998474121128e+01
9.999999977111816207e+00
1.079999998474121092e+01
1.019999998474121128e+01
1.099999998474121021e+01
1.019999997711181727e+01
1.019999997711181727e+01
1.159999994659423805e+01
1.099999994659423841e+01
9.799999977111816918e+00
1.039999997711181656e+01
9.999999984741210213e+00
1.039999998474121057e+01
1.040000000762939436e+01
1.019999998855590739e+01
1.019999994659423770e+01
1.000000000762939401e+01
9.599999977111815852e+00
1.039999986267089760e+01
1.019999995422363348e+01
1.019999994659423770e+01
1.060000001525878943e+01
1.079999992370605533e+01
1.019999994659423770e+01
9.599999994277954585e+00
9.999999946594238409e+00
1.019999998474121128e+01
9.599999946594238054e+00
9.799999954223633125e+00
1.019999995422363348e+01
1.059999998474121163e+01
9.799999923706055327e+00
1.079999994659423912e+01
1.020000000762939507e+01
9.800000015258788721e+00
1.019999998474121128e+01
9.799999984741210923e+00
1.000000000762939401e+01
1.059999998474121163e+01
1.060000001525878943e+01
1.059999994659423805e+01
1.020000000762939507e+01
1.059999994659423805e+01
1.020000001525878908e+01
9.599999988555907748e+00
1.020000003051757886e+01
9.999999946594238409e+00
9.399999977111816563e+00
1.020000001525878908e+01
9.999999946594238409e+00
9.400000007629394361e+00
1.020000000762939507e+01
9.800000015258788721e+00
1.059999994659423805e+01
9.599999977111815852e+00
1.020000001525878908e+01
1.039999994659423876e+01
9.799999946594239120e+00
1.039999997711181656e+01
1.039999998474121057e+01
9.399999977111816563e+00
1.239999997711181656e+01
1.079999994659423912e+01
1.019999992370605391e+01
1.079999997711181692e+01
9.399999988555908459e+00
1.019999997711181727e+01
9.599999946594238054e+00
1.059999994659423805e+01
1.019999994659423770e+01
1.319999998474121128e+01
1.020000001525878908e+01
1.079999995422363313e+01
1.079999997711181692e+01
9.999999954223632415e+00
9.999999923706054616e+00
9.800000007629394716e+00
1.159999998474121163e+01
9.799999893188475752e+00
1.040000001525878837e+01
1.059999997711181585e+01
9.799999977111816918e+00
1.060000001525878943e+01
9.999999954223632415e+00
1.099999992370605462e+01
1.039999997711181656e+01
1.020000001525878908e+01
1.019999995422363348e+01
1.059999999427795458e+01
1.039999995422363277e+01
1.019999994659423770e+01
1.159999998474121163e+01
1.039999997711181656e+01
1.039999994659423876e+01
1.099999994659423841e+01
1.039999998474121057e+01
1.059999994659423805e+01
1.099999992370605462e+01
1.059999994659423805e+01
1.000000001525878979e+01
1.079999995422363313e+01
1.020000000762939507e+01
1.059999998474121163e+01
9.599999984741211634e+00
8.599999946594238054e+00
1.100000001525878979e+01
1.099999994659423841e+01
1.119999999999999929e+01
1.020000000762939507e+01
1.020000000762939507e+01
1.079999994659423912e+01
9.599999977111815852e+00
1.019999998855590739e+01
1.039999998474121057e+01
1.019999994659423770e+01
9.999999946594238409e+00
8.800000007629394716e+00
1.079999995422363313e+01
9.800000007629394716e+00
1.019999998474121128e+01
1.099999998474121021e+01
8.999999977111816207e+00
1.019999994659423770e+01
1.019999989318847611e+01
1.059999997711181585e+01
1.059999994659423805e+01
1.059999994659423805e+01
9.599999984741211634e+00
1.059999994659423805e+01
1.120000000762939507e+01
8.999999946594238409e+00
1.059999992370605426e+01
1.000000000762939401e+01
1.319999989318847611e+01
9.999999984741210213e+00
1.000000001525878979e+01
1.120000001525878908e+01
9.799999988555908814e+00
1.039999998474121057e+01
1.059999995422363206e+01
1.020000001525878908e+01
1.039999997711181656e+01
1.059999994659423805e+01
1.039999994659423876e+01
1.040000001525878837e+01
1.000000001525878979e+01
1.040000000762939436e+01
1.099999986267089902e+01
1.039999995422363277e+01
1.000000001525878979e+01
1.100000001525878979e+01
9.799999984741210923e+00
1.039999995422363277e+01
1.079999998855590881e+01
1.000000000762939401e+01
1.039999999427795352e+01
9.999999984741210213e+00
1.040000001525878837e+01
1.039999995422363277e+01
9.799999946594239120e+00
1.120000001525878908e+01
1.059999994659423805e+01
9.799999977111816918e+00
1.339999994659423876e+01
9.999999923706054616e+00
1.079999994659423912e+01
1.079999992370605533e+01
1.079999995422363313e+01
9.999999954223632415e+00
1.040000001525878837e+01
1.059999994659423805e+01
9.399999977111816563e+00
9.999999946594238409e+00
1.259999998474121163e+01
1.059999994659423805e+01
1.000000000762939401e+01
1.079999994659423912e+01
1.039999992370605497e+01
9.800000015258788721e+00
1.019999999427795423e+01
1.059999994659423805e+01
9.599999994277954585e+00
1.040000001525878837e+01
9.799999923706055327e+00
1.039999989318847717e+01
1.099999998474121021e+01
9.800000015258788721e+00
1.020000000762939507e+01
1.039999997711181656e+01
1.079999994659423912e+01
9.999999977111816207e+00
9.999999954223632415e+00
1.019999997711181727e+01
1.000000001525878979e+01
1.119999994659423770e+01
9.799999946594239120e+00
1.100000000762939401e+01
9.600000007629393650e+00
9.599999954223632059e+00
1.039999997711181656e+01
1.019999994659423770e+01
9.599999946594238054e+00
1.040000000762939436e+01
1.060000001525878943e+01
1.040000001525878837e+01
9.999999977111816207e+00
9.999999977111816207e+00
9.999999946594238409e+00
1.019999994659423770e+01
9.799999984741210923e+00
1.039999998474121057e+01
9.199999994277954229e+00
1.040000000762939436e+01
1.159999997711181585e+01
9.599999977111815852e+00
1.040000000000000036e+01
1.199999995422363241e+01
1.019999994659423770e+01
1.019999997711181727e+01
9.999999954223632415e+00
1.180000001525878872e+01
9.599999977111815852e+00
1.080000001525878872e+01
1.019999998855590739e+01
9.799999946594239120e+00
9.799999977111816918e+00
9.199999946594237699e+00
9.599999954223632059e+00
1.139999992370605497e+01
9.599999946594238054e+00
1.019999995422363348e+01
9.799999946594239120e+00
1.019999995422363348e+01
9.599999977111815852e+00
9.799999984741210923e+00
1.080000000762939472e+01
1.059999994659423805e+01
1.100000000762939401e+01
9.599999977111815852e+00
1.019999995422363348e+01
9.999999977111816207e+00
1.039999994659423876e+01
1.039999992370605497e+01
9.799999946594239120e+00
1.200000000762939401e+01
1.079999994659423912e+01
1.080000001525878872e+01
1.259999995422363206e+01
9.399999977111816563e+00
9.400000015258788366e+00
1.100000001525878979e+01
1.099999989318847682e+01
1.080000000762939472e+01
1.119999998474121128e+01
1.059999994659423805e+01
1.059999997711181585e+01
1.099999998474121021e+01
1.059999994659423805e+01
1.079999998474121092e+01
1.059999994659423805e+01
1.139999995422363277e+01
1.039999998474121057e+01
1.099999997711181621e+01
1.219999998474121128e+01
1.079999994659423912e+01
9.999999946594238409e+00
1.019999994659423770e+01
1.119999994659423770e+01
1.159999994659423805e+01
1.099999997711181621e+01
9.599999923706054261e+00
1.039999997711181656e+01
9.199999946594237699e+00
1.100000001525878979e+01
1.039999995422363277e+01
9.999999977111816207e+00
9.800000015258788721e+00
1.079999994659423912e+01
9.999999946594238409e+00
9.999999977111816207e+00
1.139999994659423876e+01
1.059999998474121163e+01
1.099999998474121021e+01
1.060000001525878943e+01
1.019999998855590739e+01
1.120000001525878908e+01
1.019999998474121128e+01
1.019999992370605391e+01
1.399999997711181621e+01
1.020000001525878908e+01
1.099999994659423841e+01
9.599999954223632059e+00
1.120000001525878908e+01
9.799999946594239120e+00
1.079999998474121092e+01
1.140000001525878837e+01
9.400000015258788366e+00
1.099999998474121021e+01
1.039999997711181656e+01
1.099999992370605462e+01
9.199999977111817273e+00
9.599999946594238054e+00
1.019999994659423770e+01
9.800000015258788721e+00
1.019999998855590739e+01
1.020000001525878908e+01
9.799999946594239120e+00
1.080000001525878872e+01
1.079999998474121092e+01
9.400000007629394361e+00
1.039999998855590846e+01
9.799999946594239120e+00
1.199999992370605462e+01
9.599999977111815852e+00
9.599999862670898665e+00
9.400000007629394361e+00
1.019999992370605391e+01
9.600000015258789432e+00
1.140000000762939436e+01
1.039999998474121057e+01
1.060000001525878943e+01
1.099999992370605462e+01
1.000000001525878979e+01
1.059999998474121163e+01
9.199999988555907393e+00
1.060000001525878943e+01
9.400000015258788366e+00
9.999999946594238409e+00
9.799999988555908814e+00
9.799999988555908814e+00
9.600000015258789432e+00
9.600000007629393650e+00
1.039999994659423876e+01
1.199999997711181621e+01
1.119999994659423770e+01
1.019999994659423770e+01
1.039999998855590846e+01
1.059999995422363206e+01
1.039999997711181656e+01
1.039999992370605497e+01
1.140000001525878837e+01
1.019999997711181727e+01
1.040000000762939436e+01
9.799999946594239120e+00
9.799999977111816918e+00
1.019999997711181727e+01
1.019999994659423770e+01
1.019999986267089831e+01
1.059999997711181585e+01
1.039999989318847717e+01
1.119999986267089831e+01
1.019999995422363348e+01
1.019999997711181727e+01
1.000000000762939401e+01
1.039999992370605497e+01
1.040000001525878837e+01
1.139999997711181656e+01
1.000000000762939401e+01
1.059999998855590775e+01
1.020000000762939507e+01
1.079999989318847575e+01
1.139999994659423876e+01
9.999999954223632415e+00
9.399999984741210568e+00
1.040000000762939436e+01
9.999999977111816207e+00
1.059999994659423805e+01
1.059999995422363206e+01
1.120000001525878908e+01
9.799999893188475752e+00
1.059999995422363206e+01
9.400000007629394361e+00
9.799999954223633125e+00
1.299999995422363241e+01
9.999999984741210213e+00
9.799999946594239120e+00
1.000000000762939401e+01
1.000000001525878979e+01
1.120000001525878908e+01
9.599999946594238054e+00
1.099999997711181621e+01
1.259999994659423805e+01
9.999999946594238409e+00
9.000000015258789787e+00
1.060000001525878943e+01
1.099999997711181621e+01
9.999999977111816207e+00
9.599999984741211634e+00
9.999999984741210213e+00
9.799999994277953874e+00
1.079999998474121092e+01
1.019999998474121128e+01
9.999999977111816207e+00
9.200000015258789077e+00
1.039999997711181656e+01
7.800000007629394716e+00
1.119999997711181727e+01
1.040000001525878837e+01
1.020000001525878908e+01
1.039999994659423876e+01
9.199999946594237699e+00
1.100000000000000000e+01
9.599999977111815852e+00
9.799999946594239120e+00
1.079999998474121092e+01
1.079999998474121092e+01
1.019999992370605391e+01
9.600000007629393650e+00
1.019999999999999929e+01
1.079999989318847575e+01
1.020000000762939507e+01
1.019999995422363348e+01
1.059999998474121163e+01
9.800000015258788721e+00
1.039999994659423876e+01
9.799999946594239120e+00
9.599999994277954585e+00
1.079999998855590881e+01
1.040000001525878837e+01
1.079999994659423912e+01
1.140000001525878837e+01
1.019999998474121128e+01
1.020000000762939507e+01
1.120000001525878908e+01
9.999999984741210213e+00
1.180000001525878872e+01
1.059999998474121163e+01
9.399999984741210568e+00
9.600000015258789432e+00
9.399999977111816563e+00
1.039999994659423876e+01
9.999999988555908104e+00
1.040000001525878837e+01
1.099999998474121021e+01
9.999999946594238409e+00
9.599999977111815852e+00
8.799999977111816918e+00
1.179999992370605533e+01
9.399999946594238764e+00
1.039999986267089760e+01
9.000000015258789787e+00
1.020000001525878908e+01
9.400000015258788366e+00
1.119999997711181727e+01
9.800000007629394716e+00
9.399999923706054972e+00
1.039999995422363277e+01
1.059999997711181585e+01
1.260000000762939365e+01
1.039999998855590846e+01
9.999999946594238409e+00
1.080000000762939472e+01
9.999999977111816207e+00
1.040000001525878837e+01
1.060000001525878943e+01
1.019999989318847611e+01
9.999999946594238409e+00
9.799999977111816918e+00
1.039999994659423876e+01
9.199999954223633480e+00
1.079999989318847575e+01
1.060000001525878943e+01
1.020000001525878908e+01
1.079999994659423912e+01
1.039999998474121057e+01
1.139999986267089760e+01
9.599999946594238054e+00
1.079999997711181692e+01
1.139999998474121057e+01
1.039999998474121057e+01
1.059999998855590775e+01
1.059999998855590775e+01
1.059999997711181585e+01
1.079999992370605533e+01
1.100000001525878979e+01
8.999999984741210213e+00
9.399999946594238764e+00
1.019999989318847611e+01
1.020000000762939507e+01
1.000000001525878979e+01
1.099999997711181621e+01
9.399999984741210568e+00
8.999999984741210213e+00
1.060000001525878943e+01
1.080000000762939472e+01
1.020000000762939507e+01
1.099999998474121021e+01
1.059999997711181585e+01
1.139999989318847717e+01
1.019999994659423770e+01
1.079999992370605533e+01
1.000000001525878979e+01
1.019999994659423770e+01
1.040000001525878837e+01
1.079999995422363313e+01
9.800000015258788721e+00
1.019999994659423770e+01
9.799999984741210923e+00
1.040000001525878837e+01
1.099999998474121021e+01
8.999999954223632415e+00
9.800000007629394716e+00
9.799999954223633125e+00
1.079999997711181692e+01
9.400000015258788366e+00
1.099999998474121021e+01
1.040000001525878837e+01
9.399999994277953519e+00
1.100000000762939401e+01
9.399999946594238764e+00
9.999999923706054616e+00
1.059999995422363206e+01
1.020000001525878908e+01
1.059999986267089866e+01
8.999999946594238409e+00
9.999999946594238409e+00
9.600000007629393650e+00
1.080000000762939472e+01
9.799999984741210923e+00
1.099999998474121021e+01
1.059999998855590775e+01
1.120000000762939507e+01
1.039999992370605497e+01
1.139999994659423876e+01
1.000000001525878979e+01
1.139999994659423876e+01
9.599999954223632059e+00
1.019999998474121128e+01
1.020000001525878908e+01
9.200000007629395071e+00
1.039999998474121057e+01
9.399999946594238764e+00
1.019999992370605391e+01
1.039999992370605497e+01
1.019999994659423770e+01
9.599999977111815852e+00
9.599999988555907748e+00
9.999999946594238409e+00
1.040000000762939436e+01
9.399999977111816563e+00
1.039999994659423876e+01
1.000000000000000000e+01
1.019999994659423770e+01
1.059999998474121163e+01
1.059999997711181585e+01
1.099999998474121021e+01
1.019999997711181727e+01
9.799999994277953874e+00
1.039999998855590846e+01
1.439999986267089760e+01
8.199999984741211279e+00
1.040000000762939436e+01
1.059999998855590775e+01
9.599999977111815852e+00
9.399999988555908459e+00
1.119999994659423770e+01
1.020000000762939507e+01
1.000000001525878979e+01
9.599999946594238054e+00
9.799999994277953874e+00
9.600000007629393650e+00
1.099999997711181621e+01
1.039999997711181656e+01
1.060000001525878943e+01
1.019999997711181727e+01
1.079999997711181692e+01
9.799999954223633125e+00
9.999999946594238409e+00
1.040000001525878837e+01
9.999999946594238409e+00
1.079999994659423912e+01
1.059999994659423805e+01
1.039999998474121057e+01
9.799999946594239120e+00
1.019999999427795423e+01
1.020000000762939507e+01
1.039999997711181656e+01
9.999999994277954940e+00
9.799999977111816918e+00
1.019999998474121128e+01
1.079999998474121092e+01
1.060000001525878943e+01
1.059999994659423805e+01
1.019999995422363348e+01
9.999999977111816207e+00
9.599999946594238054e+00
9.599999984741211634e+00
1.039999997711181656e+01
1.020000000762939507e+01
9.999999923706054616e+00
1.040000001525878837e+01
1.120000001525878908e+01
1.079999998855590881e+01
9.799999923706055327e+00
9.999999984741210213e+00
1.000000000762939401e+01
1.039999997711181656e+01
1.119999994659423770e+01
9.800000015258788721e+00
9.800000015258788721e+00
1.059999997711181585e+01
9.999999977111816207e+00
1.079999997711181692e+01
9.999999946594238409e+00
1.079999998474121092e+01
1.039999994659423876e+01
1.019999997711181727e+01
9.399999946594238764e+00
9.800000015258788721e+00
1.040000000762939436e+01
1.000000000762939401e+01
9.599999946594238054e+00
1.140000001525878837e+01
8.799999984741210923e+00
1.020000000762939507e+01
1.020000000762939507e+01
1.079999998474121092e+01
9.999999954223632415e+00
9.599999984741211634e+00
1.100000003051757780e+01
9.600000015258789432e+00
1.099999994659423841e+01
9.199999977111817273e+00
9.999999977111816207e+00
1.019999997711181727e+01
1.079999998474121092e+01
8.999999946594238409e+00
1.079999997711181692e+01
1.019999994659423770e+01
9.399999923706054972e+00
1.000000001525878979e+01
9.999999988555908104e+00
1.199999998474121021e+01
1.079999995422363313e+01
1.080000000762939472e+01
9.799999893188475752e+00
9.799999946594239120e+00
1.059999995422363206e+01
1.019999995422363348e+01
1.140000000762939436e+01
1.059999994659423805e+01
1.039999995422363277e+01
1.479999986267089795e+01
9.999999977111816207e+00
8.599999946594238054e+00
1.079999994659423912e+01
9.999999977111816207e+00
1.219999994659423770e+01
9.399999988555908459e+00
9.199999984741211279e+00
9.800000007629394716e+00
9.999999946594238409e+00
1.099999986267089902e+01
1.139999994659423876e+01
1.039999994659423876e+01
1.019999989318847611e+01
9.799999977111816918e+00
1.020000000762939507e+01
1.019999999427795423e+01
9.600000015258789432e+00
1.060000001525878943e+01
9.200000007629395071e+00
1.139999998474121057e+01
9.799999977111816918e+00
1.040000001525878837e+01
8.599999977111815852e+00
7.999999994277954052e+00
1.099999998474121021e+01
1.080000000762939472e+01
1.059999997711181585e+01
1.019999994659423770e+01
9.799999977111816918e+00
1.019999994659423770e+01
9.999999946594238409e+00
1.120000000762939507e+01
1.099999994659423841e+01
9.799999984741210923e+00
1.079999994659423912e+01
1.060000001525878943e+01
9.400000007629394361e+00
1.179999997711181692e+01
9.999999946594238409e+00
1.019999998474121128e+01
1.519999995422363348e+01
1.000000000762939401e+01
1.300000001525878979e+01
9.600000015258789432e+00
1.020000000762939507e+01
1.039999998474121057e+01
1.019999995422363348e+01
9.999999923706054616e+00
1.019999997711181727e+01
1.100000001525878979e+01
1.020000001525878908e+01
1.100000001525878979e+01
1.039999998474121057e+01
1.060000001525878943e+01
9.999999984741210213e+00
1.080000001525878872e+01
9.799999984741210923e+00
1.039999994659423876e+01
1.080000001525878872e+01
1.179999992370605533e+01
9.599999893188476463e+00
1.039999994659423876e+01
8.400000007629394361e+00
1.039999992370605497e+01
1.100000000762939401e+01
1.139999997711181656e+01
1.019999997711181727e+01
1.139999995422363277e+01
9.000000015258789787e+00
9.999999893188476818e+00
1.099999998474121021e+01
1.060000001525878943e+01
1.119999995422363348e+01
1.079999992370605533e+01
9.400000007629394361e+00
9.600000030517577443e+00
9.200000007629395071e+00
1.159999994659423805e+01
1.059999998474121163e+01
1.059999998474121163e+01
9.200000015258789077e+00
1.000000001525878979e+01
7.999999946594238409e+00
9.999999977111816207e+00
9.199999984741211279e+00
1.179999994659423912e+01
9.799999977111816918e+00
9.799999977111816918e+00
9.399999946594238764e+00
1.020000001525878908e+01
1.079999994659423912e+01
9.999999946594238409e+00
1.080000001525878872e+01
8.999999862670899020e+00
9.600000015258789432e+00
1.079999997711181692e+01
1.079999995422363313e+01
1.099999994659423841e+01
1.079999998474121092e+01
1.019999994659423770e+01
1.020000000762939507e+01
8.999999984741210213e+00
9.999999946594238409e+00
1.019999994659423770e+01
1.080000001525878872e+01
1.039999998855590846e+01
9.599999954223632059e+00
1.059999994659423805e+01
1.040000001525878837e+01
1.039999995422363277e+01
1.060000001525878943e+01
9.399999984741210568e+00
1.040000001525878837e+01
1.019999998855590739e+01
9.799999977111816918e+00
8.599999977111815852e+00
1.060000001525878943e+01
1.079999989318847575e+01
1.039999994659423876e+01
1.120000001525878908e+01
1.039999995422363277e+01
1.080000000762939472e+01
9.600000015258789432e+00
1.039999997711181656e+01
1.199999994659423841e+01
9.999999977111816207e+00
1.119999995422363348e+01
9.199999954223633480e+00
9.599999977111815852e+00
1.159999995422363206e+01
1.200000001525878979e+01
1.099999995422363241e+01
9.399999946594238764e+00
1.000000001525878979e+01
1.119999995422363348e+01
9.000000007629394005e+00
1.099999997711181621e+01
1.059999994659423805e+01
9.599999946594238054e+00
1.039999995422363277e+01
9.799999946594239120e+00
1.060000001525878943e+01
9.999999977111816207e+00
9.999999923706054616e+00
9.999999946594238409e+00
1.039999994659423876e+01
1.079999998474121092e+01
1.259999995422363206e+01
9.799999984741210923e+00
1.120000001525878908e+01
1.119999998474121128e+01
1.039999998474121057e+01
1.040000001525878837e+01
9.799999946594239120e+00
9.799999954223633125e+00
9.399999988555908459e+00
9.400000015258788366e+00
9.999999977111816207e+00
1.259999989318847646e+01
1.099999998855590810e+01
1.120000001525878908e+01
9.400000015258788366e+00
9.799999977111816918e+00
9.799999977111816918e+00
1.119999997711181727e+01
1.000000001525878979e+01
1.079999995422363313e+01
9.800000007629394716e+00
1.000000001525878979e+01
1.039999998474121057e+01
9.999999984741210213e+00
9.800000015258788721e+00
9.599999946594238054e+00
1.000000001525878979e+01
9.799999954223633125e+00
9.600000015258789432e+00
9.999999984741210213e+00
1.019999995422363348e+01
9.799999984741210923e+00
9.999999984741210213e+00
1.039999997711181656e+01
9.999999893188476818e+00
1.079999995422363313e+01
1.519999997711181727e+01
9.200000015258789077e+00
1.059999989318847646e+01
9.199999994277954229e+00
1.019999989318847611e+01
9.600000015258789432e+00
9.999999984741210213e+00
1.059999997711181585e+01
9.999999977111816207e+00
1.020000001525878908e+01
1.039999998855590846e+01
1.019999998474121128e+01
8.199999977111817273e+00
1.040000000762939436e+01
9.600000007629393650e+00
8.000000015258789787e+00
1.119999995422363348e+01
9.799999946594239120e+00
1.099999997711181621e+01
9.399999984741210568e+00
9.999999946594238409e+00
9.399999984741210568e+00
1.000000000762939401e+01
9.599999977111815852e+00
1.019999998474121128e+01
8.399999994277953519e+00
1.059999994659423805e+01
1.040000001525878837e+01
9.799999977111816918e+00
1.020000001525878908e+01
9.999999946594238409e+00
1.000000001525878979e+01
1.040000000762939436e+01
1.080000000762939472e+01
9.400000015258788366e+00
1.000000001525878979e+01
1.059999997711181585e+01
1.019999998474121128e+01
1.080000000762939472e+01
9.599999923706054261e+00
1.020000000762939507e+01
1.039999998855590846e+01
1.040000000762939436e+01
9.199999946594237699e+00
8.799999977111816918e+00
9.800000015258788721e+00
1.059999995422363206e+01
1.000000001525878979e+01
9.799999946594239120e+00
1.019999994659423770e+01
9.799999954223633125e+00
9.999999923706054616e+00
1.019999998474121128e+01
9.800000007629394716e+00
9.199999988555907393e+00
1.099999995422363241e+01
9.400000007629394361e+00
1.019999994659423770e+01
1.040000001525878837e+01
8.999999946594238409e+00
1.060000001525878943e+01
1.019999997711181727e+01
1.060000001525878943e+01
1.080000001525878872e+01
9.200000015258789077e+00
1.079999998474121092e+01
1.179999995422363313e+01
1.019999998474121128e+01
1.059999995422363206e+01
1.040000001525878837e+01
1.079999994659423912e+01
9.999999946594238409e+00
1.040000001525878837e+01
1.340000001525878837e+01
1.019999998474121128e+01
9.599999954223632059e+00
1.040000001525878837e+01
9.400000015258788366e+00
9.799999977111816918e+00
9.999999984741210213e+00
9.399999977111816563e+00
1.060000000762939365e+01
9.999999977111816207e+00
9.399999946594238764e+00
9.999999977111816207e+00
9.200000007629395071e+00
1.139999994659423876e+01
1.000000001525878979e+01
1.159999995422363206e+01
1.099999994659423841e+01
1.059999994659423805e+01
9.799999977111816918e+00
9.599999984741211634e+00
9.799999977111816918e+00
9.599999984741211634e+00
1.060000001525878943e+01
1.019999997711181727e+01
1.240000000762939436e+01
1.119999992370605391e+01
1.019999997711181727e+01
1.099999995422363241e+01
9.000000007629394005e+00
1.039999997711181656e+01
1.020000000762939507e+01
1.059999994659423805e+01
1.059999986267089866e+01
1.019999998474121128e+01
1.000000001525878979e+01
1.000000001525878979e+01
1.039999992370605497e+01
9.599999946594238054e+00
1.039999989318847717e+01
1.119999995422363348e+01
9.199999923706053906e+00
1.059999998474121163e+01
1.099999994659423841e+01
9.600000015258789432e+00
1.099999994659423841e+01
1.019999997711181727e+01
9.400000030517578153e+00
1.060000001525878943e+01
9.999999946594238409e+00
9.799999946594239120e+00
9.199999946594237699e+00
1.060000000762939365e+01
1.080000001525878872e+01
1.079999998474121092e+01
9.599999984741211634e+00
1.059999994659423805e+01
9.000000015258789787e+00
1.000000001525878979e+01
9.400000007629394361e+00
1.080000001525878872e+01
9.800000015258788721e+00
1.099999997711181621e+01
1.020000001525878908e+01
1.059999994659423805e+01
1.039999994659423876e+01
9.999999923706054616e+00
1.119999999427795423e+01
1.159999989318847646e+01
1.100000000762939401e+01
1.019999992370605391e+01
9.999999977111816207e+00
9.800000015258788721e+00
1.000000000762939401e+01
1.000000000762939401e+01
1.079999995422363313e+01
1.279999997711181692e+01
9.999999946594238409e+00
1.039999999427795352e+01
1.079999994659423912e+01
9.599999984741211634e+00
1.199999992370605462e+01
1.139999992370605497e+01
9.999999946594238409e+00
1.100000000762939401e+01
9.599999977111815852e+00
1.079999994659423912e+01
1.039999997711181656e+01
1.020000000762939507e+01
9.399999977111816563e+00
9.799999984741210923e+00
1.780000003051757673e+01
9.600000007629393650e+00
9.800000015258788721e+00
1.019999997711181727e+01
1.080000000762939472e+01
1.079999998855590881e+01
8.599999946594238054e+00
1.039999997711181656e+01
1.079999994659423912e+01
9.600000015258789432e+00
1.019999997711181727e+01
9.400000007629394361e+00
1.260000001525878943e+01
9.199999946594237699e+00
1.079999998474121092e+01
1.019999998474121128e+01
1.059999998474121163e+01
1.219999994659423770e+01
9.600000015258789432e+00
1.119999998474121128e+01
9.999999954223632415e+00
9.200000007629395071e+00
9.199999994277954229e+00
1.020000001525878908e+01
1.059999997711181585e+01
1.000000000762939401e+01
9.600000015258789432e+00
1.100000001525878979e+01
9.800000015258788721e+00
1.159999992370605426e+01
9.600000015258789432e+00
9.600000015258789432e+00
1.060000001525878943e+01
8.200000015258789077e+00
8.599999946594238054e+00
1.019999997711181727e+01
1.160000001525878943e+01
9.800000015258788721e+00
1.020000000762939507e+01
1.019999994659423770e+01
8.999999977111816207e+00
9.799999946594239120e+00
9.800000015258788721e+00
1.159999998474121163e+01
1.000000001525878979e+01
9.799999977111816918e+00
9.799999984741210923e+00
1.120000001525878908e+01
9.799999946594239120e+00
1.479999995422363313e+01
9.399999954223632770e+00
1.099999995422363241e+01
1.039999995422363277e+01
