2.198400000000000176e+01
3.267199999999999704e+01
4.011200000000000188e+01
4.614399999999999835e+01
5.185600000000000165e+01
5.763199999999999790e+01
6.038400000000000034e+01
6.310399999999999920e+01
6.571200000000000330e+01
6.700799999999999557e+01
6.929600000000000648e+01
7.214400000000000546e+01
7.320000000000000284e+01
7.411199999999999477e+01
7.443200000000000216e+01
7.520000000000000284e+01
7.679999999999999716e+01
7.745600000000000307e+01
7.756799999999999784e+01
7.748799999999999955e+01
7.784000000000000341e+01
7.926399999999999579e+01
7.899200000000000443e+01
7.988800000000000523e+01
8.070399999999999352e+01
8.121599999999999397e+01
8.166400000000000148e+01
8.104000000000000625e+01
8.201600000000000534e+01
8.193600000000000705e+01
8.142400000000000659e+01
8.198399999999999466e+01
8.223999999999999488e+01
8.270399999999999352e+01
8.268800000000000239e+01
8.356799999999999784e+01
8.361599999999999966e+01
8.348799999999999955e+01
8.392000000000000171e+01
8.348799999999999955e+01
8.436799999999999500e+01
8.356799999999999784e+01
8.422400000000000375e+01
8.492799999999999727e+01
8.505599999999999739e+01
8.462399999999999523e+01
8.473600000000000421e+01
8.572799999999999443e+01
8.556799999999999784e+01
8.457599999999999341e+01
8.481600000000000250e+01
8.495999999999999375e+01
8.523199999999999932e+01
8.507200000000000273e+01
8.638400000000000034e+01
8.539199999999999591e+01
8.569599999999999795e+01
8.587199999999999989e+01
8.640000000000000568e+01
8.532800000000000296e+01
8.600000000000000000e+01
8.524800000000000466e+01
8.665600000000000591e+01
8.614400000000000546e+01
8.761599999999999966e+01
8.681600000000000250e+01
8.622400000000000375e+01
8.684799999999999898e+01
8.710399999999999920e+01
8.640000000000000568e+01
8.702400000000000091e+01
8.697599999999999909e+01
8.723199999999999932e+01
8.723199999999999932e+01
8.675199999999999534e+01
8.819199999999999307e+01
8.716800000000000637e+01
8.694400000000000261e+01
8.712000000000000455e+01
8.699200000000000443e+01
8.748799999999999955e+01
8.731199999999999761e+01
9.115200000000000102e+01
9.227200000000000557e+01
9.328000000000000114e+01
9.307200000000000273e+01
9.342400000000000659e+01
9.310399999999999920e+01
9.318399999999999750e+01
9.377599999999999625e+01
9.334399999999999409e+01
9.356799999999999784e+01
9.379200000000000159e+01
9.393600000000000705e+01
9.415999999999999659e+01
9.409600000000000364e+01
9.419199999999999307e+01
9.404800000000000182e+01
9.396800000000000352e+01
9.374399999999999977e+01
9.392000000000000171e+01
9.385599999999999454e+01
9.403199999999999648e+01
9.331199999999999761e+01
9.415999999999999659e+01
9.414400000000000546e+01
9.435200000000000387e+01
9.451200000000000045e+01
9.415999999999999659e+01
9.454399999999999693e+01
9.414400000000000546e+01
9.407999999999999829e+01
9.428799999999999670e+01
9.444799999999999329e+01
9.467199999999999704e+01
9.456000000000000227e+01
9.441599999999999682e+01
9.491200000000000614e+01
9.433599999999999852e+01
9.459199999999999875e+01
9.436799999999999500e+01
9.476800000000000068e+01
9.467199999999999704e+01
9.483199999999999363e+01
9.446399999999999864e+01
9.478400000000000603e+01
9.510399999999999920e+01
9.486400000000000432e+01
9.467199999999999704e+01
9.465600000000000591e+01
9.508799999999999386e+01
9.491200000000000614e+01
9.471999999999999886e+01
9.468800000000000239e+01
9.513599999999999568e+01
9.467199999999999704e+01
9.483199999999999363e+01
9.528000000000000114e+01
9.505599999999999739e+01
9.460800000000000409e+01
9.467199999999999704e+01
9.495999999999999375e+01
9.545600000000000307e+01
9.542400000000000659e+01
9.479999999999999716e+01
9.526399999999999579e+01
9.492799999999999727e+01
9.528000000000000114e+01
9.521599999999999397e+01
9.515200000000000102e+01
9.510399999999999920e+01
9.505599999999999739e+01
9.561599999999999966e+01
9.512000000000000455e+01
9.504000000000000625e+01
9.516800000000000637e+01
9.521599999999999397e+01
9.518399999999999750e+01
9.515200000000000102e+01
9.518399999999999750e+01
9.515200000000000102e+01
9.468800000000000239e+01
9.520000000000000284e+01
9.551999999999999602e+01
9.553600000000000136e+01
9.523199999999999932e+01
9.526399999999999579e+01
9.504000000000000625e+01
9.523199999999999932e+01
9.504000000000000625e+01
9.494400000000000261e+01
9.497599999999999909e+01
9.497599999999999909e+01
9.504000000000000625e+01
9.499200000000000443e+01
9.543999999999999773e+01
9.558400000000000318e+01
9.539199999999999591e+01
9.524800000000000466e+01
9.500799999999999557e+01
9.505599999999999739e+01
9.497599999999999909e+01
9.494400000000000261e+01
9.534399999999999409e+01
9.510399999999999920e+01
9.507200000000000273e+01
9.521599999999999397e+01
9.556799999999999784e+01
9.515200000000000102e+01
9.516800000000000637e+01
9.520000000000000284e+01
9.526399999999999579e+01
9.571200000000000330e+01
9.520000000000000284e+01
9.494400000000000261e+01
9.518399999999999750e+01
9.513599999999999568e+01
9.553600000000000136e+01
9.520000000000000284e+01
9.508799999999999386e+01
