2.324800000000000111e+01
3.428799999999999670e+01
4.209599999999999653e+01
5.000000000000000000e+01
5.550399999999999778e+01
6.065599999999999881e+01
6.505599999999999739e+01
6.756799999999999784e+01
7.012800000000000011e+01
7.204800000000000182e+01
7.363200000000000500e+01
7.543999999999999773e+01
7.659199999999999875e+01
7.768000000000000682e+01
7.894400000000000261e+01
7.905599999999999739e+01
8.001600000000000534e+01
8.043200000000000216e+01
8.184000000000000341e+01
8.161599999999999966e+01
8.249599999999999511e+01
8.295999999999999375e+01
8.310399999999999920e+01
8.328000000000000114e+01
8.403199999999999648e+01
8.364799999999999613e+01
8.486400000000000432e+01
8.456000000000000227e+01
8.518399999999999750e+01
8.504000000000000625e+01
8.556799999999999784e+01
8.547199999999999420e+01
8.625600000000000023e+01
8.625600000000000023e+01
8.617600000000000193e+01
8.652800000000000580e+01
8.633599999999999852e+01
8.652800000000000580e+01
8.679999999999999716e+01
8.670399999999999352e+01
8.705599999999999739e+01
8.747199999999999420e+01
8.716800000000000637e+01
8.774399999999999977e+01
8.771200000000000330e+01
8.761599999999999966e+01
8.780800000000000693e+01
8.803199999999999648e+01
8.793600000000000705e+01
8.801600000000000534e+01
8.828799999999999670e+01
8.774399999999999977e+01
8.865600000000000591e+01
8.806399999999999295e+01
8.865600000000000591e+01
8.889600000000000080e+01
8.871999999999999886e+01
8.875199999999999534e+01
8.876800000000000068e+01
8.899200000000000443e+01
8.931199999999999761e+01
8.956799999999999784e+01
8.908799999999999386e+01
8.926399999999999579e+01
8.935999999999999943e+01
8.959999999999999432e+01
8.955200000000000671e+01
8.980800000000000693e+01
9.019199999999999307e+01
8.985599999999999454e+01
8.976000000000000512e+01
9.078400000000000603e+01
8.992000000000000171e+01
9.003199999999999648e+01
8.951999999999999602e+01
9.011199999999999477e+01
8.963200000000000500e+01
8.950400000000000489e+01
8.921599999999999397e+01
9.028799999999999670e+01
9.041599999999999682e+01
9.087999999999999545e+01
9.326399999999999579e+01
9.335999999999999943e+01
9.359999999999999432e+01
9.343999999999999773e+01
9.377599999999999625e+01
9.369599999999999795e+01
9.400000000000000000e+01
9.407999999999999829e+01
9.423999999999999488e+01
9.420799999999999841e+01
9.376000000000000512e+01
9.435200000000000387e+01
9.433599999999999852e+01
9.371200000000000330e+01
9.406399999999999295e+01
9.411199999999999477e+01
9.409600000000000364e+01
9.403199999999999648e+01
9.412800000000000011e+01
9.462399999999999523e+01
9.459199999999999875e+01
9.451200000000000045e+01
9.454399999999999693e+01
9.467199999999999704e+01
9.464000000000000057e+01
9.444799999999999329e+01
9.479999999999999716e+01
9.425600000000000023e+01
9.476800000000000068e+01
9.462399999999999523e+01
9.448000000000000398e+01
9.484799999999999898e+01
9.460800000000000409e+01
9.475199999999999534e+01
9.497599999999999909e+01
9.446399999999999864e+01
9.500799999999999557e+01
9.479999999999999716e+01
9.454399999999999693e+01
9.494400000000000261e+01
9.529600000000000648e+01
9.487999999999999545e+01
9.516800000000000637e+01
9.526399999999999579e+01
9.559999999999999432e+01
9.521599999999999397e+01
9.520000000000000284e+01
9.542400000000000659e+01
9.504000000000000625e+01
9.500799999999999557e+01
9.515200000000000102e+01
9.513599999999999568e+01
9.523199999999999932e+01
9.548799999999999955e+01
9.512000000000000455e+01
9.520000000000000284e+01
9.526399999999999579e+01
9.542400000000000659e+01
9.534399999999999409e+01
9.523199999999999932e+01
9.528000000000000114e+01
9.500799999999999557e+01
9.508799999999999386e+01
9.553600000000000136e+01
9.508799999999999386e+01
9.534399999999999409e+01
9.504000000000000625e+01
9.528000000000000114e+01
9.465600000000000591e+01
9.521599999999999397e+01
9.553600000000000136e+01
9.500799999999999557e+01
9.547199999999999420e+01
9.551999999999999602e+01
9.526399999999999579e+01
9.531199999999999761e+01
9.499200000000000443e+01
9.550400000000000489e+01
9.535999999999999943e+01
9.563200000000000500e+01
9.520000000000000284e+01
9.526399999999999579e+01
9.520000000000000284e+01
9.523199999999999932e+01
9.515200000000000102e+01
9.524800000000000466e+01
9.551999999999999602e+01
9.523199999999999932e+01
9.504000000000000625e+01
9.497599999999999909e+01
9.516800000000000637e+01
9.534399999999999409e+01
9.540800000000000125e+01
9.532800000000000296e+01
9.518399999999999750e+01
9.571200000000000330e+01
9.542400000000000659e+01
9.551999999999999602e+01
9.563200000000000500e+01
9.528000000000000114e+01
9.540800000000000125e+01
9.593600000000000705e+01
9.556799999999999784e+01
9.512000000000000455e+01
9.593600000000000705e+01
9.532800000000000296e+01
9.548799999999999955e+01
9.537600000000000477e+01
9.531199999999999761e+01
9.545600000000000307e+01
9.535999999999999943e+01
9.564799999999999613e+01
9.531199999999999761e+01
9.516800000000000637e+01
9.574399999999999977e+01
9.524800000000000466e+01
9.524800000000000466e+01
9.542400000000000659e+01
