1.867793798446655273e+00
1.046279191970825195e+00
1.085969686508178711e+00
1.057284355163574219e+00
1.095634937286376953e+00
1.041599750518798828e+00
9.915230274200439453e-01
9.938304424285888672e-01
9.910538196563720703e-01
9.920475482940673828e-01
9.925165176391601562e-01
9.930422306060791016e-01
9.897027015686035156e-01
9.901106357574462891e-01
9.902110099792480469e-01
1.011723518371582031e+00
1.063446760177612305e+00
1.064998865127563477e+00
1.066917896270751953e+00
1.071351766586303711e+00
1.134726285934448242e+00
1.065296888351440430e+00
1.069005250930786133e+00
1.088421344757080078e+00
1.064103603363037109e+00
1.094705343246459961e+00
1.080533266067504883e+00
1.086721897125244141e+00
1.073803663253784180e+00
1.065538406372070312e+00
1.082973241806030273e+00
1.062935113906860352e+00
1.069526195526123047e+00
1.075195550918579102e+00
1.083780765533447266e+00
1.081351757049560547e+00
1.098794221878051758e+00
1.088554143905639648e+00
1.077155828475952148e+00
1.071140050888061523e+00
1.096907138824462891e+00
1.089282512664794922e+00
1.122373819351196289e+00
1.059620618820190430e+00
1.074251174926757812e+00
1.083879947662353516e+00
1.064776897430419922e+00
1.064443349838256836e+00
1.065769433975219727e+00
1.063471794128417969e+00
1.071704626083374023e+00
1.068207502365112305e+00
1.075290203094482422e+00
1.072278976440429688e+00
1.089407682418823242e+00
1.090182542800903320e+00
1.064860343933105469e+00
1.070703744888305664e+00
1.059201002120971680e+00
1.067506790161132812e+00
1.064752101898193359e+00
1.067351341247558594e+00
1.064733505249023438e+00
1.074943542480468750e+00
1.122596979141235352e+00
1.093966245651245117e+00
1.068620681762695312e+00
1.073474884033203125e+00
1.069549560546875000e+00
1.072765588760375977e+00
1.059842824935913086e+00
1.074794292449951172e+00
1.096401929855346680e+00
1.080754518508911133e+00
1.084067344665527344e+00
1.069857120513916016e+00
1.075427770614624023e+00
1.071647644042968750e+00
1.093465328216552734e+00
1.074894905090332031e+00
1.071218490600585938e+00
1.079831361770629883e+00
1.105370998382568359e+00
1.073760032653808594e+00
1.082802295684814453e+00
1.089064598083496094e+00
1.114968061447143555e+00
1.064803361892700195e+00
1.059393405914306641e+00
1.063972473144531250e+00
1.083035230636596680e+00
1.085795402526855469e+00
1.073650598526000977e+00
1.086230039596557617e+00
1.069613695144653320e+00
1.072581052780151367e+00
1.100824117660522461e+00
1.066249608993530273e+00
1.065979719161987305e+00
1.087414503097534180e+00
1.098488330841064453e+00
1.100904226303100586e+00
1.065147638320922852e+00
1.067348241806030273e+00
1.072635173797607422e+00
1.059894323348999023e+00
1.077736616134643555e+00
1.087800264358520508e+00
1.116888284683227539e+00
1.075721502304077148e+00
1.066774368286132812e+00
1.067345857620239258e+00
1.061269283294677734e+00
1.100551128387451172e+00
1.270472764968872070e+00
1.059585571289062500e+00
1.053863763809204102e+00
1.049035549163818359e+00
1.049197673797607422e+00
1.051498413085937500e+00
1.057046413421630859e+00
1.060549736022949219e+00
1.060592174530029297e+00
1.085407018661499023e+00
1.105929851531982422e+00
1.300312042236328125e+00
1.179283380508422852e+00
1.111008167266845703e+00
1.089005231857299805e+00
1.129325628280639648e+00
1.081896781921386719e+00
1.078754663467407227e+00
1.080497503280639648e+00
1.071576833724975586e+00
1.072662830352783203e+00
1.086990118026733398e+00
1.068023204803466797e+00
1.072535514831542969e+00
1.071190595626831055e+00
1.101425886154174805e+00
1.065024852752685547e+00
1.070245504379272461e+00
1.098002672195434570e+00
1.090981960296630859e+00
1.062775850296020508e+00
1.083945989608764648e+00
1.096023082733154297e+00
1.094820499420166016e+00
1.063543796539306641e+00
1.059383630752563477e+00
1.070557117462158203e+00
1.110897779464721680e+00
1.015588998794555664e+00
1.061113834381103516e+00
1.056736707687377930e+00
1.081405401229858398e+00
1.060154438018798828e+00
1.082283020019531250e+00
1.072302103042602539e+00
1.081349372863769531e+00
1.064370632171630859e+00
1.072396993637084961e+00
1.075660467147827148e+00
1.076894760131835938e+00
1.061204433441162109e+00
1.088655471801757812e+00
1.069051742553710938e+00
1.086924314498901367e+00
1.074349641799926758e+00
1.056574583053588867e+00
1.063386678695678711e+00
1.057493448257446289e+00
1.061103343963623047e+00
1.147498846054077148e+00
1.057798624038696289e+00
1.053033590316772461e+00
1.062567949295043945e+00
1.082409381866455078e+00
1.075906276702880859e+00
1.064257621765136719e+00
1.063873291015625000e+00
1.072694063186645508e+00
1.069271326065063477e+00
1.073480844497680664e+00
1.070398807525634766e+00
1.097001314163208008e+00
1.073020935058593750e+00
1.066096544265747070e+00
1.098349332809448242e+00
1.120900392532348633e+00
1.129744052886962891e+00
1.122861862182617188e+00
1.118900775909423828e+00
1.071253776550292969e+00
1.051883935928344727e+00
1.115922451019287109e+00
1.067495584487915039e+00
1.052081108093261719e+00
1.021378040313720703e+00
1.021924257278442383e+00
