1.980743565979003806e+00
1.698086128883361745e+00
1.504097096176147508e+00
1.349453700294494629e+00
1.206886628646850479e+00
1.093552082443237206e+00
1.000567107467651429e+00
9.186495414733886200e-01
8.576303165817260599e-01
8.071040522766113057e-01
7.634570580673217810e-01
7.027050556945800830e-01
6.706549811172485276e-01
6.395530946159362351e-01
6.093153374290466440e-01
5.979568199539184725e-01
5.782600963973999475e-01
5.633366933631897000e-01
5.472605694007873778e-01
5.249924162101745617e-01
5.138154786872863866e-01
5.143559389877319088e-01
4.889357133865356309e-01
4.817885295104980536e-01
4.785328068542480384e-01
4.628176645565033054e-01
4.528600740051269558e-01
4.307710372495651141e-01
4.378685807895660309e-01
4.414194445800781463e-01
4.174258981895446752e-01
4.072954074287414294e-01
4.013163676071166974e-01
4.095949370098114217e-01
4.027314528179168907e-01
3.981543450546264906e-01
3.844271792030334312e-01
3.887486956787109538e-01
3.884327077198028721e-01
3.842160531187057693e-01
3.718924756145477462e-01
3.626787113571167120e-01
3.503282772064209016e-01
3.446703444862365684e-01
3.533883474731445151e-01
3.480340356254577605e-01
3.277648112487793197e-01
3.384868818092346410e-01
3.388573355865478476e-01
3.397911007690429530e-01
3.351084339094161924e-01
3.409241018676757995e-01
3.331152123355865524e-01
3.107751389503479178e-01
3.212581578493118317e-01
3.153188341331482070e-01
3.125821993255615272e-01
3.107031251716613762e-01
3.003599934005737326e-01
3.183639275741577124e-01
3.030865894126892335e-01
2.936448253536224628e-01
3.110074338245391590e-01
3.008167870903015184e-01
2.799730851078033322e-01
2.914842621779442089e-01
2.982747459840774384e-01
2.851421062469482459e-01
2.862719184207916379e-01
2.845098144170641885e-01
2.871758554840088129e-01
2.886336299133300809e-01
2.743245592975616653e-01
2.854516190528869624e-01
2.800787486267090065e-01
2.787320690536498891e-01
2.763061022567748770e-01
2.758031985855102786e-01
2.811795225334167703e-01
2.747497041893005587e-01
2.736551048469543224e-01
2.616104736900329852e-01
1.875594564819335897e-01
1.795113641929626525e-01
1.747638908767700228e-01
1.772567010307312119e-01
1.780654186344146628e-01
1.723864435100555537e-01
1.680041056776046815e-01
1.624133862543106210e-01
1.680193102788925252e-01
1.645378174793720172e-01
1.688589008331298769e-01
1.628650543975830034e-01
1.624272767257690375e-01
1.634311870527267452e-01
1.613239346122741780e-01
1.679307836151122946e-01
1.618841753673553596e-01
1.524078501510620076e-01
1.628462092018127527e-01
1.591444789981842078e-01
1.576744286894798397e-01
1.623203698158264263e-01
1.540195433413982518e-01
1.531685848426818930e-01
1.559973214912414585e-01
1.496235734927654215e-01
1.506406579923629807e-01
1.499351130890846373e-01
1.536756859588623014e-01
1.510990477466583326e-01
1.503647802352905405e-01
1.497004612350463781e-01
1.443545809555053794e-01
1.500450238466262687e-01
1.389439099168777447e-01
1.515359630680084280e-01
1.434182456016540597e-01
1.441424911022186339e-01
1.484987924289703498e-01
1.442227218914031994e-01
1.441665405917167686e-01
1.337916020214557633e-01
1.314344068241119490e-01
1.338739492607116666e-01
1.306344702482223619e-01
1.321280734205245999e-01
1.379275535750389137e-01
1.342040068113803941e-01
1.336244607543945195e-01
1.371722262072563037e-01
1.271356301403045730e-01
1.348868739676475637e-01
1.389733736276626552e-01
1.396206758654117697e-01
1.326746501302719095e-01
1.263517641067504749e-01
1.353238925251364633e-01
1.406821019363403424e-01
1.313203456306457628e-01
1.382461762380599868e-01
1.363503718471527071e-01
1.375804340076446641e-01
1.338465571308135871e-01
1.330123577505350208e-01
1.343234672832488985e-01
1.344511956214904658e-01
1.263897052335739013e-01
1.280531467884034047e-01
1.266127092313766578e-01
1.372827275371551470e-01
1.240529166698455810e-01
1.365888091945648142e-01
1.263306469249725339e-01
1.377709056425094614e-01
1.238510620975494386e-01
1.242975663375854439e-01
1.256511302828788867e-01
1.274312751793861276e-01
1.299224396848678575e-01
1.255187604379653932e-01
1.256068610429763865e-01
1.273735500710457547e-01
1.277317299079895052e-01
1.283992909526824877e-01
1.274431949710845835e-01
1.330814112102985391e-01
1.297259948158264176e-01
1.364909830999374296e-01
1.353407220792770260e-01
1.317654289436340220e-01
1.281674027931690163e-01
1.324843203449249385e-01
1.316206457352638304e-01
1.368321203660964880e-01
1.259342944580316426e-01
1.273182987827062573e-01
1.292239819383621258e-01
1.253979757595062305e-01
1.279305309724807771e-01
1.383461645686626384e-01
1.279125952017307333e-01
1.266387086391448924e-01
1.317426492547988937e-01
1.396596534395218026e-01
1.324816079068183994e-01
1.320210359537601352e-01
1.299240991592407191e-01
1.320470012593269460e-01
1.250521313190460226e-01
1.339645371913909810e-01
1.304090055418014593e-01
1.340066254568099968e-01
1.277306951832771209e-01
1.273734387111663813e-01
1.252077195930481057e-01
1.311284666633605878e-01
1.278392994219064716e-01
1.291966825580596889e-01
