1.764504194259643555e+00
1.122439146041870117e+00
1.069973945617675781e+00
1.069886207580566406e+00
1.077981948852539062e+00
1.068000078201293945e+00
1.044884443283081055e+00
1.063221931457519531e+00
1.065721511840820312e+00
1.071415662765502930e+00
1.072587728500366211e+00
1.072506427764892578e+00
1.070265531539916992e+00
1.064983606338500977e+00
1.075563430786132812e+00
1.073249816894531250e+00
1.074819326400756836e+00
1.070382595062255859e+00
1.076610088348388672e+00
1.130858898162841797e+00
1.069842100143432617e+00
1.067180871963500977e+00
1.068874835968017578e+00
1.073840618133544922e+00
1.073436498641967773e+00
1.088081598281860352e+00
1.068873167037963867e+00
1.073976993560791016e+00
1.071549177169799805e+00
1.068525552749633789e+00
1.071189403533935547e+00
1.074772834777832031e+00
1.069207429885864258e+00
1.079821825027465820e+00
1.069064378738403320e+00
1.067123413085937500e+00
1.060630559921264648e+00
1.069680929183959961e+00
1.068855047225952148e+00
1.071912050247192383e+00
1.069578409194946289e+00
1.137509584426879883e+00
1.069235563278198242e+00
1.075981378555297852e+00
1.065819501876831055e+00
1.064166545867919922e+00
1.071493148803710938e+00
1.071845531463623047e+00
1.067315816879272461e+00
1.069104671478271484e+00
1.066849470138549805e+00
1.070718050003051758e+00
1.075160026550292969e+00
1.076081991195678711e+00
1.076206445693969727e+00
1.070572853088378906e+00
1.080489635467529297e+00
1.072924137115478516e+00
1.068169832229614258e+00
1.070736646652221680e+00
1.075005292892456055e+00
1.074054718017578125e+00
1.076979398727416992e+00
1.131856679916381836e+00
1.078129768371582031e+00
1.071923494338989258e+00
1.066725730895996094e+00
1.071116209030151367e+00
1.082511186599731445e+00
1.070603609085083008e+00
1.071364641189575195e+00
1.076116800308227539e+00
1.064780235290527344e+00
1.074119806289672852e+00
1.075122356414794922e+00
1.068525552749633789e+00
1.074388742446899414e+00
1.068309783935546875e+00
1.056987047195434570e+00
1.067335844039916992e+00
1.064659118652343750e+00
1.064910888671875000e+00
1.059627056121826172e+00
1.065414667129516602e+00
1.064543485641479492e+00
1.120557308197021484e+00
1.068174362182617188e+00
1.065965652465820312e+00
1.067488193511962891e+00
1.068750858306884766e+00
1.068134307861328125e+00
1.068136215209960938e+00
1.068500518798828125e+00
1.065330505371093750e+00
1.067541360855102539e+00
1.067703962326049805e+00
1.069223880767822266e+00
1.064568996429443359e+00
1.069872617721557617e+00
1.063923120498657227e+00
1.067782640457153320e+00
1.067912101745605469e+00
1.071022987365722656e+00
1.067935466766357422e+00
1.072382688522338867e+00
1.076216936111450195e+00
1.065136432647705078e+00
1.124402284622192383e+00
1.067809104919433594e+00
1.071110248565673828e+00
1.071089982986450195e+00
1.071793317794799805e+00
1.059504508972167969e+00
1.068878173828125000e+00
1.059273242950439453e+00
1.070276975631713867e+00
1.059550285339355469e+00
1.067044973373413086e+00
1.060139894485473633e+00
1.063799381256103516e+00
1.064296245574951172e+00
1.070778846740722656e+00
1.055259466171264648e+00
1.001478195190429688e+00
1.003860235214233398e+00
1.002557754516601562e+00
1.000296115875244141e+00
1.034914493560791016e+00
1.074544906616210938e+00
1.061229705810546875e+00
1.066640377044677734e+00
1.072971820831298828e+00
1.075343132019042969e+00
1.070666074752807617e+00
1.070684671401977539e+00
1.063152313232421875e+00
1.065607786178588867e+00
1.063995122909545898e+00
1.066566944122314453e+00
1.064703464508056641e+00
1.058642148971557617e+00
1.057248830795288086e+00
1.065510272979736328e+00
1.061294078826904297e+00
1.064000129699707031e+00
1.061802864074707031e+00
1.065565586090087891e+00
1.063291549682617188e+00
1.022339105606079102e+00
1.065600633621215820e+00
1.124958992004394531e+00
1.061284780502319336e+00
1.061664104461669922e+00
1.066090345382690430e+00
1.068125247955322266e+00
1.067288160324096680e+00
1.069730520248413086e+00
1.063323020935058594e+00
1.066209077835083008e+00
1.064922094345092773e+00
1.057433605194091797e+00
1.069458484649658203e+00
1.065113306045532227e+00
1.064836978912353516e+00
1.033711671829223633e+00
1.002183437347412109e+00
1.001796483993530273e+00
1.002027750015258789e+00
1.004201650619506836e+00
1.001576662063598633e+00
1.000206232070922852e+00
1.006254434585571289e+00
1.004880905151367188e+00
1.004801034927368164e+00
1.001605987548828125e+00
1.003506183624267578e+00
1.006437778472900391e+00
1.004751443862915039e+00
1.008159160614013672e+00
1.064228534698486328e+00
1.068696737289428711e+00
1.065049409866333008e+00
1.074020862579345703e+00
1.066573143005371094e+00
1.066471576690673828e+00
1.068383216857910156e+00
1.069988489151000977e+00
1.070060729980468750e+00
1.073486328125000000e+00
1.059535503387451172e+00
1.070006132125854492e+00
1.077487468719482422e+00
1.072168588638305664e+00
1.125300645828247070e+00
1.070544958114624023e+00
1.074682950973510742e+00
1.067635059356689453e+00
1.063263416290283203e+00
1.068418741226196289e+00
1.067228317260742188e+00
