3.919724225997924805e+00
3.036017417907714844e+00
3.066201448440551758e+00
3.031757831573486328e+00
3.086908578872680664e+00
3.010898113250732422e+00
2.985610485076904297e+00
2.981307506561279297e+00
3.024877071380615234e+00
2.924010038375854492e+00
3.001722574234008789e+00
3.000239133834838867e+00
2.978303194046020508e+00
2.995887041091918945e+00
2.979556560516357422e+00
2.987492561340332031e+00
3.011124610900878906e+00
2.987555265426635742e+00
2.985883474349975586e+00
2.977463483810424805e+00
3.049352407455444336e+00
2.973225593566894531e+00
3.023770093917846680e+00
3.014424562454223633e+00
2.994646787643432617e+00
3.052351713180541992e+00
2.962004423141479492e+00
3.023782014846801758e+00
2.969072818756103516e+00
3.061656951904296875e+00
3.053570985794067383e+00
3.067921876907348633e+00
3.020896434783935547e+00
2.949020862579345703e+00
3.020370244979858398e+00
2.983670711517333984e+00
3.040187120437622070e+00
3.076496124267578125e+00
2.980596065521240234e+00
2.994765996932983398e+00
3.081148386001586914e+00
3.073073148727416992e+00
3.072183132171630859e+00
3.050697803497314453e+00
2.998336791992187500e+00
3.057171821594238281e+00
2.986919879913330078e+00
2.940792083740234375e+00
2.856531620025634766e+00
2.869904041290283203e+00
2.986409902572631836e+00
2.918354272842407227e+00
3.006745338439941406e+00
2.980993509292602539e+00
3.043736457824707031e+00
3.076400756835937500e+00
3.009812831878662109e+00
2.990373611450195312e+00
2.870962858200073242e+00
2.977154970169067383e+00
2.957262039184570312e+00
2.974111318588256836e+00
3.034099340438842773e+00
3.000747680664062500e+00
3.010931968688964844e+00
3.130646944046020508e+00
2.930653333663940430e+00
2.956923961639404297e+00
2.953640937805175781e+00
3.046963930130004883e+00
3.000359535217285156e+00
2.970041275024414062e+00
3.083433151245117188e+00
3.001278877258300781e+00
2.979110717773437500e+00
2.974995374679565430e+00
3.033335447311401367e+00
2.979632377624511719e+00
3.075174808502197266e+00
2.985451698303222656e+00
2.960212707519531250e+00
3.033528566360473633e+00
3.027456521987915039e+00
3.036131620407104492e+00
3.039166927337646484e+00
3.131455421447753906e+00
3.042090415954589844e+00
3.049648761749267578e+00
3.043031930923461914e+00
3.002753257751464844e+00
3.045232534408569336e+00
3.038499355316162109e+00
3.011753797531127930e+00
3.104288578033447266e+00
3.048618555068969727e+00
2.952656269073486328e+00
3.021282434463500977e+00
3.028118848800659180e+00
3.035735607147216797e+00
3.072060108184814453e+00
3.074962854385375977e+00
3.088390588760375977e+00
3.038540601730346680e+00
3.047131061553955078e+00
3.022950172424316406e+00
2.976591348648071289e+00
2.959863901138305664e+00
3.058332443237304688e+00
3.019165039062500000e+00
2.928638935089111328e+00
3.064755678176879883e+00
3.047935247421264648e+00
3.039219379425048828e+00
2.991876840591430664e+00
3.184512615203857422e+00
3.084754228591918945e+00
3.035091400146484375e+00
3.067767143249511719e+00
3.096663236618041992e+00
2.983729839324951172e+00
2.965541124343872070e+00
3.009495258331298828e+00
3.101396083831787109e+00
3.089830160140991211e+00
3.150621652603149414e+00
3.167232990264892578e+00
3.438242673873901367e+00
3.116670608520507812e+00
3.016506433486938477e+00
3.071136474609375000e+00
2.935748577117919922e+00
3.051308393478393555e+00
3.109003782272338867e+00
3.033501386642456055e+00
3.067638874053955078e+00
3.034508228302001953e+00
3.032244205474853516e+00
3.052609205245971680e+00
3.019400596618652344e+00
3.115260124206542969e+00
3.047915458679199219e+00
2.990332603454589844e+00
3.049141883850097656e+00
3.052076101303100586e+00
3.057270526885986328e+00
2.952827692031860352e+00
3.118015289306640625e+00
3.051977872848510742e+00
3.054256439208984375e+00
2.968843698501586914e+00
2.948570489883422852e+00
3.034296035766601562e+00
2.970892190933227539e+00
3.012085437774658203e+00
3.056412935256958008e+00
2.963484525680541992e+00
3.062557935714721680e+00
3.016977548599243164e+00
3.020889043807983398e+00
3.006864070892333984e+00
3.033400058746337891e+00
3.050039291381835938e+00
3.021504402160644531e+00
3.090398550033569336e+00
3.014197349548339844e+00
3.006026983261108398e+00
3.101719379425048828e+00
3.015487909317016602e+00
3.079026937484741211e+00
2.973924875259399414e+00
3.003954410552978516e+00
3.034087896347045898e+00
3.027000665664672852e+00
3.057517766952514648e+00
2.971122741699218750e+00
3.020921945571899414e+00
3.003674030303955078e+00
3.059220314025878906e+00
3.000028133392333984e+00
3.063636541366577148e+00
3.037543058395385742e+00
3.002266168594360352e+00
3.032176256179809570e+00
3.076673269271850586e+00
2.992022752761840820e+00
3.055771350860595703e+00
2.999715805053710938e+00
3.048266172409057617e+00
3.004951953887939453e+00
2.972884893417358398e+00
3.019608974456787109e+00
3.033690929412841797e+00
3.000682830810546875e+00
3.059515476226806641e+00
3.034355878829956055e+00
2.971291065216064453e+00
3.066148996353149414e+00
3.081786870956420898e+00
2.965847015380859375e+00
2.888874053955078125e+00
