3.800208091735839844e+00
3.052905797958374023e+00
3.020217895507812500e+00
3.034446716308593750e+00
3.045679330825805664e+00
2.952189683914184570e+00
2.994544982910156250e+00
2.917944908142089844e+00
2.872745752334594727e+00
2.913003444671630859e+00
3.043917894363403320e+00
2.996900320053100586e+00
3.004089832305908203e+00
3.054511785507202148e+00
3.049232006072998047e+00
3.023735523223876953e+00
3.032425403594970703e+00
3.054205417633056641e+00
2.969308376312255859e+00
2.998781204223632812e+00
3.110640764236450195e+00
3.025246143341064453e+00
3.003898620605468750e+00
2.976422309875488281e+00
2.981713771820068359e+00
3.025559186935424805e+00
2.945502042770385742e+00
2.993782520294189453e+00
2.917452335357666016e+00
3.007943868637084961e+00
2.971294403076171875e+00
3.014843702316284180e+00
3.054910898208618164e+00
2.931274175643920898e+00
2.979528665542602539e+00
2.971135854721069336e+00
2.966741800308227539e+00
2.961100578308105469e+00
2.995011806488037109e+00
3.044878721237182617e+00
2.929835319519042969e+00
2.928393840789794922e+00
3.026478528976440430e+00
2.986777544021606445e+00
2.963265180587768555e+00
2.897681474685668945e+00
2.937395572662353516e+00
2.983824968338012695e+00
2.979310274124145508e+00
2.910076379776000977e+00
3.056699991226196289e+00
3.098511457443237305e+00
2.982848882675170898e+00
3.003694295883178711e+00
3.009591579437255859e+00
3.063856601715087891e+00
3.000843048095703125e+00
3.034578323364257812e+00
3.016356706619262695e+00
3.011973619461059570e+00
2.994600057601928711e+00
2.960086107254028320e+00
2.921284675598144531e+00
2.994971275329589844e+00
2.918900251388549805e+00
2.954421758651733398e+00
2.967687368392944336e+00
3.038421869277954102e+00
3.017344474792480469e+00
3.045929431915283203e+00
3.034638643264770508e+00
2.967513084411621094e+00
2.996994733810424805e+00
3.088406801223754883e+00
2.971434116363525391e+00
3.020032405853271484e+00
2.981417655944824219e+00
2.984661340713500977e+00
3.041582345962524414e+00
3.007562160491943359e+00
2.949627876281738281e+00
2.990733861923217773e+00
2.971423625946044922e+00
2.927896738052368164e+00
2.883210659027099609e+00
2.887583017349243164e+00
2.913633584976196289e+00
2.993968486785888672e+00
2.938001632690429688e+00
2.943895816802978516e+00
2.960469722747802734e+00
2.950337648391723633e+00
2.963409662246704102e+00
2.969587326049804688e+00
2.891394376754760742e+00
2.976872444152832031e+00
2.986707448959350586e+00
2.942108869552612305e+00
3.034631729125976562e+00
2.942057609558105469e+00
2.974167585372924805e+00
2.909811019897460938e+00
2.946855783462524414e+00
3.001352071762084961e+00
3.010811090469360352e+00
2.938201904296875000e+00
3.080582618713378906e+00
3.045949697494506836e+00
2.901040315628051758e+00
3.045516014099121094e+00
3.023051738739013672e+00
3.021390676498413086e+00
3.026885509490966797e+00
3.046152114868164062e+00
3.048866987228393555e+00
2.993395805358886719e+00
2.990573406219482422e+00
3.009247541427612305e+00
2.985424041748046875e+00
3.007487535476684570e+00
3.066441535949707031e+00
3.059657812118530273e+00
3.036462306976318359e+00
3.042233228683471680e+00
3.016674995422363281e+00
2.985238313674926758e+00
2.917890071868896484e+00
3.004258155822753906e+00
3.039349555969238281e+00
2.941044807434082031e+00
2.999471426010131836e+00
3.001511096954345703e+00
3.034041404724121094e+00
2.987024545669555664e+00
2.996439933776855469e+00
2.989967346191406250e+00
2.997737646102905273e+00
3.043792963027954102e+00
2.929616689682006836e+00
3.027795553207397461e+00
3.031158924102783203e+00
3.048964500427246094e+00
3.041251659393310547e+00
3.004679679870605469e+00
2.926208734512329102e+00
2.938016176223754883e+00
3.062561273574829102e+00
3.000006437301635742e+00
3.086300373077392578e+00
2.972079753875732422e+00
3.037161350250244141e+00
2.936610221862792969e+00
3.025957584381103516e+00
2.969407081604003906e+00
2.903084278106689453e+00
2.977279186248779297e+00
2.984564304351806641e+00
3.023941755294799805e+00
2.964538335800170898e+00
2.981695175170898438e+00
2.926187753677368164e+00
2.940861225128173828e+00
2.960751533508300781e+00
3.060384511947631836e+00
3.062402963638305664e+00
2.994068384170532227e+00
2.903164148330688477e+00
2.898419141769409180e+00
2.996523618698120117e+00
2.977014541625976562e+00
2.897933959960937500e+00
2.995488643646240234e+00
3.001766204833984375e+00
3.015932559967041016e+00
2.970444202423095703e+00
3.058868169784545898e+00
2.993607521057128906e+00
3.010081052780151367e+00
2.930636167526245117e+00
2.957445859909057617e+00
2.997078180313110352e+00
3.044155359268188477e+00
2.969660520553588867e+00
2.998063802719116211e+00
2.959999799728393555e+00
2.998572111129760742e+00
3.050727605819702148e+00
3.015616416931152344e+00
2.985187292098999023e+00
3.058348894119262695e+00
3.031637191772460938e+00
2.980091094970703125e+00
2.982314109802246094e+00
2.970652818679809570e+00
2.987869739532470703e+00
2.925442695617675781e+00
2.840260505676269531e+00
3.005295753479003906e+00
2.956897020339965820e+00
2.845937252044677734e+00
