2.012902471618652545e+00
1.751572611389160095e+00
1.597887099571227987e+00
1.450586746559143103e+00
1.304060700454712007e+00
1.187787174873351947e+00
1.092555077590942281e+00
1.027613505783081083e+00
9.324192102432250495e-01
8.802317774581909227e-01
8.452114810180664239e-01
7.966287144088745054e-01
7.448688860893249997e-01
7.395373519897461279e-01
7.180785902404784871e-01
6.817683249092102438e-01
6.767489321517944356e-01
6.460313172149658723e-01
6.450595891571044849e-01
6.209690974044800305e-01
6.018713848876953154e-01
6.103781615352630308e-01
5.775367525196075658e-01
5.584449620628356703e-01
5.637330026054382381e-01
5.531254017066955520e-01
5.533242384052277085e-01
5.304994219017028501e-01
5.264433140373230291e-01
5.433515874671935864e-01
5.096965380072593366e-01
5.073692860031128182e-01
4.992667132377624495e-01
5.008640326118469766e-01
4.998671778488159023e-01
5.055909861755371049e-01
4.929687875938415509e-01
4.788885894393921094e-01
4.750358727836608841e-01
4.772852276802063143e-01
4.417564086246490440e-01
4.673866566753387408e-01
4.431306790542602347e-01
4.500568429946899540e-01
4.266383370542526365e-01
4.224069412660598766e-01
4.456047314643860058e-01
4.351201712799072086e-01
4.434007396316528293e-01
4.216682149505615040e-01
4.356889930820465051e-01
4.202943842887878478e-01
4.272552045249938812e-01
4.007882502746581976e-01
4.314401700401306328e-01
4.202100393772125186e-01
4.078897246932983167e-01
4.088300057601928494e-01
4.239868051958083917e-01
4.073440538215637452e-01
3.846309523487090876e-01
3.969830861663818378e-01
3.926476018714905036e-01
4.075121310043334777e-01
3.860422587013244700e-01
3.887440845298766878e-01
3.849344677448272578e-01
3.857366444396972405e-01
3.823810161590576184e-01
3.780136764574050789e-01
3.653513286924361947e-01
3.750235994529724226e-01
3.664896088218688730e-01
3.873559845447540062e-01
3.738089475631714009e-01
3.786261009216308482e-01
3.638390178298950284e-01
3.556569669532775868e-01
3.673625166130066177e-01
3.580019493579864598e-01
3.706867489051818843e-01
3.671832197856902957e-01
2.493304299974441474e-01
2.163279192733764678e-01
2.040613645565509671e-01
1.968725342082977281e-01
2.064765643739700229e-01
1.903775344133377123e-01
1.929715735340118421e-01
1.921901689672469993e-01
1.858823845982551515e-01
1.886284822988510135e-01
1.819059292745590084e-01
1.756266098880767956e-01
1.801175062847137354e-01
1.776887709903716972e-01
1.777592681217193549e-01
1.697023058795928963e-01
1.690184119987487854e-01
1.767732892537116907e-01
1.708258039093017711e-01
1.740929840230941716e-01
1.697945184230804372e-01
1.692979447269439830e-01
1.670780561518669105e-01
1.678736023378372133e-01
1.627827947425842248e-01
1.647063427925109791e-01
1.582580325174331726e-01
1.601369390583038399e-01
1.632601425838470510e-01
1.597949940013885517e-01
1.632811563068628236e-01
1.605214116096496668e-01
1.538699599850177901e-01
1.506608212232589672e-01
1.599337030649185254e-01
1.582576169109344566e-01
1.530772655594348775e-01
1.650897635841369615e-01
1.499299407577514565e-01
1.572595041751861655e-01
1.455319022321701072e-01
1.468158698892593483e-01
1.512039045381546043e-01
1.488315995502471900e-01
1.417246474337577888e-01
1.450778524351120091e-01
1.427356413722038198e-01
1.476192994785308910e-01
1.521426776313781759e-01
1.464716825294494762e-01
1.386154251575469898e-01
1.442199630117416420e-01
1.476647715735435462e-01
1.438217029953002823e-01
1.345487067246436963e-01
1.366126929569244364e-01
1.428798298835754488e-01
1.314544659805297888e-01
1.467379224109649771e-01
1.415238903617858923e-01
1.412388870477676306e-01
1.410582184290885832e-01
1.427782290840148849e-01
1.328410489678382989e-01
1.396384254837036154e-01
1.445185036039352555e-01
1.333359475827217144e-01
1.420571641612052849e-01
1.472721251010894739e-01
1.443207927799224910e-01
1.464029120421409536e-01
1.373265857601165818e-01
1.362607036197185650e-01
1.339136997526884088e-01
1.343046578979492089e-01
1.388079996585845910e-01
1.448058573055267251e-01
1.440185391378402679e-01
1.395267928314208872e-01
1.434517605257034367e-01
1.444541644591093021e-01
1.398981323504447927e-01
1.418449166059493893e-01
1.335274639272689690e-01
1.354051911163330069e-01
1.459420142173767088e-01
1.371408771514892599e-01
1.338573527598380941e-01
1.324583000135421684e-01
1.385141262388229488e-01
1.387818912696838491e-01
1.328347213220596179e-01
1.384572809314727759e-01
1.366131258070469034e-01
1.374211630916595539e-01
1.304031869214773154e-01
1.266817295068502491e-01
1.320943893241882383e-01
1.329109251594543517e-01
1.332960920429229756e-01
1.351324972724914641e-01
1.323849745309352843e-01
1.304716624641418521e-01
1.311855434346199112e-01
1.381575467205047592e-01
1.399287789630890011e-01
1.331057776355743516e-01
1.383200037431716878e-01
1.266837835454940886e-01
1.389439656150341096e-01
1.361968222820758856e-01
1.378087524414062515e-01
1.433208176994323624e-01
1.274307580089568959e-01
1.358472080469131371e-01
1.327952337884902856e-01
1.352443721175193847e-01
1.359724108934402542e-01
