0.000000000000000000e+00
8.000000000000000000e+00
1.059999999999999964e+01
9.699999999999999289e+00
1.019999999999999929e+01
1.019999999999999929e+01
1.150000000000000000e+01
1.309999999999999964e+01
2.000000000000000000e+01
4.189999999999999858e+01
5.039999999999999858e+01
5.779999999999999716e+01
6.579999999999999716e+01
7.820000000000000284e+01
7.940000000000000568e+01
8.709999999999999432e+01
9.290000000000000568e+01
9.779999999999999716e+01
9.920000000000000284e+01
9.940000000000000568e+01
9.950000000000000000e+01
9.959999999999999432e+01
9.959999999999999432e+01
9.959999999999999432e+01
9.959999999999999432e+01
9.959999999999999432e+01
9.970000000000000284e+01
9.979999999999999716e+01
9.979999999999999716e+01
9.979999999999999716e+01
9.979999999999999716e+01
9.979999999999999716e+01
9.979999999999999716e+01
9.979999999999999716e+01
9.979999999999999716e+01
9.979999999999999716e+01
9.979999999999999716e+01
9.979999999999999716e+01
9.979999999999999716e+01
9.979999999999999716e+01
