0.000000000000000000e+00
0.000000000000000000e+00
1.330000000000000071e+01
1.130000000000000071e+01
1.130000000000000071e+01
1.109999999999999964e+01
1.319999999999999929e+01
2.550000000000000000e+01
3.429999999999999716e+01
5.270000000000000284e+01
6.329999999999999716e+01
7.179999999999999716e+01
8.329999999999999716e+01
8.940000000000000568e+01
9.029999999999999716e+01
9.529999999999999716e+01
9.609999999999999432e+01
9.909999999999999432e+01
9.920000000000000284e+01
9.940000000000000568e+01
9.950000000000000000e+01
9.950000000000000000e+01
9.940000000000000568e+01
9.959999999999999432e+01
9.959999999999999432e+01
9.959999999999999432e+01
9.979999999999999716e+01
9.979999999999999716e+01
9.979999999999999716e+01
9.979999999999999716e+01
9.979999999999999716e+01
9.979999999999999716e+01
9.979999999999999716e+01
9.979999999999999716e+01
9.979999999999999716e+01
9.979999999999999716e+01
9.979999999999999716e+01
9.979999999999999716e+01
9.979999999999999716e+01
9.979999999999999716e+01
