0.000000000000000000e+00
5.050000000000000000e+01
1.230000000000000071e+01
1.009999999999999964e+01
1.030000000000000071e+01
1.019999999999999929e+01
1.700000000000000000e+01
3.100000000000000000e+01
5.100000000000000000e+01
6.100000000000000000e+01
6.879999999999999716e+01
7.620000000000000284e+01
9.150000000000000000e+01
9.390000000000000568e+01
9.300000000000000000e+01
9.709999999999999432e+01
9.790000000000000568e+01
9.959999999999999432e+01
9.950000000000000000e+01
9.950000000000000000e+01
9.959999999999999432e+01
9.959999999999999432e+01
9.959999999999999432e+01
9.959999999999999432e+01
9.950000000000000000e+01
9.979999999999999716e+01
9.990000000000000568e+01
9.990000000000000568e+01
9.990000000000000568e+01
9.990000000000000568e+01
9.979999999999999716e+01
9.990000000000000568e+01
9.979999999999999716e+01
9.979999999999999716e+01
9.979999999999999716e+01
9.979999999999999716e+01
9.979999999999999716e+01
9.990000000000000568e+01
9.979999999999999716e+01
9.979999999999999716e+01
