1.000000000000000000e+02
9.480000012207031546e+01
9.659999963378906784e+01
9.859999999999999432e+01
9.720000000000000284e+01
9.759999999999999432e+01
8.539999938964844262e+01
8.119999963378906216e+01
9.139999951171874670e+01
8.879999975585937477e+01
8.939999969482421704e+01
9.620000012207030693e+01
1.000000000000000000e+02
9.639999963378906500e+01
9.700000006103515204e+01
1.000000000000000000e+02
9.979999999999999716e+01
1.000000000000000000e+02
1.000000000000000000e+02
9.679999999999999716e+01
9.979999999999999716e+01
8.319999969482421420e+01
1.000000000000000000e+02
8.819999969482421420e+01
1.000000000000000000e+02
9.739999963378906500e+01
9.699999975585937761e+01
1.000000000000000000e+02
9.979999999999999716e+01
9.500000006103515204e+01
9.979999999999999716e+01
1.000000000000000000e+02
1.000000000000000000e+02
9.619999969482421420e+01
1.000000000000000000e+02
1.000000000000000000e+02
1.000000000000000000e+02
1.000000000000000000e+02
1.000000000000000000e+02
9.979999999999999716e+01
9.739999963378906500e+01
1.000000000000000000e+02
1.000000000000000000e+02
9.959999999999999432e+01
1.000000000000000000e+02
1.000000000000000000e+02
9.459999969482421989e+01
1.000000000000000000e+02
1.000000000000000000e+02
9.979999999999999716e+01
9.899999963378905932e+01
1.000000000000000000e+02
1.000000000000000000e+02
9.800000000000000000e+01
1.000000000000000000e+02
9.900000000000000000e+01
1.000000000000000000e+02
9.979999999999999716e+01
1.000000000000000000e+02
9.979999999999999716e+01
1.000000000000000000e+02
1.000000000000000000e+02
1.000000000000000000e+02
1.000000000000000000e+02
1.000000000000000000e+02
1.000000000000000000e+02
9.959999963378906784e+01
1.000000000000000000e+02
1.000000000000000000e+02
1.000000000000000000e+02
9.979999999999999716e+01
9.979999999999999716e+01
9.800000006103515204e+01
9.979999999999999716e+01
9.719999963378906216e+01
9.979999999999999716e+01
9.920000000000000284e+01
1.000000000000000000e+02
1.000000000000000000e+02
9.900000000000000000e+01
9.959999999999999432e+01
1.000000000000000000e+02
9.279999975585937477e+01
9.379999969482422273e+01
9.380000006103514920e+01
8.799999975585937761e+01
9.259999975585937193e+01
9.219999969482421420e+01
9.639999963378906500e+01
9.239999975585936909e+01
9.659999969482421989e+01
9.020000012207030693e+01
8.819999945068359182e+01
9.559999975585937193e+01
9.600000012207031830e+01
8.479999957275390443e+01
9.479999969482422273e+01
9.339999969482421704e+01
9.519999975585938046e+01
8.960000012207031261e+01
9.400000012207031830e+01
9.419999969482421420e+01
9.540000006103515773e+01
9.599999963378905932e+01
8.819999981689453250e+01
9.240000006103515773e+01
9.579999969482422273e+01
9.699999969482422557e+01
9.339999963378906500e+01
9.659999963378906784e+01
8.799999981689452966e+01
9.519999969482421420e+01
9.339999969482421704e+01
8.779999945068360034e+01
9.620000000000000284e+01
9.739999963378906500e+01
9.379999969482422273e+01
9.559999963378906784e+01
9.759999999999999432e+01
9.719999963378906216e+01
9.500000006103515204e+01
9.199999969482422557e+01
9.700000006103515204e+01
8.199999945068358898e+01
8.179999999999999716e+01
8.299999951171875523e+01
7.719999993896485080e+01
7.919999945068359182e+01
8.120000000000000284e+01
8.219999981689453250e+01
8.119999951171874386e+01
8.299999987792968170e+01
7.759999987792969023e+01
8.099999987792968170e+01
7.839999951171874670e+01
7.699999963378905932e+01
8.119999963378906216e+01
7.799999945068358898e+01
8.199999981689452966e+01
8.119999987792968454e+01
8.119999987792968454e+01
8.019999945068359182e+01
8.239999987792968739e+01
7.799999957275390727e+01
8.219999945068359182e+01
8.119999981689453250e+01
8.019999951171874386e+01
8.239999951171874670e+01
7.899999993896484796e+01
8.020000012207030693e+01
7.899999951171875523e+01
8.299999981689452966e+01
8.559999957275390159e+01
8.379999975585937477e+01
8.079999987792969307e+01
8.419999981689453250e+01
8.179999938964843409e+01
8.039999945068359466e+01
8.199999945068358898e+01
8.319999981689453250e+01
8.379999981689452682e+01
8.399999951171875523e+01
7.680000006103514920e+01
8.039999993896483943e+01
8.079999945068360034e+01
8.299999951171875523e+01
8.439999987792968739e+01
8.159999951171874955e+01
8.479999981689452682e+01
8.179999945068360034e+01
7.899999987792968170e+01
7.979999993896484511e+01
8.339999963378906500e+01
7.699999945068358898e+01
7.999999993896484796e+01
8.259999975585937193e+01
7.959999951171874955e+01
8.019999945068359182e+01
8.199999975585937761e+01
8.279999938964843409e+01
8.139999993896483943e+01
8.379999951171875239e+01
8.499999981689452966e+01
8.159999945068359750e+01
8.139999951171874670e+01
8.339999993896483943e+01
8.319999993896485080e+01
7.839999957275391296e+01
8.179999993896484511e+01
8.459999993896484227e+01
8.059999993896484227e+01
7.999999987792968170e+01
8.359999993896484227e+01
8.579999951171875239e+01
8.259999987792969023e+01
8.019999993896485080e+01
8.179999975585937477e+01
8.019999987792968454e+01
8.099999993896484796e+01
8.359999957275390159e+01
