2.000000000000000111e-01
0.000000000000000000e+00
3.899999972534179449e+01
9.999999942779540518e-01
2.200000000000000178e+00
4.599999977111816740e+00
4.559999969482421989e+01
1.199999988555908281e+00
4.000000000000000000e+00
1.399999999999999911e+00
4.579999987792968597e+01
2.600000000000000089e+00
3.099999996948242043e+01
2.799999988555908370e+00
5.799999994277953874e+00
5.400000007629394361e+00
2.200000000000000178e+00
1.679999992370605355e+01
2.199999994277954229e+00
5.099999969482421847e+01
7.999999977111816207e+00
5.999999999999999778e-01
8.399999988555908459e+00
2.619999986267090009e+01
9.999999988555908104e+00
3.760000000000000142e+01
4.000000007629394894e+00
1.799999994277954096e+00
2.439999995422363455e+01
7.399999946594237876e+00
2.000000000000000000e+00
3.459999981689453108e+01
9.399999977111816563e+00
3.979999984741210994e+01
8.999999988555908104e+00
3.839999972534180017e+01
4.099999972534179449e+01
2.300000000000000000e+01
1.879999986267089795e+01
1.159999997711181585e+01
2.500000000000000000e+01
1.000000001525878979e+01
1.280000001525878872e+01
8.799999977111816918e+00
6.999999977111816207e+00
4.199999988555908281e+00
3.399999988555908015e+00
2.179999995422363313e+01
1.040000000762939436e+01
9.199999981689452966e+01
1.440000001525878837e+01
8.399999988555908459e+00
5.999999999999999778e-01
7.800000015258788721e+00
8.199999994277954229e+00
2.099999995422363241e+01
2.559999992370605426e+01
1.179999989318847575e+01
1.220000000762939507e+01
1.879999986267089795e+01
1.419999994659423770e+01
4.499999990844726483e+01
5.400000007629394361e+00
1.559999989318847646e+01
8.799999951171875523e+01
1.139999989318847717e+01
6.399999977111816563e+00
7.559999969482421989e+01
2.999999987792968881e+01
3.599999994277954141e+00
3.419999975585937335e+01
1.239999994659423876e+01
2.100000001525878801e+01
4.119999978637695648e+01
1.399999999999999911e+00
7.199999954223632592e+00
8.000000015258789787e+00
1.580000001525878872e+01
7.800000007629394716e+00
6.599999977111816740e+00
0.000000000000000000e+00
1.879999998474121270e+01
4.599999996948242398e+01
5.919999996948241971e+01
6.979999969482422273e+01
7.179999984741210994e+01
7.419999978637694937e+01
7.119999990844726767e+01
7.480000006103514920e+01
7.419999987792968454e+01
8.159999987792969023e+01
7.119999969482421420e+01
6.980000006103514920e+01
6.540000012207030977e+01
7.639999951171874670e+01
6.900000006103515204e+01
6.459999978637695506e+01
6.339999987792968739e+01
6.719999984741211563e+01
7.399999975585937761e+01
6.939999963378906500e+01
6.739999963378906500e+01
7.679999951171875239e+01
6.900000000000000000e+01
7.339999969482421704e+01
7.080000012207031546e+01
7.359999999999999432e+01
7.560000006103516057e+01
6.879999945068360034e+01
7.220000000000000284e+01
6.239999978637695222e+01
6.859999978637695506e+01
6.319999969482422131e+01
7.699999993896484796e+01
6.819999978637694937e+01
7.339999975585936909e+01
6.459999981689453818e+01
7.419999963378906216e+01
7.239999975585936909e+01
7.420000012207030693e+01
7.139999978637695222e+01
7.260000006103516057e+01
8.199999981689452966e+01
8.519999987792968454e+01
8.639999981689453534e+01
8.799999981689452966e+01
8.919999975585938046e+01
8.799999963378905932e+01
8.779999975585937477e+01
8.759999938964843125e+01
8.660000012207031261e+01
8.739999951171874670e+01
8.619999945068359182e+01
8.559999951171874955e+01
8.859999945068359750e+01
8.639999938964844262e+01
8.740000012207030977e+01
8.760000012207031261e+01
8.639999975585936909e+01
8.459999945068359750e+01
8.519999975585938046e+01
8.640000012207030977e+01
8.799999938964843693e+01
8.559999987792969023e+01
8.799999951171875523e+01
8.659999987792969023e+01
8.779999981689452682e+01
8.799999969482422557e+01
8.839999981689453534e+01
8.719999987792968454e+01
8.659999981689453818e+01
8.739999975585936909e+01
8.659999957275390159e+01
8.579999957275390443e+01
8.779999975585937477e+01
8.739999969482421704e+01
8.919999945068359182e+01
8.859999981689453818e+01
8.739999975585936909e+01
8.719999987792968454e+01
8.639999945068359466e+01
8.759999945068359750e+01
8.759999938964843125e+01
8.899999981689452966e+01
8.779999981689452682e+01
8.739999981689453534e+01
8.900000012207031830e+01
8.719999938964843977e+01
8.519999981689453250e+01
8.680000012207031546e+01
8.819999981689453250e+01
8.840000012207030977e+01
8.939999945068359466e+01
8.699999938964843693e+01
8.799999981689452966e+01
8.899999945068358898e+01
8.760000012207031261e+01
8.779999981689452682e+01
8.939999938964844262e+01
8.900000006103515204e+01
8.940000012207030977e+01
8.819999975585938046e+01
8.919999938964843977e+01
8.800000012207031830e+01
8.740000006103515773e+01
8.779999938964843409e+01
8.699999981689452966e+01
8.899999975585937761e+01
8.719999938964843977e+01
8.739999963378906500e+01
8.519999981689453250e+01
8.679999938964843409e+01
8.719999981689453250e+01
8.720000012207030693e+01
8.819999938964843977e+01
8.719999938964843977e+01
8.799999938964843693e+01
8.840000006103515773e+01
8.719999981689453250e+01
8.839999938964844262e+01
