0.000000000000000000e+00
0.000000000000000000e+00
3.459999978637695506e+01
6.599999946594238054e+00
2.680000000000000071e+01
1.199999999999999956e+00
5.199999988555908281e+00
2.399999994277953963e+00
2.119999986267090009e+01
3.379999975585937477e+01
1.379999994659423912e+01
3.999999988555908104e+00
1.000000000000000000e+00
2.799999994277954318e+00
2.319999999999999929e+01
1.259999994659423805e+01
1.359999998474121163e+01
1.800000000000000044e+00
5.600000007629394538e+00
6.199999946594238587e+00
3.599999994277954141e+00
1.399999999999999911e+00
8.200000007629395071e+00
3.439999987792968739e+01
8.600000015258789432e+00
3.399999994277953963e+00
1.219999993896484369e+01
6.799999999999999822e+00
1.039999998474121057e+01
2.979999969482421918e+01
2.799999994277954318e+00
4.519999975585937335e+01
5.439999978637695222e+01
1.419999998474121128e+01
1.220000001525878908e+01
8.999999946594238409e+00
5.000000007629394894e+00
1.999999988555908104e+00
7.799999984741210923e+00
8.599999954223632059e+00
3.279999978637695079e+01
1.079999994659423912e+01
2.879999984741210994e+01
3.139999984741210781e+01
6.399999946594237876e+00
1.359999994659423805e+01
1.200000001525878979e+01
3.599999972534179449e+01
1.999999994277954052e+00
1.499999986267089902e+01
2.479999998474121270e+01
3.499999993896484085e+01
8.999999946594238409e+00
3.219999981689453250e+01
2.719999999999999929e+01
2.399999999999999911e+00
1.619999998474121128e+01
6.999999988555908104e+00
2.599999988555908192e+00
1.199999999999999956e+00
9.399999938964843693e+01
1.739999992370605497e+01
1.799999992370605639e+01
8.399999988555908459e+00
2.580000000000000071e+01
9.599999946594238054e+00
5.399999994277954407e+00
7.400000007629394361e+00
1.500000001525878979e+01
1.999999989318847682e+01
8.419999987792968454e+01
5.839999990844726341e+01
2.959999996948242185e+01
5.999999942779541406e-01
2.820000003051757886e+01
1.079999997711181692e+01
1.220000001525878908e+01
2.739999996948242256e+01
7.200000007629394183e+00
1.059999999427795458e+01
1.799999995422363241e+01
2.300000003051757957e+01
1.619999994659423947e+01
3.879999972534179875e+01
3.219999978637695648e+01
4.419999969482422131e+01
6.079999996948242114e+01
7.079999993896484511e+01
7.139999963378906500e+01
7.039999993896483943e+01
7.340000006103515773e+01
7.659999957275390159e+01
7.799999987792968170e+01
7.399999963378905932e+01
7.479999963378905647e+01
7.839999957275391296e+01
7.619999993896485080e+01
7.320000006103515489e+01
7.039999969482421704e+01
7.479999999999999716e+01
7.059999963378906784e+01
7.719999969482421420e+01
6.839999957275391296e+01
7.180000012207031546e+01
7.199999981689452966e+01
6.980000006103514920e+01
7.139999963378906500e+01
7.319999969482421420e+01
7.500000000000000000e+01
6.879999978637695790e+01
6.820000012207030693e+01
7.100000000000000000e+01
6.980000012207031546e+01
6.959999984741210710e+01
6.139999981689452824e+01
6.759999984741210710e+01
6.559999993896484227e+01
7.419999945068359182e+01
6.939999963378906500e+01
7.119999975585938046e+01
6.900000000000000000e+01
7.779999999999999716e+01
6.719999993896485080e+01
7.699999987792968170e+01
7.440000006103515773e+01
7.599999945068358898e+01
8.079999987792969307e+01
8.279999957275390443e+01
8.699999981689452966e+01
8.639999975585936909e+01
8.820000012207030693e+01
8.640000012207030977e+01
8.679999951171875239e+01
8.519999945068359182e+01
8.539999987792968739e+01
8.259999999999999432e+01
8.439999987792968739e+01
8.459999993896484227e+01
8.559999945068359750e+01
8.699999987792968170e+01
8.579999951171875239e+01
8.499999957275390727e+01
8.519999945068359182e+01
8.640000006103515773e+01
8.359999981689453818e+01
8.559999938964843125e+01
8.659999975585937193e+01
8.559999975585937193e+01
8.459999951171874955e+01
8.619999987792968454e+01
8.579999987792969307e+01
8.679999945068360034e+01
8.439999987792968739e+01
8.399999951171875523e+01
8.399999993896484796e+01
8.479999981689452682e+01
8.579999957275390443e+01
8.620000012207030693e+01
8.519999969482421420e+01
8.619999981689453250e+01
8.579999981689452682e+01
8.719999993896485080e+01
8.799999975585937761e+01
8.719999981689453250e+01
8.519999987792968454e+01
8.639999938964844262e+01
8.640000012207030977e+01
8.759999981689453818e+01
8.660000012207031261e+01
8.819999975585938046e+01
8.719999945068359182e+01
8.759999975585937193e+01
8.719999938964843977e+01
8.399999987792968170e+01
8.519999993896485080e+01
8.660000012207031261e+01
8.539999975585936909e+01
8.599999938964843693e+01
8.700000000000000000e+01
8.639999945068359466e+01
8.559999975585937193e+01
8.559999975585937193e+01
8.739999938964844262e+01
8.839999938964844262e+01
8.679999987792969307e+01
8.859999938964843125e+01
8.619999957275391012e+01
8.899999975585937761e+01
8.479999963378905647e+01
8.459999945068359750e+01
8.779999987792969307e+01
8.659999975585937193e+01
8.639999938964844262e+01
8.459999981689453818e+01
8.419999993896485080e+01
8.759999987792969023e+01
8.539999975585936909e+01
8.479999987792969307e+01
8.459999987792969023e+01
8.739999981689453534e+01
