3.900000003051757602e+01
0.000000000000000000e+00
3.000000007629394450e+00
1.499999998474121021e+01
1.599999988555908192e+00
2.659999993896484227e+01
1.479999995422363313e+01
8.999999946594238409e+00
3.800000007629394716e+00
3.600000000000000089e+00
8.199999923706053906e+00
1.579999995422363313e+01
2.399999999999999911e+00
2.999999988555908104e+00
2.059999986267089866e+01
3.799999994277954318e+00
3.119999981689453250e+01
8.600000015258789432e+00
1.020000001525878908e+01
1.999999986267089724e+01
1.559999986267089866e+01
2.600000000000000089e+00
1.399999999999999911e+00
1.599999994277954141e+00
2.599999994277954141e+00
8.399999988555908459e+00
2.019999995422363170e+01
1.040000001525878837e+01
4.999999994277954052e+00
9.600000007629393650e+00
3.039999987792968739e+01
1.199999998474121021e+01
2.439999999999999858e+01
1.099999997711181621e+01
6.599999994277953697e+00
2.579999987792968597e+01
2.179999998474121270e+01
7.600000015258789432e+00
5.800000007629394716e+00
7.399999988555908459e+00
2.319999996948242327e+01
5.399999988555908459e+00
5.999999988555908104e+00
1.539999995422363277e+01
3.339999990844726341e+01
9.399999984741210568e+00
2.519999993896484369e+01
2.359999996948242185e+01
2.780000003051757673e+01
2.000000000000000111e-01
4.679999972534179875e+01
1.480000003051757851e+01
9.200000030517578864e+00
1.819999992370605568e+01
2.399999996948242043e+01
1.899999995422363241e+01
9.599999984741211634e+00
1.599999992370605462e+01
1.659999994659423805e+01
2.379999989318847753e+01
3.099999984741210923e+01
2.240000003051757815e+01
1.420000001525878908e+01
9.799999977111816918e+00
1.179999995422363313e+01
1.599999998474121021e+01
3.999999994277954052e+00
3.119999987792968810e+01
3.219999989318847611e+01
2.039999995422363455e+01
7.199999988555908281e+00
7.200000007629394183e+00
5.719999984741210852e+01
4.599999988555908637e+00
3.139999987792968739e+01
9.999999946594238409e+00
2.080000003051757673e+01
3.199999988555908281e+00
2.359999995422363384e+01
3.599999978637695364e+01
2.660000000000000142e+01
6.219999975585937335e+01
6.739999978637695222e+01
7.419999975585938046e+01
7.180000006103514920e+01
7.919999993896485080e+01
7.359999969482421989e+01
8.199999987792968170e+01
7.239999969482421704e+01
7.859999999999999432e+01
7.379999963378905647e+01
7.279999957275390443e+01
7.679999987792969307e+01
7.600000000000000000e+01
7.179999951171875239e+01
7.159999999999999432e+01
7.259999969482421989e+01
7.179999993896484511e+01
7.559999978637695506e+01
6.959999969482421989e+01
7.399999963378905932e+01
7.440000012207030977e+01
7.700000012207031830e+01
7.839999993896483943e+01
7.159999957275390159e+01
7.379999957275390443e+01
7.559999957275390159e+01
8.019999993896485080e+01
7.579999975585937477e+01
7.200000000000000000e+01
6.819999984741211563e+01
7.879999957275390443e+01
7.539999957275391296e+01
7.659999951171874955e+01
7.339999957275391296e+01
8.539999938964844262e+01
7.239999978637695222e+01
7.439999963378906500e+01
7.139999984741210426e+01
7.439999963378906500e+01
7.559999999999999432e+01
7.559999999999999432e+01
8.299999987792968170e+01
8.859999938964843125e+01
8.959999969482421989e+01
8.979999969482422273e+01
9.080000012207031546e+01
9.119999969482421420e+01
8.939999945068359466e+01
8.780000012207031546e+01
8.900000006103515204e+01
8.579999975585937477e+01
8.659999987792969023e+01
8.719999987792968454e+01
8.859999975585937193e+01
8.619999975585938046e+01
8.879999987792969307e+01
8.879999975585937477e+01
8.779999981689452682e+01
8.619999969482421420e+01
8.600000006103515204e+01
8.799999975585937761e+01
8.879999945068360034e+01
8.760000012207031261e+01
8.699999981689452966e+01
8.719999981689453250e+01
8.860000012207031261e+01
8.699999987792968170e+01
8.859999938964843125e+01
8.739999981689453534e+01
8.779999945068360034e+01
8.659999969482421989e+01
8.780000012207031546e+01
8.739999981689453534e+01
8.779999981689452682e+01
8.759999938964843125e+01
8.759999987792969023e+01
8.579999993896484511e+01
8.719999957275391012e+01
8.759999987792969023e+01
8.879999987792969307e+01
8.699999975585937761e+01
8.779999969482422273e+01
8.939999975585936909e+01
8.679999951171875239e+01
8.619999969482421420e+01
8.699999981689452966e+01
8.859999938964843125e+01
8.879999945068360034e+01
8.799999945068358898e+01
8.679999975585937477e+01
8.900000006103515204e+01
8.799999993896484796e+01
8.720000006103515489e+01
8.679999938964843409e+01
8.979999945068360034e+01
8.779999945068360034e+01
8.859999993896484227e+01
8.639999945068359466e+01
8.639999981689453534e+01
8.659999987792969023e+01
8.879999975585937477e+01
8.740000012207030977e+01
8.940000006103515773e+01
8.799999975585937761e+01
8.819999945068359182e+01
8.760000006103516057e+01
8.940000006103515773e+01
8.840000012207030977e+01
8.940000012207030977e+01
9.019999938964843977e+01
8.680000012207031546e+01
8.839999987792968739e+01
8.899999975585937761e+01
8.839999945068359466e+01
8.679999975585937477e+01
8.839999945068359466e+01
8.919999938964843977e+01
8.899999938964843693e+01
8.759999938964843125e+01
