0.000000000000000000e+00
5.999999999999999778e-01
1.599999988555908192e+00
8.000000000000000444e-01
2.000000000000000111e-01
1.419999997711181727e+01
1.219999994659423770e+01
1.000000000000000000e+00
1.859999986267089866e+01
1.820000001525878730e+01
2.000000000000000000e+00
3.799999978637695364e+01
1.140000001525878837e+01
5.800000007629394716e+00
2.059999995422363384e+01
1.559999986267089866e+01
3.819999972534179733e+01
1.120000000762939507e+01
1.240000000762939436e+01
2.080000000000000071e+01
2.080000003051757673e+01
2.060000003051757744e+01
2.960000003051757744e+01
7.039999975585936909e+01
5.419999981689453250e+01
2.600000000000000089e+00
1.100000000762939401e+01
4.200000007629394183e+00
7.299999963378905932e+01
1.699999986267089724e+01
2.179999987792968597e+01
2.839999981689453179e+01
2.839999992370605497e+01
2.280000001525878872e+01
3.159999987792968668e+01
1.580000000762939472e+01
5.339999987792968739e+01
7.239999957275391296e+01
3.179999981689453037e+01
1.859999995422363384e+01
1.239999998474121057e+01
3.459999981689453108e+01
2.139999996948242256e+01
3.060000003051757744e+01
4.439999969482421704e+01
4.339999984741211136e+01
4.360000003051757744e+01
2.859999996948242185e+01
3.939999993896484654e+01
3.319999993896484369e+01
1.759999992370605426e+01
3.279999969482421562e+01
5.979999981689453392e+01
4.579999978637695079e+01
2.079999996948242114e+01
1.319999995422363348e+01
4.959999996948242540e+01
1.539999995422363277e+01
4.819999975585937335e+01
5.700000006103515915e+01
5.179999978637695079e+01
3.459999984741210710e+01
2.840000001525879014e+01
3.619999990844726767e+01
4.399999978637695364e+01
8.899999981689452966e+01
3.359999975585937193e+01
3.959999975585937193e+01
1.719999995422363170e+01
3.859999987792969023e+01
5.120000000000000284e+01
4.700000000000000000e+01
2.080000001525878872e+01
4.599999993896484085e+01
5.819999984741210852e+01
2.020000003051757886e+01
2.119999986267090009e+01
2.199999992370605639e+01
5.219999990844726767e+01
5.299999996948242398e+01
1.299999995422363241e+01
4.900000003051757602e+01
8.420000000000000284e+01
8.139999957275391296e+01
8.459999938964843125e+01
8.759999945068359750e+01
8.559999981689453818e+01
8.639999938964844262e+01
8.659999969482421989e+01
8.279999981689452682e+01
8.679999981689452682e+01
8.179999987792969307e+01
8.519999951171874386e+01
8.339999987792968739e+01
8.239999969482421704e+01
8.559999957275390159e+01
8.419999945068359182e+01
8.719999938964843977e+01
7.899999951171875523e+01
8.259999963378906784e+01
8.399999951171875523e+01
8.479999987792969307e+01
7.959999993896484227e+01
8.379999945068360034e+01
8.479999938964843409e+01
8.279999945068360034e+01
7.819999951171874386e+01
8.259999951171874955e+01
8.319999975585938046e+01
7.940000006103515773e+01
7.999999987792968170e+01
7.959999993896484227e+01
8.020000000000000284e+01
7.619999951171874386e+01
8.279999987792969307e+01
7.699999957275390727e+01
8.599999938964843693e+01
8.399999987792968170e+01
8.379999981689452682e+01
8.479999938964843409e+01
8.599999938964843693e+01
8.519999975585938046e+01
8.800000012207031830e+01
9.139999981689453534e+01
9.499999969482422557e+01
9.300000012207031830e+01
9.480000006103514920e+01
9.480000006103514920e+01
9.319999951171874386e+01
9.319999938964843977e+01
9.079999969482422273e+01
9.099999969482422557e+01
9.079999975585937477e+01
9.079999938964843409e+01
9.079999938964843409e+01
8.979999975585937477e+01
8.959999975585937193e+01
9.019999938964843977e+01
8.979999969482422273e+01
8.919999975585938046e+01
8.879999975585937477e+01
9.040000012207030977e+01
8.979999975585937477e+01
8.879999975585937477e+01
8.959999969482421989e+01
9.039999938964844262e+01
9.059999963378906784e+01
8.859999981689453818e+01
8.899999945068358898e+01
9.059999938964843125e+01
8.940000006103515773e+01
8.980000006103514920e+01
8.859999938964843125e+01
8.939999969482421704e+01
9.099999975585937761e+01
9.040000006103515773e+01
8.899999975585937761e+01
9.079999938964843409e+01
9.000000006103515204e+01
9.119999975585938046e+01
8.919999969482421420e+01
8.999999975585937761e+01
8.959999938964843125e+01
9.039999969482421704e+01
8.959999981689453818e+01
8.839999981689453534e+01
9.020000012207030693e+01
8.959999981689453818e+01
9.120000012207030693e+01
9.119999969482421420e+01
8.939999975585936909e+01
8.939999938964844262e+01
9.039999938964844262e+01
9.079999981689452682e+01
9.099999975585937761e+01
9.139999963378906500e+01
9.059999987792969023e+01
9.100000000000000000e+01
8.999999938964843693e+01
9.039999969482421704e+01
8.880000006103514920e+01
9.079999938964843409e+01
9.079999981689452682e+01
9.119999969482421420e+01
9.039999969482421704e+01
9.099999963378905932e+01
8.939999938964844262e+01
9.040000006103515773e+01
9.019999975585938046e+01
9.019999938964843977e+01
8.919999975585938046e+01
8.939999963378906500e+01
8.979999945068360034e+01
8.860000012207031261e+01
9.039999975585936909e+01
9.039999975585936909e+01
9.019999975585938046e+01
8.999999938964843693e+01
9.079999975585937477e+01
8.999999938964843693e+01
