0.000000000000000000e+00
0.000000000000000000e+00
1.399999999999999911e+00
7.399999988555908459e+00
3.479999972534179875e+01
1.599999988555908192e+00
1.219999992370605391e+01
2.600000000000000089e+00
1.160000001525878943e+01
4.400000007629394361e+00
6.399999988555908459e+00
8.999999988555908104e+00
6.579999987792969307e+01
8.799999923706055327e+00
7.999999954223632415e+00
2.139999989318847540e+01
4.600000007629394538e+00
3.599999988555908192e+00
7.999999977111816207e+00
1.099999997711181621e+01
1.519999995422363348e+01
8.179999957275390443e+01
5.999999984741211101e+00
9.000000007629394005e+00
6.399999977111816563e+00
8.000000007629394005e+00
1.119999998474121128e+01
8.679999975585937477e+01
1.019999994659423770e+01
2.179999990844726554e+01
1.039999994659423876e+01
5.060000003051757744e+01
1.359999994659423805e+01
2.799999996948242043e+01
3.200000000000000178e+00
1.040000001525878837e+01
1.400000001525878979e+01
5.799999988555907926e+00
2.020000001525878730e+01
6.200000007629394183e+00
2.359999989318847824e+01
5.699999984741211279e+01
3.539999969482421704e+01
1.219999998474121128e+01
1.839999992370605497e+01
2.239999996948242256e+01
7.199999977111816385e+00
2.199999998474121199e+01
1.239999995422363277e+01
2.000000003051757957e+01
4.400000007629394361e+00
1.919999999999999929e+01
2.480000000000000071e+01
1.139999994659423876e+01
2.439999992370605497e+01
9.599999946594238054e+00
1.419999995422363348e+01
2.040000003051757815e+01
1.199999995422363241e+01
4.159999975585937193e+01
3.179999987792968597e+01
6.460000006103516057e+01
2.099999989318847682e+01
8.599999984741211634e+00
4.919999990844726767e+01
1.199999998474121021e+01
7.800000007629394716e+00
6.420000012207030693e+01
3.359999989318847469e+01
1.639999995422363455e+01
2.779999986267089795e+01
1.779999989318847753e+01
2.759999990844726625e+01
2.639999990844726696e+01
6.199999946594238587e+00
1.499999998474121021e+01
2.159999990844726625e+01
2.159999993896484227e+01
3.879999990844726909e+01
4.019999978637695648e+01
2.419999986267090009e+01
2.959999986267089866e+01
5.459999981689453108e+01
6.919999981689453250e+01
7.479999945068360034e+01
8.040000000000000568e+01
8.399999945068358898e+01
7.999999951171875523e+01
7.560000006103516057e+01
7.659999987792969023e+01
8.319999938964843977e+01
8.119999987792968454e+01
7.580000006103514920e+01
7.699999963378905932e+01
8.099999993896484796e+01
7.979999987792969307e+01
7.459999938964843125e+01
8.259999981689453818e+01
7.639999969482421704e+01
7.979999951171875239e+01
7.979999999999999716e+01
7.959999993896484227e+01
7.980000006103514920e+01
7.839999993896483943e+01
7.679999993896484511e+01
7.699999975585937761e+01
7.939999951171874670e+01
7.659999993896484227e+01
7.400000012207031830e+01
7.839999981689453534e+01
8.039999987792968739e+01
7.779999945068360034e+01
7.599999993896484796e+01
7.680000006103514920e+01
7.260000006103516057e+01
7.899999957275390727e+01
8.439999987792968739e+01
7.939999938964844262e+01
7.459999957275390159e+01
8.139999987792968739e+01
8.059999938964843125e+01
7.019999945068359182e+01
7.500000006103515204e+01
8.919999951171874386e+01
9.019999975585938046e+01
9.359999975585937193e+01
9.380000012207031546e+01
9.460000012207031261e+01
9.379999969482422273e+01
9.179999981689452682e+01
9.380000006103514920e+01
9.419999969482421420e+01
9.259999938964843125e+01
9.199999945068358898e+01
9.039999938964844262e+01
9.059999981689453818e+01
8.919999945068359182e+01
9.119999981689453250e+01
8.919999975585938046e+01
9.119999963378906216e+01
8.899999945068358898e+01
8.959999975585937193e+01
8.899999981689452966e+01
9.099999975585937761e+01
9.080000006103514920e+01
9.039999975585936909e+01
9.039999951171874670e+01
9.040000006103515773e+01
8.899999981689452966e+01
8.899999975585937761e+01
8.839999975585936909e+01
8.899999938964843693e+01
8.939999975585936909e+01
9.000000012207031830e+01
8.999999963378905932e+01
8.899999969482422557e+01
8.899999938964843693e+01
8.920000006103515489e+01
9.020000012207030693e+01
8.859999969482421989e+01
9.079999975585937477e+01
8.999999981689452966e+01
8.940000012207030977e+01
8.919999975585938046e+01
8.959999975585937193e+01
9.160000012207031261e+01
9.020000012207030693e+01
8.920000012207030693e+01
9.019999975585938046e+01
9.040000006103515773e+01
8.939999938964844262e+01
8.979999969482422273e+01
9.019999969482421420e+01
8.859999987792969023e+01
9.159999975585937193e+01
8.939999981689453534e+01
9.019999938964843977e+01
8.999999938964843693e+01
8.940000012207030977e+01
9.019999981689453250e+01
9.180000006103514920e+01
9.219999969482421420e+01
8.999999969482422557e+01
9.059999969482421989e+01
9.000000012207031830e+01
9.119999945068359182e+01
9.019999938964843977e+01
9.059999981689453818e+01
9.180000006103514920e+01
9.180000012207031546e+01
9.140000012207030977e+01
9.039999975585936909e+01
9.039999975585936909e+01
9.079999981689452682e+01
8.959999987792969023e+01
9.000000012207031830e+01
9.059999981689453818e+01
9.159999938964843125e+01
9.319999969482421420e+01
9.119999969482421420e+01
