1.919999989318847611e+01
1.000000000000000000e+00
2.000000003051757957e+01
5.200000007629394183e+00
1.599999994277954141e+00
5.999999999999999778e-01
2.559999996948242185e+01
2.039999986267089938e+01
2.000000000000000111e-01
2.999999994277954052e+00
6.259999993896484227e+01
2.999999988555908104e+00
9.399999984741210568e+00
1.519999994659423770e+01
4.399999994277954407e+00
7.399999963378905932e+01
1.039999994659423876e+01
9.399999954223632770e+00
7.199999946594238587e+00
8.599999994277954585e+00
8.600000015258789432e+00
2.800000003051757957e+01
5.119999993896484369e+01
6.000000007629394894e+00
8.000000000000000444e-01
1.800000000000000044e+00
1.759999998474120986e+01
2.339999986267089938e+01
1.179999995422363313e+01
8.999999977111816207e+00
4.339999969482421704e+01
9.999999994277954940e+00
3.479999990844726909e+01
4.000000000000000222e-01
1.600000000000000089e+00
6.600000007629394538e+00
1.820000003051757886e+01
7.599999946594238054e+00
4.999999946594238409e+00
7.999999988555908104e+00
2.239999995422363455e+01
6.599999984741210746e+00
2.799999988555908370e+00
1.380000003051757851e+01
1.959999989318847824e+01
2.539999996948242256e+01
3.200000000000000178e+00
7.399999946594237876e+00
8.399999954223632770e+00
1.280000003051757851e+01
1.680000000762939294e+01
1.379999995422363313e+01
9.600000007629393650e+00
2.460000000000000142e+01
2.820000003051757886e+01
3.699999981689452966e+01
2.919999984741210852e+01
2.759999981689453108e+01
6.360000012207031261e+01
4.800000007629394716e+00
2.199999995422363241e+01
9.199999984741211279e+00
2.659999986267089866e+01
6.779999999999999716e+01
5.819999990844726767e+01
9.199999946594237699e+00
3.599999994277954141e+00
1.459999998474121163e+01
5.379999975585937477e+01
2.999999993896484440e+01
3.999999994277954052e+00
8.299999987792968170e+01
1.439999998474121057e+01
2.999999987792968881e+01
5.959999993896484227e+01
2.859999986267089866e+01
2.600000000000000000e+01
9.599999946594238054e+00
7.800000015258788721e+00
4.159999969482421989e+01
1.259999995422363206e+01
4.059999972534179591e+01
4.699999969482421847e+01
4.719999996948241971e+01
6.279999969482421562e+01
6.880000012207031546e+01
6.880000006103514920e+01
7.339999993896483943e+01
7.940000000000000568e+01
7.439999951171874670e+01
7.499999963378905932e+01
7.999999957275390727e+01
8.239999945068359466e+01
7.419999969482421420e+01
7.379999975585937477e+01
8.079999987792969307e+01
7.499999957275390727e+01
7.499999957275390727e+01
7.339999957275391296e+01
7.579999999999999716e+01
6.939999951171874670e+01
7.039999984741210426e+01
6.339999981689452824e+01
7.119999978637694937e+01
8.039999945068359466e+01
7.099999981689452966e+01
7.899999957275390727e+01
8.099999945068358898e+01
7.499999993896484796e+01
7.359999957275390159e+01
7.959999993896484227e+01
7.499999969482422557e+01
7.999999957275390727e+01
7.719999993896485080e+01
7.959999963378906784e+01
6.880000006103514920e+01
7.619999957275391012e+01
8.239999981689453534e+01
7.959999945068359750e+01
8.019999993896485080e+01
7.999999951171875523e+01
7.279999969482422273e+01
8.439999951171874670e+01
8.199999975585937761e+01
8.339999945068359466e+01
8.819999969482421420e+01
9.060000012207031261e+01
9.139999975585936909e+01
9.140000012207030977e+01
9.179999938964843409e+01
8.939999938964844262e+01
8.919999951171874386e+01
8.739999981689453534e+01
8.819999945068359182e+01
8.859999981689453818e+01
8.939999969482421704e+01
8.699999981689452966e+01
8.919999975585938046e+01
8.639999938964844262e+01
8.699999981689452966e+01
8.779999938964843409e+01
8.740000012207030977e+01
8.799999975585937761e+01
8.639999981689453534e+01
8.799999975585937761e+01
8.739999938964844262e+01
8.719999951171874386e+01
8.699999993896484796e+01
8.919999987792968454e+01
8.919999975585938046e+01
8.720000012207030693e+01
8.959999969482421989e+01
8.980000012207031546e+01
8.980000012207031546e+01
8.639999951171874670e+01
8.759999945068359750e+01
8.879999987792969307e+01
8.899999938964843693e+01
9.059999987792969023e+01
8.800000012207031830e+01
8.819999938964843977e+01
8.740000006103515773e+01
9.020000012207030693e+01
8.579999938964843409e+01
8.819999975585938046e+01
9.020000012207030693e+01
8.799999938964843693e+01
8.839999951171874670e+01
8.979999938964843409e+01
8.799999945068358898e+01
8.839999981689453534e+01
8.860000012207031261e+01
8.999999969482422557e+01
9.039999963378906500e+01
8.699999938964843693e+01
8.859999938964843125e+01
8.860000006103516057e+01
8.859999975585937193e+01
8.939999945068359466e+01
9.020000012207030693e+01
8.899999938964843693e+01
8.999999975585937761e+01
9.200000006103515204e+01
9.060000012207031261e+01
9.019999969482421420e+01
9.099999975585937761e+01
8.799999987792968170e+01
8.999999975585937761e+01
8.859999975585937193e+01
8.779999945068360034e+01
8.919999945068359182e+01
8.779999938964843409e+01
8.759999993896484227e+01
8.499999938964843693e+01
8.759999951171874955e+01
8.859999987792969023e+01
8.859999938964843125e+01
8.939999975585936909e+01
8.739999975585936909e+01
8.799999938964843693e+01
