4.000000000000000222e-01
3.600000000000000089e+00
1.019999998474121128e+01
5.999999942779541406e-01
4.999999977111816207e+00
1.959999989318847824e+01
2.000000000000000111e-01
4.600000007629394538e+00
4.399999994277954407e+00
5.760000006103515346e+01
7.399999977111816563e+00
4.399999994277954407e+00
1.560000001525878943e+01
4.000000000000000000e+00
2.999999988555908104e+00
2.780000003051757673e+01
1.019999994659423770e+01
1.799999988555908148e+00
1.000000000000000000e+00
1.839999992370605497e+01
6.199999988555908281e+00
1.299999994659423841e+01
9.940000000000000568e+01
8.199999977111817273e+00
1.360000001525878943e+01
1.320000001525878908e+01
4.400000007629394361e+00
5.619999981689453250e+01
2.519999993896484369e+01
6.400000007629394361e+00
3.179999993896484511e+01
5.799999977111816030e+00
6.200000015258789077e+00
1.619999989318847611e+01
1.379999997711181692e+01
1.379999986267089795e+01
0.000000000000000000e+00
2.099999998474121199e+01
1.440000001525878837e+01
1.600000001525878801e+01
9.800000015258788721e+00
6.000000000000000000e+00
1.479999989318847575e+01
9.799999923706055327e+00
2.279999996948242114e+01
1.060000001525878943e+01
8.600000015258789432e+00
2.000000000000000000e+00
5.019999990844726767e+01
1.079999994659423912e+01
1.839999998474121057e+01
1.539999994659423876e+01
5.999999942779541406e-01
2.799999986267089724e+01
1.579999992370605533e+01
1.020000001525878908e+01
2.519999993896484369e+01
1.039999998474121057e+01
1.359999998474121163e+01
4.000000000000000222e-01
4.200000007629394183e+00
5.799999999999999822e+00
1.319999997711181727e+01
2.419999989318847611e+01
1.919999996948242327e+01
2.079999993896484511e+01
1.939999992370605497e+01
1.859999995422363384e+01
6.939999957275391296e+01
1.819999992370605568e+01
1.359999998474121163e+01
1.800000003051757957e+01
4.099999996948242398e+01
9.800000015258788721e+00
5.800000015258788721e+00
2.199999988555908281e+00
8.599999938964843693e+01
7.999999994277954052e+00
1.879999989318847753e+01
2.180000000000000071e+01
1.719999998474121128e+01
2.080000000000000071e+01
3.139999993896484298e+01
5.039999972534180017e+01
5.539999963378906500e+01
6.919999963378906216e+01
6.580000012207031546e+01
7.079999993896484511e+01
6.799999969482422557e+01
6.659999978637695506e+01
6.399999975585937761e+01
6.480000006103514920e+01
7.240000000000000568e+01
7.240000006103515773e+01
7.139999969482421704e+01
6.439999969482421704e+01
6.719999987792968454e+01
6.160000006103515346e+01
7.119999993896485080e+01
7.679999951171875239e+01
6.779999963378905647e+01
7.079999951171875239e+01
7.139999993896483943e+01
6.640000006103515773e+01
7.080000012207031546e+01
6.399999978637695364e+01
6.179999987792968597e+01
6.620000012207030693e+01
6.920000006103515489e+01
7.139999981689453534e+01
7.220000000000000284e+01
6.779999984741210994e+01
7.140000006103515773e+01
6.499999963378905932e+01
7.160000012207031261e+01
6.739999969482421704e+01
6.659999999999999432e+01
6.819999990844726767e+01
6.679999990844726199e+01
7.739999957275391296e+01
7.520000006103515489e+01
6.679999975585937477e+01
7.479999999999999716e+01
7.580000006103514920e+01
8.759999963378906784e+01
8.899999938964843693e+01
8.939999975585936909e+01
8.900000012207031830e+01
8.880000006103514920e+01
8.779999938964843409e+01
8.840000012207030977e+01
8.659999951171874955e+01
8.699999981689452966e+01
8.419999938964843977e+01
8.679999951171875239e+01
8.599999987792968170e+01
8.579999981689452682e+01
8.579999975585937477e+01
8.800000000000000000e+01
8.620000012207030693e+01
8.799999938964843693e+01
8.559999993896484227e+01
8.599999987792968170e+01
8.739999981689453534e+01
8.759999938964843125e+01
8.799999981689452966e+01
8.799999975585937761e+01
8.779999969482422273e+01
8.839999938964844262e+01
8.839999981689453534e+01
8.840000012207030977e+01
8.739999938964844262e+01
8.719999975585938046e+01
8.880000006103514920e+01
8.719999938964843977e+01
8.899999938964843693e+01
8.939999938964844262e+01
9.019999969482421420e+01
8.800000012207031830e+01
8.819999938964843977e+01
8.759999938964843125e+01
8.699999981689452966e+01
8.799999938964843693e+01
8.819999969482421420e+01
8.859999975585937193e+01
8.639999945068359466e+01
8.879999938964843409e+01
8.820000012207030693e+01
8.939999945068359466e+01
8.920000012207030693e+01
8.739999987792968739e+01
9.079999975585937477e+01
8.959999945068359750e+01
8.679999987792969307e+01
9.040000006103515773e+01
8.780000012207031546e+01
8.959999969482421989e+01
8.899999969482422557e+01
8.999999938964843693e+01
8.799999975585937761e+01
8.739999975585936909e+01
8.799999981689452966e+01
8.860000012207031261e+01
9.000000012207031830e+01
8.839999987792968739e+01
8.740000012207030977e+01
8.879999969482422273e+01
8.739999969482421704e+01
9.039999938964844262e+01
8.659999951171874955e+01
8.599999945068358898e+01
8.819999945068359182e+01
8.939999981689453534e+01
9.020000012207030693e+01
8.919999938964843977e+01
8.959999987792969023e+01
8.960000012207031261e+01
8.719999981689453250e+01
8.799999945068358898e+01
8.859999975585937193e+01
