7.999999942779540962e-01
3.320000000000000284e+01
9.399999946594238764e+00
2.359999989318847824e+01
3.979999990844726909e+01
2.379999993896484511e+01
5.320000000000000284e+01
3.779999978637695079e+01
1.419999995422363348e+01
5.939999993896484654e+01
6.979999978637695790e+01
3.379999990844726909e+01
4.379999981689453392e+01
8.059999969482421989e+01
6.399999978637695364e+01
7.840000000000000568e+01
7.219999978637694937e+01
8.799999951171875523e+01
2.700000003051757957e+01
7.639999981689453534e+01
7.520000000000000284e+01
8.879999981689452682e+01
7.760000006103516057e+01
8.119999975585938046e+01
8.979999938964843409e+01
6.279999987792968597e+01
9.539999969482421704e+01
9.159999981689453818e+01
8.419999981689453250e+01
7.319999963378906216e+01
4.439999981689452824e+01
7.599999957275390727e+01
6.240000012207030977e+01
7.579999978637695790e+01
5.999999969482421847e+01
7.340000000000000568e+01
7.859999945068359750e+01
8.299999938964843693e+01
8.279999957275390443e+01
9.959999999999999432e+01
7.559999981689453818e+01
7.839999951171874670e+01
8.580000012207031546e+01
8.399999987792968170e+01
9.499999969482422557e+01
7.799999957275390727e+01
9.959999999999999432e+01
6.359999969482421989e+01
8.839999945068359466e+01
6.019999978637695648e+01
8.419999957275391012e+01
9.979999999999999716e+01
8.059999993896484227e+01
1.259999994659423805e+01
6.459999969482421989e+01
7.679999963378905647e+01
8.679999938964843409e+01
7.999999993896484796e+01
6.499999975585937761e+01
9.639999963378906500e+01
8.619999993896485080e+01
5.200000000000000000e+01
6.939999993896483943e+01
8.999999951171875523e+01
8.819999987792968454e+01
7.799999987792968170e+01
7.819999951171874386e+01
9.779999963378905647e+01
7.779999993896484511e+01
9.139999969482421704e+01
8.940000012207030977e+01
9.019999938964843977e+01
9.900000000000000000e+01
2.239999993896484298e+01
8.999999994277954940e+00
1.719999986267090009e+01
7.379999945068360034e+01
6.039999993896484654e+01
9.779999963378905647e+01
5.020000006103515489e+01
8.200000006103515204e+01
9.900000000000000000e+01
9.560000006103516057e+01
9.659999969482421989e+01
9.400000012207031830e+01
9.480000006103514920e+01
9.460000012207031261e+01
9.660000006103516057e+01
1.000000000000000000e+02
9.940000000000000568e+01
9.859999963378906784e+01
9.799999963378905932e+01
9.840000006103515773e+01
9.919999963378906216e+01
9.740000006103515773e+01
9.759999963378906784e+01
9.839999963378906500e+01
9.699999963378905932e+01
9.779999963378905647e+01
9.779999963378905647e+01
9.579999963378905647e+01
9.859999999999999432e+01
9.620000000000000284e+01
9.740000006103515773e+01
9.900000000000000000e+01
9.939999963378906500e+01
9.920000000000000284e+01
9.620000006103515489e+01
9.659999963378906784e+01
9.879999999999999716e+01
9.900000000000000000e+01
9.460000006103516057e+01
9.819999963378906216e+01
9.879999999999999716e+01
9.759999963378906784e+01
9.840000006103515773e+01
9.659999969482421989e+01
9.819999963378906216e+01
9.779999969482422273e+01
9.739999963378906500e+01
9.840000000000000568e+01
9.859999963378906784e+01
9.820000000000000284e+01
9.979999963378905647e+01
9.959999999999999432e+01
9.859999963378906784e+01
9.979999999999999716e+01
9.979999999999999716e+01
9.959999999999999432e+01
1.000000000000000000e+02
1.000000000000000000e+02
9.959999999999999432e+01
9.979999999999999716e+01
9.959999963378906784e+01
9.959999999999999432e+01
9.840000000000000568e+01
9.799999963378905932e+01
9.800000000000000000e+01
9.840000000000000568e+01
9.800000000000000000e+01
9.859999963378906784e+01
9.819999963378906216e+01
9.779999963378905647e+01
9.779999969482422273e+01
9.940000000000000568e+01
9.819999963378906216e+01
9.879999963378905647e+01
9.859999963378906784e+01
9.859999999999999432e+01
9.940000000000000568e+01
9.959999999999999432e+01
9.959999999999999432e+01
9.900000000000000000e+01
9.880000006103514920e+01
9.899999963378905932e+01
9.859999963378906784e+01
9.819999963378906216e+01
9.859999999999999432e+01
9.879999999999999716e+01
9.840000000000000568e+01
9.739999963378906500e+01
9.939999963378906500e+01
9.900000000000000000e+01
9.940000000000000568e+01
9.879999963378905647e+01
9.839999963378906500e+01
9.800000000000000000e+01
9.859999963378906784e+01
9.899999963378905932e+01
9.880000006103514920e+01
9.940000000000000568e+01
9.920000000000000284e+01
9.819999963378906216e+01
9.800000000000000000e+01
9.779999963378905647e+01
9.859999999999999432e+01
9.880000006103514920e+01
9.839999963378906500e+01
9.900000000000000000e+01
9.859999999999999432e+01
9.940000000000000568e+01
9.879999963378905647e+01
9.800000006103515204e+01
9.800000000000000000e+01
9.940000000000000568e+01
9.940000000000000568e+01
9.899999963378905932e+01
9.899999963378905932e+01
9.940000000000000568e+01
9.939999963378906500e+01
9.820000006103515489e+01
9.820000000000000284e+01
9.839999963378906500e+01
9.900000006103515204e+01
9.899999963378905932e+01
9.900000000000000000e+01
9.940000000000000568e+01
9.800000000000000000e+01
9.859999963378906784e+01
9.859999999999999432e+01
