2.499999996948242043e+01
2.139999986267089938e+01
1.399999994277954185e+00
3.999999988555908104e+00
3.099999996948242043e+01
3.099999984741210923e+01
2.259999996948242185e+01
2.599999993896484440e+01
8.399999977111816563e+00
1.459999997711181585e+01
2.559999990844726625e+01
1.419999997711181727e+01
5.639999987792968739e+01
4.539999984741211136e+01
3.399999993896484085e+01
5.299999993896484085e+01
4.159999975585937193e+01
2.879999986267089795e+01
2.539999990844726696e+01
2.259999998474120986e+01
2.479999990844726554e+01
4.779999990844726909e+01
4.899999972534179449e+01
3.119999993896484369e+01
7.299999993896484796e+01
7.199999978637694653e+01
4.779999969482421562e+01
2.999999975585937406e+01
7.640000000000000568e+01
5.319999996948241971e+01
2.039999995422363455e+01
8.620000012207030693e+01
8.100000012207031830e+01
5.339999984741211136e+01
6.279999978637695079e+01
6.479999978637695790e+01
3.280000003051758029e+01
2.779999989318847753e+01
5.599999981689452966e+01
8.599999938964843693e+01
2.779999993896484511e+01
7.339999957275391296e+01
6.259999981689453108e+01
7.299999963378905932e+01
5.659999993896484227e+01
5.399999969482421847e+01
5.799999990844726483e+01
6.919999993896485080e+01
6.059999987792969023e+01
9.380000006103514920e+01
2.819999993896484369e+01
7.159999993896484227e+01
2.480000003051757673e+01
8.539999945068359466e+01
4.199999975585937761e+01
6.219999984741210852e+01
7.159999951171874955e+01
7.859999987792969023e+01
5.220000003051757886e+01
7.320000012207030693e+01
6.339999963378906500e+01
6.600000006103515204e+01
6.879999978637695790e+01
5.320000006103515489e+01
6.260000012207031261e+01
5.099999993896484085e+01
9.019999963378906216e+01
4.940000003051757460e+01
3.999999978637695364e+01
7.039999975585936909e+01
3.499999990844726483e+01
6.119999978637695648e+01
6.279999993896484511e+01
4.720000003051757886e+01
7.299999987792968170e+01
7.820000000000000284e+01
5.659999987792969023e+01
6.779999975585937477e+01
8.399999988555908459e+00
7.739999993896483943e+01
7.120000000000000284e+01
6.979999978637695790e+01
7.720000000000000284e+01
9.660000006103516057e+01
9.740000006103515773e+01
9.740000012207030977e+01
9.859999963378906784e+01
9.779999999999999716e+01
9.879999999999999716e+01
9.759999999999999432e+01
9.840000000000000568e+01
9.640000006103515773e+01
9.839999963378906500e+01
9.859999999999999432e+01
9.859999963378906784e+01
9.780000012207031546e+01
9.839999963378906500e+01
9.840000006103515773e+01
9.799999963378905932e+01
9.779999999999999716e+01
9.760000006103516057e+01
9.720000006103515489e+01
9.340000006103515773e+01
9.799999963378905932e+01
9.400000006103515204e+01
9.859999963378906784e+01
9.779999963378905647e+01
9.759999963378906784e+01
9.620000006103515489e+01
9.800000006103515204e+01
9.840000000000000568e+01
9.820000006103515489e+01
9.859999999999999432e+01
9.600000006103515204e+01
9.600000006103515204e+01
9.699999963378905932e+01
9.800000000000000000e+01
9.859999963378906784e+01
9.760000006103516057e+01
9.520000012207030693e+01
9.819999963378906216e+01
9.719999963378906216e+01
9.759999963378906784e+01
9.859999963378906784e+01
9.720000000000000284e+01
9.900000000000000000e+01
9.900000000000000000e+01
9.920000000000000284e+01
9.900000000000000000e+01
9.899999963378905932e+01
9.879999963378905647e+01
9.879999963378905647e+01
9.879999963378905647e+01
9.859999963378906784e+01
9.879999999999999716e+01
9.859999963378906784e+01
9.879999963378905647e+01
9.859999963378906784e+01
9.859999999999999432e+01
9.859999999999999432e+01
9.900000006103515204e+01
9.859999999999999432e+01
9.859999963378906784e+01
9.879999963378905647e+01
9.899999963378905932e+01
9.879999999999999716e+01
9.859999963378906784e+01
9.859999999999999432e+01
9.859999999999999432e+01
9.860000006103516057e+01
9.859999963378906784e+01
9.859999963378906784e+01
9.859999963378906784e+01
9.859999999999999432e+01
9.859999999999999432e+01
9.860000006103516057e+01
9.859999999999999432e+01
9.880000006103514920e+01
9.859999963378906784e+01
9.879999999999999716e+01
9.880000006103514920e+01
9.879999999999999716e+01
9.879999999999999716e+01
9.879999999999999716e+01
9.879999999999999716e+01
9.879999999999999716e+01
9.879999999999999716e+01
9.900000006103515204e+01
9.879999999999999716e+01
9.879999999999999716e+01
9.879999999999999716e+01
9.879999999999999716e+01
9.899999963378905932e+01
9.859999963378906784e+01
9.859999999999999432e+01
9.859999999999999432e+01
9.859999999999999432e+01
9.860000006103516057e+01
9.879999999999999716e+01
9.879999999999999716e+01
9.899999963378905932e+01
9.860000006103516057e+01
9.859999999999999432e+01
9.879999999999999716e+01
9.879999963378905647e+01
9.879999999999999716e+01
9.879999999999999716e+01
9.879999963378905647e+01
9.879999963378905647e+01
9.859999963378906784e+01
9.879999963378905647e+01
9.859999999999999432e+01
9.859999999999999432e+01
9.860000006103516057e+01
9.859999999999999432e+01
9.860000006103516057e+01
9.840000000000000568e+01
9.900000000000000000e+01
9.859999999999999432e+01
9.859999999999999432e+01
