3.599999977111816296e+00
1.199999999999999956e+00
1.599999994277954141e+00
2.199999988555908281e+00
6.199999977111816385e+00
2.879999996948242114e+01
1.119999998474121128e+01
2.279999986267089795e+01
1.060000000762939365e+01
5.899999993896484085e+01
3.079999993896484511e+01
3.739999975585937619e+01
3.140000006103515773e+01
3.519999987792968454e+01
9.600000007629393650e+00
4.699999975585937761e+01
8.459999938964843125e+01
1.379999995422363313e+01
3.919999969482422131e+01
6.019999969482422131e+01
6.700000012207031830e+01
4.559999996948242540e+01
4.400000006103515915e+01
1.659999998474120986e+01
2.259999992370605426e+01
3.359999996948242540e+01
2.419999999999999929e+01
2.439999990844726696e+01
4.539999969482421704e+01
6.420000000000000284e+01
4.679999996948242114e+01
4.739999972534180017e+01
6.900000006103515204e+01
2.039999992370605497e+01
5.679999993896484511e+01
4.919999987792968454e+01
2.819999986267090009e+01
3.579999984741210994e+01
5.099999981689452966e+01
3.419999987792968454e+01
3.139999990844726696e+01
6.840000012207030977e+01
7.879999993896484511e+01
6.019999975585937335e+01
7.899999951171875523e+01
4.199999990844726483e+01
4.959999984741210710e+01
1.919999995422363170e+01
3.039999986267089938e+01
7.999999963378905932e+01
4.459999975585937193e+01
7.079999993896484511e+01
4.220000000000000284e+01
3.899999993896484085e+01
8.259999981689453818e+01
6.139999999999999858e+01
4.900000006103515915e+01
2.760000000000000142e+01
4.299999978637695364e+01
5.100000003051757602e+01
9.179999969482422273e+01
4.580000006103515631e+01
9.079999969482422273e+01
5.559999990844726625e+01
6.159999969482421989e+01
6.899999969482422557e+01
7.579999975585937477e+01
3.139999978637695222e+01
7.079999975585937477e+01
4.699999996948242398e+01
4.959999984741210710e+01
6.660000006103516057e+01
5.979999999999999716e+01
6.819999981689453250e+01
4.619999996948241971e+01
3.719999978637695648e+01
8.360000012207031261e+01
6.399999969482421847e+01
5.939999984741211136e+01
8.359999975585937193e+01
8.039999987792968739e+01
4.320000003051757886e+01
9.379999969482422273e+01
9.339999981689453534e+01
9.419999975585938046e+01
9.560000006103516057e+01
9.719999969482421420e+01
9.419999969482421420e+01
9.499999963378905932e+01
9.580000006103514920e+01
9.439999975585936909e+01
9.499999963378905932e+01
9.339999963378906500e+01
9.440000006103515773e+01
9.640000006103515773e+01
9.500000006103515204e+01
9.619999969482421420e+01
9.480000012207031546e+01
9.359999975585937193e+01
9.479999963378905647e+01
9.519999975585938046e+01
9.620000012207030693e+01
9.300000012207031830e+01
9.520000006103515489e+01
9.420000012207030693e+01
9.539999963378906500e+01
9.499999938964843693e+01
9.659999969482421989e+01
9.420000006103515489e+01
9.540000006103515773e+01
9.640000006103515773e+01
9.580000006103514920e+01
9.720000006103515489e+01
9.519999969482421420e+01
9.419999969482421420e+01
9.500000006103515204e+01
9.579999999999999716e+01
9.560000012207031261e+01
9.479999963378905647e+01
9.059999938964843125e+01
9.660000012207031261e+01
9.520000012207030693e+01
9.599999963378905932e+01
9.840000006103515773e+01
9.820000006103515489e+01
9.920000000000000284e+01
9.859999999999999432e+01
9.859999999999999432e+01
9.859999969482421989e+01
9.840000000000000568e+01
9.840000000000000568e+01
9.779999969482422273e+01
9.759999963378906784e+01
9.740000006103515773e+01
9.720000006103515489e+01
9.759999963378906784e+01
9.699999963378905932e+01
9.739999963378906500e+01
9.719999963378906216e+01
9.720000006103515489e+01
9.740000000000000568e+01
9.719999963378906216e+01
9.719999963378906216e+01
9.699999969482422557e+01
9.739999969482421704e+01
9.739999963378906500e+01
9.659999963378906784e+01
9.739999969482421704e+01
9.739999963378906500e+01
9.800000006103515204e+01
9.779999999999999716e+01
9.759999999999999432e+01
9.739999963378906500e+01
9.780000006103514920e+01
9.700000012207031830e+01
9.740000006103515773e+01
9.799999963378905932e+01
9.800000000000000000e+01
9.779999963378905647e+01
9.779999999999999716e+01
9.759999963378906784e+01
9.779999969482422273e+01
9.779999999999999716e+01
9.719999969482421420e+01
9.700000000000000000e+01
9.739999963378906500e+01
9.720000000000000284e+01
9.700000006103515204e+01
9.760000006103516057e+01
9.739999963378906500e+01
9.720000000000000284e+01
9.739999963378906500e+01
9.660000006103516057e+01
9.720000006103515489e+01
9.660000012207031261e+01
9.779999969482422273e+01
9.679999963378905647e+01
9.680000012207031546e+01
9.659999963378906784e+01
9.680000006103514920e+01
9.719999963378906216e+01
9.719999963378906216e+01
9.779999999999999716e+01
9.699999963378905932e+01
9.719999969482421420e+01
9.759999963378906784e+01
9.779999999999999716e+01
9.719999963378906216e+01
9.799999963378905932e+01
9.759999969482421989e+01
9.799999963378905932e+01
9.800000006103515204e+01
9.679999969482422273e+01
9.800000000000000000e+01
9.799999963378905932e+01
9.720000006103515489e+01
9.719999969482421420e+01
9.720000012207030693e+01
9.740000006103515773e+01
9.780000006103514920e+01
