1.999999994277954052e+00
4.000000000000000222e-01
1.859999995422363384e+01
2.539999999999999858e+01
6.799999977111816030e+00
1.879999995422363313e+01
1.240000001525878837e+01
3.459999978637695506e+01
1.420000001525878908e+01
2.599999987792968881e+01
3.039999990844726696e+01
4.299999981689452966e+01
3.059999987792968668e+01
1.140000000762939436e+01
3.799999975585937761e+01
3.019999978637695293e+01
4.279999969482421562e+01
3.179999993896484511e+01
3.979999975585937477e+01
6.579999999999999716e+01
4.439999978637695222e+01
2.519999996948242327e+01
2.179999992370605355e+01
3.259999990844726625e+01
4.839999984741211136e+01
4.639999975585937619e+01
6.339999957275390585e+01
5.219999993896484369e+01
6.399999984741211279e+01
4.159999969482421989e+01
7.339999963378906500e+01
4.439999972534180017e+01
1.000000001525878979e+01
4.819999969482422131e+01
5.579999984741210994e+01
4.140000006103515773e+01
3.959999981689453108e+01
2.399999992370605639e+01
2.780000000000000071e+01
6.079999993896484511e+01
3.020000003051757886e+01
2.559999996948242185e+01
5.879999978637695079e+01
2.519999986267090009e+01
8.899999938964843693e+01
7.319999963378906216e+01
8.619999969482421420e+01
4.260000006103515346e+01
4.219999984741210852e+01
6.559999963378906784e+01
3.019999978637695293e+01
5.060000000000000142e+01
4.539999981689452824e+01
4.459999975585937193e+01
5.360000003051757744e+01
6.799999957275390727e+01
5.220000006103515489e+01
6.579999978637695790e+01
4.319999975585937335e+01
8.039999951171874670e+01
4.099999969482421847e+01
6.200000012207031119e+01
3.760000000000000142e+01
6.019999975585937335e+01
5.039999990844726341e+01
5.160000012207031261e+01
2.780000000000000071e+01
7.900000000000000000e+01
6.800000006103515204e+01
6.640000006103515773e+01
4.539999975585937619e+01
8.499999945068358898e+01
5.039999969482421704e+01
6.120000012207031403e+01
5.219999981689453250e+01
3.299999972534179449e+01
4.459999978637695506e+01
5.099999975585937761e+01
4.999999996948242398e+01
5.279999975585937477e+01
7.959999951171874955e+01
6.739999984741210426e+01
9.399999969482422557e+01
9.760000006103516057e+01
9.679999969482422273e+01
9.399999969482422557e+01
9.719999969482421420e+01
9.599999975585937761e+01
9.759999963378906784e+01
9.599999963378905932e+01
9.619999963378906216e+01
9.680000006103514920e+01
9.740000006103515773e+01
9.479999999999999716e+01
9.459999969482421989e+01
9.819999963378906216e+01
9.760000012207031261e+01
9.759999963378906784e+01
9.700000006103515204e+01
9.719999963378906216e+01
9.659999963378906784e+01
9.740000012207030977e+01
9.640000006103515773e+01
9.539999963378906500e+01
9.659999999999999432e+01
9.779999999999999716e+01
9.719999969482421420e+01
9.660000006103516057e+01
9.859999999999999432e+01
9.639999963378906500e+01
9.600000006103515204e+01
9.739999969482421704e+01
9.460000006103516057e+01
9.700000006103515204e+01
9.779999963378905647e+01
9.539999963378906500e+01
9.719999963378906216e+01
9.779999963378905647e+01
9.600000006103515204e+01
9.799999963378905932e+01
9.720000006103515489e+01
9.840000000000000568e+01
9.839999963378906500e+01
9.940000000000000568e+01
9.920000006103515489e+01
9.940000000000000568e+01
9.899999963378905932e+01
9.900000000000000000e+01
9.900000000000000000e+01
9.919999963378906216e+01
9.879999963378905647e+01
9.899999963378905932e+01
9.919999963378906216e+01
9.879999963378905647e+01
9.839999963378906500e+01
9.839999963378906500e+01
9.859999999999999432e+01
9.839999963378906500e+01
9.859999963378906784e+01
9.859999963378906784e+01
9.840000000000000568e+01
9.859999999999999432e+01
9.860000006103516057e+01
9.859999963378906784e+01
9.859999963378906784e+01
9.839999963378906500e+01
9.840000000000000568e+01
9.839999963378906500e+01
9.880000006103514920e+01
9.820000006103515489e+01
9.779999999999999716e+01
9.839999963378906500e+01
9.879999963378905647e+01
9.879999963378905647e+01
9.879999999999999716e+01
9.879999963378905647e+01
9.859999999999999432e+01
9.880000006103514920e+01
9.879999963378905647e+01
9.859999999999999432e+01
9.879999963378905647e+01
9.840000006103515773e+01
9.839999963378906500e+01
9.879999963378905647e+01
9.820000000000000284e+01
9.879999999999999716e+01
9.860000006103516057e+01
9.900000000000000000e+01
9.859999999999999432e+01
9.859999999999999432e+01
9.860000006103516057e+01
9.879999999999999716e+01
9.879999999999999716e+01
9.879999999999999716e+01
9.879999999999999716e+01
9.900000000000000000e+01
9.879999963378905647e+01
9.879999963378905647e+01
9.900000000000000000e+01
9.879999999999999716e+01
9.899999963378905932e+01
9.899999963378905932e+01
9.899999963378905932e+01
9.899999963378905932e+01
9.899999963378905932e+01
9.900000000000000000e+01
9.900000000000000000e+01
9.859999999999999432e+01
9.860000006103516057e+01
9.879999999999999716e+01
9.880000006103514920e+01
9.859999999999999432e+01
9.859999999999999432e+01
9.819999963378906216e+01
9.859999963378906784e+01
9.859999963378906784e+01
9.899999963378905932e+01
9.900000000000000000e+01
9.900000006103515204e+01
9.900000000000000000e+01
