8.000000000000000444e-01
1.279999994659423912e+01
1.199999995422363241e+01
1.779999992370605355e+01
5.799999977111816030e+00
4.599999946594238054e+00
2.859999989318847824e+01
3.719999984741210852e+01
2.399999986267089724e+01
6.399999977111816563e+00
1.999999994277954052e+00
3.839999969482421704e+01
3.039999984741210781e+01
2.020000001525878730e+01
7.659999963378906784e+01
3.440000003051757460e+01
1.279999992370605533e+01
2.819999993896484369e+01
6.259999984741210710e+01
2.259999994659423805e+01
2.599999995422363241e+01
1.599999986267089902e+01
2.859999978637695150e+01
2.519999989318847611e+01
5.199999996948242398e+01
1.320000003051757886e+01
4.700000006103515915e+01
4.019999969482422131e+01
4.259999975585937193e+01
5.099999969482421847e+01
5.519999993896484369e+01
5.239999975585937619e+01
4.279999969482421562e+01
5.520000003051757886e+01
5.000000000000000000e+01
5.080000006103515631e+01
4.460000003051757744e+01
7.659999957275390159e+01
2.879999987792968597e+01
7.460000006103516057e+01
5.599999984741211279e+01
3.019999978637695293e+01
4.559999972534179591e+01
4.680000006103515631e+01
4.920000003051757886e+01
2.799999996948242043e+01
3.839999981689452824e+01
4.860000003051757744e+01
5.419999975585937335e+01
5.279999969482421562e+01
6.099999996948242398e+01
5.339999999999999858e+01
7.599999969482422557e+01
8.179999975585937477e+01
6.040000003051757460e+01
5.259999987792969023e+01
6.679999969482422273e+01
2.039999999999999858e+01
4.119999969482422131e+01
5.999999981689452966e+01
4.079999981689453392e+01
3.639999975585937619e+01
7.819999951171874386e+01
3.679999972534179875e+01
3.019999987792968810e+01
5.979999987792968597e+01
6.800000012207031830e+01
7.779999987792969307e+01
6.699999957275390727e+01
6.219999984741210852e+01
7.319999993896485080e+01
6.599999975585937761e+01
1.579999995422363313e+01
6.800000006103515204e+01
6.319999981689453250e+01
1.740000001525879014e+01
7.179999984741210994e+01
6.939999969482421704e+01
7.159999999999999432e+01
7.499999975585937761e+01
7.079999978637695790e+01
7.700000006103515204e+01
7.159999969482421989e+01
9.039999938964844262e+01
9.300000006103515204e+01
9.679999999999999716e+01
9.720000006103515489e+01
9.559999969482421989e+01
9.580000006103514920e+01
9.500000006103515204e+01
9.440000012207030977e+01
9.180000006103514920e+01
9.559999975585937193e+01
9.400000006103515204e+01
9.660000006103516057e+01
9.580000006103514920e+01
9.519999963378906216e+01
9.520000012207030693e+01
9.599999938964843693e+01
9.640000012207030977e+01
9.439999969482421704e+01
9.720000006103515489e+01
9.639999938964844262e+01
9.699999963378905932e+01
9.239999969482421704e+01
9.319999963378906216e+01
9.720000000000000284e+01
9.620000006103515489e+01
9.520000006103515489e+01
9.439999969482421704e+01
9.659999999999999432e+01
9.540000006103515773e+01
9.680000006103514920e+01
9.799999963378905932e+01
9.560000006103516057e+01
9.659999963378906784e+01
9.479999938964843409e+01
9.559999963378906784e+01
9.679999963378905647e+01
9.559999963378906784e+01
9.540000006103515773e+01
9.539999975585936909e+01
9.640000006103515773e+01
9.719999969482421420e+01
9.759999963378906784e+01
9.799999969482422557e+01
9.779999999999999716e+01
9.899999963378905932e+01
9.900000006103515204e+01
9.820000006103515489e+01
9.840000000000000568e+01
9.719999963378906216e+01
9.759999999999999432e+01
9.740000012207030977e+01
9.780000006103514920e+01
9.760000006103516057e+01
9.700000000000000000e+01
9.779999969482422273e+01
9.779999963378905647e+01
9.679999963378905647e+01
9.720000000000000284e+01
9.699999963378905932e+01
9.699999963378905932e+01
9.700000006103515204e+01
9.740000012207030977e+01
9.679999963378905647e+01
9.740000000000000568e+01
9.720000006103515489e+01
9.739999963378906500e+01
9.740000006103515773e+01
9.700000000000000000e+01
9.740000000000000568e+01
9.759999999999999432e+01
9.720000000000000284e+01
9.739999969482421704e+01
9.779999963378905647e+01
9.799999969482422557e+01
9.780000006103514920e+01
9.760000006103516057e+01
9.760000006103516057e+01
9.779999963378905647e+01
9.820000000000000284e+01
9.779999963378905647e+01
9.779999963378905647e+01
9.779999969482422273e+01
9.719999969482421420e+01
9.740000006103515773e+01
9.799999963378905932e+01
9.800000000000000000e+01
9.740000006103515773e+01
9.759999963378906784e+01
9.779999963378905647e+01
9.779999963378905647e+01
9.759999969482421989e+01
9.719999963378906216e+01
9.760000006103516057e+01
9.759999963378906784e+01
9.719999963378906216e+01
9.740000006103515773e+01
9.720000006103515489e+01
9.719999969482421420e+01
9.680000006103514920e+01
9.720000000000000284e+01
9.679999963378905647e+01
9.739999963378906500e+01
9.679999963378905647e+01
9.799999963378905932e+01
9.759999963378906784e+01
9.779999999999999716e+01
9.780000006103514920e+01
9.820000000000000284e+01
9.799999963378905932e+01
9.759999963378906784e+01
9.759999963378906784e+01
9.740000006103515773e+01
9.739999963378906500e+01
9.800000000000000000e+01
9.740000000000000568e+01
9.779999963378905647e+01
9.719999963378906216e+01
