5.200000007629394183e+00
1.199999994277954007e+00
5.199999994277954229e+00
1.059999992370605426e+01
3.080000000000000071e+01
7.800000007629394716e+00
4.540000006103515773e+01
1.719999992370605568e+01
1.200000001525878979e+01
2.999999996948242043e+01
4.560000000000000142e+01
5.360000006103515346e+01
1.559999986267089866e+01
5.620000006103515489e+01
5.699999984741211279e+01
5.859999972534179591e+01
3.599999996948242398e+01
3.620000006103515489e+01
3.579999981689453392e+01
3.959999978637695506e+01
3.699999981689452966e+01
3.699999981689452966e+01
2.739999996948242256e+01
5.639999978637695222e+01
4.419999981689453250e+01
8.359999993896484227e+01
4.520000003051757886e+01
5.699999978637695364e+01
5.879999999999999716e+01
3.639999984741211136e+01
3.639999996948242256e+01
4.840000006103515773e+01
6.380000012207031546e+01
8.339999993896483943e+01
7.259999999999999432e+01
6.479999975585937477e+01
3.659999975585937193e+01
3.559999993896484227e+01
4.300000003051757602e+01
4.759999969482421989e+01
6.399999978637695364e+01
2.199999995422363241e+01
4.120000006103515489e+01
6.579999978637695790e+01
6.239999987792968739e+01
4.459999993896484227e+01
5.259999987792969023e+01
5.979999993896484511e+01
6.539999975585936909e+01
5.299999984741211279e+01
6.619999981689453250e+01
4.799999981689452966e+01
4.299999969482421847e+01
4.639999993896484654e+01
8.579999969482422273e+01
5.659999984741210710e+01
7.059999987792969023e+01
5.439999969482421704e+01
6.779999969482422273e+01
6.419999969482421420e+01
7.239999963378906500e+01
3.339999978637695222e+01
6.979999957275390443e+01
5.479999984741210994e+01
6.419999975585938046e+01
6.199999975585937761e+01
5.980000003051758029e+01
3.839999981689452824e+01
7.879999957275390443e+01
6.560000012207031261e+01
5.799999993896484085e+01
8.179999981689452682e+01
6.639999981689453534e+01
6.380000012207031546e+01
7.920000000000000284e+01
7.859999945068359750e+01
4.359999972534179591e+01
6.340000012207030977e+01
8.000000006103515204e+01
5.619999990844726767e+01
6.859999963378906784e+01
7.320000012207030693e+01
9.320000012207030693e+01
9.539999963378906500e+01
9.579999969482422273e+01
9.379999969482422273e+01
9.219999938964843977e+01
9.739999963378906500e+01
9.600000000000000000e+01
9.299999975585937761e+01
9.460000006103516057e+01
9.339999981689453534e+01
9.340000012207030977e+01
9.679999963378905647e+01
9.580000012207031546e+01
9.340000012207030977e+01
9.400000012207031830e+01
9.399999963378905932e+01
9.660000006103516057e+01
9.519999969482421420e+01
9.300000006103515204e+01
9.639999963378906500e+01
9.220000000000000284e+01
9.600000006103515204e+01
9.540000012207030977e+01
9.639999975585936909e+01
9.740000000000000568e+01
9.559999969482421989e+01
9.500000012207031830e+01
9.459999975585937193e+01
9.580000012207031546e+01
9.720000000000000284e+01
9.560000006103516057e+01
9.639999963378906500e+01
9.740000006103515773e+01
9.260000006103516057e+01
9.559999969482421989e+01
9.139999981689453534e+01
9.680000006103514920e+01
9.519999938964843977e+01
9.299999969482422557e+01
9.339999969482421704e+01
9.739999963378906500e+01
9.879999963378905647e+01
9.939999963378906500e+01
9.879999963378905647e+01
9.859999963378906784e+01
9.819999963378906216e+01
9.840000000000000568e+01
9.859999999999999432e+01
9.859999963378906784e+01
9.859999999999999432e+01
9.839999963378906500e+01
9.800000006103515204e+01
9.780000006103514920e+01
9.740000012207030977e+01
9.759999969482421989e+01
9.840000000000000568e+01
9.720000000000000284e+01
9.800000000000000000e+01
9.759999963378906784e+01
9.739999963378906500e+01
9.719999963378906216e+01
9.700000006103515204e+01
9.820000000000000284e+01
9.779999999999999716e+01
9.720000000000000284e+01
9.719999963378906216e+01
9.739999963378906500e+01
9.800000000000000000e+01
9.740000006103515773e+01
9.779999969482422273e+01
9.740000000000000568e+01
9.720000000000000284e+01
9.779999969482422273e+01
9.820000006103515489e+01
9.800000000000000000e+01
9.780000006103514920e+01
9.740000000000000568e+01
9.739999963378906500e+01
9.819999963378906216e+01
9.719999963378906216e+01
9.760000006103516057e+01
9.720000012207030693e+01
9.779999999999999716e+01
9.780000006103514920e+01
9.759999963378906784e+01
9.739999963378906500e+01
9.779999999999999716e+01
9.759999963378906784e+01
9.800000000000000000e+01
9.739999969482421704e+01
9.719999963378906216e+01
9.740000006103515773e+01
9.719999963378906216e+01
9.700000006103515204e+01
9.760000006103516057e+01
9.760000006103516057e+01
9.780000006103514920e+01
9.759999963378906784e+01
9.740000000000000568e+01
9.719999963378906216e+01
9.800000006103515204e+01
9.739999969482421704e+01
9.819999969482421420e+01
9.740000000000000568e+01
9.720000000000000284e+01
9.740000000000000568e+01
9.719999963378906216e+01
9.779999999999999716e+01
9.780000006103514920e+01
9.759999999999999432e+01
9.780000006103514920e+01
9.719999963378906216e+01
9.720000006103515489e+01
9.779999999999999716e+01
9.720000006103515489e+01
9.759999963378906784e+01
9.799999963378905932e+01
9.759999999999999432e+01
