1.000000000000000000e+00
1.199999994277954007e+00
2.819999978637695293e+01
4.000000007629394894e+00
8.600000007629393650e+00
2.400000001525878801e+01
1.839999989318847540e+01
8.800000015258788721e+00
1.799999994277954096e+00
2.499999986267089724e+01
4.960000000000000142e+01
3.480000003051758029e+01
5.160000003051757744e+01
4.119999972534179733e+01
3.479999984741210994e+01
7.759999981689453818e+01
4.219999993896484369e+01
5.000000003051757602e+01
6.639999978637695222e+01
3.939999984741211136e+01
4.979999990844726909e+01
2.280000003051757673e+01
4.319999969482422131e+01
2.339999995422363455e+01
6.400000012207031830e+01
4.100000003051757602e+01
6.279999981689453392e+01
5.040000003051757460e+01
4.399999978637695364e+01
6.199999975585937761e+01
3.039999984741210781e+01
5.259999987792969023e+01
6.179999996948242114e+01
4.720000006103515489e+01
7.699999987792968170e+01
5.819999975585937335e+01
4.539999987792968739e+01
6.519999975585938046e+01
2.940000003051757815e+01
8.359999945068359750e+01
1.199999989318847682e+01
4.219999978637695648e+01
2.919999990844726412e+01
8.539999993896483943e+01
4.339999969482421704e+01
5.260000000000000142e+01
6.240000012207030977e+01
6.939999969482421704e+01
7.000000012207031830e+01
7.819999945068359182e+01
5.219999972534179733e+01
5.379999999999999716e+01
4.259999993896484227e+01
6.199999987792968881e+01
6.879999969482422273e+01
6.879999993896484511e+01
5.660000006103515346e+01
4.399999996948242398e+01
7.520000000000000284e+01
6.360000012207031261e+01
2.859999986267089866e+01
3.339999987792968739e+01
7.139999963378906500e+01
6.139999993896484654e+01
7.919999975585938046e+01
7.979999963378905647e+01
6.599999984741211279e+01
5.959999990844726625e+01
6.879999984741210994e+01
6.879999963378905647e+01
6.379999951171875239e+01
7.040000012207030977e+01
6.819999984741211563e+01
6.620000012207030693e+01
4.959999993896484227e+01
6.939999987792968739e+01
5.939999999999999858e+01
6.899999957275390727e+01
6.900000006103515204e+01
7.599999938964843693e+01
7.299999987792968170e+01
8.839999938964844262e+01
9.319999938964843977e+01
9.200000006103515204e+01
9.280000012207031546e+01
9.580000006103514920e+01
9.679999999999999716e+01
9.240000012207030977e+01
9.320000006103515489e+01
9.579999969482422273e+01
9.540000006103515773e+01
9.500000006103515204e+01
9.459999999999999432e+01
9.379999999999999716e+01
9.560000012207031261e+01
9.259999963378906784e+01
9.440000000000000568e+01
9.480000006103514920e+01
9.160000012207031261e+01
9.620000012207030693e+01
9.239999975585936909e+01
9.520000006103515489e+01
9.219999969482421420e+01
9.140000012207030977e+01
9.440000006103515773e+01
9.279999969482422273e+01
9.399999981689452966e+01
9.620000000000000284e+01
9.519999938964843977e+01
9.579999963378905647e+01
9.460000006103516057e+01
9.540000006103515773e+01
9.500000006103515204e+01
9.520000006103515489e+01
9.379999963378905647e+01
9.440000006103515773e+01
8.839999975585936909e+01
9.240000006103515773e+01
8.759999981689453818e+01
9.499999969482422557e+01
9.420000006103515489e+01
9.439999969482421704e+01
9.679999999999999716e+01
9.680000006103514920e+01
9.779999963378905647e+01
9.780000006103514920e+01
9.780000006103514920e+01
9.720000012207030693e+01
9.760000006103516057e+01
9.780000012207031546e+01
9.799999963378905932e+01
9.739999969482421704e+01
9.659999963378906784e+01
9.600000000000000000e+01
9.599999975585937761e+01
9.600000006103515204e+01
9.619999963378906216e+01
9.620000006103515489e+01
9.679999969482422273e+01
9.720000000000000284e+01
9.679999963378905647e+01
9.720000006103515489e+01
9.639999963378906500e+01
9.659999975585937193e+01
9.619999963378906216e+01
9.580000012207031546e+01
9.579999963378905647e+01
9.620000000000000284e+01
9.579999963378905647e+01
9.679999999999999716e+01
9.659999963378906784e+01
9.699999963378905932e+01
9.660000006103516057e+01
9.660000006103516057e+01
9.620000012207030693e+01
9.640000000000000568e+01
9.599999963378905932e+01
9.660000012207031261e+01
9.660000006103516057e+01
9.680000012207031546e+01
9.639999963378906500e+01
9.720000000000000284e+01
9.720000000000000284e+01
9.620000006103515489e+01
9.580000006103514920e+01
9.659999969482421989e+01
9.660000006103516057e+01
9.660000006103516057e+01
9.599999963378905932e+01
9.659999963378906784e+01
9.600000012207031830e+01
9.599999969482422557e+01
9.620000012207030693e+01
9.600000000000000000e+01
9.660000006103516057e+01
9.600000006103515204e+01
9.599999969482422557e+01
9.640000000000000568e+01
9.640000000000000568e+01
9.619999969482421420e+01
9.599999969482422557e+01
9.600000006103515204e+01
9.599999938964843693e+01
9.620000000000000284e+01
9.620000006103515489e+01
9.579999969482422273e+01
9.639999963378906500e+01
9.700000000000000000e+01
9.659999963378906784e+01
9.660000006103516057e+01
9.620000006103515489e+01
9.619999963378906216e+01
9.659999963378906784e+01
9.579999963378905647e+01
9.699999969482422557e+01
9.679999963378905647e+01
9.559999999999999432e+01
9.620000000000000284e+01
9.560000006103516057e+01
9.620000006103515489e+01
