3.199999988555908281e+00
7.939999957275391296e+01
8.719999945068359182e+01
2.620000003051757886e+01
8.719999945068359182e+01
1.399999999999999911e+00
1.380000001525878872e+01
9.600000015258789432e+00
6.959999978637695506e+01
6.519999981689453250e+01
1.380000001525878872e+01
3.040000003051757815e+01
2.119999995422363170e+01
4.339999975585937619e+01
1.959999998474120986e+01
5.219999969482422131e+01
7.999999946594238409e+00
6.200000007629394183e+00
7.399999988555908459e+00
2.419999992370605568e+01
3.239999993896484654e+01
2.760000003051757744e+01
2.279999992370605355e+01
1.219999994659423770e+01
2.279999992370605355e+01
1.520000001525878908e+01
3.739999981689452824e+01
1.079999994659423912e+01
1.100000001525878979e+01
1.819999998474121128e+01
2.179999986267089795e+01
4.519999969482422131e+01
2.620000003051757886e+01
2.299999989318847682e+01
5.260000003051757744e+01
5.100000006103515915e+01
1.180000000762939472e+01
3.579999984741210994e+01
1.699999995422363241e+01
1.539999998474121057e+01
5.999999988555908104e+00
1.240000001525878837e+01
7.600000007629394538e+00
2.299999989318847682e+01
1.100000001525878979e+01
1.100000001525878979e+01
4.399999994277954407e+00
2.459999986267089866e+01
3.219999996948241971e+01
1.979999995422363313e+01
3.879999981689453392e+01
4.799999969482421847e+01
3.199999988555908281e+00
2.179999986267089795e+01
4.159999981689453108e+01
1.380000001525878872e+01
3.859999984741210710e+01
1.520000001525878908e+01
4.159999981689453108e+01
2.639999999999999858e+01
1.059999997711181585e+01
1.079999994659423912e+01
1.699999995422363241e+01
1.240000001525878837e+01
1.079999994659423912e+01
1.059999997711181585e+01
1.219999994659423770e+01
1.559999995422363206e+01
1.419999995422363348e+01
9.000000007629394005e+00
4.599999988555908637e+00
2.299999989318847682e+01
1.999999992370605639e+01
2.780000000000000071e+01
1.380000001525878872e+01
1.859999992370605426e+01
1.699999995422363241e+01
1.259999998474121163e+01
7.799999977111816030e+00
1.999999992370605639e+01
4.019999981689453250e+01
7.600000007629394538e+00
1.699999995422363241e+01
1.699999995422363241e+01
2.299999989318847682e+01
1.699999995422363241e+01
2.159999989318847824e+01
2.299999989318847682e+01
2.299999989318847682e+01
1.999999992370605639e+01
2.299999989318847682e+01
2.620000003051757886e+01
2.620000003051757886e+01
2.319999986267090009e+01
2.159999989318847824e+01
2.299999989318847682e+01
2.919999999999999929e+01
1.839999995422363455e+01
2.299999989318847682e+01
2.139999992370605497e+01
2.139999992370605497e+01
2.159999989318847824e+01
2.299999989318847682e+01
2.139999992370605497e+01
2.459999986267089866e+01
2.599999986267089724e+01
1.999999992370605639e+01
2.139999992370605497e+01
2.159999989318847824e+01
2.159999989318847824e+01
2.299999989318847682e+01
2.459999986267089866e+01
2.780000000000000071e+01
2.459999986267089866e+01
2.620000003051757886e+01
2.299999989318847682e+01
2.159999989318847824e+01
2.459999986267089866e+01
2.159999989318847824e+01
2.159999989318847824e+01
2.159999989318847824e+01
2.159999989318847824e+01
2.319999986267090009e+01
2.620000003051757886e+01
2.319999986267090009e+01
2.620000003051757886e+01
2.159999989318847824e+01
2.159999989318847824e+01
2.319999986267090009e+01
2.599999986267089724e+01
2.159999989318847824e+01
2.459999986267089866e+01
2.620000003051757886e+01
1.859999992370605426e+01
2.459999986267089866e+01
2.459999986267089866e+01
2.139999992370605497e+01
2.599999986267089724e+01
2.599999986267089724e+01
2.439999989318847540e+01
2.299999989318847682e+01
2.459999986267089866e+01
2.299999989318847682e+01
2.620000003051757886e+01
2.139999992370605497e+01
2.760000003051757744e+01
2.620000003051757886e+01
2.620000003051757886e+01
2.599999986267089724e+01
2.019999989318847611e+01
2.299999989318847682e+01
2.599999986267089724e+01
2.459999986267089866e+01
2.620000003051757886e+01
2.319999986267090009e+01
2.620000003051757886e+01
2.780000000000000071e+01
2.139999992370605497e+01
2.620000003051757886e+01
2.299999989318847682e+01
2.620000003051757886e+01
2.459999986267089866e+01
2.620000003051757886e+01
2.139999992370605497e+01
2.299999989318847682e+01
2.459999986267089866e+01
1.859999992370605426e+01
2.459999986267089866e+01
1.999999992370605639e+01
2.159999989318847824e+01
2.480000003051757673e+01
2.439999989318847540e+01
1.859999992370605426e+01
2.439999989318847540e+01
2.439999989318847540e+01
2.620000003051757886e+01
2.299999989318847682e+01
2.139999992370605497e+01
2.620000003051757886e+01
2.159999989318847824e+01
2.319999986267090009e+01
2.599999986267089724e+01
2.760000003051757744e+01
2.319999986267090009e+01
2.459999986267089866e+01
2.299999989318847682e+01
2.620000003051757886e+01
1.999999992370605639e+01
2.139999992370605497e+01
2.299999989318847682e+01
1.719999992370605568e+01
1.999999992370605639e+01
2.159999989318847824e+01
2.299999989318847682e+01
2.459999986267089866e+01
1.999999992370605639e+01
2.620000003051757886e+01
2.620000003051757886e+01
2.620000003051757886e+01
2.159999989318847824e+01
