8.879999981689452682e+01
6.359999984741210710e+01
9.399999946594238764e+00
1.559999995422363206e+01
6.979999975585937477e+01
1.219999994659423770e+01
6.200000007629394183e+00
3.659999993896484227e+01
2.259999995422363384e+01
4.299999981689452966e+01
1.079999994659423912e+01
1.499999994659423841e+01
4.159999981689453108e+01
3.040000003051757815e+01
3.199999988555908281e+00
2.999999994277954052e+00
1.819999998474121128e+01
6.200000007629394183e+00
1.339999997711181656e+01
4.159999981689453108e+01
1.499999994659423841e+01
7.600000007629394538e+00
2.059999994659423805e+01
5.540000003051757460e+01
3.519999993896484369e+01
1.599999994277954141e+00
2.799999999999999822e+00
1.199999997711181621e+01
1.520000001525878908e+01
2.760000003051757744e+01
9.000000007629394005e+00
1.079999994659423912e+01
1.699999995422363241e+01
6.339999987792968739e+01
1.240000001525878837e+01
4.019999981689453250e+01
1.859999992370605426e+01
2.139999992370605497e+01
3.699999987792968881e+01
4.659999969482421989e+01
4.339999975585937619e+01
1.380000001525878872e+01
1.599999994277954141e+00
3.219999996948241971e+01
3.599999981689452966e+01
4.019999981689453250e+01
7.159999969482421989e+01
1.079999994659423912e+01
1.380000001525878872e+01
1.999999992370605639e+01
1.699999995422363241e+01
2.480000003051757673e+01
5.019999996948241971e+01
1.240000001525878837e+01
4.519999969482422131e+01
2.900000003051757957e+01
3.699999987792968881e+01
2.019999989318847611e+01
6.239999981689452824e+01
2.459999986267089866e+01
3.879999981689453392e+01
1.719999992370605568e+01
2.799999996948242043e+01
6.200000007629394183e+00
2.019999989318847611e+01
1.399999998474121021e+01
4.799999969482421847e+01
1.719999992370605568e+01
3.579999984741210994e+01
1.679999998474121270e+01
6.200000007629394183e+00
1.979999995422363313e+01
1.660000001525878943e+01
2.340000003051757815e+01
2.179999986267089795e+01
3.239999993896484654e+01
1.499999994659423841e+01
2.959999993896484227e+01
2.459999986267089866e+01
1.399999998474121021e+01
4.619999975585937335e+01
5.999999988555908104e+00
7.600000007629394538e+00
2.039999986267089938e+01
2.299999989318847682e+01
1.679999998474121270e+01
1.380000001525878872e+01
1.240000001525878837e+01
3.539999990844726341e+01
2.959999993896484227e+01
1.559999995422363206e+01
1.240000001525878837e+01
1.079999994659423912e+01
1.679999998474121270e+01
2.639999999999999858e+01
2.159999989318847824e+01
9.000000007629394005e+00
6.200000007629394183e+00
1.559999995422363206e+01
2.500000000000000000e+01
9.199999977111817273e+00
1.979999995422363313e+01
1.219999994659423770e+01
3.539999990844726341e+01
7.600000007629394538e+00
2.959999993896484227e+01
2.459999986267089866e+01
1.419999995422363348e+01
2.620000003051757886e+01
2.919999999999999929e+01
1.399999998474121021e+01
1.999999992370605639e+01
7.600000007629394538e+00
1.579999992370605533e+01
2.299999989318847682e+01
2.340000003051757815e+01
2.200000003051757957e+01
1.660000001525878943e+01
1.240000001525878837e+01
2.299999989318847682e+01
2.480000003051757673e+01
1.539999998474121057e+01
1.979999995422363313e+01
1.839999995422363455e+01
2.620000003051757886e+01
1.859999992370605426e+01
1.999999992370605639e+01
1.999999992370605639e+01
1.999999992370605639e+01
1.999999992370605639e+01
1.999999992370605639e+01
1.999999992370605639e+01
2.159999989318847824e+01
1.999999992370605639e+01
1.999999992370605639e+01
1.999999992370605639e+01
1.859999992370605426e+01
2.159999989318847824e+01
1.999999992370605639e+01
2.439999989318847540e+01
2.459999986267089866e+01
2.299999989318847682e+01
1.999999992370605639e+01
1.839999995422363455e+01
1.999999992370605639e+01
1.999999992370605639e+01
1.999999992370605639e+01
1.999999992370605639e+01
1.679999998474121270e+01
2.159999989318847824e+01
2.319999986267090009e+01
1.839999995422363455e+01
1.859999992370605426e+01
2.159999989318847824e+01
2.159999989318847824e+01
1.999999992370605639e+01
1.999999992370605639e+01
1.999999992370605639e+01
2.159999989318847824e+01
2.299999989318847682e+01
2.159999989318847824e+01
2.459999986267089866e+01
2.159999989318847824e+01
1.999999992370605639e+01
2.159999989318847824e+01
1.999999992370605639e+01
2.319999986267090009e+01
1.999999992370605639e+01
2.480000003051757673e+01
2.159999989318847824e+01
2.299999989318847682e+01
2.620000003051757886e+01
2.480000003051757673e+01
2.319999986267090009e+01
2.159999989318847824e+01
2.599999986267089724e+01
2.299999989318847682e+01
2.620000003051757886e+01
2.159999989318847824e+01
2.159999989318847824e+01
1.859999992370605426e+01
1.859999992370605426e+01
1.999999992370605639e+01
1.999999992370605639e+01
1.999999992370605639e+01
1.999999992370605639e+01
2.139999992370605497e+01
2.299999989318847682e+01
1.999999992370605639e+01
2.159999989318847824e+01
2.159999989318847824e+01
2.159999989318847824e+01
1.719999992370605568e+01
2.599999986267089724e+01
2.159999989318847824e+01
2.139999992370605497e+01
2.760000003051757744e+01
2.620000003051757886e+01
2.139999992370605497e+01
2.159999989318847824e+01
