3.741191148757934570e+00
3.017244815826416016e+00
3.083664894104003906e+00
3.008402347564697266e+00
3.050961256027221680e+00
2.972181797027587891e+00
2.975504875183105469e+00
2.975293159484863281e+00
2.996821165084838867e+00
3.016455650329589844e+00
2.976540565490722656e+00
2.994445562362670898e+00
2.992049455642700195e+00
2.994011163711547852e+00
2.989629745483398438e+00
2.979805707931518555e+00
2.942533016204833984e+00
2.998077392578125000e+00
3.086456298828125000e+00
3.001228809356689453e+00
2.924766063690185547e+00
2.913791894912719727e+00
2.990282773971557617e+00
2.955862760543823242e+00
2.970225572586059570e+00
2.953677177429199219e+00
2.951951742172241211e+00
2.962043762207031250e+00
2.945652961730957031e+00
2.952637195587158203e+00
2.940282344818115234e+00
2.990428209304809570e+00
3.013693094253540039e+00
3.077723264694213867e+00
3.037828445434570312e+00
3.112400531768798828e+00
2.951797246932983398e+00
2.943548679351806641e+00
2.961894512176513672e+00
2.927685022354125977e+00
3.038817644119262695e+00
3.059275388717651367e+00
3.077274799346923828e+00
3.006618022918701172e+00
3.108835458755493164e+00
2.967855215072631836e+00
3.077651262283325195e+00
2.949350833892822266e+00
2.919073581695556641e+00
2.945652723312377930e+00
2.931798219680786133e+00
2.916602611541748047e+00
2.911970138549804688e+00
2.972711801528930664e+00
3.023356437683105469e+00
2.919872999191284180e+00
2.937911272048950195e+00
3.015785932540893555e+00
3.025434255599975586e+00
3.059865713119506836e+00
3.021502494812011719e+00
2.978263378143310547e+00
3.059232950210571289e+00
3.087941884994506836e+00
2.927756547927856445e+00
3.008394956588745117e+00
2.960883378982543945e+00
2.991416692733764648e+00
3.003495693206787109e+00
3.020352840423583984e+00
2.990034103393554688e+00
2.995046854019165039e+00
2.951432466506958008e+00
2.994915962219238281e+00
3.031002044677734375e+00
2.962386131286621094e+00
2.975477457046508789e+00
2.971336364746093750e+00
3.009336709976196289e+00
2.990701913833618164e+00
2.997941970825195312e+00
3.017998933792114258e+00
2.989911556243896484e+00
3.024379491806030273e+00
2.963751554489135742e+00
3.056943178176879883e+00
3.010192155838012695e+00
3.024359703063964844e+00
3.064770698547363281e+00
3.062033891677856445e+00
2.944804668426513672e+00
2.979770421981811523e+00
2.980925559997558594e+00
2.944332599639892578e+00
2.962223291397094727e+00
2.986029624938964844e+00
2.966006517410278320e+00
2.962876319885253906e+00
2.979508876800537109e+00
2.979294061660766602e+00
