6.135058403015136719e-02
5.491352081298828125e-02
5.595064163208007812e-02
5.839610099792480469e-02
5.425167083740234375e-02
5.726432800292968750e-02
5.980873107910156250e-02
5.817294120788574219e-02
5.891585350036621094e-02
5.733966827392578125e-02
5.843257904052734375e-02
5.968880653381347656e-02
5.726575851440429688e-02
5.855965614318847656e-02
5.885577201843261719e-02
5.566978454589843750e-02
5.822753906250000000e-02
5.742669105529785156e-02
5.619716644287109375e-02
5.767655372619628906e-02
5.617022514343261719e-02
5.781483650207519531e-02
6.161260604858398438e-02
5.745434761047363281e-02
5.484890937805175781e-02
5.957794189453125000e-02
5.935740470886230469e-02
5.687260627746582031e-02
5.711865425109863281e-02
6.144213676452636719e-02
5.787086486816406250e-02
5.649685859680175781e-02
5.569005012512207031e-02
5.800271034240722656e-02
5.672478675842285156e-02
5.709171295166015625e-02
5.760979652404785156e-02
5.913233757019042969e-02
5.941653251647949219e-02
5.621790885925292969e-02
5.856609344482421875e-02
5.880808830261230469e-02
5.782818794250488281e-02
5.816054344177246094e-02
5.882453918457031250e-02
5.733537673950195312e-02
5.682373046875000000e-02
5.721712112426757812e-02
5.935359001159667969e-02
5.924248695373535156e-02
5.746388435363769531e-02
5.728149414062500000e-02
5.665230751037597656e-02
5.566501617431640625e-02
5.709505081176757812e-02
5.792665481567382812e-02
5.655097961425781250e-02
5.737638473510742188e-02
5.697822570800781250e-02
5.538368225097656250e-02
5.703115463256835938e-02
5.717396736145019531e-02
5.720734596252441406e-02
5.805540084838867188e-02
5.685591697692871094e-02
5.750918388366699219e-02
5.845046043395996094e-02
5.618548393249511719e-02
5.732917785644531250e-02
5.676054954528808594e-02
5.696821212768554688e-02
5.569553375244140625e-02
5.737042427062988281e-02
5.785822868347167969e-02
5.679774284362792969e-02
5.863785743713378906e-02
5.504417419433593750e-02
5.871677398681640625e-02
5.550837516784667969e-02
5.568718910217285156e-02
5.758476257324218750e-02
5.605626106262207031e-02
5.680203437805175781e-02
5.651807785034179688e-02
5.696153640747070312e-02
5.612826347351074219e-02
5.747056007385253906e-02
5.597281455993652344e-02
5.928039550781250000e-02
5.611968040466308594e-02
5.448937416076660156e-02
5.527877807617187500e-02
5.554556846618652344e-02
5.558705329895019531e-02
5.508232116699218750e-02
5.572438240051269531e-02
5.555891990661621094e-02
5.480742454528808594e-02
4.026246070861816406e-02
1.721620559692382812e-02
