1.968286613311767574e+00
1.707744545211792087e+00
1.515269634475707949e+00
1.320490846481323199e+00
1.164094238624572730e+00
1.036146940040588271e+00
9.688122069931029978e-01
8.715862915039062075e-01
8.139290450668335009e-01
7.696273457336425539e-01
7.219216937255859001e-01
6.693377959442138314e-01
6.458315976715087725e-01
6.277440451622009476e-01
5.997449628543853883e-01
5.673639493560791447e-01
5.680676464080810506e-01
5.542547709655761823e-01
5.406844009590149325e-01
5.185395302200317413e-01
5.115364162635803735e-01
4.865760523605346943e-01
4.893426032066345299e-01
4.619351812362670895e-01
4.913170032691955291e-01
4.578735163497924532e-01
4.654434305191040289e-01
4.488303647899627435e-01
4.341966607570648118e-01
4.365289254951477127e-01
4.354702196788787782e-01
4.238942729568481171e-01
4.218470280075073409e-01
4.315909825611114470e-01
4.114230934906005777e-01
4.056397293376922675e-01
4.061745906448364085e-01
3.922495819091796898e-01
4.054811307168006973e-01
3.844536388874054134e-01
3.824346315002441488e-01
3.807643187999725232e-01
3.825266167449951071e-01
3.811052121162414319e-01
3.791599117374420125e-01
3.560712257575988637e-01
3.718005641937255912e-01
3.672113758516311610e-01
3.541682540321350325e-01
3.461088991117477476e-01
3.463535277557373004e-01
3.398676350307464622e-01
3.369276654243469338e-01
3.418569560050964129e-01
3.393391033935546641e-01
3.326856261062622333e-01
3.251765617156028854e-01
3.323806403255462616e-01
3.451364314079284901e-01
3.237119585788250098e-01
3.246994828701019187e-01
3.262001342391968040e-01
3.187393439292907638e-01
3.287879645133018336e-01
3.161930218601226583e-01
3.189504532051086194e-01
3.297593730354309027e-01
3.192523985099792738e-01
3.131252725410461624e-01
2.871541259193420292e-01
3.022637196159362882e-01
2.953533013534546114e-01
3.123613278436661034e-01
3.018090373134613147e-01
2.955737701463699296e-01
2.983147419738769734e-01
3.070741399097442481e-01
2.981785183429718211e-01
3.018167912173271294e-01
2.950962738609314018e-01
2.768639614200592014e-01
2.867207723045349099e-01
2.504421977901458707e-01
2.527842596721648905e-01
2.196643343758583056e-01
2.076782002282142603e-01
2.059069358062744215e-01
1.989934826683998070e-01
1.886569362807273831e-01
1.900399551796913278e-01
1.822385852289199748e-01
1.909887129211425838e-01
1.748646565485000581e-01
1.854166760873794673e-01
1.832076026630401477e-01
1.731987852478027445e-01
1.815558587312698369e-01
1.858350526523590007e-01
1.754411656057834612e-01
1.703278959989547592e-01
