2.439999999999999858e+01
3.555199999999999960e+01
4.382399999999999807e+01
5.134400000000000119e+01
5.769599999999999795e+01
6.265599999999999881e+01
6.532800000000000296e+01
6.908799999999999386e+01
7.177599999999999625e+01
7.313599999999999568e+01
7.467199999999999704e+01
7.612800000000000011e+01
7.763200000000000500e+01
7.848000000000000398e+01
7.916800000000000637e+01
8.044799999999999329e+01
8.036799999999999500e+01
8.075199999999999534e+01
8.155200000000000671e+01
8.244799999999999329e+01
8.214400000000000546e+01
8.297599999999999909e+01
8.281600000000000250e+01
8.374399999999999977e+01
8.318399999999999750e+01
8.428799999999999670e+01
8.321599999999999397e+01
8.456000000000000227e+01
8.479999999999999716e+01
8.473600000000000421e+01
8.518399999999999750e+01
8.556799999999999784e+01
8.551999999999999602e+01
8.507200000000000273e+01
8.595199999999999818e+01
8.587199999999999989e+01
8.534399999999999409e+01
8.633599999999999852e+01
8.600000000000000000e+01
8.649599999999999511e+01
8.737600000000000477e+01
8.671999999999999886e+01
8.684799999999999898e+01
8.708799999999999386e+01
8.662399999999999523e+01
8.756799999999999784e+01
8.695999999999999375e+01
8.726399999999999579e+01
8.793600000000000705e+01
8.785599999999999454e+01
8.811199999999999477e+01
8.823999999999999488e+01
8.825600000000000023e+01
8.747199999999999420e+01
8.807999999999999829e+01
8.857599999999999341e+01
8.864000000000000057e+01
8.815999999999999659e+01
8.792000000000000171e+01
8.867199999999999704e+01
8.841599999999999682e+01
8.860800000000000409e+01
8.908799999999999386e+01
8.887999999999999545e+01
8.870399999999999352e+01
8.879999999999999716e+01
8.905599999999999739e+01
8.899200000000000443e+01
8.905599999999999739e+01
8.993600000000000705e+01
8.923199999999999932e+01
9.001600000000000534e+01
8.921599999999999397e+01
8.937600000000000477e+01
9.003199999999999648e+01
8.976000000000000512e+01
8.955200000000000671e+01
8.939199999999999591e+01
8.951999999999999602e+01
8.953600000000000136e+01
9.025600000000000023e+01
8.995199999999999818e+01
9.151999999999999602e+01
9.097599999999999909e+01
9.233599999999999852e+01
9.287999999999999545e+01
9.267199999999999704e+01
9.310399999999999920e+01
9.340800000000000125e+01
9.376000000000000512e+01
9.398399999999999466e+01
9.351999999999999602e+01
9.379200000000000159e+01
9.358400000000000318e+01
9.364799999999999613e+01
9.406399999999999295e+01
9.395199999999999818e+01
9.398399999999999466e+01
9.398399999999999466e+01
9.417600000000000193e+01
