3.746095895767211914e+00
3.072829723358154297e+00
3.144207715988159180e+00
3.101099967956542969e+00
3.140747547149658203e+00
3.151494026184082031e+00
3.101733684539794922e+00
3.124044179916381836e+00
3.005541563034057617e+00
3.052538633346557617e+00
3.190443754196166992e+00
3.052676677703857422e+00
3.011206388473510742e+00
3.000030279159545898e+00
3.014611244201660156e+00
3.019810438156127930e+00
2.992057085037231445e+00
2.999197483062744141e+00
3.085477828979492188e+00
2.969614505767822266e+00
2.965141534805297852e+00
2.920199394226074219e+00
2.910465002059936523e+00
2.920077085494995117e+00
2.907083034515380859e+00
2.906444072723388672e+00
3.013508796691894531e+00
3.100805044174194336e+00
2.925062894821166992e+00
2.908237457275390625e+00
2.926399946212768555e+00
2.931336879730224609e+00
2.996000528335571289e+00
3.043632745742797852e+00
3.024666309356689453e+00
3.084133625030517578e+00
2.916645526885986328e+00
2.935718059539794922e+00
2.854601860046386719e+00
2.877269744873046875e+00
3.028171300888061523e+00
2.969753503799438477e+00
3.063367843627929688e+00
2.965090513229370117e+00
3.060172796249389648e+00
2.911781072616577148e+00
2.992439746856689453e+00
3.085616350173950195e+00
2.861980915069580078e+00
2.936582565307617188e+00
2.917387008666992188e+00
2.907118797302246094e+00
2.916209936141967773e+00
2.976470708847045898e+00
3.019509077072143555e+00
2.896268606185913086e+00
2.944937229156494141e+00
2.977694034576416016e+00
2.991526126861572266e+00
2.972058773040771484e+00
2.963407278060913086e+00
2.916893005371093750e+00
3.002209901809692383e+00
2.966729402542114258e+00
2.879960298538208008e+00
2.913399934768676758e+00
2.862656831741333008e+00
2.864388465881347656e+00
2.864569902420043945e+00
2.881012201309204102e+00
2.848514080047607422e+00
2.857905149459838867e+00
2.878894090652465820e+00
2.925654888153076172e+00
3.005972862243652344e+00
2.964696884155273438e+00
2.960493803024291992e+00
2.972892522811889648e+00
3.035847425460815430e+00
2.924803495407104492e+00
2.998312473297119141e+00
2.958606958389282227e+00
2.924386739730834961e+00
2.973079681396484375e+00
2.974436283111572266e+00
2.973481655120849609e+00
2.886532068252563477e+00
2.984593391418457031e+00
2.983741998672485352e+00
3.038672685623168945e+00
2.994363307952880859e+00
2.979604482650756836e+00
3.178489685058593750e+00
3.215819120407104492e+00
3.212664127349853516e+00
3.204381942749023438e+00
3.229584693908691406e+00
3.229150533676147461e+00
3.176394462585449219e+00
3.240720272064208984e+00
