3.783040046691894531e+00
3.029520034790039062e+00
3.115483522415161133e+00
3.101090192794799805e+00
3.115183115005493164e+00
3.156453847885131836e+00
3.106106281280517578e+00
3.120008230209350586e+00
2.988484144210815430e+00
3.008112907409667969e+00
2.956490278244018555e+00
2.975940465927124023e+00
2.954827308654785156e+00
2.953590631484985352e+00
2.991624116897583008e+00
2.988587856292724609e+00
2.977409124374389648e+00
3.021946191787719727e+00
3.064585208892822266e+00
2.956042289733886719e+00
3.023441553115844727e+00
2.968947887420654297e+00
2.961177110671997070e+00
2.966885566711425781e+00
2.970023393630981445e+00
2.940440893173217773e+00
3.057911157608032227e+00
3.151463031768798828e+00
2.969535827636718750e+00
2.955207824707031250e+00
2.961810588836669922e+00
2.987435817718505859e+00
3.051829338073730469e+00
3.054335594177246094e+00
3.069816112518310547e+00
3.083985328674316406e+00
2.963523626327514648e+00
3.034020423889160156e+00
2.971117019653320312e+00
2.976066112518310547e+00
3.069789171218872070e+00
3.044685840606689453e+00
3.090687990188598633e+00
3.036929130554199219e+00
3.080440282821655273e+00
2.972115755081176758e+00
3.086637496948242188e+00
3.117885112762451172e+00
2.956572294235229492e+00
2.967677116394042969e+00
2.977602720260620117e+00
2.974846839904785156e+00
3.039583444595336914e+00
3.018647670745849609e+00
3.029031038284301758e+00
2.942662954330444336e+00
3.011489868164062500e+00
3.060954332351684570e+00
3.047778367996215820e+00
3.016794681549072266e+00
3.010864496231079102e+00
2.999510765075683594e+00
3.043945789337158203e+00
2.982313871383666992e+00
2.970856189727783203e+00
3.017503499984741211e+00
2.931711912155151367e+00
2.928514719009399414e+00
3.006613492965698242e+00
2.971270561218261719e+00
2.938266277313232422e+00
2.988418340682983398e+00
2.998218774795532227e+00
3.002635955810546875e+00
2.991709470748901367e+00
2.959890365600585938e+00
2.993510007858276367e+00
3.060025691986083984e+00
2.945275545120239258e+00
3.027403593063354492e+00
3.013093948364257812e+00
2.984093189239501953e+00
3.046314716339111328e+00
3.012310028076171875e+00
3.030527353286743164e+00
2.970593929290771484e+00
3.035172462463378906e+00
3.058142185211181641e+00
3.088252067565917969e+00
3.001416683197021484e+00
2.987394809722900391e+00
2.962097167968750000e+00
2.987238407135009766e+00
2.977400779724121094e+00
2.986592531204223633e+00
2.966247558593750000e+00
2.969959974288940430e+00
2.945731163024902344e+00
3.014392852783203125e+00
2.936680793762207031e+00
