0.000000000000000000e+00
4.000000000000000222e-01
2.000000000000000111e-01
6.399999977111816563e+00
8.200000015258789077e+00
1.359999998474121163e+01
7.459999951171874955e+01
2.859999975585937548e+01
7.999999994277954052e+00
7.159999999999999432e+01
2.180000003051757673e+01
6.439999978637695222e+01
3.159999990844726625e+01
6.660000006103516057e+01
4.179999972534179875e+01
4.460000006103515346e+01
2.999999984741210923e+01
9.479999963378905647e+01
9.800000007629394716e+00
4.059999978637695506e+01
3.239999975585937619e+01
6.799999984741211279e+01
6.720000012207030693e+01
4.279999987792968597e+01
6.280000012207031546e+01
6.680000006103514920e+01
5.600000003051757602e+01
8.239999987792968739e+01
3.379999987792968597e+01
6.299999975585937761e+01
1.960000003051757744e+01
8.860000012207031261e+01
9.799999977111816918e+00
3.579999984741210994e+01
9.459999938964843125e+01
8.679999945068360034e+01
6.079999969482421562e+01
6.479999975585937477e+01
5.479999987792968597e+01
3.739999987792968739e+01
7.400000006103515204e+01
5.439999990844726341e+01
6.959999975585937193e+01
8.479999993896484511e+01
2.579999989318847753e+01
5.599999994277953697e+00
9.859999969482421989e+01
6.119999978637695648e+01
4.640000006103515773e+01
9.920000000000000284e+01
6.319999969482422131e+01
5.479999996948242114e+01
3.119999984741210852e+01
3.479999978637695079e+01
3.499999990844726483e+01
9.640000012207030977e+01
7.899999945068358898e+01
8.579999993896484511e+01
8.459999993896484227e+01
5.260000003051757744e+01
6.000000007629394894e+00
5.000000000000000000e+01
8.139999951171874670e+01
8.879999975585937477e+01
8.799999938964843693e+01
8.639999975585936909e+01
9.139999981689453534e+01
7.839999963378906500e+01
4.119999978637695648e+01
8.880000012207031546e+01
8.939999969482421704e+01
7.899999987792968170e+01
5.499999978637695364e+01
9.900000000000000000e+01
2.239999993896484298e+01
4.860000003051757744e+01
9.979999999999999716e+01
9.279999969482422273e+01
6.960000012207031261e+01
7.839999993896483943e+01
8.459999999999999432e+01
8.579999987792969307e+01
9.740000006103515773e+01
9.319999938964843977e+01
9.519999969482421420e+01
9.540000006103515773e+01
9.520000006103515489e+01
9.639999969482421704e+01
9.439999969482421704e+01
9.619999963378906216e+01
9.219999975585938046e+01
9.279999969482422273e+01
9.339999938964844262e+01
9.619999963378906216e+01
9.579999999999999716e+01
9.359999981689453818e+01
9.280000006103514920e+01
9.319999945068359182e+01
9.520000012207030693e+01
9.240000012207030977e+01
9.639999963378906500e+01
9.280000006103514920e+01
9.339999963378906500e+01
9.079999975585937477e+01
9.799999963378905932e+01
9.639999969482421704e+01
9.640000000000000568e+01
9.379999981689452682e+01
9.159999963378906784e+01
9.259999969482421989e+01
9.500000006103515204e+01
9.179999969482422273e+01
9.339999938964844262e+01
9.440000006103515773e+01
9.320000012207030693e+01
9.600000006103515204e+01
9.259999969482421989e+01
9.220000012207030693e+01
9.619999969482421420e+01
9.400000006103515204e+01
9.680000006103514920e+01
9.460000006103516057e+01
9.600000006103515204e+01
9.840000012207030977e+01
9.840000000000000568e+01
9.879999999999999716e+01
9.859999999999999432e+01
9.720000006103515489e+01
9.599999963378905932e+01
9.519999963378906216e+01
9.560000012207031261e+01
9.559999969482421989e+01
9.419999969482421420e+01
9.440000006103515773e+01
9.439999975585936909e+01
9.540000006103515773e+01
9.559999969482421989e+01
9.440000006103515773e+01
9.579999969482422273e+01
9.579999969482422273e+01
9.479999963378905647e+01
9.419999963378906216e+01
9.459999963378906784e+01
9.420000006103515489e+01
9.519999969482421420e+01
9.580000012207031546e+01
9.440000012207030977e+01
9.539999969482421704e+01
9.480000012207031546e+01
9.479999969482422273e+01
9.539999969482421704e+01
9.600000006103515204e+01
9.520000006103515489e+01
9.599999963378905932e+01
9.459999975585937193e+01
9.439999969482421704e+01
9.440000006103515773e+01
9.440000012207030977e+01
9.579999999999999716e+01
9.439999975585936909e+01
9.559999999999999432e+01
9.460000012207031261e+01
9.520000012207030693e+01
9.579999975585937477e+01
9.560000006103516057e+01
9.439999969482421704e+01
9.539999969482421704e+01
9.400000006103515204e+01
9.540000012207030977e+01
9.500000012207031830e+01
9.539999938964844262e+01
9.559999969482421989e+01
9.519999969482421420e+01
9.520000012207030693e+01
9.519999963378906216e+01
9.420000012207030693e+01
9.560000006103516057e+01
9.539999969482421704e+01
9.479999963378905647e+01
9.419999969482421420e+01
9.519999963378906216e+01
9.600000006103515204e+01
9.600000000000000000e+01
9.600000006103515204e+01
9.599999969482422557e+01
9.559999963378906784e+01
9.560000012207031261e+01
9.579999969482422273e+01
9.640000006103515773e+01
9.480000006103514920e+01
9.560000006103516057e+01
9.500000006103515204e+01
9.479999963378905647e+01
9.519999963378906216e+01
9.539999963378906500e+01
9.600000012207031830e+01
9.560000006103516057e+01
9.599999969482422557e+01
9.579999963378905647e+01
9.480000006103514920e+01
