9.599999984741211634e+00
0.000000000000000000e+00
4.000000000000000222e-01
2.199999994277954229e+00
1.199999988555908281e+00
2.479999990844726554e+01
4.199999977111816385e+00
3.219999975585937335e+01
1.260000000762939365e+01
3.599999988555908192e+00
1.000000000000000000e+00
1.199999994659423841e+01
1.599999994277954141e+00
1.259999998474121163e+01
9.800000007629394716e+00
2.719999999999999929e+01
1.359999998474121163e+01
5.799999977111816030e+00
1.560000001525878943e+01
2.400000007629394361e+00
1.699999995422363241e+01
4.799999988555907926e+00
1.039999998474121057e+01
5.799999988555907926e+00
6.999999988555908104e+00
2.400000007629394361e+00
4.599999988555908637e+00
5.000000007629394894e+00
3.639999999999999858e+01
7.999999977111816207e+00
4.599999988555908637e+00
9.099999969482422557e+01
7.419999975585938046e+01
3.259999987792969023e+01
2.199999988555908281e+00
1.020000001525878908e+01
1.139999995422363277e+01
4.939999996948242256e+01
6.599999946594238054e+00
7.399999946594237876e+00
3.199999988555908281e+00
5.200000007629394183e+00
5.619999978637695648e+01
8.400000007629394361e+00
4.400000007629394361e+00
4.299999975585937761e+01
5.039999984741211136e+01
4.999999988555908104e+00
1.199999997711181621e+01
2.600000003051757957e+01
1.579999995422363313e+01
1.039999997711181656e+01
3.799999994277954318e+00
5.399999988555908459e+00
3.999999994277954052e+00
5.200000007629394183e+00
3.479999981689453392e+01
1.719999995422363170e+01
1.159999994659423805e+01
3.200000007629394627e+00
2.760000000000000142e+01
2.599999988555908192e+00
1.280000001525878872e+01
2.399999988555908015e+00
2.399999981689452966e+01
2.019999999999999929e+01
5.799999977111816030e+00
1.600000000000000000e+01
3.999999942779540740e-01
2.819999987792968810e+01
6.800000007629394716e+00
2.960000003051757744e+01
1.459999998474121163e+01
1.219999992370605391e+01
2.239999986267089938e+01
1.240000001525878837e+01
2.060000003051757744e+01
2.280000003051757673e+01
4.399999978637695364e+01
1.019999995422363348e+01
1.479999994659423912e+01
1.899999992370605639e+01
2.919999999999999929e+01
4.179999978637695079e+01
5.200000000000000000e+01
5.699999984741211279e+01
6.480000006103514920e+01
6.999999993896484796e+01
7.219999963378906216e+01
7.279999999999999716e+01
6.899999969482422557e+01
7.159999957275390159e+01
6.779999975585937477e+01
7.000000000000000000e+01
6.879999969482422273e+01
7.439999978637695222e+01
6.099999978637695364e+01
6.780000006103514920e+01
6.600000000000000000e+01
7.360000006103516057e+01
6.139999987792968739e+01
7.399999975585937761e+01
6.539999993896483943e+01
6.140000012207030977e+01
6.280000006103515631e+01
5.839999978637695222e+01
6.240000012207030977e+01
6.099999975585937761e+01
6.939999981689453534e+01
6.619999978637694937e+01
5.999999990844726483e+01
6.260000006103515346e+01
6.819999975585938046e+01
6.579999999999999716e+01
6.380000006103515631e+01
6.040000012207030977e+01
6.759999957275390159e+01
6.439999993896483943e+01
5.599999969482421847e+01
6.739999975585936909e+01
6.740000006103515773e+01
8.359999981689453818e+01
7.819999987792968454e+01
7.919999945068359182e+01
8.559999945068359750e+01
8.740000012207030977e+01
8.599999938964843693e+01
8.780000012207031546e+01
9.020000000000000284e+01
8.759999975585937193e+01
8.959999951171874955e+01
8.839999987792968739e+01
8.599999981689452966e+01
8.779999969482422273e+01
8.679999938964843409e+01
8.479999945068360034e+01
8.559999945068359750e+01
8.719999945068359182e+01
8.579999945068360034e+01
8.599999987792968170e+01
8.539999938964844262e+01
8.580000012207031546e+01
8.579999975585937477e+01
8.539999981689453534e+01
8.539999951171874670e+01
8.519999938964843977e+01
8.599999981689452966e+01
8.439999993896483943e+01
8.539999993896483943e+01
8.459999938964843125e+01
8.579999975585937477e+01
8.539999975585936909e+01
8.579999987792969307e+01
8.359999945068359750e+01
8.459999945068359750e+01
8.459999981689453818e+01
8.659999945068359750e+01
8.459999975585937193e+01
8.539999975585936909e+01
8.519999945068359182e+01
8.459999938964843125e+01
8.520000012207030693e+01
8.639999975585936909e+01
8.419999987792968454e+01
8.639999938964844262e+01
8.779999981689452682e+01
8.779999975585937477e+01
8.799999938964843693e+01
8.639999951171874670e+01
8.739999938964844262e+01
8.539999938964844262e+01
8.479999951171875239e+01
8.459999957275390159e+01
8.719999945068359182e+01
8.519999987792968454e+01
8.459999938964843125e+01
8.459999951171874955e+01
8.519999981689453250e+01
8.699999981689452966e+01
8.679999975585937477e+01
8.699999981689452966e+01
8.519999975585938046e+01
8.479999945068360034e+01
8.540000012207030977e+01
8.559999945068359750e+01
8.659999945068359750e+01
8.559999938964843125e+01
8.539999987792968739e+01
8.599999981689452966e+01
8.579999999999999716e+01
8.779999945068360034e+01
8.619999981689453250e+01
8.339999987792968739e+01
8.659999975585937193e+01
8.439999981689453534e+01
8.539999987792968739e+01
8.479999945068360034e+01
8.679999957275390443e+01
8.460000012207031261e+01
8.700000012207031830e+01
