0.000000000000000000e+00
2.000000000000000111e-01
4.000000000000000222e-01
5.399999977111816563e+00
1.999999942779540907e-01
2.000000000000000111e-01
8.000000000000000444e-01
1.799999998474121199e+01
4.999999984741211279e+01
5.799999988555907926e+00
1.199999999999999956e+00
1.799999994277954096e+00
1.139999995422363277e+01
7.200000007629394183e+00
2.219999986267090009e+01
9.999999954223632415e+00
1.399999999999999911e+00
4.800000007629394716e+00
3.559999984741210710e+01
7.599999977111816740e+00
2.579999993896484511e+01
1.400000000000000000e+01
5.599999977111816740e+00
5.599999977111816740e+00
1.140000001525878837e+01
1.519999998474121128e+01
1.119999992370605391e+01
2.339999999999999858e+01
6.200000007629394183e+00
1.599999988555908192e+00
4.800000007629394716e+00
3.599999987792968881e+01
1.199999997711181621e+01
2.639999996948242256e+01
1.259999994659423805e+01
2.799999988555908370e+00
5.799999988555907926e+00
6.400000007629394361e+00
3.399999999999999911e+00
8.799999977111816918e+00
1.180000001525878872e+01
5.799999977111816030e+00
5.399999946594237876e+00
1.779999995422363313e+01
2.299999986267089724e+01
3.559999981689453108e+01
1.779999994659423734e+01
1.039999997711181656e+01
2.160000000000000142e+01
2.919999990844726412e+01
6.799999977111816030e+00
1.020000001525878908e+01
4.719999975585937335e+01
1.840000003051757815e+01
3.179999993896484511e+01
4.999999988555908104e+00
1.160000003051757744e+01
1.499999992370605462e+01
4.839999996948242256e+01
2.059999989318847824e+01
1.739999994659423876e+01
3.199999988555908281e+00
1.359999998474121163e+01
6.239999999999999858e+01
3.039999981689453179e+01
1.079999998474121092e+01
6.599999977111816740e+00
8.019999981689453250e+01
2.539999990844726696e+01
2.259999995422363384e+01
2.319999998474121128e+01
4.420000003051757886e+01
2.859999984741211065e+01
5.639999975585937619e+01
2.339999993896484298e+01
2.119999999999999929e+01
2.939999999999999858e+01
3.459999984741210710e+01
2.659999996948242185e+01
8.399999988555908459e+00
3.699999981689452966e+01
2.360000003051757744e+01
4.940000003051757460e+01
6.600000012207031830e+01
7.379999987792969307e+01
7.779999963378905647e+01
7.599999963378905932e+01
7.479999957275390443e+01
7.499999987792968170e+01
7.599999963378905932e+01
7.479999957275390443e+01
7.280000006103514920e+01
7.400000000000000000e+01
7.480000012207031546e+01
7.379999993896484511e+01
7.759999957275390159e+01
7.679999969482422273e+01
7.320000006103515489e+01
7.239999975585936909e+01
7.139999993896483943e+01
8.199999963378905932e+01
4.779999978637695079e+01
7.700000000000000000e+01
7.339999987792968739e+01
7.239999993896483943e+01
7.439999951171874670e+01
8.160000006103516057e+01
7.119999969482421420e+01
6.620000012207030693e+01
7.040000006103515773e+01
7.679999987792969307e+01
7.399999993896484796e+01
7.679999999999999716e+01
7.280000012207031546e+01
7.179999993896484511e+01
7.519999951171874386e+01
7.319999957275391012e+01
7.179999951171875239e+01
7.459999969482421989e+01
7.719999951171874386e+01
6.979999963378905647e+01
7.240000006103515773e+01
7.059999993896484227e+01
8.059999951171874955e+01
8.159999975585937193e+01
8.399999938964843693e+01
8.760000012207031261e+01
8.939999963378906500e+01
8.840000012207030977e+01
9.000000012207031830e+01
8.959999969482421989e+01
9.020000012207030693e+01
9.120000012207030693e+01
9.139999938964844262e+01
9.239999963378906500e+01
8.999999981689452966e+01
8.679999938964843409e+01
8.739999975585936909e+01
8.839999945068359466e+01
8.899999981689452966e+01
8.919999969482421420e+01
8.679999987792969307e+01
8.759999975585937193e+01
8.700000012207031830e+01
8.639999981689453534e+01
8.639999987792968739e+01
8.779999951171875239e+01
8.899999981689452966e+01
8.779999945068360034e+01
8.859999981689453818e+01
8.719999981689453250e+01
8.719999981689453250e+01
8.719999938964843977e+01
8.759999938964843125e+01
8.719999951171874386e+01
8.759999975585937193e+01
8.759999987792969023e+01
8.659999945068359750e+01
8.819999987792968454e+01
8.639999969482421704e+01
8.859999945068359750e+01
8.839999975585936909e+01
8.580000012207031546e+01
8.659999938964843125e+01
8.939999975585936909e+01
8.879999957275390443e+01
9.019999975585938046e+01
8.600000012207031830e+01
8.739999975585936909e+01
8.740000012207030977e+01
8.699999969482422557e+01
8.759999969482421989e+01
8.679999981689452682e+01
8.719999969482421420e+01
8.739999938964844262e+01
8.679999969482422273e+01
8.919999981689453250e+01
8.859999969482421989e+01
8.899999969482422557e+01
8.879999981689452682e+01
8.759999981689453818e+01
8.799999945068358898e+01
8.899999987792968170e+01
9.120000012207030693e+01
8.639999969482421704e+01
8.919999981689453250e+01
8.599999981689452966e+01
8.759999938964843125e+01
8.919999975585938046e+01
9.059999975585937193e+01
8.899999969482422557e+01
8.839999987792968739e+01
8.859999975585937193e+01
8.939999975585936909e+01
8.819999975585938046e+01
8.839999981689453534e+01
8.860000012207031261e+01
8.880000012207031546e+01
8.920000012207030693e+01
8.779999981689452682e+01
