2.519999990844726412e+01
5.999999999999999778e-01
1.600000000000000089e+00
2.160000003051757744e+01
3.779999984741210994e+01
3.600000000000000089e+00
6.999999954223632415e+00
8.999999946594238409e+00
1.420000001525878908e+01
2.000000000000000111e-01
3.999999977111816207e+00
8.800000015258788721e+00
5.199999981689452966e+01
4.999999988555908104e+00
1.239999994659423876e+01
6.399999988555908459e+00
7.199999946594238587e+00
9.799999946594239120e+00
4.799999977111816030e+00
2.199999992370605639e+01
7.400000007629394361e+00
7.999999942779540962e-01
7.000000007629394894e+00
1.419999995422363348e+01
3.799999988555908370e+00
1.739999998474121057e+01
4.399999994277954407e+00
1.539999989318847717e+01
4.199999994277954229e+00
1.399999997711181621e+01
3.999999977111816207e+00
4.399999977111816563e+00
7.199999946594238587e+00
3.399999977111816563e+00
4.799999999999999822e+00
2.400000000000000000e+01
1.359999995422363206e+01
1.279999989318847575e+01
3.199999993896484440e+01
4.000000000000000222e-01
1.519999999999999929e+01
3.599999994277954141e+00
1.059999998474121163e+01
1.119999999427795423e+01
4.239999981689452824e+01
3.859999975585937193e+01
2.099999987792968881e+01
2.100000000000000000e+01
5.199999994277954229e+00
2.039999995422363455e+01
3.319999996948241971e+01
5.000000003051757602e+01
3.239999981689452824e+01
6.219999978637695648e+01
7.600000015258789432e+00
5.399999988555908459e+00
5.280000006103515631e+01
1.399999994659423841e+01
1.980000001525878872e+01
4.640000003051757460e+01
3.139999981689453179e+01
9.799999977111816918e+00
9.619999969482421420e+01
2.000000007629394450e+00
1.499999995422363241e+01
3.200000000000000178e+00
5.400000007629394361e+00
1.740000000762939436e+01
1.859999998474120986e+01
3.179999996948242114e+01
2.879999993896484511e+01
5.439999978637695222e+01
2.399999987792968881e+01
2.560000000000000142e+01
2.859999984741211065e+01
1.039999994659423876e+01
1.479999994659423912e+01
5.360000000000000142e+01
1.560000003051757744e+01
1.299999998855590810e+01
5.619999978637695648e+01
2.019999989318847611e+01
2.159999992370605426e+01
3.259999996948242540e+01
4.819999993896484369e+01
5.339999984741211136e+01
5.660000012207031261e+01
6.959999993896484227e+01
7.459999987792969023e+01
7.279999993896484511e+01
7.919999963378906216e+01
7.779999999999999716e+01
7.559999999999999432e+01
7.059999951171874955e+01
8.059999938964843125e+01
7.359999999999999432e+01
7.080000006103514920e+01
7.400000000000000000e+01
7.059999981689453818e+01
7.399999993896484796e+01
6.679999984741210994e+01
7.079999999999999716e+01
7.299999951171875523e+01
7.419999957275391012e+01
7.739999957275391296e+01
6.879999981689452682e+01
7.060000006103516057e+01
7.460000012207031261e+01
7.759999978637695506e+01
7.559999963378906784e+01
7.120000000000000284e+01
7.520000000000000284e+01
7.819999957275391012e+01
7.099999984741211279e+01
7.079999963378905647e+01
6.980000006103514920e+01
7.140000012207030977e+01
7.279999957275390443e+01
8.459999951171874955e+01
7.739999957275391296e+01
6.759999969482421989e+01
7.159999969482421989e+01
7.600000006103515204e+01
7.599999945068358898e+01
7.839999957275391296e+01
8.059999945068359750e+01
8.519999951171874386e+01
8.779999945068360034e+01
8.939999938964844262e+01
8.939999945068359466e+01
9.059999981689453818e+01
8.919999981689453250e+01
9.019999969482421420e+01
8.779999981689452682e+01
8.919999938964843977e+01
8.820000012207030693e+01
8.799999945068358898e+01
8.619999975585938046e+01
8.799999938964843693e+01
8.699999987792968170e+01
8.700000012207031830e+01
8.839999938964844262e+01
8.619999938964843977e+01
8.639999987792968739e+01
8.499999993896484796e+01
8.619999938964843977e+01
8.799999975585937761e+01
8.619999951171874386e+01
8.799999938964843693e+01
8.859999938964843125e+01
8.699999945068358898e+01
9.020000012207030693e+01
8.779999945068360034e+01
8.959999987792969023e+01
8.720000012207030693e+01
8.479999945068360034e+01
8.539999981689453534e+01
8.619999981689453250e+01
8.899999938964843693e+01
8.419999981689453250e+01
8.679999945068360034e+01
8.720000012207030693e+01
8.939999938964844262e+01
8.719999938964843977e+01
8.679999938964843409e+01
8.919999938964843977e+01
8.839999938964844262e+01
8.679999938964843409e+01
8.779999945068360034e+01
8.779999957275390443e+01
8.840000006103515773e+01
8.919999969482421420e+01
8.860000006103516057e+01
8.659999945068359750e+01
8.839999945068359466e+01
8.999999945068358898e+01
8.959999975585937193e+01
9.120000012207030693e+01
9.039999945068359466e+01
8.839999945068359466e+01
8.979999987792969307e+01
8.919999963378906216e+01
8.879999975585937477e+01
8.979999938964843409e+01
8.879999975585937477e+01
8.899999987792968170e+01
8.819999987792968454e+01
8.259999951171874955e+01
8.699999981689452966e+01
8.959999969482421989e+01
8.959999969482421989e+01
8.799999975585937761e+01
8.959999969482421989e+01
8.679999938964843409e+01
8.879999975585937477e+01
8.659999987792969023e+01
9.079999975585937477e+01
8.920000012207030693e+01
8.879999975585937477e+01
8.979999963378905647e+01
