0.000000000000000000e+00
0.000000000000000000e+00
8.000000000000000444e-01
1.399999988555908237e+00
2.200000000000000178e+00
4.199999988555908281e+00
1.800000000000000044e+00
1.999999988555908104e+00
6.200000015258789077e+00
4.000000000000000222e-01
3.199999988555908281e+00
5.199999988555908281e+00
9.599999946594238054e+00
4.599999946594238054e+00
7.400000007629394361e+00
1.799999994277954096e+00
7.400000007629394361e+00
9.799999977111816918e+00
1.619999992370605568e+01
2.000000000000000111e-01
7.000000007629394894e+00
1.040000001525878837e+01
8.399999977111816563e+00
3.399999988555908015e+00
2.259999989318847824e+01
2.059999989318847824e+01
6.359999957275390869e+01
9.199999893188476108e+00
2.319999989318847611e+01
7.999999977111816207e+00
1.479999992370605533e+01
1.739999995422363455e+01
4.199999994277954229e+00
3.439999969482421704e+01
1.819999995422363170e+01
2.600000007629394538e+00
2.180000003051757673e+01
1.319999998474121128e+01
6.200000007629394183e+00
1.079999998474121092e+01
2.460000003051757744e+01
1.399999989318847682e+01
1.699999986267089724e+01
1.119999998474121128e+01
5.340000003051757460e+01
8.399999977111816563e+00
4.199999994277954229e+00
8.399999946594238764e+00
1.500000001525878979e+01
6.559999981689453818e+01
2.919999993896484369e+01
2.779999981689453037e+01
4.979999996948242114e+01
2.339999999999999858e+01
2.599999988555908192e+00
4.800000015258788721e+00
3.539999975585937619e+01
2.839999996948242256e+01
1.119999998474121128e+01
4.799999988555907926e+00
1.399999998474121021e+01
2.979999969482421918e+01
4.800000007629394716e+00
3.019999999999999929e+01
1.259999992370605426e+01
1.259999995422363206e+01
1.259999997711181585e+01
1.839999992370605497e+01
0.000000000000000000e+00
3.259999975585937193e+01
3.059999981689453108e+01
2.259999984741211065e+01
2.039999999999999858e+01
6.600000007629394538e+00
3.999999994277954052e+00
9.799999946594239120e+00
1.359999992370605426e+01
1.419999997711181727e+01
2.399999999999999911e+00
1.200000001525878979e+01
1.039999992370605497e+01
1.779999992370605355e+01
3.019999987792968810e+01
3.879999999999999716e+01
3.759999987792969023e+01
5.019999978637695648e+01
5.959999990844726625e+01
6.519999990844726767e+01
6.740000012207030977e+01
7.059999975585937193e+01
6.659999987792969023e+01
6.419999984741211563e+01
6.440000012207030977e+01
6.360000006103515346e+01
7.279999999999999716e+01
6.640000000000000568e+01
6.919999987792968454e+01
6.999999975585937761e+01
6.879999978637695790e+01
6.999999975585937761e+01
6.619999957275391012e+01
7.200000012207031830e+01
6.640000012207030977e+01
6.519999969482421420e+01
5.759999987792969023e+01
6.760000012207031261e+01
6.899999978637694653e+01
7.160000012207031261e+01
6.000000012207031119e+01
6.239999978637695222e+01
5.779999981689453392e+01
7.239999993896483943e+01
6.739999984741210426e+01
6.199999984741211279e+01
7.000000012207031830e+01
6.879999969482422273e+01
7.140000000000000568e+01
6.600000012207031830e+01
7.179999975585937477e+01
6.720000012207030693e+01
6.219999987792968454e+01
6.099999987792968881e+01
7.139999963378906500e+01
7.319999957275391012e+01
7.519999978637694937e+01
7.659999969482421989e+01
7.619999969482421420e+01
7.980000006103514920e+01
8.439999981689453534e+01
8.079999993896484511e+01
8.319999987792968454e+01
7.979999945068360034e+01
8.179999957275390443e+01
8.159999987792969023e+01
8.239999938964844262e+01
8.439999981689453534e+01
8.299999993896484796e+01
8.219999938964843977e+01
8.319999987792968454e+01
8.139999987792968739e+01
8.240000006103515773e+01
8.519999981689453250e+01
8.479999981689452682e+01
8.219999987792968454e+01
8.459999951171874955e+01
8.319999945068359182e+01
8.540000012207030977e+01
8.499999951171875523e+01
8.419999945068359182e+01
8.439999945068359466e+01
8.359999945068359750e+01
8.179999993896484511e+01
8.359999951171874955e+01
8.439999993896483943e+01
8.259999951171874955e+01
8.320000006103515489e+01
8.299999945068358898e+01
8.179999951171875239e+01
8.279999999999999716e+01
7.999999993896484796e+01
8.320000000000000284e+01
8.539999938964844262e+01
8.519999945068359182e+01
8.459999975585937193e+01
8.319999951171874386e+01
8.539999951171874670e+01
8.459999987792969023e+01
8.379999938964843409e+01
8.420000012207030693e+01
8.259999945068359750e+01
8.479999957275390443e+01
8.299999945068358898e+01
8.279999987792969307e+01
8.259999957275390159e+01
8.419999945068359182e+01
8.379999993896484511e+01
8.519999981689453250e+01
8.519999981689453250e+01
8.439999975585936909e+01
8.399999975585937761e+01
8.379999951171875239e+01
8.579999981689452682e+01
8.479999999999999716e+01
8.459999938964843125e+01
8.439999987792968739e+01
8.299999993896484796e+01
8.539999938964844262e+01
8.539999963378906500e+01
8.459999945068359750e+01
8.459999993896484227e+01
8.479999987792969307e+01
8.659999975585937193e+01
8.579999981689452682e+01
8.439999938964844262e+01
8.499999951171875523e+01
8.519999945068359182e+01
8.459999945068359750e+01
8.459999981689453818e+01
8.379999945068360034e+01
8.520000000000000284e+01
