7.599999984741210746e+00
1.279999992370605533e+01
0.000000000000000000e+00
2.599999988555908192e+00
1.000000000000000000e+00
1.199999999999999956e+00
4.600000007629394538e+00
3.999999994277954052e+00
5.199999977111816385e+00
8.000000000000000444e-01
7.800000007629394716e+00
6.459999978637695506e+01
2.799999988555908370e+00
1.119999994659423770e+01
3.399999994277953963e+00
2.000000000000000111e-01
1.720000001525878730e+01
3.200000015258789077e+00
5.400000007629394361e+00
5.400000007629394361e+00
3.399999999999999911e+00
9.400000007629394361e+00
7.799999946594238232e+00
5.799999946594238232e+00
1.660000000000000142e+01
2.000000000000000111e-01
8.699999938964843693e+01
3.600000007629394538e+00
2.179999986267089795e+01
3.019999999999999929e+01
3.119999990844726412e+01
1.259999995422363206e+01
8.999999977111816207e+00
5.400000007629394361e+00
2.119999995422363170e+01
5.400000007629394361e+00
6.400000015258789254e+00
1.219999998474121128e+01
1.639999989318847540e+01
1.139999994659423876e+01
8.999999977111816207e+00
2.059999992370605426e+01
9.200000015258789077e+00
1.759999989318847824e+01
1.059999998474121163e+01
1.920000000762939507e+01
2.199999996948242043e+01
2.359999986267089866e+01
3.199999992370605639e+01
4.839999999999999858e+01
2.199999994277954229e+00
2.679999986267089795e+01
1.140000001525878837e+01
6.199999946594238587e+00
2.879999984741210994e+01
9.399999984741210568e+00
2.919999990844726412e+01
1.360000001525878943e+01
1.019999994659423770e+01
2.099999992370605639e+01
9.999999984741210213e+00
2.420000003051757886e+01
2.479999996948242114e+01
2.380000003051757673e+01
2.479999992370605355e+01
2.679999987792968597e+01
3.879999969482421562e+01
8.199999945068358898e+01
5.679999987792968597e+01
9.399999977111816563e+00
1.099999994659423841e+01
2.480000003051757673e+01
6.199999987792968881e+01
2.039999989318847540e+01
5.799999977111816030e+00
6.600000007629394538e+00
9.800000007629394716e+00
2.360000000000000142e+01
4.239999981689452824e+01
1.419999995422363348e+01
2.659999996948242185e+01
5.779999996948242114e+01
6.479999981689452682e+01
6.860000012207031261e+01
7.539999951171874670e+01
7.999999963378905932e+01
7.599999993896484796e+01
7.779999993896484511e+01
7.999999957275390727e+01
7.499999978637694653e+01
7.439999963378906500e+01
7.619999951171874386e+01
8.319999993896485080e+01
7.719999987792968454e+01
7.719999957275391012e+01
8.139999938964844262e+01
8.259999987792969023e+01
7.459999957275390159e+01
7.320000000000000284e+01
7.619999951171874386e+01
8.239999993896483943e+01
7.839999957275391296e+01
7.779999987792969307e+01
7.860000006103516057e+01
7.839999951171874670e+01
7.879999969482422273e+01
8.040000006103515773e+01
7.759999963378906784e+01
7.840000006103515773e+01
8.079999978637695790e+01
5.859999981689453108e+01
7.279999963378905647e+01
8.079999945068360034e+01
7.899999987792968170e+01
7.959999951171874955e+01
7.800000006103515204e+01
8.239999951171874670e+01
7.979999978637695790e+01
7.999999993896484796e+01
7.159999999999999432e+01
7.299999975585937761e+01
8.459999987792969023e+01
8.519999987792968454e+01
8.999999938964843693e+01
8.979999969482422273e+01
8.999999981689452966e+01
8.959999981689453818e+01
8.959999969482421989e+01
8.939999975585936909e+01
9.000000000000000000e+01
8.960000012207031261e+01
8.959999957275390159e+01
8.840000006103515773e+01
8.900000012207031830e+01
8.879999945068360034e+01
8.880000012207031546e+01
8.780000012207031546e+01
8.919999969482421420e+01
9.059999975585937193e+01
8.859999981689453818e+01
8.979999975585937477e+01
8.899999938964843693e+01
9.040000012207030977e+01
8.999999981689452966e+01
8.960000006103516057e+01
8.979999987792969307e+01
8.959999969482421989e+01
8.939999969482421704e+01
8.860000006103516057e+01
8.919999969482421420e+01
8.939999975585936909e+01
8.939999945068359466e+01
8.939999981689453534e+01
8.740000012207030977e+01
8.919999981689453250e+01
9.000000012207031830e+01
8.939999975585936909e+01
8.959999969482421989e+01
8.979999969482422273e+01
9.040000012207030977e+01
9.019999938964843977e+01
9.060000012207031261e+01
9.039999938964844262e+01
8.940000006103515773e+01
8.979999938964843409e+01
9.039999938964844262e+01
8.940000006103515773e+01
8.960000012207031261e+01
8.979999987792969307e+01
8.839999975585936909e+01
9.079999981689452682e+01
8.779999938964843409e+01
8.959999993896484227e+01
8.959999969482421989e+01
9.039999987792968739e+01
8.999999963378905932e+01
9.039999969482421704e+01
8.960000006103516057e+01
8.899999975585937761e+01
9.039999981689453534e+01
8.879999981689452682e+01
9.019999938964843977e+01
9.059999938964843125e+01
9.020000012207030693e+01
8.979999975585937477e+01
9.039999981689453534e+01
9.019999938964843977e+01
8.960000012207031261e+01
9.039999945068359466e+01
9.100000006103515204e+01
8.959999938964843125e+01
9.020000006103515489e+01
8.999999945068358898e+01
9.059999938964843125e+01
8.919999975585938046e+01
8.979999981689452682e+01
9.039999981689453534e+01
8.879999975585937477e+01
9.080000006103514920e+01
9.039999975585936909e+01
