1.320000000762939507e+01
2.599999988555908192e+00
9.599999946594238054e+00
7.800000007629394716e+00
3.200000007629394627e+00
5.400000015258789254e+00
2.399999994277953963e+00
1.799999988555908148e+00
2.199999988555908281e+00
7.599999977111816740e+00
9.800000015258788721e+00
1.720000003051757886e+01
2.699999990844726483e+01
8.199999946594237699e+00
8.399999946594238764e+00
7.999999977111816207e+00
1.419999995422363348e+01
4.799999988555907926e+00
9.799999984741210923e+00
2.919999987792968810e+01
6.199999977111816385e+00
7.199999988555908281e+00
5.900000000000000000e+01
2.779999984741210994e+01
1.359999992370605426e+01
2.239999992370605497e+01
1.379999986267089795e+01
3.000000003051757957e+01
3.759999981689453108e+01
9.799999946594239120e+00
2.579999987792968597e+01
6.999999988555908104e+00
1.499999998474121021e+01
1.879999986267089795e+01
1.159999997711181585e+01
1.339999992370605497e+01
2.819999986267090009e+01
6.600000015258789432e+00
2.539999992370605497e+01
6.799999994277953874e+00
2.739999999999999858e+01
2.160000003051757744e+01
1.399999988555908237e+00
3.539999975585937619e+01
2.119999989318847611e+01
1.439999994659423876e+01
8.819999969482421420e+01
1.619999995422363170e+01
2.460000000000000142e+01
5.999999988555908104e+00
3.519999975585937335e+01
8.600000015258789432e+00
8.199999946594237699e+00
1.459999994659423805e+01
1.399999998474121021e+01
5.520000003051757886e+01
1.419999995422363348e+01
1.739999998474121057e+01
7.920000006103515489e+01
2.240000003051757815e+01
5.059999969482421989e+01
5.800000007629394716e+00
2.400000003051757957e+01
1.259999994659423805e+01
3.980000006103515631e+01
4.639999990844726341e+01
1.060000000762939365e+01
1.879999989318847753e+01
1.760000003051757744e+01
2.619999986267090009e+01
1.140000000762939436e+01
5.959999987792969023e+01
3.779999993896484511e+01
2.940000003051757815e+01
1.159999997711181585e+01
6.640000006103515773e+01
4.939999993896484654e+01
1.559999994659423805e+01
6.299999981689452966e+01
1.260000000762939365e+01
5.939999987792968739e+01
3.799999975585937761e+01
4.419999972534179733e+01
5.459999996948242540e+01
7.059999963378906784e+01
6.939999969482421704e+01
8.019999969482421420e+01
8.000000006103515204e+01
7.779999963378905647e+01
8.039999987792968739e+01
7.540000000000000568e+01
7.579999993896484511e+01
7.280000006103514920e+01
7.399999963378905932e+01
7.239999957275391296e+01
7.320000006103515489e+01
7.800000012207031830e+01
7.379999975585937477e+01
7.039999981689453534e+01
7.739999963378906500e+01
6.839999990844727051e+01
7.099999963378905932e+01
8.099999987792968170e+01
7.299999981689452966e+01
7.059999957275390159e+01
7.559999969482421989e+01
6.720000006103515489e+01
6.940000006103515773e+01
7.179999993896484511e+01
7.160000006103516057e+01
7.559999975585937193e+01
7.619999957275391012e+01
7.159999957275390159e+01
7.040000006103515773e+01
7.519999993896485080e+01
7.619999969482421420e+01
7.759999951171874955e+01
6.799999963378905932e+01
7.159999978637695506e+01
7.679999993896484511e+01
7.059999969482421989e+01
6.819999957275391012e+01
7.799999993896484796e+01
8.039999945068359466e+01
8.279999975585937477e+01
8.599999981689452966e+01
8.699999987792968170e+01
8.659999981689453818e+01
8.839999981689453534e+01
9.079999975585937477e+01
8.819999969482421420e+01
9.039999951171874670e+01
8.919999945068359182e+01
8.739999981689453534e+01
8.659999981689453818e+01
8.579999945068360034e+01
8.359999993896484227e+01
8.519999938964843977e+01
8.480000012207031546e+01
8.539999945068359466e+01
8.539999938964844262e+01
8.479999975585937477e+01
8.279999945068360034e+01
8.659999945068359750e+01
8.339999945068359466e+01
8.479999945068360034e+01
8.359999969482421989e+01
8.499999938964843693e+01
8.399999938964843693e+01
8.219999938964843977e+01
8.539999975585936909e+01
8.439999981689453534e+01
8.499999951171875523e+01
8.339999957275391296e+01
8.219999987792968454e+01
8.339999945068359466e+01
8.379999945068360034e+01
8.399999945068358898e+01
8.579999987792969307e+01
8.419999987792968454e+01
8.559999945068359750e+01
8.399999975585937761e+01
8.439999981689453534e+01
8.279999981689452682e+01
8.259999981689453818e+01
8.139999987792968739e+01
8.520000000000000284e+01
8.519999951171874386e+01
8.459999945068359750e+01
8.639999975585936909e+01
8.659999975585937193e+01
8.619999938964843977e+01
8.359999987792969023e+01
8.199999981689452966e+01
8.459999981689453818e+01
8.639999945068359466e+01
8.419999981689453250e+01
8.719999981689453250e+01
8.279999999999999716e+01
8.479999975585937477e+01
8.279999981689452682e+01
8.639999945068359466e+01
8.499999938964843693e+01
8.399999951171875523e+01
8.539999945068359466e+01
8.519999938964843977e+01
8.460000012207031261e+01
8.359999951171874955e+01
8.459999975585937193e+01
8.399999945068358898e+01
8.339999945068359466e+01
8.339999993896483943e+01
8.499999945068358898e+01
8.379999938964843409e+01
8.659999987792969023e+01
8.199999945068358898e+01
8.319999963378906216e+01
8.159999981689453818e+01
8.559999981689453818e+01
8.299999987792968170e+01
