2.500000001525878801e+01
4.399999988555908459e+00
1.519999989318847611e+01
1.639999995422363455e+01
1.739999992370605497e+01
1.419999995422363348e+01
1.979999992370605355e+01
9.400000015258788366e+00
5.200000007629394183e+00
1.799999994277954096e+00
2.079999990844726554e+01
1.600000003051757957e+01
1.479999995422363313e+01
1.539999998474121057e+01
2.999999994277954052e+00
1.120000001525878908e+01
3.399999988555908015e+00
7.199999946594238587e+00
2.600000000000000089e+00
1.679999992370605355e+01
1.799999988555908148e+00
9.799999977111816918e+00
2.899999996948242043e+01
3.399999994277953963e+00
8.000000000000000444e-01
1.920000001525878730e+01
1.460000001525878943e+01
7.219999987792968454e+01
5.400000007629394361e+00
1.999999988555908104e+00
1.219999997711181727e+01
4.400000000000000355e+00
1.379999992370605533e+01
1.399999998474121021e+01
2.479999984741210994e+01
1.359999998855590775e+01
1.919999986267090009e+01
7.599999946594238054e+00
1.639999992370605497e+01
1.539999995422363277e+01
8.399999977111816563e+00
8.799999988555908814e+00
4.939999969482421704e+01
6.199999988555908281e+00
6.600000007629394538e+00
3.559999990844726625e+01
6.199999988555908281e+00
3.199999988555908281e+00
1.180000001525878872e+01
2.079999995422363313e+01
1.039999992370605497e+01
1.319999998474121128e+01
2.579999990844726554e+01
2.539999999999999858e+01
3.799999999999999822e+00
8.659999993896484227e+01
1.099999998474121021e+01
2.659999993896484227e+01
3.000000007629394450e+00
5.899999975585937761e+01
3.119999993896484369e+01
7.400000015258789254e+00
2.059999995422363384e+01
6.399999988555908459e+00
1.899999989318847682e+01
7.599999999999999645e+00
5.399999988555908459e+00
1.579999998474121092e+01
1.360000000762939365e+01
1.859999995422363384e+01
2.779999993896484511e+01
1.239999998474121057e+01
3.359999990844726625e+01
1.959999998474120986e+01
3.559999990844726625e+01
4.859999984741210710e+01
3.199999988555908281e+00
4.159999972534179591e+01
2.819999990844726412e+01
4.319999993896484369e+01
2.900000000000000000e+01
4.200000007629394183e+00
3.199999993896484440e+01
3.839999978637695222e+01
4.519999984741210852e+01
5.620000006103515489e+01
5.919999987792968454e+01
6.360000012207031261e+01
6.920000006103515489e+01
7.159999993896484227e+01
7.639999957275391296e+01
6.919999993896485080e+01
6.819999975585938046e+01
7.059999999999999432e+01
7.719999951171874386e+01
7.039999975585936909e+01
7.360000006103516057e+01
6.699999957275390727e+01
7.139999987792968739e+01
6.899999978637694653e+01
7.020000006103515489e+01
6.439999978637695222e+01
6.839999978637695222e+01
6.979999969482422273e+01
7.039999984741210426e+01
7.099999969482422557e+01
7.139999963378906500e+01
7.220000000000000284e+01
6.980000006103514920e+01
6.779999981689452682e+01
6.299999987792968881e+01
6.639999993896483943e+01
7.139999969482421704e+01
6.239999984741211136e+01
7.360000006103516057e+01
6.199999969482421847e+01
6.239999987792968739e+01
6.879999957275390443e+01
6.599999975585937761e+01
7.119999963378906216e+01
7.219999987792968454e+01
7.019999951171874386e+01
6.940000000000000568e+01
7.399999957275390727e+01
7.839999957275391296e+01
7.979999981689452682e+01
7.779999938964843409e+01
8.260000012207031261e+01
8.319999981689453250e+01
8.799999975585937761e+01
8.599999951171875523e+01
8.579999938964843409e+01
8.419999951171874386e+01
8.479999945068360034e+01
8.699999938964843693e+01
8.499999945068358898e+01
8.599999981689452966e+01
8.519999945068359182e+01
8.459999945068359750e+01
8.499999987792968170e+01
8.619999938964843977e+01
8.440000000000000568e+01
8.659999945068359750e+01
8.679999987792969307e+01
8.499999975585937761e+01
8.799999951171875523e+01
8.619999975585938046e+01
8.680000006103514920e+01
8.759999981689453818e+01
9.019999981689453250e+01
8.719999975585938046e+01
8.659999945068359750e+01
8.640000012207030977e+01
8.799999987792968170e+01
8.540000012207030977e+01
8.579999938964843409e+01
8.679999987792969307e+01
8.299999987792968170e+01
8.539999987792968739e+01
8.579999938964843409e+01
8.440000012207030977e+01
8.659999969482421989e+01
8.619999957275391012e+01
8.859999981689453818e+01
8.799999975585937761e+01
8.719999981689453250e+01
8.580000006103514920e+01
8.739999938964844262e+01
8.639999981689453534e+01
8.679999938964843409e+01
8.719999981689453250e+01
8.659999981689453818e+01
8.659999951171874955e+01
8.580000006103514920e+01
8.579999951171875239e+01
8.719999938964843977e+01
8.839999981689453534e+01
8.679999987792969307e+01
8.499999975585937761e+01
8.800000012207031830e+01
8.819999981689453250e+01
8.799999938964843693e+01
8.839999975585936909e+01
8.859999981689453818e+01
8.879999981689452682e+01
8.599999945068358898e+01
8.959999938964843125e+01
8.919999969482421420e+01
8.899999981689452966e+01
8.759999938964843125e+01
8.860000012207031261e+01
8.879999987792969307e+01
8.939999951171874670e+01
8.599999951171875523e+01
8.899999945068358898e+01
8.779999999999999716e+01
8.859999981689453818e+01
8.799999981689452966e+01
8.659999951171874955e+01
8.799999975585937761e+01
