1.757606029510498047e+00
1.095928907394409180e+00
1.093167304992675781e+00
1.094407320022583008e+00
1.100054025650024414e+00
1.095860958099365234e+00
1.097300529479980469e+00
1.097350835800170898e+00
1.104120731353759766e+00
1.095337152481079102e+00
1.103281974792480469e+00
1.100932121276855469e+00
1.097271442413330078e+00
1.092152118682861328e+00
1.103705406188964844e+00
1.094432830810546875e+00
1.104239225387573242e+00
1.093932867050170898e+00
1.094733953475952148e+00
1.100009918212890625e+00
1.091672897338867188e+00
1.090502738952636719e+00
1.093341827392578125e+00
1.091697216033935547e+00
1.148143053054809570e+00
1.092746734619140625e+00
1.095032930374145508e+00
1.089909076690673828e+00
1.094605445861816406e+00
1.089481353759765625e+00
1.086677312850952148e+00
1.091830730438232422e+00
1.090429544448852539e+00
1.090599775314331055e+00
1.091330289840698242e+00
1.093971729278564453e+00
1.094064474105834961e+00
1.101149082183837891e+00
1.092010974884033203e+00
1.097441911697387695e+00
1.101271390914916992e+00
1.086654424667358398e+00
1.091681957244873047e+00
1.096630573272705078e+00
1.095617532730102539e+00
1.100652456283569336e+00
1.102164745330810547e+00
1.099257707595825195e+00
1.100239038467407227e+00
1.105607032775878906e+00
1.107618808746337891e+00
1.158729076385498047e+00
1.099633455276489258e+00
1.107035636901855469e+00
1.102688550949096680e+00
1.092511415481567383e+00
1.095943689346313477e+00
1.098210334777832031e+00
1.100097417831420898e+00
1.096363544464111328e+00
1.090183496475219727e+00
1.091284990310668945e+00
1.085599899291992188e+00
1.085273981094360352e+00
1.088572740554809570e+00
1.083658218383789062e+00
1.095483541488647461e+00
1.093135118484497070e+00
1.086993217468261719e+00
1.086354494094848633e+00
1.087289094924926758e+00
1.086551427841186523e+00
1.095696449279785156e+00
1.084472894668579102e+00
1.090035676956176758e+00
1.092264652252197266e+00
1.089121818542480469e+00
1.083770036697387695e+00
1.141324043273925781e+00
1.088387727737426758e+00
1.086709022521972656e+00
1.087202310562133789e+00
1.086073637008666992e+00
1.089065313339233398e+00
1.088650703430175781e+00
1.086030721664428711e+00
1.095192670822143555e+00
1.089712142944335938e+00
1.088435411453247070e+00
1.094281435012817383e+00
1.092715501785278320e+00
1.087771654129028320e+00
1.083858728408813477e+00
1.085599899291992188e+00
1.161992311477661133e+00
1.088017463684082031e+00
1.092058897018432617e+00
1.086191177368164062e+00
1.099211215972900391e+00
1.060620307922363281e+00
