2.241600000000000037e+01
3.563199999999999790e+01
4.307200000000000273e+01
5.036800000000000210e+01
5.593599999999999994e+01
6.035199999999999676e+01
6.417600000000000193e+01
6.729600000000000648e+01
7.073600000000000421e+01
7.241599999999999682e+01
7.379200000000000159e+01
7.492799999999999727e+01
7.656000000000000227e+01
7.788800000000000523e+01
7.841599999999999682e+01
7.918399999999999750e+01
7.945600000000000307e+01
8.046399999999999864e+01
8.027200000000000557e+01
8.060800000000000409e+01
8.184000000000000341e+01
8.150400000000000489e+01
8.223999999999999488e+01
8.291200000000000614e+01
8.329600000000000648e+01
8.318399999999999750e+01
8.372799999999999443e+01
8.419199999999999307e+01
8.420799999999999841e+01
8.436799999999999500e+01
8.494400000000000261e+01
8.505599999999999739e+01
8.443200000000000216e+01
8.505599999999999739e+01
8.528000000000000114e+01
8.524800000000000466e+01
8.551999999999999602e+01
8.582399999999999807e+01
8.654399999999999693e+01
8.614400000000000546e+01
8.640000000000000568e+01
8.584000000000000341e+01
8.625600000000000023e+01
8.648000000000000398e+01
8.673600000000000421e+01
8.652800000000000580e+01
8.704000000000000625e+01
8.708799999999999386e+01
8.780800000000000693e+01
8.684799999999999898e+01
8.689600000000000080e+01
8.753600000000000136e+01
8.743999999999999773e+01
8.787199999999999989e+01
8.795199999999999818e+01
8.758400000000000318e+01
8.756799999999999784e+01
8.825600000000000023e+01
8.790399999999999636e+01
8.776000000000000512e+01
8.812800000000000011e+01
8.871999999999999886e+01
8.846399999999999864e+01
8.828799999999999670e+01
8.865600000000000591e+01
8.777599999999999625e+01
8.815999999999999659e+01
8.838400000000000034e+01
8.902400000000000091e+01
8.796800000000000352e+01
8.867199999999999704e+01
8.958400000000000318e+01
8.895999999999999375e+01
8.926399999999999579e+01
8.902400000000000091e+01
8.918399999999999750e+01
8.891200000000000614e+01
8.971200000000000330e+01
8.923199999999999932e+01
8.985599999999999454e+01
8.963200000000000500e+01
8.964799999999999613e+01
9.051200000000000045e+01
9.259199999999999875e+01
9.324800000000000466e+01
9.307200000000000273e+01
9.390399999999999636e+01
9.320000000000000284e+01
9.356799999999999784e+01
9.343999999999999773e+01
9.318399999999999750e+01
9.387199999999999989e+01
9.366400000000000148e+01
9.393600000000000705e+01
9.409600000000000364e+01
9.407999999999999829e+01
9.396800000000000352e+01
9.414400000000000546e+01
9.435200000000000387e+01
9.428799999999999670e+01
