2.265599999999999881e+01
3.545600000000000307e+01
4.331199999999999761e+01
5.089600000000000080e+01
5.603199999999999648e+01
6.164800000000000324e+01
6.476800000000000068e+01
6.812800000000000011e+01
7.041599999999999682e+01
7.335999999999999943e+01
7.440000000000000568e+01
7.603199999999999648e+01
7.735999999999999943e+01
7.868800000000000239e+01
7.897599999999999909e+01
7.988800000000000523e+01
8.056000000000000227e+01
8.086400000000000432e+01
8.187199999999999989e+01
8.207999999999999829e+01
8.283199999999999363e+01
8.328000000000000114e+01
8.284799999999999898e+01
8.350400000000000489e+01
8.431999999999999318e+01
8.379200000000000159e+01
8.465600000000000591e+01
8.449599999999999511e+01
8.518399999999999750e+01
8.499200000000000443e+01
8.513599999999999568e+01
8.548799999999999955e+01
8.651200000000000045e+01
8.689600000000000080e+01
8.623999999999999488e+01
8.646399999999999864e+01
8.651200000000000045e+01
8.715200000000000102e+01
8.737600000000000477e+01
8.700799999999999557e+01
8.764799999999999613e+01
8.782399999999999807e+01
8.776000000000000512e+01
8.697599999999999909e+01
8.798399999999999466e+01
8.777599999999999625e+01
8.812800000000000011e+01
8.823999999999999488e+01
8.787199999999999989e+01
8.862399999999999523e+01
8.840000000000000568e+01
8.856000000000000227e+01
8.843200000000000216e+01
8.921599999999999397e+01
8.918399999999999750e+01
8.878400000000000603e+01
8.937600000000000477e+01
8.902400000000000091e+01
9.009600000000000364e+01
8.950400000000000489e+01
8.908799999999999386e+01
8.947199999999999420e+01
8.928000000000000114e+01
8.942400000000000659e+01
8.945600000000000307e+01
9.004800000000000182e+01
9.000000000000000000e+01
9.003199999999999648e+01
9.027200000000000557e+01
9.038400000000000034e+01
9.007999999999999829e+01
9.079999999999999716e+01
9.038400000000000034e+01
9.051200000000000045e+01
9.000000000000000000e+01
9.003199999999999648e+01
8.998399999999999466e+01
9.020799999999999841e+01
9.028799999999999670e+01
9.049599999999999511e+01
9.071999999999999886e+01
9.104000000000000625e+01
9.267199999999999704e+01
9.400000000000000000e+01
9.372799999999999443e+01
9.423999999999999488e+01
9.438400000000000034e+01
9.417600000000000193e+01
9.468800000000000239e+01
9.419199999999999307e+01
9.403199999999999648e+01
9.444799999999999329e+01
9.400000000000000000e+01
9.452800000000000580e+01
9.443200000000000216e+01
9.483199999999999363e+01
9.478400000000000603e+01
9.475199999999999534e+01
9.481600000000000250e+01
9.518399999999999750e+01
