1.731572866439819336e+00
1.094607114791870117e+00
1.097659111022949219e+00
1.027424335479736328e+00
1.008117675781250000e+00
1.153014183044433594e+00
1.083650112152099609e+00
1.083882331848144531e+00
1.045700311660766602e+00
1.113816261291503906e+00
1.080760717391967773e+00
1.090560197830200195e+00
1.078894615173339844e+00
1.079508066177368164e+00
1.070122241973876953e+00
1.112746477127075195e+00
1.065012931823730469e+00
1.040032148361206055e+00
1.038262605667114258e+00
9.971055984497070312e-01
1.030878067016601562e+00
9.692966938018798828e-01
9.702043533325195312e-01
1.024904727935791016e+00
1.021669626235961914e+00
1.039147853851318359e+00
1.021938800811767578e+00
1.048524618148803711e+00
1.042936325073242188e+00
1.039509296417236328e+00
1.058349609375000000e+00
1.044017314910888672e+00
1.031971931457519531e+00
1.035129547119140625e+00
1.044958591461181641e+00
1.088011503219604492e+00
1.052715063095092773e+00
1.061185836791992188e+00
1.083781003952026367e+00
1.089343547821044922e+00
1.102971315383911133e+00
1.090137481689453125e+00
1.157121896743774414e+00
1.107675790786743164e+00
1.036347866058349609e+00
1.043916225433349609e+00
1.039567470550537109e+00
1.040263652801513672e+00
1.051862001419067383e+00
1.036653280258178711e+00
1.044268846511840820e+00
1.087766647338867188e+00
1.045050621032714844e+00
1.041465759277343750e+00
1.043744325637817383e+00
1.043651819229125977e+00
1.038735628128051758e+00
1.039378643035888672e+00
1.037758827209472656e+00
1.032778739929199219e+00
1.038994312286376953e+00
1.033826828002929688e+00
1.029057264328002930e+00
1.036523103713989258e+00
1.035315036773681641e+00
1.090037107467651367e+00
1.036908149719238281e+00
1.048577785491943359e+00
1.030427217483520508e+00
1.039168596267700195e+00
1.031743764877319336e+00
1.045172929763793945e+00
1.042313814163208008e+00
1.028299808502197266e+00
1.039214849472045898e+00
1.039844036102294922e+00
1.037715911865234375e+00
1.023640394210815430e+00
1.031255006790161133e+00
1.053209781646728516e+00
1.131659507751464844e+00
1.172245979309082031e+00
1.034504652023315430e+00
1.025658130645751953e+00
1.005516767501831055e+00
1.017820119857788086e+00
1.011956691741943359e+00
1.073545455932617188e+00
1.033641815185546875e+00
1.025711774826049805e+00
1.035320281982421875e+00
9.988346099853515625e-01
1.030647516250610352e+00
1.032644510269165039e+00
1.023445606231689453e+00
1.022279500961303711e+00
1.042469024658203125e+00
1.038097620010375977e+00
1.024154901504516602e+00
1.014156341552734375e+00
