5.959987640380859375e-02
6.184601783752441406e-02
5.951571464538574219e-02
5.819320678710937500e-02
5.834436416625976562e-02
6.015706062316894531e-02
5.956602096557617188e-02
5.871868133544921875e-02
5.829954147338867188e-02
5.975961685180664062e-02
5.788946151733398438e-02
5.772185325622558594e-02
5.927371978759765625e-02
5.885887145996093750e-02
5.743908882141113281e-02
6.008219718933105469e-02
5.900454521179199219e-02
6.042480468750000000e-02
5.980348587036132812e-02
5.787062644958496094e-02
5.928993225097656250e-02
5.870032310485839844e-02
5.917763710021972656e-02
6.125354766845703125e-02
5.906629562377929688e-02
5.913853645324707031e-02
5.846977233886718750e-02
5.977988243103027344e-02
5.948019027709960938e-02
5.727529525756835938e-02
5.924582481384277344e-02
6.040668487548828125e-02
6.035995483398437500e-02
5.728292465209960938e-02
5.843639373779296875e-02
5.938816070556640625e-02
5.696463584899902344e-02
5.821466445922851562e-02
5.720710754394531250e-02
5.642867088317871094e-02
5.798149108886718750e-02
5.715274810791015625e-02
5.831599235534667969e-02
5.895376205444335938e-02
5.696368217468261719e-02
6.016087532043457031e-02
5.833172798156738281e-02
5.979490280151367188e-02
6.085109710693359375e-02
5.903792381286621094e-02
5.757212638854980469e-02
5.741739273071289062e-02
5.885672569274902344e-02
5.865073204040527344e-02
5.653905868530273438e-02
5.805587768554687500e-02
5.843186378479003906e-02
5.813694000244140625e-02
5.875158309936523438e-02
5.730080604553222656e-02
5.736923217773437500e-02
5.784630775451660156e-02
5.673861503601074219e-02
5.899906158447265625e-02
5.833387374877929688e-02
5.616784095764160156e-02
5.535531044006347656e-02
5.695128440856933594e-02
5.775094032287597656e-02
5.670309066772460938e-02
5.793929100036621094e-02
5.852627754211425781e-02
5.752897262573242188e-02
5.774927139282226562e-02
5.848526954650878906e-02
5.761027336120605469e-02
5.634331703186035156e-02
5.622434616088867188e-02
5.902624130249023438e-02
5.883193016052246094e-02
5.700612068176269531e-02
5.744981765747070312e-02
5.779600143432617188e-02
5.989575386047363281e-02
5.721831321716308594e-02
5.596303939819335938e-02
5.848312377929687500e-02
5.786132812500000000e-02
5.755662918090820312e-02
5.704593658447265625e-02
5.789709091186523438e-02
5.726075172424316406e-02
5.696988105773925781e-02
5.867934226989746094e-02
5.823159217834472656e-02
5.812716484069824219e-02
5.790901184082031250e-02
5.653810501098632812e-02
4.531145095825195312e-02
2.143907546997070312e-02
