3.792865753173828125e+00
3.073559284210205078e+00
3.053310871124267578e+00
3.080146074295043945e+00
3.008442401885986328e+00
3.125315189361572266e+00
3.054859638214111328e+00
3.031567335128784180e+00
3.063317537307739258e+00
3.091742038726806641e+00
3.096249818801879883e+00
3.043082475662231445e+00
3.015906333923339844e+00
3.035214900970458984e+00
3.024726629257202148e+00
3.086999177932739258e+00
3.080465078353881836e+00
3.010266065597534180e+00
3.015957117080688477e+00
3.000047683715820312e+00
3.048466205596923828e+00
3.062633037567138672e+00
3.032733440399169922e+00
3.014114856719970703e+00
3.007167816162109375e+00
3.048103332519531250e+00
2.985289573669433594e+00
3.059663772583007812e+00
3.003560781478881836e+00
3.057279348373413086e+00
3.174799680709838867e+00
3.034559965133666992e+00
2.969486474990844727e+00
2.992120027542114258e+00
3.038951396942138672e+00
3.169014215469360352e+00
3.102498292922973633e+00
3.056972026824951172e+00
3.193704843521118164e+00
3.199459075927734375e+00
3.241673469543457031e+00
3.207437753677368164e+00
3.216931104660034180e+00
3.217212915420532227e+00
2.993112087249755859e+00
3.021188497543334961e+00
3.003685951232910156e+00
2.999772071838378906e+00
3.072786331176757812e+00
2.973914861679077148e+00
3.049153327941894531e+00
3.066412925720214844e+00
3.035532712936401367e+00
3.033998727798461914e+00
3.038614273071289062e+00
3.056034564971923828e+00
3.021360158920288086e+00
3.027909755706787109e+00
3.032994270324707031e+00
3.010043859481811523e+00
3.012029647827148438e+00
3.053130865097045898e+00
3.037381887435913086e+00
3.025937318801879883e+00
2.991311788558959961e+00
3.066261291503906250e+00
2.989421129226684570e+00
3.068586349487304688e+00
2.969172477722167969e+00
3.038093328475952148e+00
3.005688428878784180e+00
3.007827758789062500e+00
3.023073673248291016e+00
3.022570610046386719e+00
3.030135393142700195e+00
3.023815155029296875e+00
3.066783428192138672e+00
2.998035192489624023e+00
3.018309593200683594e+00
3.002664804458618164e+00
3.073060750961303711e+00
3.131028652191162109e+00
3.068876028060913086e+00
2.951396942138671875e+00
3.022081136703491211e+00
2.992536783218383789e+00
3.003113031387329102e+00
3.138573169708251953e+00
3.054957866668701172e+00
3.052689790725708008e+00
2.977365493774414062e+00
3.043683290481567383e+00
3.005783319473266602e+00
2.996630191802978516e+00
3.043040037155151367e+00
3.037545680999755859e+00
3.035510301589965820e+00
3.065448760986328125e+00
2.880528688430786133e+00
2.845315694808959961e+00
