2.029951233520507881e+00
1.735941018066406327e+00
1.585176439170837392e+00
1.430359799423217781e+00
1.313174036331176797e+00
1.175835740947723362e+00
1.081325979461669862e+00
9.816861665725707953e-01
8.997083963012695307e-01
8.578338659286498524e-01
8.101116334342957082e-01
7.675768828010559597e-01
7.258525171279907040e-01
7.216806274414062639e-01
6.981625965118408716e-01
6.782742832756042395e-01
6.604494541358947313e-01
6.327127109527588278e-01
6.196904957962036109e-01
6.103149513244628954e-01
5.796225555801391982e-01
5.859112537193298387e-01
5.520024662113189873e-01
5.543069950389861722e-01
5.499332257652282951e-01
5.364201284551620708e-01
5.254211803245544266e-01
5.385854702949524064e-01
5.319575774955749292e-01
5.243751559829712416e-01
5.092284209346771284e-01
4.987982486200332466e-01
4.911536972808838164e-01
4.884858413505553942e-01
4.672795680236816462e-01
4.876303650093078423e-01
4.956745659828186157e-01
4.687776229476928735e-01
4.707531259918212863e-01
4.637545758247375582e-01
4.505978674030303721e-01
4.597348607444763369e-01
4.428209562301635982e-01
4.428551288795471441e-01
4.242668630886077819e-01
4.256974458789825611e-01
4.269106280517578345e-01
4.437807116317749045e-01
4.317483740806579706e-01
4.267754872512817266e-01
4.383184619903564561e-01
4.141592305374145466e-01
4.261082937622070466e-01
4.039184380722045664e-01
4.128422462081909328e-01
4.241091136693954655e-01
4.036306063461303495e-01
4.145644937515258754e-01
4.286234767055511208e-01
3.965492184829711997e-01
4.017872092342376633e-01
4.094673950958251929e-01
3.870226570510864050e-01
4.018148517608642334e-01
4.012084419298171944e-01
3.839739712524414261e-01
3.724637954807281659e-01
3.762359166526794696e-01
3.794932082939148077e-01
3.758598004341125454e-01
3.713592879295349314e-01
3.677383932781219666e-01
3.668442118358611892e-01
3.784831080794334168e-01
3.778800705623626688e-01
3.865577263641357675e-01
3.700102991485595960e-01
3.549501028823852655e-01
3.754244124603271504e-01
3.632468669128418037e-01
3.700335988616943461e-01
3.767335026550293064e-01
2.566811152839660881e-01
2.485708279609680216e-01
2.243494107782840752e-01
2.055766816616058368e-01
1.989868413925170998e-01
2.099643598222732666e-01
1.976337140464782816e-01
2.031278327810764339e-01
1.901865400123596284e-01
1.849968520021438578e-01
1.833601717305183287e-01
1.840134617698192532e-01
1.839520083808899031e-01
1.818619791650772088e-01
1.799604913949966467e-01
1.795423194789886601e-01
1.718486132335662886e-01
1.821290536642074520e-01
