8.898678414096916356e+01
1.916299558631124000e+01
4.229074889867841591e+01
0.000000000000000000e+00
6.607929515418502486e-01
4.405286343612334621e-01
1.541850211861900188e+00
8.810572687224669242e-01
5.286343612334801989e+00
1.101321585903083600e+00
1.321585903083700497e+00
1.541850220264317173e+00
2.136563876651982241e+01
8.810572687224669242e-01
1.541850220264317173e+00
1.321585903083700497e+00
2.202643171806167199e+00
1.762114537444933848e+00
1.387665197397643801e+01
4.405286343612334621e-01
4.537444932240221362e+01
0.000000000000000000e+00
8.149779735682820103e+00
8.370044052863436335e+00
5.066079295154184869e+00
5.066079295154184869e+00
6.607929515418502486e-01
1.541850220264317173e+00
3.810572686384428209e+01
8.810572687224669242e-01
1.762114537444933848e+00
4.845814977973568638e+00
5.286343612334801989e+00
8.810572687224669242e-01
1.475770924269890472e+01
1.101321585903083600e+00
2.863436123348017670e+00
3.964757709251101492e+00
8.810572687224669242e-01
2.643171806167400995e+00
5.286343612334801989e+00
3.303964749306834037e+00
5.947136563876651572e+00
3.964757709251101492e+00
8.810572687224668798e+00
8.149779727280401787e+00
2.466960352422907476e+01
6.607929515418502042e+00
3.744493383668067832e+00
2.422907488986784319e+00
8.810572687224669242e-01
1.696035242290749068e+01
4.405286343612334621e-01
9.251101321585903037e+00
1.762114537444933848e+00
5.506607921113001680e+00
6.167400881057268691e+00
3.083700440528634346e+00
3.744493392070484372e+00
1.101321585903083600e+00
2.643171806167400995e+00
1.145374449339207068e+01
7.048458149779735393e+00
2.863436123348017670e+00
1.211453742812908629e+01
3.083700440528634346e+00
8.810572687224669242e-01
4.185022026431718167e+00
1.101321577500666837e+00
1.101321585903083600e+00
1.541850220264317173e+00
5.066079295154184869e+00
2.202643171806167310e-01
8.810572603200500508e-01
5.726872238293618800e+00
9.251101313183486496e+00
0.000000000000000000e+00
5.947136563876651572e+00
4.845814977973568638e+00
1.762114537444933848e+00
2.643171806167400995e+00
4.625550660792951518e+00
1.541850220264317173e+00
1.541850220264317173e+00
1.321585903083700497e+00
2.643171806167400995e+00
1.101321585903083600e+00
1.321585903083700497e+00
1.321585894681283513e+00
8.810572603200500508e-01
3.083700440528634346e+00
6.607929515418502486e-01
1.321585903083700497e+00
1.541850220264317173e+00
1.101321585903083600e+00
2.643171806167400995e+00
1.982378854625550746e+00
2.202643163403750659e+00
1.541850220264317173e+00
4.405286343612334399e+00
8.810572687224668798e+00
6.828193832599119162e+00
7.929515418502202984e+00
6.828193832599119162e+00
6.828193832599119162e+00
1.035242289908656943e+01
8.149779727280401787e+00
1.475770925110132126e+01
2.114537444093679142e+01
1.916299557790882346e+01
3.392070483741255771e+01
2.665198237045220964e+01
3.392070484581498135e+01
3.832599115581764693e+01
3.876651979017887584e+01
3.414096912938592965e+01
3.876651981538613256e+01
4.118942729597049635e+01
3.810572685544186555e+01
4.317180615059604776e+01
4.273127749942997866e+01
4.625550659952709509e+01
3.832599117262248001e+01
4.515418500522159917e+01
4.405286340251367960e+01
4.471365638766519623e+01
4.229074888187358283e+01
4.317180613379121468e+01
4.537444933920704671e+01
4.273127749942997866e+01
4.537444927198771438e+01
4.405286343612334576e+01
4.118942731277532943e+01
4.273127753303964482e+01
4.317180616740088084e+01
4.537444930559738054e+01
4.339207041736216297e+01
4.405286336890401344e+01
4.713656380943264423e+01
4.515418498841676609e+01
4.625550660792951874e+01
4.229074886506874975e+01
4.625550660792951874e+01
4.559471362277799500e+01
4.339207045097182913e+01
4.339207046777666221e+01
4.471365638766519623e+01
4.801762112856961551e+01
4.471365638766519623e+01
4.493392070484581780e+01
4.559471363958282808e+01
4.515418501362401571e+01
3.920704845814977801e+01
2.863436123348017759e+01
2.378854624710418975e+01
2.246696035242290890e+01
1.982378852945067393e+01
1.497797355987952095e+01
1.211453744493392115e+01
1.453744493392070503e+01
1.167400880217027037e+01
1.079295154185022021e+01
8.590308361641636026e+00
8.370044036058601478e+00
8.149779718877985246e+00
9.030837004405286805e+00
7.709251092919169324e+00
1.013215859030836974e+01
6.387665189835468382e+00
8.149779718877985246e+00
6.607929515418502042e+00
6.167400872654852151e+00
7.929515401697369015e+00
6.387665198237885811e+00
7.929515410099785555e+00
4.845814977973568638e+00
7.488986784140968744e+00
6.167400872654852151e+00
6.828193824196701733e+00
5.726872246696035340e+00
6.387665198237885811e+00
5.947136563876651572e+00
4.845814977973568638e+00
5.726872246696035340e+00
5.947136563876651572e+00
4.405286343612334399e+00
5.506607929515418220e+00
5.506607929515418220e+00
5.286343612334801989e+00
5.726872246696035340e+00
4.405286343612334399e+00
5.286343603932384561e+00
4.185022018029300739e+00
5.726872246696035340e+00
5.726872246696035340e+00
4.405286335209917858e+00
5.066079295154184869e+00
4.845814977973568638e+00
6.387665198237885811e+00
4.625550652390534978e+00
