1.438403129577636719e-02
9.400844573974609375e-03
1.310515403747558594e-02
1.309394836425781250e-02
1.304960250854492188e-02
1.448655128479003906e-02
1.419472694396972656e-02
1.382517814636230469e-02
1.321983337402343750e-02
1.300787925720214844e-02
1.342129707336425781e-02
1.196765899658203125e-02
1.260209083557128906e-02
1.210117340087890625e-02
1.273560523986816406e-02
1.376247406005859375e-02
1.296710968017578125e-02
1.265501976013183594e-02
1.141905784606933594e-02
1.266551017761230469e-02
1.296663284301757812e-02
1.362514495849609375e-02
1.172447204589843750e-02
1.231336593627929688e-02
1.297950744628906250e-02
1.354622840881347656e-02
1.409411430358886719e-02
1.376366615295410156e-02
1.268959045410156250e-02
1.256608963012695312e-02
1.244211196899414062e-02
1.495957374572753906e-02
1.265335083007812500e-02
1.387834548950195312e-02
1.218867301940917969e-02
1.314091682434082031e-02
1.363563537597656250e-02
1.239347457885742188e-02
1.572203636169433594e-02
1.359343528747558594e-02
1.203823089599609375e-02
1.230573654174804688e-02
1.293635368347167969e-02
1.349234580993652344e-02
1.330399513244628906e-02
1.370978355407714844e-02
1.210474967956542969e-02
1.174664497375488281e-02
1.184225082397460938e-02
1.285600662231445312e-02
1.227283477783203125e-02
1.219797134399414062e-02
1.193761825561523438e-02
1.171135902404785156e-02
1.189255714416503906e-02
1.494359970092773438e-02
1.227188110351562500e-02
1.188087463378906250e-02
1.165795326232910156e-02
1.305317878723144531e-02
1.200842857360839844e-02
1.249504089355468750e-02
1.367449760437011719e-02
1.321387290954589844e-02
1.154422760009765625e-02
1.245784759521484375e-02
1.142191886901855469e-02
1.174545288085937500e-02
1.023006439208984375e-02
1.029539108276367188e-02
1.270079612731933594e-02
1.151704788208007812e-02
1.266074180603027344e-02
1.221609115600585938e-02
1.485228538513183594e-02
1.159000396728515625e-02
1.234173774719238281e-02
1.219201087951660156e-02
1.103663444519042969e-02
1.272010803222656250e-02
1.100897789001464844e-02
1.292133331298828125e-02
1.134228706359863281e-02
1.167988777160644531e-02
1.128935813903808594e-02
1.147651672363281250e-02
1.262378692626953125e-02
1.182126998901367188e-02
1.323318481445312500e-02
1.269006729125976562e-02
1.641869544982910156e-02
1.083016395568847656e-02
1.260328292846679688e-02
1.214027404785156250e-02
1.313185691833496094e-02
1.198625564575195312e-02
1.113128662109375000e-02
1.351714134216308594e-02
1.208233833312988281e-02
1.278829574584960938e-02
1.158857345581054688e-02
1.218676567077636719e-02
1.314878463745117188e-02
1.139903068542480469e-02
1.252436637878417969e-02
1.278853416442871094e-02
1.328468322753906250e-02
1.286840438842773438e-02
1.344513893127441406e-02
1.213836669921875000e-02
1.194810867309570312e-02
1.257491111755371094e-02
1.223468780517578125e-02
1.328659057617187500e-02
1.276469230651855469e-02
1.190304756164550781e-02
1.286387443542480469e-02
1.209640502929687500e-02
1.235485076904296875e-02
1.224851608276367188e-02
1.231861114501953125e-02
1.250457763671875000e-02
1.284933090209960938e-02
1.403713226318359375e-02
1.332926750183105469e-02
1.344060897827148438e-02
1.503920555114746094e-02
1.365876197814941406e-02
1.309180259704589844e-02
1.205086708068847656e-02
1.265215873718261719e-02
1.269316673278808594e-02
1.366329193115234375e-02
1.195812225341796875e-02
1.451301574707031250e-02
1.283574104309082031e-02
1.214885711669921875e-02
1.210331916809082031e-02
1.393604278564453125e-02
1.162028312683105469e-02
1.269936561584472656e-02
1.169753074645996094e-02
1.270556449890136719e-02
1.251125335693359375e-02
1.295876502990722656e-02
1.269125938415527344e-02
1.403021812438964844e-02
1.349043846130371094e-02
1.274657249450683594e-02
1.214742660522460938e-02
1.368331909179687500e-02
1.269626617431640625e-02
1.132297515869140625e-02
1.220154762268066406e-02
1.165938377380371094e-02
1.065731048583984375e-02
1.313281059265136719e-02
1.230549812316894531e-02
1.355838775634765625e-02
1.414513587951660156e-02
1.235365867614746094e-02
1.336503028869628906e-02
1.205682754516601562e-02
1.238465309143066406e-02
1.267027854919433594e-02
1.052689552307128906e-02
1.265835762023925781e-02
1.273179054260253906e-02
1.152682304382324219e-02
1.139426231384277344e-02
1.175737380981445312e-02
1.288843154907226562e-02
1.250600814819335938e-02
1.183962821960449219e-02
1.302266120910644531e-02
1.221156120300292969e-02
1.248717308044433594e-02
1.259613037109375000e-02
1.084804534912109375e-02
1.098251342773437500e-02
1.265311241149902344e-02
1.206183433532714844e-02
1.177597045898437500e-02
1.241254806518554688e-02
1.190423965454101562e-02
1.228284835815429688e-02
1.384139060974121094e-02
1.297783851623535156e-02
1.225423812866210938e-02
1.277279853820800781e-02
1.277518272399902344e-02
1.275396347045898438e-02
1.203632354736328125e-02
1.407599449157714844e-02
1.407551765441894531e-02
1.208472251892089844e-02
1.317882537841796875e-02
1.303577423095703125e-02
1.348781585693359375e-02
1.189994812011718750e-02
