2.677539587020874023e+00
3.125877380371093750e-01
3.743712902069091797e-01
3.829200267791748047e-01
3.622565269470214844e-01
3.994929790496826172e-01
3.889679908752441406e-01
3.922626972198486328e-01
3.927633762359619141e-01
3.520824909210205078e-01
3.648252487182617188e-01
3.642246723175048828e-01
3.642218112945556641e-01
3.787050247192382812e-01
3.958094120025634766e-01
3.950679302215576172e-01
3.952643871307373047e-01
3.604583740234375000e-01
3.615334033966064453e-01
3.703236579895019531e-01
3.834261894226074219e-01
3.940055370330810547e-01
3.694579601287841797e-01
3.695938587188720703e-01
3.873095512390136719e-01
3.684561252593994141e-01
3.825116157531738281e-01
3.567154407501220703e-01
3.684334754943847656e-01
3.615806102752685547e-01
3.692705631256103516e-01
3.882045745849609375e-01
3.623383045196533203e-01
3.698823451995849609e-01
3.487014770507812500e-01
3.501124382019042969e-01
3.985743522644042969e-01
3.753969669342041016e-01
3.646347522735595703e-01
3.903505802154541016e-01
3.632838726043701172e-01
3.925950527191162109e-01
3.918564319610595703e-01
3.893349170684814453e-01
3.831911087036132812e-01
3.886573314666748047e-01
3.899989128112792969e-01
3.921632766723632812e-01
3.793039321899414062e-01
3.807272911071777344e-01
3.851952552795410156e-01
3.873801231384277344e-01
4.668905735015869141e-01
3.929071426391601562e-01
3.754906654357910156e-01
3.775367736816406250e-01
3.654692173004150391e-01
3.620591163635253906e-01
3.608357906341552734e-01
3.902893066406250000e-01
3.692827224731445312e-01
3.855903148651123047e-01
3.915276527404785156e-01
3.688316345214843750e-01
3.876230716705322266e-01
3.541374206542968750e-01
3.626506328582763672e-01
3.731358051300048828e-01
3.717637062072753906e-01
3.546299934387207031e-01
4.001691341400146484e-01
3.680698871612548828e-01
3.930435180664062500e-01
3.910059928894042969e-01
4.126026630401611328e-01
3.660912513732910156e-01
3.822305202484130859e-01
4.046118259429931641e-01
3.745179176330566406e-01
3.647656440734863281e-01
3.706822395324707031e-01
3.933324813842773438e-01
3.394813537597656250e-01
3.885467052459716797e-01
3.619029521942138672e-01
3.899447917938232422e-01
3.713634014129638672e-01
3.869702816009521484e-01
4.043481349945068359e-01
3.760650157928466797e-01
3.722569942474365234e-01
3.566670417785644531e-01
3.808679580688476562e-01
3.738565444946289062e-01
3.848121166229248047e-01
3.638575077056884766e-01
3.663802146911621094e-01
3.984715938568115234e-01
3.592953681945800781e-01
3.851006031036376953e-01
4.370045661926269531e-01
4.529674053192138672e-01
4.764125347137451172e-01
4.430484771728515625e-01
4.673027992248535156e-01
4.384527206420898438e-01
4.397895336151123047e-01
4.772775173187255859e-01
4.552464485168457031e-01
4.552826881408691406e-01
4.523665904998779297e-01
4.509341716766357422e-01
4.144043922424316406e-01
4.429082870483398438e-01
4.398503303527832031e-01
4.434504508972167969e-01
4.440319538116455078e-01
4.355981349945068359e-01
4.502534866333007812e-01
4.470641613006591797e-01
4.711821079254150391e-01
4.407794475555419922e-01
4.208426475524902344e-01
4.544894695281982422e-01
4.511094093322753906e-01
4.295268058776855469e-01
4.517030715942382812e-01
4.615414142608642578e-01
4.718580245971679688e-01
4.307026863098144531e-01
4.282040596008300781e-01
4.591221809387207031e-01
4.623925685882568359e-01
4.197173118591308594e-01
4.738106727600097656e-01
4.672784805297851562e-01
4.266719818115234375e-01
4.473452568054199219e-01
4.858419895172119141e-01
4.307785034179687500e-01
4.418263435363769531e-01
3.864800930023193359e-01
4.665968418121337891e-01
4.599025249481201172e-01
4.536411762237548828e-01
4.110777378082275391e-01
4.677946567535400391e-01
4.541046619415283203e-01
4.392335414886474609e-01
4.387850761413574219e-01
4.574511051177978516e-01
3.906271457672119141e-01
3.769013881683349609e-01
3.654799461364746094e-01
3.417439460754394531e-01
3.703224658966064453e-01
3.690483570098876953e-01
3.889453411102294922e-01
3.670229911804199219e-01
3.940799236297607422e-01
3.753929138183593750e-01
4.018852710723876953e-01
3.703722953796386719e-01
3.649194240570068359e-01
3.987638950347900391e-01
3.635561466217041016e-01
3.939359188079833984e-01
3.873498439788818359e-01
3.917920589447021484e-01
3.714199066162109375e-01
3.832299709320068359e-01
3.840446472167968750e-01
3.977537155151367188e-01
3.772671222686767578e-01
3.694806098937988281e-01
3.725597858428955078e-01
3.699524402618408203e-01
4.045507907867431641e-01
3.584828376770019531e-01
3.382918834686279297e-01
3.814079761505126953e-01
3.832511901855468750e-01
3.790972232818603516e-01
4.048366546630859375e-01
3.664174079895019531e-01
3.599715232849121094e-01
3.835246562957763672e-01
3.705046176910400391e-01
3.691606521606445312e-01
3.903241157531738281e-01
3.744540214538574219e-01
3.569378852844238281e-01
3.904554843902587891e-01
4.031648635864257812e-01
3.815567493438720703e-01
3.718280792236328125e-01
3.527178764343261719e-01
3.840346336364746094e-01
3.371243476867675781e-01
2.899026870727539062e-01
