0.000000000000000000e+00
0.000000000000000000e+00
0.000000000000000000e+00
0.000000000000000000e+00
0.000000000000000000e+00
9.354120267260579880e+00
0.000000000000000000e+00
0.000000000000000000e+00
0.000000000000000000e+00
4.008908685968819441e+00
2.004454342984409720e+00
4.164810690423162498e+01
4.677060133630289940e+00
0.000000000000000000e+00
4.231625835189309903e+00
0.000000000000000000e+00
2.227171492204899905e-01
9.354120267260579880e+00
1.559020044543429906e+00
7.126948775055679697e+00
2.227171492204899905e-01
5.345211581291759551e+00
2.293986636971046877e+01
1.158129175946547917e+01
6.681514476614699438e-01
1.870824053452115976e+01
1.113585746102449869e+00
6.436525612472159708e+01
1.403118040089086804e+01
4.231625835189309903e+00
8.908685968819599621e-01
2.672605790645879775e+00
1.336302895322939888e+00
9.354120267260579880e+00
1.559020044543429906e+00
9.799554565701559028e+00
1.336302895322939888e+00
2.004454342984409720e+00
2.227171492204899905e-01
1.113585746102449869e+00
1.158129175946547917e+01
7.327394209354120846e+01
8.908685968819599621e-01
1.959910913140311806e+01
3.541202672605790980e+01
1.447661469933184897e+01
2.227171492204899739e+00
2.895322939866369794e+00
7.572383073496658845e+00
4.008908685968819441e+00
1.046770601336302953e+01
1.559020044543429906e+00
5.567928730512249125e+00
1.291759465478841840e+01
2.227171492204899739e+00
1.447661469933184897e+01
2.227171492204899739e+00
2.227171492204899739e+00
8.908685968819599621e-01
1.180400890868596875e+01
1.113585746102449869e+00
6.236080178173719624e+00
1.559020044543429906e+00
2.227171492204899739e+00
2.227171492204899905e-01
1.113585746102449825e+01
8.908685968819599621e-01
2.895322939866369794e+00
9.354120267260579880e+00
1.648106904231625691e+01
2.895322939866369794e+00
5.567928730512249125e+00
0.000000000000000000e+00
8.908685968819599621e-01
2.672605790645879775e+00
4.231625835189309903e+00
1.982182628062360763e+01
1.113585746102449869e+00
1.559020044543429906e+00
4.231625835189309903e+00
0.000000000000000000e+00
8.908685968819599621e-01
2.004454342984409720e+00
2.672605790645879775e+00
2.449888641425389757e+00
1.559020044543429906e+00
2.004454342984409720e+00
2.004454342984409720e+00
2.227171492204899739e+00
1.113585746102449869e+00
1.559020044543429906e+00
1.336302895322939888e+00
1.781737193763919924e+00
2.004454342984409720e+00
2.227171492204899739e+00
1.781737193763919924e+00
1.781737193763919924e+00
2.004454342984409720e+00
2.004454342984409720e+00
2.004454342984409720e+00
1.002227171492204860e+01
1.737193763919821876e+01
1.336302895322939932e+01
1.113585746102449825e+01
1.648106904231625691e+01
1.581291759465478819e+01
2.271714922048997920e+01
3.051224944320712851e+01
3.875278396436525696e+01
4.008908685968819441e+01
4.966592427616926386e+01
5.033407572383073614e+01
5.345211581291759728e+01
5.055679287305122216e+01
5.545657015590200700e+01
6.035634743875278474e+01
5.233853006681514586e+01
5.968819599109131246e+01
5.456570155902004160e+01
5.545657015590200700e+01
5.857461024498886104e+01
5.746102449888641672e+01
5.478841870824053473e+01
5.679287305122494445e+01
4.498886414253897215e+01
4.543429844097995840e+01
4.610244988864142357e+01
4.677060133630289585e+01
4.432071269487750698e+01
4.610244988864142357e+01
4.721603563474387499e+01
4.565701559020044442e+01
4.097995545657015271e+01
4.476614699331848612e+01
4.654788418708240272e+01
4.521158129175946527e+01
4.810690423162583329e+01
4.899777282850779159e+01
4.922048997772828471e+01
4.855233853006681244e+01
4.988864142538975699e+01
4.877505567928730557e+01
4.832962138084632642e+01
4.654788418708240272e+01
4.387527839643652783e+01
4.743875278396436812e+01
4.832962138084632642e+01
4.677060133630289585e+01
4.610244988864142357e+01
4.677060133630289585e+01
4.721603563474387499e+01
3.808463251670378469e+01
3.363028953229398610e+01
2.694877505567928822e+01
2.093541202672605905e+01
2.026726057906458678e+01
2.026726057906458678e+01
1.826280623608017706e+01
1.804008908685968748e+01
1.135857461024498960e+01
1.514476614699331769e+01
1.091314031180400868e+01
1.113585746102449825e+01
1.135857461024498960e+01
9.131403118040088529e+00
8.685968819599109381e+00
7.349665924276169271e+00
8.017817371937638882e+00
8.240534521158128456e+00
6.013363028953229161e+00
7.795100222717149308e+00
6.904231625835189234e+00
1.002227171492204860e+01
7.572383073496658845e+00
6.236080178173719624e+00
5.345211581291759551e+00
7.349665924276169271e+00
5.567928730512249125e+00
3.118040089086859812e+00
5.122494432071269088e+00
4.899777282850779514e+00
5.345211581291759551e+00
3.786191536748329423e+00
5.567928730512249125e+00
5.345211581291759551e+00
5.790645879732739587e+00
4.008908685968819441e+00
4.899777282850779514e+00
3.340757238307349830e+00
5.790645879732739587e+00
5.345211581291759551e+00
3.118040089086859812e+00
4.008908685968819441e+00
5.345211581291759551e+00
4.008908685968819441e+00
4.231625835189309903e+00
4.899777282850779514e+00
4.677060133630289940e+00
4.454342984409799477e+00
5.122494432071269088e+00
