2.619706869125366211e+00
3.435115814208984375e-01
3.825254440307617188e-01
3.249175548553466797e-01
3.664638996124267578e-01
3.532111644744873047e-01
3.501675128936767578e-01
3.570187091827392578e-01
3.577659130096435547e-01
3.313350677490234375e-01
3.418066501617431641e-01
3.522627353668212891e-01
3.567459583282470703e-01
3.509013652801513672e-01
3.652997016906738281e-01
3.537213802337646484e-01
3.655519485473632812e-01
3.625717163085937500e-01
3.743026256561279297e-01
3.496985435485839844e-01
3.615453243255615234e-01
3.529593944549560547e-01
3.696522712707519531e-01
3.687665462493896484e-01
3.842990398406982422e-01
3.766555786132812500e-01
3.549289703369140625e-01
3.846325874328613281e-01
3.812794685363769531e-01
3.686194419860839844e-01
3.996214866638183594e-01
3.699519634246826172e-01
3.528339862823486328e-01
3.859333992004394531e-01
3.473615646362304688e-01
3.782682418823242188e-01
3.474984169006347656e-01
3.810691833496093750e-01
3.629088401794433594e-01
3.708140850067138672e-01
3.697669506072998047e-01
3.437552452087402344e-01
3.518300056457519531e-01
3.753287792205810547e-01
3.483378887176513672e-01
3.729474544525146484e-01
3.415427207946777344e-01
3.596520423889160156e-01
3.549215793609619141e-01
3.360264301300048828e-01
3.395223617553710938e-01
3.625755310058593750e-01
3.650622367858886719e-01
4.520580768585205078e-01
3.636903762817382812e-01
3.802394866943359375e-01
3.950736522674560547e-01
3.467504978179931641e-01
3.672571182250976562e-01
3.339788913726806641e-01
3.479003906250000000e-01
3.752593994140625000e-01
3.551824092864990234e-01
3.396136760711669922e-01
3.643093109130859375e-01
3.405420780181884766e-01
3.637771606445312500e-01
3.731145858764648438e-01
3.608813285827636719e-01
3.688180446624755859e-01
3.707857131958007812e-01
3.769025802612304688e-01
3.565208911895751953e-01
3.782939910888671875e-01
3.932020664215087891e-01
3.398883342742919922e-01
3.734087944030761719e-01
3.608970642089843750e-01
3.594963550567626953e-01
3.557269573211669922e-01
3.574969768524169922e-01
3.543689250946044922e-01
3.371679782867431641e-01
3.535676002502441406e-01
3.338935375213623047e-01
3.502986431121826172e-01
3.328645229339599609e-01
3.590238094329833984e-01
3.488512039184570312e-01
3.493161201477050781e-01
3.670961856842041016e-01
3.534076213836669922e-01
3.589601516723632812e-01
3.577849864959716797e-01
3.637540340423583984e-01
3.416600227355957031e-01
3.643984794616699219e-01
3.464620113372802734e-01
3.504199981689453125e-01
3.874957561492919922e-01
3.660950660705566406e-01
3.588342666625976562e-01
3.518095016479492188e-01
3.788485527038574219e-01
3.768472671508789062e-01
3.533165454864501953e-01
3.645329475402832031e-01
3.586666584014892578e-01
3.579831123352050781e-01
3.507905006408691406e-01
3.775656223297119141e-01
3.891506195068359375e-01
3.697984218597412109e-01
3.764889240264892578e-01
3.496103286743164062e-01
3.531973361968994141e-01
3.699061870574951172e-01
3.693478107452392578e-01
4.068038463592529297e-01
3.727493286132812500e-01
3.490743637084960938e-01
3.743083477020263672e-01
3.445372581481933594e-01
3.680818080902099609e-01
3.782138824462890625e-01
3.567128181457519531e-01
3.732011318206787109e-01
3.615205287933349609e-01
3.324737548828125000e-01
3.793573379516601562e-01
3.671634197235107422e-01
3.461201190948486328e-01
4.011116027832031250e-01
3.644502162933349609e-01
3.763756752014160156e-01
3.769276142120361328e-01
3.627078533172607422e-01
3.621242046356201172e-01
3.581976890563964844e-01
3.574521541595458984e-01
3.557636737823486328e-01
3.639893531799316406e-01
3.764317035675048828e-01
3.478333950042724609e-01
3.557279109954833984e-01
3.567759990692138672e-01
3.690910339355468750e-01
3.635940551757812500e-01
3.809001445770263672e-01
3.468499183654785156e-01
3.729209899902343750e-01
3.558361530303955078e-01
3.674936294555664062e-01
3.473892211914062500e-01
3.633956909179687500e-01
3.660576343536376953e-01
3.358263969421386719e-01
3.881220817565917969e-01
3.416013717651367188e-01
3.834853172302246094e-01
3.682403564453125000e-01
3.673076629638671875e-01
3.781566619873046875e-01
3.592007160186767578e-01
3.670597076416015625e-01
3.252534866333007812e-01
3.582861423492431641e-01
3.694980144500732422e-01
3.737466335296630859e-01
3.547606468200683594e-01
3.588263988494873047e-01
3.518264293670654297e-01
3.546352386474609375e-01
3.503305912017822266e-01
3.670835494995117188e-01
3.349468708038330078e-01
3.494920730590820312e-01
3.456106185913085938e-01
3.676822185516357422e-01
3.485372066497802734e-01
3.751347064971923828e-01
3.754167556762695312e-01
3.639364242553710938e-01
3.871846199035644531e-01
3.393423557281494141e-01
3.562438488006591797e-01
3.714206218719482422e-01
3.736820220947265625e-01
3.737285137176513672e-01
3.789794445037841797e-01
3.571591377258300781e-01
3.762509822845458984e-01
3.316032886505126953e-01
3.338627815246582031e-01
3.505897521972656250e-01
3.735222816467285156e-01
3.621518611907958984e-01
3.636682033538818359e-01
3.801369667053222656e-01
3.498027324676513672e-01
