1.390314102172851562e-02
1.365232467651367188e-02
1.369953155517578125e-02
1.216363906860351562e-02
1.317667961120605469e-02
1.204180717468261719e-02
1.233434677124023438e-02
1.314878463745117188e-02
1.166701316833496094e-02
1.208949089050292969e-02
1.232719421386718750e-02
1.259446144104003906e-02
1.261949539184570312e-02
1.262831687927246094e-02
1.324486732482910156e-02
1.242661476135253906e-02
1.216101646423339844e-02
1.246094703674316406e-02
1.224374771118164062e-02
1.158642768859863281e-02
1.201105117797851562e-02
1.335000991821289062e-02
1.319122314453125000e-02
1.312494277954101562e-02
1.284623146057128906e-02
1.234579086303710938e-02
1.258111000061035156e-02
1.210570335388183594e-02
1.161861419677734375e-02
1.200723648071289062e-02
1.265358924865722656e-02
1.349663734436035156e-02
1.220417022705078125e-02
1.228070259094238281e-02
1.091647148132324219e-02
1.159214973449707031e-02
1.357984542846679688e-02
1.304793357849121094e-02
1.220631599426269531e-02
1.054501533508300781e-02
1.279401779174804688e-02
1.162385940551757812e-02
1.138639450073242188e-02
1.326727867126464844e-02
1.130342483520507812e-02
1.231908798217773438e-02
1.160883903503417969e-02
1.308560371398925781e-02
1.241278648376464844e-02
1.172184944152832031e-02
1.150918006896972656e-02
1.224994659423828125e-02
1.318740844726562500e-02
1.233935356140136719e-02
1.170015335083007812e-02
1.321864128112792969e-02
1.378679275512695312e-02
1.304626464843750000e-02
1.277470588684082031e-02
1.217484474182128906e-02
1.266074180603027344e-02
1.326656341552734375e-02
1.243686676025390625e-02
1.251196861267089844e-02
1.324772834777832031e-02
1.174044609069824219e-02
1.233601570129394531e-02
1.503014564514160156e-02
1.278471946716308594e-02
1.262807846069335938e-02
1.234793663024902344e-02
1.252388954162597656e-02
1.222014427185058594e-02
1.293849945068359375e-02
1.258778572082519531e-02
1.105475425720214844e-02
1.299738883972167969e-02
1.174902915954589844e-02
1.246356964111328125e-02
1.181769371032714844e-02
1.122808456420898438e-02
1.150202751159667969e-02
1.243162155151367188e-02
1.266407966613769531e-02
1.273059844970703125e-02
1.302981376647949219e-02
1.181745529174804688e-02
1.317334175109863281e-02
1.172947883605957031e-02
1.217818260192871094e-02
1.282048225402832031e-02
1.185560226440429688e-02
1.321911811828613281e-02
1.257181167602539062e-02
1.243686676025390625e-02
1.214981079101562500e-02
1.289272308349609375e-02
1.212525367736816406e-02
1.293110847473144531e-02
1.321363449096679688e-02
1.236391067504882812e-02
1.345276832580566406e-02
1.339221000671386719e-02
1.348757743835449219e-02
1.335024833679199219e-02
1.369285583496093750e-02
1.270222663879394531e-02
1.334238052368164062e-02
1.347231864929199219e-02
1.253414154052734375e-02
1.311326026916503906e-02
1.354336738586425781e-02
1.329088211059570312e-02
1.299476623535156250e-02
1.279497146606445312e-02
1.275086402893066406e-02
1.334905624389648438e-02
1.340866088867187500e-02
1.459836959838867188e-02
1.341581344604492188e-02
1.245522499084472656e-02
1.603150367736816406e-02
1.178908348083496094e-02
1.335549354553222656e-02
1.313829421997070312e-02
1.320981979370117188e-02
1.322007179260253906e-02
1.415824890136718750e-02
1.269578933715820312e-02
1.306366920471191406e-02
1.248931884765625000e-02
1.230859756469726562e-02
1.286125183105468750e-02
1.305460929870605469e-02
1.288032531738281250e-02
1.257371902465820312e-02
1.271843910217285156e-02
1.281642913818359375e-02
1.247286796569824219e-02
1.267147064208984375e-02
1.375484466552734375e-02
1.335239410400390625e-02
1.334452629089355469e-02
1.332211494445800781e-02
1.152801513671875000e-02
1.224184036254882812e-02
1.314568519592285156e-02
1.392221450805664062e-02
1.363706588745117188e-02
1.215314865112304688e-02
1.263070106506347656e-02
1.184678077697753906e-02
1.397395133972167969e-02
1.263713836669921875e-02
1.314902305603027344e-02
1.257872581481933594e-02
1.206350326538085938e-02
1.237535476684570312e-02
1.186537742614746094e-02
1.345682144165039062e-02
1.298522949218750000e-02
1.298856735229492188e-02
1.272177696228027344e-02
1.386594772338867188e-02
1.346278190612792969e-02
1.274895668029785156e-02
1.285576820373535156e-02
1.341366767883300781e-02
1.236605644226074219e-02
1.298904418945312500e-02
1.250600814819335938e-02
1.288414001464843750e-02
1.281452178955078125e-02
1.223301887512207031e-02
1.321077346801757812e-02
1.320934295654296875e-02
1.283740997314453125e-02
1.277637481689453125e-02
1.397085189819335938e-02
1.341366767883300781e-02
1.370167732238769531e-02
1.261758804321289062e-02
1.305985450744628906e-02
1.457929611206054688e-02
1.223444938659667969e-02
1.376676559448242188e-02
1.159381866455078125e-02
1.270675659179687500e-02
1.251959800720214844e-02
1.277899742126464844e-02
1.206374168395996094e-02
1.316905021667480469e-02
1.146650314331054688e-02
1.167726516723632812e-02
1.256561279296875000e-02
1.227903366088867188e-02
1.308417320251464844e-02
1.129627227783203125e-02
1.264739036560058594e-02
1.067042350769042969e-02
