0.000000000000000000e+00
0.000000000000000000e+00
0.000000000000000000e+00
0.000000000000000000e+00
5.298013245033112639e+01
9.050772626931566478e+00
2.649006622516556497e+00
1.986754966887417151e+00
0.000000000000000000e+00
1.986754966887417151e+00
6.401766004415010514e+01
2.097130242825607027e+01
1.721854304635761679e+01
1.964679911699779424e+01
4.061810154525386451e+01
1.766004415011037665e+01
1.633554083885209707e+01
1.832229580573951466e+01
8.609271523178808394e+00
0.000000000000000000e+00
1.523178807947019919e+01
3.465783664459161173e+01
3.090507726269315469e+00
3.532008830022074886e+00
4.194260485651214232e+00
5.960264900662251897e+00
5.739514348785871967e+00
5.386313465783664611e+01
4.415011037527593607e-01
2.317880794701986602e+01
1.169977924944812386e+01
4.635761589403973204e+00
0.000000000000000000e+00
3.532008830022074886e+00
3.090507726269315469e+00
4.194260485651214232e+00
6.622516556291391243e-01
1.986754966887417151e+00
8.830022075055187214e-01
1.545253863134657735e+00
4.635761589403973204e+00
1.103752759381898541e+00
1.324503311258278249e+00
1.103752759381898541e+00
7.064017660044149771e+00
3.024282560706401668e+01
6.026490066225165521e+01
3.973509933774834302e+00
8.167770419426048534e+00
1.103752759381898407e+01
1.743929359823399494e+01
3.090507726269315469e+00
3.267108167770419414e+01
0.000000000000000000e+00
8.830022075055187214e-01
3.399558498896247016e+01
2.671081677704194135e+01
2.428256070640176567e+00
1.258278145695364181e+01
1.103752759381898541e+00
4.415011037527594162e+00
5.960264900662251897e+00
0.000000000000000000e+00
6.622516556291390799e+00
1.324503311258278249e+00
1.236203090507726188e+01
5.298013245033112995e+00
3.973509933774834302e+00
4.415011037527593607e-01
8.167770419426048534e+00
1.523178807947019919e+01
4.194260485651214232e+00
5.298013245033112995e+00
1.103752759381898541e+00
2.207505518763797081e+00
1.103752759381898541e+00
2.207505518763797081e+00
1.766004415011037443e+00
3.311258278145695400e+00
5.298013245033112995e+00
2.428256070640176567e+00
1.324503311258278249e+00
1.103752759381898541e+00
2.207505518763797081e+00
8.830022075055187214e-01
1.324503311258278249e+00
8.830022075055187214e-01
1.986754966887417151e+00
8.830022075055187214e-01
1.103752759381898541e+00
1.103752759381898541e+00
1.324503311258278249e+00
2.428256070640176567e+00
8.830022075055187214e-01
1.986754966887417151e+00
1.324503311258278249e+00
1.324503311258278249e+00
1.766004415011037443e+00
1.324503311258278249e+00
1.324503311258278249e+00
1.545253863134657735e+00
1.103752759381898541e+00
1.766004415011037443e+00
1.986754966887417151e+00
1.766004415011037443e+00
2.207505518763797081e+00
1.545253863134657735e+00
1.986754966887417151e+00
2.649006622516556497e+00
2.869757174392935983e+00
2.869757174392935983e+00
2.207505518763797081e+00
3.532008830022074886e+00
1.986754966887417151e+00
1.986754966887417151e+00
2.428256070640176567e+00
2.869757174392935983e+00
3.973509933774834302e+00
2.869757174392935983e+00
3.532008830022074886e+00
1.986754966887417151e+00
3.532008830022074886e+00
2.649006622516556497e+00
4.415011037527594162e+00
3.090507726269315469e+00
3.090507726269315469e+00
3.973509933774834302e+00
3.752759381898454816e+00
4.635761589403973204e+00
3.752759381898454816e+00
4.415011037527594162e+00
5.077262693156733064e+00
4.856512141280353134e+00
4.194260485651214232e+00
5.739514348785871967e+00
6.181015452538630939e+00
7.064017660044149771e+00
5.518763796909492036e+00
5.077262693156733064e+00
6.843267108167770729e+00
5.518763796909492036e+00
9.271523178807946408e+00
6.843267108167770729e+00
5.960264900662251897e+00
7.284768211920529701e+00
6.622516556291390799e+00
7.064017660044149771e+00
7.947019867549668604e+00
9.050772626931566478e+00
9.713024282560706268e+00
9.492273730684326338e+00
7.947019867549668604e+00
1.037527593818984606e+01
9.050772626931566478e+00
1.169977924944812386e+01
1.037527593818984606e+01
7.284768211920529701e+00
1.059602649006622599e+01
6.622516556291390799e+00
8.830022075055188324e+00
6.843267108167770729e+00
7.726269315673289562e+00
4.635761589403973204e+00
6.401766004415010869e+00
7.064017660044149771e+00
6.181015452538630939e+00
7.064017660044149771e+00
5.960264900662251897e+00
6.181015452538630939e+00
5.298013245033112995e+00
6.401766004415010869e+00
7.726269315673289562e+00
5.518763796909492036e+00
5.298013245033112995e+00
4.415011037527594162e+00
5.077262693156733064e+00
4.856512141280353134e+00
5.298013245033112995e+00
4.856512141280353134e+00
5.518763796909492036e+00
5.077262693156733064e+00
4.635761589403973204e+00
4.856512141280353134e+00
5.077262693156733064e+00
4.635761589403973204e+00
5.739514348785871967e+00
4.415011037527594162e+00
5.739514348785871967e+00
3.973509933774834302e+00
5.077262693156733064e+00
3.532008830022074886e+00
5.077262693156733064e+00
5.518763796909492036e+00
3.973509933774834302e+00
4.194260485651214232e+00
4.415011037527594162e+00
5.298013245033112995e+00
4.194260485651214232e+00
5.077262693156733064e+00
5.077262693156733064e+00
