2.614775896072387695e+00
3.716733455657958984e-01
4.053449630737304688e-01
3.580534458160400391e-01
3.725910186767578125e-01
3.953917026519775391e-01
4.059205055236816406e-01
3.777813911437988281e-01
3.568723201751708984e-01
3.844468593597412109e-01
3.639733791351318359e-01
4.173996448516845703e-01
3.643267154693603516e-01
4.033904075622558594e-01
3.816144466400146484e-01
3.812732696533203125e-01
3.753135204315185547e-01
3.753015995025634766e-01
3.801064491271972656e-01
3.887691497802734375e-01
3.865237236022949219e-01
3.822245597839355469e-01
3.629202842712402344e-01
3.725740909576416016e-01
3.732969760894775391e-01
3.810167312622070312e-01
3.705480098724365234e-01
3.667531013488769531e-01
3.743686676025390625e-01
3.845717906951904297e-01
4.053003787994384766e-01
3.679506778717041016e-01
3.683032989501953125e-01
3.808641433715820312e-01
3.988797664642333984e-01
3.815050125122070312e-01
3.873498439788818359e-01
3.743503093719482422e-01
3.818984031677246094e-01
3.917877674102783203e-01
3.934049606323242188e-01
3.825860023498535156e-01
3.824906349182128906e-01
3.566763401031494141e-01
3.792219161987304688e-01
4.038009643554687500e-01
3.549687862396240234e-01
3.842153549194335938e-01
3.732066154479980469e-01
3.831241130828857422e-01
3.925116062164306641e-01
3.990199565887451172e-01
3.845663070678710938e-01
3.747892379760742188e-01
3.695464134216308594e-01
3.569896221160888672e-01
3.853640556335449219e-01
3.691937923431396484e-01
3.959012031555175781e-01
3.831388950347900391e-01
3.586838245391845703e-01
3.875434398651123047e-01
3.960087299346923828e-01
3.834891319274902344e-01
3.510541915893554688e-01
3.842077255249023438e-01
3.734369277954101562e-01
3.797094821929931641e-01
3.648467063903808594e-01
3.667166233062744141e-01
3.686249256134033203e-01
3.563826084136962891e-01
3.968808650970458984e-01
3.658668994903564453e-01
3.774392604827880859e-01
3.989880084991455078e-01
3.844163417816162109e-01
3.668339252471923828e-01
4.059538841247558594e-01
3.778345584869384766e-01
4.139730930328369141e-01
3.522264957427978516e-01
4.132311344146728516e-01
3.715972900390625000e-01
3.862755298614501953e-01
3.912389278411865234e-01
3.430387973785400391e-01
3.802895545959472656e-01
3.932938575744628906e-01
3.971850872039794922e-01
3.729162216186523438e-01
4.035258293151855469e-01
3.660416603088378906e-01
3.691825866699218750e-01
3.714783191680908203e-01
3.824305534362792969e-01
3.733110427856445312e-01
3.807675838470458984e-01
3.607137203216552734e-01
3.654484748840332031e-01
3.701236248016357422e-01
3.772513866424560547e-01
3.887510299682617188e-01
3.547596931457519531e-01
4.053497314453125000e-01
3.802082538604736328e-01
3.591244220733642578e-01
4.046239852905273438e-01
3.754305839538574219e-01
3.783557415008544922e-01
3.756732940673828125e-01
3.962256908416748047e-01
3.735568523406982422e-01
4.007375240325927734e-01
3.966991901397705078e-01
4.020261764526367188e-01
3.644318580627441406e-01
3.925004005432128906e-01
3.786485195159912109e-01
3.649573326110839844e-01
3.678984642028808594e-01
3.809635639190673828e-01
3.649809360504150391e-01
3.625531196594238281e-01
3.858051300048828125e-01
3.743996620178222656e-01
3.906490802764892578e-01
3.979635238647460938e-01
3.828244209289550781e-01
3.545286655426025391e-01
3.875250816345214844e-01
3.685517311096191406e-01
3.884997367858886719e-01
3.894081115722656250e-01
3.915951251983642578e-01
4.007985591888427734e-01
3.910448551177978516e-01
4.072816371917724609e-01
3.696656227111816406e-01
3.798291683197021484e-01
3.749449253082275391e-01
3.729906082153320312e-01
4.044730663299560547e-01
3.830444812774658203e-01
3.826358318328857422e-01
3.964223861694335938e-01
3.617813587188720703e-01
4.079263210296630859e-01
3.787114620208740234e-01
3.932933807373046875e-01
3.908529281616210938e-01
3.892011642456054688e-01
3.945741653442382812e-01
3.818731307983398438e-01
3.899543285369873047e-01
3.835680484771728516e-01
3.800735473632812500e-01
3.826878070831298828e-01
3.866548538208007812e-01
3.741283416748046875e-01
4.195868968963623047e-01
3.543643951416015625e-01
3.850233554840087891e-01
3.900792598724365234e-01
4.172611236572265625e-01
4.115540981292724609e-01
3.982114791870117188e-01
4.026715755462646484e-01
4.058783054351806641e-01
3.865168094635009766e-01
3.860878944396972656e-01
3.578546047210693359e-01
3.602209091186523438e-01
3.724584579467773438e-01
3.782920837402343750e-01
3.510539531707763672e-01
3.952372074127197266e-01
3.848738670349121094e-01
3.929512500762939453e-01
3.857765197753906250e-01
4.024028778076171875e-01
3.850657939910888672e-01
3.753442764282226562e-01
3.837866783142089844e-01
3.704500198364257812e-01
3.751823902130126953e-01
3.945374488830566406e-01
3.902866840362548828e-01
3.955941200256347656e-01
3.823659420013427734e-01
3.868982791900634766e-01
3.880987167358398438e-01
3.767857551574707031e-01
3.634574413299560547e-01
3.877968788146972656e-01
3.827574253082275391e-01
3.641495704650878906e-01
3.828153610229492188e-01
3.941028118133544922e-01
3.554818630218505859e-01
