2.829435825347900391e+00
3.735613822937011719e-01
3.797349929809570312e-01
3.742029666900634766e-01
3.863902091979980469e-01
3.402640819549560547e-01
3.481013774871826172e-01
3.493838310241699219e-01
3.603036403656005859e-01
3.430254459381103516e-01
3.442459106445312500e-01
3.666999340057373047e-01
3.699932098388671875e-01
3.562428951263427734e-01
3.579335212707519531e-01
3.652429580688476562e-01
3.572099208831787109e-01
3.653197288513183594e-01
3.667266368865966797e-01
3.629658222198486328e-01
3.750615119934082031e-01
3.809056282043457031e-01
3.670446872711181641e-01
3.527822494506835938e-01
3.628370761871337891e-01
3.790874481201171875e-01
3.547656536102294922e-01
3.742315769195556641e-01
3.646481037139892578e-01
3.558912277221679688e-01
3.713929653167724609e-01
3.646841049194335938e-01
3.494923114776611328e-01
3.673408031463623047e-01
3.678302764892578125e-01
3.903563022613525391e-01
3.763046264648437500e-01
3.464050292968750000e-01
3.673439025878906250e-01
3.692510128021240234e-01
3.519816398620605469e-01
3.650424480438232422e-01
3.639402389526367188e-01
3.563408851623535156e-01
3.561065196990966797e-01
3.590581417083740234e-01
3.996520042419433594e-01
3.736395835876464844e-01
3.726980686187744141e-01
3.663597106933593750e-01
3.572542667388916016e-01
3.806934356689453125e-01
3.441500663757324219e-01
3.652896881103515625e-01
3.680329322814941406e-01
3.776705265045166016e-01
3.554046154022216797e-01
3.708901405334472656e-01
3.228821754455566406e-01
3.573369979858398438e-01
3.802440166473388672e-01
3.718190193176269531e-01
3.694682121276855469e-01
3.739838600158691406e-01
3.943607807159423828e-01
3.818023204803466797e-01
3.434622287750244141e-01
3.879442214965820312e-01
3.741118907928466797e-01
3.765397071838378906e-01
3.732633590698242188e-01
3.461623191833496094e-01
3.589675426483154297e-01
3.559031486511230469e-01
3.894913196563720703e-01
3.665053844451904297e-01
3.328642845153808594e-01
3.692078590393066406e-01
3.490705490112304688e-01
3.796706199645996094e-01
3.811979293823242188e-01
3.717987537384033203e-01
3.595757484436035156e-01
3.469443321228027344e-01
3.926849365234375000e-01
3.600921630859375000e-01
3.587810993194580078e-01
3.287501335144042969e-01
3.635425567626953125e-01
3.454728126525878906e-01
3.598210811614990234e-01
3.925802707672119141e-01
3.839597702026367188e-01
3.774728775024414062e-01
3.687055110931396484e-01
3.403711318969726562e-01
3.804450035095214844e-01
3.773210048675537109e-01
3.774223327636718750e-01
3.708784580230712891e-01
3.858492374420166016e-01
3.930020332336425781e-01
3.667798042297363281e-01
3.651094436645507812e-01
3.733925819396972656e-01
3.824462890625000000e-01
3.722040653228759766e-01
3.774068355560302734e-01
3.817470073699951172e-01
3.812196254730224609e-01
3.827462196350097656e-01
3.657364845275878906e-01
3.666307926177978516e-01
3.698260784149169922e-01
3.538558483123779297e-01
3.485612869262695312e-01
3.739669322967529297e-01
3.567414283752441406e-01
3.707168102264404297e-01
3.634696006774902344e-01
3.340735435485839844e-01
3.632578849792480469e-01
3.729410171508789062e-01
3.683285713195800781e-01
3.757777214050292969e-01
3.660733699798583984e-01
3.716270923614501953e-01
3.627910614013671875e-01
3.584785461425781250e-01
3.727481365203857422e-01
3.950319290161132812e-01
3.856079578399658203e-01
3.691356182098388672e-01
3.573698997497558594e-01
3.850731849670410156e-01
3.647160530090332031e-01
3.722078800201416016e-01
3.582351207733154297e-01
3.769047260284423828e-01
3.874766826629638672e-01
3.758594989776611328e-01
3.786427974700927734e-01
3.563110828399658203e-01
3.863084316253662109e-01
3.705272674560546875e-01
3.841848373413085938e-01
3.705289363861083984e-01
3.843641281127929688e-01
3.652379512786865234e-01
3.915424346923828125e-01
3.579063415527343750e-01
3.895778656005859375e-01
3.784124851226806641e-01
3.817250728607177734e-01
3.520326614379882812e-01
3.668932914733886719e-01
3.681344985961914062e-01
3.574414253234863281e-01
3.649446964263916016e-01
3.957741260528564453e-01
3.528194427490234375e-01
3.785092830657958984e-01
3.822879791259765625e-01
3.937053680419921875e-01
3.617942333221435547e-01
3.767738342285156250e-01
3.709785938262939453e-01
3.786556720733642578e-01
3.582496643066406250e-01
3.505697250366210938e-01
3.574314117431640625e-01
3.726785182952880859e-01
3.746626377105712891e-01
3.864779472351074219e-01
3.835043907165527344e-01
3.811807632446289062e-01
3.763477802276611328e-01
3.780443668365478516e-01
3.631341457366943359e-01
3.776121139526367188e-01
4.034485816955566406e-01
3.730101585388183594e-01
3.282899856567382812e-01
3.849191665649414062e-01
3.749346733093261719e-01
3.522183895111083984e-01
3.567547798156738281e-01
3.751287460327148438e-01
3.721117973327636719e-01
3.541386127471923828e-01
3.527028560638427734e-01
3.909683227539062500e-01
3.646714687347412109e-01
3.640284538269042969e-01
3.606016635894775391e-01
3.346152305603027344e-01
3.002889156341552734e-01
2.566068172454833984e-01
2.602603435516357422e-01
2.488040924072265625e-01
