1.683235168457031250e-02
1.435065269470214844e-02
1.272106170654296875e-02
1.213431358337402344e-02
1.290416717529296875e-02
1.279115676879882812e-02
1.262474060058593750e-02
1.277995109558105469e-02
1.279783248901367188e-02
1.252031326293945312e-02
1.278781890869140625e-02
1.189613342285156250e-02
1.228046417236328125e-02
1.238822937011718750e-02
1.317644119262695312e-02
1.259183883666992188e-02
1.335096359252929688e-02
1.250720024108886719e-02
1.205968856811523438e-02
1.226711273193359375e-02
1.179409027099609375e-02
1.239848136901855469e-02
1.290893554687500000e-02
1.173686981201171875e-02
1.287817955017089844e-02
1.225948333740234375e-02
1.277065277099609375e-02
1.128268241882324219e-02
1.248764991760253906e-02
1.289463043212890625e-02
1.181054115295410156e-02
1.248240470886230469e-02
1.564860343933105469e-02
1.181459426879882812e-02
1.251149177551269531e-02
1.243782043457031250e-02
1.183629035949707031e-02
1.241946220397949219e-02
1.212286949157714844e-02
1.193046569824218750e-02
1.368331909179687500e-02
1.225042343139648438e-02
1.276302337646484375e-02
1.246595382690429688e-02
1.309561729431152344e-02
1.300930976867675781e-02
1.204967498779296875e-02
1.199460029602050781e-02
1.280474662780761719e-02
1.210570335388183594e-02
1.126837730407714844e-02
1.371097564697265625e-02
1.337528228759765625e-02
1.219844818115234375e-02
1.217150688171386719e-02
1.264786720275878906e-02
1.214385032653808594e-02
1.226949691772460938e-02
1.145124435424804688e-02
1.254439353942871094e-02
1.125860214233398438e-02
1.158380508422851562e-02
1.093363761901855469e-02
1.092267036437988281e-02
1.008415222167968750e-02
1.164555549621582031e-02
1.111149787902832031e-02
1.230311393737792969e-02
1.114630699157714844e-02
1.146984100341796875e-02
1.225948333740234375e-02
1.235508918762207031e-02
1.248168945312500000e-02
1.218008995056152344e-02
1.246523857116699219e-02
1.251673698425292969e-02
1.248168945312500000e-02
1.194906234741210938e-02
1.122522354125976562e-02
1.192307472229003906e-02
1.282644271850585938e-02
1.150345802307128906e-02
1.187968254089355469e-02
1.260757446289062500e-02
1.243352890014648438e-02
1.275539398193359375e-02
1.157069206237792969e-02
1.490497589111328125e-02
1.301002502441406250e-02
1.361846923828125000e-02
1.305150985717773438e-02
1.167535781860351562e-02
1.248073577880859375e-02
1.264357566833496094e-02
1.339530944824218750e-02
1.266455650329589844e-02
1.220345497131347656e-02
1.355624198913574219e-02
1.242041587829589844e-02
1.211094856262207031e-02
1.174712181091308594e-02
1.200342178344726562e-02
1.443982124328613281e-02
1.678347587585449219e-02
1.227831840515136719e-02
1.265525817871093750e-02
1.172924041748046875e-02
1.160335540771484375e-02
1.275277137756347656e-02
1.200342178344726562e-02
1.169610023498535156e-02
1.243185997009277344e-02
1.196265220642089844e-02
1.263308525085449219e-02
1.168251037597656250e-02
1.204538345336914062e-02
1.193690299987792969e-02
1.186561584472656250e-02
1.228928565979003906e-02
1.072669029235839844e-02
1.179575920104980469e-02
1.160287857055664062e-02
1.174187660217285156e-02
1.222896575927734375e-02
1.147866249084472656e-02
1.519560813903808594e-02
1.120209693908691406e-02
1.147103309631347656e-02
1.157617568969726562e-02
1.291370391845703125e-02
1.143097877502441406e-02
1.199054718017578125e-02
1.407694816589355469e-02
1.258301734924316406e-02
1.249122619628906250e-02
1.198005676269531250e-02
1.262903213500976562e-02
1.163530349731445312e-02
1.297926902770996094e-02
1.293802261352539062e-02
1.236581802368164062e-02
1.134610176086425781e-02
1.249623298645019531e-02
1.410222053527832031e-02
1.248931884765625000e-02
1.197099685668945312e-02
1.308751106262207031e-02
1.144838333129882812e-02
1.204776763916015625e-02
1.263499259948730469e-02
1.266956329345703125e-02
1.280403137207031250e-02
1.532602310180664062e-02
1.299786567687988281e-02
1.252388954162597656e-02
1.252722740173339844e-02
1.282787322998046875e-02
1.227045059204101562e-02
1.120066642761230469e-02
1.089882850646972656e-02
1.188135147094726562e-02
1.077461242675781250e-02
1.131081581115722656e-02
1.245641708374023438e-02
1.083493232727050781e-02
1.200222969055175781e-02
1.150679588317871094e-02
1.225519180297851562e-02
1.344799995422363281e-02
1.180386543273925781e-02
1.187276840209960938e-02
1.294088363647460938e-02
1.384830474853515625e-02
1.339936256408691406e-02
1.242923736572265625e-02
1.311230659484863281e-02
1.218295097351074219e-02
1.188921928405761719e-02
1.290202140808105469e-02
1.242327690124511719e-02
1.264333724975585938e-02
1.246404647827148438e-02
1.743173599243164062e-02
1.201534271240234375e-02
1.253890991210937500e-02
1.274776458740234375e-02
1.181960105895996094e-02
1.297998428344726562e-02
1.205539703369140625e-02
1.741576194763183594e-02
1.354360580444335938e-02
1.399326324462890625e-02
1.327776908874511719e-02
1.203250885009765625e-02
1.234388351440429688e-02
1.153039932250976562e-02
1.260161399841308594e-02
1.360106468200683594e-02
1.241445541381835938e-02
1.296138763427734375e-02
