2.870456218719482422e+00
3.886692523956298828e-01
3.930256366729736328e-01
3.724486827850341797e-01
3.907449245452880859e-01
3.949291706085205078e-01
3.808324337005615234e-01
3.804111480712890625e-01
4.004092216491699219e-01
3.681983947753906250e-01
3.814432621002197266e-01
3.519306182861328125e-01
3.748705387115478516e-01
3.777103424072265625e-01
3.766334056854248047e-01
3.933184146881103516e-01
4.026658535003662109e-01
3.751740455627441406e-01
3.571300506591796875e-01
3.641719818115234375e-01
3.703570365905761719e-01
3.894066810607910156e-01
4.002087116241455078e-01
3.707687854766845703e-01
4.067647457122802734e-01
3.901922702789306641e-01
3.651876449584960938e-01
3.408935070037841797e-01
3.979384899139404297e-01
3.941178321838378906e-01
3.526701927185058594e-01
3.997249603271484375e-01
4.067404270172119141e-01
3.904914855957031250e-01
3.834910392761230469e-01
3.822288513183593750e-01
3.845212459564208984e-01
3.979463577270507812e-01
3.880131244659423828e-01
3.471093177795410156e-01
3.750135898590087891e-01
3.904759883880615234e-01
3.654165267944335938e-01
3.716454505920410156e-01
3.990335464477539062e-01
3.834991455078125000e-01
3.574318885803222656e-01
3.859536647796630859e-01
3.925266265869140625e-01
3.809866905212402344e-01
3.379709720611572266e-01
3.917145729064941406e-01
3.988549709320068359e-01
3.742737770080566406e-01
3.817410469055175781e-01
3.987791538238525391e-01
3.816063404083251953e-01
3.855495452880859375e-01
3.423836231231689453e-01
3.861098289489746094e-01
3.945946693420410156e-01
4.839324951171875000e-01
3.824701309204101562e-01
3.751206398010253906e-01
3.636968135833740234e-01
3.845455646514892578e-01
4.170460700988769531e-01
4.038650989532470703e-01
3.778979778289794922e-01
3.801293373107910156e-01
3.881542682647705078e-01
3.688006401062011719e-01
3.630399703979492188e-01
3.732059001922607422e-01
3.737688064575195312e-01
3.746690750122070312e-01
3.835365772247314453e-01
3.892812728881835938e-01
3.607163429260253906e-01
3.944909572601318359e-01
3.711488246917724609e-01
3.828372955322265625e-01
4.144883155822753906e-01
4.061651229858398438e-01
3.957986831665039062e-01
4.188055992126464844e-01
3.893530368804931641e-01
3.924183845520019531e-01
4.007959365844726562e-01
3.872544765472412109e-01
3.776409626007080078e-01
3.785247802734375000e-01
3.767137527465820312e-01
3.940672874450683594e-01
3.874111175537109375e-01
4.092216491699218750e-01
3.758280277252197266e-01
3.990330696105957031e-01
3.877644538879394531e-01
3.776617050170898438e-01
3.744068145751953125e-01
3.800618648529052734e-01
3.795533180236816406e-01
3.946366310119628906e-01
3.878476619720458984e-01
3.874495029449462891e-01
3.678562641143798828e-01
3.867967128753662109e-01
3.950443267822265625e-01
3.816649913787841797e-01
3.777801990509033203e-01
3.902711868286132812e-01
3.966636657714843750e-01
4.086070060729980469e-01
3.551719188690185547e-01
3.745536804199218750e-01
3.986589908599853516e-01
3.760280609130859375e-01
3.511743545532226562e-01
3.742218017578125000e-01
3.766012191772460938e-01
3.749773502349853516e-01
3.920416831970214844e-01
3.883986473083496094e-01
3.665876388549804688e-01
4.022150039672851562e-01
3.808414936065673828e-01
3.646268844604492188e-01
3.753235340118408203e-01
3.976213932037353516e-01
3.723680973052978516e-01
3.866448402404785156e-01
3.855590820312500000e-01
3.904252052307128906e-01
3.682813644409179688e-01
3.643300533294677734e-01
4.021739959716796875e-01
3.720686435699462891e-01
3.657233715057373047e-01
3.924944400787353516e-01
3.677775859832763672e-01
3.807582855224609375e-01
3.895311355590820312e-01
3.729693889617919922e-01
3.790519237518310547e-01
4.102334976196289062e-01
3.799917697906494141e-01
3.621737957000732422e-01
3.724398612976074219e-01
3.953511714935302734e-01
3.951623439788818359e-01
3.869631290435791016e-01
4.060466289520263672e-01
3.859784603118896484e-01
3.615436553955078125e-01
3.870589733123779297e-01
3.813910484313964844e-01
3.868222236633300781e-01
3.561518192291259766e-01
3.563146591186523438e-01
3.901162147521972656e-01
3.618416786193847656e-01
3.620522022247314453e-01
3.798141479492187500e-01
3.732206821441650391e-01
3.769567012786865234e-01
3.938808441162109375e-01
4.014065265655517578e-01
3.855926990509033203e-01
3.434517383575439453e-01
3.799238204956054688e-01
3.896696567535400391e-01
3.961455821990966797e-01
3.959717750549316406e-01
4.097857475280761719e-01
3.796412944793701172e-01
3.650209903717041016e-01
3.844954967498779297e-01
3.808546066284179688e-01
3.799867630004882812e-01
3.935458660125732422e-01
3.911695480346679688e-01
3.936314582824707031e-01
3.835556507110595703e-01
3.636953830718994141e-01
3.813397884368896484e-01
3.750727176666259766e-01
3.797795772552490234e-01
3.840243816375732422e-01
3.992383480072021484e-01
4.100584983825683594e-01
3.923771381378173828e-01
3.879735469818115234e-01
3.832895755767822266e-01
3.555490970611572266e-01
3.493263721466064453e-01
4.390285015106201172e-01
3.950972557067871094e-01
3.767626285552978516e-01
4.041039943695068359e-01
