1.173377037048339844e-02
1.179909706115722656e-02
1.225924491882324219e-02
1.229190826416015625e-02
1.355171203613281250e-02
1.183819770812988281e-02
1.184487342834472656e-02
1.177501678466796875e-02
1.203346252441406250e-02
1.082420349121093750e-02
1.155281066894531250e-02
1.223945617675781250e-02
1.238155364990234375e-02
1.211738586425781250e-02
1.234626770019531250e-02
1.185584068298339844e-02
1.067686080932617188e-02
1.219463348388671875e-02
1.199340820312500000e-02
1.136040687561035156e-02
1.123976707458496094e-02
1.145172119140625000e-02
1.155591011047363281e-02
1.059269905090332031e-02
1.241850852966308594e-02
1.177144050598144531e-02
1.165199279785156250e-02
1.214599609375000000e-02
1.247620582580566406e-02
1.266717910766601562e-02
1.242089271545410156e-02
1.276731491088867188e-02
1.180672645568847656e-02
1.287102699279785156e-02
1.208972930908203125e-02
1.314759254455566406e-02
1.200437545776367188e-02
1.258492469787597656e-02
1.233172416687011719e-02
1.208734512329101562e-02
1.268649101257324219e-02
1.324176788330078125e-02
1.327013969421386719e-02
1.221966743469238281e-02
1.288890838623046875e-02
1.603269577026367188e-02
1.163411140441894531e-02
1.381063461303710938e-02
1.191997528076171875e-02
1.247096061706542969e-02
1.226282119750976562e-02
1.220870018005371094e-02
1.221680641174316406e-02
1.189374923706054688e-02
1.344847679138183594e-02
1.153659820556640625e-02
1.313900947570800781e-02
1.187372207641601562e-02
1.226258277893066406e-02
1.240992546081542969e-02
1.118183135986328125e-02
1.157736778259277344e-02
1.135468482971191406e-02
1.244211196899414062e-02
1.458716392517089844e-02
1.104474067687988281e-02
1.115536689758300781e-02
1.177239418029785156e-02
1.178717613220214844e-02
1.176881790161132812e-02
1.202321052551269531e-02
1.091623306274414062e-02
1.167201995849609375e-02
1.290297508239746094e-02
1.064872741699218750e-02
1.355886459350585938e-02
1.256418228149414062e-02
1.158905029296875000e-02
1.172757148742675781e-02
1.206994056701660156e-02
1.210546493530273438e-02
1.174139976501464844e-02
1.150441169738769531e-02
1.209473609924316406e-02
1.204562187194824219e-02
1.151347160339355469e-02
1.131963729858398438e-02
1.213169097900390625e-02
1.293230056762695312e-02
1.247787475585937500e-02
1.347088813781738281e-02
1.153945922851562500e-02
1.260805130004882812e-02
1.234436035156250000e-02
1.231026649475097656e-02
1.265096664428710938e-02
1.348900794982910156e-02
1.271796226501464844e-02
1.273846626281738281e-02
1.184153556823730469e-02
1.096081733703613281e-02
1.142859458923339844e-02
1.174902915954589844e-02
1.244640350341796875e-02
1.173806190490722656e-02
1.263475418090820312e-02
1.457858085632324219e-02
1.092886924743652344e-02
1.192307472229003906e-02
1.235055923461914062e-02
1.298713684082031250e-02
1.140308380126953125e-02
1.378321647644042969e-02
1.402139663696289062e-02
1.209807395935058594e-02
1.292943954467773438e-02
1.136946678161621094e-02
1.258873939514160156e-02
1.099371910095214844e-02
1.243996620178222656e-02
1.256299018859863281e-02
1.201629638671875000e-02
1.313710212707519531e-02
1.260900497436523438e-02
1.148629188537597656e-02
1.112484931945800781e-02
1.197528839111328125e-02
1.256895065307617188e-02
1.122069358825683594e-02
1.189255714416503906e-02
1.269245147705078125e-02
1.299047470092773438e-02
1.176428794860839844e-02
1.191878318786621094e-02
1.071524620056152344e-02
1.098465919494628906e-02
1.123332977294921875e-02
1.420617103576660156e-02
1.245427131652832031e-02
1.292276382446289062e-02
1.255464553833007812e-02
1.205587387084960938e-02
1.230597496032714844e-02
1.248121261596679688e-02
1.270890235900878906e-02
1.298713684082031250e-02
1.282382011413574219e-02
1.279377937316894531e-02
1.269769668579101562e-02
1.332831382751464844e-02
1.269745826721191406e-02
1.331448554992675781e-02
1.299571990966796875e-02
1.319241523742675781e-02
1.215624809265136719e-02
1.209712028503417969e-02
1.216721534729003906e-02
1.285195350646972656e-02
1.261258125305175781e-02
1.302695274353027344e-02
1.257133483886718750e-02
1.236724853515625000e-02
1.205801963806152344e-02
1.231527328491210938e-02
1.236033439636230469e-02
1.230287551879882812e-02
1.160430908203125000e-02
1.204180717468261719e-02
1.246476173400878906e-02
1.207351684570312500e-02
1.060438156127929688e-02
1.196312904357910156e-02
1.233434677124023438e-02
1.230311393737792969e-02
1.281809806823730469e-02
1.259708404541015625e-02
1.253437995910644531e-02
1.250982284545898438e-02
1.156949996948242188e-02
1.263141632080078125e-02
1.141119003295898438e-02
1.202940940856933594e-02
1.205921173095703125e-02
1.238822937011718750e-02
1.153922080993652344e-02
1.136422157287597656e-02
1.233077049255371094e-02
1.226234436035156250e-02
1.103281974792480469e-02
1.225137710571289062e-02
1.280379295349121094e-02
1.264572143554687500e-02
1.155614852905273438e-02
1.090407371520996094e-02
1.187968254089355469e-02
1.047992706298828125e-02
1.290321350097656250e-02
1.212644577026367188e-02
1.179075241088867188e-02
1.207160949707031250e-02
