2.216185697174072100e+00
2.073465799713134938e+00
2.053422601318359408e+00
1.986185044479370054e+00
1.966814936065673924e+00
1.909908257675170917e+00
1.851700310516357417e+00
1.831355319976806673e+00
1.786766623497009210e+00
1.793084377288818310e+00
1.755524236297607343e+00
1.724588916015624918e+00
1.696857030296325730e+00
1.657474334716796838e+00
1.619143754196167073e+00
1.567800340270996129e+00
1.516551747894287150e+00
1.508807233428955064e+00
1.477831141662597547e+00
1.396161918449401851e+00
1.356792043495178124e+00
1.339482504272460961e+00
1.325397001457214285e+00
1.277444679832458574e+00
1.285900149917602597e+00
1.234944866561889620e+00
1.252203661346435570e+00
1.132577217864990216e+00
1.171520811462402278e+00
1.156142277717590261e+00
1.080180466079711854e+00
1.059598961067199641e+00
1.073127605342864888e+00
1.017132125473022564e+00
9.782455200195312450e-01
1.010433040618896383e+00
9.807579324722289771e-01
9.427854688644409231e-01
9.117739814758301087e-01
8.266651856422424505e-01
8.441214408874512243e-01
8.556887214660644503e-01
8.150642562866210472e-01
8.446175791740417882e-01
7.773996976852417529e-01
7.855178707122802972e-01
8.270651021957396987e-01
7.610501669883728004e-01
7.588998851776123100e-01
7.561960945129394540e-01
7.333453248977661598e-01
7.336579519271850813e-01
7.344737871170043952e-01
7.118671943664550694e-01
6.939981555938721236e-01
7.309695608139038514e-01
6.812215030670165650e-01
6.409747928619384805e-01
6.544348655700683581e-01
6.583210414886474515e-01
6.573603107452392624e-01
5.879098083496093752e-01
6.161734897613525552e-01
5.947138693809509435e-01
6.175232921600342095e-01
5.481804195404053059e-01
5.900028755187988194e-01
5.675434568405151037e-01
5.818419531822204283e-01
5.855546409130096830e-01
5.439334735870361426e-01
5.523077007293700769e-01
6.237677116394042542e-01
6.365743164062499515e-01
5.384617410659789938e-01
5.343057917594910000e-01
5.354694904327392813e-01
6.103364295959472496e-01
5.545296361923217621e-01
4.443747613906860461e-01
5.041743111133575317e-01
4.218894659042358164e-01
3.649138645172119166e-01
3.725416351318359132e-01
3.796868179321288839e-01
3.464434110641479436e-01
3.882056690216064698e-01
3.723097011566162129e-01
3.600580294609069809e-01
3.768058515071868730e-01
3.863780189514159913e-01
3.731618621826172100e-01
3.850945073127746698e-01
3.778361740112304856e-01
3.718705119729042163e-01
3.911833805561065747e-01
3.678795097351074128e-01
3.531365778923034604e-01
3.674972072601318529e-01
3.646048282623290948e-01
3.631113446235656461e-01
3.600791831970214796e-01
3.720184827804565164e-01
3.614729002952575820e-01
3.658337732315063429e-01
3.461902189254760787e-01
3.790156930923461731e-01
3.663519315719604430e-01
3.415378449440002462e-01
3.585174571990966674e-01
3.615746831893920654e-01
3.687038584709167455e-01
3.313995634078979458e-01
3.487544925689697317e-01
3.682626211166382113e-01
3.506771369934081894e-01
3.640231223106384362e-01
3.449994419574737292e-01
3.545891101837158055e-01
3.443116139888763305e-01
3.440139257431030217e-01
3.542245639801025470e-01
3.450243970870971455e-01
3.357821169853210663e-01
3.333247685432433882e-01
3.341829385757446036e-01
3.461130852699279559e-01
3.401721397399902203e-01
3.256312798023223709e-01
3.564754640579223532e-01
3.442402908325195576e-01
3.615550205230713132e-01
3.684067131042480514e-01
3.710728012084961169e-01
3.367400400161743024e-01
3.615391323089599540e-01
3.590471574783325459e-01
3.756206254959106317e-01
3.579739311218261832e-01
3.600616663932800221e-01
3.589750432968139560e-01
3.742819356918334894e-01
3.503317602157592914e-01
3.742755301952361835e-01
3.847516719818115383e-01
3.503136035919189317e-01
3.489147079467773693e-01
3.757306353569030977e-01
3.803900328636169448e-01
3.644951635360717535e-01
3.756391197204589916e-01
3.567773389816284446e-01
3.858569496154785061e-01
3.655214244842529547e-01
3.789362609863280995e-01
3.604967444181442215e-01
3.656031181335449021e-01
3.893070299148559399e-01
3.603188882827758621e-01
3.657174269676208289e-01
3.773603943824768159e-01
3.861816940307617463e-01
3.553278421401977472e-01
3.777004583358764545e-01
3.713124847412109242e-01
3.662073431015014924e-01
3.720615982055663906e-01
3.635588971138000725e-01
3.737959951400756653e-01
3.513499036192894165e-01
3.586159847259521305e-01
3.672097275495529445e-01
3.595886377334594486e-01
3.663913664579391272e-01
3.606726472854614451e-01
3.505922112464904816e-01
3.828488212585449135e-01
3.671647541999816799e-01
3.472660926818847416e-01
3.900611839294433336e-01
3.715175292968749821e-01
3.810038829803466531e-01
3.759845869064331048e-01
3.523382852554321487e-01
3.729812001228332563e-01
3.773885820388793721e-01
3.726658174514770328e-01
3.622816688537597862e-01
3.764912050247192221e-01
3.799640698432922292e-01
3.859993594408035467e-01
3.651353984832763633e-01
3.642431964874267569e-01
3.704937519073486230e-01
3.694115922927856399e-01
3.697799190521240398e-01
3.629228471755981400e-01
3.619814819335937517e-01
3.825355915069579837e-01
3.660307014465332132e-01
