3.993830204010009766e+00
1.484526634216308594e+00
1.435748577117919922e+00
1.476931810379028320e+00
1.486403942108154297e+00
1.556775808334350586e+00
1.495290279388427734e+00
1.533530473709106445e+00
1.532144546508789062e+00
1.696683645248413086e+00
1.671464204788208008e+00
1.670805215835571289e+00
1.573510885238647461e+00
1.525362014770507812e+00
1.467060327529907227e+00
1.620509147644042969e+00
1.642871856689453125e+00
1.575734853744506836e+00
1.534458637237548828e+00
1.548526763916015625e+00
1.551806211471557617e+00
1.667027235031127930e+00
1.547344207763671875e+00
1.538129568099975586e+00
1.623631715774536133e+00
1.671792507171630859e+00
1.445038557052612305e+00
1.696958541870117188e+00
1.612646102905273438e+00
1.687767505645751953e+00
1.665663242340087891e+00
1.515750646591186523e+00
1.466841220855712891e+00
1.577540874481201172e+00
1.529505729675292969e+00
1.577849864959716797e+00
1.589447975158691406e+00
1.461716890335083008e+00
1.525329828262329102e+00
1.632488250732421875e+00
1.548789262771606445e+00
1.652293443679809570e+00
1.548123836517333984e+00
1.640175342559814453e+00
1.582489013671875000e+00
1.681233644485473633e+00
1.709399223327636719e+00
1.631691694259643555e+00
1.454881668090820312e+00
1.538562297821044922e+00
1.518622398376464844e+00
1.625195026397705078e+00
1.510121583938598633e+00
1.524230957031250000e+00
1.529417753219604492e+00
1.529349565505981445e+00
1.639894008636474609e+00
1.571393728256225586e+00
1.583329916000366211e+00
1.599858522415161133e+00
1.698176145553588867e+00
1.656560182571411133e+00
1.539381980895996094e+00
1.597588777542114258e+00
1.469429969787597656e+00
1.595871686935424805e+00
1.558338642120361328e+00
1.545285940170288086e+00
1.647749662399291992e+00
1.634970426559448242e+00
1.519266128540039062e+00
1.491963863372802734e+00
1.578333139419555664e+00
1.508219480514526367e+00
1.517544746398925781e+00
1.581215620040893555e+00
1.572108030319213867e+00
1.585921525955200195e+00
1.500368118286132812e+00
1.675121784210205078e+00
1.477989912033081055e+00
1.415785551071166992e+00
1.646640062332153320e+00
1.573584556579589844e+00
1.653675794601440430e+00
1.524201631546020508e+00
1.618383169174194336e+00
1.509483098983764648e+00
1.370607376098632812e+00
1.595601558685302734e+00
1.607620239257812500e+00
1.605892896652221680e+00
1.709289073944091797e+00
1.703813552856445312e+00
1.692520141601562500e+00
1.627951860427856445e+00
1.485691070556640625e+00
1.542561292648315430e+00
1.607949495315551758e+00
1.658913135528564453e+00
1.613384246826171875e+00
1.471925735473632812e+00
1.660974264144897461e+00
1.726629734039306641e+00
1.565292119979858398e+00
1.523876190185546875e+00
1.688954591751098633e+00
1.637235879898071289e+00
1.624036073684692383e+00
1.742532491683959961e+00
1.768867731094360352e+00
1.589051485061645508e+00
1.749726295471191406e+00
1.628585815429687500e+00
1.675447463989257812e+00
1.574129819869995117e+00
1.763143777847290039e+00
1.741036891937255859e+00
1.665265083312988281e+00
1.774770736694335938e+00
1.657537460327148438e+00
1.786180496215820312e+00
1.538999080657958984e+00
1.749508142471313477e+00
1.511985540390014648e+00
1.617360830307006836e+00
1.565823316574096680e+00
1.714039087295532227e+00
1.569219827651977539e+00
1.673253297805786133e+00
1.666789054870605469e+00
1.519975423812866211e+00
1.787557125091552734e+00
1.625333547592163086e+00
1.739270687103271484e+00
1.729269981384277344e+00
1.649507999420166016e+00
1.568003892898559570e+00
1.609517097473144531e+00
1.725362539291381836e+00
1.741847276687622070e+00
1.564673423767089844e+00
1.762696743011474609e+00
1.624914646148681641e+00
1.572783946990966797e+00
1.609610795974731445e+00
1.648502588272094727e+00
1.741925954818725586e+00
1.792818307876586914e+00
1.634115219116210938e+00
1.679384231567382812e+00
1.597908973693847656e+00
1.660446882247924805e+00
1.539506673812866211e+00
1.576857805252075195e+00
1.642388343811035156e+00
1.619161605834960938e+00
1.577605009078979492e+00
1.598093271255493164e+00
1.580733060836791992e+00
1.427253484725952148e+00
1.576712131500244141e+00
1.672102212905883789e+00
1.701372146606445312e+00
1.634910583496093750e+00
1.533214330673217773e+00
1.583434581756591797e+00
1.563064813613891602e+00
1.547521352767944336e+00
1.575769901275634766e+00
1.547548770904541016e+00
1.615433216094970703e+00
1.463485956192016602e+00
1.535527944564819336e+00
1.543108463287353516e+00
1.619809865951538086e+00
1.597330093383789062e+00
1.685290575027465820e+00
1.622249364852905273e+00
1.607189655303955078e+00
1.488568305969238281e+00
1.567710876464843750e+00
1.546538352966308594e+00
1.500634431838989258e+00
1.629657506942749023e+00
1.562665939331054688e+00
1.595074653625488281e+00
1.535426855087280273e+00
1.772503614425659180e+00
1.597848415374755859e+00
1.628198385238647461e+00
1.666647672653198242e+00
1.507045507431030273e+00
1.502653121948242188e+00
1.669857501983642578e+00
1.559771537780761719e+00
1.615465879440307617e+00
1.493342638015747070e+00
1.405697345733642578e+00
1.169089317321777344e+00
