2.222206762695312587e+00
2.129067709350585869e+00
2.059703261947631869e+00
1.994224934387206938e+00
2.065469776535034274e+00
1.844207638359069756e+00
1.836533869171142586e+00
1.805572868728637648e+00
1.782725052261352472e+00
1.772960057830810454e+00
1.773646899032592872e+00
1.683324312973022430e+00
1.718959217834472586e+00
1.664645783615112284e+00
1.633160018730163587e+00
1.590084248542785739e+00
1.593166193771362371e+00
1.592452449226379407e+00
1.462895804595947258e+00
1.442424662399292012e+00
1.424921109771728478e+00
1.454524943923950264e+00
1.324769107437133719e+00
1.342430514144897558e+00
1.337656256866455173e+00
1.290771404266357392e+00
1.250803542327880935e+00
1.235166636657714756e+00
1.168185860252380470e+00
1.141999573898315523e+00
1.169474657440185528e+00
1.106727653694152824e+00
1.069965763854980434e+00
1.054010706520080554e+00
1.019050278472900306e+00
1.039094250392913921e+00
1.009558582305908114e+00
1.006478285217285107e+00
9.814628297805786383e-01
9.294468532562255580e-01
9.472989561080932264e-01
9.166278594970702631e-01
9.080441267967224173e-01
8.506083194732666497e-01
8.708450279235839808e-01
8.188394567489624132e-01
8.860090965270995822e-01
7.940927268981933240e-01
8.473783674240111807e-01
8.167956035614013510e-01
7.775072898864746618e-01
7.998318504333495893e-01
7.693933320999145620e-01
7.265788566589355124e-01
7.814338430404662583e-01
7.277448387145996067e-01
7.246068292617797724e-01
8.097245155334472644e-01
6.894062039375304929e-01
6.861334947586059663e-01
7.674609184265136497e-01
6.876114028930664368e-01
6.916718424797058118e-01
6.753370586395264219e-01
6.978856559753418010e-01
7.287168464660644940e-01
6.441352885246276472e-01
6.527986927032470854e-01
6.059988174438476483e-01
6.518942167282104627e-01
6.482853770256042925e-01
6.358927143096924084e-01
6.220328063964843945e-01
6.086493560791015334e-01
6.299944915771484855e-01
6.006286554336547345e-01
5.878699756622314254e-01
5.924318614959717122e-01
6.606220967292785184e-01
6.124977002143859872e-01
5.460105029582977831e-01
5.957026679992676321e-01
4.550413068771362313e-01
4.573874761581420700e-01
4.436396736145019615e-01
4.329769245147704892e-01
4.654719564437866386e-01
4.477810848712920899e-01
4.377516605377197445e-01
4.540871541023254188e-01
4.303774451732635398e-01
4.265457904815673773e-01
4.387806789398193130e-01
4.384469570159912344e-01
4.317438849449157789e-01
4.368603805303573617e-01
4.496776985168456919e-01
4.690525310516357460e-01
4.310462566375732330e-01
4.444615671157837178e-01
4.301999155044555767e-01
4.346318527221679773e-01
4.208404953002929938e-01
4.084957167387008869e-01
4.253465181350707947e-01
4.482324004650116156e-01
4.296492356300353754e-01
4.206477399826049623e-01
4.345341474533080950e-01
4.179592897415161379e-01
4.190679632186889436e-01
4.147206357955932621e-01
4.131377407073974495e-01
4.359737852096557398e-01
4.177059875488281504e-01
4.196240622520446828e-01
3.974910236358642490e-01
4.201041820526122961e-01
4.039913155555724944e-01
4.121478432655334423e-01
4.074459270954132184e-01
3.999998529434203864e-01
4.229343086242675631e-01
4.076537969589233423e-01
4.046512094497680678e-01
4.183515807628631622e-01
4.214676818847656325e-01
4.088688198089599490e-01
4.200430647850036392e-01
4.242626529693603321e-01
4.264958990573883280e-01
4.424632728576660123e-01
4.382142164230346526e-01
4.037011657714843493e-01
4.308159259796142670e-01
4.429782520294189285e-01
4.164982532501220747e-01
4.277523552894592074e-01
4.206667545676231468e-01
4.531628108024597368e-01
4.282636575222015241e-01
4.258216316223144560e-01
4.248847311019897655e-01
4.390864419937133833e-01
4.322395366668700945e-01
4.228375888824462692e-01
4.358085876464843911e-01
4.189893072128295648e-01
4.410759133338928439e-01
4.433654344558715654e-01
4.224816463470458805e-01
4.381403285980224882e-01
4.410856723785400169e-01
4.460971881866455102e-01
4.202290470123291044e-01
4.216637010574340594e-01
4.467162977218627762e-01
4.433550861358642736e-01
4.315752618789672757e-01
4.403225177764892306e-01
4.486367168426513841e-01
4.202794527053833051e-01
4.292037967681884836e-01
4.518128264904022195e-01
4.342023078918457180e-01
4.671019485473632549e-01
4.397301242828369205e-01
4.419326118469238396e-01
4.184714938163757170e-01
4.276148774623870774e-01
4.420193089485168203e-01
4.382927984714508063e-01
4.291418907642364777e-01
4.236407384872436510e-01
4.357704688072204791e-01
4.120945718765258725e-01
4.263249763488769495e-01
4.266723907470703070e-01
4.509178720474243396e-01
4.261216199874877653e-01
4.084550062179565511e-01
4.131314046859741462e-01
4.317568845748901429e-01
4.366329052925109755e-01
4.040775856256484944e-01
4.491943741798400946e-01
4.258020008087158303e-01
4.117772462844848658e-01
4.198920718193054347e-01
4.425633415222168243e-01
4.501480150222778587e-01
4.319569905281067101e-01
4.206359057426452552e-01
4.289488554000854270e-01
4.294334014892577933e-01
4.235688757896423073e-01
4.223386634826660213e-01
4.334013000488280976e-01
4.254859243392944412e-01
4.366542798995971530e-01
