2.197775372314453080e+00
2.134107766723632782e+00
2.037961336517334132e+00
2.025657758331298908e+00
1.948083412170410256e+00
1.927059513092040932e+00
1.888923693084716859e+00
1.857798917770385749e+00
1.801160188293456921e+00
1.778834941482543952e+00
1.745874507141113252e+00
1.721914142990112362e+00
1.695553929138183591e+00
1.641030058288574178e+00
1.689783821868896529e+00
1.588244059753417980e+00
1.570907180213928278e+00
1.553810448837280367e+00
1.495018592834472582e+00
1.472985457229614159e+00
1.393117389106750537e+00
1.348552620983123784e+00
1.298246097373962460e+00
1.263498324584960919e+00
1.290062247467041123e+00
1.244710039138793967e+00
1.203475481414794990e+00
1.198026481246948327e+00
1.158149506378173932e+00
1.099098736572265533e+00
1.136876238441467235e+00
1.086495024490356398e+00
1.018163934326171916e+00
1.056215162658691309e+00
1.077575695991516147e+00
1.010386663055419909e+00
9.888287992477416966e-01
9.792942941665649936e-01
9.311444664001464755e-01
9.163777791976929210e-01
8.876358146667480131e-01
9.107802133560181090e-01
9.249239879608154302e-01
8.785133024215697750e-01
8.606051549911498677e-01
8.707792411804199384e-01
8.127812988281249984e-01
8.354370767593384262e-01
8.086568477630615703e-01
7.824790546417236259e-01
8.089169002532958785e-01
8.121856832504272816e-01
7.419146282196045217e-01
7.669667675971985066e-01
6.756512011528015282e-01
7.226024511337280076e-01
7.010248191833495790e-01
7.170528869628906010e-01
7.931962867736815914e-01
6.816337837219238471e-01
6.304677401065826858e-01
6.111778659820557014e-01
6.673199806213379048e-01
6.563252485275268278e-01
6.626265336990356802e-01
6.688376152038574274e-01
6.497190073966979673e-01
6.084394365310669128e-01
6.298005622863769304e-01
5.809426517486572239e-01
6.348894062042236275e-01
6.013234607696533729e-01
5.871608894348144814e-01
5.924902032852172873e-01
5.671905870437622399e-01
5.701354511260986468e-01
5.875739980697631815e-01
6.029593091964721152e-01
5.561252046585083431e-01
5.460138994216918729e-01
5.337165531158447607e-01
5.207909000396728771e-01
3.787033938407897704e-01
3.795082206726074214e-01
4.059018107414245624e-01
3.779197134017944215e-01
3.989767807006835976e-01
4.074517374038696405e-01
4.074068775177002166e-01
4.082569128036498962e-01
3.876923877716064726e-01
3.970503167390823096e-01
4.066939334869384970e-01
4.171445076465606916e-01
3.935543136596679759e-01
4.012483207702636778e-01
3.821092561721801673e-01
3.955229032516479615e-01
4.063137411117553888e-01
3.969957050323486558e-01
4.094934551239013398e-01
3.923973511695861838e-01
3.973925029754638572e-01
3.972167987823486124e-01
4.119744537353515756e-01
3.904219114303588700e-01
4.037712821006774755e-01
3.923167716979980568e-01
4.040422584533691630e-01
4.117858584403991662e-01
3.889675146102905545e-01
3.866311056166887306e-01
3.879472694396972621e-01
3.910326150417328117e-01
3.963632059097290106e-01
3.944093922138214303e-01
3.609785217285156333e-01
3.997202726364135761e-01
3.761408733367919699e-01
3.841480537414550533e-01
3.687768457412719525e-01
3.901820770263672022e-01
3.733441036224365295e-01
3.582133209228515747e-01
3.807588161468505872e-01
3.968639068603515563e-01
3.713370416641235128e-01
3.591030319213867061e-01
3.929041029930114837e-01
3.787161302566528498e-01
3.931296340942382894e-01
3.925085323333740162e-01
4.136601119995116926e-01
3.899236946105957280e-01
3.966758804321289245e-01
4.020536978960037033e-01
3.960478524684906132e-01
4.127515823364257819e-01
3.975974882125854482e-01
4.053375151634216467e-01
3.867894691467285151e-01
3.984608036994933822e-01
3.977397973060607939e-01
4.050582803726196501e-01
4.157271640777587818e-01
3.923925344467162901e-01
4.006195285797118921e-01
3.964961917877197206e-01
4.083005359649657939e-01
4.027749668121338167e-01
3.982254251480102369e-01
3.909731534004211584e-01
4.213284723281860433e-01
3.926967353820800533e-01
4.074258300781249953e-01
4.113942042827606338e-01
4.171108926773071102e-01
3.986739082336425710e-01
4.195063146591186398e-01
4.270583864212036396e-01
4.160720239162444822e-01
4.025794353485107613e-01
4.104347578525543438e-01
3.999466329574584700e-01
4.031155076980590946e-01
3.845185158729553243e-01
4.098761056900024347e-01
4.016224624633789042e-01
3.743471541404724268e-01
4.034674329757690359e-01
4.176948604583740066e-01
3.992177276611328374e-01
4.035329944610595576e-01
4.167147596359253026e-01
3.882921291351318360e-01
3.969845678329467775e-01
4.181475782394409313e-01
3.650661707878112838e-01
4.027677089691162338e-01
3.753811752080917219e-01
3.973087465286254671e-01
4.099415630340575989e-01
4.031687539100646811e-01
4.004638801574706974e-01
3.830569890022277879e-01
3.873924032211303881e-01
4.221111696243285971e-01
3.897502342224121175e-01
4.062494515419006191e-01
3.921793508529662908e-01
3.922504759788513207e-01
3.945291510581970251e-01
3.994477787613868736e-01
4.174420690536498890e-01
4.061221199035644491e-01
4.001007289886474583e-01
3.981836578369140622e-01
3.887971534729003920e-01
3.930774159431457693e-01
4.023176239967345968e-01
