2.634511947631835938e+00
3.451156616210937500e-01
3.349773883819580078e-01
3.373467922210693359e-01
3.851513862609863281e-01
3.652050495147705078e-01
3.667244911193847656e-01
3.731153011322021484e-01
3.576202392578125000e-01
3.709700107574462891e-01
3.353447914123535156e-01
3.457386493682861328e-01
3.659012317657470703e-01
3.840360641479492188e-01
3.684635162353515625e-01
3.663911819458007812e-01
3.847022056579589844e-01
3.863873481750488281e-01
3.524029254913330078e-01
3.619298934936523438e-01
3.661677837371826172e-01
3.764746189117431641e-01
3.677976131439208984e-01
3.576107025146484375e-01
3.324489593505859375e-01
3.590145111083984375e-01
3.693830966949462891e-01
3.558177947998046875e-01
3.716831207275390625e-01
3.572492599487304688e-01
3.729166984558105469e-01
3.566064834594726562e-01
3.777019977569580078e-01
3.930575847625732422e-01
3.470962047576904297e-01
3.654932975769042969e-01
3.758850097656250000e-01
3.377952575683593750e-01
3.768362998962402344e-01
3.555805683135986328e-01
3.760943412780761719e-01
3.619649410247802734e-01
3.634829521179199219e-01
3.592486381530761719e-01
3.496441841125488281e-01
3.763253688812255859e-01
3.522887229919433594e-01
3.513798713684082031e-01
3.616178035736083984e-01
3.578147888183593750e-01
3.815052509307861328e-01
3.796968460083007812e-01
3.538584709167480469e-01
4.665434360504150391e-01
3.623139858245849609e-01
3.657715320587158203e-01
3.814549446105957031e-01
4.073374271392822266e-01
3.491942882537841797e-01
3.838207721710205078e-01
3.793213367462158203e-01
3.798744678497314453e-01
3.830804824829101562e-01
3.870625495910644531e-01
3.726904392242431641e-01
3.883645534515380859e-01
3.648464679718017578e-01
3.761868476867675781e-01
3.848087787628173828e-01
3.752677440643310547e-01
3.806729316711425781e-01
3.646512031555175781e-01
3.559284210205078125e-01
3.855433464050292969e-01
3.671889305114746094e-01
3.701126575469970703e-01
3.805444240570068359e-01
3.761265277862548828e-01
3.501825332641601562e-01
3.706252574920654297e-01
3.974614143371582031e-01
3.682568073272705078e-01
3.664250373840332031e-01
3.454864025115966797e-01
3.546934127807617188e-01
3.551633358001708984e-01
3.523519039154052734e-01
3.652987480163574219e-01
3.468744754791259766e-01
3.589420318603515625e-01
3.684103488922119141e-01
3.489739894866943359e-01
3.339054584503173828e-01
3.705780506134033203e-01
3.848674297332763672e-01
3.600306510925292969e-01
3.665320873260498047e-01
3.473644256591796875e-01
3.948156833648681641e-01
3.746762275695800781e-01
3.346359729766845703e-01
3.950066566467285156e-01
4.006819725036621094e-01
3.723213672637939453e-01
3.695948123931884766e-01
3.666915893554687500e-01
3.857388496398925781e-01
3.822681903839111328e-01
3.542635440826416016e-01
3.713076114654541016e-01
3.639090061187744141e-01
3.715226650238037109e-01
3.768086433410644531e-01
3.939967155456542969e-01
3.733923435211181641e-01
3.976101875305175781e-01
3.664886951446533203e-01
3.847303390502929688e-01
4.608931541442871094e-01
3.897488117218017578e-01
3.612155914306640625e-01
3.673148155212402344e-01
3.471302986145019531e-01
3.893146514892578125e-01
3.773579597473144531e-01
3.683066368103027344e-01
3.716795444488525391e-01
3.707528114318847656e-01
3.639984130859375000e-01
3.663725852966308594e-01
3.681092262268066406e-01
3.976712226867675781e-01
3.785979747772216797e-01
3.740837574005126953e-01
3.762886524200439453e-01
3.886120319366455078e-01
3.524789810180664062e-01
3.821890354156494141e-01
3.470346927642822266e-01
3.591573238372802734e-01
3.441288471221923828e-01
3.817853927612304688e-01
3.846585750579833984e-01
3.704173564910888672e-01
3.710575103759765625e-01
3.406944274902343750e-01
3.606262207031250000e-01
3.665723800659179688e-01
3.730466365814208984e-01
3.639640808105468750e-01
3.512852191925048828e-01
3.835718631744384766e-01
3.746559619903564453e-01
3.620645999908447266e-01
3.895177841186523438e-01
3.971252441406250000e-01
3.739929199218750000e-01
3.571577072143554688e-01
3.809430599212646484e-01
3.962662220001220703e-01
3.738021850585937500e-01
3.763356208801269531e-01
3.711395263671875000e-01
3.912048339843750000e-01
3.532581329345703125e-01
3.835825920104980469e-01
3.751113414764404297e-01
3.984117507934570312e-01
4.006710052490234375e-01
3.850679397583007812e-01
3.617217540740966797e-01
3.769187927246093750e-01
3.694941997528076172e-01
3.911883831024169922e-01
3.893790245056152344e-01
3.410377502441406250e-01
3.889687061309814453e-01
3.842256069183349609e-01
3.599240779876708984e-01
3.619880676269531250e-01
3.799393177032470703e-01
3.701329231262207031e-01
3.731739521026611328e-01
3.433637619018554688e-01
3.523032665252685547e-01
3.967015743255615234e-01
3.692340850830078125e-01
3.810925483703613281e-01
3.715379238128662109e-01
3.566634654998779297e-01
3.664371967315673828e-01
3.508033752441406250e-01
3.467679023742675781e-01
3.682105541229248047e-01
3.625810146331787109e-01
3.706626892089843750e-01
3.420636653900146484e-01
3.377091884613037109e-01
3.059706687927246094e-01
2.695326805114746094e-01
