0.000000000000000000e+00
0.000000000000000000e+00
6.516853865719913586e+01
3.056179766279927890e+01
0.000000000000000000e+00
4.202247156721822563e+01
8.988763980651169883e-01
6.741573033707864981e-01
8.988764044943819975e-01
2.247191011235954994e-01
1.707865174539973196e+01
0.000000000000000000e+00
2.696629207053880872e+00
1.797752796130233977e+00
2.247191011235954994e-01
6.741572969415214889e-01
2.674157294369815574e+01
4.044943788078393609e+00
5.842696603496422725e+00
2.584269638918758716e+01
4.269662908489784137e+00
2.247191011235954994e-01
2.247191011235954994e-01
2.247191011235954994e-01
3.595505598689733073e+00
2.696629204482174913e+01
1.752808984263559466e+01
1.348314606741572996e+00
4.494381958179259340e-01
4.494382022471909988e-01
0.000000000000000000e+00
1.505617971098824803e+01
4.494382022471909988e-01
4.943820186143510931e+00
6.741572969415214889e-01
4.044943800936923850e+00
2.921348308177476483e+00
2.247191011235954994e-01
4.943820205431306292e+00
3.370786528855227004e+01
1.393258432966939431e+01
8.988764044943819975e-01
8.314606702997442866e+00
8.988763916358518680e-01
2.471910105930285706e+00
1.573033701435903486e+00
3.595505617977527990e+00
4.494382022471909988e-01
2.247191011235954994e-01
1.573033711294109871e+01
8.539325804121038033e+00
1.573033701435903486e+00
7.415730298503061313e+00
6.741573033707864981e-01
0.000000000000000000e+00
1.797752776842438838e+00
7.640449406055921600e+00
6.292134805743613946e+00
2.247191004806690096e+00
1.573033707865168607e+00
6.741572969415214889e-01
4.269662914919049257e+00
2.022471903683094485e+00
1.123595501117491935e+01
6.741572969415214889e-01
6.741573033707864981e-01
5.168539293696371217e+00
3.213483137066444328e+01
2.247191011235954994e-01
2.247191004806690096e+00
4.719101097878445117e+00
3.595505598689733073e+00
2.247190998377424975e+00
6.741573033707864981e-01
4.044943807366188970e+00
1.573033701435903486e+00
1.797752796130233977e+00
1.348314606741572996e+00
2.247190946943304624e-01
4.494382003184115071e+00
3.146067409301072093e+00
9.887640423721142824e+00
5.168539293696371217e+00
2.247191004806690096e+00
2.247191011235955216e+00
1.797752802559499097e+00
2.471910112359550382e+00
1.797752802559499097e+00
2.471910099501020586e+00
2.022471903683094485e+00
2.022471890824564245e+00
2.022471903683094485e+00
2.471910112359550382e+00
1.573033701435903486e+00
1.573033701435903486e+00
2.921348301748211362e+00
2.921348308177476483e+00
2.247190998377424975e+00
2.247191004806690096e+00
2.022471897253829365e+00
2.471910093071755465e+00
2.471910105930285706e+00
2.921348314606741603e+00
2.022471903683094485e+00
2.247191004806690096e+00
2.247190991948159855e+00
1.573033701435903486e+00
1.797752802559499097e+00
2.471910112359550382e+00
1.348314587453777857e+00
2.696629207053880872e+00
2.696629213483145993e+00
2.471910093071755465e+00
1.573033688577373468e+00
2.471910099501020586e+00
2.921348308177476483e+00
2.022471903683094485e+00
3.146067402871806973e+00
2.471910112359550382e+00
2.471910099501020586e+00
3.146067396442541853e+00
2.247191004806690096e+00
1.573033707865168607e+00
2.022471910112359605e+00
2.022471903683094485e+00
1.797752808988763995e+00
2.471910105930285706e+00
2.696629200624615752e+00
1.573033707865168607e+00
2.022471910112359605e+00
2.471910105930285706e+00
2.471910093071755465e+00
3.146067409301072093e+00
2.921348308177476483e+00
2.247190985518894735e+00
3.370786510424667703e+00
3.370786497566137463e+00
3.595505598689733073e+00
1.797752808988763995e+00
4.494382003184115071e+00
4.494381990325584830e+00
3.146067402871806973e+00
4.719101110736975357e+00
3.370786497566137463e+00
4.719101117166240478e+00
5.617977515231357799e+00
4.044943794507658730e+00
4.044943807366188970e+00
5.168539300125636338e+00
3.146067396442541853e+00
6.966292115543665453e+00
6.516853913296474232e+00
6.516853900437943992e+00
6.966292102685135212e+00
7.415730298503061313e+00
6.292134812172879066e+00
7.191011203808731267e+00
7.415730304932326433e+00
6.741573007990805166e+00
6.292134799314348825e+00
5.842696603496422725e+00
5.168539306554901458e+00
6.292134818602144186e+00
6.741573007990805166e+00
7.640449406055921600e+00
7.640449412485186720e+00
7.191011203808731267e+00
5.168539306554901458e+00
6.966292083397339852e+00
6.741572995132274926e+00
6.292134780026553464e+00
5.168539319413431699e+00
6.966292121972930573e+00
7.415730311361591554e+00
6.741573007990805166e+00
7.415730285644531072e+00
6.741572988703009806e+00
5.617977515231357799e+00
5.842696590637892484e+00
7.191011203808731267e+00
4.494381996754849951e+00
6.292134799314348825e+00
6.966292102685135212e+00
4.044943813795454091e+00
6.067415711049283900e+00
6.516853913296474232e+00
6.966292115543665453e+00
6.292134805743613946e+00
6.292134825031409306e+00
7.191011184520935906e+00
6.741573014420070287e+00
6.292134786455818585e+00
6.292134812172879066e+00
6.516853913296474232e+00
5.842696584208627364e+00
4.719101104307710237e+00
4.494382003184115071e+00
7.415730298503061313e+00
6.067415711049283900e+00
4.943820199002041171e+00
