2.717646598815917969e+00
3.492720127105712891e-01
3.739535808563232422e-01
3.603045940399169922e-01
3.733947277069091797e-01
3.861396312713623047e-01
3.481698036193847656e-01
3.564872741699218750e-01
3.748931884765625000e-01
3.403975963592529297e-01
3.839681148529052734e-01
3.562014102935791016e-01
3.824510574340820312e-01
3.628058433532714844e-01
3.702771663665771484e-01
3.845362663269042969e-01
3.726091384887695312e-01
3.756504058837890625e-01
3.406572341918945312e-01
3.795781135559082031e-01
3.744339942932128906e-01
3.744041919708251953e-01
3.877987861633300781e-01
3.555305004119873047e-01
3.567721843719482422e-01
3.738210201263427734e-01
3.583753108978271484e-01
3.617310523986816406e-01
3.632197380065917969e-01
3.595333099365234375e-01
3.686017990112304688e-01
3.816483020782470703e-01
3.907372951507568359e-01
3.510260581970214844e-01
3.457164764404296875e-01
3.820238113403320312e-01
3.706607818603515625e-01
3.547775745391845703e-01
3.707954883575439453e-01
3.729951381683349609e-01
3.482801914215087891e-01
3.504869937896728516e-01
3.892066478729248047e-01
3.852093219757080078e-01
3.798553943634033203e-01
3.318200111389160156e-01
3.570320606231689453e-01
3.719425201416015625e-01
3.710482120513916016e-01
3.610303401947021484e-01
3.642094135284423828e-01
3.585028648376464844e-01
3.607444763183593750e-01
3.439111709594726562e-01
3.489589691162109375e-01
3.714599609375000000e-01
3.843624591827392578e-01
3.621828556060791016e-01
3.915815353393554688e-01
3.799493312835693359e-01
3.455076217651367188e-01
4.288258552551269531e-01
3.878698348999023438e-01
3.534371852874755859e-01
3.401491641998291016e-01
3.844599723815917969e-01
3.562004566192626953e-01
3.401012420654296875e-01
3.619465827941894531e-01
3.925218582153320312e-01
3.492624759674072266e-01
3.772025108337402344e-01
3.519964218139648438e-01
3.835625648498535156e-01
3.541409969329833984e-01
3.571965694427490234e-01
3.680269718170166016e-01
3.700680732727050781e-01
3.368880748748779297e-01
3.537623882293701172e-01
3.597493171691894531e-01
3.750765323638916016e-01
3.415358066558837891e-01
3.686566352844238281e-01
3.709354400634765625e-01
3.751766681671142578e-01
3.623631000518798828e-01
3.618211746215820312e-01
3.747396469116210938e-01
3.736748695373535156e-01
3.645391464233398438e-01
3.573589324951171875e-01
3.746240139007568359e-01
3.541204929351806641e-01
3.761243820190429688e-01
3.873627185821533203e-01
3.901681900024414062e-01
3.729655742645263672e-01
3.458099365234375000e-01
3.650746345520019531e-01
4.560916423797607422e-01
4.493696689605712891e-01
4.591410160064697266e-01
4.436438083648681641e-01
4.427921772003173828e-01
4.258751869201660156e-01
4.476799964904785156e-01
4.137029647827148438e-01
4.667172431945800781e-01
4.285364151000976562e-01
4.257433414459228516e-01
4.639475345611572266e-01
4.501299858093261719e-01
4.434473514556884766e-01
4.281461238861083984e-01
4.397938251495361328e-01
4.096744060516357422e-01
4.432451725006103516e-01
4.475769996643066406e-01
4.344174861907958984e-01
4.669594764709472656e-01
4.571640491485595703e-01
4.527390003204345703e-01
4.305791854858398438e-01
4.256229400634765625e-01
4.299778938293457031e-01
4.346065521240234375e-01
4.159667491912841797e-01
4.732022285461425781e-01
4.626119136810302734e-01
4.403049945831298828e-01
4.476461410522460938e-01
4.326918125152587891e-01
4.328389167785644531e-01
4.186236858367919922e-01
4.316618442535400391e-01
4.201302528381347656e-01
4.157955646514892578e-01
4.294507503509521484e-01
4.565443992614746094e-01
4.443986415863037109e-01
4.267351627349853516e-01
4.185793399810791016e-01
4.147093296051025391e-01
4.262385368347167969e-01
4.246604442596435547e-01
4.611999988555908203e-01
4.354548454284667969e-01
4.232740402221679688e-01
4.526376724243164062e-01
4.531292915344238281e-01
3.605160713195800781e-01
3.792188167572021484e-01
3.920342922210693359e-01
3.693456649780273438e-01
3.615069389343261719e-01
3.586976528167724609e-01
3.742423057556152344e-01
3.714361190795898438e-01
3.659138679504394531e-01
3.685393333435058594e-01
3.841145038604736328e-01
3.774104118347167969e-01
3.559184074401855469e-01
3.438532352447509766e-01
3.704998493194580078e-01
3.864245414733886719e-01
3.737475872039794922e-01
3.561656475067138672e-01
3.784933090209960938e-01
3.717167377471923828e-01
3.781099319458007812e-01
3.642919063568115234e-01
3.705141544342041016e-01
3.711912631988525391e-01
3.524501323699951172e-01
3.863112926483154297e-01
3.492593765258789062e-01
3.454511165618896484e-01
3.927240371704101562e-01
3.778822422027587891e-01
3.833317756652832031e-01
3.581047058105468750e-01
3.767740726470947266e-01
3.626134395599365234e-01
3.686201572418212891e-01
3.706681728363037109e-01
3.774590492248535156e-01
3.702559471130371094e-01
3.840773105621337891e-01
3.761096000671386719e-01
3.718404769897460938e-01
3.591322898864746094e-01
3.741998672485351562e-01
3.751165866851806641e-01
4.484200477600097656e-01
3.740468025207519531e-01
3.550908565521240234e-01
3.334996700286865234e-01
2.861340045928955078e-01
