4.001728773117065430e+00
1.602156639099121094e+00
1.467483997344970703e+00
1.654337167739868164e+00
1.646836519241333008e+00
1.763708353042602539e+00
1.550460577011108398e+00
1.609634637832641602e+00
1.591791391372680664e+00
1.554999113082885742e+00
1.373409271240234375e+00
1.624824762344360352e+00
1.468385696411132812e+00
1.559467792510986328e+00
1.567268371582031250e+00
1.561989545822143555e+00
1.538852930068969727e+00
1.523082733154296875e+00
1.586311101913452148e+00
1.654691219329833984e+00
1.547267913818359375e+00
1.593065500259399414e+00
1.626737833023071289e+00
1.598771572113037109e+00
1.589176654815673828e+00
1.626267671585083008e+00
1.504873991012573242e+00
1.591219902038574219e+00
1.641184568405151367e+00
1.486258506774902344e+00
1.556073427200317383e+00
1.634957551956176758e+00
1.577588081359863281e+00
1.617620944976806641e+00
1.645421028137207031e+00
1.497996568679809570e+00
1.546820402145385742e+00
1.529845714569091797e+00
1.547346353530883789e+00
1.658508777618408203e+00
1.511921167373657227e+00
1.477181434631347656e+00
1.610598325729370117e+00
1.496765375137329102e+00
1.554448843002319336e+00
1.540779590606689453e+00
1.557214260101318359e+00
1.478559494018554688e+00
1.622395992279052734e+00
1.493454933166503906e+00
1.432333707809448242e+00
1.642931938171386719e+00
1.613498926162719727e+00
1.544582605361938477e+00
1.606694936752319336e+00
1.755140066146850586e+00
1.720065116882324219e+00
1.598593473434448242e+00
1.655133724212646484e+00
1.550903797149658203e+00
1.569320440292358398e+00
1.717926263809204102e+00
1.595042705535888672e+00
1.505887985229492188e+00
1.550678014755249023e+00
1.496244192123413086e+00
1.581027746200561523e+00
1.512662410736083984e+00
1.538693666458129883e+00
1.656186580657958984e+00
1.516050100326538086e+00
1.586525201797485352e+00
1.507726907730102539e+00
1.708572387695312500e+00
1.684495210647583008e+00
1.691689252853393555e+00
1.664017438888549805e+00
1.676570177078247070e+00
1.622041702270507812e+00
1.410557031631469727e+00
1.533338069915771484e+00
1.561430215835571289e+00
1.578780412673950195e+00
1.671071529388427734e+00
1.540440320968627930e+00
1.577413082122802734e+00
1.569555282592773438e+00
1.570004701614379883e+00
1.708491086959838867e+00
1.427583456039428711e+00
1.682969331741333008e+00
1.574468135833740234e+00
1.497340440750122070e+00
1.499204158782958984e+00
1.453907012939453125e+00
1.514142513275146484e+00
1.592771530151367188e+00
1.630002737045288086e+00
1.621180772781372070e+00
1.503085851669311523e+00
1.561034202575683594e+00
1.547142505645751953e+00
1.630936384201049805e+00
1.644100904464721680e+00
1.745040893554687500e+00
1.524532556533813477e+00
1.731176614761352539e+00
1.604391336441040039e+00
1.627252101898193359e+00
1.477020025253295898e+00
1.485577821731567383e+00
1.681931495666503906e+00
1.535286903381347656e+00
1.568249940872192383e+00
1.495154619216918945e+00
1.552352666854858398e+00
1.578644752502441406e+00
1.481162309646606445e+00
1.524930715560913086e+00
1.516225576400756836e+00
1.466143846511840820e+00
1.667566537857055664e+00
1.694073438644409180e+00
1.619287729263305664e+00
1.594259500503540039e+00
1.668977499008178711e+00
1.503368377685546875e+00
1.612267255783081055e+00
1.591082811355590820e+00
1.624440193176269531e+00
1.579089879989624023e+00
1.567845582962036133e+00
1.521483421325683594e+00
1.660097599029541016e+00
1.530301332473754883e+00
1.551319837570190430e+00
1.497663736343383789e+00
1.550488471984863281e+00
1.703649759292602539e+00
1.520528316497802734e+00
1.669373750686645508e+00
1.687824010848999023e+00
1.625212907791137695e+00
1.557195901870727539e+00
1.577721595764160156e+00
1.623595237731933594e+00
1.623430252075195312e+00
1.640603065490722656e+00
1.758423805236816406e+00
1.497370481491088867e+00
1.519469976425170898e+00
1.773917913436889648e+00
1.672481536865234375e+00
1.708575248718261719e+00
1.685451745986938477e+00
1.533691644668579102e+00
1.582400798797607422e+00
1.596449136734008789e+00
1.641124248504638672e+00
1.594362974166870117e+00
1.580828189849853516e+00
1.659934997558593750e+00
1.618893861770629883e+00
1.712304830551147461e+00
1.552801847457885742e+00
1.557928562164306641e+00
1.623446702957153320e+00
1.654875040054321289e+00
1.517895936965942383e+00
1.552683830261230469e+00
1.614014387130737305e+00
1.477534294128417969e+00
1.609314203262329102e+00
1.707934141159057617e+00
1.584293127059936523e+00
1.625147819519042969e+00
1.662183761596679688e+00
1.521676301956176758e+00
1.684653043746948242e+00
1.526368379592895508e+00
1.568380832672119141e+00
1.537285089492797852e+00
1.613726139068603516e+00
1.731043577194213867e+00
1.627759218215942383e+00
1.682117700576782227e+00
1.691873788833618164e+00
1.553236722946166992e+00
1.633293390274047852e+00
1.679893255233764648e+00
1.621747255325317383e+00
1.754212141036987305e+00
1.692903757095336914e+00
1.552528381347656250e+00
1.631712436676025391e+00
1.654255867004394531e+00
1.595685005187988281e+00
1.572730064392089844e+00
1.576122760772705078e+00
1.233963251113891602e+00
