2.864907741546630859e+00
3.685562610626220703e-01
3.372299671173095703e-01
3.962671756744384766e-01
3.609616756439208984e-01
3.753776550292968750e-01
3.707358837127685547e-01
3.443233966827392578e-01
3.836791515350341797e-01
3.719406127929687500e-01
3.610022068023681641e-01
3.767340183258056641e-01
3.641536235809326172e-01
3.819215297698974609e-01
3.638017177581787109e-01
3.602788448333740234e-01
3.960037231445312500e-01
3.553781509399414062e-01
3.694891929626464844e-01
3.694646358489990234e-01
4.064660072326660156e-01
3.754158020019531250e-01
3.878383636474609375e-01
3.997795581817626953e-01
3.438482284545898438e-01
3.422362804412841797e-01
3.744792938232421875e-01
3.681027889251708984e-01
3.552925586700439453e-01
3.767361640930175781e-01
3.748416900634765625e-01
3.815486431121826172e-01
3.849465847015380859e-01
3.943731784820556641e-01
3.649122714996337891e-01
3.702149391174316406e-01
3.573412895202636719e-01
3.813605308532714844e-01
3.852105140686035156e-01
3.994176387786865234e-01
3.749144077301025391e-01
3.807036876678466797e-01
3.509392738342285156e-01
3.740510940551757812e-01
3.508074283599853516e-01
3.759233951568603516e-01
3.629856109619140625e-01
3.830926418304443359e-01
3.775136470794677734e-01
3.983695507049560547e-01
3.979864120483398438e-01
3.842611312866210938e-01
3.890473842620849609e-01
3.519363403320312500e-01
3.981416225433349609e-01
3.682689666748046875e-01
3.799824714660644531e-01
3.866233825683593750e-01
4.038777351379394531e-01
3.840329647064208984e-01
3.476085662841796875e-01
3.980529308319091797e-01
3.809709548950195312e-01
3.820097446441650391e-01
3.635809421539306641e-01
3.771266937255859375e-01
3.629677295684814453e-01
3.767287731170654297e-01
3.660757541656494141e-01
3.743178844451904297e-01
3.725175857543945312e-01
3.584029674530029297e-01
3.749735355377197266e-01
3.729069232940673828e-01
3.846182823181152344e-01
3.828172683715820312e-01
3.726525306701660156e-01
3.724462985992431641e-01
3.427710533142089844e-01
3.764369487762451172e-01
3.692741394042968750e-01
3.654704093933105469e-01
3.966970443725585938e-01
3.639695644378662109e-01
3.958694934844970703e-01
3.922894001007080078e-01
3.897249698638916016e-01
3.403563499450683594e-01
3.712656497955322266e-01
3.670020103454589844e-01
3.752770423889160156e-01
3.902878761291503906e-01
3.686952590942382812e-01
3.955178260803222656e-01
3.808553218841552734e-01
3.746588230133056641e-01
3.632118701934814453e-01
3.759312629699707031e-01
3.921298980712890625e-01
3.701081275939941406e-01
3.656392097473144531e-01
3.776090145111083984e-01
3.766486644744873047e-01
3.591027259826660156e-01
3.796885013580322266e-01
3.661370277404785156e-01
3.953700065612792969e-01
3.847734928131103516e-01
3.816299438476562500e-01
3.719232082366943359e-01
3.827655315399169922e-01
3.768987655639648438e-01
3.748910427093505859e-01
3.715143203735351562e-01
3.836171627044677734e-01
3.859493732452392578e-01
3.619105815887451172e-01
3.843488693237304688e-01
3.952071666717529297e-01
3.708901405334472656e-01
4.061203002929687500e-01
3.771548271179199219e-01
3.793828487396240234e-01
3.848791122436523438e-01
3.720486164093017578e-01
3.783664703369140625e-01
3.692781925201416016e-01
3.767950534820556641e-01
3.784396648406982422e-01
3.789064884185791016e-01
3.979434967041015625e-01
3.806483745574951172e-01
4.076886177062988281e-01
3.649406433105468750e-01
3.673577308654785156e-01
4.049301147460937500e-01
3.853902816772460938e-01
3.772025108337402344e-01
3.850603103637695312e-01
3.714795112609863281e-01
3.821096420288085938e-01
3.800196647644042969e-01
3.903231620788574219e-01
3.438675403594970703e-01
3.799138069152832031e-01
3.732764720916748047e-01
3.656017780303955078e-01
3.992726802825927734e-01
3.548533916473388672e-01
4.060087203979492188e-01
3.820869922637939453e-01
3.674557209014892578e-01
3.832161426544189453e-01
3.925724029541015625e-01
3.849775791168212891e-01
3.364596366882324219e-01
4.041738510131835938e-01
3.884091377258300781e-01
3.742988109588623047e-01
3.689057826995849609e-01
4.048545360565185547e-01
3.949956893920898438e-01
4.003350734710693359e-01
3.877093791961669922e-01
3.741188049316406250e-01
3.597831726074218750e-01
3.885962963104248047e-01
3.871700763702392578e-01
3.205199241638183594e-01
3.832802772521972656e-01
3.560822010040283203e-01
3.735303878784179688e-01
3.615598678588867188e-01
3.606214523315429688e-01
3.746798038482666016e-01
3.587203025817871094e-01
3.572747707366943359e-01
3.970193862915039062e-01
3.642740249633789062e-01
3.743965625762939453e-01
3.923997879028320312e-01
3.941648006439208984e-01
3.625547885894775391e-01
3.854544162750244141e-01
3.663856983184814453e-01
4.661991596221923828e-01
3.760604858398437500e-01
3.942291736602783203e-01
3.560743331909179688e-01
3.899083137512207031e-01
3.615531921386718750e-01
3.794281482696533203e-01
3.912558555603027344e-01
3.841640949249267578e-01
3.686616420745849609e-01
3.823962211608886719e-01
3.853816986083984375e-01
3.826520442962646484e-01
3.625335693359375000e-01
3.256645202636718750e-01
