4.410087585449218750e+00
1.672836780548095703e+00
1.573520421981811523e+00
1.599022150039672852e+00
1.509504795074462891e+00
1.680649757385253906e+00
1.682050704956054688e+00
1.501006364822387695e+00
1.569788932800292969e+00
1.606995820999145508e+00
1.607585668563842773e+00
1.645566701889038086e+00
1.504032611846923828e+00
1.602625131607055664e+00
1.568323850631713867e+00
1.518940210342407227e+00
1.612074613571166992e+00
1.542134761810302734e+00
1.643803834915161133e+00
1.548422574996948242e+00
1.524525403976440430e+00
1.546246528625488281e+00
1.503427028656005859e+00
1.613983154296875000e+00
1.510343551635742188e+00
1.427201986312866211e+00
1.706123828887939453e+00
1.528389692306518555e+00
1.556600332260131836e+00
1.531496286392211914e+00
1.593245983123779297e+00
1.612253427505493164e+00
1.681451559066772461e+00
1.642802476882934570e+00
1.558111906051635742e+00
1.674906730651855469e+00
1.485315322875976562e+00
1.575562000274658203e+00
1.729218244552612305e+00
1.755524158477783203e+00
1.555067062377929688e+00
1.579930305480957031e+00
1.668115854263305664e+00
1.745827436447143555e+00
1.528284549713134766e+00
1.527793407440185547e+00
1.660414695739746094e+00
1.631760120391845703e+00
1.690029859542846680e+00
1.592566251754760742e+00
1.573418378829956055e+00
1.695274114608764648e+00
1.546224594116210938e+00
1.546371221542358398e+00
1.780445337295532227e+00
1.571902751922607422e+00
1.715834617614746094e+00
1.556033372879028320e+00
1.653388023376464844e+00
1.542213201522827148e+00
1.490185499191284180e+00
1.629871845245361328e+00
1.514763593673706055e+00
1.494558334350585938e+00
1.670960664749145508e+00
1.716475248336791992e+00
1.588910341262817383e+00
1.563055515289306641e+00
1.640652894973754883e+00
1.590942382812500000e+00
1.567943811416625977e+00
1.640868425369262695e+00
1.498998880386352539e+00
1.619400739669799805e+00
1.664117574691772461e+00
1.561682701110839844e+00
1.677938938140869141e+00
1.533440113067626953e+00
1.440915107727050781e+00
1.503640651702880859e+00
1.610655784606933594e+00
1.589129209518432617e+00
1.603912353515625000e+00
1.503839969635009766e+00
1.559402704238891602e+00
1.619108915328979492e+00
1.526103258132934570e+00
1.550286054611206055e+00
1.664463281631469727e+00
1.618401288986206055e+00
1.615717172622680664e+00
1.604654073715209961e+00
1.491776466369628906e+00
1.610585689544677734e+00
1.530391454696655273e+00
1.628204345703125000e+00
1.611750841140747070e+00
1.685992240905761719e+00
1.578137636184692383e+00
1.608112812042236328e+00
1.599757194519042969e+00
1.541879415512084961e+00
1.584181547164916992e+00
1.549485683441162109e+00
1.633641242980957031e+00
1.524786472320556641e+00
1.698679208755493164e+00
1.584259748458862305e+00
1.521336078643798828e+00
1.682745456695556641e+00
1.719286918640136719e+00
1.534459829330444336e+00
1.588896274566650391e+00
1.509789466857910156e+00
1.662008285522460938e+00
1.540184259414672852e+00
1.495248556137084961e+00
1.509173393249511719e+00
1.594123840332031250e+00
1.580997943878173828e+00
1.724935054779052734e+00
1.564741373062133789e+00
1.647825479507446289e+00
1.592691421508789062e+00
1.643706798553466797e+00
1.652986288070678711e+00
1.605799674987792969e+00
1.562095642089843750e+00
1.562326192855834961e+00
1.724978685379028320e+00
1.661323547363281250e+00
1.580136299133300781e+00
1.699546813964843750e+00
1.656641721725463867e+00
1.599720954895019531e+00
1.590007781982421875e+00
1.584987163543701172e+00
1.586561918258666992e+00
1.567167520523071289e+00
1.704406499862670898e+00
1.556803464889526367e+00
1.570442438125610352e+00
1.613228797912597656e+00
1.500198602676391602e+00
1.434134960174560547e+00
1.550024986267089844e+00
1.511034250259399414e+00
1.600178480148315430e+00
1.543115615844726562e+00
1.655073881149291992e+00
1.569233417510986328e+00
1.551862955093383789e+00
1.675453186035156250e+00
1.598225355148315430e+00
1.524650335311889648e+00
1.516014814376831055e+00
1.609053850173950195e+00
1.669222593307495117e+00
1.678776025772094727e+00
1.630955934524536133e+00
1.619527101516723633e+00
1.612014293670654297e+00
1.689169645309448242e+00
1.741271495819091797e+00
1.564593791961669922e+00
1.607060432434082031e+00
1.612237215042114258e+00
1.645070791244506836e+00
1.460968017578125000e+00
1.557770967483520508e+00
1.607260465621948242e+00
1.502462863922119141e+00
1.518772840499877930e+00
1.513041257858276367e+00
1.552757263183593750e+00
1.481235742568969727e+00
1.490597963333129883e+00
1.558784246444702148e+00
1.532088518142700195e+00
1.539061069488525391e+00
1.545123338699340820e+00
1.677066802978515625e+00
1.537013530731201172e+00
1.546003341674804688e+00
1.583097219467163086e+00
1.689162731170654297e+00
1.601331233978271484e+00
1.560670614242553711e+00
1.426728248596191406e+00
1.642013549804687500e+00
1.522972583770751953e+00
1.578462362289428711e+00
1.701363086700439453e+00
1.493092536926269531e+00
1.514418840408325195e+00
1.623760700225830078e+00
1.642407894134521484e+00
1.728178501129150391e+00
1.638842821121215820e+00
1.417894840240478516e+00
