2.195079976654052523e+00
2.083668782806396447e+00
2.089359986877441511e+00
1.990789832687377858e+00
1.940828479003906315e+00
1.908167832183837787e+00
1.913304085350036710e+00
1.846171882629394467e+00
1.843072076034545814e+00
1.813279157257080110e+00
1.777673072433471724e+00
1.751753063583374015e+00
1.766354924201965382e+00
1.705237070083618134e+00
1.682525011444091723e+00
1.665909140205383387e+00
1.594904570960998580e+00
1.558343246078491173e+00
1.516142891311645480e+00
1.469281358146667493e+00
1.395033639335632403e+00
1.402738270568847589e+00
1.302197645950317284e+00
1.333548069000244141e+00
1.261547264099120991e+00
1.247348603820800816e+00
1.232788639831543076e+00
1.250499454879760775e+00
1.186649276256561247e+00
1.118045848846435542e+00
1.141620476913452142e+00
1.119638767814636227e+00
1.052763127708435054e+00
1.068801722526550257e+00
1.054314091300964318e+00
1.037357212448120070e+00
1.032876209068298357e+00
9.520414558410644768e-01
9.527405158996582468e-01
1.014633956146240301e+00
9.488185834884643732e-01
8.762284998893737908e-01
8.774834354400634640e-01
8.551862770080566056e-01
8.859152919769287537e-01
8.413287410736084437e-01
7.854626787185668979e-01
8.425590000152587411e-01
8.611520645141601538e-01
8.110024311065673341e-01
7.699939619064330998e-01
7.777465480804442999e-01
7.539444541931152877e-01
7.877568141937255630e-01
7.816622802734375375e-01
7.773427845001220637e-01
7.473336961746215312e-01
7.401714859008788894e-01
7.348349281311035153e-01
7.266114143371582568e-01
6.743641033172607102e-01
6.422622108459472567e-01
7.378659146308899075e-01
6.761662263870239498e-01
6.753196353912354066e-01
6.957357387542724148e-01
5.967368464469909872e-01
6.096740701675414931e-01
6.093663946151733901e-01
5.987745302200316866e-01
6.396325241088867131e-01
5.669443988800049183e-01
6.178938884735107884e-01
6.602142097473144844e-01
6.441325890541076404e-01
5.819948482513427335e-01
5.619685604095459031e-01
6.740350286483764997e-01
5.911181255340576257e-01
6.346469156265258649e-01
5.595890499114990480e-01
5.622780742645263619e-01
4.683820207595825180e-01
4.482253610610961725e-01
4.689661592960357450e-01
4.512744903087616000e-01
4.406055377483367730e-01
4.296895451545715283e-01
4.275343828201293994e-01
4.363524878501892079e-01
4.041583787918091031e-01
4.358886549949645972e-01
4.174270864486694377e-01
4.458824413299560807e-01
4.109418089151382625e-01
4.078057179450989000e-01
3.933365802764892671e-01
4.062387048721313731e-01
4.080630395889282003e-01
4.156832212448119956e-01
1.261158518981933652e+00
1.016235678863525393e+00
9.844689498901366687e-01
8.862800804138183386e-01
8.860981170654297356e-01
8.585621322631835639e-01
8.803343914031982465e-01
7.769822790145873848e-01
7.888676295280456774e-01
7.827088050842284650e-01
8.027658857345580934e-01
7.927694053649901873e-01
7.140514175415039189e-01
7.205539783477783455e-01
6.797320293426514226e-01
6.963995370864868306e-01
6.744290664672851765e-01
6.812585062026977889e-01
6.703397256851196806e-01
6.962012018203734831e-01
6.304743124008178601e-01
6.425911493778229122e-01
6.480419954299926344e-01
7.641894920349121545e-01
7.833528003692626918e-01
8.307251249313354347e-01
8.309821067810058137e-01
8.146882209777831507e-01
8.429450218200683631e-01
8.736730300903320368e-01
8.937592121124267042e-01
8.131900588989258161e-01
8.177119682312011806e-01
8.460320863723754803e-01
8.461682439804076861e-01
8.628288276672363422e-01
8.277651214599609508e-01
8.086143009185791097e-01
8.073675544738769805e-01
8.382788429260253915e-01
8.798457848548889570e-01
8.244641891479491669e-01
8.589570186614989833e-01
8.320151277542113810e-01
8.584900844573974954e-01
7.985549438476562401e-01
7.730463378906250460e-01
8.199007234573364444e-01
8.019455501556396193e-01
8.463283464431762271e-01
8.022394096374512173e-01
4.625773435592651639e-01
4.526984279870986949e-01
4.283147587776184317e-01
4.452420408248901618e-01
3.996490270614623808e-01
4.235764896631241117e-01
4.324547209739685316e-01
4.214203939437866087e-01
4.321088501453399511e-01
4.170330772399902242e-01
4.198727603912353334e-01
4.297733992099762035e-01
4.185214988708496064e-01
4.222868119716644553e-01
4.154225706100463933e-01
4.072032575607300031e-01
4.181679959297180393e-01
3.960973397254943795e-01
4.169124670028686586e-01
4.084043932914733777e-01
4.162406331539154070e-01
4.242829408645629741e-01
4.087363819122314390e-01
3.958809566497802912e-01
4.192223257064819353e-01
4.056447366714477365e-01
4.174949064254760978e-01
4.076854368209839041e-01
4.159005558013916248e-01
4.031437520980835076e-01
4.118855586051941020e-01
4.135065420866012587e-01
4.018362525939941365e-01
4.218258708953857572e-01
3.895692229270935059e-01
4.171700219154357847e-01
4.405329624176025360e-01
4.111672080993652445e-01
3.990701171875000175e-01
4.237257293224334642e-01
3.969993701934814712e-01
4.370606983184814331e-01
3.940345936179160957e-01
3.983524352073669617e-01
4.118808746337890847e-01
4.012709060668945282e-01
3.902994750976562233e-01
4.113853495597839527e-01
4.157023019790649365e-01
