0.000000000000000000e+00
6.926503340757238902e+01
1.113585746102449869e+00
0.000000000000000000e+00
4.899777282850779514e+00
0.000000000000000000e+00
6.681514476614699438e-01
0.000000000000000000e+00
2.449888641425389757e+00
0.000000000000000000e+00
0.000000000000000000e+00
3.340757238307349830e+00
0.000000000000000000e+00
2.895322939866369794e+00
6.681514476614699438e-01
9.131403118040088529e+00
1.559020044543429906e+00
8.240534521158128456e+00
0.000000000000000000e+00
4.498886414253897215e+01
4.454342984409799810e-01
6.681514476614699438e-01
6.236080178173719624e+00
2.895322939866369794e+01
2.449888641425389757e+00
1.069042316258351910e+01
1.447661469933184897e+01
1.224944320712694790e+01
1.224944320712694790e+01
4.677060133630289940e+00
2.672605790645879775e+00
3.340757238307349830e+00
3.340757238307349830e+00
1.425389755011135939e+01
4.677060133630289940e+00
5.345211581291759551e+00
5.345211581291759551e+00
2.227171492204899905e-01
3.719376391982182639e+01
4.454342984409799810e-01
2.004454342984409720e+00
2.227171492204899905e-01
2.227171492204899739e+00
1.403118040089086804e+01
6.681514476614699438e-01
2.004454342984409720e+01
2.939866369710467708e+01
2.004454342984409720e+01
2.449888641425389757e+00
1.559020044543429906e+00
9.131403118040088529e+00
4.231625835189309903e+00
6.013363028953229161e+00
6.681514476614699438e-01
2.449888641425389757e+00
0.000000000000000000e+00
2.672605790645879775e+00
4.677060133630289585e+01
2.449888641425389757e+00
2.227171492204899739e+00
3.118040089086859812e+00
6.681514476614699438e-01
3.786191536748329423e+00
1.002227171492204860e+01
2.004454342984409720e+00
4.008908685968819441e+00
5.790645879732739587e+00
1.336302895322939888e+00
2.895322939866369794e+00
4.231625835189309903e+00
1.269487750556792882e+01
1.559020044543429906e+00
1.336302895322939888e+00
2.227171492204899905e-01
1.336302895322939888e+00
1.603563474387527776e+01
6.681514476614699438e-01
8.908685968819599621e-01
8.908685968819599621e-01
6.013363028953229161e+00
8.908685968819599621e-01
6.681514476614699438e-01
2.449888641425389757e+00
2.449888641425389757e+00
2.672605790645879775e+00
3.563474387527839848e+00
2.672605790645879775e+00
2.449888641425389757e+00
2.004454342984409720e+00
2.004454342984409720e+00
1.336302895322939888e+00
2.449888641425389757e+00
2.672605790645879775e+00
2.895322939866369794e+00
2.895322939866369794e+00
2.672605790645879775e+00
3.118040089086859812e+00
1.559020044543429906e+00
3.563474387527839848e+00
3.340757238307349830e+00
3.340757238307349830e+00
4.677060133630289940e+00
4.008908685968819441e+00
4.231625835189309903e+00
6.681514476614699660e+00
7.795100222717149308e+00
8.685968819599109381e+00
6.013363028953229161e+00
1.158129175946547917e+01
1.046770601336302953e+01
1.336302895322939932e+01
1.804008908685968748e+01
2.071269487750556948e+01
2.494432071269487849e+01
2.182628062360801735e+01
2.048997772828507635e+01
1.982182628062360763e+01
2.204899777282850692e+01
2.605790645879732637e+01
3.229398663697104865e+01
3.118040089086859723e+01
2.761692650334075694e+01
2.672605790645879864e+01
2.316258351893095835e+01
3.140311804008908680e+01
3.251670378619153468e+01
3.563474387527839582e+01
3.363028953229398610e+01
3.853006681514476384e+01
3.942093541202672924e+01
3.808463251670378469e+01
3.608017817371937497e+01
3.452115812917594440e+01
4.075723830734966668e+01
4.075723830734966668e+01
3.942093541202672924e+01
3.563474387527839582e+01
4.253897550111358328e+01
4.187082405345211811e+01
3.986636971046770839e+01
4.075723830734966668e+01
4.097995545657015271e+01
4.031180400890868754e+01
4.008908685968819441e+01
4.231625835189309726e+01
3.853006681514476384e+01
4.075723830734966668e+01
4.209354120267260413e+01
4.053452115812917356e+01
4.276169265033407640e+01
4.120267260579064583e+01
3.496659242761692354e+01
3.474387527839643752e+01
2.739420935412026736e+01
2.383073496659242707e+01
1.648106904231625691e+01
1.648106904231625691e+01
1.469933184855233854e+01
1.336302895322939932e+01
1.158129175946547917e+01
1.314031180400890797e+01
1.113585746102449825e+01
1.024498886414253818e+01
1.069042316258351910e+01
8.685968819599109381e+00
9.131403118040088529e+00
8.463251670378619806e+00
7.795100222717149308e+00
6.904231625835189234e+00
7.795100222717149308e+00
8.017817371937638882e+00
1.002227171492204860e+01
6.458797327394209198e+00
4.899777282850779514e+00
7.126948775055679697e+00
6.904231625835189234e+00
8.463251670378619806e+00
5.567928730512249125e+00
6.013363028953229161e+00
6.013363028953229161e+00
4.231625835189309903e+00
5.567928730512249125e+00
5.122494432071269088e+00
5.345211581291759551e+00
5.345211581291759551e+00
6.458797327394209198e+00
6.904231625835189234e+00
6.013363028953229161e+00
6.681514476614699660e+00
6.458797327394209198e+00
6.013363028953229161e+00
5.345211581291759551e+00
5.790645879732739587e+00
3.118040089086859812e+00
6.904231625835189234e+00
5.790645879732739587e+00
6.236080178173719624e+00
5.567928730512249125e+00
3.786191536748329423e+00
4.231625835189309903e+00
