1.459312438964843750e-02
1.141190528869628906e-02
1.212239265441894531e-02
1.221776008605957031e-02
1.283216476440429688e-02
1.257085800170898438e-02
1.220464706420898438e-02
1.138257980346679688e-02
1.240587234497070312e-02
1.500535011291503906e-02
1.166248321533203125e-02
1.207923889160156250e-02
1.140260696411132812e-02
1.290273666381835938e-02
1.278233528137207031e-02
1.068043708801269531e-02
1.124048233032226562e-02
1.224279403686523438e-02
1.161789894104003906e-02
1.202058792114257812e-02
1.180362701416015625e-02
1.194739341735839844e-02
1.169586181640625000e-02
1.185917854309082031e-02
1.086211204528808594e-02
1.219558715820312500e-02
1.199412345886230469e-02
1.215553283691406250e-02
1.207590103149414062e-02
1.165747642517089844e-02
1.243829727172851562e-02
1.162457466125488281e-02
1.212620735168457031e-02
1.207327842712402344e-02
1.309013366699218750e-02
1.247692108154296875e-02
1.269316673278808594e-02
1.162052154541015625e-02
1.181149482727050781e-02
1.256465911865234375e-02
1.223158836364746094e-02
1.179647445678710938e-02
1.533246040344238281e-02
1.236724853515625000e-02
1.268506050109863281e-02
1.304125785827636719e-02
1.347279548645019531e-02
1.313972473144531250e-02
1.183176040649414062e-02
1.245594024658203125e-02
1.229357719421386719e-02
1.263403892517089844e-02
1.250100135803222656e-02
1.221227645874023438e-02
1.296377182006835938e-02
1.270914077758789062e-02
1.249027252197265625e-02
1.304864883422851562e-02
1.242685317993164062e-02
1.099872589111328125e-02
1.177358627319335938e-02
1.170396804809570312e-02
1.295495033264160156e-02
1.250672340393066406e-02
1.075959205627441406e-02
1.247096061706542969e-02
1.268458366394042969e-02
1.251912117004394531e-02
1.166391372680664062e-02
1.247024536132812500e-02
1.150584220886230469e-02
1.185584068298339844e-02
1.116132736206054688e-02
1.229071617126464844e-02
1.088476181030273438e-02
1.204824447631835938e-02
1.277327537536621094e-02
1.106238365173339844e-02
1.219391822814941406e-02
1.081228256225585938e-02
1.129436492919921875e-02
1.235008239746093750e-02
1.188325881958007812e-02
1.220130920410156250e-02
1.157999038696289062e-02
1.167178153991699219e-02
1.161718368530273438e-02
1.130819320678710938e-02
1.240015029907226562e-02
1.159763336181640625e-02
1.212286949157714844e-02
1.171731948852539062e-02
1.181840896606445312e-02
1.127743721008300781e-02
1.166129112243652344e-02
1.165175437927246094e-02
1.157879829406738281e-02
1.275682449340820312e-02
1.202893257141113281e-02
1.283884048461914062e-02
1.264429092407226562e-02
1.343202590942382812e-02
1.271820068359375000e-02
1.273584365844726562e-02
1.219463348388671875e-02
1.232862472534179688e-02
1.123380661010742188e-02
1.296997070312500000e-02
1.295185089111328125e-02
1.182985305786132812e-02
1.281261444091796875e-02
1.208591461181640625e-02
1.134347915649414062e-02
1.073789596557617188e-02
1.147985458374023438e-02
1.098680496215820312e-02
1.138997077941894531e-02
1.137328147888183594e-02
1.211118698120117188e-02
1.115989685058593750e-02
1.119565963745117188e-02
1.227760314941406250e-02
1.125264167785644531e-02
1.210117340087890625e-02
1.638484001159667969e-02
1.128745079040527344e-02
1.165795326232910156e-02
1.182794570922851562e-02
1.276302337646484375e-02
1.197528839111328125e-02
1.235985755920410156e-02
1.168656349182128906e-02
1.239514350891113281e-02
1.284098625183105469e-02
1.115393638610839844e-02
1.107978820800781250e-02
1.315927505493164062e-02
1.246094703674316406e-02
1.087832450866699219e-02
1.342344284057617188e-02
1.281690597534179688e-02
1.166176795959472656e-02
1.207709312438964844e-02
1.201891899108886719e-02
1.073956489562988281e-02
1.171803474426269531e-02
1.185154914855957031e-02
1.168203353881835938e-02
1.170802116394042969e-02
1.257443428039550781e-02
1.208877563476562500e-02
1.201701164245605469e-02
1.186823844909667969e-02
1.232886314392089844e-02
1.251292228698730469e-02
1.150655746459960938e-02
1.141524314880371094e-02
1.206159591674804688e-02
1.425600051879882812e-02
1.161122322082519531e-02
1.184082031250000000e-02
1.106715202331542969e-02
1.314854621887207031e-02
1.137089729309082031e-02
1.160621643066406250e-02
1.287412643432617188e-02
1.186537742614746094e-02
1.202988624572753906e-02
1.149964332580566406e-02
1.232099533081054688e-02
1.222276687622070312e-02
1.012587547302246094e-02
1.131510734558105469e-02
1.288008689880371094e-02
1.315164566040039062e-02
1.247501373291015625e-02
1.318550109863281250e-02
1.373076438903808594e-02
1.159095764160156250e-02
1.185345649719238281e-02
1.193737983703613281e-02
1.117420196533203125e-02
1.103448867797851562e-02
1.020693778991699219e-02
1.139760017395019531e-02
1.025843620300292969e-02
1.118755340576171875e-02
1.227164268493652344e-02
1.149010658264160156e-02
1.255559921264648438e-02
1.199913024902343750e-02
1.247334480285644531e-02
1.264381408691406250e-02
1.316070556640625000e-02
1.219558715820312500e-02
1.211714744567871094e-02
1.295781135559082031e-02
1.160836219787597656e-02
1.335883140563964844e-02
1.217317581176757812e-02
