0.000000000000000000e+00
2.200000000000000178e+00
9.199999999999999289e+00
9.500000000000000000e+00
9.400000000000000355e+00
1.090000000000000036e+01
1.800000000000000000e+01
1.000000000000000000e+01
2.219999999999999929e+01
1.209999999999999964e+01
1.000000000000000000e+02
9.909999999999999432e+01
1.000000000000000000e+02
8.629999999999999716e+01
9.900000000000000000e+01
1.000000000000000000e+02
1.000000000000000000e+02
9.920000000000000284e+01
9.990000000000000568e+01
9.970000000000000284e+01
1.000000000000000000e+02
9.979999999999999716e+01
9.940000000000000568e+01
9.940000000000000568e+01
9.940000000000000568e+01
9.959999999999999432e+01
9.959999999999999432e+01
9.970000000000000284e+01
9.970000000000000284e+01
9.970000000000000284e+01
9.970000000000000284e+01
9.970000000000000284e+01
9.970000000000000284e+01
9.970000000000000284e+01
1.000000000000000000e+02
9.979999999999999716e+01
9.990000000000000568e+01
9.970000000000000284e+01
9.979999999999999716e+01
9.979999999999999716e+01
