1.000000000000000000e+02
1.000000000000000000e+01
1.280000000000000071e+01
1.119999999999999929e+01
1.109999999999999964e+01
1.100000000000000000e+01
1.140000000000000036e+01
1.119999999999999929e+01
1.100000000000000000e+01
1.119999999999999929e+01
1.119999999999999929e+01
1.269999999999999929e+01
1.930000000000000071e+01
3.239999999999999858e+01
2.819999999999999929e+01
5.510000000000000142e+01
8.329999999999999716e+01
9.470000000000000284e+01
9.790000000000000568e+01
9.820000000000000284e+01
9.870000000000000284e+01
9.870000000000000284e+01
9.879999999999999716e+01
9.890000000000000568e+01
9.900000000000000000e+01
9.920000000000000284e+01
9.940000000000000568e+01
9.940000000000000568e+01
9.929999999999999716e+01
9.929999999999999716e+01
9.920000000000000284e+01
9.929999999999999716e+01
9.940000000000000568e+01
9.940000000000000568e+01
9.940000000000000568e+01
9.950000000000000000e+01
9.950000000000000000e+01
9.950000000000000000e+01
9.950000000000000000e+01
9.950000000000000000e+01
