0.000000000000000000e+00
4.200000000000000178e+00
1.109999999999999964e+01
1.109999999999999964e+01
1.100000000000000000e+01
1.800000000000000000e+01
2.480000000000000071e+01
9.970000000000000284e+01
9.840000000000000568e+01
9.970000000000000284e+01
9.920000000000000284e+01
9.909999999999999432e+01
9.970000000000000284e+01
9.970000000000000284e+01
9.990000000000000568e+01
1.000000000000000000e+02
1.000000000000000000e+02
9.959999999999999432e+01
9.959999999999999432e+01
9.959999999999999432e+01
9.959999999999999432e+01
9.959999999999999432e+01
9.959999999999999432e+01
9.959999999999999432e+01
9.970000000000000284e+01
9.959999999999999432e+01
9.959999999999999432e+01
9.959999999999999432e+01
9.959999999999999432e+01
9.959999999999999432e+01
9.959999999999999432e+01
9.959999999999999432e+01
9.959999999999999432e+01
9.959999999999999432e+01
9.959999999999999432e+01
9.959999999999999432e+01
9.959999999999999432e+01
9.959999999999999432e+01
9.959999999999999432e+01
9.959999999999999432e+01
