0.000000000000000000e+00
1.669999999999999929e+01
1.169999999999999929e+01
1.180000000000000071e+01
1.140000000000000036e+01
1.169999999999999929e+01
1.159999999999999964e+01
1.830000000000000071e+01
5.579999999999999716e+01
6.940000000000000568e+01
9.059999999999999432e+01
9.109999999999999432e+01
9.259999999999999432e+01
9.840000000000000568e+01
9.950000000000000000e+01
9.959999999999999432e+01
9.929999999999999716e+01
9.959999999999999432e+01
9.970000000000000284e+01
9.979999999999999716e+01
9.959999999999999432e+01
9.979999999999999716e+01
9.979999999999999716e+01
9.979999999999999716e+01
9.979999999999999716e+01
9.979999999999999716e+01
9.979999999999999716e+01
9.979999999999999716e+01
9.979999999999999716e+01
9.979999999999999716e+01
9.979999999999999716e+01
9.979999999999999716e+01
9.979999999999999716e+01
9.979999999999999716e+01
9.979999999999999716e+01
9.979999999999999716e+01
9.979999999999999716e+01
9.979999999999999716e+01
9.979999999999999716e+01
9.979999999999999716e+01
