0.000000000000000000e+00
1.199999999999999956e+00
8.099999999999999645e+00
8.599999999999999645e+00
8.599999999999999645e+00
8.199999999999999289e+00
8.900000000000000355e+00
9.900000000000000355e+00
2.350000000000000000e+01
4.139999999999999858e+01
4.950000000000000000e+01
5.820000000000000284e+01
6.350000000000000000e+01
7.950000000000000000e+01
8.079999999999999716e+01
8.509999999999999432e+01
8.859999999999999432e+01
9.520000000000000284e+01
9.629999999999999716e+01
9.640000000000000568e+01
9.659999999999999432e+01
9.650000000000000000e+01
9.650000000000000000e+01
9.659999999999999432e+01
9.679999999999999716e+01
9.720000000000000284e+01
9.779999999999999716e+01
9.790000000000000568e+01
9.790000000000000568e+01
9.790000000000000568e+01
9.790000000000000568e+01
9.790000000000000568e+01
9.790000000000000568e+01
9.790000000000000568e+01
9.790000000000000568e+01
9.790000000000000568e+01
9.790000000000000568e+01
9.790000000000000568e+01
9.790000000000000568e+01
9.790000000000000568e+01
