0.000000000000000000e+00
0.000000000000000000e+00
8.500000000000000000e+00
1.000000000000000000e+01
9.000000000000000000e+00
3.289999999999999858e+01
5.820000000000000284e+01
8.559999999999999432e+01
8.700000000000000000e+01
9.309999999999999432e+01
9.350000000000000000e+01
9.909999999999999432e+01
9.429999999999999716e+01
9.759999999999999432e+01
9.870000000000000284e+01
9.850000000000000000e+01
9.840000000000000568e+01
9.940000000000000568e+01
9.909999999999999432e+01
9.859999999999999432e+01
9.890000000000000568e+01
9.879999999999999716e+01
9.890000000000000568e+01
9.890000000000000568e+01
9.890000000000000568e+01
9.909999999999999432e+01
9.909999999999999432e+01
9.890000000000000568e+01
9.890000000000000568e+01
9.879999999999999716e+01
9.879999999999999716e+01
9.879999999999999716e+01
9.879999999999999716e+01
9.879999999999999716e+01
9.879999999999999716e+01
9.879999999999999716e+01
9.879999999999999716e+01
9.879999999999999716e+01
9.879999999999999716e+01
9.879999999999999716e+01
