0.000000000000000000e+00
0.000000000000000000e+00
9.599999999999999645e+00
9.300000000000000711e+00
8.400000000000000355e+00
2.139999999999999858e+01
6.690000000000000568e+01
7.079999999999999716e+01
6.640000000000000568e+01
8.390000000000000568e+01
9.179999999999999716e+01
8.600000000000000000e+01
9.340000000000000568e+01
9.440000000000000568e+01
9.500000000000000000e+01
9.840000000000000568e+01
9.009999999999999432e+01
9.890000000000000568e+01
9.850000000000000000e+01
9.840000000000000568e+01
9.870000000000000284e+01
9.809999999999999432e+01
9.859999999999999432e+01
9.900000000000000000e+01
9.829999999999999716e+01
9.879999999999999716e+01
9.890000000000000568e+01
9.879999999999999716e+01
9.859999999999999432e+01
9.859999999999999432e+01
9.859999999999999432e+01
9.850000000000000000e+01
9.850000000000000000e+01
9.850000000000000000e+01
9.850000000000000000e+01
9.850000000000000000e+01
9.850000000000000000e+01
9.850000000000000000e+01
9.850000000000000000e+01
9.850000000000000000e+01
