0.000000000000000000e+00
0.000000000000000000e+00
7.799999999999999822e+00
7.299999999999999822e+00
7.900000000000000355e+00
8.800000000000000711e+00
2.750000000000000000e+01
5.060000000000000142e+01
5.920000000000000284e+01
7.520000000000000284e+01
8.590000000000000568e+01
8.620000000000000284e+01
9.390000000000000568e+01
9.459999999999999432e+01
9.509999999999999432e+01
9.490000000000000568e+01
9.870000000000000284e+01
9.929999999999999716e+01
9.909999999999999432e+01
9.900000000000000000e+01
9.900000000000000000e+01
9.879999999999999716e+01
9.879999999999999716e+01
9.900000000000000000e+01
9.890000000000000568e+01
9.890000000000000568e+01
9.929999999999999716e+01
9.929999999999999716e+01
9.929999999999999716e+01
9.929999999999999716e+01
9.900000000000000000e+01
9.900000000000000000e+01
9.900000000000000000e+01
9.900000000000000000e+01
9.900000000000000000e+01
9.900000000000000000e+01
9.890000000000000568e+01
9.890000000000000568e+01
9.890000000000000568e+01
9.900000000000000000e+01
