0.000000000000000000e+00
0.000000000000000000e+00
9.000000000000000000e+00
8.000000000000000000e+00
9.099999999999999645e+00
9.300000000000000711e+00
1.619999999999999929e+01
3.050000000000000000e+01
4.929999999999999716e+01
6.579999999999999716e+01
7.320000000000000284e+01
7.850000000000000000e+01
8.759999999999999432e+01
9.059999999999999432e+01
9.250000000000000000e+01
9.520000000000000284e+01
9.650000000000000000e+01
9.779999999999999716e+01
9.809999999999999432e+01
9.840000000000000568e+01
9.829999999999999716e+01
9.829999999999999716e+01
9.840000000000000568e+01
9.859999999999999432e+01
9.840000000000000568e+01
9.859999999999999432e+01
9.929999999999999716e+01
9.940000000000000568e+01
9.909999999999999432e+01
9.890000000000000568e+01
9.879999999999999716e+01
9.870000000000000284e+01
9.879999999999999716e+01
9.879999999999999716e+01
9.870000000000000284e+01
9.870000000000000284e+01
9.870000000000000284e+01
9.870000000000000284e+01
9.870000000000000284e+01
9.870000000000000284e+01
