0.000000000000000000e+00
0.000000000000000000e+00
8.800000000000000711e+00
8.699999999999999289e+00
8.500000000000000000e+00
8.400000000000000355e+00
1.080000000000000071e+01
1.290000000000000036e+01
2.219999999999999929e+01
4.460000000000000142e+01
5.170000000000000284e+01
6.509999999999999432e+01
6.990000000000000568e+01
8.259999999999999432e+01
8.759999999999999432e+01
8.829999999999999716e+01
9.070000000000000284e+01
9.729999999999999716e+01
9.779999999999999716e+01
9.790000000000000568e+01
9.800000000000000000e+01
9.790000000000000568e+01
9.800000000000000000e+01
9.800000000000000000e+01
9.800000000000000000e+01
9.809999999999999432e+01
9.859999999999999432e+01
9.870000000000000284e+01
9.859999999999999432e+01
9.859999999999999432e+01
9.859999999999999432e+01
9.859999999999999432e+01
9.859999999999999432e+01
9.859999999999999432e+01
9.859999999999999432e+01
9.850000000000000000e+01
9.850000000000000000e+01
9.850000000000000000e+01
9.850000000000000000e+01
9.850000000000000000e+01
