0.000000000000000000e+00
0.000000000000000000e+00
1.259999999999999964e+01
1.209999999999999964e+01
1.200000000000000000e+01
1.140000000000000036e+01
1.219999999999999929e+01
1.300000000000000000e+01
1.939999999999999858e+01
2.939999999999999858e+01
4.460000000000000142e+01
5.670000000000000284e+01
6.150000000000000000e+01
7.900000000000000000e+01
7.359999999999999432e+01
8.179999999999999716e+01
8.700000000000000000e+01
9.500000000000000000e+01
9.620000000000000284e+01
9.620000000000000284e+01
9.620000000000000284e+01
9.640000000000000568e+01
9.659999999999999432e+01
9.659999999999999432e+01
9.640000000000000568e+01
9.740000000000000568e+01
9.790000000000000568e+01
9.820000000000000284e+01
9.809999999999999432e+01
9.809999999999999432e+01
9.790000000000000568e+01
9.790000000000000568e+01
9.790000000000000568e+01
9.790000000000000568e+01
9.790000000000000568e+01
9.790000000000000568e+01
9.779999999999999716e+01
9.779999999999999716e+01
9.779999999999999716e+01
9.779999999999999716e+01
