0.000000000000000000e+00
1.899999999999999911e+00
9.400000000000000355e+00
1.000000000000000000e+01
1.030000000000000071e+01
1.030000000000000071e+01
1.069999999999999929e+01
1.200000000000000000e+01
1.880000000000000071e+01
3.239999999999999858e+01
4.939999999999999858e+01
6.210000000000000142e+01
5.979999999999999716e+01
7.509999999999999432e+01
8.000000000000000000e+01
8.590000000000000568e+01
8.340000000000000568e+01
9.379999999999999716e+01
9.690000000000000568e+01
9.729999999999999716e+01
9.729999999999999716e+01
9.709999999999999432e+01
9.729999999999999716e+01
9.729999999999999716e+01
9.750000000000000000e+01
9.790000000000000568e+01
9.840000000000000568e+01
9.840000000000000568e+01
9.840000000000000568e+01
9.840000000000000568e+01
9.840000000000000568e+01
9.840000000000000568e+01
9.840000000000000568e+01
9.829999999999999716e+01
9.840000000000000568e+01
9.829999999999999716e+01
9.829999999999999716e+01
9.829999999999999716e+01
9.829999999999999716e+01
9.829999999999999716e+01
