0.000000000000000000e+00
3.000000000000000000e+00
9.400000000000000355e+00
9.699999999999999289e+00
9.300000000000000711e+00
9.900000000000000355e+00
1.019999999999999929e+01
1.250000000000000000e+01
3.010000000000000142e+01
3.210000000000000142e+01
4.389999999999999858e+01
5.589999999999999858e+01
6.200000000000000000e+01
7.370000000000000284e+01
7.509999999999999432e+01
7.879999999999999716e+01
8.540000000000000568e+01
9.390000000000000568e+01
9.640000000000000568e+01
9.620000000000000284e+01
9.629999999999999716e+01
9.629999999999999716e+01
9.640000000000000568e+01
9.629999999999999716e+01
9.629999999999999716e+01
9.770000000000000284e+01
9.800000000000000000e+01
9.800000000000000000e+01
9.800000000000000000e+01
9.800000000000000000e+01
9.800000000000000000e+01
9.800000000000000000e+01
9.800000000000000000e+01
9.800000000000000000e+01
9.800000000000000000e+01
9.800000000000000000e+01
9.800000000000000000e+01
9.800000000000000000e+01
9.800000000000000000e+01
9.800000000000000000e+01
