0.000000000000000000e+00
1.000000000000000000e+00
9.199999999999999289e+00
9.699999999999999289e+00
9.300000000000000711e+00
1.789999999999999858e+01
4.189999999999999858e+01
7.829999999999999716e+01
8.229999999999999716e+01
9.529999999999999716e+01
9.800000000000000000e+01
9.670000000000000284e+01
9.750000000000000000e+01
9.870000000000000284e+01
9.850000000000000000e+01
9.900000000000000000e+01
9.870000000000000284e+01
9.950000000000000000e+01
9.909999999999999432e+01
9.870000000000000284e+01
9.929999999999999716e+01
9.890000000000000568e+01
9.909999999999999432e+01
9.890000000000000568e+01
9.900000000000000000e+01
9.890000000000000568e+01
9.940000000000000568e+01
9.909999999999999432e+01
9.909999999999999432e+01
9.909999999999999432e+01
9.900000000000000000e+01
9.900000000000000000e+01
9.900000000000000000e+01
9.900000000000000000e+01
9.900000000000000000e+01
9.900000000000000000e+01
9.900000000000000000e+01
9.900000000000000000e+01
9.900000000000000000e+01
9.900000000000000000e+01
