0.000000000000000000e+00
0.000000000000000000e+00
8.500000000000000000e+00
9.599999999999999645e+00
9.699999999999999289e+00
9.599999999999999645e+00
9.500000000000000000e+00
1.000000000000000000e+01
1.250000000000000000e+01
2.030000000000000071e+01
4.270000000000000284e+01
5.000000000000000000e+01
5.110000000000000142e+01
6.429999999999999716e+01
7.779999999999999716e+01
8.370000000000000284e+01
8.950000000000000000e+01
9.370000000000000284e+01
9.750000000000000000e+01
9.779999999999999716e+01
9.759999999999999432e+01
9.790000000000000568e+01
9.800000000000000000e+01
9.800000000000000000e+01
9.820000000000000284e+01
9.859999999999999432e+01
9.900000000000000000e+01
9.900000000000000000e+01
9.900000000000000000e+01
9.900000000000000000e+01
9.900000000000000000e+01
9.900000000000000000e+01
9.900000000000000000e+01
9.900000000000000000e+01
9.900000000000000000e+01
9.900000000000000000e+01
9.900000000000000000e+01
9.900000000000000000e+01
9.900000000000000000e+01
9.900000000000000000e+01
