0.000000000000000000e+00
2.200000000000000178e+00
8.099999999999999645e+00
7.900000000000000355e+00
8.199999999999999289e+00
8.099999999999999645e+00
1.939999999999999858e+01
5.279999999999999716e+01
6.520000000000000284e+01
8.670000000000000284e+01
8.920000000000000284e+01
9.420000000000000284e+01
9.629999999999999716e+01
9.770000000000000284e+01
9.859999999999999432e+01
9.879999999999999716e+01
8.170000000000000284e+01
9.970000000000000284e+01
9.959999999999999432e+01
9.950000000000000000e+01
9.970000000000000284e+01
9.959999999999999432e+01
9.959999999999999432e+01
9.959999999999999432e+01
9.959999999999999432e+01
9.970000000000000284e+01
9.970000000000000284e+01
9.970000000000000284e+01
9.970000000000000284e+01
9.959999999999999432e+01
9.959999999999999432e+01
9.959999999999999432e+01
9.959999999999999432e+01
9.959999999999999432e+01
9.959999999999999432e+01
9.959999999999999432e+01
9.959999999999999432e+01
9.959999999999999432e+01
9.959999999999999432e+01
9.959999999999999432e+01
