0.000000000000000000e+00
0.000000000000000000e+00
9.300000000000000711e+00
8.400000000000000355e+00
9.300000000000000711e+00
9.099999999999999645e+00
1.159999999999999964e+01
2.910000000000000142e+01
4.689999999999999858e+01
7.220000000000000284e+01
7.350000000000000000e+01
8.900000000000000000e+01
9.320000000000000284e+01
9.629999999999999716e+01
9.679999999999999716e+01
9.840000000000000568e+01
9.440000000000000568e+01
9.929999999999999716e+01
9.940000000000000568e+01
9.920000000000000284e+01
9.929999999999999716e+01
9.920000000000000284e+01
9.920000000000000284e+01
9.920000000000000284e+01
9.920000000000000284e+01
9.929999999999999716e+01
9.940000000000000568e+01
9.979999999999999716e+01
9.950000000000000000e+01
9.929999999999999716e+01
9.929999999999999716e+01
9.929999999999999716e+01
9.929999999999999716e+01
9.929999999999999716e+01
9.929999999999999716e+01
9.929999999999999716e+01
9.909999999999999432e+01
9.909999999999999432e+01
9.909999999999999432e+01
9.920000000000000284e+01
