0.000000000000000000e+00
0.000000000000000000e+00
1.009999999999999964e+01
1.019999999999999929e+01
1.019999999999999929e+01
1.009999999999999964e+01
1.200000000000000000e+01
2.310000000000000142e+01
3.660000000000000142e+01
4.929999999999999716e+01
6.640000000000000568e+01
8.490000000000000568e+01
9.479999999999999716e+01
9.290000000000000568e+01
9.690000000000000568e+01
9.779999999999999716e+01
9.520000000000000284e+01
9.870000000000000284e+01
9.929999999999999716e+01
9.920000000000000284e+01
9.920000000000000284e+01
9.920000000000000284e+01
9.920000000000000284e+01
9.929999999999999716e+01
9.920000000000000284e+01
9.950000000000000000e+01
9.959999999999999432e+01
9.959999999999999432e+01
9.959999999999999432e+01
9.959999999999999432e+01
9.959999999999999432e+01
9.959999999999999432e+01
9.959999999999999432e+01
9.959999999999999432e+01
9.959999999999999432e+01
9.950000000000000000e+01
9.950000000000000000e+01
9.950000000000000000e+01
9.950000000000000000e+01
9.950000000000000000e+01
