0.000000000000000000e+00
0.000000000000000000e+00
9.300000000000000711e+00
9.400000000000000355e+00
9.599999999999999645e+00
9.800000000000000711e+00
1.119999999999999929e+01
1.080000000000000071e+01
1.490000000000000036e+01
2.439999999999999858e+01
2.719999999999999929e+01
4.539999999999999858e+01
4.900000000000000000e+01
7.059999999999999432e+01
7.390000000000000568e+01
8.550000000000000000e+01
8.970000000000000284e+01
9.309999999999999432e+01
9.670000000000000284e+01
9.679999999999999716e+01
9.700000000000000000e+01
9.720000000000000284e+01
9.720000000000000284e+01
9.709999999999999432e+01
9.709999999999999432e+01
9.729999999999999716e+01
9.790000000000000568e+01
9.820000000000000284e+01
9.859999999999999432e+01
9.840000000000000568e+01
9.840000000000000568e+01
9.840000000000000568e+01
9.829999999999999716e+01
9.829999999999999716e+01
9.840000000000000568e+01
9.840000000000000568e+01
9.840000000000000568e+01
9.840000000000000568e+01
9.840000000000000568e+01
9.840000000000000568e+01
