1.999999988555908104e+00
4.400000006103515915e+01
3.799999988555908370e+00
0.000000000000000000e+00
0.000000000000000000e+00
1.599999992370605462e+01
1.599999994277954141e+00
2.000000000000000111e-01
1.199999994277954007e+00
3.619999984741210852e+01
2.600000000000000000e+01
1.559999986267089866e+01
4.799999988555907926e+00
1.279999998474121092e+01
1.199999994277954007e+00
5.199999994277954229e+00
8.399999946594238764e+00
5.599999988555908637e+00
5.999999988555908104e+00
7.599999994277953697e+00
6.599999994277953697e+00
2.419999993896484369e+01
8.399999977111816563e+00
3.999999988555908104e+00
5.399999994277954407e+00
5.999999988555908104e+00
7.600000015258789432e+00
8.200000015258789077e+00
2.799999994277954318e+00
1.299999995422363241e+01
9.999999942779540518e-01
6.200000007629394183e+00
1.799999994277954096e+00
2.379999993896484511e+01
2.799999999999999822e+00
6.199999988555908281e+00
2.199999994277954229e+00
4.799999988555907926e+00
5.799999999999999822e+00
8.199999988555907393e+00
2.879999990844726554e+01
8.799999946594239120e+00
2.999999972534179804e+01
8.999999946594238409e+00
1.099999994659423841e+01
7.799999946594238232e+00
6.400000007629394361e+00
4.799999988555907926e+00
5.699999969482421847e+01
3.599999984741211279e+01
6.800000007629394716e+00
8.399999988555908459e+00
9.600000015258789432e+00
2.039999996948242256e+01
1.139999994659423876e+01
1.839999992370605497e+01
9.000000007629394005e+00
9.200000015258789077e+00
8.999999984741210213e+00
1.059999992370605426e+01
4.599999988555908637e+00
5.199999988555908281e+00
1.220000001525878908e+01
4.399999988555908459e+00
1.139999986267089760e+01
1.519999995422363348e+01
6.999999988555908104e+00
9.399999946594238764e+00
1.600000001525878801e+01
3.399999988555908015e+00
7.199999946594238587e+00
8.200000007629395071e+00
5.199999977111816385e+00
5.959999996948242540e+01
1.299999992370605462e+01
6.000000007629394894e+00
9.199999984741211279e+00
7.800000015258788721e+00
6.999999977111816207e+00
4.599999988555908637e+00
6.799999977111816030e+00
7.999999946594238409e+00
1.060000000762939365e+01
9.600000015258789432e+00
9.199999946594237699e+00
1.019999998855590739e+01
9.199999977111817273e+00
1.079999997711181692e+01
9.800000007629394716e+00
9.400000007629394361e+00
1.119999994659423770e+01
9.199999994277954229e+00
9.400000007629394361e+00
9.399999946594238764e+00
9.199999984741211279e+00
9.399999977111816563e+00
1.000000000762939401e+01
9.800000007629394716e+00
1.219999997711181727e+01
9.599999954223632059e+00
1.219999995422363348e+01
1.459999998474121163e+01
1.539999989318847717e+01
1.139999998474121057e+01
1.360000000762939365e+01
1.120000001525878908e+01
1.639999998474121057e+01
1.160000001525878943e+01
1.539999992370605497e+01
1.519999993896484369e+01
2.260000000000000142e+01
2.419999986267090009e+01
2.279999984741210994e+01
2.380000000000000071e+01
2.680000000000000071e+01
2.679999993896484511e+01
3.119999978637695293e+01
3.160000000000000142e+01
2.859999981689453108e+01
3.159999990844726625e+01
3.119999978637695293e+01
3.339999996948242256e+01
4.360000006103515346e+01
2.139999996948242256e+01
2.219999993896484369e+01
2.000000000000000000e+01
2.360000003051757744e+01
1.939999989318847540e+01
2.139999999999999858e+01
2.099999996948242043e+01
2.359999996948242185e+01
2.260000000000000142e+01
2.239999992370605497e+01
2.299999995422363241e+01
2.280000003051757673e+01
2.219999986267090009e+01
2.419999990844726412e+01
2.480000000000000071e+01
2.360000003051757744e+01
2.099999986267089724e+01
2.339999989318847540e+01
2.499999986267089724e+01
2.159999986267089866e+01
2.419999990844726412e+01
2.819999981689453250e+01
2.459999984741211065e+01
2.479999986267089795e+01
2.660000000000000142e+01
2.180000003051757673e+01
2.699999990844726483e+01
2.400000001525878801e+01
2.220000003051757886e+01
2.760000000000000142e+01
2.499999989318847682e+01
2.360000000000000142e+01
2.859999992370605426e+01
2.400000003051757957e+01
2.699999989318847682e+01
2.479999996948242114e+01
2.819999984741210852e+01
2.259999996948242185e+01
2.579999987792968597e+01
2.540000003051757815e+01
2.419999986267090009e+01
2.739999984741210781e+01
2.459999987792968668e+01
2.719999996948242327e+01
2.480000000000000071e+01
2.599999993896484440e+01
2.680000003051757673e+01
2.679999984741210994e+01
2.679999993896484511e+01
3.320000003051757886e+01
2.300000003051757957e+01
2.839999987792968739e+01
2.639999996948242256e+01
2.319999987792968810e+01
2.439999999999999858e+01
2.579999993896484511e+01
2.239999989318847540e+01
2.639999995422363455e+01
2.879999993896484511e+01
2.839999996948242256e+01
2.719999984741210852e+01
2.799999986267089724e+01
2.579999989318847753e+01
2.759999993896484227e+01
2.879999972534179520e+01
2.739999990844726696e+01
2.459999993896484227e+01
2.499999978637695364e+01
2.739999990844726696e+01
2.719999981689453250e+01
2.839999987792968739e+01
2.879999984741210994e+01
2.580000000000000071e+01
3.000000000000000000e+01
2.939999978637695222e+01
3.179999984741210994e+01
2.679999978637695435e+01
