0.000000000000000000e+00
1.279999989318847575e+01
1.600000000000000089e+00
7.999999977111816207e+00
2.000000000000000111e-01
1.199999999999999956e+00
5.799999990844726483e+01
4.000000000000000222e-01
2.999999988555908104e+00
8.200000015258789077e+00
5.339999981689452824e+01
8.999999977111816207e+00
6.799999946594238232e+00
5.799999988555907926e+00
2.000000000000000111e-01
2.000000000000000000e+00
1.039999998474121057e+01
5.000000007629394894e+00
8.000000000000000444e-01
1.799999988555908148e+00
1.599999992370605462e+01
3.399999988555908015e+00
9.200000015258789077e+00
1.399999994277954185e+00
5.399999977111816563e+00
2.400000007629394361e+00
4.799999977111816030e+00
8.399999946594238764e+00
6.199999994277954229e+00
4.679999999999999716e+01
1.259999998474121163e+01
5.999999885559081925e-01
4.399999977111816563e+00
1.099999986267089902e+01
3.799999988555908370e+00
4.079999981689453392e+01
2.399999994277953963e+00
2.359999995422363384e+01
5.399999994277954407e+00
7.400000015258789254e+00
1.039999998474121057e+01
5.019999993896484369e+01
8.799999977111816918e+00
2.399999999999999911e+00
8.400000007629394361e+00
2.199999988555908281e+00
3.799999994277954318e+00
3.599999988555908192e+00
1.459999994659423805e+01
5.400000007629394361e+00
6.399999977111816563e+00
4.799999988555907926e+00
3.999999988555908104e+00
2.999999994277954052e+00
1.599999994277954141e+00
8.799999984741210923e+00
5.999999994277954052e+00
7.199999984741211279e+00
2.999999994277954052e+00
7.999999977111816207e+00
5.139999984741211136e+01
1.999999994277954052e+00
7.200000007629394183e+00
1.140000000762939436e+01
2.599999988555908192e+00
9.199999988555907393e+00
5.199999994277954229e+00
1.999999994277954052e+00
8.999999988555908104e+00
9.600000007629393650e+00
1.179999997711181692e+01
3.599999977111816296e+00
1.219999994659423770e+01
5.400000015258789254e+00
3.999999994277954052e+00
1.039999994659423876e+01
1.039999999427795352e+01
6.599999977111816740e+00
8.200000015258789077e+00
2.399999987792968881e+01
2.680000000000000071e+01
1.119999998474121128e+01
9.200000015258789077e+00
1.039999994659423876e+01
9.199999977111817273e+00
8.999999893188476818e+00
9.399999977111816563e+00
9.400000007629394361e+00
9.399999946594238764e+00
8.799999988555908814e+00
1.040000000762939436e+01
9.399999977111816563e+00
8.199999954223633480e+00
9.399999994277953519e+00
1.160000001525878943e+01
8.799999977111816918e+00
8.600000015258789432e+00
9.000000007629394005e+00
8.600000007629393650e+00
8.600000007629393650e+00
9.999999988555908104e+00
9.800000007629394716e+00
9.600000007629393650e+00
8.800000015258788721e+00
9.600000015258789432e+00
8.800000015258788721e+00
1.039999994659423876e+01
9.799999988555908814e+00
9.399999977111816563e+00
9.999999988555908104e+00
9.399999988555908459e+00
1.079999998474121092e+01
1.140000001525878837e+01
1.179999992370605533e+01
1.279999998474121092e+01
1.080000001525878872e+01
1.259999992370605426e+01
1.340000000762939436e+01
1.439999986267089760e+01
1.119999997711181727e+01
1.459999995422363206e+01
1.359999998474121163e+01
1.340000001525878837e+01
1.699999992370605639e+01
1.919999992370605568e+01
2.219999992370605568e+01
2.099999986267089724e+01
2.459999996948242185e+01
2.499999996948242043e+01
2.259999989318847824e+01
2.519999992370605568e+01
2.520000003051757886e+01
2.880000000000000071e+01
2.839999996948242256e+01
2.679999993896484511e+01
2.799999978637695364e+01
2.799999984741210923e+01
2.879999990844726554e+01
2.859999993896484227e+01
2.860000000000000142e+01
3.059999996948242185e+01
2.920000003051757886e+01
2.899999993896484440e+01
2.739999990844726696e+01
3.079999986267089795e+01
2.779999981689453037e+01
3.219999993896484369e+01
3.439999999999999858e+01
2.939999986267089938e+01
2.939999996948242256e+01
2.999999990844726483e+01
3.419999981689453250e+01
3.219999975585937335e+01
3.279999996948242114e+01
3.339999996948242256e+01
3.159999987792968668e+01
3.139999993896484298e+01
3.059999978637695150e+01
3.299999984741211279e+01
3.499999978637695364e+01
3.079999987792968597e+01
3.439999975585937619e+01
3.499999981689452966e+01
3.359999978637695506e+01
3.499999984741211279e+01
2.859999986267089866e+01
3.099999987792968881e+01
2.879999990844726554e+01
3.539999981689452824e+01
3.239999987792968739e+01
3.359999993896484227e+01
3.359999972534179591e+01
3.719999993896484369e+01
3.619999975585937335e+01
3.299999990844726483e+01
3.400000000000000000e+01
3.619999996948241971e+01
3.779999987792968597e+01
3.379999981689453392e+01
3.320000000000000284e+01
3.559999984741210710e+01
3.759999987792969023e+01
3.659999981689453108e+01
3.600000006103515915e+01
3.619999981689453250e+01
3.479999981689453392e+01
3.659999975585937193e+01
3.759999984741210710e+01
3.619999990844726767e+01
3.359999975585937193e+01
3.679999996948242114e+01
3.779999984741210994e+01
3.539999990844726341e+01
3.839999984741211136e+01
3.699999969482421847e+01
3.959999981689453108e+01
3.679999972534179875e+01
3.239999999999999858e+01
3.819999996948241971e+01
3.819999987792968454e+01
