0.000000000000000000e+00
0.000000000000000000e+00
0.000000000000000000e+00
0.000000000000000000e+00
0.000000000000000000e+00
1.079999998474121092e+01
5.099999990844726483e+01
5.600000007629394538e+00
3.279999987792968597e+01
5.539999999999999858e+01
2.719999987792968810e+01
1.060000000762939365e+01
0.000000000000000000e+00
4.599999994277953697e+00
0.000000000000000000e+00
1.800000000000000044e+00
3.479999990844726909e+01
1.399999994277954185e+00
9.199999984741211279e+00
3.600000007629394538e+00
3.999999994277954052e+00
5.999999999999999778e-01
1.999999994277954052e+00
0.000000000000000000e+00
5.200000007629394183e+00
2.200000000000000178e+00
4.799999977111816030e+00
3.800000007629394716e+00
7.979999981689452682e+01
2.399999999999999911e+00
3.200000007629394627e+00
2.459999981689453108e+01
8.800000007629394716e+00
4.799999994277953874e+00
2.599999994277954141e+00
2.399999988555908015e+00
5.599999988555908637e+00
5.600000007629394538e+00
8.599999946594238054e+00
8.599999946594238054e+00
9.999999946594238409e+00
2.799999988555908370e+00
5.999999946594238409e+00
2.199999994277954229e+00
1.019999994659423770e+01
6.000000000000000000e+00
5.799999994277953874e+00
4.400000000000000355e+00
1.759999986267089866e+01
3.599999988555908192e+00
4.199999988555908281e+00
1.099999997711181621e+01
6.200000007629394183e+00
1.439999998474121057e+01
1.580000001525878872e+01
1.599999994277954141e+00
1.999999994277954052e+00
1.399999988555908237e+00
6.399999988555908459e+00
5.399999988555908459e+00
8.799999994277953874e+00
1.840000003051757815e+01
2.100000000000000000e+01
7.999999988555908104e+00
3.599999977111816296e+00
9.999999994277954940e+00
9.199999999999999289e+00
2.019999987792968810e+01
6.999999977111816207e+00
2.799999999999999822e+00
1.699999992370605639e+01
5.199999994277954229e+00
3.799999999999999822e+00
7.200000007629394183e+00
5.199999946594238587e+00
5.799999994277953874e+00
3.279999993896484511e+01
6.199999977111816385e+00
9.199999994277954229e+00
5.399999977111816563e+00
8.199999984741211279e+00
2.199999994277954229e+00
8.800000015258788721e+00
8.400000015258788366e+00
6.800000007629394716e+00
6.999999977111816207e+00
7.999999977111816207e+00
7.599999977111816740e+00
8.400000007629394361e+00
7.600000007629394538e+00
7.599999977111816740e+00
6.600000007629394538e+00
7.600000007629394538e+00
6.400000007629394361e+00
7.599999946594238054e+00
7.399999977111816563e+00
8.999999954223632415e+00
7.999999946594238409e+00
8.400000007629394361e+00
9.000000007629394005e+00
9.000000015258789787e+00
8.999999977111816207e+00
1.099999994659423841e+01
1.819999986267090009e+01
1.779999992370605355e+01
2.480000003051757673e+01
2.619999984741210852e+01
2.639999989318847540e+01
3.099999993896484440e+01
3.179999978637695435e+01
4.139999996948242256e+01
3.179999984741210994e+01
3.499999996948242398e+01
3.959999981689453108e+01
3.119999987792968810e+01
3.699999990844726483e+01
4.339999984741211136e+01
3.599999981689452966e+01
3.919999978637695648e+01
3.359999984741210710e+01
4.560000006103515346e+01
4.500000000000000000e+01
4.260000003051757744e+01
5.139999969482421704e+01
4.999999993896484085e+01
4.420000000000000284e+01
4.520000003051757886e+01
4.259999993896484227e+01
4.459999996948242540e+01
4.499999996948242398e+01
4.699999987792968881e+01
4.799999993896484085e+01
4.559999969482421989e+01
4.579999993896484511e+01
4.319999981689453250e+01
4.059999975585937193e+01
4.459999978637695506e+01
4.839999993896484654e+01
4.579999969482421562e+01
4.739999969482421704e+01
4.919999996948241971e+01
4.760000000000000142e+01
5.000000000000000000e+01
4.839999975585937619e+01
4.559999969482421989e+01
4.760000000000000142e+01
4.739999984741211136e+01
4.879999969482421562e+01
4.799999975585937761e+01
4.840000003051757460e+01
5.139999999999999858e+01
4.959999984741210710e+01
4.899999987792968881e+01
4.819999972534179733e+01
4.919999981689453250e+01
4.919999996948241971e+01
4.520000006103515489e+01
4.879999987792968597e+01
5.060000000000000142e+01
5.179999981689453392e+01
5.159999984741210710e+01
5.059999969482421989e+01
5.059999975585937193e+01
4.939999969482421704e+01
5.259999996948242540e+01
4.959999993896484227e+01
5.140000003051757460e+01
5.059999996948242540e+01
4.799999996948242398e+01
4.879999993896484511e+01
4.959999972534179591e+01
5.019999990844726767e+01
5.099999990844726483e+01
5.079999999999999716e+01
5.220000006103515489e+01
5.059999975585937193e+01
5.100000003051757602e+01
5.219999996948241971e+01
5.220000006103515489e+01
5.179999993896484511e+01
5.080000006103515631e+01
5.059999969482421989e+01
5.219999984741210852e+01
5.239999990844726341e+01
5.299999972534179449e+01
5.300000003051757602e+01
5.379999999999999716e+01
5.319999987792968454e+01
5.299999993896484085e+01
5.199999972534179449e+01
5.459999993896484227e+01
5.379999975585937477e+01
5.260000003051757744e+01
5.340000006103515773e+01
5.499999996948242398e+01
5.239999993896484654e+01
5.479999993896484511e+01
5.359999975585937193e+01
5.360000000000000142e+01
5.599999996948242398e+01
