0.000000000000000000e+00
1.579999998474121092e+01
0.000000000000000000e+00
0.000000000000000000e+00
2.000000000000000111e-01
2.439999990844726696e+01
1.359999998474121163e+01
1.199999999999999956e+00
0.000000000000000000e+00
1.000000000000000000e+00
1.140000001525878837e+01
4.879999993896484511e+01
2.000000000000000111e-01
1.779999989318847753e+01
0.000000000000000000e+00
3.599999988555908192e+00
8.000000000000000444e-01
9.199999977111817273e+00
2.200000000000000178e+00
5.399999977111816563e+00
2.999999977111816207e+00
2.579999993896484511e+01
8.199999977111817273e+00
3.659999996948242540e+01
2.799999994277954318e+00
1.020000001525878908e+01
2.599999988555908192e+00
1.040000001525878837e+01
2.119999989318847611e+01
1.799999994277954096e+00
9.599999984741211634e+00
3.399999988555908015e+00
1.799999994277954096e+00
6.800000007629394716e+00
9.000000015258789787e+00
8.600000015258789432e+00
6.339999984741211136e+01
1.019999995422363348e+01
4.799999988555907926e+00
1.159999986267089866e+01
5.999999977111816207e+00
8.399999977111816563e+00
7.599999946594238054e+00
1.199999999999999956e+00
5.999999988555908104e+00
3.799999999999999822e+00
6.000000007629394894e+00
4.799999946594238232e+00
3.200000000000000178e+00
5.600000007629394538e+00
4.399999988555908459e+00
6.839999969482421704e+01
1.879999986267089795e+01
2.639999996948242256e+01
2.600000007629394538e+00
1.079999998474121092e+01
3.219999993896484369e+01
1.379999992370605533e+01
1.899999995422363241e+01
1.919999986267090009e+01
5.600000007629394538e+00
5.599999994277953697e+00
3.199999975585937406e+01
4.799999999999999822e+00
4.799999946594238232e+00
1.379999997711181692e+01
5.999999988555908104e+00
1.519999994659423770e+01
4.600000007629394538e+00
2.239999998474121057e+01
5.799999994277953874e+00
3.599999994277954141e+00
1.639999992370605497e+01
1.020000000762939507e+01
6.399999994277954407e+00
1.839999989318847540e+01
7.999999946594238409e+00
3.019999986267090009e+01
6.399999977111816563e+00
1.140000001525878837e+01
1.319999986267089831e+01
6.600000015258789432e+00
7.600000015258789432e+00
8.999999988555908104e+00
9.199999946594237699e+00
9.599999994277954585e+00
9.999999994277954940e+00
8.799999954223633125e+00
9.400000007629394361e+00
9.599999988555907748e+00
8.999999977111816207e+00
9.599999946594238054e+00
9.599999946594238054e+00
9.399999977111816563e+00
1.019999992370605391e+01
9.199999977111817273e+00
8.999999946594238409e+00
1.000000001525878979e+01
9.000000015258789787e+00
1.019999998855590739e+01
1.019999997711181727e+01
9.399999946594238764e+00
1.399999986267089902e+01
1.419999998474121128e+01
1.459999998474121163e+01
2.139999986267089938e+01
3.039999978637695222e+01
3.059999990844726625e+01
3.139999996948242256e+01
3.259999984741210710e+01
3.879999981689453392e+01
3.879999978637695079e+01
3.839999975585937619e+01
4.079999999999999716e+01
3.379999984741210994e+01
4.599999981689452966e+01
3.279999999999999716e+01
4.159999972534179591e+01
3.859999984741210710e+01
3.939999978637695222e+01
4.559999969482421989e+01
4.920000006103515489e+01
4.640000003051757460e+01
5.259999969482421989e+01
5.500000000000000000e+01
6.579999963378905647e+01
5.679999975585937477e+01
4.999999996948242398e+01
4.779999981689453392e+01
4.579999984741210994e+01
4.739999990844726341e+01
4.799999969482421847e+01
4.459999981689453108e+01
5.100000003051757602e+01
4.799999990844726483e+01
4.519999975585937335e+01
4.599999984741211279e+01
4.800000003051757602e+01
4.979999984741210994e+01
4.839999999999999858e+01
4.879999996948242114e+01
4.739999996948242256e+01
5.059999990844726625e+01
4.319999972534179733e+01
4.839999975585937619e+01
4.859999993896484227e+01
4.879999990844726909e+01
4.519999978637695648e+01
4.639999972534180017e+01
4.779999972534179875e+01
4.679999969482421562e+01
4.899999990844726483e+01
5.020000006103515489e+01
4.479999975585937477e+01
4.959999996948242540e+01
4.899999972534179449e+01
4.899999984741211279e+01
4.780000003051758029e+01
5.179999990844726909e+01
4.759999975585937193e+01
5.379999969482421562e+01
5.120000003051757886e+01
5.019999978637695648e+01
5.179999969482421562e+01
5.179999999999999716e+01
5.179999996948242114e+01
5.060000000000000142e+01
5.359999996948242540e+01
5.399999975585937761e+01
4.939999978637695222e+01
5.479999999999999716e+01
5.119999981689453250e+01
5.139999996948242256e+01
5.099999990844726483e+01
5.040000006103515773e+01
5.219999984741210852e+01
5.139999996948242256e+01
4.979999999999999716e+01
5.039999972534180017e+01
5.219999993896484369e+01
5.119999987792968454e+01
5.179999996948242114e+01
5.580000003051758029e+01
5.220000006103515489e+01
5.099999987792968881e+01
5.260000003051757744e+01
5.479999978637695079e+01
5.259999990844726625e+01
5.240000012207030977e+01
5.139999996948242256e+01
5.360000003051757744e+01
5.359999969482421989e+01
5.440000006103515773e+01
5.919999987792968454e+01
5.279999987792968597e+01
5.439999984741211136e+01
5.399999981689452966e+01
5.579999987792968597e+01
5.559999981689453108e+01
5.779999984741210994e+01
