0.000000000000000000e+00
6.199999977111816385e+00
4.000000000000000222e-01
0.000000000000000000e+00
2.999999988555908104e+00
4.739999972534180017e+01
2.999999946594238409e+00
5.019999996948241971e+01
5.399999946594237876e+00
0.000000000000000000e+00
7.239999957275391296e+01
1.799999988555908148e+00
7.799999946594238232e+00
1.399999999999999911e+00
1.199999994277954007e+00
1.599999986267089902e+01
0.000000000000000000e+00
0.000000000000000000e+00
7.600000007629394538e+00
2.199999994277954229e+00
1.060000001525878943e+01
4.399999988555908459e+00
1.399999994277954185e+00
3.199999994277954229e+00
8.399999946594238764e+00
2.399999999999999911e+00
1.600000000000000089e+00
9.600000015258789432e+00
5.279999990844726909e+01
2.199999988555908281e+00
1.800000000000000044e+00
8.599999946594238054e+00
1.599999994277954141e+00
3.199999994277954229e+00
6.799999946594238232e+00
1.519999986267089831e+01
4.800000007629394716e+00
1.399999994277954185e+00
9.999999942779540518e-01
2.399999994277953963e+00
5.399999977111816563e+00
7.199999977111816385e+00
8.999999988555908104e+00
2.000000000000000111e-01
1.259999995422363206e+01
5.399999977111816563e+00
1.399999999999999911e+00
7.799999977111816030e+00
1.599999994277954141e+00
7.399999977111816563e+00
9.999999988555908104e+00
6.600000007629394538e+00
8.199999988555907393e+00
1.040000001525878837e+01
2.199999994277954229e+00
7.800000015258788721e+00
1.100000000762939401e+01
1.399999995422363241e+01
9.599999954223632059e+00
1.119999998474121128e+01
1.059999994659423805e+01
1.580000001525878872e+01
6.199999988555908281e+00
9.999999977111816207e+00
1.619999992370605568e+01
1.140000001525878837e+01
4.999999994277954052e+00
8.199999994277954229e+00
4.940000003051757460e+01
6.399999977111816563e+00
8.799999994277953874e+00
4.200000007629394183e+00
1.799999994277954096e+00
5.199999988555908281e+00
1.119999997711181727e+01
7.399999988555908459e+00
9.999999977111816207e+00
7.400000007629394361e+00
2.020000003051757886e+01
7.200000015258789077e+00
1.079999997711181692e+01
6.799999994277953874e+00
9.399999946594238764e+00
1.119999998474121128e+01
8.799999946594239120e+00
1.079999998474121092e+01
9.199999977111817273e+00
9.599999988555907748e+00
9.800000007629394716e+00
9.599999954223632059e+00
9.800000015258788721e+00
9.800000015258788721e+00
1.019999997711181727e+01
9.199999946594237699e+00
9.799999954223633125e+00
9.000000015258789787e+00
1.060000001525878943e+01
9.200000015258789077e+00
1.059999998474121163e+01
9.999999977111816207e+00
9.599999946594238054e+00
1.039999992370605497e+01
1.019999999999999929e+01
1.039999998474121057e+01
1.180000001525878872e+01
1.119999994659423770e+01
9.999999946594238409e+00
1.099999995422363241e+01
1.119999997711181727e+01
1.079999992370605533e+01
1.179999989318847575e+01
1.199999994659423841e+01
1.240000001525878837e+01
1.259999995422363206e+01
1.219999998474121128e+01
1.199999992370605462e+01
1.339999998474121057e+01
1.239999998855590846e+01
1.459999989318847646e+01
1.200000001525878979e+01
1.339999994659423876e+01
1.359999995422363206e+01
1.659999998474120986e+01
1.840000000762939436e+01
2.319999989318847611e+01
2.519999992370605568e+01
2.859999984741211065e+01
2.619999981689453250e+01
2.579999990844726554e+01
2.879999978637695435e+01
2.959999978637695150e+01
2.899999990844726483e+01
3.019999987792968810e+01
2.920000003051757886e+01
3.019999978637695293e+01
2.979999996948242114e+01
3.140000003051757815e+01
3.039999999999999858e+01
3.039999996948242256e+01
3.159999969482421989e+01
2.979999978637695435e+01
3.399999984741211279e+01
2.979999987792968597e+01
3.439999984741211136e+01
3.319999984741210852e+01
3.219999978637695648e+01
3.099999990844726483e+01
3.319999989318847611e+01
3.099999984741210923e+01
3.339999990844726341e+01
3.279999972534179875e+01
3.279999978637695079e+01
3.460000000000000142e+01
3.359999996948242540e+01
3.599999987792968881e+01
3.239999975585937619e+01
3.479999978637695079e+01
3.600000000000000000e+01
3.439999981689452824e+01
3.399999990844726483e+01
3.459999981689453108e+01
3.559999990844726625e+01
3.439999972534180017e+01
3.579999978637695079e+01
3.579999978637695079e+01
3.499999981689452966e+01
3.239999978637695222e+01
3.600000003051757602e+01
3.799999984741211279e+01
3.659999975585937193e+01
3.539999978637695222e+01
3.839999990844726341e+01
3.679999978637695079e+01
3.559999975585937193e+01
3.720000003051757886e+01
3.679999981689453392e+01
3.619999978637695648e+01
3.719999981689453250e+01
3.539999999999999858e+01
3.659999981689453108e+01
3.679999987792968597e+01
3.579999996948242114e+01
3.779999990844726909e+01
3.619999987792968454e+01
3.459999990844726625e+01
3.759999978637695506e+01
3.639999984741211136e+01
3.780000006103515631e+01
3.859999984741210710e+01
3.699999981689452966e+01
3.839999975585937619e+01
3.719999984741210852e+01
3.699999978637695364e+01
3.859999996948242540e+01
3.600000006103515915e+01
3.519999975585937335e+01
3.699999987792968881e+01
3.839999999999999858e+01
3.939999999999999858e+01
3.899999978637695364e+01
