2.199999994277954229e+00
0.000000000000000000e+00
0.000000000000000000e+00
0.000000000000000000e+00
5.999999999999999778e-01
8.000000007629394005e+00
9.600000015258789432e+00
3.399999988555908015e+00
3.199999988555908281e+00
1.899999995422363241e+01
1.879999998474121270e+01
1.599999994277954141e+00
8.000000000000000444e-01
3.999999885559081814e-01
2.000000000000000111e-01
3.999999885559081814e-01
3.939999978637695222e+01
5.000000007629394894e+00
5.999999942779541406e-01
1.399999994277954185e+00
6.000000015258788899e+00
4.600000007629394538e+00
1.239999998474121057e+01
1.999999988555908104e+00
8.399999977111816563e+00
7.400000015258789254e+00
3.180000003051757673e+01
1.839999989318847540e+01
1.019999994659423770e+01
6.599999988555908637e+00
2.539999986267089938e+01
5.599999988555908637e+00
9.999999994277954940e+00
2.799999978637695364e+01
1.399999999999999911e+00
5.799999977111816030e+00
7.200000015258789077e+00
4.999999946594238409e+00
6.599999984741210746e+00
1.539999994659423876e+01
1.900000003051757957e+01
1.240000001525878837e+01
8.199999977111817273e+00
5.999999942779541406e-01
1.159999995422363206e+01
6.199999994277954229e+00
1.180000000762939472e+01
6.800000007629394716e+00
1.219999995422363348e+01
9.399999988555908459e+00
4.000000000000000222e-01
6.599999988555908637e+00
6.400000007629394361e+00
1.060000000762939365e+01
1.399999994277954185e+00
1.099999995422363241e+01
7.800000007629394716e+00
3.659999990844726625e+01
6.599999988555908637e+00
7.599999977111816740e+00
1.139999992370605497e+01
7.799999988555907926e+00
1.140000001525878837e+01
6.199999977111816385e+00
5.599999988555908637e+00
1.280000001525878872e+01
6.400000007629394361e+00
5.000000007629394894e+00
4.599999946594238054e+00
8.200000007629395071e+00
5.000000000000000000e+00
1.279999998474121092e+01
5.599999988555908637e+00
3.799999994277954318e+00
9.799999954223633125e+00
4.799999994277953874e+00
1.020000001525878908e+01
2.999999994277954052e+00
1.079999998855590881e+01
8.800000007629394716e+00
2.380000003051757673e+01
4.200000007629394183e+00
1.019999997711181727e+01
1.019999994659423770e+01
1.139999997711181656e+01
9.999999946594238409e+00
1.120000001525878908e+01
1.139999994659423876e+01
1.159999994659423805e+01
1.259999995422363206e+01
1.099999995422363241e+01
1.119999994659423770e+01
1.080000000762939472e+01
8.999999977111816207e+00
9.999999977111816207e+00
9.999999946594238409e+00
9.599999923706054261e+00
1.039999997711181656e+01
1.079999994659423912e+01
9.800000007629394716e+00
1.139999997711181656e+01
1.000000000762939401e+01
1.299999995422363241e+01
9.799999977111816918e+00
1.100000001525878979e+01
1.019999997711181727e+01
1.019999995422363348e+01
1.140000001525878837e+01
1.100000001525878979e+01
1.060000000762939365e+01
1.099999998474121021e+01
1.440000001525878837e+01
1.140000001525878837e+01
1.140000001525878837e+01
1.379999992370605533e+01
1.099999994659423841e+01
1.299999995422363241e+01
1.420000000762939507e+01
1.539999992370605497e+01
1.500000001525878979e+01
1.499999995422363241e+01
1.319999995422363348e+01
1.740000001525879014e+01
2.139999998474121057e+01
2.619999992370605568e+01
2.479999987792968597e+01
2.479999981689453037e+01
2.600000003051757957e+01
2.399999984741210923e+01
2.679999987792968597e+01
2.679999993896484511e+01
2.699999984741210923e+01
2.399999989318847682e+01
2.219999996948242327e+01
2.639999986267089938e+01
2.359999989318847824e+01
2.899999990844726483e+01
2.639999999999999858e+01
2.720000003051757886e+01
2.639999996948242256e+01
2.899999989318847682e+01
2.819999996948242327e+01
3.119999996948242327e+01
3.159999984741211065e+01
3.099999990844726483e+01
3.139999999999999858e+01
2.819999999999999929e+01
3.099999996948242043e+01
2.879999978637695435e+01
3.139999984741210781e+01
3.259999981689453108e+01
3.220000000000000284e+01
3.519999986267090009e+01
3.299999990844726483e+01
3.399999990844726483e+01
3.180000003051757673e+01
3.259999975585937193e+01
3.479999978637695079e+01
3.180000000000000071e+01
3.359999993896484227e+01
3.359999996948242540e+01
3.399999987792968881e+01
3.300000003051757602e+01
3.259999996948242540e+01
3.419999990844726767e+01
3.339999981689452824e+01
2.979999990844726554e+01
3.559999996948242540e+01
3.600000000000000000e+01
3.459999986267089866e+01
3.099999990844726483e+01
3.439999978637695222e+01
3.659999984741210710e+01
3.539999981689452824e+01
3.439999996948242256e+01
3.759999969482421989e+01
3.560000006103515346e+01
3.699999993896484085e+01
3.399999981689452966e+01
3.299999990844726483e+01
3.699999984741211279e+01
3.299999972534179449e+01
3.699999981689452966e+01
3.559999986267089866e+01
3.459999978637695506e+01
3.559999993896484227e+01
3.719999978637695648e+01
3.539999993896484654e+01
3.559999975585937193e+01
3.579999999999999716e+01
3.679999975585937477e+01
3.579999969482421562e+01
3.919999978637695648e+01
3.660000003051757744e+01
3.599999990844726483e+01
3.360000003051757744e+01
3.859999984741210710e+01
3.879999969482421562e+01
3.919999987792968454e+01
3.919999984741210852e+01
