1.000000000000000000e+02
6.800000007629394716e+00
0.000000000000000000e+00
0.000000000000000000e+00
1.199999999999999956e+00
2.000000000000000111e-01
4.519999975585937335e+01
0.000000000000000000e+00
0.000000000000000000e+00
2.419999999999999929e+01
4.000000000000000000e+00
1.000000000000000000e+00
9.200000015258789077e+00
3.799999987792968881e+01
5.999999942779541406e-01
8.799999988555908814e+00
8.199999946594237699e+00
6.999999946594238409e+00
9.599999946594238054e+00
1.000000000000000000e+00
1.199999999999999956e+00
3.999999988555908104e+00
8.000000000000000444e-01
8.600000007629393650e+00
3.059999987792968668e+01
6.200000015258789077e+00
4.000000000000000222e-01
2.999999984741210923e+01
2.200000007629394627e+00
3.399999988555908015e+00
5.799999988555907926e+00
1.800000000000000044e+00
3.999999994277954052e+00
5.799999977111816030e+00
6.800000015258788721e+00
1.420000001525878908e+01
1.219999997711181727e+01
3.999999988555908104e+00
5.999999988555908104e+00
1.619999992370605568e+01
3.799999999999999822e+00
1.399999995422363241e+01
1.079999989318847575e+01
8.599999977111815852e+00
1.039999998474121057e+01
1.099999998474121021e+01
2.539999989318847540e+01
1.460000001525878943e+01
9.400000015258788366e+00
5.000000007629394894e+00
2.199999988555908281e+00
1.159999994659423805e+01
9.600000015258789432e+00
1.559999989318847646e+01
7.199999977111816385e+00
4.239999975585937619e+01
4.600000007629394538e+00
9.199999984741211279e+00
7.399999977111816563e+00
6.259999978637695506e+01
4.399999994277954407e+00
9.199999977111817273e+00
3.399999994277953963e+00
6.199999988555908281e+00
1.080000000762939472e+01
8.799999946594239120e+00
7.599999988555908637e+00
3.399999994277953963e+00
1.140000000762939436e+01
5.599999977111816740e+00
6.999999946594238409e+00
8.400000015258788366e+00
1.820000003051757886e+01
9.599999994277954585e+00
8.800000007629394716e+00
9.199999946594237699e+00
8.000000007629394005e+00
1.100000001525878979e+01
8.199999977111817273e+00
5.599999977111816740e+00
1.040000000762939436e+01
5.799999988555907926e+00
8.999999954223632415e+00
1.119999997711181727e+01
9.800000000000000711e+00
1.019999994659423770e+01
9.400000007629394361e+00
1.059999998474121163e+01
9.799999984741210923e+00
1.019999994659423770e+01
1.119999998474121128e+01
9.999999946594238409e+00
9.600000015258789432e+00
1.019999994659423770e+01
9.600000015258789432e+00
1.099999994659423841e+01
1.080000001525878872e+01
1.059999994659423805e+01
9.799999946594239120e+00
1.219999998855590739e+01
1.159999997711181585e+01
1.119999997711181727e+01
1.079999994659423912e+01
1.039999997711181656e+01
9.999999984741210213e+00
1.019999994659423770e+01
1.099999998474121021e+01
1.179999994659423912e+01
1.159999994659423805e+01
9.799999984741210923e+00
1.179999994659423912e+01
1.159999995422363206e+01
1.179999998474121092e+01
1.339999989318847717e+01
1.259999992370605426e+01
1.219999989318847611e+01
1.339999995422363277e+01
1.419999998474121128e+01
1.160000001525878943e+01
1.499999998474121021e+01
1.439999994659423876e+01
1.440000001525878837e+01
1.599999994659423841e+01
1.799999998474121199e+01
2.179999992370605355e+01
2.399999989318847682e+01
2.379999992370605355e+01
2.319999998474121128e+01
2.199999992370605639e+01
2.419999987792968810e+01
2.179999995422363313e+01
2.539999984741210781e+01
2.660000000000000142e+01
2.459999975585937548e+01
2.399999996948242043e+01
2.619999996948242327e+01
2.840000003051757815e+01
2.839999972534179662e+01
2.560000003051757744e+01
2.899999984741210923e+01
2.800000000000000000e+01
3.139999993896484298e+01
2.779999986267089795e+01
3.079999990844726554e+01
3.199999996948242043e+01
3.199999996948242043e+01
3.019999990844726412e+01
2.600000003051757957e+01
3.099999981689452966e+01
2.999999975585937406e+01
3.239999996948242256e+01
3.100000000000000000e+01
2.999999984741210923e+01
3.159999996948242185e+01
2.899999990844726483e+01
3.360000003051757744e+01
3.379999987792968597e+01
3.279999993896484511e+01
3.239999990844726341e+01
3.320000000000000284e+01
3.499999975585937761e+01
3.119999990844726412e+01
3.379999990844726909e+01
3.439999984741211136e+01
3.379999984741210994e+01
3.359999978637695506e+01
3.279999990844726909e+01
3.419999975585937335e+01
3.579999981689453392e+01
3.339999989318847895e+01
3.659999996948242540e+01
3.479999975585937477e+01
3.359999975585937193e+01
3.479999990844726909e+01
3.479999996948242114e+01
3.659999978637695506e+01
3.579999984741210994e+01
3.339999978637695222e+01
3.659999981689453108e+01
3.479999984741210994e+01
3.700000000000000000e+01
3.699999978637695364e+01
3.360000000000000142e+01
3.499999975585937761e+01
3.179999993896484511e+01
3.799999981689452966e+01
3.559999975585937193e+01
3.779999975585937477e+01
3.639999972534180017e+01
3.579999999999999716e+01
3.739999975585937619e+01
3.759999987792969023e+01
3.239999975585937619e+01
3.599999990844726483e+01
3.239999975585937619e+01
3.999999975585937761e+01
3.779999987792968597e+01
3.799999975585937761e+01
3.679999990844726909e+01
3.699999984741211279e+01
