0.000000000000000000e+00
7.400000000000000355e+00
1.159999999999999964e+01
1.119999999999999929e+01
1.030000000000000071e+01
1.080000000000000071e+01
1.119999999999999929e+01
1.080000000000000071e+01
1.140000000000000036e+01
1.159999999999999964e+01
1.760000000000000142e+01
4.139999999999999858e+01
7.550000000000000000e+01
8.340000000000000568e+01
8.390000000000000568e+01
8.800000000000000000e+01
9.400000000000000000e+01
9.950000000000000000e+01
9.970000000000000284e+01
9.979999999999999716e+01
9.979999999999999716e+01
9.979999999999999716e+01
9.990000000000000568e+01
9.990000000000000568e+01
9.990000000000000568e+01
9.990000000000000568e+01
9.990000000000000568e+01
9.990000000000000568e+01
9.990000000000000568e+01
9.990000000000000568e+01
9.990000000000000568e+01
9.990000000000000568e+01
9.990000000000000568e+01
9.990000000000000568e+01
9.990000000000000568e+01
9.990000000000000568e+01
9.990000000000000568e+01
9.990000000000000568e+01
9.990000000000000568e+01
9.990000000000000568e+01
