0.000000000000000000e+00
8.199999999999999289e+00
8.000000000000000000e+00
8.500000000000000000e+00
8.400000000000000355e+00
8.599999999999999645e+00
8.400000000000000355e+00
8.599999999999999645e+00
9.309999999999999432e+01
9.900000000000000000e+01
9.579999999999999716e+01
9.959999999999999432e+01
9.990000000000000568e+01
9.890000000000000568e+01
9.990000000000000568e+01
1.000000000000000000e+02
9.859999999999999432e+01
1.000000000000000000e+02
1.000000000000000000e+02
1.000000000000000000e+02
1.000000000000000000e+02
1.000000000000000000e+02
1.000000000000000000e+02
1.000000000000000000e+02
1.000000000000000000e+02
1.000000000000000000e+02
1.000000000000000000e+02
1.000000000000000000e+02
1.000000000000000000e+02
1.000000000000000000e+02
1.000000000000000000e+02
1.000000000000000000e+02
1.000000000000000000e+02
1.000000000000000000e+02
1.000000000000000000e+02
1.000000000000000000e+02
1.000000000000000000e+02
1.000000000000000000e+02
1.000000000000000000e+02
1.000000000000000000e+02
