0.000000000000000000e+00
9.300000000000000711e+00
9.500000000000000000e+00
9.199999999999999289e+00
9.099999999999999645e+00
9.199999999999999289e+00
9.099999999999999645e+00
3.850000000000000000e+01
9.959999999999999432e+01
9.729999999999999716e+01
9.940000000000000568e+01
9.940000000000000568e+01
9.959999999999999432e+01
1.000000000000000000e+02
1.000000000000000000e+02
1.000000000000000000e+02
1.000000000000000000e+02
1.000000000000000000e+02
1.000000000000000000e+02
1.000000000000000000e+02
1.000000000000000000e+02
1.000000000000000000e+02
1.000000000000000000e+02
1.000000000000000000e+02
1.000000000000000000e+02
1.000000000000000000e+02
1.000000000000000000e+02
1.000000000000000000e+02
1.000000000000000000e+02
1.000000000000000000e+02
1.000000000000000000e+02
1.000000000000000000e+02
1.000000000000000000e+02
1.000000000000000000e+02
1.000000000000000000e+02
1.000000000000000000e+02
1.000000000000000000e+02
1.000000000000000000e+02
1.000000000000000000e+02
1.000000000000000000e+02
