0.000000000000000000e+00
1.100000000000000000e+01
1.000000000000000000e+01
1.009999999999999964e+01
9.900000000000000355e+00
9.699999999999999289e+00
9.900000000000000355e+00
1.000000000000000000e+01
9.290000000000000568e+01
9.779999999999999716e+01
9.550000000000000000e+01
9.970000000000000284e+01
9.970000000000000284e+01
9.890000000000000568e+01
1.000000000000000000e+02
9.990000000000000568e+01
9.990000000000000568e+01
9.990000000000000568e+01
1.000000000000000000e+02
9.990000000000000568e+01
9.990000000000000568e+01
9.990000000000000568e+01
9.990000000000000568e+01
1.000000000000000000e+02
1.000000000000000000e+02
1.000000000000000000e+02
1.000000000000000000e+02
1.000000000000000000e+02
1.000000000000000000e+02
1.000000000000000000e+02
1.000000000000000000e+02
1.000000000000000000e+02
1.000000000000000000e+02
1.000000000000000000e+02
1.000000000000000000e+02
1.000000000000000000e+02
1.000000000000000000e+02
1.000000000000000000e+02
1.000000000000000000e+02
1.000000000000000000e+02
