0.000000000000000000e+00
1.119999999999999929e+01
1.000000000000000000e+01
9.900000000000000355e+00
1.000000000000000000e+01
9.900000000000000355e+00
1.000000000000000000e+01
9.800000000000000711e+00
1.000000000000000000e+01
1.069999999999999929e+01
1.330000000000000071e+01
2.280000000000000071e+01
6.210000000000000142e+01
7.850000000000000000e+01
8.370000000000000284e+01
8.929999999999999716e+01
9.420000000000000284e+01
9.920000000000000284e+01
9.970000000000000284e+01
9.970000000000000284e+01
9.970000000000000284e+01
9.970000000000000284e+01
9.979999999999999716e+01
9.979999999999999716e+01
9.979999999999999716e+01
9.990000000000000568e+01
9.990000000000000568e+01
9.990000000000000568e+01
9.990000000000000568e+01
9.990000000000000568e+01
9.990000000000000568e+01
9.990000000000000568e+01
9.990000000000000568e+01
9.990000000000000568e+01
9.990000000000000568e+01
9.990000000000000568e+01
9.990000000000000568e+01
1.000000000000000000e+02
9.990000000000000568e+01
1.000000000000000000e+02
