0.000000000000000000e+00
1.380000000000000071e+01
1.240000000000000036e+01
1.219999999999999929e+01
1.219999999999999929e+01
1.209999999999999964e+01
1.359999999999999964e+01
1.209999999999999964e+01
1.219999999999999929e+01
1.269999999999999929e+01
1.469999999999999929e+01
2.850000000000000000e+01
4.629999999999999716e+01
7.320000000000000284e+01
8.109999999999999432e+01
8.559999999999999432e+01
9.429999999999999716e+01
9.940000000000000568e+01
9.979999999999999716e+01
9.990000000000000568e+01
9.990000000000000568e+01
9.990000000000000568e+01
9.990000000000000568e+01
9.990000000000000568e+01
9.990000000000000568e+01
9.990000000000000568e+01
1.000000000000000000e+02
1.000000000000000000e+02
1.000000000000000000e+02
1.000000000000000000e+02
1.000000000000000000e+02
1.000000000000000000e+02
1.000000000000000000e+02
1.000000000000000000e+02
1.000000000000000000e+02
1.000000000000000000e+02
1.000000000000000000e+02
1.000000000000000000e+02
1.000000000000000000e+02
1.000000000000000000e+02
