0.000000000000000000e+00
2.139999999999999858e+01
2.000000000000000111e-01
5.999999999999999778e-01
3.799999994277954318e+00
1.259999999999999964e+01
3.999999975585937761e+01
1.999999988555908104e+00
1.139999995422363277e+01
7.999999994277954052e+00
2.619999990844726412e+01
1.000000001525878979e+01
3.339999981689452824e+01
1.260000001525878943e+01
6.400000007629394361e+00
3.599999994277954141e+00
1.059999997711181585e+01
1.799999986267089724e+01
1.319999998474121128e+01
5.399999994277954407e+00
7.599999988555908637e+00
1.999999977111816429e+00
1.299999992370605462e+01
6.199999946594238587e+00
5.200000007629394183e+00
1.199999988555908281e+00
7.400000015258789254e+00
3.199999977111816385e+00
5.799999988555907926e+00
4.060000006103515346e+01
1.400000001525878979e+01
3.200000007629394627e+00
3.599999994277954141e+00
2.279999993896484511e+01
3.800000007629394716e+00
3.439999981689452824e+01
7.199999988555908281e+00
9.599999977111815852e+00
6.199999977111816385e+00
4.599999988555908637e+00
1.059999997711181585e+01
4.059999981689453108e+01
1.139999994659423876e+01
5.200000007629394183e+00
1.539999998474121057e+01
1.419999995422363348e+01
3.799999988555908370e+00
9.999999946594238409e+00
8.999999988555908104e+00
6.999999988555908104e+00
1.159999995422363206e+01
3.799999994277954318e+00
6.399999977111816563e+00
5.800000007629394716e+00
3.799999988555908370e+00
8.200000015258789077e+00
1.439999998474121057e+01
8.199999862670898310e+00
5.999999988555908104e+00
1.139999994659423876e+01
2.039999990844726696e+01
8.199999946594237699e+00
1.319999994659423770e+01
1.059999994659423805e+01
5.400000007629394361e+00
1.160000001525878943e+01
3.999999988555908104e+00
4.800000007629394716e+00
8.599999946594238054e+00
8.599999988555907748e+00
9.200000007629395071e+00
1.999999994277954052e+00
5.199999988555908281e+00
4.399999977111816563e+00
5.200000007629394183e+00
1.100000001525878979e+01
4.000000000000000000e+00
8.399999946594238764e+00
6.999999977111816207e+00
5.000000007629394894e+00
6.999999988555908104e+00
8.200000015258789077e+00
1.060000001525878943e+01
8.799999977111816918e+00
9.399999977111816563e+00
9.199999893188476108e+00
1.059999994659423805e+01
1.060000000762939365e+01
9.199999977111817273e+00
9.799999988555908814e+00
9.399999977111816563e+00
8.600000007629393650e+00
8.999999984741210213e+00
9.999999988555908104e+00
9.600000015258789432e+00
8.000000007629394005e+00
7.999999946594238409e+00
9.200000007629395071e+00
8.999999977111816207e+00
9.599999977111815852e+00
1.039999998855590846e+01
8.999999977111816207e+00
1.079999997711181692e+01
9.800000015258788721e+00
9.599999977111815852e+00
8.199999984741211279e+00
1.080000001525878872e+01
1.040000000762939436e+01
9.599999946594238054e+00
1.059999998855590775e+01
9.400000007629394361e+00
9.399999946594238764e+00
9.599999977111815852e+00
1.019999998474121128e+01
1.040000001525878837e+01
9.599999977111815852e+00
1.059999998474121163e+01
1.099999998855590810e+01
1.099999995422363241e+01
1.000000000762939401e+01
1.059999998474121163e+01
1.040000001525878837e+01
1.119999995422363348e+01
1.120000001525878908e+01
1.119999997711181727e+01
1.219999994659423770e+01
1.279999995422363313e+01
1.399999998474121021e+01
1.419999995422363348e+01
1.419999995422363348e+01
1.439999997711181656e+01
1.460000001525878943e+01
1.480000001525878872e+01
1.480000001525878872e+01
1.499999994659423841e+01
1.519999986267089831e+01
1.460000003051757744e+01
1.599999995422363241e+01
1.539999995422363277e+01
1.619999992370605568e+01
1.659999998474120986e+01
1.560000001525878943e+01
1.679999998474121270e+01
1.559999998474121163e+01
1.539999994659423876e+01
1.499999990844726483e+01
1.679999992370605355e+01
1.739999998474121057e+01
1.599999997711181621e+01
1.659999989318847824e+01
1.580000003051757851e+01
1.919999992370605568e+01
1.779999992370605355e+01
1.799999989318847682e+01
1.739999998474121057e+01
1.859999989318847824e+01
1.859999998474120986e+01
1.699999998474121199e+01
1.919999989318847611e+01
2.059999995422363384e+01
1.739999992370605497e+01
1.899999989318847682e+01
1.899999989318847682e+01
1.799999995422363241e+01
1.879999998474121270e+01
1.739999992370605497e+01
1.799999998474121199e+01
1.719999998474121128e+01
2.019999989318847611e+01
1.919999998474121128e+01
1.919999995422363170e+01
1.899999986267089724e+01
2.059999992370605426e+01
2.000000000000000000e+01
1.919999992370605568e+01
1.859999994659423805e+01
2.099999989318847682e+01
2.059999989318847824e+01
1.919999995422363170e+01
1.819999992370605568e+01
1.999999989318847682e+01
2.039999989318847540e+01
2.059999989318847824e+01
2.159999990844726625e+01
1.980000000000000071e+01
2.099999998474121199e+01
2.119999989318847611e+01
2.080000003051757673e+01
1.920000001525878730e+01
1.919999995422363170e+01
2.019999996948242327e+01
2.080000003051757673e+01
2.120000003051757886e+01
2.219999995422363170e+01
2.059999986267089866e+01
2.119999989318847611e+01
2.099999998474121199e+01
1.759999995422363384e+01
2.199999989318847682e+01
2.299999995422363241e+01
