0.000000000000000000e+00
0.000000000000000000e+00
0.000000000000000000e+00
2.000000000000000111e-01
0.000000000000000000e+00
4.000000000000000222e-01
1.199999988555908281e+00
1.479999989318847575e+01
4.599999994277953697e+00
5.999999977111816207e+00
5.799999988555907926e+00
3.199999988555908281e+00
1.559999992370605426e+01
3.339999981689452824e+01
1.099999992370605462e+01
1.999999995422363241e+01
2.600000000000000089e+00
1.139999992370605497e+01
2.360000000000000142e+01
2.979999993896484511e+01
4.199999988555908281e+00
4.599999994277953697e+00
6.399999977111816563e+00
1.019999998474121128e+01
4.000000007629394894e+00
8.399999977111816563e+00
7.799999984741210923e+00
7.000000015258788899e+00
1.040000001525878837e+01
1.020000000762939507e+01
2.399999988555908015e+00
1.840000001525879014e+01
1.799999994277954096e+00
3.619999975585937335e+01
1.879999994659423734e+01
6.199999994277954229e+00
1.000000000000000000e+00
6.999999994277954052e+00
6.799999946594238232e+00
5.199999988555908281e+00
6.799999994277953874e+00
1.199999997711181621e+01
5.200000007629394183e+00
6.200000007629394183e+00
9.000000007629394005e+00
7.199999994277954229e+00
6.399999946594237876e+00
4.599999994277953697e+00
9.599999988555907748e+00
1.319999992370605391e+01
6.599999988555908637e+00
1.079999994659423912e+01
7.599999984741210746e+00
1.379999998474121092e+01
7.799999946594238232e+00
5.600000015258789432e+00
3.119999984741210852e+01
4.199999988555908281e+00
1.519999995422363348e+01
6.199999994277954229e+00
1.260000001525878943e+01
6.600000007629394538e+00
1.239999995422363277e+01
8.799999946594239120e+00
4.000000007629394894e+00
6.799999946594238232e+00
7.000000007629394894e+00
5.599999946594238054e+00
7.799999994277953874e+00
7.799999946594238232e+00
1.039999989318847717e+01
9.800000015258788721e+00
7.599999977111816740e+00
1.839999986267089938e+01
8.400000015258788366e+00
4.999999988555908104e+00
9.799999984741210923e+00
7.999999977111816207e+00
5.400000007629394361e+00
4.999999994277954052e+00
4.600000007629394538e+00
1.620000001525878730e+01
8.199999946594237699e+00
8.999999988555908104e+00
1.079999986267089795e+01
8.199999946594237699e+00
8.799999893188475752e+00
8.599999984741211634e+00
9.599999946594238054e+00
8.799999946594239120e+00
9.399999946594238764e+00
8.800000007629394716e+00
8.599999977111815852e+00
8.399999994277953519e+00
8.000000007629394005e+00
8.600000015258789432e+00
8.999999954223632415e+00
8.199999984741211279e+00
8.799999977111816918e+00
8.799999984741210923e+00
1.399999997711181621e+01
1.199999995422363241e+01
1.799999987792968881e+01
1.459999997711181585e+01
2.320000003051757886e+01
1.740000003051757815e+01
2.440000003051757815e+01
2.680000000000000071e+01
2.599999996948242043e+01
3.259999984741210710e+01
3.059999993896484227e+01
3.119999978637695293e+01
3.239999990844726341e+01
3.939999981689452824e+01
3.299999990844726483e+01
3.080000003051757673e+01
3.280000003051758029e+01
3.419999984741210852e+01
4.079999978637695079e+01
3.639999978637695222e+01
5.079999972534179875e+01
4.539999969482421704e+01
3.519999975585937335e+01
3.139999993896484298e+01
3.719999981689453250e+01
3.239999993896484654e+01
2.539999978637695222e+01
2.279999996948242114e+01
1.959999998474120986e+01
2.319999989318847611e+01
2.319999987792968810e+01
2.559999996948242185e+01
2.519999986267090009e+01
2.259999998474120986e+01
2.179999995422363313e+01
1.879999998474121270e+01
2.319999999999999929e+01
2.399999990844726483e+01
2.399999989318847682e+01
2.279999989318847753e+01
2.339999986267089938e+01
2.099999986267089724e+01
1.979999986267089795e+01
1.859999994659423805e+01
2.299999992370605639e+01
2.380000000000000071e+01
2.119999993896484369e+01
2.519999989318847611e+01
2.519999990844726412e+01
2.480000003051757673e+01
2.160000003051757744e+01
2.219999993896484369e+01
2.959999984741211065e+01
2.259999998474120986e+01
2.699999989318847682e+01
2.319999992370605568e+01
2.499999990844726483e+01
2.379999994659423734e+01
2.679999990844726554e+01
2.079999995422363313e+01
2.439999990844726696e+01
2.420000003051757886e+01
2.719999990844726412e+01
2.259999996948242185e+01
2.360000003051757744e+01
2.300000003051757957e+01
2.019999986267090009e+01
2.499999993896484440e+01
2.139999999999999858e+01
2.279999989318847753e+01
3.360000006103515346e+01
2.379999995422363313e+01
2.399999989318847682e+01
2.399999990844726483e+01
2.139999999999999858e+01
2.059999995422363384e+01
2.700000000000000000e+01
1.899999989318847682e+01
2.779999981689453037e+01
2.520000003051757886e+01
1.980000003051757673e+01
2.059999989318847824e+01
2.539999990844726696e+01
2.759999990844726625e+01
2.379999986267089795e+01
2.460000000000000142e+01
2.599999984741210923e+01
2.499999987792968881e+01
2.339999999999999858e+01
2.279999998474121270e+01
3.119999993896484369e+01
2.399999986267089724e+01
2.279999995422363313e+01
2.719999990844726412e+01
2.599999989318847682e+01
2.599999993896484440e+01
2.919999986267090009e+01
2.679999996948242114e+01
2.799999993896484440e+01
2.419999993896484369e+01
