0.000000000000000000e+00
5.799999977111816030e+00
0.000000000000000000e+00
0.000000000000000000e+00
4.000000000000000222e-01
6.399999977111816563e+00
5.999999942779541406e-01
1.099999995422363241e+01
2.000000000000000000e+00
4.399999988555908459e+00
5.999999999999999778e-01
1.240000001525878837e+01
9.600000015258789432e+00
4.399999988555908459e+00
8.199999988555907393e+00
8.000000000000000444e-01
5.200000007629394183e+00
2.399999946594238320e+00
4.800000007629394716e+00
9.999999885559082147e-01
1.199999994277954007e+00
7.999999885559081481e-01
5.599999946594238054e+00
2.399999999999999911e+00
2.799999994277954318e+00
1.060000000762939365e+01
7.999999942779540962e-01
4.000000000000000222e-01
1.199999998474121021e+01
5.399999988555908459e+00
5.800000007629394716e+00
4.400000007629394361e+00
7.999999988555908104e+00
7.800000007629394716e+00
1.959999992370605426e+01
1.179999998855590881e+01
4.599999994277953697e+00
8.599999946594238054e+00
6.799999946594238232e+00
1.339999994659423876e+01
2.200000000000000178e+00
7.599999977111816740e+00
8.000000000000000444e-01
3.599999988555908192e+00
1.600000000000000089e+00
9.999999946594238409e+00
3.059999984741211065e+01
5.600000007629394538e+00
4.199999988555908281e+00
4.799999994277953874e+00
6.600000007629394538e+00
9.600000007629393650e+00
4.599999999999999645e+00
5.999999999999999778e-01
1.340000001525878837e+01
1.360000001525878943e+01
8.199999994277954229e+00
3.399999994277953963e+00
8.399999946594238764e+00
9.999999942779540518e-01
6.200000015258789077e+00
3.199999988555908281e+00
1.039999997711181656e+01
1.299999994659423841e+01
5.799999977111816030e+00
4.080000006103515631e+01
1.799999994277954096e+00
3.799999988555908370e+00
1.419999989318847611e+01
5.199999946594238587e+00
2.199999994277954229e+00
1.079999995422363313e+01
5.799999988555907926e+00
3.000000007629394450e+00
3.000000000000000000e+00
3.379999986267090151e+01
3.599999994277954141e+00
2.599999994277954141e+00
1.599999994277954141e+00
4.399999994277954407e+00
4.399999994277954407e+00
8.600000007629393650e+00
6.599999988555908637e+00
6.599999988555908637e+00
6.999999946594238409e+00
5.799999977111816030e+00
7.399999946594237876e+00
5.800000007629394716e+00
5.800000007629394716e+00
7.199999946594238587e+00
4.999999988555908104e+00
5.999999977111816207e+00
6.800000007629394716e+00
8.199999923706053906e+00
6.400000007629394361e+00
6.399999946594237876e+00
7.599999946594238054e+00
6.999999946594238409e+00
9.799999946594239120e+00
1.139999989318847717e+01
1.560000001525878943e+01
1.459999995422363206e+01
1.920000003051757886e+01
1.599999992370605462e+01
1.799999986267089724e+01
3.059999975585937548e+01
1.759999989318847824e+01
2.959999987792968668e+01
2.359999996948242185e+01
2.580000003051757673e+01
2.600000000000000000e+01
2.859999978637695150e+01
2.560000003051757744e+01
3.039999975585937619e+01
2.299999989318847682e+01
3.139999999999999858e+01
2.460000003051757744e+01
2.859999984741211065e+01
2.919999978637695293e+01
2.260000000000000142e+01
2.519999989318847611e+01
3.119999981689453250e+01
3.499999981689452966e+01
1.879999993896484511e+01
1.900000003051757957e+01
1.700000003051757957e+01
1.839999995422363455e+01
1.759999990844726625e+01
1.599999989318847682e+01
1.779999998474121270e+01
1.960000003051757744e+01
1.959999993896484227e+01
2.040000003051757815e+01
1.839999994659423876e+01
1.979999992370605355e+01
2.000000003051757957e+01
1.819999986267090009e+01
1.759999997711181763e+01
1.839999986267089938e+01
1.659999998474120986e+01
1.879999989318847753e+01
1.879999989318847753e+01
1.679999989318847753e+01
1.959999992370605426e+01
1.760000003051757744e+01
1.879999986267089795e+01
1.579999986267089795e+01
1.859999992370605426e+01
1.879999989318847753e+01
1.639999997711181479e+01
1.780000000762939294e+01
1.679999994659423734e+01
1.899999989318847682e+01
1.679999998474121270e+01
1.779999989318847753e+01
1.819999989318847611e+01
1.839999990844726696e+01
1.979999989318847753e+01
1.879999995422363313e+01
2.080000000000000071e+01
1.979999992370605355e+01
1.580000000000000071e+01
1.659999992370605426e+01
1.879999989318847753e+01
1.999999989318847682e+01
2.399999993896484440e+01
1.739999998474121057e+01
1.859999992370605426e+01
2.079999990844726554e+01
1.800000003051757957e+01
1.879999990844726554e+01
2.100000003051757957e+01
1.919999999999999929e+01
2.100000000000000000e+01
2.179999992370605355e+01
1.919999998474121128e+01
1.660000001525878943e+01
1.960000001525878943e+01
1.719999992370605568e+01
2.099999989318847682e+01
2.319999993896484369e+01
2.059999989318847824e+01
2.179999996948242114e+01
2.039999992370605497e+01
2.059999986267089866e+01
2.459999990844726625e+01
2.000000003051757957e+01
2.139999996948242256e+01
2.319999992370605568e+01
2.219999989318847611e+01
2.420000003051757886e+01
2.459999992370605426e+01
2.159999998474120986e+01
2.039999986267089938e+01
2.139999986267089938e+01
2.279999986267089795e+01
1.959999992370605426e+01
1.699999994659423663e+01
2.159999986267089866e+01
2.039999996948242256e+01
