7.699999981689452966e+01
0.000000000000000000e+00
7.400000007629394361e+00
3.600000007629394538e+00
0.000000000000000000e+00
1.879999996948242114e+01
0.000000000000000000e+00
0.000000000000000000e+00
2.799999994277954318e+00
3.999999942779540740e-01
1.999999994277954052e+00
0.000000000000000000e+00
2.600000000000000089e+00
1.479999994659423912e+01
5.399999988555908459e+00
5.799999999999999822e+00
2.599999988555908192e+00
1.019999998474121128e+01
9.799999977111816918e+00
1.019999994659423770e+01
1.999999994277954052e+00
2.360000003051757744e+01
5.799999946594238232e+00
2.900000000000000000e+01
5.000000007629394894e+00
4.720000003051757886e+01
5.999999999999999778e-01
1.259999998474121163e+01
4.999999994277954052e+00
1.659999989318847824e+01
4.399999988555908459e+00
6.999999984741211101e+00
1.100000000762939401e+01
1.260000003051757744e+01
7.999999994277954052e+00
5.200000007629394183e+00
5.399999988555908459e+00
7.399999923706054972e+00
9.999999946594238409e+00
3.199999988555908281e+00
3.999999988555908104e+00
7.200000007629394183e+00
5.999999946594238409e+00
1.239999992370605497e+01
9.800000007629394716e+00
2.279999981689453037e+01
5.000000007629394894e+00
8.199999977111817273e+00
8.399999977111816563e+00
6.799999977111816030e+00
1.079999994659423912e+01
9.999999946594238409e+00
9.400000015258788366e+00
3.199999977111816385e+00
9.000000015258789787e+00
1.239999998474121057e+01
1.639999989318847540e+01
3.039999990844726696e+01
6.000000000000000000e+00
7.599999977111816740e+00
6.999999977111816207e+00
5.799999977111816030e+00
7.199999977111816385e+00
4.599999988555908637e+00
1.599999994277954141e+00
1.079999997711181692e+01
2.959999987792968668e+01
1.019999994659423770e+01
9.999999954223632415e+00
7.600000007629394538e+00
3.599999946594238498e+00
8.799999977111816918e+00
9.399999977111816563e+00
3.199999988555908281e+00
3.999999988555908104e+00
6.600000007629394538e+00
8.400000015258788366e+00
7.799999923706054439e+00
9.399999977111816563e+00
8.999999988555908104e+00
6.600000007629394538e+00
4.400000007629394361e+00
1.020000000762939507e+01
8.600000007629393650e+00
1.119999992370605391e+01
1.139999994659423876e+01
1.140000001525878837e+01
1.059999997711181585e+01
1.119999997711181727e+01
1.020000000762939507e+01
1.060000001525878943e+01
1.060000000762939365e+01
9.599999946594238054e+00
1.080000001525878872e+01
1.040000001525878837e+01
1.059999994659423805e+01
1.099999994659423841e+01
9.799999954223633125e+00
9.399999954223632770e+00
9.999999954223632415e+00
1.279999994659423912e+01
1.019999998474121128e+01
1.139999994659423876e+01
9.599999946594238054e+00
9.999999977111816207e+00
1.319999992370605391e+01
1.079999998474121092e+01
1.199999995422363241e+01
1.199999998474121021e+01
1.159999998474121163e+01
1.159999992370605426e+01
1.219999997711181727e+01
1.240000001525878837e+01
1.099999994659423841e+01
1.020000000762939507e+01
1.339999986267089760e+01
1.299999998474121021e+01
1.239999998474121057e+01
1.199999999427795494e+01
1.139999995422363277e+01
1.079999994659423912e+01
1.319999995422363348e+01
1.320000001525878908e+01
1.299999998474121021e+01
1.319999997711181727e+01
1.480000000762939472e+01
1.539999992370605497e+01
1.499999998474121021e+01
1.659999986267089866e+01
1.559999995422363206e+01
1.680000001525878872e+01
1.619999998474121128e+01
1.639999995422363455e+01
1.599999989318847682e+01
1.659999992370605426e+01
1.739999995422363455e+01
1.639999995422363455e+01
1.760000003051757744e+01
1.580000001525878872e+01
1.699999998474121199e+01
1.819999994659423947e+01
1.800000003051757957e+01
1.860000000000000142e+01
1.800000001525878801e+01
1.819999992370605568e+01
1.599999992370605462e+01
2.040000003051757815e+01
1.819999989318847611e+01
1.839999996948242256e+01
2.219999986267090009e+01
1.959999989318847824e+01
1.760000001525878943e+01
2.239999999999999858e+01
2.300000000000000000e+01
2.120000003051757886e+01
2.119999989318847611e+01
1.539999986267089760e+01
2.039999995422363455e+01
1.839999984741210781e+01
2.119999993896484369e+01
1.980000000000000071e+01
2.119999992370605568e+01
2.119999986267090009e+01
2.259999996948242185e+01
2.319999993896484369e+01
2.059999996948242185e+01
2.099999986267089724e+01
2.199999993896484440e+01
2.060000003051757744e+01
2.100000000000000000e+01
2.259999990844726625e+01
2.219999996948242327e+01
2.179999996948242114e+01
1.919999989318847611e+01
2.059999996948242185e+01
2.279999995422363313e+01
2.319999999999999929e+01
2.299999986267089724e+01
2.279999992370605355e+01
2.339999989318847540e+01
2.400000000000000000e+01
2.239999996948242256e+01
2.280000000000000071e+01
2.519999995422363170e+01
2.319999999999999929e+01
2.359999992370605426e+01
2.399999993896484440e+01
2.340000003051757815e+01
2.519999990844726412e+01
2.399999989318847682e+01
2.419999987792968810e+01
2.499999984741210923e+01
2.439999999999999858e+01
2.399999996948242043e+01
2.319999999999999929e+01
2.499999992370605639e+01
2.359999996948242185e+01
2.279999992370605355e+01
2.419999993896484369e+01
2.460000000000000142e+01
