4.708671569824218750e-02
5.089068412780761719e-02
5.133605003356933594e-02
5.269360542297363281e-02
4.947423934936523438e-02
5.033063888549804688e-02
4.782342910766601562e-02
4.565286636352539062e-02
4.729056358337402344e-02
4.632759094238281250e-02
4.745030403137207031e-02
4.701209068298339844e-02
4.856610298156738281e-02
4.864168167114257812e-02
4.737186431884765625e-02
4.623603820800781250e-02
4.555606842041015625e-02
4.973506927490234375e-02
4.595208168029785156e-02
4.682159423828125000e-02
4.821109771728515625e-02
4.951143264770507812e-02
4.918074607849121094e-02
5.012059211730957031e-02
5.064749717712402344e-02
4.801082611083984375e-02
4.822897911071777344e-02
4.812741279602050781e-02
4.888176918029785156e-02
4.670310020446777344e-02
4.769706726074218750e-02
5.026698112487792969e-02
4.828882217407226562e-02
5.014967918395996094e-02
4.811334609985351562e-02
4.593753814697265625e-02
4.757404327392578125e-02
4.800128936767578125e-02
4.702425003051757812e-02
4.735636711120605469e-02
4.772806167602539062e-02
4.954814910888671875e-02
4.812741279602050781e-02
4.735422134399414062e-02
4.827094078063964844e-02
4.937601089477539062e-02
4.854965209960937500e-02
4.910635948181152344e-02
4.811120033264160156e-02
4.731082916259765625e-02
4.989504814147949219e-02
4.724478721618652344e-02
4.735422134399414062e-02
4.928326606750488281e-02
4.862689971923828125e-02
4.944658279418945312e-02
4.926681518554687500e-02
4.743266105651855469e-02
4.743123054504394531e-02
4.884505271911621094e-02
4.941129684448242188e-02
4.600453376770019531e-02
4.982805252075195312e-02
4.885387420654296875e-02
5.005717277526855469e-02
5.080747604370117188e-02
4.897999763488769531e-02
4.765748977661132812e-02
4.867935180664062500e-02
4.904103279113769531e-02
4.998826980590820312e-02
4.666543006896972656e-02
4.789161682128906250e-02
4.745984077453613281e-02
4.937791824340820312e-02
4.872941970825195312e-02
4.886960983276367188e-02
4.924130439758300781e-02
4.808950424194335938e-02
4.901075363159179688e-02
5.038738250732421875e-02
4.729175567626953125e-02
4.813504219055175781e-02
4.779648780822753906e-02
5.035519599914550781e-02
4.531550407409667969e-02
4.879307746887207031e-02
4.854559898376464844e-02
4.910087585449218750e-02
5.083203315734863281e-02
5.019736289978027344e-02
4.861545562744140625e-02
4.786348342895507812e-02
4.933118820190429688e-02
4.894804954528808594e-02
4.811906814575195312e-02
4.772496223449707031e-02
4.874515533447265625e-02
4.690790176391601562e-02
4.688644409179687500e-02
4.980540275573730469e-02
4.869651794433593750e-02
4.911851882934570312e-02
5.048918724060058594e-02
4.809880256652832031e-02
4.879832267761230469e-02
4.892015457153320312e-02
5.024385452270507812e-02
4.930567741394042969e-02
5.121660232543945312e-02
5.122160911560058594e-02
5.169153213500976562e-02
5.240273475646972656e-02
5.021238327026367188e-02
5.148053169250488281e-02
4.740095138549804688e-02
4.954361915588378906e-02
4.782700538635253906e-02
4.773616790771484375e-02
4.931545257568359375e-02
4.881501197814941406e-02
5.087709426879882812e-02
4.924798011779785156e-02
4.905557632446289062e-02
5.183959007263183594e-02
4.768514633178710938e-02
4.900503158569335938e-02
5.135345458984375000e-02
4.946231842041015625e-02
5.051851272583007812e-02
4.982256889343261719e-02
4.825592041015625000e-02
5.165123939514160156e-02
5.229520797729492188e-02
4.983973503112792969e-02
4.792499542236328125e-02
4.884457588195800781e-02
4.735064506530761719e-02
5.104088783264160156e-02
4.921102523803710938e-02
4.940509796142578125e-02
4.842638969421386719e-02
4.871988296508789062e-02
4.863882064819335938e-02
4.856133460998535156e-02
4.766321182250976562e-02
4.922342300415039062e-02
5.051326751708984375e-02
4.966282844543457031e-02
5.067801475524902344e-02
4.775929450988769531e-02
4.869532585144042969e-02
5.122613906860351562e-02
5.050349235534667969e-02
4.970288276672363281e-02
5.003833770751953125e-02
4.868578910827636719e-02
5.009651184082031250e-02
4.946494102478027344e-02
4.733514785766601562e-02
4.917716979980468750e-02
5.122804641723632812e-02
5.040621757507324219e-02
5.058956146240234375e-02
4.978561401367187500e-02
5.013585090637207031e-02
4.781794548034667969e-02
4.875946044921875000e-02
5.083441734313964844e-02
4.930710792541503906e-02
5.236315727233886719e-02
5.193734169006347656e-02
5.068802833557128906e-02
5.168914794921875000e-02
5.292439460754394531e-02
5.121517181396484375e-02
4.905533790588378906e-02
5.152249336242675781e-02
4.966378211975097656e-02
5.104541778564453125e-02
4.962086677551269531e-02
4.703116416931152344e-02
5.050611495971679688e-02
4.983997344970703125e-02
5.051445960998535156e-02
4.924774169921875000e-02
5.184197425842285156e-02
5.077290534973144531e-02
4.799294471740722656e-02
4.995512962341308594e-02
4.969072341918945312e-02
5.106806755065917969e-02
4.718518257141113281e-02
4.847240447998046875e-02
4.876184463500976562e-02
4.916691780090332031e-02
3.548121452331542969e-02
1.442217826843261719e-02
1.345443725585937500e-02
1.355743408203125000e-02
