1.682790040969848633e+00
1.076596021652221680e+00
1.048844575881958008e+00
1.042839288711547852e+00
1.042386054992675781e+00
1.039265394210815430e+00
1.042003631591796875e+00
1.041277647018432617e+00
1.037395238876342773e+00
1.035613298416137695e+00
1.048512220382690430e+00
1.033838510513305664e+00
1.062740802764892578e+00
1.037574768066406250e+00
1.050582885742187500e+00
1.040006637573242188e+00
1.037701845169067383e+00
1.052242279052734375e+00
1.038133621215820312e+00
1.103218078613281250e+00
1.038692712783813477e+00
1.048271417617797852e+00
1.058289766311645508e+00
1.045750141143798828e+00
1.052227497100830078e+00
1.036829710006713867e+00
1.049880981445312500e+00
1.038893461227416992e+00
1.047273159027099609e+00
1.047847270965576172e+00
1.049588203430175781e+00
1.054370880126953125e+00
1.042543888092041016e+00
1.046581268310546875e+00
1.055525064468383789e+00
1.075355291366577148e+00
1.056340694427490234e+00
1.048520803451538086e+00
1.058362245559692383e+00
1.111869335174560547e+00
1.060569763183593750e+00
1.060046195983886719e+00
1.056837558746337891e+00
1.054936170578002930e+00
1.057001590728759766e+00
1.062957048416137695e+00
1.062403440475463867e+00
1.060686826705932617e+00
1.054521322250366211e+00
1.057826519012451172e+00
1.059059858322143555e+00
1.062817335128784180e+00
1.058299541473388672e+00
1.066562891006469727e+00
1.064675092697143555e+00
1.062152862548828125e+00
1.062352657318115234e+00
1.055107355117797852e+00
1.058160066604614258e+00
1.060434341430664062e+00
1.114753723144531250e+00
1.058840036392211914e+00
1.065140962600708008e+00
1.060462236404418945e+00
1.071239948272705078e+00
1.085438728332519531e+00
1.048632144927978516e+00
1.055464982986450195e+00
1.055376768112182617e+00
1.055144548416137695e+00
1.056830644607543945e+00
1.051401376724243164e+00
1.058659076690673828e+00
1.056194543838500977e+00
1.052845478057861328e+00
1.059352397918701172e+00
1.050925731658935547e+00
1.057296276092529297e+00
1.047307491302490234e+00
1.049345493316650391e+00
1.052937269210815430e+00
1.053876399993896484e+00
1.059719085693359375e+00
1.058666706085205078e+00
1.060227394104003906e+00
1.053379058837890625e+00
1.058726072311401367e+00
1.058181285858154297e+00
1.058785438537597656e+00
1.059758663177490234e+00
1.055511474609375000e+00
1.056946992874145508e+00
1.057919979095458984e+00
1.056893110275268555e+00
1.057651281356811523e+00
1.058505773544311523e+00
1.058808088302612305e+00
1.057335376739501953e+00
1.055133819580078125e+00
1.052069902420043945e+00
1.060714483261108398e+00
1.298235416412353516e+00
1.247640371322631836e+00
1.248816251754760742e+00
1.242772817611694336e+00
1.247358322143554688e+00
1.247709035873413086e+00
1.249467611312866211e+00
1.246512889862060547e+00
1.250842571258544922e+00
1.247234821319580078e+00
1.247222900390625000e+00
1.251655578613281250e+00
1.248067378997802734e+00
1.273446321487426758e+00
1.236651182174682617e+00
1.237406730651855469e+00
1.231677532196044922e+00
1.234863042831420898e+00
1.236113548278808594e+00
1.231439113616943359e+00
1.293224334716796875e+00
1.236007928848266602e+00
1.238037824630737305e+00
1.244941711425781250e+00
1.231647729873657227e+00
1.237821578979492188e+00
1.239422559738159180e+00
1.243317604064941406e+00
1.241412162780761719e+00
1.243092060089111328e+00
1.248771905899047852e+00
1.249581098556518555e+00
1.249959468841552734e+00
1.249567747116088867e+00
1.245893239974975586e+00
1.246329784393310547e+00
1.246689081192016602e+00
1.244675636291503906e+00
1.245922088623046875e+00
1.246363639831542969e+00
1.301596164703369141e+00
1.238519430160522461e+00
1.247071981430053711e+00
1.245415687561035156e+00
1.246692657470703125e+00
1.246815681457519531e+00
1.251541137695312500e+00
1.250485181808471680e+00
1.242682933807373047e+00
1.242079257965087891e+00
1.233785629272460938e+00
1.247726202011108398e+00
1.245582342147827148e+00
1.243770360946655273e+00
1.245704889297485352e+00
1.240666151046752930e+00
1.238210201263427734e+00
1.243498325347900391e+00
1.238351583480834961e+00
1.243250370025634766e+00
1.301602602005004883e+00
1.248828411102294922e+00
1.247349023818969727e+00
1.240453481674194336e+00
1.244144439697265625e+00
1.242813587188720703e+00
1.245012044906616211e+00
1.237406730651855469e+00
1.246472120285034180e+00
1.295577526092529297e+00
1.412547826766967773e+00
1.323686599731445312e+00
1.325696229934692383e+00
1.341782331466674805e+00
1.191734790802001953e+00
1.186481237411499023e+00
1.253854036331176758e+00
1.206181287765502930e+00
1.189680099487304688e+00
1.187652587890625000e+00
1.193501710891723633e+00
1.388352394104003906e+00
1.360555887222290039e+00
1.366570472717285156e+00
1.372695684432983398e+00
1.357863664627075195e+00
1.277425289154052734e+00
1.288925170898437500e+00
1.257757663726806641e+00
1.261825799942016602e+00
1.264984607696533203e+00
1.252938985824584961e+00
1.252020597457885742e+00
1.262322664260864258e+00
1.254624843597412109e+00
1.296118259429931641e+00
1.222905874252319336e+00
1.209881067276000977e+00
1.217155456542968750e+00
