2.448000000000000043e+01
3.667199999999999704e+01
4.518399999999999750e+01
5.135999999999999943e+01
5.817600000000000193e+01
6.264000000000000057e+01
6.491200000000000614e+01
6.862399999999999523e+01
7.046399999999999864e+01
7.254399999999999693e+01
7.483199999999999363e+01
7.607999999999999829e+01
7.704000000000000625e+01
7.785599999999999454e+01
7.851200000000000045e+01
7.931199999999999761e+01
8.046399999999999864e+01
8.123199999999999932e+01
8.153600000000000136e+01
8.193600000000000705e+01
8.252800000000000580e+01
8.356799999999999784e+01
8.302400000000000091e+01
8.347199999999999420e+01
8.377599999999999625e+01
8.347199999999999420e+01
8.454399999999999693e+01
8.481600000000000250e+01
8.468800000000000239e+01
8.497599999999999909e+01
8.497599999999999909e+01
8.479999999999999716e+01
8.598399999999999466e+01
8.580800000000000693e+01
8.520000000000000284e+01
8.584000000000000341e+01
8.638400000000000034e+01
8.667199999999999704e+01
8.681600000000000250e+01
8.694400000000000261e+01
8.678400000000000603e+01
8.659199999999999875e+01
8.697599999999999909e+01
8.721599999999999397e+01
8.721599999999999397e+01
8.776000000000000512e+01
8.817600000000000193e+01
8.780800000000000693e+01
8.774399999999999977e+01
8.771200000000000330e+01
8.840000000000000568e+01
8.790399999999999636e+01
8.809600000000000364e+01
8.859199999999999875e+01
8.848000000000000398e+01
8.822400000000000375e+01
8.854399999999999693e+01
8.902400000000000091e+01
8.887999999999999545e+01
8.851200000000000045e+01
8.862399999999999523e+01
8.902400000000000091e+01
8.886400000000000432e+01
8.904000000000000625e+01
8.904000000000000625e+01
8.942400000000000659e+01
8.907200000000000273e+01
8.924800000000000466e+01
8.876800000000000068e+01
8.971200000000000330e+01
8.977599999999999625e+01
8.940800000000000125e+01
8.951999999999999602e+01
8.928000000000000114e+01
8.969599999999999795e+01
8.985599999999999454e+01
9.033599999999999852e+01
8.958400000000000318e+01
9.004800000000000182e+01
8.947199999999999420e+01
9.007999999999999829e+01
9.004800000000000182e+01
9.339199999999999591e+01
9.377599999999999625e+01
9.412800000000000011e+01
9.419199999999999307e+01
9.409600000000000364e+01
9.414400000000000546e+01
9.436799999999999500e+01
9.417600000000000193e+01
9.473600000000000421e+01
9.451200000000000045e+01
9.476800000000000068e+01
9.451200000000000045e+01
9.427200000000000557e+01
9.504000000000000625e+01
9.438400000000000034e+01
9.504000000000000625e+01
9.452800000000000580e+01
9.414400000000000546e+01
9.483199999999999363e+01
9.456000000000000227e+01
9.436799999999999500e+01
9.468800000000000239e+01
9.459199999999999875e+01
9.451200000000000045e+01
9.436799999999999500e+01
9.438400000000000034e+01
9.452800000000000580e+01
9.404800000000000182e+01
9.470399999999999352e+01
9.444799999999999329e+01
9.508799999999999386e+01
9.487999999999999545e+01
9.468800000000000239e+01
9.507200000000000273e+01
9.427200000000000557e+01
9.524800000000000466e+01
9.419199999999999307e+01
9.430400000000000205e+01
9.452800000000000580e+01
9.456000000000000227e+01
9.440000000000000568e+01
9.420799999999999841e+01
9.468800000000000239e+01
9.508799999999999386e+01
9.451200000000000045e+01
9.520000000000000284e+01
9.494400000000000261e+01
9.492799999999999727e+01
9.504000000000000625e+01
9.467199999999999704e+01
9.476800000000000068e+01
9.471999999999999886e+01
9.497599999999999909e+01
9.561599999999999966e+01
9.504000000000000625e+01
9.513599999999999568e+01
9.515200000000000102e+01
9.502400000000000091e+01
9.491200000000000614e+01
9.468800000000000239e+01
9.495999999999999375e+01
9.521599999999999397e+01
9.515200000000000102e+01
9.529600000000000648e+01
9.535999999999999943e+01
9.510399999999999920e+01
9.529600000000000648e+01
9.473600000000000421e+01
9.497599999999999909e+01
9.489600000000000080e+01
9.486400000000000432e+01
9.481600000000000250e+01
9.529600000000000648e+01
9.516800000000000637e+01
9.483199999999999363e+01
9.495999999999999375e+01
9.492799999999999727e+01
9.502400000000000091e+01
9.508799999999999386e+01
9.528000000000000114e+01
9.475199999999999534e+01
9.545600000000000307e+01
9.510399999999999920e+01
9.523199999999999932e+01
9.526399999999999579e+01
9.508799999999999386e+01
9.518399999999999750e+01
9.512000000000000455e+01
9.528000000000000114e+01
9.529600000000000648e+01
9.478400000000000603e+01
9.484799999999999898e+01
9.542400000000000659e+01
9.486400000000000432e+01
9.484799999999999898e+01
9.555200000000000671e+01
9.471999999999999886e+01
9.542400000000000659e+01
9.516800000000000637e+01
9.499200000000000443e+01
9.499200000000000443e+01
9.548799999999999955e+01
9.521599999999999397e+01
9.504000000000000625e+01
9.515200000000000102e+01
9.521599999999999397e+01
9.526399999999999579e+01
9.518399999999999750e+01
9.529600000000000648e+01
9.510399999999999920e+01
9.528000000000000114e+01
9.502400000000000091e+01
9.505599999999999739e+01
9.540800000000000125e+01
9.531199999999999761e+01
9.508799999999999386e+01
9.543999999999999773e+01
9.528000000000000114e+01
