1.960587459640502850e+00
1.665745544509887655e+00
1.485529317626953061e+00
1.329984163475036674e+00
1.181004503402709904e+00
1.078881025085449252e+00
9.859046201705932155e-01
9.051659864044189208e-01
8.343276411628722800e-01
7.825727485752105306e-01
7.489785773086548026e-01
7.004681529426575182e-01
6.534160036087036660e-01
6.308387673187255684e-01
6.155797085189819162e-01
5.955611745071410779e-01
5.778812104415893547e-01
5.720740782737732122e-01
5.455273038482666426e-01
5.298380665016174662e-01
5.096779460144043039e-01
5.012834832763671811e-01
4.985236040854453821e-01
4.792149497222900623e-01
4.737984074258804190e-01
4.663046742057800342e-01
4.554565642929077063e-01
4.529529263114929205e-01
4.417972535705566584e-01
4.416547166109084932e-01
4.246447976875304953e-01
4.306550352478027421e-01
4.261880897521972411e-01
4.237809518814086851e-01
3.894045904636382893e-01
4.190408907485008161e-01
3.829960466766357263e-01
3.911547318267822315e-01
3.970977713394164832e-01
3.886876313591003385e-01
4.021095207595825061e-01
3.845201976871490679e-01
3.742472291374206450e-01
3.673115093183517699e-01
3.640654512214660521e-01
3.574366364479065195e-01
3.520486117172241247e-01
3.704265933799743560e-01
3.554907801151275804e-01
3.390156212425232130e-01
3.460298319625854657e-01
3.361018530082702793e-01
3.340757613468169906e-01
3.443549652051925425e-01
3.404411171722412366e-01
3.329013591861724741e-01
3.273979532814025872e-01
3.221199747133254854e-01
3.349252339696884295e-01
3.302399977207183812e-01
3.184568712711334237e-01
3.138401007890701533e-01
3.311289085340499705e-01
3.124377913260459882e-01
3.246829346036910757e-01
3.103695757621526830e-01
3.089458875465392884e-01
3.051171870756149151e-01
3.106794135189056560e-01
3.109293458080291672e-01
3.024843295049667313e-01
3.178307519245147650e-01
2.989896708488464228e-01
3.062905220174789167e-01
3.001840899276733143e-01
3.008871996688842754e-01
2.927691170787811159e-01
3.054863344812392967e-01
2.860849519920349304e-01
2.942765818762779206e-01
2.903751096916198926e-01
2.955971362304687378e-01
2.486754795742034951e-01
2.401295358467102070e-01
2.103546524333953782e-01
1.971195864391326880e-01
2.015578998661041177e-01
1.948512812995910615e-01
1.941876586818695183e-01
1.904971177577972352e-01
1.834149731683731022e-01
1.795539136028289906e-01
1.799434165340662028e-01
1.785763990926742539e-01
1.725096444177627586e-01
1.740214287495613077e-01
1.764189925646781898e-01
1.773791104507446426e-01
1.770748025512695334e-01
1.720363713645935155e-01
1.680479008078575032e-01
1.629162514090538028e-01
1.801091387414932299e-01
1.748319060945510983e-01
1.754860592174529998e-01
1.788566218852996881e-01
1.854164991664886408e-01
1.787286767745017990e-01
1.793617168045043841e-01
1.795552419662475585e-01
1.693209605598449685e-01
1.803820954227447482e-01
1.672331169748306201e-01
1.734672711563110259e-01
1.747391151833534162e-01
1.771714432966709218e-01
1.763816398811340336e-01
1.678609276676177875e-01
1.766021656036377008e-01
1.781621739286184392e-01
1.770029490756988566e-01
1.701568509769439685e-01
1.707092386150360075e-01
1.710785200023651198e-01
1.747681204319000148e-01
1.922622826886176972e-01
1.865665960669517509e-01
1.750039655113220238e-01
1.740135125946998540e-01
1.744403327131271442e-01
1.642701975226402156e-01
1.698593273067474374e-01
1.679953211641311561e-01
1.765275568008422835e-01
1.760511169362068140e-01
1.774041216754913275e-01
1.691905047559738029e-01
1.695373274993896562e-01
1.659792359733581468e-01
1.634042024803161741e-01
1.634930890548229321e-01
1.671012167787551961e-01
1.691595096850395108e-01
1.643930624318122868e-01
1.644376254701614415e-01
1.643303253316879264e-01
1.556744595342874626e-01
1.608623808097839336e-01
1.637774804687499863e-01
1.652242759752273471e-01
1.651072919940948514e-01
1.644525645065307573e-01
1.667453169429302107e-01
1.555666583061218189e-01
1.589041304016113321e-01
1.566361607551574608e-01
1.696293326425552250e-01
1.600178405952453475e-01
1.650682776355743286e-01
1.603813879919052110e-01
1.647681505680084202e-01
1.587449187874793999e-01
1.625972561120986870e-01
1.548275542879104516e-01
1.560997211313247812e-01
1.625612935495376610e-01
1.535156312894821184e-01
1.631014355564117391e-01
1.665204591941833456e-01
1.577614471530914275e-01
1.578738061594963105e-01
1.581477271366119319e-01
1.603080312633514415e-01
1.589943954062461862e-01
1.554112028598785278e-01
1.610223278284072801e-01
1.568933430671691776e-01
1.574819188117980995e-01
1.559744351196289125e-01
1.581481109905242821e-01
1.597407696151733336e-01
1.638752540302276517e-01
1.508005208420753473e-01
1.630111614227295058e-01
1.521521445751190249e-01
1.547403480243682850e-01
1.559712235283851611e-01
1.556927476882934702e-01
1.516685360491275836e-01
1.498901351451873698e-01
1.603443554115295544e-01
1.532317450523376368e-01
1.502111738371849081e-01
1.576765960693359281e-01
1.635719993042945852e-01
1.531310230827331587e-01
1.542818831968307547e-01
1.584449956369400059e-01
1.538163411474227915e-01
1.580854651826620050e-01
