1.775724887847900391e+00
1.121427297592163086e+00
1.126571893692016602e+00
1.072691202163696289e+00
1.011708021163940430e+00
9.889421463012695312e-01
9.884467124938964844e-01
9.886007308959960938e-01
9.882225990295410156e-01
9.893972873687744141e-01
9.898111820220947266e-01
9.895870685577392578e-01
9.913501739501953125e-01
9.910962581634521484e-01
1.081935882568359375e+00
1.076239109039306641e+00
1.062120437622070312e+00
1.057079076766967773e+00
1.061729907989501953e+00
1.131245136260986328e+00
1.063300848007202148e+00
1.063661575317382812e+00
1.059146404266357422e+00
1.067823171615600586e+00
1.064916610717773438e+00
1.062625169754028320e+00
1.062642812728881836e+00
1.069003105163574219e+00
1.065664291381835938e+00
1.070415258407592773e+00
1.067700147628784180e+00
1.063540220260620117e+00
1.055561542510986328e+00
1.064332246780395508e+00
1.066473722457885742e+00
1.066650867462158203e+00
1.063072204589843750e+00
1.079630613327026367e+00
1.059746503829956055e+00
1.059452056884765625e+00
1.047428369522094727e+00
1.057168722152709961e+00
1.057908296585083008e+00
1.060436725616455078e+00
1.059613943099975586e+00
1.055702447891235352e+00
1.059786319732666016e+00
1.056877374649047852e+00
1.061697483062744141e+00
1.065304040908813477e+00
9.972016811370849609e-01
9.906494617462158203e-01
9.902966022491455078e-01
9.922764301300048828e-01
9.912307262420654297e-01
9.897105693817138672e-01
9.921128749847412109e-01
9.898917675018310547e-01
9.894857406616210938e-01
9.915461540222167969e-01
1.044393062591552734e+00
9.923527240753173828e-01
9.913110733032226562e-01
9.892122745513916016e-01
9.916048049926757812e-01
9.911873340606689453e-01
9.896295070648193359e-01
9.921450614929199219e-01
9.884972572326660156e-01
1.048022985458374023e+00
1.060729265213012695e+00
1.052713155746459961e+00
1.057898044586181641e+00
1.064528226852416992e+00
1.066222667694091797e+00
1.070768594741821289e+00
1.063575029373168945e+00
1.065782308578491211e+00
1.061247825622558594e+00
1.059413433074951172e+00
1.065445423126220703e+00
1.073157310485839844e+00
1.067592382431030273e+00
1.060547113418579102e+00
1.066200733184814453e+00
1.086065292358398438e+00
1.067540168762207031e+00
1.070399761199951172e+00
1.065661907196044922e+00
1.067399263381958008e+00
1.062819242477416992e+00
1.064599752426147461e+00
1.064240217208862305e+00
1.068533420562744141e+00
1.071798563003540039e+00
1.065404891967773438e+00
1.062806129455566406e+00
1.058347225189208984e+00
1.057935953140258789e+00
1.064979314804077148e+00
1.065681219100952148e+00
1.121966123580932617e+00
1.057392597198486328e+00
1.062839984893798828e+00
1.059035062789916992e+00
1.060812950134277344e+00
1.062379598617553711e+00
1.064982891082763672e+00
1.060351371765136719e+00
1.058446884155273438e+00
1.059444665908813477e+00
1.059473514556884766e+00
1.059524297714233398e+00
1.058316230773925781e+00
1.054836750030517578e+00
1.065064907073974609e+00
1.061907291412353516e+00
1.060383319854736328e+00
1.063357591629028320e+00
1.064522027969360352e+00
1.065073966979980469e+00
1.079948902130126953e+00
9.854834079742431641e-01
9.871139526367187500e-01
1.013701200485229492e+00
1.057595014572143555e+00
1.055571556091308594e+00
1.055158138275146484e+00
1.057209730148315430e+00
1.053585767745971680e+00
1.061641216278076172e+00
1.058928251266479492e+00
1.068349361419677734e+00
1.058426618576049805e+00
1.052371978759765625e+00
1.064898014068603516e+00
1.070682048797607422e+00
1.056079864501953125e+00
1.058432579040527344e+00
1.056019306182861328e+00
1.053767681121826172e+00
1.055955648422241211e+00
1.056683301925659180e+00
1.053558349609375000e+00
1.057127475738525391e+00
1.057217359542846680e+00
1.062618494033813477e+00
1.060912132263183594e+00
1.059612989425659180e+00
1.059944868087768555e+00
1.063700914382934570e+00
1.060642719268798828e+00
1.059980630874633789e+00
1.060317516326904297e+00
1.058934211730957031e+00
1.059181928634643555e+00
1.054988384246826172e+00
1.060415983200073242e+00
1.057033777236938477e+00
1.057502985000610352e+00
1.058077335357666016e+00
1.060969352722167969e+00
1.114191055297851562e+00
1.058521747589111328e+00
1.058569431304931641e+00
1.054688215255737305e+00
1.056955099105834961e+00
1.058512210845947266e+00
1.055959463119506836e+00
1.053798437118530273e+00
1.060662031173706055e+00
1.060579538345336914e+00
1.061093330383300781e+00
1.071084022521972656e+00
1.065636634826660156e+00
1.060394763946533203e+00
1.065847635269165039e+00
1.060127019882202148e+00
1.056733608245849609e+00
1.059640645980834961e+00
1.078257322311401367e+00
1.080195903778076172e+00
1.108548879623413086e+00
1.053730249404907227e+00
1.081182003021240234e+00
1.060615301132202148e+00
1.061103820800781250e+00
1.066189765930175781e+00
1.064665794372558594e+00
1.067178726196289062e+00
1.058931589126586914e+00
1.063440084457397461e+00
1.061444044113159180e+00
1.064481973648071289e+00
1.060910224914550781e+00
1.062908649444580078e+00
1.096502542495727539e+00
1.061317205429077148e+00
1.054831981658935547e+00
1.030455827713012695e+00
