1.964131999893188540e+00
1.658312840042114322e+00
1.485250291481018170e+00
1.302190628356933555e+00
1.179911372451782237e+00
1.057730420532226656e+00
9.544690384292602303e-01
8.776677386093140187e-01
8.295239959335327651e-01
7.715351260566711833e-01
7.206358485984801776e-01
6.897246482658385691e-01
6.547001851654052906e-01
6.367561990261078053e-01
6.126208711051941425e-01
5.841604435539246021e-01
5.734885653018951812e-01
5.508931249618530535e-01
5.422327936172485208e-01
5.376693226242065249e-01
5.044449835586547470e-01
5.045199768447875543e-01
4.915538929557800030e-01
4.753763938903808328e-01
4.672699151611328094e-01
4.610968935394287316e-01
4.517493439674377664e-01
4.415286720275878873e-01
4.405073946380615446e-01
4.401995119953155400e-01
4.259471879243850734e-01
4.211522767543792733e-01
4.134076992535591355e-01
4.055104311847686493e-01
4.005494801139831695e-01
4.127563916397094523e-01
3.955205664086341999e-01
3.875753751945495429e-01
3.741394811916351482e-01
3.732608077335357599e-01
3.815347111129760993e-01
3.772928935337066525e-01
3.591887250518798758e-01
3.680586697196960300e-01
3.664209922695159660e-01
3.673248068046569559e-01
3.574465772438049083e-01
3.599485090160369771e-01
3.708016845512390192e-01
3.508333443307876665e-01
3.522100938320160135e-01
3.463994364738464116e-01
3.410553957462310604e-01
3.523205141258239914e-01
3.263081666374206269e-01
3.194380630779266594e-01
3.429749078369140891e-01
3.158380847835540739e-01
3.297100708580016915e-01
3.200732853698730618e-01
3.175514370632171457e-01
3.222410692095756257e-01
3.145627584719657976e-01
3.108724916458129872e-01
3.107231741666793834e-01
3.040006306457519458e-01
3.086148810672760257e-01
3.130472304534911987e-01
3.086267820930481132e-01
3.202203883743285906e-01
3.124734388637542826e-01
3.016605341720581257e-01
3.141061825752258230e-01
2.879237668323516575e-01
2.912114900398254380e-01
2.890454990005493219e-01
2.868912820148468157e-01
2.961419954490661643e-01
2.986595775032043210e-01
2.853427143287658452e-01
2.901294328594207772e-01
2.822047827434539524e-01
1.927214247703552263e-01
1.912983845329284671e-01
1.824587036514282168e-01
1.784269504642486681e-01
1.830359507751464776e-01
1.661686158275604286e-01
1.618149635529518016e-01
1.611269768732786212e-01
1.679097807693481492e-01
1.632019431614875893e-01
1.666835906493663866e-01
1.565815527915954686e-01
1.680757081842422507e-01
1.600879439210891597e-01
1.533507483005523697e-01
1.609866719913482791e-01
1.545167341613769563e-01
1.550721408057212924e-01
1.523176269626617396e-01
1.706719695663452274e-01
1.790052294158935575e-01
1.818189297485351685e-01
1.867928664922714199e-01
1.901213209891319256e-01
1.831380742812156737e-01
1.835509296846389860e-01
1.787660135936736949e-01
1.800619632434845019e-01
1.836526851463317900e-01
1.804050625228881821e-01
1.892490681457519586e-01
1.804884185409545982e-01
1.813228637123107945e-01
1.824565772384405260e-01
1.784419143342971803e-01
1.895242826271057168e-01
1.788518722677230888e-01
1.796906262087822059e-01
1.724441358184814477e-01
1.705128004598617519e-01
1.752753610301017728e-01
1.781576089763641235e-01
1.737465834093093742e-01
1.696307548189163183e-01
1.609426587295532118e-01
1.636364514827728378e-01
1.610632119560241604e-01
1.580918800163269022e-01
1.607373626971244918e-01
1.663969140315055828e-01
1.628316877269744833e-01
1.604994332599639917e-01
1.591645521259307805e-01
1.640882068347930822e-01
1.599154557323455850e-01
1.615088241219520548e-01
1.565184826660156181e-01
1.592835307049751403e-01
1.575762822341919001e-01
1.692852215313911390e-01
1.570860770344734147e-01
1.627821805286407408e-01
1.569777121400833253e-01
1.587836288285255359e-01
1.506456348323821914e-01
1.600563322925567522e-01
1.501210743856430108e-01
1.547822243893146599e-01
1.632750360202789297e-01
1.613195331978797831e-01
1.560881324815750204e-01
1.535605358028411804e-01
1.659003547096252473e-01
1.568680631589889629e-01
1.548051885938644401e-01
1.575553618621826080e-01
1.542355188131332433e-01
1.580950920450687469e-01
1.460813523864746000e-01
1.523635607063770214e-01
1.494888453578948895e-01
1.535140439033508275e-01
1.539778283882141108e-01
1.529602774047851554e-01
1.596646501874923740e-01
1.480839973211288407e-01
1.605980596351623546e-01
1.475052627611160294e-01
1.497206252670288118e-01
1.526942883777618332e-01
1.538273040246963541e-01
1.522961182689666626e-01
1.532045252895355147e-01
1.537766446781158314e-01
1.492847288322448618e-01
1.510205198383331171e-01
1.440633668303489823e-01
1.545761812877655128e-01
1.530176703691482620e-01
1.513690231704711842e-01
1.488683751535415656e-01
1.524688639256358280e-01
1.485008633422851554e-01
1.469547177672386185e-01
1.478763233828544743e-01
1.527031924462318446e-01
1.493345714187622186e-01
1.511362897396087701e-01
1.499443431711196817e-01
1.514785198688507195e-01
1.475529026699066160e-01
1.456121559715271019e-01
1.476048544073104984e-01
1.490780145645141663e-01
1.467018727302551173e-01
1.442192701029777480e-01
1.421227582836151193e-01
1.498977088809013425e-01
