0.000000000000000000e+00
3.059999990844726625e+01
4.239999972534180017e+01
4.820000006103515489e+01
6.680000006103514920e+01
7.039999987792968739e+01
7.699999957275390727e+01
8.099999951171875523e+01
7.959999963378906784e+01
7.959999951171874955e+01
8.820000000000000284e+01
8.799999938964843693e+01
8.760000012207031261e+01
9.319999963378906216e+01
7.819999945068359182e+01
8.539999938964844262e+01
9.199999963378905932e+01
8.879999938964843409e+01
9.400000012207031830e+01
1.000000000000000000e+02
