0.000000000000000000e+00
2.699999984741210923e+01
3.999999996948242398e+01
4.159999981689453108e+01
4.559999978637695506e+01
4.899999996948242398e+01
5.039999996948242256e+01
5.099999969482421847e+01
5.559999984741210710e+01
5.800000000000000000e+01
5.979999993896484511e+01
6.820000000000000284e+01
6.899999984741211279e+01
6.880000006103514920e+01
7.100000006103515204e+01
7.179999957275390443e+01
7.459999969482421989e+01
7.159999993896484227e+01
7.500000000000000000e+01
7.200000000000000000e+01
