0.000000000000000000e+00
2.699999984741210923e+01
3.759999996948242540e+01
3.979999972534179875e+01
4.299999981689452966e+01
4.919999993896484369e+01
5.499999993896484085e+01
5.699999996948242398e+01
5.679999999999999716e+01
6.440000012207030977e+01
6.499999984741211279e+01
6.459999984741210710e+01
6.839999969482421704e+01
6.980000012207031546e+01
6.619999963378906216e+01
7.199999969482422557e+01
7.139999969482421704e+01
7.019999969482421420e+01
7.379999975585937477e+01
7.919999945068359182e+01
