0.000000000000000000e+00
2.919999984741210852e+01
4.119999972534179733e+01
4.339999975585937619e+01
4.739999969482421704e+01
4.700000006103515915e+01
4.999999996948242398e+01
5.200000006103515915e+01
5.439999990844726341e+01
5.619999984741210852e+01
6.080000006103515631e+01
6.219999981689453250e+01
6.780000006103514920e+01
6.640000006103515773e+01
7.199999993896484796e+01
6.799999993896484796e+01
7.419999957275391012e+01
7.659999999999999432e+01
7.479999951171875239e+01
7.819999951171874386e+01
