3.679999990844726909e+01
6.259999981689453108e+01
0.000000000000000000e+00
0.000000000000000000e+00
4.660000006103515346e+01
4.959999969482421989e+01
2.000000000000000111e-01
4.339999969482421704e+01
0.000000000000000000e+00
1.799999994277954096e+00
2.859999993896484227e+01
3.999999988555908104e+00
6.599999977111816740e+00
1.400000001525878979e+01
6.799999946594238232e+00
1.519999998474121128e+01
1.399999999999999911e+00
7.199999946594238587e+00
4.399999994277954407e+00
3.399999977111816563e+00
9.200000015258789077e+00
4.399999994277954407e+00
1.199999999999999956e+00
7.199999977111816385e+00
9.399999977111816563e+00
3.139999993896484298e+01
7.599999977111816740e+00
2.800000003051757957e+01
2.620000003051757886e+01
9.000000015258789787e+00
1.119999997711181727e+01
3.399999999999999911e+00
6.599999977111816740e+00
5.599999977111816740e+00
1.800000000000000044e+00
1.039999995422363277e+01
3.200000007629394627e+00
1.959999989318847824e+01
5.799999977111816030e+00
6.199999977111816385e+00
3.399999994277953963e+00
6.999999946594238409e+00
7.000000007629394894e+00
7.599999977111816740e+00
6.399999977111816563e+00
1.539999997711181656e+01
6.399999977111816563e+00
3.339999987792968739e+01
9.400000007629394361e+00
1.540000001525878837e+01
7.800000015258788721e+00
1.199999998474121021e+01
2.280000003051757673e+01
4.600000007629394538e+00
1.839999992370605497e+01
4.400000007629394361e+00
8.599999988555907748e+00
2.760000003051757744e+01
7.799999984741210923e+00
1.259999997711181585e+01
7.600000007629394538e+00
5.399999988555908459e+00
7.599999954223632948e+00
1.360000000762939365e+01
1.059999998474121163e+01
7.999999988555908104e+00
1.059999998474121163e+01
6.999999977111816207e+00
1.139999998855590846e+01
4.999999994277954052e+00
1.079999995422363313e+01
9.799999984741210923e+00
4.799999994277953874e+00
2.419999992370605568e+01
4.000000007629394894e+00
1.099999994659423841e+01
8.200000007629395071e+00
9.199999988555907393e+00
5.599999999999999645e+00
1.499999997711181621e+01
1.599999997711181621e+01
1.879999996948242114e+01
1.059999994659423805e+01
9.199999977111817273e+00
9.200000007629395071e+00
9.399999977111816563e+00
9.599999984741211634e+00
1.059999994659423805e+01
9.200000015258789077e+00
9.800000015258788721e+00
8.600000015258789432e+00
8.400000007629394361e+00
9.599999977111815852e+00
8.799999988555908814e+00
9.399999984741210568e+00
9.599999977111815852e+00
8.999999977111816207e+00
9.400000015258788366e+00
8.800000007629394716e+00
7.800000007629394716e+00
1.099999994659423841e+01
1.039999994659423876e+01
1.179999994659423912e+01
9.000000015258789787e+00
1.179999998474121092e+01
1.080000001525878872e+01
1.140000000762939436e+01
9.999999946594238409e+00
1.160000000762939365e+01
1.040000000762939436e+01
1.000000000762939401e+01
9.800000007629394716e+00
1.099999997711181621e+01
1.059999997711181585e+01
1.159999998474121163e+01
1.299999992370605462e+01
1.059999994659423805e+01
1.180000001525878872e+01
1.200000001525878979e+01
1.239999998474121057e+01
1.559999992370605426e+01
1.459999989318847646e+01
1.979999992370605355e+01
1.279999997711181692e+01
1.219999989318847611e+01
1.259999995422363206e+01
1.340000001525878837e+01
1.340000001525878837e+01
1.319999989318847611e+01
1.500000000000000000e+01
1.339999995422363277e+01
1.279999995422363313e+01
1.339999992370605497e+01
1.359999997711181585e+01
1.279999994659423912e+01
1.399999994659423841e+01
1.359999994659423805e+01
1.719999989318847611e+01
1.339999989318847717e+01
1.480000001525878872e+01
1.459999998474121163e+01
1.539999998474121057e+01
1.519999994659423770e+01
1.379999989318847575e+01
1.379999992370605533e+01
1.519999998474121128e+01
1.519999998474121128e+01
1.719999994659423947e+01
1.679999989318847753e+01
1.479999994659423912e+01
1.759999989318847824e+01
1.639999989318847540e+01
1.679999998474121270e+01
1.779999992370605355e+01
1.679999995422363313e+01
1.699999986267089724e+01
1.719999994659423947e+01
1.519999995422363348e+01
1.719999999999999929e+01
1.459999995422363206e+01
1.659999998474120986e+01
1.720000003051757886e+01
2.159999996948242185e+01
1.859999992370605426e+01
1.759999984741211065e+01
1.859999996948242185e+01
2.239999995422363455e+01
1.859999986267089866e+01
1.919999995422363170e+01
2.099999998474121199e+01
1.800000001525878801e+01
1.859999994659423805e+01
1.920000003051757886e+01
2.119999986267090009e+01
2.159999993896484227e+01
1.959999990844726625e+01
2.099999995422363241e+01
2.160000003051757744e+01
2.039999986267089938e+01
1.859999986267089866e+01
2.059999989318847824e+01
1.859999990844726625e+01
2.300000000000000000e+01
1.900000003051757957e+01
1.959999986267089866e+01
2.379999986267089795e+01
2.280000000000000071e+01
2.299999993896484440e+01
2.319999999999999929e+01
2.380000000000000071e+01
2.079999995422363313e+01
2.239999989318847540e+01
2.059999996948242185e+01
2.179999986267089795e+01
2.279999989318847753e+01
2.179999986267089795e+01
2.339999987792968739e+01
2.140000001525879014e+01
2.220000003051757886e+01
2.400000000000000000e+01
