0.000000000000000000e+00
2.000000000000000111e-01
0.000000000000000000e+00
1.219999998474121128e+01
4.359999981689453108e+01
4.000000000000000222e-01
4.199999988555908281e+00
1.599999994277954141e+00
1.579999992370605533e+01
6.199999994277954229e+00
1.579999992370605533e+01
9.799999954223633125e+00
1.379999995422363313e+01
1.119999994659423770e+01
1.799999990844726483e+01
1.800000007629394494e+00
1.240000001525878837e+01
2.540000003051757815e+01
7.399999954223632770e+00
1.139999995422363277e+01
1.479999995422363313e+01
7.800000007629394716e+00
9.799999946594239120e+00
7.399999988555908459e+00
6.800000007629394716e+00
9.199999977111817273e+00
6.799999977111816030e+00
1.259999992370605426e+01
5.599999994277953697e+00
1.260000001525878943e+01
2.399999977111816563e+00
1.340000000762939436e+01
1.979999992370605355e+01
5.800000007629394716e+00
1.619999992370605568e+01
9.999999977111816207e+00
4.999999984741211101e+00
1.039999997711181656e+01
1.339999994659423876e+01
1.639999986267089938e+01
2.999999988555908104e+00
7.999999977111816207e+00
9.199999999999999289e+00
9.799999977111816918e+00
2.400000007629394361e+00
1.539999998474121057e+01
1.059999994659423805e+01
3.400000007629394361e+00
2.759999993896484227e+01
7.199999946594238587e+00
6.999999977111816207e+00
8.400000007629394361e+00
7.000000007629394894e+00
3.219999984741210852e+01
4.200000007629394183e+00
8.800000015258788721e+00
5.599999946594238054e+00
1.379999992370605533e+01
3.359999990844726625e+01
6.199999994277954229e+00
1.659999992370605426e+01
1.020000000762939507e+01
1.839999989318847540e+01
2.679999993896484511e+01
8.999999946594238409e+00
4.600000007629394538e+00
1.380000001525878872e+01
8.999999977111816207e+00
4.600000007629394538e+00
7.999999988555908104e+00
1.319999989318847611e+01
1.359999998474121163e+01
2.139999986267089938e+01
3.199999988555908281e+00
5.799999977111816030e+00
3.219999978637695648e+01
1.419999997711181727e+01
7.399999946594237876e+00
9.399999994277953519e+00
1.759999994659423805e+01
1.259999998474121163e+01
7.399999977111816563e+00
1.159999989318847646e+01
1.219999998474121128e+01
1.159999998474121163e+01
1.299999995422363241e+01
1.239999997711181656e+01
1.199999994659423841e+01
1.219999994659423770e+01
1.280000000762939472e+01
1.239999992370605497e+01
1.299999998474121021e+01
1.260000000762939365e+01
1.299999997711181621e+01
1.160000000762939365e+01
1.219999994659423770e+01
1.299999995422363241e+01
1.220000001525878908e+01
1.319999998474121128e+01
1.320000001525878908e+01
1.319999995422363348e+01
1.239999992370605497e+01
1.299999994659423841e+01
1.240000001525878837e+01
1.239999997711181656e+01
1.339999995422363277e+01
1.319999997711181727e+01
1.240000001525878837e+01
1.359999986267089866e+01
1.159999998855590775e+01
1.259999994659423805e+01
1.239999986267089760e+01
1.359999992370605426e+01
1.239999998474121057e+01
1.299999987792968703e+01
1.179999995422363313e+01
1.239999994659423876e+01
1.339999992370605497e+01
1.199999995422363241e+01
1.539999998474121057e+01
1.339999995422363277e+01
1.259999998474121163e+01
1.400000001525878979e+01
1.499999998474121021e+01
1.739999986267089938e+01
1.659999994659423805e+01
1.920000003051757886e+01
1.759999989318847824e+01
2.079999989318847753e+01
1.819999992370605568e+01
1.719999995422363170e+01
1.859999998474120986e+01
1.759999998474120986e+01
1.699999997711181621e+01
1.719999994659423947e+01
1.939999995422363455e+01
1.900000003051757957e+01
1.959999998474120986e+01
1.719999992370605568e+01
1.679999998474121270e+01
1.820000003051757886e+01
1.699999995422363241e+01
1.819999986267090009e+01
1.799999995422363241e+01
2.079999992370605355e+01
1.779999996948242114e+01
1.839999992370605497e+01
1.959999998474120986e+01
1.659999998474120986e+01
1.939999986267089938e+01
2.079999989318847753e+01
1.939999989318847540e+01
2.059999989318847824e+01
1.919999986267090009e+01
2.000000000000000000e+01
1.899999993896484440e+01
2.140000003051757815e+01
2.039999986267089938e+01
2.060000003051757744e+01
1.939999998474121057e+01
1.999999996948242043e+01
2.159999986267089866e+01
1.919999998474121128e+01
2.119999995422363170e+01
2.220000003051757886e+01
1.879999992370605355e+01
2.039999986267089938e+01
2.099999986267089724e+01
2.059999992370605426e+01
2.160000000000000142e+01
2.139999994659423876e+01
2.160000003051757744e+01
2.139999995422363455e+01
2.279999986267089795e+01
2.160000000000000142e+01
1.939999999999999858e+01
2.340000003051757815e+01
2.060000000000000142e+01
2.219999989318847611e+01
2.080000000000000071e+01
2.459999990844726625e+01
2.260000003051757744e+01
2.379999993896484511e+01
2.259999986267089866e+01
2.299999981689452966e+01
2.339999986267089938e+01
2.200000003051757957e+01
2.399999989318847682e+01
2.039999986267089938e+01
2.379999996948242114e+01
2.399999989318847682e+01
2.479999996948242114e+01
2.359999989318847824e+01
2.559999992370605426e+01
2.519999993896484369e+01
2.419999996948242327e+01
2.580000003051757673e+01
2.299999986267089724e+01
2.399999989318847682e+01
2.399999975585937406e+01
