0.000000000000000000e+00
0.000000000000000000e+00
0.000000000000000000e+00
2.319999999999999929e+01
0.000000000000000000e+00
9.999999885559082147e-01
1.199999999999999956e+00
7.400000007629394361e+00
2.600000000000000089e+00
8.000000000000000444e-01
2.999999988555908104e+00
2.859999984741211065e+01
1.959999992370605426e+01
4.599999977111816740e+00
1.199999998474121021e+01
1.179999995422363313e+01
3.599999988555908192e+00
1.060000001525878943e+01
1.299999998474121021e+01
1.159999989318847646e+01
6.199999946594238587e+00
2.560000000000000142e+01
1.219999997711181727e+01
9.800000007629394716e+00
3.599999994277954141e+00
6.599999988555908637e+00
3.199999988555908281e+00
1.920000003051757886e+01
6.599999988555908637e+00
9.400000015258788366e+00
8.199999946594237699e+00
3.819999990844726767e+01
2.519999987792968810e+01
1.499999986267089902e+01
2.480000000000000071e+01
1.339999989318847717e+01
7.599999977111816740e+00
1.860000000000000142e+01
5.800000007629394716e+00
1.119999994659423770e+01
5.599999988555908637e+00
1.179999997711181692e+01
2.819999992370605568e+01
5.799999988555907926e+00
5.600000007629394538e+00
1.479999992370605533e+01
8.199999977111817273e+00
5.399999988555908459e+00
7.200000007629394183e+00
1.219999994659423770e+01
8.799999984741210923e+00
9.199999984741211279e+00
1.340000000762939436e+01
1.860000003051757744e+01
1.119999997711181727e+01
1.339999994659423876e+01
6.599999946594238054e+00
9.000000007629394005e+00
5.799999977111816030e+00
5.000000000000000000e+00
1.399999998474121021e+01
9.000000015258789787e+00
1.159999995422363206e+01
6.399999988555908459e+00
4.999999977111816207e+00
1.480000001525878872e+01
1.159999992370605426e+01
2.199999986267089724e+01
9.199999946594237699e+00
8.799999946594239120e+00
1.099999998474121021e+01
7.199999946594238587e+00
9.399999946594238764e+00
1.220000003051757886e+01
7.799999977111816030e+00
2.319999996948242327e+01
1.740000003051757815e+01
1.939999994659423876e+01
1.439999995422363277e+01
1.399999992370605462e+01
1.359999989318847646e+01
8.799999984741210923e+00
1.279999995422363313e+01
1.099999994659423841e+01
1.279999995422363313e+01
1.259999992370605426e+01
1.140000001525878837e+01
1.319999997711181727e+01
1.180000000762939472e+01
1.279999995422363313e+01
1.379999994659423912e+01
1.139999992370605497e+01
1.259999994659423805e+01
1.279999992370605533e+01
1.160000000762939365e+01
1.259999994659423805e+01
9.800000007629394716e+00
1.260000001525878943e+01
1.259999995422363206e+01
1.180000003051757851e+01
1.639999992370605497e+01
1.659999995422363384e+01
1.699999995422363241e+01
1.559999997711181585e+01
1.679999992370605355e+01
1.600000003051757957e+01
1.579999998474121092e+01
1.840000003051757815e+01
1.539999994659423876e+01
1.479999994659423912e+01
1.499999997711181621e+01
1.499999992370605462e+01
1.679999995422363313e+01
1.559999992370605426e+01
1.699999994659423663e+01
1.819999986267090009e+01
1.720000003051757886e+01
1.839999989318847540e+01
1.859999998474120986e+01
1.759999998474120986e+01
2.099999998474121199e+01
2.200000000000000000e+01
2.279999987792968597e+01
1.599999997711181621e+01
1.599999992370605462e+01
1.600000001525878801e+01
1.699999998474121199e+01
1.580000000762939472e+01
1.499999992370605462e+01
1.679999986267089795e+01
1.660000003051757744e+01
1.559999992370605426e+01
1.639999995422363455e+01
1.560000001525878943e+01
1.539999996948242256e+01
1.539999995422363277e+01
1.559999994659423805e+01
1.579999989318847575e+01
1.679999992370605355e+01
1.659999989318847824e+01
1.639999986267089938e+01
1.700000003051757957e+01
1.659999989318847824e+01
1.680000001525878872e+01
1.699999989318847682e+01
1.680000001525878872e+01
1.539999992370605497e+01
1.659999986267089866e+01
1.580000000762939472e+01
1.580000003051757851e+01
1.680000001525878872e+01
1.560000001525878943e+01
1.659999993896484227e+01
1.739999998474121057e+01
1.639999986267089938e+01
1.579999993896484334e+01
1.680000000000000071e+01
1.619999992370605568e+01
1.699999986267089724e+01
1.539999986267089760e+01
1.639999992370605497e+01
1.619999989318847611e+01
1.499999992370605462e+01
1.599999995422363241e+01
1.699999992370605639e+01
1.720000003051757886e+01
1.739999987792968739e+01
1.779999995422363313e+01
1.760000000762939365e+01
1.680000001525878872e+01
1.639999992370605497e+01
1.819999995422363170e+01
1.640000000762939436e+01
1.739999989318847540e+01
1.879999989318847753e+01
2.019999992370605568e+01
1.759999998474120986e+01
1.940000003051757815e+01
1.739999986267089938e+01
1.479999998474121092e+01
1.719999995422363170e+01
1.619999992370605568e+01
2.020000001525878730e+01
1.679999995422363313e+01
1.659999998474120986e+01
1.779999992370605355e+01
1.659999989318847824e+01
1.859999998474120986e+01
1.719999996948242327e+01
1.859999998474120986e+01
1.779999995422363313e+01
1.939999992370605497e+01
1.879999995422363313e+01
1.619999989318847611e+01
1.700000003051757957e+01
1.639999989318847540e+01
1.859999997711181763e+01
1.839999999999999858e+01
2.079999990844726554e+01
1.919999989318847611e+01
