0.000000000000000000e+00
0.000000000000000000e+00
0.000000000000000000e+00
0.000000000000000000e+00
0.000000000000000000e+00
2.000000000000000111e-01
9.999999942779540518e-01
2.200000007629394627e+00
9.200000007629395071e+00
9.199999946594237699e+00
1.540000000762939436e+01
2.600000000000000089e+00
2.299999986267089724e+01
3.939999972534180017e+01
1.099999998474121021e+01
1.319999994659423770e+01
1.599999994277954141e+00
1.180000000762939472e+01
3.379999987792968597e+01
1.899999992370605639e+01
1.539999997711181656e+01
1.419999998855590739e+01
1.080000001525878872e+01
1.159999995422363206e+01
5.999999977111816207e+00
1.999999988555908104e+00
1.080000001525878872e+01
3.399999988555908015e+00
7.599999977111816740e+00
1.079999997711181692e+01
1.619999998474121128e+01
9.199999999999999289e+00
5.199999988555908281e+00
1.620000001525878730e+01
2.599999990844726483e+01
2.199999994277954229e+00
3.600000007629394538e+00
7.600000007629394538e+00
6.000000007629394894e+00
5.999999977111816207e+00
9.999999977111816207e+00
6.799999994277953874e+00
3.999999988555908104e+00
3.799999988555908370e+00
1.240000001525878837e+01
6.200000007629394183e+00
4.200000007629394183e+00
6.000000007629394894e+00
1.239999997711181656e+01
8.999999984741210213e+00
2.000000000000000000e+00
7.799999977111816030e+00
5.799999984741210923e+00
6.999999977111816207e+00
8.199999977111817273e+00
4.199999977111816385e+00
1.419999998474121128e+01
1.999999988555908104e+00
9.999999946594238409e+00
1.240000000762939436e+01
1.479999998474121092e+01
8.799999954223633125e+00
1.319999986267089831e+01
1.119999997711181727e+01
6.800000015258788721e+00
1.119999994659423770e+01
1.039999997711181656e+01
8.800000015258788721e+00
5.599999999999999645e+00
1.039999989318847717e+01
7.800000015258788721e+00
7.199999984741211279e+00
6.400000007629394361e+00
2.059999986267089866e+01
1.059999995422363206e+01
7.199999977111816385e+00
1.019999995422363348e+01
7.199999946594238587e+00
7.799999988555907926e+00
1.479999994659423912e+01
8.999999946594238409e+00
2.559999995422363384e+01
8.199999946594237699e+00
8.400000007629394361e+00
9.199999923706053906e+00
8.800000015258788721e+00
8.800000015258788721e+00
8.599999984741211634e+00
9.399999946594238764e+00
8.999999946594238409e+00
8.599999977111815852e+00
8.999999994277954940e+00
8.200000007629395071e+00
8.999999977111816207e+00
8.199999946594237699e+00
8.800000015258788721e+00
9.599999862670898665e+00
8.200000015258789077e+00
8.399999946594238764e+00
1.119999995422363348e+01
1.079999997711181692e+01
1.159999989318847646e+01
9.599999954223632059e+00
1.240000001525878837e+01
1.039999994659423876e+01
1.119999998474121128e+01
9.999999977111816207e+00
1.240000001525878837e+01
9.599999988555907748e+00
1.199999996948242220e+01
1.080000000762939472e+01
8.400000007629394361e+00
1.079999997711181692e+01
1.159999994659423805e+01
1.180000000762939472e+01
1.019999994659423770e+01
1.040000000762939436e+01
1.120000001525878908e+01
1.079999995422363313e+01
8.399999946594238764e+00
1.380000001525878872e+01
1.819999995422363170e+01
1.859999986267089866e+01
1.359999986267089866e+01
1.379999998474121092e+01
1.239999994659423876e+01
1.399999989318847682e+01
1.339999992370605497e+01
1.320000000762939507e+01
1.279999997711181692e+01
1.279999998474121092e+01
1.359999992370605426e+01
1.339999997711181656e+01
1.179999998855590881e+01
1.319999994659423770e+01
1.059999998855590775e+01
1.279999992370605533e+01
1.299999992370605462e+01
1.339999995422363277e+01
1.439999998474121057e+01
1.540000000762939436e+01
1.459999994659423805e+01
1.259999995422363206e+01
1.140000000762939436e+01
1.320000000762939507e+01
1.559999994659423805e+01
1.359999986267089866e+01
1.519999995422363348e+01
1.660000001525878943e+01
1.739999992370605497e+01
1.299999992370605462e+01
1.519999986267089831e+01
1.459999992370605426e+01
1.460000001525878943e+01
1.619999989318847611e+01
1.659999992370605426e+01
1.579999986267089795e+01
1.440000000762939436e+01
1.719999996948242327e+01
1.400000001525878979e+01
1.639999986267089938e+01
1.740000001525879014e+01
1.519999986267089831e+01
1.639999995422363455e+01
1.499999992370605462e+01
2.099999986267089724e+01
1.699999995422363241e+01
1.659999989318847824e+01
1.559999989318847646e+01
1.819999998474121128e+01
2.019999987792968810e+01
1.959999992370605426e+01
1.739999994659423876e+01
1.719999986267090009e+01
1.919999986267090009e+01
1.759999998474120986e+01
1.679999992370605355e+01
1.719999995422363170e+01
1.780000000000000071e+01
2.079999992370605355e+01
1.719999989318847611e+01
1.859999986267089866e+01
1.819999992370605568e+01
2.099999996948242043e+01
1.760000001525878943e+01
1.780000001525878872e+01
1.999999992370605639e+01
1.839999996948242256e+01
1.900000003051757957e+01
1.880000001525878872e+01
2.219999989318847611e+01
1.999999989318847682e+01
1.999999992370605639e+01
2.039999986267089938e+01
1.879999998474121270e+01
2.159999996948242185e+01
1.899999992370605639e+01
2.039999993896484298e+01
2.259999989318847824e+01
2.199999996948242043e+01
