0.000000000000000000e+00
3.799999999999999822e+00
0.000000000000000000e+00
0.000000000000000000e+00
1.780000001525878872e+01
2.000000000000000111e-01
2.799999994277954318e+00
1.260000001525878943e+01
5.999999999999999778e-01
0.000000000000000000e+00
8.000000000000000444e-01
8.000000000000000444e-01
1.699999995422363241e+01
7.399999977111816563e+00
8.000000000000000444e-01
1.799999994277954096e+00
0.000000000000000000e+00
1.600000000000000089e+00
2.999999988555908104e+00
3.200000000000000178e+00
1.360000001525878943e+01
5.200000007629394183e+00
5.199999988555908281e+00
2.979999996948242114e+01
1.600000000000000089e+00
3.399999988555908015e+00
1.020000001525878908e+01
1.979999995422363313e+01
5.399999977111816563e+00
3.999999977111816207e+00
1.800000000000000044e+00
4.999999977111816207e+00
1.619999994659423947e+01
8.999999946594238409e+00
8.999999946594238409e+00
6.799999977111816030e+00
6.400000007629394361e+00
7.200000000000000178e+00
1.639999992370605497e+01
1.599999994277954141e+00
1.699999992370605639e+01
3.399999994277953963e+00
6.799999977111816030e+00
1.259999998474121163e+01
5.199999988555908281e+00
7.799999988555907926e+00
5.399999988555908459e+00
7.199999946594238587e+00
1.079999997711181692e+01
1.619999994659423947e+01
9.399999946594238764e+00
7.000000015258788899e+00
1.040000000762939436e+01
1.919999989318847611e+01
2.999999994277954052e+00
7.800000007629394716e+00
7.799999994277953874e+00
1.640000001525879014e+01
7.599999999999999645e+00
1.779999992370605355e+01
1.779999986267089795e+01
8.400000007629394361e+00
1.060000001525878943e+01
3.959999975585937193e+01
5.399999988555908459e+00
3.019999996948242327e+01
1.000000000000000000e+00
1.779999995422363313e+01
1.999999992370605639e+01
7.999999977111816207e+00
3.039999989318847540e+01
9.600000007629393650e+00
8.000000007629394005e+00
9.199999923706053906e+00
8.800000015258788721e+00
1.139999995422363277e+01
9.799999946594239120e+00
1.119999998474121128e+01
5.400000007629394361e+00
1.359999998474121163e+01
6.199999977111816385e+00
8.600000015258789432e+00
1.039999998474121057e+01
9.799999984741210923e+00
1.119999995422363348e+01
1.139999998474121057e+01
1.079999995422363313e+01
9.599999954223632059e+00
9.999999984741210213e+00
1.079999998855590881e+01
1.079999997711181692e+01
9.799999984741210923e+00
1.139999997711181656e+01
1.079999994659423912e+01
1.099999995422363241e+01
1.059999994659423805e+01
1.139999995422363277e+01
1.120000001525878908e+01
1.059999994659423805e+01
1.059999994659423805e+01
1.159999997711181585e+01
1.379999994659423912e+01
1.139999994659423876e+01
1.220000001525878908e+01
1.240000001525878837e+01
1.219999989318847611e+01
1.319999997711181727e+01
1.019999989318847611e+01
1.099999992370605462e+01
1.380000001525878872e+01
1.380000001525878872e+01
1.239999994659423876e+01
1.259999998474121163e+01
1.380000001525878872e+01
1.119999998474121128e+01
1.319999986267089831e+01
1.240000003051757815e+01
1.419999995422363348e+01
1.379999994659423912e+01
1.320000001525878908e+01
1.319999998474121128e+01
1.480000001525878872e+01
1.739999986267089938e+01
2.260000000000000142e+01
1.759999986267089866e+01
1.759999998474120986e+01
1.839999995422363455e+01
1.739999995422363455e+01
1.699999986267089724e+01
1.779999995422363313e+01
1.679999992370605355e+01
1.839999995422363455e+01
1.780000003051757673e+01
1.839999995422363455e+01
1.759999996948242185e+01
1.740000001525879014e+01
1.819999989318847611e+01
1.719999998474121128e+01
1.839999986267089938e+01
1.920000003051757886e+01
1.919999996948242327e+01
1.779999992370605355e+01
1.819999992370605568e+01
1.799999992370605639e+01
1.979999989318847753e+01
1.899999989318847682e+01
1.759999992370605426e+01
1.939999995422363455e+01
1.939999986267089938e+01
1.900000001525878801e+01
2.079999986267089795e+01
2.019999992370605568e+01
2.119999986267090009e+01
2.019999992370605568e+01
1.980000003051757673e+01
2.019999992370605568e+01
1.919999997711181550e+01
2.019999986267090009e+01
2.060000000000000142e+01
1.939999998474121057e+01
2.019999992370605568e+01
2.119999999999999929e+01
2.099999994659423663e+01
2.060000000000000142e+01
1.920000003051757886e+01
2.059999995422363384e+01
1.999999995422363241e+01
2.059999992370605426e+01
2.319999999999999929e+01
1.939999992370605497e+01
2.159999986267089866e+01
2.219999996948242327e+01
2.239999986267089938e+01
2.400000003051757957e+01
2.380000000000000071e+01
1.959999992370605426e+01
2.159999998474120986e+01
2.259999993896484227e+01
2.360000000000000142e+01
2.340000001525879014e+01
2.399999984741210923e+01
2.439999986267089938e+01
2.480000003051757673e+01
2.399999993896484440e+01
2.419999981689453250e+01
2.279999987792968597e+01
2.500000000000000000e+01
2.499999986267089724e+01
2.480000003051757673e+01
2.300000003051757957e+01
2.440000003051757815e+01
2.519999996948242327e+01
2.460000003051757744e+01
2.499999986267089724e+01
2.580000003051757673e+01
2.640000003051757815e+01
2.719999981689453250e+01
2.759999975585937548e+01
2.599999987792968881e+01
2.879999990844726554e+01
