0.000000000000000000e+00
0.000000000000000000e+00
2.239999995422363455e+01
5.600000007629394538e+00
5.179999996948242114e+01
0.000000000000000000e+00
0.000000000000000000e+00
8.999999923706054616e+00
8.599999977111815852e+00
1.999999942779540907e-01
7.999999942779540962e-01
3.499999978637695364e+01
3.600000000000000089e+00
1.220000001525878908e+01
1.599999994277954141e+00
2.200000000000000178e+00
4.799999988555907926e+00
1.079999997711181692e+01
2.199999994277954229e+00
4.800000007629394716e+00
1.799999994277954096e+00
1.479999996948242114e+01
1.120000000762939507e+01
7.399999977111816563e+00
6.000000007629394894e+00
1.099999998474121021e+01
7.799999988555907926e+00
1.319999998474121128e+01
1.880000003051757673e+01
5.799999946594238232e+00
2.200000000000000178e+00
2.379999992370605355e+01
1.319999989318847611e+01
6.800000007629394716e+00
9.199999946594237699e+00
1.059999997711181585e+01
7.799999977111816030e+00
4.999999969482421847e+01
3.400000007629394361e+00
9.400000007629394361e+00
7.000000007629394894e+00
1.259999998474121163e+01
1.079999995422363313e+01
3.399999994277953963e+00
1.039999998855590846e+01
7.599999988555908637e+00
6.599999988555908637e+00
8.999999954223632415e+00
8.199999946594237699e+00
1.800000000000000044e+00
1.599999992370605462e+01
2.080000003051757673e+01
5.399999977111816563e+00
8.999999954223632415e+00
4.399999988555908459e+00
4.599999988555908637e+00
6.399999977111816563e+00
7.599999988555908637e+00
1.119999998474121128e+01
6.799999946594238232e+00
1.119999994659423770e+01
1.739999998474121057e+01
1.399999992370605462e+01
7.000000000000000000e+00
1.459999995422363206e+01
8.399999946594238764e+00
6.600000007629394538e+00
1.459999998474121163e+01
1.419999997711181727e+01
2.379999986267089795e+01
1.040000000762939436e+01
6.799999988555907926e+00
6.800000015258788721e+00
7.400000007629394361e+00
1.659999986267089866e+01
6.000000007629394894e+00
1.360000000762939365e+01
8.399999988555908459e+00
6.200000007629394183e+00
1.359999989318847646e+01
1.359999995422363206e+01
4.599999988555908637e+00
1.300000001525878979e+01
1.079999997711181692e+01
9.999999984741210213e+00
1.159999992370605426e+01
1.159999997711181585e+01
1.079999994659423912e+01
1.120000001525878908e+01
1.139999995422363277e+01
1.319999995422363348e+01
1.259999995422363206e+01
1.199999994659423841e+01
1.199999998855590810e+01
1.279999998474121092e+01
1.160000001525878943e+01
1.259999997711181585e+01
1.160000001525878943e+01
1.219999995422363348e+01
1.100000001525878979e+01
1.199999992370605462e+01
1.239999997711181656e+01
1.200000000762939401e+01
1.240000001525878837e+01
9.999999946594238409e+00
1.179999998855590881e+01
1.139999997711181656e+01
1.000000001525878979e+01
1.139999998474121057e+01
1.039999995422363277e+01
1.219999995422363348e+01
1.000000000762939401e+01
1.079999997711181692e+01
1.140000001525878837e+01
1.039999997711181656e+01
1.139999998474121057e+01
1.119999994659423770e+01
1.199999998474121021e+01
1.219999998474121128e+01
1.399999997711181621e+01
1.100000001525878979e+01
1.199999998474121021e+01
1.179999994659423912e+01
1.379999998474121092e+01
1.419999998474121128e+01
1.460000003051757744e+01
1.379999995422363313e+01
1.479999989318847575e+01
1.479999989318847575e+01
1.539999995422363277e+01
1.579999992370605533e+01
1.479999992370605533e+01
1.619999995422363170e+01
1.559999998855590775e+01
1.600000001525878801e+01
1.519999995422363348e+01
1.659999986267089866e+01
1.640000003051757815e+01
1.599999989318847682e+01
1.639999999999999858e+01
1.519999989318847611e+01
1.700000003051757957e+01
1.559999997711181585e+01
1.719999992370605568e+01
1.679999998474121270e+01
1.659999986267089866e+01
1.799999989318847682e+01
1.579999997711181692e+01
1.899999989318847682e+01
1.759999998474120986e+01
1.560000001525878943e+01
1.759999989318847824e+01
1.639999992370605497e+01
1.739999992370605497e+01
1.660000003051757744e+01
1.679999997711181692e+01
1.699999998474121199e+01
1.579999995422363313e+01
1.799999992370605639e+01
1.859999989318847824e+01
1.819999996948242327e+01
1.699999992370605639e+01
1.639999989318847540e+01
1.779999995422363313e+01
1.719999996948242327e+01
1.860000003051757744e+01
1.679999995422363313e+01
1.699999992370605639e+01
1.659999992370605426e+01
1.819999992370605568e+01
1.839999989318847540e+01
1.899999986267089724e+01
1.819999992370605568e+01
1.879999992370605355e+01
1.780000000000000071e+01
2.019999990844726412e+01
1.999999986267089724e+01
1.899999995422363241e+01
1.719999999999999929e+01
1.880000000000000071e+01
1.719999986267090009e+01
1.879999986267089795e+01
2.079999996948242114e+01
2.039999989318847540e+01
1.979999992370605355e+01
1.979999992370605355e+01
2.039999995422363455e+01
2.019999992370605568e+01
1.899999998474121199e+01
1.999999995422363241e+01
2.019999995422363170e+01
1.939999995422363455e+01
2.080000003051757673e+01
1.899999995422363241e+01
1.979999986267089795e+01
2.160000003051757744e+01
1.999999995422363241e+01
2.319999996948242327e+01
2.279999987792968597e+01
1.999999996948242043e+01
