0.000000000000000000e+00
5.999999885559081925e-01
0.000000000000000000e+00
4.139999972534180017e+01
5.999999942779541406e-01
1.999999994277954052e+00
2.000000000000000111e-01
3.739999975585937619e+01
3.799999977111816474e+00
3.199999988555908281e+00
1.639999992370605497e+01
2.399999999999999911e+00
1.199999999999999956e+00
5.599999988555908637e+00
4.399999988555908459e+00
2.799999994277954318e+00
1.199999988555908281e+00
5.799999988555907926e+00
5.199999977111816385e+00
1.099999994659423841e+01
2.419999986267090009e+01
9.399999984741210568e+00
2.799999994277954318e+00
1.260000001525878943e+01
5.600000007629394538e+00
8.999999984741210213e+00
8.999999984741210213e+00
2.079999992370605355e+01
3.399999994277953963e+00
7.399999946594237876e+00
1.399999999999999911e+00
3.199999988555908281e+00
2.000000000000000000e+00
1.299999995422363241e+01
8.199999946594237699e+00
6.000000007629394894e+00
4.800000007629394716e+00
5.600000007629394538e+00
1.139999998855590846e+01
6.199999988555908281e+00
1.460000001525878943e+01
8.200000007629395071e+00
1.039999997711181656e+01
7.199999994277954229e+00
8.800000015258788721e+00
1.060000001525878943e+01
1.819999992370605568e+01
1.260000001525878943e+01
1.139999994659423876e+01
1.599999994277954141e+00
5.799999946594238232e+00
7.199999994277954229e+00
2.799999988555908370e+00
2.459999993896484227e+01
2.600000003051757957e+01
1.420000001525878908e+01
1.540000000762939436e+01
6.799999977111816030e+00
1.279999997711181692e+01
8.799999977111816918e+00
8.200000007629395071e+00
1.199999998474121021e+01
2.019999989318847611e+01
1.279999994659423912e+01
8.199999977111817273e+00
8.599999946594238054e+00
7.999999977111816207e+00
6.400000007629394361e+00
8.199999977111817273e+00
1.340000001525878837e+01
6.799999977111816030e+00
1.760000001525878943e+01
2.399999988555908015e+00
6.599999977111816740e+00
1.399999994659423841e+01
6.199999977111816385e+00
2.819999987792968810e+01
4.799999988555907926e+00
1.219999994659423770e+01
8.199999977111817273e+00
2.019999992370605568e+01
7.999999954223632415e+00
1.019999994659423770e+01
8.600000015258789432e+00
8.999999977111816207e+00
7.999999946594238409e+00
8.400000007629394361e+00
8.199999946594237699e+00
8.000000007629394005e+00
7.399999977111816563e+00
8.799999988555908814e+00
7.799999946594238232e+00
7.999999946594238409e+00
8.200000007629395071e+00
7.799999994277953874e+00
8.799999946594239120e+00
8.199999988555907393e+00
8.599999946594238054e+00
6.999999946594238409e+00
8.799999954223633125e+00
8.399999977111816563e+00
7.799999988555907926e+00
6.999999946594238409e+00
8.999999946594238409e+00
8.199999977111817273e+00
8.399999988555908459e+00
7.999999977111816207e+00
9.399999984741210568e+00
9.199999977111817273e+00
9.199999923706053906e+00
8.799999977111816918e+00
8.800000015258788721e+00
8.200000007629395071e+00
9.599999977111815852e+00
8.799999977111816918e+00
9.400000030517578153e+00
8.199999977111817273e+00
9.799999977111816918e+00
8.199999923706053906e+00
8.799999988555908814e+00
9.400000015258788366e+00
9.600000007629393650e+00
1.040000001525878837e+01
1.179999992370605533e+01
1.079999994659423912e+01
1.220000000762939507e+01
1.180000000762939472e+01
1.199999998474121021e+01
1.299999995422363241e+01
1.179999998474121092e+01
1.320000001525878908e+01
1.279999992370605533e+01
1.219999995422363348e+01
1.379999998474121092e+01
1.259999997711181585e+01
1.319999997711181727e+01
1.299999994659423841e+01
1.279999998474121092e+01
1.380000001525878872e+01
1.419999998474121128e+01
1.560000003051757744e+01
1.419999997711181727e+01
1.299999995422363241e+01
1.239999986267089760e+01
1.320000001525878908e+01
1.339999998474121057e+01
1.439999992370605497e+01
1.339999994659423876e+01
1.459999994659423805e+01
1.339999992370605497e+01
1.379999989318847575e+01
1.399999995422363241e+01
1.379999995422363313e+01
1.439999995422363277e+01
1.459999989318847646e+01
1.619999986267090009e+01
1.579999989318847575e+01
1.519999986267089831e+01
1.479999998474121092e+01
1.419999989318847611e+01
1.379999998474121092e+01
1.540000001525878837e+01
1.499999992370605462e+01
1.420000001525878908e+01
1.580000003051757851e+01
1.599999999427795494e+01
1.719999989318847611e+01
1.499999992370605462e+01
1.459999998474121163e+01
1.499999995422363241e+01
1.539999994659423876e+01
1.679999994659423734e+01
1.379999994659423912e+01
1.619999992370605568e+01
1.640000003051757815e+01
1.739999998474121057e+01
1.740000000762939436e+01
1.599999992370605462e+01
1.679999986267089795e+01
1.679999998855590704e+01
1.759999986267089866e+01
1.699999997711181621e+01
1.799999995422363241e+01
1.739999999999999858e+01
1.799999992370605639e+01
1.679999992370605355e+01
1.859999996948242185e+01
1.439999998474121057e+01
1.760000003051757744e+01
1.859999986267089866e+01
1.579999994659423912e+01
1.839999995422363455e+01
1.859999990844726625e+01
1.779999995422363313e+01
1.819999989318847611e+01
1.919999992370605568e+01
1.999999993896484440e+01
1.820000001525878730e+01
1.919999995422363170e+01
1.579999997711181692e+01
