0.000000000000000000e+00
1.079999994659423912e+01
0.000000000000000000e+00
3.999999942779540740e-01
0.000000000000000000e+00
7.800000007629394716e+00
5.459999996948242540e+01
3.039999972534179662e+01
0.000000000000000000e+00
2.000000000000000111e-01
7.999999977111816207e+00
2.799999999999999822e+00
1.860000003051757744e+01
0.000000000000000000e+00
5.999999999999999778e-01
4.599999977111816740e+00
1.620000001525878730e+01
8.199999984741211279e+00
4.999999977111816207e+00
1.120000001525878908e+01
1.799999994277954096e+00
1.279999995422363313e+01
3.999999994277954052e+00
1.539999998474121057e+01
4.600000015258789432e+00
5.199999988555908281e+00
4.599999994277953697e+00
2.239999998474121057e+01
1.399999988555908237e+00
9.199999946594237699e+00
4.800000007629394716e+00
2.059999986267089866e+01
1.479999989318847575e+01
7.000000000000000000e+00
1.539999994659423876e+01
4.600000007629394538e+00
9.600000015258789432e+00
5.799999977111816030e+00
1.440000001525878837e+01
1.279999995422363313e+01
3.799999977111816474e+00
6.599999977111816740e+00
1.559999986267089866e+01
7.200000015258789077e+00
3.600000000000000089e+00
5.999999946594238409e+00
8.199999977111817273e+00
5.199999988555908281e+00
4.999999988555908104e+00
1.639999999999999858e+01
7.599999988555908637e+00
7.000000007629394894e+00
5.600000007629394538e+00
1.040000001525878837e+01
1.240000001525878837e+01
1.239999998474121057e+01
7.399999946594237876e+00
5.199999994277954229e+00
1.259999997711181585e+01
1.259999995422363206e+01
7.999999977111816207e+00
1.219999989318847611e+01
1.159999995422363206e+01
1.139999994659423876e+01
2.399999994277953963e+00
9.000000015258789787e+00
9.999999977111816207e+00
7.599999977111816740e+00
7.799999994277953874e+00
9.600000015258789432e+00
1.159999998474121163e+01
1.319999998474121128e+01
7.799999988555907926e+00
1.319999998474121128e+01
5.799999977111816030e+00
6.400000007629394361e+00
1.179999995422363313e+01
7.999999977111816207e+00
1.180000000762939472e+01
1.260000001525878943e+01
1.259999989318847646e+01
1.020000001525878908e+01
9.999999988555908104e+00
8.600000007629393650e+00
8.999999988555908104e+00
9.000000007629394005e+00
1.059999997711181585e+01
9.999999977111816207e+00
8.999999994277954940e+00
9.599999946594238054e+00
9.999999946594238409e+00
9.599999988555907748e+00
9.600000007629393650e+00
8.400000007629394361e+00
9.399999977111816563e+00
9.399999946594238764e+00
8.599999946594238054e+00
9.199999984741211279e+00
9.600000015258789432e+00
8.999999977111816207e+00
9.199999988555907393e+00
9.600000015258789432e+00
9.400000015258788366e+00
8.999999977111816207e+00
8.999999977111816207e+00
9.400000015258788366e+00
9.199999946594237699e+00
9.999999946594238409e+00
1.100000001525878979e+01
1.079999994659423912e+01
8.999999988555908104e+00
8.799999954223633125e+00
1.039999998474121057e+01
9.199999946594237699e+00
8.799999946594239120e+00
9.599999946594238054e+00
1.060000001525878943e+01
9.799999994277953874e+00
1.040000001525878837e+01
9.600000015258789432e+00
1.039999997711181656e+01
1.100000001525878979e+01
1.079999994659423912e+01
1.280000001525878872e+01
1.199999995422363241e+01
1.300000001525878979e+01
1.240000003051757815e+01
1.419999996948242149e+01
1.319999994659423770e+01
1.279999995422363313e+01
1.319999994659423770e+01
1.439999992370605497e+01
1.380000001525878872e+01
1.300000000762939401e+01
1.279999994659423912e+01
1.300000001525878979e+01
1.319999994659423770e+01
1.319999995422363348e+01
1.319999998474121128e+01
1.419999989318847611e+01
1.359999994659423805e+01
1.299999994659423841e+01
1.439999995422363277e+01
1.360000001525878943e+01
1.340000001525878837e+01
1.459999992370605426e+01
1.399999992370605462e+01
1.479999986267089795e+01
1.459999989318847646e+01
1.480000001525878872e+01
1.459999989318847646e+01
1.499999995422363241e+01
1.400000001525878979e+01
1.539999998474121057e+01
1.559999989318847646e+01
1.659999994659423805e+01
1.499999995422363241e+01
1.599999992370605462e+01
1.439999998474121057e+01
1.559999999999999964e+01
1.679999986267089795e+01
1.400000003051757780e+01
1.599999998474121021e+01
1.519999992370605391e+01
1.659999986267089866e+01
1.719999989318847611e+01
1.619999995422363170e+01
1.699999992370605639e+01
1.739999999999999858e+01
1.579999998474121092e+01
1.499999995422363241e+01
1.679999995422363313e+01
1.679999992370605355e+01
1.739999990844726696e+01
1.519999992370605391e+01
1.679999998474121270e+01
1.819999998474121128e+01
1.679999986267089795e+01
1.720000001525878730e+01
1.700000001525878801e+01
1.679999992370605355e+01
1.819999998474121128e+01
1.639999992370605497e+01
1.820000003051757886e+01
1.699999997711181621e+01
1.780000001525878872e+01
1.859999998474120986e+01
1.820000003051757886e+01
1.759999986267089866e+01
1.699999997711181621e+01
1.939999999999999858e+01
1.759999989318847824e+01
1.980000003051757673e+01
1.779999989318847753e+01
1.760000000000000142e+01
2.019999998474121128e+01
1.880000003051757673e+01
1.719999992370605568e+01
2.059999986267089866e+01
1.759999995422363384e+01
