0.000000000000000000e+00
3.900000003051757602e+01
0.000000000000000000e+00
0.000000000000000000e+00
7.600000007629394538e+00
1.300000001525878979e+01
2.599999988555908192e+00
2.000000000000000111e-01
7.999999942779540962e-01
1.000000000000000000e+00
2.799999999999999822e+00
3.399999986267089724e+01
2.000000000000000111e-01
3.600000000000000089e+00
2.460000003051757744e+01
7.400000015258789254e+00
2.000000000000000111e-01
3.400000007629394361e+00
1.060000001525878943e+01
7.399999977111816563e+00
1.519999992370605391e+01
9.199999946594237699e+00
4.399999994277954407e+00
1.079999998474121092e+01
2.000000000000000111e-01
9.399999984741210568e+00
1.379999998474121092e+01
3.599999988555908192e+00
2.079999986267089795e+01
4.000000007629394894e+00
1.800000000000000044e+00
9.400000015258788366e+00
5.400000015258789254e+00
1.199999992370605462e+01
1.559999992370605426e+01
8.799999977111816918e+00
2.799999996948242043e+01
5.000000000000000000e+00
6.199999977111816385e+00
1.299999989318847682e+01
1.039999998855590846e+01
1.339999998474121057e+01
3.159999981689453108e+01
4.800000007629394716e+00
2.299999996948242043e+01
1.699999994659423663e+01
1.779999986267089795e+01
6.200000007629394183e+00
5.799999977111816030e+00
7.400000007629394361e+00
1.519999989318847611e+01
1.060000001525878943e+01
5.400000000000000355e+00
9.399999977111816563e+00
5.000000007629394894e+00
1.879999989318847753e+01
9.400000015258788366e+00
6.399999946594237876e+00
3.199999994277954229e+00
1.579999998474121092e+01
2.459999989318847824e+01
1.019999994659423770e+01
7.599999946594238054e+00
1.480000001525878872e+01
1.279999997711181692e+01
1.519999989318847611e+01
6.200000007629394183e+00
4.999999994277954052e+00
2.139999996948242256e+01
4.000000000000000000e+00
8.199999977111817273e+00
4.999999977111816207e+00
1.500000000762939401e+01
2.399999994277953963e+00
4.199999977111816385e+00
1.699999992370605639e+01
8.999999954223632415e+00
1.659999995422363384e+01
1.599999989318847682e+01
4.599999988555908637e+00
1.060000000762939365e+01
6.200000007629394183e+00
8.599999988555907748e+00
7.399999988555908459e+00
8.999999954223632415e+00
8.399999977111816563e+00
7.800000007629394716e+00
9.199999977111817273e+00
7.999999946594238409e+00
8.599999977111815852e+00
9.399999946594238764e+00
8.400000007629394361e+00
8.399999946594238764e+00
8.999999984741210213e+00
7.799999988555907926e+00
9.199999946594237699e+00
7.199999977111816385e+00
8.999999946594238409e+00
9.200000015258789077e+00
8.600000015258789432e+00
8.600000007629393650e+00
7.999999994277954052e+00
8.000000007629394005e+00
8.599999946594238054e+00
8.799999988555908814e+00
8.199999946594237699e+00
9.399999988555908459e+00
7.199999994277954229e+00
1.060000001525878943e+01
7.399999923706054972e+00
8.000000000000000000e+00
8.800000007629394716e+00
7.599999946594238054e+00
8.999999977111816207e+00
9.200000007629395071e+00
8.599999977111815852e+00
7.999999946594238409e+00
9.999999923706054616e+00
9.399999946594238764e+00
9.399999954223632770e+00
9.999999946594238409e+00
1.239999994659423876e+01
1.219999992370605391e+01
1.539999995422363277e+01
1.579999995422363313e+01
1.679999986267089795e+01
1.439999995422363277e+01
1.579999998474121092e+01
1.359999989318847646e+01
1.439999995422363277e+01
1.519999995422363348e+01
1.560000003051757744e+01
1.479999994659423912e+01
1.460000001525878943e+01
1.539999989318847717e+01
1.439999998474121057e+01
1.499999995422363241e+01
1.439999992370605497e+01
1.379999994659423912e+01
1.439999994659423876e+01
1.539999992370605497e+01
1.519999989318847611e+01
1.419999989318847611e+01
1.519999986267089831e+01
1.419999998474121128e+01
1.439999994659423876e+01
1.419999998474121128e+01
1.460000003051757744e+01
1.599999989318847682e+01
1.519999994659423770e+01
1.439999992370605497e+01
1.560000001525878943e+01
1.539999989318847717e+01
1.500000000000000000e+01
1.579999995422363313e+01
1.459999994659423805e+01
1.479999995422363313e+01
1.859999986267089866e+01
1.680000001525878872e+01
1.479999998474121092e+01
1.639999986267089938e+01
1.640000001525879014e+01
1.579999995422363313e+01
1.660000001525878943e+01
1.759999992370605426e+01
1.839999989318847540e+01
1.659999995422363384e+01
1.639999995422363455e+01
1.619999989318847611e+01
1.759999994659423805e+01
1.600000001525878801e+01
1.680000001525878872e+01
1.699999992370605639e+01
1.699999998474121199e+01
1.759999994659423805e+01
1.799999986267089724e+01
1.499999998474121021e+01
1.859999989318847824e+01
1.739999995422363455e+01
1.840000001525879014e+01
1.579999992370605533e+01
1.579999994659423912e+01
2.000000000000000000e+01
1.779999998474121270e+01
1.780000001525878872e+01
1.879999992370605355e+01
1.960000003051757744e+01
1.860000001525878943e+01
1.859999995422363384e+01
1.879999996948242114e+01
1.699999992370605639e+01
1.920000003051757886e+01
1.799999995422363241e+01
1.920000001525878730e+01
1.739999986267089938e+01
1.639999995422363455e+01
2.119999992370605568e+01
2.299999992370605639e+01
1.899999986267089724e+01
1.879999993896484511e+01
