0.000000000000000000e+00
0.000000000000000000e+00
0.000000000000000000e+00
0.000000000000000000e+00
0.000000000000000000e+00
7.799999999999999822e+00
8.400000000000000355e+00
1.130000000000000071e+01
1.269999999999999929e+01
1.180000000000000071e+01
1.269999999999999929e+01
1.140000000000000036e+01
1.140000000000000036e+01
1.190000000000000036e+01
1.159999999999999964e+01
1.140000000000000036e+01
1.209999999999999964e+01
1.159999999999999964e+01
1.159999999999999964e+01
1.159999999999999964e+01
1.130000000000000071e+01
1.140000000000000036e+01
1.150000000000000000e+01
1.140000000000000036e+01
1.140000000000000036e+01
1.150000000000000000e+01
1.180000000000000071e+01
1.150000000000000000e+01
1.150000000000000000e+01
1.150000000000000000e+01
1.169999999999999929e+01
1.159999999999999964e+01
1.159999999999999964e+01
1.169999999999999929e+01
1.140000000000000036e+01
1.140000000000000036e+01
1.140000000000000036e+01
1.159999999999999964e+01
1.130000000000000071e+01
1.140000000000000036e+01
1.150000000000000000e+01
1.150000000000000000e+01
1.140000000000000036e+01
1.130000000000000071e+01
1.109999999999999964e+01
1.150000000000000000e+01
1.140000000000000036e+01
1.130000000000000071e+01
1.150000000000000000e+01
1.150000000000000000e+01
1.159999999999999964e+01
1.169999999999999929e+01
1.109999999999999964e+01
1.150000000000000000e+01
1.109999999999999964e+01
1.150000000000000000e+01
1.130000000000000071e+01
1.119999999999999929e+01
1.150000000000000000e+01
1.130000000000000071e+01
1.150000000000000000e+01
1.140000000000000036e+01
1.119999999999999929e+01
1.130000000000000071e+01
1.140000000000000036e+01
1.150000000000000000e+01
1.140000000000000036e+01
1.150000000000000000e+01
1.130000000000000071e+01
1.150000000000000000e+01
1.140000000000000036e+01
1.159999999999999964e+01
1.150000000000000000e+01
1.150000000000000000e+01
1.130000000000000071e+01
1.150000000000000000e+01
1.150000000000000000e+01
1.150000000000000000e+01
1.150000000000000000e+01
1.150000000000000000e+01
1.150000000000000000e+01
1.150000000000000000e+01
1.150000000000000000e+01
1.150000000000000000e+01
1.150000000000000000e+01
1.150000000000000000e+01
1.150000000000000000e+01
1.150000000000000000e+01
1.150000000000000000e+01
1.150000000000000000e+01
1.150000000000000000e+01
1.150000000000000000e+01
1.150000000000000000e+01
1.150000000000000000e+01
1.150000000000000000e+01
1.150000000000000000e+01
1.169999999999999929e+01
1.209999999999999964e+01
1.190000000000000036e+01
1.190000000000000036e+01
1.919999999999999929e+01
1.600000000000000000e+01
2.260000000000000142e+01
1.639999999999999858e+01
1.889999999999999858e+01
1.459999999999999964e+01
1.900000000000000000e+01
1.580000000000000071e+01
1.880000000000000071e+01
1.480000000000000071e+01
1.910000000000000142e+01
1.400000000000000000e+01
1.939999999999999858e+01
1.500000000000000000e+01
1.710000000000000142e+01
1.630000000000000071e+01
1.739999999999999858e+01
1.400000000000000000e+01
1.830000000000000071e+01
1.559999999999999964e+01
1.769999999999999929e+01
1.459999999999999964e+01
2.010000000000000142e+01
1.419999999999999929e+01
1.509999999999999964e+01
1.550000000000000000e+01
1.559999999999999964e+01
1.450000000000000000e+01
1.569999999999999929e+01
1.500000000000000000e+01
1.630000000000000071e+01
1.480000000000000071e+01
1.590000000000000036e+01
1.500000000000000000e+01
1.580000000000000071e+01
1.500000000000000000e+01
1.550000000000000000e+01
1.459999999999999964e+01
1.559999999999999964e+01
1.480000000000000071e+01
1.550000000000000000e+01
1.450000000000000000e+01
1.559999999999999964e+01
1.490000000000000036e+01
1.559999999999999964e+01
1.490000000000000036e+01
1.569999999999999929e+01
1.480000000000000071e+01
1.500000000000000000e+01
1.519999999999999929e+01
1.550000000000000000e+01
1.490000000000000036e+01
1.530000000000000071e+01
1.440000000000000036e+01
1.580000000000000071e+01
1.480000000000000071e+01
1.600000000000000000e+01
1.459999999999999964e+01
1.619999999999999929e+01
1.519999999999999929e+01
1.630000000000000071e+01
1.440000000000000036e+01
1.559999999999999964e+01
1.459999999999999964e+01
1.569999999999999929e+01
1.490000000000000036e+01
1.509999999999999964e+01
1.519999999999999929e+01
1.550000000000000000e+01
1.440000000000000036e+01
1.569999999999999929e+01
1.440000000000000036e+01
1.600000000000000000e+01
1.469999999999999929e+01
1.519999999999999929e+01
1.440000000000000036e+01
1.580000000000000071e+01
1.480000000000000071e+01
1.519999999999999929e+01
1.509999999999999964e+01
1.509999999999999964e+01
1.509999999999999964e+01
1.580000000000000071e+01
1.519999999999999929e+01
1.600000000000000000e+01
1.469999999999999929e+01
1.500000000000000000e+01
1.450000000000000000e+01
1.530000000000000071e+01
1.469999999999999929e+01
1.509999999999999964e+01
1.469999999999999929e+01
1.509999999999999964e+01
1.490000000000000036e+01
1.550000000000000000e+01
1.459999999999999964e+01
1.540000000000000036e+01
1.450000000000000000e+01
1.519999999999999929e+01
1.469999999999999929e+01
