8.700000006103515204e+01
8.379999951171875239e+01
9.520000006103515489e+01
9.739999963378906500e+01
1.000000000000000000e+02
9.940000000000000568e+01
9.440000012207030977e+01
9.800000000000000000e+01
9.900000006103515204e+01
7.879999945068360034e+01
9.540000006103515773e+01
1.000000000000000000e+02
8.619999938964843977e+01
1.000000000000000000e+02
9.979999999999999716e+01
9.099999938964843693e+01
9.920000000000000284e+01
9.979999999999999716e+01
9.779999963378905647e+01
8.699999981689452966e+01
9.979999999999999716e+01
9.660000012207031261e+01
9.660000006103516057e+01
9.800000000000000000e+01
9.659999963378906784e+01
9.820000006103515489e+01
9.779999963378905647e+01
9.319999969482421420e+01
1.000000000000000000e+02
9.360000006103516057e+01
1.000000000000000000e+02
7.999999945068358898e+01
1.000000000000000000e+02
9.339999969482421704e+01
9.739999963378906500e+01
1.000000000000000000e+02
1.000000000000000000e+02
9.959999999999999432e+01
9.779999963378905647e+01
1.000000000000000000e+02
9.940000000000000568e+01
1.000000000000000000e+02
1.000000000000000000e+02
9.979999999999999716e+01
9.120000006103515489e+01
9.959999999999999432e+01
9.979999999999999716e+01
1.000000000000000000e+02
9.959999999999999432e+01
9.420000006103515489e+01
9.940000006103515773e+01
9.979999999999999716e+01
9.760000006103516057e+01
9.979999963378905647e+01
8.259999981689453818e+01
9.740000006103515773e+01
1.000000000000000000e+02
1.000000000000000000e+02
7.020000000000000284e+01
9.760000006103516057e+01
1.000000000000000000e+02
1.000000000000000000e+02
9.660000006103516057e+01
9.900000006103515204e+01
9.680000006103514920e+01
9.979999999999999716e+01
9.920000000000000284e+01
9.899999963378905932e+01
1.000000000000000000e+02
9.700000006103515204e+01
1.000000000000000000e+02
1.000000000000000000e+02
1.000000000000000000e+02
1.000000000000000000e+02
1.000000000000000000e+02
1.000000000000000000e+02
9.119999975585938046e+01
1.000000000000000000e+02
9.959999999999999432e+01
9.939999963378906500e+01
9.959999963378906784e+01
9.979999999999999716e+01
8.939999963378906500e+01
9.039999975585936909e+01
8.839999975585936909e+01
9.419999975585938046e+01
8.939999963378906500e+01
9.039999938964844262e+01
8.959999969482421989e+01
8.959999987792969023e+01
8.559999945068359750e+01
9.280000012207031546e+01
8.459999963378906784e+01
8.800000012207031830e+01
9.240000006103515773e+01
8.939999945068359466e+01
9.480000006103514920e+01
8.239999981689453534e+01
9.219999969482421420e+01
9.040000012207030977e+01
8.999999945068358898e+01
9.279999969482422273e+01
9.239999969482421704e+01
9.520000006103515489e+01
9.380000012207031546e+01
9.420000006103515489e+01
9.740000000000000568e+01
8.919999975585938046e+01
9.300000000000000000e+01
9.619999969482421420e+01
9.399999938964843693e+01
8.899999969482422557e+01
9.419999969482421420e+01
7.459999993896484227e+01
9.800000006103515204e+01
9.660000006103516057e+01
9.779999999999999716e+01
9.499999969482422557e+01
9.620000006103515489e+01
9.500000006103515204e+01
9.740000006103515773e+01
9.700000006103515204e+01
9.479999963378905647e+01
7.900000000000000000e+01
7.759999957275390159e+01
7.640000006103515773e+01
7.940000006103515773e+01
7.699999987792968170e+01
7.479999969482422273e+01
7.739999957275391296e+01
7.739999963378906500e+01
7.240000006103515773e+01
7.599999993896484796e+01
7.740000000000000568e+01
7.420000012207030693e+01
7.459999951171874955e+01
7.659999963378906784e+01
7.759999999999999432e+01
7.039999963378906500e+01
7.739999987792968739e+01
7.639999957275391296e+01
7.799999993896484796e+01
7.739999951171874670e+01
7.779999993896484511e+01
7.819999957275391012e+01
7.799999993896484796e+01
7.839999981689453534e+01
7.220000000000000284e+01
7.199999975585937761e+01
7.859999993896484227e+01
7.779999993896484511e+01
7.899999993896484796e+01
7.700000006103515204e+01
7.519999993896485080e+01
7.920000006103515489e+01
7.859999999999999432e+01
7.999999993896484796e+01
7.359999975585937193e+01
7.620000000000000284e+01
7.579999987792969307e+01
7.799999993896484796e+01
7.479999969482422273e+01
7.640000006103515773e+01
7.659999993896484227e+01
7.619999963378906216e+01
7.999999981689452966e+01
8.000000006103515204e+01
8.099999981689452966e+01
7.339999951171874670e+01
7.880000006103514920e+01
7.679999945068360034e+01
7.859999999999999432e+01
7.719999957275391012e+01
8.079999957275390443e+01
7.819999993896485080e+01
7.759999993896484227e+01
7.699999981689452966e+01
7.719999951171874386e+01
7.959999975585937193e+01
7.799999981689452966e+01
7.679999999999999716e+01
8.099999987792968170e+01
7.439999993896483943e+01
7.739999945068359466e+01
7.999999981689452966e+01
7.979999999999999716e+01
8.019999993896485080e+01
8.059999951171874955e+01
7.959999951171874955e+01
7.999999951171875523e+01
7.879999993896484511e+01
7.819999957275391012e+01
7.879999963378905647e+01
8.039999987792968739e+01
7.780000006103514920e+01
7.819999957275391012e+01
7.840000000000000568e+01
7.840000000000000568e+01
7.839999951171874670e+01
7.779999987792969307e+01
