9.779999963378905647e+01
9.900000006103515204e+01
1.000000000000000000e+02
7.819999957275391012e+01
1.000000000000000000e+02
1.000000000000000000e+02
8.840000006103515773e+01
9.820000000000000284e+01
1.000000000000000000e+02
9.940000000000000568e+01
9.899999963378905932e+01
9.439999969482421704e+01
9.379999975585937477e+01
6.899999957275390727e+01
1.000000000000000000e+02
9.959999999999999432e+01
9.940000000000000568e+01
8.919999987792968454e+01
9.199999969482422557e+01
9.959999999999999432e+01
9.779999963378905647e+01
8.900000012207031830e+01
9.840000006103515773e+01
9.979999999999999716e+01
1.000000000000000000e+02
9.580000006103514920e+01
9.959999999999999432e+01
9.859999963378906784e+01
9.799999963378905932e+01
9.640000006103515773e+01
9.920000000000000284e+01
9.760000006103516057e+01
9.940000000000000568e+01
9.579999969482422273e+01
1.000000000000000000e+02
9.260000012207031261e+01
9.759999999999999432e+01
9.840000006103515773e+01
9.300000006103515204e+01
1.000000000000000000e+02
1.000000000000000000e+02
9.319999969482421420e+01
9.620000006103515489e+01
9.700000006103515204e+01
9.259999975585937193e+01
1.000000000000000000e+02
9.199999938964843693e+01
9.900000000000000000e+01
9.959999999999999432e+01
9.940000000000000568e+01
9.979999963378905647e+01
9.439999975585936909e+01
9.679999969482422273e+01
1.000000000000000000e+02
9.979999999999999716e+01
9.979999999999999716e+01
1.000000000000000000e+02
1.000000000000000000e+02
9.979999999999999716e+01
1.000000000000000000e+02
1.000000000000000000e+02
9.319999938964843977e+01
9.940000000000000568e+01
9.860000006103516057e+01
9.700000000000000000e+01
1.000000000000000000e+02
9.940000000000000568e+01
9.959999999999999432e+01
9.959999999999999432e+01
9.959999999999999432e+01
9.940000000000000568e+01
9.959999999999999432e+01
9.819999963378906216e+01
9.479999963378905647e+01
9.959999963378906784e+01
9.799999963378905932e+01
9.800000000000000000e+01
9.979999999999999716e+01
9.979999999999999716e+01
9.839999963378906500e+01
1.000000000000000000e+02
1.000000000000000000e+02
8.539999945068359466e+01
8.799999945068358898e+01
8.479999981689452682e+01
8.719999945068359182e+01
9.099999975585937761e+01
8.639999938964844262e+01
8.779999987792969307e+01
8.400000000000000000e+01
9.360000012207031261e+01
8.899999969482422557e+01
9.319999969482421420e+01
9.259999969482421989e+01
9.099999987792968170e+01
8.639999987792968739e+01
8.859999975585937193e+01
9.379999969482422273e+01
9.219999987792968454e+01
9.360000012207031261e+01
8.819999987792968454e+01
8.359999945068359750e+01
8.940000012207030977e+01
9.820000006103515489e+01
8.819999951171874386e+01
9.159999969482421989e+01
9.320000000000000284e+01
8.239999951171874670e+01
8.939999969482421704e+01
9.259999969482421989e+01
9.219999938964843977e+01
8.439999993896483943e+01
9.380000012207031546e+01
9.320000012207030693e+01
9.379999938964843409e+01
9.740000012207030977e+01
9.740000000000000568e+01
9.239999969482421704e+01
9.179999975585937477e+01
9.299999969482422557e+01
9.419999963378906216e+01
9.500000012207031830e+01
9.219999938964843977e+01
7.679999999999999716e+01
7.779999993896484511e+01
7.379999981689452682e+01
7.239999963378906500e+01
7.399999993896484796e+01
7.659999987792969023e+01
7.260000012207031261e+01
7.439999957275391296e+01
7.399999969482422557e+01
6.959999999999999432e+01
7.700000000000000000e+01
7.899999993896484796e+01
7.759999999999999432e+01
7.099999975585937761e+01
7.679999993896484511e+01
8.039999951171874670e+01
7.479999993896484511e+01
7.779999993896484511e+01
7.259999993896484227e+01
7.679999987792969307e+01
7.099999969482422557e+01
7.580000006103514920e+01
7.199999993896484796e+01
7.619999987792968454e+01
7.359999999999999432e+01
7.679999987792969307e+01
7.079999975585937477e+01
7.239999981689453534e+01
6.779999984741210994e+01
7.379999999999999716e+01
7.740000000000000568e+01
7.499999969482422557e+01
7.579999999999999716e+01
7.499999951171875523e+01
7.939999963378906500e+01
7.839999957275391296e+01
7.419999969482421420e+01
7.799999969482422557e+01
7.259999999999999432e+01
7.819999951171874386e+01
7.499999993896484796e+01
7.720000000000000284e+01
7.820000000000000284e+01
7.479999993896484511e+01
7.339999993896483943e+01
7.459999969482421989e+01
7.380000012207031546e+01
7.140000006103515773e+01
7.679999963378905647e+01
7.439999963378906500e+01
7.679999993896484511e+01
7.780000006103514920e+01
7.280000012207031546e+01
7.859999999999999432e+01
7.660000012207031261e+01
7.859999957275390159e+01
7.540000012207030977e+01
7.839999975585936909e+01
8.079999999999999716e+01
7.680000006103514920e+01
7.620000000000000284e+01
7.959999981689453818e+01
7.839999963378906500e+01
7.619999957275391012e+01
7.900000000000000000e+01
7.679999951171875239e+01
7.279999957275390443e+01
7.979999993896484511e+01
7.979999945068360034e+01
8.119999945068359182e+01
8.119999993896485080e+01
8.040000000000000568e+01
8.159999987792969023e+01
7.739999957275391296e+01
7.559999987792969023e+01
7.739999987792968739e+01
7.720000012207030693e+01
