0.000000000000000000e+00
6.599999946594238054e+00
1.739999986267089938e+01
1.999999994277954052e+00
6.199999994277954229e+00
1.019999997711181727e+01
3.499999993896484085e+01
1.879999998474121270e+01
1.679999998474121270e+01
2.280000003051757673e+01
1.939999992370605497e+01
2.579999995422363313e+01
8.399999977111816563e+00
1.019999994659423770e+01
1.579999998474121092e+01
7.799999994277953874e+00
2.260000001525878943e+01
6.219999990844726767e+01
6.259999990844726625e+01
7.700000006103515204e+01
6.959999975585937193e+01
6.279999978637695079e+01
2.919999986267090009e+01
8.340000000000000568e+01
3.959999993896484227e+01
3.819999975585937335e+01
3.299999987792968881e+01
5.579999969482421562e+01
6.099999987792968881e+01
8.799999923706055327e+00
1.560000003051757744e+01
4.840000006103515773e+01
6.740000012207030977e+01
5.319999993896484369e+01
8.559999951171874955e+01
7.820000006103515489e+01
1.000000000000000000e+02
6.799999990844726483e+01
4.459999972534179591e+01
7.979999957275390443e+01
1.779999992370605355e+01
4.239999969482421704e+01
6.139999984741211136e+01
4.679999975585937477e+01
6.919999963378906216e+01
8.419999945068359182e+01
6.880000012207031546e+01
2.739999990844726696e+01
8.099999987792968170e+01
7.359999969482421989e+01
6.659999981689453818e+01
8.019999987792968454e+01
3.599999996948242398e+01
7.479999951171875239e+01
8.099999993896484796e+01
6.340000012207030977e+01
5.939999993896484654e+01
8.379999981689452682e+01
8.019999981689453250e+01
5.219999993896484369e+01
6.159999969482421989e+01
8.259999993896484227e+01
8.039999951171874670e+01
1.820000000762939507e+01
6.559999975585937193e+01
5.679999987792968597e+01
5.699999993896484085e+01
7.900000000000000000e+01
8.159999945068359750e+01
1.340000001525878837e+01
2.039999992370605497e+01
4.639999975585937619e+01
8.579999999999999716e+01
1.859999989318847824e+01
6.999999977111816207e+00
8.860000012207031261e+01
6.239999975585937619e+01
7.439999993896483943e+01
3.579999978637695079e+01
6.659999999999999432e+01
3.079999984741210994e+01
8.159999951171874955e+01
8.979999987792969307e+01
9.160000012207031261e+01
9.320000006103515489e+01
7.940000006103515773e+01
9.119999969482421420e+01
9.280000012207031546e+01
9.439999938964844262e+01
9.300000006103515204e+01
9.479999999999999716e+01
9.220000012207030693e+01
8.799999963378905932e+01
8.719999981689453250e+01
9.299999963378905932e+01
9.079999975585937477e+01
9.039999938964844262e+01
9.079999938964843409e+01
9.200000006103515204e+01
8.779999987792969307e+01
8.839999993896483943e+01
8.319999969482421420e+01
8.679999945068360034e+01
8.819999938964843977e+01
9.359999963378906784e+01
9.039999938964844262e+01
8.859999945068359750e+01
8.979999938964843409e+01
9.079999945068360034e+01
9.080000012207031546e+01
8.900000012207031830e+01
8.419999981689453250e+01
8.339999945068359466e+01
8.719999938964843977e+01
8.519999993896485080e+01
8.399999957275390727e+01
9.379999969482422273e+01
8.519999993896485080e+01
8.139999993896483943e+01
8.159999957275390159e+01
7.819999993896485080e+01
9.179999938964843409e+01
9.059999963378906784e+01
9.399999963378905932e+01
9.559999963378906784e+01
9.379999975585937477e+01
9.319999963378906216e+01
9.600000006103515204e+01
9.599999963378905932e+01
9.479999999999999716e+01
9.240000012207030977e+01
9.199999975585937761e+01
9.079999975585937477e+01
9.139999938964844262e+01
9.040000012207030977e+01
8.819999975585938046e+01
8.819999945068359182e+01
8.919999975585938046e+01
9.159999969482421989e+01
8.979999938964843409e+01
9.060000012207031261e+01
9.039999951171874670e+01
8.699999938964843693e+01
8.719999981689453250e+01
9.080000006103514920e+01
8.839999945068359466e+01
9.080000012207031546e+01
9.199999975585937761e+01
9.179999938964843409e+01
9.159999969482421989e+01
9.139999951171874670e+01
9.140000012207030977e+01
8.920000012207030693e+01
9.079999938964843409e+01
9.099999975585937761e+01
9.139999969482421704e+01
8.980000012207031546e+01
8.859999945068359750e+01
9.219999963378906216e+01
9.180000012207031546e+01
9.180000006103514920e+01
8.879999969482422273e+01
9.040000012207030977e+01
9.179999975585937477e+01
9.139999975585936909e+01
8.999999969482422557e+01
9.019999981689453250e+01
8.820000012207030693e+01
8.979999969482422273e+01
8.879999945068360034e+01
9.059999963378906784e+01
8.879999981689452682e+01
9.139999975585936909e+01
8.879999975585937477e+01
9.159999938964843125e+01
9.079999975585937477e+01
9.139999963378906500e+01
9.039999981689453534e+01
9.219999975585938046e+01
9.100000006103515204e+01
9.139999938964844262e+01
9.139999938964844262e+01
9.239999963378906500e+01
9.199999981689452966e+01
9.059999975585937193e+01
8.939999975585936909e+01
9.159999969482421989e+01
9.200000012207031830e+01
9.299999969482422557e+01
9.159999981689453818e+01
9.240000006103515773e+01
9.339999945068359466e+01
9.099999975585937761e+01
9.199999938964843693e+01
9.100000012207031830e+01
9.060000012207031261e+01
9.200000012207031830e+01
9.079999975585937477e+01
8.880000006103514920e+01
9.219999969482421420e+01
