0.000000000000000000e+00
2.000000000000000111e-01
6.399999988555908459e+00
3.200000000000000178e+00
3.379999972534179875e+01
5.999999999999999778e-01
1.679999998474121270e+01
1.339999994659423876e+01
2.119999995422363170e+01
1.039999997711181656e+01
3.559999972534179591e+01
2.259999993896484227e+01
4.799999969482421847e+01
5.339999975585937619e+01
1.959999986267089866e+01
6.719999978637694937e+01
1.779999998474121270e+01
2.299999986267089724e+01
1.840000001525879014e+01
6.200000006103515915e+01
2.779999990844726554e+01
4.760000000000000142e+01
3.559999990844726625e+01
3.839999975585937619e+01
4.519999969482422131e+01
8.799999954223633125e+00
5.279999996948242114e+01
4.159999972534179591e+01
4.939999969482421704e+01
4.879999987792968597e+01
6.499999990844726483e+01
3.179999996948242114e+01
6.920000012207030693e+01
2.159999993896484227e+01
6.619999987792968454e+01
6.359999978637695506e+01
3.519999984741210852e+01
5.619999981689453250e+01
1.459999995422363206e+01
4.419999969482422131e+01
5.360000006103515346e+01
3.040000003051757815e+01
4.219999993896484369e+01
2.679999978637695435e+01
5.699999978637695364e+01
3.699999984741211279e+01
3.899999972534179449e+01
6.880000006103514920e+01
9.499999969482422557e+01
7.619999957275391012e+01
6.699999978637694653e+01
4.979999996948242114e+01
4.520000000000000284e+01
7.420000012207030693e+01
7.619999981689453250e+01
5.339999993896484654e+01
7.999999988555908104e+00
1.879999995422363313e+01
6.919999978637694937e+01
1.379999989318847575e+01
9.619999969482421420e+01
6.139999978637695222e+01
4.799999988555907926e+00
4.679999981689453392e+01
4.939999996948242256e+01
4.520000006103515489e+01
1.820000001525878730e+01
6.619999975585938046e+01
6.599999981689452966e+01
7.139999957275391296e+01
7.619999957275391012e+01
3.899999978637695364e+01
6.019999993896484369e+01
3.259999993896484227e+01
3.819999990844726767e+01
7.339999993896483943e+01
2.659999990844726625e+01
7.120000012207030693e+01
3.059999981689453108e+01
7.979999993896484511e+01
5.539999981689452824e+01
6.039999978637695222e+01
7.639999993896483943e+01
9.380000012207031546e+01
9.059999938964843125e+01
8.719999945068359182e+01
8.379999975585937477e+01
8.139999951171874670e+01
9.000000012207031830e+01
8.959999975585937193e+01
8.839999975585936909e+01
7.699999987792968170e+01
8.560000012207031261e+01
8.619999969482421420e+01
7.900000006103515204e+01
8.639999975585936909e+01
7.479999999999999716e+01
8.559999938964843125e+01
8.379999951171875239e+01
8.399999951171875523e+01
9.480000006103514920e+01
9.439999969482421704e+01
9.279999975585937477e+01
8.519999975585938046e+01
8.419999981689453250e+01
9.080000012207031546e+01
8.759999938964843125e+01
8.879999987792969307e+01
8.880000012207031546e+01
8.999999945068358898e+01
8.799999938964843693e+01
7.599999938964843693e+01
7.879999993896484511e+01
9.059999975585937193e+01
8.919999938964843977e+01
8.539999975585936909e+01
9.100000012207031830e+01
8.940000012207030977e+01
9.099999963378905932e+01
8.980000012207031546e+01
9.119999945068359182e+01
8.599999981689452966e+01
8.940000012207030977e+01
9.420000012207030693e+01
9.460000012207031261e+01
9.460000012207031261e+01
9.580000012207031546e+01
9.059999981689453818e+01
9.040000012207030977e+01
8.859999975585937193e+01
8.860000012207031261e+01
8.719999981689453250e+01
8.799999969482422557e+01
8.719999938964843977e+01
8.839999945068359466e+01
8.799999987792968170e+01
8.919999975585938046e+01
9.019999981689453250e+01
9.000000012207031830e+01
9.000000012207031830e+01
8.900000006103515204e+01
9.079999975585937477e+01
8.799999938964843693e+01
8.920000012207030693e+01
8.919999975585938046e+01
8.879999975585937477e+01
8.899999975585937761e+01
8.919999975585938046e+01
8.820000012207030693e+01
8.919999975585938046e+01
9.000000012207031830e+01
8.799999963378905932e+01
8.759999975585937193e+01
8.999999975585937761e+01
8.840000012207030977e+01
8.799999938964843693e+01
9.039999938964844262e+01
8.879999993896484511e+01
8.979999945068360034e+01
8.839999981689453534e+01
9.040000006103515773e+01
9.100000006103515204e+01
8.739999945068359466e+01
8.980000012207031546e+01
9.019999938964843977e+01
9.019999969482421420e+01
8.819999945068359182e+01
9.059999975585937193e+01
8.779999938964843409e+01
9.019999969482421420e+01
8.979999963378905647e+01
9.119999981689453250e+01
9.219999981689453250e+01
9.000000012207031830e+01
8.959999975585937193e+01
9.019999975585938046e+01
8.979999969482422273e+01
9.019999969482421420e+01
8.919999975585938046e+01
8.979999938964843409e+01
8.759999969482421989e+01
9.159999975585937193e+01
8.959999981689453818e+01
9.079999963378905647e+01
9.019999975585938046e+01
9.059999981689453818e+01
8.739999938964844262e+01
8.959999987792969023e+01
8.880000012207031546e+01
9.040000012207030977e+01
8.999999975585937761e+01
8.899999975585937761e+01
8.999999987792968170e+01
9.039999981689453534e+01
9.179999969482422273e+01
9.139999969482421704e+01
9.019999938964843977e+01
8.940000006103515773e+01
9.159999981689453818e+01
9.079999975585937477e+01
