1.219999994659423770e+01
4.199999988555908281e+00
9.999999942779540518e-01
5.359999981689453108e+01
2.480000000000000071e+01
2.799999994277954318e+00
1.719999989318847611e+01
4.799999994277953874e+00
2.019999989318847611e+01
1.339999994659423876e+01
2.959999993896484227e+01
3.419999984741210852e+01
7.400000015258789254e+00
6.419999969482421420e+01
4.400000007629394361e+00
5.400000007629394361e+00
1.999999992370605639e+01
3.679999978637695079e+01
8.839999969482421704e+01
8.000000000000000444e-01
1.799999998474121199e+01
1.819999998474121128e+01
5.419999987792968454e+01
9.580000006103514920e+01
8.599999946594238054e+00
9.119999981689453250e+01
3.439999978637695222e+01
5.239999996948242256e+01
3.979999978637695079e+01
9.940000000000000568e+01
7.940000012207030977e+01
4.219999981689453250e+01
1.339999997711181656e+01
6.599999951171875523e+01
3.079999990844726554e+01
3.119999990844726412e+01
5.799999969482421847e+01
3.420000000000000284e+01
2.559999998474120986e+01
7.679999969482422273e+01
4.899999969482421847e+01
7.179999993896484511e+01
6.940000012207030977e+01
2.719999999999999929e+01
9.039999945068359466e+01
2.199999986267089724e+01
6.020000000000000284e+01
9.959999999999999432e+01
7.379999957275390443e+01
5.719999978637695648e+01
3.619999993896484369e+01
6.840000000000000568e+01
9.859999999999999432e+01
5.279999996948242114e+01
3.519999978637695648e+01
8.819999938964843977e+01
6.479999993896484511e+01
5.739999996948242256e+01
2.379999996948242114e+01
7.839999951171874670e+01
8.419999987792968454e+01
6.219999981689453250e+01
9.319999945068359182e+01
6.339999963378906500e+01
6.019999975585937335e+01
2.200000000000000178e+00
5.899999975585937761e+01
4.659999990844726625e+01
2.859999996948242185e+01
7.319999969482421420e+01
4.759999975585937193e+01
6.099999975585937761e+01
4.000000003051757602e+01
9.800000006103515204e+01
8.140000000000000568e+01
9.759999963378906784e+01
5.559999969482421989e+01
7.679999963378905647e+01
5.679999981689453392e+01
2.179999989318847753e+01
5.359999978637695506e+01
8.019999957275391012e+01
8.420000012207030693e+01
8.499999945068358898e+01
9.619999963378906216e+01
9.600000012207031830e+01
9.439999975585936909e+01
9.179999975585937477e+01
8.359999987792969023e+01
8.659999951171874955e+01
8.499999969482422557e+01
8.319999993896485080e+01
8.099999987792968170e+01
8.319999987792968454e+01
8.740000000000000568e+01
7.959999987792969023e+01
8.480000006103514920e+01
8.419999987792968454e+01
7.979999993896484511e+01
8.379999975585937477e+01
8.759999981689453818e+01
8.319999945068359182e+01
9.220000012207030693e+01
9.199999938964843693e+01
8.259999981689453818e+01
7.739999957275391296e+01
8.739999981689453534e+01
9.020000012207030693e+01
8.919999938964843977e+01
9.099999975585937761e+01
9.539999975585936909e+01
9.099999975585937761e+01
8.539999981689453534e+01
8.539999987792968739e+01
8.199999987792968170e+01
9.079999981689452682e+01
9.199999938964843693e+01
9.139999938964844262e+01
8.659999987792969023e+01
7.979999963378905647e+01
8.939999938964844262e+01
8.319999957275391012e+01
8.999999945068358898e+01
9.419999963378906216e+01
9.479999963378905647e+01
9.619999975585938046e+01
9.359999938964843125e+01
9.619999963378906216e+01
9.080000006103514920e+01
8.839999945068359466e+01
8.859999981689453818e+01
8.479999938964843409e+01
8.599999993896484796e+01
8.979999945068360034e+01
8.919999981689453250e+01
8.799999938964843693e+01
8.739999938964844262e+01
8.759999969482421989e+01
8.839999938964844262e+01
8.919999938964843977e+01
8.940000012207030977e+01
8.999999938964843693e+01
8.919999975585938046e+01
8.959999938964843125e+01
8.679999938964843409e+01
8.819999975585938046e+01
8.599999938964843693e+01
9.079999969482422273e+01
9.039999981689453534e+01
8.979999975585937477e+01
8.959999945068359750e+01
8.639999975585936909e+01
8.780000012207031546e+01
8.639999981689453534e+01
8.780000012207031546e+01
9.099999969482422557e+01
9.080000012207031546e+01
9.240000012207030977e+01
8.979999938964843409e+01
9.139999969482421704e+01
9.199999975585937761e+01
9.299999963378905932e+01
9.220000012207030693e+01
8.900000012207031830e+01
8.900000012207031830e+01
9.220000006103515489e+01
8.839999987792968739e+01
8.639999981689453534e+01
8.659999951171874955e+01
8.980000012207031546e+01
8.739999981689453534e+01
8.839999975585936909e+01
8.739999951171874670e+01
9.100000012207031830e+01
9.079999975585937477e+01
9.099999938964843693e+01
9.000000012207031830e+01
8.920000000000000284e+01
9.179999969482422273e+01
9.079999938964843409e+01
9.239999969482421704e+01
9.239999981689453534e+01
9.300000012207031830e+01
9.059999981689453818e+01
8.879999938964843409e+01
9.039999969482421704e+01
8.899999981689452966e+01
8.899999975585937761e+01
9.099999969482422557e+01
9.039999975585936909e+01
8.940000012207030977e+01
9.059999975585937193e+01
8.959999938964843125e+01
9.219999969482421420e+01
9.279999975585937477e+01
8.879999938964843409e+01
9.039999969482421704e+01
9.039999987792968739e+01
9.040000006103515773e+01
8.980000006103514920e+01
