6.399999893188476285e+00
3.459999984741210710e+01
1.199999999999999956e+00
6.799999946594238232e+00
3.999999942779540740e-01
1.999999994277954052e+00
1.879999992370605355e+01
9.399999946594238764e+00
2.999999994277954052e+00
2.119999986267090009e+01
8.599999977111815852e+00
5.000000007629394894e+00
9.599999954223632059e+00
1.220000000762939507e+01
1.639999992370605497e+01
6.999999988555908104e+00
2.799999988555908370e+00
1.100000001525878979e+01
1.359999992370605426e+01
1.439999995422363277e+01
5.140000006103515773e+01
4.000000007629394894e+00
6.000000007629394894e+00
1.099999998474121021e+01
8.599999977111815852e+00
1.339999998474121057e+01
6.799999977111816030e+00
2.799999994277954318e+00
1.759999994659423805e+01
5.020000006103515489e+01
2.460000003051757744e+01
1.020000001525878908e+01
3.599999994277954141e+00
5.999999988555908104e+00
8.799999946594239120e+00
6.200000007629394183e+00
4.000000000000000222e-01
2.999999988555908104e+00
1.059999997711181585e+01
1.699999995422363241e+01
1.959999992370605426e+01
1.020000001525878908e+01
7.399999977111816563e+00
1.719999986267090009e+01
1.059999995422363206e+01
2.799999977111816474e+00
5.800000007629394716e+00
3.339999987792968739e+01
7.599999988555908637e+00
8.999999994277954940e+00
7.600000007629394538e+00
2.099999992370605639e+01
1.559999998474121163e+01
4.999999977111816207e+00
1.399999988555908237e+00
7.599999977111816740e+00
1.239999992370605497e+01
1.020000000762939507e+01
6.199999988555908281e+00
1.239999997711181656e+01
6.379999963378906358e+01
5.399999946594237876e+00
6.199999946594238587e+00
6.799999999999999822e+00
1.999999988555908104e+00
2.040000003051757815e+01
2.260000003051757744e+01
4.599999988555908637e+00
9.199999984741211279e+00
2.259999996948242185e+01
1.459999997711181585e+01
1.800000000000000044e+00
7.799999977111816030e+00
7.999999984741211101e+00
2.139999998474121057e+01
4.599999988555908637e+00
7.400000015258789254e+00
7.000000007629394894e+00
1.219999995422363348e+01
8.399999977111816563e+00
5.199999994277954229e+00
8.399999946594238764e+00
1.099999997711181621e+01
1.460000001525878943e+01
1.819999994659423947e+01
1.819999999999999929e+01
2.039999996948242256e+01
2.379999989318847753e+01
2.019999992370605568e+01
2.039999995422363455e+01
2.800000000000000000e+01
2.219999993896484369e+01
2.639999989318847540e+01
3.219999993896484369e+01
2.779999981689453037e+01
3.219999996948241971e+01
3.119999984741210852e+01
3.279999981689453392e+01
3.339999975585937619e+01
3.639999981689452824e+01
2.379999984741210994e+01
3.399999981689452966e+01
3.319999978637695648e+01
2.739999993896484298e+01
2.959999996948242185e+01
3.639999972534180017e+01
3.159999975585937548e+01
4.019999978637695648e+01
3.339999993896484654e+01
3.479999990844726909e+01
2.659999990844726625e+01
3.499999984741211279e+01
3.119999996948242327e+01
3.119999999999999929e+01
3.159999996948242185e+01
4.099999975585937761e+01
3.619999981689453250e+01
3.799999996948242398e+01
2.939999987792968739e+01
3.839999986267089582e+01
3.399999993896484085e+01
3.100000003051757957e+01
2.880000000000000071e+01
4.139999969482421704e+01
4.740000006103515773e+01
4.819999990844726767e+01
4.940000003051757460e+01
5.619999984741210852e+01
5.879999990844726909e+01
5.759999996948242540e+01
5.939999984741211136e+01
5.699999996948242398e+01
6.120000000000000284e+01
6.359999987792969023e+01
6.519999975585938046e+01
6.079999957275390443e+01
5.959999993896484227e+01
6.340000006103515773e+01
6.499999993896484796e+01
6.319999987792968454e+01
6.339999996948242256e+01
6.500000006103515204e+01
6.740000012207030977e+01
6.599999969482422557e+01
6.659999975585937193e+01
6.839999978637695222e+01
6.759999993896484227e+01
6.119999984741210852e+01
6.799999969482422557e+01
6.659999999999999432e+01
6.979999978637695790e+01
7.299999963378905932e+01
7.019999957275391012e+01
6.380000012207031546e+01
6.699999969482422557e+01
7.159999957275390159e+01
6.999999963378905932e+01
6.799999993896484796e+01
7.120000000000000284e+01
6.760000006103516057e+01
6.719999987792968454e+01
7.019999957275391012e+01
6.519999963378906216e+01
7.160000006103516057e+01
7.299999993896484796e+01
6.719999969482421420e+01
7.079999963378905647e+01
6.979999957275390443e+01
7.199999975585937761e+01
7.079999963378905647e+01
6.899999957275390727e+01
7.199999987792968170e+01
7.059999999999999432e+01
7.259999969482421989e+01
7.099999969482422557e+01
6.559999969482421989e+01
7.059999969482421989e+01
6.920000000000000284e+01
7.199999993896484796e+01
6.980000012207031546e+01
7.240000006103515773e+01
6.939999951171874670e+01
7.300000012207031830e+01
7.180000006103514920e+01
7.219999951171874386e+01
7.079999975585937477e+01
6.919999957275391012e+01
6.699999969482422557e+01
6.919999969482421420e+01
7.120000012207030693e+01
7.259999963378906784e+01
6.980000012207031546e+01
6.839999984741210426e+01
7.219999969482421420e+01
7.060000012207031261e+01
7.040000000000000568e+01
7.399999987792968170e+01
7.099999975585937761e+01
7.359999957275390159e+01
7.359999999999999432e+01
