4.300000000000000000e+01
9.999999942779540518e-01
5.600000007629394538e+00
3.999999988555908104e+00
2.599999988555908192e+00
1.000000000000000000e+00
1.799999994277954096e+00
3.399999988555908015e+00
2.000000000000000111e-01
2.399999988555908015e+00
2.719999989318847611e+01
3.479999975585937477e+01
7.000000007629394894e+00
1.920000001525878730e+01
1.199999989318847682e+01
5.000000007629394894e+00
3.199999994277954229e+00
1.399999999999999911e+00
1.659999995422363384e+01
1.000000000000000000e+00
6.800000007629394716e+00
9.799999946594239120e+00
1.999999994277954052e+00
3.439999978637695222e+01
1.399999999999999911e+00
2.999999988555908104e+00
3.599999994277954141e+00
6.600000015258789432e+00
1.800000000000000044e+00
3.159999984741211065e+01
9.200000015258789077e+00
2.120000003051757886e+01
5.599999988555908637e+00
1.099999995422363241e+01
7.999999977111816207e+00
2.459999992370605426e+01
6.400000015258789254e+00
1.219999997711181727e+01
5.699999978637695364e+01
6.399999977111816563e+00
8.799999988555908814e+00
2.419999987792968810e+01
6.799999977111816030e+00
8.200000007629395071e+00
1.100000001525878979e+01
8.799999977111816918e+00
3.839999999999999858e+01
1.499999986267089902e+01
1.140000003051757815e+01
7.199999946594238587e+00
3.799999993896484085e+01
1.499999998474121021e+01
7.799999999999999822e+00
3.999999977111816207e+00
8.799999988555908814e+00
3.400000007629394361e+00
2.039999986267089938e+01
6.800000015258788721e+00
1.539999989318847717e+01
5.399999977111816563e+00
3.399999994277953963e+00
3.399999994277953963e+00
2.160000003051757744e+01
8.199999977111817273e+00
3.019999990844726412e+01
1.279999998474121092e+01
1.779999986267089795e+01
6.999999988555908104e+00
5.399999994277954407e+00
2.800000007629394716e+00
5.999999988555908104e+00
4.600000007629394538e+00
4.000000000000000222e-01
9.199999977111817273e+00
3.200000000000000178e+00
8.799999994277953874e+00
6.600000007629394538e+00
8.800000007629394716e+00
1.099999998474121021e+01
5.619999981689453250e+01
5.600000007629394538e+00
8.799999946594239120e+00
1.239999998474121057e+01
9.799999923706055327e+00
1.100000001525878979e+01
1.199999995422363241e+01
1.319999998474121128e+01
1.599999995422363241e+01
1.859999997711181763e+01
1.399999994659423841e+01
1.919999992370605568e+01
2.220000003051757886e+01
2.659999989318847824e+01
2.139999995422363455e+01
2.139999995422363455e+01
2.619999993896484369e+01
2.060000000000000142e+01
2.719999993896484369e+01
3.359999993896484227e+01
2.639999996948242256e+01
2.839999990844726696e+01
2.800000000000000000e+01
2.979999984741210994e+01
3.179999996948242114e+01
3.080000006103515631e+01
2.499999989318847682e+01
2.739999996948242256e+01
2.999999996948242043e+01
3.059999993896484227e+01
3.339999978637695222e+01
3.259999990844726625e+01
3.339999996948242256e+01
3.199999990844726483e+01
3.020000003051757886e+01
2.679999993896484511e+01
3.079999996948242114e+01
3.239999996948242256e+01
2.879999975585937477e+01
3.539999981689452824e+01
3.119999984741210852e+01
3.419999975585937335e+01
2.619999996948242327e+01
3.419999987792968454e+01
3.099999993896484440e+01
3.499999975585937761e+01
3.599999981689452966e+01
4.199999993896484085e+01
5.139999975585937619e+01
5.139999990844726341e+01
5.559999987792969023e+01
5.819999981689453250e+01
5.859999987792969023e+01
5.659999996948242540e+01
5.659999975585937193e+01
5.979999984741210994e+01
6.159999981689453108e+01
5.859999987792969023e+01
6.220000012207031403e+01
6.699999969482422557e+01
6.139999978637695222e+01
6.580000012207031546e+01
6.239999975585937619e+01
6.919999969482421420e+01
6.699999975585937761e+01
6.559999984741210710e+01
6.539999963378906500e+01
6.639999963378906500e+01
6.759999975585937193e+01
6.999999990844726483e+01
6.699999978637694653e+01
6.719999978637694937e+01
6.760000006103516057e+01
6.659999963378906784e+01
6.939999975585936909e+01
6.879999975585937477e+01
6.939999957275391296e+01
7.219999975585938046e+01
7.119999957275391012e+01
6.679999990844726199e+01
6.959999999999999432e+01
6.839999984741210426e+01
7.099999993896484796e+01
6.799999963378905932e+01
7.000000012207031830e+01
7.520000006103515489e+01
7.240000006103515773e+01
7.440000000000000568e+01
6.680000012207031546e+01
7.019999963378906216e+01
7.199999963378905932e+01
7.239999951171874670e+01
7.559999945068359750e+01
7.499999993896484796e+01
7.339999993896483943e+01
6.759999969482421989e+01
7.359999975585937193e+01
6.959999999999999432e+01
7.279999999999999716e+01
6.719999978637694937e+01
7.459999999999999432e+01
7.219999951171874386e+01
7.379999999999999716e+01
7.119999951171874386e+01
7.440000006103515773e+01
7.099999969482422557e+01
7.179999975585937477e+01
7.419999975585938046e+01
6.979999951171875239e+01
6.999999981689452966e+01
7.299999957275390727e+01
7.259999978637695506e+01
7.379999993896484511e+01
7.079999975585937477e+01
7.459999951171874955e+01
7.240000012207030977e+01
6.699999969482422557e+01
7.079999999999999716e+01
7.440000000000000568e+01
7.419999993896485080e+01
7.459999957275390159e+01
