1.419999998474121128e+01
4.000000000000000222e-01
3.119999981689453250e+01
7.999999942779540962e-01
1.799999994277954096e+00
1.199999994277954007e+00
2.399999994277953963e+00
8.599999977111815852e+00
1.259999994659423805e+01
0.000000000000000000e+00
2.599999994277954141e+00
8.799999946594239120e+00
1.759999997711181763e+01
5.400000000000000355e+00
1.099999998474121021e+01
3.799999977111816474e+00
1.060000001525878943e+01
9.400000015258788366e+00
4.900000006103515915e+01
3.999999994277954052e+00
1.140000000762939436e+01
3.399999988555908015e+00
1.319999994659423770e+01
3.399999988555908015e+00
4.999999984741211101e+00
9.959999999999999432e+01
1.219999998474121128e+01
9.399999984741210568e+00
3.200000007629394627e+00
6.199999994277954229e+00
3.400000007629394361e+00
1.939999999999999858e+01
5.199999988555908281e+00
1.079999992370605533e+01
1.759999989318847824e+01
5.199999994277954229e+00
5.419999990844726767e+01
3.200000000000000178e+00
1.459999995422363206e+01
5.599999988555908637e+00
1.059999998474121163e+01
4.000000000000000222e-01
1.539999998474121057e+01
6.599999988555908637e+00
9.000000007629394005e+00
5.399999988555908459e+00
1.560000001525878943e+01
4.799999988555907926e+00
5.239999990844726341e+01
5.600000015258789432e+00
1.879999986267089795e+01
8.399999984741210568e+00
6.999999946594238409e+00
1.279999998474121092e+01
1.179999994659423912e+01
1.059999995422363206e+01
6.800000007629394716e+00
3.399999994277953963e+00
1.639999986267089938e+01
1.139999995422363277e+01
2.000000000000000000e+00
5.200000000000000178e+00
1.599999992370605462e+01
1.859999986267089866e+01
7.199999977111816385e+00
1.539999989318847717e+01
1.279999997711181692e+01
1.660000003051757744e+01
7.799999977111816030e+00
3.599999988555908192e+00
2.139999998474121057e+01
4.400000007629394361e+00
2.199999988555908281e+00
9.800000007629394716e+00
7.799999988555907926e+00
2.619999996948242327e+01
3.399999988555908015e+00
1.339999992370605497e+01
2.739999986267089938e+01
1.419999994659423770e+01
6.999999977111816207e+00
1.199999997711181621e+01
7.799999984741210923e+00
1.079999998474121092e+01
1.160000001525878943e+01
1.459999997711181585e+01
1.719999986267090009e+01
1.659999986267089866e+01
1.919999986267090009e+01
2.239999999999999858e+01
2.639999999999999858e+01
2.720000003051757886e+01
3.399999975585937761e+01
2.839999981689453179e+01
3.459999981689453108e+01
3.399999969482421847e+01
3.360000006103515346e+01
3.859999990844726625e+01
3.799999975585937761e+01
3.759999981689453108e+01
3.779999990844726909e+01
3.719999978637695648e+01
3.439999972534180017e+01
3.979999981689453392e+01
4.379999969482421562e+01
4.199999984741211279e+01
4.379999972534179875e+01
3.619999984741210852e+01
4.079999969482421562e+01
4.000000006103515915e+01
4.679999969482421562e+01
4.219999978637695648e+01
4.059999993896484227e+01
3.879999969482421562e+01
4.680000006103515631e+01
3.859999975585937193e+01
4.379999984741210994e+01
3.359999972534179591e+01
3.939999990844726341e+01
4.440000006103515773e+01
3.979999984741210994e+01
4.079999975585937477e+01
3.519999981689453250e+01
4.279999969482421562e+01
4.139999975585937619e+01
3.899999984741211279e+01
4.620000003051757886e+01
4.880000003051758029e+01
5.379999987792968597e+01
6.459999999999999432e+01
6.299999975585937761e+01
6.979999975585937477e+01
6.899999978637694653e+01
6.680000012207031546e+01
7.179999957275390443e+01
7.300000000000000000e+01
7.439999957275391296e+01
7.299999957275390727e+01
7.140000012207030977e+01
7.239999975585936909e+01
7.380000012207031546e+01
7.540000000000000568e+01
7.359999999999999432e+01
7.539999951171874670e+01
7.499999963378905932e+01
7.479999981689452682e+01
7.240000006103515773e+01
7.539999945068359466e+01
7.540000000000000568e+01
7.439999957275391296e+01
7.319999957275391012e+01
7.519999957275391012e+01
7.599999963378905932e+01
7.519999993896485080e+01
7.539999975585936909e+01
7.459999957275390159e+01
7.340000006103515773e+01
7.620000000000000284e+01
7.499999963378905932e+01
7.540000000000000568e+01
7.659999999999999432e+01
7.419999969482421420e+01
7.760000006103516057e+01
7.639999957275391296e+01
7.500000006103515204e+01
7.599999987792968170e+01
7.679999987792969307e+01
7.559999951171874955e+01
7.719999945068359182e+01
7.660000006103516057e+01
7.579999987792969307e+01
7.639999963378906500e+01
7.639999993896483943e+01
7.640000000000000568e+01
7.679999975585937477e+01
7.480000006103514920e+01
7.759999981689453818e+01
7.419999963378906216e+01
7.699999993896484796e+01
7.620000000000000284e+01
7.759999957275390159e+01
7.739999945068359466e+01
7.660000012207031261e+01
7.539999938964844262e+01
7.659999999999999432e+01
7.599999957275390727e+01
7.859999957275390159e+01
7.599999969482422557e+01
7.719999963378906216e+01
7.879999951171875239e+01
7.659999963378906784e+01
7.719999987792968454e+01
7.879999957275390443e+01
7.899999951171875523e+01
7.759999963378906784e+01
7.959999987792969023e+01
7.600000000000000000e+01
7.959999987792969023e+01
7.820000000000000284e+01
7.859999981689453818e+01
