2.339999998474121057e+01
9.999999942779540518e-01
1.399999999999999911e+00
0.000000000000000000e+00
6.000000007629394894e+00
5.399999977111816563e+00
4.580000003051758029e+01
5.999999942779541406e-01
8.200000007629395071e+00
3.239999987792968739e+01
6.979999981689452682e+01
1.319999995422363348e+01
3.999999988555908104e+00
1.000000000762939401e+01
4.079999990844726909e+01
2.619999999999999929e+01
1.919999998474121128e+01
1.600000000000000089e+00
4.399999977111816563e+00
6.999999988555908104e+00
4.000000000000000222e-01
2.379999996948242114e+01
3.000000000000000000e+00
2.379999996948242114e+01
1.259999995422363206e+01
6.400000007629394361e+00
1.399999994277954185e+00
1.799999994277954096e+00
1.219999995422363348e+01
0.000000000000000000e+00
9.199999946594237699e+00
3.000000000000000000e+00
8.400000015258788366e+00
4.000000000000000000e+00
8.799999977111816918e+00
1.359999994659423805e+01
6.600000007629394538e+00
7.600000007629394538e+00
2.199999994277954229e+00
4.599999977111816740e+00
8.199999946594237699e+00
1.519999999999999929e+01
1.000000000000000000e+00
2.079999995422363313e+01
9.000000015258789787e+00
6.000000007629394894e+00
1.099999995422363241e+01
1.060000000762939365e+01
9.999999885559082147e-01
3.199999988555908281e+00
7.199999988555908281e+00
7.260000006103516057e+01
4.400000007629394361e+00
4.399999988555908459e+00
1.359999992370605426e+01
1.899999992370605639e+01
1.979999986267089795e+01
2.999999987792968881e+01
1.500000000000000000e+01
1.359999994659423805e+01
2.339999986267089938e+01
7.999999988555908104e+00
1.219999995422363348e+01
1.659999989318847824e+01
2.599999994277954141e+00
8.400000015258788366e+00
3.799999946594238232e+00
6.599999999999999645e+00
6.799999946594238232e+00
1.659999995422363384e+01
0.000000000000000000e+00
7.200000015258789077e+00
1.239999994659423876e+01
6.599999977111816740e+00
9.199999977111817273e+00
8.000000000000000444e-01
5.599999977111816740e+00
1.659999989318847824e+01
1.199999999999999956e+00
1.759999986267089866e+01
6.019999975585937335e+01
9.799999977111816918e+00
1.299999995422363241e+01
1.159999995422363206e+01
1.419999994659423770e+01
1.659999989318847824e+01
2.019999986267090009e+01
2.399999996948242043e+01
2.759999993896484227e+01
2.360000003051757744e+01
2.719999993896484369e+01
2.659999986267089866e+01
3.339999981689452824e+01
2.800000000000000000e+01
3.179999989318847753e+01
2.600000000000000000e+01
3.179999984741210994e+01
3.339999981689452824e+01
3.679999996948242114e+01
2.799999984741210923e+01
3.119999990844726412e+01
3.259999990844726625e+01
3.159999990844726625e+01
3.059999981689453108e+01
4.119999981689453250e+01
2.879999984741210994e+01
3.459999984741210710e+01
2.979999996948242114e+01
3.279999969482421562e+01
2.739999987792968739e+01
4.179999975585937477e+01
3.079999996948242114e+01
2.939999993896484298e+01
2.839999996948242256e+01
3.019999986267090009e+01
3.460000003051757744e+01
2.999999993896484440e+01
3.039999987792968739e+01
3.319999993896484369e+01
3.699999990844726483e+01
3.599999972534179449e+01
3.639999978637695222e+01
4.059999981689453108e+01
3.919999969482422131e+01
4.199999981689452966e+01
4.800000000000000000e+01
4.680000006103515631e+01
5.359999990844726625e+01
5.059999993896484227e+01
5.819999981689453250e+01
5.480000003051758029e+01
5.819999975585937335e+01
5.739999984741211136e+01
6.019999987792968454e+01
5.919999975585937335e+01
5.759999993896484227e+01
6.179999993896484511e+01
5.899999984741211279e+01
5.879999981689453392e+01
6.059999990844726625e+01
6.039999993896484654e+01
6.059999996948242540e+01
6.319999993896484369e+01
6.300000006103515915e+01
6.319999978637695648e+01
5.919999984741210852e+01
6.339999981689452824e+01
6.079999987792968597e+01
6.279999978637695079e+01
6.079999981689453392e+01
6.079999996948242114e+01
6.019999984741210852e+01
6.179999987792968597e+01
6.119999978637695648e+01
6.219999993896484369e+01
6.039999969482421704e+01
6.139999978637695222e+01
6.159999993896484227e+01
6.420000012207030693e+01
6.159999981689453108e+01
6.699999969482422557e+01
6.519999981689453250e+01
6.239999993896484654e+01
6.560000012207031261e+01
6.219999978637695648e+01
6.259999978637695506e+01
6.619999981689453250e+01
7.099999963378905932e+01
6.199999975585937761e+01
6.399999978637695364e+01
6.559999975585937193e+01
6.319999963378906216e+01
6.499999981689452966e+01
6.600000012207031830e+01
6.479999978637695790e+01
6.859999975585937193e+01
6.359999969482421989e+01
6.539999987792968739e+01
6.399999987792968881e+01
6.339999978637695222e+01
6.420000006103515489e+01
6.780000012207031546e+01
6.979999951171875239e+01
6.859999957275390159e+01
6.939999963378906500e+01
6.739999963378906500e+01
7.080000012207031546e+01
7.079999969482422273e+01
6.979999978637695790e+01
6.919999981689453250e+01
6.739999963378906500e+01
6.479999969482422273e+01
6.460000012207031261e+01
6.420000012207030693e+01
6.279999975585937477e+01
6.379999999999999716e+01
7.019999957275391012e+01
6.439999987792968739e+01
6.740000000000000568e+01
6.459999969482421989e+01
