0.000000000000000000e+00
0.000000000000000000e+00
4.199999988555908281e+00
2.399999994277953963e+00
4.000000000000000222e-01
9.000000007629394005e+00
2.199999994277954229e+00
1.999999994277954052e+00
1.099999992370605462e+01
7.000000007629394894e+00
3.739999975585937619e+01
3.200000000000000178e+00
2.600000000000000089e+00
2.760000000000000142e+01
3.999999942779540740e-01
2.599999988555908192e+00
3.999999994277954052e+00
2.199999994277954229e+00
4.800000007629394716e+00
1.800000000000000044e+00
1.999999994277954052e+00
2.219999992370605568e+01
2.199999994277954229e+00
3.199999994277954229e+00
2.319999999999999929e+01
3.000000007629394450e+00
4.199999977111816385e+00
2.340000001525879014e+01
1.059999998474121163e+01
6.599999946594238054e+00
6.999999984741211101e+00
1.920000001525878730e+01
2.799999999999999822e+00
2.719999987792968810e+01
2.399999996948242043e+01
8.999999977111816207e+00
4.800000007629394716e+00
1.439999998474121057e+01
1.579999989318847575e+01
2.540000003051757815e+01
6.399999988555908459e+00
6.019999981689453250e+01
9.799999946594239120e+00
4.400000000000000355e+00
1.579999998474121092e+01
5.400000007629394361e+00
1.120000001525878908e+01
8.800000007629394716e+00
3.999999946594238409e+00
2.079999993896484511e+01
1.259999994659423805e+01
1.399999994659423841e+01
2.560000003051757744e+01
1.599999988555908192e+00
5.800000007629394716e+00
7.999999988555908104e+00
1.719999992370605568e+01
1.799999988555908148e+00
3.799999988555908370e+00
5.999999999999999778e-01
1.339999996948242256e+01
7.600000007629394538e+00
2.659999993896484227e+01
4.800000007629394716e+00
4.879999999999999716e+01
1.039999994659423876e+01
4.720000000000000284e+01
1.420000001525878908e+01
3.799999994277954318e+00
2.000000000000000000e+00
1.139999998474121057e+01
2.999999994277954052e+00
4.600000007629394538e+00
1.259999998474121163e+01
1.039999997711181656e+01
1.360000000762939365e+01
1.339999995422363277e+01
2.399999988555908015e+00
6.600000007629394538e+00
1.519999986267089831e+01
3.599999977111816296e+00
5.400000015258789254e+00
1.439999995422363277e+01
1.279999994659423912e+01
1.599999986267089902e+01
1.559999995422363206e+01
1.919999992370605568e+01
1.979999989318847753e+01
2.519999989318847611e+01
2.559999986267089866e+01
2.439999999999999858e+01
2.799999990844726483e+01
2.879999989318847753e+01
3.319999975585937335e+01
2.920000003051757886e+01
2.639999990844726696e+01
2.879999993896484511e+01
3.100000000000000000e+01
2.659999986267089866e+01
2.919999987792968810e+01
2.519999992370605568e+01
3.399999987792968881e+01
2.359999993896484227e+01
3.299999990844726483e+01
3.219999981689453250e+01
3.759999987792969023e+01
3.119999999999999929e+01
3.100000003051757957e+01
3.179999993896484511e+01
2.879999978637695435e+01
3.299999996948242398e+01
3.299999986267089724e+01
2.840000003051757815e+01
3.599999990844726483e+01
2.959999987792968668e+01
2.299999986267089724e+01
3.199999987792968881e+01
3.439999987792968739e+01
3.439999996948242256e+01
2.560000003051757744e+01
2.839999975585937619e+01
2.819999990844726412e+01
3.299999984741211279e+01
3.799999981689452966e+01
3.639999990844726341e+01
4.059999996948242540e+01
4.500000000000000000e+01
4.899999990844726483e+01
5.319999987792968454e+01
5.699999972534179449e+01
5.959999996948242540e+01
6.100000006103515915e+01
5.899999990844726483e+01
6.099999993896484085e+01
5.840000012207030977e+01
6.039999981689452824e+01
6.319999984741210852e+01
5.959999990844726625e+01
6.239999987792968739e+01
5.919999984741210852e+01
5.999999981689452966e+01
6.280000012207031546e+01
6.059999963378906074e+01
6.179999990844726909e+01
6.239999975585937619e+01
6.559999999999999432e+01
6.579999987792969307e+01
6.619999975585938046e+01
6.339999981689452824e+01
6.379999969482421562e+01
6.539999969482421704e+01
6.319999978637695648e+01
6.519999978637694937e+01
6.599999978637694653e+01
6.499999975585937761e+01
6.479999981689452682e+01
6.479999984741210994e+01
6.219999978637695648e+01
6.079999987792968597e+01
6.679999969482422273e+01
6.419999996948241971e+01
6.019999993896484369e+01
6.639999978637695222e+01
6.540000000000000568e+01
6.439999978637695222e+01
6.459999987792969023e+01
6.600000006103515204e+01
6.359999990844726625e+01
6.459999978637695506e+01
6.679999975585937477e+01
6.720000006103515489e+01
6.859999999999999432e+01
6.459999975585937193e+01
6.619999975585938046e+01
6.539999963378906500e+01
6.560000006103516057e+01
6.660000012207031261e+01
6.840000000000000568e+01
6.719999969482421420e+01
6.640000012207030977e+01
6.819999963378906216e+01
6.640000012207030977e+01
6.719999963378906216e+01
6.399999987792968881e+01
6.800000006103515204e+01
6.619999981689453250e+01
6.559999975585937193e+01
6.839999981689453534e+01
6.460000006103516057e+01
6.659999963378906784e+01
6.720000012207030693e+01
6.719999978637694937e+01
7.100000006103515204e+01
6.439999990844727051e+01
6.819999963378906216e+01
6.719999981689453250e+01
6.859999957275390159e+01
6.680000012207031546e+01
6.639999963378906500e+01
6.900000006103515204e+01
