0.000000000000000000e+00
5.800000007629394716e+00
2.000000000000000111e-01
0.000000000000000000e+00
5.999999999999999778e-01
8.000000000000000444e-01
3.000000007629394450e+00
5.599999994277953697e+00
9.399999994277953519e+00
6.400000007629394361e+00
3.879999984741210994e+01
5.999999999999999778e-01
6.599999988555908637e+00
2.199999994277954229e+00
1.319999989318847611e+01
3.599999978637695364e+01
5.399999977111816563e+00
1.799999994277954096e+00
1.439999989318847717e+01
2.399999977111816563e+00
1.999999988555908104e+00
4.500000006103515915e+01
2.899999990844726483e+01
4.000000000000000222e-01
4.599999946594238054e+00
1.519999986267089831e+01
8.600000015258789432e+00
2.999999994277954052e+00
3.200000000000000178e+00
1.319999994659423770e+01
1.559999998474121163e+01
4.600000007629394538e+00
2.599999986267089724e+01
3.800000007629394716e+00
9.599999946594238054e+00
2.799999988555908370e+00
4.600000007629394538e+00
6.599999977111816740e+00
5.999999999999999778e-01
2.600000007629394538e+00
1.099999998474121021e+01
2.979999984741210994e+01
1.039999997711181656e+01
1.319999992370605391e+01
1.999999988555908104e+00
2.859999990844726625e+01
1.759999992370605426e+01
6.759999945068359750e+01
7.999999942779540962e-01
1.999999996948242043e+01
8.600000015258789432e+00
2.239999986267089938e+01
4.799999988555907926e+00
0.000000000000000000e+00
6.399999977111816563e+00
4.599999988555908637e+00
3.999999885559081814e-01
1.020000000762939507e+01
5.800000007629394716e+00
1.700000003051757957e+01
2.600000007629394538e+00
5.399999988555908459e+00
4.719999993896484369e+01
2.399999996948242043e+01
1.399999995422363241e+01
3.599999994277954141e+00
7.399999988555908459e+00
1.159999994659423805e+01
5.599999988555908637e+00
2.599999994277954141e+00
7.000000007629394894e+00
2.399999988555908015e+00
7.399999946594237876e+00
1.019999994659423770e+01
3.419999975585937335e+01
1.079999995422363313e+01
6.999999977111816207e+00
1.260000000762939365e+01
1.039999994659423876e+01
1.279999995422363313e+01
8.600000007629393650e+00
5.399999994277954407e+00
1.119999997711181727e+01
1.339999989318847717e+01
1.879999993896484511e+01
2.039999998474121057e+01
2.079999989318847753e+01
2.099999996948242043e+01
2.319999989318847611e+01
2.359999993896484227e+01
2.839999990844726696e+01
2.439999999999999858e+01
2.879999996948242114e+01
2.760000000000000142e+01
2.839999987792968739e+01
3.399999975585937761e+01
3.339999984741211136e+01
2.819999984741210852e+01
3.279999987792968597e+01
3.419999987792968454e+01
2.639999999999999858e+01
3.179999978637695435e+01
2.680000003051757673e+01
3.119999990844726412e+01
3.459999984741210710e+01
3.259999996948242540e+01
3.019999996948242327e+01
4.639999981689452824e+01
4.219999987792968454e+01
3.959999984741210710e+01
3.679999984741210994e+01
3.639999975585937619e+01
3.679999984741210994e+01
2.599999986267089724e+01
2.999999990844726483e+01
3.779999981689453392e+01
3.019999981689453250e+01
3.179999993896484511e+01
3.979999969482421562e+01
4.519999969482422131e+01
3.539999984741211136e+01
3.799999981689452966e+01
3.860000003051757744e+01
4.819999975585937335e+01
4.799999981689452966e+01
4.879999969482421562e+01
5.479999996948242114e+01
5.519999978637695648e+01
5.799999987792968881e+01
5.780000012207031546e+01
5.819999984741210852e+01
5.999999978637695364e+01
6.039999984741211136e+01
5.619999984741210852e+01
5.839999981689452824e+01
6.119999969482422131e+01
6.139999969482421704e+01
6.399999990844726483e+01
6.459999990844725914e+01
6.619999975585938046e+01
6.399999978637695364e+01
6.379999987792968597e+01
6.379999981689453392e+01
6.619999957275391012e+01
6.439999981689453534e+01
6.639999963378906500e+01
6.879999978637695790e+01
6.499999978637694653e+01
6.819999951171874386e+01
6.719999975585938046e+01
6.559999990844725914e+01
6.559999999999999432e+01
7.040000000000000568e+01
6.739999975585936909e+01
6.900000000000000000e+01
6.959999969482421989e+01
6.899999969482422557e+01
6.900000006103515204e+01
6.880000012207031546e+01
6.659999975585937193e+01
6.699999981689452966e+01
6.779999969482422273e+01
6.719999981689453250e+01
6.639999990844727051e+01
6.659999957275390159e+01
6.779999975585937477e+01
7.319999957275391012e+01
6.639999963378906500e+01
6.820000000000000284e+01
6.759999990844725914e+01
6.879999981689452682e+01
6.959999975585937193e+01
7.359999951171874955e+01
6.940000000000000568e+01
6.780000012207031546e+01
7.019999990844726767e+01
7.159999975585937193e+01
6.679999981689452682e+01
6.679999975585937477e+01
6.999999987792968170e+01
7.059999963378906784e+01
6.939999957275391296e+01
7.079999963378905647e+01
7.039999957275391296e+01
6.979999975585937477e+01
7.119999963378906216e+01
6.980000006103514920e+01
6.920000006103515489e+01
6.779999975585937477e+01
7.279999999999999716e+01
6.919999978637694937e+01
7.219999975585938046e+01
7.079999984741210994e+01
7.040000000000000568e+01
6.999999963378905932e+01
7.119999963378906216e+01
6.980000012207031546e+01
7.140000012207030977e+01
7.040000006103515773e+01
7.099999969482422557e+01
