0.000000000000000000e+00
3.819999987792968454e+01
1.179999997711181692e+01
6.399999984741210568e+00
3.599999988555908192e+00
1.839999987792968739e+01
5.599999988555908637e+00
5.399999988555908459e+00
1.239999998474121057e+01
1.339999994659423876e+01
1.999999994277954052e+00
2.239999996948242256e+01
5.000000000000000000e+00
5.999999977111816207e+00
1.219999994659423770e+01
5.439999981689452824e+01
2.000000000000000000e+00
1.199999999999999956e+00
1.699999995422363241e+01
5.199999994277954229e+00
2.119999993896484369e+01
1.619999994659423947e+01
5.599999988555908637e+00
1.539999998474121057e+01
1.780000000000000071e+01
1.819999986267090009e+01
6.200000003051757602e+01
1.859999995422363384e+01
1.939999989318847540e+01
6.199999977111816385e+00
1.600000001525878801e+01
8.399999946594238764e+00
7.799999984741210923e+00
6.999999984741211101e+00
1.459999989318847646e+01
8.999999994277954940e+00
7.599999994277953697e+00
6.600000007629394538e+00
2.019999994659423947e+01
1.260000001525878943e+01
8.799999977111816918e+00
2.000000000000000000e+01
1.379999998474121092e+01
8.999999946594238409e+00
9.999999954223632415e+00
1.399999994277954185e+00
6.599999946594238054e+00
1.019999999427795423e+01
1.319999995422363348e+01
1.060000001525878943e+01
7.199999994277954229e+00
6.599999946594238054e+00
5.799999977111816030e+00
8.000000015258789787e+00
2.099999996948242043e+01
1.099999998474121021e+01
1.739999992370605497e+01
7.400000007629394361e+00
8.999999977111816207e+00
7.800000015258788721e+00
2.539999972534179662e+01
1.080000001525878872e+01
6.800000007629394716e+00
8.399999988555908459e+00
3.999999975585937761e+01
3.479999996948242114e+01
6.599999946594238054e+00
7.599999954223632948e+00
1.120000000762939507e+01
1.000000000000000000e+00
1.779999986267089795e+01
1.300000001525878979e+01
9.199999954223633480e+00
2.579999993896484511e+01
1.159999986267089866e+01
2.099999996948242043e+01
1.019999998474121128e+01
1.079999994659423912e+01
2.380000003051757673e+01
6.199999988555908281e+00
5.200000007629394183e+00
1.160000001525878943e+01
1.099999994659423841e+01
1.240000001525878837e+01
1.399999994659423841e+01
1.659999989318847824e+01
1.859999989318847824e+01
2.039999986267089938e+01
2.059999989318847824e+01
2.580000000000000071e+01
2.459999986267089866e+01
2.679999996948242114e+01
2.739999990844726696e+01
3.039999996948242256e+01
2.759999987792968668e+01
3.079999992370605355e+01
2.580000000000000071e+01
3.179999993896484511e+01
3.119999990844726412e+01
2.819999990844726412e+01
2.899999986267089724e+01
3.020000003051757886e+01
2.320000003051757886e+01
3.600000006103515915e+01
3.459999984741210710e+01
3.059999969482421989e+01
3.960000003051757744e+01
3.279999987792968597e+01
2.859999987792968668e+01
3.599999990844726483e+01
2.439999999999999858e+01
3.019999984741210852e+01
3.219999990844726767e+01
3.039999989318847540e+01
3.159999990844726625e+01
2.759999986267089866e+01
2.980000003051757673e+01
3.499999990844726483e+01
3.920000003051757886e+01
2.219999993896484369e+01
3.539999978637695222e+01
2.980000000000000071e+01
3.139999984741210781e+01
3.599999969482421847e+01
3.819999987792968454e+01
4.079999999999999716e+01
4.419999984741210852e+01
4.999999972534179449e+01
5.040000006103515773e+01
5.279999987792968597e+01
5.719999969482422131e+01
5.620000006103515489e+01
5.779999996948242114e+01
5.659999978637695506e+01
5.719999978637695648e+01
5.759999984741210710e+01
5.840000003051757460e+01
5.740000003051757460e+01
5.639999981689452824e+01
6.059999990844726625e+01
5.839999993896484654e+01
6.179999987792968597e+01
5.879999978637695079e+01
5.739999984741211136e+01
6.020000006103515489e+01
6.100000012207031119e+01
5.920000012207031403e+01
5.919999981689453250e+01
5.740000003051757460e+01
6.060000000000000142e+01
6.139999969482421704e+01
6.119999993896484369e+01
5.999999975585937761e+01
5.959999975585937193e+01
6.139999978637695222e+01
5.939999987792968739e+01
5.959999975585937193e+01
6.119999990844726767e+01
5.879999993896484511e+01
6.179999987792968597e+01
6.120000003051757886e+01
6.120000012207031403e+01
6.220000006103515489e+01
6.059999981689453108e+01
6.219999975585937335e+01
6.099999978637695364e+01
6.179999999999999716e+01
6.259999969482421989e+01
6.179999981689453392e+01
6.139999999999999858e+01
6.059999987792969023e+01
6.339999984741211136e+01
6.039999990844726341e+01
6.019999987792968454e+01
6.340000012207030977e+01
6.119999984741210852e+01
6.540000006103515773e+01
6.139999984741211136e+01
6.380000006103515631e+01
6.219999984741210852e+01
6.459999978637695506e+01
6.219999978637695648e+01
6.079999963378906358e+01
6.419999969482421420e+01
6.239999975585937619e+01
6.219999984741210852e+01
6.279999981689453392e+01
6.139999987792968739e+01
6.159999981689453108e+01
5.999999996948242398e+01
6.159999996948242540e+01
6.259999990844726625e+01
6.420000000000000284e+01
6.699999963378905932e+01
6.339999963378906500e+01
6.119999996948241971e+01
6.580000012207031546e+01
6.399999984741211279e+01
6.479999963378905647e+01
6.279999990844726909e+01
