3.239999981689452824e+01
2.800000007629394716e+00
4.199999988555908281e+00
5.999999999999999778e-01
1.379999989318847575e+01
3.359999978637695506e+01
6.999999946594238409e+00
1.300000000762939401e+01
2.219999996948242327e+01
3.799999946594238232e+00
2.459999996948242185e+01
7.199999994277954229e+00
2.199999994277954229e+00
7.400000007629394361e+00
1.999999988555908104e+00
5.399999994277954407e+00
8.799999977111816918e+00
1.719999999999999929e+01
3.659999990844726625e+01
1.739999998474121057e+01
1.399999994277954185e+00
8.800000015258788721e+00
1.379999986267089795e+01
2.400000007629394361e+00
4.000000000000000222e-01
5.999999999999999778e-01
2.599999988555908192e+00
1.179999994659423912e+01
1.399999999999999911e+00
1.359999992370605426e+01
4.399999988555908459e+00
9.000000007629394005e+00
1.399999999999999911e+00
9.800000007629394716e+00
2.159999986267089866e+01
1.560000001525878943e+01
8.799999954223633125e+00
1.319999989318847611e+01
8.399999977111816563e+00
8.799999988555908814e+00
2.999999988555908104e+00
5.199999977111816385e+00
3.699999993896484085e+01
8.399999977111816563e+00
9.800000007629394716e+00
6.400000007629394361e+00
4.999999988555908104e+00
3.399999988555908015e+00
9.000000007629394005e+00
7.600000015258789432e+00
3.799999999999999822e+00
1.319999997711181727e+01
4.299999981689452966e+01
7.800000007629394716e+00
8.199999994277954229e+00
6.799999988555907926e+00
3.800000007629394716e+00
1.019999997711181727e+01
1.399999994277954185e+00
8.800000007629394716e+00
2.299999995422363241e+01
3.439999984741211136e+01
7.599999994277953697e+00
2.399999988555908015e+00
6.199999977111816385e+00
9.000000015258789787e+00
5.800000007629394716e+00
1.019999995422363348e+01
1.359999992370605426e+01
3.299999990844726483e+01
1.600000000000000089e+00
7.000000007629394894e+00
7.399999977111816563e+00
7.399999988555908459e+00
1.179999997711181692e+01
7.599999988555908637e+00
1.219999998474121128e+01
5.079999987792968597e+01
4.599999999999999645e+00
1.459999992370605426e+01
6.600000007629394538e+00
4.000000007629394894e+00
1.319999992370605391e+01
1.500000003051757780e+01
1.519999998474121128e+01
1.860000000000000142e+01
2.040000003051757815e+01
2.040000003051757815e+01
2.180000000000000071e+01
2.220000003051757886e+01
2.419999989318847611e+01
2.599999990844726483e+01
2.039999999999999858e+01
2.579999986267089795e+01
2.679999984741210994e+01
3.060000003051757744e+01
2.959999993896484227e+01
2.819999986267090009e+01
2.299999992370605639e+01
2.879999996948242114e+01
2.839999986267089938e+01
2.879999992370605355e+01
3.619999975585937335e+01
3.019999990844726412e+01
3.679999990844726909e+01
4.100000006103515915e+01
3.919999969482422131e+01
3.899999981689452966e+01
3.119999978637695293e+01
3.939999993896484654e+01
3.439999990844726341e+01
4.039999999999999858e+01
3.279999993896484511e+01
3.239999981689452824e+01
3.479999987792968597e+01
3.079999993896484511e+01
3.979999975585937477e+01
3.039999993896484298e+01
3.339999978637695222e+01
3.460000003051757744e+01
3.359999996948242540e+01
3.779999984741210994e+01
3.599999981689452966e+01
4.279999981689453392e+01
4.799999975585937761e+01
5.199999981689452966e+01
5.099999984741211279e+01
5.699999990844726483e+01
5.519999981689453250e+01
5.260000006103515346e+01
5.819999987792968454e+01
6.119999987792968454e+01
6.159999975585937193e+01
6.079999981689453392e+01
6.819999969482421420e+01
6.479999987792969307e+01
6.380000012207031546e+01
6.479999975585937477e+01
6.639999981689453534e+01
6.539999981689453534e+01
6.580000006103514920e+01
6.299999987792968881e+01
6.399999984741211279e+01
6.819999951171874386e+01
7.119999975585938046e+01
6.739999981689453534e+01
6.780000012207031546e+01
6.919999969482421420e+01
7.139999987792968739e+01
7.140000000000000568e+01
6.920000006103515489e+01
6.539999969482421704e+01
6.979999993896484511e+01
6.979999987792969307e+01
7.079999999999999716e+01
7.079999993896484511e+01
6.999999969482422557e+01
6.739999984741210426e+01
6.819999984741211563e+01
7.279999999999999716e+01
7.079999999999999716e+01
7.500000012207031830e+01
6.960000006103516057e+01
7.099999984741211279e+01
6.999999969482422557e+01
7.299999963378905932e+01
7.379999963378905647e+01
7.239999951171874670e+01
7.140000006103515773e+01
7.219999957275391012e+01
7.040000012207030977e+01
6.999999963378905932e+01
6.999999978637694653e+01
6.919999975585938046e+01
7.179999969482422273e+01
6.859999963378906784e+01
7.099999978637694653e+01
7.039999957275391296e+01
7.080000006103514920e+01
7.099999957275390727e+01
7.179999957275390443e+01
7.040000000000000568e+01
7.059999999999999432e+01
7.160000012207031261e+01
7.220000000000000284e+01
7.079999981689452682e+01
7.079999963378905647e+01
7.059999993896484227e+01
7.560000006103516057e+01
7.739999993896483943e+01
7.699999963378905932e+01
7.499999993896484796e+01
7.599999951171875523e+01
7.520000006103515489e+01
7.679999993896484511e+01
7.459999993896484227e+01
7.399999957275390727e+01
7.299999993896484796e+01
7.120000006103515489e+01
7.499999993896484796e+01
