7.200000015258789077e+00
1.999999942779540907e-01
4.199999988555908281e+00
0.000000000000000000e+00
1.800000000000000044e+00
4.000000000000000222e-01
1.119999997711181727e+01
8.199999994277954229e+00
4.800000007629394716e+00
1.199999999999999956e+00
8.599999977111815852e+00
1.099999999427795494e+01
6.799999946594238232e+00
3.400000007629394361e+00
2.999999994277954052e+00
2.199999994277954229e+00
5.999999999999999778e-01
3.459999969482421989e+01
1.199999988555908281e+00
2.799999988555908370e+00
8.599999946594238054e+00
9.600000015258789432e+00
7.799999946594238232e+00
4.200000000000000178e+00
8.000000007629394005e+00
1.580000000762939472e+01
7.399999977111816563e+00
5.199999994277954229e+00
3.179999996948242114e+01
3.399999994277953963e+00
8.799999994277953874e+00
4.099999989318847327e+01
6.399999988555908459e+00
7.200000007629394183e+00
8.999999988555908104e+00
7.799999984741210923e+00
4.580000003051758029e+01
4.599999994277953697e+00
7.199999977111816385e+00
9.599999946594238054e+00
7.600000007629394538e+00
7.199999984741211279e+00
2.999999994277954052e+00
1.299999995422363241e+01
1.519999992370605391e+01
4.599999988555908637e+00
9.399999977111816563e+00
9.999999946594238409e+00
5.999999946594238409e+00
1.180000001525878872e+01
7.599999988555908637e+00
2.299999989318847682e+01
1.200000000762939401e+01
3.399999988555908015e+00
7.199999988555908281e+00
7.399999988555908459e+00
1.379999994659423912e+01
8.399999954223632770e+00
8.199999988555907393e+00
3.479999978637695079e+01
6.399999946594237876e+00
2.000000000000000111e-01
1.079999994659423912e+01
2.059999984741211065e+01
8.200000007629395071e+00
5.799999946594238232e+00
3.799999988555908370e+00
1.639999992370605497e+01
9.600000007629393650e+00
2.419999996948242327e+01
1.240000001525878837e+01
4.959999975585937193e+01
7.199999977111816385e+00
5.799999988555907926e+00
1.639999992370605497e+01
6.399999984741210568e+00
9.600000015258789432e+00
4.799999994277953874e+00
1.180000001525878872e+01
1.399999988555908237e+00
1.619999986267090009e+01
1.320000001525878908e+01
8.599999977111815852e+00
8.399999977111816563e+00
1.159999998474121163e+01
1.020000001525878908e+01
1.099999998474121021e+01
1.079999994659423912e+01
1.199999998474121021e+01
1.199999995422363241e+01
1.240000001525878837e+01
1.899999992370605639e+01
1.679999995422363313e+01
1.699999992370605639e+01
1.859999992370605426e+01
1.719999997711181550e+01
2.279999986267089795e+01
2.020000003051757886e+01
2.579999987792968597e+01
1.999999996948242043e+01
2.039999989318847540e+01
2.059999981689453108e+01
2.299999996948242043e+01
2.399999996948242043e+01
2.640000003051757815e+01
2.300000003051757957e+01
2.339999999999999858e+01
2.399999992370605639e+01
2.099999987792968881e+01
2.599999993896484440e+01
1.999999992370605639e+01
2.619999987792968810e+01
3.039999984741210781e+01
2.459999984741211065e+01
3.299999984741211279e+01
2.559999990844726625e+01
3.039999999999999858e+01
2.400000003051757957e+01
2.519999986267090009e+01
2.459999998474120986e+01
2.419999995422363170e+01
2.819999987792968810e+01
3.359999984741210710e+01
2.299999990844726483e+01
2.359999993896484227e+01
2.659999986267089866e+01
3.119999978637695293e+01
3.399999990844726483e+01
3.639999981689452824e+01
4.119999984741210852e+01
4.279999969482421562e+01
4.819999975585937335e+01
5.179999996948242114e+01
4.819999972534179733e+01
5.079999996948242114e+01
5.259999990844726625e+01
5.259999987792969023e+01
5.619999975585937335e+01
5.460000006103515346e+01
5.099999993896484085e+01
5.679999990844726909e+01
5.260000000000000142e+01
5.539999990844726341e+01
5.819999987792968454e+01
5.699999993896484085e+01
5.640000003051757460e+01
5.979999987792968597e+01
5.899999990844726483e+01
6.079999996948242114e+01
6.139999984741211136e+01
5.659999975585937193e+01
5.940000012207030977e+01
6.019999990844726767e+01
6.299999987792968881e+01
6.239999996948242256e+01
6.260000012207031261e+01
6.299999981689452966e+01
6.079999975585937477e+01
6.359999975585937193e+01
6.419999987792968454e+01
6.159999981689453108e+01
6.419999978637694937e+01
6.279999990844726909e+01
6.559999990844725914e+01
6.240000012207030977e+01
6.239999990844726341e+01
6.459999978637695506e+01
6.039999975585937619e+01
6.539999987792968739e+01
6.219999984741210852e+01
6.799999984741211279e+01
6.720000006103515489e+01
6.320000012207031403e+01
6.639999984741210426e+01
6.919999969482421420e+01
6.639999993896483943e+01
6.519999975585938046e+01
6.599999975585937761e+01
6.199999975585937761e+01
6.179999981689453392e+01
6.380000012207031546e+01
6.359999987792969023e+01
6.620000012207030693e+01
6.699999987792968170e+01
6.760000006103516057e+01
6.699999975585937761e+01
6.519999975585938046e+01
6.439999981689453534e+01
6.299999969482421847e+01
6.499999984741211279e+01
6.259999969482421989e+01
6.739999981689453534e+01
6.719999975585938046e+01
6.759999975585937193e+01
6.840000000000000568e+01
6.299999975585937761e+01
6.539999975585936909e+01
6.779999999999999716e+01
6.939999957275391296e+01
6.819999975585938046e+01
