1.159999998474121163e+01
0.000000000000000000e+00
0.000000000000000000e+00
5.599999994277953697e+00
1.419999992370605391e+01
2.000000000000000111e-01
5.999999994277954052e+00
1.539999989318847717e+01
5.400000007629394361e+00
4.199999994277954229e+00
6.399999946594237876e+00
5.999999988555908104e+00
1.800000000000000044e+00
3.399999977111816563e+00
6.400000015258789254e+00
2.000000000000000000e+00
1.579999986267089795e+01
4.199999994277954229e+00
5.999999999999999778e-01
3.399999999999999911e+00
4.200000007629394183e+00
4.399999977111816563e+00
0.000000000000000000e+00
5.100000006103515915e+01
2.999999988555908104e+00
3.000000000000000000e+00
2.279999992370605355e+01
9.799999954223633125e+00
1.399999994277954185e+00
1.100000001525878979e+01
1.439999997711181656e+01
4.399999988555908459e+00
9.399999977111816563e+00
4.400000007629394361e+00
6.199999988555908281e+00
2.360000003051757744e+01
5.999999999999999778e-01
2.600000000000000089e+00
1.419999995422363348e+01
7.600000007629394538e+00
2.059999986267089866e+01
8.400000007629394361e+00
6.599999988555908637e+00
1.019999998474121128e+01
7.799999977111816030e+00
8.000000076293944939e-01
5.200000007629394183e+00
2.299999995422363241e+01
1.040000001525878837e+01
4.600000007629394538e+00
3.199999988555908281e+00
4.119999996948241971e+01
6.799999977111816030e+00
1.199999999999999956e+00
2.399999999999999911e+00
1.739999995422363455e+01
1.400000001525878979e+01
2.799999999999999822e+00
6.940000006103515773e+01
5.799999988555907926e+00
3.879999978637695079e+01
7.599999988555908637e+00
7.399999977111816563e+00
5.000000007629394894e+00
2.519999975585937335e+01
5.799999988555907926e+00
7.399999946594237876e+00
1.939999996948242256e+01
2.559999993896484227e+01
2.639999978637695222e+01
9.399999946594238764e+00
5.800000007629394716e+00
1.339999998474121057e+01
1.379999995422363313e+01
2.720000003051757886e+01
8.000000007629394005e+00
5.399999946594237876e+00
4.300000003051757602e+01
8.199999984741211279e+00
4.319999981689453250e+01
1.219999994659423770e+01
1.039999997711181656e+01
7.999999994277954052e+00
1.099999999427795494e+01
1.040000000762939436e+01
1.199999995422363241e+01
1.399999998474121021e+01
1.039999997711181656e+01
1.499999998474121021e+01
1.439999989318847717e+01
1.879999989318847753e+01
2.080000003051757673e+01
2.019999995422363170e+01
1.639999998474121057e+01
2.799999995422363241e+01
2.219999986267090009e+01
2.199999987792968881e+01
2.139999986267089938e+01
2.119999986267090009e+01
2.739999986267089938e+01
2.660000000000000142e+01
2.920000003051757886e+01
2.079999992370605355e+01
2.579999990844726554e+01
2.939999975585937619e+01
2.539999999999999858e+01
2.579999992370605355e+01
2.619999996948242327e+01
2.779999987792968597e+01
2.599999978637695364e+01
2.879999996948242114e+01
2.700000003051757957e+01
2.719999990844726412e+01
2.519999989318847611e+01
2.380000000000000071e+01
2.599999990844726483e+01
2.799999978637695364e+01
2.859999987792968668e+01
2.239999999999999858e+01
3.399999996948242398e+01
3.339999975585937619e+01
3.539999981689452824e+01
3.099999981689452966e+01
3.519999975585937335e+01
3.619999978637695648e+01
3.399999996948242398e+01
3.800000003051757602e+01
4.239999996948242256e+01
4.419999972534179733e+01
4.940000006103515773e+01
4.779999972534179875e+01
4.900000000000000000e+01
5.419999969482422131e+01
5.299999972534179449e+01
5.779999978637695079e+01
5.679999999999999716e+01
5.319999984741210852e+01
5.579999984741210994e+01
6.019999981689453250e+01
5.819999969482422131e+01
5.459999987792969023e+01
5.719999987792968454e+01
5.619999978637695648e+01
6.039999963378906500e+01
5.879999984741210994e+01
5.799999969482421847e+01
5.979999993896484511e+01
5.919999975585937335e+01
5.939999999999999858e+01
6.519999963378906216e+01
6.200000012207031119e+01
6.319999978637695648e+01
5.620000003051757886e+01
6.239999987792968739e+01
6.159999993896484227e+01
6.219999963378906216e+01
6.079999987792968597e+01
6.399999963378905932e+01
6.439999987792968739e+01
6.619999969482421420e+01
6.680000012207031546e+01
6.379999978637695079e+01
6.640000000000000568e+01
6.599999963378905932e+01
6.599999993896484796e+01
6.099999981689452966e+01
6.599999981689452966e+01
6.459999978637695506e+01
6.119999987792968454e+01
6.639999981689453534e+01
6.459999975585937193e+01
6.439999990844727051e+01
6.580000012207031546e+01
6.659999975585937193e+01
6.239999990844726341e+01
6.199999990844726483e+01
6.539999978637695222e+01
6.159999969482421989e+01
6.459999981689453818e+01
6.479999975585937477e+01
6.280000006103515631e+01
6.460000003051757744e+01
6.539999981689453534e+01
6.319999969482422131e+01
6.279999984741210994e+01
6.339999975585937619e+01
6.659999978637695506e+01
6.519999981689453250e+01
6.859999978637695506e+01
6.459999975585937193e+01
6.639999984741210426e+01
6.399999984741211279e+01
6.640000000000000568e+01
6.919999993896485080e+01
6.379999981689453392e+01
6.699999957275390727e+01
6.660000012207031261e+01
6.500000006103515204e+01
6.880000006103514920e+01
6.679999981689452682e+01
