0.000000000000000000e+00
2.000000000000000111e-01
3.600000007629394538e+00
6.399999946594237876e+00
2.619999986267090009e+01
4.599999988555908637e+00
1.740000003051757815e+01
1.299999986267089902e+01
6.399999954223632770e+00
4.199999988555908281e+00
5.599999999999999645e+00
6.399999946594237876e+00
7.040000000000000568e+01
5.000000007629394894e+00
1.799999994277954096e+00
1.679999992370605355e+01
7.599999988555908637e+00
5.799999988555907926e+00
4.599999988555908637e+00
3.679999987792968597e+01
9.199999954223633480e+00
3.399999988555908015e+00
2.000000000000000111e-01
4.399999988555908459e+00
5.199999988555908281e+00
2.259999992370605426e+01
2.079999992370605355e+01
2.479999993896484511e+01
2.099999990844726483e+01
6.400000007629394361e+00
1.279999995422363313e+01
1.399999989318847682e+01
5.999999988555908104e+00
5.399999988555908459e+00
9.599999946594238054e+00
3.799999994277954318e+00
3.759999972534179591e+01
1.519999994659423770e+01
3.779999975585937477e+01
4.059999975585937193e+01
1.379999992370605533e+01
7.600000015258789432e+00
1.800000000000000044e+00
1.539999986267089760e+01
1.039999994659423876e+01
1.000000000000000000e+00
2.799999994277954318e+00
1.100000001525878979e+01
6.999999988555908104e+00
1.000000000762939401e+01
1.399999997711181621e+01
1.439999989318847717e+01
7.999999954223632415e+00
9.799999946594239120e+00
3.659999975585937193e+01
5.200000007629394183e+00
6.200000015258789077e+00
1.080000000762939472e+01
7.199999923706054794e+00
2.139999992370605497e+01
2.780000000000000071e+01
1.099999994659423841e+01
1.100000001525878979e+01
1.000000000000000000e+00
4.779999969482421562e+01
1.779999986267089795e+01
3.800000007629394716e+00
1.119999998474121128e+01
1.260000000762939365e+01
7.799999946594238232e+00
3.019999993896484369e+01
1.899999995422363241e+01
4.000000000000000222e-01
1.039999994659423876e+01
1.319999995422363348e+01
4.999999988555908104e+00
2.799999977111816474e+00
2.399999994277953963e+00
6.319999975585937335e+01
1.199999998474121021e+01
2.599999986267089724e+01
7.739999993896483943e+01
1.320000001525878908e+01
1.519999995422363348e+01
1.900000003051757957e+01
2.099999986267089724e+01
2.139999989318847540e+01
2.299999998474121199e+01
3.259999984741210710e+01
3.039999993896484298e+01
2.999999972534179804e+01
3.339999990844726341e+01
3.039999990844726696e+01
2.999999987792968881e+01
3.219999984741210852e+01
3.399999987792968881e+01
3.320000003051757886e+01
3.419999996948241971e+01
3.399999986267089724e+01
3.479999984741210994e+01
4.500000006103515915e+01
3.739999969482421704e+01
3.339999993896484654e+01
3.459999984741210710e+01
3.639999987792968739e+01
3.519999969482422131e+01
3.639999990844726341e+01
4.699999996948242398e+01
3.759999996948242540e+01
3.859999990844726625e+01
3.619999984741210852e+01
3.579999987792968597e+01
3.979999987792968597e+01
3.919999972534179733e+01
4.459999981689453108e+01
3.899999975585937761e+01
5.379999993896484511e+01
4.440000003051757460e+01
4.099999993896484085e+01
3.419999981689453250e+01
3.419999993896484369e+01
4.320000006103515489e+01
3.919999981689453250e+01
4.300000006103515915e+01
4.539999978637695222e+01
4.759999996948242540e+01
5.539999981689452824e+01
5.359999975585937193e+01
5.479999981689453392e+01
5.899999990844726483e+01
5.939999990844726341e+01
6.279999969482421562e+01
6.319999993896484369e+01
6.219999990844726767e+01
6.299999987792968881e+01
6.479999993896484511e+01
6.459999984741210710e+01
6.300000012207031119e+01
6.419999984741211563e+01
6.599999984741211279e+01
6.339999987792968739e+01
6.499999984741211279e+01
6.600000012207031830e+01
6.839999993896483943e+01
6.859999969482421989e+01
6.819999981689453250e+01
6.780000006103514920e+01
6.699999990844726483e+01
6.579999987792969307e+01
6.759999978637695506e+01
6.500000012207031830e+01
6.699999978637694653e+01
7.059999963378906784e+01
6.839999963378906500e+01
6.979999969482422273e+01
6.940000012207030977e+01
7.120000000000000284e+01
7.179999963378905647e+01
6.819999978637694937e+01
6.699999987792968170e+01
6.959999969482421989e+01
6.979999969482422273e+01
6.760000012207031261e+01
7.059999951171874955e+01
6.979999999999999716e+01
6.899999969482422557e+01
6.980000006103514920e+01
6.959999951171874955e+01
6.899999969482422557e+01
6.779999969482422273e+01
6.839999987792968739e+01
6.800000006103515204e+01
7.079999963378905647e+01
7.059999969482421989e+01
7.259999963378906784e+01
7.080000012207031546e+01
6.779999987792969307e+01
6.959999999999999432e+01
6.620000012207030693e+01
6.940000012207030977e+01
7.159999957275390159e+01
7.019999963378906216e+01
7.239999981689453534e+01
6.959999975585937193e+01
6.799999981689452966e+01
7.200000006103515204e+01
6.879999963378905647e+01
7.059999957275390159e+01
6.959999963378906784e+01
7.259999993896484227e+01
6.959999978637695506e+01
7.259999969482421989e+01
6.859999975585937193e+01
7.100000000000000000e+01
6.719999990844726767e+01
7.219999969482421420e+01
6.859999951171874955e+01
7.339999957275391296e+01
6.939999987792968739e+01
7.159999993896484227e+01
