9.999999954223632415e+00
1.519999994659423770e+01
1.339999998474121057e+01
5.999999885559081925e-01
4.000000000000000222e-01
2.599999990844726483e+01
1.399999999999999911e+00
2.380000000000000071e+01
2.799999977111816474e+00
4.259999975585937193e+01
2.799999994277954318e+00
9.199999984741211279e+00
6.999999988555908104e+00
3.619999990844726767e+01
1.700000000000000000e+01
8.000000000000000444e-01
9.399999946594238764e+00
6.399999977111816563e+00
3.599999994277954141e+00
3.079999990844726554e+01
1.600000007629394538e+00
1.019999997711181727e+01
5.200000000000000178e+00
1.999999994277954052e+00
4.599999988555908637e+00
1.220000003051757886e+01
0.000000000000000000e+00
6.800000007629394716e+00
1.199999994277954007e+00
1.019999997711181727e+01
7.200000015258789077e+00
5.200000007629394183e+00
1.299999997711181621e+01
4.200000007629394183e+00
9.199999994277954229e+00
4.899999990844726483e+01
3.199999988555908281e+00
1.719999998474121128e+01
3.599999994277954141e+00
2.599999994277954141e+00
2.400000007629394361e+00
5.599999977111816740e+00
2.199999988555908281e+00
1.999999994277954052e+00
4.999999994277954052e+00
1.719999999999999929e+01
8.000000000000000444e-01
3.159999993896484227e+01
1.280000001525878872e+01
6.199999946594238587e+00
5.000000007629394894e+00
2.000000000000000000e+00
2.799999977111816474e+00
9.999999942779540518e-01
5.000000007629394894e+00
8.599999954223632059e+00
1.259999989318847646e+01
7.800000007629394716e+00
5.999999946594238409e+00
2.200000000000000178e+00
8.000000007629394005e+00
1.359999992370605426e+01
8.599999977111815852e+00
1.979999992370605355e+01
4.619999972534179733e+01
3.400000007629394361e+00
5.200000007629394183e+00
1.080000000762939472e+01
1.999999994277954052e+00
3.019999993896484369e+01
8.599999984741211634e+00
5.999999999999999778e-01
5.399999994277954407e+00
7.000000006103515204e+01
2.699999987792968881e+01
1.159999998474121163e+01
1.419999989318847611e+01
1.060000000762939365e+01
7.000000007629394894e+00
7.999999942779540962e-01
1.020000000762939507e+01
2.000000000000000000e+00
1.199999997711181621e+01
1.100000001525878979e+01
9.199999988555907393e+00
8.599999977111815852e+00
9.799999946594239120e+00
9.599999984741211634e+00
1.040000000762939436e+01
1.199999998474121021e+01
1.280000001525878872e+01
1.139999999427795352e+01
1.260000000762939365e+01
1.379999989318847575e+01
1.519999998474121128e+01
1.439999994659423876e+01
1.459999995422363206e+01
1.839999994659423876e+01
1.599999995422363241e+01
1.939999989318847540e+01
2.320000003051757886e+01
1.839999999999999858e+01
1.840000001525879014e+01
2.319999984741210852e+01
1.679999992370605355e+01
1.819999998474121128e+01
2.779999975585937477e+01
2.119999996948242327e+01
2.400000000000000000e+01
2.759999989318847824e+01
1.879999992370605355e+01
1.920000001525878730e+01
2.260000000000000142e+01
3.159999981689453108e+01
2.400000003051757957e+01
2.200000001525878801e+01
2.199999996948242043e+01
2.480000003051757673e+01
1.819999994659423947e+01
2.819999999999999929e+01
2.419999987792968810e+01
2.560000000000000142e+01
2.759999987792968668e+01
2.380000003051757673e+01
2.319999989318847611e+01
2.900000000000000000e+01
2.719999984741210852e+01
2.940000003051757815e+01
3.759999978637695506e+01
4.059999990844726625e+01
4.399999978637695364e+01
4.999999993896484085e+01
5.179999993896484511e+01
4.900000000000000000e+01
5.579999987792968597e+01
5.539999984741211136e+01
5.479999990844726909e+01
5.560000000000000142e+01
5.579999993896484511e+01
5.839999999999999858e+01
5.659999990844726625e+01
5.939999984741211136e+01
6.079999999999999716e+01
5.579999993896484511e+01
5.899999987792968881e+01
6.099999993896484085e+01
5.979999975585937477e+01
6.179999990844726909e+01
6.179999978637695079e+01
6.379999999999999716e+01
5.860000003051757744e+01
6.519999957275391012e+01
6.499999978637694653e+01
6.479999963378905647e+01
6.519999987792968454e+01
6.319999990844726767e+01
6.299999981689452966e+01
6.239999978637695222e+01
6.039999990844726341e+01
6.239999981689452824e+01
6.299999981689452966e+01
6.499999981689452966e+01
6.299999981689452966e+01
6.339999978637695222e+01
6.500000012207031830e+01
6.560000006103516057e+01
6.499999990844726483e+01
6.179999984741210994e+01
6.539999987792968739e+01
6.219999987792968454e+01
6.760000012207031261e+01
6.559999978637695506e+01
6.399999969482421847e+01
6.519999981689453250e+01
6.399999975585937761e+01
6.220000006103515489e+01
6.500000006103515204e+01
6.660000012207031261e+01
6.639999981689453534e+01
6.099999984741211279e+01
6.379999963378906358e+01
6.359999981689453108e+01
6.479999981689452682e+01
6.519999984741211563e+01
6.479999963378905647e+01
6.499999978637694653e+01
6.459999981689453818e+01
6.580000012207031546e+01
6.319999978637695648e+01
6.459999981689453818e+01
6.639999984741210426e+01
6.340000012207030977e+01
6.559999981689453818e+01
6.519999969482421420e+01
6.439999978637695222e+01
6.299999990844726483e+01
6.519999981689453250e+01
6.779999963378905647e+01
6.500000006103515204e+01
6.879999981689452682e+01
