2.659999996948242185e+01
6.800000015258788721e+00
2.400000007629394361e+00
1.799999988555908148e+00
0.000000000000000000e+00
2.079999992370605355e+01
3.600000007629394538e+00
2.199999994277954229e+00
2.599999988555908192e+00
4.000000000000000222e-01
7.599999994277953697e+00
5.999999977111816207e+00
6.799999988555907926e+00
9.999999954223632415e+00
4.999999988555908104e+00
7.999999885559081481e-01
2.399999994277953963e+00
1.819999995422363170e+01
3.000000007629394450e+00
9.199999977111817273e+00
2.999999994277954052e+00
2.599999996948242043e+01
3.320000000000000284e+01
2.799999988555908370e+00
7.360000012207031261e+01
1.999999988555908104e+00
1.799999994277954096e+00
2.399999999999999911e+00
5.800000015258788721e+00
4.999999994277954052e+00
1.799999994277954096e+00
1.600000000000000089e+00
6.999999988555908104e+00
7.999999885559081481e-01
4.599999988555908637e+00
6.399999977111816563e+00
1.100000000762939401e+01
1.140000001525878837e+01
1.800000000000000044e+00
5.800000007629394716e+00
4.200000007629394183e+00
4.599999977111816740e+00
7.600000015258789432e+00
4.039999984741211136e+01
3.200000000000000178e+00
2.000000000000000111e-01
4.499999987792968881e+01
8.999999954223632415e+00
2.000000000000000111e-01
1.579999994659423912e+01
1.559999995422363206e+01
1.299999997711181621e+01
9.600000007629393650e+00
2.000000000000000000e+00
7.999999942779540962e-01
4.399999946594237876e+00
1.219999992370605391e+01
2.019999999999999929e+01
7.000000015258788899e+00
2.000000000000000111e-01
1.599999988555908192e+00
5.399999994277954407e+00
5.999999988555908104e+00
3.399999988555908015e+00
1.139999992370605497e+01
1.520000003051757886e+01
1.120000001525878908e+01
1.339999992370605497e+01
3.599999977111816296e+00
2.999999988555908104e+00
1.199999992370605462e+01
2.799999999999999822e+00
4.219999996948241971e+01
8.199999946594237699e+00
1.099999995422363241e+01
6.399999984741210568e+00
1.980000000000000071e+01
2.999999988555908104e+00
2.600000000000000089e+00
3.799999994277954318e+00
3.800000007629394716e+00
4.999999946594238409e+00
9.799999946594239120e+00
8.600000007629393650e+00
1.099999997711181621e+01
1.039999997711181656e+01
1.419999998474121128e+01
1.280000001525878872e+01
1.599999993896484440e+01
2.019999996948242327e+01
2.119999998474121128e+01
2.200000003051757957e+01
2.739999996948242256e+01
3.079999987792968597e+01
2.539999989318847540e+01
2.039999996948242256e+01
2.660000003051757744e+01
3.679999999999999716e+01
2.879999990844726554e+01
3.239999984741211136e+01
3.279999972534179875e+01
3.839999987792968739e+01
3.779999975585937477e+01
3.839999996948242256e+01
4.800000000000000000e+01
3.179999990844726554e+01
3.059999981689453108e+01
3.759999984741210710e+01
3.079999990844726554e+01
3.879999975585937477e+01
2.819999984741210852e+01
3.620000000000000284e+01
3.199999975585937406e+01
3.439999972534180017e+01
3.319999987792968454e+01
4.740000006103515773e+01
2.760000003051757744e+01
3.279999987792968597e+01
3.040000003051757815e+01
3.220000000000000284e+01
3.439999984741211136e+01
2.960000000000000142e+01
2.899999993896484440e+01
3.839999999999999858e+01
3.979999999999999716e+01
4.179999987792968597e+01
4.700000006103515915e+01
4.959999972534179591e+01
5.439999990844726341e+01
6.019999975585937335e+01
6.059999990844726625e+01
6.599999975585937761e+01
6.120000012207031403e+01
6.739999981689453534e+01
6.579999963378905647e+01
6.599999975585937761e+01
6.359999987792969023e+01
6.839999978637695222e+01
6.680000012207031546e+01
7.099999981689452966e+01
6.720000006103515489e+01
6.499999981689452966e+01
6.859999969482421989e+01
7.019999978637694937e+01
7.019999969482421420e+01
6.779999969482422273e+01
6.879999978637695790e+01
7.040000012207030977e+01
6.599999975585937761e+01
6.820000012207030693e+01
6.919999963378906216e+01
6.900000006103515204e+01
6.839999963378906500e+01
7.199999987792968170e+01
7.179999963378905647e+01
7.040000012207030977e+01
7.180000006103514920e+01
7.099999969482422557e+01
7.219999978637694937e+01
7.220000000000000284e+01
6.960000012207031261e+01
7.059999993896484227e+01
7.160000006103516057e+01
7.339999987792968739e+01
7.239999975585936909e+01
6.979999984741210994e+01
6.879999984741210994e+01
7.239999957275391296e+01
7.139999978637695222e+01
7.039999963378906500e+01
7.280000006103514920e+01
6.999999963378905932e+01
7.119999963378906216e+01
7.160000006103516057e+01
7.239999987792968739e+01
7.499999957275390727e+01
7.100000006103515204e+01
7.259999975585937193e+01
7.279999975585937477e+01
7.340000000000000568e+01
7.179999969482422273e+01
7.219999963378906216e+01
7.279999975585937477e+01
7.259999969482421989e+01
7.340000000000000568e+01
7.179999975585937477e+01
7.279999999999999716e+01
7.219999975585938046e+01
7.259999969482421989e+01
7.379999963378905647e+01
7.140000006103515773e+01
7.360000006103516057e+01
7.299999987792968170e+01
7.240000006103515773e+01
7.179999975585937477e+01
7.199999963378905932e+01
7.359999999999999432e+01
7.059999999999999432e+01
7.219999951171874386e+01
7.319999963378906216e+01
