0.000000000000000000e+00
2.999999994277954052e+00
5.999999942779541406e-01
1.219999994659423770e+01
1.399999994277954185e+00
4.240000006103515773e+01
9.800000015258788721e+00
9.199999977111817273e+00
3.239999996948242256e+01
7.199999977111816385e+00
4.699999972534179449e+01
3.200000000000000000e+01
2.079999992370605355e+01
1.219999998474121128e+01
1.380000001525878872e+01
7.399999977111816563e+00
2.379999987792968597e+01
2.879999987792968597e+01
2.819999987792968810e+01
9.199999977111817273e+00
4.239999972534180017e+01
2.239999987792968739e+01
2.620000003051757886e+01
3.399999994277953963e+00
7.659999975585937193e+01
1.359999998474121163e+01
2.699999990844726483e+01
7.999999946594238409e+00
3.399999988555908015e+00
3.579999969482421562e+01
3.519999981689453250e+01
3.480000006103515631e+01
1.359999994659423805e+01
1.019999995422363348e+01
2.459999986267089866e+01
1.139999995422363277e+01
5.799999977111816030e+00
7.399999946594237876e+00
2.799999986267089724e+01
7.219999969482421420e+01
2.299999996948242043e+01
8.019999957275391012e+01
3.359999993896484227e+01
4.120000006103515489e+01
5.079999993896484511e+01
2.459999987792968668e+01
3.200000007629394627e+00
1.299999997711181621e+01
6.919999981689453250e+01
2.159999989318847824e+01
4.839999978637695222e+01
2.660000000000000142e+01
4.639999978637695222e+01
2.559999992370605426e+01
4.619999990844726767e+01
5.280000012207031546e+01
1.959999992370605426e+01
4.779999993896484511e+01
2.519999993896484369e+01
6.139999990844726341e+01
1.199999999999999956e+00
2.119999986267090009e+01
1.779999998474121270e+01
4.339999978637695222e+01
2.099999993896484440e+01
3.599999994277954141e+00
3.479999987792968597e+01
4.899999990844726483e+01
1.639999986267089938e+01
1.339999994659423876e+01
1.179999998474121092e+01
4.379999969482421562e+01
8.259999993896484227e+01
4.800000006103515915e+01
5.399999988555908459e+00
8.399999975585937761e+01
5.699999990844726483e+01
2.779999989318847753e+01
5.779999984741210994e+01
4.959999969482421989e+01
3.079999986267089795e+01
5.159999981689453108e+01
4.239999981689452824e+01
4.740000003051757460e+01
8.059999987792969023e+01
8.699999993896484796e+01
9.000000012207031830e+01
7.899999963378905932e+01
7.959999957275390159e+01
7.519999969482421420e+01
7.419999963378906216e+01
7.400000006103515204e+01
7.659999963378906784e+01
7.499999969482422557e+01
7.879999975585937477e+01
7.519999975585938046e+01
7.440000006103515773e+01
7.859999945068359750e+01
7.439999963378906500e+01
7.899999993896484796e+01
8.159999945068359750e+01
8.799999969482422557e+01
7.539999993896483943e+01
8.259999987792969023e+01
8.359999957275390159e+01
7.559999981689453818e+01
7.700000000000000000e+01
7.620000000000000284e+01
8.159999999999999432e+01
7.819999993896485080e+01
7.899999963378905932e+01
8.139999969482421704e+01
7.419999945068359182e+01
8.059999999999999432e+01
8.319999993896485080e+01
8.299999945068358898e+01
8.400000006103515204e+01
8.259999945068359750e+01
8.199999957275390727e+01
8.199999993896484796e+01
8.299999987792968170e+01
8.759999975585937193e+01
8.339999957275391296e+01
8.679999938964843409e+01
7.819999957275391012e+01
8.819999938964843977e+01
9.159999938964843125e+01
9.119999975585938046e+01
9.380000006103514920e+01
9.219999938964843977e+01
8.779999938964843409e+01
8.719999987792968454e+01
8.519999975585938046e+01
8.459999981689453818e+01
8.579999975585937477e+01
8.659999969482421989e+01
8.319999957275391012e+01
8.519999981689453250e+01
8.619999938964843977e+01
8.739999969482421704e+01
8.599999938964843693e+01
8.639999987792968739e+01
8.860000006103516057e+01
8.579999987792969307e+01
8.539999993896483943e+01
8.459999987792969023e+01
8.419999975585938046e+01
8.619999945068359182e+01
8.479999945068360034e+01
8.739999951171874670e+01
8.339999938964844262e+01
8.479999969482422273e+01
8.459999993896484227e+01
8.499999951171875523e+01
8.759999987792969023e+01
8.580000006103514920e+01
8.599999987792968170e+01
8.579999945068360034e+01
8.479999987792969307e+01
8.399999938964843693e+01
8.579999945068360034e+01
8.699999975585937761e+01
8.539999938964844262e+01
8.739999945068359466e+01
8.859999975585937193e+01
8.839999987792968739e+01
8.740000012207030977e+01
8.599999975585937761e+01
8.579999945068360034e+01
8.799999975585937761e+01
8.759999981689453818e+01
8.699999945068358898e+01
8.559999981689453818e+01
8.699999938964843693e+01
8.459999993896484227e+01
8.739999981689453534e+01
8.799999951171875523e+01
8.679999999999999716e+01
8.739999957275391296e+01
8.699999981689452966e+01
8.499999993896484796e+01
8.759999975585937193e+01
8.419999981689453250e+01
8.599999981689452966e+01
8.819999938964843977e+01
8.580000012207031546e+01
8.539999981689453534e+01
8.499999975585937761e+01
8.579999987792969307e+01
8.619999993896485080e+01
8.779999945068360034e+01
8.579999975585937477e+01
8.640000012207030977e+01
8.559999975585937193e+01
8.499999993896484796e+01
8.819999945068359182e+01
8.839999969482421704e+01
8.760000012207031261e+01
8.759999945068359750e+01
8.759999981689453818e+01
