2.000000000000000111e-01
9.600000007629393650e+00
1.179999998474121092e+01
3.199999994277954229e+00
1.079999999427795387e+01
2.000000000000000111e-01
1.180000001525878872e+01
2.799999994277954318e+00
1.000000001525878979e+01
1.060000001525878943e+01
8.199999977111817273e+00
6.999999988555908104e+00
1.639999986267089938e+01
8.800000015258788721e+00
2.399999986267089724e+01
3.800000007629394716e+00
6.900000006103515204e+01
5.199999994277954229e+00
2.000000000000000111e-01
2.979999996948242114e+01
4.559999969482421989e+01
5.460000000000000142e+01
1.779999989318847753e+01
3.379999969482421562e+01
1.859999986267089866e+01
3.699999978637695364e+01
4.600000006103515915e+01
2.399999999999999911e+00
1.059999994659423805e+01
1.739999995422363455e+01
3.280000006103515631e+01
1.159999997711181585e+01
1.919999999999999929e+01
4.999999988555908104e+00
2.259999986267089866e+01
1.799999988555908148e+00
2.280000000000000071e+01
2.259999993896484227e+01
1.840000003051757815e+01
2.059999996948242185e+01
2.859999984741211065e+01
1.819999995422363170e+01
1.280000000000000071e+01
1.699999995422363241e+01
3.459999987792969023e+01
1.380000001525878872e+01
6.659999990844725914e+01
2.160000003051757744e+01
2.039999993896484298e+01
2.859999975585937548e+01
4.920000006103515489e+01
8.279999957275390443e+01
2.060000003051757744e+01
1.759999998474120986e+01
3.839999969482421704e+01
1.339999994659423876e+01
3.179999978637695435e+01
1.999999988555908104e+00
9.719999963378906216e+01
1.059999992370605426e+01
2.799999988555908370e+00
8.600000012207031830e+01
2.679999996948242114e+01
2.999999996948242043e+01
1.899999996948242043e+01
6.139999996948242256e+01
4.299999996948242398e+01
2.979999993896484511e+01
4.440000003051757460e+01
2.699999989318847682e+01
3.840000003051757460e+01
1.779999995422363313e+01
4.219999972534179733e+01
3.219999996948241971e+01
1.860000000000000142e+01
4.119999987792968454e+01
2.060000000000000142e+01
5.080000003051758029e+01
2.879999989318847753e+01
3.779999978637695079e+01
7.500000006103515204e+01
2.399999987792968881e+01
6.239999969482421704e+01
8.040000006103515773e+01
8.219999951171874386e+01
7.119999969482421420e+01
6.779999969482422273e+01
7.259999969482421989e+01
7.159999978637695506e+01
7.439999963378906500e+01
7.480000006103514920e+01
7.579999981689452682e+01
6.659999990844725914e+01
6.899999957275390727e+01
6.439999978637695222e+01
7.219999957275391012e+01
6.919999975585938046e+01
7.440000000000000568e+01
7.319999978637694937e+01
7.479999999999999716e+01
7.799999963378905932e+01
6.939999975585936909e+01
7.579999951171875239e+01
7.879999987792969307e+01
8.079999987792969307e+01
8.479999993896484511e+01
7.140000006103515773e+01
8.099999957275390727e+01
7.419999957275391012e+01
7.399999963378905932e+01
7.360000006103516057e+01
6.879999984741210994e+01
6.159999984741210710e+01
7.580000006103514920e+01
7.320000000000000284e+01
7.699999963378905932e+01
6.599999984741211279e+01
8.539999938964844262e+01
7.279999963378905647e+01
7.979999993896484511e+01
7.279999957275390443e+01
7.299999969482422557e+01
8.179999945068360034e+01
8.539999938964844262e+01
9.099999938964843693e+01
9.360000012207031261e+01
9.059999975585937193e+01
9.259999963378906784e+01
8.519999938964843977e+01
8.259999951171874955e+01
8.219999987792968454e+01
8.599999938964843693e+01
8.459999938964843125e+01
8.379999938964843409e+01
8.480000012207031546e+01
8.459999993896484227e+01
8.359999987792969023e+01
8.199999993896484796e+01
8.419999987792968454e+01
8.359999957275390159e+01
8.239999945068359466e+01
8.319999951171874386e+01
8.319999981689453250e+01
8.459999963378906784e+01
8.039999945068359466e+01
8.539999975585936909e+01
8.319999957275391012e+01
8.459999951171874955e+01
8.399999987792968170e+01
8.459999981689453818e+01
8.399999993896484796e+01
8.599999987792968170e+01
8.579999951171875239e+01
8.520000000000000284e+01
8.639999975585936909e+01
8.339999963378906500e+01
8.399999951171875523e+01
8.619999945068359182e+01
8.699999945068358898e+01
8.599999945068358898e+01
8.619999945068359182e+01
8.579999938964843409e+01
8.339999987792968739e+01
8.640000012207030977e+01
8.499999945068358898e+01
8.420000000000000284e+01
8.619999981689453250e+01
8.639999945068359466e+01
8.719999945068359182e+01
8.739999938964844262e+01
8.399999951171875523e+01
8.499999981689452966e+01
8.619999951171874386e+01
8.339999957275391296e+01
8.599999981689452966e+01
8.399999987792968170e+01
8.399999987792968170e+01
8.639999975585936909e+01
8.639999981689453534e+01
8.459999938964843125e+01
8.319999938964843977e+01
8.539999945068359466e+01
8.519999975585938046e+01
8.679999993896484511e+01
8.820000012207030693e+01
8.959999945068359750e+01
8.659999981689453818e+01
8.379999938964843409e+01
8.779999975585937477e+01
8.520000006103515489e+01
8.720000012207030693e+01
8.559999969482421989e+01
8.459999938964843125e+01
8.719999987792968454e+01
8.419999938964843977e+01
8.659999981689453818e+01
8.720000012207030693e+01
8.599999981689452966e+01
8.620000006103515489e+01
8.539999987792968739e+01
