1.659999989318847824e+01
0.000000000000000000e+00
2.000000000000000111e-01
2.819999984741210852e+01
3.199999994277954229e+00
1.999999994277954052e+00
2.179999992370605355e+01
3.800000007629394716e+00
9.399999977111816563e+00
6.140000006103515773e+01
1.379999998474121092e+01
1.600000000000000089e+00
1.020000001525878908e+01
2.599999988555908192e+00
5.200000007629394183e+00
2.279999989318847753e+01
5.800000007629394716e+00
1.659999995422363384e+01
3.000000007629394450e+00
2.799999994277954318e+00
1.459999995422363206e+01
6.999999988555908104e+00
9.399999977111816563e+00
1.739999989318847540e+01
2.879999993896484511e+01
4.599999994277953697e+00
2.599999994277954141e+00
3.019999987792968810e+01
1.640000001525879014e+01
3.119999990844726412e+01
1.059999998855590775e+01
2.799999988555908370e+00
1.000000001525878979e+01
1.660000000000000142e+01
1.019999994659423770e+01
1.859999992370605426e+01
2.660000003051757744e+01
2.439999995422363455e+01
1.900000001525878801e+01
7.479999957275390443e+01
1.499999989318847682e+01
2.139999996948242256e+01
1.679999995422363313e+01
1.959999986267089866e+01
2.899999987792968881e+01
9.199999977111817273e+00
7.199999946594238587e+00
2.899999990844726483e+01
2.099999986267089724e+01
2.699999993896484440e+01
6.399999977111816563e+00
4.999999977111816207e+00
5.719999969482422131e+01
1.639999986267089938e+01
1.699999998474121199e+01
2.039999989318847540e+01
7.220000006103515489e+01
3.479999975585937477e+01
4.939999987792968739e+01
3.520000000000000284e+01
2.839999987792968739e+01
5.599999996948242398e+01
3.019999987792968810e+01
9.600000012207031830e+01
2.080000003051757673e+01
4.459999984741210710e+01
4.380000006103515631e+01
1.219999986267089831e+01
3.639999981689452824e+01
9.999999977111816207e+00
2.199999993896484440e+01
5.599999977111816740e+00
5.379999981689453392e+01
4.099999969482421847e+01
2.179999996948242114e+01
1.779999996948242114e+01
1.839999992370605497e+01
9.999999946594238409e+00
2.979999993896484511e+01
6.019999990844726767e+01
3.819999975585937335e+01
3.439999978637695222e+01
5.179999987792968597e+01
6.819999969482421420e+01
7.460000006103516057e+01
6.319999984741210852e+01
6.139999969482421704e+01
5.939999999999999858e+01
5.699999978637695364e+01
6.019999981689453250e+01
6.299999984741211279e+01
6.279999984741210994e+01
6.099999963378905932e+01
6.379999990844726909e+01
6.020000006103515489e+01
6.299999990844726483e+01
6.579999963378905647e+01
7.159999975585937193e+01
6.879999963378905647e+01
7.259999969482421989e+01
7.040000000000000568e+01
6.939999951171874670e+01
6.339999978637695222e+01
6.419999969482421420e+01
6.579999975585937477e+01
7.359999987792969023e+01
7.759999957275390159e+01
6.779999963378905647e+01
6.200000006103515915e+01
6.079999999999999716e+01
6.440000000000000568e+01
6.359999993896484227e+01
7.679999951171875239e+01
6.439999969482421704e+01
6.140000012207030977e+01
6.320000003051757886e+01
5.899999987792968881e+01
6.959999981689453818e+01
6.319999969482422131e+01
6.699999981689452966e+01
6.440000012207030977e+01
6.499999969482422557e+01
7.140000006103515773e+01
7.719999981689453250e+01
8.359999987792969023e+01
8.619999938964843977e+01
8.379999945068360034e+01
8.639999945068359466e+01
8.299999945068358898e+01
8.219999951171874386e+01
7.959999951171874955e+01
8.039999981689453534e+01
8.099999963378905932e+01
7.819999945068359182e+01
8.140000012207030977e+01
8.259999951171874955e+01
7.800000012207031830e+01
8.000000006103515204e+01
7.559999993896484227e+01
8.119999993896485080e+01
8.019999957275391012e+01
7.839999945068359466e+01
8.019999993896485080e+01
8.239999981689453534e+01
8.020000006103515489e+01
8.019999975585938046e+01
8.239999945068359466e+01
8.439999945068359466e+01
8.359999951171874955e+01
8.159999993896484227e+01
8.139999945068359466e+01
8.260000012207031261e+01
8.359999938964843125e+01
8.099999945068358898e+01
8.059999987792969023e+01
8.179999951171875239e+01
8.179999951171875239e+01
8.279999951171875239e+01
8.399999957275390727e+01
8.199999981689452966e+01
8.199999957275390727e+01
8.279999938964843409e+01
8.379999993896484511e+01
8.259999951171874955e+01
8.239999951171874670e+01
8.299999987792968170e+01
8.100000012207031830e+01
8.099999945068358898e+01
8.219999981689453250e+01
8.199999951171875523e+01
8.359999993896484227e+01
8.339999993896483943e+01
8.339999951171874670e+01
8.199999993896484796e+01
8.399999945068358898e+01
8.279999981689452682e+01
8.139999981689453534e+01
8.179999981689452682e+01
8.359999945068359750e+01
8.319999938964843977e+01
8.299999957275390727e+01
8.240000000000000568e+01
8.539999975585936909e+01
8.380000012207031546e+01
8.479999957275390443e+01
8.399999945068358898e+01
8.479999938964843409e+01
8.479999951171875239e+01
8.379999987792969307e+01
8.399999957275390727e+01
8.299999963378905932e+01
8.459999945068359750e+01
8.399999987792968170e+01
8.139999951171874670e+01
8.479999938964843409e+01
8.240000000000000568e+01
8.539999981689453534e+01
8.439999951171874670e+01
8.479999945068360034e+01
8.399999975585937761e+01
