4.399999988555908459e+00
5.199999994277954229e+00
1.999999942779540907e-01
1.199999999999999956e+00
5.399999994277954407e+00
2.000000000000000000e+00
6.400000015258789254e+00
3.700000006103515915e+01
2.399999999999999911e+00
1.199999998474121021e+01
4.199999946594238587e+00
5.799999999999999822e+00
1.119999992370605391e+01
4.399999946594237876e+00
7.999999946594238409e+00
5.199999994277954229e+00
1.839999989318847540e+01
2.199999994277954229e+00
3.000000007629394450e+00
1.600000001525878801e+01
3.799999977111816474e+00
1.519999995422363348e+01
2.960000000000000142e+01
0.000000000000000000e+00
6.039999999999999858e+01
3.200000000000000178e+00
3.199999988555908281e+00
1.200000000762939401e+01
1.279999992370605533e+01
3.619999996948241971e+01
1.319999998474121128e+01
5.279999999999999716e+01
4.999999988555908104e+00
7.999999942779540962e-01
1.139999998474121057e+01
4.399999988555908459e+00
3.579999984741210994e+01
2.399999988555908015e+00
5.800000007629394716e+00
4.999999993896484085e+01
1.399999994659423841e+01
1.539999995422363277e+01
3.899999978637695364e+01
3.019999984741210852e+01
6.000000007629394894e+00
3.279999981689453392e+01
3.199999988555908281e+00
1.600000000000000089e+00
3.839999975585937619e+01
1.599999988555908192e+00
2.420000003051757886e+01
5.199999977111816385e+00
2.000000000000000111e-01
4.119999987792968454e+01
3.019999990844726412e+01
2.839999990844726696e+01
2.539999981689453179e+01
8.999999946594238409e+00
3.319999996948241971e+01
2.660000003051757744e+01
1.999999994659423663e+01
1.219999992370605391e+01
3.679999972534179875e+01
1.899999995422363241e+01
1.119999995422363348e+01
1.519999995422363348e+01
2.859999984741211065e+01
2.359999996948242185e+01
2.260000000000000142e+01
3.799999977111816474e+00
7.800000007629394716e+00
2.279999992370605355e+01
1.939999998474121057e+01
1.979999993896484511e+01
2.299999984741210923e+01
2.539999984741210781e+01
1.859999998474120986e+01
6.000000007629394894e+00
2.879999993896484511e+01
7.799999988555907926e+00
7.080000012207031546e+01
4.420000006103515489e+01
4.059999987792969023e+01
5.299999993896484085e+01
6.899999969482422557e+01
5.259999996948242540e+01
4.800000006103515915e+01
6.159999975585937193e+01
5.839999987792968739e+01
6.539999981689453534e+01
6.420000006103515489e+01
5.239999987792968739e+01
6.600000012207031830e+01
5.939999987792968739e+01
5.300000006103515915e+01
5.139999978637695222e+01
6.759999984741210710e+01
6.159999990844726625e+01
6.899999981689452966e+01
6.639999981689453534e+01
6.019999996948241971e+01
6.179999969482421562e+01
5.719999969482422131e+01
6.439999975585936909e+01
6.319999975585937335e+01
5.419999993896484369e+01
4.860000006103515346e+01
6.339999984741211136e+01
6.839999969482421704e+01
6.239999987792968739e+01
6.159999978637695506e+01
6.079999987792968597e+01
6.719999975585938046e+01
5.239999999999999858e+01
6.399999984741211279e+01
6.539999969482421704e+01
6.319999975585937335e+01
6.580000006103514920e+01
6.579999981689452682e+01
6.740000006103515773e+01
6.699999969482422557e+01
6.219999975585937335e+01
7.539999981689453534e+01
7.919999951171874386e+01
8.219999993896485080e+01
7.999999951171875523e+01
8.379999945068360034e+01
7.799999981689452966e+01
7.839999981689453534e+01
7.659999987792969023e+01
7.599999957275390727e+01
7.859999957275390159e+01
7.959999945068359750e+01
7.859999951171874955e+01
7.940000000000000568e+01
7.639999957275391296e+01
7.619999969482421420e+01
7.620000012207030693e+01
7.779999999999999716e+01
7.459999963378906784e+01
7.919999963378906216e+01
7.919999951171874386e+01
7.859999963378906784e+01
7.539999957275391296e+01
7.820000006103515489e+01
8.079999951171875239e+01
8.179999999999999716e+01
7.999999975585937761e+01
7.999999987792968170e+01
7.800000000000000000e+01
7.839999993896483943e+01
7.819999957275391012e+01
7.900000000000000000e+01
8.059999951171874955e+01
8.099999938964843693e+01
8.099999945068358898e+01
8.179999957275390443e+01
7.979999975585937477e+01
8.079999981689452682e+01
8.039999969482421704e+01
7.559999945068359750e+01
7.959999975585937193e+01
7.959999987792969023e+01
8.099999945068358898e+01
8.099999981689452966e+01
8.079999945068360034e+01
8.079999981689452682e+01
7.939999987792968739e+01
7.999999963378905932e+01
8.139999981689453534e+01
7.979999945068360034e+01
8.219999981689453250e+01
8.139999957275391296e+01
7.699999957275390727e+01
7.879999993896484511e+01
8.019999945068359182e+01
7.820000006103515489e+01
7.999999993896484796e+01
8.259999993896484227e+01
7.979999987792969307e+01
8.040000000000000568e+01
8.139999993896483943e+01
8.019999993896485080e+01
8.199999951171875523e+01
8.120000000000000284e+01
7.979999945068360034e+01
8.139999981689453534e+01
7.919999987792968454e+01
8.199999957275390727e+01
8.219999951171874386e+01
8.039999957275391296e+01
8.020000000000000284e+01
8.199999951171875523e+01
8.239999945068359466e+01
8.239999993896483943e+01
8.039999945068359466e+01
8.139999951171874670e+01
8.179999945068360034e+01
8.079999951171875239e+01
8.279999945068360034e+01
