5.599999996948242398e+01
4.399999972534179449e+01
2.000000000000000111e-01
1.399999994277954185e+00
2.200000000000000178e+00
1.059999998855590775e+01
1.179999994659423912e+01
4.399999977111816563e+00
2.399999994277953963e+00
2.399999999999999911e+00
2.379999990844726554e+01
1.399999994277954185e+00
5.599999988555908637e+00
8.600000007629393650e+00
1.999999988555908104e+00
2.199999994277954229e+00
9.999999984741210213e+00
3.799999977111816474e+00
4.199999977111816385e+00
8.600000015258789432e+00
2.559999972534179591e+01
1.199999997711181621e+01
2.499999993896484440e+01
6.199999946594238587e+00
1.399999994277954185e+00
4.400000007629394361e+00
4.599999988555908637e+00
1.019999997711181727e+01
0.000000000000000000e+00
1.360000001525878943e+01
8.199999988555907393e+00
2.600000000000000089e+00
1.139999998474121057e+01
1.919999989318847611e+01
2.399999999999999911e+00
1.319999994659423770e+01
4.199999946594238587e+00
8.199999977111817273e+00
3.879999972534179875e+01
9.599999977111815852e+00
4.799999988555907926e+00
3.319999978637695648e+01
3.179999975585937477e+01
2.319999986267090009e+01
9.000000007629394005e+00
1.619999992370605568e+01
1.039999999427795352e+01
3.679999978637695079e+01
2.799999994277954318e+00
1.079999994659423912e+01
1.279999997711181692e+01
1.719999995422363170e+01
1.259999986267089866e+01
6.799999994277953874e+00
4.299999987792968881e+01
7.799999999999999822e+00
5.999999946594238409e+00
2.799999994277954318e+00
7.399999977111816563e+00
1.859999986267089866e+01
7.399999963378905932e+01
6.199999984741211279e+00
1.399999989318847682e+01
1.619999994659423947e+01
7.399999994277954407e+00
7.399999946594237876e+00
6.600000015258789432e+00
1.639999997711181479e+01
1.059999998474121163e+01
4.800000007629394716e+00
1.619999994659423947e+01
1.399999994659423841e+01
4.719999993896484369e+01
1.339999992370605497e+01
1.039999998474121057e+01
1.259999992370605426e+01
2.739999996948242256e+01
9.599999984741211634e+00
1.020000000762939507e+01
5.600000007629394538e+00
2.539999990844726696e+01
3.040000003051757815e+01
2.559999992370605426e+01
2.399999997711181621e+01
4.819999978637695648e+01
4.759999969482421989e+01
4.479999990844726909e+01
4.500000006103515915e+01
4.759999969482421989e+01
4.459999993896484227e+01
4.399999972534179449e+01
4.979999978637695079e+01
5.420000003051757886e+01
4.959999996948242540e+01
5.099999972534179449e+01
5.839999978637695222e+01
5.739999990844726341e+01
4.960000003051757744e+01
5.259999981689453108e+01
5.380000006103515631e+01
5.520000012207031403e+01
5.060000000000000142e+01
4.919999972534179733e+01
5.259999969482421989e+01
5.519999996948241971e+01
5.299999993896484085e+01
5.500000000000000000e+01
5.239999996948242256e+01
5.339999996948242256e+01
5.579999993896484511e+01
5.700000003051757602e+01
5.120000006103515489e+01
5.079999969482421562e+01
5.259999972534179591e+01
5.999999993896484085e+01
6.679999981689452682e+01
4.760000006103515346e+01
4.959999984741210710e+01
5.379999993896484511e+01
5.259999975585937193e+01
4.499999996948242398e+01
5.119999990844726767e+01
6.219999984741210852e+01
6.640000000000000568e+01
7.019999981689453250e+01
8.059999951171874955e+01
7.639999987792968739e+01
7.859999951171874955e+01
7.020000012207030693e+01
7.359999987792969023e+01
7.139999963378906500e+01
7.419999969482421420e+01
7.479999963378905647e+01
7.059999957275390159e+01
7.199999957275390727e+01
7.539999951171874670e+01
7.199999993896484796e+01
7.320000012207030693e+01
7.579999975585937477e+01
7.439999963378906500e+01
7.359999993896484227e+01
7.859999987792969023e+01
7.399999963378905932e+01
7.760000006103516057e+01
7.659999993896484227e+01
7.919999945068359182e+01
7.779999993896484511e+01
7.659999984741210710e+01
7.819999957275391012e+01
7.880000012207031546e+01
7.939999993896483943e+01
7.579999993896484511e+01
7.999999938964843693e+01
7.939999993896483943e+01
7.959999987792969023e+01
7.819999957275391012e+01
8.119999945068359182e+01
7.940000012207030977e+01
7.720000000000000284e+01
7.819999938964843977e+01
7.999999945068358898e+01
8.220000000000000284e+01
8.019999951171874386e+01
8.059999969482421989e+01
8.199999981689452966e+01
7.939999987792968739e+01
8.059999993896484227e+01
7.899999957275390727e+01
8.179999957275390443e+01
8.139999945068359466e+01
8.279999945068360034e+01
7.999999987792968170e+01
8.099999951171875523e+01
7.999999981689452966e+01
7.979999993896484511e+01
7.959999981689453818e+01
8.019999969482421420e+01
8.179999993896484511e+01
8.099999987792968170e+01
8.040000000000000568e+01
7.959999981689453818e+01
7.879999987792969307e+01
7.979999957275390443e+01
8.139999981689453534e+01
7.999999975585937761e+01
8.079999957275390443e+01
8.039999945068359466e+01
8.199999951171875523e+01
8.159999951171874955e+01
7.739999993896483943e+01
8.019999957275391012e+01
8.039999938964844262e+01
8.079999993896484511e+01
8.099999993896484796e+01
8.139999963378906500e+01
7.999999957275390727e+01
8.159999945068359750e+01
8.159999975585937193e+01
8.159999945068359750e+01
8.059999957275390159e+01
