5.019999993896484369e+01
4.000000000000000222e-01
2.400000007629394361e+00
2.419999989318847611e+01
2.000000003051757957e+01
2.000000000000000111e-01
2.059999986267089866e+01
1.080000001525878872e+01
2.600000007629394538e+00
2.819999984741210852e+01
2.459999995422363384e+01
1.159999997711181585e+01
2.499999996948242043e+01
3.119999989318847611e+01
3.000000000000000000e+00
1.519999998474121128e+01
1.820000001525878730e+01
2.879999984741210994e+01
2.599999994277954141e+00
6.599999988555908637e+00
1.159999998474121163e+01
1.319999992370605391e+01
6.459999978637695506e+01
3.100000000000000000e+01
3.339999981689452824e+01
7.599999984741210746e+00
2.200000000000000178e+00
8.400000007629394361e+00
3.160000003051757744e+01
1.280000001525878872e+01
1.120000000762939507e+01
1.919999993896484369e+01
2.599999988555908192e+00
1.359999986267089866e+01
2.499999989318847682e+01
5.599999988555908637e+00
1.159999997711181585e+01
6.599999994277953697e+00
1.599999994277954141e+00
2.799999988555908370e+00
5.800000007629394716e+00
1.340000000762939436e+01
6.999999994277954052e+00
1.200000001525878979e+01
6.599999984741211279e+01
7.799999977111816030e+00
1.359999986267089866e+01
2.099999998474121199e+01
1.859999994659423805e+01
2.520000003051757886e+01
9.399999984741210568e+00
7.519999993896485080e+01
3.079999996948242114e+01
5.400000007629394361e+00
1.619999986267090009e+01
3.199999994277954229e+00
6.199999988555908281e+00
2.360000003051757744e+01
5.839999987792968739e+01
1.379999992370605533e+01
2.140000003051757815e+01
3.939999987792968739e+01
2.900000003051757957e+01
3.200000007629394627e+00
2.439999986267089938e+01
1.979999992370605355e+01
1.319999998855590739e+01
2.199999986267089724e+01
3.379999999999999716e+01
1.239999989318847717e+01
1.600000001525878801e+01
3.939999969482421704e+01
3.940000006103515773e+01
1.500000000000000000e+01
3.059999993896484227e+01
8.400000015258788366e+00
2.659999996948242185e+01
3.579999996948242114e+01
8.400000015258788366e+00
2.539999993896484298e+01
2.559999993896484227e+01
3.859999978637695506e+01
4.819999993896484369e+01
4.799999981689452966e+01
6.039999984741211136e+01
6.379999984741210994e+01
5.539999978637695222e+01
6.059999981689453108e+01
6.279999993896484511e+01
6.099999984741211279e+01
6.059999987792969023e+01
5.359999981689453108e+01
6.219999990844726767e+01
5.520000006103515489e+01
5.339999978637695222e+01
5.399999987792968881e+01
5.999999978637695364e+01
5.119999993896484369e+01
4.840000006103515773e+01
6.339999984741211136e+01
6.720000012207030693e+01
6.480000012207031546e+01
6.780000012207031546e+01
6.960000006103516057e+01
6.939999963378906500e+01
5.879999999999999716e+01
6.959999975585937193e+01
6.439999993896483943e+01
6.719999963378906216e+01
5.699999969482421847e+01
5.199999972534179449e+01
6.419999981689453250e+01
6.399999981689452966e+01
6.159999990844726625e+01
5.759999975585937193e+01
6.239999981689452824e+01
5.759999981689453108e+01
6.499999990844726483e+01
5.779999987792968597e+01
5.759999975585937193e+01
5.839999981689452824e+01
2.979999987792968597e+01
6.579999969482422273e+01
7.659999981689453818e+01
8.139999951171874670e+01
8.459999993896484227e+01
8.499999981689452966e+01
8.579999975585937477e+01
8.279999957275390443e+01
8.440000012207030977e+01
8.339999951171874670e+01
8.399999987792968170e+01
8.279999981689452682e+01
8.179999987792969307e+01
8.219999987792968454e+01
8.439999981689453534e+01
8.539999987792968739e+01
8.179999951171875239e+01
8.399999938964843693e+01
8.319999975585938046e+01
8.359999993896484227e+01
8.179999945068360034e+01
8.279999993896484511e+01
8.259999963378906784e+01
8.299999945068358898e+01
8.299999945068358898e+01
8.379999987792969307e+01
8.459999987792969023e+01
8.599999987792968170e+01
8.559999951171874955e+01
8.679999938964843409e+01
8.339999981689453534e+01
8.459999945068359750e+01
8.440000012207030977e+01
8.479999981689452682e+01
8.440000012207030977e+01
8.319999975585938046e+01
8.399999938964843693e+01
8.479999987792969307e+01
8.519999938964843977e+01
8.620000012207030693e+01
8.899999938964843693e+01
8.719999987792968454e+01
8.739999981689453534e+01
8.439999945068359466e+01
8.779999981689452682e+01
8.619999981689453250e+01
8.779999981689452682e+01
8.739999975585936909e+01
8.739999987792968739e+01
8.619999969482421420e+01
8.659999981689453818e+01
8.559999999999999432e+01
8.519999975585938046e+01
8.639999993896483943e+01
8.279999981689452682e+01
8.699999938964843693e+01
8.620000012207030693e+01
8.860000006103516057e+01
8.539999987792968739e+01
8.639999945068359466e+01
8.579999945068360034e+01
8.399999981689452966e+01
8.840000012207030977e+01
8.719999975585938046e+01
8.819999945068359182e+01
8.659999981689453818e+01
8.759999981689453818e+01
8.599999987792968170e+01
8.779999938964843409e+01
8.399999981689452966e+01
8.559999951171874955e+01
8.659999981689453818e+01
8.719999951171874386e+01
8.459999963378906784e+01
8.479999993896484511e+01
8.700000012207031830e+01
8.739999981689453534e+01
8.559999975585937193e+01
8.599999975585937761e+01
