0.000000000000000000e+00
0.000000000000000000e+00
1.319999994659423770e+01
2.139999998474121057e+01
1.999999942779540907e-01
1.199999999999999956e+00
3.400000007629394361e+00
3.999999942779540740e-01
4.599999946594238054e+00
4.999999994277954052e+00
3.399999988555908015e+00
2.220000003051757886e+01
6.599999977111816740e+00
1.540000001525878837e+01
7.799999946594238232e+00
7.119999969482421420e+01
0.000000000000000000e+00
2.319999986267090009e+01
4.200000007629394183e+00
5.999999994277954052e+00
1.399999999999999911e+00
8.199999954223633480e+00
3.399999988555908015e+00
6.799999988555907926e+00
7.599999946594238054e+00
3.999999994277954052e+00
3.199999994277954229e+00
5.399999988555908459e+00
7.599999946594238054e+00
1.540000001525878837e+01
2.999999988555908104e+00
1.280000000762939472e+01
1.019999998474121128e+01
7.599999984741210746e+00
1.320000001525878908e+01
7.399999946594237876e+00
1.319999997711181727e+01
2.399999988555908015e+00
1.099999995422363241e+01
1.539999986267089760e+01
1.759999989318847824e+01
7.000000007629394894e+00
3.599999977111816296e+00
1.279999997711181692e+01
4.399999977111816563e+00
3.400000007629394361e+00
7.799999994277953874e+00
3.339999990844726341e+01
1.379999997711181692e+01
4.599999999999999645e+00
1.479999989318847575e+01
3.559999975585937193e+01
1.719999995422363170e+01
6.399999977111816563e+00
1.360000003051757744e+01
2.520000003051757886e+01
9.599999946594238054e+00
8.399999984741210568e+00
4.059999975585937193e+01
2.899999990844726483e+01
2.380000003051757673e+01
4.360000006103515346e+01
2.319999984741210852e+01
2.079999986267089795e+01
1.139999997711181656e+01
7.999999977111816207e+00
1.319999992370605391e+01
5.199999977111816385e+00
1.760000000000000142e+01
2.799999990844726483e+01
4.200000007629394183e+00
2.279999992370605355e+01
8.999999977111816207e+00
6.999999994277954052e+00
2.479999996948242114e+01
2.699999992370605639e+01
2.340000003051757815e+01
1.260000001525878943e+01
7.600000007629394538e+00
4.619999990844726767e+01
7.599999984741210746e+00
1.999999994277954052e+00
1.379999986267089795e+01
3.200000003051757602e+01
3.719999996948241971e+01
4.199999969482421847e+01
4.179999978637695079e+01
4.840000006103515773e+01
4.240000003051757460e+01
4.899999996948242398e+01
4.719999978637695648e+01
5.559999990844726625e+01
4.779999969482421562e+01
4.800000003051757602e+01
4.819999996948241971e+01
4.819999978637695648e+01
4.719999975585937335e+01
3.779999975585937477e+01
4.939999987792968739e+01
4.920000006103515489e+01
4.900000003051757602e+01
4.240000006103515773e+01
4.899999990844726483e+01
4.379999999999999716e+01
4.600000003051757602e+01
4.160000000000000142e+01
4.639999975585937619e+01
5.699999969482421847e+01
5.419999984741210852e+01
5.539999987792968739e+01
4.739999996948242256e+01
5.079999972534179875e+01
4.459999984741210710e+01
6.559999969482421989e+01
4.940000003051757460e+01
5.079999993896484511e+01
4.059999975585937193e+01
4.859999975585937193e+01
4.539999999999999858e+01
4.939999969482421704e+01
5.079999969482421562e+01
5.200000003051757602e+01
4.779999978637695079e+01
4.719999981689453250e+01
4.939999969482421704e+01
5.739999993896484654e+01
6.639999969482421704e+01
7.399999969482422557e+01
7.459999981689453818e+01
7.759999993896484227e+01
7.699999957275390727e+01
7.479999993896484511e+01
7.440000006103515773e+01
7.600000012207031830e+01
7.200000006103515204e+01
7.519999951171874386e+01
7.320000012207030693e+01
7.359999957275390159e+01
7.159999951171874955e+01
7.039999975585936909e+01
7.579999999999999716e+01
7.439999969482421704e+01
7.420000006103515489e+01
7.559999963378906784e+01
7.460000006103516057e+01
7.579999993896484511e+01
7.399999981689452966e+01
7.679999993896484511e+01
7.540000006103515773e+01
7.619999951171874386e+01
7.699999987792968170e+01
7.759999957275390159e+01
7.719999945068359182e+01
7.699999957275390727e+01
7.499999963378905932e+01
7.759999999999999432e+01
7.559999957275390159e+01
7.560000006103516057e+01
7.499999969482422557e+01
7.679999957275390443e+01
7.379999957275390443e+01
7.460000006103516057e+01
7.819999951171874386e+01
7.579999945068360034e+01
7.419999975585938046e+01
7.779999999999999716e+01
7.639999957275391296e+01
7.719999987792968454e+01
7.620000000000000284e+01
7.619999969482421420e+01
7.679999999999999716e+01
7.819999951171874386e+01
7.659999999999999432e+01
7.739999957275391296e+01
7.579999999999999716e+01
7.679999945068360034e+01
7.679999951171875239e+01
7.899999951171875523e+01
7.539999963378906500e+01
7.499999957275390727e+01
7.319999963378906216e+01
7.739999987792968739e+01
7.419999963378906216e+01
7.739999963378906500e+01
7.979999938964843409e+01
8.019999963378906216e+01
7.759999993896484227e+01
7.879999999999999716e+01
7.719999945068359182e+01
7.720000012207030693e+01
7.519999951171874386e+01
7.619999957275391012e+01
7.779999999999999716e+01
7.659999945068359750e+01
7.700000000000000000e+01
7.759999993896484227e+01
7.659999963378906784e+01
7.619999963378906216e+01
7.719999963378906216e+01
7.799999963378905932e+01
