0.000000000000000000e+00
1.999999994277954052e+00
1.299999997711181621e+01
2.199999994277954229e+00
9.800000007629394716e+00
1.839999996948242256e+01
5.999999942779541406e-01
5.599999988555908637e+00
2.099999996948242043e+01
1.399999989318847682e+01
6.400000007629394361e+00
6.199999994277954229e+00
1.079999995422363313e+01
4.999999988555908104e+00
4.519999972534179733e+01
1.919999986267090009e+01
1.139999994659423876e+01
8.800000015258788721e+00
4.999999994277954052e+00
2.039999986267089938e+01
2.399999999999999911e+00
1.119999998855590739e+01
1.779999989318847753e+01
2.000000007629394450e+00
7.200000007629394183e+00
6.799999988555907926e+00
1.859999990844726625e+01
1.399999999999999911e+00
1.399999994277954185e+00
1.139999992370605497e+01
2.000000000000000000e+00
1.400000000762939401e+01
3.799999988555908370e+00
6.999999988555908104e+00
2.879999981689453037e+01
3.999999994277954052e+00
6.200000007629394183e+00
5.799999988555907926e+00
1.800000007629394494e+00
6.939999975585936909e+01
1.520000003051757886e+01
4.000000007629394894e+00
7.399999977111816563e+00
6.600000007629394538e+00
1.079999992370605533e+01
4.200000007629394183e+00
8.200000007629395071e+00
1.999999994277954052e+00
1.659999994659423805e+01
6.999999977111816207e+00
7.799999994277953874e+00
1.779999998474121270e+01
1.199999997711181621e+01
3.879999969482421562e+01
4.399999946594237876e+00
1.319999989318847611e+01
6.819999981689453250e+01
1.199999998474121021e+01
1.359999986267089866e+01
2.300000003051757957e+01
1.399999994659423841e+01
1.999999986267089724e+01
9.199999946594237699e+00
1.500000001525878979e+01
6.400000007629394361e+00
2.000000000000000111e-01
2.719999993896484369e+01
4.279999978637695079e+01
5.859999981689453108e+01
1.959999998474120986e+01
2.079999993896484511e+01
3.359999978637695506e+01
1.399999998474121021e+01
1.999999986267089724e+01
2.220000001525878730e+01
1.000000000000000000e+00
7.599999977111816740e+00
3.499999984741211279e+01
2.179999995422363313e+01
1.499999997711181621e+01
1.639999986267089938e+01
8.599999988555907748e+00
7.600000015258789432e+00
1.899999986267089724e+01
1.940000003051757815e+01
2.700000003051757957e+01
3.180000003051757673e+01
3.379999987792968597e+01
3.559999972534179591e+01
3.579999981689453392e+01
3.079999990844726554e+01
3.560000000000000142e+01
4.159999972534179591e+01
3.439999993896484654e+01
3.399999990844726483e+01
4.039999981689452824e+01
3.819999975585937335e+01
4.000000006103515915e+01
3.579999990844726909e+01
3.719999990844726767e+01
2.699999989318847682e+01
3.999999978637695364e+01
3.720000006103515489e+01
3.539999987792968739e+01
3.980000003051758029e+01
4.160000000000000142e+01
3.679999978637695079e+01
3.339999996948242256e+01
4.160000003051757744e+01
4.420000000000000284e+01
4.359999972534179591e+01
3.939999972534180017e+01
3.639999987792968739e+01
4.219999981689453250e+01
4.179999984741210994e+01
3.419999984741210852e+01
4.179999969482421562e+01
3.999999975585937761e+01
4.019999996948241971e+01
4.079999981689453392e+01
5.019999987792968454e+01
4.059999969482421989e+01
4.200000003051757602e+01
4.439999993896484654e+01
4.619999981689453250e+01
5.099999978637695364e+01
4.939999999999999858e+01
5.819999996948241971e+01
6.039999987792968739e+01
6.279999975585937477e+01
6.239999984741211136e+01
6.719999957275391012e+01
6.299999984741211279e+01
6.279999975585937477e+01
6.419999984741211563e+01
6.639999975585936909e+01
6.379999981689453392e+01
6.599999975585937761e+01
6.559999984741210710e+01
6.740000012207030977e+01
6.639999996948242256e+01
6.599999987792968170e+01
6.419999969482421420e+01
6.099999984741211279e+01
6.440000006103515773e+01
6.539999957275391296e+01
6.480000012207031546e+01
6.320000006103515489e+01
6.559999984741210710e+01
6.879999981689452682e+01
6.299999996948242398e+01
6.739999969482421704e+01
6.979999975585937477e+01
6.479999969482422273e+01
7.099999969482422557e+01
6.260000006103515346e+01
6.439999984741210426e+01
6.740000012207030977e+01
6.479999993896484511e+01
6.700000000000000000e+01
6.579999981689452682e+01
6.519999981689453250e+01
7.019999957275391012e+01
6.740000006103515773e+01
6.879999984741210994e+01
7.059999957275390159e+01
7.140000006103515773e+01
6.719999978637694937e+01
6.780000006103514920e+01
7.020000006103515489e+01
6.780000006103514920e+01
6.739999969482421704e+01
6.819999957275391012e+01
6.819999957275391012e+01
6.899999993896484796e+01
6.639999981689453534e+01
6.859999993896484227e+01
7.160000006103516057e+01
6.859999957275390159e+01
6.819999987792968454e+01
6.619999978637694937e+01
6.979999951171875239e+01
6.680000006103514920e+01
6.819999975585938046e+01
6.900000006103515204e+01
7.060000012207031261e+01
6.599999987792968170e+01
6.779999969482422273e+01
7.040000012207030977e+01
6.699999984741211279e+01
6.939999963378906500e+01
6.919999993896485080e+01
7.059999963378906784e+01
6.859999978637695506e+01
7.240000006103515773e+01
7.079999999999999716e+01
7.299999963378905932e+01
7.140000006103515773e+01
7.220000012207030693e+01
7.119999978637694937e+01
