3.599999978637695364e+01
2.000000000000000000e+00
2.099999992370605639e+01
4.000000000000000222e-01
3.600000007629394538e+00
1.380000000000000071e+01
1.439999998474121057e+01
2.000000000000000111e-01
1.799999994277954096e+00
5.000000007629394894e+00
1.279999995422363313e+01
3.399999996948242398e+01
4.599999988555908637e+00
6.399999977111816563e+00
0.000000000000000000e+00
2.000000000000000000e+00
1.819999995422363170e+01
5.600000007629394538e+00
6.000000007629394894e+00
1.139999994659423876e+01
4.399999988555908459e+00
2.979999996948242114e+01
2.799999988555908370e+00
1.499999998474121021e+01
6.199999994277954229e+00
6.599999977111816740e+00
1.119999994659423770e+01
6.399999946594237876e+00
3.399999988555908015e+00
3.600000007629394538e+00
5.599999988555908637e+00
1.119999995422363348e+01
1.219999998474121128e+01
7.800000007629394716e+00
2.399999988555908015e+00
3.179999990844726554e+01
8.199999946594237699e+00
9.000000007629394005e+00
5.399999988555908459e+00
2.000000000000000000e+00
4.400000000000000355e+00
6.600000007629394538e+00
8.439999945068359466e+01
7.399999994277954407e+00
1.160000003051757744e+01
2.799999994277954318e+00
6.199999977111816385e+00
9.599999984741211634e+00
4.000000000000000000e+00
1.279999986267089795e+01
1.339999994659423876e+01
2.299999996948242043e+01
7.999999988555908104e+00
1.000000000000000000e+00
1.239999989318847717e+01
9.999999954223632415e+00
3.239999990844726341e+01
5.859999987792969023e+01
8.799999977111816918e+00
1.119999997711181727e+01
1.939999989318847540e+01
4.799999988555907926e+00
1.199999998855590810e+01
1.039999994659423876e+01
1.799999988555908148e+00
1.379999997711181692e+01
4.999999946594238409e+00
1.759999992370605426e+01
1.059999998855590775e+01
3.019999987792968810e+01
3.399999977111816563e+00
1.160000000762939365e+01
7.599999988555908637e+00
1.079999998474121092e+01
5.000000000000000000e+00
8.199999946594237699e+00
5.399999977111816563e+00
6.879999963378905647e+01
5.999999988555908104e+00
9.199999923706053906e+00
1.259999994659423805e+01
2.199999996948242043e+01
1.220000000762939507e+01
1.499999992370605462e+01
1.779999996948242114e+01
2.019999999999999929e+01
2.060000000000000142e+01
2.879999993896484511e+01
2.799999989318847682e+01
3.119999999999999929e+01
2.539999996948242256e+01
3.079999990844726554e+01
2.819999993896484369e+01
3.039999996948242256e+01
2.819999992370605568e+01
2.739999989318847540e+01
3.399999975585937761e+01
3.399999969482421847e+01
3.199999978637695364e+01
3.319999981689453250e+01
3.119999990844726412e+01
2.999999969482421847e+01
3.619999987792968454e+01
3.759999996948242540e+01
3.519999987792968454e+01
3.439999987792968739e+01
3.319999981689453250e+01
3.819999984741210852e+01
4.139999996948242256e+01
3.420000003051757886e+01
4.380000006103515631e+01
3.419999993896484369e+01
3.579999987792968597e+01
3.579999981689453392e+01
3.040000003051757815e+01
3.539999981689452824e+01
3.999999975585937761e+01
3.119999990844726412e+01
3.939999978637695222e+01
3.699999990844726483e+01
3.699999981689452966e+01
3.899999987792968881e+01
3.979999975585937477e+01
4.819999972534179733e+01
5.519999990844726767e+01
6.019999987792968454e+01
6.179999969482421562e+01
6.319999969482422131e+01
6.219999981689453250e+01
5.979999978637695079e+01
6.359999978637695506e+01
6.319999969482422131e+01
6.379999969482421562e+01
6.499999978637694653e+01
6.679999993896484511e+01
6.660000012207031261e+01
6.779999978637695790e+01
6.839999981689453534e+01
6.759999963378906784e+01
6.619999975585938046e+01
6.939999975585936909e+01
6.579999996948242824e+01
6.799999978637694653e+01
7.019999957275391012e+01
6.820000006103515489e+01
6.740000012207030977e+01
6.759999975585937193e+01
7.339999945068359466e+01
7.159999993896484227e+01
6.999999975585937761e+01
6.619999990844726767e+01
6.899999993896484796e+01
7.059999999999999432e+01
6.919999957275391012e+01
6.739999978637695222e+01
7.039999975585936909e+01
7.139999993896483943e+01
7.239999957275391296e+01
7.059999993896484227e+01
6.979999975585937477e+01
6.859999975585937193e+01
6.779999969482422273e+01
7.099999963378905932e+01
6.919999978637694937e+01
7.120000012207030693e+01
7.239999987792968739e+01
7.119999969482421420e+01
7.279999984741210994e+01
6.840000006103515773e+01
7.219999938964843977e+01
7.099999963378905932e+01
6.900000000000000000e+01
6.859999969482421989e+01
6.799999969482422557e+01
7.339999975585936909e+01
6.759999963378906784e+01
7.080000006103514920e+01
7.179999978637695790e+01
7.199999993896484796e+01
6.939999975585936909e+01
7.299999957275390727e+01
7.139999975585936909e+01
7.059999978637695506e+01
7.019999978637694937e+01
6.940000000000000568e+01
7.060000006103516057e+01
6.899999963378905932e+01
7.259999969482421989e+01
7.040000006103515773e+01
7.039999978637695222e+01
7.259999984741210710e+01
7.200000000000000000e+01
7.119999969482421420e+01
7.340000006103515773e+01
7.139999996948242256e+01
7.300000012207031830e+01
7.379999975585937477e+01
6.740000012207030977e+01
7.199999969482422557e+01
6.859999999999999432e+01
