0.000000000000000000e+00
0.000000000000000000e+00
6.879999969482422273e+01
4.199999972534179449e+01
8.200000007629395071e+00
6.199999988555908281e+00
4.599999994277953697e+00
4.800000007629394716e+00
1.699999992370605639e+01
1.719999995422363170e+01
1.600000003051757957e+01
3.399999988555908015e+00
7.739999957275391296e+01
1.899999992370605639e+01
2.799999994277954318e+00
1.460000001525878943e+01
5.200000007629394183e+00
1.379999995422363313e+01
2.799999994277954318e+00
3.399999994277953963e+00
5.800000007629394716e+00
9.399999977111816563e+00
1.600000000000000089e+00
2.999999988555908104e+00
9.999999923706054616e+00
1.340000001525878837e+01
4.799999977111816030e+00
7.000000007629394894e+00
2.000000000000000111e-01
4.999999994277954052e+00
6.199999994277954229e+00
3.799999988555908370e+00
4.599999977111816740e+00
1.379999992370605533e+01
5.799999946594238232e+00
4.379999975585937477e+01
8.400000007629394361e+00
2.339999989318847540e+01
4.879999984741210994e+01
4.000000000000000222e-01
2.979999987792968597e+01
5.000000007629394894e+00
3.599999988555908192e+00
3.399999994277953963e+00
1.779999992370605355e+01
4.400000007629394361e+00
2.999999988555908104e+00
1.820000003051757886e+01
3.999999994277954052e+00
5.399999988555908459e+00
6.399999984741210568e+00
2.079999986267089795e+01
1.280000001525878872e+01
6.220000012207031403e+01
5.000000007629394894e+00
4.600000007629394538e+00
1.219999992370605391e+01
2.239999989318847540e+01
3.599999994277954141e+00
6.400000007629394361e+00
4.439999975585937619e+01
9.799999946594239120e+00
5.999999994277954052e+00
2.839999987792968739e+01
1.059999997711181585e+01
1.459999995422363206e+01
3.680000003051758029e+01
5.799999994277953874e+00
8.599999954223632059e+00
4.399999975585937761e+01
1.100000001525878979e+01
4.200000000000000178e+00
2.160000003051757744e+01
7.999999946594238409e+00
9.600000015258789432e+00
2.399999994277953963e+00
1.079999994659423912e+01
4.600000007629394538e+00
1.719999989318847611e+01
1.860000000000000142e+01
2.399999999999999911e+00
2.919999989318847611e+01
1.160000001525878943e+01
2.019999989318847611e+01
2.019999998474121128e+01
2.419999986267090009e+01
2.899999993896484440e+01
3.179999984741210994e+01
3.779999996948242114e+01
3.239999987792968739e+01
4.299999972534179449e+01
4.019999981689453250e+01
3.799999978637695364e+01
3.839999969482421704e+01
4.160000003051757744e+01
4.140000006103515773e+01
4.079999981689453392e+01
4.099999969482421847e+01
3.679999987792968597e+01
3.759999975585937193e+01
4.879999990844726909e+01
3.819999969482422131e+01
4.699999996948242398e+01
3.959999969482421989e+01
3.759999972534179591e+01
4.140000003051757460e+01
3.999999996948242398e+01
4.199999972534179449e+01
5.039999993896484654e+01
4.419999969482422131e+01
4.759999978637695506e+01
4.380000006103515631e+01
4.320000000000000284e+01
3.919999972534179733e+01
4.780000003051758029e+01
4.660000000000000142e+01
3.439999993896484654e+01
4.279999987792968597e+01
3.960000003051757744e+01
4.540000006103515773e+01
4.379999996948242114e+01
4.539999996948242256e+01
4.019999993896484369e+01
3.919999987792968454e+01
4.399999978637695364e+01
5.219999996948241971e+01
5.979999993896484511e+01
6.440000006103515773e+01
6.679999978637695790e+01
6.500000006103515204e+01
6.880000012207031546e+01
6.740000000000000568e+01
6.679999978637695790e+01
6.799999969482422557e+01
6.900000000000000000e+01
6.800000006103515204e+01
6.840000006103515773e+01
6.859999978637695506e+01
6.859999999999999432e+01
6.880000012207031546e+01
6.780000012207031546e+01
6.719999975585938046e+01
6.739999975585936909e+01
7.039999969482421704e+01
6.839999987792968739e+01
6.699999975585937761e+01
6.879999993896484511e+01
6.759999951171874955e+01
6.960000006103516057e+01
7.099999969482422557e+01
7.020000000000000284e+01
7.019999984741211563e+01
7.140000000000000568e+01
7.300000000000000000e+01
7.179999999999999716e+01
7.059999957275390159e+01
7.319999987792968454e+01
7.099999978637694653e+01
7.100000012207031830e+01
7.119999963378906216e+01
7.059999993896484227e+01
7.139999957275391296e+01
7.380000006103514920e+01
6.940000012207030977e+01
7.020000000000000284e+01
7.459999957275390159e+01
7.200000006103515204e+01
7.079999969482422273e+01
7.159999975585937193e+01
7.199999981689452966e+01
7.139999957275391296e+01
7.299999963378905932e+01
7.499999981689452966e+01
7.579999963378905647e+01
7.299999978637694653e+01
7.079999999999999716e+01
7.319999975585938046e+01
7.039999969482421704e+01
7.279999978637695790e+01
7.440000000000000568e+01
6.919999981689453250e+01
7.019999969482421420e+01
7.179999963378905647e+01
7.140000000000000568e+01
7.279999981689452682e+01
7.400000000000000000e+01
7.519999969482421420e+01
7.719999957275391012e+01
7.479999957275390443e+01
7.599999951171875523e+01
7.199999993896484796e+01
7.159999987792969023e+01
7.479999963378905647e+01
7.539999951171874670e+01
7.479999993896484511e+01
7.359999975585937193e+01
7.459999999999999432e+01
7.359999945068359750e+01
7.339999993896483943e+01
7.599999957275390727e+01
