0.000000000000000000e+00
9.400000000000000355e+00
1.100000000000000000e+01
1.069999999999999929e+01
1.030000000000000071e+01
1.040000000000000036e+01
1.050000000000000000e+01
1.040000000000000036e+01
2.760000000000000142e+01
8.729999999999999716e+01
9.309999999999999432e+01
9.750000000000000000e+01
9.729999999999999716e+01
9.790000000000000568e+01
9.840000000000000568e+01
9.779999999999999716e+01
9.950000000000000000e+01
9.979999999999999716e+01
9.909999999999999432e+01
9.929999999999999716e+01
9.940000000000000568e+01
9.940000000000000568e+01
9.970000000000000284e+01
9.990000000000000568e+01
9.970000000000000284e+01
9.950000000000000000e+01
9.970000000000000284e+01
9.979999999999999716e+01
1.000000000000000000e+02
1.000000000000000000e+02
9.990000000000000568e+01
1.000000000000000000e+02
9.990000000000000568e+01
1.000000000000000000e+02
1.000000000000000000e+02
1.000000000000000000e+02
1.000000000000000000e+02
1.000000000000000000e+02
1.000000000000000000e+02
1.000000000000000000e+02
