0.000000000000000000e+00
1.069999999999999929e+01
1.119999999999999929e+01
1.119999999999999929e+01
1.109999999999999964e+01
1.109999999999999964e+01
1.119999999999999929e+01
1.109999999999999964e+01
1.109999999999999964e+01
1.159999999999999964e+01
1.309999999999999964e+01
2.330000000000000071e+01
3.639999999999999858e+01
5.889999999999999858e+01
7.650000000000000000e+01
8.150000000000000000e+01
8.059999999999999432e+01
9.450000000000000000e+01
9.790000000000000568e+01
9.920000000000000284e+01
9.950000000000000000e+01
9.970000000000000284e+01
9.979999999999999716e+01
9.979999999999999716e+01
9.979999999999999716e+01
9.979999999999999716e+01
9.990000000000000568e+01
9.990000000000000568e+01
9.990000000000000568e+01
9.990000000000000568e+01
9.990000000000000568e+01
9.990000000000000568e+01
9.990000000000000568e+01
9.990000000000000568e+01
9.990000000000000568e+01
9.990000000000000568e+01
9.990000000000000568e+01
9.990000000000000568e+01
9.990000000000000568e+01
9.990000000000000568e+01
