0.000000000000000000e+00
1.009999999999999964e+01
8.300000000000000711e+00
9.000000000000000000e+00
8.900000000000000355e+00
9.000000000000000000e+00
9.099999999999999645e+00
9.199999999999999289e+00
9.300000000000000711e+00
9.800000000000000711e+00
1.330000000000000071e+01
2.589999999999999858e+01
4.629999999999999716e+01
6.279999999999999716e+01
8.320000000000000284e+01
8.750000000000000000e+01
8.140000000000000568e+01
9.570000000000000284e+01
9.740000000000000568e+01
9.900000000000000000e+01
9.920000000000000284e+01
9.970000000000000284e+01
9.970000000000000284e+01
9.970000000000000284e+01
9.979999999999999716e+01
9.990000000000000568e+01
9.990000000000000568e+01
9.990000000000000568e+01
9.990000000000000568e+01
9.990000000000000568e+01
9.990000000000000568e+01
9.990000000000000568e+01
9.990000000000000568e+01
9.990000000000000568e+01
9.990000000000000568e+01
9.990000000000000568e+01
9.990000000000000568e+01
9.990000000000000568e+01
9.990000000000000568e+01
9.990000000000000568e+01
