0.000000000000000000e+00
9.900000000000000355e+00
1.019999999999999929e+01
1.019999999999999929e+01
1.040000000000000036e+01
1.459999999999999964e+01
1.000000000000000000e+02
9.779999999999999716e+01
1.000000000000000000e+02
9.940000000000000568e+01
9.979999999999999716e+01
9.979999999999999716e+01
1.000000000000000000e+02
9.990000000000000568e+01
1.000000000000000000e+02
1.000000000000000000e+02
9.979999999999999716e+01
9.959999999999999432e+01
9.990000000000000568e+01
1.000000000000000000e+02
1.000000000000000000e+02
1.000000000000000000e+02
1.000000000000000000e+02
1.000000000000000000e+02
1.000000000000000000e+02
1.000000000000000000e+02
1.000000000000000000e+02
1.000000000000000000e+02
1.000000000000000000e+02
1.000000000000000000e+02
1.000000000000000000e+02
1.000000000000000000e+02
1.000000000000000000e+02
1.000000000000000000e+02
1.000000000000000000e+02
1.000000000000000000e+02
1.000000000000000000e+02
1.000000000000000000e+02
1.000000000000000000e+02
1.000000000000000000e+02
