0.000000000000000000e+00
8.300000000000000711e+00
7.799999999999999822e+00
8.300000000000000711e+00
8.599999999999999645e+00
8.599999999999999645e+00
8.599999999999999645e+00
4.770000000000000284e+01
8.059999999999999432e+01
6.720000000000000284e+01
9.479999999999999716e+01
9.520000000000000284e+01
9.990000000000000568e+01
9.990000000000000568e+01
9.959999999999999432e+01
9.979999999999999716e+01
9.990000000000000568e+01
9.979999999999999716e+01
9.990000000000000568e+01
9.990000000000000568e+01
9.990000000000000568e+01
9.990000000000000568e+01
9.990000000000000568e+01
9.990000000000000568e+01
1.000000000000000000e+02
1.000000000000000000e+02
1.000000000000000000e+02
1.000000000000000000e+02
9.990000000000000568e+01
9.990000000000000568e+01
1.000000000000000000e+02
1.000000000000000000e+02
1.000000000000000000e+02
1.000000000000000000e+02
1.000000000000000000e+02
1.000000000000000000e+02
1.000000000000000000e+02
1.000000000000000000e+02
1.000000000000000000e+02
1.000000000000000000e+02
