0.000000000000000000e+00
1.739999999999999858e+01
1.230000000000000071e+01
1.240000000000000036e+01
1.240000000000000036e+01
1.200000000000000000e+01
1.240000000000000036e+01
1.190000000000000036e+01
1.209999999999999964e+01
1.250000000000000000e+01
1.309999999999999964e+01
1.590000000000000036e+01
1.989999999999999858e+01
3.579999999999999716e+01
5.770000000000000284e+01
6.220000000000000284e+01
6.520000000000000284e+01
8.909999999999999432e+01
9.750000000000000000e+01
9.890000000000000568e+01
9.929999999999999716e+01
9.929999999999999716e+01
9.950000000000000000e+01
9.950000000000000000e+01
9.970000000000000284e+01
9.970000000000000284e+01
9.979999999999999716e+01
9.979999999999999716e+01
9.979999999999999716e+01
9.979999999999999716e+01
9.990000000000000568e+01
9.990000000000000568e+01
9.990000000000000568e+01
9.990000000000000568e+01
9.990000000000000568e+01
9.990000000000000568e+01
9.990000000000000568e+01
9.990000000000000568e+01
9.990000000000000568e+01
9.990000000000000568e+01
