1.000000000000000000e+02
0.000000000000000000e+00
1.019999999999999929e+01
1.019999999999999929e+01
9.900000000000000355e+00
1.040000000000000036e+01
1.040000000000000036e+01
1.480000000000000071e+01
3.010000000000000142e+01
3.130000000000000071e+01
4.710000000000000142e+01
6.229999999999999716e+01
7.190000000000000568e+01
6.850000000000000000e+01
8.390000000000000568e+01
9.220000000000000284e+01
8.270000000000000284e+01
9.779999999999999716e+01
9.929999999999999716e+01
9.929999999999999716e+01
9.929999999999999716e+01
9.920000000000000284e+01
9.920000000000000284e+01
9.920000000000000284e+01
9.929999999999999716e+01
9.940000000000000568e+01
9.979999999999999716e+01
9.979999999999999716e+01
9.979999999999999716e+01
9.979999999999999716e+01
9.979999999999999716e+01
9.979999999999999716e+01
9.979999999999999716e+01
9.979999999999999716e+01
9.979999999999999716e+01
9.979999999999999716e+01
9.979999999999999716e+01
9.979999999999999716e+01
9.979999999999999716e+01
9.979999999999999716e+01
