0.000000000000000000e+00
6.599999999999999645e+00
9.900000000000000355e+00
9.800000000000000711e+00
1.019999999999999929e+01
6.070000000000000284e+01
9.979999999999999716e+01
9.840000000000000568e+01
9.929999999999999716e+01
9.870000000000000284e+01
9.950000000000000000e+01
9.940000000000000568e+01
9.979999999999999716e+01
9.979999999999999716e+01
9.990000000000000568e+01
9.979999999999999716e+01
9.979999999999999716e+01
9.959999999999999432e+01
9.970000000000000284e+01
9.929999999999999716e+01
9.929999999999999716e+01
9.979999999999999716e+01
9.929999999999999716e+01
9.959999999999999432e+01
9.940000000000000568e+01
9.929999999999999716e+01
9.929999999999999716e+01
9.929999999999999716e+01
9.929999999999999716e+01
9.929999999999999716e+01
9.929999999999999716e+01
9.929999999999999716e+01
9.929999999999999716e+01
9.929999999999999716e+01
9.929999999999999716e+01
9.929999999999999716e+01
9.929999999999999716e+01
9.929999999999999716e+01
9.929999999999999716e+01
9.929999999999999716e+01
