0.000000000000000000e+00
0.000000000000000000e+00
1.040000000000000036e+01
1.159999999999999964e+01
1.090000000000000036e+01
1.340000000000000036e+01
3.520000000000000284e+01
6.370000000000000284e+01
8.359999999999999432e+01
7.840000000000000568e+01
9.500000000000000000e+01
9.629999999999999716e+01
9.709999999999999432e+01
9.740000000000000568e+01
9.850000000000000000e+01
9.759999999999999432e+01
9.929999999999999716e+01
9.970000000000000284e+01
9.940000000000000568e+01
9.940000000000000568e+01
9.929999999999999716e+01
9.929999999999999716e+01
9.929999999999999716e+01
9.929999999999999716e+01
9.929999999999999716e+01
9.929999999999999716e+01
9.929999999999999716e+01
9.929999999999999716e+01
9.929999999999999716e+01
9.929999999999999716e+01
9.929999999999999716e+01
9.929999999999999716e+01
9.929999999999999716e+01
9.929999999999999716e+01
9.929999999999999716e+01
9.929999999999999716e+01
9.929999999999999716e+01
9.929999999999999716e+01
9.929999999999999716e+01
9.929999999999999716e+01
