0.000000000000000000e+00
0.000000000000000000e+00
9.500000000000000000e+00
1.080000000000000071e+01
1.069999999999999929e+01
9.699999999999999289e+00
1.100000000000000000e+01
1.069999999999999929e+01
1.730000000000000071e+01
2.060000000000000142e+01
3.110000000000000142e+01
4.300000000000000000e+01
4.879999999999999716e+01
5.720000000000000284e+01
6.170000000000000284e+01
8.440000000000000568e+01
7.729999999999999716e+01
9.350000000000000000e+01
9.729999999999999716e+01
9.800000000000000000e+01
9.779999999999999716e+01
9.809999999999999432e+01
9.809999999999999432e+01
9.809999999999999432e+01
9.829999999999999716e+01
9.879999999999999716e+01
9.900000000000000000e+01
9.920000000000000284e+01
9.929999999999999716e+01
9.929999999999999716e+01
9.929999999999999716e+01
9.920000000000000284e+01
9.920000000000000284e+01
9.920000000000000284e+01
9.920000000000000284e+01
9.920000000000000284e+01
9.920000000000000284e+01
9.920000000000000284e+01
9.920000000000000284e+01
9.920000000000000284e+01
