0.000000000000000000e+00
5.400000000000000355e+00
1.019999999999999929e+01
1.059999999999999964e+01
1.140000000000000036e+01
1.080000000000000071e+01
1.159999999999999964e+01
1.150000000000000000e+01
1.280000000000000071e+01
2.650000000000000000e+01
2.769999999999999929e+01
4.820000000000000284e+01
5.100000000000000000e+01
5.970000000000000284e+01
6.509999999999999432e+01
8.409999999999999432e+01
7.700000000000000000e+01
9.259999999999999432e+01
9.659999999999999432e+01
9.790000000000000568e+01
9.829999999999999716e+01
9.800000000000000000e+01
9.840000000000000568e+01
9.859999999999999432e+01
9.879999999999999716e+01
9.879999999999999716e+01
9.929999999999999716e+01
9.929999999999999716e+01
9.940000000000000568e+01
9.940000000000000568e+01
9.940000000000000568e+01
9.940000000000000568e+01
9.950000000000000000e+01
9.950000000000000000e+01
9.950000000000000000e+01
9.950000000000000000e+01
9.950000000000000000e+01
9.950000000000000000e+01
9.950000000000000000e+01
9.950000000000000000e+01
