0.000000000000000000e+00
0.000000000000000000e+00
9.099999999999999645e+00
9.599999999999999645e+00
9.400000000000000355e+00
9.500000000000000000e+00
9.500000000000000000e+00
1.019999999999999929e+01
1.980000000000000071e+01
2.780000000000000071e+01
3.810000000000000142e+01
4.950000000000000000e+01
6.459999999999999432e+01
7.209999999999999432e+01
7.340000000000000568e+01
8.720000000000000284e+01
8.929999999999999716e+01
9.800000000000000000e+01
9.929999999999999716e+01
9.940000000000000568e+01
9.950000000000000000e+01
9.959999999999999432e+01
9.959999999999999432e+01
9.959999999999999432e+01
9.959999999999999432e+01
9.959999999999999432e+01
9.959999999999999432e+01
9.979999999999999716e+01
9.979999999999999716e+01
9.979999999999999716e+01
9.979999999999999716e+01
9.979999999999999716e+01
9.979999999999999716e+01
9.970000000000000284e+01
9.970000000000000284e+01
9.970000000000000284e+01
9.970000000000000284e+01
9.970000000000000284e+01
9.979999999999999716e+01
9.979999999999999716e+01
