0.000000000000000000e+00
0.000000000000000000e+00
1.040000000000000036e+01
1.069999999999999929e+01
1.059999999999999964e+01
1.069999999999999929e+01
1.330000000000000071e+01
2.410000000000000142e+01
3.080000000000000071e+01
3.679999999999999716e+01
4.979999999999999716e+01
7.859999999999999432e+01
7.400000000000000000e+01
7.970000000000000284e+01
8.700000000000000000e+01
9.290000000000000568e+01
9.209999999999999432e+01
9.800000000000000000e+01
9.879999999999999716e+01
9.859999999999999432e+01
9.859999999999999432e+01
9.850000000000000000e+01
9.879999999999999716e+01
9.890000000000000568e+01
9.900000000000000000e+01
9.900000000000000000e+01
9.920000000000000284e+01
9.940000000000000568e+01
9.929999999999999716e+01
9.929999999999999716e+01
9.929999999999999716e+01
9.929999999999999716e+01
9.920000000000000284e+01
9.920000000000000284e+01
9.920000000000000284e+01
9.920000000000000284e+01
9.920000000000000284e+01
9.920000000000000284e+01
9.920000000000000284e+01
9.920000000000000284e+01
