0.000000000000000000e+00
0.000000000000000000e+00
0.000000000000000000e+00
0.000000000000000000e+00
0.000000000000000000e+00
0.000000000000000000e+00
8.400000000000000355e+00
8.900000000000000355e+00
9.400000000000000355e+00
9.000000000000000000e+00
8.800000000000000711e+00
9.400000000000000355e+00
8.900000000000000355e+00
9.300000000000000711e+00
9.199999999999999289e+00
9.199999999999999289e+00
9.500000000000000000e+00
9.300000000000000711e+00
8.800000000000000711e+00
9.199999999999999289e+00
9.099999999999999645e+00
9.199999999999999289e+00
9.000000000000000000e+00
9.199999999999999289e+00
8.900000000000000355e+00
9.000000000000000000e+00
9.199999999999999289e+00
9.000000000000000000e+00
9.300000000000000711e+00
9.199999999999999289e+00
9.199999999999999289e+00
9.000000000000000000e+00
9.000000000000000000e+00
8.900000000000000355e+00
9.300000000000000711e+00
9.199999999999999289e+00
9.199999999999999289e+00
9.000000000000000000e+00
9.199999999999999289e+00
9.000000000000000000e+00
8.900000000000000355e+00
9.099999999999999645e+00
9.199999999999999289e+00
9.199999999999999289e+00
9.199999999999999289e+00
9.300000000000000711e+00
9.199999999999999289e+00
9.000000000000000000e+00
9.000000000000000000e+00
9.300000000000000711e+00
9.099999999999999645e+00
9.199999999999999289e+00
9.199999999999999289e+00
9.000000000000000000e+00
9.199999999999999289e+00
9.199999999999999289e+00
9.199999999999999289e+00
9.099999999999999645e+00
9.500000000000000000e+00
9.199999999999999289e+00
9.199999999999999289e+00
9.199999999999999289e+00
9.000000000000000000e+00
9.000000000000000000e+00
9.099999999999999645e+00
9.099999999999999645e+00
9.199999999999999289e+00
9.099999999999999645e+00
9.199999999999999289e+00
9.099999999999999645e+00
9.199999999999999289e+00
9.099999999999999645e+00
9.199999999999999289e+00
9.099999999999999645e+00
9.199999999999999289e+00
9.099999999999999645e+00
9.099999999999999645e+00
9.099999999999999645e+00
9.000000000000000000e+00
9.099999999999999645e+00
9.199999999999999289e+00
9.199999999999999289e+00
9.199999999999999289e+00
9.199999999999999289e+00
9.199999999999999289e+00
9.199999999999999289e+00
9.199999999999999289e+00
9.099999999999999645e+00
9.099999999999999645e+00
9.099999999999999645e+00
9.099999999999999645e+00
9.099999999999999645e+00
9.099999999999999645e+00
9.099999999999999645e+00
9.099999999999999645e+00
9.099999999999999645e+00
9.099999999999999645e+00
9.099999999999999645e+00
9.099999999999999645e+00
9.099999999999999645e+00
9.099999999999999645e+00
9.099999999999999645e+00
9.099999999999999645e+00
9.099999999999999645e+00
9.099999999999999645e+00
9.099999999999999645e+00
9.099999999999999645e+00
9.099999999999999645e+00
9.099999999999999645e+00
9.099999999999999645e+00
9.099999999999999645e+00
9.199999999999999289e+00
9.199999999999999289e+00
9.300000000000000711e+00
9.300000000000000711e+00
9.300000000000000711e+00
9.300000000000000711e+00
9.300000000000000711e+00
9.199999999999999289e+00
9.300000000000000711e+00
9.300000000000000711e+00
9.300000000000000711e+00
9.300000000000000711e+00
9.300000000000000711e+00
9.300000000000000711e+00
9.300000000000000711e+00
9.300000000000000711e+00
9.300000000000000711e+00
9.300000000000000711e+00
9.300000000000000711e+00
9.300000000000000711e+00
9.300000000000000711e+00
9.300000000000000711e+00
9.300000000000000711e+00
9.300000000000000711e+00
9.300000000000000711e+00
9.300000000000000711e+00
9.300000000000000711e+00
9.300000000000000711e+00
9.300000000000000711e+00
9.300000000000000711e+00
9.300000000000000711e+00
9.300000000000000711e+00
9.300000000000000711e+00
9.300000000000000711e+00
9.300000000000000711e+00
9.300000000000000711e+00
9.300000000000000711e+00
9.300000000000000711e+00
9.300000000000000711e+00
9.300000000000000711e+00
9.300000000000000711e+00
9.300000000000000711e+00
9.300000000000000711e+00
9.300000000000000711e+00
9.300000000000000711e+00
9.300000000000000711e+00
9.300000000000000711e+00
9.300000000000000711e+00
9.300000000000000711e+00
9.300000000000000711e+00
9.300000000000000711e+00
9.300000000000000711e+00
9.300000000000000711e+00
9.300000000000000711e+00
9.300000000000000711e+00
9.300000000000000711e+00
9.300000000000000711e+00
9.300000000000000711e+00
9.300000000000000711e+00
9.300000000000000711e+00
9.300000000000000711e+00
9.300000000000000711e+00
9.300000000000000711e+00
9.300000000000000711e+00
9.300000000000000711e+00
9.300000000000000711e+00
9.300000000000000711e+00
9.300000000000000711e+00
9.300000000000000711e+00
9.300000000000000711e+00
9.300000000000000711e+00
9.300000000000000711e+00
9.300000000000000711e+00
9.300000000000000711e+00
9.300000000000000711e+00
9.300000000000000711e+00
9.300000000000000711e+00
9.300000000000000711e+00
9.300000000000000711e+00
9.300000000000000711e+00
9.300000000000000711e+00
9.300000000000000711e+00
9.300000000000000711e+00
9.300000000000000711e+00
9.300000000000000711e+00
9.300000000000000711e+00
9.300000000000000711e+00
9.300000000000000711e+00
9.300000000000000711e+00
