0.000000000000000000e+00
1.559999998474121163e+01
1.779999995422363313e+01
4.399999988555908459e+00
7.599999994277953697e+00
7.399999994277954407e+00
7.199999946594238587e+00
2.639999996948242256e+01
2.060000000000000142e+01
5.439999984741211136e+01
4.439999978637695222e+01
4.100000000000000000e+01
1.140000000762939436e+01
2.460000003051757744e+01
2.739999987792968739e+01
1.060000001525878943e+01
1.220000001525878908e+01
1.379999998474121092e+01
4.639999975585937619e+01
4.639999999999999858e+01
3.899999981689452966e+01
2.459999987792968668e+01
3.839999987792968739e+01
3.039999996948242256e+01
6.879999981689452682e+01
4.559999969482421989e+01
2.179999995422363313e+01
4.359999984741210710e+01
3.519999989318847611e+01
2.779999989318847753e+01
3.959999975585937193e+01
2.199999992370605639e+01
4.780000003051758029e+01
5.899999969482421847e+01
4.959999963378906074e+01
5.399999987792968881e+01
3.059999987792968668e+01
5.099999990844726483e+01
1.479999986267089795e+01
3.179999984741210994e+01
2.180000003051757673e+01
2.599999992370605639e+01
4.359999978637695506e+01
7.439999993896483943e+01
4.000000003051757602e+01
5.299999972534179449e+01
7.939999963378906500e+01
4.519999987792968454e+01
6.159999987792969023e+01
2.820000003051757886e+01
1.419999989318847611e+01
7.499999963378905932e+01
5.559999972534179591e+01
6.339999978637695222e+01
1.919999986267090009e+01
3.599999987792968881e+01
4.879999996948242114e+01
6.919999993896485080e+01
6.739999969482421704e+01
3.439999972534180017e+01
3.899999975585937761e+01
8.459999963378906784e+01
2.459999996948242185e+01
5.959999969482421989e+01
3.859999990844726625e+01
3.939999993896484654e+01
5.439999978637695222e+01
6.419999978637694937e+01
5.759999978637695506e+01
4.959999969482421989e+01
6.659999969482421989e+01
6.099999981689452966e+01
4.819999996948241971e+01
2.819999996948242327e+01
4.379999972534179875e+01
2.399999989318847682e+01
6.319999981689453250e+01
7.599999945068358898e+01
6.119999975585937335e+01
5.200000006103515915e+01
5.659999996948242540e+01
6.499999981689452966e+01
6.779999981689452682e+01
8.099999951171875523e+01
9.219999963378906216e+01
9.260000012207031261e+01
8.960000012207031261e+01
9.019999938964843977e+01
9.199999969482422557e+01
9.040000012207030977e+01
9.120000012207030693e+01
9.180000006103514920e+01
9.159999969482421989e+01
9.080000012207031546e+01
9.039999987792968739e+01
9.179999999999999716e+01
8.980000012207031546e+01
9.079999969482422273e+01
9.059999938964843125e+01
9.100000012207031830e+01
8.959999975585937193e+01
8.919999975585938046e+01
8.879999945068360034e+01
9.080000006103514920e+01
8.699999987792968170e+01
9.199999969482422557e+01
9.140000012207030977e+01
9.239999975585936909e+01
9.079999981689452682e+01
9.040000012207030977e+01
9.099999975585937761e+01
9.080000012207031546e+01
8.999999938964843693e+01
8.939999945068359466e+01
8.659999981689453818e+01
8.200000000000000000e+01
9.259999975585937193e+01
9.320000006103515489e+01
8.860000012207031261e+01
9.000000006103515204e+01
8.759999975585937193e+01
9.119999975585938046e+01
8.939999981689453534e+01
9.399999963378905932e+01
9.420000012207030693e+01
9.680000012207031546e+01
9.639999963378906500e+01
9.539999975585936909e+01
9.660000012207031261e+01
9.719999963378906216e+01
9.719999969482421420e+01
9.760000006103516057e+01
9.779999969482422273e+01
9.459999963378906784e+01
9.479999969482422273e+01
9.480000006103514920e+01
9.339999969482421704e+01
9.399999945068358898e+01
9.299999938964843693e+01
9.400000000000000000e+01
9.359999969482421989e+01
9.360000012207031261e+01
9.399999963378905932e+01
9.400000006103515204e+01
9.459999969482421989e+01
9.420000012207030693e+01
9.359999975585937193e+01
9.459999975585937193e+01
9.399999969482422557e+01
9.299999969482422557e+01
9.400000000000000000e+01
9.340000012207030977e+01
9.460000006103516057e+01
9.399999938964843693e+01
9.319999975585938046e+01
9.299999963378905932e+01
9.319999975585938046e+01
9.420000006103515489e+01
9.399999969482422557e+01
9.279999969482422273e+01
9.299999938964843693e+01
9.359999963378906784e+01
9.439999963378906500e+01
9.400000012207031830e+01
9.400000012207031830e+01
9.520000000000000284e+01
9.419999963378906216e+01
9.419999963378906216e+01
9.539999981689453534e+01
9.559999963378906784e+01
9.539999975585936909e+01
9.520000012207030693e+01
9.499999963378905932e+01
9.579999969482422273e+01
9.320000006103515489e+01
9.419999969482421420e+01
9.440000012207030977e+01
9.379999969482422273e+01
9.480000006103514920e+01
9.399999975585937761e+01
9.300000012207031830e+01
9.500000006103515204e+01
9.420000006103515489e+01
9.460000012207031261e+01
9.480000012207031546e+01
9.460000006103516057e+01
9.460000012207031261e+01
9.459999963378906784e+01
9.340000006103515773e+01
9.340000012207030977e+01
9.519999969482421420e+01
9.440000012207030977e+01
9.539999969482421704e+01
9.399999969482422557e+01
9.420000012207030693e+01
9.379999969482422273e+01
9.439999963378906500e+01
9.400000006103515204e+01
9.399999969482422557e+01
9.379999969482422273e+01
