1.359999998474121163e+01
1.199999994277954007e+00
3.000000000000000000e+00
1.839999992370605497e+01
1.359999997711181585e+01
8.799999954223633125e+00
8.600000007629393650e+00
7.200000007629394183e+00
9.999999988555908104e+00
4.799999977111816030e+00
1.080000001525878872e+01
1.480000000000000071e+01
1.580000003051757851e+01
6.959999963378906784e+01
1.299999989318847682e+01
2.219999986267090009e+01
3.139999999999999858e+01
7.799999988555907926e+00
3.139999987792968739e+01
1.299999992370605462e+01
3.479999975585937477e+01
3.219999990844726767e+01
1.839999992370605497e+01
3.159999993896484227e+01
6.039999987792968739e+01
2.179999995422363313e+01
4.140000006103515773e+01
5.179999984741210994e+01
4.779999987792968597e+01
7.959999993896484227e+01
8.400000007629394361e+00
3.899999984741211279e+01
2.939999990844726696e+01
2.779999981689453037e+01
4.259999972534179591e+01
7.079999993896484511e+01
3.419999984741210852e+01
2.979999995422363313e+01
5.080000006103515631e+01
1.259999994659423805e+01
2.360000000000000142e+01
3.160000003051757744e+01
4.939999987792968739e+01
2.779999987792968597e+01
4.639999999999999858e+01
6.800000012207031830e+01
7.199999957275390727e+01
5.560000012207031261e+01
3.399999987792968881e+01
4.359999990844726625e+01
7.960000006103516057e+01
4.639999993896484654e+01
3.099999990844726483e+01
5.359999975585937193e+01
2.339999986267089938e+01
2.099999993896484440e+01
5.739999981689452824e+01
5.839999993896484654e+01
3.979999978637695079e+01
6.220000012207031403e+01
4.739999975585937619e+01
2.419999989318847611e+01
6.599999963378905932e+01
3.459999987792969023e+01
1.120000000762939507e+01
3.939999981689452824e+01
9.480000006103514920e+01
4.560000006103515346e+01
2.739999993896484298e+01
5.080000003051758029e+01
4.259999969482421989e+01
5.619999990844726767e+01
2.819999975585937335e+01
7.379999951171875239e+01
3.559999975585937193e+01
4.620000006103515489e+01
5.899999969482421847e+01
4.359999990844726625e+01
3.399999993896484085e+01
4.879999972534179875e+01
7.139999957275391296e+01
8.039999987792968739e+01
8.740000012207030977e+01
8.959999981689453818e+01
9.119999975585938046e+01
9.299999938964843693e+01
9.239999963378906500e+01
9.259999975585937193e+01
9.300000012207031830e+01
9.060000012207031261e+01
9.399999969482422557e+01
9.279999963378905647e+01
8.759999981689453818e+01
8.779999975585937477e+01
9.280000006103514920e+01
9.120000012207030693e+01
9.379999969482422273e+01
9.240000012207030977e+01
9.200000012207031830e+01
8.699999987792968170e+01
8.919999981689453250e+01
9.140000012207030977e+01
9.219999938964843977e+01
9.340000012207030977e+01
9.299999975585937761e+01
9.019999969482421420e+01
8.899999975585937761e+01
9.240000000000000568e+01
8.919999981689453250e+01
9.079999975585937477e+01
9.199999975585937761e+01
9.019999938964843977e+01
8.639999987792968739e+01
9.099999975585937761e+01
8.959999969482421989e+01
8.879999975585937477e+01
9.159999975585937193e+01
9.140000006103515773e+01
8.940000012207030977e+01
8.879999938964843409e+01
8.939999981689453534e+01
8.719999975585938046e+01
9.060000012207031261e+01
9.739999963378906500e+01
9.799999963378905932e+01
9.720000000000000284e+01
9.759999999999999432e+01
9.820000000000000284e+01
9.759999963378906784e+01
9.840000000000000568e+01
9.679999963378905647e+01
9.660000006103516057e+01
9.659999963378906784e+01
9.580000012207031546e+01
9.620000006103515489e+01
9.620000006103515489e+01
9.700000006103515204e+01
9.639999969482421704e+01
9.580000006103514920e+01
9.579999969482422273e+01
9.620000006103515489e+01
9.620000006103515489e+01
9.679999963378905647e+01
9.600000000000000000e+01
9.499999969482422557e+01
9.699999963378905932e+01
9.599999969482422557e+01
9.660000012207031261e+01
9.619999938964843977e+01
9.659999999999999432e+01
9.720000006103515489e+01
9.699999963378905932e+01
9.659999969482421989e+01
9.619999963378906216e+01
9.659999999999999432e+01
9.500000006103515204e+01
9.639999963378906500e+01
9.639999963378906500e+01
9.520000006103515489e+01
9.539999969482421704e+01
9.459999975585937193e+01
9.619999969482421420e+01
9.620000012207030693e+01
9.599999963378905932e+01
9.499999963378905932e+01
9.540000012207030977e+01
9.600000000000000000e+01
9.459999969482421989e+01
9.579999963378905647e+01
9.520000012207030693e+01
9.540000012207030977e+01
9.419999969482421420e+01
9.399999969482422557e+01
9.519999969482421420e+01
9.380000012207031546e+01
9.580000006103514920e+01
9.460000006103516057e+01
9.419999969482421420e+01
9.539999969482421704e+01
9.519999963378906216e+01
9.600000000000000000e+01
9.640000006103515773e+01
9.579999969482422273e+01
9.679999999999999716e+01
9.579999963378905647e+01
9.500000006103515204e+01
9.619999963378906216e+01
9.499999963378905932e+01
9.699999963378905932e+01
9.560000006103516057e+01
9.540000006103515773e+01
9.580000006103514920e+01
9.639999963378906500e+01
9.579999963378905647e+01
9.520000006103515489e+01
9.560000006103516057e+01
9.659999969482421989e+01
9.579999963378905647e+01
9.620000012207030693e+01
9.620000006103515489e+01
