0.000000000000000000e+00
1.199999999999999956e+00
1.999999994277954052e+00
1.299999994659423841e+01
1.919999989318847611e+01
2.160000003051757744e+01
1.459999992370605426e+01
1.339999989318847717e+01
7.999999977111816207e+00
1.020000000762939507e+01
5.599999994277953697e+00
2.320000003051757886e+01
4.199999988555908281e+00
2.779999993896484511e+01
1.339999997711181656e+01
1.059999998474121163e+01
8.600000007629393650e+00
2.399999995422363241e+01
1.780000003051757673e+01
2.080000003051757673e+01
3.339999981689452824e+01
3.039999981689453179e+01
2.219999998474121128e+01
1.199999994659423841e+01
2.100000000000000000e+01
2.419999981689453250e+01
8.599999977111815852e+00
2.179999996948242114e+01
1.459999994659423805e+01
5.279999996948242114e+01
4.399999993896484085e+01
5.179999975585937477e+01
2.439999987792968739e+01
2.759999996948242185e+01
5.279999996948242114e+01
4.019999993896484369e+01
1.899999992370605639e+01
3.100000000000000000e+01
8.599999954223632059e+00
5.379999990844726909e+01
6.919999981689453250e+01
3.079999996948242114e+01
6.099999987792968881e+01
5.059999978637695506e+01
4.219999984741210852e+01
2.819999984741210852e+01
3.399999987792968881e+01
3.299999990844726483e+01
5.680000006103515631e+01
2.199999995422363241e+01
5.959999993896484227e+01
2.939999984741210781e+01
3.459999981689453108e+01
2.939999993896484298e+01
1.559999995422363206e+01
1.739999992370605497e+01
5.260000003051757744e+01
2.999999996948242043e+01
4.640000006103515773e+01
4.139999975585937619e+01
1.760000003051757744e+01
3.099999975585937406e+01
3.719999978637695648e+01
4.260000006103515346e+01
2.819999978637695293e+01
4.459999978637695506e+01
5.780000012207031546e+01
2.780000000000000071e+01
1.659999997711181763e+01
1.879999992370605355e+01
1.219999995422363348e+01
4.640000006103515773e+01
1.819999992370605568e+01
8.079999999999999716e+01
2.939999993896484298e+01
1.339999986267089760e+01
4.839999972534180017e+01
1.020000001525878908e+01
4.059999981689453108e+01
2.600000000000000000e+01
2.739999987792968739e+01
2.979999986267089795e+01
7.220000012207030693e+01
8.319999957275391012e+01
8.799999981689452966e+01
8.859999981689453818e+01
9.060000006103516057e+01
9.059999981689453818e+01
8.939999938964844262e+01
8.999999975585937761e+01
9.059999945068359750e+01
8.959999975585937193e+01
8.939999938964844262e+01
8.839999981689453534e+01
8.899999975585937761e+01
8.860000012207031261e+01
9.059999975585937193e+01
9.199999987792968170e+01
8.999999987792968170e+01
8.699999951171875523e+01
9.059999975585937193e+01
9.019999969482421420e+01
8.799999981689452966e+01
8.779999981689452682e+01
8.779999945068360034e+01
9.119999938964843977e+01
8.979999981689452682e+01
8.880000012207031546e+01
9.279999938964843409e+01
8.979999975585937477e+01
8.999999993896484796e+01
9.039999981689453534e+01
9.200000012207031830e+01
8.999999975585937761e+01
9.000000012207031830e+01
8.919999981689453250e+01
9.059999981689453818e+01
8.879999938964843409e+01
8.960000012207031261e+01
8.779999975585937477e+01
9.099999945068358898e+01
8.919999975585938046e+01
8.519999981689453250e+01
9.459999975585937193e+01
9.559999969482421989e+01
9.580000012207031546e+01
9.679999963378905647e+01
9.619999963378906216e+01
9.679999999999999716e+01
9.679999969482422273e+01
9.679999969482422273e+01
9.659999999999999432e+01
9.420000006103515489e+01
9.660000006103516057e+01
9.620000006103515489e+01
9.420000006103515489e+01
9.499999975585937761e+01
9.560000006103516057e+01
9.420000006103515489e+01
9.379999999999999716e+01
9.400000012207031830e+01
9.380000006103514920e+01
9.400000012207031830e+01
9.479999963378905647e+01
9.439999975585936909e+01
9.520000006103515489e+01
9.479999999999999716e+01
9.459999969482421989e+01
9.439999969482421704e+01
9.480000006103514920e+01
9.439999969482421704e+01
9.500000006103515204e+01
9.460000006103516057e+01
9.479999969482422273e+01
9.540000012207030977e+01
9.619999963378906216e+01
9.460000006103516057e+01
9.599999963378905932e+01
9.459999963378906784e+01
9.639999969482421704e+01
9.419999969482421420e+01
9.539999969482421704e+01
9.499999969482422557e+01
9.680000006103514920e+01
9.619999963378906216e+01
9.659999963378906784e+01
9.579999969482422273e+01
9.619999963378906216e+01
9.559999969482421989e+01
9.620000006103515489e+01
9.420000012207030693e+01
9.460000006103516057e+01
9.580000012207031546e+01
9.620000006103515489e+01
9.439999969482421704e+01
9.520000006103515489e+01
9.460000006103516057e+01
9.440000006103515773e+01
9.419999938964843977e+01
9.580000006103514920e+01
9.519999969482421420e+01
9.559999963378906784e+01
9.379999981689452682e+01
9.459999969482421989e+01
9.439999981689453534e+01
9.459999975585937193e+01
9.479999999999999716e+01
9.479999963378905647e+01
9.479999975585937477e+01
9.619999963378906216e+01
9.539999963378906500e+01
9.499999975585937761e+01
9.439999975585936909e+01
9.599999963378905932e+01
9.639999963378906500e+01
9.499999963378905932e+01
9.459999969482421989e+01
9.540000012207030977e+01
9.540000012207030977e+01
9.539999969482421704e+01
