3.699999987792968881e+01
1.519999999999999929e+01
1.379999997711181692e+01
1.160000001525878943e+01
2.320000003051757886e+01
1.999999992370605639e+01
2.099999996948242043e+01
1.439999998474121057e+01
2.199999994277954229e+00
1.739999986267089938e+01
1.579999986267089795e+01
1.359999992370605426e+01
4.240000006103515773e+01
3.539999972534180017e+01
3.000000000000000000e+00
1.459999994659423805e+01
2.760000003051757744e+01
5.260000003051757744e+01
4.799999993896484085e+01
2.939999996948242256e+01
3.579999972534179875e+01
2.440000001525879014e+01
1.619999993896484369e+01
5.039999975585937619e+01
1.180000001525878872e+01
3.579999999999999716e+01
2.519999995422363170e+01
4.359999990844726625e+01
3.939999993896484654e+01
3.579999972534179875e+01
2.979999990844726554e+01
2.099999996948242043e+01
4.659999984741210710e+01
1.860000001525878943e+01
3.740000003051757460e+01
5.619999978637695648e+01
3.260000000000000142e+01
2.059999989318847824e+01
1.099999998474121021e+01
4.600000000000000000e+01
1.499999989318847682e+01
3.439999978637695222e+01
4.839999996948242256e+01
3.519999990844726767e+01
6.879999951171875239e+01
3.319999984741210852e+01
7.620000000000000284e+01
2.359999986267089866e+01
9.199999977111817273e+00
3.139999987792968739e+01
2.459999996948242185e+01
1.659999986267089866e+01
2.719999989318847611e+01
2.979999996948242114e+01
4.639999993896484654e+01
2.879999996948242114e+01
1.639999986267089938e+01
2.719999978637695293e+01
3.799999987792968881e+01
3.519999984741210852e+01
3.039999993896484298e+01
1.900000000000000000e+01
5.419999981689453250e+01
6.339999978637695222e+01
6.499999978637694653e+01
3.519999984741210852e+01
4.940000003051757460e+01
4.859999972534179591e+01
3.939999981689452824e+01
3.179999987792968597e+01
4.079999987792968597e+01
7.119999969482421420e+01
5.520000003051757886e+01
5.779999978637695079e+01
6.039999993896484654e+01
5.079999990844726909e+01
5.399999984741211279e+01
7.039999963378906500e+01
2.139999989318847540e+01
3.599999978637695364e+01
4.839999996948242256e+01
6.159999975585937193e+01
8.440000000000000568e+01
8.860000006103516057e+01
9.060000012207031261e+01
8.999999987792968170e+01
8.820000012207030693e+01
8.919999975585938046e+01
9.080000012207031546e+01
8.539999993896483943e+01
8.699999938964843693e+01
8.739999987792968739e+01
8.540000006103515773e+01
8.639999945068359466e+01
9.039999975585936909e+01
8.959999938964843125e+01
9.000000012207031830e+01
8.839999938964844262e+01
8.899999981689452966e+01
8.859999938964843125e+01
9.279999975585937477e+01
8.959999975585937193e+01
8.800000012207031830e+01
8.819999938964843977e+01
8.839999951171874670e+01
9.020000012207030693e+01
8.699999975585937761e+01
9.099999975585937761e+01
8.639999957275391296e+01
8.779999981689452682e+01
8.879999975585937477e+01
8.579999945068360034e+01
8.659999981689453818e+01
8.539999993896483943e+01
9.160000006103516057e+01
9.219999945068359182e+01
8.439999987792968739e+01
8.779999945068360034e+01
8.899999981689452966e+01
8.960000012207031261e+01
8.199999975585937761e+01
8.759999945068359750e+01
8.919999975585938046e+01
9.419999969482421420e+01
9.500000012207031830e+01
9.599999963378905932e+01
9.580000006103514920e+01
9.640000000000000568e+01
9.619999969482421420e+01
9.560000012207031261e+01
9.560000006103516057e+01
9.499999938964843693e+01
9.480000012207031546e+01
9.560000006103516057e+01
9.499999963378905932e+01
9.520000012207030693e+01
9.520000000000000284e+01
9.500000012207031830e+01
9.539999969482421704e+01
9.480000012207031546e+01
9.519999969482421420e+01
9.579999969482422273e+01
9.599999963378905932e+01
9.520000006103515489e+01
9.499999963378905932e+01
9.579999975585937477e+01
9.500000006103515204e+01
9.579999963378905647e+01
9.439999963378906500e+01
9.579999999999999716e+01
9.540000006103515773e+01
9.560000006103516057e+01
9.560000012207031261e+01
9.539999969482421704e+01
9.579999969482422273e+01
9.619999969482421420e+01
9.520000000000000284e+01
9.520000006103515489e+01
9.560000006103516057e+01
9.640000006103515773e+01
9.479999963378905647e+01
9.560000006103516057e+01
9.580000006103514920e+01
9.620000000000000284e+01
9.579999963378905647e+01
9.559999969482421989e+01
9.580000006103514920e+01
9.539999969482421704e+01
9.500000006103515204e+01
9.519999969482421420e+01
9.480000012207031546e+01
9.579999969482422273e+01
9.619999963378906216e+01
9.519999963378906216e+01
9.459999969482421989e+01
9.420000006103515489e+01
9.559999963378906784e+01
9.439999975585936909e+01
9.559999969482421989e+01
9.599999963378905932e+01
9.559999969482421989e+01
9.579999999999999716e+01
9.620000006103515489e+01
9.599999969482422557e+01
9.619999975585938046e+01
9.499999963378905932e+01
9.580000012207031546e+01
9.599999975585937761e+01
9.540000006103515773e+01
9.519999975585938046e+01
9.559999969482421989e+01
9.520000006103515489e+01
9.580000006103514920e+01
9.560000006103516057e+01
9.540000012207030977e+01
9.579999963378905647e+01
9.620000012207030693e+01
9.579999969482422273e+01
9.559999969482421989e+01
9.599999969482422557e+01
