8.400000015258788366e+00
2.199999988555908281e+00
5.199999977111816385e+00
5.199999988555908281e+00
2.999999988555908104e+00
4.600000015258789432e+00
4.800000007629394716e+00
3.099999990844726483e+01
5.000000007629394894e+00
6.199999988555908281e+00
8.999999923706054616e+00
8.000000007629394005e+00
6.199999977111816385e+00
7.199999988555908281e+00
5.399999988555908459e+00
1.699999997711181621e+01
1.779999989318847753e+01
1.299999994659423841e+01
2.479999992370605355e+01
1.059999998855590775e+01
2.499999986267089724e+01
6.199999994277954229e+00
1.059999995422363206e+01
1.559999989318847646e+01
2.839999996948242256e+01
1.419999998474121128e+01
5.800000007629394716e+00
3.759999996948242540e+01
2.239999999999999858e+01
1.779999989318847753e+01
1.579999998474121092e+01
9.999999977111816207e+00
3.119999969482421776e+01
2.179999992370605355e+01
9.199999984741211279e+00
8.600000007629393650e+00
3.939999978637695222e+01
2.439999999999999858e+01
2.179999986267089795e+01
1.539999995422363277e+01
1.720000001525878730e+01
3.959999981689453108e+01
3.259999993896484227e+01
2.799999978637695364e+01
2.859999993896484227e+01
2.699999993896484440e+01
2.339999986267089938e+01
1.380000001525878872e+01
7.399999946594237876e+00
2.519999984741210852e+01
1.599999992370605462e+01
1.059999997711181585e+01
2.099999986267089724e+01
2.919999986267090009e+01
1.899999997711181621e+01
2.439999986267089938e+01
1.199999997711181621e+01
3.719999975585937335e+01
4.119999969482422131e+01
1.759999989318847824e+01
4.800000015258788721e+00
1.739999986267089938e+01
2.080000003051757673e+01
1.919999999999999929e+01
5.579999999999999716e+01
2.839999986267089938e+01
2.119999989318847611e+01
1.259999998474121163e+01
1.979999998474121270e+01
2.579999989318847753e+01
2.679999987792968597e+01
3.759999969482421989e+01
4.459999969482421989e+01
3.899999975585937761e+01
3.939999978637695222e+01
2.739999987792968739e+01
7.399999977111816563e+00
6.179999981689453392e+01
2.100000003051757957e+01
2.519999990844726412e+01
2.279999989318847753e+01
5.479999969482421562e+01
8.219999993896485080e+01
8.879999975585937477e+01
9.080000006103514920e+01
9.440000006103515773e+01
9.399999963378905932e+01
9.179999981689452682e+01
9.400000006103515204e+01
9.359999981689453818e+01
9.259999975585937193e+01
9.180000012207031546e+01
9.119999981689453250e+01
9.179999975585937477e+01
9.119999945068359182e+01
9.099999945068358898e+01
9.240000012207030977e+01
9.059999969482421989e+01
9.159999975585937193e+01
9.259999975585937193e+01
9.119999945068359182e+01
9.039999975585936909e+01
9.219999969482421420e+01
9.379999969482422273e+01
9.240000012207030977e+01
9.040000012207030977e+01
8.979999975585937477e+01
9.439999969482421704e+01
9.279999938964843409e+01
9.360000006103516057e+01
9.020000012207030693e+01
9.339999938964844262e+01
8.699999981689452966e+01
9.139999963378906500e+01
8.979999945068360034e+01
9.119999938964843977e+01
9.020000012207030693e+01
8.919999938964843977e+01
9.039999938964844262e+01
8.839999981689453534e+01
9.119999969482421420e+01
9.019999975585938046e+01
9.039999969482421704e+01
9.640000006103515773e+01
9.759999963378906784e+01
9.700000006103515204e+01
9.699999969482422557e+01
9.799999963378905932e+01
9.720000000000000284e+01
9.799999963378905932e+01
9.799999963378905932e+01
9.680000006103514920e+01
9.639999963378906500e+01
9.660000006103516057e+01
9.679999999999999716e+01
9.660000006103516057e+01
9.659999963378906784e+01
9.679999969482422273e+01
9.660000006103516057e+01
9.659999969482421989e+01
9.639999963378906500e+01
9.659999963378906784e+01
9.659999963378906784e+01
9.660000006103516057e+01
9.679999999999999716e+01
9.659999963378906784e+01
9.640000006103515773e+01
9.660000006103516057e+01
9.659999999999999432e+01
9.659999999999999432e+01
9.640000006103515773e+01
9.679999938964843409e+01
9.700000006103515204e+01
9.680000006103514920e+01
9.659999963378906784e+01
9.660000006103516057e+01
9.660000012207031261e+01
9.659999969482421989e+01
9.660000006103516057e+01
9.679999963378905647e+01
9.680000006103514920e+01
9.679999963378905647e+01
9.659999975585937193e+01
9.659999963378906784e+01
9.680000006103514920e+01
9.679999999999999716e+01
9.620000006103515489e+01
9.660000006103516057e+01
9.680000006103514920e+01
9.640000000000000568e+01
9.619999963378906216e+01
9.679999999999999716e+01
9.699999963378905932e+01
9.659999999999999432e+01
9.639999963378906500e+01
9.659999963378906784e+01
9.659999969482421989e+01
9.679999969482422273e+01
9.679999963378905647e+01
9.699999963378905932e+01
9.679999999999999716e+01
9.679999975585937477e+01
9.679999999999999716e+01
9.679999963378905647e+01
9.680000006103514920e+01
9.640000006103515773e+01
9.659999969482421989e+01
9.659999999999999432e+01
9.679999963378905647e+01
9.659999963378906784e+01
9.659999963378906784e+01
9.679999969482422273e+01
9.679999975585937477e+01
9.620000012207030693e+01
9.679999969482422273e+01
9.639999963378906500e+01
9.680000006103514920e+01
9.679999999999999716e+01
9.619999963378906216e+01
9.679999963378905647e+01
