5.759999984741210710e+01
1.199999988555908281e+00
6.399999946594237876e+00
0.000000000000000000e+00
0.000000000000000000e+00
4.039999969482421704e+01
5.759999987792969023e+01
1.999999994277954052e+00
1.660000003051757744e+01
2.499999996948242043e+01
2.799999999999999822e+00
1.399999999999999911e+00
5.599999977111816740e+00
1.999999994277954052e+00
4.799999988555907926e+00
4.000000000000000222e-01
3.200000007629394627e+00
3.359999972534179591e+01
6.199999984741211279e+00
2.000000007629394450e+00
9.400000007629394361e+00
4.600000007629394538e+00
5.199999988555908281e+00
8.600000007629393650e+00
1.279999986267089795e+01
3.200000000000000178e+00
6.599999977111816740e+00
9.599999977111815852e+00
8.199999977111817273e+00
3.999999988555908104e+00
2.399999990844726483e+01
1.199999999999999956e+00
3.799999999999999822e+00
2.199999989318847682e+01
3.599999988555908192e+00
7.199999946594238587e+00
1.399999999999999911e+00
9.799999954223633125e+00
8.999999984741210213e+00
5.600000007629394538e+00
3.799999994277954318e+00
2.979999984741210994e+01
1.319999995422363348e+01
3.979999984741210994e+01
9.599999984741211634e+00
2.199999994277954229e+00
7.600000007629394538e+00
5.000000007629394894e+00
5.399999977111816563e+00
4.200000007629394183e+00
8.400000015258788366e+00
4.799999994277953874e+00
1.059999997711181585e+01
8.999999946594238409e+00
9.199999946594237699e+00
3.399999999999999911e+00
1.060000001525878943e+01
1.159999997711181585e+01
1.359999997711181585e+01
1.140000000762939436e+01
1.119999998474121128e+01
6.400000007629394361e+00
5.000000000000000000e+00
1.259999998474121163e+01
7.999999977111816207e+00
8.799999984741210923e+00
3.799999994277954318e+00
9.599999954223632059e+00
5.000000007629394894e+00
9.399999984741210568e+00
8.799999977111816918e+00
7.599999977111816740e+00
4.399999946594237876e+00
5.799999946594238232e+00
1.059999999427795458e+01
9.199999977111817273e+00
4.999999988555908104e+00
1.259999989318847646e+01
2.119999998474121128e+01
1.399999998474121021e+01
7.399999946594237876e+00
7.199999946594238587e+00
1.159999997711181585e+01
9.000000007629394005e+00
1.099999997711181621e+01
1.040000001525878837e+01
9.599999954223632059e+00
9.599999988555907748e+00
1.059999997711181585e+01
1.039999999427795352e+01
1.039999994659423876e+01
9.599999984741211634e+00
1.120000000762939507e+01
1.039999998474121057e+01
1.079999997711181692e+01
1.019999998474121128e+01
1.059999994659423805e+01
1.199999994659423841e+01
1.019999994659423770e+01
1.099999994659423841e+01
9.399999984741210568e+00
9.999999988555908104e+00
9.399999988555908459e+00
9.799999946594239120e+00
1.179999997711181692e+01
1.140000001525878837e+01
1.120000001525878908e+01
9.399999946594238764e+00
1.019999992370605391e+01
9.799999977111816918e+00
9.199999988555907393e+00
9.999999988555908104e+00
1.119999994659423770e+01
1.099999995422363241e+01
9.999999946594238409e+00
1.119999995422363348e+01
9.599999988555907748e+00
1.059999998474121163e+01
9.599999977111815852e+00
1.060000001525878943e+01
9.000000007629394005e+00
9.999999988555908104e+00
1.019999997711181727e+01
9.999999946594238409e+00
1.079999994659423912e+01
1.000000001525878979e+01
1.019999994659423770e+01
1.039999997711181656e+01
1.019999998474121128e+01
1.079999997711181692e+01
1.079999992370605533e+01
1.060000001525878943e+01
1.099999998474121021e+01
1.059999992370605426e+01
9.599999954223632059e+00
1.080000001525878872e+01
1.100000000762939401e+01
1.059999994659423805e+01
9.399999977111816563e+00
9.800000015258788721e+00
1.079999997711181692e+01
1.079999994659423912e+01
1.060000001525878943e+01
1.019999997711181727e+01
1.060000000762939365e+01
1.059999998474121163e+01
1.079999998474121092e+01
9.599999988555907748e+00
9.999999946594238409e+00
1.139999995422363277e+01
9.799999862670897954e+00
1.059999998855590775e+01
9.999999977111816207e+00
9.999999946594238409e+00
1.060000001525878943e+01
1.019999998474121128e+01
1.080000001525878872e+01
1.040000001525878837e+01
1.060000001525878943e+01
1.099999995422363241e+01
1.039999997711181656e+01
1.000000001525878979e+01
1.139999998474121057e+01
1.080000000762939472e+01
9.999999946594238409e+00
1.000000001525878979e+01
9.599999977111815852e+00
1.059999998474121163e+01
1.019999994659423770e+01
9.999999946594238409e+00
1.079999994659423912e+01
1.099999998474121021e+01
1.019999997711181727e+01
9.999999946594238409e+00
1.060000001525878943e+01
1.079999997711181692e+01
1.079999994659423912e+01
9.799999923706055327e+00
9.999999946594238409e+00
1.099999994659423841e+01
9.999999988555908104e+00
1.079999999427795387e+01
9.800000015258788721e+00
1.119999994659423770e+01
9.199999954223633480e+00
1.020000000762939507e+01
1.040000000762939436e+01
1.079999995422363313e+01
1.059999998474121163e+01
1.059999997711181585e+01
1.080000001525878872e+01
1.040000001525878837e+01
9.600000007629393650e+00
1.099999997711181621e+01
9.999999977111816207e+00
1.019999998474121128e+01
9.999999977111816207e+00
1.059999998474121163e+01
1.119999994659423770e+01
1.139999994659423876e+01
