0.000000000000000000e+00
2.799999988555908370e+00
0.000000000000000000e+00
6.899999957275390727e+01
1.799999977111816474e+00
1.399999994277954185e+00
2.000000000000000111e-01
4.259999981689453108e+01
4.800000007629394716e+00
0.000000000000000000e+00
1.860000000000000142e+01
8.000000000000000444e-01
5.199999988555908281e+00
4.400000007629394361e+00
5.999999977111816207e+00
8.199999977111817273e+00
4.199999988555908281e+00
5.400000007629394361e+00
9.600000015258789432e+00
3.639999972534180017e+01
2.079999998474121270e+01
1.599999994277954141e+00
1.999999994277954052e+00
4.339999978637695222e+01
8.599999977111815852e+00
1.579999992370605533e+01
2.599999977111816296e+00
6.000000007629394894e+00
4.599999999999999645e+00
1.039999992370605497e+01
4.799999988555907926e+00
2.199999988555908281e+00
5.800000007629394716e+00
1.479999995422363313e+01
6.999999988555908104e+00
4.999999988555908104e+00
7.199999946594238587e+00
2.999999988555908104e+00
3.999999994277954052e+00
1.599999986267089902e+01
4.579999972534179875e+01
4.179999987792968597e+01
4.600000007629394538e+00
1.999999994277954052e+00
2.999999988555908104e+00
5.799999994277953874e+00
4.999999977111816207e+00
1.659999986267089866e+01
5.000000007629394894e+00
2.199999994277954229e+00
9.399999984741210568e+00
3.599999988555908192e+00
2.400000007629394361e+00
2.079999986267089795e+01
8.400000007629394361e+00
1.059999994659423805e+01
2.199999994277954229e+00
1.199999994659423841e+01
7.599999988555908637e+00
1.659999992370605426e+01
7.000000007629394894e+00
8.600000015258789432e+00
1.179999992370605533e+01
1.400000001525878979e+01
8.199999946594237699e+00
4.600000007629394538e+00
6.200000007629394183e+00
3.600000007629394538e+00
5.600000007629394538e+00
9.200000007629395071e+00
1.399999986267089902e+01
1.519999994659423770e+01
1.399999994277954185e+00
4.800000007629394716e+00
2.179999986267089795e+01
6.600000007629394538e+00
4.819999993896484369e+01
4.599999994277953697e+00
6.600000007629394538e+00
7.799999977111816030e+00
1.139999994659423876e+01
5.600000015258789432e+00
9.599999946594238054e+00
9.599999984741211634e+00
9.599999988555907748e+00
9.199999977111817273e+00
8.999999946594238409e+00
9.999999984741210213e+00
9.599999977111815852e+00
9.199999977111817273e+00
9.799999988555908814e+00
9.000000015258789787e+00
9.599999954223632059e+00
9.999999946594238409e+00
8.399999988555908459e+00
1.040000001525878837e+01
9.399999994277953519e+00
1.019999994659423770e+01
7.999999977111816207e+00
9.999999954223632415e+00
9.999999977111816207e+00
1.120000001525878908e+01
8.999999946594238409e+00
9.000000015258789787e+00
9.600000015258789432e+00
9.999999988555908104e+00
9.599999946594238054e+00
8.799999954223633125e+00
9.400000007629394361e+00
8.599999954223632059e+00
9.799999977111816918e+00
9.600000015258789432e+00
8.800000007629394716e+00
1.059999994659423805e+01
8.799999977111816918e+00
9.999999923706054616e+00
8.799999977111816918e+00
9.999999946594238409e+00
8.999999893188476818e+00
8.399999988555908459e+00
9.200000015258789077e+00
8.999999988555908104e+00
9.599999977111815852e+00
9.599999954223632059e+00
9.199999977111817273e+00
9.399999988555908459e+00
9.199999988555907393e+00
8.999999977111816207e+00
1.000000001525878979e+01
8.800000007629394716e+00
9.599999946594238054e+00
8.800000015258788721e+00
8.999999946594238409e+00
9.199999977111817273e+00
9.200000007629395071e+00
9.399999988555908459e+00
9.799999946594239120e+00
9.599999946594238054e+00
9.199999946594237699e+00
9.799999977111816918e+00
9.600000007629393650e+00
9.999999977111816207e+00
8.999999946594238409e+00
8.800000015258788721e+00
9.000000007629394005e+00
9.600000015258789432e+00
9.800000007629394716e+00
9.600000007629393650e+00
9.200000007629395071e+00
9.799999862670897954e+00
8.999999946594238409e+00
8.999999946594238409e+00
8.799999977111816918e+00
8.800000007629394716e+00
1.019999998474121128e+01
9.800000007629394716e+00
9.999999984741210213e+00
9.199999923706053906e+00
8.999999988555908104e+00
8.999999984741210213e+00
9.000000015258789787e+00
8.999999994277954940e+00
9.599999946594238054e+00
8.799999946594239120e+00
9.400000015258788366e+00
8.800000000000000711e+00
9.599999977111815852e+00
8.999999977111816207e+00
8.799999977111816918e+00
8.799999946594239120e+00
8.599999988555907748e+00
9.200000007629395071e+00
8.599999977111815852e+00
8.999999977111816207e+00
9.200000015258789077e+00
9.599999984741211634e+00
9.599999999999999645e+00
9.200000007629395071e+00
8.999999946594238409e+00
8.999999988555908104e+00
8.999999923706054616e+00
8.999999994277954940e+00
9.199999977111817273e+00
9.399999923706054972e+00
8.399999977111816563e+00
9.599999984741211634e+00
9.399999954223632770e+00
8.199999977111817273e+00
9.799999946594239120e+00
1.059999997711181585e+01
8.999999946594238409e+00
9.799999984741210923e+00
8.799999984741210923e+00
9.200000007629395071e+00
9.199999977111817273e+00
9.599999977111815852e+00
9.000000015258789787e+00
8.799999946594239120e+00
9.400000007629394361e+00
8.199999988555907393e+00
