2.999999988555908104e+00
2.360000003051757744e+01
2.500000003051757957e+01
1.179999997711181692e+01
3.579999990844726909e+01
2.319999992370605568e+01
4.479999996948242114e+01
5.899999987792968881e+01
4.159999996948242540e+01
5.699999978637695364e+01
5.340000003051757460e+01
6.639999990844727051e+01
6.520000012207030693e+01
5.540000006103515773e+01
6.159999987792969023e+01
3.279999990844726909e+01
6.539999993896483943e+01
7.919999993896485080e+01
6.439999963378906500e+01
7.059999969482421989e+01
4.780000003051758029e+01
6.119999984741210852e+01
4.799999996948242398e+01
6.019999981689453250e+01
7.759999993896484227e+01
7.100000006103515204e+01
8.539999987792968739e+01
6.220000003051757886e+01
7.379999957275390443e+01
8.079999987792969307e+01
7.479999999999999716e+01
7.420000000000000284e+01
8.299999957275390727e+01
8.779999951171875239e+01
7.680000006103514920e+01
8.319999975585938046e+01
8.439999987792968739e+01
7.839999951171874670e+01
8.599999951171875523e+01
9.159999969482421989e+01
6.719999978637694937e+01
7.879999993896484511e+01
8.419999987792968454e+01
7.999999987792968170e+01
8.419999951171874386e+01
8.279999993896484511e+01
8.359999987792969023e+01
8.639999938964844262e+01
8.680000012207031546e+01
7.339999957275391296e+01
9.139999969482421704e+01
7.599999945068358898e+01
8.579999993896484511e+01
8.219999938964843977e+01
8.239999938964844262e+01
9.100000012207031830e+01
9.380000012207031546e+01
9.260000012207031261e+01
8.459999981689453818e+01
8.499999975585937761e+01
9.319999969482421420e+01
8.339999957275391296e+01
9.560000012207031261e+01
9.119999987792968454e+01
9.639999963378906500e+01
9.039999981689453534e+01
7.320000012207030693e+01
9.199999975585937761e+01
9.380000012207031546e+01
8.659999981689453818e+01
9.099999969482422557e+01
9.720000012207030693e+01
9.099999969482422557e+01
9.259999969482421989e+01
9.439999963378906500e+01
9.599999963378905932e+01
9.240000006103515773e+01
9.279999969482422273e+01
9.640000006103515773e+01
9.239999969482421704e+01
7.679999999999999716e+01
9.480000006103514920e+01
9.800000000000000000e+01
9.920000006103515489e+01
9.840000006103515773e+01
9.859999963378906784e+01
9.879999999999999716e+01
9.839999963378906500e+01
9.859999963378906784e+01
9.759999963378906784e+01
9.859999999999999432e+01
9.879999999999999716e+01
9.839999963378906500e+01
9.800000006103515204e+01
9.819999963378906216e+01
9.859999963378906784e+01
9.879999999999999716e+01
9.879999969482422273e+01
9.859999963378906784e+01
9.879999963378905647e+01
9.840000006103515773e+01
9.839999963378906500e+01
9.860000006103516057e+01
9.920000000000000284e+01
9.839999963378906500e+01
9.879999999999999716e+01
9.899999963378905932e+01
9.859999963378906784e+01
9.899999963378905932e+01
9.899999963378905932e+01
9.879999963378905647e+01
9.919999963378906216e+01
9.920000000000000284e+01
9.840000000000000568e+01
9.859999963378906784e+01
9.879999963378905647e+01
9.839999963378906500e+01
9.859999999999999432e+01
9.920000000000000284e+01
9.900000000000000000e+01
9.959999999999999432e+01
9.919999963378906216e+01
9.879999963378905647e+01
9.959999999999999432e+01
9.979999999999999716e+01
9.979999999999999716e+01
1.000000000000000000e+02
1.000000000000000000e+02
1.000000000000000000e+02
1.000000000000000000e+02
9.959999999999999432e+01
9.979999999999999716e+01
1.000000000000000000e+02
9.959999999999999432e+01
9.959999999999999432e+01
1.000000000000000000e+02
9.979999963378905647e+01
9.900000000000000000e+01
9.899999963378905932e+01
9.900000000000000000e+01
9.879999963378905647e+01
9.900000000000000000e+01
9.899999963378905932e+01
9.900000000000000000e+01
9.900000000000000000e+01
9.879999963378905647e+01
9.879999999999999716e+01
9.879999999999999716e+01
9.859999999999999432e+01
9.879999999999999716e+01
9.879999999999999716e+01
9.880000006103514920e+01
9.879999999999999716e+01
9.880000006103514920e+01
9.900000000000000000e+01
9.859999999999999432e+01
9.900000000000000000e+01
9.879999999999999716e+01
9.900000000000000000e+01
9.879999999999999716e+01
9.859999999999999432e+01
9.900000000000000000e+01
9.879999999999999716e+01
9.900000006103515204e+01
9.879999999999999716e+01
9.859999963378906784e+01
9.900000000000000000e+01
9.879999999999999716e+01
9.879999999999999716e+01
9.879999963378905647e+01
9.879999999999999716e+01
9.879999963378905647e+01
9.859999999999999432e+01
9.899999963378905932e+01
9.900000000000000000e+01
9.879999963378905647e+01
9.899999963378905932e+01
9.900000000000000000e+01
9.879999999999999716e+01
9.879999963378905647e+01
9.880000006103514920e+01
9.879999963378905647e+01
9.900000006103515204e+01
9.879999963378905647e+01
9.879999969482422273e+01
9.879999999999999716e+01
9.899999963378905932e+01
9.900000000000000000e+01
9.899999963378905932e+01
9.900000000000000000e+01
9.879999999999999716e+01
9.879999999999999716e+01
9.879999963378905647e+01
9.879999999999999716e+01
9.879999963378905647e+01
9.880000006103514920e+01
9.900000000000000000e+01
9.900000000000000000e+01
9.879999963378905647e+01
9.879999963378905647e+01
