4.999999988555908104e+00
1.199999999999999956e+00
1.739999995422363455e+01
2.599999986267089724e+01
5.599999946594238054e+00
2.019999986267090009e+01
1.280000003051757851e+01
3.519999981689453250e+01
2.319999999999999929e+01
2.459999987792968668e+01
2.939999993896484298e+01
3.920000003051757886e+01
1.860000000000000142e+01
2.740000003051757815e+01
2.779999990844726554e+01
4.799999993896484085e+01
4.099999972534179449e+01
7.239999951171874670e+01
4.800000000000000000e+01
3.119999996948242327e+01
3.299999993896484085e+01
5.800000006103515915e+01
5.479999987792968597e+01
5.240000003051757460e+01
2.019999986267090009e+01
5.559999981689453108e+01
4.920000003051757886e+01
6.279999978637695079e+01
6.739999969482421704e+01
5.360000003051757744e+01
3.779999975585937477e+01
3.439999969482421704e+01
7.599999963378905932e+01
5.760000006103515346e+01
6.299999984741211279e+01
5.859999981689453108e+01
5.820000012207031403e+01
5.079999999999999716e+01
7.959999969482421989e+01
6.580000012207031546e+01
5.599999996948242398e+01
5.419999972534179733e+01
5.619999987792968454e+01
5.460000006103515346e+01
6.059999978637695506e+01
6.859999990844725914e+01
3.759999972534179591e+01
6.959999963378906784e+01
6.279999996948242114e+01
5.400000003051757602e+01
6.740000000000000568e+01
7.760000006103516057e+01
7.020000000000000284e+01
5.799999987792968881e+01
6.459999969482421989e+01
6.759999975585937193e+01
7.079999999999999716e+01
6.559999978637695506e+01
7.439999969482421704e+01
8.019999957275391012e+01
5.999999990844726483e+01
5.319999996948241971e+01
6.840000012207030977e+01
8.319999981689453250e+01
7.659999978637695506e+01
5.959999993896484227e+01
7.120000006103515489e+01
7.539999993896483943e+01
5.500000006103515915e+01
6.919999957275391012e+01
6.659999987792969023e+01
7.359999963378906784e+01
6.999999969482422557e+01
7.959999987792969023e+01
5.359999987792969023e+01
8.159999981689453818e+01
6.979999969482422273e+01
7.999999987792968170e+01
7.800000006103515204e+01
7.939999993896483943e+01
8.839999981689453534e+01
7.719999951171874386e+01
8.399999938964843693e+01
9.340000006103515773e+01
9.720000006103515489e+01
9.559999969482421989e+01
9.640000000000000568e+01
9.679999963378905647e+01
9.499999969482422557e+01
9.600000000000000000e+01
9.440000012207030977e+01
9.520000012207030693e+01
9.539999963378906500e+01
9.219999963378906216e+01
9.580000012207031546e+01
9.660000012207031261e+01
9.419999969482421420e+01
9.359999981689453818e+01
9.520000006103515489e+01
9.399999969482422557e+01
9.519999963378906216e+01
9.160000012207031261e+01
9.359999975585937193e+01
9.260000012207031261e+01
9.299999963378905932e+01
9.380000012207031546e+01
9.500000012207031830e+01
9.560000012207031261e+01
9.679999963378905647e+01
9.559999969482421989e+01
9.540000012207030977e+01
9.559999963378906784e+01
9.459999963378906784e+01
9.039999981689453534e+01
9.499999938964843693e+01
9.580000006103514920e+01
9.519999969482421420e+01
9.699999963378905932e+01
9.520000012207030693e+01
9.479999963378905647e+01
9.699999969482422557e+01
9.580000006103514920e+01
9.639999969482421704e+01
9.720000000000000284e+01
9.759999999999999432e+01
9.760000012207031261e+01
9.779999999999999716e+01
9.840000000000000568e+01
9.800000000000000000e+01
9.779999963378905647e+01
9.839999963378906500e+01
9.840000000000000568e+01
9.839999963378906500e+01
9.859999999999999432e+01
9.839999963378906500e+01
9.840000000000000568e+01
9.799999963378905932e+01
9.800000000000000000e+01
9.760000006103516057e+01
9.679999963378905647e+01
9.660000006103516057e+01
9.759999999999999432e+01
9.740000006103515773e+01
9.760000006103516057e+01
9.699999963378905932e+01
9.760000006103516057e+01
9.739999963378906500e+01
9.700000012207031830e+01
9.660000006103516057e+01
9.699999963378905932e+01
9.720000000000000284e+01
9.679999969482422273e+01
9.739999963378906500e+01
9.740000006103515773e+01
9.719999963378906216e+01
9.659999969482421989e+01
9.700000006103515204e+01
9.720000000000000284e+01
9.760000006103516057e+01
9.740000006103515773e+01
9.759999999999999432e+01
9.739999969482421704e+01
9.759999963378906784e+01
9.759999963378906784e+01
9.739999963378906500e+01
9.739999969482421704e+01
9.759999999999999432e+01
9.759999963378906784e+01
9.760000006103516057e+01
9.759999963378906784e+01
9.720000006103515489e+01
9.700000000000000000e+01
9.740000006103515773e+01
9.700000000000000000e+01
9.740000006103515773e+01
9.679999963378905647e+01
9.740000006103515773e+01
9.760000006103516057e+01
9.720000000000000284e+01
9.759999969482421989e+01
9.740000006103515773e+01
9.679999963378905647e+01
9.759999999999999432e+01
9.739999963378906500e+01
9.719999963378906216e+01
9.740000012207030977e+01
9.759999999999999432e+01
9.640000000000000568e+01
9.740000000000000568e+01
9.779999963378905647e+01
9.759999963378906784e+01
9.740000000000000568e+01
9.759999963378906784e+01
9.759999999999999432e+01
9.759999963378906784e+01
9.759999999999999432e+01
9.739999963378906500e+01
9.740000006103515773e+01
9.739999963378906500e+01
9.740000006103515773e+01
