5.599999977111816740e+00
2.060000000000000142e+01
4.800000007629394716e+00
1.699999994659423663e+01
1.700000001525878801e+01
1.259999995422363206e+01
1.379999994659423912e+01
1.400000001525878979e+01
3.199999981689452966e+01
1.579999992370605533e+01
1.159999998474121163e+01
2.159999992370605426e+01
2.339999996948242256e+01
2.719999996948242327e+01
3.639999978637695222e+01
3.439999999999999858e+01
2.899999986267089724e+01
1.899999989318847682e+01
4.299999972534179449e+01
3.439999987792968739e+01
3.959999987792969023e+01
4.699999990844726483e+01
2.239999986267089938e+01
2.799999996948242043e+01
2.419999989318847611e+01
5.480000006103515631e+01
5.879999996948242114e+01
2.959999984741211065e+01
4.840000003051757460e+01
3.359999990844726625e+01
3.279999990844726909e+01
4.540000006103515773e+01
3.459999981689453108e+01
5.000000003051757602e+01
6.219999978637695648e+01
4.220000006103515489e+01
5.479999999999999716e+01
5.779999984741210994e+01
4.879999981689453392e+01
7.039999993896483943e+01
2.439999990844726696e+01
5.960000006103515346e+01
7.660000006103516057e+01
6.800000000000000000e+01
5.139999999999999858e+01
6.419999987792968454e+01
6.339999975585937619e+01
6.259999981689453108e+01
4.660000003051757744e+01
5.799999975585937761e+01
7.020000000000000284e+01
7.499999993896484796e+01
4.479999972534179875e+01
5.519999975585937335e+01
6.939999984741210426e+01
6.680000006103514920e+01
6.839999969482421704e+01
6.639999978637695222e+01
7.659999957275390159e+01
6.679999987792969307e+01
7.959999951171874955e+01
7.279999963378905647e+01
8.039999981689453534e+01
5.739999975585937619e+01
7.100000006103515204e+01
5.980000003051758029e+01
7.419999951171874386e+01
7.099999969482422557e+01
5.779999978637695079e+01
5.799999978637695364e+01
5.959999978637695506e+01
6.799999957275390727e+01
5.699999990844726483e+01
6.619999963378906216e+01
6.139999996948242256e+01
5.899999975585937761e+01
5.239999993896484654e+01
6.540000000000000568e+01
5.819999981689453250e+01
7.560000006103516057e+01
7.539999957275391296e+01
6.779999978637695790e+01
7.959999999999999432e+01
8.899999975585937761e+01
8.339999981689453534e+01
9.359999999999999432e+01
9.459999969482421989e+01
9.519999938964843977e+01
9.720000000000000284e+01
9.640000006103515773e+01
9.679999963378905647e+01
9.599999969482422557e+01
9.600000006103515204e+01
9.499999969482422557e+01
9.579999969482422273e+01
9.439999963378906500e+01
9.439999969482421704e+01
9.420000012207030693e+01
9.479999975585937477e+01
9.599999969482422557e+01
9.519999969482421420e+01
9.439999975585936909e+01
9.519999969482421420e+01
9.360000012207031261e+01
9.500000012207031830e+01
9.559999999999999432e+01
9.580000012207031546e+01
9.440000006103515773e+01
9.519999963378906216e+01
9.679999969482422273e+01
9.540000000000000568e+01
9.299999975585937761e+01
9.499999963378905932e+01
9.559999963378906784e+01
9.600000006103515204e+01
9.239999969482421704e+01
9.419999969482421420e+01
9.359999963378906784e+01
9.479999963378905647e+01
9.480000006103514920e+01
9.260000006103516057e+01
9.400000006103515204e+01
9.239999938964844262e+01
9.419999969482421420e+01
9.559999999999999432e+01
9.580000006103514920e+01
9.659999963378906784e+01
9.760000006103516057e+01
9.859999963378906784e+01
9.820000000000000284e+01
9.859999963378906784e+01
9.860000006103516057e+01
9.859999999999999432e+01
9.820000000000000284e+01
9.819999963378906216e+01
9.840000006103515773e+01
9.839999969482421704e+01
9.819999969482421420e+01
9.839999969482421704e+01
9.879999999999999716e+01
9.740000006103515773e+01
9.700000006103515204e+01
9.699999963378905932e+01
9.659999963378906784e+01
9.659999963378906784e+01
9.719999963378906216e+01
9.679999969482422273e+01
9.740000000000000568e+01
9.680000006103514920e+01
9.659999969482421989e+01
9.740000006103515773e+01
9.719999969482421420e+01
9.740000006103515773e+01
9.699999969482422557e+01
9.699999963378905932e+01
9.680000006103514920e+01
9.640000000000000568e+01
9.679999969482422273e+01
9.719999963378906216e+01
9.679999969482422273e+01
9.680000006103514920e+01
9.700000000000000000e+01
9.680000006103514920e+01
9.680000006103514920e+01
9.719999963378906216e+01
9.719999969482421420e+01
9.720000000000000284e+01
9.720000006103515489e+01
9.740000006103515773e+01
9.700000006103515204e+01
9.680000006103514920e+01
9.699999963378905932e+01
9.659999963378906784e+01
9.659999963378906784e+01
9.700000000000000000e+01
9.679999969482422273e+01
9.679999999999999716e+01
9.659999963378906784e+01
9.680000006103514920e+01
9.659999963378906784e+01
9.640000006103515773e+01
9.639999963378906500e+01
9.679999963378905647e+01
9.720000000000000284e+01
9.700000006103515204e+01
9.740000000000000568e+01
9.679999963378905647e+01
9.719999963378906216e+01
9.700000006103515204e+01
9.739999963378906500e+01
9.699999963378905932e+01
9.679999999999999716e+01
9.699999963378905932e+01
9.679999963378905647e+01
9.679999963378905647e+01
9.679999963378905647e+01
9.720000006103515489e+01
9.679999975585937477e+01
9.679999963378905647e+01
9.679999963378905647e+01
