1.999999988555908104e+00
5.199999994277954229e+00
1.199999994277954007e+00
1.719999995422363170e+01
6.199999977111816385e+00
1.399999989318847682e+01
5.399999988555908459e+00
1.919999992370605568e+01
8.999999946594238409e+00
1.139999989318847717e+01
1.380000001525878872e+01
5.479999981689453392e+01
2.999999986267089724e+01
2.959999984741211065e+01
3.339999984741211136e+01
1.919999994659423947e+01
3.579999996948242114e+01
8.799999977111816918e+00
5.379999987792968597e+01
2.119999986267090009e+01
2.459999995422363384e+01
3.519999995422363526e+01
3.299999981689452966e+01
3.439999990844726341e+01
6.159999978637695506e+01
2.820000003051757886e+01
3.299999981689452966e+01
2.759999990844726625e+01
3.919999993896484369e+01
4.339999975585937619e+01
6.079999978637695079e+01
4.800000012207031119e+01
3.179999989318847753e+01
1.559999998474121163e+01
6.059999987792969023e+01
4.339999984741211136e+01
4.579999969482421562e+01
3.600000000000000000e+01
6.839999978637695222e+01
3.699999969482421847e+01
1.999999992370605639e+01
6.980000012207031546e+01
2.219999986267090009e+01
8.059999999999999432e+01
6.820000006103515489e+01
5.160000003051757744e+01
6.659999969482421989e+01
7.620000000000000284e+01
6.559999978637695506e+01
2.979999978637695435e+01
4.859999993896484227e+01
6.919999963378906216e+01
5.499999993896484085e+01
6.979999978637695790e+01
2.439999987792968739e+01
5.959999987792969023e+01
7.839999945068359466e+01
5.579999993896484511e+01
6.820000006103515489e+01
4.699999987792968881e+01
6.920000006103515489e+01
8.259999951171874955e+01
5.239999981689452824e+01
6.559999969482421989e+01
5.719999984741210852e+01
5.980000012207031546e+01
4.939999978637695222e+01
5.939999999999999858e+01
5.959999987792969023e+01
4.600000000000000000e+01
7.019999984741211563e+01
7.500000006103515204e+01
5.299999969482421847e+01
5.739999999999999858e+01
6.239999978637695222e+01
8.259999981689453818e+01
3.419999981689453250e+01
4.159999987792969023e+01
5.959999987792969023e+01
6.839999984741210426e+01
2.619999984741210852e+01
5.999999996948242398e+01
8.579999945068360034e+01
7.799999993896484796e+01
7.859999999999999432e+01
8.439999951171874670e+01
8.939999951171874670e+01
9.300000006103515204e+01
9.479999969482422273e+01
9.380000006103514920e+01
9.579999999999999716e+01
9.600000000000000000e+01
9.479999999999999716e+01
9.299999969482422557e+01
9.560000006103516057e+01
9.479999969482422273e+01
9.439999969482421704e+01
9.579999969482422273e+01
9.520000012207030693e+01
9.519999963378906216e+01
9.439999969482421704e+01
9.479999963378905647e+01
9.540000012207030977e+01
9.320000012207030693e+01
9.440000012207030977e+01
9.459999963378906784e+01
9.499999975585937761e+01
9.219999975585938046e+01
9.339999938964844262e+01
9.199999969482422557e+01
9.439999938964844262e+01
9.300000012207031830e+01
9.519999963378906216e+01
9.300000012207031830e+01
9.319999938964843977e+01
9.340000006103515773e+01
9.359999969482421989e+01
9.400000012207031830e+01
9.400000006103515204e+01
9.559999969482421989e+01
9.359999975585937193e+01
9.499999963378905932e+01
9.360000012207031261e+01
9.440000012207030977e+01
9.479999999999999716e+01
9.600000006103515204e+01
9.499999975585937761e+01
9.579999963378905647e+01
9.620000006103515489e+01
9.659999999999999432e+01
9.720000006103515489e+01
9.779999963378905647e+01
9.780000006103514920e+01
9.739999969482421704e+01
9.800000000000000000e+01
9.800000000000000000e+01
9.760000006103516057e+01
9.780000006103514920e+01
9.800000006103515204e+01
9.800000006103515204e+01
9.740000000000000568e+01
9.740000006103515773e+01
9.779999963378905647e+01
9.759999963378906784e+01
9.719999963378906216e+01
9.699999963378905932e+01
9.719999963378906216e+01
9.679999963378905647e+01
9.739999963378906500e+01
9.679999969482422273e+01
9.679999963378905647e+01
9.699999963378905932e+01
9.679999969482422273e+01
9.680000006103514920e+01
9.659999963378906784e+01
9.679999969482422273e+01
9.659999969482421989e+01
9.719999963378906216e+01
9.679999969482422273e+01
9.659999963378906784e+01
9.679999969482422273e+01
9.639999963378906500e+01
9.659999969482421989e+01
9.660000012207031261e+01
9.679999999999999716e+01
9.659999969482421989e+01
9.659999969482421989e+01
9.699999963378905932e+01
9.700000006103515204e+01
9.660000006103516057e+01
9.659999999999999432e+01
9.679999999999999716e+01
9.659999969482421989e+01
9.659999963378906784e+01
9.599999963378905932e+01
9.659999963378906784e+01
9.640000000000000568e+01
9.700000006103515204e+01
9.660000006103516057e+01
9.680000006103514920e+01
9.700000006103515204e+01
9.679999963378905647e+01
9.659999969482421989e+01
9.700000000000000000e+01
9.679999969482422273e+01
9.700000006103515204e+01
9.659999963378906784e+01
9.700000000000000000e+01
9.640000012207030977e+01
9.660000012207031261e+01
9.639999969482421704e+01
9.700000000000000000e+01
9.700000006103515204e+01
9.679999963378905647e+01
9.680000006103514920e+01
9.659999963378906784e+01
9.679999969482422273e+01
9.679999963378905647e+01
9.699999963378905932e+01
9.700000006103515204e+01
