1.600000000000000089e+00
5.799999988555907926e+00
3.799999994277954318e+00
1.159999992370605426e+01
3.659999990844726625e+01
1.340000003051757815e+01
9.999999984741210213e+00
2.300000003051757957e+01
3.159999972534179591e+01
1.200000000762939401e+01
3.439999993896484654e+01
2.999999981689452966e+01
1.799999995422363241e+01
2.379999990844726554e+01
1.499999998474121021e+01
2.779999990844726554e+01
3.119999981689453250e+01
1.059999998474121163e+01
2.459999990844726625e+01
2.439999999999999858e+01
2.999999981689452966e+01
4.139999975585937619e+01
3.199999978637695364e+01
1.159999997711181585e+01
2.139999989318847540e+01
3.779999978637695079e+01
3.819999978637695648e+01
1.560000001525878943e+01
3.199999984741210923e+01
5.099999969482421847e+01
2.059999998474120986e+01
5.939999969482421704e+01
6.459999978637695506e+01
4.899999969482421847e+01
5.380000003051758029e+01
6.479999975585937477e+01
3.799999989318847327e+01
5.439999969482421704e+01
6.919999963378906216e+01
3.899999975585937761e+01
7.479999999999999716e+01
7.640000000000000568e+01
4.760000000000000142e+01
7.540000000000000568e+01
7.519999993896485080e+01
5.379999987792968597e+01
5.639999984741211136e+01
3.079999978637695435e+01
4.699999969482421847e+01
4.599999972534179449e+01
7.640000000000000568e+01
5.520000000000000284e+01
7.960000006103516057e+01
4.220000006103515489e+01
6.499999981689452966e+01
5.319999987792968454e+01
5.499999996948242398e+01
7.659999963378906784e+01
4.660000006103515346e+01
4.660000006103515346e+01
6.660000012207031261e+01
6.179999975585937477e+01
5.399999978637695364e+01
6.420000012207030693e+01
3.479999981689453392e+01
6.139999975585937619e+01
7.039999963378906500e+01
7.799999993896484796e+01
5.379999996948242114e+01
5.879999978637695079e+01
5.759999987792969023e+01
6.640000006103515773e+01
6.840000012207030977e+01
4.379999975585937477e+01
6.179999975585937477e+01
7.519999963378906216e+01
6.179999990844726909e+01
5.420000006103515489e+01
7.819999951171874386e+01
6.499999938964843693e+01
4.499999981689452966e+01
5.080000003051758029e+01
7.999999987792968170e+01
8.079999993896484511e+01
8.619999987792968454e+01
8.279999951171875239e+01
7.879999987792969307e+01
7.739999951171874670e+01
9.479999969482422273e+01
9.639999969482421704e+01
9.579999963378905647e+01
9.700000000000000000e+01
9.620000006103515489e+01
9.540000006103515773e+01
9.640000006103515773e+01
9.620000012207030693e+01
9.599999969482422557e+01
9.720000012207030693e+01
9.560000012207031261e+01
9.600000006103515204e+01
9.519999963378906216e+01
9.599999963378905932e+01
9.720000000000000284e+01
9.639999969482421704e+01
9.540000012207030977e+01
9.580000006103514920e+01
9.599999963378905932e+01
9.620000000000000284e+01
9.639999963378906500e+01
9.540000012207030977e+01
9.680000006103514920e+01
9.499999963378905932e+01
9.579999969482422273e+01
9.460000012207031261e+01
9.539999975585936909e+01
9.560000012207031261e+01
9.340000012207030977e+01
9.679999963378905647e+01
9.239999975585936909e+01
9.479999969482422273e+01
9.199999981689452966e+01
9.459999969482421989e+01
9.339999981689453534e+01
9.679999963378905647e+01
9.659999969482421989e+01
9.679999969482422273e+01
9.739999963378906500e+01
9.759999963378906784e+01
9.739999963378906500e+01
9.759999963378906784e+01
9.779999999999999716e+01
9.779999999999999716e+01
9.779999963378905647e+01
9.879999999999999716e+01
9.879999999999999716e+01
9.799999963378905932e+01
9.859999963378906784e+01
9.760000006103516057e+01
9.800000006103515204e+01
9.879999963378905647e+01
9.859999963378906784e+01
9.879999999999999716e+01
9.900000000000000000e+01
9.900000000000000000e+01
9.879999999999999716e+01
9.900000000000000000e+01
9.839999963378906500e+01
9.899999963378905932e+01
9.800000006103515204e+01
9.779999999999999716e+01
9.759999999999999432e+01
9.740000006103515773e+01
9.759999963378906784e+01
9.779999963378905647e+01
9.779999999999999716e+01
9.740000006103515773e+01
9.719999963378906216e+01
9.720000006103515489e+01
9.740000006103515773e+01
9.740000012207030977e+01
9.759999999999999432e+01
9.740000006103515773e+01
9.740000000000000568e+01
9.779999963378905647e+01
9.739999963378906500e+01
9.759999963378906784e+01
9.760000006103516057e+01
9.759999963378906784e+01
9.740000000000000568e+01
9.739999963378906500e+01
9.779999963378905647e+01
9.740000006103515773e+01
9.739999963378906500e+01
9.739999969482421704e+01
9.740000006103515773e+01
9.739999963378906500e+01
9.759999963378906784e+01
9.740000006103515773e+01
9.760000012207031261e+01
9.759999999999999432e+01
9.739999975585936909e+01
9.780000006103514920e+01
9.759999969482421989e+01
9.780000006103514920e+01
9.740000006103515773e+01
9.720000012207030693e+01
9.759999999999999432e+01
9.759999963378906784e+01
9.759999963378906784e+01
9.759999963378906784e+01
9.739999969482421704e+01
9.760000006103516057e+01
9.740000000000000568e+01
9.759999999999999432e+01
9.759999963378906784e+01
9.759999963378906784e+01
9.779999963378905647e+01
9.760000006103516057e+01
9.779999999999999716e+01
9.799999969482422557e+01
