7.955056148914808034e+01
5.910112350120972735e+01
5.910112350120972735e+01
2.943820200716511692e+01
3.146067402871806973e+00
3.280898863545964161e+01
1.887640441723084095e+01
3.146067402871806973e+00
6.292134805743613946e+00
1.887640441723084095e+01
6.224719064262475854e+01
3.123595506475212957e+01
4.202247161865234659e+01
4.494382009613380191e+00
9.438202208615420474e+00
3.573033681290873176e+01
2.651685382971603033e+01
2.966292123258783420e+01
1.550561791966470437e+01
1.550561791966470437e+01
6.404494370021177474e+01
2.943820200716511692e+01
6.292134805743613946e+00
2.179775259467992754e+01
1.101123591005132418e+01
3.101123583932940875e+01
2.966292123258783420e+01
2.337078642684422292e+01
1.865168545326489991e+01
2.157303363071398650e+01
7.011235901907588186e+01
2.651685382971603033e+01
3.146067402871806973e+00
1.573033701435903486e+00
1.550561791966470437e+01
1.707865162110060808e+01
7.640449412485186720e+00
1.258426961148722789e+01
7.865168507179517654e+00
4.719101104307710237e+00
7.191011259957645052e+01
4.719101104307710237e+00
4.831460642439595432e+01
3.910112344120325645e+01
2.494382025900851474e+01
1.707865162110060808e+01
2.337078642684422292e+01
3.146067402871806973e+00
2.044943798793835654e+01
6.292134805743613946e+00
4.224719058261828764e+01
7.865168507179517654e+00
3.438202220616715721e+01
3.146067402871806973e+00
4.719101104307710237e+00
3.438202220616715721e+01
7.865168507179517654e+00
7.640449412485186720e+00
2.044943798793835654e+01
7.865168507179517654e+00
6.247191012950425915e+01
3.123595506475212957e+01
6.292134805743613946e+00
3.258426967149370057e+01
1.865168545326489991e+01
1.415730331292313160e+01
1.707865162110060808e+01
1.415730331292313160e+01
2.471910103358579391e+01
4.674157285368844583e+01
2.808988740042354237e+01
3.573033681290873176e+01
1.235955051679289696e+01
3.752808987049574085e+01
1.865168545326489991e+01
3.415730324220121616e+01
3.146067402871806973e+00
3.146067402871806973e+00
2.359550565226694019e+01
3.146067402871806973e+00
2.494382025900851474e+01
1.393258421822880067e+01
2.494382025900851474e+01
2.337078642684422292e+01
2.179775259467992754e+01
1.707865162110060808e+01
1.573033701435903531e+01
2.179775259467992754e+01
2.022471902397241550e+01
2.022471902397241550e+01
2.966292123258783420e+01
2.808988740042354237e+01
2.179775259467992754e+01
2.022471902397241550e+01
2.179775259467992754e+01
2.337078642684422292e+01
1.707865162110060808e+01
2.179775259467992754e+01
2.022471902397241550e+01
2.179775259467992754e+01
2.651685382971603033e+01
2.022471902397241550e+01
2.337078642684422292e+01
2.022471902397241550e+01
2.337078642684422292e+01
2.179775259467992754e+01
2.179775259467992754e+01
2.179775259467992754e+01
1.865168545326489991e+01
2.179775259467992754e+01
2.494382025900851474e+01
2.651685382971603033e+01
2.022471902397241550e+01
2.179775259467992754e+01
1.865168545326489991e+01
2.337078642684422292e+01
1.865168545326489991e+01
2.179775259467992754e+01
1.865168545326489991e+01
2.022471902397241550e+01
2.808988740042354237e+01
2.179775259467992754e+01
2.337078642684422292e+01
2.022471902397241550e+01
2.337078642684422292e+01
2.179775259467992754e+01
1.865168545326489991e+01
2.022471902397241550e+01
2.179775259467992754e+01
1.865168545326489991e+01
2.179775259467992754e+01
2.494382025900851474e+01
2.494382025900851474e+01
2.337078642684422292e+01
2.337078642684422292e+01
2.337078642684422292e+01
2.337078642684422292e+01
2.337078642684422292e+01
2.494382025900851474e+01
2.337078642684422292e+01
2.337078642684422292e+01
2.494382025900851474e+01
2.494382025900851474e+01
2.494382025900851474e+01
2.337078642684422292e+01
2.494382025900851474e+01
2.494382025900851474e+01
2.494382025900851474e+01
2.494382025900851474e+01
2.494382025900851474e+01
2.179775259467992754e+01
2.337078642684422292e+01
2.494382025900851474e+01
2.337078642684422292e+01
2.494382025900851474e+01
2.337078642684422292e+01
2.022471902397241550e+01
2.494382025900851474e+01
2.337078642684422292e+01
2.494382025900851474e+01
2.179775259467992754e+01
2.494382025900851474e+01
2.494382025900851474e+01
2.337078642684422292e+01
2.651685382971603033e+01
2.337078642684422292e+01
2.808988740042354237e+01
2.494382025900851474e+01
2.494382025900851474e+01
2.494382025900851474e+01
2.179775259467992754e+01
2.494382025900851474e+01
2.494382025900851474e+01
2.651685382971603033e+01
2.494382025900851474e+01
2.494382025900851474e+01
2.651685382971603033e+01
2.651685382971603033e+01
2.337078642684422292e+01
2.494382025900851474e+01
2.179775259467992754e+01
2.337078642684422292e+01
2.337078642684422292e+01
2.494382025900851474e+01
2.494382025900851474e+01
2.337078642684422292e+01
2.494382025900851474e+01
2.494382025900851474e+01
2.179775259467992754e+01
2.494382025900851474e+01
2.179775259467992754e+01
2.494382025900851474e+01
2.494382025900851474e+01
2.494382025900851474e+01
2.337078642684422292e+01
2.337078642684422292e+01
2.337078642684422292e+01
2.337078642684422292e+01
2.494382025900851474e+01
2.494382025900851474e+01
