7.362637364314151966e+01
2.791208790999192502e+01
1.538461538461538547e+00
4.043956043536846323e+01
2.967032966613769673e+01
4.197802197383000333e+01
4.989010989849384003e+01
4.351648351229154343e+01
2.307692307692307665e+01
4.109890113243690024e+01
2.329670329460730827e+01
3.428571428152230993e+01
2.769230769230769340e+01
1.538461538461538503e+01
2.153846153846154010e+01
4.549450548612154677e+01
1.846153846153845990e+01
2.615384615384615330e+01
2.483516483306884837e+01
3.516483518160306687e+01
1.714285714076115497e+01
9.230769230769229949e+00
7.692307692307692513e+00
4.417582420935997334e+01
2.791208790999192502e+01
2.505494505075307998e+01
2.615384615384615330e+01
2.329670329460730827e+01
1.274725274306077161e+01
2.241758240919846656e+01
2.043956043536846323e+01
9.230769230769229949e+00
3.120879120459923328e+01
1.868131867922269507e+01
3.604395605233999333e+01
2.659340658921462008e+01
1.230769230769230838e+01
2.021978021768423162e+01
3.054945056621845012e+01
2.879120882474459009e+01
6.153846153846154188e+00
9.230769230769229949e+00
3.912087912926307354e+01
3.164835163996770007e+01
2.681318682157076339e+01
1.538461538461538547e+00
2.351648351229153988e+01
5.692307692307691980e+01
1.450549451387845501e+01
2.351648351229153988e+01
1.604395605233999333e+01
2.527472528310922328e+01
1.582417581998385003e+01
9.450549448453463341e+00
1.098901098691500167e+01
2.483516483306884837e+01
1.736263735844538658e+01
3.978021979698768007e+01
4.747252748929537347e+01
2.373626374464768674e+01
4.835164833068847479e+00
3.802197805551382004e+01
2.197802197383000333e+01
2.813186812767615663e+01
6.153846153846154188e+00
4.527472528310922684e+01
2.483516483306884837e+01
1.824175825852614352e+01
1.626373625535231326e+01
1.428571428152230993e+01
1.604395605233999333e+01
1.626373625535231326e+01
2.219780220618614663e+01
9.670329666137694957e+00
2.967032966613769673e+01
3.296703294607309154e+00
4.087912087073692646e+01
1.824175825852614352e+01
1.120879120459923328e+01
1.582417581998385003e+01
3.208791210467998667e+01
1.076923076923077005e+01
1.406593406383807832e+01
1.406593406383807832e+01
1.582417581998385003e+01
1.912087912926306998e+01
3.670329672006459987e+01
3.032967036320613019e+01
1.582417581998385003e+01
2.263736267089843679e+01
1.956043959397536014e+01
1.758241759080153344e+01
1.604395605233999333e+01
1.252747252537653999e+01
2.241758240919846656e+01
2.065934066772461009e+01
2.879120882474459009e+01
2.571428574782151344e+01
2.571428574782151344e+01
2.263736267089843679e+01
2.571428574782151344e+01
1.912087912926306998e+01
2.263736267089843679e+01
1.582417581998385003e+01
2.571428574782151344e+01
3.362637364314152677e+01
4.131868133544922017e+01
2.571428574782151344e+01
2.395604394766000667e+01
1.780219779381385337e+01
2.395604394766000667e+01
2.417582420935997689e+01
1.780219779381385337e+01
2.571428574782151344e+01
1.296703297541691668e+01
3.032967036320613019e+01
2.571428574782151344e+01
2.725274728628305354e+01
2.219780220618614663e+01
2.417582420935997689e+01
2.263736267089843679e+01
1.934065933227538991e+01
2.395604394766000667e+01
2.241758240919846656e+01
3.032967036320613019e+01
3.362637364314152677e+01
3.032967036320613019e+01
3.032967036320613019e+01
2.263736267089843679e+01
2.571428574782151344e+01
2.571428574782151344e+01
2.571428574782151344e+01
2.725274728628305354e+01
2.725274728628305354e+01
2.725274728628305354e+01
2.725274728628305354e+01
2.417582420935997689e+01
2.417582420935997689e+01
2.417582420935997689e+01
2.417582420935997689e+01
2.109890113243690024e+01
2.417582420935997689e+01
2.571428574782151344e+01
2.417582420935997689e+01
2.571428574782151344e+01
2.879120882474459009e+01
2.879120882474459009e+01
2.571428574782151344e+01
2.571428574782151344e+01
2.725274728628305354e+01
2.725274728628305354e+01
2.571428574782151344e+01
2.571428574782151344e+01
2.879120882474459009e+01
2.879120882474459009e+01
2.571428574782151344e+01
2.725274728628305354e+01
2.879120882474459009e+01
2.263736267089843679e+01
2.571428574782151344e+01
2.571428574782151344e+01
2.725274728628305354e+01
2.879120882474459009e+01
2.725274728628305354e+01
2.879120882474459009e+01
2.725274728628305354e+01
2.879120882474459009e+01
2.571428574782151344e+01
2.571428574782151344e+01
2.571428574782151344e+01
2.571428574782151344e+01
2.571428574782151344e+01
2.571428574782151344e+01
2.571428574782151344e+01
2.725274728628305354e+01
2.571428574782151344e+01
2.571428574782151344e+01
2.571428574782151344e+01
2.571428574782151344e+01
2.879120882474459009e+01
2.725274728628305354e+01
2.571428574782151344e+01
2.725274728628305354e+01
2.725274728628305354e+01
2.571428574782151344e+01
2.725274728628305354e+01
2.725274728628305354e+01
2.571428574782151344e+01
2.725274728628305354e+01
2.571428574782151344e+01
2.571428574782151344e+01
2.571428574782151344e+01
2.725274728628305354e+01
2.879120882474459009e+01
2.571428574782151344e+01
2.571428574782151344e+01
2.725274728628305354e+01
2.571428574782151344e+01
2.725274728628305354e+01
2.571428574782151344e+01
