1.865168545326489991e+01
2.494382025900851474e+01
3.438202220616715721e+01
2.337078642684422292e+01
1.887640441723084095e+01
6.224719064262475854e+01
1.730337084652332891e+01
1.865168545326489991e+01
4.022471908397888996e+01
2.179775259467992754e+01
2.494382025900851474e+01
1.393258421822880067e+01
1.707865162110060808e+01
1.707865162110060808e+01
2.022471902397241550e+01
3.438202220616715721e+01
4.853932591127545493e+01
1.393258421822880067e+01
3.910112344120325645e+01
2.179775259467992754e+01
2.337078642684422292e+01
2.808988740042354237e+01
3.123595506475212957e+01
2.494382025900851474e+01
2.337078642684422292e+01
2.179775259467992754e+01
3.280898863545964161e+01
2.921348308177476483e+00
2.179775259467992754e+01
2.494382025900851474e+01
3.258426967149370057e+01
7.640449412485186720e+00
2.966292123258783420e+01
1.707865162110060808e+01
3.101123583932940875e+01
2.359550565226694019e+01
3.573033681290873176e+01
2.000000006000647446e+01
2.337078642684422292e+01
9.213483113921091316e+00
2.157303363071398650e+01
2.022471902397241550e+01
2.786516843645760133e+01
3.595505629978822526e+01
1.550561791966470437e+01
1.865168545326489991e+01
1.550561791966470437e+01
2.179775259467992754e+01
1.393258421822880067e+01
1.707865162110060808e+01
2.044943798793835654e+01
2.966292123258783420e+01
4.719101104307710237e+00
7.865168507179517654e+00
2.337078642684422292e+01
1.056179772066266409e+01
7.865168507179517654e+00
9.438202208615420474e+00
3.415730324220121616e+01
3.280898863545964161e+01
2.157303363071398650e+01
2.000000006000647446e+01
2.943820200716511692e+01
1.707865162110060808e+01
2.337078642684422292e+01
1.865168545326489991e+01
3.258426967149370057e+01
1.550561791966470437e+01
1.078651681535699325e+01
1.707865162110060808e+01
3.730337090652979981e+01
1.707865162110060808e+01
2.044943798793835654e+01
1.235955051679289696e+01
7.640449412485186720e+00
2.314606720142150209e+01
1.258426961148722789e+01
2.943820200716511692e+01
2.157303363071398650e+01
3.101123583932940875e+01
3.101123583932940875e+01
1.865168545326489991e+01
1.730337084652332891e+01
2.179775259467992754e+01
2.022471902397241550e+01
1.865168545326489991e+01
2.022471902397241550e+01
1.707865162110060808e+01
2.471910103358579391e+01
2.314606720142150209e+01
2.786516843645760133e+01
2.022471902397241550e+01
2.494382025900851474e+01
2.629213486575008929e+01
2.157303363071398650e+01
1.550561791966470437e+01
2.314606720142150209e+01
2.157303363071398650e+01
2.000000006000647446e+01
2.629213486575008929e+01
2.471910103358579391e+01
2.314606720142150209e+01
2.157303363071398650e+01
2.314606720142150209e+01
2.000000006000647446e+01
2.471910103358579391e+01
2.157303363071398650e+01
1.685393252640627892e+01
2.471910103358579391e+01
2.157303363071398650e+01
2.314606720142150209e+01
1.685393252640627892e+01
2.314606720142150209e+01
2.000000006000647446e+01
1.528089882497037344e+01
1.707865162110060808e+01
1.842696622784218263e+01
2.157303363071398650e+01
1.842696622784218263e+01
2.314606720142150209e+01
2.471910103358579391e+01
2.314606720142150209e+01
2.629213486575008929e+01
2.629213486575008929e+01
2.314606720142150209e+01
2.314606720142150209e+01
2.786516843645760133e+01
2.157303363071398650e+01
2.471910103358579391e+01
2.629213486575008929e+01
2.786516843645760133e+01
2.471910103358579391e+01
2.157303363071398650e+01
2.471910103358579391e+01
2.943820200716511692e+01
2.629213486575008929e+01
2.000000006000647446e+01
2.471910103358579391e+01
2.943820200716511692e+01
3.101123583932940875e+01
2.943820200716511692e+01
2.629213486575008929e+01
2.629213486575008929e+01
2.314606720142150209e+01
2.471910103358579391e+01
2.629213486575008929e+01
2.314606720142150209e+01
2.629213486575008929e+01
2.943820200716511692e+01
2.943820200716511692e+01
2.786516843645760133e+01
2.629213486575008929e+01
2.314606720142150209e+01
2.943820200716511692e+01
2.314606720142150209e+01
2.629213486575008929e+01
3.101123583932940875e+01
2.629213486575008929e+01
2.786516843645760133e+01
2.786516843645760133e+01
2.314606720142150209e+01
2.471910103358579391e+01
2.943820200716511692e+01
2.629213486575008929e+01
2.000000006000647446e+01
2.471910103358579391e+01
2.314606720142150209e+01
2.471910103358579391e+01
3.101123583932940875e+01
2.629213486575008929e+01
2.943820200716511692e+01
2.786516843645760133e+01
2.786516843645760133e+01
2.314606720142150209e+01
2.943820200716511692e+01
2.157303363071398650e+01
2.629213486575008929e+01
2.943820200716511692e+01
2.943820200716511692e+01
2.314606720142150209e+01
2.471910103358579391e+01
2.157303363071398650e+01
2.786516843645760133e+01
2.157303363071398650e+01
2.629213486575008929e+01
2.157303363071398650e+01
2.471910103358579391e+01
2.629213486575008929e+01
3.101123583932940875e+01
2.629213486575008929e+01
3.101123583932940875e+01
2.471910103358579391e+01
2.314606720142150209e+01
2.314606720142150209e+01
2.157303363071398650e+01
2.000000006000647446e+01
2.629213486575008929e+01
2.471910103358579391e+01
2.629213486575008929e+01
2.471910103358579391e+01
