0.000000000000000000e+00
2.150000000000000000e+01
1.130000000000000071e+01
1.100000000000000000e+01
1.059999999999999964e+01
1.059999999999999964e+01
1.180000000000000071e+01
1.939999999999999858e+01
2.830000000000000071e+01
5.860000000000000142e+01
5.789999999999999858e+01
8.320000000000000284e+01
9.200000000000000000e+01
9.190000000000000568e+01
8.820000000000000284e+01
9.400000000000000000e+01
9.779999999999999716e+01
9.900000000000000000e+01
9.890000000000000568e+01
9.890000000000000568e+01
9.890000000000000568e+01
9.900000000000000000e+01
9.890000000000000568e+01
9.900000000000000000e+01
9.900000000000000000e+01
9.929999999999999716e+01
9.929999999999999716e+01
9.929999999999999716e+01
9.929999999999999716e+01
9.909999999999999432e+01
9.909999999999999432e+01
9.909999999999999432e+01
9.909999999999999432e+01
9.909999999999999432e+01
9.909999999999999432e+01
9.909999999999999432e+01
9.909999999999999432e+01
9.909999999999999432e+01
9.909999999999999432e+01
9.909999999999999432e+01
