0.000000000000000000e+00
1.230000000000000071e+01
1.300000000000000000e+01
1.280000000000000071e+01
1.280000000000000071e+01
1.280000000000000071e+01
1.290000000000000036e+01
1.680000000000000071e+01
2.519999999999999929e+01
4.670000000000000284e+01
5.960000000000000142e+01
7.400000000000000000e+01
8.759999999999999432e+01
8.779999999999999716e+01
9.350000000000000000e+01
9.320000000000000284e+01
9.520000000000000284e+01
9.720000000000000284e+01
9.929999999999999716e+01
9.929999999999999716e+01
9.940000000000000568e+01
9.929999999999999716e+01
9.940000000000000568e+01
9.940000000000000568e+01
9.940000000000000568e+01
9.940000000000000568e+01
9.940000000000000568e+01
9.940000000000000568e+01
9.940000000000000568e+01
9.940000000000000568e+01
9.940000000000000568e+01
9.940000000000000568e+01
9.940000000000000568e+01
9.940000000000000568e+01
9.940000000000000568e+01
9.940000000000000568e+01
9.940000000000000568e+01
9.940000000000000568e+01
9.940000000000000568e+01
9.940000000000000568e+01
