0.000000000000000000e+00
1.019999999999999929e+01
8.400000000000000355e+00
9.599999999999999645e+00
9.599999999999999645e+00
9.300000000000000711e+00
2.780000000000000071e+01
3.760000000000000142e+01
6.229999999999999716e+01
8.550000000000000000e+01
9.029999999999999716e+01
9.429999999999999716e+01
9.100000000000000000e+01
9.729999999999999716e+01
9.729999999999999716e+01
9.629999999999999716e+01
9.720000000000000284e+01
9.840000000000000568e+01
9.770000000000000284e+01
9.759999999999999432e+01
9.770000000000000284e+01
9.770000000000000284e+01
9.750000000000000000e+01
9.759999999999999432e+01
9.759999999999999432e+01
9.759999999999999432e+01
9.809999999999999432e+01
9.809999999999999432e+01
9.800000000000000000e+01
9.800000000000000000e+01
9.800000000000000000e+01
9.800000000000000000e+01
9.800000000000000000e+01
9.800000000000000000e+01
9.800000000000000000e+01
9.800000000000000000e+01
9.800000000000000000e+01
9.800000000000000000e+01
9.790000000000000568e+01
9.790000000000000568e+01
