0.000000000000000000e+00
0.000000000000000000e+00
8.800000000000000711e+00
8.599999999999999645e+00
9.300000000000000711e+00
8.599999999999999645e+00
9.199999999999999289e+00
1.090000000000000036e+01
1.540000000000000036e+01
2.700000000000000000e+01
4.010000000000000142e+01
4.460000000000000142e+01
6.079999999999999716e+01
7.559999999999999432e+01
7.740000000000000568e+01
8.440000000000000568e+01
8.300000000000000000e+01
9.200000000000000000e+01
9.750000000000000000e+01
9.820000000000000284e+01
9.829999999999999716e+01
9.840000000000000568e+01
9.859999999999999432e+01
9.850000000000000000e+01
9.859999999999999432e+01
9.859999999999999432e+01
9.909999999999999432e+01
9.920000000000000284e+01
9.929999999999999716e+01
9.929999999999999716e+01
9.929999999999999716e+01
9.929999999999999716e+01
9.920000000000000284e+01
9.920000000000000284e+01
9.920000000000000284e+01
9.929999999999999716e+01
9.929999999999999716e+01
9.929999999999999716e+01
9.929999999999999716e+01
9.929999999999999716e+01
