1.000000000000000000e+02
0.000000000000000000e+00
1.490000000000000036e+01
1.180000000000000071e+01
1.140000000000000036e+01
1.100000000000000000e+01
1.319999999999999929e+01
1.830000000000000071e+01
2.230000000000000071e+01
3.610000000000000142e+01
4.570000000000000284e+01
5.650000000000000000e+01
7.070000000000000284e+01
7.950000000000000000e+01
7.900000000000000000e+01
8.770000000000000284e+01
8.129999999999999716e+01
9.529999999999999716e+01
9.740000000000000568e+01
9.779999999999999716e+01
9.759999999999999432e+01
9.779999999999999716e+01
9.840000000000000568e+01
9.820000000000000284e+01
9.800000000000000000e+01
9.859999999999999432e+01
9.859999999999999432e+01
9.879999999999999716e+01
9.890000000000000568e+01
9.890000000000000568e+01
9.890000000000000568e+01
9.879999999999999716e+01
9.870000000000000284e+01
9.870000000000000284e+01
9.870000000000000284e+01
9.870000000000000284e+01
9.870000000000000284e+01
9.870000000000000284e+01
9.890000000000000568e+01
9.890000000000000568e+01
