0.000000000000000000e+00
0.000000000000000000e+00
1.150000000000000000e+01
1.030000000000000071e+01
9.699999999999999289e+00
2.989999999999999858e+01
7.120000000000000284e+01
7.859999999999999432e+01
8.120000000000000284e+01
9.279999999999999716e+01
9.729999999999999716e+01
9.140000000000000568e+01
9.559999999999999432e+01
9.570000000000000284e+01
9.950000000000000000e+01
9.829999999999999716e+01
9.820000000000000284e+01
9.920000000000000284e+01
9.929999999999999716e+01
9.879999999999999716e+01
9.909999999999999432e+01
9.909999999999999432e+01
9.890000000000000568e+01
9.890000000000000568e+01
9.890000000000000568e+01
9.900000000000000000e+01
9.909999999999999432e+01
9.929999999999999716e+01
9.909999999999999432e+01
9.900000000000000000e+01
9.900000000000000000e+01
9.900000000000000000e+01
9.900000000000000000e+01
9.900000000000000000e+01
9.900000000000000000e+01
9.900000000000000000e+01
9.900000000000000000e+01
9.900000000000000000e+01
9.900000000000000000e+01
9.900000000000000000e+01
