0.000000000000000000e+00
1.209999999999999964e+01
1.009999999999999964e+01
1.050000000000000000e+01
1.080000000000000071e+01
1.069999999999999929e+01
1.319999999999999929e+01
1.580000000000000071e+01
3.739999999999999858e+01
4.079999999999999716e+01
6.100000000000000000e+01
7.700000000000000000e+01
8.100000000000000000e+01
7.920000000000000284e+01
8.459999999999999432e+01
9.190000000000000568e+01
9.290000000000000568e+01
9.820000000000000284e+01
9.850000000000000000e+01
9.870000000000000284e+01
9.850000000000000000e+01
9.879999999999999716e+01
9.859999999999999432e+01
9.859999999999999432e+01
9.859999999999999432e+01
9.909999999999999432e+01
9.929999999999999716e+01
9.959999999999999432e+01
9.940000000000000568e+01
9.929999999999999716e+01
9.920000000000000284e+01
9.920000000000000284e+01
9.920000000000000284e+01
9.920000000000000284e+01
9.920000000000000284e+01
9.920000000000000284e+01
9.920000000000000284e+01
9.929999999999999716e+01
9.920000000000000284e+01
9.920000000000000284e+01
