0.000000000000000000e+00
2.999999999999999889e-01
1.000000000000000000e+01
1.040000000000000036e+01
1.069999999999999929e+01
9.500000000000000000e+00
1.050000000000000000e+01
1.100000000000000000e+01
1.550000000000000000e+01
1.719999999999999929e+01
3.800000000000000000e+01
5.570000000000000284e+01
5.550000000000000000e+01
6.970000000000000284e+01
8.279999999999999716e+01
8.129999999999999716e+01
8.600000000000000000e+01
9.370000000000000284e+01
9.759999999999999432e+01
9.850000000000000000e+01
9.850000000000000000e+01
9.879999999999999716e+01
9.859999999999999432e+01
9.870000000000000284e+01
9.859999999999999432e+01
9.900000000000000000e+01
9.909999999999999432e+01
9.929999999999999716e+01
9.940000000000000568e+01
9.940000000000000568e+01
9.940000000000000568e+01
9.940000000000000568e+01
9.940000000000000568e+01
9.940000000000000568e+01
9.940000000000000568e+01
9.940000000000000568e+01
9.940000000000000568e+01
9.940000000000000568e+01
9.940000000000000568e+01
9.940000000000000568e+01
