0.000000000000000000e+00
2.999999999999999889e-01
1.080000000000000071e+01
1.009999999999999964e+01
1.030000000000000071e+01
1.069999999999999929e+01
1.069999999999999929e+01
1.250000000000000000e+01
1.440000000000000036e+01
3.030000000000000071e+01
5.179999999999999716e+01
6.010000000000000142e+01
6.239999999999999858e+01
6.909999999999999432e+01
8.150000000000000000e+01
8.250000000000000000e+01
8.679999999999999716e+01
9.609999999999999432e+01
9.740000000000000568e+01
9.809999999999999432e+01
9.820000000000000284e+01
9.829999999999999716e+01
9.829999999999999716e+01
9.850000000000000000e+01
9.820000000000000284e+01
9.870000000000000284e+01
9.909999999999999432e+01
9.920000000000000284e+01
9.920000000000000284e+01
9.920000000000000284e+01
9.909999999999999432e+01
9.909999999999999432e+01
9.909999999999999432e+01
9.909999999999999432e+01
9.909999999999999432e+01
9.909999999999999432e+01
9.900000000000000000e+01
9.909999999999999432e+01
9.909999999999999432e+01
9.909999999999999432e+01
