0.000000000000000000e+00
0.000000000000000000e+00
9.500000000000000000e+00
9.900000000000000355e+00
9.500000000000000000e+00
1.090000000000000036e+01
9.900000000000000355e+00
1.119999999999999929e+01
2.200000000000000000e+01
2.769999999999999929e+01
5.300000000000000000e+01
6.740000000000000568e+01
7.550000000000000000e+01
7.609999999999999432e+01
8.109999999999999432e+01
8.800000000000000000e+01
9.379999999999999716e+01
9.709999999999999432e+01
9.890000000000000568e+01
9.909999999999999432e+01
9.920000000000000284e+01
9.920000000000000284e+01
9.920000000000000284e+01
9.920000000000000284e+01
9.920000000000000284e+01
9.950000000000000000e+01
9.959999999999999432e+01
9.979999999999999716e+01
9.979999999999999716e+01
9.979999999999999716e+01
9.979999999999999716e+01
9.979999999999999716e+01
9.979999999999999716e+01
9.979999999999999716e+01
9.970000000000000284e+01
9.970000000000000284e+01
9.970000000000000284e+01
9.970000000000000284e+01
9.970000000000000284e+01
9.970000000000000284e+01
