1.330000000000000071e+01
1.240000000000000036e+01
1.200000000000000000e+01
1.200000000000000000e+01
1.230000000000000071e+01
4.110000000000000142e+01
9.700000000000000000e+01
9.909999999999999432e+01
9.940000000000000568e+01
9.959999999999999432e+01
9.900000000000000000e+01
9.979999999999999716e+01
9.979999999999999716e+01
9.979999999999999716e+01
9.940000000000000568e+01
9.959999999999999432e+01
9.979999999999999716e+01
9.979999999999999716e+01
9.979999999999999716e+01
9.979999999999999716e+01
9.979999999999999716e+01
9.979999999999999716e+01
9.979999999999999716e+01
9.979999999999999716e+01
9.979999999999999716e+01
9.979999999999999716e+01
9.979999999999999716e+01
9.979999999999999716e+01
9.979999999999999716e+01
9.979999999999999716e+01
9.979999999999999716e+01
9.979999999999999716e+01
9.979999999999999716e+01
9.979999999999999716e+01
9.979999999999999716e+01
9.979999999999999716e+01
9.979999999999999716e+01
9.979999999999999716e+01
9.979999999999999716e+01
9.979999999999999716e+01
