0.000000000000000000e+00
1.000000000000000000e+00
1.000000000000000000e+01
1.040000000000000036e+01
1.119999999999999929e+01
1.090000000000000036e+01
1.050000000000000000e+01
1.300000000000000000e+01
2.430000000000000071e+01
2.880000000000000071e+01
3.100000000000000000e+01
4.560000000000000142e+01
5.300000000000000000e+01
6.189999999999999858e+01
6.720000000000000284e+01
7.490000000000000568e+01
8.150000000000000000e+01
9.359999999999999432e+01
9.700000000000000000e+01
9.740000000000000568e+01
9.720000000000000284e+01
9.750000000000000000e+01
9.729999999999999716e+01
9.729999999999999716e+01
9.720000000000000284e+01
9.829999999999999716e+01
9.890000000000000568e+01
9.929999999999999716e+01
9.929999999999999716e+01
9.929999999999999716e+01
9.929999999999999716e+01
9.929999999999999716e+01
9.920000000000000284e+01
9.929999999999999716e+01
9.929999999999999716e+01
9.929999999999999716e+01
9.920000000000000284e+01
9.929999999999999716e+01
9.929999999999999716e+01
9.929999999999999716e+01
