9.420000012207030693e+01
9.479999963378905647e+01
8.579999951171875239e+01
9.940000006103515773e+01
9.439999975585936909e+01
9.679999963378905647e+01
9.920000000000000284e+01
8.820000012207030693e+01
9.879999999999999716e+01
8.559999987792969023e+01
9.840000006103515773e+01
1.000000000000000000e+02
9.419999969482421420e+01
9.979999999999999716e+01
9.059999938964843125e+01
1.000000000000000000e+02
9.820000000000000284e+01
9.739999963378906500e+01
9.939999963378906500e+01
9.279999938964843409e+01
9.239999969482421704e+01
9.940000000000000568e+01
9.939999963378906500e+01
9.979999999999999716e+01
9.779999999999999716e+01
9.619999969482421420e+01
1.000000000000000000e+02
8.699999938964843693e+01
9.579999969482422273e+01
1.000000000000000000e+02
1.000000000000000000e+02
9.140000006103515773e+01
9.979999999999999716e+01
1.000000000000000000e+02
9.940000000000000568e+01
9.979999999999999716e+01
9.940000000000000568e+01
1.000000000000000000e+02
9.579999999999999716e+01
9.959999963378906784e+01
9.839999963378906500e+01
8.719999938964843977e+01
9.899999963378905932e+01
9.759999963378906784e+01
9.099999938964843693e+01
8.259999987792969023e+01
9.979999999999999716e+01
9.899999963378905932e+01
9.939999963378906500e+01
9.959999999999999432e+01
1.000000000000000000e+02
9.639999963378906500e+01
9.820000000000000284e+01
9.339999969482421704e+01
9.879999999999999716e+01
9.259999969482421989e+01
9.199999969482422557e+01
8.939999938964844262e+01
1.000000000000000000e+02
1.000000000000000000e+02
9.699999963378905932e+01
9.159999975585937193e+01
9.940000000000000568e+01
9.959999999999999432e+01
9.959999999999999432e+01
9.800000006103515204e+01
9.979999999999999716e+01
1.000000000000000000e+02
1.000000000000000000e+02
9.640000006103515773e+01
1.000000000000000000e+02
9.979999999999999716e+01
9.399999938964843693e+01
9.419999945068359182e+01
9.679999999999999716e+01
9.940000000000000568e+01
9.620000006103515489e+01
9.659999999999999432e+01
1.000000000000000000e+02
9.219999963378906216e+01
1.000000000000000000e+02
9.920000000000000284e+01
9.499999975585937761e+01
9.620000006103515489e+01
9.259999975585937193e+01
9.579999963378905647e+01
9.600000006103515204e+01
9.860000006103516057e+01
9.659999963378906784e+01
9.219999969482421420e+01
9.459999969482421989e+01
9.479999938964843409e+01
9.579999963378905647e+01
9.640000000000000568e+01
9.399999969482422557e+01
9.380000006103514920e+01
9.739999963378906500e+01
9.620000000000000284e+01
9.600000000000000000e+01
9.679999963378905647e+01
9.279999969482422273e+01
9.599999963378905932e+01
9.779999963378905647e+01
9.419999969482421420e+01
9.400000006103515204e+01
9.580000006103514920e+01
9.859999963378906784e+01
9.740000000000000568e+01
8.639999969482421704e+01
9.720000006103515489e+01
9.740000000000000568e+01
9.260000006103516057e+01
9.780000006103514920e+01
9.759999999999999432e+01
9.319999975585938046e+01
9.759999963378906784e+01
9.820000000000000284e+01
9.640000006103515773e+01
9.619999963378906216e+01
9.879999999999999716e+01
9.720000012207030693e+01
9.839999963378906500e+01
9.559999999999999432e+01
9.280000012207031546e+01
9.319999975585938046e+01
9.119999938964843977e+01
9.139999975585936909e+01
9.179999969482422273e+01
9.140000006103515773e+01
9.140000006103515773e+01
9.280000006103514920e+01
9.099999975585937761e+01
9.219999938964843977e+01
9.239999938964844262e+01
9.259999938964843125e+01
9.199999969482422557e+01
9.440000006103515773e+01
9.199999975585937761e+01
9.199999975585937761e+01
9.219999981689453250e+01
9.359999975585937193e+01
9.179999975585937477e+01
9.239999969482421704e+01
9.299999969482422557e+01
9.199999938964843693e+01
9.259999969482421989e+01
9.179999987792969307e+01
9.259999969482421989e+01
9.200000006103515204e+01
9.159999938964843125e+01
9.299999975585937761e+01
9.199999981689452966e+01
9.399999969482422557e+01
9.400000012207031830e+01
9.260000012207031261e+01
9.279999938964843409e+01
9.239999963378906500e+01
9.240000000000000568e+01
9.219999975585938046e+01
9.259999975585937193e+01
9.140000006103515773e+01
9.260000012207031261e+01
9.180000012207031546e+01
9.220000012207030693e+01
9.100000012207031830e+01
9.060000012207031261e+01
9.240000012207030977e+01
9.420000012207030693e+01
9.279999938964843409e+01
9.079999975585937477e+01
9.199999938964843693e+01
9.199999969482422557e+01
9.240000012207030977e+01
9.139999945068359466e+01
9.259999975585937193e+01
9.099999981689452966e+01
9.300000006103515204e+01
9.239999938964844262e+01
9.219999975585938046e+01
9.380000006103514920e+01
9.499999969482422557e+01
9.360000012207031261e+01
9.140000012207030977e+01
9.479999969482422273e+01
9.199999969482422557e+01
9.300000012207031830e+01
9.180000012207031546e+01
9.319999969482421420e+01
9.199999963378905932e+01
9.239999969482421704e+01
9.339999945068359466e+01
9.359999969482421989e+01
9.259999975585937193e+01
9.239999938964844262e+01
9.260000006103516057e+01
9.399999969482422557e+01
9.220000012207030693e+01
9.220000006103515489e+01
9.379999975585937477e+01
9.220000012207030693e+01
