0.000000000000000000e+00
1.600000000000000089e+00
4.099999984741211279e+01
2.959999990844726625e+01
4.559999972534179591e+01
4.199999984741211279e+01
6.979999951171875239e+01
1.879999989318847753e+01
1.879999997711181692e+01
3.799999990844726483e+01
4.139999969482421704e+01
4.379999999999999716e+01
5.299999969482421847e+01
5.220000003051757886e+01
3.619999978637695648e+01
5.659999981689453108e+01
7.099999957275390727e+01
3.219999981689453250e+01
6.319999990844726767e+01
4.300000000000000000e+01
7.299999957275390727e+01
3.979999990844726909e+01
5.979999990844726909e+01
7.079999969482422273e+01
7.519999981689453250e+01
4.939999969482421704e+01
1.259999994659423805e+01
4.679999978637695079e+01
3.379999993896484511e+01
7.559999999999999432e+01
4.799999993896484085e+01
1.799999992370605639e+01
8.640000012207030977e+01
4.779999972534179875e+01
6.480000006103514920e+01
2.700000000000000000e+01
6.159999975585937193e+01
9.000000006103515204e+01
7.000000000000000000e+01
6.679999975585937477e+01
6.199999987792968881e+01
5.899999975585937761e+01
8.519999987792968454e+01
6.739999978637695222e+01
6.060000012207031261e+01
7.920000012207030693e+01
7.040000006103515773e+01
7.699999963378905932e+01
1.600000001525878801e+01
6.879999984741210994e+01
8.979999975585937477e+01
8.699999951171875523e+01
7.600000006103515204e+01
7.159999975585937193e+01
5.519999975585937335e+01
8.659999981689453818e+01
6.080000003051758029e+01
5.419999993896484369e+01
8.139999957275391296e+01
7.260000006103516057e+01
4.119999975585937335e+01
7.340000006103515773e+01
9.319999969482421420e+01
8.539999981689453534e+01
5.839999990844726341e+01
6.719999963378906216e+01
8.739999945068359466e+01
5.479999999999999716e+01
4.599999972534179449e+01
1.500000001525878979e+01
8.619999945068359182e+01
5.559999990844726625e+01
7.119999969482421420e+01
8.299999951171875523e+01
8.619999981689453250e+01
5.019999969482422131e+01
4.779999990844726909e+01
5.479999984741210994e+01
6.560000012207031261e+01
6.899999969482422557e+01
6.539999981689453534e+01
9.820000006103515489e+01
9.819999963378906216e+01
9.199999969482422557e+01
9.560000006103516057e+01
9.779999999999999716e+01
9.740000000000000568e+01
9.439999969482421704e+01
9.420000006103515489e+01
9.739999963378906500e+01
9.360000012207031261e+01
9.460000006103516057e+01
9.640000006103515773e+01
9.540000006103515773e+01
9.360000006103516057e+01
9.119999975585938046e+01
9.199999938964843693e+01
9.700000012207031830e+01
9.519999969482421420e+01
9.640000006103515773e+01
9.619999963378906216e+01
9.820000006103515489e+01
9.599999969482422557e+01
9.679999969482422273e+01
9.419999963378906216e+01
9.320000006103515489e+01
9.179999969482422273e+01
9.060000006103516057e+01
9.479999963378905647e+01
9.459999963378906784e+01
9.559999999999999432e+01
9.399999969482422557e+01
9.360000012207031261e+01
9.340000006103515773e+01
9.440000012207030977e+01
9.500000012207031830e+01
9.640000000000000568e+01
9.520000012207030693e+01
9.560000006103516057e+01
9.560000012207031261e+01
9.579999963378905647e+01
9.299999969482422557e+01
9.679999963378905647e+01
9.739999963378906500e+01
9.940000000000000568e+01
9.879999999999999716e+01
9.840000006103515773e+01
9.840000000000000568e+01
9.859999963378906784e+01
9.799999963378905932e+01
9.819999963378906216e+01
9.659999963378906784e+01
9.659999999999999432e+01
9.719999975585938046e+01
9.659999999999999432e+01
9.720000006103515489e+01
9.700000012207031830e+01
9.660000006103516057e+01
9.620000006103515489e+01
9.559999969482421989e+01
9.600000012207031830e+01
9.619999963378906216e+01
9.619999969482421420e+01
9.659999975585937193e+01
9.619999963378906216e+01
9.739999963378906500e+01
9.679999999999999716e+01
9.659999963378906784e+01
9.740000000000000568e+01
9.660000006103516057e+01
9.660000006103516057e+01
9.619999975585938046e+01
9.639999969482421704e+01
9.720000000000000284e+01
9.639999969482421704e+01
9.640000006103515773e+01
9.739999969482421704e+01
9.719999963378906216e+01
9.719999963378906216e+01
9.540000012207030977e+01
9.700000006103515204e+01
9.720000000000000284e+01
9.740000006103515773e+01
9.540000006103515773e+01
9.680000006103514920e+01
9.740000006103515773e+01
9.720000006103515489e+01
9.699999969482422557e+01
9.659999999999999432e+01
9.720000000000000284e+01
9.779999963378905647e+01
9.679999999999999716e+01
9.740000006103515773e+01
9.659999969482421989e+01
9.720000000000000284e+01
9.579999969482422273e+01
9.620000012207030693e+01
9.779999963378905647e+01
9.639999963378906500e+01
9.660000012207031261e+01
9.619999975585938046e+01
9.660000006103516057e+01
9.539999969482421704e+01
9.619999969482421420e+01
9.600000012207031830e+01
9.699999963378905932e+01
9.680000006103514920e+01
9.579999975585937477e+01
9.759999963378906784e+01
9.639999963378906500e+01
9.759999999999999432e+01
9.640000000000000568e+01
9.640000006103515773e+01
9.820000000000000284e+01
9.699999963378905932e+01
9.659999963378906784e+01
9.699999963378905932e+01
9.759999963378906784e+01
9.559999975585937193e+01
9.619999963378906216e+01
