4.080000003051758029e+01
2.420000003051757886e+01
1.199999995422363241e+01
3.779999984741210994e+01
1.339999997711181656e+01
8.399999977111816563e+00
1.319999995422363348e+01
4.199999977111816385e+00
6.399999994277954407e+00
3.279999990844726909e+01
1.739999999999999858e+01
1.379999995422363313e+01
2.759999996948242185e+01
8.600000015258789432e+00
5.460000012207031261e+01
2.519999993896484369e+01
1.379999995422363313e+01
7.139999957275391296e+01
3.259999978637695506e+01
2.339999993896484298e+01
3.519999984741210852e+01
4.039999987792968739e+01
3.699999987792968881e+01
1.559999998474121163e+01
4.159999993896484227e+01
3.139999993896484298e+01
4.259999981689453108e+01
6.699999963378905932e+01
3.259999990844726625e+01
2.400000000000000000e+01
3.879999984741210994e+01
3.979999999999999716e+01
3.559999969482421989e+01
5.339999987792968739e+01
6.399999975585937761e+01
2.980000000000000071e+01
2.999999987792968881e+01
3.119999990844726412e+01
3.759999993896484227e+01
4.339999978637695222e+01
5.279999999999999716e+01
6.079999978637695079e+01
6.879999981689452682e+01
5.259999984741210710e+01
5.859999981689453108e+01
2.799999990844726483e+01
3.899999987792968881e+01
4.159999972534179591e+01
1.619999999999999929e+01
5.860000000000000142e+01
3.399999996948242398e+01
4.299999969482421847e+01
4.099999972534179449e+01
6.019999975585937335e+01
4.059999990844726625e+01
4.899999975585937761e+01
3.640000006103515773e+01
2.459999990844726625e+01
5.139999972534180017e+01
5.459999996948242540e+01
6.440000006103515773e+01
7.959999987792969023e+01
6.819999978637694937e+01
2.679999993896484511e+01
3.319999990844726767e+01
4.699999969482421847e+01
4.420000006103515489e+01
6.200000012207031119e+01
2.919999996948242327e+01
1.759999989318847824e+01
2.419999986267090009e+01
5.479999996948242114e+01
5.139999999999999858e+01
6.079999984741210994e+01
3.319999972534179733e+01
4.219999969482422131e+01
6.579999978637695790e+01
2.999999993896484440e+01
7.339999969482421704e+01
4.860000003051757744e+01
6.019999978637695648e+01
4.820000006103515489e+01
9.399999975585937761e+01
9.100000012207031830e+01
8.739999981689453534e+01
9.460000006103516057e+01
8.979999945068360034e+01
9.279999981689452682e+01
9.179999969482422273e+01
9.199999975585937761e+01
9.320000012207030693e+01
9.240000012207030977e+01
9.179999969482422273e+01
9.299999969482422557e+01
9.240000006103515773e+01
9.239999975585936909e+01
8.979999938964843409e+01
9.259999969482421989e+01
9.500000000000000000e+01
9.240000006103515773e+01
8.859999938964843125e+01
9.399999981689452966e+01
9.359999938964843125e+01
9.519999969482421420e+01
9.340000012207030977e+01
8.999999969482422557e+01
8.999999975585937761e+01
9.379999975585937477e+01
9.059999938964843125e+01
8.980000012207031546e+01
8.959999945068359750e+01
8.679999945068360034e+01
8.439999957275391296e+01
9.079999969482422273e+01
9.499999975585937761e+01
9.279999938964843409e+01
9.280000012207031546e+01
8.719999969482421420e+01
8.959999938964843125e+01
9.379999981689452682e+01
8.999999969482422557e+01
9.539999969482421704e+01
9.520000012207030693e+01
9.699999963378905932e+01
9.759999999999999432e+01
9.719999975585938046e+01
9.799999963378905932e+01
9.800000012207031830e+01
9.800000006103515204e+01
9.759999999999999432e+01
9.660000012207031261e+01
9.660000006103516057e+01
9.660000006103516057e+01
9.679999963378905647e+01
9.659999963378906784e+01
9.640000006103515773e+01
9.620000006103515489e+01
9.699999963378905932e+01
9.599999975585937761e+01
9.560000006103516057e+01
9.579999963378905647e+01
9.600000012207031830e+01
9.660000006103516057e+01
9.679999969482422273e+01
9.599999963378905932e+01
9.699999963378905932e+01
9.619999975585938046e+01
9.599999963378905932e+01
9.659999969482421989e+01
9.700000000000000000e+01
9.619999963378906216e+01
9.559999999999999432e+01
9.699999963378905932e+01
9.720000006103515489e+01
9.680000006103514920e+01
9.719999963378906216e+01
9.660000006103516057e+01
9.619999963378906216e+01
9.600000000000000000e+01
9.679999969482422273e+01
9.620000000000000284e+01
9.640000012207030977e+01
9.599999963378905932e+01
9.699999963378905932e+01
9.679999963378905647e+01
9.560000006103516057e+01
9.600000012207031830e+01
9.619999963378906216e+01
9.739999969482421704e+01
9.619999969482421420e+01
9.659999963378906784e+01
9.680000006103514920e+01
9.639999963378906500e+01
9.639999963378906500e+01
9.560000012207031261e+01
9.639999969482421704e+01
9.579999999999999716e+01
9.559999963378906784e+01
9.579999963378905647e+01
9.480000006103514920e+01
9.620000006103515489e+01
9.599999963378905932e+01
9.699999963378905932e+01
9.599999963378905932e+01
9.619999963378906216e+01
9.719999963378906216e+01
9.740000006103515773e+01
9.619999969482421420e+01
9.639999963378906500e+01
9.639999963378906500e+01
9.739999963378906500e+01
9.620000006103515489e+01
9.600000012207031830e+01
9.759999999999999432e+01
9.559999969482421989e+01
9.599999969482422557e+01
9.760000006103516057e+01
9.659999963378906784e+01
9.719999969482421420e+01
9.619999975585938046e+01
