0.000000000000000000e+00
0.000000000000000000e+00
9.599999999999999645e+00
8.800000000000000711e+00
1.090000000000000036e+01
6.979999999999999716e+01
9.490000000000000568e+01
9.850000000000000000e+01
1.000000000000000000e+02
9.920000000000000284e+01
9.950000000000000000e+01
9.800000000000000000e+01
1.000000000000000000e+02
9.970000000000000284e+01
9.979999999999999716e+01
9.990000000000000568e+01
1.000000000000000000e+02
9.979999999999999716e+01
9.990000000000000568e+01
9.970000000000000284e+01
9.979999999999999716e+01
9.950000000000000000e+01
9.970000000000000284e+01
9.970000000000000284e+01
9.979999999999999716e+01
9.970000000000000284e+01
9.959999999999999432e+01
9.959999999999999432e+01
9.950000000000000000e+01
9.950000000000000000e+01
9.950000000000000000e+01
9.950000000000000000e+01
9.950000000000000000e+01
9.950000000000000000e+01
9.950000000000000000e+01
9.950000000000000000e+01
9.950000000000000000e+01
9.950000000000000000e+01
9.950000000000000000e+01
9.950000000000000000e+01
