0.000000000000000000e+00
0.000000000000000000e+00
1.090000000000000036e+01
1.080000000000000071e+01
1.100000000000000000e+01
1.090000000000000036e+01
1.169999999999999929e+01
1.350000000000000000e+01
2.300000000000000000e+01
4.110000000000000142e+01
4.170000000000000284e+01
5.720000000000000284e+01
6.229999999999999716e+01
7.359999999999999432e+01
7.759999999999999432e+01
8.370000000000000284e+01
8.179999999999999716e+01
9.500000000000000000e+01
9.750000000000000000e+01
9.770000000000000284e+01
9.779999999999999716e+01
9.800000000000000000e+01
9.800000000000000000e+01
9.790000000000000568e+01
9.779999999999999716e+01
9.890000000000000568e+01
9.950000000000000000e+01
9.959999999999999432e+01
9.950000000000000000e+01
9.950000000000000000e+01
9.950000000000000000e+01
9.950000000000000000e+01
9.950000000000000000e+01
9.950000000000000000e+01
9.950000000000000000e+01
9.950000000000000000e+01
9.950000000000000000e+01
9.950000000000000000e+01
9.950000000000000000e+01
9.950000000000000000e+01
