1.240000000000000036e+01
1.230000000000000071e+01
1.159999999999999964e+01
1.109999999999999964e+01
1.190000000000000036e+01
3.410000000000000142e+01
9.550000000000000000e+01
9.929999999999999716e+01
9.840000000000000568e+01
9.820000000000000284e+01
9.940000000000000568e+01
9.970000000000000284e+01
9.979999999999999716e+01
9.990000000000000568e+01
9.970000000000000284e+01
1.000000000000000000e+02
9.979999999999999716e+01
1.000000000000000000e+02
1.000000000000000000e+02
1.000000000000000000e+02
1.000000000000000000e+02
1.000000000000000000e+02
1.000000000000000000e+02
1.000000000000000000e+02
1.000000000000000000e+02
1.000000000000000000e+02
1.000000000000000000e+02
1.000000000000000000e+02
1.000000000000000000e+02
1.000000000000000000e+02
1.000000000000000000e+02
1.000000000000000000e+02
1.000000000000000000e+02
1.000000000000000000e+02
1.000000000000000000e+02
1.000000000000000000e+02
1.000000000000000000e+02
1.000000000000000000e+02
1.000000000000000000e+02
1.000000000000000000e+02
