0.000000000000000000e+00
0.000000000000000000e+00
1.390000000000000036e+01
1.200000000000000000e+01
1.300000000000000000e+01
1.250000000000000000e+01
1.440000000000000036e+01
2.080000000000000071e+01
3.550000000000000000e+01
5.620000000000000284e+01
6.759999999999999432e+01
7.629999999999999716e+01
7.800000000000000000e+01
8.040000000000000568e+01
9.100000000000000000e+01
9.129999999999999716e+01
9.590000000000000568e+01
9.700000000000000000e+01
9.809999999999999432e+01
9.820000000000000284e+01
9.840000000000000568e+01
9.840000000000000568e+01
9.850000000000000000e+01
9.840000000000000568e+01
9.859999999999999432e+01
9.870000000000000284e+01
9.900000000000000000e+01
9.890000000000000568e+01
9.890000000000000568e+01
9.890000000000000568e+01
9.890000000000000568e+01
9.890000000000000568e+01
9.890000000000000568e+01
9.879999999999999716e+01
9.879999999999999716e+01
9.879999999999999716e+01
9.879999999999999716e+01
9.890000000000000568e+01
9.890000000000000568e+01
9.879999999999999716e+01
