1.000000000000000000e+02
1.340000000000000036e+01
1.190000000000000036e+01
1.109999999999999964e+01
1.050000000000000000e+01
1.100000000000000000e+01
1.119999999999999929e+01
1.150000000000000000e+01
1.159999999999999964e+01
1.540000000000000036e+01
2.510000000000000142e+01
2.639999999999999858e+01
4.320000000000000284e+01
7.879999999999999716e+01
6.709999999999999432e+01
7.640000000000000568e+01
7.920000000000000284e+01
9.590000000000000568e+01
9.790000000000000568e+01
9.840000000000000568e+01
9.879999999999999716e+01
9.879999999999999716e+01
9.890000000000000568e+01
9.890000000000000568e+01
9.879999999999999716e+01
9.900000000000000000e+01
9.920000000000000284e+01
9.920000000000000284e+01
9.920000000000000284e+01
9.920000000000000284e+01
9.920000000000000284e+01
9.920000000000000284e+01
9.920000000000000284e+01
9.920000000000000284e+01
9.920000000000000284e+01
9.920000000000000284e+01
9.929999999999999716e+01
9.920000000000000284e+01
9.929999999999999716e+01
9.940000000000000568e+01
