3.200000000000000000e+01
3.659999993896484227e+01
4.939999969482421704e+01
2.939999996948242256e+01
2.459999986267089866e+01
9.199999977111817273e+00
3.079999996948242114e+01
4.139999984741211136e+01
6.379999981689453392e+01
6.379999981689453392e+01
4.179999978637695079e+01
2.019999989318847611e+01
6.219999984741210852e+01
2.579999989318847753e+01
2.919999999999999929e+01
7.399999988555908459e+00
2.480000003051757673e+01
1.839999995422363455e+01
2.019999989318847611e+01
7.799999977111816030e+00
3.119999990844726412e+01
1.520000001525878908e+01
2.119999995422363170e+01
5.279999999999999716e+01
2.439999989318847540e+01
1.059999997711181585e+01
2.459999986267089866e+01
3.119999990844726412e+01
2.319999986267090009e+01
2.780000000000000071e+01
2.459999986267089866e+01
1.839999995422363455e+01
5.139999999999999858e+01
2.299999989318847682e+01
3.239999993896484654e+01
2.500000000000000000e+01
3.200000000000000000e+01
3.559999987792969023e+01
1.819999998474121128e+01
1.999999992370605639e+01
3.239999993896484654e+01
1.999999992370605639e+01
2.780000000000000071e+01
2.200000003051757957e+01
5.019999996948241971e+01
4.840000003051757460e+01
2.459999986267089866e+01
4.059999975585937193e+01
5.279999999999999716e+01
0.000000000000000000e+00
4.820000006103515489e+01
3.099999993896484440e+01
3.419999987792968454e+01
3.699999987792968881e+01
5.579999996948242114e+01
3.439999984741211136e+01
3.099999993896484440e+01
2.959999993896484227e+01
1.359999994659423805e+01
1.079999994659423912e+01
3.579999984741210994e+01
3.079999996948242114e+01
2.319999986267090009e+01
3.539999990844726341e+01
9.399999946594238764e+00
3.579999984741210994e+01
2.780000000000000071e+01
2.919999999999999929e+01
1.240000001525878837e+01
2.939999996948242256e+01
4.179999978637695079e+01
2.639999999999999858e+01
3.099999993896484440e+01
3.239999993896484654e+01
2.459999986267089866e+01
1.259999998474121163e+01
1.699999995422363241e+01
2.979999990844726554e+01
4.639999972534180017e+01
2.480000003051757673e+01
1.539999998474121057e+01
2.459999986267089866e+01
2.959999993896484227e+01
3.119999990844726412e+01
3.099999993896484440e+01
2.480000003051757673e+01
2.639999999999999858e+01
2.480000003051757673e+01
2.639999999999999858e+01
2.799999996948242043e+01
2.799999996948242043e+01
3.259999990844726625e+01
2.639999999999999858e+01
2.799999996948242043e+01
2.799999996948242043e+01
2.959999993896484227e+01
2.959999993896484227e+01
2.799999996948242043e+01
3.119999990844726412e+01
2.639999999999999858e+01
2.639999999999999858e+01
2.319999986267090009e+01
2.799999996948242043e+01
2.639999999999999858e+01
2.959999993896484227e+01
2.480000003051757673e+01
2.639999999999999858e+01
3.099999993896484440e+01
2.959999993896484227e+01
2.639999999999999858e+01
2.319999986267090009e+01
2.639999999999999858e+01
2.799999996948242043e+01
2.500000000000000000e+01
2.639999999999999858e+01
2.179999986267089795e+01
2.639999999999999858e+01
3.119999990844726412e+01
2.340000003051757815e+01
2.480000003051757673e+01
2.799999996948242043e+01
3.119999990844726412e+01
2.799999996948242043e+01
2.959999993896484227e+01
2.959999993896484227e+01
2.959999993896484227e+01
2.639999999999999858e+01
2.500000000000000000e+01
3.119999990844726412e+01
2.959999993896484227e+01
2.959999993896484227e+01
2.799999996948242043e+01
2.819999993896484369e+01
2.179999986267089795e+01
2.799999996948242043e+01
2.799999996948242043e+01
2.799999996948242043e+01
3.119999990844726412e+01
2.959999993896484227e+01
2.799999996948242043e+01
2.799999996948242043e+01
2.500000000000000000e+01
2.500000000000000000e+01
2.340000003051757815e+01
2.799999996948242043e+01
2.959999993896484227e+01
2.959999993896484227e+01
3.099999993896484440e+01
2.799999996948242043e+01
2.639999999999999858e+01
2.480000003051757673e+01
2.319999986267090009e+01
2.799999996948242043e+01
2.799999996948242043e+01
3.119999990844726412e+01
2.959999993896484227e+01
2.480000003051757673e+01
2.639999999999999858e+01
3.119999990844726412e+01
2.799999996948242043e+01
2.500000000000000000e+01
2.500000000000000000e+01
2.319999986267090009e+01
2.480000003051757673e+01
2.179999986267089795e+01
2.799999996948242043e+01
2.799999996948242043e+01
3.259999990844726625e+01
2.340000003051757815e+01
2.639999999999999858e+01
2.179999986267089795e+01
2.340000003051757815e+01
2.639999999999999858e+01
2.500000000000000000e+01
2.340000003051757815e+01
2.340000003051757815e+01
2.340000003051757815e+01
2.639999999999999858e+01
2.340000003051757815e+01
2.500000000000000000e+01
2.500000000000000000e+01
2.799999996948242043e+01
2.500000000000000000e+01
3.119999990844726412e+01
2.500000000000000000e+01
2.340000003051757815e+01
2.639999999999999858e+01
2.500000000000000000e+01
2.799999996948242043e+01
2.780000000000000071e+01
2.500000000000000000e+01
2.639999999999999858e+01
2.500000000000000000e+01
2.340000003051757815e+01
2.480000003051757673e+01
2.340000003051757815e+01
2.500000000000000000e+01
2.340000003051757815e+01
2.959999993896484227e+01
2.340000003051757815e+01
