0.000000000000000000e+00
5.099999999999999645e+00
1.519999999999999929e+01
1.209999999999999964e+01
1.250000000000000000e+01
1.259999999999999964e+01
1.300000000000000000e+01
1.430000000000000071e+01
2.189999999999999858e+01
3.920000000000000284e+01
5.970000000000000284e+01
6.870000000000000284e+01
7.520000000000000284e+01
8.820000000000000284e+01
9.000000000000000000e+01
8.490000000000000568e+01
9.279999999999999716e+01
9.820000000000000284e+01
9.850000000000000000e+01
9.859999999999999432e+01
9.879999999999999716e+01
9.870000000000000284e+01
9.870000000000000284e+01
9.879999999999999716e+01
9.870000000000000284e+01
9.890000000000000568e+01
9.900000000000000000e+01
9.929999999999999716e+01
9.929999999999999716e+01
9.929999999999999716e+01
9.920000000000000284e+01
9.929999999999999716e+01
9.929999999999999716e+01
9.929999999999999716e+01
9.929999999999999716e+01
9.929999999999999716e+01
9.929999999999999716e+01
9.929999999999999716e+01
9.929999999999999716e+01
9.929999999999999716e+01
