0.000000000000000000e+00
0.000000000000000000e+00
1.100000000000000000e+01
1.130000000000000071e+01
9.800000000000000711e+00
1.080000000000000071e+01
1.159999999999999964e+01
2.080000000000000071e+01
3.610000000000000142e+01
3.729999999999999716e+01
6.440000000000000568e+01
7.840000000000000568e+01
8.779999999999999716e+01
9.090000000000000568e+01
9.159999999999999432e+01
9.429999999999999716e+01
9.450000000000000000e+01
9.809999999999999432e+01
9.909999999999999432e+01
9.920000000000000284e+01
9.920000000000000284e+01
9.920000000000000284e+01
9.909999999999999432e+01
9.909999999999999432e+01
9.929999999999999716e+01
9.929999999999999716e+01
9.950000000000000000e+01
9.950000000000000000e+01
9.950000000000000000e+01
9.950000000000000000e+01
9.950000000000000000e+01
9.950000000000000000e+01
9.950000000000000000e+01
9.950000000000000000e+01
9.950000000000000000e+01
9.950000000000000000e+01
9.950000000000000000e+01
9.950000000000000000e+01
9.950000000000000000e+01
9.950000000000000000e+01
