8.339999951171874670e+01
8.399999946594238764e+00
1.079999998855590881e+01
2.899999975585937406e+01
3.039999993896484298e+01
3.699999975585937761e+01
3.639999972534180017e+01
3.899999972534179449e+01
3.719999990844726767e+01
3.720000003051757886e+01
3.919999984741210852e+01
3.879999969482421562e+01
4.259999990844726625e+01
4.139999969482421704e+01
4.299999981689452966e+01
4.179999999999999716e+01
4.319999972534179733e+01
4.339999978637695222e+01
4.479999996948242114e+01
4.719999969482422131e+01
4.600000006103515915e+01
4.859999996948242540e+01
5.119999993896484369e+01
5.000000000000000000e+01
4.939999993896484654e+01
5.339999987792968739e+01
5.219999990844726767e+01
5.439999996948242256e+01
5.279999993896484511e+01
5.419999987792968454e+01
5.219999990844726767e+01
5.720000000000000284e+01
5.539999984741211136e+01
5.419999987792968454e+01
5.819999981689453250e+01
5.879999987792968597e+01
5.939999996948242256e+01
5.639999984741211136e+01
6.319999978637695648e+01
5.360000003051757744e+01
