0.000000000000000000e+00
8.199999954223633480e+00
1.599999998474121021e+01
2.400000003051757957e+01
2.559999996948242185e+01
2.759999986267089866e+01
2.819999990844726412e+01
3.279999984741210994e+01
3.079999981689453037e+01
3.399999990844726483e+01
3.819999984741210852e+01
3.679999978637695079e+01
3.739999978637695222e+01
3.860000006103515346e+01
3.959999978637695506e+01
4.019999987792968454e+01
4.279999969482421562e+01
4.539999999999999858e+01
4.939999993896484654e+01
4.599999996948242398e+01
5.200000006103515915e+01
5.080000003051758029e+01
4.539999972534180017e+01
5.099999990844726483e+01
5.259999996948242540e+01
5.599999990844726483e+01
5.299999981689452966e+01
5.399999990844726483e+01
5.799999990844726483e+01
5.419999993896484369e+01
5.419999996948241971e+01
5.779999981689453392e+01
5.419999990844726767e+01
5.740000006103515773e+01
6.340000012207030977e+01
5.939999987792968739e+01
6.199999978637695364e+01
6.419999990844726767e+01
6.479999999999999716e+01
6.299999969482421847e+01
