1.713704824447631836e+00
1.059057235717773438e+00
1.058987140655517578e+00
1.058020830154418945e+00
1.060460805892944336e+00
1.066274881362915039e+00
1.058165311813354492e+00
1.059591770172119141e+00
1.059291362762451172e+00
1.058890581130981445e+00
1.060005187988281250e+00
1.061341047286987305e+00
1.061933040618896484e+00
1.062720537185668945e+00
1.060406923294067383e+00
1.050814151763916016e+00
1.053282022476196289e+00
1.052155017852783203e+00
1.054792404174804688e+00
1.112078428268432617e+00
1.051236867904663086e+00
1.049507617950439453e+00
1.049419879913330078e+00
1.053884983062744141e+00
1.055228471755981445e+00
1.058362007141113281e+00
1.056950330734252930e+00
1.064890146255493164e+00
1.057211875915527344e+00
1.062231779098510742e+00
1.058132886886596680e+00
1.060107707977294922e+00
1.060108184814453125e+00
1.057830810546875000e+00
1.064064979553222656e+00
1.062880992889404297e+00
1.050504207611083984e+00
1.070773601531982422e+00
1.061761856079101562e+00
1.115264892578125000e+00
1.057960987091064453e+00
1.054243087768554688e+00
1.050907850265502930e+00
1.053220510482788086e+00
1.050472974777221680e+00
1.055108547210693359e+00
1.059007644653320312e+00
1.061627388000488281e+00
1.055913686752319336e+00
1.063068866729736328e+00
1.061762571334838867e+00
1.058710336685180664e+00
1.060663223266601562e+00
1.061072111129760742e+00
1.054883241653442383e+00
1.056167125701904297e+00
1.059577226638793945e+00
1.056518793106079102e+00
1.055571556091308594e+00
1.116774082183837891e+00
1.057775497436523438e+00
1.061321973800659180e+00
1.057608127593994141e+00
1.052138566970825195e+00
1.047900676727294922e+00
1.050049066543579102e+00
1.054092168807983398e+00
1.048507213592529297e+00
1.053051710128784180e+00
1.051916360855102539e+00
1.056171417236328125e+00
1.053836345672607422e+00
1.051975727081298828e+00
1.049682140350341797e+00
1.050127506256103516e+00
1.051537513732910156e+00
1.054343700408935547e+00
1.056124687194824219e+00
1.058810234069824219e+00
1.057052850723266602e+00
1.057967901229858398e+00
1.058399200439453125e+00
1.062947988510131836e+00
1.064895153045654297e+00
1.050534963607788086e+00
1.049209833145141602e+00
1.048769474029541016e+00
1.050298929214477539e+00
1.046289205551147461e+00
1.052133560180664062e+00
1.053467512130737305e+00
1.053811073303222656e+00
1.055968761444091797e+00
1.052475690841674805e+00
1.050183057785034180e+00
1.060366868972778320e+00
1.059965133666992188e+00
1.051826238632202148e+00
1.051987648010253906e+00
1.058654785156250000e+00
