2.382400000000000162e+01
3.833599999999999852e+01
4.815999999999999659e+01
5.553600000000000136e+01
5.931199999999999761e+01
6.299199999999999733e+01
6.630400000000000205e+01
6.955200000000000671e+01
7.158400000000000318e+01
7.374399999999999977e+01
7.592000000000000171e+01
7.678400000000000603e+01
7.718399999999999750e+01
7.742400000000000659e+01
7.867199999999999704e+01
8.003199999999999648e+01
8.027200000000000557e+01
8.107200000000000273e+01
8.171200000000000330e+01
8.166400000000000148e+01
8.307200000000000273e+01
8.259199999999999875e+01
8.299200000000000443e+01
8.297599999999999909e+01
8.404800000000000182e+01
8.443200000000000216e+01
8.495999999999999375e+01
8.440000000000000568e+01
8.516800000000000637e+01
8.489600000000000080e+01
8.558400000000000318e+01
8.593600000000000705e+01
8.600000000000000000e+01
8.617600000000000193e+01
8.620799999999999841e+01
8.640000000000000568e+01
8.640000000000000568e+01
8.617600000000000193e+01
8.687999999999999545e+01
8.678400000000000603e+01
8.737600000000000477e+01
8.745600000000000307e+01
8.792000000000000171e+01
8.737600000000000477e+01
8.796800000000000352e+01
8.812800000000000011e+01
8.787199999999999989e+01
8.761599999999999966e+01
8.800000000000000000e+01
8.836799999999999500e+01
8.796800000000000352e+01
8.883199999999999363e+01
8.875199999999999534e+01
8.900799999999999557e+01
8.913599999999999568e+01
8.900799999999999557e+01
8.876800000000000068e+01
8.905599999999999739e+01
8.895999999999999375e+01
8.892799999999999727e+01
8.943999999999999773e+01
8.915200000000000102e+01
8.851200000000000045e+01
8.953600000000000136e+01
8.977599999999999625e+01
8.948799999999999955e+01
8.977599999999999625e+01
8.985599999999999454e+01
9.009600000000000364e+01
8.939199999999999591e+01
8.958400000000000318e+01
8.977599999999999625e+01
9.022400000000000375e+01
9.046399999999999864e+01
8.995199999999999818e+01
9.046399999999999864e+01
9.071999999999999886e+01
9.084799999999999898e+01
9.076800000000000068e+01
9.044799999999999329e+01
9.038400000000000034e+01
9.137600000000000477e+01
9.289600000000000080e+01
9.307200000000000273e+01
9.374399999999999977e+01
9.304000000000000625e+01
9.374399999999999977e+01
9.388800000000000523e+01
9.412800000000000011e+01
9.372799999999999443e+01
9.420799999999999841e+01
9.430400000000000205e+01
9.435200000000000387e+01
9.414400000000000546e+01
9.414400000000000546e+01
9.412800000000000011e+01
9.478400000000000603e+01
9.438400000000000034e+01
9.433599999999999852e+01
9.428799999999999670e+01
