0.000000000000000000e+00
0.000000000000000000e+00
0.000000000000000000e+00
0.000000000000000000e+00
0.000000000000000000e+00
0.000000000000000000e+00
0.000000000000000000e+00
0.000000000000000000e+00
0.000000000000000000e+00
0.000000000000000000e+00
0.000000000000000000e+00
0.000000000000000000e+00
0.000000000000000000e+00
5.999999942779541406e-01
1.999999988555908104e+00
4.400000007629394361e+00
3.999999994277954052e+00
8.199999988555907393e+00
3.599999988555908192e+00
3.599999994277954141e+00
2.200000000000000178e+00
2.220000003051757886e+01
1.379999994659423912e+01
2.420000001525878730e+01
1.319999992370605391e+01
2.999999990844726483e+01
1.060000000762939365e+01
2.779999992370605355e+01
2.179999992370605355e+01
2.380000003051757673e+01
2.339999990844726696e+01
3.799999969482421847e+01
4.339999969482421704e+01
3.479999990844726909e+01
3.079999990844726554e+01
3.239999981689452824e+01
6.660000006103516057e+01
4.279999981689453392e+01
4.579999978637695079e+01
4.619999990844726767e+01
5.539999984741211136e+01
3.320000006103515489e+01
5.019999996948241971e+01
3.959999981689453108e+01
4.359999984741210710e+01
3.339999972534180017e+01
1.679999998474121270e+01
2.999999986267089724e+01
4.219999993896484369e+01
4.619999993896484369e+01
5.099999972534179449e+01
4.559999975585937193e+01
4.939999972534180017e+01
4.800000003051757602e+01
4.159999984741210710e+01
5.839999987792968739e+01
6.519999963378906216e+01
6.279999981689453392e+01
4.479999996948242114e+01
5.739999996948242256e+01
2.299999995422363241e+01
4.519999987792968454e+01
4.200000003051757602e+01
1.799999994277954096e+00
2.000000000000000111e-01
0.000000000000000000e+00
0.000000000000000000e+00
0.000000000000000000e+00
0.000000000000000000e+00
0.000000000000000000e+00
0.000000000000000000e+00
0.000000000000000000e+00
0.000000000000000000e+00
0.000000000000000000e+00
0.000000000000000000e+00
0.000000000000000000e+00
0.000000000000000000e+00
0.000000000000000000e+00
0.000000000000000000e+00
0.000000000000000000e+00
0.000000000000000000e+00
0.000000000000000000e+00
0.000000000000000000e+00
0.000000000000000000e+00
0.000000000000000000e+00
0.000000000000000000e+00
0.000000000000000000e+00
0.000000000000000000e+00
0.000000000000000000e+00
0.000000000000000000e+00
0.000000000000000000e+00
0.000000000000000000e+00
0.000000000000000000e+00
0.000000000000000000e+00
0.000000000000000000e+00
0.000000000000000000e+00
0.000000000000000000e+00
0.000000000000000000e+00
0.000000000000000000e+00
0.000000000000000000e+00
