1.633804559707641602e+00
9.705195426940917969e-01
9.778251647949218750e-01
9.863018989562988281e-01
9.957988262176513672e-01
9.996662139892578125e-01
9.925918579101562500e-01
9.912636280059814453e-01
9.735031127929687500e-01
9.813952445983886719e-01
9.742820262908935547e-01
9.923188686370849609e-01
9.850099086761474609e-01
9.880216121673583984e-01
9.930229187011718750e-01
9.824345111846923828e-01
9.820675849914550781e-01
9.667158126831054688e-01
9.289727210998535156e-01
9.894354343414306641e-01
9.299943447113037109e-01
9.305105209350585938e-01
9.299643039703369141e-01
9.310538768768310547e-01
9.307239055633544922e-01
9.336900711059570312e-01
9.325695037841796875e-01
9.327261447906494141e-01
9.322752952575683594e-01
9.331552982330322266e-01
9.326336383819580078e-01
9.322636127471923828e-01
9.315583705902099609e-01
9.328086376190185547e-01
9.317750930786132812e-01
9.324495792388916016e-01
9.337720870971679688e-01
9.336423873901367188e-01
9.334626197814941406e-01
9.314119815826416016e-01
9.353451728820800781e-01
9.413647651672363281e-01
9.676034450531005859e-01
9.726116657257080078e-01
9.669053554534912109e-01
9.333689212799072266e-01
9.324700832366943359e-01
9.346246719360351562e-01
9.337625503540039062e-01
9.342947006225585938e-01
9.341087341308593750e-01
9.327466487884521484e-01
9.321587085723876953e-01
9.329380989074707031e-01
9.339237213134765625e-01
9.339728355407714844e-01
9.330625534057617188e-01
9.329938888549804688e-01
9.356577396392822266e-01
9.368546009063720703e-01
9.346196651458740234e-01
9.356632232666015625e-01
9.345722198486328125e-01
9.326035976409912109e-01
9.334666728973388672e-01
9.322054386138916016e-01
9.320805072784423828e-01
9.331889152526855469e-01
9.309425354003906250e-01
9.313356876373291016e-01
9.301412105560302734e-01
9.314119815826416016e-01
9.330360889434814453e-01
9.339518547058105469e-01
9.335091114044189453e-01
9.312644004821777344e-01
9.331779479980468750e-01
9.334774017333984375e-01
9.321334362030029297e-01
9.352498054504394531e-01
9.347651004791259766e-01
9.876530170440673828e-01
9.359846115112304688e-01
9.336752891540527344e-01
9.528264999389648438e-01
9.881312847137451172e-01
9.838907718658447266e-01
9.975619316101074219e-01
9.934341907501220703e-01
9.983000755310058594e-01
9.867970943450927734e-01
9.989395141601562500e-01
9.988441467285156250e-01
9.969503879547119141e-01
9.968943595886230469e-01
9.958994388580322266e-01
1.000633478164672852e+00
1.005895614624023438e+00
9.975020885467529297e-01
9.926414489746093750e-01
