1.680840015411376953e+00
1.016464471817016602e+00
1.024957895278930664e+00
1.032326459884643555e+00
1.041932106018066406e+00
1.046245336532592773e+00
1.041403532028198242e+00
1.038411140441894531e+00
1.023616552352905273e+00
1.026491165161132812e+00
1.022314310073852539e+00
1.039390087127685547e+00
1.032272338867187500e+00
1.036000251770019531e+00
1.040664672851562500e+00
1.030503988265991211e+00
1.028854131698608398e+00
1.013296842575073242e+00
9.764001369476318359e-01
1.035161256790161133e+00
9.778420925140380859e-01
9.760169982910156250e-01
9.762129783630371094e-01
9.782135486602783203e-01
9.766860008239746094e-01
9.803626537322998047e-01
9.788794517517089844e-01
9.810795783996582031e-01
9.798781871795654297e-01
9.803032875061035156e-01
9.797348976135253906e-01
9.798660278320312500e-01
9.764955043792724609e-01
9.791829586029052734e-01
9.785664081573486328e-01
9.779951572418212891e-01
9.803407192230224609e-01
9.798736572265625000e-01
9.794776439666748047e-01
9.785082340240478516e-01
9.808182716369628906e-01
9.881432056427001953e-01
1.014830827713012695e+00
1.019188165664672852e+00
1.014226198196411133e+00
9.793267250061035156e-01
9.799463748931884766e-01
9.825377464294433594e-01
9.820101261138916016e-01
9.818513393402099609e-01
9.779162406921386719e-01
9.797644615173339844e-01
9.772052764892578125e-01
9.789798259735107422e-01
9.791259765625000000e-01
9.799048900604248047e-01
9.801867008209228516e-01
9.791796207427978516e-01
9.830412864685058594e-01
9.838261604309082031e-01
9.826638698577880859e-01
9.820153713226318359e-01
9.815769195556640625e-01
9.785215854644775391e-01
9.797959327697753906e-01
9.784541130065917969e-01
9.793283939361572266e-01
9.792680740356445312e-01
9.765908718109130859e-01
9.769515991210937500e-01
9.754743576049804688e-01
9.780902862548828125e-01
9.784979820251464844e-01
9.800419807434082031e-01
9.785332679748535156e-01
9.791891574859619141e-01
9.796111583709716797e-01
9.807167053222656250e-01
9.787552356719970703e-01
9.811291694641113281e-01
9.800596237182617188e-01
1.032442569732666016e+00
9.821698665618896484e-01
9.797768592834472656e-01
9.996073246002197266e-01
1.034865617752075195e+00
1.030221939086914062e+00
1.043466806411743164e+00
1.039966106414794922e+00
1.045842647552490234e+00
1.034445762634277344e+00
1.046560525894165039e+00
1.045745611190795898e+00
1.045212507247924805e+00
1.043994665145874023e+00
1.043106317520141602e+00
1.048732995986938477e+00
1.053333997726440430e+00
1.044258832931518555e+00
1.038946151733398438e+00
