2.326399999999999935e+01
3.697599999999999909e+01
4.601599999999999824e+01
5.273599999999999710e+01
5.856000000000000227e+01
6.243200000000000216e+01
6.607999999999999829e+01
6.841599999999999682e+01
7.128000000000000114e+01
7.270399999999999352e+01
7.452800000000000580e+01
7.532800000000000296e+01
7.654399999999999693e+01
7.756799999999999784e+01
7.873600000000000421e+01
7.870399999999999352e+01
7.904000000000000625e+01
7.947199999999999420e+01
8.071999999999999886e+01
8.059199999999999875e+01
8.174399999999999977e+01
8.211199999999999477e+01
8.279999999999999716e+01
8.318399999999999750e+01
8.320000000000000284e+01
8.376000000000000512e+01
8.276800000000000068e+01
8.369599999999999795e+01
8.440000000000000568e+01
8.382399999999999807e+01
8.425600000000000023e+01
8.528000000000000114e+01
8.462399999999999523e+01
8.532800000000000296e+01
8.576000000000000512e+01
8.569599999999999795e+01
8.551999999999999602e+01
8.585599999999999454e+01
8.615999999999999659e+01
8.555200000000000671e+01
8.628799999999999670e+01
8.638400000000000034e+01
8.716800000000000637e+01
8.628799999999999670e+01
8.735999999999999943e+01
8.718399999999999750e+01
8.665600000000000591e+01
8.617600000000000193e+01
8.732800000000000296e+01
8.807999999999999829e+01
8.766400000000000148e+01
8.763200000000000500e+01
8.823999999999999488e+01
8.763200000000000500e+01
8.815999999999999659e+01
8.815999999999999659e+01
8.804800000000000182e+01
8.790399999999999636e+01
8.819199999999999307e+01
8.772799999999999443e+01
8.868800000000000239e+01
8.838400000000000034e+01
8.838400000000000034e+01
8.828799999999999670e+01
8.862399999999999523e+01
8.878400000000000603e+01
8.932800000000000296e+01
8.937600000000000477e+01
8.953600000000000136e+01
8.902400000000000091e+01
8.940800000000000125e+01
8.942400000000000659e+01
8.931199999999999761e+01
8.972799999999999443e+01
8.926399999999999579e+01
8.963200000000000500e+01
8.990399999999999636e+01
8.937600000000000477e+01
8.968000000000000682e+01
8.883199999999999363e+01
9.001600000000000534e+01
8.948799999999999955e+01
9.089600000000000080e+01
9.120000000000000284e+01
9.204800000000000182e+01
9.222400000000000375e+01
9.200000000000000000e+01
9.270399999999999352e+01
9.289600000000000080e+01
9.295999999999999375e+01
9.254399999999999693e+01
9.291200000000000614e+01
9.299200000000000443e+01
9.287999999999999545e+01
9.300799999999999557e+01
9.329600000000000648e+01
9.297599999999999909e+01
9.321599999999999397e+01
9.329600000000000648e+01
9.379200000000000159e+01
