3.932933092117309570e+00
3.296743392944335938e+00
3.291212320327758789e+00
3.262916326522827148e+00
3.264809608459472656e+00
3.271019697189331055e+00
3.284055233001708984e+00
3.312328338623046875e+00
3.354580879211425781e+00
3.337265253067016602e+00
3.361709356307983398e+00
3.348637819290161133e+00
3.362724542617797852e+00
3.306419372558593750e+00
3.282864809036254883e+00
3.270638227462768555e+00
3.303751468658447266e+00
3.229853153228759766e+00
3.219358444213867188e+00
3.230329751968383789e+00
3.158265590667724609e+00
3.158941507339477539e+00
3.160363435745239258e+00
3.144621133804321289e+00
3.139209270477294922e+00
3.141643524169921875e+00
3.184884071350097656e+00
3.167435407638549805e+00
3.173099279403686523e+00
3.210346460342407227e+00
3.216791391372680664e+00
3.212665081024169922e+00
3.200213193893432617e+00
3.224356651306152344e+00
3.227194786071777344e+00
3.218595027923583984e+00
3.221739768981933594e+00
3.227457523345947266e+00
3.228279590606689453e+00
3.257794857025146484e+00
3.208475589752197266e+00
3.209428787231445312e+00
3.200049400329589844e+00
3.200639486312866211e+00
3.221653223037719727e+00
3.208432912826538086e+00
3.214709281921386719e+00
3.215274333953857422e+00
3.203443527221679688e+00
3.213012933731079102e+00
3.204207897186279297e+00
3.206539630889892578e+00
3.220224380493164062e+00
3.204611063003540039e+00
3.203617811203002930e+00
3.208487272262573242e+00
3.201738834381103516e+00
3.190579414367675781e+00
3.196358203887939453e+00
3.213956594467163086e+00
3.268245935440063477e+00
3.211858510971069336e+00
3.206508159637451172e+00
3.212466716766357422e+00
3.212474822998046875e+00
3.216987371444702148e+00
3.214181900024414062e+00
3.202206850051879883e+00
3.189558506011962891e+00
3.211897611618041992e+00
3.217523574829101562e+00
3.207881450653076172e+00
3.204953193664550781e+00
3.210929870605468750e+00
3.192152023315429688e+00
3.195187091827392578e+00
3.191717624664306641e+00
3.236335277557373047e+00
3.251183986663818359e+00
3.246343612670898438e+00
3.201258659362792969e+00
3.281308412551879883e+00
3.220105886459350586e+00
3.215188980102539062e+00
3.211147069931030273e+00
3.219586849212646484e+00
3.219471454620361328e+00
3.213400363922119141e+00
3.218682765960693359e+00
3.220578432083129883e+00
3.221257925033569336e+00
3.216539382934570312e+00
3.218424081802368164e+00
3.212457895278930664e+00
3.219080209732055664e+00
3.220875024795532227e+00
3.226008415222167969e+00
3.227844476699829102e+00
3.219271183013916016e+00
3.220777511596679688e+00
3.215688467025756836e+00
3.278956413269042969e+00
3.237992525100708008e+00
3.214050769805908203e+00
3.233036994934082031e+00
3.228833436965942383e+00
3.218912839889526367e+00
3.228441476821899414e+00
3.220228195190429688e+00
3.234232187271118164e+00
3.238625288009643555e+00
3.237445354461669922e+00
3.252319812774658203e+00
3.237049818038940430e+00
3.225799083709716797e+00
3.216590166091918945e+00
3.234772205352783203e+00
3.224061965942382812e+00
3.219254732131958008e+00
3.213380575180053711e+00
3.218832492828369141e+00
3.277639627456665039e+00
3.225995779037475586e+00
3.216100454330444336e+00
3.211481332778930664e+00
3.226244926452636719e+00
3.213183879852294922e+00
3.224817276000976562e+00
3.235613107681274414e+00
3.214830875396728516e+00
3.214143037796020508e+00
3.222131252288818359e+00
3.219305515289306641e+00
3.216339588165283203e+00
3.229098081588745117e+00
3.218947887420654297e+00
3.229134798049926758e+00
3.221446752548217773e+00
3.222542285919189453e+00
3.206361293792724609e+00
3.208707809448242188e+00
3.202636241912841797e+00
3.193263530731201172e+00
3.262466192245483398e+00
3.196731090545654297e+00
3.194648742675781250e+00
3.198464393615722656e+00
3.195056915283203125e+00
3.209073781967163086e+00
3.208277940750122070e+00
3.204659700393676758e+00
3.193718194961547852e+00
3.207276105880737305e+00
3.224258661270141602e+00
3.219664573669433594e+00
3.210965394973754883e+00
3.214720726013183594e+00
3.212473630905151367e+00
3.189074516296386719e+00
3.215850830078125000e+00
3.198863029479980469e+00
3.195243597030639648e+00
3.201664686203002930e+00
3.252796888351440430e+00
3.203799962997436523e+00
3.226229429244995117e+00
3.214108705520629883e+00
3.208313703536987305e+00
3.216126918792724609e+00
3.219696760177612305e+00
3.218809604644775391e+00
3.202521562576293945e+00
3.192160129547119141e+00
3.236687898635864258e+00
3.246039628982543945e+00
3.180879831314086914e+00
3.171634197235107422e+00
3.178359270095825195e+00
3.189735651016235352e+00
3.184640884399414062e+00
3.187795162200927734e+00
3.184614896774291992e+00
3.173447132110595703e+00
3.241692066192626953e+00
3.182640790939331055e+00
3.188083171844482422e+00
3.177226543426513672e+00
3.153685569763183594e+00
3.136849880218505859e+00
3.129919290542602539e+00
3.095710039138793945e+00
3.087144136428833008e+00
3.095624208450317383e+00
3.083020448684692383e+00
3.097622632980346680e+00
3.094915866851806641e+00
3.096142053604125977e+00
3.092033386230468750e+00
3.085127592086791992e+00
3.100941658020019531e+00
