0.000000000000000000e+00
0.000000000000000000e+00
0.000000000000000000e+00
0.000000000000000000e+00
0.000000000000000000e+00
9.999999942779540518e-01
4.199999988555908281e+00
1.999999988555908104e+00
9.200000007629395071e+00
1.440000001525878837e+01
1.519999989318847611e+01
3.739999978637695222e+01
4.560000000000000142e+01
3.779999984741210994e+01
3.059999984741211065e+01
5.859999975585937193e+01
6.979999975585937477e+01
5.279999999999999716e+01
4.839999975585937619e+01
3.719999990844726767e+01
4.739999972534180017e+01
4.600000003051757602e+01
8.019999945068359182e+01
6.099999981689452966e+01
5.479999978637695079e+01
7.359999987792969023e+01
3.299999990844726483e+01
6.699999969482422557e+01
4.999999975585937761e+01
7.819999951171874386e+01
8.399999951171875523e+01
4.680000003051758029e+01
4.859999984741210710e+01
3.399999984741211279e+01
8.179999938964843409e+01
7.039999969482421704e+01
5.839999984741211136e+01
6.279999969482421562e+01
6.480000012207031546e+01
8.799999981689452966e+01
7.280000006103514920e+01
7.919999969482421420e+01
7.420000006103515489e+01
7.040000012207030977e+01
5.959999990844726625e+01
8.619999981689453250e+01
7.499999963378905932e+01
6.619999981689453250e+01
8.660000012207031261e+01
8.999999938964843693e+01
8.579999945068360034e+01
8.299999945068358898e+01
5.939999978637695222e+01
7.779999987792969307e+01
3.319999981689453250e+01
5.779999975585937477e+01
7.519999963378906216e+01
7.759999951171874955e+01
2.139999992370605497e+01
5.760000006103515346e+01
8.239999945068359466e+01
5.160000003051757744e+01
6.559999975585937193e+01
8.519999969482421420e+01
7.999999951171875523e+01
6.440000006103515773e+01
7.419999993896485080e+01
7.260000012207031261e+01
8.119999981689453250e+01
6.960000012207031261e+01
9.160000012207031261e+01
8.179999987792969307e+01
8.939999951171874670e+01
5.399999996948242398e+01
3.799999972534179449e+01
7.539999957275391296e+01
7.640000000000000568e+01
5.920000012207031403e+01
7.939999957275391296e+01
8.559999993896484227e+01
8.559999987792969023e+01
8.279999987792969307e+01
8.799999975585937761e+01
9.219999969482421420e+01
9.739999963378906500e+01
9.840000000000000568e+01
9.880000006103514920e+01
9.679999969482422273e+01
9.660000006103516057e+01
9.680000006103514920e+01
9.739999963378906500e+01
9.820000006103515489e+01
9.620000006103515489e+01
9.740000006103515773e+01
9.619999969482421420e+01
9.680000012207031546e+01
9.679999969482422273e+01
9.800000006103515204e+01
9.820000000000000284e+01
9.799999963378905932e+01
9.799999963378905932e+01
9.840000000000000568e+01
9.800000000000000000e+01
9.740000000000000568e+01
9.800000000000000000e+01
9.740000000000000568e+01
9.640000006103515773e+01
9.739999963378906500e+01
9.659999969482421989e+01
9.800000000000000000e+01
9.779999963378905647e+01
9.919999963378906216e+01
9.819999963378906216e+01
9.399999963378905932e+01
9.699999969482422557e+01
9.819999963378906216e+01
9.859999999999999432e+01
9.879999963378905647e+01
9.679999963378905647e+01
9.839999963378906500e+01
9.839999963378906500e+01
9.820000000000000284e+01
9.720000006103515489e+01
9.940000000000000568e+01
9.919999963378906216e+01
9.900000000000000000e+01
9.940000000000000568e+01
9.939999963378906500e+01
9.939999963378906500e+01
9.939999963378906500e+01
9.959999999999999432e+01
9.859999969482421989e+01
9.839999963378906500e+01
9.840000000000000568e+01
9.879999999999999716e+01
9.879999963378905647e+01
9.819999969482421420e+01
9.819999963378906216e+01
9.940000000000000568e+01
9.839999963378906500e+01
9.839999963378906500e+01
9.900000000000000000e+01
9.920000000000000284e+01
9.900000000000000000e+01
9.840000000000000568e+01
9.919999963378906216e+01
9.900000000000000000e+01
9.919999963378906216e+01
9.820000000000000284e+01
9.779999999999999716e+01
9.919999963378906216e+01
9.919999963378906216e+01
9.920000000000000284e+01
9.859999999999999432e+01
9.879999999999999716e+01
9.920000000000000284e+01
9.879999999999999716e+01
9.899999963378905932e+01
9.920000000000000284e+01
9.899999963378905932e+01
9.920000006103515489e+01
9.879999999999999716e+01
9.920000000000000284e+01
9.899999963378905932e+01
9.900000000000000000e+01
9.920000000000000284e+01
9.899999969482422557e+01
9.900000000000000000e+01
9.920000000000000284e+01
9.920000000000000284e+01
9.919999963378906216e+01
9.840000000000000568e+01
9.859999999999999432e+01
9.820000000000000284e+01
9.799999963378905932e+01
9.800000000000000000e+01
9.820000000000000284e+01
9.900000000000000000e+01
9.859999963378906784e+01
9.920000000000000284e+01
9.879999999999999716e+01
9.900000000000000000e+01
9.920000000000000284e+01
9.899999963378905932e+01
9.919999963378906216e+01
9.859999963378906784e+01
9.900000000000000000e+01
9.920000000000000284e+01
9.919999963378906216e+01
9.919999963378906216e+01
9.899999963378905932e+01
9.919999963378906216e+01
9.820000006103515489e+01
9.799999963378905932e+01
9.900000000000000000e+01
9.900000006103515204e+01
9.920000000000000284e+01
9.919999963378906216e+01
9.940000000000000568e+01
9.920000000000000284e+01
