1.651077747344970703e+00
9.833683967590332031e-01
9.958100318908691406e-01
1.066122531890869141e+00
1.074647188186645508e+00
1.081557512283325195e+00
1.080691814422607422e+00
1.070135116577148438e+00
1.101966381072998047e+00
1.080827713012695312e+00
1.089127063751220703e+00
1.056530237197875977e+00
1.068306922912597656e+00
1.136511087417602539e+00
1.069076299667358398e+00
1.031361818313598633e+00
1.008101940155029297e+00
1.008481025695800781e+00
1.059328794479370117e+00
1.110947370529174805e+00
1.052145004272460938e+00
1.052951574325561523e+00
1.066549062728881836e+00
1.055446624755859375e+00
1.061310768127441406e+00
1.062609672546386719e+00
1.062594413757324219e+00
1.061562538146972656e+00
1.059247255325317383e+00
1.059998273849487305e+00
1.065039634704589844e+00
1.063841104507446289e+00
1.070062637329101562e+00
1.068457603454589844e+00
1.071394681930541992e+00
1.066000699996948242e+00
1.066936016082763672e+00
1.061934709548950195e+00
1.061211824417114258e+00
1.122940301895141602e+00
1.058298349380493164e+00
1.063622951507568359e+00
1.064130783081054688e+00
1.061705589294433594e+00
1.060459613800048828e+00
1.063964128494262695e+00
1.063158273696899414e+00
1.068705558776855469e+00
1.068051099777221680e+00
1.068419456481933594e+00
1.064224481582641602e+00
1.064277648925781250e+00
1.067631244659423828e+00
1.068615198135375977e+00
1.061555147171020508e+00
1.061845064163208008e+00
1.058541059494018555e+00
1.064507484436035156e+00
1.061599016189575195e+00
1.074121952056884766e+00
1.070246934890747070e+00
1.070322751998901367e+00
1.070790767669677734e+00
1.068596601486206055e+00
1.071616888046264648e+00
1.068077325820922852e+00
1.066063165664672852e+00
1.066539525985717773e+00
1.068832874298095703e+00
1.073981761932373047e+00
1.065729379653930664e+00
1.066499710083007812e+00
1.069496631622314453e+00
1.064491987228393555e+00
1.065228700637817383e+00
1.068284988403320312e+00
1.067752599716186523e+00
1.072317838668823242e+00
1.068604707717895508e+00
1.062155008316040039e+00
1.062495231628417969e+00
1.065747499465942383e+00
1.114492893218994141e+00
1.060795068740844727e+00
1.060087919235229492e+00
1.073110818862915039e+00
1.068828582763671875e+00
1.071012973785400391e+00
1.068188428878784180e+00
1.065870285034179688e+00
1.067688465118408203e+00
1.070704698562622070e+00
1.067132234573364258e+00
1.074638128280639648e+00
1.071675539016723633e+00
1.058910131454467773e+00
1.055139780044555664e+00
1.060540199279785156e+00
1.056732654571533203e+00
1.055211544036865234e+00
1.059362649917602539e+00
1.054917097091674805e+00
1.109483003616333008e+00
1.056418895721435547e+00
1.056613922119140625e+00
1.057763099670410156e+00
1.056824684143066406e+00
1.057593584060668945e+00
1.059439897537231445e+00
1.060479879379272461e+00
1.062241792678833008e+00
1.059238672256469727e+00
1.066738605499267578e+00
1.063774108886718750e+00
1.061543703079223633e+00
1.055034160614013672e+00
1.059901952743530273e+00
1.060073614120483398e+00
1.065271854400634766e+00
1.059372425079345703e+00
1.061501264572143555e+00
1.067810297012329102e+00
1.058704137802124023e+00
1.063790798187255859e+00
1.060594320297241211e+00
1.060544967651367188e+00
1.062788009643554688e+00
1.065969944000244141e+00
1.061331033706665039e+00
1.061650991439819336e+00
1.061144351959228516e+00
1.063817501068115234e+00
1.063690900802612305e+00
1.054874181747436523e+00
1.059931039810180664e+00
1.062886476516723633e+00
1.069087028503417969e+00
1.071215867996215820e+00
1.057964801788330078e+00
1.065605163574218750e+00
1.068243026733398438e+00
1.062625885009765625e+00
1.054004430770874023e+00
1.066259145736694336e+00
1.066260576248168945e+00
1.078763008117675781e+00
1.064412593841552734e+00
1.064350128173828125e+00
1.069591999053955078e+00
1.067322015762329102e+00
1.074928522109985352e+00
1.069958925247192383e+00
1.066414833068847656e+00
1.069938659667968750e+00
1.076832771301269531e+00
1.073264122009277344e+00
1.076254844665527344e+00
1.074482917785644531e+00
1.071839809417724609e+00
1.075583696365356445e+00
1.077999353408813477e+00
1.068558216094970703e+00
1.070596218109130859e+00
1.071846485137939453e+00
1.123456239700317383e+00
1.073158502578735352e+00
1.063597440719604492e+00
1.063825130462646484e+00
1.071168899536132812e+00
1.070949792861938477e+00
1.067345857620239258e+00
1.069125413894653320e+00
1.064967155456542969e+00
1.072656393051147461e+00
1.056856393814086914e+00
1.070527791976928711e+00
1.066215991973876953e+00
1.071280241012573242e+00
1.073319911956787109e+00
1.069976329803466797e+00
1.078545331954956055e+00
1.076500415802001953e+00
1.067053794860839844e+00
1.072982072830200195e+00
1.119003534317016602e+00
1.070812225341796875e+00
1.066768646240234375e+00
1.066607236862182617e+00
1.069260120391845703e+00
1.070830583572387695e+00
1.069482803344726562e+00
1.068589925765991211e+00
1.071484804153442383e+00
1.070844411849975586e+00
1.063444614410400391e+00
1.062817096710205078e+00
1.050321578979492188e+00
1.045553445816040039e+00
1.048182725906372070e+00
1.040758609771728516e+00
