1.967758689346313483e+00
1.682935017509460396e+00
1.494916442642211907e+00
1.303224676589965769e+00
1.146848298606872651e+00
1.028129797973632797e+00
9.407760026168823231e-01
8.639468690872192935e-01
7.802812685203551757e-01
7.413092201232910350e-01
7.202034476470947633e-01
6.756979365158081174e-01
6.376771090126037711e-01
6.235571611785888368e-01
6.017388145637512231e-01
5.854307587814331360e-01
5.716113643455504878e-01
5.669062552642821773e-01
5.270892490577697709e-01
5.164263906288146799e-01
5.074159064102172767e-01
4.959809453582763594e-01
4.975485077118873556e-01
4.778853504753112769e-01
4.620603954839706540e-01
4.489199126768111947e-01
4.492668256759643763e-01
4.615527826881408724e-01
4.479324346160888926e-01
4.375189934253692625e-01
4.224998908042907897e-01
4.135244636535644336e-01
4.181860653114318760e-01
4.164625835371017493e-01
3.992430519676208323e-01
4.040074480867386075e-01
3.931632974815368886e-01
3.843367286682128903e-01
3.944736418914794873e-01
3.899725292491912909e-01
3.731483563518523949e-01
3.783083549022674408e-01
3.717683761119842667e-01
3.898627272129058796e-01
3.635158645963668667e-01
3.586888237762451137e-01
3.646320677566528556e-01
3.658456620407104509e-01
3.479046557807922158e-01
3.319000095367431458e-01
3.638660437107086310e-01
3.523291853046417454e-01
3.490810867881775081e-01
3.395116213035583308e-01
3.458609530448913394e-01
3.390734123516082610e-01
3.353977238464355692e-01
3.311938267564773497e-01
3.250091993522644107e-01
3.287368499755859430e-01
3.165641116714477676e-01
3.277019676733016751e-01
3.186922895240783538e-01
3.168067755365371885e-01
3.100101560115814392e-01
3.040116986078024164e-01
3.058523994445800920e-01
2.993053348875046038e-01
3.017679114913940364e-01
3.125513960933685165e-01
3.129636197090148730e-01
3.071278483867645459e-01
3.003028387665748755e-01
2.952615978240966665e-01
2.947128437805175971e-01
2.938291405868530548e-01
2.990086218166351228e-01
3.057092554283142305e-01
2.803824435997009368e-01
3.068508920717239463e-01
2.913033603906631241e-01
2.569093799972534398e-01
2.083556513881683336e-01
2.011821106147766158e-01
2.016658086109161252e-01
1.966993017292022750e-01
1.941367994165420496e-01
1.843308142662048454e-01
1.830861207962036219e-01
1.809808117198944133e-01
1.779561202955246002e-01
1.757018943881988593e-01
1.669598300540447167e-01
1.681014881610870260e-01
1.659926488322019666e-01
1.766358353900909506e-01
1.561562495565414488e-01
1.706533616113662666e-01
1.695863563156127796e-01
1.694148371875286163e-01
1.666692551136016720e-01
1.540292722034454220e-01
1.574681862998008608e-01
1.517172418016195234e-01
1.620083744430541872e-01
1.537393160855770047e-01
1.548704363489150915e-01
1.589571470689773447e-01
1.487945105516910449e-01
1.567416459941864126e-01
1.489994582462310924e-01
1.485851935386657829e-01
1.485647177076339642e-01
1.484085836076736442e-01
1.474623759412765633e-01
1.444257633829116871e-01
1.442786066055297967e-01
1.340479653024673479e-01
1.453996056705713358e-01
1.527854380846023485e-01
1.454804342555999774e-01
1.383949723529815656e-01
1.476945758581161561e-01
1.408346165561676078e-01
1.409209866142273060e-01
1.439548762321472275e-01
1.425330251204967591e-01
1.442193681573867847e-01
1.383683587598800724e-01
1.358152313280105716e-01
1.301610786318778967e-01
1.368641624116897493e-01
1.292729682397842361e-01
1.378901285886764416e-01
1.373054240751266364e-01
1.320451804208755409e-01
1.341372922277450641e-01
1.354192344284057548e-01
1.407896743059158240e-01
1.242480293369293276e-01
1.301612169575691313e-01
1.291775994356721691e-01
1.354379993581771857e-01
1.382263978886604239e-01
1.318523047089576739e-01
1.238049952363967920e-01
1.310052368497848507e-01
1.313665445995330916e-01
1.335289038467407097e-01
1.357839858245849518e-01
1.370075219249725362e-01
1.306604170632362227e-01
1.382875031709671076e-01
1.319298407602310097e-01
1.327658289933204561e-01
1.329811982059478648e-01
1.370799989414215048e-01
1.314028660547733318e-01
1.375315104675292888e-01
1.378003114604949841e-01
1.356982173633575484e-01
1.294657541584968430e-01
1.348684944295883148e-01
1.389053162360191218e-01
1.290301744747161805e-01
1.304097231864929096e-01
1.278368056535720831e-01
1.345504445934295745e-01
1.337733690452575785e-01
1.332030235314369260e-01
1.252422496032714883e-01
1.264903831052780203e-01
1.334659613418578972e-01
1.373054450750350874e-01
1.310469862508773786e-01
1.318852461004257071e-01
1.339123662042617791e-01
1.341468217134475782e-01
1.310559330320358318e-01
1.315512085366249140e-01
1.294010665273666316e-01
1.301275399303436220e-01
1.214417090472579008e-01
1.272470764899253926e-01
1.312103267884254520e-01
1.342535532331466663e-01
1.293714644289016835e-01
1.312513190174102728e-01
1.262895383870601684e-01
1.298559914195537568e-01
1.342775418567657419e-01
1.327710001850128108e-01
1.292044398677349160e-01
1.344458697462082020e-01
1.357067928683757807e-01
1.282984212923049816e-01
1.294678096485137875e-01
1.281135264205932600e-01
1.294130287170410232e-01
1.238985318326950025e-01
