2.302400000000000091e+01
3.595199999999999818e+01
4.424000000000000199e+01
5.145600000000000307e+01
5.766400000000000148e+01
6.102400000000000091e+01
6.435200000000000387e+01
6.718399999999999750e+01
7.060800000000000409e+01
7.156799999999999784e+01
7.382399999999999807e+01
7.476800000000000068e+01
7.724800000000000466e+01
7.735999999999999943e+01
7.776000000000000512e+01
7.892799999999999727e+01
7.980800000000000693e+01
7.988800000000000523e+01
8.155200000000000671e+01
8.126399999999999579e+01
8.260800000000000409e+01
8.177599999999999625e+01
8.222400000000000375e+01
8.246399999999999864e+01
8.305599999999999739e+01
8.350400000000000489e+01
8.364799999999999613e+01
8.393600000000000705e+01
8.436799999999999500e+01
8.454399999999999693e+01
8.441599999999999682e+01
8.470399999999999352e+01
8.484799999999999898e+01
8.564799999999999613e+01
8.580800000000000693e+01
8.553600000000000136e+01
8.569599999999999795e+01
8.588800000000000523e+01
8.614400000000000546e+01
8.627200000000000557e+01
8.657599999999999341e+01
8.678400000000000603e+01
8.689600000000000080e+01
8.697599999999999909e+01
8.729600000000000648e+01
8.740800000000000125e+01
8.700799999999999557e+01
8.729600000000000648e+01
8.750400000000000489e+01
8.750400000000000489e+01
8.763200000000000500e+01
8.785599999999999454e+01
8.761599999999999966e+01
8.782399999999999807e+01
8.801600000000000534e+01
8.800000000000000000e+01
8.780800000000000693e+01
8.879999999999999716e+01
8.851200000000000045e+01
8.841599999999999682e+01
8.870399999999999352e+01
8.899200000000000443e+01
8.915200000000000102e+01
8.892799999999999727e+01
8.937600000000000477e+01
8.886400000000000432e+01
8.958400000000000318e+01
8.980800000000000693e+01
8.993600000000000705e+01
8.951999999999999602e+01
8.873600000000000421e+01
8.932800000000000296e+01
8.929600000000000648e+01
8.968000000000000682e+01
8.910399999999999920e+01
8.947199999999999420e+01
8.929600000000000648e+01
8.980800000000000693e+01
9.015999999999999659e+01
8.929600000000000648e+01
8.998399999999999466e+01
8.988800000000000523e+01
9.236799999999999500e+01
9.316800000000000637e+01
9.270399999999999352e+01
9.286400000000000432e+01
9.315200000000000102e+01
9.372799999999999443e+01
9.328000000000000114e+01
9.358400000000000318e+01
9.376000000000000512e+01
9.377599999999999625e+01
9.423999999999999488e+01
9.380800000000000693e+01
9.398399999999999466e+01
9.420799999999999841e+01
9.430400000000000205e+01
9.409600000000000364e+01
9.422400000000000375e+01
9.395199999999999818e+01
9.388800000000000523e+01
9.409600000000000364e+01
9.456000000000000227e+01
9.430400000000000205e+01
9.428799999999999670e+01
9.427200000000000557e+01
9.438400000000000034e+01
9.492799999999999727e+01
9.457599999999999341e+01
9.459199999999999875e+01
9.494400000000000261e+01
9.448000000000000398e+01
9.464000000000000057e+01
9.464000000000000057e+01
9.431999999999999318e+01
9.476800000000000068e+01
9.422400000000000375e+01
9.475199999999999534e+01
9.529600000000000648e+01
9.513599999999999568e+01
9.508799999999999386e+01
9.487999999999999545e+01
9.491200000000000614e+01
9.497599999999999909e+01
9.486400000000000432e+01
9.483199999999999363e+01
9.487999999999999545e+01
9.539199999999999591e+01
9.510399999999999920e+01
9.492799999999999727e+01
9.558400000000000318e+01
9.526399999999999579e+01
9.571200000000000330e+01
9.521599999999999397e+01
9.486400000000000432e+01
9.528000000000000114e+01
9.526399999999999579e+01
9.513599999999999568e+01
9.545600000000000307e+01
9.481600000000000250e+01
9.550400000000000489e+01
9.521599999999999397e+01
9.542400000000000659e+01
9.532800000000000296e+01
9.548799999999999955e+01
9.564799999999999613e+01
9.574399999999999977e+01
9.551999999999999602e+01
9.512000000000000455e+01
9.499200000000000443e+01
9.553600000000000136e+01
9.516800000000000637e+01
9.551999999999999602e+01
9.547199999999999420e+01
9.555200000000000671e+01
9.500799999999999557e+01
9.529600000000000648e+01
9.545600000000000307e+01
9.548799999999999955e+01
9.537600000000000477e+01
9.529600000000000648e+01
9.523199999999999932e+01
9.545600000000000307e+01
9.543999999999999773e+01
9.564799999999999613e+01
9.513599999999999568e+01
9.556799999999999784e+01
9.528000000000000114e+01
9.580800000000000693e+01
9.566400000000000148e+01
9.539199999999999591e+01
9.556799999999999784e+01
9.551999999999999602e+01
9.568000000000000682e+01
9.603199999999999648e+01
9.531199999999999761e+01
9.548799999999999955e+01
9.574399999999999977e+01
9.515200000000000102e+01
9.561599999999999966e+01
9.550400000000000489e+01
9.510399999999999920e+01
9.588800000000000523e+01
9.582399999999999807e+01
9.526399999999999579e+01
9.558400000000000318e+01
9.526399999999999579e+01
9.603199999999999648e+01
9.603199999999999648e+01
9.537600000000000477e+01
9.510399999999999920e+01
9.542400000000000659e+01
9.558400000000000318e+01
9.515200000000000102e+01
9.513599999999999568e+01
9.534399999999999409e+01
9.548799999999999955e+01
9.569599999999999795e+01
9.553600000000000136e+01
9.512000000000000455e+01
