1.722763061523437500e+00
1.041599750518798828e+00
1.011364221572875977e+00
1.025125503540039062e+00
1.025243997573852539e+00
1.026992797851562500e+00
1.031893253326416016e+00
1.021541833877563477e+00
1.046814203262329102e+00
1.031089305877685547e+00
1.041076898574829102e+00
1.024074792861938477e+00
1.012137174606323242e+00
1.017740726470947266e+00
1.016056060791015625e+00
1.013977527618408203e+00
1.008412122726440430e+00
1.013730525970458984e+00
1.023110151290893555e+00
1.074446916580200195e+00
1.018222808837890625e+00
1.017378091812133789e+00
1.020134449005126953e+00
1.017256975173950195e+00
1.017317056655883789e+00
1.012454032897949219e+00
1.015686511993408203e+00
1.014395236968994141e+00
1.029778718948364258e+00
1.017581939697265625e+00
1.012689590454101562e+00
1.017100095748901367e+00
1.015431404113769531e+00
1.017117977142333984e+00
1.014257431030273438e+00
1.012637853622436523e+00
1.014684677124023438e+00
1.017596483230590820e+00
1.018562316894531250e+00
1.071692466735839844e+00
1.015697717666625977e+00
1.022265434265136719e+00
1.016917467117309570e+00
1.024441242218017578e+00
1.018965959548950195e+00
1.022234439849853516e+00
1.017800807952880859e+00
1.019795417785644531e+00
1.018688440322875977e+00
1.016319990158081055e+00
1.016369104385375977e+00
1.013927221298217773e+00
1.015779018402099609e+00
1.015295028686523438e+00
1.022520303726196289e+00
1.019569635391235352e+00
1.023955583572387695e+00
1.024595737457275391e+00
1.029054880142211914e+00
1.033306837081909180e+00
1.024448156356811523e+00
1.012129783630371094e+00
1.021408557891845703e+00
1.020605802536010742e+00
1.015540361404418945e+00
1.014854192733764648e+00
1.018721103668212891e+00
1.019543170928955078e+00
1.019284248352050781e+00
1.016378641128540039e+00
1.016082048416137695e+00
1.018094062805175781e+00
1.019253015518188477e+00
1.018276691436767578e+00
1.021094560623168945e+00
1.018322706222534180e+00
1.015841245651245117e+00
1.017235994338989258e+00
1.015627384185791016e+00
1.018307685852050781e+00
1.015816211700439453e+00
1.019557237625122070e+00
1.072077274322509766e+00
1.018518686294555664e+00
1.018554925918579102e+00
1.025088787078857422e+00
1.021793842315673828e+00
1.022022247314453125e+00
1.025648832321166992e+00
1.018723487854003906e+00
1.024162292480468750e+00
1.016097784042358398e+00
1.015152215957641602e+00
1.018740415573120117e+00
1.022735834121704102e+00
1.018992662429809570e+00
1.021541833877563477e+00
1.022369623184204102e+00
9.982683658599853516e-01
1.013014078140258789e+00
1.012855291366577148e+00
1.014080524444580078e+00
1.065487146377563477e+00
1.014437198638916016e+00
1.016654968261718750e+00
1.012894153594970703e+00
1.014442682266235352e+00
1.011452674865722656e+00
1.014580965042114258e+00
1.014433860778808594e+00
1.011257410049438477e+00
1.012284994125366211e+00
1.012371301651000977e+00
1.013310194015502930e+00
1.011014223098754883e+00
1.014401197433471680e+00
1.011534452438354492e+00
1.014802217483520508e+00
1.013691186904907227e+00
1.014122962951660156e+00
1.015472173690795898e+00
1.016691446304321289e+00
1.017547130584716797e+00
1.071448326110839844e+00
1.015032291412353516e+00
1.016773462295532227e+00
1.015500545501708984e+00
1.011317968368530273e+00
1.013143777847290039e+00
1.013897657394409180e+00
1.013145446777343750e+00
1.011819362640380859e+00
1.010667562484741211e+00
1.008043289184570312e+00
1.013777256011962891e+00
1.015137434005737305e+00
1.011878252029418945e+00
1.009158849716186523e+00
1.019127607345581055e+00
1.015135765075683594e+00
1.013583660125732422e+00
1.016611099243164062e+00
1.018241167068481445e+00
1.011128187179565430e+00
1.068940401077270508e+00
1.016752958297729492e+00
1.012968778610229492e+00
1.013264656066894531e+00
1.016006708145141602e+00
1.013961791992187500e+00
1.017661094665527344e+00
1.017267704010009766e+00
1.015624523162841797e+00
1.013054847717285156e+00
1.014782428741455078e+00
1.014177560806274414e+00
1.017456769943237305e+00
1.012824296951293945e+00
1.013741493225097656e+00
1.013777017593383789e+00
1.024660825729370117e+00
1.024230480194091797e+00
1.025732994079589844e+00
1.028187990188598633e+00
1.080917358398437500e+00
1.022278308868408203e+00
1.019230604171752930e+00
1.019416093826293945e+00
1.014103174209594727e+00
1.015432357788085938e+00
1.012259483337402344e+00
1.011324882507324219e+00
1.018168449401855469e+00
1.018051147460937500e+00
1.019970893859863281e+00
1.014447212219238281e+00
1.015820026397705078e+00
1.015974521636962891e+00
1.014442920684814453e+00
1.019363641738891602e+00
1.016241073608398438e+00
1.018306016921997070e+00
1.026605129241943359e+00
1.044027566909790039e+00
1.022357463836669922e+00
1.079125404357910156e+00
1.025248050689697266e+00
1.027124881744384766e+00
1.026764631271362305e+00
1.021983146667480469e+00
1.023229837417602539e+00
1.026179313659667969e+00
1.025376796722412109e+00
1.025322437286376953e+00
1.020735025405883789e+00
1.022364616394042969e+00
1.021629095077514648e+00
1.018254041671752930e+00
1.019076108932495117e+00
1.017060756683349609e+00
