3.803652524948120117e+00
3.173568487167358398e+00
3.178520917892456055e+00
3.168233871459960938e+00
3.158859252929687500e+00
3.118365764617919922e+00
3.193701028823852539e+00
3.043227910995483398e+00
3.019315958023071289e+00
3.119997978210449219e+00
3.047679424285888672e+00
3.014501571655273438e+00
3.026458978652954102e+00
3.126881361007690430e+00
3.129992246627807617e+00
3.143887996673583984e+00
3.135908126831054688e+00
3.142394065856933594e+00
3.151392221450805664e+00
3.142661094665527344e+00
3.116714477539062500e+00
3.071091651916503906e+00
3.114637136459350586e+00
3.072261095046997070e+00
3.094449043273925781e+00
3.061173200607299805e+00
3.166742086410522461e+00
3.045628070831298828e+00
3.111139774322509766e+00
3.065271615982055664e+00
3.093929290771484375e+00
3.061643123626708984e+00
3.124985933303833008e+00
3.083546876907348633e+00
3.161786317825317383e+00
3.050323724746704102e+00
3.030429124832153320e+00
3.149811744689941406e+00
3.090646028518676758e+00
3.061855316162109375e+00
3.136561870574951172e+00
3.096436500549316406e+00
3.064670801162719727e+00
3.046515703201293945e+00
3.014569759368896484e+00
3.039501190185546875e+00
2.975277900695800781e+00
3.072124004364013672e+00
3.073798894882202148e+00
3.045093774795532227e+00
3.046741724014282227e+00
3.077318191528320312e+00
3.044476747512817383e+00
3.145358562469482422e+00
3.189694166183471680e+00
3.031948328018188477e+00
3.177922725677490234e+00
3.076159238815307617e+00
3.051745414733886719e+00
3.114526987075805664e+00
3.103043079376220703e+00
3.067836046218872070e+00
3.065458297729492188e+00
3.123148679733276367e+00
3.116681814193725586e+00
3.026653766632080078e+00
3.152043819427490234e+00
3.108245849609375000e+00
3.074512720108032227e+00
3.128358364105224609e+00
3.154793977737426758e+00
3.073785305023193359e+00
3.088474035263061523e+00
3.128288507461547852e+00
3.000831604003906250e+00
3.042635202407836914e+00
3.109154224395751953e+00
3.098398685455322266e+00
2.974251508712768555e+00
3.077691555023193359e+00
3.102838277816772461e+00
3.104084253311157227e+00
3.132028818130493164e+00
3.068229436874389648e+00
3.132824420928955078e+00
3.151347875595092773e+00
3.041624784469604492e+00
3.090403079986572266e+00
3.066776990890502930e+00
3.037371158599853516e+00
3.067375183105468750e+00
3.011134147644042969e+00
3.043018341064453125e+00
3.058246612548828125e+00
2.985991716384887695e+00
3.036688327789306641e+00
3.035749435424804688e+00
3.007194995880126953e+00
3.034255981445312500e+00
3.070026397705078125e+00
3.015558004379272461e+00
3.010416030883789062e+00
3.008054971694946289e+00
3.105608463287353516e+00
3.026757478713989258e+00
3.016360044479370117e+00
3.118076324462890625e+00
3.025899887084960938e+00
3.021343946456909180e+00
3.014796733856201172e+00
3.014024496078491211e+00
3.028706550598144531e+00
3.017939805984497070e+00
3.107705831527709961e+00
3.047074079513549805e+00
3.003969907760620117e+00
3.072655916213989258e+00
3.041181325912475586e+00
3.036933660507202148e+00
3.026325464248657227e+00
2.995117664337158203e+00
3.036111116409301758e+00
3.002396345138549805e+00
3.006191730499267578e+00
3.018227338790893555e+00
2.990313768386840820e+00
3.021522045135498047e+00
3.019898653030395508e+00
3.035708189010620117e+00
3.034301757812500000e+00
3.065989494323730469e+00
3.051002025604248047e+00
3.026209831237792969e+00
3.067445039749145508e+00
3.023330450057983398e+00
3.052332878112792969e+00
3.047762393951416016e+00
3.097975492477416992e+00
3.033941745758056641e+00
3.065993070602416992e+00
3.056839942932128906e+00
3.051165819168090820e+00
3.019603013992309570e+00
3.024368762969970703e+00
3.057967901229858398e+00
3.329059362411499023e+00
3.177616357803344727e+00
3.221511840820312500e+00
3.119165897369384766e+00
3.145700931549072266e+00
3.131805419921875000e+00
3.135530948638916016e+00
3.142486810684204102e+00
3.181450605392456055e+00
3.197277069091796875e+00
3.229961156845092773e+00
3.063744306564331055e+00
3.009046792984008789e+00
3.011957406997680664e+00
2.971156358718872070e+00
3.075267553329467773e+00
3.008780241012573242e+00
3.035482406616210938e+00
3.040169000625610352e+00
2.938927650451660156e+00
2.914989471435546875e+00
2.936968803405761719e+00
2.937095880508422852e+00
2.937347173690795898e+00
2.926089763641357422e+00
2.916163444519042969e+00
2.921885251998901367e+00
2.944350957870483398e+00
2.947094440460205078e+00
2.951127767562866211e+00
2.946719884872436523e+00
2.924621582031250000e+00
2.941467523574829102e+00
2.945104122161865234e+00
2.915144681930541992e+00
2.958216428756713867e+00
2.920433759689331055e+00
2.915966272354125977e+00
2.935587644577026367e+00
2.943945884704589844e+00
2.933351755142211914e+00
2.925209999084472656e+00
2.974123239517211914e+00
2.967001676559448242e+00
2.941931724548339844e+00
2.952075481414794922e+00
3.001714944839477539e+00
2.927683591842651367e+00
2.944096088409423828e+00
2.947403669357299805e+00
2.938221931457519531e+00
2.954474687576293945e+00
2.959250211715698242e+00
2.910800218582153320e+00
2.935583114624023438e+00
