0.000000000000000000e+00
6.799999946594238232e+00
0.000000000000000000e+00
8.000000000000000444e-01
0.000000000000000000e+00
1.039999998855590846e+01
6.440000006103515773e+01
5.000000007629394894e+00
1.919999989318847611e+01
6.999999977111816207e+00
3.339999969482421704e+01
2.900000000000000000e+01
1.699999995422363241e+01
9.399999977111816563e+00
9.999999942779540518e-01
6.799999994277953874e+00
1.099999994659423841e+01
5.599999977111816740e+00
1.339999998474121057e+01
5.400000007629394361e+00
2.379999989318847753e+01
1.800000007629394494e+00
5.999999994277954052e+00
3.799999977111816474e+00
6.799999977111816030e+00
3.199999988555908281e+00
5.599999977111816740e+00
4.799999994277953874e+00
8.399999988555908459e+00
3.939999972534180017e+01
1.219999997711181727e+01
1.999999988555908104e+00
9.199999946594237699e+00
2.939999969482421704e+01
3.399999988555908015e+00
3.459999990844726625e+01
5.799999994277953874e+00
6.400000007629394361e+00
8.000000007629394005e+00
2.599999994277954141e+00
4.199999994277954229e+00
8.399999977111816563e+00
7.999999946594238409e+00
2.199999988555908281e+00
1.059999997711181585e+01
1.059999994659423805e+01
5.199999977111816385e+00
1.360000001525878943e+01
2.199999995422363241e+01
7.600000007629394538e+00
1.299999994659423841e+01
3.399999994277953963e+00
4.199999994277954229e+00
1.559999989318847646e+01
4.599999988555908637e+00
1.719999992370605568e+01
1.379999994659423912e+01
3.999999977111816207e+00
4.799999994277953874e+00
4.600000007629394538e+00
3.179999975585937477e+01
5.599999977111816740e+00
1.439999994659423876e+01
1.519999997711181727e+01
6.599999977111816740e+00
6.599999977111816740e+00
3.399999988555908015e+00
4.599999946594238054e+00
6.000000007629394894e+00
9.799999994277953874e+00
5.599999946594238054e+00
8.999999946594238409e+00
5.799999999999999822e+00
5.200000015258789077e+00
6.199999988555908281e+00
8.800000015258788721e+00
4.199999988555908281e+00
1.560000001525878943e+01
9.199999946594237699e+00
5.000000015258788899e+00
1.839999989318847540e+01
8.599999946594238054e+00
8.599999946594238054e+00
8.599999946594238054e+00
8.400000007629394361e+00
9.199999893188476108e+00
9.399999977111816563e+00
9.199999988555907393e+00
8.599999977111815852e+00
8.600000007629393650e+00
9.399999988555908459e+00
8.799999977111816918e+00
9.399999954223632770e+00
7.800000007629394716e+00
9.399999946594238764e+00
7.000000007629394894e+00
8.199999977111817273e+00
8.199999977111817273e+00
7.799999977111816030e+00
7.399999988555908459e+00
8.400000007629394361e+00
7.599999977111816740e+00
1.040000000762939436e+01
1.020000001525878908e+01
8.399999977111816563e+00
9.000000015258789787e+00
8.199999946594237699e+00
9.399999977111816563e+00
9.400000015258788366e+00
9.999999988555908104e+00
8.999999988555908104e+00
9.200000015258789077e+00
1.040000001525878837e+01
9.599999984741211634e+00
1.179999992370605533e+01
9.799999984741210923e+00
1.060000001525878943e+01
1.080000000762939472e+01
1.039999992370605497e+01
1.019999998855590739e+01
1.219999994659423770e+01
1.160000001525878943e+01
1.140000000762939436e+01
1.459999998474121163e+01
1.519999989318847611e+01
1.600000003051757957e+01
1.599999986267089902e+01
1.659999995422363384e+01
1.839999986267089938e+01
1.699999992370605639e+01
1.879999997711181692e+01
2.180000003051757673e+01
2.299999986267089724e+01
2.079999995422363313e+01
2.259999996948242185e+01
2.199999984741210923e+01
2.099999990844726483e+01
2.540000003051757815e+01
2.360000003051757744e+01
2.199999998474121199e+01
2.559999986267089866e+01
2.259999992370605426e+01
2.499999986267089724e+01
2.460000000000000142e+01
2.559999986267089866e+01
2.239999987792968739e+01
2.700000000000000000e+01
2.839999992370605497e+01
2.359999989318847824e+01
2.480000000000000071e+01
2.679999990844726554e+01
2.939999981689453179e+01
2.939999993896484298e+01
2.600000000000000000e+01
2.599999992370605639e+01
2.700000000000000000e+01
2.839999999999999858e+01
2.539999990844726696e+01
2.679999990844726554e+01
2.800000000000000000e+01
2.679999996948242114e+01
3.039999981689453179e+01
2.819999993896484369e+01
2.799999984741210923e+01
2.979999993896484511e+01
2.679999986267089795e+01
3.019999996948242327e+01
2.539999999999999858e+01
3.099999990844726483e+01
2.939999987792968739e+01
2.939999990844726696e+01
2.839999984741210781e+01
3.179999996948242114e+01
3.259999987792969023e+01
2.800000000000000000e+01
2.999999986267089724e+01
3.019999993896484369e+01
3.219999993896484369e+01
2.919999987792968810e+01
2.979999993896484511e+01
3.119999981689453250e+01
3.199999990844726483e+01
3.439999990844726341e+01
3.199999981689452966e+01
3.039999984741210781e+01
3.139999981689453179e+01
3.159999984741211065e+01
2.999999984741210923e+01
2.939999999999999858e+01
3.020000003051757886e+01
3.300000006103515915e+01
3.419999978637695648e+01
3.079999996948242114e+01
3.540000003051757460e+01
3.199999981689452966e+01
3.499999990844726483e+01
3.279999990844726909e+01
2.779999993896484511e+01
3.459999978637695506e+01
3.500000000000000000e+01
