0.000000000000000000e+00
0.000000000000000000e+00
0.000000000000000000e+00
4.000000000000000222e-01
3.200000007629394627e+00
5.939999975585937619e+01
8.000000007629394005e+00
7.999999942779540962e-01
8.000000000000000444e-01
7.999999942779540962e-01
6.599999994277953697e+00
1.259999995422363206e+01
2.000000000000000000e+00
3.200000000000000178e+00
3.819999981689453250e+01
3.339999996948242256e+01
9.799999946594239120e+00
1.619999992370605568e+01
1.120000001525878908e+01
3.199999978637695364e+01
1.939999999999999858e+01
5.000000007629394894e+00
2.979999986267089795e+01
3.199999994277954229e+00
9.399999977111816563e+00
2.499999986267089724e+01
4.599999988555908637e+00
1.439999995422363277e+01
5.799999988555907926e+00
4.999999988555908104e+00
1.160000001525878943e+01
6.599999977111816740e+00
1.039999994659423876e+01
1.059999994659423805e+01
1.459999987792968668e+01
1.559999986267089866e+01
8.799999984741210923e+00
1.259999992370605426e+01
1.319999995422363348e+01
1.619999998474121128e+01
6.399999977111816563e+00
1.559999992370605426e+01
1.600000001525878801e+01
6.199999977111816385e+00
6.600000007629394538e+00
4.559999996948242540e+01
1.000000001525878979e+01
5.799999988555907926e+00
8.200000007629395071e+00
6.600000007629394538e+00
8.199999946594237699e+00
6.599999977111816740e+00
1.379999997711181692e+01
9.400000015258788366e+00
1.040000001525878837e+01
2.019999986267090009e+01
1.479999995422363313e+01
3.799999999999999822e+00
1.299999995422363241e+01
7.399999988555908459e+00
1.140000001525878837e+01
9.400000015258788366e+00
9.999999984741210213e+00
1.500000000000000000e+01
1.199999998474121021e+01
1.099999997711181621e+01
7.399999977111816563e+00
7.200000007629394183e+00
1.139999997711181656e+01
1.759999995422363384e+01
1.280000001525878872e+01
1.059999994659423805e+01
9.799999984741210923e+00
5.879999996948242114e+01
8.399999946594238764e+00
1.899999995422363241e+01
9.400000015258788366e+00
1.219999994659423770e+01
9.799999977111816918e+00
1.139999998474121057e+01
1.400000001525878979e+01
1.520000001525878908e+01
1.179999994659423912e+01
1.199999997711181621e+01
1.279999995422363313e+01
1.159999998474121163e+01
1.099999998855590810e+01
1.259999994659423805e+01
1.260000000762939365e+01
1.399999992370605462e+01
1.359999997711181585e+01
1.379999998474121092e+01
1.160000001525878943e+01
1.139999986267089760e+01
1.199999992370605462e+01
1.219999994659423770e+01
1.239999997711181656e+01
1.199999989318847682e+01
1.299999998474121021e+01
1.440000001525878837e+01
1.339999998474121057e+01
1.479999998474121092e+01
1.499999995422363241e+01
1.499999998474121021e+01
1.679999989318847753e+01
1.559999998474121163e+01
1.739999995422363455e+01
2.039999995422363455e+01
2.219999998474121128e+01
2.339999999999999858e+01
2.119999989318847611e+01
2.739999996948242256e+01
2.039999986267089938e+01
2.919999978637695293e+01
2.400000000000000000e+01
2.359999986267089866e+01
2.579999987792968597e+01
2.819999987792968810e+01
2.399999993896484440e+01
2.960000000000000142e+01
2.499999996948242043e+01
3.299999996948242398e+01
3.579999975585937477e+01
3.819999993896484369e+01
3.359999990844726625e+01
3.820000003051757886e+01
3.479999996948242114e+01
3.899999993896484085e+01
3.679999987792968597e+01
3.659999981689453108e+01
3.800000000000000000e+01
3.999999981689452966e+01
3.579999984741210994e+01
3.819999987792968454e+01
3.799999981689452966e+01
3.979999987792968597e+01
4.100000006103515915e+01
4.120000006103515489e+01
4.039999975585937619e+01
3.959999996948242540e+01
4.040000003051757460e+01
3.939999996948242256e+01
3.919999969482422131e+01
3.899999984741211279e+01
3.939999993896484654e+01
3.899999972534179449e+01
4.120000000000000284e+01
3.999999975585937761e+01
4.179999972534179875e+01
4.160000000000000142e+01
4.260000003051757744e+01
4.320000006103515489e+01
3.679999975585937477e+01
4.100000006103515915e+01
4.119999972534179733e+01
4.339999990844726341e+01
4.380000006103515631e+01
3.619999981689453250e+01
4.199999978637695364e+01
4.199999981689452966e+01
4.059999975585937193e+01
4.499999978637695364e+01
4.219999972534179733e+01
4.359999969482421989e+01
4.380000006103515631e+01
4.119999984741210852e+01
3.879999996948242114e+01
4.200000006103515915e+01
4.319999969482422131e+01
4.519999984741210852e+01
4.319999969482422131e+01
4.360000006103515346e+01
4.439999984741211136e+01
4.400000006103515915e+01
4.319999975585937335e+01
4.620000006103515489e+01
4.279999972534179875e+01
4.460000003051757744e+01
4.540000006103515773e+01
4.459999975585937193e+01
4.299999972534179449e+01
4.419999996948241971e+01
4.380000003051758029e+01
4.639999981689452824e+01
4.579999993896484511e+01
4.559999987792969023e+01
4.319999975585937335e+01
4.800000003051757602e+01
4.739999990844726341e+01
4.479999969482421562e+01
4.620000006103515489e+01
4.720000006103515489e+01
4.839999996948242256e+01
4.720000000000000284e+01
5.019999978637695648e+01
4.579999978637695079e+01
4.779999969482421562e+01
4.699999969482421847e+01
4.439999999999999858e+01
4.720000006103515489e+01
