0.000000000000000000e+00
0.000000000000000000e+00
0.000000000000000000e+00
1.520000003051757886e+01
0.000000000000000000e+00
1.039999997711181656e+01
2.000000000000000000e+00
0.000000000000000000e+00
4.200000000000000178e+00
1.399999999999999911e+00
2.799999994277954318e+00
4.519999993896484369e+01
1.279999994659423912e+01
7.999999942779540962e-01
7.800000007629394716e+00
1.759999986267089866e+01
1.239999997711181656e+01
4.199999977111816385e+00
7.199999977111816385e+00
1.099999995422363241e+01
3.799999999999999822e+00
9.199999946594237699e+00
1.219999997711181727e+01
3.799999994277954318e+00
2.200000000000000178e+00
4.799999994277953874e+00
9.199999984741211279e+00
1.299999989318847682e+01
1.459999998474121163e+01
1.579999986267089795e+01
1.060000001525878943e+01
1.379999998474121092e+01
2.279999992370605355e+01
1.879999989318847753e+01
1.139999994659423876e+01
7.999999977111816207e+00
7.399999977111816563e+00
6.600000015258789432e+00
7.200000015258789077e+00
1.359999994659423805e+01
9.599999988555907748e+00
5.999999988555908104e+00
1.259999994659423805e+01
9.600000015258789432e+00
1.299999997711181621e+01
9.599999984741211634e+00
6.599999946594238054e+00
1.939999993896484298e+01
6.399999946594237876e+00
8.200000007629395071e+00
9.199999954223633480e+00
1.319999989318847611e+01
1.339999994659423876e+01
2.039999992370605497e+01
1.499999994659423841e+01
1.239999997711181656e+01
4.279999975585937477e+01
7.799999946594238232e+00
9.800000015258788721e+00
1.639999994659423876e+01
1.439999995422363277e+01
1.319999995422363348e+01
8.400000015258788366e+00
1.139999998474121057e+01
2.400000007629394361e+00
1.999999992370605639e+01
8.800000015258788721e+00
5.299999990844726483e+01
5.999999946594238409e+00
1.879999989318847753e+01
4.599999977111816740e+00
9.000000015258789787e+00
9.400000015258788366e+00
2.319999969482421776e+01
6.200000007629394183e+00
2.039999993896484298e+01
2.619999990844726412e+01
1.880000001525878872e+01
1.919999986267090009e+01
7.199999977111816385e+00
6.399999977111816563e+00
8.000000015258789787e+00
1.239999995422363277e+01
1.199999994659423841e+01
1.219999992370605391e+01
1.239999989318847717e+01
1.279999998474121092e+01
1.219999994659423770e+01
1.360000000762939365e+01
1.339999998474121057e+01
1.359999994659423805e+01
1.259999992370605426e+01
1.419999998474121128e+01
1.379999989318847575e+01
1.100000000762939401e+01
1.340000001525878837e+01
1.260000000762939365e+01
1.339999998855590846e+01
1.279999998474121092e+01
1.280000000000000071e+01
1.819999995422363170e+01
2.419999996948242327e+01
2.539999978637695222e+01
3.200000000000000000e+01
3.699999990844726483e+01
3.920000006103515489e+01
3.159999981689453108e+01
3.619999969482422131e+01
4.099999978637695364e+01
4.419999972534179733e+01
4.319999990844726767e+01
4.420000006103515489e+01
4.640000006103515773e+01
4.759999987792969023e+01
4.879999969482421562e+01
4.339999993896484654e+01
5.059999993896484227e+01
4.400000000000000000e+01
5.239999972534180017e+01
4.419999975585937335e+01
4.839999987792968739e+01
5.300000003051757602e+01
5.479999990844726909e+01
4.499999969482421847e+01
3.339999996948242256e+01
3.480000003051758029e+01
3.359999996948242540e+01
3.699999981689452966e+01
3.139999999999999858e+01
3.899999972534179449e+01
3.319999969482422131e+01
3.259999993896484227e+01
3.400000000000000000e+01
3.319999996948241971e+01
3.299999972534179449e+01
3.339999984741211136e+01
3.279999999999999716e+01
3.379999987792968597e+01
3.599999978637695364e+01
3.379999993896484511e+01
3.579999969482421562e+01
3.979999969482421562e+01
3.679999978637695079e+01
3.679999996948242114e+01
3.699999978637695364e+01
3.799999984741211279e+01
3.539999987792968739e+01
3.779999969482421562e+01
3.399999984741211279e+01
3.379999969482421562e+01
3.559999993896484227e+01
3.639999987792968739e+01
3.379999972534179875e+01
4.039999993896484654e+01
3.699999975585937761e+01
3.579999984741210994e+01
3.620000006103515489e+01
3.759999981689453108e+01
3.699999987792968881e+01
3.679999972534179875e+01
3.539999981689452824e+01
3.819999975585937335e+01
3.379999984741210994e+01
3.679999978637695079e+01
3.799999981689452966e+01
3.919999972534179733e+01
3.959999978637695506e+01
3.919999993896484369e+01
4.059999975585937193e+01
3.739999987792968739e+01
3.559999993896484227e+01
4.039999996948242256e+01
3.559999996948242540e+01
3.759999978637695506e+01
3.619999972534179733e+01
4.079999987792968597e+01
3.800000006103515915e+01
3.819999996948241971e+01
3.659999978637695506e+01
3.559999978637695506e+01
3.739999978637695222e+01
3.859999987792969023e+01
4.159999990844726625e+01
3.739999987792968739e+01
4.079999978637695079e+01
3.939999972534180017e+01
3.619999987792968454e+01
4.019999969482422131e+01
3.840000003051757460e+01
4.159999975585937193e+01
3.779999990844726909e+01
4.080000003051758029e+01
4.099999975585937761e+01
3.679999978637695079e+01
3.819999969482422131e+01
3.819999969482422131e+01
3.859999996948242540e+01
4.019999978637695648e+01
4.299999993896484085e+01
3.999999975585937761e+01
