0.000000000000000000e+00
9.800000015258788721e+00
0.000000000000000000e+00
0.000000000000000000e+00
2.399999988555908015e+00
1.000000000000000000e+00
3.600000007629394538e+00
3.259999969482421989e+01
1.399999994277954185e+00
3.400000007629394361e+00
5.999999999999999778e-01
7.999999942779540962e-01
1.479999995422363313e+01
8.000000000000000444e-01
3.999999988555908104e+00
2.060000000000000142e+01
1.199999999999999956e+00
8.400000015258788366e+00
1.319999997711181727e+01
1.599999977111816296e+00
5.999999999999999778e-01
7.199999977111816385e+00
8.999999954223632415e+00
1.799999994277954096e+00
1.800000000000000044e+00
7.799999999999999822e+00
1.799999994277954096e+00
1.199999999999999956e+00
1.199999994659423841e+01
5.600000007629394538e+00
2.999999988555908104e+00
2.000000000000000000e+00
1.619999994659423947e+01
7.999999988555908104e+00
8.199999946594237699e+00
6.000000007629394894e+00
3.399999994277953963e+00
2.799999999999999822e+00
6.399999946594237876e+00
8.000000007629394005e+00
4.799999977111816030e+00
1.079999992370605533e+01
9.999999942779540518e-01
4.599999994277953697e+00
2.199999994277954229e+00
9.799999923706055327e+00
2.739999978637695222e+01
7.400000007629394361e+00
6.199999977111816385e+00
8.000000007629394005e+00
3.999999977111816207e+00
8.399999988555908459e+00
7.999999994277954052e+00
1.600000000000000089e+00
1.359999995422363206e+01
3.399999988555908015e+00
1.160000000762939365e+01
1.799999994277954096e+00
6.999999946594238409e+00
9.600000007629393650e+00
7.399999946594237876e+00
3.199999977111816385e+00
4.000000000000000000e+00
1.920000003051757886e+01
6.599999977111816740e+00
4.599999987792968881e+01
1.359999998474121163e+01
5.799999988555907926e+00
1.119999989318847611e+01
1.219999997711181727e+01
3.800000007629394716e+00
1.179999998474121092e+01
2.399999999999999911e+00
4.199999977111816385e+00
3.199999988555908281e+00
3.599999993896484085e+01
8.200000007629395071e+00
3.399999988555908015e+00
4.000000007629394894e+00
1.059999997711181585e+01
4.599999988555908637e+00
8.200000015258789077e+00
8.599999988555907748e+00
6.800000007629394716e+00
7.799999946594238232e+00
5.599999977111816740e+00
8.199999977111817273e+00
7.199999977111816385e+00
6.799999946594238232e+00
8.000000007629394005e+00
7.999999946594238409e+00
6.800000007629394716e+00
7.199999988555908281e+00
8.399999923706054972e+00
8.000000015258789787e+00
6.800000015258788721e+00
6.799999946594238232e+00
8.599999977111815852e+00
7.599999977111816740e+00
7.599999946594238054e+00
1.000000000762939401e+01
1.679999998474121270e+01
1.759999996948242185e+01
1.579999992370605533e+01
2.619999993896484369e+01
2.979999975585937477e+01
3.199999984741210923e+01
3.779999987792968597e+01
2.999999990844726483e+01
4.180000006103515631e+01
3.959999978637695506e+01
4.259999993896484227e+01
3.679999984741210994e+01
4.180000003051758029e+01
3.999999984741211279e+01
4.199999984741211279e+01
3.499999989318847327e+01
4.120000003051757886e+01
4.659999996948242540e+01
3.819999975585937335e+01
3.899999987792968881e+01
4.719999987792968454e+01
4.819999972534179733e+01
3.599999984741211279e+01
4.379999993896484511e+01
3.019999990844726412e+01
3.039999999999999858e+01
2.719999984741210852e+01
2.600000000000000000e+01
2.719999989318847611e+01
3.259999984741210710e+01
3.199999987792968881e+01
3.039999993896484298e+01
3.099999986267089724e+01
3.079999990844726554e+01
3.219999981689453250e+01
3.159999987792968668e+01
3.060000003051757744e+01
2.999999993896484440e+01
2.959999987792968668e+01
3.379999984741210994e+01
3.459999984741210710e+01
3.099999978637695364e+01
3.180000003051757673e+01
2.959999978637695150e+01
3.179999990844726554e+01
2.839999984741210781e+01
2.980000003051757673e+01
2.819999993896484369e+01
3.059999986267089866e+01
2.919999986267090009e+01
2.899999993896484440e+01
2.899999993896484440e+01
2.979999993896484511e+01
2.999999990844726483e+01
3.179999990844726554e+01
3.199999996948242043e+01
3.239999978637695222e+01
3.439999984741211136e+01
3.219999990844726767e+01
3.219999993896484369e+01
2.959999981689453108e+01
3.119999993896484369e+01
3.299999996948242398e+01
3.379999984741210994e+01
3.779999972534179875e+01
3.099999986267089724e+01
3.119999993896484369e+01
3.279999999999999716e+01
2.999999990844726483e+01
3.319999981689453250e+01
3.459999984741210710e+01
2.979999984741210994e+01
3.259999981689453108e+01
3.300000000000000000e+01
3.359999993896484227e+01
2.759999986267089866e+01
3.319999986267090009e+01
2.899999981689452966e+01
3.319999990844726767e+01
3.539999975585937619e+01
3.459999993896484227e+01
3.079999972534179520e+01
3.379999975585937477e+01
3.679999978637695079e+01
3.959999996948242540e+01
3.559999978637695506e+01
3.459999978637695506e+01
3.779999984741210994e+01
3.859999972534179591e+01
3.699999984741211279e+01
3.639999986267089582e+01
3.500000000000000000e+01
3.559999987792969023e+01
3.740000006103515773e+01
3.379999990844726909e+01
3.359999993896484227e+01
2.979999996948242114e+01
3.719999990844726767e+01
3.679999972534179875e+01
