0.000000000000000000e+00
0.000000000000000000e+00
0.000000000000000000e+00
3.399999999999999911e+00
2.999999988555908104e+00
3.239999981689452824e+01
4.599999994277953697e+00
1.599999994277954141e+00
2.000000000000000111e-01
8.400000007629394361e+00
5.999999999999999778e-01
4.740000006103515773e+01
4.000000000000000222e-01
2.799999994277954318e+00
8.000000000000000444e-01
4.599999994277953697e+00
2.400000007629394361e+00
3.999999946594238409e+00
2.999999994277954052e+00
5.999999994277954052e+00
4.999999977111816207e+00
1.859999995422363384e+01
4.000000007629394894e+00
3.959999978637695506e+01
2.799999988555908370e+00
1.599999989318847682e+01
8.599999946594238054e+00
1.119999998474121128e+01
2.799999993896484440e+01
1.599999994277954141e+00
5.999999946594238409e+00
1.640000003051757815e+01
1.059999994659423805e+01
8.399999977111816563e+00
5.999999988555908104e+00
1.019999994659423770e+01
5.159999972534179591e+01
4.200000015258789077e+00
5.400000000000000355e+00
1.359999998474121163e+01
6.399999946594237876e+00
1.299999998474121021e+01
9.799999984741210923e+00
9.999999954223632415e+00
1.439999995422363277e+01
3.999999994277954052e+00
1.020000001525878908e+01
5.399999946594237876e+00
5.399999988555908459e+00
5.999999977111816207e+00
1.059999998474121163e+01
2.320000003051757886e+01
9.199999984741211279e+00
1.739999986267089938e+01
6.799999977111816030e+00
1.459999986267089866e+01
1.999999989318847682e+01
1.079999998474121092e+01
1.559999986267089866e+01
1.179999994659423912e+01
4.600000007629394538e+00
7.999999988555908104e+00
1.499999986267089902e+01
2.799999999999999822e+00
7.999999977111816207e+00
3.000000000000000000e+00
7.199999994277954229e+00
5.999999994277954052e+00
8.200000015258789077e+00
9.800000015258788721e+00
5.199999988555908281e+00
3.999999994277954052e+00
1.380000001525878872e+01
5.999999988555908104e+00
1.099999997711181621e+01
1.519999989318847611e+01
1.000000001525878979e+01
9.199999977111817273e+00
1.699999992370605639e+01
8.399999977111816563e+00
1.479999992370605533e+01
8.599999984741211634e+00
9.600000015258789432e+00
1.099999998855590810e+01
1.099999997711181621e+01
9.599999994277954585e+00
1.140000000762939436e+01
9.999999862670899020e+00
1.019999994659423770e+01
9.800000007629394716e+00
1.059999997711181585e+01
1.019999994659423770e+01
1.039999997711181656e+01
9.799999946594239120e+00
1.039999989318847717e+01
1.080000000762939472e+01
1.039999994659423876e+01
9.599999977111815852e+00
9.199999946594237699e+00
1.380000000762939472e+01
1.419999986267089831e+01
1.479999992370605533e+01
1.619999996948242327e+01
2.159999986267089866e+01
2.479999989318847753e+01
2.879999986267089795e+01
3.199999975585937406e+01
2.919999993896484369e+01
3.239999996948242256e+01
4.079999978637695079e+01
4.599999996948242398e+01
4.059999969482421989e+01
3.559999972534179591e+01
3.820000006103515489e+01
3.819999981689453250e+01
3.720000000000000284e+01
3.639999996948242256e+01
4.519999969482422131e+01
4.879999969482421562e+01
3.479999978637695079e+01
4.539999972534180017e+01
4.640000006103515773e+01
4.440000003051757460e+01
4.739999993896484654e+01
4.179999984741210994e+01
4.439999978637695222e+01
4.319999969482422131e+01
4.179999972534179875e+01
4.599999975585937761e+01
4.159999993896484227e+01
4.419999990844726767e+01
4.479999969482421562e+01
4.419999981689453250e+01
4.799999975585937761e+01
4.659999996948242540e+01
4.339999984741211136e+01
4.719999969482422131e+01
4.719999993896484369e+01
4.719999987792968454e+01
4.979999984741210994e+01
4.759999972534179591e+01
4.660000000000000142e+01
5.299999996948242398e+01
4.319999975585937335e+01
4.779999969482421562e+01
4.939999993896484654e+01
4.579999999999999716e+01
4.659999972534179591e+01
4.339999969482421704e+01
4.619999972534179733e+01
4.619999969482422131e+01
4.560000006103515346e+01
4.699999972534179449e+01
4.419999969482422131e+01
5.160000000000000142e+01
5.159999990844726625e+01
4.819999990844726767e+01
4.699999972534179449e+01
5.059999996948242540e+01
4.519999984741210852e+01
4.979999972534179875e+01
5.100000000000000000e+01
5.199999981689452966e+01
5.060000006103515346e+01
4.999999996948242398e+01
4.799999996948242398e+01
5.259999987792969023e+01
5.239999996948242256e+01
4.899999981689452966e+01
5.099999975585937761e+01
5.300000000000000000e+01
5.119999987792968454e+01
4.859999969482421989e+01
5.139999993896484654e+01
5.079999993896484511e+01
5.059999984741210710e+01
5.059999990844726625e+01
4.739999993896484654e+01
4.919999972534179733e+01
5.179999996948242114e+01
4.819999996948241971e+01
5.160000000000000142e+01
5.420000006103515489e+01
5.099999996948242398e+01
5.259999987792969023e+01
5.440000003051757460e+01
5.280000012207031546e+01
5.239999996948242256e+01
5.119999975585937335e+01
4.899999996948242398e+01
5.159999972534179591e+01
5.340000012207030977e+01
5.339999969482421704e+01
5.799999993896484085e+01
5.339999987792968739e+01
5.319999996948241971e+01
5.239999993896484654e+01
5.439999993896484654e+01
5.239999990844726341e+01
5.600000000000000000e+01
