0.000000000000000000e+00
6.079999984741210994e+01
0.000000000000000000e+00
4.000000000000000222e-01
2.399999999999999911e+00
1.179999997711181692e+01
5.999999999999999778e-01
2.000000000000000111e-01
2.000000000000000111e-01
1.199999994277954007e+00
1.339999998474121057e+01
6.399999988555908459e+00
2.280000003051757673e+01
5.999999994277954052e+00
7.799999988555907926e+00
7.000000007629394894e+00
1.459999998474121163e+01
2.220000003051757886e+01
2.000000000000000111e-01
1.020000001525878908e+01
4.000000007629394894e+00
3.000000000000000000e+00
4.939999999999999858e+01
6.199999946594238587e+00
4.400000007629394361e+00
1.279999994659423912e+01
9.599999994277954585e+00
2.719999989318847611e+01
7.999999984741211101e+00
2.819999999999999929e+01
4.199999988555908281e+00
6.400000007629394361e+00
6.399999988555908459e+00
8.000000015258789787e+00
1.699999986267089724e+01
1.760000003051757744e+01
5.999999977111816207e+00
3.999999988555908104e+00
1.179999992370605533e+01
2.300000000000000000e+01
1.599999988555908192e+00
2.539999992370605497e+01
7.199999946594238587e+00
5.599999977111816740e+00
8.600000015258789432e+00
3.599999977111816296e+00
8.399999994277953519e+00
9.600000007629393650e+00
1.719999986267090009e+01
8.600000015258789432e+00
3.600000000000000089e+00
1.719999989318847611e+01
1.019999994659423770e+01
1.999999990844726483e+01
6.799999977111816030e+00
4.400000007629394361e+00
1.559999998474121163e+01
2.059999996948242185e+01
2.280000000000000071e+01
1.599999997711181621e+01
8.599999977111815852e+00
4.800000007629394716e+00
8.399999977111816563e+00
1.120000001525878908e+01
3.799999988555908370e+00
3.579999969482421562e+01
3.919999978637695648e+01
6.199999977111816385e+00
2.199999994277954229e+00
1.600000001525878801e+01
4.499999969482421847e+01
6.399999988555908459e+00
1.259999986267089866e+01
9.999999988555908104e+00
1.180000001525878872e+01
1.199999995422363241e+01
8.599999893188476463e+00
7.800000015258788721e+00
9.399999977111816563e+00
4.079999972534179875e+01
1.439999992370605497e+01
4.800000007629394716e+00
1.040000001525878837e+01
9.799999994277953874e+00
1.079999997711181692e+01
8.799999946594239120e+00
1.099999995422363241e+01
1.039999994659423876e+01
9.599999862670898665e+00
9.400000015258788366e+00
1.080000000762939472e+01
1.019999994659423770e+01
1.059999998474121163e+01
1.000000001525878979e+01
1.020000001525878908e+01
9.799999977111816918e+00
1.219999994659423770e+01
9.199999984741211279e+00
1.000000001525878979e+01
9.199999988555907393e+00
1.079999997711181692e+01
1.020000001525878908e+01
1.079999994659423912e+01
1.119999999427795423e+01
1.159999995422363206e+01
1.339999994659423876e+01
9.999999977111816207e+00
1.099999998855590810e+01
1.119999994659423770e+01
1.019999997711181727e+01
1.020000001525878908e+01
1.120000000762939507e+01
1.119999994659423770e+01
1.019999998474121128e+01
1.239999994659423876e+01
1.119999995422363348e+01
1.220000000762939507e+01
1.199999994659423841e+01
1.219999998474121128e+01
1.119999997711181727e+01
1.240000001525878837e+01
1.320000000762939507e+01
1.339999992370605497e+01
1.339999994659423876e+01
1.319999992370605391e+01
1.339999986267089760e+01
1.759999995422363384e+01
1.799999992370605639e+01
1.799999995422363241e+01
1.819999986267090009e+01
1.879999986267089795e+01
1.739999989318847540e+01
2.019999989318847611e+01
2.099999996948242043e+01
2.239999993896484298e+01
2.099999993896484440e+01
2.219999992370605568e+01
2.279999986267089795e+01
2.259999984741211065e+01
2.339999999999999858e+01
2.519999999999999929e+01
2.499999981689452966e+01
2.439999995422363455e+01
2.439999993896484298e+01
2.500000003051757957e+01
2.379999989318847753e+01
2.539999999999999858e+01
2.499999996948242043e+01
2.680000000000000071e+01
2.819999987792968810e+01
2.419999987792968810e+01
2.640000003051757815e+01
2.519999989318847611e+01
2.700000003051757957e+01
2.579999993896484511e+01
2.679999990844726554e+01
2.819999999999999929e+01
2.899999986267089724e+01
2.800000000000000000e+01
2.659999993896484227e+01
2.739999996948242256e+01
2.699999990844726483e+01
2.860000003051757744e+01
2.580000000000000071e+01
2.899999990844726483e+01
2.959999993896484227e+01
2.740000003051757815e+01
2.859999981689453108e+01
3.179999993896484511e+01
2.859999995422363384e+01
2.840000003051757815e+01
2.999999990844726483e+01
2.919999993896484369e+01
3.019999984741210852e+01
2.979999989318847753e+01
2.939999993896484298e+01
2.959999996948242185e+01
2.979999975585937477e+01
3.139999990844726696e+01
2.819999990844726412e+01
3.039999996948242256e+01
2.999999984741210923e+01
2.959999996948242185e+01
2.999999993896484440e+01
3.159999978637695150e+01
2.699999993896484440e+01
2.860000000000000142e+01
3.079999996948242114e+01
2.939999984741210781e+01
3.039999989318847540e+01
3.279999975585937477e+01
2.839999986267089938e+01
3.059999969482421989e+01
3.019999996948242327e+01
3.159999969482421989e+01
2.760000003051757744e+01
3.219999993896484369e+01
3.219999972534179733e+01
3.199999986267089724e+01
3.179999987792968597e+01
