2.479999986267089795e+01
1.700000003051757957e+01
4.000000000000000222e-01
1.019999995422363348e+01
1.399999994277954185e+00
0.000000000000000000e+00
4.000000000000000222e-01
6.999999977111816207e+00
2.000000000000000111e-01
1.199999999999999956e+00
2.999999994277954052e+00
3.419999972534179733e+01
1.880000000000000071e+01
1.639999999999999858e+01
2.459999995422363384e+01
5.799999988555907926e+00
1.979999994659423734e+01
7.400000000000000355e+00
1.800000000000000044e+00
2.200000000000000178e+00
1.659999998474120986e+01
2.600000000000000089e+00
4.000000007629394894e+00
7.400000007629394361e+00
7.999999984741211101e+00
9.200000007629395071e+00
7.199999984741211279e+00
1.719999992370605568e+01
5.399999977111816563e+00
3.999999988555908104e+00
8.599999946594238054e+00
8.999999984741210213e+00
4.319999975585937335e+01
4.599999977111816740e+00
1.599999988555908192e+00
4.599999994277953697e+00
1.120000001525878908e+01
1.999999994277954052e+00
9.799999946594239120e+00
8.999999946594238409e+00
2.799999994277954318e+00
5.000000007629394894e+00
2.219999989318847611e+01
1.259999994659423805e+01
2.919999996948242327e+01
8.599999988555907748e+00
1.060000000762939365e+01
1.279999989318847575e+01
6.199999946594238587e+00
8.399999977111816563e+00
7.800000015258788721e+00
8.999999977111816207e+00
6.399999988555908459e+00
1.039999994659423876e+01
1.519999995422363348e+01
5.200000007629394183e+00
1.059999998474121163e+01
3.400000007629394361e+00
6.799999977111816030e+00
8.400000015258788366e+00
5.399999977111816563e+00
7.400000007629394361e+00
9.999999942779540518e-01
1.399999986267089902e+01
1.139999995422363277e+01
6.999999977111816207e+00
9.200000015258789077e+00
2.059999986267089866e+01
1.579999989318847575e+01
1.539999992370605497e+01
2.799999988555908370e+00
4.799999988555907926e+00
4.599999972534179449e+01
8.599999988555907748e+00
9.599999954223632059e+00
9.399999988555908459e+00
7.599999988555908637e+00
2.799999988555908370e+00
4.799999988555907926e+00
6.799999977111816030e+00
1.999999986267089724e+01
1.160000000762939365e+01
1.179999994659423912e+01
9.799999984741210923e+00
1.080000000762939472e+01
1.119999992370605391e+01
1.039999994659423876e+01
1.139999998474121057e+01
1.199999995422363241e+01
9.599999946594238054e+00
1.160000000762939365e+01
9.799999988555908814e+00
9.599999923706054261e+00
9.399999946594238764e+00
9.000000015258789787e+00
1.039999995422363277e+01
1.219999994659423770e+01
9.999999977111816207e+00
9.000000015258789787e+00
1.020000000762939507e+01
9.999999984741210213e+00
1.019999998474121128e+01
1.259999997711181585e+01
1.019999997711181727e+01
1.199999995422363241e+01
1.099999994659423841e+01
1.099999994659423841e+01
1.019999997711181727e+01
1.160000001525878943e+01
9.199999946594237699e+00
1.179999999427795387e+01
1.219999994659423770e+01
1.000000000762939401e+01
1.200000001525878979e+01
9.400000007629394361e+00
1.200000000762939401e+01
1.220000001525878908e+01
1.119999994659423770e+01
1.260000001525878943e+01
1.179999998474121092e+01
1.340000001525878837e+01
1.239999998474121057e+01
1.379999998855590881e+01
1.320000003051757886e+01
1.459999998474121163e+01
1.699999989318847682e+01
1.539999995422363277e+01
1.419999986267089831e+01
1.979999998474121270e+01
1.720000003051757886e+01
1.839999992370605497e+01
1.759999998474120986e+01
1.960000000000000142e+01
1.599999986267089902e+01
2.259999989318847824e+01
2.239999996948242256e+01
2.259999998474120986e+01
2.299999989318847682e+01
2.299999992370605639e+01
2.539999984741210781e+01
2.159999998474120986e+01
2.559999993896484227e+01
2.419999992370605568e+01
2.620000003051757886e+01
2.599999993896484440e+01
2.360000000000000142e+01
2.539999995422363455e+01
2.559999994659423805e+01
2.600000000000000000e+01
2.739999984741210781e+01
2.639999995422363455e+01
2.579999987792968597e+01
2.559999993896484227e+01
2.779999989318847753e+01
2.539999987792968739e+01
2.700000000000000000e+01
2.759999993896484227e+01
2.799999992370605639e+01
2.819999987792968810e+01
3.039999969482421704e+01
2.959999975585937548e+01
2.819999993896484369e+01
2.919999984741210852e+01
2.939999987792968739e+01
2.839999987792968739e+01
2.919999975585937335e+01
2.799999993896484440e+01
3.199999993896484440e+01
3.179999990844726554e+01
2.880000000000000071e+01
2.499999972534179804e+01
2.880000003051757673e+01
2.899999990844726483e+01
3.079999981689453037e+01
3.019999984741210852e+01
2.959999990844726625e+01
3.219999975585937335e+01
3.319999969482422131e+01
2.939999986267089938e+01
3.159999984741211065e+01
3.119999984741210852e+01
3.199999996948242043e+01
2.999999990844726483e+01
3.099999993896484440e+01
3.179999993896484511e+01
3.119999999999999929e+01
2.999999993896484440e+01
3.320000000000000284e+01
3.179999981689453037e+01
3.399999987792968881e+01
3.059999996948242185e+01
3.299999984741211279e+01
3.160000000000000142e+01
3.219999993896484369e+01
3.019999990844726412e+01
3.360000003051757744e+01
3.119999978637695293e+01
3.219999996948241971e+01
3.319999975585937335e+01
3.579999972534179875e+01
