2.100000003051757957e+01
4.339999972534180017e+01
0.000000000000000000e+00
2.000000000000000111e-01
0.000000000000000000e+00
1.999999988555908104e+00
0.000000000000000000e+00
2.599999988555908192e+00
5.999999942779541406e-01
3.599999994277954141e+00
9.999999942779540518e-01
1.019999992370605391e+01
8.000000000000000444e-01
1.839999992370605497e+01
3.399999994277953963e+00
1.799999994277954096e+00
1.600000000000000089e+00
8.399999954223632770e+00
7.399999988555908459e+00
2.599999986267089724e+01
2.199999994277954229e+00
9.200000015258789077e+00
5.599999994277953697e+00
9.999999885559082147e-01
1.219999997711181727e+01
4.999999994277954052e+00
2.579999987792968597e+01
8.000000007629394005e+00
1.359999997711181585e+01
1.139999994659423876e+01
1.600000007629394538e+00
8.799999977111816918e+00
8.399999977111816563e+00
1.239999995422363277e+01
7.399999977111816563e+00
6.999999946594238409e+00
1.399999998474121021e+01
1.800000000000000044e+00
3.799999994277954318e+00
6.600000007629394538e+00
7.399999984741210568e+00
3.199999994277954229e+00
7.400000007629394361e+00
4.999999977111816207e+00
8.600000007629393650e+00
9.999999946594238409e+00
8.600000015258789432e+00
5.999999946594238409e+00
4.799999988555907926e+00
2.479999995422363313e+01
6.039999990844726341e+01
5.599999946594238054e+00
3.399999994277953963e+00
2.279999996948242114e+01
5.999999946594238409e+00
1.059999997711181585e+01
8.199999946594237699e+00
1.099999997711181621e+01
1.319999995422363348e+01
7.399999988555908459e+00
7.399999977111816563e+00
5.599999977111816740e+00
1.260000001525878943e+01
5.479999981689453392e+01
5.799999977111816030e+00
5.200000007629394183e+00
1.340000001525878837e+01
2.599999988555908192e+00
1.900000000000000000e+01
1.520000001525878908e+01
1.099999998474121021e+01
6.199999994277954229e+00
1.139999997711181656e+01
5.200000007629394183e+00
8.399999946594238764e+00
9.400000015258788366e+00
4.199999988555908281e+00
7.599999946594238054e+00
2.059999989318847824e+01
8.000000007629394005e+00
8.999999946594238409e+00
1.219999992370605391e+01
7.799999977111816030e+00
1.019999998474121128e+01
1.019999997711181727e+01
9.800000015258788721e+00
1.099999997711181621e+01
9.999999984741210213e+00
9.600000007629393650e+00
9.399999984741210568e+00
1.000000000762939401e+01
9.600000007629393650e+00
8.999999988555908104e+00
1.079999998474121092e+01
1.040000001525878837e+01
8.399999977111816563e+00
1.000000001525878979e+01
9.399999946594238764e+00
8.400000007629394361e+00
8.399999923706054972e+00
9.599999984741211634e+00
1.080000001525878872e+01
9.200000007629395071e+00
9.799999977111816918e+00
8.800000007629394716e+00
1.119999997711181727e+01
9.200000015258789077e+00
1.080000001525878872e+01
9.199999988555907393e+00
9.600000007629393650e+00
1.080000000762939472e+01
9.599999946594238054e+00
1.000000001525878979e+01
1.119999997711181727e+01
9.999999946594238409e+00
1.119999998474121128e+01
8.800000007629394716e+00
1.059999998855590775e+01
9.399999977111816563e+00
1.219999994659423770e+01
1.179999997711181692e+01
1.359999994659423805e+01
1.059999994659423805e+01
1.359999994659423805e+01
1.319999995422363348e+01
1.219999998474121128e+01
1.519999995422363348e+01
1.339999986267089760e+01
1.399999992370605462e+01
1.379999997711181692e+01
1.879999992370605355e+01
1.659999998474120986e+01
1.679999989318847753e+01
1.799999995422363241e+01
1.699999998474121199e+01
1.759999992370605426e+01
1.800000003051757957e+01
2.080000003051757673e+01
2.379999996948242114e+01
2.119999989318847611e+01
2.079999994659423734e+01
2.139999996948242256e+01
2.139999992370605497e+01
2.300000003051757957e+01
1.939999993896484298e+01
2.160000000000000142e+01
2.200000000000000000e+01
2.339999995422363455e+01
2.480000003051757673e+01
2.239999996948242256e+01
2.619999984741210852e+01
2.479999989318847753e+01
2.439999986267089938e+01
2.239999996948242256e+01
2.780000003051757673e+01
2.339999996948242256e+01
2.580000003051757673e+01
2.499999986267089724e+01
2.899999996948242043e+01
2.619999975585937335e+01
2.619999986267090009e+01
2.760000000000000142e+01
2.559999990844726625e+01
2.959999984741211065e+01
3.199999984741210923e+01
2.779999990844726554e+01
2.759999996948242185e+01
2.680000001525878872e+01
2.619999986267090009e+01
3.059999993896484227e+01
2.859999986267089866e+01
2.859999996948242185e+01
2.919999978637695293e+01
2.939999990844726696e+01
2.879999972534179520e+01
3.299999975585937761e+01
3.139999978637695222e+01
2.840000003051757815e+01
3.119999987792968810e+01
3.039999981689453179e+01
3.039999999999999858e+01
2.559999993896484227e+01
3.039999990844726696e+01
3.259999987792969023e+01
3.239999990844726341e+01
2.899999987792968881e+01
3.379999978637695079e+01
2.999999996948242043e+01
3.239999981689452824e+01
3.139999984741210781e+01
3.239999981689452824e+01
2.679999990844726554e+01
3.179999996948242114e+01
3.000000003051757957e+01
3.299999987792968881e+01
3.000000000000000000e+01
3.180000003051757673e+01
3.419999975585937335e+01
3.099999993896484440e+01
3.019999975585937335e+01
