8.940000012207030977e+01
9.720000000000000284e+01
9.859999999999999432e+01
9.759999963378906784e+01
7.879999951171875239e+01
5.140000003051757460e+01
9.920000000000000284e+01
7.999999951171875523e+01
9.500000012207031830e+01
7.419999957275391012e+01
9.320000006103515489e+01
8.919999981689453250e+01
9.659999969482421989e+01
7.640000000000000568e+01
9.539999969482421704e+01
9.500000006103515204e+01
9.979999999999999716e+01
8.739999975585936909e+01
9.200000012207031830e+01
8.039999957275391296e+01
9.699999963378905932e+01
9.379999963378905647e+01
9.599999963378905932e+01
9.100000012207031830e+01
1.000000000000000000e+02
9.739999963378906500e+01
9.939999963378906500e+01
9.379999975585937477e+01
9.979999999999999716e+01
9.419999969482421420e+01
9.519999963378906216e+01
8.359999951171874955e+01
6.519999984741211563e+01
8.860000006103516057e+01
9.819999963378906216e+01
9.480000012207031546e+01
9.920000006103515489e+01
9.839999963378906500e+01
9.279999975585937477e+01
9.200000006103515204e+01
9.259999975585937193e+01
8.899999975585937761e+01
9.799999963378905932e+01
9.639999963378906500e+01
9.820000000000000284e+01
8.739999981689453534e+01
9.920000000000000284e+01
9.499999969482422557e+01
9.719999963378906216e+01
9.479999969482422273e+01
9.859999999999999432e+01
9.680000006103514920e+01
9.900000000000000000e+01
9.059999938964843125e+01
8.119999981689453250e+01
9.679999963378905647e+01
9.819999963378906216e+01
8.759999945068359750e+01
9.519999969482421420e+01
9.479999969482422273e+01
9.800000006103515204e+01
9.700000000000000000e+01
9.079999975585937477e+01
9.180000006103514920e+01
9.920000000000000284e+01
9.599999969482422557e+01
9.079999938964843409e+01
9.360000006103516057e+01
9.700000000000000000e+01
9.799999963378905932e+01
9.659999969482421989e+01
9.779999999999999716e+01
9.279999969482422273e+01
9.539999969482421704e+01
9.840000000000000568e+01
9.379999969482422273e+01
9.879999999999999716e+01
9.779999999999999716e+01
9.859999969482421989e+01
9.399999969482422557e+01
9.519999969482421420e+01
9.320000012207030693e+01
7.719999978637694937e+01
8.219999987792968454e+01
8.799999975585937761e+01
8.319999969482421420e+01
8.480000012207031546e+01
8.119999993896485080e+01
8.759999993896484227e+01
8.260000012207031261e+01
8.519999975585938046e+01
8.599999975585937761e+01
8.579999981689452682e+01
8.619999951171874386e+01
8.639999945068359466e+01
8.179999951171875239e+01
8.619999938964843977e+01
7.819999951171874386e+01
8.999999969482422557e+01
8.719999945068359182e+01
9.239999969482421704e+01
8.359999957275390159e+01
9.159999963378906784e+01
8.459999975585937193e+01
9.020000012207030693e+01
8.339999975585936909e+01
8.579999945068360034e+01
8.120000000000000284e+01
9.259999999999999432e+01
8.539999975585936909e+01
8.979999981689452682e+01
8.699999938964843693e+01
9.359999969482421989e+01
9.079999938964843409e+01
8.999999938964843693e+01
8.300000000000000000e+01
8.519999938964843977e+01
8.199999987792968170e+01
8.939999938964844262e+01
8.939999981689453534e+01
8.759999975585937193e+01
9.199999975585937761e+01
9.199999981689452966e+01
7.739999963378906500e+01
7.619999987792968454e+01
7.519999975585938046e+01
7.699999981689452966e+01
7.359999957275390159e+01
7.359999969482421989e+01
7.659999951171874955e+01
7.719999993896485080e+01
7.579999999999999716e+01
7.480000012207031546e+01
7.259999975585937193e+01
7.599999981689452966e+01
7.319999993896485080e+01
7.439999945068359466e+01
7.419999963378906216e+01
7.659999945068359750e+01
7.559999957275390159e+01
7.320000000000000284e+01
7.499999957275390727e+01
7.459999969482421989e+01
7.660000012207031261e+01
7.799999993896484796e+01
7.620000012207030693e+01
7.659999975585937193e+01
7.260000012207031261e+01
7.799999938964843693e+01
7.499999957275390727e+01
7.579999938964843409e+01
7.379999987792969307e+01
7.699999945068358898e+01
7.399999975585937761e+01
7.699999951171875523e+01
7.739999951171874670e+01
7.539999993896483943e+01
7.140000006103515773e+01
7.799999993896484796e+01
7.439999957275391296e+01
7.899999993896484796e+01
7.759999945068359750e+01
7.519999945068359182e+01
7.519999975585938046e+01
7.899999993896484796e+01
7.620000000000000284e+01
7.619999945068359182e+01
7.719999987792968454e+01
7.559999957275390159e+01
7.499999957275390727e+01
7.759999999999999432e+01
7.499999993896484796e+01
7.939999938964844262e+01
7.719999987792968454e+01
7.419999957275391012e+01
7.759999987792969023e+01
7.579999999999999716e+01
7.620000000000000284e+01
7.779999957275390443e+01
7.600000012207031830e+01
7.540000000000000568e+01
7.719999981689453250e+01
7.820000000000000284e+01
7.740000006103515773e+01
7.619999957275391012e+01
7.639999987792968739e+01
7.999999993896484796e+01
7.759999999999999432e+01
7.659999993896484227e+01
7.700000000000000000e+01
7.739999987792968739e+01
7.519999969482421420e+01
7.880000006103514920e+01
7.579999993896484511e+01
7.820000000000000284e+01
7.439999963378906500e+01
7.799999969482422557e+01
7.799999957275390727e+01
7.559999951171874955e+01
7.799999945068358898e+01
