8.240000000000000568e+01
3.599999993896484085e+01
1.239999986267089760e+01
2.499999989318847682e+01
4.220000006103515489e+01
3.779999981689453392e+01
5.460000006103515346e+01
4.159999969482421989e+01
1.559999995422363206e+01
3.419999984741210852e+01
3.959999978637695506e+01
3.719999978637695648e+01
9.999999984741210213e+00
5.339999996948242256e+01
5.060000000000000142e+01
6.320000012207031403e+01
4.419999981689453250e+01
4.259999972534179591e+01
5.539999993896484654e+01
6.979999957275390443e+01
4.940000003051757460e+01
3.199999996948242043e+01
5.479999987792968597e+01
6.119999990844726767e+01
3.780000006103515631e+01
6.799999969482422557e+01
5.379999990844726909e+01
4.599999972534179449e+01
6.719999969482421420e+01
8.339999938964844262e+01
5.499999996948242398e+01
2.800000003051757957e+01
5.799999984741211279e+01
5.619999990844726767e+01
4.620000003051757886e+01
7.159999999999999432e+01
6.479999975585937477e+01
6.559999999999999432e+01
7.299999951171875523e+01
8.740000012207030977e+01
7.479999999999999716e+01
3.319999972534179733e+01
8.619999951171874386e+01
7.539999993896483943e+01
6.960000006103516057e+01
7.659999969482421989e+01
5.420000003051757886e+01
8.239999945068359466e+01
7.679999993896484511e+01
5.339999978637695222e+01
7.580000006103514920e+01
8.139999951171874670e+01
9.699999969482422557e+01
7.379999999999999716e+01
7.840000000000000568e+01
8.559999945068359750e+01
7.320000000000000284e+01
8.920000012207030693e+01
7.659999957275390159e+01
6.819999957275391012e+01
7.499999957275390727e+01
9.700000006103515204e+01
5.360000003051757744e+01
6.859999981689453818e+01
8.319999993896485080e+01
9.460000006103516057e+01
7.379999957275390443e+01
7.599999963378905932e+01
9.100000006103515204e+01
6.799999984741211279e+01
6.259999975585937193e+01
8.399999951171875523e+01
7.759999999999999432e+01
8.299999993896484796e+01
5.380000003051758029e+01
9.299999969482422557e+01
4.019999978637695648e+01
7.539999963378906500e+01
8.599999969482422557e+01
9.480000006103514920e+01
8.519999945068359182e+01
8.239999981689453534e+01
8.879999945068360034e+01
8.459999981689453818e+01
8.659999945068359750e+01
9.240000012207030977e+01
9.419999969482421420e+01
9.079999969482422273e+01
9.159999938964843125e+01
9.099999981689452966e+01
8.939999938964844262e+01
9.159999969482421989e+01
8.879999975585937477e+01
9.279999975585937477e+01
9.079999987792969307e+01
9.099999938964843693e+01
9.039999975585936909e+01
9.080000012207031546e+01
8.819999975585938046e+01
8.799999945068358898e+01
8.939999969482421704e+01
9.159999981689453818e+01
8.739999945068359466e+01
8.959999938964843125e+01
9.199999938964843693e+01
9.159999981689453818e+01
9.059999969482421989e+01
9.299999969482422557e+01
9.219999969482421420e+01
8.939999975585936909e+01
9.000000006103515204e+01
8.679999981689452682e+01
8.839999981689453534e+01
8.799999938964843693e+01
8.839999938964844262e+01
9.259999981689453818e+01
9.100000012207031830e+01
9.239999975585936909e+01
9.059999969482421989e+01
9.300000012207031830e+01
8.999999975585937761e+01
8.919999987792968454e+01
9.180000012207031546e+01
9.459999963378906784e+01
9.740000012207030977e+01
9.360000006103516057e+01
9.620000006103515489e+01
9.460000012207031261e+01
9.680000006103514920e+01
9.720000006103515489e+01
9.639999969482421704e+01
9.660000006103516057e+01
9.200000006103515204e+01
9.200000012207031830e+01
9.059999945068359750e+01
9.039999969482421704e+01
8.960000012207031261e+01
8.979999975585937477e+01
9.079999975585937477e+01
9.079999981689452682e+01
8.979999938964843409e+01
8.900000012207031830e+01
8.840000012207030977e+01
9.079999938964843409e+01
9.060000012207031261e+01
9.000000012207031830e+01
9.019999987792968454e+01
8.819999951171874386e+01
8.959999951171874955e+01
9.000000012207031830e+01
8.979999975585937477e+01
9.019999975585938046e+01
9.059999975585937193e+01
9.100000012207031830e+01
9.079999945068360034e+01
9.099999938964843693e+01
8.979999987792969307e+01
9.019999975585938046e+01
9.059999945068359750e+01
9.040000012207030977e+01
9.139999938964844262e+01
9.080000006103514920e+01
9.020000012207030693e+01
8.900000012207031830e+01
9.099999969482422557e+01
9.039999938964844262e+01
8.940000012207030977e+01
9.019999981689453250e+01
8.919999981689453250e+01
8.939999945068359466e+01
8.999999987792968170e+01
9.059999969482421989e+01
8.959999969482421989e+01
9.080000006103514920e+01
8.979999975585937477e+01
9.099999981689452966e+01
9.119999963378906216e+01
9.060000012207031261e+01
9.059999981689453818e+01
8.999999938964843693e+01
9.120000012207030693e+01
9.020000012207030693e+01
9.019999969482421420e+01
8.880000012207031546e+01
8.959999938964843125e+01
9.039999987792968739e+01
9.059999938964843125e+01
8.939999975585936909e+01
9.080000012207031546e+01
9.019999938964843977e+01
9.039999975585936909e+01
9.099999975585937761e+01
9.099999981689452966e+01
9.220000012207030693e+01
9.019999975585938046e+01
8.979999981689452682e+01
9.039999975585936909e+01
9.000000012207031830e+01
9.100000006103515204e+01
9.000000012207031830e+01
