7.999999977111816207e+00
7.999999942779540962e-01
3.400000007629394361e+00
2.739999999999999858e+01
6.200000015258789077e+00
4.179999981689453392e+01
1.539999992370605497e+01
3.239999984741211136e+01
2.600000003051757957e+01
3.760000003051757744e+01
3.699999984741211279e+01
4.959999975585937193e+01
5.399999969482421847e+01
8.139999951171874670e+01
5.739999975585937619e+01
6.659999981689453818e+01
5.699999981689452966e+01
4.539999975585937619e+01
4.839999999999999858e+01
6.439999984741210426e+01
1.079999994659423912e+01
6.699999963378905932e+01
5.599999990844726483e+01
5.539999981689452824e+01
7.580000012207031546e+01
6.699999984741211279e+01
5.979999984741210994e+01
8.139999987792968739e+01
3.679999972534179875e+01
7.119999945068359182e+01
5.659999969482421989e+01
7.859999987792969023e+01
6.819999996948241971e+01
7.379999963378905647e+01
4.599999996948242398e+01
7.099999993896484796e+01
4.559999993896484227e+01
6.059999975585937193e+01
7.520000006103515489e+01
6.679999969482422273e+01
6.539999969482421704e+01
6.519999978637694937e+01
7.699999969482422557e+01
9.339999969482421704e+01
8.059999987792969023e+01
8.899999987792968170e+01
6.999999981689452966e+01
8.759999975585937193e+01
5.539999993896484654e+01
6.699999969482422557e+01
7.440000000000000568e+01
7.419999957275391012e+01
4.379999978637695079e+01
6.600000006103515204e+01
7.599999951171875523e+01
8.619999993896485080e+01
5.339999984741211136e+01
7.439999975585936909e+01
8.560000012207031261e+01
7.739999963378906500e+01
7.720000000000000284e+01
8.459999945068359750e+01
6.559999987792969023e+01
9.440000012207030977e+01
4.660000006103515346e+01
9.299999975585937761e+01
6.779999978637695790e+01
9.600000006103515204e+01
8.479999945068360034e+01
7.979999951171875239e+01
6.339999969482421704e+01
7.800000000000000000e+01
6.539999981689453534e+01
8.479999975585937477e+01
7.119999978637694937e+01
7.299999969482422557e+01
8.359999951171874955e+01
6.900000006103515204e+01
6.239999987792968739e+01
8.539999945068359466e+01
8.139999945068359466e+01
8.439999993896483943e+01
9.179999963378905647e+01
8.859999975585937193e+01
8.939999981689453534e+01
9.640000012207030977e+01
9.619999963378906216e+01
9.579999963378905647e+01
9.099999969482422557e+01
9.359999969482421989e+01
9.020000012207030693e+01
9.280000012207031546e+01
9.280000012207031546e+01
9.280000012207031546e+01
8.999999981689452966e+01
8.919999945068359182e+01
9.200000012207031830e+01
9.339999969482421704e+01
8.899999981689452966e+01
8.859999975585937193e+01
8.959999981689453818e+01
8.719999987792968454e+01
9.279999938964843409e+01
9.240000006103515773e+01
8.999999987792968170e+01
9.260000012207031261e+01
8.979999938964843409e+01
9.160000006103516057e+01
9.079999963378905647e+01
9.019999981689453250e+01
9.140000012207030977e+01
9.119999969482421420e+01
8.779999938964843409e+01
9.120000012207030693e+01
8.959999981689453818e+01
9.139999975585936909e+01
8.959999975585937193e+01
9.139999975585936909e+01
9.140000000000000568e+01
9.440000012207030977e+01
8.779999993896484511e+01
9.379999969482422273e+01
9.099999969482422557e+01
9.320000012207030693e+01
9.359999963378906784e+01
9.479999963378905647e+01
9.520000006103515489e+01
9.420000012207030693e+01
9.620000000000000284e+01
9.460000012207031261e+01
9.520000012207030693e+01
9.480000012207031546e+01
9.160000012207031261e+01
9.160000006103516057e+01
9.060000006103516057e+01
9.099999987792968170e+01
9.140000012207030977e+01
8.959999987792969023e+01
9.179999975585937477e+01
9.079999938964843409e+01
8.980000012207031546e+01
8.799999938964843693e+01
8.939999938964844262e+01
9.019999963378906216e+01
9.079999975585937477e+01
9.119999981689453250e+01
9.059999975585937193e+01
9.100000012207031830e+01
9.079999975585937477e+01
9.140000006103515773e+01
9.119999969482421420e+01
8.999999975585937761e+01
8.999999987792968170e+01
9.139999969482421704e+01
9.219999938964843977e+01
9.079999969482422273e+01
9.179999975585937477e+01
9.179999938964843409e+01
8.999999938964843693e+01
9.039999938964844262e+01
9.019999975585938046e+01
8.999999938964843693e+01
9.120000012207030693e+01
9.179999975585937477e+01
9.099999969482422557e+01
9.200000012207031830e+01
9.039999938964844262e+01
9.040000012207030977e+01
9.280000012207031546e+01
8.959999987792969023e+01
9.079999969482422273e+01
9.100000012207031830e+01
9.159999981689453818e+01
9.200000006103515204e+01
9.019999981689453250e+01
9.180000006103514920e+01
9.039999975585936909e+01
9.180000012207031546e+01
9.119999969482421420e+01
9.259999969482421989e+01
9.199999987792968170e+01
9.160000012207031261e+01
9.140000012207030977e+01
9.139999969482421704e+01
9.060000012207031261e+01
8.979999981689452682e+01
9.220000012207030693e+01
9.079999938964843409e+01
9.280000006103514920e+01
9.119999938964843977e+01
9.059999945068359750e+01
9.099999981689452966e+01
9.119999969482421420e+01
9.139999981689453534e+01
9.139999969482421704e+01
9.079999945068360034e+01
9.159999969482421989e+01
9.239999963378906500e+01
9.179999969482422273e+01
9.079999969482422273e+01
