4.899999972534179449e+01
2.719999996948242327e+01
1.199999998474121021e+01
4.300000000000000000e+01
1.899999992370605639e+01
5.999999990844726483e+01
5.619999978637695648e+01
7.260000012207031261e+01
5.200000000000000000e+01
4.419999978637695648e+01
3.659999981689453108e+01
5.179999996948242114e+01
4.759999972534179591e+01
1.919999993896484369e+01
3.579999990844726909e+01
6.879999975585937477e+01
2.519999989318847611e+01
9.319999969482421420e+01
3.019999981689453250e+01
7.639999993896483943e+01
7.140000000000000568e+01
3.759999981689453108e+01
3.539999999999999858e+01
8.879999938964843409e+01
4.860000006103515346e+01
6.219999975585937335e+01
5.839999987792968739e+01
5.199999987792968881e+01
4.720000003051757886e+01
8.459999945068359750e+01
4.099999969482421847e+01
6.999999963378905932e+01
2.819999996948242327e+01
6.039999993896484654e+01
7.060000012207031261e+01
4.760000006103515346e+01
2.379999989318847753e+01
7.159999999999999432e+01
6.679999987792969307e+01
9.679999963378905647e+01
7.719999993896485080e+01
6.279999981689453392e+01
3.999999987792968881e+01
6.879999978637695790e+01
8.179999945068360034e+01
8.759999938964843125e+01
8.519999993896485080e+01
8.659999975585937193e+01
7.899999957275390727e+01
9.679999999999999716e+01
5.619999993896484369e+01
8.019999987792968454e+01
5.799999987792968881e+01
8.359999987792969023e+01
9.399999963378905932e+01
4.720000003051757886e+01
7.319999969482421420e+01
6.259999990844726625e+01
6.679999975585937477e+01
8.040000000000000568e+01
6.799999984741211279e+01
8.199999981689452966e+01
8.819999963378906216e+01
9.379999975585937477e+01
4.719999987792968454e+01
8.259999951171874955e+01
7.620000000000000284e+01
9.280000012207031546e+01
8.659999945068359750e+01
8.579999981689452682e+01
8.619999957275391012e+01
4.480000003051758029e+01
8.379999975585937477e+01
8.119999993896485080e+01
7.619999951171874386e+01
8.559999945068359750e+01
5.060000003051757744e+01
5.039999999999999858e+01
7.019999975585938046e+01
8.179999981689452682e+01
7.720000006103515489e+01
9.659999963378906784e+01
9.119999938964843977e+01
9.560000006103516057e+01
9.520000012207030693e+01
8.739999975585936909e+01
9.260000012207031261e+01
9.019999987792968454e+01
9.319999975585938046e+01
9.159999981689453818e+01
9.219999975585938046e+01
9.020000012207030693e+01
8.620000012207030693e+01
9.420000012207030693e+01
8.899999969482422557e+01
9.160000012207031261e+01
8.940000012207030977e+01
8.599999957275390727e+01
9.099999951171875523e+01
9.219999975585938046e+01
9.119999975585938046e+01
9.179999938964843409e+01
9.419999969482421420e+01
9.439999969482421704e+01
9.079999938964843409e+01
9.200000006103515204e+01
8.779999945068360034e+01
8.919999975585938046e+01
9.020000006103515489e+01
9.280000012207031546e+01
9.039999951171874670e+01
9.259999969482421989e+01
8.919999969482421420e+01
9.019999975585938046e+01
9.059999963378906784e+01
9.060000012207031261e+01
8.859999938964843125e+01
9.319999945068359182e+01
9.040000012207030977e+01
9.179999969482422273e+01
9.480000006103514920e+01
9.279999938964843409e+01
9.119999969482421420e+01
9.759999963378906784e+01
9.699999969482422557e+01
9.680000006103514920e+01
9.659999969482421989e+01
9.440000000000000568e+01
9.480000012207031546e+01
9.379999975585937477e+01
9.339999963378906500e+01
9.200000006103515204e+01
9.160000012207031261e+01
9.160000012207031261e+01
9.139999969482421704e+01
9.220000006103515489e+01
9.159999975585937193e+01
9.219999969482421420e+01
9.219999975585938046e+01
9.119999975585938046e+01
9.079999938964843409e+01
9.280000012207031546e+01
9.099999969482422557e+01
8.979999981689452682e+01
9.059999969482421989e+01
9.120000006103515489e+01
9.079999969482422273e+01
9.280000012207031546e+01
9.200000012207031830e+01
9.200000006103515204e+01
9.280000012207031546e+01
9.299999969482422557e+01
9.159999969482421989e+01
9.060000012207031261e+01
9.199999969482422557e+01
9.199999981689452966e+01
9.199999975585937761e+01
9.259999969482421989e+01
9.139999945068359466e+01
9.139999975585936909e+01
9.159999975585937193e+01
9.199999963378905932e+01
9.200000012207031830e+01
9.200000006103515204e+01
9.199999975585937761e+01
9.240000012207030977e+01
9.199999938964843693e+01
9.279999938964843409e+01
9.220000006103515489e+01
9.239999975585936909e+01
9.259999969482421989e+01
9.240000012207030977e+01
9.220000006103515489e+01
9.219999945068359182e+01
9.240000012207030977e+01
9.220000006103515489e+01
9.220000012207030693e+01
9.199999981689452966e+01
9.179999969482422273e+01
9.180000012207031546e+01
9.219999963378906216e+01
9.239999969482421704e+01
9.239999981689453534e+01
9.219999981689453250e+01
9.199999975585937761e+01
9.159999938964843125e+01
9.199999975585937761e+01
9.180000006103514920e+01
9.120000006103515489e+01
9.239999938964844262e+01
9.199999969482422557e+01
9.280000012207031546e+01
9.199999969482422557e+01
9.219999938964843977e+01
9.219999969482421420e+01
9.219999938964843977e+01
9.199999975585937761e+01
9.259999975585937193e+01
9.220000012207030693e+01
9.259999938964843125e+01
