0.000000000000000000e+00
1.799999994277954096e+00
1.219999994659423770e+01
4.039999986267089582e+01
1.000000000000000000e+00
1.199999989318847682e+01
2.240000003051757815e+01
5.400000000000000355e+00
4.399999988555908459e+00
2.959999969482421989e+01
1.239999995422363277e+01
3.999999988555908104e+00
2.019999986267090009e+01
6.599999977111816740e+00
7.399999994277954407e+00
8.400000007629394361e+00
7.599999988555908637e+00
8.399999946594238764e+00
3.799999988555908370e+00
1.119999994659423770e+01
8.399999994277953519e+00
1.439999994659423876e+01
1.119999998474121128e+01
1.079999998855590881e+01
6.199999988555908281e+00
1.339999989318847717e+01
2.339999981689453179e+01
1.219999997711181727e+01
9.799999984741210923e+00
1.559999989318847646e+01
8.999999893188476818e+00
1.079999995422363313e+01
1.499999997711181621e+01
1.840000003051757815e+01
3.600000000000000089e+00
8.199999977111817273e+00
1.560000000762939365e+01
7.199999977111816385e+00
2.119999999999999929e+01
6.999999977111816207e+00
8.600000007629393650e+00
1.319999998474121128e+01
7.999999977111816207e+00
1.419999997711181727e+01
1.739999994659423876e+01
7.399999988555908459e+00
1.839999989318847540e+01
1.979999986267089795e+01
3.119999999999999929e+01
6.199999946594238587e+00
1.199999989318847682e+01
2.139999989318847540e+01
8.800000007629394716e+00
9.599999984741211634e+00
1.400000003051757780e+01
1.039999997711181656e+01
1.059999994659423805e+01
1.559999998474121163e+01
1.939999989318847540e+01
9.199999988555907393e+00
1.219999995422363348e+01
1.299999998474121021e+01
1.200000000762939401e+01
1.719999986267090009e+01
7.999999977111816207e+00
3.059999986267089866e+01
1.799999986267089724e+01
1.360000001525878943e+01
1.319999989318847611e+01
1.419999992370605391e+01
9.800000015258788721e+00
3.079999996948242114e+01
1.660000000000000142e+01
2.099999995422363241e+01
1.479999986267089795e+01
1.199999994659423841e+01
8.999999954223632415e+00
9.599999988555907748e+00
6.800000015258788721e+00
2.039999993896484298e+01
1.460000001525878943e+01
1.239999986267089760e+01
1.900000001525878801e+01
1.919999999999999929e+01
2.399999992370605639e+01
2.560000003051757744e+01
2.319999999999999929e+01
2.759999996948242185e+01
2.720000003051757886e+01
3.039999981689453179e+01
2.999999993896484440e+01
2.679999990844726554e+01
3.139999993896484298e+01
3.119999993896484369e+01
3.659999993896484227e+01
3.399999975585937761e+01
3.419999972534179733e+01
3.639999993896484654e+01
3.699999990844726483e+01
3.619999987792968454e+01
3.299999978637695364e+01
3.239999972534180017e+01
3.659999987792969023e+01
3.499999993896484085e+01
3.639999993896484654e+01
3.739999975585937619e+01
3.519999984741210852e+01
3.619999990844726767e+01
3.379999969482421562e+01
3.279999986267090151e+01
3.940000003051757460e+01
4.199999978637695364e+01
3.479999986267090151e+01
3.799999978637695364e+01
4.000000006103515915e+01
4.039999981689452824e+01
4.079999990844726909e+01
3.879999975585937477e+01
3.879999999999999716e+01
3.899999972534179449e+01
4.039999990844726341e+01
4.100000003051757602e+01
4.159999978637695506e+01
4.580000003051758029e+01
4.860000000000000142e+01
5.559999981689453108e+01
5.320000003051757886e+01
5.679999984741210994e+01
6.159999969482421989e+01
6.619999984741211563e+01
6.199999969482421847e+01
6.079999969482421562e+01
5.600000012207031119e+01
6.200000006103515915e+01
6.179999978637695079e+01
6.239999978637695222e+01
6.039999984741211136e+01
6.319999978637695648e+01
6.659999975585937193e+01
6.620000012207030693e+01
6.739999957275391296e+01
6.660000006103516057e+01
6.700000012207031830e+01
7.099999978637694653e+01
6.900000012207031830e+01
6.980000012207031546e+01
6.599999993896484796e+01
7.040000000000000568e+01
6.639999981689453534e+01
7.039999987792968739e+01
7.039999969482421704e+01
6.959999969482421989e+01
6.900000012207031830e+01
6.899999975585937761e+01
6.919999981689453250e+01
7.019999981689453250e+01
7.300000000000000000e+01
6.940000006103515773e+01
7.139999963378906500e+01
6.399999987792968881e+01
7.099999957275390727e+01
7.459999951171874955e+01
6.919999975585938046e+01
6.900000012207031830e+01
6.859999999999999432e+01
7.080000012207031546e+01
7.039999975585936909e+01
7.119999969482421420e+01
6.879999975585937477e+01
7.140000006103515773e+01
7.020000012207030693e+01
7.160000006103516057e+01
7.159999969482421989e+01
7.539999963378906500e+01
6.760000006103516057e+01
7.440000000000000568e+01
7.179999999999999716e+01
6.959999999999999432e+01
7.279999957275390443e+01
7.520000000000000284e+01
7.320000006103515489e+01
7.379999957275390443e+01
7.459999978637695506e+01
7.000000006103515204e+01
7.439999993896483943e+01
7.499999963378905932e+01
7.159999978637695506e+01
6.959999981689453818e+01
7.379999963378905647e+01
7.439999957275391296e+01
7.640000000000000568e+01
7.059999975585937193e+01
7.519999938964843977e+01
7.280000012207031546e+01
7.519999984741211563e+01
7.339999969482421704e+01
7.319999969482421420e+01
7.239999975585936909e+01
7.219999963378906216e+01
7.700000000000000000e+01
