2.000000000000000111e-01
7.199999994277954229e+00
2.000000000000000111e-01
2.359999993896484227e+01
1.599999994277954141e+00
1.820000001525878730e+01
2.599999988555908192e+00
5.400000007629394361e+00
8.200000007629395071e+00
1.340000001525878837e+01
8.199999946594237699e+00
4.000000000000000222e-01
1.800000000000000044e+00
4.999999988555908104e+00
8.999999946594238409e+00
1.119999994659423770e+01
7.399999946594237876e+00
1.140000001525878837e+01
9.200000015258789077e+00
3.600000007629394538e+00
5.199999988555908281e+00
1.239999994659423876e+01
9.799999946594239120e+00
5.399999946594237876e+00
1.299999994659423841e+01
9.199999977111817273e+00
1.519999992370605391e+01
8.599999988555907748e+00
3.399999988555908015e+00
1.059999994659423805e+01
1.199999998855590810e+01
5.799999977111816030e+00
1.359999992370605426e+01
9.199999977111817273e+00
7.799999946594238232e+00
8.199999946594237699e+00
2.100000003051757957e+01
6.199999988555908281e+00
6.999999977111816207e+00
6.999999994277954052e+00
1.739999995422363455e+01
8.599999923706054261e+00
5.399999994277954407e+00
1.039999997711181656e+01
9.599999988555907748e+00
9.399999946594238764e+00
1.300000001525878979e+01
2.359999992370605426e+01
8.400000007629394361e+00
1.040000001525878837e+01
2.139999998474121057e+01
1.419999998474121128e+01
1.340000000000000036e+01
3.799999994277954318e+00
8.999999946594238409e+00
3.439999987792968739e+01
6.799999946594238232e+00
2.759999993896484227e+01
8.799999984741210923e+00
9.799999984741210923e+00
2.139999986267089938e+01
1.819999986267090009e+01
1.139999998474121057e+01
5.799999994277953874e+00
9.999999988555908104e+00
1.479999998474121092e+01
1.899999986267089724e+01
1.159999998855590775e+01
1.740000003051757815e+01
1.739999994659423876e+01
2.319999999999999929e+01
1.359999998474121163e+01
8.000000000000000000e+00
9.399999946594238764e+00
1.739999995422363455e+01
1.199999994277954007e+00
1.700000001525878801e+01
9.799999977111816918e+00
2.760000000000000142e+01
1.899999990844726483e+01
1.639999995422363455e+01
1.679999989318847753e+01
1.320000001525878908e+01
1.439999998855590846e+01
1.619999994659423947e+01
1.519999995422363348e+01
1.800000001525878801e+01
2.100000000000000000e+01
2.519999996948242327e+01
3.099999981689452966e+01
2.999999996948242043e+01
3.160000006103515702e+01
3.059999993896484227e+01
3.319999978637695648e+01
3.159999990844726625e+01
3.299999990844726483e+01
3.819999981689453250e+01
3.399999996948242398e+01
3.499999969482421847e+01
3.559999990844726625e+01
3.759999996948242540e+01
3.179999993896484511e+01
3.999999981689452966e+01
3.979999984741210994e+01
3.939999984741211136e+01
3.859999987792969023e+01
3.759999981689453108e+01
4.419999972534179733e+01
3.839999978637695222e+01
4.380000006103515631e+01
3.659999984741210710e+01
3.919999972534179733e+01
4.079999975585937477e+01
4.219999978637695648e+01
4.359999981689453108e+01
4.139999996948242256e+01
4.279999981689453392e+01
4.299999984741211279e+01
4.480000006103515631e+01
3.779999990844726909e+01
4.580000006103515631e+01
4.460000000000000142e+01
4.259999981689453108e+01
4.539999972534180017e+01
4.479999984741210994e+01
4.779999981689453392e+01
5.139999990844726341e+01
5.259999996948242540e+01
5.539999999999999858e+01
5.919999987792968454e+01
6.219999975585937335e+01
6.199999978637695364e+01
5.959999984741210710e+01
6.260000012207031261e+01
6.459999963378906784e+01
6.899999957275390727e+01
6.660000012207031261e+01
6.459999984741210710e+01
7.140000006103515773e+01
7.279999969482422273e+01
6.759999999999999432e+01
7.000000006103515204e+01
7.080000012207031546e+01
6.779999981689452682e+01
6.819999987792968454e+01
6.880000006103514920e+01
7.139999945068359466e+01
7.379999987792969307e+01
6.680000006103514920e+01
7.279999963378905647e+01
7.499999963378905932e+01
7.439999951171874670e+01
7.379999951171875239e+01
7.340000000000000568e+01
7.599999957275390727e+01
7.579999999999999716e+01
7.599999993896484796e+01
7.599999984741211279e+01
7.659999951171874955e+01
7.819999951171874386e+01
7.579999957275390443e+01
7.399999975585937761e+01
7.699999957275390727e+01
7.339999963378906500e+01
7.460000006103516057e+01
7.679999951171875239e+01
7.659999957275390159e+01
7.379999969482422273e+01
7.779999987792969307e+01
7.579999993896484511e+01
7.559999957275390159e+01
7.679999951171875239e+01
7.659999969482421989e+01
7.559999945068359750e+01
7.959999951171874955e+01
7.619999951171874386e+01
7.899999975585937761e+01
7.559999963378906784e+01
7.919999957275391012e+01
7.639999963378906500e+01
8.039999987792968739e+01
7.859999987792969023e+01
7.839999993896483943e+01
7.779999987792969307e+01
7.599999978637694653e+01
7.859999999999999432e+01
7.719999945068359182e+01
7.799999945068358898e+01
7.779999987792969307e+01
7.839999981689453534e+01
7.959999987792969023e+01
7.519999945068359182e+01
7.880000006103514920e+01
7.940000006103515773e+01
7.999999957275390727e+01
7.599999957275390727e+01
8.099999993896484796e+01
8.159999945068359750e+01
8.079999987792969307e+01
7.779999957275390443e+01
