2.000000000000000111e-01
0.000000000000000000e+00
0.000000000000000000e+00
6.800000015258788721e+00
2.419999993896484369e+01
5.999999999999999778e-01
5.999999999999999778e-01
1.619999997711181550e+01
8.999999946594238409e+00
4.399999988555908459e+00
8.600000007629393650e+00
9.999999984741210213e+00
6.399999946594237876e+00
9.799999893188475752e+00
7.199999946594238587e+00
1.339999997711181656e+01
5.399999977111816563e+00
1.579999997711181692e+01
1.379999986267089795e+01
4.199999988555908281e+00
1.059999995422363206e+01
1.619999994659423947e+01
1.979999998474121270e+01
8.199999977111817273e+00
5.799999988555907926e+00
7.799999988555907926e+00
1.459999994659423805e+01
8.800000000000000711e+00
6.399999988555908459e+00
8.799999946594239120e+00
3.000000000000000000e+00
8.400000015258788366e+00
2.439999981689453179e+01
8.599999946594238054e+00
1.239999998855590846e+01
2.139999999999999858e+01
2.399999988555908015e+00
6.399999994277954407e+00
7.999999977111816207e+00
2.160000001525878943e+01
1.299999994659423841e+01
1.180000001525878872e+01
6.599999988555908637e+00
2.400000000000000000e+01
6.800000015258788721e+00
1.099999998474121021e+01
2.040000003051757815e+01
1.599999998474121021e+01
5.999999946594238409e+00
1.039999995422363277e+01
1.839999994659423876e+01
1.199999992370605462e+01
1.060000000762939365e+01
1.120000001525878908e+01
1.019999998474121128e+01
1.880000003051757673e+01
2.059999998474120986e+01
1.139999997711181656e+01
2.519999999999999929e+01
1.379999998474121092e+01
1.279999992370605533e+01
2.039999986267089938e+01
1.359999996948242185e+01
1.100000001525878979e+01
2.019999996948242327e+01
1.139999997711181656e+01
2.419999996948242327e+01
1.359999997711181585e+01
2.319999987792968810e+01
3.699999987792968881e+01
1.099999994659423841e+01
2.500000000000000000e+01
1.240000001525878837e+01
1.759999989318847824e+01
1.399999986267089902e+01
2.119999998474121128e+01
1.340000001525878837e+01
1.539999989318847717e+01
8.199999977111817273e+00
1.279999997711181692e+01
2.339999999999999858e+01
1.960000003051757744e+01
1.840000003051757815e+01
1.960000000000000142e+01
2.419999993896484369e+01
2.319999989318847611e+01
3.080000000000000071e+01
3.039999984741210781e+01
3.039999987792968739e+01
3.399999972534179449e+01
3.599999984741211279e+01
3.339999981689452824e+01
3.619999984741210852e+01
3.619999984741210852e+01
3.819999978637695648e+01
3.459999996948242540e+01
3.459999990844726625e+01
4.019999975585937335e+01
3.679999987792968597e+01
3.819999987792968454e+01
3.679999989318847753e+01
3.940000006103515773e+01
4.019999987792968454e+01
3.659999978637695506e+01
3.999999969482421847e+01
4.599999969482421847e+01
4.459999987792969023e+01
4.380000006103515631e+01
4.419999972534179733e+01
3.979999975585937477e+01
4.280000006103515631e+01
4.579999999999999716e+01
3.999999972534179449e+01
4.320000006103515489e+01
4.419999978637695648e+01
4.139999981689452824e+01
4.459999969482421989e+01
5.099999984741211279e+01
4.419999969482422131e+01
4.499999972534179449e+01
4.819999984741210852e+01
4.419999972534179733e+01
4.919999990844726767e+01
5.460000003051757744e+01
4.899999990844726483e+01
5.439999969482421704e+01
5.679999999999999716e+01
5.679999990844726909e+01
6.320000006103515489e+01
6.399999975585937761e+01
6.339999981689452824e+01
6.679999993896484511e+01
7.020000006103515489e+01
6.919999963378906216e+01
7.099999975585937761e+01
7.199999984741211279e+01
7.279999981689452682e+01
7.339999993896483943e+01
7.099999957275390727e+01
7.220000006103515489e+01
7.080000012207031546e+01
7.319999951171874386e+01
7.199999975585937761e+01
7.159999951171874955e+01
7.020000012207030693e+01
7.319999957275391012e+01
7.059999963378906784e+01
7.279999963378905647e+01
7.140000012207030977e+01
7.399999957275390727e+01
7.360000006103516057e+01
7.259999969482421989e+01
7.159999975585937193e+01
7.340000000000000568e+01
7.219999975585938046e+01
7.259999981689453818e+01
7.239999951171874670e+01
7.399999951171875523e+01
7.219999951171874386e+01
7.059999969482421989e+01
7.239999975585936909e+01
7.160000006103516057e+01
7.239999978637695222e+01
7.360000006103516057e+01
7.339999993896483943e+01
7.839999957275391296e+01
7.559999957275390159e+01
7.299999945068358898e+01
7.559999957275390159e+01
7.279999999999999716e+01
7.559999957275390159e+01
7.220000000000000284e+01
7.559999987792969023e+01
7.479999957275390443e+01
7.519999963378906216e+01
7.579999999999999716e+01
7.579999987792969307e+01
7.459999951171874955e+01
7.400000006103515204e+01
7.579999969482422273e+01
7.659999978637695506e+01
7.540000006103515773e+01
7.579999987792969307e+01
7.320000000000000284e+01
7.579999957275390443e+01
7.619999993896485080e+01
7.540000006103515773e+01
7.459999999999999432e+01
7.400000000000000000e+01
7.579999993896484511e+01
7.559999987792969023e+01
7.800000000000000000e+01
7.679999963378905647e+01
7.779999987792969307e+01
7.699999957275390727e+01
7.679999951171875239e+01
7.779999999999999716e+01
7.740000000000000568e+01
7.579999951171875239e+01
7.539999993896483943e+01
