0.000000000000000000e+00
5.999999942779541406e-01
1.119999995422363348e+01
4.599999977111816740e+00
1.039999995422363277e+01
7.600000007629394538e+00
3.259999987792969023e+01
1.399999994277954185e+00
1.739999993896484298e+01
1.559999992370605426e+01
4.600000015258789432e+00
1.479999998474121092e+01
1.359999986267089866e+01
2.599999994277954141e+00
7.199999977111816385e+00
2.259999984741211065e+01
2.799999988555908370e+00
1.460000001525878943e+01
1.339999995422363277e+01
1.540000001525878837e+01
1.519999995422363348e+01
1.539999995422363277e+01
9.000000015258789787e+00
7.799999977111816030e+00
6.199999946594238587e+00
6.799999946594238232e+00
1.439999997711181656e+01
6.999999988555908104e+00
7.199999954223632592e+00
1.099999997711181621e+01
7.399999946594237876e+00
7.199999946594238587e+00
1.039999994659423876e+01
1.679999990844726554e+01
4.999999994277954052e+00
5.999999994277954052e+00
1.459999998474121163e+01
1.199999997711181621e+01
1.659999986267089866e+01
1.399999997711181621e+01
7.799999988555907926e+00
9.200000015258789077e+00
1.420000001525878908e+01
1.080000000762939472e+01
2.939999984741210781e+01
5.199999977111816385e+00
1.020000001525878908e+01
1.199999999427795494e+01
6.799999954223633125e+00
1.120000000762939507e+01
7.799999946594238232e+00
1.039999994659423876e+01
7.000000007629394894e+00
1.659999998474120986e+01
1.039999997711181656e+01
1.520000001525878908e+01
1.079999992370605533e+01
1.939999989318847540e+01
6.999999988555908104e+00
9.999999988555908104e+00
2.140000003051757815e+01
1.079999998855590881e+01
3.559999993896484227e+01
1.259999995422363206e+01
1.259999997711181585e+01
1.280000000762939472e+01
1.759999989318847824e+01
6.599999994277953697e+00
9.999999977111816207e+00
1.759999995422363384e+01
1.199999996948242220e+01
1.239999995422363277e+01
1.639999993896484298e+01
2.019999998474121128e+01
1.620000001525878730e+01
1.140000001525878837e+01
9.799999946594239120e+00
2.719999989318847611e+01
2.159999989318847824e+01
1.599999994659423841e+01
1.119999994659423770e+01
1.299999992370605462e+01
1.680000003051757673e+01
2.039999992370605497e+01
1.719999992370605568e+01
1.740000003051757815e+01
2.060000001525878943e+01
2.479999989318847753e+01
1.979999998474121270e+01
2.619999989318847611e+01
2.799999990844726483e+01
2.839999989318847540e+01
3.039999996948242256e+01
2.879999969482421918e+01
3.060000000000000142e+01
3.439999984741211136e+01
3.459999981689453108e+01
3.239999984741211136e+01
3.379999990844726909e+01
3.759999978637695506e+01
3.920000000000000284e+01
3.959999984741210710e+01
4.179999981689453392e+01
3.859999969482421989e+01
3.539999987792968739e+01
3.879999996948242114e+01
4.139999981689452824e+01
4.399999969482421847e+01
4.140000006103515773e+01
4.099999975585937761e+01
3.279999990844726909e+01
3.659999969482421989e+01
4.099999993896484085e+01
3.980000003051758029e+01
4.179999969482421562e+01
4.119999978637695648e+01
3.999999975585937761e+01
4.099999987792968881e+01
4.359999969482421989e+01
3.879999972534179875e+01
4.060000006103515346e+01
4.620000006103515489e+01
3.699999996948242398e+01
4.239999978637695222e+01
4.020000006103515489e+01
3.839999981689452824e+01
4.879999993896484511e+01
4.320000006103515489e+01
4.679999999999999716e+01
4.839999993896484654e+01
5.239999984741211136e+01
5.520000000000000284e+01
5.639999969482421704e+01
5.859999978637695506e+01
5.999999990844726483e+01
6.239999987792968739e+01
6.259999978637695506e+01
5.980000012207031546e+01
6.099999981689452966e+01
5.959999975585937193e+01
6.359999978637695506e+01
6.299999963378905932e+01
6.179999993896484511e+01
6.219999981689453250e+01
6.039999987792968739e+01
6.319999978637695648e+01
6.299999981689452966e+01
6.279999969482421562e+01
6.699999975585937761e+01
6.419999987792968454e+01
6.599999969482422557e+01
6.419999984741211563e+01
6.279999975585937477e+01
6.420000012207030693e+01
6.419999981689453250e+01
6.279999963378906358e+01
6.579999963378905647e+01
6.639999990844727051e+01
6.739999975585936909e+01
6.820000006103515489e+01
6.999999975585937761e+01
6.519999975585938046e+01
6.739999975585936909e+01
6.779999957275390443e+01
6.839999969482421704e+01
6.799999969482422557e+01
6.659999975585937193e+01
6.779999981689452682e+01
6.939999993896483943e+01
6.479999969482422273e+01
6.980000006103514920e+01
6.719999975585938046e+01
6.860000006103516057e+01
6.739999984741210426e+01
6.759999981689453818e+01
6.639999993896483943e+01
6.959999999999999432e+01
6.939999978637695222e+01
6.640000006103515773e+01
6.680000012207031546e+01
6.920000006103515489e+01
7.099999975585937761e+01
6.739999969482421704e+01
6.839999951171874670e+01
6.639999963378906500e+01
6.539999990844727051e+01
7.020000006103515489e+01
6.799999978637694653e+01
7.140000006103515773e+01
7.060000006103516057e+01
7.180000006103514920e+01
6.719999978637694937e+01
7.059999969482421989e+01
7.039999963378906500e+01
6.959999969482421989e+01
7.140000012207030977e+01
6.920000012207030693e+01
7.079999981689452682e+01
7.119999975585938046e+01
6.919999963378906216e+01
