3.059999969482421989e+01
9.999999942779540518e-01
9.399999994277953519e+00
4.999999977111816207e+00
4.799999988555907926e+00
4.399999988555908459e+00
0.000000000000000000e+00
4.000000000000000222e-01
5.999999999999999778e-01
2.659999998474120986e+01
4.999999994277954052e+00
2.079999995422363313e+01
4.700000003051757602e+01
1.179999998474121092e+01
2.999999994277954052e+00
5.799999994277953874e+00
5.200000007629394183e+00
3.999999977111816207e+00
2.999999994277954052e+00
4.079999996948242114e+01
8.600000015258789432e+00
8.799999946594239120e+00
1.239999995422363277e+01
3.599999994277954141e+00
1.339999998474121057e+01
2.799999987792968881e+01
2.600000000000000089e+00
1.479999992370605533e+01
4.799999977111816030e+00
7.199999946594238587e+00
8.600000007629393650e+00
6.999999977111816207e+00
7.000000007629394894e+00
1.359999992370605426e+01
1.900000000000000000e+01
8.399999988555908459e+00
1.959999986267089866e+01
1.239999998474121057e+01
1.299999998474121021e+01
6.000000007629394894e+00
1.459999992370605426e+01
1.260000001525878943e+01
1.340000000000000036e+01
7.399999946594237876e+00
1.139999997711181656e+01
6.800000015258788721e+00
6.199999977111816385e+00
1.659999994659423805e+01
2.180000003051757673e+01
1.899999998474121199e+01
1.280000001525878872e+01
1.439999994659423876e+01
7.600000007629394538e+00
1.479999994659423912e+01
9.599999977111815852e+00
1.040000000762939436e+01
1.039999997711181656e+01
7.799999946594238232e+00
9.999999988555908104e+00
1.180000001525878872e+01
1.619999999999999929e+01
1.180000001525878872e+01
1.579999994659423912e+01
7.399999977111816563e+00
1.420000001525878908e+01
3.800000007629394716e+00
7.599999954223632948e+00
1.059999998474121163e+01
1.639999998474121057e+01
1.239999994659423876e+01
1.679999995422363313e+01
1.279999997711181692e+01
5.200000007629394183e+00
1.219999998474121128e+01
1.119999998474121128e+01
2.359999996948242185e+01
1.979999998474121270e+01
1.279999998474121092e+01
1.299999998474121021e+01
1.339999989318847717e+01
9.399999988555908459e+00
1.499999986267089902e+01
9.599999954223632059e+00
9.400000015258788366e+00
1.259999998474121163e+01
1.199999998474121021e+01
1.479999986267089795e+01
1.599999992370605462e+01
1.519999992370605391e+01
1.779999995422363313e+01
2.000000000000000000e+01
1.839999996948242256e+01
1.919999992370605568e+01
2.139999989318847540e+01
2.320000003051757886e+01
2.239999990844726696e+01
2.639999990844726696e+01
2.439999989318847540e+01
2.179999986267089795e+01
2.319999986267090009e+01
2.619999999999999929e+01
2.759999987792968668e+01
2.559999996948242185e+01
2.559999996948242185e+01
2.840000001525879014e+01
2.839999999999999858e+01
2.959999990844726625e+01
2.719999978637695293e+01
2.719999986267090009e+01
3.159999981689453108e+01
3.119999984741210852e+01
2.680000003051757673e+01
3.119999986267090009e+01
3.019999987792968810e+01
3.420000000000000284e+01
2.959999996948242185e+01
3.439999978637695222e+01
3.520000003051757886e+01
3.359999990844726625e+01
3.439999990844726341e+01
3.539999969482421704e+01
3.519999984741210852e+01
3.459999981689453108e+01
3.639999978637695222e+01
3.699999987792968881e+01
4.219999990844726767e+01
4.200000003051757602e+01
4.439999993896484654e+01
4.819999972534179733e+01
5.059999987792969023e+01
5.359999996948242540e+01
5.299999981689452966e+01
5.879999984741210994e+01
5.939999993896484654e+01
6.039999999999999858e+01
6.279999969482421562e+01
5.979999981689453392e+01
5.959999978637695506e+01
5.799999978637695364e+01
6.199999987792968881e+01
6.180000006103515631e+01
6.299999975585937761e+01
6.379999984741210994e+01
6.119999969482422131e+01
6.439999990844727051e+01
6.159999984741210710e+01
6.640000012207030977e+01
6.419999993896485080e+01
6.419999990844726767e+01
6.379999987792968597e+01
6.359999978637695506e+01
7.179999999999999716e+01
6.319999990844726767e+01
6.700000012207031830e+01
6.579999963378905647e+01
6.779999999999999716e+01
6.959999993896484227e+01
6.559999978637695506e+01
6.419999978637694937e+01
6.999999993896484796e+01
6.699999969482422557e+01
7.079999975585937477e+01
6.679999963378905647e+01
6.939999978637695222e+01
6.920000000000000284e+01
7.039999975585936909e+01
6.939999969482421704e+01
6.939999978637695222e+01
6.979999957275390443e+01
6.619999969482421420e+01
6.519999987792968454e+01
7.119999963378906216e+01
6.899999969482422557e+01
6.940000012207030977e+01
7.119999975585938046e+01
6.899999969482422557e+01
6.719999975585938046e+01
6.959999999999999432e+01
7.139999975585936909e+01
6.919999981689453250e+01
7.139999969482421704e+01
7.200000006103515204e+01
7.059999975585937193e+01
7.060000012207031261e+01
6.980000006103514920e+01
7.219999993896485080e+01
7.239999975585936909e+01
7.100000012207031830e+01
6.839999978637695222e+01
7.140000000000000568e+01
7.379999993896484511e+01
7.239999975585936909e+01
7.240000006103515773e+01
6.859999969482421989e+01
7.439999993896483943e+01
7.299999951171875523e+01
7.239999981689453534e+01
7.159999969482421989e+01
7.280000012207031546e+01
7.279999969482422273e+01
