4.379999984741210994e+01
9.800000007629394716e+00
5.399999946594237876e+00
1.199999999999999956e+00
6.039999978637695222e+01
7.599999977111816740e+00
8.000000000000000444e-01
2.200000003051757957e+01
1.359999994659423805e+01
3.599999994277954141e+00
3.199999994277954229e+00
7.199999977111816385e+00
1.799999994277954096e+00
1.379999995422363313e+01
9.399999923706054972e+00
4.999999988555908104e+00
1.359999998474121163e+01
2.599999994277954141e+00
2.439999998474121057e+01
4.599999994277953697e+00
2.359999992370605426e+01
1.739999998474121057e+01
7.399999988555908459e+00
9.399999994277953519e+00
8.400000007629394361e+00
7.400000015258789254e+00
9.000000015258789787e+00
5.199999994277954229e+00
3.400000007629394361e+00
8.999999893188476818e+00
3.999999994277954052e+00
8.800000007629394716e+00
7.000000007629394894e+00
6.599999977111816740e+00
9.999999946594238409e+00
9.800000007629394716e+00
1.099999997711181621e+01
6.000000007629394894e+00
1.019999992370605391e+01
7.399999984741210568e+00
1.499999986267089902e+01
4.399999988555908459e+00
3.199999994277954229e+00
4.799999984741210923e+00
1.299999995422363241e+01
1.339999997711181656e+01
2.899999996948242043e+01
8.199999988555907393e+00
1.899999998474121199e+01
1.339999997711181656e+01
1.459999995422363206e+01
1.179999998474121092e+01
3.539999975585937619e+01
6.400000007629394361e+00
6.399999946594237876e+00
1.200000003051757780e+01
5.200000007629394183e+00
6.999999977111816207e+00
7.999999977111816207e+00
6.799999977111816030e+00
4.199999988555908281e+00
7.399999994277954407e+00
6.599999977111816740e+00
9.199999946594237699e+00
2.019999990844726412e+01
4.000000000000000000e+00
1.119999997711181727e+01
1.100000001525878979e+01
1.019999995422363348e+01
1.299999995422363241e+01
1.539999995422363277e+01
1.059999994659423805e+01
8.200000015258789077e+00
1.259999989318847646e+01
6.199999946594238587e+00
1.399999995422363241e+01
1.219999995422363348e+01
1.360000003051757744e+01
1.039999997711181656e+01
1.099999998474121021e+01
1.719999986267090009e+01
1.319999994659423770e+01
1.460000003051757744e+01
1.440000000762939436e+01
1.779999989318847753e+01
1.819999998474121128e+01
1.919999992370605568e+01
2.239999999999999858e+01
2.179999986267089795e+01
2.399999986267089724e+01
2.279999993896484511e+01
2.480000000000000071e+01
2.759999986267089866e+01
2.780000003051757673e+01
2.479999984741210994e+01
2.779999996948242114e+01
2.640000003051757815e+01
2.839999984741210781e+01
3.119999995422363170e+01
2.659999992370605426e+01
3.419999984741210852e+01
2.839999996948242256e+01
3.219999984741210852e+01
2.859999990844726625e+01
2.979999993896484511e+01
3.299999987792968881e+01
3.159999996948242185e+01
3.180000000000000071e+01
3.239999969482421704e+01
3.379999978637695079e+01
3.399999984741211279e+01
3.199999990844726483e+01
3.059999996948242185e+01
3.399999975585937761e+01
3.480000003051758029e+01
3.319999993896484369e+01
3.479999981689453392e+01
3.519999990844726767e+01
3.439999972534180017e+01
3.860000006103515346e+01
3.499999993896484085e+01
3.619999978637695648e+01
3.819999984741210852e+01
3.979999984741210994e+01
4.219999987792968454e+01
4.479999975585937477e+01
4.639999999999999858e+01
4.799999969482421847e+01
5.420000006103515489e+01
5.160000006103515346e+01
5.019999972534179733e+01
5.679999969482421562e+01
5.519999981689453250e+01
5.320000000000000284e+01
5.759999990844726625e+01
5.779999984741210994e+01
5.799999990844726483e+01
5.679999978637695079e+01
5.859999984741210710e+01
5.539999993896484654e+01
5.839999990844726341e+01
5.939999984741211136e+01
5.419999996948241971e+01
5.959999963378906074e+01
5.820000006103515489e+01
6.239999957275390585e+01
6.079999999999999716e+01
6.000000000000000000e+01
6.020000012207031403e+01
6.260000006103515346e+01
6.059999993896484227e+01
6.239999981689452824e+01
5.779999981689453392e+01
5.819999990844726767e+01
6.359999969482421989e+01
6.199999978637695364e+01
6.240000012207030977e+01
6.359999996948242540e+01
6.199999987792968881e+01
6.339999981689452824e+01
6.459999975585937193e+01
6.159999981689453108e+01
6.619999984741211563e+01
6.279999996948242114e+01
6.159999981689453108e+01
6.220000012207031403e+01
6.559999981689453818e+01
6.319999984741210852e+01
6.740000006103515773e+01
6.620000006103515489e+01
6.459999978637695506e+01
6.319999978637695648e+01
6.499999990844726483e+01
6.479999975585937477e+01
6.499999981689452966e+01
6.559999975585937193e+01
6.699999951171875523e+01
6.199999978637695364e+01
6.519999975585938046e+01
6.339999990844726341e+01
6.499999990844726483e+01
6.679999969482422273e+01
6.499999969482422557e+01
6.459999963378906784e+01
6.399999975585937761e+01
6.679999963378905647e+01
6.699999978637694653e+01
6.680000012207031546e+01
6.619999963378906216e+01
6.499999981689452966e+01
6.599999963378905932e+01
6.379999981689453392e+01
6.779999963378905647e+01
6.620000012207030693e+01
6.879999951171875239e+01
6.340000012207030977e+01
6.800000006103515204e+01
6.579999975585937477e+01
6.599999978637694653e+01
6.860000012207031261e+01
