0.000000000000000000e+00
1.000000000000000000e+00
0.000000000000000000e+00
5.000000007629394894e+00
2.000000000000000111e-01
2.419999993896484369e+01
1.599999995422363241e+01
3.999999994277954052e+00
1.959999989318847824e+01
1.599999988555908192e+00
2.060000001525878943e+01
9.400000007629394361e+00
1.119999998855590739e+01
1.999999994277954052e+00
1.259999998474121163e+01
1.879999989318847753e+01
5.199999977111816385e+00
2.699999986267089724e+01
6.800000015258788721e+00
7.200000015258789077e+00
1.279999992370605533e+01
1.939999992370605497e+01
9.800000007629394716e+00
4.599999977111816740e+00
1.119999998474121128e+01
9.599999946594238054e+00
2.260000003051757744e+01
8.399999954223632770e+00
8.800000015258788721e+00
1.620000001525878730e+01
7.999999977111816207e+00
8.199999988555907393e+00
1.180000001525878872e+01
6.000000015258788899e+00
5.200000000000000178e+00
7.199999946594238587e+00
1.140000000762939436e+01
2.359999992370605426e+01
1.179999994659423912e+01
1.479999998474121092e+01
8.200000007629395071e+00
2.659999996948242185e+01
1.139999994659423876e+01
1.460000001525878943e+01
1.079999994659423912e+01
1.619999999999999929e+01
1.380000001525878872e+01
6.999999977111816207e+00
1.139999995422363277e+01
1.579999998474121092e+01
1.080000001525878872e+01
1.119999998474121128e+01
9.799999946594239120e+00
1.299999998474121021e+01
1.699999989318847682e+01
1.519999989318847611e+01
8.200000015258789077e+00
1.480000001525878872e+01
1.140000000762939436e+01
1.040000000762939436e+01
8.599999999999999645e+00
9.200000007629395071e+00
2.019999993896484369e+01
1.299999997711181621e+01
2.380000000000000071e+01
6.600000015258789432e+00
1.199999998474121021e+01
1.479999995422363313e+01
9.999999946594238409e+00
7.600000015258789432e+00
2.659999996948242185e+01
1.819999995422363170e+01
1.419999992370605391e+01
1.179999999427795387e+01
3.799999977111816474e+00
9.799999954223633125e+00
1.019999997711181727e+01
1.619999998474121128e+01
1.720000003051757886e+01
2.399999994277953963e+00
1.100000001525878979e+01
1.639999999999999858e+01
1.479999995422363313e+01
1.600000000762939578e+01
1.400000001525878979e+01
1.659999989318847824e+01
2.059999998474120986e+01
1.779999989318847753e+01
1.940000001525879014e+01
2.399999989318847682e+01
2.199999987792968881e+01
2.340000003051757815e+01
2.599999996948242043e+01
2.679999996948242114e+01
3.079999984741210994e+01
2.960000000000000142e+01
3.019999993896484369e+01
3.219999972534179733e+01
3.079999987792968597e+01
3.459999987792969023e+01
3.619999989318847611e+01
3.239999987792968739e+01
3.739999975585937619e+01
3.739999996948242256e+01
3.759999969482421989e+01
3.819999978637695648e+01
4.040000006103515773e+01
3.379999998474121270e+01
3.599999984741211279e+01
3.679999984741210994e+01
3.879999978637695079e+01
4.079999969482421562e+01
3.859999987792969023e+01
4.160000006103515346e+01
3.839999984741211136e+01
4.359999972534179591e+01
4.380000006103515631e+01
3.979999999999999716e+01
3.739999975585937619e+01
3.939999984741211136e+01
3.899999984741211279e+01
4.120000000000000284e+01
3.699999975585937761e+01
4.359999978637695506e+01
4.340000003051757460e+01
4.659999984741210710e+01
4.919999993896484369e+01
4.759999996948242540e+01
5.479999981689453392e+01
5.860000006103515346e+01
5.879999981689453392e+01
6.419999978637694937e+01
6.340000012207030977e+01
6.000000000000000000e+01
6.599999969482422557e+01
6.820000012207030693e+01
6.700000006103515204e+01
6.439999975585936909e+01
6.739999963378906500e+01
6.659999984741210710e+01
6.639999969482421704e+01
6.780000012207031546e+01
6.939999990844727051e+01
6.419999975585938046e+01
6.719999969482421420e+01
6.840000012207030977e+01
6.959999963378906784e+01
6.800000012207031830e+01
6.479999975585937477e+01
6.800000000000000000e+01
6.839999969482421704e+01
6.979999969482422273e+01
7.139999969482421704e+01
7.219999993896485080e+01
6.780000012207031546e+01
7.099999984741211279e+01
7.279999963378905647e+01
7.119999957275391012e+01
7.219999963378906216e+01
7.419999993896485080e+01
7.259999969482421989e+01
7.320000000000000284e+01
7.519999963378906216e+01
7.519999957275391012e+01
7.019999975585938046e+01
7.459999957275390159e+01
7.239999993896483943e+01
7.459999999999999432e+01
7.020000006103515489e+01
7.480000006103514920e+01
6.920000000000000284e+01
7.439999951171874670e+01
7.399999975585937761e+01
7.279999969482422273e+01
7.479999957275390443e+01
7.400000006103515204e+01
7.460000012207031261e+01
7.559999945068359750e+01
7.419999945068359182e+01
7.380000006103514920e+01
7.339999993896483943e+01
7.479999938964843409e+01
7.300000006103515204e+01
7.760000006103516057e+01
7.419999993896485080e+01
7.459999987792969023e+01
7.640000006103515773e+01
7.119999963378906216e+01
7.479999969482422273e+01
7.559999999999999432e+01
7.499999987792968170e+01
7.579999957275390443e+01
7.639999981689453534e+01
7.520000000000000284e+01
7.859999987792969023e+01
7.659999957275390159e+01
7.719999981689453250e+01
7.479999987792969307e+01
7.419999969482421420e+01
7.480000006103514920e+01
