0.000000000000000000e+00
2.799999994277954318e+00
2.000000000000000111e-01
4.000000000000000222e-01
1.019999994659423770e+01
1.799999986267089724e+01
4.999999994277954052e+00
6.399999977111816563e+00
3.200000007629394627e+00
1.119999997711181727e+01
5.199999994277954229e+00
8.199999994277954229e+00
1.219999998474121128e+01
8.399999946594238764e+00
7.399999988555908459e+00
1.419999994659423770e+01
3.599999988555908192e+00
1.139999999427795352e+01
4.200000000000000178e+00
1.399999993896484440e+01
8.599999988555907748e+00
2.519999986267090009e+01
9.199999946594237699e+00
1.180000000762939472e+01
2.259999992370605426e+01
4.799999988555907926e+00
1.600000003051757957e+01
6.000000007629394894e+00
1.019999994659423770e+01
1.679999986267089795e+01
6.400000007629394361e+00
1.300000001525878979e+01
7.000000015258788899e+00
1.000000001525878979e+01
1.379999995422363313e+01
6.399999946594237876e+00
6.800000007629394716e+00
8.399999994277953519e+00
1.000000000762939401e+01
1.139999997711181656e+01
2.080000003051757673e+01
5.799999994277953874e+00
1.659999986267089866e+01
8.799999977111816918e+00
5.599999994277953697e+00
1.240000001525878837e+01
6.599999984741210746e+00
1.039999994659423876e+01
1.120000001525878908e+01
6.999999946594238409e+00
1.419999994659423770e+01
7.199999946594238587e+00
4.600000007629394538e+00
6.199999946594238587e+00
1.539999994659423876e+01
1.179999997711181692e+01
2.079999997711181692e+01
1.000000000762939401e+01
8.799999988555908814e+00
1.260000003051757744e+01
5.999999984741211101e+00
7.799999946594238232e+00
8.400000007629394361e+00
1.740000001525879014e+01
1.280000001525878872e+01
1.559999998474121163e+01
9.399999954223632770e+00
1.679999998474121270e+01
1.119999997711181727e+01
2.180000003051757673e+01
1.419999997711181727e+01
1.519999995422363348e+01
8.800000000000000711e+00
1.200000001525878979e+01
1.040000001525878837e+01
1.200000000762939401e+01
1.040000001525878837e+01
1.819999986267090009e+01
1.959999992370605426e+01
1.999999996948242043e+01
3.640000003051757460e+01
2.000000003051757957e+01
1.640000003051757815e+01
1.819999998474121128e+01
2.039999996948242256e+01
2.199999989318847682e+01
2.359999993896484227e+01
2.380000000000000071e+01
2.340000003051757815e+01
2.680000003051757673e+01
2.419999986267090009e+01
3.159999993896484227e+01
2.839999996948242256e+01
3.119999993896484369e+01
3.320000000000000284e+01
2.959999990844726625e+01
3.099999978637695364e+01
3.499999996948242398e+01
3.619999981689453250e+01
3.559999996948242540e+01
3.939999990844726341e+01
3.439999990844726341e+01
3.719999969482422131e+01
3.819999969482422131e+01
3.539999972534180017e+01
3.639999975585937619e+01
4.320000006103515489e+01
3.739999969482421704e+01
3.839999972534180017e+01
4.259999993896484227e+01
4.600000003051757602e+01
4.619999969482422131e+01
4.119999975585937335e+01
4.819999996948241971e+01
4.579999969482421562e+01
4.379999984741210994e+01
4.639999993896484654e+01
4.179999981689453392e+01
4.279999972534179875e+01
4.339999972534180017e+01
4.899999972534179449e+01
5.039999993896484654e+01
5.399999969482421847e+01
5.760000003051757744e+01
6.299999975585937761e+01
6.479999978637695790e+01
6.899999957275390727e+01
7.080000006103514920e+01
6.959999978637695506e+01
7.420000000000000284e+01
7.239999957275391296e+01
7.320000006103515489e+01
7.239999978637695222e+01
7.539999975585936909e+01
7.419999957275391012e+01
7.540000006103515773e+01
7.319999981689453250e+01
7.639999963378906500e+01
7.639999957275391296e+01
7.499999993896484796e+01
7.519999981689453250e+01
7.559999957275390159e+01
7.360000012207031261e+01
7.779999951171875239e+01
7.559999987792969023e+01
8.039999951171874670e+01
7.719999993896485080e+01
7.799999957275390727e+01
8.019999987792968454e+01
7.839999993896483943e+01
7.839999957275391296e+01
8.039999981689453534e+01
7.719999987792968454e+01
7.939999957275391296e+01
7.520000000000000284e+01
7.939999957275391296e+01
7.879999999999999716e+01
7.719999981689453250e+01
7.939999993896483943e+01
7.979999951171875239e+01
7.879999963378905647e+01
7.419999957275391012e+01
7.800000000000000000e+01
7.879999999999999716e+01
7.979999957275390443e+01
7.859999957275390159e+01
8.119999987792968454e+01
7.919999957275391012e+01
8.079999987792969307e+01
7.959999957275390159e+01
7.679999951171875239e+01
7.819999987792968454e+01
8.079999987792969307e+01
7.779999999999999716e+01
8.059999963378906784e+01
8.139999993896483943e+01
8.019999963378906216e+01
7.659999957275390159e+01
8.239999969482421704e+01
8.199999993896484796e+01
8.239999963378906500e+01
8.159999987792969023e+01
8.259999981689453818e+01
8.159999963378906784e+01
7.959999993896484227e+01
8.119999975585938046e+01
8.279999981689452682e+01
8.279999945068360034e+01
8.319999987792968454e+01
8.019999993896485080e+01
7.979999945068360034e+01
7.699999969482422557e+01
8.019999957275391012e+01
8.119999981689453250e+01
8.220000000000000284e+01
8.339999938964844262e+01
8.259999999999999432e+01
8.059999987792969023e+01
8.279999999999999716e+01
8.179999987792969307e+01
