0.000000000000000000e+00
3.999999988555908104e+00
3.999999942779540740e-01
4.000000000000000222e-01
3.979999975585937477e+01
8.599999977111815852e+00
8.999999977111816207e+00
1.799999989318847682e+01
1.999999988555908104e+00
1.399999992370605462e+01
1.559999992370605426e+01
4.599999977111816740e+00
1.699999998474121199e+01
1.040000000762939436e+01
6.599999994277953697e+00
5.999999946594238409e+00
5.599999988555908637e+00
7.599999946594238054e+00
6.199999946594238587e+00
7.399999994277954407e+00
6.599999977111816740e+00
9.799999988555908814e+00
6.799999946594238232e+00
1.939999989318847540e+01
8.599999946594238054e+00
1.039999994659423876e+01
1.219999994659423770e+01
8.999999984741210213e+00
3.600000007629394538e+00
4.099999987792968881e+01
7.999999977111816207e+00
1.079999994659423912e+01
1.299999998855590810e+01
8.000000015258789787e+00
9.799999984741210923e+00
7.799999999999999822e+00
1.360000001525878943e+01
1.299999994659423841e+01
6.599999946594238054e+00
1.000000001525878979e+01
1.060000001525878943e+01
6.799999977111816030e+00
1.299999986267089902e+01
6.599999988555908637e+00
2.019999990844726412e+01
2.119999992370605568e+01
1.519999995422363348e+01
9.199999946594237699e+00
1.079999995422363313e+01
8.999999977111816207e+00
1.219999992370605391e+01
8.799999862670897954e+00
1.459999989318847646e+01
1.359999998474121163e+01
4.799999988555907926e+00
1.719999995422363170e+01
1.660000001525878943e+01
1.179999994659423912e+01
5.400000007629394361e+00
1.059999994659423805e+01
1.719999995422363170e+01
2.419999987792968810e+01
1.679999997711181692e+01
2.519999986267090009e+01
2.759999978637695150e+01
1.680000000000000071e+01
2.159999989318847824e+01
1.219999998474121128e+01
1.879999998474121270e+01
7.000000015258788899e+00
4.999999988555908104e+00
1.359999989318847646e+01
2.699999990844726483e+01
1.519999992370605391e+01
1.679999995422363313e+01
9.799999984741210923e+00
1.120000000762939507e+01
3.480000003051758029e+01
1.280000001525878872e+01
1.699999986267089724e+01
1.139999997711181656e+01
1.799999992370605639e+01
1.520000001525878908e+01
1.339999994659423876e+01
1.459999995422363206e+01
1.779999992370605355e+01
2.079999992370605355e+01
2.099999992370605639e+01
2.519999996948242327e+01
2.139999999999999858e+01
2.519999992370605568e+01
2.399999986267089724e+01
2.959999992370605426e+01
3.179999984741210994e+01
3.459999969482421989e+01
3.479999990844726909e+01
3.479999987792968597e+01
3.879999981689453392e+01
3.399999987792968881e+01
3.439999987792968739e+01
3.619999981689453250e+01
3.460000003051757744e+01
3.779999969482421562e+01
3.779999987792968597e+01
3.879999984741210994e+01
3.779999972534179875e+01
3.999999972534179449e+01
4.319999990844726767e+01
4.179999975585937477e+01
3.660000000000000142e+01
3.599999987792968881e+01
3.800000003051757602e+01
3.899999975585937761e+01
3.799999981689452966e+01
3.959999978637695506e+01
3.700000000000000000e+01
4.279999975585937477e+01
4.339999990844726341e+01
3.919999969482422131e+01
4.119999969482422131e+01
4.759999987792969023e+01
4.499999981689452966e+01
4.259999978637695506e+01
4.000000006103515915e+01
4.320000003051757886e+01
4.539999999999999858e+01
4.740000003051757460e+01
5.259999990844726625e+01
5.599999990844726483e+01
5.679999984741210994e+01
6.119999996948241971e+01
6.039999984741211136e+01
6.019999981689453250e+01
6.220000012207031403e+01
6.060000006103515346e+01
6.119999987792968454e+01
6.099999981689452966e+01
6.319999957275390301e+01
6.299999984741211279e+01
6.520000012207030693e+01
6.519999975585938046e+01
6.160000012207031261e+01
6.259999984741210710e+01
6.399999984741211279e+01
6.459999975585937193e+01
6.379999990844726909e+01
6.619999963378906216e+01
6.419999990844726767e+01
6.599999981689452966e+01
6.679999999999999716e+01
6.740000012207030977e+01
6.719999984741211563e+01
6.900000000000000000e+01
6.539999975585936909e+01
6.759999975585937193e+01
6.719999969482421420e+01
6.839999987792968739e+01
6.880000006103514920e+01
6.959999984741210710e+01
6.880000006103514920e+01
6.539999993896483943e+01
6.759999984741210710e+01
6.659999978637695506e+01
6.599999975585937761e+01
6.819999981689453250e+01
6.800000006103515204e+01
6.819999981689453250e+01
6.739999993896483943e+01
6.839999969482421704e+01
6.920000012207030693e+01
6.919999975585938046e+01
6.899999963378905932e+01
7.019999969482421420e+01
6.800000000000000000e+01
7.019999978637694937e+01
7.020000006103515489e+01
6.899999975585937761e+01
6.920000012207030693e+01
7.059999978637695506e+01
6.800000012207031830e+01
7.079999993896484511e+01
6.899999984741211279e+01
7.139999993896483943e+01
7.099999963378905932e+01
7.300000006103515204e+01
6.959999990844725914e+01
7.039999969482421704e+01
7.000000000000000000e+01
6.899999978637694653e+01
6.939999993896483943e+01
6.939999957275391296e+01
6.979999975585937477e+01
7.240000006103515773e+01
7.239999978637695222e+01
6.979999963378905647e+01
7.159999969482421989e+01
7.000000000000000000e+01
7.060000006103516057e+01
7.099999993896484796e+01
7.119999981689453250e+01
