0.000000000000000000e+00
2.000000000000000111e-01
5.799999994277953874e+00
5.999999942779541406e-01
1.179999995422363313e+01
4.399999988555908459e+00
5.400000007629394361e+00
7.399999988555908459e+00
1.899999998474121199e+01
3.400000007629394361e+00
2.999999994277954052e+00
2.559999996948242185e+01
1.299999994659423841e+01
3.399999977111816563e+00
2.399999988555908015e+00
2.179999992370605355e+01
1.239999994659423876e+01
1.139999998474121057e+01
1.639999995422363455e+01
8.199999946594237699e+00
2.799999994277954318e+00
4.399999988555908459e+00
3.400000007629394361e+00
5.599999994277953697e+00
9.199999954223633480e+00
2.359999996948242185e+01
7.199999984741211279e+00
5.999999946594238409e+00
7.999999946594238409e+00
6.000000007629394894e+00
8.399999946594238764e+00
7.599999946594238054e+00
1.099999998855590810e+01
7.199999988555908281e+00
5.399999977111816563e+00
3.159999986267089866e+01
4.399999988555908459e+00
1.480000000000000071e+01
6.000000000000000000e+00
1.559999992370605426e+01
5.799999994277953874e+00
1.039999994659423876e+01
4.800000007629394716e+00
2.100000003051757957e+01
1.539999986267089760e+01
9.400000015258788366e+00
1.099999994659423841e+01
1.919999997711181550e+01
1.019999997711181727e+01
9.000000007629394005e+00
6.399999977111816563e+00
1.499999992370605462e+01
5.400000007629394361e+00
4.159999978637695506e+01
6.800000007629394716e+00
7.600000015258789432e+00
5.800000015258788721e+00
7.999999977111816207e+00
4.200000000000000178e+00
1.860000003051757744e+01
5.799999988555907926e+00
3.719999975585937335e+01
7.999999984741211101e+00
1.139999992370605497e+01
1.159999992370605426e+01
5.999999988555908104e+00
2.080000003051757673e+01
1.199999994659423841e+01
8.599999994277954585e+00
7.800000015258788721e+00
1.600000000000000000e+01
2.079999994659423734e+01
7.599999988555908637e+00
4.199999987792968881e+01
3.439999996948242256e+01
1.939999995422363455e+01
4.199999988555908281e+00
1.700000003051757957e+01
2.199999989318847682e+01
5.999999994277954052e+00
3.619999984741210852e+01
2.739999993896484298e+01
1.439999998474121057e+01
1.559999999999999964e+01
1.620000003051757886e+01
1.820000003051757886e+01
1.739999994659423876e+01
2.139999999999999858e+01
2.259999995422363384e+01
2.219999992370605568e+01
2.359999996948242185e+01
2.299999993896484440e+01
2.679999987792968597e+01
2.739999996948242256e+01
2.779999975585937477e+01
2.659999986267089866e+01
2.619999996948242327e+01
3.219999978637695648e+01
2.899999987792968881e+01
3.139999984741210781e+01
3.099999981689452966e+01
2.999999981689452966e+01
2.839999992370605497e+01
3.979999978637695079e+01
3.259999993896484227e+01
3.359999978637695506e+01
3.100000000000000000e+01
3.739999984741211136e+01
3.879999996948242114e+01
4.179999975585937477e+01
3.859999978637695506e+01
3.299999990844726483e+01
3.719999984741210852e+01
3.460000003051757744e+01
3.899999975585937761e+01
3.679999981689453392e+01
4.079999969482421562e+01
4.059999984741210710e+01
4.099999975585937761e+01
4.259999978637695506e+01
3.859999972534179591e+01
4.319999981689453250e+01
4.919999972534179733e+01
4.960000006103515346e+01
5.339999993896484654e+01
5.619999975585937335e+01
5.919999969482422131e+01
6.059999993896484227e+01
6.320000006103515489e+01
6.439999963378906500e+01
6.519999990844726767e+01
6.779999963378905647e+01
6.399999990844726483e+01
6.879999999999999716e+01
6.320000012207031403e+01
6.740000012207030977e+01
6.739999984741210426e+01
7.079999975585937477e+01
6.739999975585936909e+01
6.900000012207031830e+01
6.899999981689452966e+01
6.799999957275390727e+01
7.179999957275390443e+01
7.279999957275390443e+01
7.359999963378906784e+01
7.260000006103516057e+01
7.000000012207031830e+01
7.040000012207030977e+01
7.099999975585937761e+01
7.379999993896484511e+01
7.439999957275391296e+01
6.939999978637695222e+01
7.479999963378905647e+01
6.859999975585937193e+01
7.479999957275390443e+01
7.420000006103515489e+01
7.059999981689453818e+01
7.299999963378905932e+01
7.379999993896484511e+01
7.519999969482421420e+01
7.420000000000000284e+01
7.639999963378906500e+01
7.880000012207031546e+01
7.579999999999999716e+01
7.499999969482422557e+01
7.559999987792969023e+01
7.679999951171875239e+01
7.559999993896484227e+01
7.779999951171875239e+01
7.559999957275390159e+01
7.619999951171874386e+01
7.520000000000000284e+01
7.499999987792968170e+01
7.700000012207031830e+01
7.819999945068359182e+01
7.739999957275391296e+01
7.620000006103515489e+01
7.779999945068360034e+01
7.819999963378906216e+01
7.900000012207031830e+01
7.819999957275391012e+01
7.739999951171874670e+01
7.739999963378906500e+01
7.659999981689453818e+01
7.680000006103514920e+01
7.959999975585937193e+01
7.719999981689453250e+01
7.359999951171874955e+01
7.819999987792968454e+01
7.620000012207030693e+01
7.859999951171874955e+01
7.939999951171874670e+01
7.680000006103514920e+01
7.779999987792969307e+01
7.719999987792968454e+01
7.899999987792968170e+01
7.879999938964843409e+01
7.759999999999999432e+01
7.879999957275390443e+01
7.820000000000000284e+01
