2.059999998474120986e+01
1.399999999999999911e+00
1.999999977111816429e+00
8.399999977111816563e+00
1.939999993896484298e+01
9.200000015258789077e+00
7.600000015258789432e+00
2.079999986267089795e+01
1.760000001525878943e+01
1.279999992370605533e+01
9.599999988555907748e+00
8.599999977111815852e+00
8.400000015258788366e+00
7.199999977111816385e+00
1.140000001525878837e+01
1.159999998474121163e+01
1.539999995422363277e+01
1.200000001525878979e+01
1.159999998474121163e+01
9.800000015258788721e+00
1.019999995422363348e+01
1.819999989318847611e+01
1.180000000762939472e+01
1.060000000762939365e+01
1.119999997711181727e+01
1.039999998855590846e+01
1.039999994659423876e+01
2.399999999999999911e+00
7.599999977111816740e+00
1.199999995422363241e+01
8.000000015258789787e+00
1.279999998474121092e+01
2.640000003051757815e+01
8.599999946594238054e+00
6.999999994277954052e+00
2.419999986267090009e+01
2.019999995422363170e+01
1.060000001525878943e+01
7.599999977111816740e+00
1.019999994659423770e+01
2.179999986267089795e+01
9.200000007629395071e+00
8.000000015258789787e+00
9.400000015258788366e+00
1.079999992370605533e+01
1.099999997711181621e+01
8.199999977111817273e+00
8.799999946594239120e+00
1.060000000762939365e+01
1.160000000762939365e+01
1.059999999427795458e+01
1.539999992370605497e+01
6.600000015258789432e+00
1.059999998474121163e+01
8.799999977111816918e+00
1.179999994659423912e+01
8.199999984741211279e+00
1.419999995422363348e+01
1.079999997711181692e+01
1.719999986267090009e+01
1.019999998474121128e+01
8.600000007629393650e+00
1.119999992370605391e+01
1.380000003051757851e+01
1.799999995422363241e+01
1.059999997711181585e+01
2.219999999999999929e+01
8.399999946594238764e+00
5.400000007629394361e+00
9.200000007629395071e+00
7.999999988555908104e+00
1.079999998855590881e+01
1.059999995422363206e+01
1.279999997711181692e+01
1.179999997711181692e+01
1.519999995422363348e+01
1.859999992370605426e+01
1.179999995422363313e+01
1.739999995422363455e+01
1.079999994659423912e+01
1.119999994659423770e+01
1.020000001525878908e+01
1.359999997711181585e+01
1.479999989318847575e+01
1.559999992370605426e+01
1.539999998474121057e+01
1.779999998474121270e+01
1.859999992370605426e+01
1.959999986267089866e+01
2.219999992370605568e+01
2.119999995422363170e+01
2.199999989318847682e+01
2.579999996948242114e+01
2.419999986267090009e+01
2.539999998474121057e+01
2.719999990844726412e+01
2.519999987792968810e+01
2.799999993896484440e+01
3.139999996948242256e+01
2.979999987792968597e+01
3.119999990844726412e+01
3.239999969482421704e+01
3.259999987792969023e+01
3.079999995422363313e+01
3.159999996948242185e+01
3.719999987792968454e+01
3.179999996948242114e+01
3.019999996948242327e+01
3.199999990844726483e+01
3.579999987792968597e+01
3.339999996948242256e+01
3.499999987792968881e+01
3.359999993896484227e+01
3.859999996948242540e+01
3.639999975585937619e+01
3.499999990844726483e+01
3.619999996948241971e+01
3.679999984741210994e+01
3.519999975585937335e+01
3.639999975585937619e+01
3.979999987792968597e+01
3.659999987792969023e+01
3.619999984741210852e+01
4.139999981689452824e+01
4.179999996948242114e+01
4.619999969482422131e+01
4.440000003051757460e+01
5.339999990844726341e+01
4.960000000000000142e+01
5.400000003051757602e+01
5.659999990844726625e+01
5.620000006103515489e+01
5.499999996948242398e+01
5.899999981689452966e+01
5.820000012207031403e+01
5.920000012207031403e+01
5.959999975585937193e+01
5.999999981689452966e+01
6.019999984741210852e+01
6.239999984741211136e+01
6.379999984741210994e+01
6.119999978637695648e+01
6.499999975585937761e+01
6.659999999999999432e+01
6.659999963378906784e+01
6.539999963378906500e+01
6.359999984741210710e+01
6.260000000000000142e+01
6.659999981689453818e+01
6.159999984741210710e+01
6.559999975585937193e+01
6.659999981689453818e+01
6.759999984741210710e+01
6.240000006103515773e+01
6.740000012207030977e+01
6.799999975585937761e+01
5.999999978637695364e+01
6.739999996948242256e+01
6.659999963378906784e+01
6.439999981689453534e+01
6.619999978637694937e+01
6.359999981689453108e+01
6.860000012207031261e+01
6.139999993896484654e+01
6.759999969482421989e+01
6.759999975585937193e+01
7.300000000000000000e+01
6.859999984741210710e+01
6.819999984741211563e+01
6.539999981689453534e+01
6.979999978637695790e+01
6.839999945068359466e+01
7.060000012207031261e+01
6.960000006103516057e+01
7.299999957275390727e+01
7.000000006103515204e+01
6.879999969482422273e+01
7.119999981689453250e+01
7.059999957275390159e+01
6.679999975585937477e+01
6.719999963378906216e+01
6.460000012207031261e+01
6.939999987792968739e+01
6.639999981689453534e+01
7.119999984741211563e+01
6.999999969482422557e+01
7.199999975585937761e+01
6.980000012207031546e+01
6.959999987792969023e+01
7.299999957275390727e+01
7.139999981689453534e+01
7.059999993896484227e+01
6.999999978637694653e+01
7.220000012207030693e+01
6.900000006103515204e+01
7.080000006103514920e+01
7.260000006103516057e+01
7.299999963378905932e+01
7.019999981689453250e+01
7.159999969482421989e+01
