0.000000000000000000e+00
5.999999999999999778e-01
1.559999998855590775e+01
4.399999977111816563e+00
2.999999988555908104e+00
1.199999999999999956e+00
1.999999989318847682e+01
7.599999994277953697e+00
1.279999992370605533e+01
5.199999977111816385e+00
5.800000007629394716e+00
6.799999977111816030e+00
1.299999986267089902e+01
4.000000000000000222e-01
3.399999988555908015e+00
9.199999977111817273e+00
8.599999977111815852e+00
1.219999994659423770e+01
5.399999994277954407e+00
2.399999981689452966e+01
1.199999998474121021e+01
2.599999994277954141e+00
5.399999988555908459e+00
9.599999946594238054e+00
2.199999988555908281e+00
1.800000000000000044e+00
2.399999993896484440e+01
9.799999946594239120e+00
1.120000001525878908e+01
1.399999994659423841e+01
8.000000007629394005e+00
6.999999946594238409e+00
7.000000007629394894e+00
5.199999988555908281e+00
7.799999946594238232e+00
1.040000001525878837e+01
1.079999998474121092e+01
5.599999994277953697e+00
3.780000006103515631e+01
1.040000000762939436e+01
1.720000003051757886e+01
1.440000003051757815e+01
1.339999992370605497e+01
3.919999969482422131e+01
2.799999988555908370e+00
1.199999998855590810e+01
1.059999994659423805e+01
1.459999992370605426e+01
7.600000015258789432e+00
7.400000000000000355e+00
7.999999977111816207e+00
1.639999995422363455e+01
8.199999977111817273e+00
6.799999994277953874e+00
2.339999993896484298e+01
7.999999946594238409e+00
7.599999977111816740e+00
1.559999998474121163e+01
8.000000007629394005e+00
9.000000015258789787e+00
7.399999988555908459e+00
7.799999984741210923e+00
6.399999988555908459e+00
9.000000007629394005e+00
9.200000007629395071e+00
7.400000000000000355e+00
7.399999988555908459e+00
1.039999994659423876e+01
2.419999999999999929e+01
1.359999998474121163e+01
1.060000000762939365e+01
6.000000015258788899e+00
1.399999986267089902e+01
6.600000007629394538e+00
1.239999998474121057e+01
8.200000007629395071e+00
9.000000015258789787e+00
8.600000007629393650e+00
7.599999946594238054e+00
3.499999981689452966e+01
1.240000003051757815e+01
7.400000007629394361e+00
1.059999997711181585e+01
1.119999997711181727e+01
1.419999998855590739e+01
1.439999998855590846e+01
1.579999996948242114e+01
1.559999998474121163e+01
1.680000001525878872e+01
1.819999995422363170e+01
2.279999989318847753e+01
2.160000001525878943e+01
2.379999995422363313e+01
2.699999993896484440e+01
2.819999990844726412e+01
2.479999992370605355e+01
2.459999989318847824e+01
2.919999999999999929e+01
2.799999981689452966e+01
2.599999986267089724e+01
3.279999993896484511e+01
3.419999972534179733e+01
2.880000003051757673e+01
3.279999990844726909e+01
3.079999990844726554e+01
3.319999993896484369e+01
3.159999993896484227e+01
2.779999990844726554e+01
2.679999990844726554e+01
3.259999984741210710e+01
3.359999975585937193e+01
3.359999993896484227e+01
2.999999996948242043e+01
2.879999984741210994e+01
3.180000003051757673e+01
3.459999993896484227e+01
3.319999981689453250e+01
2.880000006103515631e+01
4.179999993896484511e+01
3.559999987792969023e+01
3.639999969482421704e+01
3.119999981689453250e+01
3.720000006103515489e+01
3.560000006103515346e+01
3.879999978637695079e+01
3.899999975585937761e+01
4.219999972534179733e+01
4.760000003051757744e+01
4.700000006103515915e+01
5.239999969482421704e+01
5.020000000000000284e+01
5.459999990844726625e+01
5.379999999999999716e+01
5.639999972534180017e+01
5.699999996948242398e+01
5.779999996948242114e+01
5.760000006103515346e+01
5.939999993896484654e+01
5.679999996948242114e+01
5.839999999999999858e+01
6.279999969482421562e+01
5.859999990844726625e+01
5.959999981689453108e+01
5.939999990844726341e+01
6.199999987792968881e+01
6.079999993896484511e+01
6.400000000000000000e+01
6.340000012207030977e+01
5.979999987792968597e+01
6.459999978637695506e+01
6.439999984741210426e+01
6.500000006103515204e+01
6.279999975585937477e+01
6.379999981689453392e+01
6.299999963378905932e+01
6.519999969482421420e+01
6.440000012207030977e+01
6.659999984741210710e+01
6.499999981689452966e+01
6.499999957275390727e+01
6.219999969482422131e+01
6.680000006103514920e+01
6.600000006103515204e+01
6.559999999999999432e+01
6.679999969482422273e+01
6.839999987792968739e+01
6.799999975585937761e+01
6.479999993896484511e+01
6.679999978637695790e+01
6.779999981689452682e+01
6.599999984741211279e+01
6.899999981689452966e+01
6.599999978637694653e+01
6.839999963378906500e+01
6.640000012207030977e+01
6.559999978637695506e+01
6.859999981689453818e+01
6.719999987792968454e+01
6.800000012207031830e+01
6.920000012207030693e+01
6.700000006103515204e+01
6.599999969482422557e+01
6.719999984741211563e+01
6.459999981689453818e+01
6.559999981689453818e+01
7.079999981689452682e+01
6.939999963378906500e+01
6.839999963378906500e+01
6.559999978637695506e+01
7.079999963378905647e+01
7.059999957275390159e+01
6.839999969482421704e+01
7.059999969482421989e+01
6.580000012207031546e+01
7.059999987792969023e+01
6.979999999999999716e+01
6.999999963378905932e+01
6.959999957275390159e+01
6.879999975585937477e+01
7.159999957275390159e+01
