6.799999957275390727e+01
0.000000000000000000e+00
9.399999977111816563e+00
5.199999946594238587e+00
5.199999977111816385e+00
3.799999999999999822e+00
1.579999995422363313e+01
6.400000007629394361e+00
1.279999997711181692e+01
2.799999988555908370e+00
7.799999977111816030e+00
7.399999984741210568e+00
1.199999998474121021e+01
1.399999995422363241e+01
3.399999994277953963e+00
8.199999984741211279e+00
2.260000003051757744e+01
4.999999988555908104e+00
7.000000015258788899e+00
8.199999977111817273e+00
5.000000015258788899e+00
6.599999988555908637e+00
5.199999977111816385e+00
1.339999998474121057e+01
2.799999990844726483e+01
9.000000007629394005e+00
6.199999946594238587e+00
7.999999977111816207e+00
1.259999997711181585e+01
1.160000001525878943e+01
3.579999990844726909e+01
3.799999977111816474e+00
9.999999946594238409e+00
1.359999989318847646e+01
1.239999994659423876e+01
1.139999997711181656e+01
7.600000015258789432e+00
2.999999994277954052e+00
1.199999997711181621e+01
1.279999998474121092e+01
1.419999998474121128e+01
8.599999984741211634e+00
6.599999946594238054e+00
1.739999989318847540e+01
1.939999986267089938e+01
1.100000001525878979e+01
8.000000007629394005e+00
9.000000007629394005e+00
7.999999977111816207e+00
1.339999986267089760e+01
2.499999986267089724e+01
1.919999992370605568e+01
1.220000001525878908e+01
1.579999992370605533e+01
5.800000007629394716e+00
8.999999988555908104e+00
1.199999995422363241e+01
1.599999996948242220e+01
9.999999984741210213e+00
1.540000001525878837e+01
9.400000007629394361e+00
4.339999975585937619e+01
1.159999997711181585e+01
1.159999994659423805e+01
8.599999977111815852e+00
1.259999995422363206e+01
6.400000015258789254e+00
1.739999998474121057e+01
4.400000007629394361e+00
1.679999998474121270e+01
1.039999992370605497e+01
1.480000001525878872e+01
1.379999989318847575e+01
1.799999989318847682e+01
1.299999999427795494e+01
7.199999977111816385e+00
1.459999992370605426e+01
1.359999998474121163e+01
1.599999992370605462e+01
1.439999986267089760e+01
6.199999977111816385e+00
1.420000001525878908e+01
1.619999998474121128e+01
1.319999998474121128e+01
1.480000000762939472e+01
1.580000001525878872e+01
1.539999989318847717e+01
1.519999998474121128e+01
1.799999995422363241e+01
2.019999998474121128e+01
1.979999998474121270e+01
2.299999992370605639e+01
1.979999994659423734e+01
2.339999996948242256e+01
2.240000003051757815e+01
2.319999996948242327e+01
2.339999989318847540e+01
2.659999989318847824e+01
2.280000003051757673e+01
2.439999999999999858e+01
2.640000003051757815e+01
2.799999990844726483e+01
2.559999990844726625e+01
2.859999990844726625e+01
2.860000003051757744e+01
2.619999996948242327e+01
2.799999996948242043e+01
3.039999993896484298e+01
3.239999987792968739e+01
2.859999993896484227e+01
2.540000003051757815e+01
3.099999990844726483e+01
3.099999992370605639e+01
3.099999996948242043e+01
3.060000003051757744e+01
3.339999987792968739e+01
3.219999990844726767e+01
3.099999996948242043e+01
2.799999998474121199e+01
2.979999981689453037e+01
2.960000003051757744e+01
3.519999987792968454e+01
3.359999984741210710e+01
3.239999987792968739e+01
3.639999990844726341e+01
3.659999975585937193e+01
4.500000006103515915e+01
3.819999984741210852e+01
4.600000006103515915e+01
5.139999972534180017e+01
5.139999999999999858e+01
5.279999978637695079e+01
5.539999984741211136e+01
5.259999993896484227e+01
5.459999987792969023e+01
5.719999984741210852e+01
6.099999990844726483e+01
5.699999993896484085e+01
6.020000003051757886e+01
5.960000006103515346e+01
6.080000006103515631e+01
5.900000000000000000e+01
6.039999981689452824e+01
6.139999987792968739e+01
6.440000003051757460e+01
6.279999984741210994e+01
6.439999978637695222e+01
6.419999978637694937e+01
6.239999984741211136e+01
6.479999969482422273e+01
6.539999975585936909e+01
6.479999981689452682e+01
6.139999975585937619e+01
6.499999981689452966e+01
6.659999963378906784e+01
6.719999975585938046e+01
6.279999999999999716e+01
6.699999987792968170e+01
6.819999969482421420e+01
6.660000006103516057e+01
6.899999963378905932e+01
6.560000006103516057e+01
6.779999969482422273e+01
6.399999981689452966e+01
6.699999981689452966e+01
6.639999975585936909e+01
6.600000006103515204e+01
6.680000006103514920e+01
6.419999975585938046e+01
6.859999951171874955e+01
6.739999975585936909e+01
6.680000012207031546e+01
6.660000012207031261e+01
6.679999963378905647e+01
6.659999975585937193e+01
6.779999975585937477e+01
6.960000012207031261e+01
6.520000012207030693e+01
6.919999975585938046e+01
6.760000006103516057e+01
6.879999999999999716e+01
6.879999963378905647e+01
6.759999984741210710e+01
6.739999978637695222e+01
6.820000012207030693e+01
7.039999969482421704e+01
6.899999987792968170e+01
6.880000006103514920e+01
6.840000006103515773e+01
6.700000000000000000e+01
7.219999963378906216e+01
6.879999999999999716e+01
6.800000000000000000e+01
6.959999963378906784e+01
6.739999969482421704e+01
6.959999957275390159e+01
7.060000006103516057e+01
7.120000006103515489e+01
6.759999999999999432e+01
6.959999969482421989e+01
