5.559999987792969023e+01
1.599999994277954141e+00
3.000000007629394450e+00
1.999999994277954052e+00
4.000000000000000222e-01
1.180000001525878872e+01
5.199999988555908281e+00
1.999999994277954052e+00
1.399999988555908237e+00
4.000000000000000000e+00
4.999999923706054616e+00
6.800000007629394716e+00
1.559999994659423805e+01
5.599999988555908637e+00
9.599999977111815852e+00
1.339999994659423876e+01
2.079999996948242114e+01
2.799999994277954318e+00
1.999999992370605639e+01
1.319999995422363348e+01
1.719999986267090009e+01
1.040000001525878837e+01
5.399999977111816563e+00
2.399999999999999911e+00
1.059999998474121163e+01
4.199999988555908281e+00
8.599999988555907748e+00
8.800000007629394716e+00
1.319999998474121128e+01
5.600000007629394538e+00
1.359999997711181585e+01
5.599999977111816740e+00
1.619999992370605568e+01
1.059999997711181585e+01
1.199999998855590810e+01
9.199999977111817273e+00
1.099999998855590810e+01
8.600000015258789432e+00
1.059999994659423805e+01
9.600000007629393650e+00
1.039999998474121057e+01
1.020000000762939507e+01
1.239999995422363277e+01
1.720000001525878730e+01
2.080000000000000071e+01
1.180000001525878872e+01
7.200000007629394183e+00
2.100000000000000000e+01
8.400000007629394361e+00
1.859999989318847824e+01
1.960000003051757744e+01
9.599999984741211634e+00
7.599999923706054261e+00
1.460000003051757744e+01
8.999999988555908104e+00
1.660000003051757744e+01
9.399999954223632770e+00
1.099999986267089902e+01
9.799999988555908814e+00
9.199999977111817273e+00
6.599999977111816740e+00
1.259999998855590775e+01
1.199999997711181621e+01
1.499999994659423841e+01
3.940000003051757460e+01
1.559999997711181585e+01
1.120000000762939507e+01
1.539999995422363277e+01
8.599999999999999645e+00
1.320000000762939507e+01
1.640000001525879014e+01
2.139999989318847540e+01
1.599999995422363241e+01
7.400000015258789254e+00
1.499999998474121021e+01
1.239999998474121057e+01
2.119999999999999929e+01
8.400000007629394361e+00
1.059999999427795458e+01
1.680000001525878872e+01
1.219999997711181727e+01
2.599999986267089724e+01
1.399999995422363241e+01
1.239999997711181656e+01
1.300000001525878979e+01
1.719999995422363170e+01
1.859999998474120986e+01
1.959999996948242185e+01
2.159999989318847824e+01
2.159999986267089866e+01
2.179999992370605355e+01
2.420000003051757886e+01
2.739999986267089938e+01
2.520000003051757886e+01
2.900000003051757957e+01
2.679999995422363313e+01
2.999999990844726483e+01
3.219999987792968454e+01
3.079999993896484511e+01
3.600000006103515915e+01
3.419999981689453250e+01
3.539999978637695222e+01
3.579999972534179875e+01
3.499999969482421847e+01
3.059999975585937548e+01
3.299999984741211279e+01
3.379999978637695079e+01
3.479999987792968597e+01
3.360000003051757744e+01
3.359999990844726625e+01
3.219999996948241971e+01
3.939999981689452824e+01
3.639999972534180017e+01
3.260000003051757744e+01
3.559999981689453108e+01
3.919999978637695648e+01
3.659999993896484227e+01
3.619999993896484369e+01
3.439999978637695222e+01
3.359999969482421989e+01
3.579999978637695079e+01
4.019999981689453250e+01
3.860000000000000142e+01
3.399999984741211279e+01
3.819999981689453250e+01
3.700000000000000000e+01
3.919999993896484369e+01
4.600000003051757602e+01
4.339999981689452824e+01
4.400000006103515915e+01
4.999999990844726483e+01
4.719999996948241971e+01
4.820000006103515489e+01
5.259999975585937193e+01
5.559999978637695506e+01
5.060000000000000142e+01
5.619999990844726767e+01
5.859999987792969023e+01
5.759999993896484227e+01
5.299999969482421847e+01
5.520000000000000284e+01
5.859999981689453108e+01
6.039999981689452824e+01
6.119999978637695648e+01
6.119999984741210852e+01
5.839999999999999858e+01
6.160000012207031261e+01
5.979999996948242114e+01
6.079999996948242114e+01
6.179999984741210994e+01
6.439999981689453534e+01
6.119999987792968454e+01
6.199999981689452966e+01
6.059999984741210710e+01
6.519999975585938046e+01
6.180000012207031546e+01
6.239999987792968739e+01
6.239999993896484654e+01
6.439999978637695222e+01
6.099999990844726483e+01
6.659999978637695506e+01
6.119999987792968454e+01
6.540000000000000568e+01
6.419999981689453250e+01
6.499999981689452966e+01
6.179999984741210994e+01
6.179999987792968597e+01
6.640000000000000568e+01
6.559999978637695506e+01
6.399999993896484085e+01
6.439999987792968739e+01
6.340000012207030977e+01
6.459999975585937193e+01
6.320000012207031403e+01
6.459999984741210710e+01
6.839999987792968739e+01
6.639999975585936909e+01
6.519999981689453250e+01
6.559999975585937193e+01
6.519999981689453250e+01
6.559999984741210710e+01
6.740000006103515773e+01
6.479999969482422273e+01
6.740000006103515773e+01
6.640000006103515773e+01
6.719999978637694937e+01
6.479999981689452682e+01
6.739999987792968739e+01
6.759999963378906784e+01
6.719999993896485080e+01
6.719999975585938046e+01
6.639999975585936909e+01
6.699999975585937761e+01
6.759999990844725914e+01
6.599999996948241687e+01
6.459999975585937193e+01
6.599999975585937761e+01
6.820000006103515489e+01
6.839999975585936909e+01
6.599999978637694653e+01
