0.000000000000000000e+00
5.999999942779541406e-01
1.239999992370605497e+01
4.199999978637695364e+01
1.399999989318847682e+01
1.279999994659423912e+01
5.199999988555908281e+00
1.899999989318847682e+01
4.399999977111816563e+00
3.000000000000000000e+00
9.799999946594239120e+00
2.299999996948242043e+01
4.800000007629394716e+00
4.599999994277953697e+00
1.319999994659423770e+01
2.300000003051757957e+01
8.800000015258788721e+00
1.159999998474121163e+01
2.419999999999999929e+01
3.939999969482421704e+01
4.599999988555908637e+00
2.919999978637695293e+01
2.479999995422363313e+01
2.599999994277954141e+00
8.999999988555908104e+00
8.999999954223632415e+00
9.999999946594238409e+00
2.140000003051757815e+01
3.140000003051757815e+01
7.799999988555907926e+00
7.999999946594238409e+00
1.399999994659423841e+01
8.800000007629394716e+00
3.799999999999999822e+00
8.800000007629394716e+00
1.159999995422363206e+01
3.799999994277954318e+00
8.999999977111816207e+00
1.459999999999999964e+01
9.999999984741210213e+00
7.599999946594238054e+00
8.399999977111816563e+00
8.399999977111816563e+00
6.999999994277954052e+00
1.479999995422363313e+01
1.239999992370605497e+01
8.599999977111815852e+00
1.019999997711181727e+01
1.259999998474121163e+01
8.599999923706054261e+00
1.439999989318847717e+01
7.999999946594238409e+00
7.400000007629394361e+00
9.799999977111816918e+00
9.999999984741210213e+00
2.139999986267089938e+01
8.799999988555908814e+00
1.579999986267089795e+01
5.599999988555908637e+00
1.119999998474121128e+01
6.400000007629394361e+00
1.539999995422363277e+01
9.000000007629394005e+00
1.299999992370605462e+01
8.600000015258789432e+00
1.079999992370605533e+01
1.600000001525878801e+01
1.560000001525878943e+01
1.719999994659423947e+01
1.179999992370605533e+01
1.859999992370605426e+01
1.420000003051757886e+01
9.800000007629394716e+00
1.139999998474121057e+01
2.359999981689453108e+01
9.199999977111817273e+00
1.019999997711181727e+01
1.279999994659423912e+01
2.599999989318847682e+01
1.100000001525878979e+01
1.639999995422363455e+01
1.040000001525878837e+01
1.180000001525878872e+01
1.600000003051757957e+01
1.080000000762939472e+01
1.259999997711181585e+01
1.340000001525878837e+01
1.479999998474121092e+01
1.479999992370605533e+01
1.540000001525878837e+01
1.679999992370605355e+01
1.699999986267089724e+01
1.800000003051757957e+01
1.859999994659423805e+01
2.280000003051757673e+01
2.059999998474120986e+01
2.060000000000000142e+01
2.200000003051757957e+01
2.239999995422363455e+01
2.179999986267089795e+01
2.179999998474121270e+01
2.459999981689453108e+01
2.379999993896484511e+01
2.719999996948242327e+01
2.799999975585937406e+01
2.439999996948242256e+01
2.679999993896484511e+01
3.219999984741210852e+01
2.440000003051757815e+01
2.939999987792968739e+01
2.459999998474120986e+01
2.719999986267090009e+01
3.119999999999999929e+01
3.199999984741210923e+01
3.479999987792968597e+01
3.059999996948242185e+01
3.279999993896484511e+01
3.299999969482421847e+01
3.459999990844726625e+01
3.379999981689453392e+01
3.159999984741211065e+01
3.399999978637695364e+01
3.339999993896484654e+01
3.419999978637695648e+01
3.939999993896484654e+01
3.919999972534179733e+01
4.160000003051757744e+01
3.879999984741210994e+01
4.300000000000000000e+01
4.479999969482421562e+01
4.600000003051757602e+01
5.299999990844726483e+01
5.319999978637695648e+01
5.599999972534179449e+01
5.719999981689453250e+01
5.999999987792968881e+01
6.279999984741210994e+01
5.939999969482421704e+01
6.179999981689453392e+01
6.600000006103515204e+01
6.379999993896484511e+01
6.799999975585937761e+01
6.239999978637695222e+01
6.500000012207031830e+01
6.580000006103514920e+01
7.019999975585938046e+01
6.559999969482421989e+01
6.620000012207030693e+01
6.700000012207031830e+01
6.799999969482422557e+01
6.839999969482421704e+01
6.419999975585938046e+01
6.600000006103515204e+01
6.859999963378906784e+01
6.860000012207031261e+01
6.879999978637695790e+01
7.100000000000000000e+01
7.020000006103515489e+01
6.719999987792968454e+01
6.759999981689453818e+01
6.759999987792969023e+01
6.800000006103515204e+01
6.979999963378905647e+01
6.760000012207031261e+01
7.020000012207030693e+01
7.159999993896484227e+01
7.079999963378905647e+01
7.199999963378905932e+01
7.320000000000000284e+01
7.299999987792968170e+01
7.239999987792968739e+01
7.119999969482421420e+01
7.059999963378906784e+01
7.400000000000000000e+01
7.219999978637694937e+01
6.979999957275390443e+01
7.239999969482421704e+01
7.299999969482422557e+01
7.439999993896483943e+01
7.259999969482421989e+01
7.339999951171874670e+01
7.419999969482421420e+01
7.439999993896483943e+01
7.219999951171874386e+01
7.419999957275391012e+01
7.219999969482421420e+01
7.279999975585937477e+01
7.339999981689453534e+01
7.180000006103514920e+01
7.099999957275390727e+01
6.839999984741210426e+01
7.339999993896483943e+01
7.199999975585937761e+01
7.239999963378906500e+01
7.359999975585937193e+01
7.240000000000000568e+01
7.379999963378905647e+01
7.240000006103515773e+01
7.279999969482422273e+01
7.279999975585937477e+01
