0.000000000000000000e+00
0.000000000000000000e+00
6.799999946594238232e+00
1.619999998474121128e+01
2.139999999999999858e+01
1.159999997711181585e+01
1.020000001525878908e+01
5.999999988555908104e+00
2.799999986267089724e+01
7.599999923706054261e+00
5.199999988555908281e+00
9.600000015258789432e+00
2.000000000000000000e+00
8.399999977111816563e+00
1.839999992370605497e+01
1.119999997711181727e+01
8.200000007629395071e+00
2.540000003051757815e+01
7.399999988555908459e+00
9.799999946594239120e+00
1.140000000762939436e+01
5.999999977111816207e+00
1.579999989318847575e+01
1.399999994659423841e+01
5.799999994277953874e+00
1.559999989318847646e+01
4.399999946594237876e+00
5.199999977111816385e+00
3.440000003051757460e+01
2.559999981689453108e+01
5.000000015258788899e+00
8.599999954223632059e+00
3.219999993896484369e+01
1.379999989318847575e+01
1.059999998474121163e+01
9.799999954223633125e+00
1.520000001525878908e+01
1.240000001525878837e+01
1.679999989318847753e+01
8.400000015258788366e+00
7.800000007629394716e+00
2.699999990844726483e+01
6.199999994277954229e+00
1.359999998855590775e+01
1.359999997711181585e+01
1.779999998474121270e+01
1.559999989318847646e+01
1.039999998474121057e+01
2.499999986267089724e+01
1.079999998474121092e+01
1.080000001525878872e+01
2.839999993896484298e+01
1.819999992370605568e+01
1.819999995422363170e+01
1.459999992370605426e+01
1.119999995422363348e+01
7.599999988555908637e+00
1.039999997711181656e+01
2.699999993896484440e+01
1.340000000762939436e+01
1.259999992370605426e+01
1.539999998474121057e+01
1.019999998855590739e+01
2.419999986267090009e+01
7.799999977111816030e+00
1.399999995422363241e+01
6.599999977111816740e+00
1.380000001525878872e+01
1.599999992370605462e+01
1.599999995422363241e+01
1.119999995422363348e+01
2.799999993896484440e+01
1.439999995422363277e+01
1.379999998474121092e+01
1.719999990844726412e+01
1.859999998474120986e+01
9.399999984741210568e+00
1.760000001525878943e+01
2.779999987792968597e+01
8.999999984741210213e+00
2.179999998474121270e+01
1.139999998474121057e+01
1.219999999427795423e+01
1.619999986267090009e+01
1.539999998474121057e+01
1.579999992370605533e+01
1.739999989318847540e+01
1.759999994659423805e+01
2.000000003051757957e+01
1.720000003051757886e+01
2.180000003051757673e+01
2.299999996948242043e+01
2.320000003051757886e+01
2.500000000000000000e+01
2.159999995422363384e+01
2.480000000000000071e+01
2.499999993896484440e+01
2.280000003051757673e+01
2.560000000000000142e+01
2.759999996948242185e+01
2.939999990844726696e+01
2.519999990844726412e+01
2.779999996948242114e+01
3.000000003051757957e+01
2.980000003051757673e+01
2.679999990844726554e+01
3.479999984741210994e+01
3.259999996948242540e+01
2.759999987792968668e+01
3.100000003051757957e+01
2.899999990844726483e+01
2.839999999999999858e+01
2.920000003051757886e+01
3.199999987792968881e+01
2.879999984741210994e+01
2.859999990844726625e+01
3.079999986267089795e+01
3.379999981689453392e+01
3.240000003051757460e+01
3.080000003051757673e+01
2.819999986267090009e+01
2.859999981689453108e+01
3.220000000000000284e+01
3.479999984741210994e+01
3.599999969482421847e+01
3.619999984741210852e+01
4.139999978637695222e+01
4.279999975585937477e+01
4.780000003051758029e+01
4.699999978637695364e+01
4.819999972534179733e+01
4.939999993896484654e+01
5.179999987792968597e+01
5.319999978637695648e+01
5.500000000000000000e+01
5.320000000000000284e+01
5.300000003051757602e+01
5.819999990844726767e+01
5.979999981689453392e+01
6.199999984741211279e+01
5.919999957275390301e+01
5.719999984741210852e+01
6.239999951171874670e+01
6.079999987792968597e+01
5.799999990844726483e+01
6.199999984741211279e+01
6.039999990844726341e+01
6.379999984741210994e+01
6.499999981689452966e+01
6.599999975585937761e+01
6.219999978637695648e+01
6.379999975585937477e+01
6.400000006103515204e+01
6.720000012207030693e+01
6.459999987792969023e+01
6.820000012207030693e+01
6.579999984741210994e+01
6.439999963378906500e+01
6.819999963378906216e+01
6.759999975585937193e+01
6.760000006103516057e+01
6.620000006103515489e+01
6.539999978637695222e+01
6.559999978637695506e+01
6.959999957275390159e+01
6.399999978637695364e+01
7.079999975585937477e+01
6.900000012207031830e+01
6.720000012207030693e+01
6.499999975585937761e+01
6.600000006103515204e+01
6.800000006103515204e+01
6.739999963378906500e+01
7.159999957275390159e+01
7.239999993896483943e+01
6.960000006103516057e+01
6.640000000000000568e+01
7.079999993896484511e+01
6.740000006103515773e+01
6.939999975585936909e+01
6.800000006103515204e+01
7.099999957275390727e+01
6.539999984741210426e+01
7.159999963378906784e+01
6.899999957275390727e+01
7.299999981689452966e+01
6.900000012207031830e+01
7.119999987792968454e+01
6.900000012207031830e+01
6.859999951171874955e+01
6.960000012207031261e+01
7.259999957275390159e+01
7.039999963378906500e+01
7.139999963378906500e+01
6.979999975585937477e+01
7.080000012207031546e+01
6.999999975585937761e+01
6.719999984741211563e+01
6.720000006103515489e+01
6.920000012207030693e+01
