2.099999996948242043e+01
3.799999988555908370e+00
1.599999994277954141e+00
4.399999988555908459e+00
7.999999885559081481e-01
2.000000000000000000e+00
1.199999988555908281e+00
4.000000000000000222e-01
1.179999994659423912e+01
3.399999988555908015e+00
1.359999994659423805e+01
2.239999989318847540e+01
1.059999995422363206e+01
4.599999977111816740e+00
6.799999999999999822e+00
8.199999988555907393e+00
3.400000007629394361e+00
1.279999998474121092e+01
3.599999994277954141e+00
8.999999977111816207e+00
4.400000007629394361e+00
1.320000000762939507e+01
4.999999977111816207e+00
7.400000015258789254e+00
6.399999994277954407e+00
7.599999946594238054e+00
5.999999988555908104e+00
7.400000007629394361e+00
1.179999994659423912e+01
8.999999946594238409e+00
6.799999946594238232e+00
6.399999988555908459e+00
5.199999988555908281e+00
9.199999946594237699e+00
7.599999977111816740e+00
9.199999977111817273e+00
1.579999989318847575e+01
7.199999988555908281e+00
6.599999977111816740e+00
1.280000001525878872e+01
1.259999995422363206e+01
1.039999997711181656e+01
1.460000003051757744e+01
1.119999997711181727e+01
1.579999989318847575e+01
1.839999986267089938e+01
1.519999995422363348e+01
6.200000007629394183e+00
4.799999988555907926e+00
7.000000015258788899e+00
8.599999946594238054e+00
6.799999988555907926e+00
1.579999998474121092e+01
9.400000007629394361e+00
7.399999946594237876e+00
1.159999998474121163e+01
9.999999977111816207e+00
1.079999997711181692e+01
8.199999988555907393e+00
1.880000000000000071e+01
2.600000000000000089e+00
1.040000001525878837e+01
9.800000015258788721e+00
8.600000015258789432e+00
1.080000001525878872e+01
1.080000001525878872e+01
1.179999994659423912e+01
1.240000001525878837e+01
9.799999977111816918e+00
7.200000015258789077e+00
4.600000007629394538e+00
7.600000015258789432e+00
7.399999988555908459e+00
8.400000007629394361e+00
1.439999994659423876e+01
1.020000000762939507e+01
1.099999997711181621e+01
1.479999998855590881e+01
7.600000015258789432e+00
1.220000001525878908e+01
9.200000015258789077e+00
3.600000007629394538e+00
1.040000001525878837e+01
1.279999998474121092e+01
1.120000000762939507e+01
1.319999998474121128e+01
1.179999998855590881e+01
1.599999998474121021e+01
1.419999994659423770e+01
1.639999995422363455e+01
1.479999995422363313e+01
1.739999992370605497e+01
1.759999995422363384e+01
1.739999993896484298e+01
2.139999987792968739e+01
2.099999995422363241e+01
2.180000000000000071e+01
2.339999986267089938e+01
2.419999992370605568e+01
2.200000003051757957e+01
2.999999986267089724e+01
2.219999989318847611e+01
2.659999987792968668e+01
2.280000000000000071e+01
2.979999981689453037e+01
2.559999989318847824e+01
2.859999984741211065e+01
2.919999993896484369e+01
3.159999981689453108e+01
2.759999990844726625e+01
3.199999987792968881e+01
2.639999990844726696e+01
2.739999987792968739e+01
3.219999987792968454e+01
2.919999996948242327e+01
3.099999990844726483e+01
2.819999993896484369e+01
2.779999993896484511e+01
3.319999981689453250e+01
3.419999990844726767e+01
3.459999993896484227e+01
3.059999990844726625e+01
3.019999993896484369e+01
3.059999993896484227e+01
3.299999993896484085e+01
3.639999972534180017e+01
3.859999972534179591e+01
4.039999975585937619e+01
4.479999972534179875e+01
4.699999978637695364e+01
4.639999999999999858e+01
4.839999972534180017e+01
5.079999984741210994e+01
5.500000006103515915e+01
5.719999981689453250e+01
5.719999987792968454e+01
5.439999993896484654e+01
5.659999978637695506e+01
5.919999990844726767e+01
5.580000006103515631e+01
6.139999987792968739e+01
5.880000006103515631e+01
5.959999984741210710e+01
5.759999963378906074e+01
6.059999984741210710e+01
5.859999981689453108e+01
5.699999984741211279e+01
6.240000006103515773e+01
6.019999981689453250e+01
6.399999963378905932e+01
6.139999984741211136e+01
6.279999984741210994e+01
6.279999981689453392e+01
6.359999963378906074e+01
5.920000012207031403e+01
6.259999978637695506e+01
6.239999990844726341e+01
6.640000000000000568e+01
6.359999975585937193e+01
6.379999984741210994e+01
6.620000006103515489e+01
6.499999981689452966e+01
6.419999969482421420e+01
6.379999963378906358e+01
6.679999978637695790e+01
6.519999981689453250e+01
6.399999984741211279e+01
6.219999981689453250e+01
6.680000006103514920e+01
6.539999981689453534e+01
6.560000006103516057e+01
6.300000012207031119e+01
6.440000000000000568e+01
6.379999981689453392e+01
6.299999993896484085e+01
6.419999984741211563e+01
6.499999978637694653e+01
6.519999978637694937e+01
6.459999984741210710e+01
6.620000000000000284e+01
6.759999969482421989e+01
6.299999963378905932e+01
6.700000012207031830e+01
6.719999987792968454e+01
6.519999981689453250e+01
6.680000006103514920e+01
6.260000006103515346e+01
6.639999981689453534e+01
6.779999951171875239e+01
6.259999984741210710e+01
6.319999978637695648e+01
6.539999993896483943e+01
6.399999978637695364e+01
6.399999981689452966e+01
6.360000000000000142e+01
6.679999981689452682e+01
6.899999963378905932e+01
7.000000006103515204e+01
6.599999984741211279e+01
6.699999978637694653e+01
