5.999999999999999778e-01
5.200000007629394183e+00
6.400000007629394361e+00
8.399999977111816563e+00
1.579999989318847575e+01
1.099999998474121021e+01
5.199999946594238587e+00
1.199999999999999956e+00
2.199999994277954229e+00
1.199999994277954007e+00
2.399999994277953963e+00
7.999999994277954052e+00
3.999999994277954052e+00
2.159999996948242185e+01
1.139999997711181656e+01
5.799999994277953874e+00
3.399999999999999911e+00
1.600000000000000000e+01
1.299999994659423841e+01
1.340000001525878837e+01
4.799999977111816030e+00
7.200000015258789077e+00
4.199999988555908281e+00
1.040000001525878837e+01
3.600000000000000089e+00
1.040000001525878837e+01
1.619999995422363170e+01
6.999999994277954052e+00
9.399999946594238764e+00
5.800000007629394716e+00
1.899999995422363241e+01
4.799999994277953874e+00
7.799999999999999822e+00
2.059999989318847824e+01
6.199999946594238587e+00
1.079999995422363313e+01
2.799999988555908370e+00
7.799999946594238232e+00
8.799999988555908814e+00
1.140000001525878837e+01
1.100000000762939401e+01
1.000000000762939401e+01
6.399999977111816563e+00
7.800000015258788721e+00
8.200000015258789077e+00
1.399999995422363241e+01
6.400000015258789254e+00
1.839999989318847540e+01
9.999999977111816207e+00
7.399999946594237876e+00
9.199999977111817273e+00
1.699999989318847682e+01
7.399999994277954407e+00
1.839999986267089938e+01
5.599999988555908637e+00
7.799999977111816030e+00
4.340000003051757460e+01
1.240000001525878837e+01
1.099999994659423841e+01
7.199999988555908281e+00
2.979999993896484511e+01
2.499999990844726483e+01
1.939999995422363455e+01
1.119999997711181727e+01
1.560000003051757744e+01
1.099999995422363241e+01
2.379999990844726554e+01
1.619999994659423947e+01
1.020000001525878908e+01
6.600000007629394538e+00
1.559999989318847646e+01
1.339999994659423876e+01
6.599999946594238054e+00
8.600000007629393650e+00
9.999999923706054616e+00
1.620000003051757886e+01
6.399999977111816563e+00
3.919999975585937335e+01
8.599999946594238054e+00
2.480000003051757673e+01
1.280000001525878872e+01
1.579999992370605533e+01
1.859999992370605426e+01
1.540000001525878837e+01
1.720000001525878730e+01
1.559999989318847646e+01
1.820000001525878730e+01
1.799999992370605639e+01
2.159999996948242185e+01
2.319999999999999929e+01
2.279999998474121270e+01
2.639999990844726696e+01
2.519999993896484369e+01
2.859999996948242185e+01
2.859999986267089866e+01
3.839999981689452824e+01
3.699999978637695364e+01
3.659999981689453108e+01
3.179999975585937477e+01
3.779999990844726909e+01
3.839999975585937619e+01
3.959999984741210710e+01
3.859999969482421989e+01
3.919999978637695648e+01
3.799999993896484085e+01
3.519999972534179733e+01
3.919999990844726767e+01
3.639999981689452824e+01
4.159999972534179591e+01
4.139999981689452824e+01
3.739999978637695222e+01
3.960000000000000142e+01
3.499999987792968881e+01
4.199999996948242398e+01
3.819999984741210852e+01
4.020000003051757886e+01
3.879999993896484511e+01
4.139999987792968739e+01
3.899999975585937761e+01
3.739999999999999858e+01
3.999999978637695364e+01
4.119999990844726767e+01
4.159999975585937193e+01
3.999999984741211279e+01
4.179999996948242114e+01
4.039999978637695222e+01
4.459999978637695506e+01
4.480000003051758029e+01
4.720000003051757886e+01
4.820000006103515489e+01
5.160000000000000142e+01
5.340000006103515773e+01
5.279999987792968597e+01
5.399999984741211279e+01
5.539999978637695222e+01
6.139999987792968739e+01
5.799999990844726483e+01
5.819999996948241971e+01
5.939999996948242256e+01
5.999999981689452966e+01
5.739999981689452824e+01
6.100000006103515915e+01
6.099999987792968881e+01
6.199999975585937761e+01
6.219999978637695648e+01
6.219999984741210852e+01
6.119999978637695648e+01
6.059999984741210710e+01
6.599999969482422557e+01
6.279999987792968597e+01
6.479999978637695790e+01
6.440000003051757460e+01
6.199999981689452966e+01
6.260000000000000142e+01
6.719999981689453250e+01
6.379999990844726909e+01
6.379999969482421562e+01
6.559999987792969023e+01
6.599999978637694653e+01
6.339999963378906500e+01
6.799999963378905932e+01
6.679999990844726199e+01
6.639999969482421704e+01
6.700000000000000000e+01
6.719999963378906216e+01
6.619999987792968454e+01
6.900000012207031830e+01
6.759999963378906784e+01
6.719999963378906216e+01
6.519999969482421420e+01
6.739999969482421704e+01
6.679999975585937477e+01
6.760000012207031261e+01
6.860000006103516057e+01
6.940000000000000568e+01
6.799999978637694653e+01
6.520000003051757176e+01
6.800000000000000000e+01
6.619999957275391012e+01
6.920000006103515489e+01
6.940000012207030977e+01
6.960000012207031261e+01
6.759999993896484227e+01
6.879999999999999716e+01
6.820000012207030693e+01
6.919999969482421420e+01
6.639999963378906500e+01
6.759999978637695506e+01
6.760000006103516057e+01
6.740000006103515773e+01
6.720000006103515489e+01
6.540000000000000568e+01
6.959999978637695506e+01
6.839999963378906500e+01
6.779999975585937477e+01
7.019999969482421420e+01
6.939999975585936909e+01
6.720000000000000284e+01
6.820000012207030693e+01
6.879999993896484511e+01
