2.000000000000000111e-01
2.000000000000000000e+00
1.159999995422363206e+01
1.999999994277954052e+00
4.799999994277953874e+00
8.400000007629394361e+00
5.200000007629394183e+00
4.000000000000000222e-01
3.399999994277953963e+00
1.579999995422363313e+01
1.399999999999999911e+00
7.399999954223632770e+00
0.000000000000000000e+00
1.399999999999999911e+00
2.779999975585937477e+01
9.200000007629395071e+00
5.799999946594238232e+00
8.999999984741210213e+00
1.139999986267089760e+01
5.799999946594238232e+00
7.399999988555908459e+00
5.000000007629394894e+00
5.460000003051757744e+01
1.260000001525878943e+01
1.600000003051757957e+01
2.799999994277954318e+00
1.899999995422363241e+01
4.599999994277953697e+00
1.539999986267089760e+01
1.899999989318847682e+01
1.439999989318847717e+01
5.799999994277953874e+00
4.399999994277954407e+00
1.119999997711181727e+01
8.599999977111815852e+00
4.999999977111816207e+00
9.199999954223633480e+00
7.799999977111816030e+00
7.399999988555908459e+00
1.060000001525878943e+01
9.199999984741211279e+00
6.599999994277953697e+00
1.080000001525878872e+01
6.399999977111816563e+00
9.199999977111817273e+00
1.139999995422363277e+01
1.139999994659423876e+01
2.300000003051757957e+01
6.999999977111816207e+00
8.399999946594238764e+00
1.299999995422363241e+01
5.599999994277953697e+00
7.999999977111816207e+00
1.500000001525878979e+01
9.799999946594239120e+00
1.759999990844726625e+01
2.460000003051757744e+01
5.599999994277953697e+00
1.519999989318847611e+01
1.279999994659423912e+01
5.599999988555908637e+00
8.599999946594238054e+00
1.379999994659423912e+01
8.400000007629394361e+00
1.359999998474121163e+01
9.199999977111817273e+00
2.340000003051757815e+01
1.060000001525878943e+01
4.579999987792968597e+01
4.999999994277954052e+00
7.000000007629394894e+00
9.999999977111816207e+00
1.759999992370605426e+01
1.060000000762939365e+01
1.579999994659423912e+01
1.980000003051757673e+01
9.400000015258788366e+00
1.579999997711181692e+01
1.079999994659423912e+01
1.519999997711181727e+01
7.799999946594238232e+00
1.040000000762939436e+01
1.219999992370605391e+01
1.300000001525878979e+01
1.600000003051757957e+01
1.300000001525878979e+01
1.600000001525878801e+01
1.519999995422363348e+01
1.399999994659423841e+01
1.579999989318847575e+01
1.739999998474121057e+01
1.699999998474121199e+01
1.779999986267089795e+01
1.780000001525878872e+01
1.999999990844726483e+01
2.000000000000000000e+01
1.839999998474121057e+01
1.839999986267089938e+01
1.859999989318847824e+01
2.099999989318847682e+01
2.279999989318847753e+01
2.299999986267089724e+01
2.219999995422363170e+01
2.219999993896484369e+01
2.120000003051757886e+01
1.919999992370605568e+01
2.239999999999999858e+01
2.219999995422363170e+01
2.199999996948242043e+01
2.300000000000000000e+01
2.339999999999999858e+01
2.399999992370605639e+01
2.359999984741211065e+01
2.480000003051757673e+01
2.199999996948242043e+01
2.159999992370605426e+01
2.479999992370605355e+01
2.619999989318847611e+01
2.679999984741210994e+01
2.559999987792968668e+01
2.660000003051757744e+01
2.379999993896484511e+01
1.999999993896484440e+01
2.419999986267090009e+01
2.700000000000000000e+01
2.739999999999999858e+01
3.259999993896484227e+01
3.619999978637695648e+01
3.699999984741211279e+01
3.499999975585937761e+01
3.779999993896484511e+01
4.099999972534179449e+01
4.479999978637695079e+01
4.779999978637695079e+01
4.839999987792968739e+01
4.980000006103515631e+01
4.939999987792968739e+01
4.920000000000000284e+01
4.920000003051757886e+01
4.959999996948242540e+01
5.320000003051757886e+01
5.280000003051758029e+01
5.339999999999999858e+01
5.219999990844726767e+01
5.220000003051757886e+01
5.619999975585937335e+01
5.559999990844726625e+01
5.639999981689452824e+01
5.779999978637695079e+01
5.439999972534180017e+01
5.519999996948241971e+01
5.899999978637695364e+01
5.859999996948242540e+01
5.839999981689452824e+01
6.239999975585937619e+01
5.760000000000000142e+01
6.259999984741210710e+01
5.979999993896484511e+01
6.039999984741211136e+01
5.799999969482421847e+01
6.379999969482421562e+01
6.240000012207030977e+01
5.899999987792968881e+01
6.059999990844726625e+01
6.359999993896484227e+01
6.119999975585937335e+01
5.740000012207030977e+01
6.159999981689453108e+01
6.039999969482421704e+01
6.179999981689453392e+01
6.179999969482421562e+01
6.299999981689452966e+01
6.279999975585937477e+01
6.759999963378906784e+01
6.279999975585937477e+01
6.039999984741211136e+01
6.519999969482421420e+01
6.400000000000000000e+01
6.439999984741210426e+01
6.340000006103515773e+01
6.400000012207031830e+01
6.519999969482421420e+01
6.639999981689453534e+01
6.899999978637694653e+01
6.299999981689452966e+01
6.519999975585938046e+01
6.540000000000000568e+01
6.359999969482421989e+01
6.300000012207031119e+01
6.259999975585937193e+01
6.459999978637695506e+01
6.599999975585937761e+01
6.640000006103515773e+01
6.819999978637694937e+01
6.559999990844725914e+01
6.979999969482422273e+01
6.559999978637695506e+01
6.939999975585936909e+01
6.579999978637695790e+01
6.479999984741210994e+01
