4.199999988555908281e+00
2.799999999999999822e+00
2.519999987792968810e+01
2.060000000000000142e+01
4.000000000000000222e-01
3.799999999999999822e+00
7.999999942779540962e-01
5.599999977111816740e+00
7.400000007629394361e+00
8.000000015258789787e+00
4.000000000000000222e-01
1.139999998855590846e+01
8.399999994277953519e+00
5.399999994277954407e+00
7.799999977111816030e+00
3.199999994277954229e+00
1.659999997711181763e+01
1.819999998474121128e+01
8.399999954223632770e+00
1.860000003051757744e+01
7.000000007629394894e+00
1.039999997711181656e+01
5.999999977111816207e+00
5.800000007629394716e+00
9.799999954223633125e+00
9.599999984741211634e+00
5.200000007629394183e+00
1.239999998474121057e+01
6.200000007629394183e+00
3.399999977111816563e+00
6.400000015258789254e+00
5.999999988555908104e+00
2.039999986267089938e+01
1.220000001525878908e+01
2.039999989318847540e+01
1.199999994659423841e+01
6.799999977111816030e+00
1.179999999427795387e+01
1.879999986267089795e+01
6.399999988555908459e+00
2.999999988555908104e+00
1.759999998474120986e+01
8.999999988555908104e+00
6.600000007629394538e+00
4.399999988555908459e+00
1.039999998474121057e+01
6.999999923706054616e+00
1.200000003051757780e+01
1.380000001525878872e+01
2.619999995422363170e+01
1.259999998855590775e+01
1.299999998474121021e+01
2.779999992370605355e+01
9.599999984741211634e+00
1.919999992370605568e+01
5.599999988555908637e+00
5.399999977111816563e+00
6.799999988555907926e+00
9.199999946594237699e+00
8.399999977111816563e+00
7.999999954223632415e+00
1.219999997711181727e+01
1.040000001525878837e+01
8.399999946594238764e+00
6.799999977111816030e+00
1.140000001525878837e+01
1.019999994659423770e+01
1.039999989318847717e+01
8.199999977111817273e+00
1.819999989318847611e+01
1.060000001525878943e+01
8.399999984741210568e+00
1.099999998474121021e+01
1.459999994659423805e+01
9.599999977111815852e+00
1.059999992370605426e+01
1.699999992370605639e+01
1.120000000762939507e+01
1.119999992370605391e+01
8.799999946594239120e+00
9.399999988555908459e+00
1.299999994659423841e+01
1.119999998855590739e+01
1.119999997711181727e+01
1.179999997711181692e+01
1.140000001525878837e+01
1.160000001525878943e+01
1.199999994659423841e+01
1.419999997711181727e+01
1.239999994659423876e+01
1.540000001525878837e+01
1.820000001525878730e+01
1.519999994659423770e+01
1.859999993896484227e+01
1.819999995422363170e+01
1.839999989318847540e+01
1.799999992370605639e+01
1.819999998474121128e+01
1.999999992370605639e+01
2.040000003051757815e+01
2.120000003051757886e+01
2.159999996948242185e+01
2.099999996948242043e+01
2.119999984741210852e+01
2.239999999999999858e+01
2.199999986267089724e+01
2.680000001525878872e+01
2.319999986267090009e+01
2.380000003051757673e+01
2.599999998474121199e+01
2.719999999999999929e+01
2.660000000000000142e+01
2.619999989318847611e+01
2.819999984741210852e+01
2.699999996948242043e+01
2.759999981689453108e+01
2.719999996948242327e+01
2.499999992370605639e+01
2.739999986267089938e+01
2.539999993896484298e+01
2.919999984741210852e+01
3.019999984741210852e+01
3.279999990844726909e+01
3.099999990844726483e+01
3.559999984741210710e+01
3.939999999999999858e+01
4.020000003051757886e+01
4.099999972534179449e+01
4.719999993896484369e+01
5.059999996948242540e+01
5.400000003051757602e+01
5.060000000000000142e+01
4.920000006103515489e+01
5.519999993896484369e+01
5.459999987792969023e+01
5.779999993896484511e+01
5.499999987792968881e+01
5.719999987792968454e+01
5.539999990844726341e+01
5.579999984741210994e+01
5.719999984741210852e+01
5.679999984741210994e+01
5.600000006103515915e+01
6.039999987792968739e+01
6.280000006103515631e+01
5.900000012207031119e+01
6.499999963378905932e+01
6.579999978637695790e+01
6.279999993896484511e+01
6.339999975585937619e+01
6.319999984741210852e+01
5.819999993896484369e+01
6.319999987792968454e+01
6.359999975585937193e+01
6.280000003051758029e+01
6.320000000000000284e+01
6.379999987792968597e+01
6.379999975585937477e+01
6.159999978637695506e+01
6.399999978637695364e+01
6.300000006103515915e+01
6.779999999999999716e+01
6.540000012207030977e+01
6.659999990844725914e+01
6.419999975585938046e+01
6.539999987792968739e+01
6.459999969482421989e+01
6.700000006103515204e+01
6.560000012207031261e+01
6.479999987792969307e+01
6.799999978637694653e+01
6.379999990844726909e+01
6.299999978637695364e+01
6.600000012207031830e+01
6.559999981689453818e+01
6.619999984741211563e+01
6.720000012207030693e+01
6.659999975585937193e+01
6.699999969482422557e+01
6.439999963378906500e+01
6.540000012207030977e+01
6.839999981689453534e+01
6.779999981689452682e+01
6.699999963378905932e+01
6.820000000000000284e+01
6.539999969482421704e+01
6.759999957275390159e+01
7.000000012207031830e+01
6.659999999999999432e+01
6.840000006103515773e+01
6.860000012207031261e+01
6.760000006103516057e+01
6.399999957275390727e+01
6.959999969482421989e+01
6.799999963378905932e+01
6.760000006103516057e+01
6.599999969482422557e+01
6.719999984741211563e+01
7.120000006103515489e+01
6.720000012207030693e+01
