0.000000000000000000e+00
1.599999988555908192e+00
3.079999996948242114e+01
2.599999994277954141e+00
3.599999994277954141e+00
1.039999994659423876e+01
4.000000000000000000e+00
2.399999988555908015e+00
9.999999942779540518e-01
8.600000015258789432e+00
1.679999995422363313e+01
6.200000007629394183e+00
1.379999999427795387e+01
1.279999995422363313e+01
4.400000015258789254e+00
1.020000001525878908e+01
1.799999994277954096e+00
6.999999994277954052e+00
5.599999988555908637e+00
4.999999994277954052e+00
6.000000007629394894e+00
8.800000015258788721e+00
9.799999984741210923e+00
1.199999998855590810e+01
4.600000007629394538e+00
1.339999994659423876e+01
1.580000000000000071e+01
2.019999992370605568e+01
5.600000007629394538e+00
9.000000015258789787e+00
8.999999946594238409e+00
9.199999977111817273e+00
4.999999977111816207e+00
1.299999986267089902e+01
1.059999999427795458e+01
1.300000001525878979e+01
4.600000007629394538e+00
9.599999954223632059e+00
7.000000015258788899e+00
1.420000003051757886e+01
4.999999988555908104e+00
9.199999994277954229e+00
1.360000001525878943e+01
1.719999995422363170e+01
3.999999988555908104e+00
7.999999977111816207e+00
7.799999977111816030e+00
9.600000015258789432e+00
1.039999994659423876e+01
8.800000015258788721e+00
8.399999988555908459e+00
1.119999989318847611e+01
1.540000003051757815e+01
2.539999999999999858e+01
1.119999995422363348e+01
1.899999992370605639e+01
1.399999995422363241e+01
1.079999998474121092e+01
1.239999997711181656e+01
8.400000007629394361e+00
1.639999992370605497e+01
8.999999977111816207e+00
7.000000007629394894e+00
1.439999998855590846e+01
1.740000003051757815e+01
1.279999998855590881e+01
6.199999994277954229e+00
1.559999995422363206e+01
2.160000003051757744e+01
7.399999988555908459e+00
4.999999994277954052e+00
8.000000007629394005e+00
9.999999977111816207e+00
1.439999986267089760e+01
8.199999994277954229e+00
1.019999992370605391e+01
1.599999989318847682e+01
7.799999977111816030e+00
5.799999977111816030e+00
2.560000003051757744e+01
1.060000001525878943e+01
9.999999977111816207e+00
1.099999998474121021e+01
1.159999994659423805e+01
1.219999997711181727e+01
1.299999998474121021e+01
1.240000001525878837e+01
1.339999994659423876e+01
1.780000003051757673e+01
1.739999989318847540e+01
1.860000003051757744e+01
1.899999997711181621e+01
1.759999989318847824e+01
1.500000001525878979e+01
1.979999995422363313e+01
1.839999992370605497e+01
2.219999998474121128e+01
2.319999990844726412e+01
2.019999992370605568e+01
2.479999993896484511e+01
2.619999997711181550e+01
2.999999984741210923e+01
2.719999987792968810e+01
2.759999993896484227e+01
2.379999987792968597e+01
2.839999984741210781e+01
2.620000003051757886e+01
2.799999989318847682e+01
2.899999996948242043e+01
3.300000003051757602e+01
3.139999969482421704e+01
2.979999972534179520e+01
2.619999999999999929e+01
3.359999984741210710e+01
3.539999987792968739e+01
3.339999990844726341e+01
3.279999987792968597e+01
3.559999984741210710e+01
3.079999986267089795e+01
3.119999993896484369e+01
3.440000006103515773e+01
3.439999987792968739e+01
3.559999987792969023e+01
3.939999981689452824e+01
4.240000006103515773e+01
4.439999969482421704e+01
4.660000003051757744e+01
4.659999969482421989e+01
4.800000006103515915e+01
5.579999981689453392e+01
5.479999996948242114e+01
5.779999984741210994e+01
5.760000003051757744e+01
5.960000000000000142e+01
6.139999999999999858e+01
6.059999981689453108e+01
6.139999990844726341e+01
6.139999975585937619e+01
6.660000012207031261e+01
6.459999981689453818e+01
6.679999969482422273e+01
6.599999981689452966e+01
6.319999990844726767e+01
6.379999999999999716e+01
6.839999981689453534e+01
6.860000012207031261e+01
6.840000000000000568e+01
6.719999981689453250e+01
6.859999975585937193e+01
6.839999978637695222e+01
6.860000012207031261e+01
6.780000012207031546e+01
6.539999969482421704e+01
6.779999957275390443e+01
6.659999978637695506e+01
6.899999987792968170e+01
6.719999975585938046e+01
6.879999969482422273e+01
6.839999945068359466e+01
6.959999993896484227e+01
6.819999957275391012e+01
6.699999957275390727e+01
6.919999993896485080e+01
6.799999981689452966e+01
7.119999978637694937e+01
6.679999957275390443e+01
6.960000012207031261e+01
7.159999957275390159e+01
7.039999969482421704e+01
7.200000012207031830e+01
6.979999957275390443e+01
7.179999963378905647e+01
6.960000006103516057e+01
6.899999993896484796e+01
7.100000012207031830e+01
6.899999963378905932e+01
6.699999975585937761e+01
7.399999957275390727e+01
6.680000012207031546e+01
6.939999993896483943e+01
7.100000000000000000e+01
7.179999963378905647e+01
7.179999999999999716e+01
7.219999978637694937e+01
7.079999969482422273e+01
6.819999963378906216e+01
7.039999945068359466e+01
7.339999957275391296e+01
7.000000012207031830e+01
7.100000006103515204e+01
7.339999993896483943e+01
7.240000000000000568e+01
7.519999963378906216e+01
7.339999990844727051e+01
7.339999993896483943e+01
7.320000000000000284e+01
7.000000012207031830e+01
7.120000012207030693e+01
7.019999963378906216e+01
7.259999969482421989e+01
