5.899999978637695364e+01
4.799999988555907926e+00
1.399999995422363241e+01
1.199999994277954007e+00
7.599999988555908637e+00
1.799999995422363241e+01
5.599999977111816740e+00
8.399999977111816563e+00
1.959999995422363384e+01
4.199999988555908281e+00
1.240000000762939436e+01
4.199999994277954229e+00
5.799999994277953874e+00
7.600000015258789432e+00
9.600000007629393650e+00
1.299999997711181621e+01
7.399999984741210568e+00
6.599999988555908637e+00
1.059999998474121163e+01
5.199999994277954229e+00
3.799999999999999822e+00
8.399999946594238764e+00
1.220000001525878908e+01
1.539999995422363277e+01
2.799999988555908370e+00
1.019999995422363348e+01
7.600000007629394538e+00
2.119999999999999929e+01
8.800000007629394716e+00
7.399999977111816563e+00
1.259999998855590775e+01
7.199999988555908281e+00
7.399999994277954407e+00
1.099999998474121021e+01
6.999999988555908104e+00
8.199999946594237699e+00
5.400000007629394361e+00
1.159999994659423805e+01
8.399999994277953519e+00
6.399999988555908459e+00
5.399999988555908459e+00
1.719999995422363170e+01
8.799999988555908814e+00
7.800000007629394716e+00
1.060000000762939365e+01
9.400000015258788366e+00
1.820000003051757886e+01
1.719999986267090009e+01
9.200000015258789077e+00
1.100000001525878979e+01
1.079999997711181692e+01
1.379999995422363313e+01
7.999999977111816207e+00
6.799999946594238232e+00
1.460000001525878943e+01
6.599999988555908637e+00
9.199999954223633480e+00
1.199999995422363241e+01
1.420000001525878908e+01
1.159999994659423805e+01
1.159999997711181585e+01
1.539999989318847717e+01
1.459999994659423805e+01
1.359999997711181585e+01
9.199999946594237699e+00
9.599999954223632059e+00
9.999999977111816207e+00
6.799999984741210923e+00
8.999999946594238409e+00
1.380000003051757851e+01
9.199999946594237699e+00
9.999999984741210213e+00
2.299999989318847682e+01
7.999999984741211101e+00
1.659999998474120986e+01
8.799999946594239120e+00
8.200000015258789077e+00
1.119999998855590739e+01
1.159999994659423805e+01
1.139999998474121057e+01
2.199999992370605639e+01
3.940000003051757460e+01
1.559999995422363206e+01
1.479999992370605533e+01
1.439999995422363277e+01
1.299999998474121021e+01
1.319999995422363348e+01
1.420000001525878908e+01
1.379999998474121092e+01
1.439999998474121057e+01
1.299999995422363241e+01
1.679999995422363313e+01
1.939999999999999858e+01
1.999999989318847682e+01
2.019999989318847611e+01
2.119999987792968810e+01
2.039999995422363455e+01
1.999999998474121199e+01
2.259999996948242185e+01
2.200000000000000000e+01
2.019999998474121128e+01
2.379999986267089795e+01
2.060000000000000142e+01
2.360000003051757744e+01
2.200000001525878801e+01
2.699999989318847682e+01
2.439999989318847540e+01
2.839999993896484298e+01
2.639999998474121057e+01
2.619999990844726412e+01
2.659999993896484227e+01
2.500000000000000000e+01
2.559999996948242185e+01
2.599999986267089724e+01
2.719999987792968810e+01
2.899999996948242043e+01
2.619999999999999929e+01
2.899999993896484440e+01
3.019999984741210852e+01
3.259999984741210710e+01
2.880000003051757673e+01
2.839999987792968739e+01
2.660000000000000142e+01
2.820000003051757886e+01
2.999999981689452966e+01
2.860000003051757744e+01
3.119999981689453250e+01
3.379999987792968597e+01
3.339999993896484654e+01
3.359999978637695506e+01
3.639999972534180017e+01
4.099999975585937761e+01
4.180000006103515631e+01
4.600000006103515915e+01
4.839999999999999858e+01
4.780000006103515631e+01
4.780000003051758029e+01
4.959999969482421989e+01
4.999999996948242398e+01
5.199999984741211279e+01
5.359999987792969023e+01
5.779999990844726909e+01
5.519999984741210852e+01
5.439999990844726341e+01
5.679999969482421562e+01
5.579999981689453392e+01
5.859999969482421989e+01
5.419999975585937335e+01
6.039999981689452824e+01
5.539999969482421704e+01
5.879999981689453392e+01
5.779999981689453392e+01
6.360000000000000142e+01
6.279999999999999716e+01
6.059999987792969023e+01
6.139999990844726341e+01
6.179999987792968597e+01
6.319999978637695648e+01
6.640000006103515773e+01
6.659999993896484227e+01
6.639999987792968739e+01
6.299999987792968881e+01
6.840000012207030977e+01
6.139999984741211136e+01
6.419999981689453250e+01
6.619999981689453250e+01
6.720000006103515489e+01
6.720000006103515489e+01
6.699999963378905932e+01
6.939999963378906500e+01
6.479999990844726199e+01
6.099999975585937761e+01
6.419999987792968454e+01
6.099999984741211279e+01
6.819999984741211563e+01
6.819999969482421420e+01
6.939999975585936909e+01
6.920000006103515489e+01
6.799999969482422557e+01
6.799999981689452966e+01
6.879999975585937477e+01
6.619999993896485080e+01
6.739999963378906500e+01
6.739999981689453534e+01
7.039999963378906500e+01
6.560000006103516057e+01
6.719999993896485080e+01
6.639999969482421704e+01
6.539999975585936909e+01
6.779999975585937477e+01
6.799999963378905932e+01
6.399999975585937761e+01
6.540000006103515773e+01
7.200000006103515204e+01
6.499999978637694653e+01
7.019999963378906216e+01
6.760000012207031261e+01
6.779999975585937477e+01
6.780000012207031546e+01
7.179999963378905647e+01
