2.200000000000000178e+00
5.999999999999999778e-01
0.000000000000000000e+00
9.399999954223632770e+00
8.999999988555908104e+00
7.199999977111816385e+00
1.119999994659423770e+01
6.799999977111816030e+00
4.000000000000000222e-01
9.799999984741210923e+00
7.199999977111816385e+00
6.599999988555908637e+00
1.339999989318847717e+01
8.799999988555908814e+00
3.600000000000000089e+00
8.400000007629394361e+00
1.059999997711181585e+01
5.599999994277953697e+00
2.199999994277954229e+00
4.799999999999999822e+00
9.999999954223632415e+00
9.399999988555908459e+00
1.039999995422363277e+01
4.399999946594237876e+00
7.799999988555907926e+00
1.279999992370605533e+01
9.600000015258789432e+00
5.599999999999999645e+00
7.599999988555908637e+00
1.100000000762939401e+01
7.399999946594237876e+00
8.399999946594238764e+00
1.039999998474121057e+01
1.020000000762939507e+01
8.599999946594238054e+00
6.399999977111816563e+00
4.199999994277954229e+00
5.199999946594238587e+00
8.800000007629394716e+00
5.599999988555908637e+00
1.279999992370605533e+01
9.400000015258788366e+00
1.239999994659423876e+01
4.599999977111816740e+00
9.800000007629394716e+00
1.139999989318847717e+01
4.059999969482421989e+01
1.299999995422363241e+01
7.000000007629394894e+00
5.599999984741210746e+00
7.599999984741210746e+00
7.599999977111816740e+00
6.599999988555908637e+00
1.059999995422363206e+01
1.479999994659423912e+01
6.800000007629394716e+00
7.400000007629394361e+00
5.999999994277954052e+00
1.399999994659423841e+01
8.800000015258788721e+00
9.200000007629395071e+00
2.279999993896484511e+01
1.299999986267089902e+01
1.139999995422363277e+01
1.239999986267089760e+01
7.600000007629394538e+00
1.139999997711181656e+01
8.600000015258789432e+00
1.079999992370605533e+01
7.599999946594238054e+00
1.039999994659423876e+01
2.099999992370605639e+01
1.879999995422363313e+01
9.399999988555908459e+00
1.199999989318847682e+01
8.399999862670897599e+00
5.399999977111816563e+00
1.160000001525878943e+01
8.799999984741210923e+00
1.220000000762939507e+01
1.019999994659423770e+01
8.999999988555908104e+00
1.020000001525878908e+01
8.799999946594239120e+00
1.100000000762939401e+01
1.139999994659423876e+01
1.079999997711181692e+01
1.160000001525878943e+01
1.200000001525878979e+01
1.339999994659423876e+01
1.339999994659423876e+01
1.399999994659423841e+01
1.699999995422363241e+01
1.459999998474121163e+01
1.679999995422363313e+01
1.759999992370605426e+01
1.700000000000000000e+01
1.960000003051757744e+01
2.379999986267089795e+01
2.219999993896484369e+01
1.999999989318847682e+01
2.100000000000000000e+01
2.099999992370605639e+01
2.460000003051757744e+01
2.279999989318847753e+01
2.100000003051757957e+01
2.260000001525878943e+01
2.259999989318847824e+01
2.560000000000000142e+01
2.539999990844726696e+01
3.099999993896484440e+01
3.539999978637695222e+01
2.479999996948242114e+01
2.620000003051757886e+01
3.279999993896484511e+01
2.819999987792968810e+01
2.979999996948242114e+01
2.839999978637695222e+01
3.119999990844726412e+01
3.299999990844726483e+01
3.459999987792969023e+01
3.199999972534179804e+01
3.079999996948242114e+01
3.259999984741210710e+01
3.819999987792968454e+01
3.839999972534180017e+01
4.219999969482422131e+01
4.119999993896484369e+01
5.080000003051758029e+01
5.079999996948242114e+01
4.820000003051757886e+01
5.159999987792969023e+01
5.400000000000000000e+01
5.899999993896484085e+01
5.699999987792968881e+01
6.259999981689453108e+01
6.359999975585937193e+01
6.299999990844726483e+01
6.400000000000000000e+01
6.579999984741210994e+01
6.739999969482421704e+01
6.619999975585938046e+01
6.640000006103515773e+01
6.639999981689453534e+01
6.659999969482421989e+01
7.139999978637695222e+01
7.280000006103514920e+01
6.979999969482422273e+01
7.100000000000000000e+01
6.999999975585937761e+01
6.999999984741211279e+01
7.100000006103515204e+01
6.920000006103515489e+01
7.300000000000000000e+01
7.039999981689453534e+01
7.399999945068358898e+01
7.500000012207031830e+01
6.839999975585936909e+01
6.939999963378906500e+01
7.099999963378905932e+01
7.039999978637695222e+01
7.059999975585937193e+01
6.879999963378905647e+01
6.879999975585937477e+01
7.359999999999999432e+01
7.319999969482421420e+01
7.360000006103516057e+01
7.259999957275390159e+01
7.399999951171875523e+01
7.480000012207031546e+01
7.439999963378906500e+01
7.319999951171874386e+01
7.439999987792968739e+01
7.699999993896484796e+01
6.999999978637694653e+01
7.359999978637695506e+01
7.479999999999999716e+01
7.180000012207031546e+01
7.759999969482421989e+01
7.639999951171874670e+01
7.699999957275390727e+01
7.640000006103515773e+01
7.539999951171874670e+01
7.739999945068359466e+01
7.559999978637695506e+01
7.540000012207030977e+01
7.659999957275390159e+01
7.939999987792968739e+01
7.939999969482421704e+01
7.619999957275391012e+01
7.720000000000000284e+01
7.519999963378906216e+01
8.159999951171874955e+01
7.499999963378905932e+01
7.839999957275391296e+01
7.680000012207031546e+01
7.579999951171875239e+01
7.939999957275391296e+01
7.639999987792968739e+01
8.039999938964844262e+01
