0.000000000000000000e+00
1.199999999999999956e+00
5.200000015258789077e+00
4.399999988555908459e+00
4.999999994277954052e+00
3.799999988555908370e+00
1.799999994277954096e+00
8.000000000000000444e-01
4.399999988555908459e+00
7.599999984741210746e+00
1.159999999427795458e+01
4.799999988555907926e+00
7.599999988555908637e+00
7.000000015258788899e+00
1.239999997711181656e+01
1.140000001525878837e+01
1.780000001525878872e+01
1.199999989318847682e+01
1.239999995422363277e+01
9.999999977111816207e+00
1.760000001525878943e+01
7.599999988555908637e+00
1.179999992370605533e+01
3.599999977111816296e+00
5.999999977111816207e+00
6.199999946594238587e+00
1.580000001525878872e+01
8.400000015258788366e+00
1.279999998474121092e+01
1.179999994659423912e+01
1.240000001525878837e+01
1.239999994659423876e+01
1.819999989318847611e+01
1.499999998474121021e+01
1.080000001525878872e+01
9.399999984741210568e+00
7.999999977111816207e+00
8.399999946594238764e+00
5.599999988555908637e+00
1.320000001525878908e+01
1.480000003051757851e+01
1.100000001525878979e+01
1.119999995422363348e+01
1.059999997711181585e+01
6.399999988555908459e+00
1.599999995422363241e+01
1.259999998474121163e+01
5.600000007629394538e+00
1.039999994659423876e+01
9.199999946594237699e+00
6.999999946594238409e+00
1.379999994659423912e+01
1.420000001525878908e+01
1.659999998474120986e+01
7.000000007629394894e+00
5.600000007629394538e+00
1.919999986267090009e+01
1.020000000762939507e+01
9.400000015258788366e+00
2.360000003051757744e+01
6.600000007629394538e+00
1.079999995422363313e+01
6.599999994277953697e+00
1.499999989318847682e+01
1.360000001525878943e+01
1.079999994659423912e+01
1.120000001525878908e+01
3.199999994277954229e+00
2.139999989318847540e+01
9.400000015258788366e+00
1.919999992370605568e+01
1.019999998474121128e+01
1.119999997711181727e+01
2.179999995422363313e+01
1.459999994659423805e+01
7.799999984741210923e+00
2.039999993896484298e+01
1.599999998474121021e+01
1.080000001525878872e+01
1.259999998474121163e+01
1.639999995422363455e+01
1.019999997711181727e+01
1.340000001525878837e+01
1.559999989318847646e+01
1.639999986267089938e+01
1.639999995422363455e+01
1.599999998474121021e+01
1.740000003051757815e+01
1.960000001525878943e+01
1.879999998474121270e+01
2.020000003051757886e+01
2.299999993896484440e+01
2.520000003051757886e+01
2.859999975585937548e+01
2.679999989318847753e+01
2.380000000000000071e+01
2.579999996948242114e+01
2.540000003051757815e+01
2.919999984741210852e+01
3.139999987792968739e+01
2.439999987792968739e+01
3.059999993896484227e+01
3.019999984741210852e+01
3.119999993896484369e+01
3.059999984741211065e+01
2.979999996948242114e+01
3.139999984741210781e+01
2.619999990844726412e+01
2.979999993896484511e+01
3.119999990844726412e+01
3.319999984741210852e+01
3.359999981689453108e+01
3.039999987792968739e+01
3.639999987792968739e+01
3.519999981689453250e+01
3.519999984741210852e+01
2.919999984741210852e+01
3.339999978637695222e+01
3.559999975585937193e+01
3.679999984741210994e+01
3.719999975585937335e+01
3.539999996948242256e+01
3.479999984741210994e+01
3.779999978637695079e+01
4.019999978637695648e+01
4.320000000000000284e+01
4.900000003051757602e+01
4.839999993896484654e+01
4.939999969482421704e+01
5.180000006103515631e+01
5.460000000000000142e+01
5.240000003051757460e+01
5.339999984741211136e+01
5.540000012207030977e+01
6.239999969482421704e+01
5.319999993896484369e+01
6.479999987792969307e+01
6.199999978637695364e+01
5.799999981689452966e+01
6.059999990844726625e+01
6.679999993896484511e+01
6.459999987792969023e+01
6.539999981689453534e+01
6.179999990844726909e+01
6.380000006103515631e+01
6.320000006103515489e+01
6.219999981689453250e+01
6.279999978637695079e+01
6.719999990844726767e+01
6.480000006103514920e+01
6.739999978637695222e+01
6.879999978637695790e+01
6.679999978637695790e+01
6.759999978637695506e+01
6.879999981689452682e+01
6.639999969482421704e+01
6.799999969482422557e+01
6.559999990844725914e+01
6.739999981689453534e+01
6.819999969482421420e+01
7.239999963378906500e+01
6.879999999999999716e+01
6.840000012207030977e+01
7.139999975585936909e+01
6.619999984741211563e+01
7.000000006103515204e+01
6.659999981689453818e+01
6.899999969482422557e+01
6.720000006103515489e+01
6.979999975585937477e+01
6.939999969482421704e+01
7.079999963378905647e+01
6.759999990844725914e+01
6.860000012207031261e+01
7.519999957275391012e+01
7.179999969482422273e+01
7.040000012207030977e+01
7.100000012207031830e+01
6.899999984741211279e+01
7.220000000000000284e+01
7.140000000000000568e+01
7.079999999999999716e+01
7.379999987792969307e+01
7.140000006103515773e+01
7.239999981689453534e+01
6.879999981689452682e+01
7.519999963378906216e+01
6.959999975585937193e+01
7.659999963378906784e+01
7.440000000000000568e+01
7.239999951171874670e+01
6.879999975585937477e+01
7.319999957275391012e+01
7.359999957275390159e+01
7.600000006103515204e+01
7.479999975585937477e+01
7.239999978637695222e+01
7.459999957275390159e+01
7.599999963378905932e+01
7.059999981689453818e+01
