1.980000000000000071e+01
9.999999942779540518e-01
4.999999994277954052e+00
4.559999975585937193e+01
5.399999994277954407e+00
1.999999994277954052e+00
1.080000001525878872e+01
3.200000007629394627e+00
6.399999988555908459e+00
4.399999977111816563e+00
2.399999999999999911e+00
8.999999977111816207e+00
3.399999999999999911e+00
1.800000000000000044e+00
1.599999986267089902e+01
3.599999988555908192e+00
7.399999977111816563e+00
1.199999992370605462e+01
1.299999995422363241e+01
3.799999977111816474e+00
3.999999942779540740e-01
2.499999984741210923e+01
1.699999989318847682e+01
1.919999992370605568e+01
9.799999946594239120e+00
1.559999992370605426e+01
7.199999977111816385e+00
9.399999977111816563e+00
6.400000007629394361e+00
7.999999946594238409e+00
6.200000007629394183e+00
1.399999995422363241e+01
1.219999994659423770e+01
6.599999988555908637e+00
1.259999998474121163e+01
2.959999992370605426e+01
1.100000001525878979e+01
8.199999954223633480e+00
1.639999998474121057e+01
2.319999996948242327e+01
1.040000000762939436e+01
8.799999946594239120e+00
1.439999995422363277e+01
5.199999977111816385e+00
2.019999986267090009e+01
1.560000003051757744e+01
1.059999997711181585e+01
9.000000007629394005e+00
2.680000000000000071e+01
1.000000000762939401e+01
9.200000015258789077e+00
3.799999988555908370e+00
5.599999977111816740e+00
7.599999954223632948e+00
1.299999998474121021e+01
1.039999997711181656e+01
6.000000015258788899e+00
6.999999977111816207e+00
1.759999998474120986e+01
1.599999992370605462e+01
6.999999988555908104e+00
1.100000001525878979e+01
7.000000015258788899e+00
9.400000015258788366e+00
9.000000015258789787e+00
1.019999997711181727e+01
6.799999954223633125e+00
9.400000007629394361e+00
9.200000007629395071e+00
9.200000015258789077e+00
1.599999993896484440e+01
1.159999997711181585e+01
1.699999997711181621e+01
9.399999977111816563e+00
1.059999999999999964e+01
1.719999994659423947e+01
1.000000000762939401e+01
7.399999946594237876e+00
9.399999977111816563e+00
1.559999995422363206e+01
1.579999992370605533e+01
9.199999984741211279e+00
1.539999992370605497e+01
1.339999989318847717e+01
1.699999992370605639e+01
1.659999992370605426e+01
1.659999994659423805e+01
1.879999996948242114e+01
1.859999995422363384e+01
2.139999998474121057e+01
2.320000003051757886e+01
2.259999986267089866e+01
2.019999996948242327e+01
2.019999989318847611e+01
2.719999993896484369e+01
2.559999993896484227e+01
2.720000003051757886e+01
2.779999984741210994e+01
2.559999990844726625e+01
3.339999984741211136e+01
3.219999990844726767e+01
3.119999972534179733e+01
3.399999984741211279e+01
3.339999981689452824e+01
3.519999990844726767e+01
3.779999984741210994e+01
3.400000000000000000e+01
3.259999990844726625e+01
3.120000006103515489e+01
3.200000000000000000e+01
2.639999992370605497e+01
3.300000000000000000e+01
3.039999992370605497e+01
3.319999987792968454e+01
3.219999987792968454e+01
3.239999993896484654e+01
2.599999993896484440e+01
3.279999996948242114e+01
3.519999984741210852e+01
3.579999996948242114e+01
3.699999978637695364e+01
3.700000000000000000e+01
3.839999993896484654e+01
3.879999981689453392e+01
4.079999981689453392e+01
4.259999984741210710e+01
4.519999990844726767e+01
4.499999975585937761e+01
4.699999987792968881e+01
4.819999975585937335e+01
5.520000003051757886e+01
5.459999975585937193e+01
5.340000003051757460e+01
5.459999984741210710e+01
5.439999981689452824e+01
5.419999996948241971e+01
5.599999990844726483e+01
5.639999984741211136e+01
5.679999990844726909e+01
5.879999990844726909e+01
5.940000003051757460e+01
5.940000012207030977e+01
5.619999987792968454e+01
6.319999978637695648e+01
6.279999984741210994e+01
5.979999996948242114e+01
6.259999981689453108e+01
6.259999987792969023e+01
5.959999981689453108e+01
6.379999975585937477e+01
5.819999969482422131e+01
6.400000006103515204e+01
6.139999984741211136e+01
6.519999969482421420e+01
6.339999987792968739e+01
6.239999981689452824e+01
6.399999987792968881e+01
6.299999993896484085e+01
6.399999981689452966e+01
6.599999990844726483e+01
6.479999987792969307e+01
6.540000006103515773e+01
6.579999987792969307e+01
5.959999990844726625e+01
6.339999978637695222e+01
6.560000006103516057e+01
6.659999975585937193e+01
6.560000012207031261e+01
6.520000006103515489e+01
6.680000012207031546e+01
6.639999975585936909e+01
6.259999993896484227e+01
6.599999975585937761e+01
6.679999996948242824e+01
6.659999999999999432e+01
6.380000006103515631e+01
6.739999978637695222e+01
6.499999993896484796e+01
6.459999984741210710e+01
6.659999975585937193e+01
6.819999963378906216e+01
6.780000006103514920e+01
6.679999978637695790e+01
6.800000006103515204e+01
6.839999969482421704e+01
6.479999963378905647e+01
6.559999963378906784e+01
6.839999969482421704e+01
6.559999978637695506e+01
6.719999984741211563e+01
6.899999981689452966e+01
6.719999969482421420e+01
6.819999975585938046e+01
6.759999957275390159e+01
6.979999999999999716e+01
6.900000006103515204e+01
6.699999975585937761e+01
6.839999969482421704e+01
6.799999963378905932e+01
6.500000012207031830e+01
