0.000000000000000000e+00
0.000000000000000000e+00
7.999999942779540962e-01
6.800000015258788721e+00
1.199999997711181621e+01
5.999999999999999778e-01
1.199999994277954007e+00
9.199999977111817273e+00
1.199999994277954007e+00
2.039999992370605497e+01
1.000000000000000000e+00
7.599999946594238054e+00
9.800000007629394716e+00
7.199999984741211279e+00
1.079999995422363313e+01
2.600000000000000089e+00
9.600000015258789432e+00
5.999999999999999778e-01
8.000000000000000444e-01
7.000000007629394894e+00
8.799999946594239120e+00
6.400000007629394361e+00
5.199999977111816385e+00
3.679999993896484511e+01
6.400000007629394361e+00
7.399999988555908459e+00
1.480000001525878872e+01
1.519999989318847611e+01
5.599999988555908637e+00
3.399999978637695364e+01
1.660000001525878943e+01
7.199999977111816385e+00
6.399999988555908459e+00
1.099999995422363241e+01
6.000000000000000000e+00
8.199999977111817273e+00
5.799999988555907926e+00
1.659999989318847824e+01
1.020000000762939507e+01
4.999999994277954052e+00
1.200000000762939401e+01
1.380000000762939472e+01
9.999999977111816207e+00
3.999999994277954052e+00
7.400000015258789254e+00
9.199999984741211279e+00
6.399999988555908459e+00
1.340000000762939436e+01
9.599999954223632059e+00
9.799999923706055327e+00
6.400000007629394361e+00
6.999999984741211101e+00
2.539999989318847540e+01
1.179999997711181692e+01
7.999999994277954052e+00
7.599999977111816740e+00
2.099999998474121199e+01
6.999999977111816207e+00
3.639999969482421704e+01
1.300000001525878979e+01
1.279999995422363313e+01
9.599999994277954585e+00
1.060000000762939365e+01
4.799999988555907926e+00
1.539999993896484298e+01
2.719999999999999929e+01
8.599999946594238054e+00
1.619999990844726412e+01
1.219999994659423770e+01
1.139999995422363277e+01
1.399999995422363241e+01
4.399999988555908459e+00
8.799999977111816918e+00
7.800000015258788721e+00
9.799999954223633125e+00
1.260000001525878943e+01
1.419999986267089831e+01
4.199999988555908281e+00
5.199999946594238587e+00
2.359999986267089866e+01
1.659999992370605426e+01
1.100000001525878979e+01
1.139999998855590846e+01
1.299999998855590810e+01
1.379999995422363313e+01
1.359999992370605426e+01
1.659999989318847824e+01
1.479999997711181692e+01
1.659999992370605426e+01
1.720000003051757886e+01
2.099999989318847682e+01
1.819999989318847611e+01
1.779999998474121270e+01
2.039999992370605497e+01
2.199999994659423663e+01
2.379999986267089795e+01
2.339999987792968739e+01
2.559999996948242185e+01
2.439999998474121057e+01
2.599999992370605639e+01
2.539999999999999858e+01
3.059999986267089866e+01
2.600000003051757957e+01
2.919999984741210852e+01
3.159999978637695150e+01
3.080000003051757673e+01
3.659999990844726625e+01
3.360000000000000142e+01
3.399999969482421847e+01
3.080000006103515631e+01
3.559999981689453108e+01
3.179999981689453037e+01
3.619999969482422131e+01
3.320000000000000284e+01
3.099999987792968881e+01
3.860000003051757744e+01
3.279999978637695079e+01
4.019999996948241971e+01
3.699999978637695364e+01
3.839999987792968739e+01
4.500000000000000000e+01
3.799999978637695364e+01
3.659999975585937193e+01
3.880000006103515631e+01
4.259999969482421989e+01
4.459999969482421989e+01
4.919999975585937335e+01
4.959999978637695506e+01
5.119999987792968454e+01
5.720000003051757886e+01
5.359999996948242540e+01
5.679999996948242114e+01
6.439999981689453534e+01
6.120000000000000284e+01
6.939999978637695222e+01
7.059999975585937193e+01
6.459999963378906784e+01
7.200000000000000000e+01
7.180000012207031546e+01
7.039999951171874670e+01
6.999999969482422557e+01
6.919999963378906216e+01
6.879999963378905647e+01
7.319999987792968454e+01
7.500000012207031830e+01
6.959999957275390159e+01
7.279999963378905647e+01
7.100000006103515204e+01
7.180000006103514920e+01
7.519999963378906216e+01
7.240000012207030977e+01
7.620000006103515489e+01
6.559999978637695506e+01
7.499999969482422557e+01
7.619999981689453250e+01
7.659999969482421989e+01
7.719999993896485080e+01
7.819999981689453250e+01
7.660000006103516057e+01
7.699999987792968170e+01
7.700000000000000000e+01
7.559999993896484227e+01
7.539999951171874670e+01
7.879999987792969307e+01
7.919999987792968454e+01
7.540000000000000568e+01
7.859999957275390159e+01
7.799999963378905932e+01
7.619999993896485080e+01
7.719999945068359182e+01
7.600000006103515204e+01
7.119999963378906216e+01
7.759999945068359750e+01
8.079999963378905647e+01
7.959999993896484227e+01
7.519999969482421420e+01
7.819999963378906216e+01
7.659999957275390159e+01
7.700000000000000000e+01
7.859999999999999432e+01
7.819999981689453250e+01
7.700000000000000000e+01
7.919999957275391012e+01
7.899999945068358898e+01
7.679999969482422273e+01
7.919999951171874386e+01
8.299999987792968170e+01
7.919999969482421420e+01
8.059999987792969023e+01
8.119999945068359182e+01
8.199999987792968170e+01
7.959999945068359750e+01
7.899999951171875523e+01
7.899999963378905932e+01
7.700000006103515204e+01
8.059999945068359750e+01
7.899999951171875523e+01
8.019999951171874386e+01
8.079999945068360034e+01
8.079999951171875239e+01
