1.559999995422363206e+01
2.599999988555908192e+00
5.399999988555908459e+00
1.039999994659423876e+01
4.019999969482422131e+01
6.600000007629394538e+00
1.980000001525878872e+01
2.659999992370605426e+01
1.319999992370605391e+01
4.559999984741210710e+01
3.199999987792968881e+01
2.559999990844726625e+01
1.919999998474121128e+01
1.000000000000000000e+00
1.039999998474121057e+01
1.919999989318847611e+01
3.819999972534179733e+01
4.479999996948242114e+01
1.240000000762939436e+01
2.919999999999999929e+01
4.379999972534179875e+01
3.619999996948241971e+01
2.539999990844726696e+01
1.100000001525878979e+01
1.760000003051757744e+01
3.419999987792968454e+01
4.339999975585937619e+01
3.919999981689453250e+01
1.979999995422363313e+01
1.579999998474121092e+01
6.619999975585938046e+01
2.139999998474121057e+01
5.959999978637695506e+01
3.259999993896484227e+01
2.039999995422363455e+01
2.760000003051757744e+01
3.859999987792969023e+01
7.599999946594238054e+00
2.900000000000000000e+01
2.739999999999999858e+01
3.499999993896484085e+01
2.959999996948242185e+01
2.179999990844726554e+01
3.079999987792968597e+01
5.219999984741210852e+01
3.179999990844726554e+01
4.319999975585937335e+01
4.619999969482422131e+01
4.140000003051757460e+01
5.739999999999999858e+01
5.419999969482422131e+01
4.379999972534179875e+01
3.299999984741211279e+01
7.520000000000000284e+01
3.559999972534179591e+01
3.779999981689453392e+01
5.360000003051757744e+01
5.879999996948242114e+01
5.199999987792968881e+01
3.859999969482421989e+01
3.819999990844726767e+01
4.199999975585937761e+01
6.079999978637695079e+01
4.559999993896484227e+01
7.179999987792969307e+01
4.559999990844726625e+01
7.799999987792968170e+01
5.059999972534179591e+01
7.599999993896484796e+01
3.219999984741210852e+01
4.980000003051758029e+01
7.600000012207031830e+01
5.979999984741210994e+01
7.140000006103515773e+01
4.039999981689452824e+01
4.620000006103515489e+01
4.559999978637695506e+01
5.579999978637695079e+01
5.739999975585937619e+01
4.999999987792968881e+01
5.439999969482421704e+01
6.119999981689453250e+01
8.299999951171875523e+01
8.359999987792969023e+01
9.299999969482422557e+01
8.979999981689452682e+01
8.919999951171874386e+01
9.040000006103515773e+01
8.499999945068358898e+01
8.459999987792969023e+01
8.239999938964844262e+01
8.419999993896485080e+01
8.559999969482421989e+01
8.399999993896484796e+01
8.139999987792968739e+01
8.339999951171874670e+01
8.319999945068359182e+01
8.159999975585937193e+01
8.440000000000000568e+01
8.299999945068358898e+01
7.760000006103516057e+01
8.540000012207030977e+01
8.019999945068359182e+01
8.359999981689453818e+01
8.299999945068358898e+01
8.579999945068360034e+01
8.219999987792968454e+01
8.459999981689453818e+01
8.359999987792969023e+01
8.439999938964844262e+01
8.459999945068359750e+01
8.299999938964843693e+01
8.759999975585937193e+01
8.279999945068360034e+01
8.059999957275390159e+01
8.440000000000000568e+01
7.959999957275390159e+01
8.219999945068359182e+01
8.579999938964843409e+01
8.139999963378906500e+01
8.540000000000000568e+01
8.219999981689453250e+01
8.679999938964843409e+01
9.159999938964843125e+01
9.359999969482421989e+01
9.179999963378905647e+01
9.219999938964843977e+01
9.379999963378905647e+01
9.279999969482422273e+01
9.139999975585936909e+01
8.940000006103515773e+01
8.779999938964843409e+01
8.719999987792968454e+01
8.779999981689452682e+01
8.799999938964843693e+01
8.579999981689452682e+01
8.819999981689453250e+01
8.659999993896484227e+01
8.859999975585937193e+01
8.840000012207030977e+01
8.579999945068360034e+01
8.840000012207030977e+01
8.799999981689452966e+01
8.779999938964843409e+01
8.659999945068359750e+01
8.799999969482422557e+01
8.679999981689452682e+01
8.739999987792968739e+01
8.779999938964843409e+01
8.779999945068360034e+01
8.739999975585936909e+01
8.719999945068359182e+01
8.699999938964843693e+01
8.780000012207031546e+01
8.800000012207031830e+01
8.860000012207031261e+01
8.939999981689453534e+01
8.860000012207031261e+01
8.839999987792968739e+01
8.819999975585938046e+01
8.839999938964844262e+01
8.879999938964843409e+01
8.720000012207030693e+01
8.699999945068358898e+01
8.899999945068358898e+01
8.779999963378905647e+01
8.759999975585937193e+01
8.939999975585936909e+01
8.720000006103515489e+01
8.899999975585937761e+01
8.799999945068358898e+01
8.880000006103514920e+01
8.719999938964843977e+01
8.939999938964844262e+01
8.819999993896485080e+01
8.919999975585938046e+01
8.839999975585936909e+01
8.879999987792969307e+01
8.839999938964844262e+01
8.880000012207031546e+01
8.879999975585937477e+01
8.879999938964843409e+01
8.959999938964843125e+01
8.979999951171875239e+01
8.940000012207030977e+01
8.699999981689452966e+01
8.819999981689453250e+01
8.879999975585937477e+01
8.819999975585938046e+01
8.980000012207031546e+01
8.779999975585937477e+01
8.939999981689453534e+01
8.839999938964844262e+01
8.859999969482421989e+01
9.039999969482421704e+01
8.859999975585937193e+01
8.839999993896483943e+01
8.719999951171874386e+01
8.939999981689453534e+01
8.860000012207031261e+01
