1.000000000762939401e+01
1.059999995422363206e+01
1.079999997711181692e+01
3.759999969482421989e+01
5.400000007629394361e+00
3.339999969482421704e+01
1.819999995422363170e+01
2.199999996948242043e+01
1.539999998474121057e+01
1.660000001525878943e+01
2.300000001525878801e+01
6.799999946594238232e+00
6.739999993896483943e+01
2.580000003051757673e+01
6.600000007629394538e+00
4.619999975585937335e+01
4.199999978637695364e+01
1.839999994659423876e+01
1.459999995422363206e+01
2.719999984741210852e+01
1.019999997711181727e+01
2.039999986267089938e+01
3.219999987792968454e+01
2.059999989318847824e+01
3.399999977111816563e+00
1.619999995422363170e+01
1.300000001525878979e+01
7.679999951171875239e+01
2.899999989318847682e+01
4.519999972534179733e+01
2.779999990844726554e+01
5.280000003051758029e+01
2.559999987792968668e+01
2.739999996948242256e+01
3.479999984741210994e+01
4.159999975585937193e+01
3.460000003051757744e+01
2.759999986267089866e+01
3.639999986267089582e+01
3.959999978637695506e+01
4.519999987792968454e+01
3.279999984741210994e+01
2.759999989318847824e+01
3.739999981689452824e+01
6.399999978637695364e+01
3.500000003051757602e+01
5.939999993896484654e+01
3.739999978637695222e+01
6.439999975585936909e+01
4.880000003051758029e+01
5.999999975585937761e+01
7.000000012207031830e+01
3.920000006103515489e+01
4.820000000000000284e+01
5.239999975585937619e+01
4.500000000000000000e+01
5.699999990844726483e+01
4.739999990844726341e+01
3.579999978637695079e+01
5.259999978637695506e+01
5.339999984741211136e+01
5.239999996948242256e+01
3.899999981689452966e+01
6.779999981689452682e+01
2.439999989318847540e+01
5.519999996948241971e+01
5.779999984741210994e+01
5.379999990844726909e+01
5.300000000000000000e+01
7.379999999999999716e+01
6.659999978637695506e+01
5.839999984741211136e+01
6.999999957275390727e+01
6.920000012207030693e+01
3.839999990844726341e+01
5.140000006103515773e+01
5.400000000000000000e+01
3.899999978637695364e+01
6.219999990844726767e+01
5.400000003051757602e+01
1.899999992370605639e+01
7.279999999999999716e+01
9.360000006103516057e+01
9.000000012207031830e+01
8.439999957275391296e+01
8.699999969482422557e+01
7.719999945068359182e+01
7.959999993896484227e+01
7.800000000000000000e+01
7.919999951171874386e+01
7.540000006103515773e+01
7.939999957275391296e+01
7.319999963378906216e+01
7.879999987792969307e+01
7.659999951171874955e+01
8.079999993896484511e+01
8.199999945068358898e+01
8.399999945068358898e+01
8.099999981689452966e+01
8.159999945068359750e+01
8.319999981689453250e+01
8.119999981689453250e+01
7.539999963378906500e+01
7.939999957275391296e+01
7.800000000000000000e+01
8.179999981689452682e+01
8.199999945068358898e+01
7.439999957275391296e+01
8.039999981689453534e+01
8.259999969482421989e+01
8.079999945068360034e+01
8.119999987792968454e+01
7.839999993896483943e+01
8.059999987792969023e+01
8.239999963378906500e+01
8.499999975585937761e+01
8.339999987792968739e+01
8.639999981689453534e+01
7.959999945068359750e+01
7.979999993896484511e+01
8.359999945068359750e+01
8.359999951171874955e+01
8.519999981689453250e+01
9.100000012207031830e+01
9.139999975585936909e+01
9.179999975585937477e+01
9.319999963378906216e+01
9.239999969482421704e+01
9.379999975585937477e+01
8.819999938964843977e+01
8.740000000000000568e+01
8.479999987792969307e+01
8.619999945068359182e+01
8.479999981689452682e+01
8.439999993896483943e+01
8.319999945068359182e+01
8.679999975585937477e+01
8.719999975585938046e+01
8.539999951171874670e+01
8.579999987792969307e+01
8.579999981689452682e+01
8.539999975585936909e+01
8.799999951171875523e+01
8.700000006103515204e+01
8.679999981689452682e+01
8.500000012207031830e+01
8.599999969482422557e+01
8.719999969482421420e+01
8.639999951171874670e+01
8.659999981689453818e+01
8.719999938964843977e+01
8.659999938964843125e+01
8.819999938964843977e+01
8.719999975585938046e+01
8.479999987792969307e+01
8.759999951171874955e+01
8.599999951171875523e+01
8.659999975585937193e+01
8.379999981689452682e+01
8.579999951171875239e+01
8.539999981689453534e+01
8.640000012207030977e+01
8.759999938964843125e+01
8.779999993896484511e+01
8.739999987792968739e+01
8.739999975585936909e+01
8.719999975585938046e+01
8.819999969482421420e+01
8.719999981689453250e+01
8.799999987792968170e+01
8.679999975585937477e+01
8.559999969482421989e+01
8.679999969482422273e+01
8.679999938964843409e+01
8.719999987792968454e+01
8.719999987792968454e+01
8.839999987792968739e+01
8.779999969482422273e+01
8.740000012207030977e+01
8.759999975585937193e+01
8.599999987792968170e+01
8.619999938964843977e+01
8.759999938964843125e+01
8.659999938964843125e+01
8.499999951171875523e+01
8.779999987792969307e+01
8.640000006103515773e+01
8.679999975585937477e+01
8.719999975585938046e+01
8.679999975585937477e+01
8.719999951171874386e+01
8.759999987792969023e+01
8.759999969482421989e+01
8.639999981689453534e+01
8.839999981689453534e+01
8.779999945068360034e+01
8.859999987792969023e+01
8.719999993896485080e+01
8.759999981689453818e+01
8.719999945068359182e+01
