4.799999988555907926e+00
2.799999994277954318e+00
2.720000003051757886e+01
3.399999969482421847e+01
9.799999984741210923e+00
9.200000007629395071e+00
4.099999969482421847e+01
2.419999989318847611e+01
1.239999998855590846e+01
4.139999972534180017e+01
1.779999998474121270e+01
4.219999972534179733e+01
5.739999984741211136e+01
2.999999978637695364e+01
5.259999969482421989e+01
1.979999992370605355e+01
3.099999987792968881e+01
3.659999996948242540e+01
1.680000003051757673e+01
3.999999978637695364e+01
4.459999981689453108e+01
3.339999999999999858e+01
7.399999977111816563e+00
3.479999978637695079e+01
4.059999972534179591e+01
1.359999986267089866e+01
2.099999989318847682e+01
2.320000003051757886e+01
2.979999996948242114e+01
5.879999978637695079e+01
2.559999996948242185e+01
6.660000006103516057e+01
4.879999981689453392e+01
4.419999972534179733e+01
3.399999978637695364e+01
3.839999972534180017e+01
3.199999978637695364e+01
5.660000006103515346e+01
5.259999996948242540e+01
3.619999984741210852e+01
5.059999969482421989e+01
1.339999995422363277e+01
4.759999969482421989e+01
4.000000006103515915e+01
1.959999986267089866e+01
3.960000003051757744e+01
3.479999984741210994e+01
4.659999993896484227e+01
3.940000006103515773e+01
4.659999993896484227e+01
1.859999995422363384e+01
6.080000012207031546e+01
7.919999963378906216e+01
5.379999978637695079e+01
5.400000003051757602e+01
4.439999996948242256e+01
7.319999993896485080e+01
4.399999978637695364e+01
4.019999981689453250e+01
6.599999969482422557e+01
6.399999984741211279e+01
4.339999978637695222e+01
2.980000003051757673e+01
7.119999969482421420e+01
4.059999993896484227e+01
6.379999981689453392e+01
4.679999969482421562e+01
6.179999975585937477e+01
3.919999972534179733e+01
6.519999993896485080e+01
7.740000000000000568e+01
6.840000012207030977e+01
5.179999978637695079e+01
6.240000012207030977e+01
4.259999984741210710e+01
5.299999984741211279e+01
7.879999957275390443e+01
6.839999957275391296e+01
6.820000012207030693e+01
5.360000006103515346e+01
6.519999981689453250e+01
4.939999987792968739e+01
5.000000003051757602e+01
8.619999938964843977e+01
9.220000006103515489e+01
9.119999981689453250e+01
8.139999993896483943e+01
8.239999993896483943e+01
8.139999981689453534e+01
8.239999945068359466e+01
8.319999963378906216e+01
7.959999957275390159e+01
8.200000006103515204e+01
8.199999987792968170e+01
8.199999981689452966e+01
8.039999951171874670e+01
8.539999987792968739e+01
8.519999938964843977e+01
7.799999981689452966e+01
7.799999987792968170e+01
8.260000006103516057e+01
8.619999938964843977e+01
7.779999987792969307e+01
8.659999945068359750e+01
8.219999951171874386e+01
8.139999993896483943e+01
8.059999999999999432e+01
8.299999981689452966e+01
8.039999945068359466e+01
8.339999951171874670e+01
8.179999993896484511e+01
8.599999975585937761e+01
8.279999945068360034e+01
7.699999957275390727e+01
7.839999951171874670e+01
8.339999951171874670e+01
8.299999987792968170e+01
8.379999975585937477e+01
8.379999987792969307e+01
7.779999938964843409e+01
8.999999981689452966e+01
8.379999981689452682e+01
8.179999987792969307e+01
9.320000006103515489e+01
8.920000012207030693e+01
9.359999975585937193e+01
9.379999975585937477e+01
9.359999969482421989e+01
9.079999975585937477e+01
8.919999969482421420e+01
8.939999981689453534e+01
8.740000012207030977e+01
8.839999938964844262e+01
8.779999969482422273e+01
8.840000006103515773e+01
8.739999945068359466e+01
8.819999981689453250e+01
8.859999975585937193e+01
8.879999975585937477e+01
8.919999975585938046e+01
8.899999981689452966e+01
8.859999975585937193e+01
8.780000012207031546e+01
8.779999951171875239e+01
8.859999938964843125e+01
8.800000012207031830e+01
8.819999975585938046e+01
8.860000012207031261e+01
8.919999938964843977e+01
8.700000012207031830e+01
8.979999938964843409e+01
8.779999938964843409e+01
8.939999957275391296e+01
8.900000006103515204e+01
8.879999981689452682e+01
8.799999938964843693e+01
8.979999945068360034e+01
8.899999987792968170e+01
8.779999975585937477e+01
8.959999945068359750e+01
8.899999938964843693e+01
8.739999945068359466e+01
8.879999945068360034e+01
8.819999951171874386e+01
8.839999987792968739e+01
8.940000012207030977e+01
8.719999975585938046e+01
8.979999938964843409e+01
8.919999963378906216e+01
8.959999975585937193e+01
8.879999987792969307e+01
8.879999975585937477e+01
8.939999981689453534e+01
8.900000012207031830e+01
8.919999945068359182e+01
8.980000012207031546e+01
8.899999987792968170e+01
8.959999981689453818e+01
8.920000012207030693e+01
8.739999945068359466e+01
9.099999938964843693e+01
8.979999987792969307e+01
8.859999981689453818e+01
8.819999981689453250e+01
8.919999975585938046e+01
8.819999975585938046e+01
8.939999969482421704e+01
8.699999981689452966e+01
8.839999981689453534e+01
8.959999987792969023e+01
8.859999981689453818e+01
8.860000012207031261e+01
8.959999975585937193e+01
9.059999963378906784e+01
8.919999938964843977e+01
8.739999987792968739e+01
8.979999981689452682e+01
8.939999975585936909e+01
8.960000012207031261e+01
8.899999938964843693e+01
