1.239999989318847717e+01
0.000000000000000000e+00
1.339999989318847717e+01
3.219999996948241971e+01
4.199999994277954229e+00
6.199999946594238587e+00
1.100000000762939401e+01
1.099999995422363241e+01
1.519999997711181727e+01
3.219999990844726767e+01
7.599999977111816740e+00
3.299999984741211279e+01
1.379999986267089795e+01
2.299999986267089724e+01
3.279999999999999716e+01
2.299999993896484440e+01
2.000000003051757957e+01
1.479999992370605533e+01
4.219999975585937335e+01
4.499999981689452966e+01
2.599999996948242043e+01
3.539999992370605497e+01
2.860000003051757744e+01
2.819999990844726412e+01
2.639999994659423876e+01
1.539999989318847717e+01
2.359999989318847824e+01
4.200000003051757602e+01
4.739999996948242256e+01
5.299999984741211279e+01
3.799999972534179449e+01
4.119999984741210852e+01
4.639999972534180017e+01
4.699999990844726483e+01
4.199999969482421847e+01
3.519999981689453250e+01
3.560000003051757744e+01
4.139999993896484654e+01
3.279999987792968597e+01
5.579999969482421562e+01
3.880000006103515631e+01
4.839999972534180017e+01
3.379999984741210994e+01
5.439999993896484654e+01
6.379999987792968597e+01
4.579999981689453392e+01
3.179999990844726554e+01
3.339999981689452824e+01
4.960000006103515346e+01
5.279999984741210994e+01
3.820000000000000284e+01
5.219999969482422131e+01
2.699999996948242043e+01
4.560000006103515346e+01
5.079999984741210994e+01
3.819999981689453250e+01
3.239999990844726341e+01
5.779999969482421562e+01
7.159999969482421989e+01
5.599999969482421847e+01
4.560000000000000142e+01
6.399999984741211279e+01
5.039999975585937619e+01
5.079999978637695079e+01
6.700000000000000000e+01
5.739999996948242256e+01
6.859999975585937193e+01
5.699999969482421847e+01
4.299999972534179449e+01
6.859999978637695506e+01
4.359999975585937193e+01
6.059999975585937193e+01
3.399999984741211279e+01
6.339999981689452824e+01
3.760000000000000142e+01
4.599999990844726483e+01
6.059999975585937193e+01
6.119999987792968454e+01
6.199999990844726483e+01
8.459999993896484227e+01
8.279999951171875239e+01
7.340000000000000568e+01
7.740000000000000568e+01
7.500000012207031830e+01
8.299999987792968170e+01
9.039999969482421704e+01
8.879999987792969307e+01
8.799999987792968170e+01
8.039999945068359466e+01
7.879999981689452682e+01
8.319999951171874386e+01
8.320000006103515489e+01
8.219999987792968454e+01
7.479999957275390443e+01
7.259999963378906784e+01
8.019999993896485080e+01
7.859999963378906784e+01
8.479999951171875239e+01
7.759999963378906784e+01
7.380000006103514920e+01
7.779999951171875239e+01
7.159999957275390159e+01
7.799999951171875523e+01
7.779999957275390443e+01
8.339999975585936909e+01
7.619999957275391012e+01
7.620000000000000284e+01
7.579999957275390443e+01
8.179999993896484511e+01
7.799999951171875523e+01
7.160000012207031261e+01
8.039999957275391296e+01
7.819999957275391012e+01
7.420000000000000284e+01
7.699999987792968170e+01
7.859999993896484227e+01
7.619999987792968454e+01
7.979999938964843409e+01
7.979999957275390443e+01
7.740000000000000568e+01
8.039999987792968739e+01
8.439999938964844262e+01
8.120000000000000284e+01
8.979999981689452682e+01
8.559999969482421989e+01
8.819999969482421420e+01
8.779999969482422273e+01
9.359999963378906784e+01
9.239999975585936909e+01
9.039999969482421704e+01
8.579999945068360034e+01
8.459999945068359750e+01
8.319999975585938046e+01
8.519999969482421420e+01
8.199999981689452966e+01
8.159999987792969023e+01
8.159999981689453818e+01
8.299999981689452966e+01
8.359999957275390159e+01
8.299999945068358898e+01
8.359999938964843125e+01
8.199999945068358898e+01
8.379999981689452682e+01
8.219999981689453250e+01
8.099999945068358898e+01
8.239999951171874670e+01
8.199999975585937761e+01
8.279999975585937477e+01
8.319999951171874386e+01
8.339999957275391296e+01
8.539999987792968739e+01
8.239999951171874670e+01
8.439999969482421704e+01
8.359999951171874955e+01
8.439999938964844262e+01
8.319999938964843977e+01
8.119999951171874386e+01
8.379999951171875239e+01
8.619999945068359182e+01
8.179999945068360034e+01
8.359999999999999432e+01
8.499999945068358898e+01
8.480000012207031546e+01
8.199999987792968170e+01
8.379999987792969307e+01
8.299999957275390727e+01
8.379999951171875239e+01
8.399999981689452966e+01
8.259999945068359750e+01
8.499999945068358898e+01
8.279999951171875239e+01
8.040000006103515773e+01
8.139999993896483943e+01
8.579999987792969307e+01
8.419999938964843977e+01
8.579999975585937477e+01
8.239999957275391296e+01
8.499999938964843693e+01
8.119999951171874386e+01
8.579999945068360034e+01
8.199999938964843693e+01
8.400000012207031830e+01
8.479999987792969307e+01
8.499999945068358898e+01
8.519999981689453250e+01
8.539999938964844262e+01
8.499999981689452966e+01
8.619999981689453250e+01
8.359999975585937193e+01
8.379999945068360034e+01
8.660000012207031261e+01
8.359999999999999432e+01
8.520000012207030693e+01
8.459999938964843125e+01
8.619999993896485080e+01
8.559999945068359750e+01
8.599999969482422557e+01
8.459999975585937193e+01
8.399999975585937761e+01
8.359999987792969023e+01
