2.000000000000000111e-01
7.599999977111816740e+00
0.000000000000000000e+00
7.400000007629394361e+00
5.199999946594238587e+00
4.399999988555908459e+00
4.599999988555908637e+00
5.399999984741210568e+00
3.139999981689453179e+01
1.379999989318847575e+01
3.079999990844726554e+01
1.399999992370605462e+01
1.219999998855590739e+01
7.400000007629394361e+00
1.719999997711181550e+01
1.860000000000000142e+01
2.199999986267089724e+01
1.080000001525878872e+01
1.179999997711181692e+01
2.079999992370605355e+01
8.200000007629395071e+00
1.779999989318847753e+01
2.979999996948242114e+01
2.819999981689453250e+01
8.999999946594238409e+00
2.519999998474121128e+01
2.839999996948242256e+01
2.100000003051757957e+01
2.400000003051757957e+01
2.760000000000000142e+01
2.579999989318847753e+01
2.939999993896484298e+01
3.739999987792968739e+01
4.779999987792968597e+01
2.599999990844726483e+01
9.000000015258789787e+00
1.719999992370605568e+01
1.619999986267090009e+01
3.059999984741211065e+01
3.780000006103515631e+01
1.660000001525878943e+01
2.899999969482421847e+01
9.199999862670898310e+00
8.199999946594237699e+00
1.979999996948242114e+01
1.340000001525878837e+01
3.799999984741211279e+01
2.759999990844726625e+01
1.899999992370605639e+01
2.119999993896484369e+01
1.299999998474121021e+01
4.039999984741211136e+01
2.599999984741210923e+01
1.360000000762939365e+01
2.619999990844726412e+01
1.839999989318847540e+01
4.659999990844726625e+01
2.760000003051757744e+01
3.160000003051757744e+01
2.339999993896484298e+01
2.339999986267089938e+01
5.039999999999999858e+01
2.659999990844726625e+01
2.499999987792968881e+01
3.059999987792968668e+01
5.839999993896484654e+01
4.799999978637695364e+01
8.800000015258788721e+00
3.019999978637695293e+01
2.879999984741210994e+01
2.519999996948242327e+01
2.720000003051757886e+01
4.039999975585937619e+01
3.479999987792968597e+01
4.679999972534179875e+01
4.680000003051758029e+01
3.379999993896484511e+01
4.940000006103515773e+01
4.020000003051757886e+01
5.539999984741211136e+01
3.259999987792969023e+01
4.639999993896484654e+01
6.499999990844726483e+01
7.879999981689452682e+01
8.059999981689453818e+01
8.219999945068359182e+01
7.659999987792969023e+01
7.319999969482421420e+01
7.519999987792968454e+01
7.439999975585936909e+01
6.999999969482422557e+01
7.119999963378906216e+01
7.639999993896483943e+01
7.519999978637694937e+01
7.699999987792968170e+01
7.120000000000000284e+01
7.099999978637694653e+01
7.679999978637695790e+01
7.779999963378905647e+01
7.040000006103515773e+01
7.399999957275390727e+01
7.579999987792969307e+01
7.680000006103514920e+01
8.019999957275391012e+01
7.519999963378906216e+01
7.459999957275390159e+01
7.439999969482421704e+01
7.579999963378905647e+01
7.140000000000000568e+01
7.600000000000000000e+01
7.500000000000000000e+01
7.500000000000000000e+01
7.280000006103514920e+01
7.499999993896484796e+01
7.539999969482421704e+01
8.179999945068360034e+01
7.080000012207031546e+01
7.459999963378906784e+01
7.379999957275390443e+01
7.159999969482421989e+01
7.440000006103515773e+01
7.939999957275391296e+01
8.039999957275391296e+01
8.720000012207030693e+01
8.819999975585938046e+01
8.940000006103515773e+01
9.119999969482421420e+01
9.159999963378906784e+01
9.339999963378906500e+01
8.979999938964843409e+01
8.920000012207030693e+01
8.719999938964843977e+01
8.759999981689453818e+01
8.499999975585937761e+01
8.640000006103515773e+01
8.679999981689452682e+01
8.719999969482421420e+01
8.559999945068359750e+01
8.659999938964843125e+01
8.419999951171874386e+01
8.519999951171874386e+01
8.580000006103514920e+01
8.459999945068359750e+01
8.439999945068359466e+01
8.540000012207030977e+01
8.339999951171874670e+01
8.499999987792968170e+01
8.519999951171874386e+01
8.519999981689453250e+01
8.639999945068359466e+01
8.679999981689452682e+01
8.579999951171875239e+01
8.679999938964843409e+01
8.639999969482421704e+01
8.459999945068359750e+01
8.639999981689453534e+01
8.619999951171874386e+01
8.679999987792969307e+01
8.719999945068359182e+01
8.659999981689453818e+01
8.720000012207030693e+01
8.819999981689453250e+01
8.820000012207030693e+01
8.579999945068360034e+01
8.679999945068360034e+01
8.559999951171874955e+01
8.559999987792969023e+01
8.659999938964843125e+01
8.760000006103516057e+01
8.559999981689453818e+01
8.499999981689452966e+01
8.619999951171874386e+01
8.800000006103515204e+01
8.779999945068360034e+01
8.459999938964843125e+01
8.679999938964843409e+01
8.719999987792968454e+01
8.699999987792968170e+01
8.859999975585937193e+01
8.539999987792968739e+01
8.719999969482421420e+01
8.579999981689452682e+01
8.719999981689453250e+01
8.800000012207031830e+01
8.759999987792969023e+01
8.679999945068360034e+01
8.899999938964843693e+01
8.759999969482421989e+01
8.679999938964843409e+01
8.679999975585937477e+01
8.599999993896484796e+01
8.659999981689453818e+01
8.799999945068358898e+01
8.619999938964843977e+01
8.619999951171874386e+01
8.740000012207030977e+01
8.800000006103515204e+01
8.619999951171874386e+01
8.779999975585937477e+01
8.719999987792968454e+01
