0.000000000000000000e+00
4.399999994277954407e+00
1.599999994277954141e+00
2.799999988555908370e+00
7.999999942779540962e-01
1.519999995422363348e+01
2.180000000000000071e+01
5.599999988555908637e+00
3.679999984741210994e+01
2.519999986267090009e+01
1.479999994659423912e+01
2.239999995422363455e+01
8.599999946594238054e+00
4.199999994277954229e+00
1.419999995422363348e+01
3.999999977111816207e+00
2.000000003051757957e+01
5.599999999999999645e+00
1.079999994659423912e+01
1.019999997711181727e+01
1.579999995422363313e+01
2.659999990844726625e+01
1.020000000762939507e+01
2.859999984741211065e+01
8.799999946594239120e+00
1.320000001525878908e+01
1.179999998855590881e+01
1.620000001525878730e+01
3.339999978637695222e+01
2.459999990844726625e+01
2.200000000000000000e+01
7.000000007629394894e+00
7.399999988555908459e+00
1.959999998474120986e+01
2.459999986267089866e+01
1.859999998474120986e+01
2.019999999999999929e+01
2.300000003051757957e+01
3.459999981689453108e+01
1.459999997711181585e+01
2.579999996948242114e+01
1.919999995422363170e+01
4.059999975585937193e+01
2.059999989318847824e+01
1.960000000000000142e+01
2.439999986267089938e+01
1.719999986267090009e+01
2.880000000000000071e+01
1.879999989318847753e+01
2.439999996948242256e+01
2.239999998474121057e+01
2.319999999999999929e+01
5.339999996948242256e+01
2.560000000000000142e+01
2.779999993896484511e+01
3.439999990844726341e+01
3.059999987792968668e+01
2.599999981689452966e+01
1.459999998474121163e+01
5.139999975585937619e+01
2.419999993896484369e+01
2.619999992370605568e+01
1.979999989318847753e+01
3.179999996948242114e+01
3.619999984741210852e+01
4.779999975585937477e+01
4.099999969482421847e+01
1.839999986267089938e+01
4.279999993896484511e+01
4.279999996948242114e+01
2.979999992370605355e+01
1.479999986267089795e+01
3.159999989318847824e+01
4.099999972534179449e+01
3.679999972534179875e+01
1.779999986267089795e+01
3.299999990844726483e+01
2.739999995422363455e+01
4.339999987792968739e+01
4.099999975585937761e+01
1.779999995422363313e+01
5.619999996948241971e+01
6.139999978637695222e+01
6.459999990844725914e+01
6.900000006103515204e+01
6.219999981689453250e+01
5.959999987792969023e+01
6.660000006103516057e+01
6.259999975585937193e+01
6.319999963378906216e+01
5.700000000000000000e+01
6.119999981689453250e+01
7.160000012207031261e+01
6.560000006103516057e+01
6.039999969482421704e+01
7.059999978637695506e+01
6.079999975585937477e+01
6.959999993896484227e+01
6.879999999999999716e+01
7.099999993896484796e+01
6.819999975585938046e+01
6.479999984741210994e+01
6.859999963378906784e+01
6.600000000000000000e+01
6.839999963378906500e+01
6.759999978637695506e+01
6.720000006103515489e+01
6.519999975585938046e+01
6.379999999999999716e+01
6.719999978637694937e+01
6.800000006103515204e+01
6.019999975585937335e+01
6.659999981689453818e+01
6.959999993896484227e+01
6.979999981689452682e+01
6.959999969482421989e+01
6.959999978637695506e+01
7.079999978637695790e+01
7.019999957275391012e+01
6.139999975585937619e+01
6.999999957275390727e+01
7.179999957275390443e+01
7.199999957275390727e+01
8.159999993896484227e+01
8.799999975585937761e+01
8.979999975585937477e+01
8.679999981689452682e+01
8.900000012207031830e+01
8.600000000000000000e+01
8.479999987792969307e+01
8.179999981689452682e+01
8.239999981689453534e+01
8.339999987792968739e+01
8.119999993896485080e+01
8.279999951171875239e+01
7.939999993896483943e+01
8.059999945068359750e+01
8.179999951171875239e+01
8.039999993896483943e+01
8.199999951171875523e+01
8.239999951171874670e+01
8.259999945068359750e+01
8.439999945068359466e+01
8.179999987792969307e+01
8.359999938964843125e+01
8.439999951171874670e+01
8.479999938964843409e+01
8.339999945068359466e+01
8.519999993896485080e+01
8.319999951171874386e+01
8.299999938964843693e+01
8.439999969482421704e+01
7.939999993896483943e+01
8.439999938964844262e+01
8.619999951171874386e+01
8.519999981689453250e+01
8.539999945068359466e+01
8.559999951171874955e+01
8.499999945068358898e+01
8.579999945068360034e+01
8.399999951171875523e+01
8.379999993896484511e+01
8.699999981689452966e+01
8.679999969482422273e+01
8.419999938964843977e+01
8.379999945068360034e+01
8.559999945068359750e+01
8.639999951171874670e+01
8.599999945068358898e+01
8.579999938964843409e+01
8.519999981689453250e+01
8.439999981689453534e+01
8.519999938964843977e+01
8.539999951171874670e+01
8.519999957275391012e+01
8.619999981689453250e+01
8.579999993896484511e+01
8.659999938964843125e+01
8.559999981689453818e+01
8.599999969482422557e+01
8.279999945068360034e+01
8.559999945068359750e+01
8.639999945068359466e+01
8.560000012207031261e+01
8.519999938964843977e+01
8.579999938964843409e+01
8.499999945068358898e+01
8.599999975585937761e+01
8.539999993896483943e+01
8.439999963378906500e+01
8.359999951171874955e+01
8.639999975585936909e+01
8.579999981689452682e+01
8.339999975585936909e+01
8.519999938964843977e+01
8.619999945068359182e+01
8.579999945068360034e+01
8.599999993896484796e+01
8.539999945068359466e+01
8.699999981689452966e+01
