2.799999988555908370e+00
2.199999995422363241e+01
0.000000000000000000e+00
2.199999994277954229e+00
5.999999942779541406e-01
1.719999997711181550e+01
9.200000015258789077e+00
1.559999995422363206e+01
3.200000000000000178e+00
1.599999994277954141e+00
8.799999923706055327e+00
7.399999994277954407e+00
1.859999986267089866e+01
2.460000000000000142e+01
2.999999994277954052e+00
1.079999997711181692e+01
1.700000003051757957e+01
1.380000000762939472e+01
5.599999977111816740e+00
1.419999994659423770e+01
1.299999992370605462e+01
1.860000003051757744e+01
2.840000003051757815e+01
1.079999997711181692e+01
3.559999975585937193e+01
6.799999988555907926e+00
6.399999946594237876e+00
1.899999986267089724e+01
3.819999996948241971e+01
2.180000003051757673e+01
7.600000015258789432e+00
4.759999972534179591e+01
2.119999999999999929e+01
2.199999989318847682e+01
7.399999977111816563e+00
1.379999998474121092e+01
1.799999995422363241e+01
2.099999995422363241e+01
2.919999987792968810e+01
4.359999993896484227e+01
1.959999995422363384e+01
3.239999984741211136e+01
2.219999999999999929e+01
4.299999984741211279e+01
2.899999996948242043e+01
2.199999996948242043e+01
1.259999992370605426e+01
1.639999994659423876e+01
3.999999975585937761e+01
1.739999998474121057e+01
1.219999998474121128e+01
1.359999995422363206e+01
7.800000007629394716e+00
2.699999992370605639e+01
3.279999984741210994e+01
2.139999986267089938e+01
1.939999989318847540e+01
2.240000003051757815e+01
2.079999992370605355e+01
6.319999975585937335e+01
2.340000003051757815e+01
2.960000000000000142e+01
4.259999987792969023e+01
2.439999996948242256e+01
2.399999986267089724e+01
2.019999989318847611e+01
2.639999998474121057e+01
2.759999984741211065e+01
1.679999986267089795e+01
2.879999993896484511e+01
2.179999996948242114e+01
3.439999984741211136e+01
1.780000003051757673e+01
2.739999984741210781e+01
1.539999989318847717e+01
4.020000000000000284e+01
2.300000003051757957e+01
1.459999994659423805e+01
4.879999975585937477e+01
3.939999981689452824e+01
7.159999984741210710e+01
4.180000003051758029e+01
5.000000012207031119e+01
5.319999969482422131e+01
6.500000006103515204e+01
7.500000000000000000e+01
6.839999969482421704e+01
7.379999945068360034e+01
6.559999975585937193e+01
6.559999975585937193e+01
6.580000012207031546e+01
6.840000000000000568e+01
6.659999978637695506e+01
6.579999993896484511e+01
6.360000003051757744e+01
5.959999978637695506e+01
6.620000012207030693e+01
6.760000006103516057e+01
6.759999978637695506e+01
6.019999984741210852e+01
6.419999990844726767e+01
5.879999975585937477e+01
6.039999978637695222e+01
6.219999969482422131e+01
6.579999969482422273e+01
6.439999987792968739e+01
6.179999996948242114e+01
6.299999978637695364e+01
6.760000006103516057e+01
6.899999975585937761e+01
6.259999975585937193e+01
6.899999969482422557e+01
6.679999984741210994e+01
6.499999969482422557e+01
6.379999984741210994e+01
6.940000006103515773e+01
6.719999981689453250e+01
6.779999993896484511e+01
7.039999981689453534e+01
6.740000012207030977e+01
6.980000006103514920e+01
6.800000006103515204e+01
7.179999987792969307e+01
7.440000000000000568e+01
7.519999957275391012e+01
7.480000006103514920e+01
8.039999951171874670e+01
8.059999981689453818e+01
8.519999945068359182e+01
8.499999969482422557e+01
8.379999938964843409e+01
8.119999951171874386e+01
8.000000000000000000e+01
7.739999957275391296e+01
7.980000006103514920e+01
7.679999951171875239e+01
7.819999951171874386e+01
7.739999978637695222e+01
7.879999969482422273e+01
7.459999993896484227e+01
7.699999993896484796e+01
8.059999945068359750e+01
8.000000000000000000e+01
7.539999969482421704e+01
7.899999981689452966e+01
8.159999945068359750e+01
8.300000000000000000e+01
8.099999981689452966e+01
7.979999951171875239e+01
7.959999981689453818e+01
7.819999957275391012e+01
7.859999945068359750e+01
8.219999993896485080e+01
8.039999951171874670e+01
7.979999987792969307e+01
7.959999945068359750e+01
8.120000000000000284e+01
8.019999975585938046e+01
8.039999987792968739e+01
8.159999993896484227e+01
7.739999945068359466e+01
8.239999938964844262e+01
7.999999993896484796e+01
8.039999945068359466e+01
8.219999945068359182e+01
7.999999951171875523e+01
8.179999945068360034e+01
7.959999987792969023e+01
8.119999993896485080e+01
8.299999981689452966e+01
8.099999981689452966e+01
8.239999993896483943e+01
8.179999999999999716e+01
7.919999993896485080e+01
8.099999987792968170e+01
7.979999987792969307e+01
8.199999987792968170e+01
8.139999951171874670e+01
8.419999938964843977e+01
8.079999987792969307e+01
8.099999987792968170e+01
7.999999957275390727e+01
8.000000000000000000e+01
8.239999945068359466e+01
8.239999993896483943e+01
8.179999938964843409e+01
8.199999951171875523e+01
8.119999987792968454e+01
8.159999999999999432e+01
8.299999945068358898e+01
8.399999993896484796e+01
8.159999987792969023e+01
8.299999987792968170e+01
8.359999987792969023e+01
8.259999993896484227e+01
8.339999987792968739e+01
8.399999938964843693e+01
8.139999951171874670e+01
8.279999975585937477e+01
8.259999957275390159e+01
