1.399999988555908237e+00
0.000000000000000000e+00
5.999999942779541406e-01
1.619999986267090009e+01
4.000000000000000222e-01
4.000000000000000000e+00
2.200000007629394627e+00
2.200000003051757957e+01
1.939999999999999858e+01
4.339999993896484654e+01
3.999999988555908104e+00
4.839999999999999858e+01
9.000000007629394005e+00
3.159999984741211065e+01
1.639999995422363455e+01
6.199999946594238587e+00
2.480000003051757673e+01
1.599999998474121021e+01
4.599999977111816740e+00
3.399999988555908015e+00
2.939999993896484298e+01
5.799999977111816030e+00
1.239999997711181656e+01
7.600000007629394538e+00
3.200000000000000178e+00
2.539999999999999858e+01
2.879999993896484511e+01
2.160000000000000142e+01
4.219999969482422131e+01
3.539999984741211136e+01
4.219999984741210852e+01
2.379999986267089795e+01
3.859999969482421989e+01
2.899999993896484440e+01
1.359999998474121163e+01
3.199999986267089724e+01
1.199999997711181621e+01
3.259999996948242540e+01
1.279999986267089795e+01
2.099999989318847682e+01
2.259999989318847824e+01
2.160000003051757744e+01
5.799999946594238232e+00
1.779999992370605355e+01
4.439999999999999858e+01
1.539999992370605497e+01
5.179999978637695079e+01
3.779999981689453392e+01
2.299999986267089724e+01
5.320000000000000284e+01
2.099999996948242043e+01
3.499999996948242398e+01
4.820000000000000284e+01
3.239999984741211136e+01
2.639999995422363455e+01
3.379999975585937477e+01
4.760000012207031261e+01
3.419999981689453250e+01
3.619999969482422131e+01
4.319999993896484369e+01
3.419999975585937335e+01
2.259999989318847824e+01
3.159999993896484227e+01
5.060000000000000142e+01
3.959999972534179591e+01
4.579999981689453392e+01
1.699999992370605639e+01
5.599999981689452966e+01
5.459999987792969023e+01
3.119999993896484369e+01
3.079999990844726554e+01
1.799999989318847682e+01
3.019999978637695293e+01
2.499999993896484440e+01
4.499999969482421847e+01
2.879999972534179520e+01
3.299999993896484085e+01
2.080000003051757673e+01
4.079999978637695079e+01
3.619999993896484369e+01
3.879999981689453392e+01
3.659999981689453108e+01
5.679999981689453392e+01
5.539999981689452824e+01
6.239999987792968739e+01
7.739999951171874670e+01
7.839999963378906500e+01
7.139999957275391296e+01
7.159999957275390159e+01
7.259999945068359750e+01
6.999999963378905932e+01
6.679999969482422273e+01
6.519999990844726767e+01
6.399999981689452966e+01
5.999999993896484085e+01
6.739999975585936909e+01
6.579999978637695790e+01
6.780000006103514920e+01
6.480000012207031546e+01
6.660000006103516057e+01
6.659999963378906784e+01
6.939999975585936909e+01
6.600000012207031830e+01
7.219999993896485080e+01
6.699999978637694653e+01
6.860000006103516057e+01
6.900000006103515204e+01
6.799999978637694653e+01
6.859999963378906784e+01
7.060000006103516057e+01
6.979999957275390443e+01
7.259999981689453818e+01
7.339999957275391296e+01
7.100000000000000000e+01
7.179999999999999716e+01
7.479999963378905647e+01
7.200000012207031830e+01
7.019999975585938046e+01
7.500000012207031830e+01
7.320000006103515489e+01
7.319999951171874386e+01
7.059999978637695506e+01
7.040000006103515773e+01
7.620000006103515489e+01
8.279999938964843409e+01
8.679999951171875239e+01
8.599999975585937761e+01
8.839999987792968739e+01
8.879999945068360034e+01
8.559999975585937193e+01
8.379999938964843409e+01
8.259999993896484227e+01
8.059999938964843125e+01
7.899999993896484796e+01
7.800000000000000000e+01
7.779999993896484511e+01
8.319999945068359182e+01
8.159999981689453818e+01
8.439999957275391296e+01
8.119999969482421420e+01
7.899999951171875523e+01
8.040000000000000568e+01
7.899999963378905932e+01
7.719999963378906216e+01
8.159999951171874955e+01
8.219999987792968454e+01
7.979999951171875239e+01
8.039999957275391296e+01
8.159999938964843125e+01
8.139999957275391296e+01
7.859999945068359750e+01
8.059999981689453818e+01
8.199999951171875523e+01
8.159999938964843125e+01
8.259999987792969023e+01
8.039999993896483943e+01
8.359999945068359750e+01
8.279999945068360034e+01
8.320000000000000284e+01
8.199999987792968170e+01
8.259999951171874955e+01
8.079999987792969307e+01
8.319999993896485080e+01
7.939999987792968739e+01
8.359999957275390159e+01
8.319999957275391012e+01
8.039999993896483943e+01
8.579999938964843409e+01
8.439999987792968739e+01
8.459999975585937193e+01
8.219999945068359182e+01
8.499999945068358898e+01
8.259999999999999432e+01
8.319999981689453250e+01
8.439999945068359466e+01
8.359999945068359750e+01
8.279999945068360034e+01
8.300000000000000000e+01
8.319999951171874386e+01
8.319999981689453250e+01
8.019999951171874386e+01
8.139999993896483943e+01
8.399999957275390727e+01
8.059999993896484227e+01
8.339999981689453534e+01
8.319999945068359182e+01
8.459999981689453818e+01
8.020000000000000284e+01
8.119999951171874386e+01
8.399999938964843693e+01
8.319999951171874386e+01
8.219999987792968454e+01
8.239999987792968739e+01
8.439999987792968739e+01
8.599999993896484796e+01
8.479999981689452682e+01
8.439999945068359466e+01
8.239999981689453534e+01
8.399999938964843693e+01
8.379999938964843409e+01
