1.379999998474121092e+01
9.600000015258789432e+00
1.459999992370605426e+01
3.120000003051757886e+01
2.060000000000000142e+01
3.419999978637695648e+01
1.039999994659423876e+01
2.499999986267089724e+01
1.699999986267089724e+01
3.439999999999999858e+01
4.119999972534179733e+01
3.579999981689453392e+01
3.479999978637695079e+01
3.920000003051757886e+01
3.259999978637695506e+01
4.919999990844726767e+01
3.879999999999999716e+01
5.940000012207030977e+01
6.459999978637695506e+01
5.519999981689453250e+01
6.219999981689453250e+01
5.819999969482422131e+01
5.279999990844726909e+01
5.979999978637695079e+01
5.939999969482421704e+01
5.919999975585937335e+01
3.799999990844726483e+01
5.979999984741210994e+01
4.159999972534179591e+01
4.920000003051757886e+01
6.459999984741210710e+01
5.519999993896484369e+01
5.879999981689453392e+01
3.419999972534179733e+01
4.519999975585937335e+01
6.539999975585936909e+01
5.079999987792968597e+01
7.679999975585937477e+01
4.739999996948242256e+01
5.779999969482421562e+01
8.239999981689453534e+01
8.220000000000000284e+01
7.999999987792968170e+01
8.800000012207031830e+01
6.259999993896484227e+01
7.719999993896485080e+01
7.500000000000000000e+01
7.079999945068360034e+01
7.900000006103515204e+01
7.619999951171874386e+01
6.759999978637695506e+01
6.239999978637695222e+01
6.859999981689453818e+01
6.259999984741210710e+01
7.999999951171875523e+01
8.279999987792969307e+01
7.819999945068359182e+01
6.979999978637695790e+01
8.759999981689453818e+01
7.900000000000000000e+01
8.659999938964843125e+01
7.200000000000000000e+01
8.439999993896483943e+01
7.639999945068359466e+01
8.039999945068359466e+01
6.559999975585937193e+01
8.040000000000000568e+01
6.699999969482422557e+01
7.359999951171874955e+01
8.099999945068358898e+01
9.159999938964843125e+01
8.239999993896483943e+01
8.199999938964843693e+01
7.680000006103514920e+01
7.639999993896483943e+01
8.979999945068360034e+01
7.279999963378905647e+01
8.939999981689453534e+01
7.839999957275391296e+01
7.339999969482421704e+01
8.020000000000000284e+01
8.499999951171875523e+01
9.399999963378905932e+01
9.540000012207030977e+01
9.740000000000000568e+01
9.699999963378905932e+01
9.759999963378906784e+01
9.719999963378906216e+01
9.739999969482421704e+01
9.499999969482422557e+01
9.519999938964843977e+01
9.619999969482421420e+01
9.519999963378906216e+01
9.439999975585936909e+01
9.619999963378906216e+01
9.520000006103515489e+01
9.619999969482421420e+01
9.439999963378906500e+01
9.579999963378905647e+01
9.420000012207030693e+01
9.579999963378905647e+01
9.519999969482421420e+01
9.600000012207031830e+01
9.480000006103514920e+01
9.480000006103514920e+01
9.679999999999999716e+01
9.539999975585936909e+01
9.499999963378905932e+01
9.539999969482421704e+01
9.620000006103515489e+01
9.519999963378906216e+01
9.519999963378906216e+01
9.480000012207031546e+01
9.439999969482421704e+01
9.499999969482422557e+01
9.560000012207031261e+01
9.560000006103516057e+01
9.520000012207030693e+01
9.459999969482421989e+01
9.420000006103515489e+01
9.620000012207030693e+01
9.620000006103515489e+01
9.719999963378906216e+01
9.739999969482421704e+01
9.819999963378906216e+01
9.780000012207031546e+01
9.839999963378906500e+01
9.839999963378906500e+01
9.880000006103514920e+01
9.879999963378905647e+01
9.840000000000000568e+01
9.840000000000000568e+01
9.840000000000000568e+01
9.820000000000000284e+01
9.820000000000000284e+01
9.899999963378905932e+01
9.719999963378906216e+01
9.739999963378906500e+01
9.740000000000000568e+01
9.700000006103515204e+01
9.680000006103514920e+01
9.739999969482421704e+01
9.700000006103515204e+01
9.719999963378906216e+01
9.680000006103514920e+01
9.759999999999999432e+01
9.740000000000000568e+01
9.739999963378906500e+01
9.740000006103515773e+01
9.659999999999999432e+01
9.680000006103514920e+01
9.680000006103514920e+01
9.700000006103515204e+01
9.659999969482421989e+01
9.680000012207031546e+01
9.699999963378905932e+01
9.719999963378906216e+01
9.720000006103515489e+01
9.679999963378905647e+01
9.719999969482421420e+01
9.719999969482421420e+01
9.719999963378906216e+01
9.700000006103515204e+01
9.679999969482422273e+01
9.719999963378906216e+01
9.700000006103515204e+01
9.680000006103514920e+01
9.640000006103515773e+01
9.679999969482422273e+01
9.699999969482422557e+01
9.659999969482421989e+01
9.680000006103514920e+01
9.680000006103514920e+01
9.720000006103515489e+01
9.679999999999999716e+01
9.639999963378906500e+01
9.659999969482421989e+01
9.719999963378906216e+01
9.739999963378906500e+01
9.640000006103515773e+01
9.740000006103515773e+01
9.719999963378906216e+01
9.659999999999999432e+01
9.720000006103515489e+01
9.759999999999999432e+01
9.659999969482421989e+01
9.699999963378905932e+01
9.720000006103515489e+01
9.660000006103516057e+01
9.700000000000000000e+01
9.720000000000000284e+01
9.699999963378905932e+01
9.659999969482421989e+01
9.659999969482421989e+01
9.719999963378906216e+01
9.680000006103514920e+01
9.659999963378906784e+01
9.740000000000000568e+01
9.720000006103515489e+01
9.619999969482421420e+01
