3.999999994277954052e+00
1.199999999999999956e+00
2.000000000000000111e-01
9.999999942779540518e-01
3.999999942779540740e-01
4.599999994277953697e+00
7.199999994277954229e+00
2.599999994277954141e+00
1.799999994277954096e+00
1.680000001525878872e+01
1.620000001525878730e+01
1.079999995422363313e+01
1.139999992370605497e+01
1.020000001525878908e+01
1.579999986267089795e+01
6.199999977111816385e+00
1.020000001525878908e+01
9.199999954223633480e+00
9.999999954223632415e+00
8.199999988555907393e+00
4.999999946594238409e+00
1.379999997711181692e+01
1.259999994659423805e+01
1.279999995422363313e+01
1.059999994659423805e+01
1.700000001525878801e+01
1.560000003051757744e+01
2.479999986267089795e+01
5.419999969482422131e+01
2.280000000000000071e+01
1.700000001525878801e+01
2.160000003051757744e+01
9.599999977111815852e+00
1.300000001525878979e+01
3.619999978637695648e+01
1.419999998474121128e+01
1.719999992370605568e+01
1.419999989318847611e+01
2.199999986267089724e+01
1.200000000762939401e+01
3.739999978637695222e+01
2.060000003051757744e+01
2.199999987792968881e+01
2.639999996948242256e+01
4.119999984741210852e+01
2.739999987792968739e+01
1.619999992370605568e+01
2.919999986267090009e+01
2.619999987792968810e+01
2.299999996948242043e+01
4.359999969482421989e+01
1.679999995422363313e+01
2.819999986267090009e+01
2.279999996948242114e+01
2.979999995422363313e+01
2.299999989318847682e+01
3.139999984741210781e+01
3.579999969482421562e+01
2.660000000000000142e+01
2.319999999999999929e+01
3.039999992370605497e+01
1.859999995422363384e+01
3.460000003051757744e+01
1.740000003051757815e+01
5.119999969482422131e+01
2.839999987792968739e+01
4.559999990844726625e+01
3.279999987792968597e+01
5.319999990844726767e+01
4.999999969482421847e+01
2.580000000000000071e+01
3.759999987792969023e+01
3.579999969482421562e+01
2.480000003051757673e+01
3.359999978637695506e+01
4.020000003051757886e+01
3.439999984741211136e+01
3.839999969482421704e+01
1.539999995422363277e+01
4.119999972534179733e+01
5.819999984741210852e+01
2.139999995422363455e+01
3.779999978637695079e+01
5.539999990844726341e+01
6.339999978637695222e+01
6.759999969482421989e+01
6.799999969482422557e+01
7.219999969482421420e+01
7.179999975585937477e+01
7.860000006103516057e+01
7.259999975585937193e+01
6.880000012207031546e+01
7.219999984741211563e+01
6.879999957275390443e+01
6.839999984741210426e+01
6.899999969482422557e+01
6.279999990844726909e+01
6.799999957275390727e+01
7.199999945068358898e+01
6.880000012207031546e+01
7.279999969482422273e+01
7.079999987792969307e+01
6.200000012207031119e+01
7.279999963378905647e+01
7.179999987792969307e+01
7.119999969482421420e+01
7.220000006103515489e+01
6.559999981689453818e+01
6.719999963378906216e+01
6.679999999999999716e+01
7.059999957275390159e+01
7.359999969482421989e+01
6.879999984741210994e+01
7.259999999999999432e+01
7.279999978637695790e+01
7.399999945068358898e+01
6.779999978637695790e+01
7.119999978637694937e+01
7.499999969482422557e+01
7.079999963378905647e+01
6.419999990844726767e+01
7.019999987792968454e+01
6.759999981689453818e+01
7.739999993896483943e+01
7.939999981689453534e+01
8.579999938964843409e+01
8.199999951171875523e+01
8.599999945068358898e+01
8.519999987792968454e+01
8.699999945068358898e+01
8.699999975585937761e+01
8.779999938964843409e+01
8.519999945068359182e+01
8.399999981689452966e+01
8.179999951171875239e+01
8.259999957275390159e+01
7.899999963378905932e+01
8.319999993896485080e+01
8.199999938964843693e+01
8.239999938964844262e+01
8.219999957275391012e+01
8.299999981689452966e+01
8.139999981689453534e+01
7.999999987792968170e+01
8.099999993896484796e+01
8.379999999999999716e+01
8.199999945068358898e+01
8.279999987792969307e+01
8.159999969482421989e+01
8.419999938964843977e+01
8.099999945068358898e+01
8.279999951171875239e+01
8.339999951171874670e+01
8.379999987792969307e+01
8.219999945068359182e+01
8.579999981689452682e+01
8.619999951171874386e+01
8.359999951171874955e+01
8.599999975585937761e+01
8.499999938964843693e+01
8.499999945068358898e+01
8.219999938964843977e+01
8.439999945068359466e+01
8.459999945068359750e+01
8.439999957275391296e+01
8.259999938964843125e+01
8.299999987792968170e+01
8.159999945068359750e+01
8.079999993896484511e+01
8.279999975585937477e+01
8.619999975585938046e+01
8.379999987792969307e+01
8.499999975585937761e+01
8.339999975585936909e+01
8.379999975585937477e+01
8.479999951171875239e+01
8.459999987792969023e+01
8.459999938964843125e+01
8.299999993896484796e+01
8.599999938964843693e+01
8.519999938964843977e+01
8.279999975585937477e+01
8.319999993896485080e+01
8.539999993896483943e+01
8.599999969482422557e+01
8.539999981689453534e+01
8.519999987792968454e+01
8.559999951171874955e+01
8.439999969482421704e+01
8.680000012207031546e+01
8.439999981689453534e+01
8.559999938964843125e+01
8.479999993896484511e+01
8.559999975585937193e+01
8.179999987792969307e+01
8.319999975585938046e+01
8.339999945068359466e+01
8.619999981689453250e+01
8.319999987792968454e+01
8.499999975585937761e+01
