5.539999996948242256e+01
0.000000000000000000e+00
2.400000000000000000e+01
2.159999995422363384e+01
8.000000000000000444e-01
2.199999988555908281e+00
4.599999994277953697e+00
1.999999988555908104e+00
3.800000007629394716e+00
2.039999998474121057e+01
1.139999997711181656e+01
1.680000000000000071e+01
1.460000001525878943e+01
1.060000001525878943e+01
5.399999988555908459e+00
1.839999989318847540e+01
2.519999986267090009e+01
1.839999999999999858e+01
9.199999977111817273e+00
8.199999988555907393e+00
7.199999988555908281e+00
2.199999994659423663e+01
1.159999998474121163e+01
2.159999989318847824e+01
8.400000007629394361e+00
1.379999998474121092e+01
1.639999992370605497e+01
2.399999992370605639e+01
2.959999981689453108e+01
3.239999978637695222e+01
2.599999988555908192e+00
3.919999993896484369e+01
1.939999989318847540e+01
1.580000003051757851e+01
3.239999975585937619e+01
1.819999994659423947e+01
2.539999996948242256e+01
2.839999993896484298e+01
3.900000000000000000e+01
2.880000003051757673e+01
1.299999995422363241e+01
3.819999972534179733e+01
2.139999993896484298e+01
1.679999998474121270e+01
4.319999978637695648e+01
3.419999993896484369e+01
1.740000001525879014e+01
2.260000000000000142e+01
1.620000003051757886e+01
1.260000000762939365e+01
3.479999972534179875e+01
3.739999972534180017e+01
1.419999995422363348e+01
3.199999987792968881e+01
3.159999990844726625e+01
1.139999995422363277e+01
4.459999975585937193e+01
2.499999990844726483e+01
2.879999987792968597e+01
2.799999990844726483e+01
5.059999981689453108e+01
2.820000003051757886e+01
1.699999986267089724e+01
5.920000012207031403e+01
6.799999984741211279e+01
1.919999998474121128e+01
2.519999993896484369e+01
3.159999987792968668e+01
5.479999993896484511e+01
2.259999986267089866e+01
3.899999978637695364e+01
3.859999996948242540e+01
3.659999984741210710e+01
5.219999975585937335e+01
3.560000000000000142e+01
3.839999987792968739e+01
4.860000000000000142e+01
4.999999990844726483e+01
3.859999987792969023e+01
4.419999969482422131e+01
1.699999992370605639e+01
4.059999972534179591e+01
7.279999957275390443e+01
6.459999987792969023e+01
7.379999969482422273e+01
7.219999975585938046e+01
7.479999969482422273e+01
7.679999957275390443e+01
7.259999963378906784e+01
7.859999938964843125e+01
7.599999981689452966e+01
7.519999963378906216e+01
7.779999957275390443e+01
7.400000006103515204e+01
6.459999984741210710e+01
7.559999963378906784e+01
7.079999984741210994e+01
7.559999963378906784e+01
7.240000006103515773e+01
7.460000006103516057e+01
7.479999993896484511e+01
7.120000012207030693e+01
7.719999945068359182e+01
7.619999978637694937e+01
7.079999999999999716e+01
7.179999993896484511e+01
7.340000006103515773e+01
7.399999993896484796e+01
7.139999957275391296e+01
7.720000000000000284e+01
7.379999999999999716e+01
7.460000006103516057e+01
6.939999969482421704e+01
7.319999951171874386e+01
7.659999999999999432e+01
7.499999951171875523e+01
7.379999999999999716e+01
7.239999987792968739e+01
7.779999987792969307e+01
7.719999963378906216e+01
7.379999963378905647e+01
7.580000006103514920e+01
7.919999951171874386e+01
8.259999945068359750e+01
8.279999938964843409e+01
8.559999945068359750e+01
8.320000006103515489e+01
8.599999975585937761e+01
8.719999951171874386e+01
8.659999951171874955e+01
8.599999981689452966e+01
8.679999993896484511e+01
8.580000012207031546e+01
8.899999969482422557e+01
8.760000006103516057e+01
8.479999993896484511e+01
8.319999987792968454e+01
8.239999951171874670e+01
8.039999945068359466e+01
8.199999951171875523e+01
8.219999957275391012e+01
8.179999987792969307e+01
8.159999981689453818e+01
8.299999993896484796e+01
8.439999945068359466e+01
8.239999987792968739e+01
8.239999938964844262e+01
8.219999957275391012e+01
8.219999993896485080e+01
8.500000000000000000e+01
8.400000000000000000e+01
8.399999987792968170e+01
8.119999945068359182e+01
8.239999951171874670e+01
8.219999975585938046e+01
8.379999993896484511e+01
8.179999981689452682e+01
8.259999951171874955e+01
8.439999945068359466e+01
8.179999951171875239e+01
8.319999957275391012e+01
8.180000006103514920e+01
8.419999987792968454e+01
8.139999993896483943e+01
8.279999999999999716e+01
8.280000012207031546e+01
8.179999993896484511e+01
8.219999987792968454e+01
8.239999945068359466e+01
8.420000012207030693e+01
8.399999945068358898e+01
8.499999981689452966e+01
8.319999969482421420e+01
8.339999945068359466e+01
8.380000012207031546e+01
8.199999957275390727e+01
8.120000000000000284e+01
8.239999963378906500e+01
8.279999957275390443e+01
8.319999945068359182e+01
8.419999945068359182e+01
8.319999945068359182e+01
8.439999945068359466e+01
8.339999957275391296e+01
8.479999993896484511e+01
8.399999981689452966e+01
8.439999981689453534e+01
8.299999945068358898e+01
8.459999999999999432e+01
8.359999945068359750e+01
8.219999957275391012e+01
8.340000012207030977e+01
8.319999945068359182e+01
8.339999993896483943e+01
8.359999945068359750e+01
8.319999957275391012e+01
8.499999975585937761e+01
8.359999987792969023e+01
8.399999993896484796e+01
8.419999957275391012e+01
