0.000000000000000000e+00
7.399999977111816563e+00
6.199999977111816385e+00
5.999999999999999778e-01
5.999999988555908104e+00
4.479999978637695079e+01
2.399999999999999911e+00
8.800000007629394716e+00
3.439999975585937619e+01
2.660000000000000142e+01
1.179999998855590881e+01
7.400000007629394361e+00
7.200000007629394183e+00
1.079999994659423912e+01
7.400000007629394361e+00
1.139999998855590846e+01
5.079999981689453392e+01
4.400000007629394361e+00
6.200000000000000178e+00
1.899999986267089724e+01
6.400000015258789254e+00
1.439999995422363277e+01
3.159999989318847824e+01
2.679999993896484511e+01
8.999999977111816207e+00
2.139999989318847540e+01
1.079999998474121092e+01
1.039999997711181656e+01
2.660000000000000142e+01
1.119999992370605391e+01
1.639999989318847540e+01
1.339999998855590846e+01
1.139999998855590846e+01
1.259999994659423805e+01
1.519999998474121128e+01
1.920000003051757886e+01
4.620000006103515489e+01
2.840000003051757815e+01
2.560000001525878943e+01
1.919999996948242327e+01
1.879999995422363313e+01
1.359999995422363206e+01
1.479999989318847575e+01
1.939999990844726696e+01
9.399999946594238764e+00
3.399999994277953963e+00
1.699999995422363241e+01
2.099999986267089724e+01
1.679999997711181692e+01
2.300000003051757957e+01
1.779999996948242114e+01
2.400000000000000000e+01
4.119999984741210852e+01
1.459999986267089866e+01
2.119999989318847611e+01
1.699999986267089724e+01
1.179999998474121092e+01
1.240000001525878837e+01
1.639999992370605497e+01
5.379999999999999716e+01
3.539999984741211136e+01
1.459999996948242185e+01
1.399999992370605462e+01
4.399999984741211279e+01
3.179999990844726554e+01
2.839999987792968739e+01
3.479999978637695079e+01
2.799999986267089724e+01
9.000000015258789787e+00
1.539999995422363277e+01
1.939999993896484298e+01
2.020000001525878730e+01
2.239999999999999858e+01
4.999999993896484085e+01
2.039999996948242256e+01
2.419999993896484369e+01
1.779999995422363313e+01
3.239999990844726341e+01
1.579999998474121092e+01
2.299999992370605639e+01
3.179999987792968597e+01
3.899999984741211279e+01
5.239999981689452824e+01
5.919999990844726767e+01
6.159999978637695506e+01
6.640000006103515773e+01
6.100000012207031119e+01
6.119999987792968454e+01
6.080000012207031546e+01
6.359999975585937193e+01
5.320000003051757886e+01
5.379999981689453392e+01
6.139999975585937619e+01
5.879999981689453392e+01
6.140000006103515773e+01
6.099999981689452966e+01
5.419999993896484369e+01
5.679999999999999716e+01
6.280000012207031546e+01
5.599999984741211279e+01
6.279999975585937477e+01
6.199999987792968881e+01
6.559999963378906784e+01
6.359999978637695506e+01
6.459999987792969023e+01
6.160000012207031261e+01
6.579999999999999716e+01
6.499999969482422557e+01
6.199999984741211279e+01
6.159999981689453108e+01
6.560000012207031261e+01
6.119999978637695648e+01
6.080000012207031546e+01
6.740000000000000568e+01
6.219999978637695648e+01
5.959999969482421989e+01
6.299999996948242398e+01
6.819999990844726767e+01
7.079999963378905647e+01
6.599999978637694653e+01
6.940000006103515773e+01
6.860000012207031261e+01
7.220000000000000284e+01
8.099999993896484796e+01
8.179999963378905647e+01
8.219999951171874386e+01
8.439999938964844262e+01
8.439999987792968739e+01
8.179999993896484511e+01
8.059999993896484227e+01
7.979999987792969307e+01
8.079999957275390443e+01
8.239999957275391296e+01
7.799999963378905932e+01
8.039999987792968739e+01
8.119999987792968454e+01
7.959999999999999432e+01
8.019999963378906216e+01
8.139999993896483943e+01
8.139999957275391296e+01
7.959999993896484227e+01
8.339999993896483943e+01
8.159999951171874955e+01
8.199999987792968170e+01
8.239999951171874670e+01
8.079999957275390443e+01
8.099999951171875523e+01
8.259999981689453818e+01
8.319999951171874386e+01
8.299999951171875523e+01
8.099999957275390727e+01
8.120000000000000284e+01
8.159999993896484227e+01
8.299999981689452966e+01
8.319999987792968454e+01
8.079999981689452682e+01
8.379999938964843409e+01
8.359999987792969023e+01
7.879999951171875239e+01
8.259999938964843125e+01
8.059999981689453818e+01
8.259999987792969023e+01
8.139999993896483943e+01
8.379999938964843409e+01
8.239999963378906500e+01
8.259999951171874955e+01
8.319999981689453250e+01
8.399999975585937761e+01
8.259999987792969023e+01
8.499999957275390727e+01
8.359999981689453818e+01
8.379999999999999716e+01
8.239999975585936909e+01
8.419999945068359182e+01
8.359999987792969023e+01
8.180000006103514920e+01
8.340000012207030977e+01
8.219999987792968454e+01
8.379999945068360034e+01
8.219999987792968454e+01
8.179999993896484511e+01
8.339999951171874670e+01
8.359999951171874955e+01
8.539999938964844262e+01
8.359999987792969023e+01
8.279999951171875239e+01
8.659999975585937193e+01
8.459999981689453818e+01
8.179999993896484511e+01
8.339999938964844262e+01
8.519999975585938046e+01
8.479999945068360034e+01
8.319999951171874386e+01
8.399999938964843693e+01
8.559999993896484227e+01
8.379999951171875239e+01
8.479999945068360034e+01
8.399999975585937761e+01
8.439999987792968739e+01
8.499999975585937761e+01
