2.899999986267089724e+01
1.759999996948242185e+01
9.999999942779540518e-01
1.999999994277954052e+00
1.239999994659423876e+01
4.580000006103515631e+01
7.400000015258789254e+00
2.400000007629394361e+00
1.019999992370605391e+01
2.399999994277953963e+00
2.419999986267090009e+01
8.200000015258789077e+00
2.799999999999999822e+00
1.619999992370605568e+01
2.419999990844726412e+01
1.180000000762939472e+01
3.059999996948242185e+01
6.000000007629394894e+00
6.600000007629394538e+00
1.280000001525878872e+01
1.320000001525878908e+01
4.399999988555908459e+00
3.699999978637695364e+01
8.199999977111817273e+00
2.799999993896484440e+01
1.299999998474121021e+01
7.599999977111816740e+00
1.319999995422363348e+01
1.019999995422363348e+01
1.660000003051757744e+01
1.259999997711181585e+01
1.579999994659423912e+01
1.979999990844726554e+01
1.079999994659423912e+01
4.400000007629394361e+00
1.380000000762939472e+01
1.500000000000000000e+01
2.139999989318847540e+01
7.599999946594238054e+00
2.879999996948242114e+01
2.519999987792968810e+01
1.359999995422363206e+01
1.339999992370605497e+01
1.899999989318847682e+01
3.999999988555908104e+00
1.179999997711181692e+01
1.240000001525878837e+01
3.780000006103515631e+01
2.320000003051757886e+01
2.140000003051757815e+01
1.000000000762939401e+01
2.280000000000000071e+01
4.739999996948242256e+01
1.539999992370605497e+01
1.479999994659423912e+01
2.239999995422363455e+01
7.599999977111816740e+00
1.599999994659423841e+01
1.839999989318847540e+01
1.879999995422363313e+01
2.560000003051757744e+01
2.419999984741210852e+01
1.199999994659423841e+01
2.699999986267089724e+01
5.439999984741211136e+01
1.940000001525879014e+01
1.719999992370605568e+01
1.860000000000000142e+01
3.079999990844726554e+01
3.740000006103515773e+01
2.760000000000000142e+01
2.579999989318847753e+01
2.839999996948242256e+01
6.039999978637695222e+01
3.539999981689452824e+01
1.100000000762939401e+01
7.599999984741210746e+00
1.679999995422363313e+01
1.939999992370605497e+01
1.620000003051757886e+01
3.379999996948242114e+01
2.219999986267090009e+01
3.819999984741210852e+01
3.899999981689452966e+01
6.239999984741211136e+01
5.260000000000000142e+01
6.379999981689453392e+01
6.319999993896484369e+01
6.279999987792968597e+01
6.939999996948242256e+01
6.839999969482421704e+01
7.179999993896484511e+01
6.559999978637695506e+01
7.439999963378906500e+01
7.260000006103516057e+01
6.280000012207031546e+01
6.380000006103515631e+01
7.380000006103514920e+01
6.940000000000000568e+01
6.579999978637695790e+01
6.819999969482421420e+01
7.199999957275390727e+01
6.339999969482421704e+01
5.859999993896484227e+01
7.059999984741210710e+01
6.759999963378906784e+01
7.559999951171874955e+01
6.279999984741210994e+01
7.379999981689452682e+01
7.100000000000000000e+01
6.819999978637694937e+01
6.919999978637694937e+01
7.040000000000000568e+01
7.359999975585937193e+01
6.819999969482421420e+01
7.179999978637695790e+01
6.900000012207031830e+01
7.079999969482422273e+01
7.059999963378906784e+01
7.280000012207031546e+01
6.960000012207031261e+01
7.059999978637695506e+01
7.500000000000000000e+01
7.239999975585936909e+01
7.700000012207031830e+01
8.039999963378906500e+01
8.279999981689452682e+01
8.519999981689453250e+01
8.599999938964843693e+01
8.719999945068359182e+01
8.839999969482421704e+01
8.459999945068359750e+01
8.879999975585937477e+01
8.459999945068359750e+01
8.819999951171874386e+01
8.919999975585938046e+01
8.900000006103515204e+01
8.840000012207030977e+01
8.419999993896485080e+01
8.680000012207031546e+01
8.379999981689452682e+01
8.539999987792968739e+01
8.440000012207030977e+01
8.399999951171875523e+01
8.319999987792968454e+01
8.559999938964843125e+01
8.299999975585937761e+01
8.259999945068359750e+01
8.419999987792968454e+01
8.539999993896483943e+01
8.499999945068358898e+01
8.499999987792968170e+01
8.239999951171874670e+01
8.679999951171875239e+01
8.539999963378906500e+01
8.319999981689453250e+01
8.439999987792968739e+01
8.259999999999999432e+01
8.600000012207031830e+01
8.540000000000000568e+01
8.400000012207031830e+01
8.319999945068359182e+01
8.259999987792969023e+01
8.459999951171874955e+01
8.459999938964843125e+01
8.539999987792968739e+01
8.499999945068358898e+01
8.519999981689453250e+01
8.659999945068359750e+01
8.719999957275391012e+01
8.519999951171874386e+01
8.399999951171875523e+01
8.459999938964843125e+01
8.279999938964843409e+01
8.579999987792969307e+01
8.539999951171874670e+01
8.499999981689452966e+01
8.479999993896484511e+01
8.519999938964843977e+01
8.459999957275390159e+01
8.579999963378905647e+01
8.519999951171874386e+01
8.659999987792969023e+01
8.379999981689452682e+01
8.579999938964843409e+01
8.219999993896485080e+01
8.619999938964843977e+01
8.559999981689453818e+01
8.379999975585937477e+01
8.459999945068359750e+01
8.299999987792968170e+01
8.819999969482421420e+01
8.579999975585937477e+01
8.459999993896484227e+01
8.519999993896485080e+01
8.819999938964843977e+01
8.559999981689453818e+01
8.619999969482421420e+01
8.699999975585937761e+01
8.599999957275390727e+01
