3.479999987792968597e+01
0.000000000000000000e+00
2.000000000000000111e-01
1.199999999999999956e+00
7.999999942779540962e-01
2.199999992370605639e+01
2.999999993896484440e+01
1.059999994659423805e+01
4.599999999999999645e+00
1.320000001525878908e+01
1.319999998474121128e+01
1.659999989318847824e+01
1.459999992370605426e+01
1.179999995422363313e+01
9.800000007629394716e+00
8.600000015258789432e+00
2.200000000000000178e+00
8.799999977111816918e+00
5.999999988555908104e+00
1.180000000762939472e+01
9.999999946594238409e+00
8.199999977111817273e+00
4.299999993896484085e+01
1.699999989318847682e+01
1.679999989318847753e+01
2.539999996948242256e+01
1.339999995422363277e+01
1.399999992370605462e+01
4.199999988555908281e+00
2.019999992370605568e+01
1.279999997711181692e+01
1.359999995422363206e+01
1.020000001525878908e+01
8.599999977111815852e+00
2.179999992370605355e+01
2.399999999999999911e+00
9.999999988555908104e+00
1.359999992370605426e+01
1.380000001525878872e+01
2.119999986267090009e+01
1.400000003051757780e+01
2.680000000000000071e+01
4.739999987792968739e+01
1.559999996948242185e+01
2.640000003051757815e+01
1.559999999999999964e+01
1.739999992370605497e+01
1.299999992370605462e+01
2.139999995422363455e+01
2.539999990844726696e+01
1.440000001525878837e+01
2.139999986267089938e+01
1.399999992370605462e+01
1.600000000762939578e+01
1.939999995422363455e+01
3.659999981689453108e+01
2.959999984741211065e+01
1.359999998474121163e+01
3.719999978637695648e+01
2.659999987792968668e+01
2.179999989318847753e+01
3.719999990844726767e+01
1.999999986267089724e+01
3.079999975585937477e+01
2.959999981689453108e+01
2.579999992370605355e+01
3.959999978637695506e+01
3.319999990844726767e+01
1.879999992370605355e+01
2.079999992370605355e+01
1.539999998474121057e+01
1.979999989318847753e+01
2.200000000000000000e+01
2.320000001525878730e+01
2.439999989318847540e+01
1.719999986267090009e+01
1.300000003051757780e+01
1.180000000762939472e+01
1.019999998474121128e+01
2.479999990844726554e+01
4.519999972534179733e+01
2.019999999999999929e+01
4.759999975585937193e+01
5.239999999999999858e+01
5.939999984741211136e+01
6.520000006103515489e+01
6.239999984741211136e+01
5.619999978637695648e+01
5.439999990844726341e+01
5.759999984741210710e+01
5.879999984741210994e+01
5.960000003051757744e+01
6.039999975585937619e+01
5.900000012207031119e+01
5.860000000000000142e+01
6.479999969482422273e+01
6.619999957275391012e+01
5.799999996948242398e+01
6.479999975585937477e+01
5.919999975585937335e+01
5.879999984741210994e+01
5.879999987792968597e+01
6.359999969482421989e+01
5.759999984741210710e+01
6.359999969482421989e+01
6.840000000000000568e+01
6.440000006103515773e+01
6.399999984741211279e+01
6.579999987792969307e+01
6.560000012207031261e+01
6.980000012207031546e+01
7.279999993896484511e+01
6.579999981689452682e+01
6.719999990844726767e+01
6.599999975585937761e+01
6.779999981689452682e+01
6.899999975585937761e+01
6.800000012207031830e+01
6.679999969482422273e+01
7.040000006103515773e+01
7.159999999999999432e+01
7.499999975585937761e+01
7.359999951171874955e+01
8.039999945068359466e+01
8.079999981689452682e+01
8.379999981689452682e+01
8.299999981689452966e+01
8.600000012207031830e+01
8.379999951171875239e+01
8.119999969482421420e+01
8.179999951171875239e+01
8.079999987792969307e+01
8.119999981689453250e+01
8.099999957275390727e+01
8.119999987792968454e+01
8.100000000000000000e+01
8.159999951171874955e+01
8.040000000000000568e+01
8.219999963378906216e+01
8.439999945068359466e+01
8.159999981689453818e+01
8.519999938964843977e+01
8.279999963378905647e+01
8.179999987792969307e+01
8.319999987792968454e+01
8.319999951171874386e+01
8.319999981689453250e+01
8.399999945068358898e+01
8.619999938964843977e+01
8.399999951171875523e+01
8.199999951171875523e+01
8.419999981689453250e+01
8.219999987792968454e+01
8.399999938964843693e+01
8.319999981689453250e+01
8.259999951171874955e+01
8.359999957275390159e+01
8.439999981689453534e+01
8.239999993896483943e+01
8.479999938964843409e+01
8.319999951171874386e+01
8.619999981689453250e+01
8.519999981689453250e+01
8.519999987792968454e+01
8.399999938964843693e+01
8.539999938964844262e+01
8.559999981689453818e+01
8.379999987792969307e+01
8.699999938964843693e+01
8.499999969482422557e+01
8.320000000000000284e+01
8.659999938964843125e+01
8.419999945068359182e+01
8.539999945068359466e+01
8.659999975585937193e+01
8.559999981689453818e+01
8.659999987792969023e+01
8.399999963378905932e+01
8.459999981689453818e+01
8.399999945068358898e+01
8.620000012207030693e+01
8.659999938964843125e+01
8.419999957275391012e+01
8.659999975585937193e+01
8.559999938964843125e+01
8.599999975585937761e+01
8.579999938964843409e+01
8.499999945068358898e+01
8.539999975585936909e+01
8.719999987792968454e+01
8.599999938964843693e+01
8.739999963378906500e+01
8.559999957275390159e+01
8.499999981689452966e+01
8.579999987792969307e+01
8.399999993896484796e+01
8.599999945068358898e+01
8.539999981689453534e+01
8.720000012207030693e+01
8.659999987792969023e+01
