5.999999999999999778e-01
0.000000000000000000e+00
5.200000015258789077e+00
8.199999977111817273e+00
9.999999942779540518e-01
1.199999994277954007e+00
2.279999996948242114e+01
7.599999994277953697e+00
6.399999994277954407e+00
6.600000007629394538e+00
3.140000003051757815e+01
9.599999946594238054e+00
6.799999977111816030e+00
1.600000000000000089e+00
1.339999995422363277e+01
1.339999994659423876e+01
9.400000007629394361e+00
1.419999989318847611e+01
1.099999994659423841e+01
9.199999977111817273e+00
9.399999994277953519e+00
8.999999988555908104e+00
1.039999992370605497e+01
4.400000007629394361e+00
8.599999988555907748e+00
3.000000000000000000e+00
3.199999996948242043e+01
1.059999998474121163e+01
1.339999994659423876e+01
2.139999992370605497e+01
3.139999984741210781e+01
1.399999994659423841e+01
2.440000003051757815e+01
1.299999997711181621e+01
3.199999988555908281e+00
1.139999997711181656e+01
4.400000007629394361e+00
2.260000003051757744e+01
2.399999987792968881e+01
1.119999998474121128e+01
1.340000000762939436e+01
1.679999989318847753e+01
1.079999998474121092e+01
1.199999989318847682e+01
9.400000007629394361e+00
1.540000001525878837e+01
1.699999989318847682e+01
1.799999989318847682e+01
8.599999954223632059e+00
9.799999923706055327e+00
1.619999994659423947e+01
2.320000001525878730e+01
1.179999998855590881e+01
1.399999995422363241e+01
2.239999998474121057e+01
1.079999994659423912e+01
1.799999989318847682e+01
2.099999990844726483e+01
1.799999994659423663e+01
1.779999986267089795e+01
1.719999992370605568e+01
1.779999986267089795e+01
1.479999989318847575e+01
2.079999990844726554e+01
4.259999972534179591e+01
1.659999992370605426e+01
2.059999996948242185e+01
1.139999994659423876e+01
1.779999989318847753e+01
2.899999987792968881e+01
1.440000001525878837e+01
3.019999993896484369e+01
2.219999989318847611e+01
1.960000003051757744e+01
4.099999996948242398e+01
2.459999992370605426e+01
2.199999989318847682e+01
1.860000003051757744e+01
7.999999946594238409e+00
8.200000007629395071e+00
2.539999993896484298e+01
1.499999997711181621e+01
2.179999992370605355e+01
2.739999990844726696e+01
3.479999990844726909e+01
4.679999996948242114e+01
4.940000006103515773e+01
4.679999993896484511e+01
5.339999978637695222e+01
4.859999993896484227e+01
4.339999978637695222e+01
4.840000006103515773e+01
5.019999975585937335e+01
4.679999984741210994e+01
4.899999978637695364e+01
4.819999987792968454e+01
4.879999999999999716e+01
5.060000003051757744e+01
5.279999987792968597e+01
5.320000006103515489e+01
4.780000003051758029e+01
5.680000003051758029e+01
4.539999969482421704e+01
5.119999984741210852e+01
4.899999969482421847e+01
4.859999969482421989e+01
5.039999969482421704e+01
5.240000003051757460e+01
4.519999972534179733e+01
5.359999987792969023e+01
5.899999990844726483e+01
4.459999984741210710e+01
5.600000003051757602e+01
5.260000003051757744e+01
5.259999978637695506e+01
5.420000003051757886e+01
5.859999984741210710e+01
5.679999981689453392e+01
5.519999996948241971e+01
5.460000006103515346e+01
5.799999990844726483e+01
5.620000003051757886e+01
5.559999978637695506e+01
5.939999978637695222e+01
5.620000000000000284e+01
7.019999969482421420e+01
7.459999999999999432e+01
7.799999993896484796e+01
7.819999945068359182e+01
7.999999951171875523e+01
8.179999993896484511e+01
8.299999957275390727e+01
7.899999993896484796e+01
7.979999951171875239e+01
8.000000006103515204e+01
8.160000012207031261e+01
7.540000000000000568e+01
7.979999987792969307e+01
7.759999987792969023e+01
8.039999957275391296e+01
7.779999999999999716e+01
7.859999951171874955e+01
7.939999993896483943e+01
7.799999993896484796e+01
7.839999957275391296e+01
7.959999945068359750e+01
7.720000000000000284e+01
7.760000006103516057e+01
8.179999957275390443e+01
8.199999951171875523e+01
8.219999945068359182e+01
8.139999993896483943e+01
8.239999987792968739e+01
8.259999981689453818e+01
8.159999999999999432e+01
7.979999963378905647e+01
8.379999993896484511e+01
8.219999987792968454e+01
8.199999963378905932e+01
8.019999987792968454e+01
8.339999963378906500e+01
8.099999938964843693e+01
8.040000012207030977e+01
7.939999975585936909e+01
8.179999981689452682e+01
8.339999993896483943e+01
8.019999993896485080e+01
8.059999957275390159e+01
8.339999993896483943e+01
8.379999945068360034e+01
8.319999987792968454e+01
8.299999975585937761e+01
8.139999981689453534e+01
8.379999938964843409e+01
8.019999951171874386e+01
8.359999957275390159e+01
8.299999945068358898e+01
8.399999951171875523e+01
8.459999951171874955e+01
8.399999945068358898e+01
8.199999987792968170e+01
8.299999938964843693e+01
8.559999938964843125e+01
8.439999987792968739e+01
8.319999945068359182e+01
8.439999957275391296e+01
8.239999993896483943e+01
8.499999938964843693e+01
8.419999945068359182e+01
8.159999987792969023e+01
8.359999957275390159e+01
8.379999987792969307e+01
8.160000006103516057e+01
8.139999945068359466e+01
8.359999981689453818e+01
8.299999945068358898e+01
8.119999938964843977e+01
8.459999987792969023e+01
8.259999987792969023e+01
8.239999951171874670e+01
