0.000000000000000000e+00
2.239999998474121057e+01
1.999999988555908104e+00
2.000000000000000111e-01
2.019999998474121128e+01
4.999999946594238409e+00
1.479999989318847575e+01
1.259999998474121163e+01
1.879999992370605355e+01
7.600000007629394538e+00
2.599999988555908192e+00
3.399999988555908015e+00
4.600000007629394538e+00
1.600000000000000089e+00
7.399999988555908459e+00
1.099999995422363241e+01
5.400000007629394361e+00
9.800000015258788721e+00
2.600000007629394538e+00
6.399999994277954407e+00
1.939999989318847540e+01
5.399999977111816563e+00
3.200000000000000178e+00
2.200000000000000178e+00
2.219999990844726412e+01
6.799999946594238232e+00
1.439999995422363277e+01
9.599999977111815852e+00
7.799999977111816030e+00
2.200000000000000178e+00
5.599999994277953697e+00
7.199999977111816385e+00
1.059999992370605426e+01
1.240000001525878837e+01
9.999999942779540518e-01
8.000000007629394005e+00
5.999999988555908104e+00
7.599999994277953697e+00
1.659999997711181763e+01
8.400000007629394361e+00
4.399999946594237876e+00
4.799999999999999822e+00
1.139999994659423876e+01
7.799999946594238232e+00
7.399999977111816563e+00
8.600000007629393650e+00
2.019999992370605568e+01
1.699999998474121199e+01
1.260000000762939365e+01
3.799999972534179449e+01
1.039999997711181656e+01
1.719999995422363170e+01
1.100000001525878979e+01
8.199999994277954229e+00
1.059999999427795458e+01
1.379999989318847575e+01
1.159999998474121163e+01
1.759999992370605426e+01
9.599999946594238054e+00
1.119999998474121128e+01
7.400000015258789254e+00
1.319999998474121128e+01
7.399999977111816563e+00
1.859999989318847824e+01
9.000000007629394005e+00
9.999999977111816207e+00
1.059999997711181585e+01
2.359999987792968668e+01
1.919999995422363170e+01
1.719999995422363170e+01
1.459999998474121163e+01
1.020000001525878908e+01
1.619999989318847611e+01
2.939999996948242256e+01
1.260000000762939365e+01
1.539999995422363277e+01
1.159999997711181585e+01
1.879999995422363313e+01
1.019999994659423770e+01
1.879999986267089795e+01
2.139999995422363455e+01
3.079999987792968597e+01
2.999999996948242043e+01
3.700000003051757602e+01
3.759999993896484227e+01
4.019999996948241971e+01
4.159999972534179591e+01
4.400000003051757602e+01
4.099999978637695364e+01
4.020000006103515489e+01
4.539999999999999858e+01
4.319999981689453250e+01
4.319999969482422131e+01
4.279999993896484511e+01
4.999999993896484085e+01
4.919999987792968454e+01
4.679999975585937477e+01
5.079999969482421562e+01
4.419999972534179733e+01
4.520000000000000284e+01
4.579999993896484511e+01
5.199999987792968881e+01
4.420000003051757886e+01
4.719999981689453250e+01
4.759999972534179591e+01
4.979999999999999716e+01
5.179999987792968597e+01
4.960000000000000142e+01
5.160000003051757744e+01
5.019999993896484369e+01
5.119999981689453250e+01
5.099999984741211279e+01
5.279999996948242114e+01
5.159999990844726625e+01
5.479999996948242114e+01
5.200000000000000000e+01
5.539999984741211136e+01
4.880000003051758029e+01
4.919999981689453250e+01
5.239999987792968739e+01
5.359999987792969023e+01
5.899999993896484085e+01
5.799999990844726483e+01
6.959999969482421989e+01
6.939999978637695222e+01
7.059999963378906784e+01
7.539999945068359466e+01
7.560000006103516057e+01
7.459999993896484227e+01
7.600000000000000000e+01
7.299999969482422557e+01
7.479999963378905647e+01
7.619999957275391012e+01
7.299999951171875523e+01
7.400000012207031830e+01
7.579999963378905647e+01
7.699999993896484796e+01
7.579999957275390443e+01
7.659999957275390159e+01
7.799999963378905932e+01
7.619999981689453250e+01
7.599999963378905932e+01
7.579999999999999716e+01
7.619999945068359182e+01
7.359999969482421989e+01
7.719999951171874386e+01
7.599999987792968170e+01
7.599999981689452966e+01
7.479999978637695790e+01
7.939999957275391296e+01
7.919999993896485080e+01
7.819999945068359182e+01
7.919999981689453250e+01
7.999999987792968170e+01
7.899999957275390727e+01
8.020000000000000284e+01
7.839999993896483943e+01
8.099999945068358898e+01
7.799999957275390727e+01
7.979999957275390443e+01
7.759999951171874955e+01
7.979999987792969307e+01
7.619999957275391012e+01
8.059999957275390159e+01
8.020000006103515489e+01
8.019999975585938046e+01
7.879999945068360034e+01
8.119999993896485080e+01
8.059999945068359750e+01
8.059999987792969023e+01
7.899999945068358898e+01
8.239999945068359466e+01
7.899999969482422557e+01
8.079999951171875239e+01
8.059999999999999432e+01
7.899999957275390727e+01
8.020000000000000284e+01
8.139999975585936909e+01
7.919999987792968454e+01
8.079999987792969307e+01
8.079999999999999716e+01
8.219999987792968454e+01
7.899999945068358898e+01
8.079999957275390443e+01
8.179999951171875239e+01
8.079999963378905647e+01
7.980000012207031546e+01
8.239999945068359466e+01
8.299999945068358898e+01
8.299999957275390727e+01
8.419999945068359182e+01
8.280000006103514920e+01
8.040000012207030977e+01
8.259999981689453818e+01
8.119999945068359182e+01
8.060000006103516057e+01
8.099999945068358898e+01
8.119999969482421420e+01
8.079999957275390443e+01
7.979999951171875239e+01
