0.000000000000000000e+00
4.000000000000000222e-01
1.080000000762939472e+01
2.079999986267089795e+01
1.299999998474121021e+01
6.800000007629394716e+00
1.119999994659423770e+01
3.599999988555908192e+00
1.719999989318847611e+01
8.000000000000000444e-01
8.999999994277954940e+00
3.799999988555908370e+00
3.179999987792968597e+01
7.800000007629394716e+00
6.000000000000000000e+00
5.999999988555908104e+00
6.199999977111816385e+00
1.199999997711181621e+01
2.999999994277954052e+00
2.199999988555908281e+00
5.000000007629394894e+00
9.399999946594238764e+00
2.599999988555908192e+00
1.159999986267089866e+01
1.199999999999999956e+00
9.599999946594238054e+00
6.999999988555908104e+00
7.399999988555908459e+00
1.199999995422363241e+01
7.199999988555908281e+00
2.179999993896484511e+01
5.600000015258789432e+00
5.400000000000000355e+00
1.379999998474121092e+01
1.119999994659423770e+01
1.439999997711181656e+01
7.799999954223633125e+00
7.799999988555907926e+00
1.179999998474121092e+01
1.180000000762939472e+01
1.779999995422363313e+01
1.479999998474121092e+01
1.899999986267089724e+01
1.540000001525878837e+01
3.059999984741211065e+01
1.059999992370605426e+01
8.399999946594238764e+00
4.799999977111816030e+00
2.519999987792968810e+01
7.600000007629394538e+00
1.199999997711181621e+01
3.800000007629394716e+00
3.060000000000000142e+01
1.580000003051757851e+01
1.240000001525878837e+01
6.800000007629394716e+00
1.239999994659423876e+01
8.399999946594238764e+00
1.739999992370605497e+01
5.400000007629394361e+00
1.540000001525878837e+01
1.079999997711181692e+01
1.179999997711181692e+01
9.599999984741211634e+00
1.000000000762939401e+01
1.659999992370605426e+01
1.360000001525878943e+01
1.199999995422363241e+01
3.319999981689453250e+01
1.439999999427795352e+01
7.599999999999999645e+00
1.279999995422363313e+01
1.639999998474121057e+01
1.219999994659423770e+01
2.619999999999999929e+01
2.199999990844726483e+01
1.039999998474121057e+01
1.200000000762939401e+01
8.799999946594239120e+00
7.799999994277953874e+00
1.579999995422363313e+01
1.699999998474121199e+01
1.700000001525878801e+01
1.939999998474121057e+01
2.279999992370605355e+01
2.419999999999999929e+01
2.759999993896484227e+01
3.079999984741210994e+01
3.059999984741211065e+01
3.700000006103515915e+01
3.219999996948241971e+01
3.099999993896484440e+01
3.499999975585937761e+01
3.559999978637695506e+01
3.139999984741210781e+01
3.759999986267089866e+01
3.759999981689453108e+01
4.099999996948242398e+01
3.959999975585937193e+01
3.980000003051758029e+01
4.099999978637695364e+01
4.139999972534180017e+01
4.160000003051757744e+01
3.979999969482421562e+01
3.719999969482422131e+01
3.859999969482421989e+01
4.020000006103515489e+01
3.699999978637695364e+01
4.039999984741211136e+01
3.979999993896484511e+01
4.099999972534179449e+01
3.539999975585937619e+01
4.059999990844726625e+01
4.160000006103515346e+01
4.559999990844726625e+01
4.259999975585937193e+01
4.459999981689453108e+01
4.299999978637695364e+01
4.379999978637695079e+01
4.619999972534179733e+01
4.619999987792968454e+01
4.460000003051757744e+01
4.599999969482421847e+01
4.920000000000000284e+01
5.019999972534179733e+01
5.020000003051757886e+01
5.699999984741211279e+01
5.940000012207030977e+01
6.539999996948242256e+01
7.159999999999999432e+01
6.639999978637695222e+01
7.019999975585938046e+01
7.119999963378906216e+01
7.120000006103515489e+01
7.119999969482421420e+01
7.340000006103515773e+01
6.739999981689453534e+01
6.899999969482422557e+01
7.119999957275391012e+01
7.099999969482422557e+01
6.979999963378905647e+01
7.259999969482421989e+01
7.180000006103514920e+01
7.119999969482421420e+01
7.119999993896485080e+01
7.099999984741211279e+01
7.159999945068359750e+01
7.280000012207031546e+01
7.339999969482421704e+01
7.459999963378906784e+01
7.120000000000000284e+01
6.759999999999999432e+01
7.239999963378906500e+01
7.119999969482421420e+01
7.359999963378906784e+01
7.360000006103516057e+01
7.560000006103516057e+01
7.359999969482421989e+01
7.379999963378905647e+01
7.639999963378906500e+01
7.640000000000000568e+01
7.559999963378906784e+01
7.239999969482421704e+01
7.699999963378905932e+01
7.219999969482421420e+01
7.319999975585938046e+01
7.220000006103515489e+01
7.700000006103515204e+01
7.559999993896484227e+01
7.299999981689452966e+01
7.459999963378906784e+01
7.699999987792968170e+01
7.340000006103515773e+01
7.419999975585938046e+01
7.580000006103514920e+01
7.599999987792968170e+01
7.339999969482421704e+01
7.559999938964843125e+01
7.779999969482422273e+01
7.779999981689452682e+01
7.619999951171874386e+01
7.520000006103515489e+01
7.440000012207030977e+01
7.479999987792969307e+01
7.579999951171875239e+01
7.699999945068358898e+01
7.719999963378906216e+01
7.819999981689453250e+01
7.340000012207030977e+01
7.619999981689453250e+01
7.539999963378906500e+01
7.799999951171875523e+01
7.639999951171874670e+01
7.799999945068358898e+01
7.819999951171874386e+01
7.659999963378906784e+01
7.699999945068358898e+01
7.779999963378905647e+01
7.380000012207031546e+01
7.879999999999999716e+01
