0.000000000000000000e+00
4.999999977111816207e+00
6.000000007629394894e+00
1.399999999999999911e+00
0.000000000000000000e+00
1.160000001525878943e+01
1.199999994277954007e+00
1.000000000000000000e+00
1.399999992370605462e+01
1.580000001525878872e+01
2.139999999999999858e+01
1.839999989318847540e+01
2.539999996948242256e+01
4.799999977111816030e+00
2.519999996948242327e+01
1.680000000000000071e+01
5.199999994277954229e+00
5.399999988555908459e+00
3.599999988555908192e+00
1.919999993896484369e+01
1.139999998855590846e+01
1.159999999427795458e+01
4.599999988555908637e+00
1.380000001525878872e+01
5.599999977111816740e+00
1.380000000762939472e+01
5.199999988555908281e+00
9.999999923706054616e+00
1.419999995422363348e+01
6.599999988555908637e+00
1.520000001525878908e+01
1.799999992370605639e+01
1.320000001525878908e+01
5.199999988555908281e+00
2.779999984741210994e+01
1.519999995422363348e+01
1.999999989318847682e+01
6.400000007629394361e+00
4.800000007629394716e+00
1.879999992370605355e+01
2.539999992370605497e+01
1.399999989318847682e+01
1.059999994659423805e+01
5.800000015258788721e+00
4.600000007629394538e+00
1.279999995422363313e+01
3.000000000000000000e+00
1.060000001525878943e+01
1.379999997711181692e+01
8.999999994277954940e+00
2.599999994277954141e+00
3.039999984741210781e+01
5.799999977111816030e+00
4.799999977111816030e+00
8.000000015258789787e+00
9.800000007629394716e+00
1.759999993896484227e+01
1.100000000762939401e+01
6.999999946594238409e+00
8.399999988555908459e+00
1.720000001525878730e+01
1.600000001525878801e+01
1.499999989318847682e+01
1.519999989318847611e+01
1.679999989318847753e+01
1.279999995422363313e+01
9.800000015258788721e+00
1.359999994659423805e+01
7.800000015258788721e+00
2.179999996948242114e+01
1.279999997711181692e+01
5.819999990844726767e+01
1.300000001525878979e+01
1.779999989318847753e+01
9.199999946594237699e+00
1.439999989318847717e+01
1.559999999999999964e+01
1.419999994659423770e+01
1.139999998474121057e+01
2.139999987792968739e+01
2.020000001525878730e+01
2.339999993896484298e+01
1.659999992370605426e+01
1.760000003051757744e+01
2.259999993896484227e+01
2.219999996948242327e+01
2.479999992370605355e+01
3.060000000000000142e+01
3.220000006103515489e+01
3.219999981689453250e+01
3.299999987792968881e+01
3.519999993896484369e+01
3.539999987792968739e+01
3.379999996948242114e+01
3.699999984741211279e+01
3.379999981689453392e+01
3.640000006103515773e+01
3.659999984741210710e+01
3.439999972534180017e+01
4.039999981689452824e+01
3.799999990844726483e+01
4.240000003051757460e+01
3.639999972534180017e+01
4.119999975585937335e+01
3.819999978637695648e+01
3.599999981689452966e+01
4.239999975585937619e+01
3.759999984741210710e+01
3.739999975585937619e+01
3.939999984741211136e+01
3.880000006103515631e+01
3.759999975585937193e+01
3.919999981689453250e+01
3.919999987792968454e+01
4.179999981689453392e+01
4.139999987792968739e+01
3.899999996948242398e+01
3.959999972534179591e+01
4.059999975585937193e+01
4.139999975585937619e+01
4.100000003051757602e+01
4.199999987792968881e+01
3.819999969482422131e+01
3.759999972534179591e+01
4.179999972534179875e+01
4.699999969482421847e+01
4.440000006103515773e+01
5.059999987792969023e+01
5.599999963378905932e+01
6.419999990844726767e+01
6.599999984741211279e+01
6.859999978637695506e+01
7.199999978637694653e+01
7.179999951171875239e+01
6.379999981689453392e+01
6.659999996948242540e+01
6.919999978637694937e+01
6.379999981689453392e+01
6.459999999999999432e+01
6.739999963378906500e+01
6.339999996948242256e+01
6.759999969482421989e+01
6.919999969482421420e+01
7.339999993896483943e+01
6.799999963378905932e+01
7.119999957275391012e+01
7.139999963378906500e+01
7.320000006103515489e+01
7.060000012207031261e+01
6.880000006103514920e+01
7.239999984741210426e+01
7.139999975585936909e+01
6.860000012207031261e+01
7.179999975585937477e+01
7.079999984741210994e+01
7.159999999999999432e+01
7.079999987792969307e+01
7.079999951171875239e+01
7.080000006103514920e+01
7.299999993896484796e+01
7.139999963378906500e+01
7.079999981689452682e+01
7.380000006103514920e+01
7.259999978637695506e+01
7.119999975585938046e+01
7.440000006103515773e+01
7.379999963378905647e+01
7.339999963378906500e+01
7.400000006103515204e+01
7.320000012207030693e+01
7.279999978637695790e+01
7.399999957275390727e+01
7.380000012207031546e+01
7.319999978637694937e+01
7.319999975585938046e+01
7.499999945068358898e+01
7.219999975585938046e+01
7.279999993896484511e+01
7.419999963378906216e+01
7.299999963378905932e+01
7.479999957275390443e+01
7.239999975585936909e+01
7.379999975585937477e+01
7.399999969482422557e+01
7.560000006103516057e+01
7.620000006103515489e+01
7.340000006103515773e+01
7.659999963378906784e+01
7.439999987792968739e+01
7.659999963378906784e+01
7.459999957275390159e+01
7.279999969482422273e+01
7.539999993896483943e+01
7.699999969482422557e+01
7.400000000000000000e+01
7.519999951171874386e+01
7.579999963378905647e+01
7.579999981689452682e+01
7.519999957275391012e+01
7.179999957275390443e+01
