0.000000000000000000e+00
4.000000000000000222e-01
0.000000000000000000e+00
5.999999999999999778e-01
7.999999942779540962e-01
1.159999995422363206e+01
8.399999984741210568e+00
1.360000001525878943e+01
6.999999988555908104e+00
2.000000000000000111e-01
1.080000001525878872e+01
3.119999987792968810e+01
5.199999988555908281e+00
2.799999994277954318e+00
5.999999999999999778e-01
1.139999994659423876e+01
3.999999994277954052e+00
1.239999989318847717e+01
1.599999994277954141e+00
5.079999996948242114e+01
3.199999988555908281e+00
1.140000001525878837e+01
7.199999946594238587e+00
6.999999994277954052e+00
1.199999986267089902e+01
1.039999995422363277e+01
6.999999984741211101e+00
4.399999977111816563e+00
6.999999988555908104e+00
2.799999999999999822e+00
7.799999946594238232e+00
5.799999977111816030e+00
7.599999988555908637e+00
1.459999997711181585e+01
1.899999992370605639e+01
7.799999977111816030e+00
2.199999994277954229e+00
7.399999984741210568e+00
1.320000001525878908e+01
1.719999989318847611e+01
5.999999988555908104e+00
3.999999988555908104e+00
1.139999994659423876e+01
2.239999984741210781e+01
9.000000015258789787e+00
9.000000015258789787e+00
7.600000007629394538e+00
8.599999977111815852e+00
2.999999988555908104e+00
5.199999988555908281e+00
2.899999987792968881e+01
1.939999986267089938e+01
7.599999946594238054e+00
9.599999954223632059e+00
6.999999977111816207e+00
1.599999995422363241e+01
1.379999992370605533e+01
2.499999984741210923e+01
8.799999977111816918e+00
1.900000000000000000e+01
8.799999946594239120e+00
1.319999992370605391e+01
1.479999995422363313e+01
1.139999989318847717e+01
1.119999998474121128e+01
7.999999946594238409e+00
1.099999992370605462e+01
1.339999998474121057e+01
6.599999994277953697e+00
1.419999992370605391e+01
8.399999923706054972e+00
1.579999994659423912e+01
1.339999994659423876e+01
8.999999988555908104e+00
2.539999992370605497e+01
1.340000000762939436e+01
2.039999989318847540e+01
3.219999972534179733e+01
2.259999986267089866e+01
1.459999992370605426e+01
1.579999992370605533e+01
9.199999954223633480e+00
1.639999998474121057e+01
1.979999996948242114e+01
2.079999996948242114e+01
2.299999993896484440e+01
2.899999992370605639e+01
3.659999978637695506e+01
3.959999978637695506e+01
4.499999972534179449e+01
4.579999969482421562e+01
4.700000006103515915e+01
4.339999999999999858e+01
4.219999969482422131e+01
4.459999972534179591e+01
4.919999990844726767e+01
4.759999978637695506e+01
4.739999993896484654e+01
4.600000000000000000e+01
4.920000003051757886e+01
4.999999996948242398e+01
5.379999981689453392e+01
4.819999975585937335e+01
5.360000000000000142e+01
4.959999987792969023e+01
5.419999981689453250e+01
5.499999969482421847e+01
5.440000003051757460e+01
5.159999984741210710e+01
4.959999978637695506e+01
5.419999969482422131e+01
5.399999993896484085e+01
5.480000003051758029e+01
5.299999978637695364e+01
5.139999996948242256e+01
5.499999996948242398e+01
5.300000000000000000e+01
5.599999996948242398e+01
5.319999993896484369e+01
5.360000003051757744e+01
5.099999990844726483e+01
5.260000003051757744e+01
5.739999993896484654e+01
5.839999987792968739e+01
5.839999999999999858e+01
6.379999993896484511e+01
6.720000000000000284e+01
6.219999984741210852e+01
6.719999951171874386e+01
7.239999951171874670e+01
7.319999978637694937e+01
7.619999951171874386e+01
7.579999963378905647e+01
7.799999981689452966e+01
7.419999987792968454e+01
7.919999957275391012e+01
7.579999969482422273e+01
7.479999963378905647e+01
7.379999969482422273e+01
7.599999957275390727e+01
7.580000006103514920e+01
7.419999975585938046e+01
7.539999951171874670e+01
7.679999987792969307e+01
7.639999957275391296e+01
7.619999993896485080e+01
7.819999957275391012e+01
7.640000006103515773e+01
7.520000012207030693e+01
8.039999945068359466e+01
7.779999993896484511e+01
7.919999993896485080e+01
7.659999969482421989e+01
7.739999993896483943e+01
8.099999981689452966e+01
7.919999957275391012e+01
7.639999969482421704e+01
7.940000000000000568e+01
7.919999981689453250e+01
7.759999969482421989e+01
7.979999957275390443e+01
8.159999987792969023e+01
8.099999963378905932e+01
7.879999951171875239e+01
8.059999957275390159e+01
8.180000012207031546e+01
7.979999945068360034e+01
8.239999981689453534e+01
7.899999987792968170e+01
8.139999945068359466e+01
8.139999987792968739e+01
8.019999951171874386e+01
8.159999987792969023e+01
7.939999969482421704e+01
8.019999987792968454e+01
8.199999938964843693e+01
8.200000000000000000e+01
8.119999981689453250e+01
8.179999957275390443e+01
8.139999981689453534e+01
8.020000000000000284e+01
8.299999975585937761e+01
8.239999987792968739e+01
7.979999993896484511e+01
8.319999981689453250e+01
8.159999981689453818e+01
8.219999981689453250e+01
8.139999945068359466e+01
8.279999987792969307e+01
8.059999957275390159e+01
8.359999957275390159e+01
8.139999957275391296e+01
8.199999993896484796e+01
8.239999945068359466e+01
8.339999975585936909e+01
8.359999987792969023e+01
8.380000012207031546e+01
8.259999993896484227e+01
8.099999957275390727e+01
8.179999993896484511e+01
