2.000000000000000111e-01
0.000000000000000000e+00
5.000000015258788899e+00
4.199999994277954229e+00
8.000000000000000444e-01
7.000000000000000000e+00
5.999999999999999778e-01
6.200000007629394183e+00
3.800000007629394716e+00
1.140000001525878837e+01
5.000000007629394894e+00
8.399999994277953519e+00
1.460000001525878943e+01
1.799999988555908148e+00
5.200000007629394183e+00
4.019999984741210852e+01
7.399999946594237876e+00
1.199999998855590810e+01
3.119999975585937335e+01
8.199999946594237699e+00
1.419999998474121128e+01
9.799999984741210923e+00
8.199999977111817273e+00
1.439999995422363277e+01
2.279999990844726554e+01
1.239999992370605497e+01
9.599999946594238054e+00
1.559999992370605426e+01
3.179999990844726554e+01
1.400000001525878979e+01
8.399999923706054972e+00
1.039999997711181656e+01
6.599999988555908637e+00
8.800000007629394716e+00
4.199999977111816385e+00
6.599999988555908637e+00
8.999999977111816207e+00
8.199999946594237699e+00
2.820000003051757886e+01
9.999999946594238409e+00
1.279999994659423912e+01
1.439999994659423876e+01
1.059999994659423805e+01
5.599999988555908637e+00
1.299999989318847682e+01
8.799999946594239120e+00
9.399999946594238764e+00
1.000000000762939401e+01
2.999999977111816207e+00
6.999999984741211101e+00
8.799999977111816918e+00
1.039999998855590846e+01
9.600000015258789432e+00
9.200000007629395071e+00
1.359999989318847646e+01
6.199999988555908281e+00
7.600000015258789432e+00
1.520000001525878908e+01
1.799999992370605639e+01
1.099999986267089902e+01
1.179999986267089795e+01
1.679999998474121270e+01
9.599999946594238054e+00
9.399999923706054972e+00
7.799999946594238232e+00
1.699999998474121199e+01
1.379999992370605533e+01
1.239999994659423876e+01
1.800000000000000044e+00
1.540000001525878837e+01
2.020000003051757886e+01
9.599999946594238054e+00
5.199999994277954229e+00
1.039999998474121057e+01
8.400000007629394361e+00
9.200000007629395071e+00
6.799999977111816030e+00
2.499999996948242043e+01
1.779999992370605355e+01
6.799999977111816030e+00
1.979999989318847753e+01
3.659999972534179591e+01
1.679999995422363313e+01
1.359999998474121163e+01
1.499999986267089902e+01
1.819999999999999929e+01
1.859999989318847824e+01
1.979999989318847753e+01
1.819999998474121128e+01
2.079999992370605355e+01
2.039999993896484298e+01
2.119999989318847611e+01
2.299999995422363241e+01
2.319999986267090009e+01
2.019999994659423947e+01
2.139999986267089938e+01
2.380000003051757673e+01
2.760000003051757744e+01
2.479999986267089795e+01
2.579999993896484511e+01
2.500000003051757957e+01
2.699999984741210923e+01
2.600000000000000000e+01
2.879999996948242114e+01
2.579999986267089795e+01
2.559999986267089866e+01
2.699999986267089724e+01
2.539999996948242256e+01
2.899999993896484440e+01
2.379999993896484511e+01
2.759999992370605426e+01
2.439999989318847540e+01
2.499999989318847682e+01
2.940000003051757815e+01
2.879999996948242114e+01
2.680000003051757673e+01
2.859999996948242185e+01
2.719999987792968810e+01
2.519999989318847611e+01
3.260000000000000142e+01
3.459999972534179591e+01
3.779999972534179875e+01
3.299999993896484085e+01
3.339999975585937619e+01
3.619999990844726767e+01
4.499999972534179449e+01
4.939999993896484654e+01
5.079999984741210994e+01
5.859999996948242540e+01
5.460000000000000142e+01
5.719999996948241971e+01
5.919999987792968454e+01
5.919999996948241971e+01
6.179999987792968597e+01
6.259999969482421989e+01
6.019999984741210852e+01
6.120000012207031403e+01
6.320000012207031403e+01
6.579999981689452682e+01
6.360000006103515346e+01
6.320000006103515489e+01
6.359999984741210710e+01
6.419999957275391012e+01
6.939999975585936909e+01
6.719999975585938046e+01
6.339999969482421704e+01
6.719999984741211563e+01
6.719999963378906216e+01
6.699999975585937761e+01
6.479999987792969307e+01
6.639999975585936909e+01
7.199999957275390727e+01
6.800000006103515204e+01
6.819999978637694937e+01
6.619999975585938046e+01
7.019999990844726767e+01
6.699999990844726483e+01
6.779999969482422273e+01
6.739999975585936909e+01
6.879999969482422273e+01
6.979999975585937477e+01
7.199999957275390727e+01
7.079999975585937477e+01
7.419999993896485080e+01
6.999999969482422557e+01
7.039999984741210426e+01
7.219999969482421420e+01
7.260000012207031261e+01
7.059999969482421989e+01
7.259999963378906784e+01
7.159999975585937193e+01
7.159999945068359750e+01
7.459999975585937193e+01
6.920000006103515489e+01
6.859999969482421989e+01
7.080000006103514920e+01
7.320000000000000284e+01
7.000000000000000000e+01
7.179999969482422273e+01
6.959999993896484227e+01
7.259999993896484227e+01
7.459999957275390159e+01
7.199999951171875523e+01
6.839999978637695222e+01
7.199999963378905932e+01
7.260000012207031261e+01
7.359999951171874955e+01
7.159999969482421989e+01
7.259999999999999432e+01
7.059999957275390159e+01
7.299999957275390727e+01
7.359999957275390159e+01
7.659999957275390159e+01
7.200000006103515204e+01
7.239999993896483943e+01
7.539999969482421704e+01
7.819999981689453250e+01
7.439999975585936909e+01
7.439999945068359466e+01
7.459999993896484227e+01
