0.000000000000000000e+00
0.000000000000000000e+00
1.419999995422363348e+01
4.199999988555908281e+00
1.019999994659423770e+01
1.439999998474121057e+01
5.599999988555908637e+00
7.199999984741211279e+00
1.199999997711181621e+01
5.400000007629394361e+00
6.000000000000000000e+00
6.399999946594237876e+00
4.399999994277954407e+00
4.799999988555907926e+00
4.599999946594238054e+00
1.279999997711181692e+01
7.799999946594238232e+00
4.400000007629394361e+00
8.999999954223632415e+00
2.439999993896484298e+01
8.199999988555907393e+00
6.999999946594238409e+00
3.860000003051757744e+01
1.819999992370605568e+01
3.200000000000000178e+00
8.599999988555907748e+00
1.999999994277954052e+00
1.499999995422363241e+01
2.000000003051757957e+01
2.839999993896484298e+01
8.600000015258789432e+00
9.200000007629395071e+00
7.399999946594237876e+00
8.199999977111817273e+00
9.800000015258788721e+00
1.119999995422363348e+01
5.599999988555908637e+00
2.579999990844726554e+01
4.999999946594238409e+00
1.539999992370605497e+01
1.339999986267089760e+01
3.019999993896484369e+01
6.400000007629394361e+00
7.400000007629394361e+00
1.580000003051757851e+01
1.179999995422363313e+01
2.459999986267089866e+01
3.999999994277954052e+00
9.999999984741210213e+00
9.399999984741210568e+00
4.799999988555907926e+00
1.219999998474121128e+01
6.600000007629394538e+00
1.079999997711181692e+01
1.819999996948242327e+01
9.999999988555908104e+00
1.419999998474121128e+01
1.619999986267090009e+01
3.399999993896484085e+01
1.319999997711181727e+01
2.099999998474121199e+01
7.400000007629394361e+00
2.300000003051757957e+01
1.119999998855590739e+01
1.119999995422363348e+01
3.180000000000000071e+01
6.600000007629394538e+00
5.999999977111816207e+00
1.439999998474121057e+01
3.239999981689452824e+01
1.179999995422363313e+01
2.039999992370605497e+01
2.979999996948242114e+01
1.399999997711181621e+01
1.360000000762939365e+01
1.339999998474121057e+01
3.259999984741210710e+01
1.579999994659423912e+01
1.060000001525878943e+01
1.619999989318847611e+01
2.340000003051757815e+01
3.059999972534179591e+01
1.620000001525878730e+01
1.879999996948242114e+01
1.779999996948242114e+01
2.359999996948242185e+01
2.760000000000000142e+01
2.459999981689453108e+01
2.899999995422363241e+01
2.880000003051757673e+01
2.719999996948242327e+01
2.919999993896484369e+01
3.239999996948242256e+01
3.359999992370605781e+01
3.059999993896484227e+01
3.359999978637695506e+01
3.339999990844726341e+01
3.599999993896484085e+01
3.699999975585937761e+01
3.399999984741211279e+01
3.899999978637695364e+01
4.300000000000000000e+01
3.420000003051757886e+01
3.660000003051757744e+01
3.839999972534180017e+01
4.079999999999999716e+01
4.319999984741210852e+01
4.039999993896484654e+01
4.060000003051757744e+01
4.260000006103515346e+01
3.919999972534179733e+01
4.159999972534179591e+01
3.859999984741210710e+01
3.859999990844726625e+01
3.960000003051757744e+01
4.459999975585937193e+01
3.999999975585937761e+01
4.740000006103515773e+01
4.560000003051757744e+01
4.439999972534180017e+01
4.219999975585937335e+01
4.239999975585937619e+01
4.819999990844726767e+01
4.459999978637695506e+01
4.839999984741211136e+01
5.419999984741210852e+01
5.339999990844726341e+01
5.839999999999999858e+01
5.859999984741210710e+01
5.919999978637695648e+01
5.919999978637695648e+01
5.939999990844726341e+01
6.259999984741210710e+01
6.199999993896484085e+01
6.039999978637695222e+01
6.379999969482421562e+01
6.479999981689452682e+01
6.359999984741210710e+01
6.399999975585937761e+01
6.219999993896484369e+01
6.539999975585936909e+01
6.520000012207030693e+01
6.719999978637694937e+01
6.339999999999999858e+01
6.259999975585937193e+01
6.699999978637694653e+01
6.900000006103515204e+01
6.759999987792969023e+01
6.659999969482421989e+01
6.360000000000000142e+01
6.499999984741211279e+01
6.779999978637695790e+01
7.000000000000000000e+01
6.779999957275390443e+01
6.639999990844727051e+01
7.239999963378906500e+01
6.979999963378905647e+01
7.179999999999999716e+01
6.739999969482421704e+01
7.079999969482422273e+01
7.159999951171874955e+01
7.079999969482422273e+01
7.179999963378905647e+01
7.140000012207030977e+01
7.059999993896484227e+01
7.119999957275391012e+01
7.279999987792969307e+01
7.299999951171875523e+01
6.959999969482421989e+01
7.299999993896484796e+01
7.379999975585937477e+01
7.519999951171874386e+01
7.439999957275391296e+01
7.399999957275390727e+01
7.619999951171874386e+01
7.399999951171875523e+01
7.479999999999999716e+01
7.420000006103515489e+01
7.599999993896484796e+01
7.219999963378906216e+01
7.539999951171874670e+01
7.440000000000000568e+01
7.439999957275391296e+01
7.420000006103515489e+01
7.579999963378905647e+01
7.559999981689453818e+01
7.519999957275391012e+01
7.559999951171874955e+01
7.519999951171874386e+01
7.639999957275391296e+01
7.299999957275390727e+01
7.339999993896483943e+01
7.479999999999999716e+01
7.299999969482422557e+01
7.319999963378906216e+01
7.299999975585937761e+01
7.339999957275391296e+01
7.460000012207031261e+01
7.559999951171874955e+01
7.559999957275390159e+01
