4.180000003051758029e+01
4.399999996948242398e+01
8.400000015258788366e+00
5.999999885559081925e-01
2.679999987792968597e+01
4.199999994277954229e+00
9.799999977111816918e+00
8.399999977111816563e+00
2.000000000000000111e-01
6.000000015258788899e+00
1.199999999999999956e+00
6.599999946594238054e+00
1.619999995422363170e+01
1.839999996948242256e+01
1.759999989318847824e+01
1.799999993896484440e+01
1.679999992370605355e+01
6.599999977111816740e+00
9.600000015258789432e+00
7.400000007629394361e+00
9.200000015258789077e+00
8.199999984741211279e+00
7.999999988555908104e+00
7.199999988555908281e+00
1.860000000000000142e+01
2.139999992370605497e+01
2.060000003051757744e+01
1.019999998855590739e+01
8.399999977111816563e+00
5.199999984741211279e+00
1.379999998474121092e+01
9.800000015258788721e+00
8.799999946594239120e+00
1.099999994659423841e+01
7.800000007629394716e+00
1.040000000762939436e+01
1.619999992370605568e+01
1.499999986267089902e+01
1.939999989318847540e+01
1.120000000762939507e+01
1.000000001525878979e+01
1.079999998855590881e+01
2.200000000000000178e+00
1.839999986267089938e+01
1.319999989318847611e+01
2.959999990844726625e+01
3.019999984741210852e+01
4.200000007629394183e+00
1.219999997711181727e+01
2.199999995422363241e+01
1.619999994659423947e+01
1.699999995422363241e+01
2.439999987792968739e+01
2.779999975585937477e+01
1.180000001525878872e+01
6.799999946594238232e+00
1.459999986267089866e+01
3.160000000000000142e+01
1.360000001525878943e+01
7.200000015258789077e+00
1.139999994659423876e+01
1.299999998474121021e+01
7.399999977111816563e+00
1.959999996948242185e+01
2.739999999999999858e+01
1.379999994659423912e+01
7.999999977111816207e+00
1.459999989318847646e+01
9.400000015258788366e+00
2.380000000000000071e+01
2.080000000000000071e+01
2.159999992370605426e+01
1.419999989318847611e+01
1.339999998474121057e+01
2.159999986267089866e+01
1.499999986267089902e+01
1.559999989318847646e+01
1.439999989318847717e+01
1.619999995422363170e+01
1.759999989318847824e+01
1.459999998474121163e+01
1.140000001525878837e+01
2.219999986267090009e+01
2.680000000000000071e+01
3.159999993896484227e+01
3.259999984741210710e+01
3.679999984741210994e+01
3.739999984741211136e+01
4.159999972534179591e+01
3.739999975585937619e+01
3.779999987792968597e+01
3.859999984741210710e+01
4.359999975585937193e+01
4.220000006103515489e+01
4.059999990844726625e+01
3.739999978637695222e+01
4.139999996948242256e+01
3.739999984741211136e+01
4.820000000000000284e+01
3.999999975585937761e+01
4.479999978637695079e+01
4.379999996948242114e+01
4.459999975585937193e+01
4.679999972534179875e+01
3.959999975585937193e+01
4.199999975585937761e+01
4.459999981689453108e+01
4.479999975585937477e+01
4.459999978637695506e+01
4.600000006103515915e+01
4.679999981689453392e+01
4.779999990844726909e+01
4.339999975585937619e+01
4.779999978637695079e+01
4.720000006103515489e+01
4.739999969482421704e+01
4.199999975585937761e+01
4.539999972534180017e+01
4.920000000000000284e+01
5.199999987792968881e+01
4.760000006103515346e+01
5.000000003051757602e+01
5.139999999999999858e+01
5.119999996948241971e+01
5.659999969482421989e+01
5.619999996948241971e+01
6.439999969482421704e+01
6.419999987792968454e+01
7.039999957275391296e+01
6.659999975585937193e+01
7.159999999999999432e+01
7.179999984741210994e+01
6.939999957275391296e+01
6.940000012207030977e+01
7.100000000000000000e+01
7.019999957275391012e+01
7.319999957275391012e+01
7.059999999999999432e+01
7.320000012207030693e+01
7.259999969482421989e+01
7.179999999999999716e+01
7.259999963378906784e+01
7.319999993896485080e+01
7.259999963378906784e+01
7.199999987792968170e+01
7.320000000000000284e+01
7.559999957275390159e+01
7.259999993896484227e+01
7.619999963378906216e+01
7.660000006103516057e+01
7.279999987792969307e+01
7.540000000000000568e+01
7.640000012207030977e+01
7.359999999999999432e+01
7.399999963378905932e+01
7.579999951171875239e+01
7.539999951171874670e+01
7.639999969482421704e+01
7.479999993896484511e+01
7.739999951171874670e+01
7.719999987792968454e+01
7.699999963378905932e+01
7.659999963378906784e+01
7.419999975585938046e+01
7.719999957275391012e+01
7.379999969482422273e+01
7.519999963378906216e+01
7.580000012207031546e+01
7.479999969482422273e+01
7.459999963378906784e+01
7.460000006103516057e+01
7.479999938964843409e+01
7.159999969482421989e+01
7.499999957275390727e+01
7.539999957275391296e+01
7.699999951171875523e+01
7.599999957275390727e+01
7.499999957275390727e+01
7.759999945068359750e+01
7.759999993896484227e+01
7.659999987792969023e+01
7.519999957275391012e+01
7.679999978637695790e+01
7.619999963378906216e+01
7.859999957275390159e+01
7.800000006103515204e+01
7.639999987792968739e+01
7.500000006103515204e+01
7.479999969482422273e+01
8.019999945068359182e+01
7.639999963378906500e+01
7.759999981689453818e+01
7.640000006103515773e+01
7.819999957275391012e+01
7.819999951171874386e+01
7.699999957275390727e+01
7.840000000000000568e+01
7.839999963378906500e+01
7.899999963378905932e+01
7.879999957275390443e+01
