0.000000000000000000e+00
1.159999999999999964e+01
1.090000000000000036e+01
1.140000000000000036e+01
1.109999999999999964e+01
1.109999999999999964e+01
1.109999999999999964e+01
1.109999999999999964e+01
1.100000000000000000e+01
1.109999999999999964e+01
1.130000000000000071e+01
1.109999999999999964e+01
1.109999999999999964e+01
1.109999999999999964e+01
1.119999999999999929e+01
2.710000000000000142e+01
2.180000000000000071e+01
9.879999999999999716e+01
9.929999999999999716e+01
9.970000000000000284e+01
9.979999999999999716e+01
9.979999999999999716e+01
9.979999999999999716e+01
9.979999999999999716e+01
9.979999999999999716e+01
9.979999999999999716e+01
9.979999999999999716e+01
9.979999999999999716e+01
9.979999999999999716e+01
9.979999999999999716e+01
9.979999999999999716e+01
9.979999999999999716e+01
9.979999999999999716e+01
9.979999999999999716e+01
9.979999999999999716e+01
9.979999999999999716e+01
9.979999999999999716e+01
9.979999999999999716e+01
9.979999999999999716e+01
9.979999999999999716e+01
