0.000000000000000000e+00
9.900000000000000355e+00
1.119999999999999929e+01
1.109999999999999964e+01
1.080000000000000071e+01
1.090000000000000036e+01
1.100000000000000000e+01
1.080000000000000071e+01
1.069999999999999929e+01
1.090000000000000036e+01
1.080000000000000071e+01
1.080000000000000071e+01
1.080000000000000071e+01
1.080000000000000071e+01
1.069999999999999929e+01
4.710000000000000142e+01
8.359999999999999432e+01
9.920000000000000284e+01
9.959999999999999432e+01
9.970000000000000284e+01
9.979999999999999716e+01
9.979999999999999716e+01
9.990000000000000568e+01
9.990000000000000568e+01
9.990000000000000568e+01
9.990000000000000568e+01
1.000000000000000000e+02
1.000000000000000000e+02
1.000000000000000000e+02
1.000000000000000000e+02
1.000000000000000000e+02
1.000000000000000000e+02
1.000000000000000000e+02
1.000000000000000000e+02
1.000000000000000000e+02
1.000000000000000000e+02
1.000000000000000000e+02
1.000000000000000000e+02
1.000000000000000000e+02
1.000000000000000000e+02
