0.000000000000000000e+00
8.800000000000000711e+00
9.300000000000000711e+00
9.500000000000000000e+00
9.500000000000000000e+00
9.699999999999999289e+00
9.599999999999999645e+00
9.400000000000000355e+00
9.300000000000000711e+00
9.300000000000000711e+00
9.400000000000000355e+00
9.300000000000000711e+00
9.300000000000000711e+00
9.599999999999999645e+00
1.119999999999999929e+01
8.640000000000000568e+01
9.629999999999999716e+01
9.950000000000000000e+01
9.959999999999999432e+01
9.990000000000000568e+01
9.990000000000000568e+01
9.990000000000000568e+01
9.990000000000000568e+01
9.990000000000000568e+01
9.990000000000000568e+01
1.000000000000000000e+02
1.000000000000000000e+02
1.000000000000000000e+02
1.000000000000000000e+02
1.000000000000000000e+02
1.000000000000000000e+02
1.000000000000000000e+02
1.000000000000000000e+02
1.000000000000000000e+02
1.000000000000000000e+02
1.000000000000000000e+02
1.000000000000000000e+02
1.000000000000000000e+02
1.000000000000000000e+02
1.000000000000000000e+02
