0.000000000000000000e+00
9.699999999999999289e+00
8.000000000000000000e+00
8.300000000000000711e+00
8.300000000000000711e+00
8.400000000000000355e+00
8.400000000000000355e+00
8.400000000000000355e+00
8.300000000000000711e+00
8.400000000000000355e+00
8.500000000000000000e+00
8.400000000000000355e+00
8.400000000000000355e+00
8.500000000000000000e+00
8.599999999999999645e+00
1.419999999999999929e+01
4.350000000000000000e+01
9.829999999999999716e+01
9.950000000000000000e+01
9.959999999999999432e+01
9.979999999999999716e+01
9.979999999999999716e+01
9.990000000000000568e+01
9.979999999999999716e+01
9.990000000000000568e+01
9.990000000000000568e+01
9.990000000000000568e+01
9.990000000000000568e+01
9.990000000000000568e+01
9.990000000000000568e+01
9.990000000000000568e+01
9.990000000000000568e+01
9.990000000000000568e+01
9.990000000000000568e+01
9.990000000000000568e+01
9.990000000000000568e+01
9.990000000000000568e+01
9.990000000000000568e+01
9.990000000000000568e+01
9.990000000000000568e+01
