0.000000000000000000e+00
1.680000000000000071e+01
1.250000000000000000e+01
1.230000000000000071e+01
1.209999999999999964e+01
1.240000000000000036e+01
1.250000000000000000e+01
1.200000000000000000e+01
1.209999999999999964e+01
1.219999999999999929e+01
1.209999999999999964e+01
1.219999999999999929e+01
1.209999999999999964e+01
1.219999999999999929e+01
1.230000000000000071e+01
2.039999999999999858e+01
6.470000000000000284e+01
9.859999999999999432e+01
9.959999999999999432e+01
9.959999999999999432e+01
9.990000000000000568e+01
1.000000000000000000e+02
1.000000000000000000e+02
1.000000000000000000e+02
1.000000000000000000e+02
1.000000000000000000e+02
1.000000000000000000e+02
1.000000000000000000e+02
1.000000000000000000e+02
1.000000000000000000e+02
1.000000000000000000e+02
1.000000000000000000e+02
1.000000000000000000e+02
1.000000000000000000e+02
1.000000000000000000e+02
1.000000000000000000e+02
1.000000000000000000e+02
1.000000000000000000e+02
1.000000000000000000e+02
1.000000000000000000e+02
