0.000000000000000000e+00
8.900000000000000355e+00
1.009999999999999964e+01
1.090000000000000036e+01
1.040000000000000036e+01
1.040000000000000036e+01
1.040000000000000036e+01
1.040000000000000036e+01
1.040000000000000036e+01
1.040000000000000036e+01
1.000000000000000000e+01
1.030000000000000071e+01
1.030000000000000071e+01
1.050000000000000000e+01
1.050000000000000000e+01
3.789999999999999858e+01
5.839999999999999858e+01
9.920000000000000284e+01
9.920000000000000284e+01
9.950000000000000000e+01
9.950000000000000000e+01
9.970000000000000284e+01
9.970000000000000284e+01
9.970000000000000284e+01
9.979999999999999716e+01
9.990000000000000568e+01
9.990000000000000568e+01
9.990000000000000568e+01
9.990000000000000568e+01
9.990000000000000568e+01
9.990000000000000568e+01
9.990000000000000568e+01
9.990000000000000568e+01
9.990000000000000568e+01
9.990000000000000568e+01
9.990000000000000568e+01
9.990000000000000568e+01
9.990000000000000568e+01
9.990000000000000568e+01
9.990000000000000568e+01
