1.399999998474121021e+01
4.299999981689452966e+01
2.019999989318847611e+01
1.699999995422363241e+01
2.179999986267089795e+01
2.480000003051757673e+01
5.739999993896484654e+01
2.019999989318847611e+01
4.939999969482421704e+01
2.319999986267090009e+01
1.679999998474121270e+01
3.379999993896484511e+01
1.219999994659423770e+01
3.239999993896484654e+01
2.299999989318847682e+01
2.900000003051757957e+01
6.200000007629394183e+00
7.799999977111816030e+00
3.239999993896484654e+01
1.100000001525878979e+01
2.459999986267089866e+01
3.879999981689453392e+01
3.279999987792968597e+01
3.879999981689453392e+01
4.019999981689453250e+01
4.960000006103515346e+01
1.979999995422363313e+01
1.240000001525878837e+01
2.780000000000000071e+01
3.239999993896484654e+01
2.639999999999999858e+01
7.999999946594238409e+00
1.399999998474121021e+01
4.519999969482422131e+01
2.959999993896484227e+01
4.639999972534180017e+01
2.319999986267090009e+01
2.019999989318847611e+01
2.319999986267090009e+01
3.739999981689452824e+01
4.499999972534179449e+01
2.459999986267089866e+01
2.780000000000000071e+01
3.539999990844726341e+01
2.480000003051757673e+01
2.319999986267090009e+01
1.579999992370605533e+01
2.799999996948242043e+01
5.120000003051757886e+01
3.239999993896484654e+01
3.379999993896484511e+01
3.239999993896484654e+01
3.739999981689452824e+01
1.719999992370605568e+01
2.780000000000000071e+01
4.219999972534179733e+01
4.519999969482422131e+01
3.279999987792968597e+01
3.439999984741211136e+01
3.239999993896484654e+01
3.559999987792969023e+01
3.579999984741210994e+01
2.639999999999999858e+01
1.859999992370605426e+01
3.259999990844726625e+01
4.960000006103515346e+01
3.719999984741210852e+01
1.699999995422363241e+01
9.600000015258789432e+00
3.119999990844726412e+01
3.279999987792968597e+01
2.939999996948242256e+01
2.480000003051757673e+01
1.879999989318847753e+01
3.739999981689452824e+01
1.579999992370605533e+01
3.099999993896484440e+01
4.799999969482421847e+01
3.579999984741210994e+01
5.019999996948241971e+01
2.659999996948242185e+01
2.480000003051757673e+01
2.500000000000000000e+01
2.819999993896484369e+01
2.200000003051757957e+01
3.119999990844726412e+01
2.340000003051757815e+01
3.599999981689452966e+01
1.859999992370605426e+01
3.259999990844726625e+01
2.340000003051757815e+01
2.500000000000000000e+01
2.639999999999999858e+01
2.019999989318847611e+01
1.879999989318847753e+01
2.340000003051757815e+01
2.939999996948242256e+01
1.879999989318847753e+01
1.699999995422363241e+01
3.119999990844726412e+01
1.899999986267089724e+01
3.119999990844726412e+01
2.799999996948242043e+01
2.159999989318847824e+01
3.119999990844726412e+01
2.480000003051757673e+01
1.999999992370605639e+01
2.639999999999999858e+01
1.879999989318847753e+01
2.340000003051757815e+01
2.480000003051757673e+01
2.799999996948242043e+01
3.119999990844726412e+01
2.480000003051757673e+01
2.159999989318847824e+01
2.480000003051757673e+01
3.119999990844726412e+01
1.859999992370605426e+01
2.480000003051757673e+01
2.799999996948242043e+01
2.019999989318847611e+01
2.319999986267090009e+01
2.179999986267089795e+01
2.159999989318847824e+01
2.340000003051757815e+01
2.179999986267089795e+01
2.340000003051757815e+01
2.639999999999999858e+01
2.179999986267089795e+01
2.019999989318847611e+01
2.019999989318847611e+01
2.019999989318847611e+01
2.019999989318847611e+01
2.179999986267089795e+01
2.639999999999999858e+01
2.179999986267089795e+01
2.179999986267089795e+01
2.340000003051757815e+01
2.480000003051757673e+01
2.179999986267089795e+01
2.179999986267089795e+01
2.019999989318847611e+01
2.340000003051757815e+01
2.659999996948242185e+01
2.639999999999999858e+01
2.019999989318847611e+01
2.019999989318847611e+01
1.859999992370605426e+01
2.019999989318847611e+01
2.019999989318847611e+01
2.799999996948242043e+01
2.179999986267089795e+01
2.019999989318847611e+01
2.179999986267089795e+01
2.340000003051757815e+01
2.019999989318847611e+01
2.340000003051757815e+01
2.019999989318847611e+01
2.179999986267089795e+01
1.859999992370605426e+01
2.019999989318847611e+01
2.500000000000000000e+01
2.179999986267089795e+01
2.019999989318847611e+01
2.179999986267089795e+01
2.019999989318847611e+01
2.019999989318847611e+01
2.500000000000000000e+01
2.179999986267089795e+01
2.179999986267089795e+01
2.340000003051757815e+01
2.340000003051757815e+01
2.179999986267089795e+01
2.179999986267089795e+01
2.500000000000000000e+01
2.179999986267089795e+01
2.500000000000000000e+01
2.500000000000000000e+01
2.340000003051757815e+01
2.659999996948242185e+01
2.340000003051757815e+01
2.340000003051757815e+01
2.340000003051757815e+01
2.340000003051757815e+01
2.500000000000000000e+01
2.019999989318847611e+01
2.500000000000000000e+01
2.179999986267089795e+01
2.179999986267089795e+01
2.179999986267089795e+01
2.019999989318847611e+01
2.019999989318847611e+01
2.340000003051757815e+01
2.019999989318847611e+01
2.340000003051757815e+01
2.340000003051757815e+01
2.019999989318847611e+01
2.019999989318847611e+01
2.340000003051757815e+01
2.500000000000000000e+01
