2.579999989318847753e+01
2.739999986267089938e+01
3.199999988555908281e+00
1.559999995422363206e+01
2.019999989318847611e+01
1.359999994659423805e+01
9.399999946594238764e+00
9.399999946594238764e+00
2.419999992370605568e+01
2.279999992370605355e+01
3.199999988555908281e+00
4.019999981689453250e+01
3.040000003051757815e+01
1.959999998474120986e+01
1.199999997711181621e+01
2.459999986267089866e+01
1.839999995422363455e+01
5.139999999999999858e+01
4.179999978637695079e+01
1.999999992370605639e+01
6.200000007629394183e+00
2.799999996948242043e+01
3.079999996948242114e+01
2.979999990844726554e+01
2.019999989318847611e+01
4.800000007629394716e+00
2.459999986267089866e+01
3.279999987792968597e+01
3.859999984741210710e+01
1.579999992370605533e+01
1.419999995422363348e+01
3.079999996948242114e+01
6.200000007629394183e+00
2.819999993896484369e+01
1.079999994659423912e+01
4.599999988555908637e+00
2.620000003051757886e+01
4.499999972534179449e+01
1.699999995422363241e+01
3.199999988555908281e+00
2.319999986267090009e+01
2.179999986267089795e+01
1.859999992370605426e+01
1.399999999999999911e+00
1.599999994277954141e+00
3.239999993896484654e+01
3.259999990844726625e+01
1.079999994659423912e+01
5.759999990844726625e+01
1.839999995422363455e+01
1.999999992370605639e+01
4.599999988555908637e+00
5.260000003051757744e+01
1.679999998474121270e+01
2.299999989318847682e+01
4.599999988555908637e+00
5.319999993896484369e+01
3.419999987792968454e+01
7.600000007629394538e+00
4.499999972534179449e+01
3.139999987792968739e+01
2.039999986267089938e+01
1.859999992370605426e+01
3.539999990844726341e+01
1.079999994659423912e+01
2.780000000000000071e+01
2.999999994277954052e+00
1.699999995422363241e+01
2.919999999999999929e+01
3.719999984741210852e+01
2.139999992370605497e+01
1.520000001525878908e+01
2.799999996948242043e+01
9.000000007629394005e+00
9.199999977111817273e+00
1.879999989318847753e+01
4.619999975585937335e+01
9.399999946594238764e+00
5.120000003051757886e+01
2.959999993896484227e+01
2.480000003051757673e+01
3.119999990844726412e+01
2.480000003051757673e+01
2.799999996948242043e+01
2.319999986267090009e+01
2.799999996948242043e+01
2.639999999999999858e+01
2.799999996948242043e+01
2.639999999999999858e+01
2.319999986267090009e+01
2.639999999999999858e+01
2.159999989318847824e+01
3.119999990844726412e+01
2.179999986267089795e+01
2.319999986267090009e+01
2.639999999999999858e+01
2.959999993896484227e+01
2.639999999999999858e+01
2.159999989318847824e+01
2.319999986267090009e+01
2.480000003051757673e+01
2.480000003051757673e+01
2.019999989318847611e+01
2.019999989318847611e+01
2.340000003051757815e+01
2.480000003051757673e+01
2.019999989318847611e+01
2.480000003051757673e+01
2.319999986267090009e+01
1.999999992370605639e+01
2.799999996948242043e+01
2.639999999999999858e+01
2.019999989318847611e+01
2.019999989318847611e+01
2.159999989318847824e+01
2.319999986267090009e+01
2.179999986267089795e+01
2.639999999999999858e+01
2.639999999999999858e+01
2.799999996948242043e+01
2.639999999999999858e+01
2.480000003051757673e+01
2.480000003051757673e+01
2.639999999999999858e+01
2.500000000000000000e+01
2.959999993896484227e+01
2.639999999999999858e+01
2.639999999999999858e+01
2.480000003051757673e+01
2.639999999999999858e+01
2.639999999999999858e+01
2.480000003051757673e+01
2.959999993896484227e+01
2.639999999999999858e+01
2.639999999999999858e+01
2.639999999999999858e+01
2.639999999999999858e+01
2.639999999999999858e+01
2.639999999999999858e+01
2.799999996948242043e+01
2.639999999999999858e+01
2.799999996948242043e+01
2.480000003051757673e+01
2.639999999999999858e+01
2.480000003051757673e+01
2.480000003051757673e+01
2.639999999999999858e+01
2.799999996948242043e+01
2.639999999999999858e+01
2.480000003051757673e+01
2.639999999999999858e+01
2.799999996948242043e+01
2.799999996948242043e+01
2.799999996948242043e+01
2.639999999999999858e+01
2.480000003051757673e+01
2.639999999999999858e+01
2.639999999999999858e+01
2.639999999999999858e+01
3.119999990844726412e+01
2.480000003051757673e+01
2.639999999999999858e+01
2.639999999999999858e+01
2.639999999999999858e+01
2.959999993896484227e+01
2.799999996948242043e+01
3.119999990844726412e+01
2.639999999999999858e+01
2.799999996948242043e+01
2.799999996948242043e+01
2.480000003051757673e+01
2.799999996948242043e+01
2.480000003051757673e+01
2.480000003051757673e+01
2.639999999999999858e+01
2.480000003051757673e+01
2.639999999999999858e+01
2.480000003051757673e+01
2.639999999999999858e+01
2.959999993896484227e+01
2.639999999999999858e+01
2.959999993896484227e+01
2.959999993896484227e+01
2.799999996948242043e+01
2.480000003051757673e+01
2.639999999999999858e+01
2.639999999999999858e+01
2.480000003051757673e+01
2.639999999999999858e+01
2.799999996948242043e+01
2.639999999999999858e+01
2.639999999999999858e+01
2.639999999999999858e+01
2.959999993896484227e+01
2.799999996948242043e+01
2.639999999999999858e+01
2.639999999999999858e+01
2.480000003051757673e+01
2.639999999999999858e+01
2.799999996948242043e+01
