1.380000001525878872e+01
2.480000003051757673e+01
5.899999990844726483e+01
1.599999994277954141e+00
4.479999975585937477e+01
1.100000001525878979e+01
4.820000006103515489e+01
5.299999996948242398e+01
4.359999972534179591e+01
3.099999993896484440e+01
1.679999998474121270e+01
2.500000000000000000e+01
1.859999992370605426e+01
1.380000001525878872e+01
5.759999990844726625e+01
2.599999986267089724e+01
3.579999984741210994e+01
2.159999989318847824e+01
2.179999986267089795e+01
3.539999990844726341e+01
3.239999993896484654e+01
2.299999989318847682e+01
2.480000003051757673e+01
2.039999986267089938e+01
3.439999984741211136e+01
3.079999996948242114e+01
4.519999969482422131e+01
4.179999978637695079e+01
2.200000003051757957e+01
1.999999992370605639e+01
3.239999993896484654e+01
3.219999996948241971e+01
2.760000003051757744e+01
2.959999993896484227e+01
4.019999981689453250e+01
2.939999996948242256e+01
1.339999997711181656e+01
9.199999977111817273e+00
2.639999999999999858e+01
2.459999986267089866e+01
2.439999989318847540e+01
5.299999996948242398e+01
2.200000003051757957e+01
4.799999969482421847e+01
0.000000000000000000e+00
1.520000001525878908e+01
2.179999986267089795e+01
1.059999997711181585e+01
2.780000000000000071e+01
2.340000003051757815e+01
3.699999987792968881e+01
4.159999981689453108e+01
1.959999998474120986e+01
6.399999977111816563e+00
1.800000001525878801e+01
1.839999995422363455e+01
3.719999984741210852e+01
1.859999992370605426e+01
3.239999993896484654e+01
2.639999999999999858e+01
4.339999975585937619e+01
3.399999990844726483e+01
1.539999998474121057e+01
2.459999986267089866e+01
2.639999999999999858e+01
1.859999992370605426e+01
1.199999997711181621e+01
2.939999996948242256e+01
1.059999997711181585e+01
2.760000003051757744e+01
3.339999999999999858e+01
1.399999999999999911e+00
2.599999986267089724e+01
2.620000003051757886e+01
1.839999995422363455e+01
3.399999990844726483e+01
3.099999993896484440e+01
1.699999995422363241e+01
1.999999992370605639e+01
1.999999992370605639e+01
1.399999998474121021e+01
3.579999984741210994e+01
2.939999996948242256e+01
2.780000000000000071e+01
2.780000000000000071e+01
2.780000000000000071e+01
2.620000003051757886e+01
2.799999996948242043e+01
2.480000003051757673e+01
2.780000000000000071e+01
2.780000000000000071e+01
2.480000003051757673e+01
2.780000000000000071e+01
2.159999989318847824e+01
2.480000003051757673e+01
2.780000000000000071e+01
2.639999999999999858e+01
3.099999993896484440e+01
2.780000000000000071e+01
2.780000000000000071e+01
2.780000000000000071e+01
2.639999999999999858e+01
2.159999989318847824e+01
2.480000003051757673e+01
2.159999989318847824e+01
2.480000003051757673e+01
2.480000003051757673e+01
2.319999986267090009e+01
2.639999999999999858e+01
2.319999986267090009e+01
2.159999989318847824e+01
2.799999996948242043e+01
2.480000003051757673e+01
2.319999986267090009e+01
2.480000003051757673e+01
2.480000003051757673e+01
2.319999986267090009e+01
2.480000003051757673e+01
2.319999986267090009e+01
2.319999986267090009e+01
2.159999989318847824e+01
2.319999986267090009e+01
2.480000003051757673e+01
2.639999999999999858e+01
2.319999986267090009e+01
2.639999999999999858e+01
2.639999999999999858e+01
2.480000003051757673e+01
2.780000000000000071e+01
2.780000000000000071e+01
2.159999989318847824e+01
2.639999999999999858e+01
2.480000003051757673e+01
2.639999999999999858e+01
2.480000003051757673e+01
2.319999986267090009e+01
2.480000003051757673e+01
2.159999989318847824e+01
2.780000000000000071e+01
2.780000000000000071e+01
2.780000000000000071e+01
2.480000003051757673e+01
2.480000003051757673e+01
2.780000000000000071e+01
2.780000000000000071e+01
2.480000003051757673e+01
2.620000003051757886e+01
2.639999999999999858e+01
2.639999999999999858e+01
2.480000003051757673e+01
2.780000000000000071e+01
2.319999986267090009e+01
2.620000003051757886e+01
2.319999986267090009e+01
2.480000003051757673e+01
2.639999999999999858e+01
2.620000003051757886e+01
2.620000003051757886e+01
2.319999986267090009e+01
2.480000003051757673e+01
2.780000000000000071e+01
2.780000000000000071e+01
2.319999986267090009e+01
2.780000000000000071e+01
2.319999986267090009e+01
2.780000000000000071e+01
2.480000003051757673e+01
2.780000000000000071e+01
2.780000000000000071e+01
2.780000000000000071e+01
2.639999999999999858e+01
2.480000003051757673e+01
2.480000003051757673e+01
2.319999986267090009e+01
2.480000003051757673e+01
2.780000000000000071e+01
2.620000003051757886e+01
2.480000003051757673e+01
2.780000000000000071e+01
2.780000000000000071e+01
2.780000000000000071e+01
2.639999999999999858e+01
2.639999999999999858e+01
2.780000000000000071e+01
2.319999986267090009e+01
2.780000000000000071e+01
2.780000000000000071e+01
2.319999986267090009e+01
2.639999999999999858e+01
2.480000003051757673e+01
2.780000000000000071e+01
2.319999986267090009e+01
2.780000000000000071e+01
2.780000000000000071e+01
2.620000003051757886e+01
2.480000003051757673e+01
2.480000003051757673e+01
2.780000000000000071e+01
2.480000003051757673e+01
2.639999999999999858e+01
