2.799999999999999822e+00
2.899999990844726483e+01
4.799999987792968881e+01
3.079999975585937477e+01
2.159999978637695150e+01
4.979999993896484511e+01
2.199999995422363241e+01
2.260000003051757744e+01
3.219999981689453250e+01
1.240000000762939436e+01
1.319999997711181727e+01
3.799999984741211279e+01
3.039999993896484298e+01
3.019999993896484369e+01
6.519999987792968454e+01
2.079999986267089795e+01
2.719999987792968810e+01
2.539999981689453179e+01
8.199999977111817273e+00
7.359999957275390159e+01
6.659999975585937193e+01
3.939999984741211136e+01
7.899999951171875523e+01
2.039999989318847540e+01
5.379999990844726909e+01
5.000000000000000000e+01
1.899999992370605639e+01
6.099999978637695364e+01
2.619999992370605568e+01
6.859999999999999432e+01
6.280000003051758029e+01
6.459999987792969023e+01
5.180000006103515631e+01
6.279999975585937477e+01
5.259999987792969023e+01
6.180000006103515631e+01
7.180000006103514920e+01
5.360000000000000142e+01
4.719999990844726767e+01
5.339999993896484654e+01
5.380000003051758029e+01
4.340000003051757460e+01
6.599999987792968170e+01
3.960000006103515346e+01
7.899999957275390727e+01
4.959999993896484227e+01
6.899999957275390727e+01
7.480000012207031546e+01
5.379999999999999716e+01
4.999999996948242398e+01
7.320000006103515489e+01
4.619999975585937335e+01
8.299999945068358898e+01
3.819999972534179733e+01
2.659999986267089866e+01
5.779999990844726909e+01
7.940000006103515773e+01
6.419999990844726767e+01
5.259999993896484227e+01
3.419999993896484369e+01
7.660000012207031261e+01
8.359999993896484227e+01
4.599999969482421847e+01
2.580000000000000071e+01
8.399999993896484796e+01
7.319999957275391012e+01
6.759999969482421989e+01
7.679999951171875239e+01
8.159999938964843125e+01
4.999999981689452966e+01
7.979999999999999716e+01
8.579999945068360034e+01
7.479999981689452682e+01
7.859999987792969023e+01
7.779999957275390443e+01
3.919999981689453250e+01
7.019999975585938046e+01
5.240000003051757460e+01
5.879999987792968597e+01
7.619999993896485080e+01
2.320000003051757886e+01
7.600000012207031830e+01
8.340000000000000568e+01
9.340000012207030977e+01
9.640000006103515773e+01
9.560000012207031261e+01
9.619999975585938046e+01
9.179999938964843409e+01
9.399999969482422557e+01
9.380000012207031546e+01
8.979999975585937477e+01
9.299999975585937761e+01
8.919999945068359182e+01
9.239999975585936909e+01
9.439999938964844262e+01
9.439999969482421704e+01
9.279999981689452682e+01
9.319999969482421420e+01
9.560000006103516057e+01
9.339999969482421704e+01
9.199999975585937761e+01
9.139999938964844262e+01
9.339999981689453534e+01
9.520000006103515489e+01
9.239999938964844262e+01
9.179999969482422273e+01
9.280000012207031546e+01
9.519999969482421420e+01
9.399999963378905932e+01
9.399999969482422557e+01
9.220000012207030693e+01
9.459999963378906784e+01
9.240000012207030977e+01
9.420000012207030693e+01
9.220000012207030693e+01
9.499999969482422557e+01
9.479999969482422273e+01
9.379999963378905647e+01
9.560000012207031261e+01
9.580000006103514920e+01
9.020000012207030693e+01
8.919999987792968454e+01
9.299999969482422557e+01
9.519999975585938046e+01
9.459999963378906784e+01
9.699999963378905932e+01
9.840000006103515773e+01
9.719999963378906216e+01
9.840000000000000568e+01
9.720000000000000284e+01
9.679999969482422273e+01
9.559999969482421989e+01
9.579999969482422273e+01
9.599999969482422557e+01
9.479999999999999716e+01
9.540000006103515773e+01
9.520000006103515489e+01
9.519999975585938046e+01
9.539999969482421704e+01
9.560000006103516057e+01
9.639999969482421704e+01
9.620000012207030693e+01
9.579999969482422273e+01
9.539999969482421704e+01
9.600000006103515204e+01
9.600000006103515204e+01
9.559999963378906784e+01
9.579999963378905647e+01
9.560000006103516057e+01
9.539999975585936909e+01
9.539999969482421704e+01
9.560000006103516057e+01
9.539999969482421704e+01
9.599999969482422557e+01
9.579999963378905647e+01
9.580000006103514920e+01
9.520000012207030693e+01
9.560000012207031261e+01
9.519999975585938046e+01
9.539999963378906500e+01
9.540000000000000568e+01
9.559999969482421989e+01
9.580000006103514920e+01
9.620000006103515489e+01
9.540000006103515773e+01
9.539999963378906500e+01
9.539999969482421704e+01
9.539999969482421704e+01
9.560000006103516057e+01
9.640000012207030977e+01
9.660000006103516057e+01
9.639999963378906500e+01
9.660000006103516057e+01
9.520000006103515489e+01
9.579999969482422273e+01
9.579999963378905647e+01
9.560000012207031261e+01
9.559999999999999432e+01
9.499999963378905932e+01
9.539999975585936909e+01
9.579999963378905647e+01
9.559999999999999432e+01
9.579999963378905647e+01
9.540000012207030977e+01
9.539999963378906500e+01
9.540000000000000568e+01
9.499999963378905932e+01
9.599999963378905932e+01
9.620000000000000284e+01
9.559999963378906784e+01
9.539999969482421704e+01
9.519999975585938046e+01
9.599999963378905932e+01
9.599999963378905932e+01
9.560000006103516057e+01
9.539999963378906500e+01
9.540000000000000568e+01
9.540000006103515773e+01
9.539999969482421704e+01
9.540000000000000568e+01
9.560000006103516057e+01
9.540000006103515773e+01
9.560000012207031261e+01
9.519999963378906216e+01
9.580000006103514920e+01
9.619999969482421420e+01
9.559999963378906784e+01
9.560000006103516057e+01
9.519999963378906216e+01
9.559999969482421989e+01
9.580000006103514920e+01
9.560000006103516057e+01
9.579999969482422273e+01
9.559999963378906784e+01
9.539999969482421704e+01
9.600000006103515204e+01
9.540000000000000568e+01
9.479999975585937477e+01
9.579999999999999716e+01
9.499999975585937761e+01
9.580000012207031546e+01
9.559999963378906784e+01
9.619999969482421420e+01
9.559999969482421989e+01
9.579999963378905647e+01
9.540000006103515773e+01
9.579999969482422273e+01
9.600000012207031830e+01
9.559999969482421989e+01
9.620000006103515489e+01
9.559999969482421989e+01
9.599999969482422557e+01
9.560000006103516057e+01
9.600000006103515204e+01
9.620000000000000284e+01
9.600000000000000000e+01
9.659999981689453818e+01
9.620000006103515489e+01
9.540000000000000568e+01
9.599999963378905932e+01
9.559999963378906784e+01
9.579999963378905647e+01
9.580000006103514920e+01
9.559999999999999432e+01
9.540000000000000568e+01
9.520000006103515489e+01
9.579999999999999716e+01
9.659999969482421989e+01
9.560000006103516057e+01
9.640000006103515773e+01
9.659999969482421989e+01
9.580000006103514920e+01
9.639999963378906500e+01
9.679999963378905647e+01
9.679999963378905647e+01
9.579999963378905647e+01
9.639999963378906500e+01
9.679999963378905647e+01
9.560000006103516057e+01
9.579999969482422273e+01
9.580000006103514920e+01
9.559999963378906784e+01
9.559999963378906784e+01
9.540000012207030977e+01
9.560000006103516057e+01
9.639999963378906500e+01
9.540000006103515773e+01
9.579999969482422273e+01
9.560000012207031261e+01
9.600000000000000000e+01
9.539999969482421704e+01
9.560000006103516057e+01
9.539999963378906500e+01
9.560000012207031261e+01
9.579999963378905647e+01
9.539999963378906500e+01
9.580000012207031546e+01
9.659999963378906784e+01
9.539999969482421704e+01
9.580000006103514920e+01
9.539999938964844262e+01
9.539999969482421704e+01
9.600000006103515204e+01
9.579999963378905647e+01
9.600000006103515204e+01
9.660000006103516057e+01
9.640000012207030977e+01
9.579999975585937477e+01
9.580000006103514920e+01
9.599999969482422557e+01
9.619999969482421420e+01
9.639999969482421704e+01
9.580000006103514920e+01
9.580000006103514920e+01
9.559999999999999432e+01
9.539999938964844262e+01
9.519999963378906216e+01
9.559999963378906784e+01
9.559999963378906784e+01
9.560000006103516057e+01
9.600000006103515204e+01
9.599999969482422557e+01
9.579999963378905647e+01
9.580000006103514920e+01
9.660000012207031261e+01
9.600000006103515204e+01
9.739999969482421704e+01
9.579999963378905647e+01
9.580000006103514920e+01
9.600000006103515204e+01
9.560000006103516057e+01
9.539999963378906500e+01
9.559999969482421989e+01
9.579999963378905647e+01
9.560000006103516057e+01
9.639999969482421704e+01
9.579999969482422273e+01
9.620000006103515489e+01
9.560000006103516057e+01
9.559999963378906784e+01
9.579999999999999716e+01
9.619999963378906216e+01
9.640000012207030977e+01
9.580000006103514920e+01
9.499999969482422557e+01
9.600000006103515204e+01
9.599999963378905932e+01
9.580000012207031546e+01
9.520000012207030693e+01
9.640000006103515773e+01
9.579999963378905647e+01
9.539999969482421704e+01
9.560000006103516057e+01
9.519999963378906216e+01
9.520000006103515489e+01
9.600000000000000000e+01
9.579999963378905647e+01
9.600000000000000000e+01
9.579999969482422273e+01
9.600000012207031830e+01
9.559999969482421989e+01
9.579999963378905647e+01
9.600000000000000000e+01
9.620000012207030693e+01
9.620000012207030693e+01
9.580000006103514920e+01
9.560000012207031261e+01
9.579999969482422273e+01
9.559999963378906784e+01
9.600000012207031830e+01
9.539999969482421704e+01
9.619999963378906216e+01
9.559999969482421989e+01
9.600000000000000000e+01
9.560000006103516057e+01
9.539999963378906500e+01
9.559999999999999432e+01
9.600000006103515204e+01
9.559999963378906784e+01
9.559999969482421989e+01
9.600000012207031830e+01
9.619999963378906216e+01
9.639999963378906500e+01
9.640000006103515773e+01
9.619999969482421420e+01
9.639999963378906500e+01
9.559999969482421989e+01
9.540000006103515773e+01
9.540000006103515773e+01
9.519999969482421420e+01
9.579999963378905647e+01
9.540000006103515773e+01
9.559999963378906784e+01
9.579999999999999716e+01
9.600000012207031830e+01
9.580000012207031546e+01
9.619999969482421420e+01
9.600000000000000000e+01
9.600000006103515204e+01
9.559999969482421989e+01
9.599999969482422557e+01
9.579999975585937477e+01
9.640000006103515773e+01
9.640000006103515773e+01
9.580000006103514920e+01
9.640000006103515773e+01
9.599999975585937761e+01
9.659999999999999432e+01
9.600000006103515204e+01
9.599999975585937761e+01
9.619999969482421420e+01
9.620000006103515489e+01
9.579999969482422273e+01
9.600000006103515204e+01
9.640000012207030977e+01
9.599999969482422557e+01
9.599999963378905932e+01
9.600000012207031830e+01
9.619999969482421420e+01
9.620000006103515489e+01
9.619999963378906216e+01
9.579999969482422273e+01
9.599999963378905932e+01
9.579999981689452682e+01
9.580000006103514920e+01
9.599999963378905932e+01
9.659999999999999432e+01
9.680000006103514920e+01
9.619999963378906216e+01
9.620000006103515489e+01
9.559999963378906784e+01
9.619999969482421420e+01
9.620000006103515489e+01
9.639999963378906500e+01
9.619999969482421420e+01
9.640000006103515773e+01
9.619999963378906216e+01
9.519999969482421420e+01
9.600000000000000000e+01
9.579999999999999716e+01
9.579999999999999716e+01
9.640000000000000568e+01
9.599999963378905932e+01
9.579999963378905647e+01
9.659999963378906784e+01
9.579999969482422273e+01
9.599999969482422557e+01
9.599999963378905932e+01
9.639999963378906500e+01
9.699999963378905932e+01
9.679999999999999716e+01
9.619999963378906216e+01
9.580000006103514920e+01
9.619999975585938046e+01
9.539999938964844262e+01
9.580000006103514920e+01
9.580000006103514920e+01
9.579999969482422273e+01
9.620000006103515489e+01
9.640000006103515773e+01
9.600000012207031830e+01
9.620000000000000284e+01
9.639999969482421704e+01
9.559999963378906784e+01
9.620000012207030693e+01
9.579999969482422273e+01
9.580000012207031546e+01
9.559999999999999432e+01
9.540000006103515773e+01
9.560000012207031261e+01
9.599999963378905932e+01
9.600000006103515204e+01
9.659999999999999432e+01
9.659999969482421989e+01
9.640000000000000568e+01
9.699999963378905932e+01
9.619999969482421420e+01
9.559999963378906784e+01
9.560000006103516057e+01
9.620000000000000284e+01
9.619999963378906216e+01
9.579999999999999716e+01
9.519999963378906216e+01
9.579999963378905647e+01
9.559999999999999432e+01
9.579999969482422273e+01
9.580000006103514920e+01
9.580000012207031546e+01
9.579999969482422273e+01
9.639999969482421704e+01
9.719999963378906216e+01
9.580000006103514920e+01
9.640000006103515773e+01
9.660000006103516057e+01
9.580000006103514920e+01
9.640000006103515773e+01
9.519999963378906216e+01
9.640000006103515773e+01
9.559999975585937193e+01
9.619999963378906216e+01
9.559999938964843125e+01
9.499999975585937761e+01
9.619999963378906216e+01
9.620000006103515489e+01
9.580000006103514920e+01
9.520000006103515489e+01
9.640000006103515773e+01
9.640000006103515773e+01
9.559999963378906784e+01
9.640000000000000568e+01
9.659999963378906784e+01
9.659999969482421989e+01
9.560000006103516057e+01
9.640000006103515773e+01
9.599999963378905932e+01
9.640000000000000568e+01
9.600000006103515204e+01
9.660000012207031261e+01
9.600000000000000000e+01
9.520000012207030693e+01
9.659999963378906784e+01
9.639999975585936909e+01
9.559999969482421989e+01
9.560000012207031261e+01
9.500000000000000000e+01
9.619999963378906216e+01
9.379999975585937477e+01
9.700000006103515204e+01
9.600000006103515204e+01
9.640000000000000568e+01
9.560000012207031261e+01
9.619999963378906216e+01
9.559999963378906784e+01
9.720000006103515489e+01
9.640000000000000568e+01
9.599999963378905932e+01
9.700000000000000000e+01
9.519999963378906216e+01
9.619999969482421420e+01
9.679999999999999716e+01
9.600000000000000000e+01
9.680000006103514920e+01
9.680000006103514920e+01
9.660000012207031261e+01
9.620000000000000284e+01
9.660000006103516057e+01
9.579999981689452682e+01
9.699999963378905932e+01
9.699999963378905932e+01
9.599999963378905932e+01
9.620000006103515489e+01
9.539999969482421704e+01
9.439999969482421704e+01
9.599999969482422557e+01
9.620000006103515489e+01
9.680000006103514920e+01
9.619999963378906216e+01
9.639999963378906500e+01
9.600000000000000000e+01
9.779999999999999716e+01
9.640000006103515773e+01
9.460000012207031261e+01
9.779999963378905647e+01
9.699999969482422557e+01
9.559999938964843125e+01
9.579999999999999716e+01
9.759999963378906784e+01
9.599999963378905932e+01
9.640000000000000568e+01
9.620000000000000284e+01
9.699999963378905932e+01
9.580000006103514920e+01
9.639999969482421704e+01
9.639999963378906500e+01
9.600000000000000000e+01
9.659999963378906784e+01
9.659999963378906784e+01
9.639999963378906500e+01
9.679999969482422273e+01
9.659999969482421989e+01
9.579999969482422273e+01
9.579999969482422273e+01
9.519999981689453250e+01
9.660000006103516057e+01
9.720000000000000284e+01
9.620000006103515489e+01
9.640000006103515773e+01
9.559999963378906784e+01
9.579999963378905647e+01
9.700000012207031830e+01
9.599999969482422557e+01
9.660000006103516057e+01
9.799999963378905932e+01
9.639999963378906500e+01
9.679999963378905647e+01
9.800000006103515204e+01
9.699999963378905932e+01
9.620000012207030693e+01
9.679999999999999716e+01
9.740000006103515773e+01
9.779999999999999716e+01
9.700000006103515204e+01
9.540000006103515773e+01
9.520000000000000284e+01
9.620000006103515489e+01
9.539999969482421704e+01
9.640000006103515773e+01
9.679999963378905647e+01
9.599999963378905932e+01
9.640000006103515773e+01
9.619999963378906216e+01
9.639999963378906500e+01
9.619999963378906216e+01
9.579999963378905647e+01
9.679999963378905647e+01
9.540000012207030977e+01
9.580000006103514920e+01
9.640000006103515773e+01
9.619999969482421420e+01
9.640000012207030977e+01
9.599999969482422557e+01
9.620000000000000284e+01
9.599999969482422557e+01
9.619999963378906216e+01
9.639999963378906500e+01
9.399999938964843693e+01
9.699999963378905932e+01
9.619999969482421420e+01
9.640000006103515773e+01
9.660000006103516057e+01
9.519999963378906216e+01
9.659999963378906784e+01
9.520000012207030693e+01
9.559999969482421989e+01
9.659999999999999432e+01
9.639999969482421704e+01
9.659999963378906784e+01
9.700000006103515204e+01
9.620000006103515489e+01
9.639999969482421704e+01
9.660000006103516057e+01
9.620000006103515489e+01
9.680000006103514920e+01
9.640000012207030977e+01
9.599999969482422557e+01
9.659999963378906784e+01
9.640000006103515773e+01
9.699999963378905932e+01
9.640000006103515773e+01
9.639999963378906500e+01
9.659999963378906784e+01
9.659999969482421989e+01
9.639999963378906500e+01
9.639999969482421704e+01
9.719999963378906216e+01
9.660000006103516057e+01
9.659999969482421989e+01
9.639999969482421704e+01
9.639999963378906500e+01
9.639999963378906500e+01
9.699999963378905932e+01
9.680000006103514920e+01
9.659999999999999432e+01
9.619999963378906216e+01
9.680000006103514920e+01
9.659999963378906784e+01
9.699999963378905932e+01
9.640000000000000568e+01
9.700000000000000000e+01
9.679999999999999716e+01
9.579999963378905647e+01
9.740000000000000568e+01
9.659999999999999432e+01
9.639999969482421704e+01
9.659999969482421989e+01
9.680000012207031546e+01
9.660000012207031261e+01
9.619999969482421420e+01
9.620000006103515489e+01
9.659999963378906784e+01
9.640000006103515773e+01
9.539999963378906500e+01
9.659999999999999432e+01
9.579999963378905647e+01
9.779999963378905647e+01
9.620000006103515489e+01
9.640000000000000568e+01
9.579999999999999716e+01
9.680000006103514920e+01
9.699999963378905932e+01
9.759999999999999432e+01
9.699999969482422557e+01
9.620000000000000284e+01
9.700000006103515204e+01
9.659999963378906784e+01
9.739999969482421704e+01
9.719999963378906216e+01
9.580000012207031546e+01
9.640000006103515773e+01
9.780000006103514920e+01
9.679999969482422273e+01
9.780000006103514920e+01
9.739999963378906500e+01
9.679999963378905647e+01
9.659999963378906784e+01
9.739999963378906500e+01
9.700000006103515204e+01
9.659999963378906784e+01
9.759999963378906784e+01
9.799999963378905932e+01
9.699999963378905932e+01
9.600000000000000000e+01
9.639999969482421704e+01
9.619999969482421420e+01
9.720000006103515489e+01
9.659999999999999432e+01
9.759999999999999432e+01
9.800000006103515204e+01
9.679999969482422273e+01
9.740000012207030977e+01
9.699999963378905932e+01
9.640000012207030977e+01
9.740000012207030977e+01
9.680000006103514920e+01
9.660000006103516057e+01
9.640000000000000568e+01
9.499999963378905932e+01
9.639999963378906500e+01
9.599999963378905932e+01
9.579999963378905647e+01
9.619999963378906216e+01
9.639999963378906500e+01
9.740000006103515773e+01
9.579999963378905647e+01
9.500000012207031830e+01
9.620000006103515489e+01
9.619999975585938046e+01
9.699999963378905932e+01
9.660000006103516057e+01
9.500000012207031830e+01
9.599999969482422557e+01
9.659999969482421989e+01
9.739999963378906500e+01
9.739999963378906500e+01
9.660000006103516057e+01
9.599999963378905932e+01
9.600000006103515204e+01
9.540000000000000568e+01
9.680000006103514920e+01
9.660000006103516057e+01
9.579999999999999716e+01
9.600000006103515204e+01
9.660000006103516057e+01
9.740000000000000568e+01
9.679999963378905647e+01
9.640000006103515773e+01
9.680000006103514920e+01
9.779999963378905647e+01
9.659999969482421989e+01
9.700000006103515204e+01
9.660000012207031261e+01
9.419999963378906216e+01
9.719999969482421420e+01
9.680000006103514920e+01
9.759999999999999432e+01
9.659999963378906784e+01
9.620000000000000284e+01
9.620000000000000284e+01
9.699999963378905932e+01
9.639999963378906500e+01
9.700000006103515204e+01
9.599999975585937761e+01
9.559999975585937193e+01
9.659999963378906784e+01
9.659999963378906784e+01
9.659999963378906784e+01
9.760000006103516057e+01
9.740000006103515773e+01
9.699999963378905932e+01
9.639999963378906500e+01
9.619999969482421420e+01
9.659999969482421989e+01
9.639999969482421704e+01
9.719999963378906216e+01
9.700000006103515204e+01
9.720000000000000284e+01
9.680000006103514920e+01
9.739999963378906500e+01
9.739999969482421704e+01
9.680000012207031546e+01
9.660000006103516057e+01
9.679999963378905647e+01
9.739999963378906500e+01
9.739999969482421704e+01
9.660000006103516057e+01
9.579999999999999716e+01
9.799999963378905932e+01
9.699999969482422557e+01
9.679999969482422273e+01
9.559999969482421989e+01
9.640000000000000568e+01
9.719999963378906216e+01
9.720000012207030693e+01
9.779999963378905647e+01
9.660000006103516057e+01
9.699999963378905932e+01
9.719999963378906216e+01
9.699999963378905932e+01
9.600000006103515204e+01
9.679999999999999716e+01
9.600000006103515204e+01
9.659999963378906784e+01
9.719999963378906216e+01
9.499999975585937761e+01
9.719999963378906216e+01
9.640000006103515773e+01
9.700000000000000000e+01
9.759999963378906784e+01
9.660000012207031261e+01
9.559999963378906784e+01
9.439999969482421704e+01
9.559999975585937193e+01
9.699999963378905932e+01
9.479999963378905647e+01
9.680000006103514920e+01
9.739999969482421704e+01
9.740000006103515773e+01
9.700000006103515204e+01
9.679999969482422273e+01
9.640000006103515773e+01
9.739999963378906500e+01
9.599999963378905932e+01
9.620000006103515489e+01
9.699999963378905932e+01
9.700000000000000000e+01
9.639999963378906500e+01
9.700000006103515204e+01
9.679999999999999716e+01
9.580000012207031546e+01
9.580000006103514920e+01
9.619999963378906216e+01
9.620000000000000284e+01
9.559999963378906784e+01
9.639999963378906500e+01
9.699999963378905932e+01
9.639999969482421704e+01
9.519999963378906216e+01
9.599999963378905932e+01
9.599999963378905932e+01
9.679999963378905647e+01
9.779999999999999716e+01
9.680000006103514920e+01
9.659999963378906784e+01
9.619999963378906216e+01
9.659999975585937193e+01
9.700000006103515204e+01
9.740000000000000568e+01
9.640000012207030977e+01
9.619999969482421420e+01
9.779999969482422273e+01
9.559999969482421989e+01
9.699999969482422557e+01
9.699999969482422557e+01
9.720000000000000284e+01
9.659999999999999432e+01
9.579999975585937477e+01
9.719999969482421420e+01
9.700000006103515204e+01
9.700000000000000000e+01
9.640000000000000568e+01
9.680000012207031546e+01
9.700000006103515204e+01
9.640000006103515773e+01
9.639999969482421704e+01
9.720000000000000284e+01
9.700000000000000000e+01
9.620000006103515489e+01
9.720000000000000284e+01
9.519999963378906216e+01
9.660000006103516057e+01
9.600000006103515204e+01
9.699999969482422557e+01
9.719999963378906216e+01
9.560000006103516057e+01
9.680000006103514920e+01
9.499999969482422557e+01
9.720000000000000284e+01
9.719999963378906216e+01
9.700000000000000000e+01
9.699999969482422557e+01
9.720000006103515489e+01
9.699999969482422557e+01
9.779999999999999716e+01
9.719999969482421420e+01
9.699999969482422557e+01
9.680000012207031546e+01
9.500000012207031830e+01
9.620000006103515489e+01
9.759999963378906784e+01
9.740000006103515773e+01
9.739999963378906500e+01
9.740000000000000568e+01
9.680000012207031546e+01
9.720000006103515489e+01
9.699999969482422557e+01
9.699999969482422557e+01
9.720000000000000284e+01
9.559999969482421989e+01
9.580000012207031546e+01
9.640000000000000568e+01
9.420000012207030693e+01
9.660000006103516057e+01
9.659999963378906784e+01
9.780000006103514920e+01
9.739999963378906500e+01
9.620000000000000284e+01
9.739999969482421704e+01
9.700000000000000000e+01
9.700000012207031830e+01
9.660000006103516057e+01
9.720000006103515489e+01
9.540000006103515773e+01
9.699999963378905932e+01
9.620000000000000284e+01
9.619999981689453250e+01
9.720000006103515489e+01
9.540000012207030977e+01
9.739999963378906500e+01
9.679999999999999716e+01
9.420000006103515489e+01
9.499999963378905932e+01
9.679999999999999716e+01
9.800000000000000000e+01
9.740000012207030977e+01
9.639999969482421704e+01
9.639999963378906500e+01
9.620000006103515489e+01
9.700000000000000000e+01
9.540000006103515773e+01
9.639999963378906500e+01
9.659999969482421989e+01
9.559999938964843125e+01
9.559999969482421989e+01
9.679999969482422273e+01
9.719999963378906216e+01
9.660000006103516057e+01
9.619999969482421420e+01
9.619999963378906216e+01
9.559999999999999432e+01
9.520000006103515489e+01
9.600000006103515204e+01
9.559999938964843125e+01
9.540000000000000568e+01
9.600000006103515204e+01
9.540000012207030977e+01
9.599999969482422557e+01
9.659999963378906784e+01
9.820000000000000284e+01
9.340000006103515773e+01
9.619999963378906216e+01
9.500000012207031830e+01
9.720000012207030693e+01
9.700000006103515204e+01
9.579999999999999716e+01
9.779999999999999716e+01
9.539999969482421704e+01
9.619999963378906216e+01
9.580000006103514920e+01
9.659999963378906784e+01
9.679999963378905647e+01
9.579999969482422273e+01
9.619999963378906216e+01
9.820000000000000284e+01
9.699999963378905932e+01
9.599999969482422557e+01
9.719999963378906216e+01
9.720000006103515489e+01
9.740000000000000568e+01
9.620000000000000284e+01
9.759999963378906784e+01
9.679999963378905647e+01
9.639999969482421704e+01
9.739999963378906500e+01
9.600000000000000000e+01
9.659999963378906784e+01
9.519999963378906216e+01
9.239999938964844262e+01
9.600000012207031830e+01
9.579999969482422273e+01
9.660000006103516057e+01
9.480000006103514920e+01
9.619999963378906216e+01
9.719999969482421420e+01
9.740000006103515773e+01
9.820000000000000284e+01
9.600000012207031830e+01
9.679999999999999716e+01
9.779999999999999716e+01
9.800000000000000000e+01
9.719999969482421420e+01
9.719999963378906216e+01
9.659999963378906784e+01
9.679999969482422273e+01
9.659999999999999432e+01
9.659999969482421989e+01
9.660000006103516057e+01
9.559999969482421989e+01
9.699999963378905932e+01
9.739999963378906500e+01
9.659999963378906784e+01
9.699999963378905932e+01
9.739999969482421704e+01
9.719999938964843977e+01
9.639999963378906500e+01
9.679999969482422273e+01
9.740000000000000568e+01
9.659999999999999432e+01
9.699999963378905932e+01
9.719999969482421420e+01
9.779999999999999716e+01
9.559999969482421989e+01
9.680000006103514920e+01
9.619999963378906216e+01
9.759999963378906784e+01
9.519999963378906216e+01
9.740000000000000568e+01
9.660000006103516057e+01
9.740000006103515773e+01
9.699999969482422557e+01
9.679999999999999716e+01
9.820000006103515489e+01
9.720000006103515489e+01
9.740000000000000568e+01
9.700000006103515204e+01
9.740000006103515773e+01
9.800000000000000000e+01
9.720000012207030693e+01
9.819999963378906216e+01
9.699999963378905932e+01
9.760000012207031261e+01
9.720000000000000284e+01
9.779999999999999716e+01
9.680000006103514920e+01
9.639999969482421704e+01
9.679999999999999716e+01
9.659999999999999432e+01
9.480000012207031546e+01
9.800000000000000000e+01
9.659999963378906784e+01
9.639999969482421704e+01
9.660000006103516057e+01
9.600000000000000000e+01
9.619999969482421420e+01
9.699999963378905932e+01
9.600000006103515204e+01
9.659999999999999432e+01
9.459999975585937193e+01
9.499999975585937761e+01
9.600000006103515204e+01
9.399999969482422557e+01
9.580000006103514920e+01
9.720000006103515489e+01
9.740000006103515773e+01
9.760000006103516057e+01
9.739999969482421704e+01
9.579999969482422273e+01
9.719999963378906216e+01
9.659999969482421989e+01
9.640000006103515773e+01
9.679999963378905647e+01
9.659999963378906784e+01
9.739999963378906500e+01
9.560000006103516057e+01
9.619999969482421420e+01
9.739999963378906500e+01
9.620000006103515489e+01
9.680000006103514920e+01
9.779999999999999716e+01
9.400000012207031830e+01
9.739999969482421704e+01
9.659999969482421989e+01
9.679999963378905647e+01
9.699999963378905932e+01
9.639999969482421704e+01
9.719999963378906216e+01
9.680000006103514920e+01
9.660000006103516057e+01
9.600000006103515204e+01
9.680000006103514920e+01
9.559999969482421989e+01
9.680000012207031546e+01
9.800000006103515204e+01
9.460000006103516057e+01
9.719999963378906216e+01
9.760000006103516057e+01
9.719999963378906216e+01
9.740000006103515773e+01
9.679999963378905647e+01
9.539999969482421704e+01
9.520000012207030693e+01
9.659999969482421989e+01
9.639999969482421704e+01
9.680000006103514920e+01
9.619999963378906216e+01
9.579999963378905647e+01
9.759999999999999432e+01
9.660000006103516057e+01
9.779999999999999716e+01
9.700000006103515204e+01
9.739999969482421704e+01
9.779999963378905647e+01
9.879999999999999716e+01
9.719999963378906216e+01
9.739999963378906500e+01
9.679999969482422273e+01
9.699999963378905932e+01
9.800000000000000000e+01
9.759999969482421989e+01
9.719999975585938046e+01
9.779999963378905647e+01
9.720000000000000284e+01
9.719999969482421420e+01
9.679999969482422273e+01
9.719999963378906216e+01
9.640000012207030977e+01
9.660000006103516057e+01
9.699999963378905932e+01
9.640000012207030977e+01
9.859999999999999432e+01
9.719999969482421420e+01
9.580000006103514920e+01
9.779999999999999716e+01
9.700000006103515204e+01
9.700000006103515204e+01
9.639999969482421704e+01
9.580000012207031546e+01
9.540000006103515773e+01
9.680000006103514920e+01
9.539999963378906500e+01
9.700000006103515204e+01
9.679999963378905647e+01
9.759999999999999432e+01
9.319999969482421420e+01
9.720000000000000284e+01
9.579999963378905647e+01
9.659999963378906784e+01
9.640000006103515773e+01
9.679999963378905647e+01
9.739999969482421704e+01
9.740000006103515773e+01
9.720000006103515489e+01
9.739999963378906500e+01
9.680000012207031546e+01
9.779999999999999716e+01
9.799999963378905932e+01
9.599999963378905932e+01
9.599999963378905932e+01
9.679999999999999716e+01
9.640000000000000568e+01
9.679999963378905647e+01
9.720000006103515489e+01
9.599999963378905932e+01
9.739999969482421704e+01
9.700000000000000000e+01
9.660000006103516057e+01
9.639999969482421704e+01
9.879999999999999716e+01
9.139999969482421704e+01
9.680000006103514920e+01
9.639999963378906500e+01
9.640000006103515773e+01
9.760000006103516057e+01
9.660000006103516057e+01
9.560000006103516057e+01
9.719999963378906216e+01
9.720000000000000284e+01
9.519999963378906216e+01
9.619999963378906216e+01
9.360000006103516057e+01
9.719999969482421420e+01
9.679999963378905647e+01
9.740000006103515773e+01
9.540000006103515773e+01
9.679999969482422273e+01
9.739999963378906500e+01
9.659999969482421989e+01
9.640000006103515773e+01
9.719999969482421420e+01
9.539999963378906500e+01
9.680000012207031546e+01
9.679999963378905647e+01
9.719999969482421420e+01
9.679999969482422273e+01
9.799999963378905932e+01
9.680000006103514920e+01
9.559999975585937193e+01
9.619999969482421420e+01
9.140000006103515773e+01
9.739999969482421704e+01
9.539999975585936909e+01
9.419999938964843977e+01
9.739999963378906500e+01
9.759999963378906784e+01
9.779999999999999716e+01
9.779999999999999716e+01
9.740000006103515773e+01
9.700000006103515204e+01
9.680000012207031546e+01
9.680000006103514920e+01
9.520000006103515489e+01
9.579999999999999716e+01
9.720000006103515489e+01
9.600000006103515204e+01
9.559999938964843125e+01
9.739999963378906500e+01
9.779999999999999716e+01
9.739999969482421704e+01
9.840000000000000568e+01
9.779999963378905647e+01
9.759999963378906784e+01
9.720000006103515489e+01
9.479999963378905647e+01
9.399999963378905932e+01
9.640000000000000568e+01
9.599999963378905932e+01
9.459999975585937193e+01
9.680000006103514920e+01
9.700000000000000000e+01
9.700000006103515204e+01
9.720000006103515489e+01
9.539999969482421704e+01
9.800000000000000000e+01
9.640000006103515773e+01
9.700000006103515204e+01
9.679999999999999716e+01
9.659999999999999432e+01
9.700000000000000000e+01
9.759999999999999432e+01
9.599999963378905932e+01
9.680000006103514920e+01
9.579999969482422273e+01
9.759999999999999432e+01
9.640000000000000568e+01
9.759999963378906784e+01
9.799999963378905932e+01
9.439999963378906500e+01
9.679999969482422273e+01
9.660000006103516057e+01
9.779999999999999716e+01
9.740000000000000568e+01
9.620000006103515489e+01
9.779999999999999716e+01
9.700000000000000000e+01
9.759999963378906784e+01
9.700000000000000000e+01
9.639999969482421704e+01
9.579999963378905647e+01
9.759999999999999432e+01
9.759999963378906784e+01
9.699999963378905932e+01
9.739999963378906500e+01
9.840000000000000568e+01
9.540000006103515773e+01
9.680000006103514920e+01
9.639999969482421704e+01
9.500000000000000000e+01
9.520000012207030693e+01
9.719999969482421420e+01
9.759999963378906784e+01
9.859999963378906784e+01
9.699999963378905932e+01
9.619999963378906216e+01
9.740000000000000568e+01
9.719999963378906216e+01
9.420000006103515489e+01
9.719999963378906216e+01
9.640000006103515773e+01
9.499999975585937761e+01
9.579999999999999716e+01
9.760000006103516057e+01
9.600000006103515204e+01
9.700000000000000000e+01
9.719999963378906216e+01
9.400000006103515204e+01
9.639999969482421704e+01
9.740000000000000568e+01
9.559999999999999432e+01
9.620000006103515489e+01
9.519999963378906216e+01
9.700000006103515204e+01
9.759999963378906784e+01
9.600000006103515204e+01
9.679999969482422273e+01
9.720000000000000284e+01
9.559999963378906784e+01
9.440000006103515773e+01
9.639999969482421704e+01
9.680000006103514920e+01
9.639999963378906500e+01
9.559999963378906784e+01
9.820000000000000284e+01
9.700000006103515204e+01
9.499999969482422557e+01
9.600000012207031830e+01
9.699999963378905932e+01
9.659999969482421989e+01
9.520000006103515489e+01
9.739999963378906500e+01
9.780000006103514920e+01
9.739999963378906500e+01
9.859999999999999432e+01
9.720000006103515489e+01
9.759999963378906784e+01
9.500000012207031830e+01
9.680000006103514920e+01
9.519999975585938046e+01
9.440000006103515773e+01
9.399999963378905932e+01
9.579999999999999716e+01
9.639999969482421704e+01
9.499999969482422557e+01
9.320000006103515489e+01
9.779999963378905647e+01
9.599999963378905932e+01
9.640000000000000568e+01
9.819999963378906216e+01
9.599999963378905932e+01
9.720000006103515489e+01
9.420000006103515489e+01
9.679999963378905647e+01
9.499999963378905932e+01
9.820000000000000284e+01
9.459999999999999432e+01
9.719999963378906216e+01
9.460000012207031261e+01
9.379999963378905647e+01
9.740000000000000568e+01
9.359999975585937193e+01
9.740000006103515773e+01
9.779999969482422273e+01
9.940000000000000568e+01
9.840000006103515773e+01
9.460000012207031261e+01
9.399999969482422557e+01
9.400000000000000000e+01
9.480000006103514920e+01
9.800000006103515204e+01
9.740000006103515773e+01
9.679999999999999716e+01
9.579999963378905647e+01
9.559999969482421989e+01
9.779999969482422273e+01
9.679999963378905647e+01
9.820000000000000284e+01
9.740000006103515773e+01
9.660000006103516057e+01
9.779999963378905647e+01
9.740000000000000568e+01
9.360000006103516057e+01
9.560000006103516057e+01
9.460000006103516057e+01
9.640000006103515773e+01
9.540000006103515773e+01
9.519999963378906216e+01
9.879999963378905647e+01
9.520000006103515489e+01
9.439999963378906500e+01
9.740000000000000568e+01
9.559999963378906784e+01
9.660000012207031261e+01
9.599999969482422557e+01
9.479999969482422273e+01
9.700000000000000000e+01
9.660000012207031261e+01
9.779999963378905647e+01
9.639999969482421704e+01
9.759999963378906784e+01
9.759999999999999432e+01
9.700000006103515204e+01
9.699999963378905932e+01
9.720000000000000284e+01
9.759999969482421989e+01
9.539999963378906500e+01
9.799999963378905932e+01
9.619999969482421420e+01
9.719999963378906216e+01
9.599999969482422557e+01
9.740000000000000568e+01
9.759999969482421989e+01
9.639999969482421704e+01
9.540000006103515773e+01
9.639999969482421704e+01
9.699999963378905932e+01
9.720000012207030693e+01
9.659999975585937193e+01
9.799999963378905932e+01
9.779999963378905647e+01
9.700000006103515204e+01
9.700000012207031830e+01
9.639999963378906500e+01
9.579999969482422273e+01
9.539999969482421704e+01
9.679999963378905647e+01
9.739999963378906500e+01
9.759999999999999432e+01
9.319999963378906216e+01
9.359999963378906784e+01
9.459999999999999432e+01
9.799999963378905932e+01
9.920000000000000284e+01
9.520000012207030693e+01
9.620000012207030693e+01
9.520000006103515489e+01
9.299999963378905932e+01
9.719999963378906216e+01
9.679999963378905647e+01
9.599999963378905932e+01
9.800000000000000000e+01
9.379999963378905647e+01
9.419999969482421420e+01
9.580000012207031546e+01
9.739999963378906500e+01
9.599999963378905932e+01
9.639999969482421704e+01
9.439999969482421704e+01
9.720000006103515489e+01
9.659999999999999432e+01
9.660000006103516057e+01
9.560000006103516057e+01
9.479999963378905647e+01
9.660000006103516057e+01
9.659999963378906784e+01
9.780000012207031546e+01
9.779999969482422273e+01
9.780000006103514920e+01
9.600000012207031830e+01
9.340000012207030977e+01
9.820000000000000284e+01
9.600000012207031830e+01
9.519999969482421420e+01
9.439999938964844262e+01
9.659999963378906784e+01
9.739999963378906500e+01
9.780000006103514920e+01
9.840000006103515773e+01
9.579999963378905647e+01
9.579999969482422273e+01
9.700000000000000000e+01
9.619999969482421420e+01
9.620000006103515489e+01
9.719999969482421420e+01
9.579999963378905647e+01
9.620000006103515489e+01
9.799999963378905932e+01
9.500000006103515204e+01
9.499999969482422557e+01
9.699999969482422557e+01
9.520000006103515489e+01
9.719999963378906216e+01
9.599999963378905932e+01
9.680000006103514920e+01
9.619999969482421420e+01
9.379999969482422273e+01
9.560000012207031261e+01
9.619999969482421420e+01
9.799999963378905932e+01
9.540000006103515773e+01
9.739999969482421704e+01
9.720000006103515489e+01
9.500000012207031830e+01
9.799999963378905932e+01
9.700000000000000000e+01
9.620000000000000284e+01
9.639999963378906500e+01
9.679999963378905647e+01
9.520000000000000284e+01
9.600000006103515204e+01
9.639999963378906500e+01
9.800000012207031830e+01
9.759999969482421989e+01
9.559999975585937193e+01
9.600000006103515204e+01
9.700000006103515204e+01
9.399999963378905932e+01
9.400000006103515204e+01
9.700000006103515204e+01
9.540000012207030977e+01
9.440000012207030977e+01
9.399999969482422557e+01
9.440000006103515773e+01
9.799999963378905932e+01
9.379999975585937477e+01
9.740000006103515773e+01
9.740000006103515773e+01
9.600000006103515204e+01
9.699999963378905932e+01
9.600000006103515204e+01
9.519999963378906216e+01
9.640000006103515773e+01
9.760000006103516057e+01
9.640000012207030977e+01
9.859999999999999432e+01
9.519999969482421420e+01
9.659999969482421989e+01
9.519999975585938046e+01
9.379999999999999716e+01
9.379999981689452682e+01
9.520000012207030693e+01
9.380000006103514920e+01
9.559999963378906784e+01
9.559999969482421989e+01
9.759999999999999432e+01
9.580000006103514920e+01
9.640000006103515773e+01
9.659999963378906784e+01
9.320000012207030693e+01
9.680000006103514920e+01
9.759999969482421989e+01
9.640000006103515773e+01
9.720000006103515489e+01
9.359999969482421989e+01
9.640000006103515773e+01
9.579999999999999716e+01
9.540000000000000568e+01
9.499999969482422557e+01
9.719999963378906216e+01
9.559999969482421989e+01
9.559999963378906784e+01
9.580000012207031546e+01
9.779999999999999716e+01
9.460000012207031261e+01
9.699999963378905932e+01
9.660000006103516057e+01
9.679999963378905647e+01
9.739999963378906500e+01
9.499999969482422557e+01
9.659999969482421989e+01
9.059999975585937193e+01
9.639999963378906500e+01
9.260000012207031261e+01
9.580000006103514920e+01
9.679999963378905647e+01
9.599999963378905932e+01
9.700000006103515204e+01
9.819999969482421420e+01
9.660000012207031261e+01
9.580000006103514920e+01
9.679999999999999716e+01
9.720000000000000284e+01
9.479999969482422273e+01
9.800000006103515204e+01
9.500000012207031830e+01
9.739999963378906500e+01
9.879999963378905647e+01
9.799999963378905932e+01
9.579999969482422273e+01
9.579999969482422273e+01
9.660000006103516057e+01
9.660000006103516057e+01
9.679999969482422273e+01
9.759999963378906784e+01
9.619999969482421420e+01
9.579999963378905647e+01
9.420000012207030693e+01
9.580000012207031546e+01
9.560000012207031261e+01
9.540000006103515773e+01
9.679999963378905647e+01
9.420000006103515489e+01
9.639999963378906500e+01
9.639999969482421704e+01
9.539999975585936909e+01
9.519999969482421420e+01
9.499999969482422557e+01
9.119999981689453250e+01
9.759999963378906784e+01
9.620000006103515489e+01
9.580000006103514920e+01
9.799999963378905932e+01
9.620000012207030693e+01
9.419999969482421420e+01
9.559999999999999432e+01
9.719999963378906216e+01
9.680000006103514920e+01
9.759999963378906784e+01
9.659999999999999432e+01
9.759999999999999432e+01
9.679999969482422273e+01
9.459999963378906784e+01
9.600000006103515204e+01
9.340000012207030977e+01
9.619999963378906216e+01
9.520000000000000284e+01
9.560000012207031261e+01
9.799999963378905932e+01
9.719999963378906216e+01
9.639999975585936909e+01
9.659999963378906784e+01
9.859999963378906784e+01
9.819999963378906216e+01
9.619999963378906216e+01
9.380000012207031546e+01
9.800000000000000000e+01
9.399999969482422557e+01
9.639999969482421704e+01
9.419999969482421420e+01
9.420000006103515489e+01
9.280000012207031546e+01
9.040000012207030977e+01
9.500000006103515204e+01
9.739999963378906500e+01
9.620000006103515489e+01
9.620000006103515489e+01
9.519999969482421420e+01
9.519999969482421420e+01
9.659999963378906784e+01
9.679999999999999716e+01
9.520000006103515489e+01
9.379999969482422273e+01
9.399999975585937761e+01
9.480000006103514920e+01
9.800000006103515204e+01
9.800000006103515204e+01
9.559999963378906784e+01
9.679999999999999716e+01
9.519999969482421420e+01
9.680000006103514920e+01
9.399999969482422557e+01
9.339999963378906500e+01
9.640000000000000568e+01
9.619999969482421420e+01
9.559999999999999432e+01
9.559999999999999432e+01
9.620000000000000284e+01
9.659999969482421989e+01
9.779999963378905647e+01
9.740000000000000568e+01
9.639999963378906500e+01
9.659999969482421989e+01
9.660000006103516057e+01
9.780000006103514920e+01
9.739999963378906500e+01
9.659999999999999432e+01
9.820000000000000284e+01
9.419999969482421420e+01
9.520000012207030693e+01
9.680000006103514920e+01
9.840000000000000568e+01
9.699999969482422557e+01
9.640000006103515773e+01
8.839999981689453534e+01
9.600000012207031830e+01
9.379999969482422273e+01
9.760000006103516057e+01
9.479999975585937477e+01
9.179999975585937477e+01
9.659999963378906784e+01
9.419999969482421420e+01
9.719999963378906216e+01
9.720000006103515489e+01
9.419999975585938046e+01
9.399999969482422557e+01
9.320000012207030693e+01
9.279999963378905647e+01
9.720000000000000284e+01
9.460000006103516057e+01
9.619999963378906216e+01
9.660000006103516057e+01
9.599999963378905932e+01
9.799999975585937761e+01
9.740000000000000568e+01
9.620000012207030693e+01
9.699999963378905932e+01
9.520000006103515489e+01
9.620000000000000284e+01
9.739999963378906500e+01
9.559999963378906784e+01
9.580000012207031546e+01
9.319999969482421420e+01
9.699999963378905932e+01
9.539999963378906500e+01
9.599999969482422557e+01
9.759999963378906784e+01
9.359999969482421989e+01
9.700000000000000000e+01
9.520000006103515489e+01
9.619999963378906216e+01
9.539999938964844262e+01
9.639999963378906500e+01
9.479999963378905647e+01
9.520000006103515489e+01
9.680000006103514920e+01
9.499999963378905932e+01
9.699999969482422557e+01
9.660000006103516057e+01
9.479999981689452682e+01
9.479999969482422273e+01
9.699999963378905932e+01
9.539999969482421704e+01
9.780000006103514920e+01
9.360000012207031261e+01
9.479999969482422273e+01
9.639999969482421704e+01
9.219999969482421420e+01
9.840000006103515773e+01
9.560000006103516057e+01
9.620000006103515489e+01
9.300000012207031830e+01
9.720000006103515489e+01
9.539999963378906500e+01
9.539999963378906500e+01
9.539999963378906500e+01
9.659999969482421989e+01
9.519999969482421420e+01
9.500000012207031830e+01
9.139999975585936909e+01
9.740000012207030977e+01
9.679999963378905647e+01
9.759999963378906784e+01
9.699999963378905932e+01
9.460000006103516057e+01
9.539999969482421704e+01
9.680000006103514920e+01
9.779999999999999716e+01
9.300000006103515204e+01
9.519999963378906216e+01
9.759999999999999432e+01
9.659999969482421989e+01
9.839999963378906500e+01
9.839999963378906500e+01
9.539999975585936909e+01
9.559999969482421989e+01
9.520000006103515489e+01
9.779999963378905647e+01
9.719999963378906216e+01
9.840000000000000568e+01
9.479999969482422273e+01
8.419999938964843977e+01
8.339999987792968739e+01
9.559999975585937193e+01
9.639999963378906500e+01
9.560000006103516057e+01
9.800000000000000000e+01
9.760000012207031261e+01
9.539999969482421704e+01
9.499999969482422557e+01
9.699999963378905932e+01
9.739999963378906500e+01
9.759999963378906784e+01
9.640000000000000568e+01
9.619999963378906216e+01
9.799999963378905932e+01
9.859999963378906784e+01
9.659999969482421989e+01
9.679999969482422273e+01
9.779999969482422273e+01
9.640000006103515773e+01
9.439999969482421704e+01
9.759999969482421989e+01
9.640000000000000568e+01
9.679999963378905647e+01
9.859999969482421989e+01
9.700000006103515204e+01
9.359999975585937193e+01
9.520000012207030693e+01
9.740000000000000568e+01
9.800000000000000000e+01
9.840000000000000568e+01
9.559999969482421989e+01
9.720000006103515489e+01
9.499999969482422557e+01
9.600000000000000000e+01
9.719999969482421420e+01
9.599999969482422557e+01
9.540000000000000568e+01
9.579999969482422273e+01
9.800000000000000000e+01
9.559999963378906784e+01
9.580000006103514920e+01
9.700000000000000000e+01
9.779999969482422273e+01
9.520000006103515489e+01
9.739999963378906500e+01
9.300000000000000000e+01
9.820000006103515489e+01
9.620000006103515489e+01
9.640000006103515773e+01
9.459999975585937193e+01
9.600000006103515204e+01
9.499999969482422557e+01
9.520000000000000284e+01
9.639999969482421704e+01
9.199999969482422557e+01
8.799999951171875523e+01
9.659999963378906784e+01
9.640000006103515773e+01
9.399999969482422557e+01
9.679999963378905647e+01
9.519999969482421420e+01
9.659999963378906784e+01
9.719999963378906216e+01
9.660000006103516057e+01
9.400000006103515204e+01
9.679999963378905647e+01
9.419999975585938046e+01
9.780000012207031546e+01
9.560000012207031261e+01
9.839999969482421704e+01
9.319999969482421420e+01
9.639999969482421704e+01
9.640000000000000568e+01
9.699999975585937761e+01
9.559999969482421989e+01
9.599999969482422557e+01
9.639999963378906500e+01
9.479999945068360034e+01
9.059999969482421989e+01
9.819999969482421420e+01
9.679999963378905647e+01
9.840000006103515773e+01
9.579999963378905647e+01
9.719999963378906216e+01
9.740000000000000568e+01
9.700000006103515204e+01
9.740000006103515773e+01
9.719999963378906216e+01
9.759999999999999432e+01
9.799999963378905932e+01
9.199999981689452966e+01
8.880000012207031546e+01
9.479999969482422273e+01
9.739999963378906500e+01
9.640000006103515773e+01
9.719999963378906216e+01
9.680000006103514920e+01
9.379999969482422273e+01
9.379999963378905647e+01
9.259999981689453818e+01
9.520000006103515489e+01
9.580000012207031546e+01
9.499999963378905932e+01
9.540000012207030977e+01
9.759999963378906784e+01
9.659999963378906784e+01
9.500000006103515204e+01
9.339999969482421704e+01
9.759999963378906784e+01
9.599999963378905932e+01
9.539999963378906500e+01
9.539999969482421704e+01
9.639999969482421704e+01
9.379999975585937477e+01
9.379999963378905647e+01
9.719999963378906216e+01
9.480000012207031546e+01
9.579999969482422273e+01
9.459999969482421989e+01
9.600000006103515204e+01
9.799999963378905932e+01
9.660000012207031261e+01
9.619999963378906216e+01
9.739999975585936909e+01
9.600000012207031830e+01
9.619999969482421420e+01
9.660000006103516057e+01
9.519999963378906216e+01
9.839999963378906500e+01
9.320000012207030693e+01
9.619999963378906216e+01
9.519999969482421420e+01
9.600000012207031830e+01
9.660000006103516057e+01
9.500000012207031830e+01
9.639999969482421704e+01
9.479999963378905647e+01
9.920000000000000284e+01
9.259999975585937193e+01
9.660000006103516057e+01
9.820000000000000284e+01
9.800000000000000000e+01
9.579999969482422273e+01
9.679999969482422273e+01
9.499999969482422557e+01
9.659999999999999432e+01
9.559999969482421989e+01
9.599999969482422557e+01
9.459999969482421989e+01
9.200000006103515204e+01
9.639999963378906500e+01
9.460000012207031261e+01
9.259999938964843125e+01
9.380000006103514920e+01
9.559999969482421989e+01
9.139999963378906500e+01
9.559999999999999432e+01
9.640000006103515773e+01
9.420000006103515489e+01
9.659999963378906784e+01
9.379999975585937477e+01
9.440000012207030977e+01
9.820000000000000284e+01
9.679999963378905647e+01
9.659999963378906784e+01
9.520000012207030693e+01
9.620000006103515489e+01
9.479999969482422273e+01
9.600000006103515204e+01
9.620000000000000284e+01
9.459999999999999432e+01
9.500000000000000000e+01
9.579999999999999716e+01
9.459999969482421989e+01
9.639999938964844262e+01
9.539999969482421704e+01
9.740000006103515773e+01
9.439999969482421704e+01
9.439999938964844262e+01
9.400000006103515204e+01
9.119999969482421420e+01
9.740000006103515773e+01
9.700000012207031830e+01
9.420000006103515489e+01
9.640000006103515773e+01
9.739999963378906500e+01
9.760000006103516057e+01
9.519999975585938046e+01
9.359999975585937193e+01
9.600000012207031830e+01
9.459999969482421989e+01
9.339999969482421704e+01
9.640000012207030977e+01
9.299999969482422557e+01
9.779999969482422273e+01
9.419999975585938046e+01
9.719999963378906216e+01
9.820000000000000284e+01
9.500000006103515204e+01
9.740000006103515773e+01
9.599999963378905932e+01
9.560000006103516057e+01
9.619999963378906216e+01
9.559999963378906784e+01
9.299999969482422557e+01
9.379999938964843409e+01
9.620000006103515489e+01
9.460000006103516057e+01
9.659999963378906784e+01
9.639999969482421704e+01
9.639999963378906500e+01
9.920000000000000284e+01
9.519999969482421420e+01
9.619999969482421420e+01
9.620000000000000284e+01
9.579999999999999716e+01
9.500000006103515204e+01
9.339999969482421704e+01
9.700000006103515204e+01
9.739999969482421704e+01
9.679999963378905647e+01
9.499999963378905932e+01
9.660000006103516057e+01
9.780000006103514920e+01
9.220000000000000284e+01
9.680000006103514920e+01
9.580000006103514920e+01
9.179999981689452682e+01
9.279999938964843409e+01
9.560000006103516057e+01
9.459999999999999432e+01
8.839999951171874670e+01
9.540000006103515773e+01
9.100000012207031830e+01
9.860000006103516057e+01
9.559999963378906784e+01
9.680000012207031546e+01
9.560000012207031261e+01
9.579999963378905647e+01
9.519999975585938046e+01
9.499999975585937761e+01
9.659999999999999432e+01
9.619999963378906216e+01
9.519999969482421420e+01
9.560000006103516057e+01
9.639999969482421704e+01
9.559999969482421989e+01
9.440000006103515773e+01
9.519999963378906216e+01
9.799999963378905932e+01
9.520000006103515489e+01
9.580000006103514920e+01
9.379999999999999716e+01
9.559999963378906784e+01
9.539999963378906500e+01
9.379999963378905647e+01
9.579999969482422273e+01
9.299999963378905932e+01
9.739999963378906500e+01
9.720000006103515489e+01
9.679999963378905647e+01
9.540000006103515773e+01
9.460000006103516057e+01
9.680000012207031546e+01
9.560000012207031261e+01
9.319999969482421420e+01
9.320000012207030693e+01
9.439999969482421704e+01
9.660000006103516057e+01
9.520000000000000284e+01
9.679999999999999716e+01
9.279999969482422273e+01
9.600000000000000000e+01
9.540000006103515773e+01
9.419999969482421420e+01
9.779999969482422273e+01
9.719999969482421420e+01
9.600000006103515204e+01
9.640000000000000568e+01
9.199999945068358898e+01
9.539999969482421704e+01
9.720000012207030693e+01
9.800000000000000000e+01
9.460000006103516057e+01
9.679999969482422273e+01
9.540000012207030977e+01
9.640000000000000568e+01
9.720000006103515489e+01
9.459999963378906784e+01
9.539999969482421704e+01
9.079999951171875239e+01
9.760000006103516057e+01
9.580000006103514920e+01
9.119999975585938046e+01
9.659999963378906784e+01
9.639999969482421704e+01
9.660000006103516057e+01
9.320000006103515489e+01
9.520000012207030693e+01
9.779999999999999716e+01
9.459999969482421989e+01
9.579999969482422273e+01
9.480000006103514920e+01
9.680000006103514920e+01
9.660000012207031261e+01
9.639999963378906500e+01
9.720000006103515489e+01
9.639999963378906500e+01
9.280000012207031546e+01
9.520000012207030693e+01
9.599999963378905932e+01
9.300000012207031830e+01
9.340000012207030977e+01
9.599999963378905932e+01
9.380000006103514920e+01
9.520000006103515489e+01
8.959999938964843125e+01
9.639999969482421704e+01
9.619999969482421420e+01
9.359999969482421989e+01
8.999999987792968170e+01
9.419999975585938046e+01
9.640000000000000568e+01
9.680000006103514920e+01
9.159999975585937193e+01
9.699999963378905932e+01
9.499999975585937761e+01
9.479999999999999716e+01
9.539999969482421704e+01
9.600000006103515204e+01
9.739999963378906500e+01
9.719999963378906216e+01
9.420000012207030693e+01
8.599999945068358898e+01
9.759999999999999432e+01
9.640000006103515773e+01
9.620000000000000284e+01
9.580000006103514920e+01
9.680000006103514920e+01
9.799999975585937761e+01
9.640000006103515773e+01
9.460000012207031261e+01
9.619999969482421420e+01
9.339999969482421704e+01
9.540000006103515773e+01
9.399999963378905932e+01
9.420000012207030693e+01
9.560000006103516057e+01
9.500000006103515204e+01
9.679999999999999716e+01
9.560000012207031261e+01
9.900000000000000000e+01
9.659999999999999432e+01
9.859999963378906784e+01
9.519999938964843977e+01
9.519999963378906216e+01
9.219999969482421420e+01
9.699999963378905932e+01
9.720000000000000284e+01
9.699999963378905932e+01
9.820000000000000284e+01
9.820000006103515489e+01
9.659999963378906784e+01
9.840000000000000568e+01
9.379999975585937477e+01
9.559999969482421989e+01
9.619999963378906216e+01
9.599999969482422557e+01
9.659999963378906784e+01
9.540000006103515773e+01
9.679999963378905647e+01
9.559999963378906784e+01
9.700000000000000000e+01
9.400000012207031830e+01
9.760000012207031261e+01
9.539999969482421704e+01
9.779999963378905647e+01
9.299999975585937761e+01
9.519999963378906216e+01
9.560000006103516057e+01
9.420000006103515489e+01
9.740000006103515773e+01
9.880000006103514920e+01
9.560000006103516057e+01
9.539999963378906500e+01
9.580000006103514920e+01
9.620000006103515489e+01
9.720000012207030693e+01
9.580000012207031546e+01
9.559999969482421989e+01
9.360000006103516057e+01
9.739999963378906500e+01
9.480000006103514920e+01
9.539999963378906500e+01
9.619999969482421420e+01
9.479999975585937477e+01
9.639999963378906500e+01
9.279999975585937477e+01
9.799999963378905932e+01
9.460000006103516057e+01
9.660000006103516057e+01
9.439999969482421704e+01
9.459999975585937193e+01
9.640000000000000568e+01
9.440000012207030977e+01
9.719999963378906216e+01
9.340000012207030977e+01
9.579999969482422273e+01
9.800000000000000000e+01
9.540000012207030977e+01
9.399999975585937761e+01
9.519999969482421420e+01
9.379999969482422273e+01
9.619999969482421420e+01
9.500000000000000000e+01
9.560000006103516057e+01
9.659999969482421989e+01
9.459999981689453818e+01
9.680000012207031546e+01
9.760000006103516057e+01
9.700000006103515204e+01
9.519999963378906216e+01
9.780000006103514920e+01
9.239999963378906500e+01
9.759999963378906784e+01
9.420000006103515489e+01
9.659999963378906784e+01
9.720000006103515489e+01
9.579999963378905647e+01
9.500000006103515204e+01
9.600000012207031830e+01
9.719999963378906216e+01
9.659999963378906784e+01
9.299999938964843693e+01
9.600000000000000000e+01
9.579999938964843409e+01
9.679999969482422273e+01
9.640000006103515773e+01
9.679999999999999716e+01
9.559999963378906784e+01
9.840000000000000568e+01
9.499999963378905932e+01
9.520000006103515489e+01
9.399999963378905932e+01
9.499999969482422557e+01
9.579999969482422273e+01
9.580000012207031546e+01
9.459999999999999432e+01
9.640000000000000568e+01
9.199999963378905932e+01
7.939999945068359466e+01
9.500000006103515204e+01
9.559999963378906784e+01
9.659999969482421989e+01
8.899999981689452966e+01
9.420000012207030693e+01
9.759999969482421989e+01
9.600000000000000000e+01
9.139999951171874670e+01
9.740000000000000568e+01
9.739999963378906500e+01
8.980000006103514920e+01
9.740000006103515773e+01
9.519999969482421420e+01
9.599999963378905932e+01
9.819999963378906216e+01
9.699999969482422557e+01
9.619999963378906216e+01
9.499999963378905932e+01
8.699999981689452966e+01
9.380000006103514920e+01
9.019999981689453250e+01
9.179999975585937477e+01
9.819999969482421420e+01
9.639999963378906500e+01
9.359999969482421989e+01
9.219999938964843977e+01
9.780000006103514920e+01
9.420000006103515489e+01
9.519999981689453250e+01
9.799999963378905932e+01
9.740000006103515773e+01
9.759999963378906784e+01
9.679999963378905647e+01
9.759999969482421989e+01
9.319999938964843977e+01
9.600000000000000000e+01
9.379999963378905647e+01
9.440000012207030977e+01
9.519999969482421420e+01
9.479999969482422273e+01
9.439999969482421704e+01
9.559999963378906784e+01
9.639999969482421704e+01
9.859999999999999432e+01
9.440000012207030977e+01
9.659999963378906784e+01
9.459999969482421989e+01
9.680000006103514920e+01
9.519999963378906216e+01
9.720000006103515489e+01
9.579999969482422273e+01
9.299999938964843693e+01
9.359999969482421989e+01
9.740000000000000568e+01
9.259999969482421989e+01
9.879999999999999716e+01
9.459999969482421989e+01
9.699999963378905932e+01
9.460000012207031261e+01
9.340000006103515773e+01
9.359999969482421989e+01
9.480000012207031546e+01
9.680000006103514920e+01
9.639999963378906500e+01
9.140000012207030977e+01
9.640000006103515773e+01
9.680000006103514920e+01
9.660000006103516057e+01
9.780000006103514920e+01
9.580000006103514920e+01
9.640000006103515773e+01
9.300000006103515204e+01
9.379999963378905647e+01
9.639999963378906500e+01
9.499999969482422557e+01
9.360000012207031261e+01
9.679999969482422273e+01
9.679999999999999716e+01
9.439999975585936909e+01
9.679999963378905647e+01
9.559999969482421989e+01
9.520000006103515489e+01
9.279999981689452682e+01
9.459999969482421989e+01
9.820000000000000284e+01
9.379999975585937477e+01
9.819999969482421420e+01
9.599999969482422557e+01
9.719999969482421420e+01
9.539999969482421704e+01
9.540000006103515773e+01
9.659999963378906784e+01
9.480000006103514920e+01
9.640000006103515773e+01
9.700000006103515204e+01
9.500000006103515204e+01
9.559999969482421989e+01
9.479999981689452682e+01
9.239999969482421704e+01
9.759999963378906784e+01
9.679999963378905647e+01
9.579999963378905647e+01
9.419999975585938046e+01
9.779999963378905647e+01
9.300000006103515204e+01
9.439999963378906500e+01
9.580000006103514920e+01
9.560000006103516057e+01
9.679999963378905647e+01
9.720000000000000284e+01
9.839999963378906500e+01
9.520000012207030693e+01
9.480000006103514920e+01
9.599999969482422557e+01
9.480000012207031546e+01
9.179999993896484511e+01
9.299999975585937761e+01
9.620000000000000284e+01
9.439999969482421704e+01
9.759999999999999432e+01
9.619999963378906216e+01
9.460000006103516057e+01
9.479999999999999716e+01
9.139999987792968739e+01
9.440000006103515773e+01
9.720000006103515489e+01
9.560000006103516057e+01
9.480000006103514920e+01
9.620000006103515489e+01
9.539999969482421704e+01
9.819999963378906216e+01
9.320000006103515489e+01
9.380000012207031546e+01
9.559999969482421989e+01
9.360000012207031261e+01
9.320000000000000284e+01
9.259999969482421989e+01
9.300000006103515204e+01
9.459999963378906784e+01
9.559999969482421989e+01
9.540000000000000568e+01
9.499999969482422557e+01
9.720000012207030693e+01
9.659999999999999432e+01
9.600000006103515204e+01
9.600000006103515204e+01
9.640000006103515773e+01
9.559999963378906784e+01
9.439999975585936909e+01
9.500000006103515204e+01
9.879999999999999716e+01
9.579999975585937477e+01
9.540000006103515773e+01
9.699999963378905932e+01
9.520000006103515489e+01
9.679999975585937477e+01
9.560000006103516057e+01
9.640000006103515773e+01
9.519999963378906216e+01
9.379999963378905647e+01
9.820000000000000284e+01
9.139999969482421704e+01
9.340000006103515773e+01
9.499999963378905932e+01
8.940000012207030977e+01
9.459999969482421989e+01
9.419999975585938046e+01
9.420000006103515489e+01
9.879999963378905647e+01
9.400000006103515204e+01
9.459999975585937193e+01
9.600000006103515204e+01
9.640000000000000568e+01
9.640000000000000568e+01
9.620000012207030693e+01
9.540000012207030977e+01
9.520000006103515489e+01
9.459999938964843125e+01
9.560000006103516057e+01
9.600000006103515204e+01
9.519999969482421420e+01
9.780000012207031546e+01
9.719999969482421420e+01
9.939999963378906500e+01
9.619999963378906216e+01
9.319999975585938046e+01
9.680000006103514920e+01
8.960000012207031261e+01
9.720000006103515489e+01
9.479999963378905647e+01
9.319999969482421420e+01
9.499999963378905932e+01
9.540000006103515773e+01
9.680000012207031546e+01
9.079999975585937477e+01
9.959999963378906784e+01
9.820000000000000284e+01
9.739999963378906500e+01
9.879999999999999716e+01
9.640000006103515773e+01
9.660000006103516057e+01
9.480000006103514920e+01
9.579999969482422273e+01
9.259999969482421989e+01
9.220000006103515489e+01
9.359999969482421989e+01
9.759999963378906784e+01
9.620000000000000284e+01
8.799999963378905932e+01
9.619999963378906216e+01
9.820000006103515489e+01
9.519999963378906216e+01
9.480000006103514920e+01
9.759999963378906784e+01
9.560000006103516057e+01
9.420000006103515489e+01
9.220000006103515489e+01
9.579999969482422273e+01
9.579999969482422273e+01
9.560000012207031261e+01
9.340000012207030977e+01
9.439999963378906500e+01
9.660000006103516057e+01
9.659999963378906784e+01
9.559999969482421989e+01
9.500000006103515204e+01
9.620000012207030693e+01
9.239999969482421704e+01
9.480000006103514920e+01
9.400000012207031830e+01
9.560000006103516057e+01
9.400000006103515204e+01
9.199999969482422557e+01
7.559999999999999432e+01
9.799999963378905932e+01
9.599999938964843693e+01
9.620000012207030693e+01
9.819999963378906216e+01
9.839999969482421704e+01
9.719999963378906216e+01
9.519999963378906216e+01
9.659999963378906784e+01
9.279999999999999716e+01
9.520000012207030693e+01
9.619999975585938046e+01
9.699999969482422557e+01
9.619999969482421420e+01
9.079999975585937477e+01
9.580000012207031546e+01
9.480000006103514920e+01
9.899999963378905932e+01
9.480000006103514920e+01
9.780000006103514920e+01
9.519999975585938046e+01
9.519999975585938046e+01
9.580000006103514920e+01
9.699999963378905932e+01
9.519999963378906216e+01
9.440000012207030977e+01
9.580000012207031546e+01
9.459999938964843125e+01
9.759999999999999432e+01
9.759999999999999432e+01
9.580000006103514920e+01
9.579999938964843409e+01
9.519999969482421420e+01
9.459999969482421989e+01
9.780000006103514920e+01
9.659999963378906784e+01
9.499999975585937761e+01
9.779999963378905647e+01
9.679999969482422273e+01
9.859999963378906784e+01
9.820000000000000284e+01
9.419999975585938046e+01
9.840000000000000568e+01
9.299999938964843693e+01
9.480000006103514920e+01
9.459999969482421989e+01
9.380000012207031546e+01
9.539999963378906500e+01
9.439999975585936909e+01
9.500000006103515204e+01
9.700000012207031830e+01
9.300000012207031830e+01
9.079999975585937477e+01
9.760000006103516057e+01
9.679999999999999716e+01
9.459999969482421989e+01
9.440000006103515773e+01
9.399999969482422557e+01
9.499999969482422557e+01
9.520000000000000284e+01
9.659999963378906784e+01
9.579999963378905647e+01
9.779999999999999716e+01
9.659999963378906784e+01
9.719999963378906216e+01
9.639999963378906500e+01
9.459999969482421989e+01
9.700000000000000000e+01
9.140000012207030977e+01
9.640000006103515773e+01
9.540000006103515773e+01
9.499999969482422557e+01
9.659999963378906784e+01
9.479999963378905647e+01
9.660000006103516057e+01
9.479999969482422273e+01
9.479999969482422273e+01
9.599999969482422557e+01
9.539999969482421704e+01
9.399999975585937761e+01
9.820000006103515489e+01
9.439999969482421704e+01
9.499999963378905932e+01
9.460000006103516057e+01
9.640000006103515773e+01
9.740000006103515773e+01
9.799999963378905932e+01
9.600000000000000000e+01
9.439999938964844262e+01
9.840000006103515773e+01
8.720000012207030693e+01
9.359999975585937193e+01
9.440000006103515773e+01
9.599999963378905932e+01
9.180000006103514920e+01
9.879999999999999716e+01
9.640000006103515773e+01
9.840000000000000568e+01
9.359999969482421989e+01
9.579999969482422273e+01
9.719999963378906216e+01
9.579999963378905647e+01
9.560000006103516057e+01
9.559999963378906784e+01
9.579999999999999716e+01
9.779999963378905647e+01
9.920000000000000284e+01
9.800000000000000000e+01
9.419999938964843977e+01
9.339999969482421704e+01
9.099999981689452966e+01
9.580000006103514920e+01
9.779999999999999716e+01
9.180000012207031546e+01
9.459999969482421989e+01
9.339999975585936909e+01
9.560000012207031261e+01
9.379999969482422273e+01
9.399999938964843693e+01
9.579999963378905647e+01
9.640000006103515773e+01
9.719999969482421420e+01
9.520000000000000284e+01
9.619999969482421420e+01
9.439999969482421704e+01
9.460000012207031261e+01
9.779999963378905647e+01
9.700000006103515204e+01
9.779999963378905647e+01
9.720000006103515489e+01
9.520000006103515489e+01
9.759999969482421989e+01
9.659999999999999432e+01
9.859999963378906784e+01
9.519999963378906216e+01
9.659999969482421989e+01
9.479999969482422273e+01
9.640000006103515773e+01
9.659999999999999432e+01
9.679999969482422273e+01
9.260000012207031261e+01
9.979999999999999716e+01
9.679999999999999716e+01
9.520000000000000284e+01
9.580000006103514920e+01
9.420000012207030693e+01
9.780000006103514920e+01
9.600000012207031830e+01
9.560000012207031261e+01
9.300000006103515204e+01
9.579999963378905647e+01
9.720000006103515489e+01
9.559999963378906784e+01
9.600000006103515204e+01
9.560000006103516057e+01
9.680000006103514920e+01
9.619999969482421420e+01
9.579999969482422273e+01
9.559999999999999432e+01
9.739999963378906500e+01
9.540000012207030977e+01
8.599999993896484796e+01
9.720000006103515489e+01
9.739999963378906500e+01
9.959999999999999432e+01
9.600000006103515204e+01
9.760000006103516057e+01
9.860000006103516057e+01
9.719999963378906216e+01
9.700000012207031830e+01
9.639999963378906500e+01
9.719999963378906216e+01
9.520000006103515489e+01
9.660000012207031261e+01
9.500000006103515204e+01
9.379999975585937477e+01
9.680000012207031546e+01
9.520000000000000284e+01
9.659999969482421989e+01
9.579999969482422273e+01
9.280000012207031546e+01
9.380000006103514920e+01
9.260000012207031261e+01
9.339999969482421704e+01
9.179999975585937477e+01
9.339999969482421704e+01
9.359999969482421989e+01
9.280000006103514920e+01
9.460000006103516057e+01
9.599999963378905932e+01
9.520000006103515489e+01
9.760000006103516057e+01
9.679999975585937477e+01
9.559999975585937193e+01
9.459999969482421989e+01
9.739999963378906500e+01
9.440000012207030977e+01
9.160000006103516057e+01
9.339999963378906500e+01
9.539999969482421704e+01
9.179999969482422273e+01
9.559999963378906784e+01
9.619999963378906216e+01
9.420000006103515489e+01
9.759999969482421989e+01
9.640000000000000568e+01
9.440000006103515773e+01
9.519999969482421420e+01
9.519999975585938046e+01
9.680000006103514920e+01
9.060000006103516057e+01
9.119999975585938046e+01
9.520000006103515489e+01
9.379999975585937477e+01
9.739999969482421704e+01
9.459999969482421989e+01
9.279999938964843409e+01
9.719999963378906216e+01
9.400000006103515204e+01
9.480000006103514920e+01
9.400000000000000000e+01
9.739999969482421704e+01
9.579999999999999716e+01
9.679999963378905647e+01
9.740000012207030977e+01
9.460000006103516057e+01
9.200000012207031830e+01
9.420000006103515489e+01
9.579999963378905647e+01
9.559999963378906784e+01
9.580000012207031546e+01
9.920000000000000284e+01
9.799999963378905932e+01
9.080000006103514920e+01
9.840000000000000568e+01
9.800000000000000000e+01
9.360000012207031261e+01
9.700000000000000000e+01
9.799999963378905932e+01
9.699999969482422557e+01
9.539999963378906500e+01
9.399999938964843693e+01
9.459999975585937193e+01
9.259999969482421989e+01
9.719999963378906216e+01
9.520000012207030693e+01
9.599999963378905932e+01
9.059999945068359750e+01
9.400000012207031830e+01
9.500000006103515204e+01
9.639999963378906500e+01
9.619999969482421420e+01
9.620000006103515489e+01
9.720000000000000284e+01
9.759999963378906784e+01
9.659999969482421989e+01
9.759999999999999432e+01
9.359999963378906784e+01
9.460000006103516057e+01
9.360000006103516057e+01
9.340000006103515773e+01
9.600000012207031830e+01
9.659999975585937193e+01
9.840000000000000568e+01
9.739999963378906500e+01
9.540000012207030977e+01
9.700000000000000000e+01
9.600000006103515204e+01
9.659999963378906784e+01
9.839999963378906500e+01
9.560000006103516057e+01
9.600000012207031830e+01
9.560000006103516057e+01
9.579999969482422273e+01
9.639999963378906500e+01
9.340000012207030977e+01
9.759999999999999432e+01
9.700000000000000000e+01
9.559999969482421989e+01
9.580000012207031546e+01
9.139999969482421704e+01
9.560000006103516057e+01
9.519999975585938046e+01
9.660000006103516057e+01
9.219999969482421420e+01
9.459999975585937193e+01
9.279999969482422273e+01
9.680000006103514920e+01
9.600000006103515204e+01
9.719999963378906216e+01
9.720000000000000284e+01
9.779999963378905647e+01
9.560000006103516057e+01
9.460000012207031261e+01
9.240000006103515773e+01
9.759999963378906784e+01
9.779999963378905647e+01
9.439999963378906500e+01
9.479999969482422273e+01
9.619999969482421420e+01
9.459999975585937193e+01
9.699999969482422557e+01
9.720000006103515489e+01
9.619999969482421420e+01
9.400000006103515204e+01
9.500000012207031830e+01
9.479999969482422273e+01
9.899999963378905932e+01
9.720000006103515489e+01
9.540000012207030977e+01
9.759999999999999432e+01
9.539999969482421704e+01
9.600000012207031830e+01
9.499999963378905932e+01
9.399999975585937761e+01
9.359999969482421989e+01
9.699999963378905932e+01
9.399999938964843693e+01
9.379999969482422273e+01
9.600000006103515204e+01
9.179999938964843409e+01
9.279999975585937477e+01
9.800000006103515204e+01
9.579999963378905647e+01
9.639999963378906500e+01
9.700000006103515204e+01
9.820000006103515489e+01
9.799999963378905932e+01
9.400000006103515204e+01
9.720000006103515489e+01
9.259999975585937193e+01
9.559999963378906784e+01
9.499999963378905932e+01
9.420000006103515489e+01
9.679999969482422273e+01
9.279999969482422273e+01
9.399999938964843693e+01
9.619999963378906216e+01
9.200000012207031830e+01
8.979999951171875239e+01
9.619999969482421420e+01
9.379999969482422273e+01
9.659999969482421989e+01
9.279999981689452682e+01
9.419999969482421420e+01
9.439999969482421704e+01
9.679999963378905647e+01
9.079999987792969307e+01
9.579999969482422273e+01
9.560000006103516057e+01
9.600000006103515204e+01
3.519999969482422131e+01
9.380000012207031546e+01
9.940000006103515773e+01
9.359999963378906784e+01
9.420000012207030693e+01
9.479999969482422273e+01
9.399999963378905932e+01
9.739999969482421704e+01
9.319999975585938046e+01
9.719999963378906216e+01
9.720000012207030693e+01
9.520000006103515489e+01
9.719999963378906216e+01
8.439999993896483943e+01
9.759999999999999432e+01
9.820000000000000284e+01
9.039999981689453534e+01
9.519999938964843977e+01
9.340000006103515773e+01
9.519999938964843977e+01
9.599999969482422557e+01
9.579999963378905647e+01
9.639999969482421704e+01
9.480000006103514920e+01
9.959999999999999432e+01
9.779999969482422273e+01
9.760000006103516057e+01
9.620000006103515489e+01
9.319999969482421420e+01
9.739999963378906500e+01
9.479999981689452682e+01
9.679999963378905647e+01
9.840000000000000568e+01
9.020000012207030693e+01
9.519999969482421420e+01
9.440000006103515773e+01
9.639999969482421704e+01
9.380000006103514920e+01
9.559999999999999432e+01
9.420000006103515489e+01
9.320000006103515489e+01
9.760000006103516057e+01
9.519999963378906216e+01
9.439999975585936909e+01
9.339999969482421704e+01
8.920000012207030693e+01
9.539999969482421704e+01
8.980000006103514920e+01
9.180000012207031546e+01
9.600000006103515204e+01
9.179999981689452682e+01
9.499999969482422557e+01
9.479999969482422273e+01
9.619999963378906216e+01
9.300000012207031830e+01
9.399999969482422557e+01
9.359999969482421989e+01
9.579999969482422273e+01
9.559999969482421989e+01
9.660000006103516057e+01
9.720000000000000284e+01
9.820000006103515489e+01
9.439999963378906500e+01
9.759999999999999432e+01
9.519999969482421420e+01
9.580000006103514920e+01
9.500000006103515204e+01
9.699999963378905932e+01
9.679999999999999716e+01
9.639999969482421704e+01
9.499999969482422557e+01
9.819999963378906216e+01
9.659999999999999432e+01
9.440000006103515773e+01
8.159999945068359750e+01
9.440000000000000568e+01
9.620000000000000284e+01
9.479999963378905647e+01
9.540000006103515773e+01
9.499999969482422557e+01
9.459999963378906784e+01
9.440000012207030977e+01
9.840000000000000568e+01
9.540000006103515773e+01
9.580000006103514920e+01
9.420000000000000284e+01
9.540000006103515773e+01
9.759999999999999432e+01
9.740000006103515773e+01
9.659999963378906784e+01
9.759999969482421989e+01
9.719999963378906216e+01
9.640000000000000568e+01
8.599999957275390727e+01
9.480000006103514920e+01
9.759999999999999432e+01
9.679999963378905647e+01
9.099999945068358898e+01
9.720000006103515489e+01
9.700000006103515204e+01
9.679999963378905647e+01
9.279999969482422273e+01
9.739999963378906500e+01
9.699999969482422557e+01
9.360000006103516057e+01
9.640000006103515773e+01
9.439999969482421704e+01
9.599999963378905932e+01
9.600000006103515204e+01
9.619999963378906216e+01
9.320000006103515489e+01
9.259999975585937193e+01
9.720000006103515489e+01
9.680000012207031546e+01
9.660000006103516057e+01
9.620000000000000284e+01
9.639999963378906500e+01
9.800000006103515204e+01
9.680000006103514920e+01
9.460000006103516057e+01
9.680000006103514920e+01
9.119999938964843977e+01
9.579999963378905647e+01
9.639999963378906500e+01
9.619999963378906216e+01
9.620000006103515489e+01
9.619999969482421420e+01
9.399999969482422557e+01
9.380000012207031546e+01
9.500000006103515204e+01
9.560000006103516057e+01
9.479999969482422273e+01
9.080000012207031546e+01
9.840000000000000568e+01
9.839999963378906500e+01
9.620000006103515489e+01
9.700000006103515204e+01
9.579999963378905647e+01
9.480000006103514920e+01
9.579999969482422273e+01
9.439999969482421704e+01
9.379999963378905647e+01
9.579999963378905647e+01
9.679999999999999716e+01
9.540000012207030977e+01
9.679999963378905647e+01
9.599999969482422557e+01
9.560000006103516057e+01
9.659999999999999432e+01
9.519999963378906216e+01
9.579999963378905647e+01
9.659999969482421989e+01
9.440000006103515773e+01
9.620000000000000284e+01
9.440000006103515773e+01
9.639999963378906500e+01
9.579999999999999716e+01
9.660000006103516057e+01
9.379999963378905647e+01
9.600000006103515204e+01
9.600000006103515204e+01
9.579999969482422273e+01
9.720000006103515489e+01
9.619999969482421420e+01
9.680000006103514920e+01
9.559999969482421989e+01
9.900000000000000000e+01
9.619999969482421420e+01
9.719999963378906216e+01
9.339999969482421704e+01
9.440000012207030977e+01
9.379999963378905647e+01
9.859999999999999432e+01
9.719999969482421420e+01
9.700000006103515204e+01
9.719999969482421420e+01
9.839999963378906500e+01
9.500000006103515204e+01
9.460000012207031261e+01
9.659999963378906784e+01
8.379999945068360034e+01
9.619999963378906216e+01
9.699999963378905932e+01
9.480000006103514920e+01
9.439999963378906500e+01
9.260000012207031261e+01
9.439999975585936909e+01
9.640000006103515773e+01
8.979999938964843409e+01
9.840000000000000568e+01
9.359999975585937193e+01
9.219999938964843977e+01
9.540000000000000568e+01
9.399999975585937761e+01
9.539999975585936909e+01
9.320000000000000284e+01
9.359999969482421989e+01
9.619999969482421420e+01
7.899999987792968170e+01
9.639999963378906500e+01
9.379999969482422273e+01
9.679999963378905647e+01
9.800000006103515204e+01
9.440000000000000568e+01
7.739999993896483943e+01
9.400000006103515204e+01
9.559999999999999432e+01
9.420000006103515489e+01
9.699999969482422557e+01
9.699999969482422557e+01
9.660000006103516057e+01
9.539999963378906500e+01
9.740000000000000568e+01
9.780000006103514920e+01
9.740000000000000568e+01
9.379999969482422273e+01
9.679999963378905647e+01
9.640000000000000568e+01
9.639999969482421704e+01
9.579999963378905647e+01
7.959999993896484227e+01
9.660000012207031261e+01
9.579999969482422273e+01
9.500000000000000000e+01
9.220000006103515489e+01
9.400000012207031830e+01
9.640000012207030977e+01
9.419999963378906216e+01
9.799999969482422557e+01
9.159999975585937193e+01
9.279999969482422273e+01
9.419999969482421420e+01
9.659999963378906784e+01
9.800000006103515204e+01
9.520000006103515489e+01
9.300000012207031830e+01
9.760000006103516057e+01
8.979999981689452682e+01
9.620000006103515489e+01
9.619999963378906216e+01
9.759999999999999432e+01
9.779999999999999716e+01
9.580000012207031546e+01
9.379999969482422273e+01
9.640000006103515773e+01
9.519999969482421420e+01
9.880000006103514920e+01
9.520000006103515489e+01
9.819999963378906216e+01
9.639999963378906500e+01
9.059999945068359750e+01
9.059999945068359750e+01
9.659999963378906784e+01
9.719999963378906216e+01
9.620000000000000284e+01
9.540000000000000568e+01
9.380000006103514920e+01
9.579999969482422273e+01
9.579999969482422273e+01
9.039999969482421704e+01
9.820000006103515489e+01
9.400000012207031830e+01
9.659999999999999432e+01
9.540000006103515773e+01
9.599999969482422557e+01
9.579999963378905647e+01
9.600000006103515204e+01
9.540000006103515773e+01
9.539999969482421704e+01
9.039999938964844262e+01
9.660000012207031261e+01
9.640000000000000568e+01
9.779999963378905647e+01
9.399999975585937761e+01
9.239999975585936909e+01
9.340000012207030977e+01
9.679999963378905647e+01
9.399999969482422557e+01
9.780000006103514920e+01
9.759999999999999432e+01
9.719999963378906216e+01
9.720000006103515489e+01
9.840000006103515773e+01
9.600000006103515204e+01
9.380000012207031546e+01
9.400000006103515204e+01
9.379999969482422273e+01
9.479999981689452682e+01
9.339999975585936909e+01
9.580000012207031546e+01
9.900000000000000000e+01
9.319999945068359182e+01
9.159999981689453818e+01
9.459999969482421989e+01
9.259999969482421989e+01
9.059999975585937193e+01
9.399999969482422557e+01
9.280000012207031546e+01
9.819999963378906216e+01
9.580000006103514920e+01
9.479999999999999716e+01
9.580000012207031546e+01
9.600000012207031830e+01
9.779999963378905647e+01
9.640000006103515773e+01
9.779999963378905647e+01
9.419999963378906216e+01
9.560000006103516057e+01
9.699999963378905932e+01
9.460000012207031261e+01
9.399999969482422557e+01
9.699999969482422557e+01
9.679999963378905647e+01
9.359999963378906784e+01
9.900000000000000000e+01
9.599999963378905932e+01
9.520000006103515489e+01
9.519999938964843977e+01
9.500000006103515204e+01
9.419999969482421420e+01
9.639999969482421704e+01
9.679999999999999716e+01
9.260000006103516057e+01
9.419999969482421420e+01
9.039999981689453534e+01
9.580000006103514920e+01
9.779999999999999716e+01
9.439999969482421704e+01
9.600000006103515204e+01
9.900000000000000000e+01
9.180000006103514920e+01
9.619999969482421420e+01
9.419999975585938046e+01
9.619999963378906216e+01
9.459999938964843125e+01
9.520000012207030693e+01
9.520000006103515489e+01
9.439999969482421704e+01
9.859999999999999432e+01
9.679999969482422273e+01
9.859999963378906784e+01
9.440000012207030977e+01
9.339999969482421704e+01
9.639999963378906500e+01
9.320000006103515489e+01
9.740000000000000568e+01
9.339999969482421704e+01
8.479999945068360034e+01
9.440000006103515773e+01
9.699999963378905932e+01
9.720000000000000284e+01
9.219999969482421420e+01
9.399999975585937761e+01
9.120000012207030693e+01
9.840000006103515773e+01
9.719999963378906216e+01
9.359999963378906784e+01
9.140000012207030977e+01
9.520000006103515489e+01
9.279999969482422273e+01
9.439999969482421704e+01
9.459999969482421989e+01
9.540000006103515773e+01
9.440000006103515773e+01
9.679999963378905647e+01
9.859999969482421989e+01
9.780000006103514920e+01
9.579999969482422273e+01
9.819999963378906216e+01
9.659999963378906784e+01
9.720000006103515489e+01
9.479999938964843409e+01
9.780000006103514920e+01
9.760000006103516057e+01
9.740000006103515773e+01
9.359999969482421989e+01
9.839999963378906500e+01
9.799999963378905932e+01
9.820000000000000284e+01
9.620000006103515489e+01
9.779999963378905647e+01
9.800000000000000000e+01
9.840000006103515773e+01
9.839999963378906500e+01
9.680000012207031546e+01
9.840000000000000568e+01
8.979999975585937477e+01
9.219999975585938046e+01
9.820000000000000284e+01
9.679999999999999716e+01
9.720000006103515489e+01
9.719999963378906216e+01
9.780000006103514920e+01
9.819999963378906216e+01
9.759999999999999432e+01
9.859999999999999432e+01
9.399999963378905932e+01
9.499999963378905932e+01
9.659999963378906784e+01
9.799999963378905932e+01
9.759999963378906784e+01
9.780000006103514920e+01
9.799999963378905932e+01
9.719999963378906216e+01
9.520000006103515489e+01
9.800000006103515204e+01
9.800000000000000000e+01
9.800000006103515204e+01
9.860000006103516057e+01
9.780000006103514920e+01
9.840000000000000568e+01
9.820000006103515489e+01
9.659999969482421989e+01
9.799999963378905932e+01
9.719999969482421420e+01
9.779999999999999716e+01
9.740000006103515773e+01
9.720000006103515489e+01
9.779999963378905647e+01
9.879999999999999716e+01
9.820000006103515489e+01
9.820000000000000284e+01
9.779999963378905647e+01
9.779999963378905647e+01
9.819999963378906216e+01
9.799999969482422557e+01
9.700000012207031830e+01
9.800000000000000000e+01
9.779999963378905647e+01
9.759999999999999432e+01
9.719999963378906216e+01
9.820000000000000284e+01
9.740000000000000568e+01
9.779999963378905647e+01
9.860000006103516057e+01
9.799999963378905932e+01
9.759999963378906784e+01
9.740000000000000568e+01
9.859999999999999432e+01
9.739999963378906500e+01
9.679999963378905647e+01
9.779999963378905647e+01
9.759999999999999432e+01
9.680000006103514920e+01
9.820000000000000284e+01
9.740000000000000568e+01
9.760000006103516057e+01
