1.180000000762939472e+01
1.539999992370605497e+01
1.860000000000000142e+01
6.599999946594238054e+00
8.200000007629395071e+00
7.599999946594238054e+00
1.200000001525878979e+01
2.420000003051757886e+01
9.599999977111815852e+00
1.639999986267089938e+01
2.419999992370605568e+01
1.979999986267089795e+01
2.839999981689453179e+01
1.720000001525878730e+01
1.759999986267089866e+01
2.299999989318847682e+01
1.339999994659423876e+01
6.920000006103515489e+01
3.899999978637695364e+01
5.339999987792968739e+01
5.819999984741210852e+01
2.879999984741210994e+01
6.879999975585937477e+01
3.900000003051757602e+01
2.600000000000000000e+01
6.000000000000000000e+01
4.779999993896484511e+01
2.119999996948242327e+01
7.819999969482421420e+01
4.440000006103515773e+01
4.779999969482421562e+01
5.099999984741211279e+01
7.340000006103515773e+01
3.239999987792968739e+01
2.699999996948242043e+01
2.679999978637695435e+01
4.839999969482421704e+01
7.119999963378906216e+01
3.419999981689453250e+01
2.319999986267090009e+01
6.639999969482421704e+01
4.540000003051757460e+01
3.699999978637695364e+01
6.239999996948242256e+01
2.979999987792968597e+01
5.460000006103515346e+01
7.159999957275390159e+01
4.339999981689452824e+01
3.739999972534180017e+01
3.979999975585937477e+01
3.300000003051757602e+01
3.539999975585937619e+01
4.680000006103515631e+01
4.239999972534180017e+01
4.479999969482421562e+01
3.919999978637695648e+01
5.319999990844726767e+01
5.459999975585937193e+01
3.339999990844726341e+01
5.179999978637695079e+01
4.819999972534179733e+01
6.519999975585938046e+01
5.379999984741210994e+01
4.619999996948241971e+01
5.120000006103515489e+01
4.260000006103515346e+01
3.119999993896484369e+01
3.279999987792968597e+01
4.740000003051757460e+01
5.559999996948242540e+01
4.999999990844726483e+01
2.819999986267090009e+01
3.819999975585937335e+01
3.700000003051757602e+01
5.699999990844726483e+01
9.359999969482421989e+01
5.039999987792968739e+01
3.059999986267089866e+01
2.219999989318847611e+01
4.479999972534179875e+01
6.720000006103515489e+01
6.879999984741210994e+01
8.859999969482421989e+01
9.339999975585936909e+01
9.380000006103514920e+01
9.220000000000000284e+01
9.379999969482422273e+01
9.180000006103514920e+01
9.320000006103515489e+01
9.359999963378906784e+01
9.259999969482421989e+01
9.199999975585937761e+01
9.219999969482421420e+01
9.420000012207030693e+01
9.259999969482421989e+01
9.239999963378906500e+01
9.320000006103515489e+01
9.399999969482422557e+01
9.340000012207030977e+01
9.280000012207031546e+01
9.299999969482422557e+01
9.320000012207030693e+01
9.199999938964843693e+01
9.359999981689453818e+01
9.279999981689452682e+01
9.440000012207030977e+01
9.559999963378906784e+01
9.380000012207031546e+01
9.479999969482422273e+01
9.179999969482422273e+01
9.339999969482421704e+01
9.140000006103515773e+01
9.479999969482422273e+01
9.420000006103515489e+01
9.260000012207031261e+01
9.459999969482421989e+01
9.299999963378905932e+01
9.559999999999999432e+01
9.180000012207031546e+01
9.479999969482422273e+01
9.139999938964844262e+01
9.400000012207031830e+01
9.519999969482421420e+01
9.779999963378905647e+01
9.640000006103515773e+01
9.700000000000000000e+01
9.720000000000000284e+01
9.719999963378906216e+01
9.760000006103516057e+01
9.740000000000000568e+01
9.620000006103515489e+01
9.600000006103515204e+01
9.559999963378906784e+01
9.620000000000000284e+01
9.619999969482421420e+01
9.639999969482421704e+01
9.599999969482422557e+01
9.560000006103516057e+01
9.519999963378906216e+01
9.580000012207031546e+01
9.580000006103514920e+01
9.619999969482421420e+01
9.580000006103514920e+01
9.559999963378906784e+01
9.599999969482422557e+01
9.559999999999999432e+01
9.580000006103514920e+01
9.579999963378905647e+01
9.579999999999999716e+01
9.559999999999999432e+01
9.599999963378905932e+01
9.560000006103516057e+01
9.580000006103514920e+01
9.580000006103514920e+01
9.500000012207031830e+01
9.559999963378906784e+01
9.579999969482422273e+01
9.580000006103514920e+01
9.559999969482421989e+01
9.559999969482421989e+01
9.600000006103515204e+01
9.600000006103515204e+01
9.620000006103515489e+01
9.619999963378906216e+01
9.660000006103516057e+01
9.559999963378906784e+01
9.600000000000000000e+01
9.619999963378906216e+01
9.579999999999999716e+01
9.579999963378905647e+01
9.600000006103515204e+01
9.599999963378905932e+01
9.599999963378905932e+01
9.600000006103515204e+01
9.620000006103515489e+01
9.580000006103514920e+01
9.579999963378905647e+01
9.659999963378906784e+01
9.600000012207031830e+01
9.620000006103515489e+01
9.599999969482422557e+01
9.620000000000000284e+01
9.640000006103515773e+01
9.679999963378905647e+01
9.640000006103515773e+01
9.599999963378905932e+01
9.619999969482421420e+01
9.599999969482422557e+01
9.640000006103515773e+01
9.640000006103515773e+01
9.580000006103514920e+01
9.599999963378905932e+01
9.620000000000000284e+01
9.619999969482421420e+01
9.620000006103515489e+01
9.600000012207031830e+01
9.620000006103515489e+01
9.579999963378905647e+01
9.579999969482422273e+01
9.579999975585937477e+01
9.620000012207030693e+01
9.579999938964843409e+01
9.600000000000000000e+01
9.620000006103515489e+01
9.619999969482421420e+01
9.620000006103515489e+01
9.599999969482422557e+01
9.680000006103514920e+01
9.599999963378905932e+01
9.619999963378906216e+01
9.600000006103515204e+01
9.620000006103515489e+01
9.600000012207031830e+01
9.600000006103515204e+01
9.599999963378905932e+01
9.560000006103516057e+01
9.539999963378906500e+01
9.599999963378905932e+01
9.580000006103514920e+01
9.600000006103515204e+01
9.559999975585937193e+01
9.600000000000000000e+01
9.600000000000000000e+01
9.559999963378906784e+01
9.560000006103516057e+01
9.599999969482422557e+01
9.619999963378906216e+01
9.600000006103515204e+01
9.559999963378906784e+01
9.579999969482422273e+01
9.640000012207030977e+01
9.620000000000000284e+01
9.579999969482422273e+01
9.599999963378905932e+01
9.559999963378906784e+01
9.620000000000000284e+01
9.580000006103514920e+01
9.639999969482421704e+01
9.660000006103516057e+01
9.619999969482421420e+01
9.580000006103514920e+01
9.600000006103515204e+01
9.579999969482422273e+01
9.579999999999999716e+01
9.600000006103515204e+01
9.600000006103515204e+01
9.620000006103515489e+01
9.639999963378906500e+01
9.660000006103516057e+01
9.660000006103516057e+01
9.640000000000000568e+01
9.620000006103515489e+01
9.619999963378906216e+01
9.599999969482422557e+01
9.660000012207031261e+01
9.599999969482422557e+01
9.559999963378906784e+01
9.639999963378906500e+01
9.560000006103516057e+01
9.620000000000000284e+01
9.639999963378906500e+01
9.680000006103514920e+01
9.599999963378905932e+01
9.599999963378905932e+01
9.600000012207031830e+01
9.600000012207031830e+01
9.600000006103515204e+01
9.660000006103516057e+01
9.679999999999999716e+01
9.680000006103514920e+01
9.600000006103515204e+01
9.640000006103515773e+01
9.560000006103516057e+01
9.660000006103516057e+01
9.599999963378905932e+01
9.640000006103515773e+01
9.659999999999999432e+01
9.620000006103515489e+01
9.599999969482422557e+01
9.580000012207031546e+01
9.600000012207031830e+01
9.579999969482422273e+01
9.559999969482421989e+01
9.559999975585937193e+01
9.580000006103514920e+01
9.640000000000000568e+01
9.639999975585936909e+01
9.639999963378906500e+01
9.640000000000000568e+01
9.639999969482421704e+01
9.659999969482421989e+01
9.599999963378905932e+01
9.640000006103515773e+01
9.619999969482421420e+01
9.559999999999999432e+01
9.679999963378905647e+01
9.619999963378906216e+01
9.660000006103516057e+01
9.659999963378906784e+01
9.679999963378905647e+01
9.739999963378906500e+01
9.659999963378906784e+01
9.619999963378906216e+01
9.659999963378906784e+01
9.660000006103516057e+01
9.620000000000000284e+01
9.620000000000000284e+01
9.620000006103515489e+01
9.640000012207030977e+01
9.639999963378906500e+01
9.619999969482421420e+01
9.600000000000000000e+01
9.620000006103515489e+01
9.620000006103515489e+01
9.620000000000000284e+01
9.620000006103515489e+01
9.620000006103515489e+01
9.680000006103514920e+01
9.679999999999999716e+01
9.620000006103515489e+01
9.620000012207030693e+01
9.659999963378906784e+01
9.599999963378905932e+01
9.620000006103515489e+01
9.620000006103515489e+01
9.619999969482421420e+01
9.560000006103516057e+01
9.620000006103515489e+01
9.659999969482421989e+01
9.680000006103514920e+01
9.619999969482421420e+01
9.599999963378905932e+01
9.640000006103515773e+01
9.639999963378906500e+01
9.599999969482422557e+01
9.600000012207031830e+01
9.599999969482422557e+01
9.640000006103515773e+01
9.639999963378906500e+01
9.640000006103515773e+01
9.640000000000000568e+01
9.680000006103514920e+01
9.640000006103515773e+01
9.619999963378906216e+01
9.620000006103515489e+01
9.640000006103515773e+01
9.619999963378906216e+01
9.619999975585938046e+01
9.620000006103515489e+01
9.639999969482421704e+01
9.599999969482422557e+01
9.639999963378906500e+01
9.640000006103515773e+01
9.620000012207030693e+01
9.579999969482422273e+01
9.640000006103515773e+01
9.600000012207031830e+01
9.640000006103515773e+01
9.640000006103515773e+01
9.659999969482421989e+01
9.659999999999999432e+01
9.619999969482421420e+01
9.599999969482422557e+01
9.639999969482421704e+01
9.659999963378906784e+01
9.639999969482421704e+01
9.600000006103515204e+01
9.620000006103515489e+01
9.599999969482422557e+01
9.519999969482421420e+01
9.600000006103515204e+01
9.619999969482421420e+01
9.639999969482421704e+01
9.640000006103515773e+01
9.659999963378906784e+01
9.599999969482422557e+01
9.720000000000000284e+01
9.679999969482422273e+01
9.659999975585937193e+01
9.659999963378906784e+01
9.719999963378906216e+01
9.599999969482422557e+01
9.720000000000000284e+01
9.600000000000000000e+01
9.600000006103515204e+01
9.539999969482421704e+01
9.639999963378906500e+01
9.640000000000000568e+01
9.619999963378906216e+01
9.619999963378906216e+01
9.660000006103516057e+01
9.599999963378905932e+01
9.660000006103516057e+01
9.579999963378905647e+01
9.580000012207031546e+01
9.599999963378905932e+01
9.640000006103515773e+01
9.619999963378906216e+01
9.579999999999999716e+01
9.659999963378906784e+01
9.680000006103514920e+01
9.679999999999999716e+01
9.659999963378906784e+01
9.640000000000000568e+01
9.540000006103515773e+01
9.639999963378906500e+01
9.619999963378906216e+01
9.579999963378905647e+01
9.679999963378905647e+01
9.620000006103515489e+01
9.639999963378906500e+01
9.599999963378905932e+01
9.659999963378906784e+01
9.539999963378906500e+01
9.620000006103515489e+01
9.640000012207030977e+01
9.639999963378906500e+01
9.639999963378906500e+01
9.680000012207031546e+01
9.600000006103515204e+01
9.620000006103515489e+01
9.640000006103515773e+01
9.639999963378906500e+01
9.619999969482421420e+01
9.660000006103516057e+01
9.599999963378905932e+01
9.639999963378906500e+01
9.639999963378906500e+01
9.600000006103515204e+01
9.659999999999999432e+01
9.619999969482421420e+01
9.599999963378905932e+01
9.599999963378905932e+01
9.579999963378905647e+01
9.599999969482422557e+01
9.659999969482421989e+01
9.600000006103515204e+01
9.640000012207030977e+01
9.639999963378906500e+01
9.659999999999999432e+01
9.679999999999999716e+01
9.639999975585936909e+01
9.659999963378906784e+01
9.700000000000000000e+01
9.639999963378906500e+01
9.620000012207030693e+01
9.720000006103515489e+01
9.659999963378906784e+01
9.639999963378906500e+01
9.639999963378906500e+01
9.659999963378906784e+01
9.540000012207030977e+01
9.639999969482421704e+01
9.640000012207030977e+01
9.660000006103516057e+01
9.639999969482421704e+01
9.680000006103514920e+01
9.719999963378906216e+01
9.599999963378905932e+01
9.640000006103515773e+01
9.579999963378905647e+01
9.620000006103515489e+01
9.659999963378906784e+01
9.659999963378906784e+01
9.719999969482421420e+01
9.639999963378906500e+01
9.700000006103515204e+01
9.619999969482421420e+01
9.660000012207031261e+01
9.679999969482422273e+01
9.620000000000000284e+01
9.620000006103515489e+01
9.679999963378905647e+01
9.739999963378906500e+01
9.640000006103515773e+01
9.619999963378906216e+01
9.660000006103516057e+01
9.620000006103515489e+01
9.600000006103515204e+01
9.679999963378905647e+01
9.599999963378905932e+01
9.640000012207030977e+01
9.680000012207031546e+01
9.659999969482421989e+01
9.619999963378906216e+01
9.680000006103514920e+01
9.659999969482421989e+01
9.699999963378905932e+01
9.699999969482422557e+01
9.699999963378905932e+01
9.659999999999999432e+01
9.579999969482422273e+01
9.680000006103514920e+01
9.699999963378905932e+01
9.560000012207031261e+01
9.739999969482421704e+01
9.699999963378905932e+01
9.719999963378906216e+01
9.619999969482421420e+01
9.659999999999999432e+01
9.639999969482421704e+01
9.640000000000000568e+01
9.780000006103514920e+01
9.600000000000000000e+01
9.699999963378905932e+01
9.600000006103515204e+01
9.660000006103516057e+01
9.639999963378906500e+01
9.640000006103515773e+01
9.580000006103514920e+01
9.659999963378906784e+01
9.659999963378906784e+01
9.659999963378906784e+01
9.720000000000000284e+01
9.639999963378906500e+01
9.740000000000000568e+01
9.720000006103515489e+01
9.600000006103515204e+01
9.639999963378906500e+01
9.680000006103514920e+01
9.639999963378906500e+01
9.659999999999999432e+01
9.660000006103516057e+01
9.659999963378906784e+01
9.620000006103515489e+01
9.619999969482421420e+01
9.659999999999999432e+01
9.659999963378906784e+01
9.639999969482421704e+01
9.719999963378906216e+01
9.620000006103515489e+01
9.719999963378906216e+01
9.620000006103515489e+01
9.599999969482422557e+01
9.700000006103515204e+01
9.679999969482422273e+01
9.640000006103515773e+01
9.779999999999999716e+01
9.599999969482422557e+01
9.659999969482421989e+01
9.660000012207031261e+01
9.580000006103514920e+01
9.599999963378905932e+01
9.639999963378906500e+01
9.619999963378906216e+01
9.659999969482421989e+01
9.619999963378906216e+01
9.700000000000000000e+01
9.600000006103515204e+01
9.699999963378905932e+01
9.600000006103515204e+01
9.540000006103515773e+01
9.640000000000000568e+01
9.680000006103514920e+01
9.659999969482421989e+01
9.519999969482421420e+01
9.639999963378906500e+01
9.619999963378906216e+01
9.659999999999999432e+01
9.699999969482422557e+01
9.719999963378906216e+01
9.759999999999999432e+01
9.600000012207031830e+01
9.720000006103515489e+01
9.559999963378906784e+01
9.659999999999999432e+01
9.639999969482421704e+01
9.679999969482422273e+01
9.619999963378906216e+01
9.740000000000000568e+01
9.679999999999999716e+01
9.639999969482421704e+01
9.679999963378905647e+01
9.640000012207030977e+01
9.699999963378905932e+01
9.700000000000000000e+01
9.619999963378906216e+01
9.679999963378905647e+01
9.579999963378905647e+01
9.579999975585937477e+01
9.659999999999999432e+01
9.679999963378905647e+01
9.659999963378906784e+01
9.659999963378906784e+01
9.639999963378906500e+01
9.599999969482422557e+01
9.639999963378906500e+01
9.739999963378906500e+01
9.700000006103515204e+01
9.699999969482422557e+01
9.640000006103515773e+01
9.640000000000000568e+01
9.660000006103516057e+01
9.679999999999999716e+01
9.639999963378906500e+01
9.640000006103515773e+01
9.640000006103515773e+01
9.639999963378906500e+01
9.680000006103514920e+01
9.740000000000000568e+01
9.640000000000000568e+01
9.659999969482421989e+01
9.660000006103516057e+01
9.659999963378906784e+01
9.620000006103515489e+01
9.680000006103514920e+01
9.659999999999999432e+01
9.660000006103516057e+01
9.600000012207031830e+01
9.679999963378905647e+01
9.660000006103516057e+01
9.640000012207030977e+01
9.579999963378905647e+01
9.659999963378906784e+01
9.599999963378905932e+01
9.619999969482421420e+01
9.739999963378906500e+01
9.640000006103515773e+01
9.720000000000000284e+01
9.720000006103515489e+01
9.740000006103515773e+01
9.679999963378905647e+01
9.620000012207030693e+01
9.599999963378905932e+01
9.619999963378906216e+01
9.619999963378906216e+01
9.720000006103515489e+01
9.700000000000000000e+01
9.659999999999999432e+01
9.720000012207030693e+01
9.719999969482421420e+01
9.739999963378906500e+01
9.619999969482421420e+01
9.720000000000000284e+01
9.680000006103514920e+01
9.639999969482421704e+01
9.660000006103516057e+01
9.659999969482421989e+01
9.579999963378905647e+01
9.680000006103514920e+01
9.680000006103514920e+01
9.679999969482422273e+01
9.659999969482421989e+01
9.700000000000000000e+01
9.739999963378906500e+01
9.699999963378905932e+01
9.679999999999999716e+01
9.679999963378905647e+01
9.640000006103515773e+01
9.659999963378906784e+01
9.739999963378906500e+01
9.660000006103516057e+01
9.659999969482421989e+01
9.620000006103515489e+01
9.700000000000000000e+01
9.600000006103515204e+01
9.620000006103515489e+01
9.659999963378906784e+01
9.579999969482422273e+01
9.680000012207031546e+01
9.640000006103515773e+01
9.679999999999999716e+01
9.619999963378906216e+01
9.699999963378905932e+01
9.639999969482421704e+01
9.679999963378905647e+01
9.779999963378905647e+01
9.619999969482421420e+01
9.659999969482421989e+01
9.640000006103515773e+01
9.640000006103515773e+01
9.600000006103515204e+01
9.640000006103515773e+01
9.779999999999999716e+01
9.679999999999999716e+01
9.640000006103515773e+01
9.740000006103515773e+01
9.680000006103514920e+01
9.659999999999999432e+01
9.699999963378905932e+01
9.680000006103514920e+01
9.619999963378906216e+01
9.619999969482421420e+01
9.619999963378906216e+01
9.599999963378905932e+01
9.659999969482421989e+01
9.660000006103516057e+01
9.679999963378905647e+01
9.579999969482422273e+01
9.640000006103515773e+01
9.659999963378906784e+01
9.639999969482421704e+01
9.580000006103514920e+01
9.699999969482422557e+01
9.719999938964843977e+01
9.739999969482421704e+01
9.659999999999999432e+01
9.720000000000000284e+01
9.639999963378906500e+01
9.619999981689453250e+01
9.719999969482421420e+01
9.779999969482422273e+01
9.679999999999999716e+01
9.619999963378906216e+01
9.620000006103515489e+01
9.520000006103515489e+01
9.680000012207031546e+01
9.660000006103516057e+01
9.679999975585937477e+01
9.679999999999999716e+01
9.679999999999999716e+01
9.740000000000000568e+01
9.720000006103515489e+01
9.719999969482421420e+01
9.739999963378906500e+01
9.740000006103515773e+01
9.700000006103515204e+01
9.700000000000000000e+01
9.759999963378906784e+01
9.620000000000000284e+01
9.660000012207031261e+01
9.699999969482422557e+01
9.699999938964843693e+01
9.680000006103514920e+01
9.719999963378906216e+01
9.659999963378906784e+01
9.720000006103515489e+01
9.679999969482422273e+01
9.700000006103515204e+01
9.720000006103515489e+01
9.699999969482422557e+01
9.659999999999999432e+01
9.640000006103515773e+01
9.700000000000000000e+01
9.720000006103515489e+01
9.659999963378906784e+01
9.599999969482422557e+01
9.640000000000000568e+01
9.620000000000000284e+01
9.680000012207031546e+01
9.600000006103515204e+01
9.720000000000000284e+01
9.720000000000000284e+01
9.639999975585936909e+01
9.639999963378906500e+01
9.659999999999999432e+01
9.639999975585936909e+01
9.740000000000000568e+01
9.660000006103516057e+01
9.560000006103516057e+01
9.539999975585936909e+01
9.659999969482421989e+01
9.639999963378906500e+01
9.639999963378906500e+01
9.660000012207031261e+01
9.640000006103515773e+01
9.680000006103514920e+01
9.659999999999999432e+01
9.700000006103515204e+01
9.640000000000000568e+01
9.599999963378905932e+01
9.620000006103515489e+01
9.579999969482422273e+01
9.700000006103515204e+01
9.600000012207031830e+01
9.659999963378906784e+01
9.639999963378906500e+01
9.660000012207031261e+01
9.659999963378906784e+01
9.579999975585937477e+01
9.540000006103515773e+01
9.560000006103516057e+01
9.640000006103515773e+01
9.639999963378906500e+01
9.579999969482422273e+01
9.620000006103515489e+01
9.659999999999999432e+01
9.679999969482422273e+01
9.700000012207031830e+01
9.800000006103515204e+01
9.660000012207031261e+01
9.759999963378906784e+01
9.660000006103516057e+01
9.700000000000000000e+01
9.739999963378906500e+01
9.660000006103516057e+01
9.680000006103514920e+01
9.620000012207030693e+01
9.620000000000000284e+01
9.599999963378905932e+01
9.659999999999999432e+01
9.659999999999999432e+01
9.680000012207031546e+01
9.679999963378905647e+01
9.639999969482421704e+01
9.739999963378906500e+01
9.640000012207030977e+01
9.599999963378905932e+01
9.619999963378906216e+01
9.660000006103516057e+01
9.579999963378905647e+01
9.759999969482421989e+01
9.680000012207031546e+01
9.700000006103515204e+01
9.700000012207031830e+01
9.680000006103514920e+01
9.599999975585937761e+01
9.679999963378905647e+01
9.619999963378906216e+01
9.620000000000000284e+01
9.580000006103514920e+01
9.659999969482421989e+01
9.659999969482421989e+01
9.640000006103515773e+01
9.579999969482422273e+01
9.619999969482421420e+01
9.720000000000000284e+01
9.600000006103515204e+01
9.740000006103515773e+01
9.660000006103516057e+01
9.620000000000000284e+01
9.740000000000000568e+01
9.620000006103515489e+01
9.600000006103515204e+01
9.679999963378905647e+01
9.579999963378905647e+01
9.720000006103515489e+01
9.580000006103514920e+01
9.579999963378905647e+01
9.599999963378905932e+01
9.579999963378905647e+01
9.560000006103516057e+01
9.580000006103514920e+01
9.740000006103515773e+01
9.639999963378906500e+01
9.619999969482421420e+01
9.520000000000000284e+01
9.720000000000000284e+01
9.619999963378906216e+01
9.700000006103515204e+01
9.619999969482421420e+01
9.659999963378906784e+01
9.559999963378906784e+01
9.619999969482421420e+01
9.619999969482421420e+01
9.580000012207031546e+01
9.560000006103516057e+01
9.599999969482422557e+01
9.599999969482422557e+01
9.559999969482421989e+01
9.519999963378906216e+01
9.779999969482422273e+01
9.560000012207031261e+01
9.679999969482422273e+01
9.820000006103515489e+01
9.620000006103515489e+01
9.659999969482421989e+01
9.659999963378906784e+01
9.520000006103515489e+01
9.500000000000000000e+01
9.680000006103514920e+01
9.639999969482421704e+01
9.679999999999999716e+01
9.579999969482422273e+01
9.560000006103516057e+01
9.660000006103516057e+01
9.640000006103515773e+01
9.719999963378906216e+01
9.539999969482421704e+01
9.560000006103516057e+01
9.700000006103515204e+01
9.579999969482422273e+01
9.659999963378906784e+01
9.600000012207031830e+01
9.579999999999999716e+01
9.559999938964843125e+01
9.639999963378906500e+01
9.619999963378906216e+01
9.560000012207031261e+01
9.740000006103515773e+01
9.579999969482422273e+01
9.559999999999999432e+01
9.639999969482421704e+01
9.579999963378905647e+01
9.740000000000000568e+01
9.640000006103515773e+01
9.659999999999999432e+01
9.659999963378906784e+01
9.719999969482421420e+01
9.639999963378906500e+01
9.619999969482421420e+01
9.540000006103515773e+01
9.599999969482422557e+01
9.679999963378905647e+01
9.600000012207031830e+01
9.599999969482422557e+01
9.640000000000000568e+01
9.639999969482421704e+01
9.759999969482421989e+01
9.719999963378906216e+01
9.639999963378906500e+01
9.740000012207030977e+01
9.620000006103515489e+01
9.620000012207030693e+01
9.580000006103514920e+01
9.699999969482422557e+01
9.719999963378906216e+01
9.600000000000000000e+01
9.719999969482421420e+01
9.640000000000000568e+01
9.619999969482421420e+01
9.639999975585936909e+01
9.560000006103516057e+01
9.639999963378906500e+01
9.660000006103516057e+01
9.639999969482421704e+01
9.659999963378906784e+01
9.660000012207031261e+01
9.639999963378906500e+01
9.640000006103515773e+01
9.620000006103515489e+01
9.720000006103515489e+01
9.559999963378906784e+01
9.579999963378905647e+01
9.640000012207030977e+01
9.740000000000000568e+01
9.639999963378906500e+01
9.719999963378906216e+01
9.520000006103515489e+01
9.660000006103516057e+01
9.720000000000000284e+01
9.539999969482421704e+01
9.760000012207031261e+01
9.619999938964843977e+01
9.720000000000000284e+01
9.619999969482421420e+01
9.720000000000000284e+01
9.439999969482421704e+01
9.520000012207030693e+01
9.639999963378906500e+01
9.600000012207031830e+01
9.680000006103514920e+01
9.579999963378905647e+01
9.580000012207031546e+01
9.679999963378905647e+01
9.559999969482421989e+01
9.580000006103514920e+01
9.659999999999999432e+01
9.740000000000000568e+01
9.659999999999999432e+01
9.620000006103515489e+01
9.659999999999999432e+01
9.660000006103516057e+01
9.679999999999999716e+01
9.679999999999999716e+01
9.579999999999999716e+01
9.600000000000000000e+01
9.699999963378905932e+01
9.579999969482422273e+01
9.540000006103515773e+01
9.620000006103515489e+01
9.679999969482422273e+01
9.579999963378905647e+01
9.459999963378906784e+01
9.659999963378906784e+01
9.600000006103515204e+01
9.600000006103515204e+01
9.640000006103515773e+01
9.720000006103515489e+01
9.859999963378906784e+01
9.619999963378906216e+01
9.819999963378906216e+01
9.739999963378906500e+01
9.660000006103516057e+01
9.580000006103514920e+01
9.659999969482421989e+01
9.660000006103516057e+01
9.680000006103514920e+01
9.399999938964843693e+01
9.659999969482421989e+01
9.800000006103515204e+01
9.699999969482422557e+01
9.580000006103514920e+01
9.659999969482421989e+01
9.720000000000000284e+01
9.660000012207031261e+01
9.619999969482421420e+01
9.559999999999999432e+01
9.639999969482421704e+01
9.640000006103515773e+01
9.699999963378905932e+01
9.759999969482421989e+01
9.719999975585938046e+01
9.579999969482422273e+01
9.619999969482421420e+01
9.759999999999999432e+01
9.559999963378906784e+01
9.580000006103514920e+01
9.579999969482422273e+01
9.620000000000000284e+01
9.600000012207031830e+01
9.560000006103516057e+01
9.560000012207031261e+01
9.579999999999999716e+01
9.559999963378906784e+01
9.599999975585937761e+01
9.700000006103515204e+01
9.740000000000000568e+01
9.520000012207030693e+01
9.640000006103515773e+01
9.559999969482421989e+01
9.639999975585936909e+01
9.759999969482421989e+01
9.580000012207031546e+01
9.640000000000000568e+01
9.639999963378906500e+01
9.619999969482421420e+01
9.420000012207030693e+01
9.700000006103515204e+01
9.560000006103516057e+01
9.559999963378906784e+01
9.759999963378906784e+01
9.839999963378906500e+01
9.699999963378905932e+01
9.559999963378906784e+01
9.519999963378906216e+01
9.559999969482421989e+01
9.639999963378906500e+01
9.700000012207031830e+01
9.579999963378905647e+01
9.599999975585937761e+01
9.739999975585936909e+01
9.660000006103516057e+01
9.600000000000000000e+01
9.780000006103514920e+01
9.819999969482421420e+01
9.659999963378906784e+01
9.379999969482422273e+01
9.580000012207031546e+01
9.620000012207030693e+01
9.619999963378906216e+01
9.600000012207031830e+01
9.559999969482421989e+01
9.599999969482422557e+01
9.639999963378906500e+01
9.640000012207030977e+01
9.579999963378905647e+01
9.759999969482421989e+01
9.619999963378906216e+01
9.640000000000000568e+01
9.679999969482422273e+01
9.640000006103515773e+01
9.640000006103515773e+01
9.700000012207031830e+01
9.640000006103515773e+01
9.619999938964843977e+01
9.680000006103514920e+01
9.579999969482422273e+01
9.579999969482422273e+01
9.680000006103514920e+01
9.679999999999999716e+01
9.699999963378905932e+01
9.540000012207030977e+01
9.699999963378905932e+01
9.640000006103515773e+01
9.559999969482421989e+01
9.600000000000000000e+01
9.640000006103515773e+01
9.560000006103516057e+01
9.619999963378906216e+01
9.759999999999999432e+01
9.560000012207031261e+01
9.620000000000000284e+01
9.719999963378906216e+01
9.619999963378906216e+01
9.519999969482421420e+01
9.600000012207031830e+01
9.740000000000000568e+01
9.559999969482421989e+01
9.600000000000000000e+01
9.619999969482421420e+01
9.659999963378906784e+01
9.720000006103515489e+01
9.679999999999999716e+01
9.619999969482421420e+01
9.680000006103514920e+01
9.560000006103516057e+01
9.660000006103516057e+01
9.699999963378905932e+01
9.800000000000000000e+01
9.579999963378905647e+01
9.640000006103515773e+01
9.660000006103516057e+01
9.579999975585937477e+01
9.719999963378906216e+01
9.679999963378905647e+01
9.679999969482422273e+01
9.639999963378906500e+01
9.659999999999999432e+01
9.579999963378905647e+01
9.660000006103516057e+01
9.640000000000000568e+01
9.600000006103515204e+01
9.700000000000000000e+01
9.599999969482422557e+01
9.619999963378906216e+01
9.600000006103515204e+01
9.600000012207031830e+01
9.620000006103515489e+01
9.580000006103514920e+01
9.620000006103515489e+01
9.620000006103515489e+01
9.600000006103515204e+01
9.460000006103516057e+01
9.520000012207030693e+01
9.679999969482422273e+01
9.500000006103515204e+01
9.639999963378906500e+01
9.559999969482421989e+01
9.560000006103516057e+01
9.559999975585937193e+01
9.500000006103515204e+01
9.599999975585937761e+01
9.679999963378905647e+01
9.640000006103515773e+01
9.539999938964844262e+01
9.379999969482422273e+01
9.659999969482421989e+01
9.559999999999999432e+01
9.660000006103516057e+01
9.679999969482422273e+01
9.600000006103515204e+01
9.559999963378906784e+01
9.599999969482422557e+01
9.640000006103515773e+01
9.700000006103515204e+01
9.620000000000000284e+01
9.700000006103515204e+01
9.459999969482421989e+01
9.459999963378906784e+01
9.639999969482421704e+01
9.539999969482421704e+01
9.640000000000000568e+01
9.619999963378906216e+01
9.599999963378905932e+01
9.659999963378906784e+01
9.640000012207030977e+01
9.579999963378905647e+01
9.559999963378906784e+01
9.620000012207030693e+01
9.640000012207030977e+01
9.619999963378906216e+01
9.679999963378905647e+01
9.680000006103514920e+01
9.659999963378906784e+01
9.779999963378905647e+01
9.679999963378905647e+01
9.640000000000000568e+01
9.600000000000000000e+01
9.639999969482421704e+01
9.680000006103514920e+01
9.519999963378906216e+01
9.660000012207031261e+01
9.700000012207031830e+01
9.479999963378905647e+01
9.579999969482422273e+01
9.520000012207030693e+01
9.640000006103515773e+01
9.759999963378906784e+01
9.639999963378906500e+01
9.639999963378906500e+01
9.759999963378906784e+01
9.620000012207030693e+01
9.659999999999999432e+01
9.619999963378906216e+01
9.579999969482422273e+01
9.620000012207030693e+01
9.620000006103515489e+01
9.559999969482421989e+01
9.539999975585936909e+01
9.679999969482422273e+01
9.459999969482421989e+01
9.599999969482422557e+01
9.639999969482421704e+01
9.699999963378905932e+01
9.699999963378905932e+01
9.580000012207031546e+01
9.559999963378906784e+01
9.500000006103515204e+01
9.599999963378905932e+01
9.600000006103515204e+01
9.560000006103516057e+01
9.639999975585936909e+01
9.580000006103514920e+01
9.680000006103514920e+01
9.480000006103514920e+01
9.539999969482421704e+01
9.500000006103515204e+01
9.439999975585936909e+01
9.579999963378905647e+01
9.600000006103515204e+01
9.400000012207031830e+01
9.700000006103515204e+01
9.659999963378906784e+01
9.580000012207031546e+01
9.460000012207031261e+01
9.580000006103514920e+01
9.659999963378906784e+01
9.580000006103514920e+01
9.499999975585937761e+01
9.539999963378906500e+01
9.659999963378906784e+01
9.760000012207031261e+01
9.599999963378905932e+01
9.479999963378905647e+01
9.659999963378906784e+01
9.620000006103515489e+01
9.799999963378905932e+01
9.599999969482422557e+01
9.680000006103514920e+01
9.620000006103515489e+01
9.560000006103516057e+01
9.699999963378905932e+01
9.680000006103514920e+01
9.780000006103514920e+01
9.680000006103514920e+01
9.600000000000000000e+01
9.740000006103515773e+01
9.680000006103514920e+01
9.660000006103516057e+01
9.640000012207030977e+01
9.539999963378906500e+01
9.519999969482421420e+01
9.599999963378905932e+01
9.599999963378905932e+01
9.500000006103515204e+01
9.679999999999999716e+01
9.700000000000000000e+01
9.679999963378905647e+01
9.599999969482422557e+01
9.659999969482421989e+01
9.599999969482422557e+01
9.639999963378906500e+01
9.439999969482421704e+01
9.539999963378906500e+01
9.520000006103515489e+01
9.559999963378906784e+01
9.659999963378906784e+01
9.720000006103515489e+01
9.699999969482422557e+01
9.700000000000000000e+01
9.739999963378906500e+01
9.679999963378905647e+01
9.720000006103515489e+01
9.719999963378906216e+01
9.699999963378905932e+01
9.659999975585937193e+01
9.619999963378906216e+01
9.700000006103515204e+01
9.699999963378905932e+01
9.600000000000000000e+01
9.519999969482421420e+01
9.559999963378906784e+01
9.539999963378906500e+01
9.419999969482421420e+01
9.579999969482422273e+01
9.619999963378906216e+01
9.659999999999999432e+01
9.420000006103515489e+01
9.640000006103515773e+01
9.579999969482422273e+01
9.659999963378906784e+01
9.620000000000000284e+01
9.399999969482422557e+01
9.579999999999999716e+01
9.559999969482421989e+01
9.560000006103516057e+01
9.680000012207031546e+01
9.500000012207031830e+01
9.620000012207030693e+01
9.479999963378905647e+01
9.659999963378906784e+01
9.619999938964843977e+01
9.580000012207031546e+01
9.639999963378906500e+01
9.659999963378906784e+01
9.579999999999999716e+01
9.660000006103516057e+01
9.659999999999999432e+01
9.479999969482422273e+01
9.720000006103515489e+01
9.539999969482421704e+01
9.579999969482422273e+01
9.659999963378906784e+01
9.619999969482421420e+01
9.600000012207031830e+01
9.659999963378906784e+01
9.620000006103515489e+01
9.520000006103515489e+01
9.640000006103515773e+01
9.440000006103515773e+01
9.679999963378905647e+01
9.679999999999999716e+01
9.599999938964843693e+01
9.600000012207031830e+01
9.559999963378906784e+01
9.559999963378906784e+01
9.679999963378905647e+01
9.640000000000000568e+01
9.620000006103515489e+01
9.500000012207031830e+01
9.779999999999999716e+01
9.500000006103515204e+01
9.700000006103515204e+01
9.659999963378906784e+01
9.479999999999999716e+01
9.679999963378905647e+01
9.659999969482421989e+01
9.600000006103515204e+01
9.560000012207031261e+01
9.640000006103515773e+01
9.660000006103516057e+01
9.639999963378906500e+01
9.640000006103515773e+01
9.500000006103515204e+01
9.700000006103515204e+01
9.599999963378905932e+01
9.700000000000000000e+01
9.499999969482422557e+01
9.679999963378905647e+01
9.680000006103514920e+01
9.640000006103515773e+01
9.619999963378906216e+01
9.659999963378906784e+01
9.380000012207031546e+01
9.599999963378905932e+01
9.660000006103516057e+01
9.719999963378906216e+01
9.719999963378906216e+01
9.600000000000000000e+01
9.639999963378906500e+01
9.760000006103516057e+01
9.599999969482422557e+01
9.620000006103515489e+01
9.459999963378906784e+01
9.480000006103514920e+01
9.560000012207031261e+01
9.679999969482422273e+01
9.659999963378906784e+01
9.639999963378906500e+01
9.659999963378906784e+01
9.679999963378905647e+01
9.759999963378906784e+01
9.639999969482421704e+01
9.660000006103516057e+01
9.660000006103516057e+01
9.300000006103515204e+01
9.699999963378905932e+01
9.519999969482421420e+01
9.699999963378905932e+01
9.659999999999999432e+01
9.579999963378905647e+01
9.620000006103515489e+01
9.659999969482421989e+01
9.479999963378905647e+01
9.600000000000000000e+01
9.459999969482421989e+01
9.679999969482422273e+01
9.679999969482422273e+01
9.579999963378905647e+01
9.680000006103514920e+01
9.559999963378906784e+01
9.699999969482422557e+01
9.660000006103516057e+01
9.519999975585938046e+01
9.580000012207031546e+01
9.540000012207030977e+01
9.379999963378905647e+01
9.479999969482422273e+01
9.699999963378905932e+01
9.580000006103514920e+01
9.619999975585938046e+01
9.559999938964843125e+01
9.559999963378906784e+01
9.620000000000000284e+01
9.499999975585937761e+01
9.599999963378905932e+01
9.599999969482422557e+01
9.499999963378905932e+01
9.679999999999999716e+01
9.599999963378905932e+01
9.579999969482422273e+01
9.480000006103514920e+01
9.700000006103515204e+01
9.479999963378905647e+01
9.559999969482421989e+01
9.599999963378905932e+01
9.459999963378906784e+01
9.519999969482421420e+01
9.579999975585937477e+01
9.660000006103516057e+01
9.579999969482422273e+01
9.640000006103515773e+01
9.619999969482421420e+01
9.619999963378906216e+01
9.640000006103515773e+01
9.680000006103514920e+01
9.700000000000000000e+01
9.579999975585937477e+01
9.599999963378905932e+01
9.559999969482421989e+01
9.679999999999999716e+01
9.659999969482421989e+01
9.620000000000000284e+01
9.600000006103515204e+01
9.679999999999999716e+01
9.519999963378906216e+01
9.679999963378905647e+01
9.679999999999999716e+01
9.719999963378906216e+01
9.619999975585938046e+01
9.679999963378905647e+01
9.379999981689452682e+01
9.520000006103515489e+01
9.540000006103515773e+01
9.600000012207031830e+01
9.799999963378905932e+01
9.679999963378905647e+01
9.639999963378906500e+01
9.479999999999999716e+01
9.620000006103515489e+01
9.700000000000000000e+01
9.700000000000000000e+01
9.660000006103516057e+01
9.579999963378905647e+01
9.599999969482422557e+01
9.519999981689453250e+01
9.599999969482422557e+01
9.760000006103516057e+01
9.620000006103515489e+01
9.640000000000000568e+01
9.560000012207031261e+01
9.739999963378906500e+01
9.580000006103514920e+01
9.600000012207031830e+01
9.459999963378906784e+01
9.639999963378906500e+01
9.540000006103515773e+01
9.640000000000000568e+01
9.399999969482422557e+01
9.660000006103516057e+01
9.599999975585937761e+01
9.779999963378905647e+01
9.619999963378906216e+01
9.660000006103516057e+01
9.659999969482421989e+01
9.419999969482421420e+01
9.579999963378905647e+01
9.520000012207030693e+01
9.740000000000000568e+01
9.740000006103515773e+01
9.720000006103515489e+01
9.379999969482422273e+01
9.660000006103516057e+01
9.620000006103515489e+01
8.099999945068358898e+01
9.660000006103516057e+01
9.640000012207030977e+01
9.700000006103515204e+01
9.620000006103515489e+01
9.620000006103515489e+01
9.579999969482422273e+01
9.660000006103516057e+01
9.460000006103516057e+01
9.559999963378906784e+01
9.619999969482421420e+01
9.579999969482422273e+01
9.600000006103515204e+01
9.619999969482421420e+01
9.459999969482421989e+01
9.679999969482422273e+01
9.580000012207031546e+01
9.679999969482422273e+01
9.379999975585937477e+01
9.519999963378906216e+01
9.719999963378906216e+01
9.700000006103515204e+01
9.660000006103516057e+01
9.619999969482421420e+01
9.600000000000000000e+01
9.700000000000000000e+01
9.620000006103515489e+01
9.700000006103515204e+01
9.740000012207030977e+01
9.499999969482422557e+01
9.440000006103515773e+01
9.599999963378905932e+01
9.340000012207030977e+01
9.560000006103516057e+01
9.600000006103515204e+01
9.619999963378906216e+01
9.660000006103516057e+01
9.680000006103514920e+01
9.699999963378905932e+01
9.479999969482422273e+01
9.499999969482422557e+01
9.459999969482421989e+01
9.580000012207031546e+01
9.659999969482421989e+01
9.699999963378905932e+01
9.600000000000000000e+01
9.699999969482422557e+01
9.380000006103514920e+01
9.679999963378905647e+01
9.719999963378906216e+01
9.760000006103516057e+01
9.459999963378906784e+01
9.719999963378906216e+01
9.499999981689452966e+01
9.520000006103515489e+01
9.639999969482421704e+01
9.579999969482422273e+01
9.479999969482422273e+01
9.580000006103514920e+01
9.619999969482421420e+01
9.539999975585936909e+01
9.700000000000000000e+01
9.740000006103515773e+01
9.659999999999999432e+01
9.400000012207031830e+01
9.659999999999999432e+01
9.439999975585936909e+01
9.700000012207031830e+01
9.539999969482421704e+01
9.680000006103514920e+01
9.779999963378905647e+01
9.659999963378906784e+01
9.659999969482421989e+01
9.720000006103515489e+01
9.519999963378906216e+01
9.499999969482422557e+01
9.740000000000000568e+01
9.620000000000000284e+01
9.740000000000000568e+01
9.599999969482422557e+01
9.479999969482422273e+01
9.639999963378906500e+01
9.660000006103516057e+01
9.599999969482422557e+01
9.540000006103515773e+01
9.579999969482422273e+01
9.500000012207031830e+01
9.299999945068358898e+01
9.540000012207030977e+01
9.619999963378906216e+01
9.580000006103514920e+01
9.679999969482422273e+01
9.539999975585936909e+01
9.579999999999999716e+01
9.719999963378906216e+01
9.299999963378905932e+01
9.599999963378905932e+01
9.559999963378906784e+01
9.499999969482422557e+01
9.579999963378905647e+01
9.599999969482422557e+01
9.620000006103515489e+01
9.280000012207031546e+01
9.519999963378906216e+01
9.619999963378906216e+01
9.640000006103515773e+01
9.519999969482421420e+01
9.679999999999999716e+01
9.739999963378906500e+01
9.599999963378905932e+01
9.720000006103515489e+01
9.640000012207030977e+01
9.619999963378906216e+01
9.500000006103515204e+01
9.560000006103516057e+01
9.659999999999999432e+01
9.540000000000000568e+01
9.480000012207031546e+01
9.579999963378905647e+01
9.660000006103516057e+01
9.580000012207031546e+01
9.720000006103515489e+01
9.520000012207030693e+01
9.659999999999999432e+01
9.699999969482422557e+01
9.599999963378905932e+01
9.659999969482421989e+01
9.660000006103516057e+01
9.599999963378905932e+01
9.619999963378906216e+01
9.780000006103514920e+01
9.740000006103515773e+01
9.479999975585937477e+01
9.680000006103514920e+01
9.679999963378905647e+01
9.559999963378906784e+01
9.659999963378906784e+01
9.459999963378906784e+01
9.579999999999999716e+01
9.459999969482421989e+01
9.459999999999999432e+01
9.519999975585938046e+01
9.459999975585937193e+01
9.699999963378905932e+01
9.579999963378905647e+01
9.680000012207031546e+01
9.699999963378905932e+01
9.600000012207031830e+01
9.740000006103515773e+01
9.619999963378906216e+01
9.519999969482421420e+01
9.579999999999999716e+01
9.639999975585936909e+01
9.620000012207030693e+01
9.199999963378905932e+01
9.779999969482422273e+01
9.720000006103515489e+01
9.379999969482422273e+01
9.399999938964843693e+01
9.599999963378905932e+01
9.520000012207030693e+01
9.699999969482422557e+01
9.900000000000000000e+01
9.520000006103515489e+01
9.399999963378905932e+01
9.639999969482421704e+01
9.619999963378906216e+01
9.739999963378906500e+01
9.380000006103514920e+01
9.799999963378905932e+01
9.579999999999999716e+01
9.580000006103514920e+01
9.459999969482421989e+01
9.540000006103515773e+01
9.659999963378906784e+01
9.580000012207031546e+01
9.739999969482421704e+01
9.659999969482421989e+01
9.599999969482422557e+01
9.600000006103515204e+01
9.699999963378905932e+01
9.640000000000000568e+01
9.680000006103514920e+01
9.579999999999999716e+01
9.620000012207030693e+01
9.540000012207030977e+01
9.459999969482421989e+01
9.679999999999999716e+01
9.639999969482421704e+01
9.540000012207030977e+01
9.659999963378906784e+01
9.680000006103514920e+01
9.099999981689452966e+01
9.559999963378906784e+01
9.639999963378906500e+01
9.759999999999999432e+01
9.459999969482421989e+01
9.739999969482421704e+01
9.239999975585936909e+01
9.640000006103515773e+01
9.760000006103516057e+01
9.640000006103515773e+01
9.599999963378905932e+01
9.659999999999999432e+01
9.599999963378905932e+01
9.619999963378906216e+01
9.580000006103514920e+01
9.719999969482421420e+01
9.580000006103514920e+01
9.620000006103515489e+01
9.739999969482421704e+01
9.500000000000000000e+01
9.699999963378905932e+01
9.639999963378906500e+01
9.560000006103516057e+01
9.619999969482421420e+01
9.699999963378905932e+01
9.559999975585937193e+01
9.560000006103516057e+01
9.540000006103515773e+01
9.499999975585937761e+01
9.579999963378905647e+01
9.540000006103515773e+01
9.419999963378906216e+01
9.660000006103516057e+01
9.639999969482421704e+01
9.659999963378906784e+01
9.599999963378905932e+01
9.740000006103515773e+01
9.659999963378906784e+01
9.700000000000000000e+01
9.560000006103516057e+01
9.219999969482421420e+01
9.600000006103515204e+01
9.580000006103514920e+01
9.499999963378905932e+01
9.579999963378905647e+01
9.580000012207031546e+01
9.659999969482421989e+01
9.620000012207030693e+01
9.379999963378905647e+01
9.400000006103515204e+01
9.619999963378906216e+01
9.560000006103516057e+01
9.699999963378905932e+01
9.299999938964843693e+01
9.739999969482421704e+01
9.239999975585936909e+01
9.579999969482422273e+01
9.620000006103515489e+01
9.680000006103514920e+01
9.720000006103515489e+01
9.039999938964844262e+01
9.620000006103515489e+01
9.720000000000000284e+01
9.800000006103515204e+01
9.800000006103515204e+01
9.539999963378906500e+01
9.419999969482421420e+01
9.760000006103516057e+01
9.619999969482421420e+01
9.579999963378905647e+01
9.520000012207030693e+01
9.639999969482421704e+01
9.479999969482422273e+01
9.099999969482422557e+01
9.560000006103516057e+01
9.560000012207031261e+01
9.380000006103514920e+01
9.619999963378906216e+01
9.439999969482421704e+01
9.519999969482421420e+01
9.440000006103515773e+01
9.559999969482421989e+01
9.579999963378905647e+01
9.699999969482422557e+01
9.659999963378906784e+01
9.579999963378905647e+01
9.579999969482422273e+01
9.499999981689452966e+01
9.660000006103516057e+01
9.599999963378905932e+01
9.539999969482421704e+01
9.720000000000000284e+01
9.779999999999999716e+01
9.440000012207030977e+01
9.619999969482421420e+01
9.419999975585938046e+01
9.760000006103516057e+01
9.660000006103516057e+01
9.700000006103515204e+01
9.579999969482422273e+01
9.419999963378906216e+01
9.579999969482422273e+01
9.560000006103516057e+01
9.359999969482421989e+01
9.439999963378906500e+01
9.539999975585936909e+01
9.659999963378906784e+01
9.539999963378906500e+01
9.479999963378905647e+01
9.519999963378906216e+01
9.679999969482422273e+01
9.699999963378905932e+01
9.559999969482421989e+01
9.659999969482421989e+01
9.540000006103515773e+01
9.520000012207030693e+01
9.399999963378905932e+01
9.659999963378906784e+01
9.659999999999999432e+01
9.619999963378906216e+01
9.739999963378906500e+01
9.539999969482421704e+01
9.479999975585937477e+01
9.740000000000000568e+01
9.679999969482422273e+01
9.699999963378905932e+01
9.619999963378906216e+01
9.639999963378906500e+01
9.520000012207030693e+01
9.639999963378906500e+01
9.660000006103516057e+01
9.559999975585937193e+01
9.679999969482422273e+01
9.759999963378906784e+01
9.420000012207030693e+01
9.459999975585937193e+01
9.800000006103515204e+01
9.679999963378905647e+01
9.540000012207030977e+01
9.680000006103514920e+01
9.680000006103514920e+01
9.600000006103515204e+01
9.560000012207031261e+01
9.520000006103515489e+01
9.639999969482421704e+01
9.739999975585936909e+01
9.499999969482422557e+01
9.539999963378906500e+01
9.599999969482422557e+01
9.600000000000000000e+01
9.600000006103515204e+01
9.719999969482421420e+01
9.500000012207031830e+01
9.399999969482422557e+01
9.680000006103514920e+01
9.720000006103515489e+01
9.620000000000000284e+01
9.779999963378905647e+01
9.440000012207030977e+01
9.500000012207031830e+01
9.440000006103515773e+01
9.520000006103515489e+01
9.599999969482422557e+01
9.540000006103515773e+01
9.759999963378906784e+01
9.500000006103515204e+01
9.560000006103516057e+01
9.399999969482422557e+01
9.519999975585938046e+01
9.540000000000000568e+01
9.480000006103514920e+01
9.599999969482422557e+01
9.540000012207030977e+01
9.699999963378905932e+01
9.540000012207030977e+01
9.779999999999999716e+01
9.759999999999999432e+01
9.659999963378906784e+01
9.599999969482422557e+01
9.439999969482421704e+01
9.519999969482421420e+01
9.559999969482421989e+01
9.560000012207031261e+01
9.299999975585937761e+01
9.299999945068358898e+01
9.400000006103515204e+01
9.560000006103516057e+01
9.580000006103514920e+01
9.500000012207031830e+01
9.759999963378906784e+01
9.719999963378906216e+01
9.659999999999999432e+01
9.519999963378906216e+01
9.740000000000000568e+01
9.740000006103515773e+01
9.779999963378905647e+01
9.520000006103515489e+01
9.600000006103515204e+01
9.700000000000000000e+01
9.620000000000000284e+01
9.640000006103515773e+01
9.600000006103515204e+01
9.740000000000000568e+01
9.520000012207030693e+01
9.640000000000000568e+01
9.359999938964843125e+01
9.499999963378905932e+01
9.680000006103514920e+01
9.800000006103515204e+01
9.579999963378905647e+01
9.580000006103514920e+01
9.720000000000000284e+01
9.459999999999999432e+01
9.699999969482422557e+01
9.319999981689453250e+01
9.599999969482422557e+01
9.740000000000000568e+01
9.499999975585937761e+01
9.479999963378905647e+01
9.559999969482421989e+01
9.619999969482421420e+01
9.679999969482422273e+01
9.640000000000000568e+01
9.860000006103516057e+01
9.439999969482421704e+01
9.720000000000000284e+01
9.400000012207031830e+01
9.599999963378905932e+01
9.319999969482421420e+01
9.479999969482422273e+01
9.440000006103515773e+01
9.540000012207030977e+01
9.640000006103515773e+01
9.679999999999999716e+01
9.700000000000000000e+01
9.620000006103515489e+01
9.659999999999999432e+01
9.620000006103515489e+01
9.539999963378906500e+01
9.220000012207030693e+01
9.439999963378906500e+01
9.379999969482422273e+01
9.479999969482422273e+01
9.520000000000000284e+01
9.560000006103516057e+01
9.479999963378905647e+01
9.579999963378905647e+01
9.660000006103516057e+01
9.300000012207031830e+01
9.659999963378906784e+01
9.639999963378906500e+01
9.460000006103516057e+01
9.379999969482422273e+01
9.580000006103514920e+01
9.440000006103515773e+01
9.379999963378905647e+01
9.820000000000000284e+01
9.619999969482421420e+01
8.359999993896484227e+01
9.620000012207030693e+01
9.660000006103516057e+01
9.740000006103515773e+01
9.639999963378906500e+01
9.600000006103515204e+01
9.560000006103516057e+01
9.479999969482422273e+01
9.479999969482422273e+01
9.600000012207031830e+01
9.579999963378905647e+01
9.580000006103514920e+01
9.739999963378906500e+01
9.679999999999999716e+01
9.720000000000000284e+01
9.759999999999999432e+01
9.219999975585938046e+01
9.339999969482421704e+01
9.580000006103514920e+01
9.500000006103515204e+01
9.660000006103516057e+01
9.660000012207031261e+01
9.679999969482422273e+01
9.399999969482422557e+01
9.459999999999999432e+01
9.639999963378906500e+01
9.480000012207031546e+01
9.679999999999999716e+01
9.659999999999999432e+01
9.419999963378906216e+01
9.659999969482421989e+01
9.619999963378906216e+01
9.599999963378905932e+01
9.460000012207031261e+01
9.399999963378905932e+01
9.579999963378905647e+01
9.459999969482421989e+01
9.779999963378905647e+01
9.540000012207030977e+01
8.699999945068358898e+01
9.519999963378906216e+01
9.579999999999999716e+01
9.500000012207031830e+01
9.640000006103515773e+01
9.680000006103514920e+01
9.480000006103514920e+01
9.640000000000000568e+01
9.259999969482421989e+01
9.640000000000000568e+01
9.479999963378905647e+01
9.419999969482421420e+01
9.619999963378906216e+01
9.420000000000000284e+01
9.639999963378906500e+01
9.519999969482421420e+01
9.459999969482421989e+01
9.619999963378906216e+01
9.640000000000000568e+01
9.680000006103514920e+01
9.599999969482422557e+01
9.660000006103516057e+01
9.739999963378906500e+01
9.500000012207031830e+01
9.679999969482422273e+01
9.560000006103516057e+01
9.479999969482422273e+01
9.660000006103516057e+01
9.659999969482421989e+01
9.479999969482422273e+01
9.759999963378906784e+01
9.600000006103515204e+01
9.579999963378905647e+01
9.719999969482421420e+01
9.740000000000000568e+01
9.579999999999999716e+01
9.559999969482421989e+01
9.480000012207031546e+01
9.660000006103516057e+01
9.800000000000000000e+01
9.519999969482421420e+01
9.559999963378906784e+01
9.779999999999999716e+01
9.639999969482421704e+01
9.379999969482422273e+01
9.580000006103514920e+01
9.699999969482422557e+01
9.619999963378906216e+01
9.559999975585937193e+01
9.700000006103515204e+01
9.339999975585936909e+01
9.599999963378905932e+01
9.779999963378905647e+01
9.659999999999999432e+01
9.519999969482421420e+01
9.659999963378906784e+01
9.659999963378906784e+01
9.579999969482422273e+01
9.580000006103514920e+01
9.420000006103515489e+01
9.380000012207031546e+01
9.540000006103515773e+01
9.800000000000000000e+01
9.659999963378906784e+01
9.420000012207030693e+01
9.619999963378906216e+01
9.239999975585936909e+01
9.319999969482421420e+01
9.580000006103514920e+01
9.600000000000000000e+01
9.519999969482421420e+01
9.600000006103515204e+01
9.700000006103515204e+01
9.720000000000000284e+01
9.659999963378906784e+01
9.480000006103514920e+01
9.680000006103514920e+01
9.679999963378905647e+01
9.720000000000000284e+01
9.720000006103515489e+01
9.680000006103514920e+01
9.599999963378905932e+01
9.500000006103515204e+01
9.740000000000000568e+01
9.699999963378905932e+01
8.779999945068360034e+01
9.480000006103514920e+01
9.639999969482421704e+01
9.600000006103515204e+01
9.619999963378906216e+01
9.579999999999999716e+01
9.640000006103515773e+01
9.659999969482421989e+01
9.759999963378906784e+01
9.699999963378905932e+01
9.679999963378905647e+01
9.620000000000000284e+01
9.560000006103516057e+01
9.519999969482421420e+01
9.559999969482421989e+01
9.620000012207030693e+01
9.459999963378906784e+01
9.519999969482421420e+01
9.640000006103515773e+01
9.499999969482422557e+01
9.600000012207031830e+01
9.280000006103514920e+01
9.399999969482422557e+01
9.540000006103515773e+01
9.600000006103515204e+01
9.559999969482421989e+01
9.679999963378905647e+01
9.540000006103515773e+01
9.700000000000000000e+01
9.599999963378905932e+01
9.460000006103516057e+01
9.720000000000000284e+01
9.559999969482421989e+01
9.619999963378906216e+01
9.559999963378906784e+01
9.540000000000000568e+01
9.520000006103515489e+01
9.560000006103516057e+01
9.759999963378906784e+01
9.639999963378906500e+01
9.619999963378906216e+01
9.480000006103514920e+01
9.479999969482422273e+01
9.499999963378905932e+01
9.300000012207031830e+01
9.540000006103515773e+01
9.499999963378905932e+01
9.780000006103514920e+01
8.299999981689452966e+01
9.459999969482421989e+01
9.459999963378906784e+01
9.720000000000000284e+01
9.279999981689452682e+01
9.699999969482422557e+01
9.620000000000000284e+01
9.599999975585937761e+01
9.680000006103514920e+01
9.620000006103515489e+01
9.520000012207030693e+01
9.740000000000000568e+01
9.440000012207030977e+01
9.399999963378905932e+01
9.699999963378905932e+01
9.680000006103514920e+01
9.719999963378906216e+01
9.680000006103514920e+01
9.759999963378906784e+01
9.679999969482422273e+01
9.659999969482421989e+01
9.399999969482422557e+01
9.520000000000000284e+01
9.699999963378905932e+01
9.679999963378905647e+01
9.540000006103515773e+01
9.580000012207031546e+01
9.720000006103515489e+01
9.740000000000000568e+01
9.640000000000000568e+01
9.699999963378905932e+01
9.639999963378906500e+01
9.759999963378906784e+01
9.379999969482422273e+01
9.699999963378905932e+01
9.539999963378906500e+01
9.459999938964843125e+01
9.639999969482421704e+01
9.780000006103514920e+01
9.640000000000000568e+01
9.399999969482422557e+01
9.680000006103514920e+01
9.700000000000000000e+01
9.639999963378906500e+01
9.599999963378905932e+01
9.679999963378905647e+01
9.659999963378906784e+01
9.740000000000000568e+01
9.640000000000000568e+01
9.720000000000000284e+01
9.799999963378905932e+01
9.659999963378906784e+01
9.800000000000000000e+01
9.720000000000000284e+01
9.779999999999999716e+01
9.700000006103515204e+01
9.619999969482421420e+01
9.680000006103514920e+01
9.699999969482422557e+01
9.560000006103516057e+01
9.619999963378906216e+01
9.720000000000000284e+01
9.599999963378905932e+01
9.699999963378905932e+01
9.540000006103515773e+01
9.639999969482421704e+01
9.619999969482421420e+01
9.720000000000000284e+01
9.740000000000000568e+01
9.679999963378905647e+01
9.539999963378906500e+01
9.339999945068359466e+01
9.619999969482421420e+01
9.539999969482421704e+01
9.679999999999999716e+01
9.720000000000000284e+01
9.660000012207031261e+01
9.619999963378906216e+01
9.539999963378906500e+01
9.639999969482421704e+01
9.539999963378906500e+01
9.499999963378905932e+01
9.419999969482421420e+01
9.559999963378906784e+01
9.519999969482421420e+01
9.540000006103515773e+01
9.659999963378906784e+01
9.639999963378906500e+01
9.639999969482421704e+01
9.739999963378906500e+01
9.520000006103515489e+01
9.479999938964843409e+01
9.519999963378906216e+01
9.539999963378906500e+01
9.599999963378905932e+01
9.599999963378905932e+01
9.659999969482421989e+01
9.020000012207030693e+01
9.480000006103514920e+01
9.560000012207031261e+01
9.620000000000000284e+01
9.379999969482422273e+01
9.820000006103515489e+01
9.660000006103516057e+01
9.600000000000000000e+01
9.559999969482421989e+01
9.700000000000000000e+01
9.619999963378906216e+01
9.640000006103515773e+01
9.699999963378905932e+01
9.420000006103515489e+01
9.680000006103514920e+01
9.760000006103516057e+01
9.639999969482421704e+01
9.580000012207031546e+01
9.720000012207030693e+01
9.720000006103515489e+01
9.600000006103515204e+01
9.159999945068359750e+01
9.539999963378906500e+01
9.580000006103514920e+01
9.340000012207030977e+01
9.819999963378906216e+01
9.640000006103515773e+01
9.620000000000000284e+01
9.560000006103516057e+01
9.800000000000000000e+01
9.620000006103515489e+01
9.579999963378905647e+01
9.779999963378905647e+01
9.300000012207031830e+01
9.760000006103516057e+01
9.800000006103515204e+01
9.740000000000000568e+01
9.660000006103516057e+01
9.619999963378906216e+01
9.599999963378905932e+01
9.540000012207030977e+01
9.459999969482421989e+01
9.779999963378905647e+01
8.819999951171874386e+01
9.460000006103516057e+01
9.680000006103514920e+01
9.680000006103514920e+01
9.519999945068359182e+01
9.320000006103515489e+01
9.479999999999999716e+01
9.319999969482421420e+01
9.440000012207030977e+01
9.560000006103516057e+01
9.740000006103515773e+01
9.560000012207031261e+01
9.659999999999999432e+01
9.740000000000000568e+01
9.620000012207030693e+01
9.600000006103515204e+01
9.559999963378906784e+01
9.600000006103515204e+01
9.640000012207030977e+01
9.400000006103515204e+01
9.639999963378906500e+01
9.519999969482421420e+01
9.639999975585936909e+01
9.360000006103516057e+01
9.320000012207030693e+01
9.560000006103516057e+01
9.579999999999999716e+01
9.460000006103516057e+01
9.659999963378906784e+01
9.640000006103515773e+01
9.580000006103514920e+01
9.479999969482422273e+01
9.659999999999999432e+01
9.599999969482422557e+01
9.539999963378906500e+01
9.339999975585936909e+01
9.599999963378905932e+01
9.639999969482421704e+01
9.479999963378905647e+01
9.640000000000000568e+01
9.619999963378906216e+01
9.640000006103515773e+01
9.519999969482421420e+01
9.259999969482421989e+01
9.560000006103516057e+01
9.579999981689452682e+01
9.639999963378906500e+01
9.640000000000000568e+01
9.660000006103516057e+01
9.299999969482422557e+01
9.660000006103516057e+01
9.740000006103515773e+01
9.660000006103516057e+01
9.620000006103515489e+01
9.660000006103516057e+01
9.659999963378906784e+01
9.599999963378905932e+01
9.559999938964843125e+01
9.520000000000000284e+01
9.739999963378906500e+01
9.779999999999999716e+01
9.639999969482421704e+01
9.339999938964844262e+01
9.679999963378905647e+01
9.559999975585937193e+01
9.639999969482421704e+01
9.459999981689453818e+01
9.500000000000000000e+01
9.620000000000000284e+01
9.279999969482422273e+01
9.560000006103516057e+01
9.700000006103515204e+01
9.219999938964843977e+01
9.260000012207031261e+01
9.720000006103515489e+01
9.520000012207030693e+01
9.580000006103514920e+01
9.479999969482422273e+01
9.639999963378906500e+01
9.619999963378906216e+01
9.579999963378905647e+01
9.679999963378905647e+01
1.839999986267089938e+01
8.679999945068360034e+01
9.539999969482421704e+01
9.699999963378905932e+01
9.479999999999999716e+01
9.700000000000000000e+01
9.539999969482421704e+01
9.539999963378906500e+01
9.500000012207031830e+01
9.679999969482422273e+01
9.660000006103516057e+01
9.439999969482421704e+01
9.539999969482421704e+01
9.539999963378906500e+01
9.260000012207031261e+01
9.359999938964843125e+01
9.579999999999999716e+01
9.560000006103516057e+01
9.659999969482421989e+01
9.719999963378906216e+01
9.540000006103515773e+01
9.700000006103515204e+01
9.699999963378905932e+01
9.539999963378906500e+01
9.599999963378905932e+01
9.579999969482422273e+01
9.419999969482421420e+01
9.640000006103515773e+01
9.540000012207030977e+01
9.620000012207030693e+01
9.579999969482422273e+01
9.620000006103515489e+01
9.500000000000000000e+01
9.639999963378906500e+01
9.659999963378906784e+01
9.440000006103515773e+01
9.480000006103514920e+01
9.619999963378906216e+01
9.700000000000000000e+01
9.339999938964844262e+01
9.740000006103515773e+01
9.660000006103516057e+01
9.460000012207031261e+01
9.699999963378905932e+01
9.660000006103516057e+01
9.480000006103514920e+01
9.679999963378905647e+01
9.819999963378906216e+01
9.679999963378905647e+01
9.560000012207031261e+01
9.540000012207030977e+01
9.379999969482422273e+01
9.439999963378906500e+01
9.699999969482422557e+01
9.520000000000000284e+01
9.720000006103515489e+01
9.579999969482422273e+01
9.599999963378905932e+01
9.619999963378906216e+01
9.320000012207030693e+01
9.779999963378905647e+01
9.480000006103514920e+01
9.660000006103516057e+01
9.779999963378905647e+01
9.659999963378906784e+01
9.639999969482421704e+01
9.799999969482422557e+01
9.440000006103515773e+01
9.620000006103515489e+01
9.800000006103515204e+01
8.779999938964843409e+01
8.939999938964844262e+01
9.640000000000000568e+01
9.480000006103514920e+01
9.620000006103515489e+01
9.560000006103516057e+01
9.619999969482421420e+01
9.320000012207030693e+01
9.579999999999999716e+01
9.619999975585938046e+01
9.539999963378906500e+01
9.599999969482422557e+01
9.599999963378905932e+01
9.579999999999999716e+01
9.619999963378906216e+01
9.619999987792968454e+01
9.679999999999999716e+01
9.679999963378905647e+01
9.559999938964843125e+01
9.619999969482421420e+01
9.580000006103514920e+01
9.599999969482422557e+01
9.479999969482422273e+01
9.679999963378905647e+01
9.579999969482422273e+01
9.339999969482421704e+01
9.480000012207031546e+01
9.680000006103514920e+01
9.679999969482422273e+01
9.660000006103516057e+01
9.639999969482421704e+01
9.539999969482421704e+01
9.719999963378906216e+01
9.599999963378905932e+01
9.699999963378905932e+01
9.579999963378905647e+01
9.619999963378906216e+01
9.320000006103515489e+01
9.699999963378905932e+01
9.560000006103516057e+01
9.539999969482421704e+01
9.619999969482421420e+01
9.399999969482422557e+01
9.580000006103514920e+01
9.739999963378906500e+01
9.639999963378906500e+01
9.620000006103515489e+01
9.579999963378905647e+01
9.580000006103514920e+01
9.620000006103515489e+01
9.559999969482421989e+01
9.620000006103515489e+01
9.699999969482422557e+01
9.440000006103515773e+01
9.780000012207031546e+01
9.619999969482421420e+01
9.660000012207031261e+01
9.579999999999999716e+01
9.640000000000000568e+01
9.559999969482421989e+01
9.600000006103515204e+01
9.520000006103515489e+01
9.679999963378905647e+01
9.680000006103514920e+01
9.700000006103515204e+01
9.620000006103515489e+01
9.659999969482421989e+01
9.579999963378905647e+01
9.599999969482422557e+01
9.579999969482422273e+01
9.720000012207030693e+01
9.659999999999999432e+01
9.679999963378905647e+01
9.759999963378906784e+01
9.779999999999999716e+01
9.579999963378905647e+01
9.639999963378906500e+01
9.599999963378905932e+01
9.459999999999999432e+01
9.619999963378906216e+01
9.559999999999999432e+01
9.540000012207030977e+01
9.700000006103515204e+01
9.420000012207030693e+01
9.579999963378905647e+01
9.579999975585937477e+01
9.519999969482421420e+01
9.239999969482421704e+01
9.699999963378905932e+01
9.300000012207031830e+01
9.779999999999999716e+01
9.740000006103515773e+01
9.559999963378906784e+01
9.679999969482422273e+01
9.119999969482421420e+01
9.679999969482422273e+01
9.679999963378905647e+01
9.500000012207031830e+01
9.639999963378906500e+01
9.599999969482422557e+01
9.599999969482422557e+01
9.319999975585938046e+01
9.399999969482422557e+01
9.599999969482422557e+01
9.800000000000000000e+01
9.359999975585937193e+01
9.679999999999999716e+01
9.659999969482421989e+01
9.320000006103515489e+01
9.679999963378905647e+01
9.380000012207031546e+01
9.700000006103515204e+01
9.620000006103515489e+01
9.519999963378906216e+01
9.640000000000000568e+01
9.580000006103514920e+01
9.659999963378906784e+01
9.659999999999999432e+01
9.759999999999999432e+01
9.579999963378905647e+01
9.719999969482421420e+01
9.199999945068358898e+01
9.559999969482421989e+01
9.399999975585937761e+01
9.540000006103515773e+01
9.299999969482422557e+01
9.620000006103515489e+01
9.619999969482421420e+01
9.260000006103516057e+01
9.399999969482422557e+01
9.559999999999999432e+01
9.539999963378906500e+01
8.999999975585937761e+01
9.500000006103515204e+01
9.119999975585938046e+01
9.599999963378905932e+01
9.740000006103515773e+01
9.400000006103515204e+01
9.599999969482422557e+01
9.479999963378905647e+01
9.519999975585938046e+01
9.660000006103516057e+01
9.660000006103516057e+01
9.459999938964843125e+01
9.639999963378906500e+01
9.779999969482422273e+01
9.379999969482422273e+01
9.859999963378906784e+01
9.820000000000000284e+01
9.500000006103515204e+01
9.240000006103515773e+01
9.619999963378906216e+01
9.700000006103515204e+01
9.740000006103515773e+01
9.740000000000000568e+01
9.520000006103515489e+01
9.439999975585936909e+01
9.620000006103515489e+01
9.660000006103516057e+01
9.659999963378906784e+01
9.620000000000000284e+01
9.140000006103515773e+01
9.560000006103516057e+01
9.800000006103515204e+01
9.680000006103514920e+01
9.700000000000000000e+01
9.480000006103514920e+01
9.559999963378906784e+01
9.599999969482422557e+01
9.660000012207031261e+01
9.379999969482422273e+01
9.579999963378905647e+01
9.659999969482421989e+01
9.559999969482421989e+01
9.660000006103516057e+01
9.400000006103515204e+01
9.759999963378906784e+01
9.740000006103515773e+01
9.560000006103516057e+01
9.339999969482421704e+01
9.620000012207030693e+01
9.620000006103515489e+01
9.719999963378906216e+01
9.120000012207030693e+01
9.539999975585936909e+01
9.299999975585937761e+01
9.580000012207031546e+01
9.599999969482422557e+01
9.699999969482422557e+01
9.620000006103515489e+01
9.560000006103516057e+01
9.500000006103515204e+01
4.559999993896484227e+01
9.360000012207031261e+01
9.620000006103515489e+01
9.579999969482422273e+01
9.660000006103516057e+01
9.700000006103515204e+01
9.260000012207031261e+01
9.659999963378906784e+01
9.779999999999999716e+01
9.599999963378905932e+01
9.519999975585938046e+01
9.600000006103515204e+01
9.659999969482421989e+01
9.680000006103514920e+01
9.399999975585937761e+01
9.640000012207030977e+01
8.879999945068360034e+01
9.279999981689452682e+01
9.779999963378905647e+01
9.480000006103514920e+01
9.200000012207031830e+01
9.420000000000000284e+01
9.480000012207031546e+01
9.699999969482422557e+01
9.539999969482421704e+01
9.699999963378905932e+01
9.640000012207030977e+01
9.379999975585937477e+01
9.540000012207030977e+01
9.639999938964844262e+01
9.719999963378906216e+01
9.719999963378906216e+01
9.439999969482421704e+01
9.460000012207031261e+01
9.620000006103515489e+01
9.539999975585936909e+01
9.540000000000000568e+01
9.599999969482422557e+01
9.639999963378906500e+01
9.639999975585936909e+01
9.459999969482421989e+01
9.719999963378906216e+01
9.399999945068358898e+01
9.740000006103515773e+01
9.479999969482422273e+01
9.619999963378906216e+01
9.779999999999999716e+01
9.659999963378906784e+01
9.579999963378905647e+01
9.299999969482422557e+01
9.640000006103515773e+01
9.680000006103514920e+01
9.620000006103515489e+01
9.740000006103515773e+01
9.259999975585937193e+01
9.380000012207031546e+01
9.359999975585937193e+01
9.559999975585937193e+01
9.200000012207031830e+01
9.180000012207031546e+01
9.240000006103515773e+01
9.479999969482422273e+01
9.320000012207030693e+01
9.579999969482422273e+01
9.620000000000000284e+01
9.619999969482421420e+01
9.460000006103516057e+01
9.620000000000000284e+01
9.780000006103514920e+01
9.699999963378905932e+01
9.480000006103514920e+01
9.559999975585937193e+01
9.720000000000000284e+01
9.559999963378906784e+01
9.599999969482422557e+01
9.699999963378905932e+01
9.719999963378906216e+01
9.580000012207031546e+01
9.439999938964844262e+01
9.659999999999999432e+01
9.560000006103516057e+01
9.640000012207030977e+01
9.680000006103514920e+01
9.160000012207031261e+01
9.160000012207031261e+01
9.639999963378906500e+01
9.580000012207031546e+01
9.579999999999999716e+01
9.580000006103514920e+01
9.519999938964843977e+01
9.639999969482421704e+01
9.740000012207030977e+01
9.739999963378906500e+01
9.699999963378905932e+01
9.420000006103515489e+01
9.300000006103515204e+01
9.439999969482421704e+01
9.360000012207031261e+01
9.539999963378906500e+01
9.740000000000000568e+01
9.460000012207031261e+01
9.320000012207030693e+01
9.539999963378906500e+01
9.600000006103515204e+01
9.440000012207030977e+01
9.279999975585937477e+01
9.619999963378906216e+01
9.660000006103516057e+01
9.760000006103516057e+01
9.759999963378906784e+01
9.420000006103515489e+01
9.440000012207030977e+01
9.620000000000000284e+01
9.819999963378906216e+01
9.659999963378906784e+01
9.460000012207031261e+01
9.340000012207030977e+01
9.500000006103515204e+01
9.400000006103515204e+01
9.439999963378906500e+01
9.360000012207031261e+01
9.579999969482422273e+01
9.300000006103515204e+01
9.619999963378906216e+01
9.539999963378906500e+01
9.659999999999999432e+01
9.419999969482421420e+01
9.600000012207031830e+01
9.579999963378905647e+01
9.399999969482422557e+01
9.499999969482422557e+01
9.739999969482421704e+01
9.619999969482421420e+01
9.519999969482421420e+01
9.519999963378906216e+01
9.459999969482421989e+01
9.779999963378905647e+01
9.419999963378906216e+01
9.459999963378906784e+01
9.539999963378906500e+01
9.419999963378906216e+01
9.700000006103515204e+01
9.079999975585937477e+01
9.299999969482422557e+01
9.400000012207031830e+01
9.560000012207031261e+01
9.540000006103515773e+01
9.639999969482421704e+01
9.379999969482422273e+01
8.879999945068360034e+01
8.459999993896484227e+01
9.599999969482422557e+01
9.600000012207031830e+01
9.140000006103515773e+01
9.519999975585938046e+01
9.540000006103515773e+01
9.739999969482421704e+01
9.640000006103515773e+01
9.240000012207030977e+01
9.339999975585936909e+01
9.499999975585937761e+01
9.440000006103515773e+01
9.540000000000000568e+01
9.639999963378906500e+01
9.639999963378906500e+01
9.599999963378905932e+01
8.099999957275390727e+01
9.619999969482421420e+01
9.500000006103515204e+01
9.599999963378905932e+01
9.540000006103515773e+01
9.520000000000000284e+01
9.619999963378906216e+01
9.579999963378905647e+01
9.719999963378906216e+01
9.519999969482421420e+01
9.439999987792968739e+01
9.579999975585937477e+01
9.619999969482421420e+01
9.539999975585936909e+01
9.640000006103515773e+01
9.719999963378906216e+01
9.439999981689453534e+01
9.339999969482421704e+01
9.620000000000000284e+01
9.519999963378906216e+01
9.520000006103515489e+01
9.399999969482422557e+01
9.560000006103516057e+01
9.559999969482421989e+01
9.739999963378906500e+01
9.739999969482421704e+01
9.579999963378905647e+01
9.520000006103515489e+01
9.620000000000000284e+01
9.800000000000000000e+01
9.759999999999999432e+01
9.719999963378906216e+01
9.219999975585938046e+01
9.619999963378906216e+01
9.480000012207031546e+01
9.799999969482422557e+01
9.360000012207031261e+01
9.579999969482422273e+01
9.560000006103516057e+01
9.879999999999999716e+01
9.579999963378905647e+01
9.760000006103516057e+01
9.499999963378905932e+01
9.440000000000000568e+01
9.480000012207031546e+01
9.659999963378906784e+01
9.459999969482421989e+01
9.400000012207031830e+01
9.679999969482422273e+01
9.639999963378906500e+01
9.479999963378905647e+01
9.679999963378905647e+01
9.599999969482422557e+01
9.239999938964844262e+01
9.400000006103515204e+01
9.359999969482421989e+01
9.659999963378906784e+01
9.719999969482421420e+01
9.540000012207030977e+01
9.380000012207031546e+01
9.579999969482422273e+01
9.280000006103514920e+01
9.419999975585938046e+01
9.640000006103515773e+01
9.679999969482422273e+01
9.659999963378906784e+01
9.459999975585937193e+01
9.559999963378906784e+01
9.660000012207031261e+01
9.519999969482421420e+01
9.339999938964844262e+01
9.660000012207031261e+01
9.460000006103516057e+01
9.319999969482421420e+01
9.259999938964843125e+01
8.539999945068359466e+01
9.039999975585936909e+01
9.539999969482421704e+01
9.439999963378906500e+01
9.359999969482421989e+01
9.239999938964844262e+01
9.499999975585937761e+01
9.479999975585937477e+01
9.620000006103515489e+01
9.399999963378905932e+01
9.539999969482421704e+01
9.440000006103515773e+01
9.500000012207031830e+01
9.499999963378905932e+01
9.559999963378906784e+01
9.439999969482421704e+01
9.539999963378906500e+01
9.399999963378905932e+01
9.119999969482421420e+01
9.360000006103516057e+01
9.600000012207031830e+01
9.679999969482422273e+01
9.460000006103516057e+01
9.379999963378905647e+01
9.340000000000000568e+01
9.399999938964843693e+01
9.419999963378906216e+01
9.640000000000000568e+01
9.700000000000000000e+01
9.600000000000000000e+01
9.740000006103515773e+01
9.139999945068359466e+01
9.740000006103515773e+01
9.740000000000000568e+01
9.659999963378906784e+01
9.700000006103515204e+01
9.620000006103515489e+01
9.600000006103515204e+01
9.460000006103516057e+01
9.480000012207031546e+01
8.999999938964843693e+01
9.679999963378905647e+01
9.080000012207031546e+01
9.699999969482422557e+01
9.139999938964844262e+01
9.579999963378905647e+01
9.540000006103515773e+01
9.700000000000000000e+01
9.719999969482421420e+01
9.419999963378906216e+01
9.639999963378906500e+01
9.419999975585938046e+01
9.639999963378906500e+01
9.420000006103515489e+01
9.600000012207031830e+01
9.420000012207030693e+01
9.420000006103515489e+01
9.600000006103515204e+01
9.520000006103515489e+01
9.440000012207030977e+01
9.659999963378906784e+01
9.620000006103515489e+01
9.359999975585937193e+01
9.699999963378905932e+01
9.399999963378905932e+01
9.599999963378905932e+01
9.620000006103515489e+01
9.339999938964844262e+01
9.380000012207031546e+01
9.399999969482422557e+01
9.579999999999999716e+01
9.780000006103514920e+01
9.659999969482421989e+01
9.540000012207030977e+01
9.559999999999999432e+01
9.519999963378906216e+01
9.199999969482422557e+01
8.939999981689453534e+01
8.119999987792968454e+01
9.720000006103515489e+01
9.659999969482421989e+01
9.320000012207030693e+01
9.079999981689452682e+01
9.679999963378905647e+01
9.299999975585937761e+01
9.519999938964843977e+01
9.439999963378906500e+01
9.459999963378906784e+01
9.600000006103515204e+01
9.619999963378906216e+01
9.519999969482421420e+01
9.539999963378906500e+01
9.400000012207031830e+01
9.679999975585937477e+01
9.740000006103515773e+01
9.739999963378906500e+01
9.679999938964843409e+01
8.399999938964843693e+01
9.659999999999999432e+01
9.419999963378906216e+01
9.459999963378906784e+01
9.700000000000000000e+01
9.440000012207030977e+01
9.719999963378906216e+01
9.620000006103515489e+01
9.639999963378906500e+01
9.679999969482422273e+01
9.219999975585938046e+01
9.539999969482421704e+01
9.280000012207031546e+01
9.579999969482422273e+01
9.519999969482421420e+01
9.519999969482421420e+01
9.480000006103514920e+01
9.499999963378905932e+01
9.479999969482422273e+01
9.619999963378906216e+01
9.380000012207031546e+01
9.580000006103514920e+01
9.500000006103515204e+01
9.420000006103515489e+01
9.540000006103515773e+01
9.539999963378906500e+01
9.720000000000000284e+01
9.440000006103515773e+01
9.480000012207031546e+01
9.640000006103515773e+01
9.619999969482421420e+01
9.440000012207030977e+01
9.679999963378905647e+01
9.640000000000000568e+01
9.740000000000000568e+01
9.660000006103516057e+01
9.700000006103515204e+01
9.380000012207031546e+01
9.639999969482421704e+01
9.439999969482421704e+01
9.680000006103514920e+01
9.120000006103515489e+01
9.640000006103515773e+01
9.420000006103515489e+01
9.579999969482422273e+01
9.360000006103516057e+01
9.419999993896485080e+01
9.419999963378906216e+01
9.679999963378905647e+01
9.760000006103516057e+01
8.619999987792968454e+01
9.359999975585937193e+01
9.180000012207031546e+01
9.560000012207031261e+01
9.460000006103516057e+01
9.700000006103515204e+01
9.600000012207031830e+01
9.099999938964843693e+01
9.640000006103515773e+01
9.659999975585937193e+01
9.620000006103515489e+01
9.499999969482422557e+01
9.760000006103516057e+01
9.459999981689453818e+01
9.619999963378906216e+01
9.579999969482422273e+01
9.720000006103515489e+01
9.620000006103515489e+01
9.539999969482421704e+01
9.639999969482421704e+01
9.639999969482421704e+01
9.220000012207030693e+01
9.099999975585937761e+01
9.459999975585937193e+01
9.679999969482422273e+01
9.579999999999999716e+01
9.639999969482421704e+01
9.640000006103515773e+01
9.279999975585937477e+01
9.479999963378905647e+01
9.600000012207031830e+01
9.599999969482422557e+01
9.679999963378905647e+01
9.539999969482421704e+01
9.600000006103515204e+01
9.159999963378906784e+01
8.919999975585938046e+01
9.640000012207030977e+01
9.600000006103515204e+01
9.639999975585936909e+01
9.459999999999999432e+01
9.519999969482421420e+01
9.540000006103515773e+01
9.520000006103515489e+01
9.419999969482421420e+01
9.019999975585938046e+01
9.299999969482422557e+01
9.339999975585936909e+01
9.380000012207031546e+01
9.660000012207031261e+01
9.499999969482422557e+01
9.580000006103514920e+01
9.579999975585937477e+01
9.600000012207031830e+01
9.740000000000000568e+01
9.419999975585938046e+01
9.519999969482421420e+01
9.679999963378905647e+01
9.640000012207030977e+01
9.539999963378906500e+01
9.239999975585936909e+01
9.459999969482421989e+01
9.700000000000000000e+01
9.380000012207031546e+01
9.740000006103515773e+01
9.739999963378906500e+01
9.460000006103516057e+01
9.499999963378905932e+01
9.199999969482422557e+01
9.480000006103514920e+01
9.639999969482421704e+01
9.539999963378906500e+01
9.740000006103515773e+01
9.660000006103516057e+01
9.380000006103514920e+01
7.759999993896484227e+01
9.340000012207030977e+01
9.399999963378905932e+01
9.359999969482421989e+01
9.519999969482421420e+01
9.440000006103515773e+01
9.600000006103515204e+01
9.479999999999999716e+01
9.439999963378906500e+01
9.399999963378905932e+01
8.699999975585937761e+01
9.520000012207030693e+01
9.260000006103516057e+01
9.499999963378905932e+01
9.579999999999999716e+01
9.679999963378905647e+01
9.520000006103515489e+01
9.539999975585936909e+01
8.079999981689452682e+01
9.460000012207031261e+01
9.359999969482421989e+01
9.560000006103516057e+01
9.579999975585937477e+01
9.259999938964843125e+01
9.640000006103515773e+01
9.520000000000000284e+01
9.659999963378906784e+01
9.539999963378906500e+01
9.459999999999999432e+01
9.679999999999999716e+01
9.700000006103515204e+01
9.640000012207030977e+01
9.299999981689452966e+01
9.540000006103515773e+01
9.719999963378906216e+01
9.559999969482421989e+01
9.679999969482422273e+01
9.779999963378905647e+01
9.459999969482421989e+01
9.540000012207030977e+01
9.440000000000000568e+01
9.580000006103514920e+01
9.500000006103515204e+01
8.999999969482422557e+01
9.639999963378906500e+01
9.719999963378906216e+01
9.580000006103514920e+01
9.620000000000000284e+01
9.640000000000000568e+01
9.640000006103515773e+01
9.719999969482421420e+01
9.219999975585938046e+01
9.500000012207031830e+01
9.320000012207030693e+01
9.700000012207031830e+01
9.479999969482422273e+01
9.540000000000000568e+01
9.460000006103516057e+01
9.619999969482421420e+01
9.099999938964843693e+01
9.759999963378906784e+01
9.559999969482421989e+01
9.619999963378906216e+01
9.639999963378906500e+01
9.800000006103515204e+01
9.699999963378905932e+01
9.620000006103515489e+01
9.520000000000000284e+01
9.599999963378905932e+01
9.639999963378906500e+01
9.500000012207031830e+01
9.720000006103515489e+01
9.540000012207030977e+01
9.659999963378906784e+01
9.779999999999999716e+01
8.899999945068358898e+01
9.499999938964843693e+01
9.659999975585937193e+01
9.400000000000000000e+01
9.499999969482422557e+01
9.520000012207030693e+01
9.659999963378906784e+01
9.559999975585937193e+01
9.519999963378906216e+01
9.500000006103515204e+01
9.639999969482421704e+01
9.800000000000000000e+01
9.740000000000000568e+01
9.599999963378905932e+01
9.599999963378905932e+01
9.620000012207030693e+01
9.800000000000000000e+01
9.380000006103514920e+01
9.540000006103515773e+01
9.739999963378906500e+01
9.819999963378906216e+01
9.560000006103516057e+01
9.399999963378905932e+01
9.659999999999999432e+01
9.679999999999999716e+01
9.339999938964844262e+01
9.559999963378906784e+01
9.339999969482421704e+01
9.499999963378905932e+01
9.579999963378905647e+01
9.579999963378905647e+01
8.599999975585937761e+01
9.640000006103515773e+01
9.480000006103514920e+01
9.660000006103516057e+01
9.559999975585937193e+01
9.379999963378905647e+01
9.419999969482421420e+01
9.620000012207030693e+01
9.599999963378905932e+01
9.599999969482422557e+01
9.660000012207031261e+01
9.660000012207031261e+01
9.419999963378906216e+01
9.659999969482421989e+01
9.280000006103514920e+01
9.199999963378905932e+01
9.459999963378906784e+01
9.599999969482422557e+01
9.119999981689453250e+01
9.439999975585936909e+01
9.279999981689452682e+01
9.560000006103516057e+01
9.479999963378905647e+01
9.420000006103515489e+01
9.559999969482421989e+01
9.680000012207031546e+01
9.279999975585937477e+01
9.299999975585937761e+01
9.519999969482421420e+01
9.320000006103515489e+01
9.480000006103514920e+01
9.659999963378906784e+01
9.459999969482421989e+01
9.540000006103515773e+01
9.619999963378906216e+01
9.680000012207031546e+01
9.639999969482421704e+01
9.559999969482421989e+01
9.699999969482422557e+01
9.059999969482421989e+01
9.159999938964843125e+01
9.479999938964843409e+01
9.539999969482421704e+01
9.659999963378906784e+01
9.719999938964843977e+01
9.559999969482421989e+01
9.560000006103516057e+01
9.740000006103515773e+01
9.599999969482422557e+01
9.560000012207031261e+01
9.579999969482422273e+01
9.619999963378906216e+01
9.659999963378906784e+01
9.659999975585937193e+01
9.659999963378906784e+01
9.559999969482421989e+01
9.540000012207030977e+01
9.619999963378906216e+01
9.600000006103515204e+01
9.639999969482421704e+01
