2.522123893805309791e+01
5.774336283185840557e+01
3.097345132743362761e+00
3.407079646017699304e+01
2.168141592920353844e+01
2.809734513274336365e+01
2.964601769911504547e+01
1.548672566371681469e+01
1.084070796460176922e+01
1.548672566371681469e+01
9.292035398230089172e+00
2.168141592920353844e+01
1.393805309734513287e+01
3.761061946902654540e+01
2.190265486725663635e+01
1.548672566371681469e+01
2.035398230088495453e+01
7.743362831858407347e+00
2.632743362831858391e+01
2.168141592920353844e+01
2.035398230088495453e+01
1.548672566371681469e+01
9.292035398230089172e+00
9.292035398230089172e+00
1.084070796460176922e+01
1.858407079646017834e+01
1.084070796460176922e+01
2.013274336283186017e+01
2.345132743362831818e+01
2.013274336283186017e+01
1.548672566371681469e+01
7.743362831858407347e+00
1.084070796460176922e+01
3.738938053097345460e+01
2.013274336283186017e+01
7.743362831858407347e+00
1.106194690265486713e+01
1.548672566371681469e+01
3.584070796460176922e+01
4.225663716814159443e+01
4.646017699115044586e+00
4.203539823008849652e+01
2.190265486725663635e+01
4.690265486725663635e+01
1.238938053097345104e+01
9.292035398230089172e+00
3.584070796460176922e+01
1.084070796460176922e+01
2.345132743362831818e+01
2.013274336283186017e+01
2.809734513274336365e+01
1.703539823008849652e+01
9.292035398230089172e+00
6.194690265486725522e+00
1.858407079646017834e+01
1.703539823008849652e+01
2.168141592920353844e+01
4.690265486725663635e+01
1.548672566371681381e+00
1.570796460176991083e+01
2.345132743362831818e+01
1.725663716814159443e+01
3.097345132743362761e+00
7.743362831858407347e+00
1.570796460176991083e+01
1.703539823008849652e+01
1.261061946902654896e+01
1.858407079646017834e+01
2.035398230088495453e+01
1.703539823008849652e+01
2.168141592920353844e+01
1.084070796460176922e+01
9.292035398230089172e+00
4.646017699115044586e+00
1.858407079646017834e+01
1.238938053097345104e+01
3.738938053097345460e+01
1.858407079646017834e+01
1.084070796460176922e+01
1.415929203539823078e+01
2.500000000000000000e+01
7.964601769911504370e+00
7.743362831858407347e+00
1.725663716814159443e+01
1.725663716814159443e+01
1.415929203539823078e+01
1.261061946902654896e+01
7.743362831858407347e+00
1.084070796460176922e+01
1.261061946902654896e+01
2.035398230088495453e+01
1.570796460176991083e+01
9.292035398230089172e+00
1.238938053097345104e+01
1.238938053097345104e+01
1.084070796460176922e+01
1.084070796460176922e+01
1.084070796460176922e+01
1.084070796460176922e+01
1.084070796460176922e+01
1.238938053097345104e+01
1.084070796460176922e+01
1.084070796460176922e+01
9.292035398230089172e+00
1.084070796460176922e+01
1.084070796460176922e+01
9.292035398230089172e+00
1.393805309734513287e+01
1.084070796460176922e+01
1.238938053097345104e+01
1.084070796460176922e+01
7.743362831858407347e+00
6.194690265486725522e+00
1.238938053097345104e+01
1.084070796460176922e+01
9.292035398230089172e+00
1.238938053097345104e+01
1.084070796460176922e+01
9.292035398230089172e+00
1.238938053097345104e+01
1.238938053097345104e+01
7.743362831858407347e+00
9.292035398230089172e+00
1.084070796460176922e+01
9.292035398230089172e+00
1.393805309734513287e+01
1.548672566371681469e+01
1.084070796460176922e+01
9.292035398230089172e+00
1.238938053097345104e+01
1.084070796460176922e+01
1.393805309734513287e+01
1.084070796460176922e+01
1.084070796460176922e+01
7.743362831858407347e+00
7.743362831858407347e+00
9.292035398230089172e+00
1.084070796460176922e+01
7.743362831858407347e+00
9.292035398230089172e+00
9.292035398230089172e+00
1.084070796460176922e+01
9.292035398230089172e+00
9.292035398230089172e+00
9.292035398230089172e+00
1.238938053097345104e+01
1.084070796460176922e+01
6.194690265486725522e+00
9.292035398230089172e+00
1.084070796460176922e+01
1.238938053097345104e+01
7.743362831858407347e+00
9.292035398230089172e+00
1.084070796460176922e+01
7.743362831858407347e+00
1.084070796460176922e+01
9.292035398230089172e+00
1.084070796460176922e+01
1.238938053097345104e+01
1.084070796460176922e+01
1.238938053097345104e+01
9.292035398230089172e+00
9.292035398230089172e+00
9.292035398230089172e+00
1.238938053097345104e+01
1.238938053097345104e+01
9.292035398230089172e+00
1.238938053097345104e+01
1.084070796460176922e+01
1.238938053097345104e+01
1.238938053097345104e+01
1.084070796460176922e+01
1.238938053097345104e+01
1.238938053097345104e+01
9.292035398230089172e+00
9.292035398230089172e+00
1.084070796460176922e+01
9.292035398230089172e+00
1.084070796460176922e+01
1.238938053097345104e+01
9.292035398230089172e+00
7.743362831858407347e+00
1.084070796460176922e+01
1.084070796460176922e+01
9.292035398230089172e+00
9.292035398230089172e+00
1.238938053097345104e+01
7.743362831858407347e+00
1.238938053097345104e+01
9.292035398230089172e+00
7.743362831858407347e+00
7.743362831858407347e+00
1.084070796460176922e+01
1.084070796460176922e+01
9.292035398230089172e+00
9.292035398230089172e+00
7.743362831858407347e+00
1.084070796460176922e+01
1.238938053097345104e+01
1.084070796460176922e+01
