3.741648106904231952e+01
1.870824053452115976e+01
1.091314031180400868e+01
1.870824053452115976e+01
3.118040089086859723e+01
2.806236080178173609e+01
6.414253897550111105e+01
2.338530066815144792e+01
2.026726057906458678e+01
3.585746102449888895e+01
2.494432071269487849e+01
1.247216035634743925e+01
3.118040089086859723e+01
2.026726057906458678e+01
3.429844097995545837e+01
2.182628062360801735e+01
2.338530066815144792e+01
1.714922048997772919e+01
1.559020044543429862e+01
6.236080178173719624e+00
3.919821826280623611e+01
2.338530066815144792e+01
4.387527839643652783e+01
1.403118040089086804e+01
1.559020044543429862e+01
1.559020044543429862e+01
6.236080178173719624e+00
1.870824053452115976e+01
1.091314031180400868e+01
1.403118040089086804e+01
1.403118040089086804e+01
6.236080178173719624e+00
1.870824053452115976e+01
2.026726057906458678e+01
5.011135857461024301e+01
1.091314031180400868e+01
1.870824053452115976e+01
9.354120267260579880e+00
1.714922048997772919e+01
1.247216035634743925e+01
2.494432071269487849e+01
2.650334075723830907e+01
1.714922048997772919e+01
1.714922048997772919e+01
1.559020044543429862e+01
3.429844097995545837e+01
1.559020044543429862e+01
2.338530066815144792e+01
2.650334075723830907e+01
1.559020044543429862e+01
1.403118040089086804e+01
9.354120267260579880e+00
9.354120267260579880e+00
1.403118040089086804e+01
1.091314031180400868e+01
1.559020044543429862e+01
1.870824053452115976e+01
1.091314031180400868e+01
1.247216035634743925e+01
1.581291759465478819e+01
7.795100222717149308e+00
1.870824053452115976e+01
9.354120267260579880e+00
1.247216035634743925e+01
1.091314031180400868e+01
9.354120267260579880e+00
1.091314031180400868e+01
9.354120267260579880e+00
2.048997772828507635e+01
1.091314031180400868e+01
1.247216035634743925e+01
2.026726057906458678e+01
1.559020044543429862e+01
1.247216035634743925e+01
2.650334075723830907e+01
2.026726057906458678e+01
1.091314031180400868e+01
2.650334075723830907e+01
6.236080178173719624e+00
3.118040089086859723e+01
1.247216035634743925e+01
1.269487750556792882e+01
1.559020044543429862e+01
1.247216035634743925e+01
1.403118040089086804e+01
1.559020044543429862e+01
1.091314031180400868e+01
1.091314031180400868e+01
2.026726057906458678e+01
1.870824053452115976e+01
1.247216035634743925e+01
7.795100222717149308e+00
1.247216035634743925e+01
1.247216035634743925e+01
1.247216035634743925e+01
1.091314031180400868e+01
1.091314031180400868e+01
1.091314031180400868e+01
1.091314031180400868e+01
1.403118040089086804e+01
1.247216035634743925e+01
1.091314031180400868e+01
7.795100222717149308e+00
1.091314031180400868e+01
1.559020044543429862e+01
1.559020044543429862e+01
1.091314031180400868e+01
1.091314031180400868e+01
1.403118040089086804e+01
7.795100222717149308e+00
9.354120267260579880e+00
1.247216035634743925e+01
1.247216035634743925e+01
1.091314031180400868e+01
1.091314031180400868e+01
1.091314031180400868e+01
7.795100222717149308e+00
9.354120267260579880e+00
1.247216035634743925e+01
9.354120267260579880e+00
7.795100222717149308e+00
9.354120267260579880e+00
1.247216035634743925e+01
1.091314031180400868e+01
1.091314031180400868e+01
1.091314031180400868e+01
1.091314031180400868e+01
1.559020044543429862e+01
1.247216035634743925e+01
9.354120267260579880e+00
1.091314031180400868e+01
9.354120267260579880e+00
9.354120267260579880e+00
7.795100222717149308e+00
9.354120267260579880e+00
7.795100222717149308e+00
9.354120267260579880e+00
7.795100222717149308e+00
1.091314031180400868e+01
1.091314031180400868e+01
1.247216035634743925e+01
9.354120267260579880e+00
1.091314031180400868e+01
1.247216035634743925e+01
1.091314031180400868e+01
9.354120267260579880e+00
9.354120267260579880e+00
9.354120267260579880e+00
9.354120267260579880e+00
7.795100222717149308e+00
1.091314031180400868e+01
1.091314031180400868e+01
1.091314031180400868e+01
9.354120267260579880e+00
1.091314031180400868e+01
9.354120267260579880e+00
1.091314031180400868e+01
1.091314031180400868e+01
9.354120267260579880e+00
1.247216035634743925e+01
7.795100222717149308e+00
9.354120267260579880e+00
9.354120267260579880e+00
7.795100222717149308e+00
9.354120267260579880e+00
9.354120267260579880e+00
9.354120267260579880e+00
1.247216035634743925e+01
9.354120267260579880e+00
1.091314031180400868e+01
9.354120267260579880e+00
7.795100222717149308e+00
1.247216035634743925e+01
1.247216035634743925e+01
1.247216035634743925e+01
9.354120267260579880e+00
9.354120267260579880e+00
9.354120267260579880e+00
7.795100222717149308e+00
7.795100222717149308e+00
7.795100222717149308e+00
1.247216035634743925e+01
1.247216035634743925e+01
9.354120267260579880e+00
1.247216035634743925e+01
7.795100222717149308e+00
9.354120267260579880e+00
7.795100222717149308e+00
1.403118040089086804e+01
1.091314031180400868e+01
1.091314031180400868e+01
1.091314031180400868e+01
7.795100222717149308e+00
9.354120267260579880e+00
7.795100222717149308e+00
1.091314031180400868e+01
1.091314031180400868e+01
1.247216035634743925e+01
9.354120267260579880e+00
9.354120267260579880e+00
