4.666666666666666430e+01
4.977777777777777857e+01
2.177777777777777857e+01
2.488888888888888928e+01
1.400000000000000000e+01
3.888888888888888573e+01
2.800000000000000000e+01
3.133333333333333215e+01
6.888888888888888573e+01
6.222222222222222321e+00
1.888888888888888928e+01
4.377777777777777857e+01
7.777777777777777679e+00
1.555555555555555580e+00
3.133333333333333215e+01
2.977777777777777857e+01
3.288888888888888573e+01
1.866666666666666785e+01
1.866666666666666785e+01
3.466666666666666430e+01
3.288888888888888573e+01
1.088888888888888928e+01
2.177777777777777857e+01
2.666666666666666785e+01
3.733333333333333570e+01
2.511111111111111072e+01
3.733333333333333570e+01
1.711111111111111072e+01
1.866666666666666785e+01
1.400000000000000000e+01
3.266666666666666430e+01
1.866666666666666785e+01
2.355555555555555713e+01
1.088888888888888928e+01
1.866666666666666785e+01
2.022222222222222143e+01
3.422222222222222143e+01
1.088888888888888928e+01
2.044444444444444287e+01
1.244444444444444464e+01
2.333333333333333215e+01
2.355555555555555713e+01
1.555555555555555536e+01
2.177777777777777857e+01
1.555555555555555536e+01
1.733333333333333215e+01
2.977777777777777857e+01
2.044444444444444287e+01
1.711111111111111072e+01
2.822222222222222143e+01
2.488888888888888928e+01
2.177777777777777857e+01
1.111111111111111072e+01
2.822222222222222143e+01
1.711111111111111072e+01
1.866666666666666785e+01
2.955555555555555713e+01
1.111111111111111072e+01
2.488888888888888928e+01
2.022222222222222143e+01
9.333333333333333925e+00
3.266666666666666430e+01
2.177777777777777857e+01
2.488888888888888928e+01
3.444444444444444287e+01
2.800000000000000000e+01
1.555555555555555536e+01
2.488888888888888928e+01
2.333333333333333215e+01
0.000000000000000000e+00
7.777777777777777679e+00
6.222222222222222321e+00
3.111111111111111072e+01
1.400000000000000000e+01
6.222222222222222321e+00
9.333333333333333925e+00
2.177777777777777857e+01
2.488888888888888928e+01
1.400000000000000000e+01
1.555555555555555536e+01
2.644444444444444287e+01
1.555555555555555536e+01
1.400000000000000000e+01
1.866666666666666785e+01
1.244444444444444464e+01
1.088888888888888928e+01
1.888888888888888928e+01
1.400000000000000000e+01
1.400000000000000000e+01
1.555555555555555536e+01
1.244444444444444464e+01
1.088888888888888928e+01
1.555555555555555536e+01
1.400000000000000000e+01
1.555555555555555536e+01
1.555555555555555536e+01
1.711111111111111072e+01
1.711111111111111072e+01
1.711111111111111072e+01
1.555555555555555536e+01
1.400000000000000000e+01
1.555555555555555536e+01
1.711111111111111072e+01
1.711111111111111072e+01
1.711111111111111072e+01
1.711111111111111072e+01
1.866666666666666785e+01
1.555555555555555536e+01
1.711111111111111072e+01
1.555555555555555536e+01
1.555555555555555536e+01
1.866666666666666785e+01
1.866666666666666785e+01
1.866666666666666785e+01
1.555555555555555536e+01
1.711111111111111072e+01
1.555555555555555536e+01
1.555555555555555536e+01
1.555555555555555536e+01
1.866666666666666785e+01
1.555555555555555536e+01
2.022222222222222143e+01
1.711111111111111072e+01
1.400000000000000000e+01
1.866666666666666785e+01
1.400000000000000000e+01
1.711111111111111072e+01
1.400000000000000000e+01
1.400000000000000000e+01
1.555555555555555536e+01
1.555555555555555536e+01
1.400000000000000000e+01
1.711111111111111072e+01
1.400000000000000000e+01
1.400000000000000000e+01
1.555555555555555536e+01
1.555555555555555536e+01
1.400000000000000000e+01
1.400000000000000000e+01
1.400000000000000000e+01
1.400000000000000000e+01
1.400000000000000000e+01
1.711111111111111072e+01
1.400000000000000000e+01
1.555555555555555536e+01
1.555555555555555536e+01
1.400000000000000000e+01
1.555555555555555536e+01
1.400000000000000000e+01
1.711111111111111072e+01
1.400000000000000000e+01
1.866666666666666785e+01
1.400000000000000000e+01
1.555555555555555536e+01
1.244444444444444464e+01
1.866666666666666785e+01
1.711111111111111072e+01
2.022222222222222143e+01
1.555555555555555536e+01
1.555555555555555536e+01
1.711111111111111072e+01
1.555555555555555536e+01
1.866666666666666785e+01
1.400000000000000000e+01
1.400000000000000000e+01
1.866666666666666785e+01
1.711111111111111072e+01
1.866666666666666785e+01
1.711111111111111072e+01
1.866666666666666785e+01
1.400000000000000000e+01
1.400000000000000000e+01
1.555555555555555536e+01
1.555555555555555536e+01
1.400000000000000000e+01
1.711111111111111072e+01
1.555555555555555536e+01
1.555555555555555536e+01
1.711111111111111072e+01
1.866666666666666785e+01
1.555555555555555536e+01
1.711111111111111072e+01
1.555555555555555536e+01
1.711111111111111072e+01
1.711111111111111072e+01
1.711111111111111072e+01
1.555555555555555536e+01
1.400000000000000000e+01
1.400000000000000000e+01
1.400000000000000000e+01
1.555555555555555536e+01
1.711111111111111072e+01
1.244444444444444464e+01
1.400000000000000000e+01
1.400000000000000000e+01
1.400000000000000000e+01
1.866666666666666785e+01
1.711111111111111072e+01
1.866666666666666785e+01
1.866666666666666785e+01
