6.139999984741211136e+01
0.000000000000000000e+00
2.199999988555908281e+00
0.000000000000000000e+00
2.399999999999999911e+00
3.799999972534179449e+01
2.400000003051757957e+01
6.000000007629394894e+00
6.600000007629394538e+00
3.139999972534179662e+01
1.800000000000000044e+00
8.399999994277953519e+00
3.599999994277954141e+00
1.199999988555908281e+00
2.399999994277953963e+00
8.000000000000000444e-01
5.999999988555908104e+00
1.679999989318847753e+01
1.999999988555908104e+00
1.999999988555908104e+00
1.479999998474121092e+01
4.199999977111816385e+00
1.299999992370605462e+01
6.000000007629394894e+00
4.599999977111816740e+00
6.200000000000000178e+00
7.199999946594238587e+00
1.320000001525878908e+01
1.759999989318847824e+01
1.999999994277954052e+00
2.339999999999999858e+01
3.600000000000000089e+00
6.000000000000000000e+00
1.479999989318847575e+01
1.079999998474121092e+01
4.199999946594238587e+00
2.399999999999999911e+00
4.199999977111816385e+00
5.199999977111816385e+00
9.400000007629394361e+00
1.260000000762939365e+01
5.879999990844726909e+01
5.199999988555908281e+00
4.199999984741211279e+01
3.399999988555908015e+00
6.999999946594238409e+00
7.799999977111816030e+00
7.199999988555908281e+00
5.800000015258788721e+00
6.600000015258789432e+00
6.399999994277954407e+00
7.799999999999999822e+00
5.999999946594238409e+00
3.599999977111816296e+00
1.579999992370605533e+01
2.799999994277954318e+00
7.600000007629394538e+00
6.600000007629394538e+00
1.579999992370605533e+01
5.599999988555908637e+00
6.399999977111816563e+00
4.199999988555908281e+00
5.000000000000000000e+00
1.819999998474121128e+01
1.259999997711181585e+01
9.999999984741210213e+00
5.799999988555907926e+00
5.199999988555908281e+00
8.200000007629395071e+00
8.800000015258788721e+00
1.159999994659423805e+01
1.419999994659423770e+01
8.600000015258789432e+00
6.800000007629394716e+00
6.599999988555908637e+00
5.399999994277954407e+00
1.160000001525878943e+01
1.059999995422363206e+01
2.060000001525878943e+01
2.319999992370605568e+01
2.999999988555908104e+00
4.999999988555908104e+00
1.099999998855590810e+01
9.999999977111816207e+00
9.600000007629393650e+00
1.020000001525878908e+01
9.599999923706054261e+00
1.019999994659423770e+01
1.099999994659423841e+01
9.599999988555907748e+00
1.019999998474121128e+01
1.040000001525878837e+01
1.139999998855590846e+01
9.999999954223632415e+00
9.799999977111816918e+00
9.399999977111816563e+00
1.039999998474121057e+01
1.059999997711181585e+01
1.019999998474121128e+01
1.059999995422363206e+01
1.160000001525878943e+01
1.119999998855590739e+01
9.800000007629394716e+00
1.020000000762939507e+01
1.159999997711181585e+01
1.199999995422363241e+01
1.259999998474121163e+01
1.140000001525878837e+01
1.199999986267089902e+01
1.280000001525878872e+01
1.239999998855590846e+01
1.260000001525878943e+01
1.639999999999999858e+01
1.700000003051757957e+01
1.299999995422363241e+01
2.019999986267090009e+01
1.839999992370605497e+01
2.159999987792968668e+01
1.640000003051757815e+01
2.139999992370605497e+01
2.100000001525878801e+01
2.299999998474121199e+01
2.239999989318847540e+01
3.119999993896484369e+01
3.399999981689452966e+01
2.939999993896484298e+01
3.220000000000000284e+01
3.079999984741210994e+01
3.159999981689453108e+01
3.219999996948241971e+01
3.219999981689453250e+01
3.359999978637695506e+01
3.379999999999999716e+01
3.239999990844726341e+01
3.339999975585937619e+01
3.319999987792968454e+01
3.459999989318847469e+01
3.279999993896484511e+01
3.179999984741210994e+01
3.339999981689452824e+01
3.379999969482421562e+01
3.119999990844726412e+01
3.379999993896484511e+01
3.260000003051757744e+01
3.319999984741210852e+01
3.399999996948242398e+01
3.499999978637695364e+01
3.199999993896484440e+01
3.459999981689453108e+01
3.659999975585937193e+01
3.399999972534179449e+01
3.519999984741210852e+01
3.259999993896484227e+01
3.439999984741211136e+01
3.579999975585937477e+01
3.399999975585937761e+01
3.499999993896484085e+01
3.439999987792968739e+01
3.539999969482421704e+01
3.600000003051757602e+01
3.659999987792969023e+01
3.439999978637695222e+01
3.579999984741210994e+01
3.499999987792968881e+01
3.520000000000000284e+01
3.619999981689453250e+01
3.039999987792968739e+01
3.599999990844726483e+01
3.439999981689452824e+01
3.399999987792968881e+01
3.819999978637695648e+01
3.679999990844726909e+01
3.459999990844726625e+01
3.480000003051758029e+01
3.600000006103515915e+01
3.539999984741211136e+01
3.699999993896484085e+01
3.699999969482421847e+01
3.659999993896484227e+01
3.700000000000000000e+01
3.459999993896484227e+01
3.559999996948242540e+01
3.459999969482421989e+01
3.699999978637695364e+01
3.679999972534179875e+01
3.779999981689453392e+01
3.819999972534179733e+01
3.799999981689452966e+01
3.639999984741211136e+01
3.739999990844726341e+01
3.679999993896484511e+01
3.699999978637695364e+01
3.539999987792968739e+01
3.679999987792968597e+01
3.739999987792968739e+01
3.999999969482421847e+01
3.779999984741210994e+01
3.799999978637695364e+01
3.759999969482421989e+01
3.759999981689453108e+01
