3.199999994277954229e+00
9.799999946594239120e+00
9.999999942779540518e-01
0.000000000000000000e+00
2.199999994277954229e+00
0.000000000000000000e+00
6.399999946594237876e+00
3.599999994277954141e+00
4.000000000000000222e-01
7.999999942779540962e-01
3.740000006103515773e+01
6.599999946594238054e+00
5.999999942779541406e-01
7.799999988555907926e+00
1.599999988555908192e+00
4.000000000000000000e+00
2.400000007629394361e+00
1.799999988555908148e+00
4.199999994277954229e+00
1.699999995422363241e+01
2.319999999999999929e+01
5.799999988555907926e+00
2.999999988555908104e+00
7.000000015258788899e+00
6.400000007629394361e+00
6.599999988555908637e+00
1.459999995422363206e+01
1.639999995422363455e+01
1.619999995422363170e+01
1.080000000762939472e+01
5.479999987792968597e+01
2.159999995422363384e+01
5.599999977111816740e+00
2.399999999999999911e+00
4.600000007629394538e+00
3.800000007629394716e+00
7.199999988555908281e+00
4.839999999999999858e+01
6.799999988555907926e+00
1.279999998474121092e+01
8.599999994277954585e+00
2.799999999999999822e+00
7.000000007629394894e+00
1.459999995422363206e+01
7.800000007629394716e+00
5.999999988555908104e+00
2.160000001525878943e+01
7.399999977111816563e+00
8.599999946594238054e+00
2.399999988555908015e+00
5.400000007629394361e+00
3.019999993896484369e+01
2.540000003051757815e+01
1.119999994659423770e+01
3.239999990844726341e+01
6.399999977111816563e+00
2.919999987792968810e+01
7.199999988555908281e+00
2.740000003051757815e+01
1.139999998474121057e+01
8.999999988555908104e+00
6.399999994277954407e+00
1.139999997711181656e+01
9.799999923706055327e+00
1.259999997711181585e+01
8.600000007629393650e+00
1.139999994659423876e+01
1.340000001525878837e+01
1.039999994659423876e+01
9.199999954223633480e+00
1.839999989318847540e+01
5.999999988555908104e+00
5.199999988555908281e+00
2.439999996948242256e+01
1.559999992370605426e+01
6.000000000000000000e+00
4.999999988555908104e+00
4.000000007629394894e+00
1.299999995422363241e+01
7.000000015258788899e+00
4.799999994277953874e+00
8.200000015258789077e+00
9.200000007629395071e+00
9.399999977111816563e+00
9.599999977111815852e+00
9.400000015258788366e+00
1.079999994659423912e+01
9.399999923706054972e+00
9.399999988555908459e+00
1.020000001525878908e+01
9.000000015258789787e+00
9.799999954223633125e+00
9.800000015258788721e+00
9.399999988555908459e+00
1.000000001525878979e+01
9.800000007629394716e+00
9.599999946594238054e+00
9.599999984741211634e+00
9.600000007629393650e+00
9.399999946594238764e+00
9.600000015258789432e+00
9.599999977111815852e+00
9.399999954223632770e+00
9.600000015258789432e+00
1.019999992370605391e+01
9.800000015258788721e+00
1.039999994659423876e+01
9.799999988555908814e+00
9.999999946594238409e+00
1.079999994659423912e+01
1.279999998474121092e+01
1.199999995422363241e+01
1.659999989318847824e+01
1.739999995422363455e+01
1.959999986267089866e+01
2.059999998474120986e+01
1.919999999999999929e+01
2.539999987792968739e+01
1.599999989318847682e+01
2.239999986267089938e+01
2.359999996948242185e+01
2.460000000000000142e+01
2.359999993896484227e+01
2.619999998474121128e+01
3.320000000000000284e+01
3.699999978637695364e+01
3.999999978637695364e+01
3.339999999999999858e+01
3.459999993896484227e+01
3.279999981689453392e+01
3.499999972534179449e+01
3.359999993896484227e+01
3.499999984741211279e+01
3.339999990844726341e+01
3.519999987792968454e+01
3.379999996948242114e+01
3.299999996948242398e+01
3.559999990844726625e+01
3.360000000000000142e+01
3.639999987792968739e+01
3.339999984741211136e+01
3.459999993896484227e+01
3.359999972534179591e+01
3.479999978637695079e+01
3.819999975585937335e+01
3.660000000000000142e+01
3.739999978637695222e+01
3.859999975585937193e+01
3.720000000000000284e+01
3.539999990844726341e+01
3.300000000000000000e+01
3.819999984741210852e+01
3.579999975585937477e+01
3.859999978637695506e+01
3.759999987792969023e+01
3.679999984741210994e+01
3.899999978637695364e+01
3.920000003051757886e+01
3.679999990844726909e+01
3.999999975585937761e+01
3.459999972534179591e+01
3.899999969482421847e+01
3.919999975585937335e+01
3.339999984741211136e+01
3.939999969482421704e+01
3.779999972534179875e+01
3.939999981689452824e+01
3.719999978637695648e+01
3.679999987792968597e+01
3.959999972534179591e+01
3.939999978637695222e+01
3.859999975585937193e+01
3.839999990844726341e+01
3.899999975585937761e+01
3.879999978637695079e+01
3.799999975585937761e+01
3.839999987792968739e+01
3.920000006103515489e+01
4.160000006103515346e+01
3.960000003051757744e+01
4.160000006103515346e+01
4.199999987792968881e+01
3.879999969482421562e+01
3.919999969482422131e+01
3.799999969482421847e+01
3.859999978637695506e+01
3.879999978637695079e+01
3.799999972534179449e+01
3.759999987792969023e+01
3.819999969482422131e+01
4.039999978637695222e+01
4.159999984741210710e+01
4.159999984741210710e+01
3.999999969482421847e+01
3.939999972534180017e+01
4.219999981689453250e+01
4.079999981689453392e+01
3.959999972534179591e+01
4.120000003051757886e+01
3.819999972534179733e+01
