0.000000000000000000e+00
8.000000000000000444e-01
0.000000000000000000e+00
6.019999981689453250e+01
0.000000000000000000e+00
8.399999946594238764e+00
4.000000000000000222e-01
1.199999994659423841e+01
2.400000007629394361e+00
5.000000007629394894e+00
5.999999999999999778e-01
6.799999994277953874e+00
6.799999946594238232e+00
7.200000015258789077e+00
3.799999988555908370e+00
3.399999994277953963e+00
5.999999987792968881e+01
3.360000006103515346e+01
4.399999994277954407e+00
3.399999994277953963e+00
5.000000007629394894e+00
1.000000001525878979e+01
2.000000000000000000e+00
1.399999999999999911e+00
5.799999946594238232e+00
1.119999999427795423e+01
7.099999993896484796e+01
3.439999978637695222e+01
3.799999988555908370e+00
1.119999997711181727e+01
8.799999977111816918e+00
5.999999990844726483e+01
1.160000000762939365e+01
8.979999975585937477e+01
3.199999988555908281e+00
1.379999989318847575e+01
7.799999946594238232e+00
2.200000000000000178e+00
1.039999994659423876e+01
1.140000001525878837e+01
6.800000007629394716e+00
6.000000007629394894e+00
1.099999994659423841e+01
9.800000007629394716e+00
6.099999978637695364e+01
6.399999994277954407e+00
5.999999999999999778e-01
2.119999986267090009e+01
5.799999988555907926e+00
4.399999977111816563e+00
4.000000000000000222e-01
4.799999946594238232e+00
1.019999994659423770e+01
1.320000001525878908e+01
7.000000007629394894e+00
3.799999988555908370e+00
1.340000003051757815e+01
5.200000007629394183e+00
5.619999987792968454e+01
1.179999998474121092e+01
9.000000007629394005e+00
2.580000003051757673e+01
5.799999977111816030e+00
5.599999954223632948e+00
9.399999946594238764e+00
1.719999997711181550e+01
8.799999977111816918e+00
3.599999977111816296e+00
4.000000000000000222e-01
1.320000001525878908e+01
6.799999946594238232e+00
7.800000007629394716e+00
4.599999988555908637e+00
4.999999946594238409e+00
1.299999994659423841e+01
7.000000007629394894e+00
2.559999986267089866e+01
1.940000003051757815e+01
4.800000007629394716e+00
1.719999999999999929e+01
8.799999984741210923e+00
8.400000015258788366e+00
1.139999989318847717e+01
8.399999946594238764e+00
9.600000015258789432e+00
9.400000000000000355e+00
9.599999946594238054e+00
8.399999977111816563e+00
9.999999988555908104e+00
9.799999946594239120e+00
1.039999997711181656e+01
1.039999994659423876e+01
9.599999977111815852e+00
7.800000007629394716e+00
9.400000007629394361e+00
1.059999994659423805e+01
1.000000000762939401e+01
8.999999977111816207e+00
9.599999984741211634e+00
1.039999994659423876e+01
1.139999998474121057e+01
1.099999994659423841e+01
1.019999997711181727e+01
1.139999995422363277e+01
1.219999995422363348e+01
1.159999995422363206e+01
1.219999997711181727e+01
1.119999998474121128e+01
1.380000001525878872e+01
1.699999994659423663e+01
2.159999996948242185e+01
1.819999996948242327e+01
2.240000003051757815e+01
1.899999996948242043e+01
2.119999987792968810e+01
2.299999989318847682e+01
2.319999999999999929e+01
2.379999993896484511e+01
2.399999996948242043e+01
2.499999986267089724e+01
3.319999981689453250e+01
3.099999978637695364e+01
3.579999981689453392e+01
3.639999981689452824e+01
3.339999984741211136e+01
3.279999993896484511e+01
3.640000006103515773e+01
3.799999969482421847e+01
3.419999969482422131e+01
3.559999984741210710e+01
3.419999984741210852e+01
3.520000003051757886e+01
3.779999975585937477e+01
3.400000006103515915e+01
3.479999984741210994e+01
3.379999981689453392e+01
4.060000006103515346e+01
3.579999981689453392e+01
3.639999978637695222e+01
3.659999987792969023e+01
3.519999984741210852e+01
3.739999996948242256e+01
3.499999984741211279e+01
3.860000000000000142e+01
3.859999972534179591e+01
3.999999978637695364e+01
3.999999984741211279e+01
3.399999990844726483e+01
3.739999984741211136e+01
3.579999975585937477e+01
3.799999975585937761e+01
3.739999999999999858e+01
4.039999972534180017e+01
4.020000006103515489e+01
3.619999990844726767e+01
3.939999987792968739e+01
3.919999987792968454e+01
3.519999984741210852e+01
3.979999975585937477e+01
3.779999972534179875e+01
3.619999978637695648e+01
4.040000006103515773e+01
3.959999978637695506e+01
3.879999984741210994e+01
3.599999987792968881e+01
3.799999993896484085e+01
3.979999984741210994e+01
4.040000003051757460e+01
3.739999990844726341e+01
3.919999972534179733e+01
4.019999981689453250e+01
3.880000003051758029e+01
4.099999984741211279e+01
4.019999990844726767e+01
4.179999975585937477e+01
4.099999990844726483e+01
3.920000003051757886e+01
4.099999978637695364e+01
4.039999972534180017e+01
3.780000003051758029e+01
4.120000000000000284e+01
3.819999990844726767e+01
3.979999975585937477e+01
4.200000006103515915e+01
4.139999969482421704e+01
3.959999975585937193e+01
4.139999999999999858e+01
4.100000003051757602e+01
4.139999999999999858e+01
3.959999987792969023e+01
3.999999978637695364e+01
3.959999996948242540e+01
4.039999981689452824e+01
4.159999972534179591e+01
4.019999975585937335e+01
4.039999984741211136e+01
4.180000003051758029e+01
4.139999975585937619e+01
3.879999996948242114e+01
4.339999990844726341e+01
