6.593406595083384047e+01
3.890109889690692313e+01
2.000000000000000000e+01
3.890109889690692313e+01
3.582417581998385003e+01
4.373626374464768674e+01
6.065934066772460653e+01
7.010989010150615286e+01
1.714285714076115497e+01
6.769230769230769340e+01
3.142857143695538014e+01
5.186813190166766674e+01
1.076923076923077005e+01
6.153846153846154188e+00
2.483516483306884837e+01
4.549450548612154677e+01
3.736263735844539013e+01
1.714285714076115497e+01
1.230769230769230838e+01
2.175824175614577172e+01
2.571428574782151344e+01
1.714285714076115497e+01
4.615384615384614975e+00
1.890109889690692668e+01
3.582417581998385003e+01
4.879120882474459364e+01
2.659340658921462008e+01
1.758241759080153344e+01
1.428571428152230993e+01
6.373626371530385804e+00
2.109890113243690024e+01
2.065934066772461009e+01
9.230769230769229949e+00
6.153846153846154188e+00
1.868131867922269507e+01
5.494505497859074694e+01
3.824175825852613997e+01
9.230769230769229949e+00
1.252747252537653999e+01
1.560439560229961664e+01
3.032967036320613019e+01
4.087912087073692646e+01
1.098901098691500167e+01
1.890109889690692668e+01
2.813186812767615663e+01
3.032967036320613019e+01
3.978021979698768007e+01
2.659340658921462008e+01
6.153846153846154188e+00
1.714285714076115497e+01
2.725274728628305354e+01
3.604395605233999333e+01
8.131868127676156632e+00
2.043956043536846323e+01
2.681318682157076339e+01
4.285714287391076027e+01
9.450549448453463341e+00
1.406593406383807832e+01
1.230769230769230838e+01
3.428571428152230993e+01
2.571428574782151344e+01
3.318681317842924017e+01
3.472527471689077316e+01
1.098901098691500167e+01
1.736263735844538658e+01
3.208791210467998667e+01
4.835164833068847479e+00
6.153846153846154188e+00
3.934065933227539347e+01
2.197802197383000333e+01
2.065934066772461009e+01
3.494505497859074694e+01
3.142857143695538014e+01
4.835164833068847479e+00
3.604395605233999333e+01
3.362637364314152677e+01
2.197802197383000333e+01
1.560439560229961664e+01
3.802197805551382004e+01
2.351648351229153988e+01
2.571428574782151344e+01
1.890109889690692668e+01
2.549450548612154321e+01
1.428571428152230993e+01
2.043956043536846323e+01
2.857142856304461986e+01
1.934065933227538991e+01
1.934065933227538991e+01
2.087912087073693002e+01
1.604395605233999333e+01
2.549450548612154321e+01
1.934065933227538991e+01
2.087912087073693002e+01
1.934065933227538991e+01
2.241758240919846656e+01
2.879120882474459009e+01
1.758241759080153344e+01
2.703296702458308332e+01
1.934065933227538991e+01
2.857142856304461986e+01
2.417582420935997689e+01
2.263736267089843679e+01
2.571428574782151344e+01
2.395604394766000667e+01
2.747252748929537347e+01
3.054945056621845012e+01
2.571428574782151344e+01
2.263736267089843679e+01
2.901098902775691002e+01
2.417582420935997689e+01
3.032967036320613019e+01
3.032967036320613019e+01
2.395604394766000667e+01
2.725274728628305354e+01
2.263736267089843679e+01
2.571428574782151344e+01
2.087912087073693002e+01
3.208791210467998667e+01
2.395604394766000667e+01
3.362637364314152677e+01
2.857142856304461986e+01
2.417582420935997689e+01
2.241758240919846656e+01
2.571428574782151344e+01
2.747252748929537347e+01
3.208791210467998667e+01
2.571428574782151344e+01
2.747252748929537347e+01
2.087912087073693002e+01
2.879120882474459009e+01
2.571428574782151344e+01
2.879120882474459009e+01
2.901098902775691002e+01
2.725274728628305354e+01
2.725274728628305354e+01
2.879120882474459009e+01
2.395604394766000667e+01
2.571428574782151344e+01
2.241758240919846656e+01
2.395604394766000667e+01
2.571428574782151344e+01
2.725274728628305354e+01
2.241758240919846656e+01
2.395604394766000667e+01
3.032967036320613019e+01
3.032967036320613019e+01
3.208791210467998667e+01
2.571428574782151344e+01
3.054945056621845012e+01
3.208791210467998667e+01
3.208791210467998667e+01
3.032967036320613019e+01
2.725274728628305354e+01
3.208791210467998667e+01
3.208791210467998667e+01
3.054945056621845012e+01
2.549450548612154321e+01
2.725274728628305354e+01
2.725274728628305354e+01
3.208791210467998667e+01
3.054945056621845012e+01
2.725274728628305354e+01
2.725274728628305354e+01
2.725274728628305354e+01
3.208791210467998667e+01
2.725274728628305354e+01
2.879120882474459009e+01
2.571428574782151344e+01
2.725274728628305354e+01
3.054945056621845012e+01
2.725274728628305354e+01
2.901098902775691002e+01
2.879120882474459009e+01
2.725274728628305354e+01
2.901098902775691002e+01
2.879120882474459009e+01
3.032967036320613019e+01
2.571428574782151344e+01
3.054945056621845012e+01
3.208791210467998667e+01
2.901098902775691002e+01
2.879120882474459009e+01
3.032967036320613019e+01
2.725274728628305354e+01
2.879120882474459009e+01
2.725274728628305354e+01
2.879120882474459009e+01
2.725274728628305354e+01
2.725274728628305354e+01
2.725274728628305354e+01
2.901098902775691002e+01
2.571428574782151344e+01
2.703296702458308332e+01
2.901098902775691002e+01
3.032967036320613019e+01
3.054945056621845012e+01
2.725274728628305354e+01
2.879120882474459009e+01
2.417582420935997689e+01
2.879120882474459009e+01
