5.300668151447661813e+01
1.403118040089086804e+01
1.247216035634743925e+01
2.494432071269487849e+01
3.741648106904231952e+01
3.763919821826280554e+01
4.699331848552338187e+01
2.806236080178173609e+01
1.247216035634743925e+01
2.828507795100222566e+01
5.634743875278396530e+01
1.559020044543429906e+00
7.193763919821826391e+01
2.360801781737193750e+01
1.559020044543429862e+01
4.855233853006681244e+01
5.011135857461024301e+01
4.075723830734966668e+01
1.559020044543429906e+00
1.559020044543429906e+00
7.193763919821826391e+01
1.714922048997772919e+01
2.204899777282850692e+01
1.247216035634743925e+01
2.962138084632516666e+01
2.984409799554565623e+01
4.677060133630289940e+00
1.247216035634743925e+01
7.795100222717149308e+00
2.516703786191536807e+01
9.354120267260579880e+00
1.737193763919821876e+01
1.559020044543429862e+01
1.269487750556792882e+01
2.984409799554565623e+01
1.247216035634743925e+01
2.672605790645879864e+01
2.048997772828507635e+01
1.559020044543429862e+01
2.984409799554565623e+01
3.608017817371937497e+01
5.011135857461024301e+01
1.425389755011135939e+01
2.204899777282850692e+01
2.204899777282850692e+01
3.452115812917594440e+01
2.672605790645879864e+01
2.360801781737193750e+01
2.360801781737193750e+01
2.806236080178173609e+01
9.354120267260579880e+00
2.204899777282850692e+01
2.516703786191536807e+01
4.677060133630289940e+00
3.763919821826280554e+01
4.075723830734966668e+01
3.296213808463251382e+01
2.494432071269487849e+01
1.269487750556792882e+01
2.828507795100222566e+01
2.360801781737193750e+01
4.075723830734966668e+01
1.559020044543429906e+00
3.296213808463251382e+01
2.204899777282850692e+01
4.387527839643652783e+01
2.984409799554565623e+01
3.296213808463251382e+01
1.870824053452115976e+01
1.870824053452115976e+01
1.893095768374164933e+01
2.204899777282850692e+01
2.204899777282850692e+01
1.581291759465478819e+01
3.452115812917594440e+01
2.806236080178173609e+01
3.608017817371937497e+01
2.828507795100222566e+01
2.650334075723830907e+01
2.672605790645879864e+01
2.516703786191536807e+01
2.048997772828507635e+01
2.360801781737193750e+01
2.204899777282850692e+01
2.828507795100222566e+01
2.048997772828507635e+01
2.360801781737193750e+01
2.048997772828507635e+01
2.360801781737193750e+01
2.204899777282850692e+01
2.360801781737193750e+01
2.204899777282850692e+01
2.360801781737193750e+01
2.672605790645879864e+01
2.516703786191536807e+01
2.204899777282850692e+01
2.360801781737193750e+01
2.360801781737193750e+01
2.360801781737193750e+01
2.516703786191536807e+01
2.048997772828507635e+01
2.360801781737193750e+01
2.048997772828507635e+01
2.516703786191536807e+01
2.516703786191536807e+01
2.360801781737193750e+01
2.516703786191536807e+01
2.048997772828507635e+01
2.516703786191536807e+01
2.204899777282850692e+01
2.672605790645879864e+01
2.204899777282850692e+01
2.360801781737193750e+01
2.204899777282850692e+01
2.204899777282850692e+01
2.204899777282850692e+01
2.048997772828507635e+01
2.204899777282850692e+01
2.360801781737193750e+01
2.360801781737193750e+01
2.672605790645879864e+01
2.204899777282850692e+01
2.048997772828507635e+01
2.204899777282850692e+01
2.204899777282850692e+01
2.204899777282850692e+01
1.893095768374164933e+01
2.204899777282850692e+01
2.516703786191536807e+01
2.048997772828507635e+01
2.204899777282850692e+01
2.204899777282850692e+01
2.360801781737193750e+01
2.360801781737193750e+01
2.360801781737193750e+01
2.204899777282850692e+01
2.048997772828507635e+01
2.204899777282850692e+01
2.204899777282850692e+01
2.516703786191536807e+01
2.360801781737193750e+01
2.360801781737193750e+01
2.048997772828507635e+01
2.516703786191536807e+01
2.360801781737193750e+01
2.360801781737193750e+01
2.204899777282850692e+01
2.204899777282850692e+01
2.360801781737193750e+01
2.204899777282850692e+01
2.516703786191536807e+01
2.360801781737193750e+01
2.360801781737193750e+01
2.048997772828507635e+01
2.360801781737193750e+01
2.048997772828507635e+01
2.048997772828507635e+01
2.516703786191536807e+01
2.360801781737193750e+01
2.360801781737193750e+01
2.048997772828507635e+01
2.360801781737193750e+01
2.204899777282850692e+01
2.204899777282850692e+01
2.360801781737193750e+01
2.204899777282850692e+01
2.204899777282850692e+01
2.360801781737193750e+01
2.204899777282850692e+01
2.048997772828507635e+01
2.204899777282850692e+01
2.048997772828507635e+01
2.360801781737193750e+01
2.516703786191536807e+01
2.360801781737193750e+01
2.516703786191536807e+01
2.204899777282850692e+01
2.204899777282850692e+01
2.360801781737193750e+01
2.204899777282850692e+01
2.204899777282850692e+01
2.360801781737193750e+01
2.516703786191536807e+01
2.204899777282850692e+01
2.516703786191536807e+01
2.048997772828507635e+01
2.516703786191536807e+01
2.360801781737193750e+01
2.204899777282850692e+01
2.204899777282850692e+01
2.204899777282850692e+01
2.360801781737193750e+01
2.204899777282850692e+01
2.048997772828507635e+01
1.893095768374164933e+01
2.204899777282850692e+01
2.516703786191536807e+01
2.516703786191536807e+01
2.204899777282850692e+01
2.360801781737193750e+01
