6.393805309734513287e+01
3.097345132743362761e+00
3.097345132743362939e+01
4.513274336283186017e+01
1.858407079646017834e+01
3.296460176991150348e+01
4.557522123893805599e+01
4.845132743362832173e+01
3.451327433628318886e+01
1.548672566371681381e+00
1.128318584070796504e+01
1.261061946902654896e+01
3.141592920353982166e+01
1.238938053097345104e+01
1.548672566371681469e+01
3.163716814159291957e+01
2.522123893805309791e+01
5.951327433628318886e+01
3.429203539823009095e+01
2.809734513274336365e+01
2.676991150442477974e+01
3.761061946902654540e+01
2.477876106194690209e+01
1.238938053097345104e+01
3.451327433628318886e+01
4.092920353982300696e+01
3.141592920353982166e+01
2.964601769911504547e+01
3.097345132743362761e+00
1.570796460176991083e+01
3.473451327433627966e+01
2.190265486725663635e+01
1.880530973451327270e+01
6.415929203539823433e+00
2.500000000000000000e+01
4.402654867256637061e+01
3.141592920353982166e+01
7.964601769911504370e+00
2.168141592920353844e+01
1.238938053097345104e+01
2.367256637168141609e+01
1.570796460176991083e+01
1.548672566371681469e+01
2.367256637168141609e+01
2.676991150442477974e+01
2.389380530973451400e+01
4.115044247787610487e+01
2.853982300884955592e+01
3.606194690265486713e+01
1.106194690265486713e+01
2.721238938053097201e+01
2.035398230088495453e+01
2.212389380530973426e+01
2.544247787610619582e+01
1.393805309734513287e+01
1.747787610619468879e+01
2.389380530973451400e+01
3.473451327433627966e+01
7.964601769911504370e+00
2.676991150442477974e+01
3.628318584070796504e+01
2.699115044247787765e+01
3.938053097345132869e+01
2.345132743362831818e+01
3.008849557522123774e+01
2.389380530973451400e+01
2.676991150442477974e+01
9.513274336283185306e+00
2.079646017699115035e+01
3.473451327433627966e+01
1.261061946902654896e+01
3.318584070796460139e+01
1.747787610619468879e+01
4.734513274336283217e+01
1.747787610619468879e+01
3.340707964601769930e+01
1.438053097345132691e+01
3.451327433628318886e+01
2.057522123893805244e+01
4.579646017699115390e+01
2.079646017699115035e+01
2.079646017699115035e+01
2.389380530973451400e+01
2.389380530973451400e+01
2.876106194690265383e+01
3.340707964601769930e+01
3.030973451327433565e+01
3.185840707964601748e+01
2.876106194690265383e+01
2.721238938053097201e+01
3.495575221238937758e+01
2.721238938053097201e+01
3.340707964601769930e+01
3.495575221238937758e+01
3.185840707964601748e+01
3.185840707964601748e+01
2.721238938053097201e+01
3.650442477876106295e+01
2.876106194690265383e+01
3.495575221238937758e+01
3.030973451327433565e+01
3.340707964601769930e+01
3.495575221238937758e+01
3.650442477876106295e+01
2.876106194690265383e+01
2.876106194690265383e+01
2.876106194690265383e+01
3.340707964601769930e+01
3.185840707964601748e+01
3.340707964601769930e+01
3.340707964601769930e+01
3.340707964601769930e+01
2.721238938053097201e+01
3.185840707964601748e+01
3.960176991150442660e+01
3.805309734513274122e+01
3.030973451327433565e+01
3.495575221238937758e+01
3.340707964601769930e+01
3.340707964601769930e+01
3.495575221238937758e+01
3.185840707964601748e+01
2.876106194690265383e+01
3.340707964601769930e+01
3.340707964601769930e+01
3.340707964601769930e+01
3.340707964601769930e+01
3.340707964601769930e+01
3.495575221238937758e+01
3.340707964601769930e+01
3.340707964601769930e+01
3.340707964601769930e+01
3.340707964601769930e+01
3.185840707964601748e+01
3.340707964601769930e+01
2.876106194690265383e+01
3.340707964601769930e+01
3.340707964601769930e+01
3.185840707964601748e+01
3.340707964601769930e+01
3.340707964601769930e+01
3.340707964601769930e+01
3.340707964601769930e+01
2.721238938053097201e+01
3.340707964601769930e+01
3.185840707964601748e+01
3.340707964601769930e+01
3.495575221238937758e+01
3.030973451327433565e+01
3.185840707964601748e+01
3.340707964601769930e+01
3.495575221238937758e+01
3.340707964601769930e+01
3.185840707964601748e+01
2.721238938053097201e+01
3.340707964601769930e+01
3.340707964601769930e+01
3.185840707964601748e+01
3.185840707964601748e+01
3.185840707964601748e+01
3.340707964601769930e+01
2.721238938053097201e+01
3.340707964601769930e+01
3.030973451327433565e+01
3.340707964601769930e+01
3.340707964601769930e+01
3.340707964601769930e+01
3.185840707964601748e+01
3.185840707964601748e+01
3.340707964601769930e+01
3.185840707964601748e+01
3.340707964601769930e+01
3.185840707964601748e+01
3.185840707964601748e+01
2.721238938053097201e+01
3.340707964601769930e+01
3.030973451327433565e+01
3.340707964601769930e+01
3.185840707964601748e+01
3.340707964601769930e+01
3.340707964601769930e+01
3.340707964601769930e+01
3.185840707964601748e+01
3.340707964601769930e+01
3.185840707964601748e+01
3.340707964601769930e+01
3.340707964601769930e+01
3.340707964601769930e+01
2.876106194690265383e+01
3.185840707964601748e+01
3.030973451327433565e+01
3.030973451327433565e+01
3.185840707964601748e+01
3.185840707964601748e+01
3.030973451327433565e+01
3.340707964601769930e+01
3.495575221238937758e+01
3.185840707964601748e+01
3.340707964601769930e+01
3.340707964601769930e+01
