1.518438177874186445e+00
3.535791755808666892e+01
2.125813449023861068e+01
1.084598697860949557e+01
2.451193057947717335e+01
4.251626896392755839e+01
5.336225591564384985e+01
3.145336219804147149e+01
3.752711490953821993e+01
3.383947938021248092e+01
4.772234267112748896e+00
4.989154000602937344e+00
1.258134488997387024e+01
2.646420825122493881e+01
1.713665942359643068e+01
8.026030356351309791e+00
7.809110622861121342e+00
9.110629067245119117e+00
3.253796096272168370e+01
1.583514100610563347e+01
2.711496747858871004e+01
1.735357918397982147e+01
1.236442515648368179e+01
1.431670282823144724e+01
7.809110622861121342e+00
3.449023855378984393e+01
1.127982647248307480e+01
1.583514100610563347e+01
1.583514100610563347e+01
1.908893706845099558e+01
1.735357918397982147e+01
1.908893706845099558e+01
4.772234267112748896e+00
1.106290671209968401e+01
1.583514100610563347e+01
1.583514100610563347e+01
2.386117130867054215e+01
1.605206071270261958e+01
2.212581342419936803e+01
3.275488066931867337e+01
3.947939260817918949e+01
1.084598697860949557e+01
9.544468534225497791e+00
1.908893706845099558e+01
1.453362253482843514e+01
3.622559654583383093e+01
1.583514100610563347e+01
1.583514100610563347e+01
2.277657265156313571e+01
1.106290671209968401e+01
1.279826465035726102e+01
1.127982647248307480e+01
1.106290671209968401e+01
2.190889371760238191e+01
1.583514100610563347e+01
2.060737524632518003e+01
1.908893706845099558e+01
4.989154000602937344e+00
3.123644249144448537e+01
3.123644249144448537e+01
1.930585677504798170e+01
2.559652930071452204e+01
2.993492402016728704e+01
2.039045553972819391e+01
2.407809112284033404e+01
1.279826465035726102e+01
3.297180037591566304e+01
2.516268977994774048e+01
1.908893706845099558e+01
3.947939260817918949e+01
1.279826465035726102e+01
6.290672444986935119e+00
1.453362253482843514e+01
2.212581342419936803e+01
9.544468534225497791e+00
2.212581342419936803e+01
2.017353577934480313e+01
3.665943595902780316e+01
1.062906724511930534e+01
3.926247290158219982e+01
2.234273313079635415e+01
3.058568324753105472e+01
1.431670282823144724e+01
2.039045553972819391e+01
1.605206071270261958e+01
1.605206071270261958e+01
1.431670282823144724e+01
1.583514100610563347e+01
2.082429495292216615e+01
1.605206071270261958e+01
2.255965294496614959e+01
1.930585677504798170e+01
1.757049889057680758e+01
2.082429495292216615e+01
2.733188718518569615e+01
2.581344900731150815e+01
2.386117130867054215e+01
2.407809112284033404e+01
2.559652930071452204e+01
2.537960948654472659e+01
2.060737524632518003e+01
1.908893706845099558e+01
2.386117130867054215e+01
2.559652930071452204e+01
2.082429495292216615e+01
2.537960948654472659e+01
2.060737524632518003e+01
1.887201736185400591e+01
2.386117130867054215e+01
3.210412142540523917e+01
2.234273313079635415e+01
2.060737524632518003e+01
3.036876354093406860e+01
2.255965294496614959e+01
2.234273313079635415e+01
2.255965294496614959e+01
2.537960948654472659e+01
2.537960948654472659e+01
1.908893706845099558e+01
2.863340565646289448e+01
2.234273313079635415e+01
2.234273313079635415e+01
2.234273313079635415e+01
2.060737524632518003e+01
2.581344900731150815e+01
2.407809112284033404e+01
2.407809112284033404e+01
2.733188718518569615e+01
2.234273313079635415e+01
2.754880689178268227e+01
2.234273313079635415e+01
2.234273313079635415e+01
3.210412142540523917e+01
2.060737524632518003e+01
3.362255960327942717e+01
2.733188718518569615e+01
2.906724506965687027e+01
2.906724506965687027e+01
2.581344900731150815e+01
2.581344900731150815e+01
3.058568324753105472e+01
2.559652930071452204e+01
2.885032536305988060e+01
2.234273313079635415e+01
2.885032536305988060e+01
3.362255960327942717e+01
2.733188718518569615e+01
2.733188718518569615e+01
2.885032536305988060e+01
2.407809112284033404e+01
2.885032536305988060e+01
2.733188718518569615e+01
2.711496747858871004e+01
2.733188718518569615e+01
2.885032536305988060e+01
2.234273313079635415e+01
2.234273313079635415e+01
3.362255960327942717e+01
2.733188718518569615e+01
3.058568324753105472e+01
2.386117130867054215e+01
2.885032536305988060e+01
3.058568324753105472e+01
2.581344900731150815e+01
2.885032536305988060e+01
2.407809112284033404e+01
2.885032536305988060e+01
2.733188718518569615e+01
2.885032536305988060e+01
3.058568324753105472e+01
2.234273313079635415e+01
2.733188718518569615e+01
2.559652930071452204e+01
2.559652930071452204e+01
2.885032536305988060e+01
2.733188718518569615e+01
2.906724506965687027e+01
2.234273313079635415e+01
3.058568324753105472e+01
2.733188718518569615e+01
3.058568324753105472e+01
2.559652930071452204e+01
3.058568324753105472e+01
3.036876354093406860e+01
3.188720171880825305e+01
2.885032536305988060e+01
2.885032536305988060e+01
2.234273313079635415e+01
2.733188718518569615e+01
3.036876354093406860e+01
3.036876354093406860e+01
3.058568324753105472e+01
2.733188718518569615e+01
2.711496747858871004e+01
3.036876354093406860e+01
2.559652930071452204e+01
2.733188718518569615e+01
2.581344900731150815e+01
2.559652930071452204e+01
3.058568324753105472e+01
