8.579999945068360034e+01
5.380000006103515631e+01
4.939999969482421704e+01
6.039999990844726341e+01
2.959999993896484227e+01
5.919999987792968454e+01
4.619999975585937335e+01
9.199999977111817273e+00
3.060000000000000142e+01
3.079999996948242114e+01
9.399999946594238764e+00
5.260000003051757744e+01
2.639999999999999858e+01
1.520000001525878908e+01
2.919999999999999929e+01
4.339999975585937619e+01
2.319999986267090009e+01
5.759999990844726625e+01
2.019999989318847611e+01
3.079999996948242114e+01
4.319999978637695648e+01
1.699999995422363241e+01
3.859999984741210710e+01
3.259999990844726625e+01
4.159999981689453108e+01
1.699999995422363241e+01
1.380000001525878872e+01
1.999999992370605639e+01
1.100000001525878979e+01
3.399999990844726483e+01
1.879999989318847753e+01
1.839999995422363455e+01
3.899999978637695364e+01
2.299999989318847682e+01
2.459999986267089866e+01
5.919999987792968454e+01
2.919999999999999929e+01
1.539999998474121057e+01
4.039999978637695222e+01
2.780000000000000071e+01
1.979999995422363313e+01
3.119999990844726412e+01
1.699999995422363241e+01
2.480000003051757673e+01
3.239999993896484654e+01
3.279999987792968597e+01
1.999999992370605639e+01
5.400000003051757602e+01
2.319999986267090009e+01
3.999999984741211279e+01
5.459999993896484227e+01
2.340000003051757815e+01
1.879999989318847753e+01
4.359999972534179591e+01
2.299999989318847682e+01
2.939999996948242256e+01
4.939999969482421704e+01
4.599999988555908637e+00
1.679999998474121270e+01
2.319999986267090009e+01
1.380000001525878872e+01
1.520000001525878908e+01
2.780000000000000071e+01
2.159999989318847824e+01
2.480000003051757673e+01
2.939999996948242256e+01
1.380000001525878872e+01
2.319999986267090009e+01
3.439999984741211136e+01
2.780000000000000071e+01
3.199999988555908281e+00
4.820000006103515489e+01
1.819999998474121128e+01
2.139999992370605497e+01
2.639999999999999858e+01
3.579999984741210994e+01
2.439999989318847540e+01
3.379999993896484511e+01
1.399999998474121021e+01
2.159999989318847824e+01
4.379999969482421562e+01
3.399999990844726483e+01
1.979999995422363313e+01
2.439999989318847540e+01
2.299999989318847682e+01
1.979999995422363313e+01
2.459999986267089866e+01
2.139999992370605497e+01
2.139999992370605497e+01
2.299999989318847682e+01
2.139999992370605497e+01
2.139999992370605497e+01
2.299999989318847682e+01
2.459999986267089866e+01
2.139999992370605497e+01
2.299999989318847682e+01
2.159999989318847824e+01
1.999999992370605639e+01
2.139999992370605497e+01
2.139999992370605497e+01
2.159999989318847824e+01
2.279999992370605355e+01
1.999999992370605639e+01
2.139999992370605497e+01
2.159999989318847824e+01
1.999999992370605639e+01
2.439999989318847540e+01
2.459999986267089866e+01
2.139999992370605497e+01
2.139999992370605497e+01
2.279999992370605355e+01
2.299999989318847682e+01
2.459999986267089866e+01
2.459999986267089866e+01
2.599999986267089724e+01
2.439999989318847540e+01
2.439999989318847540e+01
2.299999989318847682e+01
2.599999986267089724e+01
2.599999986267089724e+01
2.299999989318847682e+01
2.299999989318847682e+01
2.439999989318847540e+01
2.439999989318847540e+01
2.439999989318847540e+01
2.439999989318847540e+01
2.599999986267089724e+01
2.439999989318847540e+01
2.439999989318847540e+01
2.599999986267089724e+01
2.439999989318847540e+01
2.439999989318847540e+01
2.139999992370605497e+01
2.439999989318847540e+01
2.439999989318847540e+01
2.439999989318847540e+01
2.279999992370605355e+01
2.599999986267089724e+01
2.299999989318847682e+01
2.439999989318847540e+01
2.439999989318847540e+01
2.439999989318847540e+01
2.439999989318847540e+01
2.439999989318847540e+01
2.439999989318847540e+01
2.279999992370605355e+01
2.439999989318847540e+01
2.139999992370605497e+01
2.599999986267089724e+01
2.439999989318847540e+01
2.279999992370605355e+01
2.439999989318847540e+01
2.439999989318847540e+01
2.139999992370605497e+01
2.439999989318847540e+01
2.139999992370605497e+01
2.279999992370605355e+01
2.439999989318847540e+01
2.279999992370605355e+01
2.439999989318847540e+01
2.439999989318847540e+01
2.439999989318847540e+01
2.439999989318847540e+01
2.599999986267089724e+01
2.139999992370605497e+01
2.279999992370605355e+01
2.439999989318847540e+01
2.279999992370605355e+01
2.439999989318847540e+01
2.139999992370605497e+01
2.279999992370605355e+01
2.439999989318847540e+01
2.139999992370605497e+01
2.439999989318847540e+01
2.139999992370605497e+01
2.439999989318847540e+01
2.139999992370605497e+01
2.139999992370605497e+01
2.139999992370605497e+01
2.279999992370605355e+01
2.279999992370605355e+01
2.439999989318847540e+01
2.279999992370605355e+01
2.139999992370605497e+01
2.139999992370605497e+01
2.439999989318847540e+01
2.279999992370605355e+01
2.279999992370605355e+01
2.279999992370605355e+01
2.279999992370605355e+01
2.139999992370605497e+01
2.279999992370605355e+01
2.279999992370605355e+01
2.279999992370605355e+01
2.439999989318847540e+01
2.279999992370605355e+01
2.279999992370605355e+01
2.279999992370605355e+01
2.279999992370605355e+01
2.279999992370605355e+01
