3.339999999999999858e+01
2.879999986267089795e+01
1.079999994659423912e+01
3.239999993896484654e+01
1.699999995422363241e+01
9.000000007629394005e+00
1.559999995422363206e+01
1.240000001525878837e+01
2.579999989318847753e+01
1.259999998474121163e+01
3.239999993896484654e+01
4.019999981689453250e+01
4.619999975585937335e+01
4.159999981689453108e+01
2.159999989318847824e+01
3.719999984741210852e+01
2.179999986267089795e+01
4.059999975585937193e+01
3.419999987792968454e+01
1.240000001525878837e+01
4.039999978637695222e+01
2.179999986267089795e+01
3.559999987792969023e+01
2.639999999999999858e+01
1.559999995422363206e+01
2.319999986267090009e+01
2.480000003051757673e+01
2.939999996948242256e+01
9.399999946594238764e+00
3.719999984741210852e+01
1.399999998474121021e+01
2.139999992370605497e+01
3.399999990844726483e+01
4.179999978637695079e+01
2.780000000000000071e+01
4.499999972534179449e+01
2.780000000000000071e+01
9.199999977111817273e+00
2.159999989318847824e+01
2.319999986267090009e+01
3.399999990844726483e+01
2.119999995422363170e+01
2.939999996948242256e+01
4.319999978637695648e+01
3.259999990844726625e+01
2.799999996948242043e+01
2.159999989318847824e+01
1.399999998474121021e+01
2.459999986267089866e+01
2.459999986267089866e+01
1.999999992370605639e+01
2.319999986267090009e+01
2.480000003051757673e+01
3.259999990844726625e+01
2.620000003051757886e+01
1.380000001525878872e+01
6.219999984741210852e+01
1.539999998474121057e+01
2.459999986267089866e+01
2.480000003051757673e+01
1.699999995422363241e+01
1.999999992370605639e+01
2.939999996948242256e+01
2.159999989318847824e+01
3.559999987792969023e+01
1.539999998474121057e+01
2.760000003051757744e+01
2.179999986267089795e+01
1.240000001525878837e+01
2.480000003051757673e+01
2.319999986267090009e+01
2.480000003051757673e+01
2.599999986267089724e+01
3.559999987792969023e+01
1.859999992370605426e+01
2.179999986267089795e+01
3.719999984741210852e+01
1.839999995422363455e+01
1.520000001525878908e+01
2.459999986267089866e+01
2.959999993896484227e+01
2.159999989318847824e+01
1.979999995422363313e+01
2.439999989318847540e+01
2.139999992370605497e+01
2.139999992370605497e+01
2.299999989318847682e+01
2.139999992370605497e+01
2.139999992370605497e+01
2.139999992370605497e+01
2.139999992370605497e+01
2.139999992370605497e+01
2.299999989318847682e+01
2.159999989318847824e+01
2.139999992370605497e+01
2.299999989318847682e+01
1.999999992370605639e+01
2.299999989318847682e+01
2.139999992370605497e+01
2.139999992370605497e+01
2.139999992370605497e+01
2.139999992370605497e+01
2.159999989318847824e+01
1.999999992370605639e+01
2.439999989318847540e+01
2.139999992370605497e+01
2.439999989318847540e+01
2.299999989318847682e+01
2.139999992370605497e+01
1.999999992370605639e+01
2.139999992370605497e+01
2.159999989318847824e+01
2.299999989318847682e+01
2.299999989318847682e+01
2.299999989318847682e+01
2.599999986267089724e+01
2.439999989318847540e+01
2.299999989318847682e+01
2.439999989318847540e+01
2.279999992370605355e+01
2.599999986267089724e+01
2.299999989318847682e+01
2.439999989318847540e+01
2.439999989318847540e+01
2.439999989318847540e+01
2.439999989318847540e+01
2.439999989318847540e+01
2.439999989318847540e+01
2.439999989318847540e+01
2.439999989318847540e+01
2.439999989318847540e+01
2.439999989318847540e+01
2.439999989318847540e+01
2.439999989318847540e+01
2.439999989318847540e+01
2.139999992370605497e+01
2.439999989318847540e+01
2.599999986267089724e+01
2.599999986267089724e+01
2.439999989318847540e+01
2.439999989318847540e+01
2.139999992370605497e+01
2.599999986267089724e+01
2.439999989318847540e+01
2.139999992370605497e+01
2.139999992370605497e+01
2.439999989318847540e+01
2.439999989318847540e+01
2.439999989318847540e+01
2.279999992370605355e+01
2.139999992370605497e+01
2.139999992370605497e+01
2.299999989318847682e+01
2.279999992370605355e+01
2.299999989318847682e+01
2.139999992370605497e+01
2.439999989318847540e+01
2.599999986267089724e+01
2.139999992370605497e+01
2.439999989318847540e+01
2.139999992370605497e+01
2.139999992370605497e+01
2.139999992370605497e+01
2.439999989318847540e+01
2.139999992370605497e+01
2.279999992370605355e+01
2.279999992370605355e+01
2.279999992370605355e+01
2.279999992370605355e+01
2.439999989318847540e+01
2.139999992370605497e+01
2.139999992370605497e+01
2.439999989318847540e+01
2.279999992370605355e+01
2.279999992370605355e+01
2.139999992370605497e+01
2.279999992370605355e+01
2.139999992370605497e+01
2.279999992370605355e+01
2.139999992370605497e+01
2.139999992370605497e+01
2.279999992370605355e+01
2.139999992370605497e+01
2.139999992370605497e+01
2.139999992370605497e+01
2.139999992370605497e+01
2.139999992370605497e+01
2.139999992370605497e+01
2.439999989318847540e+01
2.139999992370605497e+01
2.279999992370605355e+01
2.279999992370605355e+01
2.279999992370605355e+01
2.279999992370605355e+01
2.279999992370605355e+01
2.139999992370605497e+01
2.139999992370605497e+01
2.279999992370605355e+01
2.139999992370605497e+01
2.139999992370605497e+01
