0.000000000000000000e+00
2.210000000000000142e+01
1.159999999999999964e+01
1.080000000000000071e+01
1.059999999999999964e+01
1.069999999999999929e+01
1.190000000000000036e+01
3.500000000000000000e+01
6.740000000000000568e+01
8.820000000000000284e+01
9.090000000000000568e+01
9.709999999999999432e+01
9.670000000000000284e+01
9.850000000000000000e+01
9.850000000000000000e+01
9.909999999999999432e+01
9.879999999999999716e+01
9.950000000000000000e+01
9.959999999999999432e+01
9.959999999999999432e+01
9.970000000000000284e+01
9.970000000000000284e+01
9.970000000000000284e+01
9.970000000000000284e+01
9.970000000000000284e+01
9.970000000000000284e+01
9.970000000000000284e+01
9.970000000000000284e+01
9.970000000000000284e+01
9.970000000000000284e+01
9.970000000000000284e+01
9.970000000000000284e+01
9.970000000000000284e+01
9.970000000000000284e+01
9.970000000000000284e+01
9.970000000000000284e+01
9.970000000000000284e+01
9.970000000000000284e+01
9.970000000000000284e+01
9.970000000000000284e+01
