0.000000000000000000e+00
6.000000000000000000e+00
1.080000000000000071e+01
1.090000000000000036e+01
1.069999999999999929e+01
1.059999999999999964e+01
1.309999999999999964e+01
3.650000000000000000e+01
5.889999999999999858e+01
8.270000000000000284e+01
8.509999999999999432e+01
9.479999999999999716e+01
9.629999999999999716e+01
9.829999999999999716e+01
9.840000000000000568e+01
9.909999999999999432e+01
9.900000000000000000e+01
9.940000000000000568e+01
9.940000000000000568e+01
9.959999999999999432e+01
9.959999999999999432e+01
9.959999999999999432e+01
9.959999999999999432e+01
9.970000000000000284e+01
9.979999999999999716e+01
9.979999999999999716e+01
9.979999999999999716e+01
9.979999999999999716e+01
9.979999999999999716e+01
9.979999999999999716e+01
9.979999999999999716e+01
9.979999999999999716e+01
9.979999999999999716e+01
9.979999999999999716e+01
9.979999999999999716e+01
9.979999999999999716e+01
9.979999999999999716e+01
9.979999999999999716e+01
9.979999999999999716e+01
9.979999999999999716e+01
