0.000000000000000000e+00
1.080000000000000071e+01
1.050000000000000000e+01
1.040000000000000036e+01
9.900000000000000355e+00
9.699999999999999289e+00
3.239999999999999858e+01
6.600000000000000000e+01
9.300000000000000000e+01
9.390000000000000568e+01
9.779999999999999716e+01
9.820000000000000284e+01
9.859999999999999432e+01
9.909999999999999432e+01
9.959999999999999432e+01
9.870000000000000284e+01
9.900000000000000000e+01
9.979999999999999716e+01
9.979999999999999716e+01
9.979999999999999716e+01
9.990000000000000568e+01
9.959999999999999432e+01
9.970000000000000284e+01
9.979999999999999716e+01
9.970000000000000284e+01
9.970000000000000284e+01
9.990000000000000568e+01
9.990000000000000568e+01
9.990000000000000568e+01
9.990000000000000568e+01
9.990000000000000568e+01
9.990000000000000568e+01
9.990000000000000568e+01
9.990000000000000568e+01
9.990000000000000568e+01
9.990000000000000568e+01
9.990000000000000568e+01
9.990000000000000568e+01
9.990000000000000568e+01
9.990000000000000568e+01
