0.000000000000000000e+00
1.209999999999999964e+01
1.059999999999999964e+01
1.050000000000000000e+01
1.000000000000000000e+01
1.769999999999999929e+01
8.609999999999999432e+01
9.459999999999999432e+01
9.890000000000000568e+01
9.950000000000000000e+01
9.920000000000000284e+01
9.979999999999999716e+01
9.979999999999999716e+01
9.940000000000000568e+01
9.940000000000000568e+01
9.979999999999999716e+01
9.940000000000000568e+01
9.950000000000000000e+01
9.959999999999999432e+01
9.950000000000000000e+01
9.959999999999999432e+01
9.959999999999999432e+01
9.959999999999999432e+01
9.959999999999999432e+01
9.970000000000000284e+01
9.959999999999999432e+01
9.959999999999999432e+01
9.959999999999999432e+01
9.959999999999999432e+01
9.959999999999999432e+01
9.959999999999999432e+01
9.959999999999999432e+01
9.959999999999999432e+01
9.959999999999999432e+01
9.950000000000000000e+01
9.950000000000000000e+01
9.959999999999999432e+01
9.950000000000000000e+01
9.950000000000000000e+01
9.950000000000000000e+01
