0.000000000000000000e+00
1.380000000000000071e+01
1.240000000000000036e+01
1.169999999999999929e+01
1.190000000000000036e+01
1.159999999999999964e+01
1.380000000000000071e+01
2.960000000000000142e+01
6.289999999999999858e+01
8.500000000000000000e+01
9.129999999999999716e+01
9.100000000000000000e+01
9.520000000000000284e+01
9.550000000000000000e+01
9.779999999999999716e+01
9.759999999999999432e+01
9.809999999999999432e+01
9.900000000000000000e+01
9.909999999999999432e+01
9.909999999999999432e+01
9.920000000000000284e+01
9.920000000000000284e+01
9.920000000000000284e+01
9.929999999999999716e+01
9.929999999999999716e+01
9.940000000000000568e+01
9.940000000000000568e+01
9.940000000000000568e+01
9.940000000000000568e+01
9.940000000000000568e+01
9.940000000000000568e+01
9.940000000000000568e+01
9.940000000000000568e+01
9.940000000000000568e+01
9.940000000000000568e+01
9.940000000000000568e+01
9.940000000000000568e+01
9.940000000000000568e+01
9.940000000000000568e+01
9.940000000000000568e+01
