0.000000000000000000e+00
1.910000000000000142e+01
9.900000000000000355e+00
9.900000000000000355e+00
9.800000000000000711e+00
1.080000000000000071e+01
4.220000000000000284e+01
8.140000000000000568e+01
8.200000000000000000e+01
8.990000000000000568e+01
9.609999999999999432e+01
9.950000000000000000e+01
9.850000000000000000e+01
9.940000000000000568e+01
9.950000000000000000e+01
9.970000000000000284e+01
9.990000000000000568e+01
9.959999999999999432e+01
9.950000000000000000e+01
9.950000000000000000e+01
9.959999999999999432e+01
9.959999999999999432e+01
9.970000000000000284e+01
9.959999999999999432e+01
9.970000000000000284e+01
9.970000000000000284e+01
9.979999999999999716e+01
9.970000000000000284e+01
9.970000000000000284e+01
9.970000000000000284e+01
9.970000000000000284e+01
9.970000000000000284e+01
9.970000000000000284e+01
9.970000000000000284e+01
9.970000000000000284e+01
9.970000000000000284e+01
9.970000000000000284e+01
9.970000000000000284e+01
9.970000000000000284e+01
9.970000000000000284e+01
