1.000000000000000000e+01
1.009999999999999964e+01
1.040000000000000036e+01
1.019999999999999929e+01
1.040000000000000036e+01
1.040000000000000036e+01
1.040000000000000036e+01
1.040000000000000036e+01
1.040000000000000036e+01
1.040000000000000036e+01
1.040000000000000036e+01
1.040000000000000036e+01
1.040000000000000036e+01
1.040000000000000036e+01
1.040000000000000036e+01
1.040000000000000036e+01
1.040000000000000036e+01
1.040000000000000036e+01
1.040000000000000036e+01
1.040000000000000036e+01
1.040000000000000036e+01
1.040000000000000036e+01
1.040000000000000036e+01
1.040000000000000036e+01
1.040000000000000036e+01
1.040000000000000036e+01
1.040000000000000036e+01
1.040000000000000036e+01
1.040000000000000036e+01
1.040000000000000036e+01
1.040000000000000036e+01
1.040000000000000036e+01
1.040000000000000036e+01
1.040000000000000036e+01
1.040000000000000036e+01
1.040000000000000036e+01
1.040000000000000036e+01
1.040000000000000036e+01
1.040000000000000036e+01
1.040000000000000036e+01
