8.898876395922029303e+01
2.943820200716511692e+01
4.202247161865234659e+01
4.044943804794483100e+01
5.280898869546611962e+01
1.370786512353446973e+01
4.202247161865234659e+01
1.573033701435903531e+01
2.179775259467992754e+01
1.415730331292313160e+01
6.876404441233431442e+01
2.651685382971603033e+01
1.078651681535699325e+01
3.101123583932940875e+01
6.067415711049283900e+00
7.640449412485186720e+00
8.988764019226760382e+00
1.685393252640627892e+01
2.157303363071398650e+01
2.494382025900851474e+01
5.932584246517566839e+01
2.314606720142150209e+01
4.988764051801702948e+01
2.179775259467992754e+01
4.494382009613380191e+00
4.719101104307710237e+00
1.101123591005132418e+01
2.179775259467992754e+01
3.235955044607098330e+01
3.573033681290873176e+01
3.730337090652979981e+01
5.460674123013956915e+01
3.730337090652979981e+01
3.730337090652979981e+01
2.337078642684422292e+01
9.213483113921091316e+00
1.573033701435903531e+01
4.674157285368844583e+01
2.157303363071398650e+01
6.292134805743613946e+00
4.831460642439595432e+01
3.438202220616715721e+01
4.044943804794483100e+01
2.494382025900851474e+01
2.808988740042354237e+01
7.415730317790856674e+00
4.359550518935985508e+01
7.865168507179517654e+00
3.146067402871806973e+00
1.550561791966470437e+01
4.382022467623935569e+01
3.910112344120325645e+01
2.786516843645760133e+01
6.292134805743613946e+00
2.314606720142150209e+01
1.842696622784218263e+01
3.573033681290873176e+01
2.786516843645760133e+01
1.393258421822880067e+01
2.651685382971603033e+01
4.202247161865234659e+01
2.022471902397241550e+01
1.235955051679289696e+01
1.235955051679289696e+01
1.078651681535699325e+01
4.719101104307710237e+00
1.573033701435903531e+01
7.640449412485186720e+00
4.067415701191077204e+01
9.213483113921091316e+00
6.404494370021177474e+01
3.101123583932940875e+01
5.955056142914160944e+01
1.393258421822880067e+01
4.719101104307710237e+00
0.000000000000000000e+00
1.730337084652332891e+01
1.101123591005132418e+01
1.078651681535699325e+01
1.415730331292313160e+01
5.146067408872454507e+01
3.415730324220121616e+01
2.022471902397241550e+01
2.314606720142150209e+01
2.471910103358579391e+01
1.707865162110060808e+01
1.550561791966470437e+01
1.707865162110060808e+01
1.685393252640627892e+01
2.022471902397241550e+01
3.123595506475212957e+01
3.101123583932940875e+01
2.000000006000647446e+01
2.314606720142150209e+01
2.808988740042354237e+01
2.157303363071398650e+01
2.179775259467992754e+01
1.842696622784218263e+01
2.044943798793835654e+01
2.000000006000647446e+01
2.966292123258783420e+01
1.865168545326489991e+01
1.842696622784218263e+01
1.707865162110060808e+01
2.629213486575008929e+01
2.629213486575008929e+01
1.865168545326489991e+01
1.842696622784218263e+01
1.550561791966470437e+01
2.337078642684422292e+01
3.123595506475212957e+01
2.651685382971603033e+01
2.471910103358579391e+01
1.865168545326489991e+01
2.314606720142150209e+01
2.022471902397241550e+01
1.573033701435903531e+01
2.494382025900851474e+01
2.943820200716511692e+01
2.179775259467992754e+01
2.808988740042354237e+01
2.651685382971603033e+01
2.651685382971603033e+01
2.516853922297445578e+01
2.044943798793835654e+01
2.157303363071398650e+01
2.831460662584626320e+01
2.786516843645760133e+01
1.887640441723084095e+01
2.786516843645760133e+01
2.337078642684422292e+01
3.415730324220121616e+01
3.235955044607098330e+01
2.157303363071398650e+01
2.494382025900851474e+01
2.314606720142150209e+01
2.471910103358579391e+01
2.471910103358579391e+01
2.202247182010264837e+01
2.943820200716511692e+01
2.179775259467992754e+01
2.943820200716511692e+01
2.808988740042354237e+01
2.337078642684422292e+01
2.786516843645760133e+01
2.629213486575008929e+01
2.359550565226694019e+01
2.786516843645760133e+01
2.471910103358579391e+01
2.000000006000647446e+01
2.314606720142150209e+01
3.101123583932940875e+01
3.415730324220121616e+01
2.943820200716511692e+01
2.494382025900851474e+01
2.022471902397241550e+01
2.516853922297445578e+01
2.786516843645760133e+01
2.022471902397241550e+01
2.179775259467992754e+01
2.022471902397241550e+01
2.044943798793835654e+01
2.943820200716511692e+01
2.786516843645760133e+01
2.786516843645760133e+01
2.022471902397241550e+01
3.573033681290873176e+01
1.730337084652332891e+01
2.179775259467992754e+01
2.022471902397241550e+01
2.337078642684422292e+01
2.471910103358579391e+01
3.101123583932940875e+01
2.022471902397241550e+01
2.471910103358579391e+01
2.179775259467992754e+01
2.471910103358579391e+01
2.629213486575008929e+01
2.337078642684422292e+01
2.157303363071398650e+01
2.179775259467992754e+01
2.337078642684422292e+01
2.471910103358579391e+01
2.471910103358579391e+01
2.314606720142150209e+01
2.808988740042354237e+01
2.629213486575008929e+01
2.337078642684422292e+01
1.865168545326489991e+01
2.471910103358579391e+01
2.337078642684422292e+01
2.471910103358579391e+01
2.786516843645760133e+01
2.179775259467992754e+01
2.157303363071398650e+01
2.471910103358579391e+01
2.022471902397241550e+01
2.786516843645760133e+01
2.786516843645760133e+01
2.022471902397241550e+01
