1.846846838255186185e+01
2.815315298131994126e+01
3.581081081081081408e+01
5.743243243243243512e+01
1.554054054054054035e+01
1.711711703120051098e+01
4.211711677345069660e+01
2.004504487321183603e+01
3.288288271104967464e+01
4.662162162162162105e+01
3.243243243243243512e+01
2.657657649065997063e+01
2.319819811228159168e+01
2.319819811228159168e+01
2.004504487321183603e+01
3.130630622038970046e+01
3.108108108108108070e+01
1.846846838255186185e+01
3.130630622038970046e+01
1.711711703120051098e+01
2.635135135135135087e+01
3.423423406240102196e+01
1.554054054054054035e+01
3.738738704372097033e+01
7.882882839924580054e+00
2.162162162162162105e+01
2.004504487321183603e+01
1.554054054054054035e+01
2.815315298131994126e+01
2.500000000000000000e+01
2.027027027027027017e+01
1.869369352186048516e+01
2.319819811228159168e+01
2.500000000000000000e+01
2.027027027027027017e+01
3.288288271104967464e+01
1.554054054054054035e+01
9.234234191275930925e+00
2.184684676093024081e+01
1.554054054054054035e+01
1.554054054054054035e+01
1.711711703120051098e+01
1.396396392100566075e+01
1.869369352186048516e+01
4.707207190023886056e+01
3.581081081081081408e+01
2.027027027027027017e+01
6.081081081081080697e+00
1.711711703120051098e+01
1.396396392100566075e+01
1.238738730147078293e+01
2.657657649065997063e+01
2.027027027027027017e+01
1.081081081081081052e+01
2.927927922558140050e+00
3.130630622038970046e+01
6.081081081081080697e+00
2.184684676093024081e+01
2.635135135135135087e+01
1.396396392100566075e+01
2.657657649065997063e+01
2.027027027027027017e+01
2.027027027027027017e+01
2.972972972972972983e+01
6.081081081081080697e+00
3.423423406240102196e+01
2.342342325159021499e+01
2.792792784201132150e+01
2.162162162162162105e+01
2.027027027027027017e+01
2.342342325159021499e+01
7.657657636178506699e+00
2.342342325159021499e+01
1.081081081081081052e+01
7.657657636178506699e+00
1.711711703120051098e+01
7.882882839924580054e+00
5.135135135135135442e+01
9.234234191275930925e+00
2.657657649065997063e+01
5.788288271104967464e+01
2.972972972972972983e+01
1.396396392100566075e+01
1.711711703120051098e+01
1.396396392100566075e+01
1.081081081081081052e+01
3.130630622038970046e+01
2.972972972972972983e+01
1.554054054054054035e+01
2.027027027027027017e+01
2.027027027027027017e+01
2.184684676093024081e+01
1.711711703120051098e+01
2.342342325159021499e+01
2.027027027027027017e+01
2.184684676093024081e+01
2.657657649065997063e+01
2.184684676093024081e+01
2.500000000000000000e+01
2.184684676093024081e+01
2.500000000000000000e+01
1.869369352186048516e+01
2.027027027027027017e+01
1.396396392100566075e+01
2.500000000000000000e+01
2.815315298131994126e+01
3.288288271104967464e+01
2.342342325159021499e+01
2.972972972972972983e+01
2.184684676093024081e+01
2.184684676093024081e+01
2.342342325159021499e+01
2.500000000000000000e+01
2.500000000000000000e+01
2.027027027027027017e+01
2.815315298131994126e+01
2.657657649065997063e+01
2.815315298131994126e+01
2.027027027027027017e+01
2.500000000000000000e+01
1.869369352186048516e+01
2.184684676093024081e+01
1.711711703120051098e+01
2.027027027027027017e+01
2.500000000000000000e+01
2.815315298131994126e+01
2.972972972972972983e+01
2.972972972972972983e+01
2.815315298131994126e+01
1.711711703120051098e+01
2.342342325159021499e+01
2.657657649065997063e+01
2.815315298131994126e+01
2.657657649065997063e+01
2.184684676093024081e+01
2.657657649065997063e+01
2.500000000000000000e+01
2.500000000000000000e+01
2.500000000000000000e+01
2.027027027027027017e+01
2.500000000000000000e+01
2.657657649065997063e+01
2.500000000000000000e+01
2.184684676093024081e+01
2.657657649065997063e+01
2.815315298131994126e+01
2.815315298131994126e+01
2.500000000000000000e+01
2.657657649065997063e+01
2.500000000000000000e+01
2.184684676093024081e+01
2.815315298131994126e+01
2.500000000000000000e+01
2.815315298131994126e+01
2.815315298131994126e+01
2.815315298131994126e+01
2.342342325159021499e+01
2.657657649065997063e+01
2.500000000000000000e+01
2.500000000000000000e+01
2.500000000000000000e+01
2.657657649065997063e+01
2.027027027027027017e+01
2.657657649065997063e+01
2.342342325159021499e+01
2.657657649065997063e+01
2.815315298131994126e+01
2.657657649065997063e+01
2.342342325159021499e+01
2.500000000000000000e+01
2.657657649065997063e+01
2.500000000000000000e+01
2.342342325159021499e+01
2.500000000000000000e+01
2.500000000000000000e+01
2.657657649065997063e+01
2.815315298131994126e+01
2.657657649065997063e+01
2.500000000000000000e+01
2.184684676093024081e+01
2.657657649065997063e+01
2.657657649065997063e+01
2.815315298131994126e+01
2.500000000000000000e+01
2.815315298131994126e+01
2.500000000000000000e+01
2.657657649065997063e+01
2.657657649065997063e+01
2.342342325159021499e+01
2.500000000000000000e+01
2.500000000000000000e+01
2.657657649065997063e+01
2.342342325159021499e+01
2.500000000000000000e+01
2.657657649065997063e+01
2.500000000000000000e+01
2.500000000000000000e+01
2.657657649065997063e+01
2.342342325159021499e+01
2.342342325159021499e+01
