1.699779249448123508e+01
3.443708609271523358e+01
4.635761589403973204e+00
5.143487858719646511e+01
2.472406181015452376e+01
5.320088300220750455e+01
3.576158940397350960e+01
3.554083885209713145e+01
2.185430463576158999e+01
4.701986754966887361e+01
1.258278145695364181e+01
2.825607064017659908e+01
1.876379690949227452e+01
9.271523178807946408e+00
4.679911699779249545e+01
1.545253863134657912e+01
4.061810154525386451e+01
3.907284768211920323e+01
2.030905077262693226e+01
4.238410596026490396e+01
2.847682119205298079e+01
9.271523178807946408e+00
2.030905077262693226e+01
7.947019867549668604e+00
2.958057395143487867e+01
2.030905077262693226e+01
2.494481236203090546e+01
1.081677704194260414e+01
1.567328918322295728e+01
3.156732891832229626e+01
2.207505518763796815e+01
2.847682119205298079e+01
1.258278145695364181e+01
9.492273730684326338e+00
1.699779249448123508e+01
3.311258278145695044e+01
2.980132450331125682e+01
3.752759381898454905e+01
2.163355408388520829e+01
2.494481236203090546e+01
1.721854304635761679e+01
2.339955849889624773e+01
9.492273730684326338e+00
1.434878587196467947e+01
1.876379690949227452e+01
6.181015452538630939e+00
2.317880794701986602e+01
2.362030905077262588e+01
1.876379690949227452e+01
1.567328918322295728e+01
2.207505518763796815e+01
3.289183222958057229e+01
1.103752759381898407e+01
4.083885209713024267e+01
2.185430463576158999e+01
2.185430463576158999e+01
2.516556291390728362e+01
2.649006622516556320e+01
1.743929359823399494e+01
2.980132450331125682e+01
1.567328918322295728e+01
3.443708609271523358e+01
1.258278145695364181e+01
1.567328918322295728e+01
1.103752759381898407e+01
7.947019867549668604e+00
1.081677704194260414e+01
1.876379690949227452e+01
1.721854304635761679e+01
3.509933774834436804e+01
9.492273730684326338e+00
1.125827814569536400e+01
1.876379690949227452e+01
1.258278145695364181e+01
1.412803532008829954e+01
7.947019867549668604e+00
2.207505518763796815e+01
2.516556291390728362e+01
2.185430463576158999e+01
2.384105960264900759e+01
2.362030905077262588e+01
2.560706401766004348e+01
1.567328918322295728e+01
2.075055187637969212e+01
2.075055187637969212e+01
1.743929359823399494e+01
1.920529801324503438e+01
1.920529801324503438e+01
2.737306843267108292e+01
2.273730684326710971e+01
2.273730684326710971e+01
2.273730684326710971e+01
2.428256070640176745e+01
2.582781456953642518e+01
2.273730684326710971e+01
2.097130242825607027e+01
2.273730684326710971e+01
2.582781456953642518e+01
2.428256070640176745e+01
2.582781456953642518e+01
2.428256070640176745e+01
2.428256070640176745e+01
2.582781456953642518e+01
2.428256070640176745e+01
2.582781456953642518e+01
2.273730684326710971e+01
2.273730684326710971e+01
2.737306843267108292e+01
2.891832229580574065e+01
2.428256070640176745e+01
2.891832229580574065e+01
2.273730684326710971e+01
2.251655629139072801e+01
2.097130242825607027e+01
1.942604856512141254e+01
2.097130242825607027e+01
2.119205298013245198e+01
2.582781456953642518e+01
2.737306843267108292e+01
2.582781456953642518e+01
2.428256070640176745e+01
2.737306843267108292e+01
2.582781456953642518e+01
2.582781456953642518e+01
2.582781456953642518e+01
3.046357615894039839e+01
2.582781456953642518e+01
2.891832229580574065e+01
2.582781456953642518e+01
2.582781456953642518e+01
2.737306843267108292e+01
3.046357615894039839e+01
2.582781456953642518e+01
2.891832229580574065e+01
2.428256070640176745e+01
2.737306843267108292e+01
2.891832229580574065e+01
2.582781456953642518e+01
2.737306843267108292e+01
2.428256070640176745e+01
2.428256070640176745e+01
2.582781456953642518e+01
2.428256070640176745e+01
2.428256070640176745e+01
2.737306843267108292e+01
2.737306843267108292e+01
2.582781456953642518e+01
2.428256070640176745e+01
2.582781456953642518e+01
2.737306843267108292e+01
2.891832229580574065e+01
2.582781456953642518e+01
2.428256070640176745e+01
3.046357615894039839e+01
3.046357615894039839e+01
2.582781456953642518e+01
2.582781456953642518e+01
3.046357615894039839e+01
2.428256070640176745e+01
2.891832229580574065e+01
2.582781456953642518e+01
2.582781456953642518e+01
2.428256070640176745e+01
2.428256070640176745e+01
2.273730684326710971e+01
2.428256070640176745e+01
2.891832229580574065e+01
2.428256070640176745e+01
3.200883002207505257e+01
2.891832229580574065e+01
2.582781456953642518e+01
2.582781456953642518e+01
3.046357615894039839e+01
2.428256070640176745e+01
2.582781456953642518e+01
2.428256070640176745e+01
2.891832229580574065e+01
2.582781456953642518e+01
2.891832229580574065e+01
2.582781456953642518e+01
2.582781456953642518e+01
2.891832229580574065e+01
2.737306843267108292e+01
2.737306843267108292e+01
2.582781456953642518e+01
2.737306843267108292e+01
2.428256070640176745e+01
2.582781456953642518e+01
2.737306843267108292e+01
2.428256070640176745e+01
2.582781456953642518e+01
2.737306843267108292e+01
2.428256070640176745e+01
2.737306843267108292e+01
2.737306843267108292e+01
2.582781456953642518e+01
2.737306843267108292e+01
2.737306843267108292e+01
2.582781456953642518e+01
2.582781456953642518e+01
