0.000000000000000000e+00
0.000000000000000000e+00
0.000000000000000000e+00
1.600000000000000089e+00
9.399999946594238764e+00
2.000000000000000111e-01
1.639999995422363455e+01
4.599999972534179449e+01
6.200000007629394183e+00
2.679999990844726554e+01
5.799999994277953874e+00
2.000000000000000111e-01
1.659999992370605426e+01
7.999999942779540962e-01
3.200000000000000178e+00
2.200000000000000178e+00
1.180000001525878872e+01
2.779999981689453037e+01
8.199999946594237699e+00
1.179999998474121092e+01
1.579999994659423912e+01
2.919999993896484369e+01
5.799999977111816030e+00
4.999999988555908104e+00
1.679999996948242114e+01
2.479999984741210994e+01
5.359999990844726625e+01
7.000000007629394894e+00
1.399999998474121021e+01
6.599999946594238054e+00
1.999999988555908104e+00
8.999999977111816207e+00
1.239999997711181656e+01
3.619999984741210852e+01
8.799999977111816918e+00
8.800000015258788721e+00
9.399999994277953519e+00
2.399999999999999911e+00
1.319999998474121128e+01
1.199999997711181621e+01
1.160000001525878943e+01
5.399999994277954407e+00
8.800000015258788721e+00
1.600000000000000089e+00
1.359999998474121163e+01
5.000000007629394894e+00
1.099999995422363241e+01
9.999999946594238409e+00
1.039999997711181656e+01
1.840000001525879014e+01
1.279999994659423912e+01
1.040000001525878837e+01
1.119999998474121128e+01
8.999999946594238409e+00
5.799999999999999822e+00
1.039999997711181656e+01
6.199999988555908281e+00
1.619999994659423947e+01
3.999999946594238409e+00
4.319999978637695648e+01
1.179999997711181692e+01
2.199999994277954229e+00
9.999999946594238409e+00
5.399999977111816563e+00
1.000000001525878979e+01
1.460000000762939365e+01
2.399999999999999911e+00
1.019999994659423770e+01
8.000000007629394005e+00
1.100000000762939401e+01
1.400000001525878979e+01
1.999999998474121199e+01
1.139999998474121057e+01
1.800000003051757957e+01
8.199999946594237699e+00
2.519999990844726412e+01
1.079999998474121092e+01
7.599999994277953697e+00
2.799999988555908370e+00
7.200000007629394183e+00
1.379999994659423912e+01
1.219999997711181727e+01
9.999999946594238409e+00
1.119999986267089831e+01
1.180000001525878872e+01
1.300000001525878979e+01
1.220000001525878908e+01
1.159999998474121163e+01
1.279999998474121092e+01
1.040000001525878837e+01
1.300000003051757780e+01
1.300000001525878979e+01
1.240000001525878837e+01
1.340000000762939436e+01
1.180000001525878872e+01
1.219999995422363348e+01
1.239999994659423876e+01
1.360000001525878943e+01
1.200000003051757780e+01
1.179999998474121092e+01
1.199999998474121021e+01
1.219999992370605391e+01
1.099999998855590810e+01
1.000000001525878979e+01
1.179999994659423912e+01
1.119999994659423770e+01
9.799999977111816918e+00
1.239999997711181656e+01
1.219999998474121128e+01
1.080000000762939472e+01
9.799999954223633125e+00
1.240000001525878837e+01
1.239999997711181656e+01
1.180000001525878872e+01
1.179999995422363313e+01
1.179999998474121092e+01
1.099999998474121021e+01
1.259999992370605426e+01
1.319999998474121128e+01
1.259999995422363206e+01
1.319999989318847611e+01
1.080000000762939472e+01
1.119999995422363348e+01
1.259999992370605426e+01
1.120000001525878908e+01
1.239999992370605497e+01
1.319999998474121128e+01
1.279999998474121092e+01
1.320000001525878908e+01
1.359999995422363206e+01
1.399999998474121021e+01
1.400000001525878979e+01
1.339999989318847717e+01
1.319999989318847611e+01
1.400000001525878979e+01
1.440000000000000036e+01
1.479999992370605533e+01
1.359999989318847646e+01
1.439999986267089760e+01
1.339999995422363277e+01
1.379999998474121092e+01
1.379999994659423912e+01
1.380000001525878872e+01
1.479999995422363313e+01
1.539999989318847717e+01
1.599999998474121021e+01
1.419999998474121128e+01
1.440000001525878837e+01
1.619999986267090009e+01
1.619999989318847611e+01
1.579999995422363313e+01
1.659999998474120986e+01
1.559999998474121163e+01
1.599999995422363241e+01
1.659999998474120986e+01
1.779999995422363313e+01
1.600000003051757957e+01
1.579999986267089795e+01
1.619999989318847611e+01
1.779999995422363313e+01
1.839999989318847540e+01
1.679999986267089795e+01
1.699999998474121199e+01
1.659999994659423805e+01
1.600000001525878801e+01
1.759999998474120986e+01
1.739999995422363455e+01
1.679999994659423734e+01
1.679999998474121270e+01
1.959999998474120986e+01
1.780000001525878872e+01
1.900000001525878801e+01
1.779999995422363313e+01
1.799999993896484440e+01
1.920000003051757886e+01
1.839999989318847540e+01
2.059999989318847824e+01
2.079999986267089795e+01
1.920000003051757886e+01
2.080000001525878872e+01
1.959999998474120986e+01
2.099999992370605639e+01
2.039999992370605497e+01
2.039999986267089938e+01
1.999999986267089724e+01
2.139999993896484298e+01
1.919999995422363170e+01
1.979999992370605355e+01
2.000000003051757957e+01
2.139999987792968739e+01
1.960000000000000142e+01
2.180000000000000071e+01
2.059999992370605426e+01
2.199999989318847682e+01
2.179999996948242114e+01
2.199999996948242043e+01
2.080000003051757673e+01
1.979999998474121270e+01
2.120000003051757886e+01
2.179999995422363313e+01
