0.000000000000000000e+00
0.000000000000000000e+00
3.199999988555908281e+00
4.000000000000000222e-01
1.000000000000000000e+00
1.199999995422363241e+01
1.179999995422363313e+01
2.000000000000000111e-01
1.399999994277954185e+00
5.999999999999999778e-01
1.739999989318847540e+01
1.399999988555908237e+00
3.799999994277954318e+00
1.399999999999999911e+00
3.999999946594238409e+00
1.800000007629394494e+00
0.000000000000000000e+00
2.060000003051757744e+01
3.799999988555908370e+00
1.799999994277954096e+00
2.520000003051757886e+01
4.000000000000000222e-01
9.999999942779540518e-01
2.040000001525879014e+01
2.999999994277954052e+00
1.519999995422363348e+01
5.600000007629394538e+00
1.839999989318847540e+01
4.999999994277954052e+00
1.779999986267089795e+01
4.200000000000000178e+00
2.039999999999999858e+01
1.359999998474121163e+01
4.000000007629394894e+00
1.800000000000000044e+00
3.999999977111816207e+00
8.999999946594238409e+00
6.199999988555908281e+00
4.199999946594238587e+00
1.180000000762939472e+01
4.399999988555908459e+00
4.600000007629394538e+00
3.000000007629394450e+00
5.999999984741211101e+00
4.999999994277954052e+00
1.439999996948242256e+01
1.399999994659423841e+01
1.180000000762939472e+01
5.200000007629394183e+00
1.079999995422363313e+01
8.600000007629393650e+00
6.600000015258789432e+00
4.599999994277953697e+00
7.999999977111816207e+00
2.959999987792968668e+01
5.599999994277953697e+00
6.199999946594238587e+00
6.599999977111816740e+00
5.400000000000000355e+00
3.800000000000000000e+01
9.200000015258789077e+00
7.599999994277953697e+00
6.599999977111816740e+00
1.539999994659423876e+01
4.999999988555908104e+00
2.480000000000000071e+01
9.799999946594239120e+00
5.599999977111816740e+00
3.599999994277954141e+00
8.200000007629395071e+00
5.999999977111816207e+00
3.199999988555908281e+00
8.199999977111817273e+00
5.999999984741211101e+00
2.780000000000000071e+01
6.199999988555908281e+00
8.599999954223632059e+00
8.000000015258789787e+00
1.679999992370605355e+01
5.399999994277954407e+00
1.019999994659423770e+01
7.399999977111816563e+00
8.599999977111815852e+00
9.400000007629394361e+00
9.199999977111817273e+00
7.999999977111816207e+00
9.999999984741210213e+00
6.799999977111816030e+00
8.799999977111816918e+00
9.399999994277953519e+00
8.800000015258788721e+00
8.599999977111815852e+00
9.400000015258788366e+00
9.199999977111817273e+00
8.599999984741211634e+00
8.200000007629395071e+00
9.799999977111816918e+00
8.799999977111816918e+00
8.799999946594239120e+00
9.399999946594238764e+00
9.600000007629393650e+00
9.600000015258789432e+00
8.400000007629394361e+00
8.199999977111817273e+00
9.999999946594238409e+00
8.799999862670897954e+00
9.799999977111816918e+00
1.039999995422363277e+01
9.799999954223633125e+00
1.199999995422363241e+01
1.120000000762939507e+01
9.799999977111816918e+00
1.080000001525878872e+01
1.179999997711181692e+01
9.399999954223632770e+00
1.159999992370605426e+01
1.160000000762939365e+01
1.039999997711181656e+01
1.139999994659423876e+01
1.299999998474121021e+01
1.179999997711181692e+01
1.239999995422363277e+01
1.259999995422363206e+01
1.500000001525878979e+01
1.379999997711181692e+01
1.499999994659423841e+01
1.379999995422363313e+01
1.479999998474121092e+01
1.439999998474121057e+01
1.319999995422363348e+01
1.559999995422363206e+01
1.419999998474121128e+01
1.379999989318847575e+01
1.260000000762939365e+01
1.479999986267089795e+01
1.599999995422363241e+01
1.639999992370605497e+01
1.520000003051757886e+01
1.579999989318847575e+01
1.459999998474121163e+01
1.599999998474121021e+01
1.579999992370605533e+01
1.779999995422363313e+01
1.560000001525878943e+01
1.679999989318847753e+01
1.559999997711181585e+01
1.739999992370605497e+01
1.719999998474121128e+01
1.639999999999999858e+01
1.839999989318847540e+01
1.539999994659423876e+01
1.799999984741210923e+01
1.779999989318847753e+01
1.799999992370605639e+01
1.739999989318847540e+01
1.839999995422363455e+01
1.899999989318847682e+01
1.860000000000000142e+01
1.780000003051757673e+01
1.979999989318847753e+01
1.799999992370605639e+01
1.740000003051757815e+01
2.239999992370605497e+01
1.879999989318847753e+01
1.899999995422363241e+01
1.919999999999999929e+01
1.960000003051757744e+01
1.919999989318847611e+01
2.079999992370605355e+01
2.059999989318847824e+01
1.880000003051757673e+01
1.899999997711181621e+01
1.820000001525878730e+01
2.200000003051757957e+01
2.019999999999999929e+01
2.319999996948242327e+01
2.059999986267089866e+01
2.159999995422363384e+01
2.419999989318847611e+01
2.000000000000000000e+01
2.119999986267090009e+01
1.919999995422363170e+01
1.999999986267089724e+01
2.000000000000000000e+01
2.060000000000000142e+01
2.219999987792968810e+01
2.140000003051757815e+01
2.179999989318847753e+01
2.279999989318847753e+01
2.139999996948242256e+01
2.099999996948242043e+01
2.400000003051757957e+01
2.160000003051757744e+01
2.339999989318847540e+01
2.259999972534179591e+01
2.119999995422363170e+01
2.460000000000000142e+01
2.399999975585937406e+01
2.179999996948242114e+01
2.239999986267089938e+01
