7.199999988555908281e+00
3.240000006103515773e+01
2.599999994277954141e+00
7.999999942779540962e-01
4.000000000000000222e-01
6.599999988555908637e+00
4.200000000000000178e+00
0.000000000000000000e+00
9.999999942779540518e-01
2.000000000000000111e-01
8.000000000000000444e-01
4.059999972534179591e+01
1.379999989318847575e+01
1.599999988555908192e+00
0.000000000000000000e+00
8.199999988555907393e+00
1.340000001525878837e+01
5.799999994277953874e+00
8.000000000000000444e-01
1.159999994659423805e+01
2.200000000000000178e+00
7.399999946594237876e+00
2.600000007629394538e+00
9.599999988555907748e+00
3.600000007629394538e+00
2.599999994277954141e+00
6.199999977111816385e+00
2.539999999999999858e+01
1.279999997711181692e+01
2.199999994277954229e+00
7.799999946594238232e+00
8.200000015258789077e+00
4.899999993896484085e+01
1.539999995422363277e+01
1.599999988555908192e+00
1.760000000000000142e+01
1.059999994659423805e+01
6.799999954223633125e+00
1.079999992370605533e+01
6.200000007629394183e+00
3.999999994277954052e+00
1.040000001525878837e+01
9.199999946594237699e+00
8.199999946594237699e+00
4.320000003051757886e+01
1.219999994659423770e+01
6.799999994277953874e+00
5.399999984741210568e+00
1.199999986267089902e+01
6.800000007629394716e+00
8.400000015258788366e+00
4.599999977111816740e+00
2.799999994277954318e+00
1.320000001525878908e+01
9.200000007629395071e+00
1.099999998474121021e+01
1.600000003051757957e+01
6.000000007629394894e+00
6.599999977111816740e+00
1.240000001525878837e+01
7.800000007629394716e+00
7.799999977111816030e+00
8.799999946594239120e+00
5.599999984741210746e+00
9.199999946594237699e+00
8.599999946594238054e+00
1.119999998474121128e+01
1.259999995422363206e+01
9.200000015258789077e+00
1.000000001525878979e+01
6.200000015258789077e+00
7.000000007629394894e+00
1.559999997711181585e+01
9.799999946594239120e+00
7.599999954223632948e+00
9.400000007629394361e+00
8.000000007629394005e+00
4.000000007629394894e+00
7.799999994277953874e+00
7.999999984741211101e+00
4.400000007629394361e+00
1.159999998855590775e+01
9.400000015258788366e+00
9.199999977111817273e+00
1.099999994659423841e+01
1.119999989318847611e+01
9.199999977111817273e+00
1.059999992370605426e+01
1.220000001525878908e+01
9.600000015258789432e+00
1.059999998855590775e+01
9.599999977111815852e+00
9.999999954223632415e+00
9.199999977111817273e+00
1.019999992370605391e+01
1.039999995422363277e+01
1.139999994659423876e+01
9.999999977111816207e+00
1.059999998474121163e+01
1.059999997711181585e+01
1.079999995422363313e+01
1.059999998474121163e+01
1.100000000762939401e+01
1.139999994659423876e+01
1.139999995422363277e+01
1.100000000762939401e+01
1.079999994659423912e+01
1.040000000762939436e+01
1.199999997711181621e+01
1.059999998474121163e+01
1.019999999427795423e+01
1.000000000762939401e+01
1.079999994659423912e+01
1.060000001525878943e+01
9.200000007629395071e+00
1.099999994659423841e+01
1.100000001525878979e+01
1.079999997711181692e+01
1.059999997711181585e+01
9.399999946594238764e+00
1.139999998474121057e+01
1.159999998474121163e+01
1.099999998855590810e+01
1.100000000000000000e+01
1.060000001525878943e+01
1.140000001525878837e+01
1.059999994659423805e+01
1.080000003051757851e+01
1.180000001525878872e+01
1.160000001525878943e+01
1.160000001525878943e+01
1.200000000762939401e+01
1.319999992370605391e+01
9.799999984741210923e+00
1.200000001525878979e+01
1.239999986267089760e+01
1.399999998474121021e+01
1.359999994659423805e+01
1.300000001525878979e+01
1.339999989318847717e+01
1.160000000762939365e+01
1.299999989318847682e+01
1.419999998474121128e+01
1.479999998474121092e+01
1.380000000000000071e+01
1.439999992370605497e+01
1.380000000762939472e+01
1.419999998855590739e+01
1.439999998474121057e+01
1.419999992370605391e+01
1.379999998474121092e+01
1.499999989318847682e+01
1.499999992370605462e+01
1.500000001525878979e+01
1.379999989318847575e+01
1.459999998474121163e+01
1.559999989318847646e+01
1.439999997711181656e+01
1.499999998474121021e+01
1.679999990844726554e+01
1.660000003051757744e+01
1.619999986267090009e+01
1.500000000000000000e+01
1.560000003051757744e+01
1.559999989318847646e+01
1.699999996948242043e+01
1.719999986267090009e+01
1.839999989318847540e+01
1.559999995422363206e+01
1.739999994659423876e+01
1.439999990844726518e+01
1.499999994659423841e+01
1.699999986267089724e+01
1.660000000000000142e+01
1.619999992370605568e+01
1.779999986267089795e+01
1.979999986267089795e+01
2.179999996948242114e+01
1.799999995422363241e+01
1.719999995422363170e+01
1.759999989318847824e+01
1.859999992370605426e+01
1.859999989318847824e+01
1.899999995422363241e+01
1.739999995422363455e+01
1.799999997711181621e+01
1.919999989318847611e+01
2.020000001525878730e+01
1.919999989318847611e+01
2.200000003051757957e+01
1.899999995422363241e+01
2.260000000000000142e+01
1.920000001525878730e+01
2.039999992370605497e+01
2.039999989318847540e+01
2.220000003051757886e+01
2.159999996948242185e+01
2.079999992370605355e+01
2.179999992370605355e+01
2.219999995422363170e+01
