2.599999994277954141e+00
0.000000000000000000e+00
1.199999999999999956e+00
0.000000000000000000e+00
1.079999998474121092e+01
0.000000000000000000e+00
2.800000007629394716e+00
7.799999946594238232e+00
2.399999988555908015e+00
2.740000003051757815e+01
3.399999988555908015e+00
2.199999988555908281e+00
5.999999999999999778e-01
8.000000000000000444e-01
2.039999993896484298e+01
1.759999995422363384e+01
1.319999994659423770e+01
7.799999977111816030e+00
4.399999994277954407e+00
8.399999977111816563e+00
1.399999988555908237e+00
1.120000001525878908e+01
9.999999977111816207e+00
1.600000000000000089e+00
1.999999994277954052e+00
1.199999994659423841e+01
4.600000007629394538e+00
1.979999995422363313e+01
7.000000007629394894e+00
1.419999986267089831e+01
4.060000000000000142e+01
5.200000007629394183e+00
1.560000001525878943e+01
0.000000000000000000e+00
5.200000007629394183e+00
2.039999986267089938e+01
1.059999998855590775e+01
5.959999969482421989e+01
8.400000015258788366e+00
6.600000007629394538e+00
7.799999946594238232e+00
7.999999946594238409e+00
2.739999990844726696e+01
4.399999994277954407e+00
3.059999993896484227e+01
1.240000001525878837e+01
1.600000003051757957e+01
1.039999997711181656e+01
1.259999999999999964e+01
8.399999946594238764e+00
1.079999998855590881e+01
3.599999993896484085e+01
8.000000015258789787e+00
9.799999977111816918e+00
5.799999946594238232e+00
8.799999984741210923e+00
3.019999987792968810e+01
1.139999998474121057e+01
2.120000003051757886e+01
1.039999998474121057e+01
1.619999992370605568e+01
1.199999999999999956e+00
8.999999984741210213e+00
2.719999990844726412e+01
1.059999998855590775e+01
1.939999986267089938e+01
1.440000003051757815e+01
7.999999988555908104e+00
9.999999984741210213e+00
2.100000003051757957e+01
1.060000000762939365e+01
8.999999984741210213e+00
5.800000007629394716e+00
1.359999995422363206e+01
7.400000007629394361e+00
1.359999998474121163e+01
9.599999988555907748e+00
1.359999989318847646e+01
1.200000001525878979e+01
4.599999999999999645e+00
2.500000003051757957e+01
1.119999997711181727e+01
1.339999995422363277e+01
1.199999994659423841e+01
1.219999998474121128e+01
1.179999997711181692e+01
1.179999995422363313e+01
1.199999997711181621e+01
1.300000001525878979e+01
1.259999992370605426e+01
1.200000001525878979e+01
1.219999998474121128e+01
1.199999994659423841e+01
1.199999995422363241e+01
1.199999998474121021e+01
1.200000000762939401e+01
1.199999994659423841e+01
1.219999992370605391e+01
1.179999989318847575e+01
1.239999998474121057e+01
1.099999994659423841e+01
1.139999994659423876e+01
1.179999998474121092e+01
1.199999997711181621e+01
1.139999994659423876e+01
1.260000000762939365e+01
1.140000000762939436e+01
1.259999998474121163e+01
1.219999994659423770e+01
1.239999998474121057e+01
1.220000001525878908e+01
1.200000000762939401e+01
1.299999998474121021e+01
1.179999994659423912e+01
1.219999997711181727e+01
1.260000001525878943e+01
1.199999986267089902e+01
1.239999997711181656e+01
1.280000000762939472e+01
1.339999995422363277e+01
1.259999989318847646e+01
1.279999997711181692e+01
1.139999995422363277e+01
1.320000001525878908e+01
1.280000001525878872e+01
1.319999995422363348e+01
1.279999998474121092e+01
1.299999992370605462e+01
1.339999994659423876e+01
1.300000001525878979e+01
1.339999998474121057e+01
1.319999994659423770e+01
1.359999989318847646e+01
1.320000001525878908e+01
1.359999992370605426e+01
1.319999994659423770e+01
1.340000001525878837e+01
1.319999986267089831e+01
1.339999998474121057e+01
1.320000003051757886e+01
1.339999998474121057e+01
1.399999997711181621e+01
1.559999992370605426e+01
1.380000001525878872e+01
1.480000001525878872e+01
1.359999998474121163e+01
1.439999998474121057e+01
1.480000001525878872e+01
1.439999992370605497e+01
1.359999995422363206e+01
1.459999999999999964e+01
1.399999998474121021e+01
1.519999989318847611e+01
1.540000001525878837e+01
1.620000001525878730e+01
1.599999998474121021e+01
1.539999992370605497e+01
1.599999992370605462e+01
1.559999994659423805e+01
1.659999996948242185e+01
1.859999995422363384e+01
1.559999998474121163e+01
1.779999986267089795e+01
1.639999997711181479e+01
1.699999992370605639e+01
1.639999994659423876e+01
1.780000003051757673e+01
1.640000003051757815e+01
1.620000003051757886e+01
1.860000001525878943e+01
1.840000003051757815e+01
1.739999992370605497e+01
1.739999989318847540e+01
1.799999998474121199e+01
1.779999986267089795e+01
1.999999989318847682e+01
1.799999998474121199e+01
2.019999986267090009e+01
1.839999995422363455e+01
1.839999992370605497e+01
1.699999995422363241e+01
1.919999996948242327e+01
1.879999989318847753e+01
1.779999998474121270e+01
2.039999995422363455e+01
1.999999993896484440e+01
2.060000000000000142e+01
2.080000000000000071e+01
1.699999998474121199e+01
2.360000000000000142e+01
2.100000000000000000e+01
2.099999998474121199e+01
2.200000003051757957e+01
2.199999994659423663e+01
2.019999999999999929e+01
1.919999992370605568e+01
1.899999992370605639e+01
2.059999998474120986e+01
2.159999986267089866e+01
2.199999996948242043e+01
