1.799999977111816474e+00
1.879999992370605355e+01
3.839999978637695222e+01
5.959999975585937193e+01
4.839999975585937619e+01
4.880000006103515631e+01
5.539999981689452824e+01
6.019999969482422131e+01
7.799999963378905932e+01
7.019999957275391012e+01
6.199999993896484085e+01
5.520000000000000284e+01
8.239999993896483943e+01
6.020000012207031403e+01
6.779999963378905647e+01
7.779999951171875239e+01
4.999999984741211279e+01
8.699999987792968170e+01
7.079999999999999716e+01
9.459999969482421989e+01
7.879999987792969307e+01
6.899999969482422557e+01
8.799999938964843693e+01
8.539999981689453534e+01
8.439999981689453534e+01
8.719999981689453250e+01
8.779999975585937477e+01
8.799999987792968170e+01
8.279999981689452682e+01
8.359999938964843125e+01
9.420000006103515489e+01
9.079999969482422273e+01
8.539999945068359466e+01
8.880000012207031546e+01
9.179999969482422273e+01
9.440000006103515773e+01
8.999999975585937761e+01
8.079999951171875239e+01
8.999999945068358898e+01
8.219999957275391012e+01
9.579999969482422273e+01
9.280000012207031546e+01
9.479999963378905647e+01
9.499999963378905932e+01
8.499999951171875523e+01
7.839999987792968739e+01
8.219999963378906216e+01
9.319999963378906216e+01
8.419999987792968454e+01
9.140000012207030977e+01
9.299999969482422557e+01
9.939999963378906500e+01
9.379999969482422273e+01
9.639999963378906500e+01
9.139999981689453534e+01
8.599999981689452966e+01
9.239999963378906500e+01
9.420000006103515489e+01
7.799999993896484796e+01
9.019999975585938046e+01
9.079999938964843409e+01
8.440000012207030977e+01
8.479999975585937477e+01
8.679999981689452682e+01
8.599999975585937761e+01
9.099999981689452966e+01
8.880000012207031546e+01
8.599999945068358898e+01
9.360000006103516057e+01
8.820000006103515489e+01
9.779999963378905647e+01
8.739999981689453534e+01
7.999999981689452966e+01
8.279999987792969307e+01
7.939999951171874670e+01
8.659999938964843125e+01
8.699999951171875523e+01
9.779999963378905647e+01
8.579999938964843409e+01
9.779999963378905647e+01
8.679999987792969307e+01
9.360000012207031261e+01
9.439999938964844262e+01
9.720000006103515489e+01
9.559999999999999432e+01
9.899999963378905932e+01
9.679999999999999716e+01
9.719999963378906216e+01
9.819999963378906216e+01
9.779999999999999716e+01
9.719999963378906216e+01
9.679999969482422273e+01
9.660000012207031261e+01
9.800000000000000000e+01
9.720000000000000284e+01
9.679999999999999716e+01
9.720000006103515489e+01
9.739999963378906500e+01
9.759999999999999432e+01
9.740000006103515773e+01
9.739999963378906500e+01
9.719999963378906216e+01
9.600000006103515204e+01
9.740000006103515773e+01
9.740000000000000568e+01
9.720000000000000284e+01
9.799999969482422557e+01
9.720000006103515489e+01
9.760000006103516057e+01
9.619999963378906216e+01
9.760000006103516057e+01
9.719999963378906216e+01
9.660000006103516057e+01
9.640000006103515773e+01
9.660000006103516057e+01
9.660000006103516057e+01
9.620000006103515489e+01
9.799999963378905932e+01
9.679999963378905647e+01
9.759999999999999432e+01
9.659999969482421989e+01
9.640000006103515773e+01
9.439999969482421704e+01
9.800000000000000000e+01
9.799999963378905932e+01
9.820000000000000284e+01
9.839999969482421704e+01
9.900000000000000000e+01
9.839999963378906500e+01
9.920000000000000284e+01
9.859999999999999432e+01
9.859999963378906784e+01
9.879999999999999716e+01
9.799999963378905932e+01
9.859999999999999432e+01
9.740000000000000568e+01
9.719999963378906216e+01
9.679999963378905647e+01
9.679999963378905647e+01
9.699999963378905932e+01
9.699999969482422557e+01
9.699999963378905932e+01
9.679999999999999716e+01
9.700000000000000000e+01
9.740000000000000568e+01
9.699999969482422557e+01
9.679999999999999716e+01
9.699999963378905932e+01
9.699999963378905932e+01
9.660000012207031261e+01
9.659999999999999432e+01
9.679999963378905647e+01
9.679999999999999716e+01
9.720000006103515489e+01
9.679999999999999716e+01
9.700000006103515204e+01
9.660000006103516057e+01
9.699999969482422557e+01
9.680000006103514920e+01
9.700000000000000000e+01
9.739999969482421704e+01
9.720000006103515489e+01
9.739999963378906500e+01
9.699999969482422557e+01
9.699999975585937761e+01
9.680000012207031546e+01
9.680000006103514920e+01
9.699999969482422557e+01
9.720000006103515489e+01
9.679999969482422273e+01
9.659999969482421989e+01
9.659999963378906784e+01
9.659999999999999432e+01
9.700000006103515204e+01
9.700000006103515204e+01
9.739999963378906500e+01
9.719999963378906216e+01
9.640000006103515773e+01
9.660000006103516057e+01
9.700000000000000000e+01
9.700000006103515204e+01
9.680000012207031546e+01
9.679999999999999716e+01
9.719999963378906216e+01
9.679999969482422273e+01
9.739999969482421704e+01
9.680000006103514920e+01
9.660000006103516057e+01
9.720000006103515489e+01
9.679999963378905647e+01
9.739999963378906500e+01
9.719999963378906216e+01
9.659999969482421989e+01
9.700000006103515204e+01
9.699999963378905932e+01
9.719999963378906216e+01
9.680000006103514920e+01
9.659999999999999432e+01
9.659999999999999432e+01
9.719999963378906216e+01
