0.000000000000000000e+00
3.819999975585937335e+01
2.500000000000000000e+01
6.399999978637695364e+01
2.539999986267089938e+01
6.819999951171874386e+01
4.259999978637695506e+01
7.560000006103516057e+01
3.919999972534179733e+01
4.699999969482421847e+01
1.939999995422363455e+01
6.720000006103515489e+01
2.419999986267090009e+01
7.499999957275390727e+01
3.519999981689453250e+01
5.339999987792968739e+01
7.259999975585937193e+01
8.139999987792968739e+01
3.639999993896484654e+01
7.720000000000000284e+01
7.959999969482421989e+01
8.020000012207030693e+01
6.619999963378906216e+01
8.619999981689453250e+01
9.380000006103514920e+01
6.419999975585938046e+01
7.759999957275390159e+01
8.919999969482421420e+01
9.619999969482421420e+01
7.579999957275390443e+01
9.100000012207031830e+01
8.699999945068358898e+01
4.159999975585937193e+01
8.499999951171875523e+01
9.260000006103516057e+01
9.579999969482422273e+01
7.719999951171874386e+01
7.399999993896484796e+01
8.359999945068359750e+01
9.299999963378905932e+01
8.179999951171875239e+01
8.499999975585937761e+01
7.340000006103515773e+01
9.059999975585937193e+01
8.739999987792968739e+01
9.179999975585937477e+01
8.399999938964843693e+01
6.039999969482421704e+01
7.799999951171875523e+01
8.579999987792969307e+01
6.599999975585937761e+01
7.500000012207031830e+01
7.079999975585937477e+01
9.039999969482421704e+01
9.560000006103516057e+01
7.020000006103515489e+01
9.179999975585937477e+01
9.060000006103516057e+01
4.920000000000000284e+01
9.480000012207031546e+01
8.059999999999999432e+01
7.079999963378905647e+01
4.919999993896484369e+01
7.679999957275390443e+01
5.899999990844726483e+01
9.760000006103516057e+01
9.019999945068359182e+01
6.979999999999999716e+01
6.999999993896484796e+01
8.799999975585937761e+01
7.559999999999999432e+01
9.220000012207030693e+01
9.000000012207031830e+01
9.480000006103514920e+01
8.819999981689453250e+01
8.879999969482422273e+01
8.819999938964843977e+01
9.540000006103515773e+01
8.919999975585938046e+01
8.559999981689453818e+01
8.199999945068358898e+01
9.179999975585937477e+01
9.299999963378905932e+01
9.499999975585937761e+01
9.559999963378906784e+01
9.499999969482422557e+01
9.620000000000000284e+01
9.680000006103514920e+01
9.640000006103515773e+01
9.720000006103515489e+01
9.759999963378906784e+01
9.520000012207030693e+01
9.580000006103514920e+01
9.820000006103515489e+01
9.580000012207031546e+01
9.599999969482422557e+01
9.520000006103515489e+01
9.380000006103514920e+01
9.520000012207030693e+01
9.319999938964843977e+01
9.580000006103514920e+01
9.379999969482422273e+01
9.579999963378905647e+01
9.399999975585937761e+01
9.379999963378905647e+01
9.659999969482421989e+01
9.600000006103515204e+01
9.439999975585936909e+01
9.479999969482422273e+01
9.500000012207031830e+01
9.379999969482422273e+01
9.659999969482421989e+01
9.559999969482421989e+01
9.659999963378906784e+01
9.700000000000000000e+01
9.540000000000000568e+01
9.560000012207031261e+01
9.579999969482422273e+01
9.499999969482422557e+01
9.559999969482421989e+01
9.579999969482422273e+01
9.579999999999999716e+01
9.679999969482422273e+01
9.620000006103515489e+01
9.580000006103514920e+01
9.640000006103515773e+01
9.740000000000000568e+01
9.719999963378906216e+01
9.679999999999999716e+01
9.839999963378906500e+01
9.879999999999999716e+01
9.840000000000000568e+01
9.859999999999999432e+01
9.919999963378906216e+01
9.859999999999999432e+01
9.879999999999999716e+01
9.879999999999999716e+01
9.899999963378905932e+01
9.799999963378905932e+01
9.719999963378906216e+01
9.639999969482421704e+01
9.659999963378906784e+01
9.620000012207030693e+01
9.640000012207030977e+01
9.620000006103515489e+01
9.619999963378906216e+01
9.580000012207031546e+01
9.660000012207031261e+01
9.539999969482421704e+01
9.480000012207031546e+01
9.620000006103515489e+01
9.600000000000000000e+01
9.519999969482421420e+01
9.579999969482422273e+01
9.559999969482421989e+01
9.539999975585936909e+01
9.580000006103514920e+01
9.539999963378906500e+01
9.560000006103516057e+01
9.559999969482421989e+01
9.599999975585937761e+01
9.539999969482421704e+01
9.579999969482422273e+01
9.559999969482421989e+01
9.559999963378906784e+01
9.560000012207031261e+01
9.559999999999999432e+01
9.640000000000000568e+01
9.599999963378905932e+01
9.600000006103515204e+01
9.600000006103515204e+01
9.559999999999999432e+01
9.579999963378905647e+01
9.540000006103515773e+01
9.599999969482422557e+01
9.580000006103514920e+01
9.540000006103515773e+01
9.419999975585938046e+01
9.499999981689452966e+01
9.500000012207031830e+01
9.499999963378905932e+01
9.499999963378905932e+01
9.580000012207031546e+01
9.519999969482421420e+01
9.559999963378906784e+01
9.520000006103515489e+01
9.519999963378906216e+01
9.500000006103515204e+01
9.519999969482421420e+01
9.520000006103515489e+01
9.500000006103515204e+01
9.600000006103515204e+01
9.540000012207030977e+01
9.540000006103515773e+01
9.599999963378905932e+01
9.559999969482421989e+01
9.519999969482421420e+01
9.539999975585936909e+01
9.560000006103516057e+01
9.559999963378906784e+01
