3.600000000000000089e+00
1.339999997711181656e+01
1.299999998474121021e+01
1.639999998474121057e+01
2.239999996948242256e+01
2.679999986267089795e+01
4.819999978637695648e+01
1.759999992370605426e+01
5.839999987792968739e+01
5.279999993896484511e+01
5.819999975585937335e+01
3.719999990844726767e+01
2.100000000000000000e+01
4.979999969482421562e+01
3.879999972534179875e+01
6.419999951171874386e+01
4.840000006103515773e+01
5.259999969482421989e+01
5.820000012207031403e+01
7.020000006103515489e+01
6.959999963378906784e+01
8.119999951171874386e+01
5.839999993896484654e+01
4.660000003051757744e+01
7.539999975585936909e+01
8.279999945068360034e+01
4.699999969482421847e+01
3.139999993896484298e+01
6.899999963378905932e+01
6.119999987792968454e+01
5.119999969482422131e+01
6.499999984741211279e+01
8.920000006103515489e+01
7.559999987792969023e+01
7.979999957275390443e+01
5.780000003051758029e+01
6.500000006103515204e+01
6.859999999999999432e+01
6.919999969482421420e+01
7.059999984741210710e+01
5.599999984741211279e+01
8.519999945068359182e+01
8.119999987792968454e+01
6.819999975585938046e+01
9.019999951171874386e+01
6.679999975585937477e+01
6.540000012207030977e+01
5.719999969482422131e+01
6.319999984741210852e+01
7.059999981689453818e+01
5.060000003051757744e+01
7.299999963378905932e+01
8.559999957275390159e+01
7.859999945068359750e+01
5.959999981689453108e+01
7.079999978637695790e+01
8.039999987792968739e+01
7.339999975585936909e+01
7.479999963378905647e+01
8.359999987792969023e+01
7.639999957275391296e+01
7.139999984741210426e+01
8.679999938964843409e+01
7.739999969482421704e+01
7.059999975585937193e+01
8.639999993896483943e+01
7.659999945068359750e+01
8.159999957275390159e+01
9.399999975585937761e+01
7.479999963378905647e+01
7.699999987792968170e+01
6.639999990844727051e+01
5.500000000000000000e+01
7.319999957275391012e+01
8.579999938964843409e+01
8.079999945068360034e+01
7.079999951171875239e+01
8.039999987792968739e+01
8.939999938964844262e+01
7.939999993896483943e+01
8.199999951171875523e+01
8.779999945068360034e+01
9.459999969482421989e+01
9.359999969482421989e+01
9.519999969482421420e+01
9.539999969482421704e+01
9.559999999999999432e+01
9.659999999999999432e+01
9.500000012207031830e+01
9.600000000000000000e+01
9.539999963378906500e+01
9.440000006103515773e+01
9.599999963378905932e+01
9.540000006103515773e+01
9.560000012207031261e+01
9.539999969482421704e+01
9.559999963378906784e+01
9.559999963378906784e+01
9.559999975585937193e+01
9.560000006103516057e+01
9.519999963378906216e+01
9.300000012207031830e+01
9.419999981689453250e+01
9.600000012207031830e+01
9.559999969482421989e+01
9.559999981689453818e+01
9.519999969482421420e+01
9.560000006103516057e+01
9.460000006103516057e+01
9.480000006103514920e+01
9.500000000000000000e+01
9.420000012207030693e+01
9.540000012207030977e+01
9.419999963378906216e+01
9.600000006103515204e+01
9.460000012207031261e+01
9.540000006103515773e+01
9.559999963378906784e+01
9.600000012207031830e+01
9.500000006103515204e+01
9.460000006103516057e+01
9.499999975585937761e+01
9.640000000000000568e+01
9.720000006103515489e+01
9.759999963378906784e+01
9.739999963378906500e+01
9.859999963378906784e+01
9.779999969482422273e+01
9.819999963378906216e+01
9.879999999999999716e+01
9.819999963378906216e+01
9.879999963378905647e+01
9.699999963378905932e+01
9.919999963378906216e+01
9.660000006103516057e+01
9.659999969482421989e+01
9.660000006103516057e+01
9.599999975585937761e+01
9.619999963378906216e+01
9.599999963378905932e+01
9.640000006103515773e+01
9.619999969482421420e+01
9.579999969482422273e+01
9.620000006103515489e+01
9.619999963378906216e+01
9.620000006103515489e+01
9.619999963378906216e+01
9.559999963378906784e+01
9.619999963378906216e+01
9.620000006103515489e+01
9.620000000000000284e+01
9.620000012207030693e+01
9.619999963378906216e+01
9.620000006103515489e+01
9.600000012207031830e+01
9.600000006103515204e+01
9.600000006103515204e+01
9.619999969482421420e+01
9.639999963378906500e+01
9.640000006103515773e+01
9.620000000000000284e+01
9.640000006103515773e+01
9.660000006103516057e+01
9.600000012207031830e+01
9.600000012207031830e+01
9.599999969482422557e+01
9.599999969482422557e+01
9.599999975585937761e+01
9.600000006103515204e+01
9.639999963378906500e+01
9.559999999999999432e+01
9.599999963378905932e+01
9.640000000000000568e+01
9.599999963378905932e+01
9.660000006103516057e+01
9.620000006103515489e+01
9.600000012207031830e+01
9.639999963378906500e+01
9.640000006103515773e+01
9.600000012207031830e+01
9.599999969482422557e+01
9.620000006103515489e+01
9.619999963378906216e+01
9.599999975585937761e+01
9.640000006103515773e+01
9.599999969482422557e+01
9.599999969482422557e+01
9.619999969482421420e+01
9.579999969482422273e+01
9.600000006103515204e+01
9.620000012207030693e+01
9.579999963378905647e+01
9.620000006103515489e+01
9.579999999999999716e+01
9.599999963378905932e+01
9.599999963378905932e+01
9.640000006103515773e+01
9.539999969482421704e+01
9.519999963378906216e+01
9.600000006103515204e+01
