3.399999994277953963e+00
1.219999997711181727e+01
2.099999993896484440e+01
3.559999981689453108e+01
1.919999986267090009e+01
1.079999994659423912e+01
1.619999994659423947e+01
2.119999992370605568e+01
1.679999986267089795e+01
2.059999989318847824e+01
1.879999992370605355e+01
1.859999998474120986e+01
2.599999990844726483e+01
3.419999984741210852e+01
1.899999995422363241e+01
2.139999987792968739e+01
3.759999969482421989e+01
3.919999984741210852e+01
4.779999975585937477e+01
3.279999993896484511e+01
2.459999996948242185e+01
4.959999978637695506e+01
3.399999978637695364e+01
5.539999993896484654e+01
4.420000006103515489e+01
6.239999987792968739e+01
4.260000006103515346e+01
6.059999963378906074e+01
3.140000006103515773e+01
3.559999969482421989e+01
3.939999969482421704e+01
5.919999975585937335e+01
4.499999981689452966e+01
3.959999975585937193e+01
5.139999981689452824e+01
4.479999975585937477e+01
3.939999978637695222e+01
5.979999993896484511e+01
5.999999978637695364e+01
7.360000006103516057e+01
5.639999978637695222e+01
5.479999990844726909e+01
5.080000003051758029e+01
6.079999969482421562e+01
7.180000006103514920e+01
6.419999951171874386e+01
6.440000006103515773e+01
4.399999981689452966e+01
6.999999963378905932e+01
7.320000006103515489e+01
5.159999969482421989e+01
5.799999981689452966e+01
7.660000012207031261e+01
7.340000012207030977e+01
8.559999975585937193e+01
5.099999987792968881e+01
6.739999963378906500e+01
5.299999981689452966e+01
8.439999975585936909e+01
7.279999963378905647e+01
3.939999969482421704e+01
7.279999999999999716e+01
4.660000003051757744e+01
6.279999975585937477e+01
5.260000006103515346e+01
7.759999951171874955e+01
7.019999957275391012e+01
5.399999996948242398e+01
6.159999975585937193e+01
8.779999975585937477e+01
5.560000000000000142e+01
6.519999978637694937e+01
6.920000006103515489e+01
4.980000003051758029e+01
4.679999972534179875e+01
5.119999987792968454e+01
5.919999981689453250e+01
6.799999981689452966e+01
4.399999993896484085e+01
5.979999987792968597e+01
4.160000000000000142e+01
8.799999975585937761e+01
9.399999969482422557e+01
9.460000006103516057e+01
9.479999999999999716e+01
9.459999975585937193e+01
9.480000012207031546e+01
9.439999969482421704e+01
9.519999969482421420e+01
9.500000012207031830e+01
9.460000006103516057e+01
9.420000006103515489e+01
9.459999938964843125e+01
9.480000006103514920e+01
9.420000012207030693e+01
9.440000006103515773e+01
9.320000006103515489e+01
9.420000006103515489e+01
9.439999975585936909e+01
9.400000006103515204e+01
9.379999969482422273e+01
9.319999981689453250e+01
9.319999938964843977e+01
9.399999969482422557e+01
9.439999963378906500e+01
9.359999963378906784e+01
9.359999969482421989e+01
9.340000012207030977e+01
9.319999969482421420e+01
9.440000012207030977e+01
9.419999969482421420e+01
9.399999938964843693e+01
9.440000006103515773e+01
9.359999969482421989e+01
9.460000006103516057e+01
9.380000012207031546e+01
9.479999975585937477e+01
9.299999945068358898e+01
9.300000006103515204e+01
9.339999963378906500e+01
9.400000006103515204e+01
9.399999969482422557e+01
9.279999951171875239e+01
9.400000012207031830e+01
9.480000006103514920e+01
9.679999963378905647e+01
9.699999963378905932e+01
9.699999963378905932e+01
9.719999969482421420e+01
9.660000006103516057e+01
9.699999963378905932e+01
9.740000012207030977e+01
9.740000000000000568e+01
9.720000000000000284e+01
9.699999963378905932e+01
9.720000012207030693e+01
9.720000000000000284e+01
9.699999963378905932e+01
9.599999969482422557e+01
9.579999969482422273e+01
9.619999975585938046e+01
9.540000012207030977e+01
9.520000006103515489e+01
9.499999969482422557e+01
9.519999969482421420e+01
9.580000006103514920e+01
9.539999963378906500e+01
9.539999963378906500e+01
9.520000012207030693e+01
9.500000006103515204e+01
9.540000012207030977e+01
9.579999963378905647e+01
9.519999963378906216e+01
9.539999969482421704e+01
9.520000012207030693e+01
9.500000006103515204e+01
9.520000006103515489e+01
9.500000006103515204e+01
9.540000012207030977e+01
9.539999975585936909e+01
9.479999969482422273e+01
9.579999969482422273e+01
9.520000012207030693e+01
9.599999969482422557e+01
9.519999969482421420e+01
9.579999938964843409e+01
9.520000012207030693e+01
9.500000012207031830e+01
9.580000012207031546e+01
9.539999938964844262e+01
9.619999963378906216e+01
9.559999969482421989e+01
9.539999969482421704e+01
9.540000006103515773e+01
9.539999963378906500e+01
9.519999969482421420e+01
9.540000006103515773e+01
9.580000006103514920e+01
9.519999975585938046e+01
9.520000006103515489e+01
9.519999969482421420e+01
9.519999969482421420e+01
9.600000012207031830e+01
9.520000006103515489e+01
9.519999963378906216e+01
9.519999969482421420e+01
9.520000006103515489e+01
9.519999963378906216e+01
9.500000006103515204e+01
9.539999969482421704e+01
9.579999969482422273e+01
9.600000006103515204e+01
9.519999969482421420e+01
9.540000000000000568e+01
9.539999963378906500e+01
9.540000006103515773e+01
9.519999969482421420e+01
9.519999963378906216e+01
9.520000000000000284e+01
9.540000006103515773e+01
