2.599999994277954141e+00
1.100000001525878979e+01
8.399999946594238764e+00
2.799999988555908370e+00
3.819999990844726767e+01
8.199999946594237699e+00
3.899999969482421847e+01
2.439999986267089938e+01
1.979999989318847753e+01
4.280000006103515631e+01
1.199999998855590810e+01
3.479999987792968597e+01
2.859999986267089866e+01
4.979999990844726909e+01
1.919999986267090009e+01
4.679999978637695079e+01
4.019999981689453250e+01
3.899999975585937761e+01
4.939999978637695222e+01
3.219999987792968454e+01
4.399999978637695364e+01
3.240000003051757460e+01
5.079999978637695079e+01
2.179999992370605355e+01
5.699999990844726483e+01
3.259999990844726625e+01
5.559999993896484227e+01
3.539999972534180017e+01
5.259999990844726625e+01
5.200000003051757602e+01
4.699999969482421847e+01
2.359999992370605426e+01
4.619999984741210852e+01
5.499999981689452966e+01
5.340000006103515773e+01
4.179999999999999716e+01
6.739999993896483943e+01
4.839999969482421704e+01
4.939999975585937619e+01
4.759999993896484227e+01
6.379999969482421562e+01
5.899999975585937761e+01
5.439999990844726341e+01
6.499999993896484796e+01
5.359999996948242540e+01
6.680000006103514920e+01
6.360000012207031261e+01
5.539999996948242256e+01
4.479999969482421562e+01
5.020000000000000284e+01
7.579999993896484511e+01
6.579999969482422273e+01
5.460000000000000142e+01
6.299999984741211279e+01
5.279999987792968597e+01
6.379999984741210994e+01
4.939999969482421704e+01
7.239999951171874670e+01
5.859999990844726625e+01
4.939999990844726341e+01
6.939999978637695222e+01
5.579999990844726909e+01
5.099999972534179449e+01
3.320000006103515489e+01
5.060000000000000142e+01
5.939999975585937619e+01
4.940000003051757460e+01
5.799999978637695364e+01
7.439999993896483943e+01
5.699999984741211279e+01
5.899999987792968881e+01
6.839999957275391296e+01
5.719999978637695648e+01
7.559999957275390159e+01
7.859999993896484227e+01
7.239999963378906500e+01
6.739999987792968739e+01
6.819999969482421420e+01
7.179999969482422273e+01
7.699999993896484796e+01
7.200000006103515204e+01
7.599999963378905932e+01
9.259999969482421989e+01
9.300000006103515204e+01
9.160000012207031261e+01
9.399999969482422557e+01
9.480000012207031546e+01
9.420000012207030693e+01
9.379999938964843409e+01
9.299999969482422557e+01
9.359999963378906784e+01
9.379999969482422273e+01
9.300000006103515204e+01
9.219999938964843977e+01
9.219999975585938046e+01
9.280000006103514920e+01
9.340000012207030977e+01
9.399999963378905932e+01
9.280000012207031546e+01
9.180000012207031546e+01
9.119999938964843977e+01
9.160000012207031261e+01
9.140000006103515773e+01
9.320000006103515489e+01
9.239999938964844262e+01
9.259999969482421989e+01
9.299999975585937761e+01
9.359999963378906784e+01
9.219999969482421420e+01
9.219999945068359182e+01
9.279999975585937477e+01
9.339999938964844262e+01
9.360000012207031261e+01
9.079999938964843409e+01
9.259999969482421989e+01
9.439999969482421704e+01
9.399999969482422557e+01
9.139999981689453534e+01
9.360000006103516057e+01
9.059999987792969023e+01
9.259999975585937193e+01
9.359999969482421989e+01
9.520000000000000284e+01
9.580000006103514920e+01
9.659999963378906784e+01
9.739999969482421704e+01
9.680000006103514920e+01
9.699999963378905932e+01
9.679999999999999716e+01
9.759999963378906784e+01
9.720000006103515489e+01
9.720000006103515489e+01
9.800000006103515204e+01
9.739999969482421704e+01
9.659999963378906784e+01
9.559999963378906784e+01
9.579999969482422273e+01
9.519999969482421420e+01
9.520000006103515489e+01
9.579999999999999716e+01
9.519999975585938046e+01
9.500000000000000000e+01
9.640000000000000568e+01
9.579999969482422273e+01
9.500000006103515204e+01
9.559999975585937193e+01
9.479999975585937477e+01
9.600000006103515204e+01
9.459999963378906784e+01
9.579999969482422273e+01
9.519999969482421420e+01
9.440000012207030977e+01
9.540000006103515773e+01
9.479999963378905647e+01
9.579999963378905647e+01
9.599999969482422557e+01
9.480000006103514920e+01
9.500000012207031830e+01
9.559999999999999432e+01
9.480000006103514920e+01
9.639999963378906500e+01
9.579999963378905647e+01
9.540000006103515773e+01
9.560000006103516057e+01
9.579999969482422273e+01
9.440000006103515773e+01
9.539999969482421704e+01
9.539999969482421704e+01
9.559999969482421989e+01
9.540000012207030977e+01
9.559999963378906784e+01
9.580000012207031546e+01
9.559999969482421989e+01
9.520000006103515489e+01
9.520000006103515489e+01
9.499999975585937761e+01
9.480000006103514920e+01
9.519999938964843977e+01
9.580000006103514920e+01
9.579999969482422273e+01
9.620000006103515489e+01
9.519999969482421420e+01
9.460000012207031261e+01
9.600000000000000000e+01
9.540000006103515773e+01
9.520000006103515489e+01
9.480000012207031546e+01
9.559999963378906784e+01
9.539999963378906500e+01
9.500000006103515204e+01
9.499999969482422557e+01
9.519999969482421420e+01
9.479999963378905647e+01
9.519999969482421420e+01
9.439999969482421704e+01
9.499999938964843693e+01
9.520000000000000284e+01
9.460000006103516057e+01
9.520000006103515489e+01
9.579999969482422273e+01
