1.980000000000000071e+01
5.799999988555907926e+00
1.359999998474121163e+01
2.639999996948242256e+01
1.499999995422363241e+01
3.800000007629394716e+00
3.279999984741210994e+01
1.939999995422363455e+01
2.539999996948242256e+01
2.100000003051757957e+01
1.559999995422363206e+01
3.339999984741211136e+01
2.080000001525878872e+01
2.080000000000000071e+01
1.119999995422363348e+01
4.300000006103515915e+01
4.859999975585937193e+01
1.859999989318847824e+01
1.559999986267089866e+01
2.219999987792968810e+01
2.839999996948242256e+01
2.999999993896484440e+01
1.779999992370605355e+01
2.139999992370605497e+01
2.419999996948242327e+01
2.699999996948242043e+01
2.139999999999999858e+01
4.579999972534179875e+01
2.860000000000000142e+01
2.879999996948242114e+01
4.119999975585937335e+01
3.119999987792968810e+01
3.619999981689453250e+01
4.339999993896484654e+01
4.600000003051757602e+01
6.119999975585937335e+01
4.399999990844726483e+01
3.719999986267090009e+01
3.560000006103515346e+01
4.279999969482421562e+01
5.859999993896484227e+01
4.500000006103515915e+01
4.039999990844726341e+01
4.819999972534179733e+01
5.779999996948242114e+01
4.179999999999999716e+01
4.919999978637695648e+01
5.199999990844726483e+01
4.959999978637695506e+01
3.679999984741210994e+01
2.919999989318847611e+01
7.000000012207031830e+01
3.839999969482421704e+01
4.819999972534179733e+01
3.139999999999999858e+01
5.879999975585937477e+01
5.080000012207031546e+01
5.419999972534179733e+01
4.359999981689453108e+01
4.499999969482421847e+01
7.259999984741210710e+01
5.279999972534179875e+01
4.839999993896484654e+01
5.639999987792968739e+01
5.839999996948242256e+01
3.419999981689453250e+01
3.639999999999999858e+01
6.779999987792969307e+01
7.340000006103515773e+01
5.219999975585937335e+01
7.019999969482421420e+01
6.679999963378905647e+01
3.759999993896484227e+01
8.479999987792969307e+01
4.200000006103515915e+01
6.879999975585937477e+01
3.920000003051757886e+01
3.739999975585937619e+01
5.439999984741211136e+01
3.619999981689453250e+01
5.059999984741210710e+01
6.480000012207031546e+01
6.659999978637695506e+01
8.179999938964843409e+01
9.079999938964843409e+01
9.239999975585936909e+01
9.439999963378906500e+01
9.519999969482421420e+01
9.600000012207031830e+01
9.379999969482422273e+01
9.319999969482421420e+01
9.320000012207030693e+01
9.479999969482422273e+01
9.480000012207031546e+01
9.219999963378906216e+01
9.179999975585937477e+01
9.459999963378906784e+01
9.359999969482421989e+01
9.400000006103515204e+01
9.399999969482422557e+01
9.440000006103515773e+01
9.219999975585938046e+01
9.239999938964844262e+01
9.179999938964843409e+01
9.279999975585937477e+01
9.339999975585936909e+01
9.139999975585936909e+01
9.399999969482422557e+01
9.200000006103515204e+01
9.140000012207030977e+01
9.360000012207031261e+01
9.259999969482421989e+01
9.419999975585938046e+01
9.299999981689452966e+01
9.259999938964843125e+01
9.040000012207030977e+01
9.300000012207031830e+01
9.020000012207030693e+01
9.279999963378905647e+01
9.259999969482421989e+01
9.259999975585937193e+01
9.399999975585937761e+01
9.099999938964843693e+01
9.300000012207031830e+01
9.659999963378906784e+01
9.799999963378905932e+01
9.759999969482421989e+01
9.799999963378905932e+01
9.800000000000000000e+01
9.820000000000000284e+01
9.819999963378906216e+01
9.819999963378906216e+01
9.819999963378906216e+01
9.820000000000000284e+01
9.819999963378906216e+01
9.759999999999999432e+01
9.740000000000000568e+01
9.740000006103515773e+01
9.659999963378906784e+01
9.660000006103516057e+01
9.740000006103515773e+01
9.700000006103515204e+01
9.679999999999999716e+01
9.659999999999999432e+01
9.700000000000000000e+01
9.759999999999999432e+01
9.600000006103515204e+01
9.719999969482421420e+01
9.579999969482422273e+01
9.760000006103516057e+01
9.700000006103515204e+01
9.740000006103515773e+01
9.780000006103514920e+01
9.759999963378906784e+01
9.759999963378906784e+01
9.759999963378906784e+01
9.600000006103515204e+01
9.719999963378906216e+01
9.719999969482421420e+01
9.759999963378906784e+01
9.719999963378906216e+01
9.739999963378906500e+01
9.700000006103515204e+01
9.700000000000000000e+01
9.720000000000000284e+01
9.759999999999999432e+01
9.719999963378906216e+01
9.699999963378905932e+01
9.699999963378905932e+01
9.739999969482421704e+01
9.759999999999999432e+01
9.779999963378905647e+01
9.740000000000000568e+01
9.779999999999999716e+01
9.660000006103516057e+01
9.720000000000000284e+01
9.700000000000000000e+01
9.740000000000000568e+01
9.679999969482422273e+01
9.759999963378906784e+01
9.719999963378906216e+01
9.720000000000000284e+01
9.740000000000000568e+01
9.679999963378905647e+01
9.759999999999999432e+01
9.719999963378906216e+01
9.720000006103515489e+01
9.699999969482422557e+01
9.700000000000000000e+01
9.740000006103515773e+01
9.719999963378906216e+01
9.739999969482421704e+01
9.699999963378905932e+01
9.779999999999999716e+01
9.759999963378906784e+01
9.760000012207031261e+01
9.740000000000000568e+01
9.739999963378906500e+01
9.759999963378906784e+01
9.759999969482421989e+01
