2.659999993896484227e+01
3.599999988555908192e+00
4.600000015258789432e+00
1.659999995422363384e+01
3.120000003051757886e+01
1.279999992370605533e+01
1.299999994659423841e+01
1.539999997711181656e+01
1.960000003051757744e+01
3.119999981689453250e+01
1.320000001525878908e+01
3.399999996948242398e+01
1.759999992370605426e+01
1.779999995422363313e+01
1.519999998474121128e+01
4.179999969482421562e+01
4.779999996948242114e+01
4.339999999999999858e+01
4.379999975585937477e+01
2.799999993896484440e+01
5.279999984741210994e+01
2.139999995422363455e+01
5.439999990844726341e+01
2.739999996948242256e+01
4.359999990844726625e+01
4.319999978637695648e+01
4.319999984741210852e+01
5.039999996948242256e+01
2.980000000000000071e+01
3.900000003051757602e+01
3.459999975585937193e+01
2.739999999999999858e+01
5.159999975585937193e+01
3.019999989318847611e+01
4.639999972534180017e+01
2.819999999999999929e+01
5.540000006103515773e+01
5.559999987792969023e+01
4.019999972534179733e+01
6.439999981689453534e+01
3.519999981689453250e+01
5.379999996948242114e+01
3.479999978637695079e+01
4.199999990844726483e+01
3.979999969482421562e+01
3.879999987792968597e+01
4.299999978637695364e+01
5.819999990844726767e+01
5.499999993896484085e+01
6.739999984741210426e+01
5.120000000000000284e+01
5.079999999999999716e+01
6.159999978637695506e+01
3.139999990844726696e+01
3.720000000000000284e+01
3.799999984741211279e+01
6.440000006103515773e+01
5.439999993896484654e+01
5.519999990844726767e+01
5.019999990844726767e+01
3.679999990844726909e+01
4.600000003051757602e+01
4.899999993896484085e+01
5.379999996948242114e+01
6.300000006103515915e+01
4.320000003051757886e+01
6.539999978637695222e+01
3.679999984741210994e+01
5.739999999999999858e+01
4.899999981689452966e+01
7.660000006103516057e+01
5.999999996948242398e+01
3.779999981689453392e+01
4.719999990844726767e+01
7.619999993896485080e+01
6.499999984741211279e+01
7.979999987792969307e+01
4.979999969482421562e+01
5.779999993896484511e+01
7.699999945068358898e+01
5.819999975585937335e+01
6.379999993896484511e+01
7.979999945068360034e+01
8.579999981689452682e+01
9.239999969482421704e+01
9.180000012207031546e+01
9.360000012207031261e+01
9.440000006103515773e+01
9.419999969482421420e+01
9.500000012207031830e+01
9.380000006103514920e+01
9.359999963378906784e+01
9.220000012207030693e+01
9.159999981689453818e+01
9.199999938964843693e+01
9.119999969482421420e+01
9.159999981689453818e+01
9.279999969482422273e+01
9.119999951171874386e+01
9.379999969482422273e+01
9.179999938964843409e+01
9.340000012207030977e+01
9.279999963378905647e+01
9.059999951171874955e+01
9.240000012207030977e+01
9.240000006103515773e+01
9.179999938964843409e+01
9.280000012207031546e+01
9.260000012207031261e+01
9.359999969482421989e+01
9.319999975585938046e+01
9.300000012207031830e+01
9.259999975585937193e+01
9.220000012207030693e+01
9.499999963378905932e+01
9.519999963378906216e+01
9.179999938964843409e+01
9.239999945068359466e+01
9.340000000000000568e+01
9.359999969482421989e+01
9.179999981689452682e+01
8.879999969482422273e+01
9.439999975585936909e+01
9.740000000000000568e+01
9.659999963378906784e+01
9.819999963378906216e+01
9.780000006103514920e+01
9.780000006103514920e+01
9.820000006103515489e+01
9.819999963378906216e+01
9.820000000000000284e+01
9.819999963378906216e+01
9.779999963378905647e+01
9.819999969482421420e+01
9.780000006103514920e+01
9.780000006103514920e+01
9.719999963378906216e+01
9.779999963378905647e+01
9.819999963378906216e+01
9.700000006103515204e+01
9.699999963378905932e+01
9.579999963378905647e+01
9.599999963378905932e+01
9.559999981689453818e+01
9.499999963378905932e+01
9.519999969482421420e+01
9.680000006103514920e+01
9.540000012207030977e+01
9.679999963378905647e+01
9.599999963378905932e+01
9.560000006103516057e+01
9.540000006103515773e+01
9.660000006103516057e+01
9.519999963378906216e+01
9.480000006103514920e+01
9.600000006103515204e+01
9.540000006103515773e+01
9.579999963378905647e+01
9.539999969482421704e+01
9.600000012207031830e+01
9.519999963378906216e+01
9.540000000000000568e+01
9.580000006103514920e+01
9.639999969482421704e+01
9.579999963378905647e+01
9.599999963378905932e+01
9.599999963378905932e+01
9.559999963378906784e+01
9.640000006103515773e+01
9.539999969482421704e+01
9.579999975585937477e+01
9.559999969482421989e+01
9.540000012207030977e+01
9.560000006103516057e+01
9.619999963378906216e+01
9.679999963378905647e+01
9.619999963378906216e+01
9.599999969482422557e+01
9.539999969482421704e+01
9.659999963378906784e+01
9.599999963378905932e+01
9.560000006103516057e+01
9.619999963378906216e+01
9.620000000000000284e+01
9.559999963378906784e+01
9.540000006103515773e+01
9.539999963378906500e+01
9.559999963378906784e+01
9.519999969482421420e+01
9.560000012207031261e+01
9.659999963378906784e+01
9.579999999999999716e+01
9.619999969482421420e+01
9.560000006103516057e+01
9.559999963378906784e+01
9.659999969482421989e+01
9.600000006103515204e+01
9.620000000000000284e+01
9.599999963378905932e+01
9.560000006103516057e+01
