5.599999994277953697e+00
1.160000000762939365e+01
3.800000007629394716e+00
1.000000000762939401e+01
9.799999946594239120e+00
1.180000001525878872e+01
7.200000007629394183e+00
2.900000000000000000e+01
1.240000001525878837e+01
1.739999989318847540e+01
1.019999997711181727e+01
3.059999990844726625e+01
1.639999989318847540e+01
4.899999969482421847e+01
1.899999998474121199e+01
2.979999996948242114e+01
1.359999992370605426e+01
1.959999992370605426e+01
3.259999975585937193e+01
2.159999986267089866e+01
3.099999996948242043e+01
3.519999978637695648e+01
2.640000003051757815e+01
3.099999992370605639e+01
3.099999975585937406e+01
2.999999993896484440e+01
5.699999981689452966e+01
2.579999993896484511e+01
2.739999992370605497e+01
2.780000000000000071e+01
4.739999969482421704e+01
4.679999993896484511e+01
5.600000003051757602e+01
3.059999981689453108e+01
6.119999984741210852e+01
3.719999984741210852e+01
5.100000000000000000e+01
5.259999990844726625e+01
1.579999992370605533e+01
4.560000006103515346e+01
2.339999989318847540e+01
5.679999981689453392e+01
3.899999984741211279e+01
6.079999990844726909e+01
6.019999987792968454e+01
5.340000003051757460e+01
6.179999978637695079e+01
5.899999996948242398e+01
2.839999981689453179e+01
4.660000006103515346e+01
5.499999993896484085e+01
4.579999987792968597e+01
4.459999996948242540e+01
2.619999999999999929e+01
5.439999996948242256e+01
4.700000000000000000e+01
4.300000006103515915e+01
5.500000006103515915e+01
5.399999987792968881e+01
3.919999978637695648e+01
6.199999981689452966e+01
5.879999984741210994e+01
6.519999981689453250e+01
5.440000003051757460e+01
2.719999996948242327e+01
6.639999975585936909e+01
5.099999975585937761e+01
5.119999990844726767e+01
7.279999969482422273e+01
5.079999996948242114e+01
3.359999990844726625e+01
3.120000003051757886e+01
7.020000006103515489e+01
8.019999987792968454e+01
6.419999969482421420e+01
6.419999969482421420e+01
4.460000003051757744e+01
4.440000003051757460e+01
3.999999972534179449e+01
5.839999978637695222e+01
6.699999987792968170e+01
6.659999978637695506e+01
7.959999987792969023e+01
9.019999969482421420e+01
9.139999945068359466e+01
9.319999963378906216e+01
9.100000012207031830e+01
9.419999969482421420e+01
9.579999963378905647e+01
9.239999938964844262e+01
9.099999981689452966e+01
9.159999938964843125e+01
9.180000006103514920e+01
9.080000006103514920e+01
9.079999938964843409e+01
8.759999938964843125e+01
9.079999969482422273e+01
9.219999981689453250e+01
9.519999938964843977e+01
8.959999945068359750e+01
9.019999987792968454e+01
8.860000012207031261e+01
8.759999993896484227e+01
9.139999975585936909e+01
9.059999981689453818e+01
9.040000012207030977e+01
9.139999969482421704e+01
9.100000012207031830e+01
9.199999975585937761e+01
9.179999969482422273e+01
9.099999987792968170e+01
9.079999969482422273e+01
9.139999975585936909e+01
9.119999938964843977e+01
8.859999975585937193e+01
9.300000006103515204e+01
9.100000006103515204e+01
9.099999938964843693e+01
8.940000012207030977e+01
9.159999981689453818e+01
9.199999975585937761e+01
8.880000012207031546e+01
9.239999981689453534e+01
9.379999963378905647e+01
9.620000012207030693e+01
9.620000006103515489e+01
9.739999963378906500e+01
9.759999963378906784e+01
9.759999963378906784e+01
9.679999963378905647e+01
9.600000006103515204e+01
9.739999969482421704e+01
9.720000006103515489e+01
9.719999963378906216e+01
9.620000006103515489e+01
9.640000006103515773e+01
9.620000000000000284e+01
9.640000006103515773e+01
9.600000006103515204e+01
9.579999963378905647e+01
9.620000006103515489e+01
9.600000006103515204e+01
9.580000006103514920e+01
9.520000006103515489e+01
9.600000012207031830e+01
9.539999963378906500e+01
9.600000012207031830e+01
9.619999963378906216e+01
9.619999969482421420e+01
9.639999963378906500e+01
9.519999963378906216e+01
9.520000006103515489e+01
9.519999975585938046e+01
9.580000012207031546e+01
9.560000006103516057e+01
9.560000006103516057e+01
9.600000000000000000e+01
9.639999963378906500e+01
9.599999969482422557e+01
9.619999963378906216e+01
9.619999938964843977e+01
9.540000012207030977e+01
9.559999963378906784e+01
9.640000000000000568e+01
9.539999963378906500e+01
9.560000012207031261e+01
9.599999963378905932e+01
9.639999963378906500e+01
9.620000006103515489e+01
9.619999969482421420e+01
9.580000012207031546e+01
9.639999963378906500e+01
9.579999999999999716e+01
9.559999963378906784e+01
9.600000006103515204e+01
9.579999969482422273e+01
9.579999969482422273e+01
9.599999963378905932e+01
9.540000012207030977e+01
9.519999963378906216e+01
9.559999969482421989e+01
9.580000006103514920e+01
9.599999963378905932e+01
9.579999999999999716e+01
9.580000006103514920e+01
9.639999969482421704e+01
9.519999969482421420e+01
9.579999969482422273e+01
9.540000012207030977e+01
9.559999969482421989e+01
9.579999969482422273e+01
9.600000006103515204e+01
9.579999963378905647e+01
9.540000006103515773e+01
9.540000006103515773e+01
9.599999963378905932e+01
9.559999963378906784e+01
9.500000006103515204e+01
9.579999969482422273e+01
9.539999969482421704e+01
