3.599999988555908192e+00
3.999999942779540740e-01
1.800000001525878801e+01
7.599999988555908637e+00
1.479999989318847575e+01
1.019999995422363348e+01
1.259999994659423805e+01
1.960000003051757744e+01
8.199999977111817273e+00
1.879999995422363313e+01
1.199999989318847682e+01
1.879999989318847753e+01
3.979999981689453392e+01
2.380000003051757673e+01
1.899999992370605639e+01
3.479999987792968597e+01
1.839999989318847540e+01
2.999999989318847682e+01
3.799999972534179449e+01
4.099999981689452966e+01
2.479999992370605355e+01
3.879999990844726909e+01
3.219999981689453250e+01
3.139999990844726696e+01
4.099999969482421847e+01
2.739999987792968739e+01
3.239999990844726341e+01
3.019999987792968810e+01
2.219999986267090009e+01
8.599999946594238054e+00
2.900000003051757957e+01
1.159999995422363206e+01
5.059999981689453108e+01
4.399999996948242398e+01
3.379999984741210994e+01
3.959999972534179591e+01
2.560000003051757744e+01
3.139999990844726696e+01
3.539999981689452824e+01
3.479999978637695079e+01
2.159999995422363384e+01
1.840000003051757815e+01
3.559999984741210710e+01
3.039999975585937619e+01
2.160000003051757744e+01
2.440000003051757815e+01
2.839999987792968739e+01
2.959999996948242185e+01
3.619999981689453250e+01
4.459999996948242540e+01
4.319999987792968454e+01
3.419999990844726767e+01
3.359999972534179591e+01
2.719999986267090009e+01
2.799999986267089724e+01
2.359999989318847824e+01
2.020000001525878730e+01
4.659999987792969023e+01
4.080000006103515631e+01
3.180000003051757673e+01
1.260000001525878943e+01
2.319999996948242327e+01
5.159999993896484227e+01
2.559999987792968668e+01
4.199999987792968881e+01
3.959999987792969023e+01
2.239999995422363455e+01
3.779999975585937477e+01
6.439999969482421704e+01
3.879999996948242114e+01
3.419999984741210852e+01
5.920000003051757886e+01
4.979999984741210994e+01
5.899999990844726483e+01
2.939999987792968739e+01
3.619999987792968454e+01
3.599999984741211279e+01
6.059999981689453108e+01
2.339999990844726696e+01
3.519999990844726767e+01
4.059999978637695506e+01
6.239999984741211136e+01
6.539999984741210426e+01
8.299999957275390727e+01
8.779999975585937477e+01
8.759999987792969023e+01
8.939999969482421704e+01
8.999999945068358898e+01
9.059999969482421989e+01
9.139999938964844262e+01
9.360000012207031261e+01
8.999999938964843693e+01
9.299999938964843693e+01
9.239999969482421704e+01
9.059999987792969023e+01
8.839999951171874670e+01
9.040000012207030977e+01
8.720000006103515489e+01
8.979999975585937477e+01
8.839999945068359466e+01
8.879999981689452682e+01
8.939999938964844262e+01
9.099999938964843693e+01
8.919999975585938046e+01
8.959999938964843125e+01
9.079999975585937477e+01
9.080000006103514920e+01
8.879999938964843409e+01
9.099999981689452966e+01
9.219999938964843977e+01
9.060000012207031261e+01
8.939999987792968739e+01
8.799999945068358898e+01
9.040000006103515773e+01
8.959999981689453818e+01
9.200000006103515204e+01
9.240000012207030977e+01
9.020000006103515489e+01
9.139999975585936909e+01
9.019999938964843977e+01
8.999999969482422557e+01
9.220000012207030693e+01
8.959999969482421989e+01
9.320000006103515489e+01
9.599999963378905932e+01
9.720000006103515489e+01
9.739999963378906500e+01
9.659999963378906784e+01
9.680000006103514920e+01
9.780000006103514920e+01
9.799999963378905932e+01
9.759999969482421989e+01
9.759999963378906784e+01
9.759999969482421989e+01
9.759999999999999432e+01
9.699999963378905932e+01
9.719999963378906216e+01
9.700000012207031830e+01
9.679999963378905647e+01
9.640000012207030977e+01
9.659999963378906784e+01
9.639999969482421704e+01
9.640000000000000568e+01
9.619999963378906216e+01
9.659999999999999432e+01
9.639999963378906500e+01
9.640000006103515773e+01
9.640000000000000568e+01
9.659999999999999432e+01
9.640000000000000568e+01
9.660000006103516057e+01
9.639999975585936909e+01
9.660000012207031261e+01
9.680000006103514920e+01
9.660000006103516057e+01
9.659999963378906784e+01
9.679999969482422273e+01
9.680000006103514920e+01
9.639999969482421704e+01
9.659999969482421989e+01
9.660000006103516057e+01
9.640000000000000568e+01
9.640000006103515773e+01
9.639999975585936909e+01
9.680000006103514920e+01
9.659999999999999432e+01
9.639999963378906500e+01
9.639999963378906500e+01
9.699999969482422557e+01
9.679999963378905647e+01
9.619999963378906216e+01
9.659999999999999432e+01
9.640000006103515773e+01
9.700000000000000000e+01
9.640000006103515773e+01
9.720000000000000284e+01
9.680000006103514920e+01
9.640000006103515773e+01
9.660000006103516057e+01
9.640000006103515773e+01
9.699999963378905932e+01
9.639999969482421704e+01
9.699999963378905932e+01
9.640000000000000568e+01
9.660000006103516057e+01
9.640000000000000568e+01
9.639999969482421704e+01
9.659999999999999432e+01
9.680000006103514920e+01
9.640000006103515773e+01
9.660000006103516057e+01
9.639999969482421704e+01
9.659999945068359750e+01
9.640000006103515773e+01
9.659999969482421989e+01
9.620000006103515489e+01
9.700000006103515204e+01
9.620000000000000284e+01
9.639999963378906500e+01
9.619999963378906216e+01
