2.400000007629394361e+00
1.999999994277954052e+00
1.359999998474121163e+01
1.599999995422363241e+01
6.799999977111816030e+00
1.379999998474121092e+01
1.079999997711181692e+01
2.539999990844726696e+01
1.839999995422363455e+01
8.800000015258788721e+00
1.199999998474121021e+01
2.859999987792968668e+01
7.000000015258788899e+00
2.020000003051757886e+01
3.019999987792968810e+01
8.200000007629395071e+00
1.219999994659423770e+01
3.599999978637695364e+01
3.479999999999999716e+01
2.479999990844726554e+01
2.259999996948242185e+01
3.179999990844726554e+01
2.019999999999999929e+01
2.279999996948242114e+01
1.459999995422363206e+01
2.279999987792968597e+01
3.399999981689452966e+01
3.060000003051757744e+01
3.299999984741211279e+01
3.219999975585937335e+01
1.860000000000000142e+01
1.459999992370605426e+01
4.639999978637695222e+01
4.700000006103515915e+01
2.479999996948242114e+01
3.939999972534180017e+01
4.859999984741210710e+01
1.959999998474120986e+01
3.979999999999999716e+01
4.740000003051757460e+01
5.959999993896484227e+01
3.979999990844726909e+01
4.420000003051757886e+01
4.939999981689452824e+01
4.379999969482421562e+01
2.959999986267089866e+01
4.320000006103515489e+01
3.339999984741211136e+01
5.199999978637695364e+01
4.339999996948242256e+01
6.759999963378906784e+01
5.399999990844726483e+01
3.579999981689453392e+01
4.959999969482421989e+01
3.599999981689452966e+01
3.619999990844726767e+01
2.259999986267089866e+01
4.959999990844726625e+01
4.639999972534180017e+01
4.800000000000000000e+01
5.459999987792969023e+01
5.839999990844726341e+01
6.099999987792968881e+01
3.879999969482421562e+01
4.219999972534179733e+01
5.379999987792968597e+01
4.259999969482421989e+01
5.579999990844726909e+01
4.859999972534179591e+01
4.839999996948242256e+01
3.239999972534180017e+01
5.059999987792969023e+01
3.680000006103515631e+01
4.179999987792968597e+01
4.560000003051757744e+01
4.939999975585937619e+01
4.719999975585937335e+01
3.799999996948242398e+01
5.019999981689453250e+01
5.219999972534179733e+01
2.419999990844726412e+01
6.139999990844726341e+01
7.459999999999999432e+01
8.500000012207031830e+01
8.859999951171874955e+01
8.659999975585937193e+01
8.819999951171874386e+01
9.099999975585937761e+01
9.059999969482421989e+01
9.080000006103514920e+01
9.159999975585937193e+01
9.159999945068359750e+01
9.239999945068359466e+01
9.079999975585937477e+01
9.000000012207031830e+01
9.040000006103515773e+01
9.160000012207031261e+01
9.059999945068359750e+01
8.939999938964844262e+01
9.079999981689452682e+01
9.000000012207031830e+01
8.979999945068360034e+01
9.199999969482422557e+01
9.099999969482422557e+01
9.059999993896484227e+01
8.919999969482421420e+01
9.000000012207031830e+01
9.059999981689453818e+01
9.119999969482421420e+01
8.980000006103514920e+01
9.060000006103516057e+01
9.079999975585937477e+01
9.039999981689453534e+01
9.099999938964843693e+01
9.039999938964844262e+01
8.919999987792968454e+01
9.039999938964844262e+01
9.000000006103515204e+01
8.859999938964843125e+01
9.080000012207031546e+01
9.059999938964843125e+01
8.839999993896483943e+01
9.079999975585937477e+01
9.199999981689452966e+01
9.200000012207031830e+01
9.499999969482422557e+01
9.660000006103516057e+01
9.679999963378905647e+01
9.679999963378905647e+01
9.540000012207030977e+01
9.640000000000000568e+01
9.620000006103515489e+01
9.599999969482422557e+01
9.619999975585938046e+01
9.639999963378906500e+01
9.640000006103515773e+01
9.599999975585937761e+01
9.640000006103515773e+01
9.600000012207031830e+01
9.480000006103514920e+01
9.480000012207031546e+01
9.480000006103514920e+01
9.519999963378906216e+01
9.460000006103516057e+01
9.459999969482421989e+01
9.419999969482421420e+01
9.560000012207031261e+01
9.520000006103515489e+01
9.420000000000000284e+01
9.400000006103515204e+01
9.479999969482422273e+01
9.479999963378905647e+01
9.459999969482421989e+01
9.459999975585937193e+01
9.479999969482422273e+01
9.479999975585937477e+01
9.500000006103515204e+01
9.460000006103516057e+01
9.439999969482421704e+01
9.459999975585937193e+01
9.500000012207031830e+01
9.339999975585936909e+01
9.460000006103516057e+01
9.459999999999999432e+01
9.500000012207031830e+01
9.419999969482421420e+01
9.519999963378906216e+01
9.420000012207030693e+01
9.319999938964843977e+01
9.380000012207031546e+01
9.440000000000000568e+01
9.379999938964843409e+01
9.320000012207030693e+01
9.379999981689452682e+01
9.380000006103514920e+01
9.419999969482421420e+01
9.479999969482422273e+01
9.440000006103515773e+01
9.399999975585937761e+01
9.499999969482422557e+01
9.499999945068358898e+01
9.460000012207031261e+01
9.400000006103515204e+01
9.460000012207031261e+01
9.359999969482421989e+01
9.339999963378906500e+01
9.399999963378905932e+01
9.359999999999999432e+01
9.380000012207031546e+01
9.419999969482421420e+01
9.379999969482422273e+01
9.279999975585937477e+01
9.360000006103516057e+01
9.479999999999999716e+01
9.419999938964843977e+01
9.420000012207030693e+01
9.419999975585938046e+01
9.359999938964843125e+01
9.439999975585936909e+01
9.379999969482422273e+01
