4.799999988555907926e+00
7.599999988555908637e+00
9.399999946594238764e+00
6.799999946594238232e+00
2.139999986267089938e+01
1.399999989318847682e+01
1.259999989318847646e+01
1.139999998855590846e+01
6.599999977111816740e+00
1.119999994659423770e+01
1.220000001525878908e+01
1.740000003051757815e+01
6.600000007629394538e+00
6.399999946594237876e+00
7.400000007629394361e+00
1.799999998474121199e+01
2.459999990844726625e+01
1.099999986267089902e+01
4.999999994277954052e+00
1.879999989318847753e+01
1.439999994659423876e+01
9.400000007629394361e+00
3.999999987792968881e+01
1.840000001525879014e+01
1.600000001525878801e+01
1.439999998474121057e+01
3.080000003051757673e+01
2.780000003051757673e+01
1.299999998474121021e+01
1.700000000000000000e+01
1.979999998474121270e+01
1.859999994659423805e+01
2.139999992370605497e+01
1.879999992370605355e+01
1.359999998474121163e+01
1.799999996948242043e+01
2.580000000000000071e+01
2.639999998474121057e+01
2.820000003051757886e+01
2.199999989318847682e+01
4.520000003051757886e+01
3.439999999999999858e+01
2.559999987792968668e+01
3.039999981689453179e+01
3.499999984741211279e+01
2.679999981689453037e+01
3.619999993896484369e+01
4.079999981689453392e+01
3.639999975585937619e+01
4.579999975585937477e+01
3.059999987792968668e+01
3.299999990844726483e+01
4.959999990844726625e+01
5.559999984741210710e+01
3.939999981689452824e+01
4.219999969482422131e+01
4.520000006103515489e+01
3.079999984741210994e+01
3.039999993896484298e+01
5.099999972534179449e+01
4.479999999999999716e+01
3.239999987792968739e+01
4.960000003051757744e+01
4.759999981689453108e+01
4.720000003051757886e+01
3.939999984741211136e+01
4.400000006103515915e+01
3.740000003051757460e+01
3.299999993896484085e+01
4.939999996948242256e+01
6.099999978637695364e+01
4.799999990844726483e+01
4.779999969482421562e+01
4.700000003051757602e+01
4.900000003051757602e+01
4.559999993896484227e+01
3.919999975585937335e+01
5.059999972534179591e+01
6.239999984741211136e+01
2.739999996948242256e+01
3.259999969482421989e+01
5.299999969482421847e+01
5.019999972534179733e+01
7.419999945068359182e+01
8.679999981689452682e+01
8.999999938964843693e+01
8.799999975585937761e+01
9.120000000000000284e+01
9.200000012207031830e+01
9.200000006103515204e+01
8.899999981689452966e+01
9.040000012207030977e+01
9.139999969482421704e+01
9.359999963378906784e+01
8.899999938964843693e+01
8.819999987792968454e+01
8.899999987792968170e+01
8.900000006103515204e+01
9.079999938964843409e+01
8.939999969482421704e+01
9.219999969482421420e+01
9.039999945068359466e+01
9.039999938964844262e+01
9.140000006103515773e+01
9.219999975585938046e+01
9.120000012207030693e+01
8.999999969482422557e+01
9.019999975585938046e+01
9.239999969482421704e+01
9.180000012207031546e+01
9.260000012207031261e+01
9.179999945068360034e+01
9.160000006103516057e+01
8.839999945068359466e+01
8.899999981689452966e+01
9.099999969482422557e+01
9.239999969482421704e+01
9.320000006103515489e+01
8.979999975585937477e+01
9.039999975585936909e+01
8.719999981689453250e+01
8.899999975585937761e+01
8.939999938964844262e+01
9.360000006103516057e+01
9.379999963378905647e+01
9.480000006103514920e+01
9.540000000000000568e+01
9.620000006103515489e+01
9.719999963378906216e+01
9.679999963378905647e+01
9.699999975585937761e+01
9.739999963378906500e+01
9.759999963378906784e+01
9.719999963378906216e+01
9.739999963378906500e+01
9.720000006103515489e+01
9.680000006103514920e+01
9.619999963378906216e+01
9.679999999999999716e+01
9.740000012207030977e+01
9.740000000000000568e+01
9.640000006103515773e+01
9.639999963378906500e+01
9.659999969482421989e+01
9.580000006103514920e+01
9.639999963378906500e+01
9.580000006103514920e+01
9.660000006103516057e+01
9.659999963378906784e+01
9.620000000000000284e+01
9.639999969482421704e+01
9.579999999999999716e+01
9.580000006103514920e+01
9.639999975585936909e+01
9.539999963378906500e+01
9.640000006103515773e+01
9.580000006103514920e+01
9.579999999999999716e+01
9.580000006103514920e+01
9.579999963378905647e+01
9.559999969482421989e+01
9.559999969482421989e+01
9.560000006103516057e+01
9.579999975585937477e+01
9.579999969482422273e+01
9.580000006103514920e+01
9.660000006103516057e+01
9.619999963378906216e+01
9.579999969482422273e+01
9.620000006103515489e+01
9.580000006103514920e+01
9.599999963378905932e+01
9.560000006103516057e+01
9.580000006103514920e+01
9.619999969482421420e+01
9.640000012207030977e+01
9.659999969482421989e+01
9.659999963378906784e+01
9.519999963378906216e+01
9.559999938964843125e+01
9.579999969482422273e+01
9.560000006103516057e+01
9.640000006103515773e+01
9.579999969482422273e+01
9.539999975585936909e+01
9.599999963378905932e+01
9.659999969482421989e+01
9.559999999999999432e+01
9.560000012207031261e+01
9.580000006103514920e+01
9.580000006103514920e+01
9.580000006103514920e+01
9.579999963378905647e+01
9.599999969482422557e+01
9.539999963378906500e+01
9.580000006103514920e+01
9.599999963378905932e+01
9.539999969482421704e+01
9.599999969482422557e+01
9.560000012207031261e+01
