0.000000000000000000e+00
1.799999994277954096e+00
5.599999988555908637e+00
1.000000000000000000e+00
0.000000000000000000e+00
8.000000000000000444e-01
1.399999999999999911e+00
5.999999999999999778e-01
1.859999986267089866e+01
1.800000000000000044e+00
0.000000000000000000e+00
4.999999977111816207e+00
4.999999993896484085e+01
2.839999989318847540e+01
2.000000000000000111e-01
2.200000000000000000e+01
5.399999977111816563e+00
1.159999995422363206e+01
3.239999981689452824e+01
6.999999946594238409e+00
4.879999993896484511e+01
8.599999946594238054e+00
2.279999998474121270e+01
1.679999992370605355e+01
2.299999992370605639e+01
1.199999999999999956e+00
1.480000003051757851e+01
1.019999999427795423e+01
4.119999978637695648e+01
4.339999969482421704e+01
9.599999946594238054e+00
2.940000003051757815e+01
3.239999987792968739e+01
8.600000007629393650e+00
1.599999996948242220e+01
1.539999992370605497e+01
2.599999996948242043e+01
1.539999992370605497e+01
2.019999995422363170e+01
6.599999988555908637e+00
8.199999946594237699e+00
1.780000003051757673e+01
1.499999998474121021e+01
1.600000000000000089e+00
6.799999984741210923e+00
2.079999984741210994e+01
4.679999972534179875e+01
7.599999977111816740e+00
1.119999997711181727e+01
4.599999988555908637e+00
7.999999988555908104e+00
1.479999995422363313e+01
2.299999993896484440e+01
6.800000007629394716e+00
8.200000015258789077e+00
2.839999996948242256e+01
8.399999977111816563e+00
1.660000001525878943e+01
1.319999992370605391e+01
1.000000001525878979e+01
6.799999988555907926e+00
9.199999946594237699e+00
1.079999998474121092e+01
1.179999992370605533e+01
6.800000015258788721e+00
1.639999996948242256e+01
1.419999992370605391e+01
1.599999992370605462e+01
1.059999998474121163e+01
2.399999998474121199e+01
6.999999946594238409e+00
2.139999986267089938e+01
2.419999993896484369e+01
7.399999977111816563e+00
1.059999994659423805e+01
6.799999977111816030e+00
1.239999994659423876e+01
7.600000007629394538e+00
5.000000007629394894e+00
5.799999984741210923e+00
7.599999954223632948e+00
1.559999997711181585e+01
1.119999997711181727e+01
1.080000001525878872e+01
1.119999997711181727e+01
1.160000003051757744e+01
1.060000000762939365e+01
1.019999995422363348e+01
1.099999997711181621e+01
1.179999995422363313e+01
1.160000001525878943e+01
8.800000007629394716e+00
1.279999997711181692e+01
1.219999989318847611e+01
1.060000000762939365e+01
1.080000001525878872e+01
1.179999992370605533e+01
1.119999994659423770e+01
1.379999998855590881e+01
1.080000001525878872e+01
1.119999997711181727e+01
1.079999997711181692e+01
1.079999994659423912e+01
1.099999995422363241e+01
9.999999946594238409e+00
1.099999994659423841e+01
1.079999997711181692e+01
1.019999998474121128e+01
1.139999998855590846e+01
1.059999999427795458e+01
1.079999997711181692e+01
9.599999977111815852e+00
1.019999998855590739e+01
9.999999977111816207e+00
1.259999992370605426e+01
1.040000000762939436e+01
9.599999984741211634e+00
9.999999954223632415e+00
1.040000000762939436e+01
1.079999998855590881e+01
1.040000001525878837e+01
1.079999986267089795e+01
1.079999998474121092e+01
1.059999994659423805e+01
1.039999998474121057e+01
1.059999998855590775e+01
1.000000000762939401e+01
1.080000000762939472e+01
1.100000001525878979e+01
1.119999997711181727e+01
1.080000000762939472e+01
1.039999994659423876e+01
1.079999994659423912e+01
1.139999995422363277e+01
1.060000001525878943e+01
1.019999997711181727e+01
1.059999994659423805e+01
1.139999997711181656e+01
1.060000000762939365e+01
1.100000000762939401e+01
1.059999994659423805e+01
1.059999994659423805e+01
1.079999997711181692e+01
1.040000001525878837e+01
1.099999994659423841e+01
1.039999997711181656e+01
1.079999989318847575e+01
1.059999994659423805e+01
1.080000001525878872e+01
1.059999998474121163e+01
1.180000001525878872e+01
1.040000001525878837e+01
1.099999994659423841e+01
1.099999997711181621e+01
1.079999998474121092e+01
1.040000000762939436e+01
1.039999998474121057e+01
1.039999994659423876e+01
1.119999992370605391e+01
1.099999997711181621e+01
1.079999994659423912e+01
1.059999998474121163e+01
1.080000001525878872e+01
1.059999997711181585e+01
1.200000001525878979e+01
1.079999995422363313e+01
1.079999997711181692e+01
1.119999998474121128e+01
1.040000001525878837e+01
1.119999997711181727e+01
1.119999997711181727e+01
1.100000000762939401e+01
9.599999977111815852e+00
1.099999994659423841e+01
1.039999994659423876e+01
1.099999997711181621e+01
1.020000001525878908e+01
1.059999998474121163e+01
1.159999995422363206e+01
1.220000000762939507e+01
1.060000001525878943e+01
1.079999997711181692e+01
1.119999994659423770e+01
1.060000000762939365e+01
1.059999998474121163e+01
1.079999992370605533e+01
1.159999994659423805e+01
1.139999994659423876e+01
1.139999994659423876e+01
1.119999998855590739e+01
1.060000000762939365e+01
1.180000001525878872e+01
1.159999994659423805e+01
1.080000001525878872e+01
1.100000001525878979e+01
1.099999998474121021e+01
1.119999989318847611e+01
1.100000000762939401e+01
1.099999994659423841e+01
1.080000001525878872e+01
