0.000000000000000000e+00
5.919999981689453250e+01
2.000000000000000111e-01
0.000000000000000000e+00
0.000000000000000000e+00
1.960000000000000142e+01
5.639999996948242256e+01
7.799999946594238232e+00
7.999999942779540962e-01
1.320000001525878908e+01
2.679999993896484511e+01
1.499999997711181621e+01
1.379999989318847575e+01
9.999999942779540518e-01
1.399999994277954185e+00
1.599999988555908192e+00
9.799999954223633125e+00
4.199999977111816385e+00
1.919999999999999929e+01
9.399999977111816563e+00
8.999999988555908104e+00
1.199999998474121021e+01
1.600000000000000089e+00
2.079999992370605355e+01
9.399999984741210568e+00
1.679999986267089795e+01
7.999999988555908104e+00
2.999999988555908104e+00
2.399999994277953963e+00
5.800000007629394716e+00
6.799999977111816030e+00
1.419999998474121128e+01
1.999999994277954052e+00
1.119999999427795423e+01
3.059999996948242185e+01
3.199999994277954229e+00
6.199999977111816385e+00
1.019999994659423770e+01
1.200000001525878979e+01
1.319999992370605391e+01
1.239999989318847717e+01
4.800000007629394716e+00
6.200000007629394183e+00
4.200000007629394183e+00
6.399999994277954407e+00
5.399999977111816563e+00
8.199999988555907393e+00
2.200000000000000178e+00
8.999999946594238409e+00
1.879999998474121270e+01
4.600000007629394538e+00
6.799999977111816030e+00
6.999999977111816207e+00
5.599999946594238054e+00
1.060000001525878943e+01
7.800000007629394716e+00
6.399999977111816563e+00
5.200000007629394183e+00
6.199999994277954229e+00
1.559999995422363206e+01
6.800000007629394716e+00
1.679999993896484511e+01
7.199999977111816385e+00
9.399999954223632770e+00
3.799999994277954318e+00
1.079999998474121092e+01
8.799999988555908814e+00
3.799999994277954318e+00
8.600000007629393650e+00
1.219999998474121128e+01
8.000000015258789787e+00
6.799999977111816030e+00
1.179999998474121092e+01
1.840000001525879014e+01
4.599999977111816740e+00
4.600000007629394538e+00
1.539999995422363277e+01
6.800000007629394716e+00
1.519999997711181727e+01
8.800000007629394716e+00
9.599999954223632059e+00
1.099999998474121021e+01
8.999999994277954940e+00
8.799999977111816918e+00
8.999999988555908104e+00
8.599999977111815852e+00
1.000000000762939401e+01
8.799999977111816918e+00
8.799999988555908814e+00
8.999999984741210213e+00
1.059999998474121163e+01
8.799999988555908814e+00
9.200000015258789077e+00
8.800000007629394716e+00
1.079999992370605533e+01
8.800000015258788721e+00
1.000000001525878979e+01
8.400000015258788366e+00
8.800000015258788721e+00
9.999999946594238409e+00
8.999999977111816207e+00
1.140000001525878837e+01
9.600000015258789432e+00
8.599999977111815852e+00
9.200000007629395071e+00
9.399999954223632770e+00
8.599999977111815852e+00
1.059999994659423805e+01
9.599999946594238054e+00
8.599999946594238054e+00
8.799999994277953874e+00
9.999999893188476818e+00
1.100000001525878979e+01
8.399999946594238764e+00
9.199999977111817273e+00
8.599999977111815852e+00
1.039999994659423876e+01
7.999999994277954052e+00
7.800000015258788721e+00
9.399999946594238764e+00
8.600000007629393650e+00
9.799999994277953874e+00
8.799999946594239120e+00
9.599999988555907748e+00
8.599999977111815852e+00
1.019999994659423770e+01
9.199999954223633480e+00
9.199999923706053906e+00
9.199999994277954229e+00
8.999999946594238409e+00
9.600000007629393650e+00
9.800000015258788721e+00
9.599999977111815852e+00
9.599999988555907748e+00
9.199999977111817273e+00
9.599999977111815852e+00
9.199999977111817273e+00
9.600000007629393650e+00
8.800000015258788721e+00
9.999999984741210213e+00
1.020000001525878908e+01
8.999999946594238409e+00
9.599999954223632059e+00
9.399999977111816563e+00
9.199999946594237699e+00
9.400000015258788366e+00
9.600000007629393650e+00
9.600000015258789432e+00
9.799999984741210923e+00
9.199999946594237699e+00
9.399999946594238764e+00
9.800000015258788721e+00
9.000000007629394005e+00
9.399999988555908459e+00
9.400000015258788366e+00
1.000000000762939401e+01
9.399999984741210568e+00
9.399999988555908459e+00
8.999999977111816207e+00
8.599999946594238054e+00
9.799999954223633125e+00
8.399999923706054972e+00
9.600000007629393650e+00
9.599999946594238054e+00
1.039999994659423876e+01
9.800000015258788721e+00
9.199999977111817273e+00
9.199999954223633480e+00
1.000000001525878979e+01
9.399999946594238764e+00
9.399999954223632770e+00
9.199999946594237699e+00
9.999999946594238409e+00
9.599999954223632059e+00
9.800000015258788721e+00
8.800000007629394716e+00
9.399999946594238764e+00
9.399999946594238764e+00
9.800000015258788721e+00
1.079999994659423912e+01
9.800000015258788721e+00
9.599999977111815852e+00
9.599999946594238054e+00
9.799999984741210923e+00
9.800000007629394716e+00
1.000000000762939401e+01
9.599999988555907748e+00
9.799999984741210923e+00
9.199999977111817273e+00
9.599999994277954585e+00
9.799999954223633125e+00
8.799999977111816918e+00
9.999999946594238409e+00
9.399999977111816563e+00
9.199999954223633480e+00
9.399999977111816563e+00
9.400000015258788366e+00
8.999999946594238409e+00
1.039999998474121057e+01
8.199999946594237699e+00
