7.950450381717166692e+01
2.500000000000000000e+01
4.797297297297297547e+01
2.815315298131994126e+01
7.162162162162162815e+01
2.004504487321183603e+01
5.427927893561285799e+01
2.162162162162162105e+01
4.054054054054054035e+01
9.009008987529858459e+00
4.031531514348210266e+01
4.729729729729729826e+00
9.234234191275930925e+00
2.815315298131994126e+01
9.234234191275930925e+00
3.581081081081081408e+01
2.319819811228159168e+01
2.027027027027027017e+01
1.058558554262728357e+01
1.216216216216216139e+01
7.027027027027027373e+01
2.815315298131994126e+01
1.081081081081081052e+01
1.238738730147078293e+01
2.792792784201132150e+01
4.842342325159021499e+01
2.004504487321183603e+01
2.027027027027027017e+01
4.054054054054054035e+01
3.738738704372097033e+01
4.864864864864864558e+01
2.972972972972972983e+01
1.711711703120051098e+01
2.792792784201132150e+01
3.738738704372097033e+01
3.108108108108108070e+01
5.157657623291015625e+01
2.162162162162162105e+01
1.689189189189189122e+01
1.689189189189189122e+01
4.527027027027027373e+01
2.500000000000000000e+01
7.882882839924580054e+00
5.000000000000000000e+01
2.815315298131994126e+01
4.211711677345069660e+01
2.815315298131994126e+01
1.554054054054054035e+01
2.950450433267129569e+01
3.581081081081081408e+01
5.788288271104967464e+01
1.689189189189189122e+01
9.234234191275930925e+00
1.396396392100566075e+01
1.711711703120051098e+01
7.004504435771220017e+01
4.211711677345069660e+01
4.527027027027027373e+01
2.657657649065997063e+01
2.162162162162162105e+01
4.189189189189189477e+01
1.554054054054054035e+01
2.319819811228159168e+01
2.972972972972972983e+01
1.869369352186048516e+01
4.211711677345069660e+01
2.657657649065997063e+01
2.815315298131994126e+01
3.738738704372097033e+01
1.846846838255186185e+01
7.184684650318042998e+01
1.396396392100566075e+01
1.869369352186048516e+01
2.815315298131994126e+01
4.842342325159021499e+01
2.500000000000000000e+01
4.211711677345069660e+01
2.004504487321183603e+01
9.234234191275930925e+00
2.657657649065997063e+01
5.608108108108108070e+01
1.396396392100566075e+01
2.500000000000000000e+01
2.027027027027027017e+01
2.500000000000000000e+01
1.869369352186048516e+01
2.950450433267129569e+01
2.342342325159021499e+01
2.500000000000000000e+01
2.027027027027027017e+01
1.869369352186048516e+01
2.342342325159021499e+01
2.342342325159021499e+01
2.184684676093024081e+01
2.184684676093024081e+01
2.342342325159021499e+01
2.319819811228159168e+01
2.184684676093024081e+01
2.950450433267129569e+01
2.500000000000000000e+01
2.027027027027027017e+01
2.184684676093024081e+01
1.869369352186048516e+01
2.184684676093024081e+01
2.319819811228159168e+01
2.184684676093024081e+01
2.184684676093024081e+01
2.027027027027027017e+01
2.342342325159021499e+01
2.184684676093024081e+01
2.027027027027027017e+01
2.500000000000000000e+01
2.027027027027027017e+01
2.184684676093024081e+01
2.342342325159021499e+01
2.184684676093024081e+01
2.342342325159021499e+01
2.184684676093024081e+01
2.500000000000000000e+01
2.184684676093024081e+01
2.184684676093024081e+01
2.500000000000000000e+01
2.342342325159021499e+01
2.184684676093024081e+01
2.184684676093024081e+01
1.869369352186048516e+01
2.027027027027027017e+01
2.184684676093024081e+01
2.027027027027027017e+01
2.184684676093024081e+01
1.711711703120051098e+01
2.184684676093024081e+01
2.027027027027027017e+01
2.027027027027027017e+01
2.027027027027027017e+01
1.869369352186048516e+01
2.184684676093024081e+01
2.027027027027027017e+01
2.027027027027027017e+01
2.027027027027027017e+01
1.711711703120051098e+01
2.342342325159021499e+01
2.027027027027027017e+01
2.184684676093024081e+01
2.184684676093024081e+01
1.711711703120051098e+01
2.184684676093024081e+01
2.027027027027027017e+01
2.184684676093024081e+01
2.027027027027027017e+01
1.711711703120051098e+01
2.342342325159021499e+01
2.184684676093024081e+01
2.184684676093024081e+01
2.342342325159021499e+01
1.711711703120051098e+01
2.027027027027027017e+01
2.027027027027027017e+01
2.500000000000000000e+01
2.184684676093024081e+01
1.711711703120051098e+01
2.027027027027027017e+01
2.184684676093024081e+01
2.184684676093024081e+01
2.027027027027027017e+01
1.869369352186048516e+01
2.342342325159021499e+01
2.184684676093024081e+01
2.027027027027027017e+01
2.184684676093024081e+01
1.711711703120051098e+01
2.342342325159021499e+01
2.027027027027027017e+01
2.184684676093024081e+01
2.027027027027027017e+01
1.711711703120051098e+01
2.027027027027027017e+01
2.027027027027027017e+01
2.184684676093024081e+01
2.027027027027027017e+01
1.711711703120051098e+01
2.342342325159021499e+01
2.027027027027027017e+01
2.027027027027027017e+01
2.027027027027027017e+01
1.711711703120051098e+01
2.027027027027027017e+01
2.027027027027027017e+01
2.184684676093024081e+01
2.342342325159021499e+01
1.711711703120051098e+01
2.027027027027027017e+01
2.184684676093024081e+01
2.184684676093024081e+01
2.027027027027027017e+01
1.711711703120051098e+01
2.184684676093024081e+01
2.027027027027027017e+01
2.027027027027027017e+01
2.184684676093024081e+01
