7.168539258978340456e+01
6.292134805743613946e+00
6.089887603588318399e+01
2.202247182010264837e+01
4.202247161865234659e+01
7.168539258978340456e+01
2.786516843645760133e+01
4.067415701191077204e+01
3.146067402871806973e+00
3.438202220616715721e+01
5.595505583688114370e+01
4.494382009613380191e+00
1.213483142209856780e+01
1.235955051679289696e+01
1.415730331292313160e+01
6.696629187766086488e+01
4.516853928298093024e+01
3.101123583932940875e+01
1.213483142209856780e+01
2.337078642684422292e+01
6.404494370021177474e+01
2.337078642684422292e+01
5.932584246517566839e+01
2.314606720142150209e+01
5.303370765943206067e+01
3.573033681290873176e+01
3.573033681290873176e+01
3.730337090652979981e+01
5.775280889446815991e+01
9.213483113921091316e+00
4.067415701191077204e+01
2.494382025900851474e+01
1.550561791966470437e+01
5.325842662339800171e+01
1.235955051679289696e+01
6.898876337630025546e+01
1.730337084652332891e+01
9.438202208615420474e+00
1.865168545326489991e+01
2.629213486575008929e+01
4.674157285368844583e+01
1.235955051679289696e+01
8.988764019226760382e+00
1.078651681535699325e+01
1.235955051679289696e+01
3.415730324220121616e+01
1.887640441723084095e+01
5.842696616354952965e+00
1.842696622784218263e+01
2.314606720142150209e+01
5.617977480084708475e+01
2.786516843645760133e+01
0.000000000000000000e+00
6.067415711049283900e+00
2.471910103358579391e+01
2.494382025900851474e+01
2.786516843645760133e+01
1.865168545326489991e+01
2.943820200716511692e+01
1.078651681535699325e+01
5.303370765943206067e+01
1.550561791966470437e+01
4.674157285368844583e+01
1.370786512353446973e+01
2.966292123258783420e+01
4.359550518935985508e+01
2.494382025900851474e+01
1.865168545326489991e+01
3.438202220616715721e+01
3.595505629978822526e+01
4.516853928298093024e+01
2.629213486575008929e+01
1.235955051679289696e+01
2.494382025900851474e+01
1.235955051679289696e+01
2.494382025900851474e+01
2.651685382971603033e+01
4.674157285368844583e+01
9.213483113921091316e+00
1.056179772066266409e+01
4.831460642439595432e+01
4.494382009613380191e+00
2.786516843645760133e+01
2.494382025900851474e+01
1.550561791966470437e+01
2.651685382971603033e+01
2.022471902397241550e+01
2.022471902397241550e+01
2.022471902397241550e+01
2.337078642684422292e+01
2.651685382971603033e+01
2.179775259467992754e+01
2.179775259467992754e+01
2.337078642684422292e+01
2.022471902397241550e+01
3.123595506475212957e+01
2.808988740042354237e+01
2.179775259467992754e+01
2.179775259467992754e+01
2.022471902397241550e+01
2.494382025900851474e+01
2.022471902397241550e+01
2.179775259467992754e+01
2.022471902397241550e+01
2.179775259467992754e+01
2.808988740042354237e+01
2.022471902397241550e+01
2.022471902397241550e+01
2.022471902397241550e+01
2.337078642684422292e+01
2.494382025900851474e+01
2.179775259467992754e+01
2.179775259467992754e+01
2.337078642684422292e+01
2.179775259467992754e+01
2.494382025900851474e+01
2.494382025900851474e+01
2.022471902397241550e+01
2.179775259467992754e+01
2.022471902397241550e+01
2.179775259467992754e+01
3.101123583932940875e+01
2.022471902397241550e+01
2.337078642684422292e+01
2.022471902397241550e+01
2.179775259467992754e+01
2.179775259467992754e+01
2.179775259467992754e+01
2.022471902397241550e+01
2.179775259467992754e+01
2.179775259467992754e+01
2.179775259467992754e+01
2.022471902397241550e+01
2.179775259467992754e+01
2.179775259467992754e+01
2.022471902397241550e+01
2.179775259467992754e+01
2.179775259467992754e+01
2.179775259467992754e+01
2.179775259467992754e+01
2.022471902397241550e+01
2.179775259467992754e+01
2.179775259467992754e+01
2.179775259467992754e+01
2.022471902397241550e+01
2.022471902397241550e+01
2.179775259467992754e+01
2.179775259467992754e+01
2.179775259467992754e+01
2.179775259467992754e+01
2.022471902397241550e+01
2.179775259467992754e+01
2.179775259467992754e+01
2.179775259467992754e+01
2.179775259467992754e+01
2.022471902397241550e+01
2.179775259467992754e+01
2.179775259467992754e+01
2.179775259467992754e+01
2.179775259467992754e+01
2.022471902397241550e+01
2.179775259467992754e+01
2.337078642684422292e+01
2.179775259467992754e+01
2.179775259467992754e+01
2.022471902397241550e+01
2.179775259467992754e+01
2.179775259467992754e+01
2.179775259467992754e+01
2.179775259467992754e+01
2.179775259467992754e+01
2.022471902397241550e+01
2.179775259467992754e+01
2.179775259467992754e+01
2.337078642684422292e+01
2.022471902397241550e+01
2.179775259467992754e+01
2.651685382971603033e+01
2.179775259467992754e+01
2.179775259467992754e+01
2.022471902397241550e+01
2.179775259467992754e+01
2.179775259467992754e+01
2.179775259467992754e+01
2.179775259467992754e+01
1.865168545326489991e+01
2.179775259467992754e+01
2.179775259467992754e+01
2.022471902397241550e+01
2.179775259467992754e+01
2.022471902397241550e+01
2.022471902397241550e+01
2.179775259467992754e+01
2.179775259467992754e+01
2.179775259467992754e+01
2.022471902397241550e+01
2.179775259467992754e+01
2.179775259467992754e+01
2.179775259467992754e+01
2.179775259467992754e+01
