6.839729185082842378e+01
5.101580125106914920e+01
2.641083523166906133e+01
1.873589164355000136e+01
2.189616266168805225e+01
5.598194148147617710e+01
5.282167046333812266e+01
4.650112893511425227e+01
4.356659162017615472e+01
3.137697546207608923e+01
6.862302555402837356e+01
1.106094805543094317e+01
1.715575638850709339e+01
3.273137726794516311e+01
3.160270891124992154e+00
3.724604958390005294e+01
9.255079097188083637e+00
6.320541782249984308e+00
1.557562087943806794e+01
3.882618509296908371e+01
6.388261851876907116e+01
1.534988717623811816e+01
4.740406336687488675e+00
6.094808142556562558e+00
4.740406336687488675e+00
1.534988717623811816e+01
4.988713314840002511e+01
3.408577907381423699e+01
3.566591458288326066e+01
1.715575638850709339e+01
4.356659162017615472e+01
5.620767518467612689e+01
1.399548537036904428e+01
1.399548537036904428e+01
2.302483076435717635e+01
7.042889375019288423e+01
2.776523703753813521e+01
1.738148983768092748e+01
2.505643342579998745e+01
4.830699763933100144e+01
3.115124175887613589e+01
1.557562087943806794e+01
3.250564356474521333e+01
7.200902925926190790e+01
1.376975166716909271e+01
1.873589164355000136e+01
2.460496627342620357e+01
9.029345393988133850e+00
2.167042895848810247e+01
3.227990986154526354e+01
4.650112893511425227e+01
1.670428898210719382e+01
4.176072240790718126e+01
1.376975166716909271e+01
1.196388270892623318e+01
4.492099342604522860e+01
5.756207699054520077e+01
4.853273134253095122e+01
1.580135445562496077e+00
2.460496627342620357e+01
5.011286685159997489e+01
3.069977435247623632e+01
4.040632060203810738e+01
1.851015819437616727e+01
1.218961628511312512e+01
5.914221249961422444e+01
3.431151277701418678e+01
2.641083523166906133e+01
1.986456000024524116e+01
1.534988717623811816e+01
5.462753967560710322e+01
1.376975166716909271e+01
1.241534986130001883e+01
3.273137726794516311e+01
3.273137726794516311e+01
6.726862374815929968e+01
3.589164777803097905e+01
3.386004537061428721e+01
2.934537254660716243e+01
3.882618509296908371e+01
4.334085791697620493e+01
3.566591458288326066e+01
2.776523703753813521e+01
2.302483076435717635e+01
1.986456000024524116e+01
3.250564356474521333e+01
2.460496627342620357e+01
2.302483076435717635e+01
2.167042895848810247e+01
2.505643342579998745e+01
3.092550805567618610e+01
2.460496627342620357e+01
2.776523703753813521e+01
2.460496627342620357e+01
2.460496627342620357e+01
2.776523703753813521e+01
2.460496627342620357e+01
2.776523703753813521e+01
1.851015819437616727e+01
2.776523703753813521e+01
3.566591458288326066e+01
2.776523703753813521e+01
2.460496627342620357e+01
2.934537254660716243e+01
2.460496627342620357e+01
3.408577907381423699e+01
2.144469525528815268e+01
1.851015819437616727e+01
2.325056446755712614e+01
2.618510152846911154e+01
3.250564356474521333e+01
2.618510152846911154e+01
1.851015819437616727e+01
2.009029344941907880e+01
2.167042895848810247e+01
3.250564356474521333e+01
2.325056446755712614e+01
2.009029344941907880e+01
2.776523703753813521e+01
2.618510152846911154e+01
2.460496627342620357e+01
2.460496627342620357e+01
2.009029344941907880e+01
2.302483076435717635e+01
2.302483076435717635e+01
2.144469525528815268e+01
2.144469525528815268e+01
2.302483076435717635e+01
2.460496627342620357e+01
2.302483076435717635e+01
2.460496627342620357e+01
2.302483076435717635e+01
2.302483076435717635e+01
2.144469525528815268e+01
2.144469525528815268e+01
2.460496627342620357e+01
2.144469525528815268e+01
2.144469525528815268e+01
2.144469525528815268e+01
2.144469525528815268e+01
2.302483076435717635e+01
2.302483076435717635e+01
2.460496627342620357e+01
2.302483076435717635e+01
2.302483076435717635e+01
2.302483076435717635e+01
2.460496627342620357e+01
2.595936807929527745e+01
2.302483076435717635e+01
2.144469525528815268e+01
2.460496627342620357e+01
2.144469525528815268e+01
2.302483076435717635e+01
2.302483076435717635e+01
2.302483076435717635e+01
2.144469525528815268e+01
2.302483076435717635e+01
2.302483076435717635e+01
2.144469525528815268e+01
2.302483076435717635e+01
2.144469525528815268e+01
2.618510152846911154e+01
2.618510152846911154e+01
2.167042895848810247e+01
2.302483076435717635e+01
2.460496627342620357e+01
2.167042895848810247e+01
2.009029344941907880e+01
2.460496627342620357e+01
2.167042895848810247e+01
2.302483076435717635e+01
2.618510152846911154e+01
2.302483076435717635e+01
2.302483076435717635e+01
2.460496627342620357e+01
2.302483076435717635e+01
2.460496627342620357e+01
2.302483076435717635e+01
2.302483076435717635e+01
2.167042895848810247e+01
2.460496627342620357e+01
2.302483076435717635e+01
2.302483076435717635e+01
2.009029344941907880e+01
2.302483076435717635e+01
2.460496627342620357e+01
2.302483076435717635e+01
2.325056446755712614e+01
2.302483076435717635e+01
2.325056446755712614e+01
2.167042895848810247e+01
2.302483076435717635e+01
2.302483076435717635e+01
2.009029344941907880e+01
2.460496627342620357e+01
2.302483076435717635e+01
2.302483076435717635e+01
2.325056446755712614e+01
2.167042895848810247e+01
2.460496627342620357e+01
