7.505567928730512506e+01
4.053452115812917356e+01
2.182628062360801735e+01
5.456570155902004160e+01
6.726057906458797220e+01
6.881959910913140277e+01
1.247216035634743925e+01
3.429844097995545837e+01
1.247216035634743925e+01
1.870824053452115976e+01
3.608017817371937497e+01
4.387527839643652783e+01
9.354120267260579880e+00
9.354120267260579880e+00
2.494432071269487849e+01
5.011135857461024301e+01
2.962138084632516666e+01
2.204899777282850692e+01
2.494432071269487849e+01
1.870824053452115976e+01
3.296213808463251382e+01
1.403118040089086804e+01
4.699331848552338187e+01
2.672605790645879864e+01
4.699331848552338187e+01
2.962138084632516666e+01
2.182628062360801735e+01
4.075723830734966668e+01
4.231625835189309726e+01
2.806236080178173609e+01
3.452115812917594440e+01
3.140311804008908680e+01
2.026726057906458678e+01
2.026726057906458678e+01
5.011135857461024301e+01
5.790645879732739587e+01
2.672605790645879864e+01
1.714922048997772919e+01
4.075723830734966668e+01
4.543429844097995840e+01
2.494432071269487849e+01
2.650334075723830907e+01
4.855233853006681244e+01
2.828507795100222566e+01
4.699331848552338187e+01
2.494432071269487849e+01
2.828507795100222566e+01
3.763919821826280554e+01
3.608017817371937497e+01
4.543429844097995840e+01
3.919821826280623611e+01
4.543429844097995840e+01
2.984409799554565623e+01
3.140311804008908680e+01
2.672605790645879864e+01
3.429844097995545837e+01
1.269487750556792882e+01
2.338530066815144792e+01
2.672605790645879864e+01
5.011135857461024301e+01
3.140311804008908680e+01
2.828507795100222566e+01
1.870824053452115976e+01
2.806236080178173609e+01
1.425389755011135939e+01
4.387527839643652783e+01
3.296213808463251382e+01
3.763919821826280554e+01
2.828507795100222566e+01
3.763919821826280554e+01
3.763919821826280554e+01
3.140311804008908680e+01
2.026726057906458678e+01
2.672605790645879864e+01
5.634743875278396530e+01
3.919821826280623611e+01
1.893095768374164933e+01
4.855233853006681244e+01
7.037861915367483334e+01
3.140311804008908680e+01
2.048997772828507635e+01
1.269487750556792882e+01
2.516703786191536807e+01
3.919821826280623611e+01
4.075723830734966668e+01
2.828507795100222566e+01
2.984409799554565623e+01
3.296213808463251382e+01
3.608017817371937497e+01
3.296213808463251382e+01
2.828507795100222566e+01
3.140311804008908680e+01
3.296213808463251382e+01
3.452115812917594440e+01
3.296213808463251382e+01
2.828507795100222566e+01
3.140311804008908680e+01
2.984409799554565623e+01
3.140311804008908680e+01
3.140311804008908680e+01
3.296213808463251382e+01
3.140311804008908680e+01
3.452115812917594440e+01
3.452115812917594440e+01
2.984409799554565623e+01
2.984409799554565623e+01
3.140311804008908680e+01
2.828507795100222566e+01
3.452115812917594440e+01
3.140311804008908680e+01
2.828507795100222566e+01
3.452115812917594440e+01
3.608017817371937497e+01
3.140311804008908680e+01
3.140311804008908680e+01
2.672605790645879864e+01
2.360801781737193750e+01
3.296213808463251382e+01
3.296213808463251382e+01
3.140311804008908680e+01
3.452115812917594440e+01
3.296213808463251382e+01
3.140311804008908680e+01
3.140311804008908680e+01
3.452115812917594440e+01
3.296213808463251382e+01
3.296213808463251382e+01
3.296213808463251382e+01
3.452115812917594440e+01
3.296213808463251382e+01
3.296213808463251382e+01
3.452115812917594440e+01
3.296213808463251382e+01
3.140311804008908680e+01
2.984409799554565623e+01
3.452115812917594440e+01
3.296213808463251382e+01
3.296213808463251382e+01
3.452115812917594440e+01
3.140311804008908680e+01
3.140311804008908680e+01
3.140311804008908680e+01
3.452115812917594440e+01
2.984409799554565623e+01
3.140311804008908680e+01
3.296213808463251382e+01
3.140311804008908680e+01
3.140311804008908680e+01
3.296213808463251382e+01
3.452115812917594440e+01
2.984409799554565623e+01
3.296213808463251382e+01
3.452115812917594440e+01
3.140311804008908680e+01
3.296213808463251382e+01
3.140311804008908680e+01
2.984409799554565623e+01
3.296213808463251382e+01
3.608017817371937497e+01
3.452115812917594440e+01
3.452115812917594440e+01
3.296213808463251382e+01
3.296213808463251382e+01
3.452115812917594440e+01
3.140311804008908680e+01
3.296213808463251382e+01
3.140311804008908680e+01
3.140311804008908680e+01
3.452115812917594440e+01
3.140311804008908680e+01
2.984409799554565623e+01
3.452115812917594440e+01
2.828507795100222566e+01
3.140311804008908680e+01
3.452115812917594440e+01
3.452115812917594440e+01
3.452115812917594440e+01
3.608017817371937497e+01
3.763919821826280554e+01
3.296213808463251382e+01
3.452115812917594440e+01
3.296213808463251382e+01
3.140311804008908680e+01
3.296213808463251382e+01
3.452115812917594440e+01
3.296213808463251382e+01
3.296213808463251382e+01
3.296213808463251382e+01
3.296213808463251382e+01
3.452115812917594440e+01
3.763919821826280554e+01
3.296213808463251382e+01
3.140311804008908680e+01
3.763919821826280554e+01
3.763919821826280554e+01
3.608017817371937497e+01
3.296213808463251382e+01
3.296213808463251382e+01
3.296213808463251382e+01
3.452115812917594440e+01
