2.163355408388520829e+01
7.726269315673289562e+00
5.982339955849889890e+01
1.854304635761589282e+01
4.415011037527593629e+01
3.090507726269315469e+00
3.620309050772626591e+01
4.569536423841059758e+01
2.185430463576158999e+01
1.854304635761589282e+01
4.569536423841059758e+01
1.567328918322295728e+01
1.236203090507726188e+01
1.081677704194260414e+01
1.236203090507726188e+01
3.951434878587196664e+01
2.494481236203090546e+01
1.854304635761589282e+01
2.626931567328918149e+01
2.671081677704194135e+01
3.664459161147902932e+01
1.743929359823399494e+01
3.487858719646798988e+01
3.443708609271523358e+01
2.803532008830022093e+01
4.746136865342163702e+01
1.743929359823399494e+01
3.178807947019867441e+01
4.392935982339955814e+01
4.238410596026490396e+01
5.033112582781456723e+01
3.642384105960265117e+01
1.412803532008829954e+01
2.516556291390728362e+01
2.803532008830022093e+01
7.947019867549668604e+00
3.642384105960265117e+01
6.732891832229580586e+01
7.726269315673289562e+00
1.699779249448123508e+01
5.518763796909492214e+01
3.951434878587196664e+01
2.207505518763796815e+01
1.766004415011037665e+01
3.002207505518763853e+01
3.200883002207505257e+01
3.333333333333333570e+01
3.973509933774834479e+01
2.185430463576158999e+01
2.538631346578366532e+01
4.437086092715231445e+01
1.456953642384105940e+01
6.181015452538630939e+00
1.633554083885209707e+01
1.589403973509933721e+01
4.746136865342163702e+01
4.724061810154525176e+01
1.412803532008829954e+01
2.494481236203090546e+01
3.465783664459161173e+01
3.200883002207505257e+01
2.980132450331125682e+01
1.236203090507726188e+01
1.743929359823399494e+01
2.384105960264900759e+01
2.737306843267108292e+01
3.024282560706401668e+01
3.487858719646798988e+01
9.271523178807946408e+00
2.052980132450331041e+01
4.746136865342163702e+01
3.200883002207505257e+01
2.516556291390728362e+01
3.333333333333333570e+01
1.412803532008829954e+01
2.737306843267108292e+01
2.406181015452538574e+01
1.898454746136865268e+01
2.980132450331125682e+01
2.251655629139072801e+01
2.869757174392935895e+01
3.333333333333333570e+01
2.406181015452538574e+01
2.251655629139072801e+01
3.024282560706401668e+01
3.664459161147902932e+01
2.428256070640176745e+01
2.891832229580574065e+01
2.428256070640176745e+01
2.428256070640176745e+01
2.737306843267108292e+01
2.119205298013245198e+01
2.428256070640176745e+01
2.428256070640176745e+01
2.273730684326710971e+01
2.273730684326710971e+01
2.273730684326710971e+01
2.273730684326710971e+01
2.582781456953642518e+01
2.582781456953642518e+01
2.891832229580574065e+01
3.046357615894039839e+01
2.737306843267108292e+01
2.273730684326710971e+01
2.119205298013245198e+01
2.582781456953642518e+01
3.509933774834436804e+01
2.582781456953642518e+01
2.273730684326710971e+01
2.273730684326710971e+01
2.428256070640176745e+01
2.737306843267108292e+01
2.428256070640176745e+01
2.428256070640176745e+01
1.964679911699779424e+01
2.428256070640176745e+01
2.582781456953642518e+01
2.428256070640176745e+01
2.273730684326710971e+01
2.428256070640176745e+01
2.428256070640176745e+01
2.428256070640176745e+01
2.273730684326710971e+01
2.273730684326710971e+01
2.119205298013245198e+01
2.428256070640176745e+01
2.428256070640176745e+01
2.119205298013245198e+01
2.119205298013245198e+01
2.119205298013245198e+01
2.273730684326710971e+01
2.273730684326710971e+01
2.273730684326710971e+01
2.119205298013245198e+01
2.273730684326710971e+01
2.119205298013245198e+01
2.428256070640176745e+01
2.119205298013245198e+01
2.119205298013245198e+01
2.273730684326710971e+01
2.273730684326710971e+01
2.428256070640176745e+01
2.273730684326710971e+01
2.119205298013245198e+01
2.273730684326710971e+01
2.119205298013245198e+01
2.273730684326710971e+01
2.428256070640176745e+01
2.273730684326710971e+01
2.273730684326710971e+01
2.273730684326710971e+01
2.428256070640176745e+01
2.119205298013245198e+01
2.273730684326710971e+01
2.428256070640176745e+01
2.428256070640176745e+01
2.273730684326710971e+01
2.273730684326710971e+01
2.273730684326710971e+01
2.119205298013245198e+01
2.428256070640176745e+01
2.428256070640176745e+01
2.119205298013245198e+01
2.119205298013245198e+01
2.273730684326710971e+01
2.428256070640176745e+01
2.273730684326710971e+01
2.891832229580574065e+01
2.428256070640176745e+01
2.119205298013245198e+01
2.273730684326710971e+01
2.273730684326710971e+01
2.428256070640176745e+01
2.119205298013245198e+01
2.119205298013245198e+01
2.119205298013245198e+01
2.119205298013245198e+01
2.582781456953642518e+01
2.273730684326710971e+01
2.273730684326710971e+01
2.119205298013245198e+01
2.273730684326710971e+01
2.428256070640176745e+01
2.119205298013245198e+01
2.273730684326710971e+01
2.273730684326710971e+01
2.119205298013245198e+01
2.273730684326710971e+01
2.273730684326710971e+01
2.428256070640176745e+01
2.273730684326710971e+01
2.582781456953642518e+01
2.273730684326710971e+01
2.273730684326710971e+01
2.428256070640176745e+01
2.273730684326710971e+01
2.273730684326710971e+01
2.428256070640176745e+01
2.119205298013245198e+01
2.119205298013245198e+01
