7.342047928621046538e+01
2.135076252723311541e+01
2.636165576926503462e+01
2.832244007883508274e+01
1.263616557318660405e+01
7.058823534398297284e+01
6.100217864923747513e+00
2.483660130303409730e+01
6.100217864923747513e+00
2.026143790434128888e+01
2.309368191513360813e+01
1.699346405020985884e+01
3.921568624126625480e+01
7.843137252824239347e+00
2.135076252723311541e+01
3.115468411248233949e+01
1.067538126361655770e+01
1.089324618528611310e+01
6.100217864923747513e+00
3.050108932461873579e+01
3.442265794375882848e+01
2.505446624755859375e+01
1.568627450564847869e+01
6.100217864923747513e+00
1.241830065151704865e+01
1.721132897187941424e+01
2.679738561260414542e+01
2.309368191513360813e+01
1.982570806100217808e+01
2.200435731509671911e+01
4.095860569773156357e+01
1.721132897187941424e+01
3.420479304494421768e+01
9.150326797385620381e+00
1.372549019607843057e+01
2.962962964625140572e+01
2.047930284886578178e+01
4.727668846146993076e+01
3.311546837634250551e+01
2.657952071378953107e+01
4.553376909642437909e+01
1.590413945017297337e+01
1.067538126361655770e+01
2.026143790434128888e+01
1.067538126361655770e+01
1.590413945017297337e+01
2.374727668014227078e+01
1.742919391640391069e+01
2.352941178132765643e+01
3.616557730880438015e+01
4.248366016396250444e+01
2.701525051141875977e+01
1.263616557318660405e+01
3.180827890034594674e+01
2.331154683680316353e+01
2.047930284886578178e+01
3.616557730880438015e+01
1.263616557318660405e+01
2.657952071378953107e+01
2.657952071378953107e+01
3.812636166408430682e+01
3.137254901129695739e+01
2.047930284886578178e+01
2.636165576926503462e+01
3.180827890034594674e+01
1.917211328144946236e+01
2.854030497764969709e+01
2.701525051141875977e+01
2.832244007883508274e+01
9.150326797385620381e+00
3.616557730880438015e+01
3.638344229903875515e+01
2.854030497764969709e+01
2.549019604518782245e+01
1.111111110695566673e+01
2.570806103542219745e+01
2.701525051141875977e+01
4.880174292770086453e+01
2.549019604518782245e+01
2.244008711272595136e+01
4.095860569773156357e+01
2.962962964625140572e+01
2.701525051141875977e+01
2.854030497764969709e+01
2.701525051141875977e+01
2.723311550165313477e+01
2.570806103542219745e+01
2.570806103542219745e+01
2.570806103542219745e+01
2.570806103542219745e+01
3.028322443411500942e+01
2.875816996788407209e+01
2.570806103542219745e+01
2.875816996788407209e+01
3.028322443411500942e+01
2.875816996788407209e+01
2.723311550165313477e+01
2.549019604518782245e+01
2.570806103542219745e+01
3.180827890034594674e+01
3.812636166408430682e+01
2.570806103542219745e+01
2.875816996788407209e+01
3.028322443411500942e+01
2.875816996788407209e+01
2.549019604518782245e+01
2.723311550165313477e+01
2.570806103542219745e+01
2.570806103542219745e+01
3.333333336657688051e+01
2.570806103542219745e+01
2.723311550165313477e+01
3.355119826539149841e+01
3.028322443411500942e+01
3.180827890034594674e+01
3.355119826539149841e+01
2.418300656919126013e+01
2.549019604518782245e+01
2.875816996788407209e+01
2.875816996788407209e+01
2.418300656919126013e+01
2.723311550165313477e+01
3.333333336657688051e+01
3.028322443411500942e+01
3.028322443411500942e+01
3.355119826539149841e+01
2.897603486669868644e+01
2.875816996788407209e+01
2.875816996788407209e+01
3.028322443411500942e+01
3.028322443411500942e+01
2.570806103542219745e+01
2.723311550165313477e+01
2.875816996788407209e+01
3.180827890034594674e+01
3.355119826539149841e+01
3.028322443411500942e+01
3.180827890034594674e+01
3.028322443411500942e+01
3.180827890034594674e+01
3.028322443411500942e+01
3.028322443411500942e+01
3.180827890034594674e+01
3.180827890034594674e+01
3.180827890034594674e+01
2.875816996788407209e+01
3.180827890034594674e+01
2.091503264649501403e+01
2.265795210296032636e+01
3.180827890034594674e+01
3.180827890034594674e+01
3.180827890034594674e+01
3.180827890034594674e+01
3.028322443411500942e+01
3.180827890034594674e+01
3.180827890034594674e+01
2.875816996788407209e+01
2.723311550165313477e+01
3.028322443411500942e+01
3.180827890034594674e+01
3.180827890034594674e+01
3.180827890034594674e+01
3.180827890034594674e+01
3.180827890034594674e+01
3.180827890034594674e+01
3.028322443411500942e+01
3.180827890034594674e+01
3.180827890034594674e+01
3.028322443411500942e+01
3.180827890034594674e+01
3.028322443411500942e+01
3.028322443411500942e+01
3.028322443411500942e+01
3.028322443411500942e+01
3.028322443411500942e+01
3.028322443411500942e+01
2.875816996788407209e+01
3.180827890034594674e+01
2.396514157895688513e+01
2.875816996788407209e+01
2.701525051141875977e+01
3.180827890034594674e+01
2.244008711272595136e+01
2.396514157895688513e+01
3.180827890034594674e+01
2.723311550165313477e+01
2.570806103542219745e+01
3.028322443411500942e+01
3.180827890034594674e+01
2.549019604518782245e+01
2.875816996788407209e+01
2.091503264649501403e+01
2.549019604518782245e+01
3.006535944388063442e+01
2.701525051141875977e+01
3.006535944388063442e+01
2.701525051141875977e+01
2.854030497764969709e+01
3.028322443411500942e+01
3.028322443411500942e+01
