6.572668104523432930e+01
6.854663769438572274e+01
1.691973969010624046e+01
3.080260302446410847e+01
3.405639914059587170e+01
8.286334041504436243e+01
2.668112795782192492e+01
2.342733189547656636e+01
7.809110622861121342e+00
5.466377438692105528e+01
2.993492402016728704e+01
2.950108460697331125e+01
2.798264642909912681e+01
4.078091107945638782e+01
9.110629067245119117e+00
2.342733189547656636e+01
3.470715836795964293e+01
4.186550973656379426e+01
1.518438177874186445e+00
7.809110622861121342e+00
4.490238609231216316e+01
3.101952278484749925e+01
5.010845985329849128e+01
3.579175702506704937e+01
1.865509760147061513e+01
2.494577007335075436e+01
6.290672444986935119e+00
4.229934925733057582e+01
1.713665942359643068e+01
3.752711490953821993e+01
3.774403472370801182e+01
2.190889371760238191e+01
1.887201736185400591e+01
2.342733189547656636e+01
6.073752711496745782e+00
3.036876355748372891e+00
3.449023855378984393e+01
3.123644249144448537e+01
1.887201736185400591e+01
1.409978306784805646e+01
3.449023855378984393e+01
1.388286333435786801e+01
6.290672444986935119e+00
2.993492402016728704e+01
2.798264642909912681e+01
2.689804766441891459e+01
2.537960948654472659e+01
4.381778743520476382e+01
2.494577007335075436e+01
2.342733189547656636e+01
1.691973969010624046e+01
2.516268977994774048e+01
7.809110622861121342e+00
2.321041213509317558e+01
2.190889371760238191e+01
1.409978306784805646e+01
2.841648584229309904e+01
1.279826465035726102e+01
3.904555308741240793e+01
3.774403472370801182e+01
3.470715836795964293e+01
6.507592178477123568e+00
4.078091107945638782e+01
1.106290671209968401e+01
4.772234267112748896e+00
6.420824286736014130e+01
6.507592178477123568e+00
1.930585677504798170e+01
3.015184383433708248e+01
3.036876355748372891e+00
1.106290671209968401e+01
5.509761380011502752e+01
2.689804766441891459e+01
1.757049889057680758e+01
2.516268977994774048e+01
1.561822124572224268e+01
1.540130151223205424e+01
2.212581342419936803e+01
2.537960948654472659e+01
2.668112795782192492e+01
1.084598697860949557e+01
4.229934925733057582e+01
2.516268977994774048e+01
2.234273313079635415e+01
2.559652930071452204e+01
3.036876354093406860e+01
3.188720171880825305e+01
2.885032536305988060e+01
3.036876354093406860e+01
2.885032536305988060e+01
2.885032536305988060e+01
2.885032536305988060e+01
3.036876354093406860e+01
2.733188718518569615e+01
2.885032536305988060e+01
2.733188718518569615e+01
3.188720171880825305e+01
3.188720171880825305e+01
2.885032536305988060e+01
2.429501082943732371e+01
2.733188718518569615e+01
3.188720171880825305e+01
3.817787413690199116e+01
3.036876354093406860e+01
3.340563989668244460e+01
3.188720171880825305e+01
3.036876354093406860e+01
2.581344900731150815e+01
2.255965294496614959e+01
2.581344900731150815e+01
2.429501082943732371e+01
2.581344900731150815e+01
3.210412142540523917e+01
2.581344900731150815e+01
3.036876354093406860e+01
3.036876354093406860e+01
3.036876354093406860e+01
2.407809112284033404e+01
2.429501082943732371e+01
2.733188718518569615e+01
1.952277658921777714e+01
2.581344900731150815e+01
3.514099778115361516e+01
2.429501082943732371e+01
3.340563989668244460e+01
3.188720171880825305e+01
3.188720171880825305e+01
3.340563989668244460e+01
3.188720171880825305e+01
3.340563989668244460e+01
3.036876354093406860e+01
3.036876354093406860e+01
3.188720171880825305e+01
3.188720171880825305e+01
3.036876354093406860e+01
3.188720171880825305e+01
3.188720171880825305e+01
2.733188718518569615e+01
3.188720171880825305e+01
2.559652930071452204e+01
3.188720171880825305e+01
3.340563989668244460e+01
3.188720171880825305e+01
3.188720171880825305e+01
3.188720171880825305e+01
3.036876354093406860e+01
3.188720171880825305e+01
3.188720171880825305e+01
3.036876354093406860e+01
3.188720171880825305e+01
3.188720171880825305e+01
3.188720171880825305e+01
3.036876354093406860e+01
2.733188718518569615e+01
2.885032536305988060e+01
3.188720171880825305e+01
2.885032536305988060e+01
3.188720171880825305e+01
3.188720171880825305e+01
3.036876354093406860e+01
3.188720171880825305e+01
2.733188718518569615e+01
2.581344900731150815e+01
3.188720171880825305e+01
2.581344900731150815e+01
3.188720171880825305e+01
3.188720171880825305e+01
3.188720171880825305e+01
3.036876354093406860e+01
3.188720171880825305e+01
3.036876354093406860e+01
2.407809112284033404e+01
3.188720171880825305e+01
3.036876354093406860e+01
3.188720171880825305e+01
3.188720171880825305e+01
2.885032536305988060e+01
3.015184383433708248e+01
3.188720171880825305e+01
3.188720171880825305e+01
2.733188718518569615e+01
2.885032536305988060e+01
3.036876354093406860e+01
2.733188718518569615e+01
2.885032536305988060e+01
3.036876354093406860e+01
2.733188718518569615e+01
3.188720171880825305e+01
3.036876354093406860e+01
2.559652930071452204e+01
2.255965294496614959e+01
2.559652930071452204e+01
2.581344900731150815e+01
3.188720171880825305e+01
3.036876354093406860e+01
2.711496747858871004e+01
2.559652930071452204e+01
2.863340565646289448e+01
2.559652930071452204e+01
3.188720171880825305e+01
