0.000000000000000000e+00
1.600000000000000000e+01
1.319999999999999929e+01
1.280000000000000071e+01
1.280000000000000071e+01
1.259999999999999964e+01
1.930000000000000071e+01
3.210000000000000142e+01
4.639999999999999858e+01
6.750000000000000000e+01
7.979999999999999716e+01
8.709999999999999432e+01
9.590000000000000568e+01
9.750000000000000000e+01
9.620000000000000284e+01
9.920000000000000284e+01
9.690000000000000568e+01
9.950000000000000000e+01
9.950000000000000000e+01
9.970000000000000284e+01
9.959999999999999432e+01
9.990000000000000568e+01
9.990000000000000568e+01
9.990000000000000568e+01
9.990000000000000568e+01
9.990000000000000568e+01
9.990000000000000568e+01
9.990000000000000568e+01
9.990000000000000568e+01
9.990000000000000568e+01
9.990000000000000568e+01
9.990000000000000568e+01
9.990000000000000568e+01
9.990000000000000568e+01
9.990000000000000568e+01
9.990000000000000568e+01
9.990000000000000568e+01
9.990000000000000568e+01
9.990000000000000568e+01
9.990000000000000568e+01
