0.000000000000000000e+00
9.800000000000000711e+00
1.080000000000000071e+01
1.040000000000000036e+01
1.080000000000000071e+01
9.759999999999999432e+01
1.000000000000000000e+02
9.809999999999999432e+01
8.990000000000000568e+01
9.959999999999999432e+01
8.809999999999999432e+01
1.000000000000000000e+02
9.990000000000000568e+01
9.950000000000000000e+01
1.000000000000000000e+02
9.929999999999999716e+01
1.000000000000000000e+02
1.000000000000000000e+02
1.000000000000000000e+02
1.000000000000000000e+02
1.000000000000000000e+02
1.000000000000000000e+02
1.000000000000000000e+02
1.000000000000000000e+02
1.000000000000000000e+02
1.000000000000000000e+02
1.000000000000000000e+02
1.000000000000000000e+02
1.000000000000000000e+02
1.000000000000000000e+02
1.000000000000000000e+02
1.000000000000000000e+02
1.000000000000000000e+02
1.000000000000000000e+02
1.000000000000000000e+02
1.000000000000000000e+02
1.000000000000000000e+02
1.000000000000000000e+02
1.000000000000000000e+02
1.000000000000000000e+02
