0.000000000000000000e+00
1.180000000000000071e+01
9.500000000000000000e+00
9.500000000000000000e+00
9.099999999999999645e+00
9.599999999999999645e+00
3.350000000000000000e+01
4.800000000000000000e+01
6.509999999999999432e+01
7.640000000000000568e+01
8.790000000000000568e+01
9.470000000000000284e+01
9.450000000000000000e+01
9.859999999999999432e+01
9.479999999999999716e+01
9.850000000000000000e+01
9.990000000000000568e+01
9.990000000000000568e+01
9.979999999999999716e+01
9.979999999999999716e+01
9.979999999999999716e+01
9.979999999999999716e+01
9.979999999999999716e+01
9.979999999999999716e+01
9.979999999999999716e+01
9.990000000000000568e+01
9.979999999999999716e+01
9.979999999999999716e+01
9.979999999999999716e+01
9.979999999999999716e+01
9.979999999999999716e+01
9.979999999999999716e+01
9.979999999999999716e+01
9.979999999999999716e+01
9.979999999999999716e+01
9.979999999999999716e+01
9.979999999999999716e+01
9.979999999999999716e+01
9.979999999999999716e+01
9.979999999999999716e+01
