0.000000000000000000e+00
1.100000000000000000e+01
9.500000000000000000e+00
1.019999999999999929e+01
9.900000000000000355e+00
1.009999999999999964e+01
1.000000000000000000e+01
1.359999999999999964e+01
1.980000000000000071e+01
3.000000000000000000e+01
4.210000000000000142e+01
6.089999999999999858e+01
6.440000000000000568e+01
8.090000000000000568e+01
8.809999999999999432e+01
9.209999999999999432e+01
9.479999999999999716e+01
9.740000000000000568e+01
9.929999999999999716e+01
9.940000000000000568e+01
9.940000000000000568e+01
9.940000000000000568e+01
9.940000000000000568e+01
9.940000000000000568e+01
9.950000000000000000e+01
9.950000000000000000e+01
9.970000000000000284e+01
9.970000000000000284e+01
9.970000000000000284e+01
9.970000000000000284e+01
9.970000000000000284e+01
9.970000000000000284e+01
9.970000000000000284e+01
9.970000000000000284e+01
9.970000000000000284e+01
9.970000000000000284e+01
9.970000000000000284e+01
9.970000000000000284e+01
9.970000000000000284e+01
9.970000000000000284e+01
