0.000000000000000000e+00
8.900000000000000355e+00
1.040000000000000036e+01
1.030000000000000071e+01
1.009999999999999964e+01
1.050000000000000000e+01
1.069999999999999929e+01
1.080000000000000071e+01
2.439999999999999858e+01
2.430000000000000071e+01
3.920000000000000284e+01
3.800000000000000000e+01
5.939999999999999858e+01
7.300000000000000000e+01
8.029999999999999716e+01
8.600000000000000000e+01
9.190000000000000568e+01
9.750000000000000000e+01
9.900000000000000000e+01
9.909999999999999432e+01
9.909999999999999432e+01
9.920000000000000284e+01
9.929999999999999716e+01
9.920000000000000284e+01
9.929999999999999716e+01
9.950000000000000000e+01
9.950000000000000000e+01
9.959999999999999432e+01
9.950000000000000000e+01
9.950000000000000000e+01
9.950000000000000000e+01
9.950000000000000000e+01
9.950000000000000000e+01
9.959999999999999432e+01
9.970000000000000284e+01
9.970000000000000284e+01
9.959999999999999432e+01
9.959999999999999432e+01
9.959999999999999432e+01
9.959999999999999432e+01
