0.000000000000000000e+00
9.500000000000000000e+00
1.169999999999999929e+01
1.030000000000000071e+01
1.059999999999999964e+01
9.900000000000000355e+00
1.080000000000000071e+01
1.159999999999999964e+01
1.939999999999999858e+01
2.319999999999999929e+01
3.800000000000000000e+01
5.010000000000000142e+01
6.370000000000000284e+01
7.000000000000000000e+01
8.020000000000000284e+01
8.529999999999999716e+01
9.120000000000000284e+01
9.529999999999999716e+01
9.809999999999999432e+01
9.850000000000000000e+01
9.850000000000000000e+01
9.850000000000000000e+01
9.840000000000000568e+01
9.850000000000000000e+01
9.850000000000000000e+01
9.870000000000000284e+01
9.900000000000000000e+01
9.920000000000000284e+01
9.920000000000000284e+01
9.920000000000000284e+01
9.920000000000000284e+01
9.920000000000000284e+01
9.920000000000000284e+01
9.920000000000000284e+01
9.920000000000000284e+01
9.920000000000000284e+01
9.920000000000000284e+01
9.920000000000000284e+01
9.920000000000000284e+01
9.920000000000000284e+01
