0.000000000000000000e+00
2.100000000000000089e+00
1.050000000000000000e+01
9.800000000000000711e+00
9.900000000000000355e+00
1.069999999999999929e+01
1.630000000000000071e+01
2.789999999999999858e+01
4.570000000000000284e+01
5.670000000000000284e+01
7.450000000000000000e+01
8.459999999999999432e+01
8.900000000000000000e+01
9.140000000000000568e+01
9.340000000000000568e+01
9.640000000000000568e+01
9.750000000000000000e+01
9.929999999999999716e+01
9.909999999999999432e+01
9.900000000000000000e+01
9.909999999999999432e+01
9.909999999999999432e+01
9.909999999999999432e+01
9.909999999999999432e+01
9.909999999999999432e+01
9.920000000000000284e+01
9.920000000000000284e+01
9.920000000000000284e+01
9.920000000000000284e+01
9.920000000000000284e+01
9.920000000000000284e+01
9.920000000000000284e+01
9.920000000000000284e+01
9.920000000000000284e+01
9.920000000000000284e+01
9.920000000000000284e+01
9.920000000000000284e+01
9.920000000000000284e+01
9.920000000000000284e+01
9.920000000000000284e+01
