0.000000000000000000e+00
9.300000000000000711e+00
1.069999999999999929e+01
1.069999999999999929e+01
1.080000000000000071e+01
1.090000000000000036e+01
1.530000000000000071e+01
3.329999999999999716e+01
4.710000000000000142e+01
6.139999999999999858e+01
7.729999999999999716e+01
8.040000000000000568e+01
8.070000000000000284e+01
8.770000000000000284e+01
9.620000000000000284e+01
9.720000000000000284e+01
9.529999999999999716e+01
9.990000000000000568e+01
9.959999999999999432e+01
9.959999999999999432e+01
9.959999999999999432e+01
9.959999999999999432e+01
9.959999999999999432e+01
9.970000000000000284e+01
9.959999999999999432e+01
9.979999999999999716e+01
9.990000000000000568e+01
9.990000000000000568e+01
9.990000000000000568e+01
9.990000000000000568e+01
9.990000000000000568e+01
9.990000000000000568e+01
9.990000000000000568e+01
9.990000000000000568e+01
9.990000000000000568e+01
9.990000000000000568e+01
9.990000000000000568e+01
9.990000000000000568e+01
9.990000000000000568e+01
9.990000000000000568e+01
