0.000000000000000000e+00
1.030000000000000071e+01
1.030000000000000071e+01
1.169999999999999929e+01
1.080000000000000071e+01
1.080000000000000071e+01
1.119999999999999929e+01
1.159999999999999964e+01
2.519999999999999929e+01
2.619999999999999929e+01
4.220000000000000284e+01
4.550000000000000000e+01
7.020000000000000284e+01
7.779999999999999716e+01
8.229999999999999716e+01
8.879999999999999716e+01
9.229999999999999716e+01
9.579999999999999716e+01
9.809999999999999432e+01
9.850000000000000000e+01
9.870000000000000284e+01
9.879999999999999716e+01
9.879999999999999716e+01
9.879999999999999716e+01
9.890000000000000568e+01
9.890000000000000568e+01
9.909999999999999432e+01
9.940000000000000568e+01
9.940000000000000568e+01
9.940000000000000568e+01
9.950000000000000000e+01
9.950000000000000000e+01
9.950000000000000000e+01
9.950000000000000000e+01
9.950000000000000000e+01
9.950000000000000000e+01
9.950000000000000000e+01
9.950000000000000000e+01
9.950000000000000000e+01
9.950000000000000000e+01
