0.000000000000000000e+00
1.299999997711181621e+01
0.000000000000000000e+00
0.000000000000000000e+00
3.399999988555908015e+00
5.399999994277954407e+00
5.399999988555908459e+00
1.639999989318847540e+01
2.679999986267089795e+01
2.419999992370605568e+01
3.599999988555908192e+00
1.399999994277954185e+00
2.879999984741210994e+01
1.599999994277954141e+00
4.000000000000000222e-01
2.000000000000000111e-01
4.800000006103515915e+01
3.000000007629394450e+00
4.999999946594238409e+00
3.799999977111816474e+00
5.059999993896484227e+01
1.600000000000000089e+00
3.599999994277954141e+00
1.600000000000000089e+00
1.599999994277954141e+00
0.000000000000000000e+00
4.719999978637695648e+01
2.799999994277954318e+00
1.419999992370605391e+01
5.999999999999999778e-01
7.999999984741211101e+00
4.399999988555908459e+00
3.219999996948241971e+01
7.600000015258789432e+00
1.799999994277954096e+00
5.599999988555908637e+00
7.599999977111816740e+00
6.199999994277954229e+00
6.200000000000000178e+00
4.600000007629394538e+00
5.799999977111816030e+00
1.519999992370605391e+01
8.199999988555907393e+00
1.099999994659423841e+01
9.399999988555908459e+00
1.099999998474121021e+01
7.599999946594238054e+00
6.799999946594238232e+00
1.579999994659423912e+01
6.599999994277953697e+00
1.139999992370605497e+01
6.399999988555908459e+00
9.199999954223633480e+00
1.059999998855590775e+01
9.800000015258788721e+00
8.000000007629394005e+00
9.600000015258789432e+00
4.000000000000000222e-01
7.600000015258789432e+00
6.199999988555908281e+00
1.159999998474121163e+01
5.999999942779541406e-01
7.199999994277954229e+00
8.000000007629394005e+00
5.000000007629394894e+00
1.399999997711181621e+01
1.059999992370605426e+01
8.999999946594238409e+00
1.179999992370605533e+01
2.899999986267089724e+01
8.399999984741210568e+00
1.139999992370605497e+01
5.039999984741211136e+01
7.399999984741210568e+00
7.799999977111816030e+00
2.339999996948242256e+01
7.399999988555908459e+00
4.599999988555908637e+00
1.059999999427795458e+01
1.719999999999999929e+01
3.319999987792968454e+01
7.199999977111816385e+00
9.400000007629394361e+00
9.600000015258789432e+00
8.399999946594238764e+00
1.079999998855590881e+01
1.099999998474121021e+01
1.059999994659423805e+01
1.099999992370605462e+01
9.399999946594238764e+00
1.180000000762939472e+01
9.999999984741210213e+00
9.399999988555908459e+00
1.119999994659423770e+01
1.099999998474121021e+01
1.039999998855590846e+01
9.600000015258789432e+00
1.139999995422363277e+01
1.119999995422363348e+01
1.119999998474121128e+01
1.079999997711181692e+01
1.200000001525878979e+01
1.139999998855590846e+01
1.099999997711181621e+01
1.019999997711181727e+01
1.060000000762939365e+01
1.139999994659423876e+01
1.040000000762939436e+01
1.139999995422363277e+01
1.159999994659423805e+01
1.119999998855590739e+01
1.179999997711181692e+01
1.119999997711181727e+01
1.140000000762939436e+01
1.199999989318847682e+01
1.079999989318847575e+01
1.100000000762939401e+01
1.159999995422363206e+01
1.119999992370605391e+01
1.340000001525878837e+01
1.280000001525878872e+01
1.259999992370605426e+01
1.280000001525878872e+01
1.399999998474121021e+01
1.419999994659423770e+01
1.639999995422363455e+01
1.559999996948242185e+01
1.699999998474121199e+01
1.719999986267090009e+01
1.839999986267089938e+01
1.619999998474121128e+01
2.039999994659423876e+01
1.939999986267089938e+01
2.059999986267089866e+01
1.980000003051757673e+01
1.860000003051757744e+01
2.259999993896484227e+01
2.279999984741210994e+01
2.079999992370605355e+01
2.099999986267089724e+01
2.459999992370605426e+01
2.259999996948242185e+01
2.180000003051757673e+01
2.219999986267090009e+01
2.339999986267089938e+01
2.400000003051757957e+01
2.419999986267090009e+01
2.339999989318847540e+01
2.279999990844726554e+01
2.579999992370605355e+01
2.539999987792968739e+01
2.299999989318847682e+01
2.459999986267089866e+01
2.339999993896484298e+01
2.699999989318847682e+01
2.599999978637695364e+01
2.599999990844726483e+01
2.360000000000000142e+01
2.460000003051757744e+01
2.459999993896484227e+01
2.579999996948242114e+01
2.639999984741210781e+01
2.659999984741211065e+01
2.400000003051757957e+01
2.240000003051757815e+01
2.680000003051757673e+01
2.539999984741210781e+01
2.620000003051757886e+01
2.520000003051757886e+01
2.779999995422363313e+01
2.519999989318847611e+01
2.760000003051757744e+01
2.419999989318847611e+01
2.560000003051757744e+01
2.719999989318847611e+01
2.780000003051757673e+01
2.619999981689453250e+01
2.799999996948242043e+01
2.759999995422363384e+01
2.819999978637695293e+01
2.539999999999999858e+01
2.779999993896484511e+01
2.899999984741210923e+01
2.779999996948242114e+01
2.900000000000000000e+01
2.880000000000000071e+01
2.879999990844726554e+01
3.079999990844726554e+01
2.979999990844726554e+01
2.919999999999999929e+01
2.939999990844726696e+01
3.019999986267090009e+01
2.880000003051757673e+01
2.859999996948242185e+01
2.880000000000000071e+01
2.919999996948242327e+01
2.959999975585937548e+01
2.999999975585937406e+01
2.979999987792968597e+01
2.859999987792968668e+01
