1.139999992370605497e+01
0.000000000000000000e+00
1.099999998474121021e+01
0.000000000000000000e+00
9.800000015258788721e+00
9.999999984741210213e+00
0.000000000000000000e+00
5.999999999999999778e-01
0.000000000000000000e+00
9.999999942779540518e-01
2.600000007629394538e+00
4.799999994277953874e+00
1.600000007629394538e+00
1.979999986267089795e+01
2.159999996948242185e+01
8.399999977111816563e+00
2.799999994277954318e+00
1.039999998474121057e+01
1.199999994277954007e+00
4.399999988555908459e+00
3.139999984741210781e+01
0.000000000000000000e+00
9.999999942779540518e-01
7.199999994277954229e+00
5.799999994277953874e+00
1.199999997711181621e+01
2.819999996948242327e+01
1.420000001525878908e+01
1.600000000000000089e+00
2.560000000000000142e+01
1.139999999427795352e+01
7.800000007629394716e+00
1.879999989318847753e+01
2.600000007629394538e+00
1.799999986267089724e+01
1.619999992370605568e+01
2.979999996948242114e+01
1.600000000000000089e+00
3.999999977111816207e+00
6.999999988555908104e+00
8.600000007629393650e+00
6.199999954223632592e+00
6.000000007629394894e+00
4.599999946594238054e+00
4.999999994277954052e+00
2.099999990844726483e+01
8.799999977111816918e+00
8.800000007629394716e+00
5.600000007629394538e+00
8.999999984741210213e+00
6.399999994277954407e+00
5.799999946594238232e+00
6.999999946594238409e+00
7.799999977111816030e+00
1.519999996948242149e+01
1.800000000000000044e+00
6.399999946594237876e+00
1.619999992370605568e+01
8.199999999999999289e+00
3.419999969482422131e+01
5.199999946594238587e+00
1.219999999427795423e+01
5.400000007629394361e+00
2.059999994659423805e+01
7.200000007629394183e+00
1.020000000762939507e+01
7.399999946594237876e+00
2.799999988555908370e+00
1.199999999999999956e+00
2.060000001525878943e+01
3.199999994277954229e+00
4.199999994277954229e+00
8.600000007629393650e+00
6.799999946594238232e+00
3.579999981689453392e+01
2.200000000000000178e+00
7.999999984741211101e+00
9.400000007629394361e+00
2.819999981689453250e+01
4.999999988555908104e+00
7.599999977111816740e+00
5.600000015258789432e+00
8.199999946594237699e+00
9.599999988555907748e+00
8.600000007629393650e+00
8.599999946594238054e+00
9.599999984741211634e+00
7.000000007629394894e+00
7.999999946594238409e+00
8.999999994277954940e+00
9.000000015258789787e+00
7.999999977111816207e+00
9.199999954223633480e+00
9.599999977111815852e+00
8.200000015258789077e+00
8.999999946594238409e+00
9.199999977111817273e+00
8.199999977111817273e+00
9.199999946594237699e+00
7.799999977111816030e+00
1.000000000762939401e+01
1.060000001525878943e+01
1.139999994659423876e+01
1.079999994659423912e+01
1.159999994659423805e+01
1.100000000000000000e+01
1.199999994659423841e+01
1.219999995422363348e+01
1.459999989318847646e+01
2.859999990844726625e+01
2.479999994659423734e+01
2.299999990844726483e+01
2.779999996948242114e+01
2.839999999999999858e+01
2.759999987792968668e+01
3.039999993896484298e+01
3.379999989318847753e+01
2.899999986267089724e+01
3.319999993896484369e+01
3.339999984741211136e+01
3.499999993896484085e+01
3.979999999999999716e+01
4.080000006103515631e+01
3.999999984741211279e+01
4.540000006103515773e+01
4.259999972534179591e+01
3.239999990844726341e+01
3.279999987792968597e+01
3.239999993896484654e+01
2.719999996948242327e+01
3.359999981689453108e+01
3.100000000000000000e+01
3.119999975585937335e+01
2.860000003051757744e+01
3.059999987792968668e+01
3.179999993896484511e+01
3.579999972534179875e+01
3.199999984741210923e+01
3.359999969482421989e+01
3.359999987792969023e+01
3.079999993896484511e+01
3.339999993896484654e+01
3.579999993896484511e+01
3.239999987792968739e+01
3.539999969482421704e+01
3.599999981689452966e+01
3.479999969482421562e+01
3.539999972534180017e+01
3.459999969482421989e+01
3.699999981689452966e+01
2.920000003051757886e+01
3.580000003051758029e+01
3.599999984741211279e+01
3.699999987792968881e+01
3.519999981689453250e+01
3.579999987792968597e+01
3.739999972534180017e+01
3.639999975585937619e+01
3.599999978637695364e+01
3.819999987792968454e+01
3.579999987792968597e+01
3.279999978637695079e+01
3.859999996948242540e+01
3.579999993896484511e+01
3.539999984741211136e+01
3.699999987792968881e+01
3.619999981689453250e+01
3.819999984741210852e+01
3.699999984741211279e+01
3.880000006103515631e+01
3.639999972534180017e+01
3.859999993896484227e+01
3.599999981689452966e+01
4.079999969482421562e+01
3.899999984741211279e+01
4.079999975585937477e+01
3.820000006103515489e+01
4.019999987792968454e+01
4.139999981689452824e+01
3.799999981689452966e+01
3.899999987792968881e+01
3.519999981689453250e+01
3.759999987792969023e+01
3.539999978637695222e+01
3.839999990844726341e+01
4.020000000000000284e+01
3.699999972534179449e+01
3.819999975585937335e+01
3.879999969482421562e+01
3.619999975585937335e+01
3.679999975585937477e+01
4.219999972534179733e+01
3.759999978637695506e+01
4.219999987792968454e+01
4.079999987792968597e+01
3.759999987792969023e+01
4.279999969482421562e+01
3.919999972534179733e+01
3.859999975585937193e+01
3.939999987792968739e+01
