0.000000000000000000e+00
9.199999999999999289e+00
1.130000000000000071e+01
1.150000000000000000e+01
1.190000000000000036e+01
1.169999999999999929e+01
2.160000000000000142e+01
3.420000000000000284e+01
5.579999999999999716e+01
5.839999999999999858e+01
8.450000000000000000e+01
8.340000000000000568e+01
9.279999999999999716e+01
9.470000000000000284e+01
9.779999999999999716e+01
9.859999999999999432e+01
9.859999999999999432e+01
9.870000000000000284e+01
9.850000000000000000e+01
9.870000000000000284e+01
9.879999999999999716e+01
9.909999999999999432e+01
9.950000000000000000e+01
9.940000000000000568e+01
9.959999999999999432e+01
9.970000000000000284e+01
9.970000000000000284e+01
9.970000000000000284e+01
9.959999999999999432e+01
9.950000000000000000e+01
9.950000000000000000e+01
9.940000000000000568e+01
9.950000000000000000e+01
9.970000000000000284e+01
9.970000000000000284e+01
9.970000000000000284e+01
9.970000000000000284e+01
9.959999999999999432e+01
9.959999999999999432e+01
9.970000000000000284e+01
