0.000000000000000000e+00
0.000000000000000000e+00
9.199999999999999289e+00
9.199999999999999289e+00
9.199999999999999289e+00
8.900000000000000355e+00
8.900000000000000355e+00
9.400000000000000355e+00
1.469999999999999929e+01
2.660000000000000142e+01
3.529999999999999716e+01
4.710000000000000142e+01
5.829999999999999716e+01
6.909999999999999432e+01
8.200000000000000000e+01
8.750000000000000000e+01
9.200000000000000000e+01
9.200000000000000000e+01
9.629999999999999716e+01
9.679999999999999716e+01
9.709999999999999432e+01
9.750000000000000000e+01
9.790000000000000568e+01
9.790000000000000568e+01
9.820000000000000284e+01
9.829999999999999716e+01
9.900000000000000000e+01
9.920000000000000284e+01
9.920000000000000284e+01
9.909999999999999432e+01
9.909999999999999432e+01
9.909999999999999432e+01
9.909999999999999432e+01
9.909999999999999432e+01
9.909999999999999432e+01
9.909999999999999432e+01
9.909999999999999432e+01
9.909999999999999432e+01
9.909999999999999432e+01
9.909999999999999432e+01
