4.599999978637695364e+01
2.319999986267090009e+01
3.219999996948241971e+01
6.059999987792969023e+01
7.759999963378906784e+01
9.399999946594238764e+00
6.799999981689452966e+01
2.139999992370605497e+01
3.839999987792968739e+01
2.299999989318847682e+01
1.959999998474120986e+01
6.199999987792968881e+01
1.999999992370605639e+01
3.180000003051757673e+01
2.739999986267089938e+01
3.119999990844726412e+01
1.660000001525878943e+01
3.399999990844726483e+01
2.760000003051757744e+01
1.999999992370605639e+01
3.539999990844726341e+01
4.459999978637695506e+01
3.239999993896484654e+01
4.960000006103515346e+01
1.219999994659423770e+01
3.719999984741210852e+01
5.899999990844726483e+01
5.579999996948242114e+01
3.259999990844726625e+01
4.799999969482421847e+01
3.579999984741210994e+01
2.200000003051757957e+01
4.039999978637695222e+01
2.959999993896484227e+01
3.559999987792969023e+01
4.659999969482421989e+01
9.199999977111817273e+00
2.319999986267090009e+01
5.439999996948242256e+01
2.139999992370605497e+01
3.200000000000000000e+01
2.360000000000000142e+01
4.479999975585937477e+01
3.259999990844726625e+01
5.439999996948242256e+01
5.739999993896484654e+01
4.339999975585937619e+01
4.639999972534180017e+01
3.739999981689452824e+01
1.859999992370605426e+01
4.479999975585937477e+01
3.099999993896484440e+01
1.219999994659423770e+01
3.079999996948242114e+01
4.659999969482421989e+01
2.780000000000000071e+01
3.239999993896484654e+01
3.539999990844726341e+01
1.380000001525878872e+01
2.019999989318847611e+01
1.539999998474121057e+01
5.139999999999999858e+01
2.139999992370605497e+01
3.239999993896484654e+01
1.699999995422363241e+01
2.959999993896484227e+01
2.439999989318847540e+01
3.839999987792968739e+01
2.620000003051757886e+01
2.480000003051757673e+01
2.480000003051757673e+01
3.079999996948242114e+01
4.039999978637695222e+01
4.339999975585937619e+01
2.760000003051757744e+01
3.399999990844726483e+01
2.319999986267090009e+01
3.399999990844726483e+01
2.200000003051757957e+01
1.679999998474121270e+01
4.519999969482422131e+01
2.599999986267089724e+01
2.760000003051757744e+01
3.219999996948241971e+01
3.060000000000000142e+01
2.760000003051757744e+01
3.219999996948241971e+01
2.760000003051757744e+01
2.599999986267089724e+01
3.379999993896484511e+01
2.439999989318847540e+01
3.699999987792968881e+01
3.379999993896484511e+01
3.539999990844726341e+01
2.900000003051757957e+01
3.379999993896484511e+01
3.060000000000000142e+01
2.739999986267089938e+01
3.539999990844726341e+01
3.060000000000000142e+01
2.900000003051757957e+01
3.219999996948241971e+01
2.760000003051757744e+01
2.739999986267089938e+01
2.739999986267089938e+01
2.919999999999999929e+01
3.699999987792968881e+01
2.900000003051757957e+01
2.900000003051757957e+01
2.900000003051757957e+01
2.599999986267089724e+01
2.739999986267089938e+01
1.999999992370605639e+01
2.739999986267089938e+01
2.299999989318847682e+01
2.620000003051757886e+01
2.919999999999999929e+01
1.999999992370605639e+01
2.780000000000000071e+01
2.620000003051757886e+01
3.060000000000000142e+01
2.919999999999999929e+01
2.919999999999999929e+01
2.900000003051757957e+01
2.919999999999999929e+01
2.760000003051757744e+01
2.620000003051757886e+01
2.919999999999999929e+01
3.379999993896484511e+01
2.760000003051757744e+01
2.319999986267090009e+01
2.919999999999999929e+01
3.079999996948242114e+01
3.379999993896484511e+01
2.919999999999999929e+01
2.620000003051757886e+01
2.480000003051757673e+01
2.919999999999999929e+01
3.379999993896484511e+01
2.780000000000000071e+01
2.439999989318847540e+01
2.760000003051757744e+01
2.760000003051757744e+01
2.439999989318847540e+01
1.839999995422363455e+01
2.599999986267089724e+01
2.780000000000000071e+01
2.919999999999999929e+01
2.919999999999999929e+01
2.319999986267090009e+01
2.620000003051757886e+01
3.079999996948242114e+01
2.620000003051757886e+01
2.480000003051757673e+01
3.219999996948241971e+01
2.760000003051757744e+01
2.299999989318847682e+01
2.299999989318847682e+01
3.060000000000000142e+01
2.599999986267089724e+01
2.299999989318847682e+01
2.780000000000000071e+01
1.979999995422363313e+01
2.159999989318847824e+01
1.999999992370605639e+01
3.379999993896484511e+01
2.299999989318847682e+01
3.079999996948242114e+01
2.459999986267089866e+01
2.599999986267089724e+01
1.999999992370605639e+01
2.319999986267090009e+01
2.780000000000000071e+01
2.919999999999999929e+01
2.319999986267090009e+01
2.459999986267089866e+01
2.780000000000000071e+01
3.079999996948242114e+01
2.599999986267089724e+01
2.620000003051757886e+01
3.219999996948241971e+01
2.299999989318847682e+01
2.459999986267089866e+01
2.919999999999999929e+01
2.620000003051757886e+01
2.319999986267090009e+01
1.999999992370605639e+01
2.299999989318847682e+01
2.620000003051757886e+01
2.780000000000000071e+01
2.760000003051757744e+01
2.620000003051757886e+01
2.599999986267089724e+01
3.219999996948241971e+01
2.459999986267089866e+01
2.019999989318847611e+01
2.760000003051757744e+01
2.760000003051757744e+01
2.760000003051757744e+01
2.599999986267089724e+01
