0.000000000000000000e+00
5.240000006103515773e+01
1.240000001525878837e+01
1.819999998474121128e+01
4.279999984741210994e+01
4.279999984741210994e+01
4.319999978637695648e+01
4.800000007629394716e+00
1.819999998474121128e+01
1.079999994659423912e+01
6.059999987792969023e+01
3.239999993896484654e+01
9.399999946594238764e+00
1.100000001525878979e+01
3.199999988555908281e+00
1.719999992370605568e+01
1.219999994659423770e+01
9.000000007629394005e+00
2.340000003051757815e+01
1.359999994659423805e+01
5.139999999999999858e+01
1.399999998474121021e+01
1.699999995422363241e+01
7.600000007629394538e+00
1.699999995422363241e+01
2.519999996948242327e+01
2.319999986267090009e+01
4.059999975585937193e+01
3.279999987792968597e+01
2.480000003051757673e+01
4.339999975585937619e+01
2.159999989318847824e+01
2.959999993896484227e+01
3.259999990844726625e+01
1.380000001525878872e+01
1.999999992370605639e+01
3.899999978637695364e+01
3.419999987792968454e+01
2.959999993896484227e+01
4.359999972534179591e+01
1.999999992370605639e+01
2.319999986267090009e+01
4.960000006103515346e+01
2.780000000000000071e+01
2.780000000000000071e+01
7.180000006103514920e+01
2.319999986267090009e+01
2.959999993896484227e+01
2.340000003051757815e+01
3.419999987792968454e+01
2.179999986267089795e+01
5.260000003051757744e+01
1.999999992370605639e+01
1.839999995422363455e+01
4.219999972534179733e+01
3.119999990844726412e+01
4.840000003051757460e+01
9.399999946594238764e+00
2.319999986267090009e+01
4.820000006103515489e+01
2.639999999999999858e+01
2.639999999999999858e+01
2.639999999999999858e+01
3.239999993896484654e+01
3.279999987792968597e+01
2.639999999999999858e+01
3.119999990844726412e+01
2.019999989318847611e+01
1.359999994659423805e+01
2.139999992370605497e+01
2.799999996948242043e+01
2.459999986267089866e+01
2.639999999999999858e+01
1.699999995422363241e+01
2.179999986267089795e+01
3.879999981689453392e+01
3.119999990844726412e+01
4.199999975585937761e+01
2.799999996948242043e+01
2.959999993896484227e+01
2.299999989318847682e+01
2.959999993896484227e+01
3.419999987792968454e+01
2.620000003051757886e+01
2.459999986267089866e+01
2.459999986267089866e+01
2.319999986267090009e+01
2.639999999999999858e+01
2.459999986267089866e+01
2.480000003051757673e+01
2.639999999999999858e+01
2.319999986267090009e+01
2.459999986267089866e+01
2.480000003051757673e+01
2.459999986267089866e+01
2.319999986267090009e+01
2.480000003051757673e+01
2.319999986267090009e+01
2.319999986267090009e+01
2.319999986267090009e+01
2.159999989318847824e+01
2.159999989318847824e+01
2.459999986267089866e+01
2.319999986267090009e+01
2.480000003051757673e+01
2.620000003051757886e+01
2.319999986267090009e+01
2.319999986267090009e+01
2.459999986267089866e+01
2.319999986267090009e+01
2.319999986267090009e+01
2.319999986267090009e+01
2.319999986267090009e+01
2.319999986267090009e+01
2.459999986267089866e+01
2.159999989318847824e+01
2.620000003051757886e+01
2.459999986267089866e+01
2.459999986267089866e+01
2.459999986267089866e+01
2.459999986267089866e+01
2.319999986267090009e+01
2.459999986267089866e+01
2.459999986267089866e+01
2.319999986267090009e+01
2.459999986267089866e+01
2.459999986267089866e+01
2.459999986267089866e+01
2.459999986267089866e+01
2.319999986267090009e+01
2.459999986267089866e+01
2.459999986267089866e+01
2.459999986267089866e+01
2.459999986267089866e+01
2.459999986267089866e+01
2.459999986267089866e+01
2.459999986267089866e+01
2.459999986267089866e+01
2.459999986267089866e+01
2.459999986267089866e+01
2.459999986267089866e+01
2.319999986267090009e+01
2.459999986267089866e+01
2.319999986267090009e+01
2.459999986267089866e+01
2.319999986267090009e+01
2.459999986267089866e+01
2.459999986267089866e+01
2.459999986267089866e+01
2.319999986267090009e+01
2.459999986267089866e+01
2.459999986267089866e+01
2.319999986267090009e+01
2.159999989318847824e+01
2.319999986267090009e+01
2.319999986267090009e+01
2.459999986267089866e+01
2.319999986267090009e+01
2.459999986267089866e+01
2.319999986267090009e+01
2.319999986267090009e+01
2.319999986267090009e+01
2.459999986267089866e+01
2.459999986267089866e+01
2.459999986267089866e+01
2.459999986267089866e+01
2.459999986267089866e+01
2.459999986267089866e+01
2.319999986267090009e+01
2.459999986267089866e+01
2.459999986267089866e+01
2.459999986267089866e+01
2.319999986267090009e+01
2.319999986267090009e+01
2.459999986267089866e+01
2.459999986267089866e+01
2.459999986267089866e+01
2.319999986267090009e+01
2.319999986267090009e+01
2.459999986267089866e+01
2.459999986267089866e+01
2.319999986267090009e+01
2.459999986267089866e+01
2.319999986267090009e+01
2.319999986267090009e+01
2.319999986267090009e+01
2.319999986267090009e+01
2.459999986267089866e+01
2.319999986267090009e+01
2.319999986267090009e+01
2.459999986267089866e+01
2.319999986267090009e+01
2.319999986267090009e+01
2.159999989318847824e+01
2.319999986267090009e+01
2.159999989318847824e+01
2.319999986267090009e+01
2.319999986267090009e+01
2.159999989318847824e+01
2.319999986267090009e+01
