7.159999969482421989e+01
5.260000003051757744e+01
7.600000007629394538e+00
2.480000003051757673e+01
1.399999998474121021e+01
4.199999975585937761e+01
6.399999977111816563e+00
3.659999993896484227e+01
3.060000000000000142e+01
3.979999987792968597e+01
3.099999993896484440e+01
2.159999989318847824e+01
1.399999998474121021e+01
2.319999986267090009e+01
3.719999984741210852e+01
2.459999986267089866e+01
2.739999986267089938e+01
1.079999994659423912e+01
1.859999992370605426e+01
2.039999986267089938e+01
2.319999986267090009e+01
2.159999989318847824e+01
1.819999998474121128e+01
1.380000001525878872e+01
2.780000000000000071e+01
9.199999977111817273e+00
2.159999989318847824e+01
1.079999994659423912e+01
1.839999995422363455e+01
2.919999999999999929e+01
1.380000001525878872e+01
3.079999996948242114e+01
4.680000006103515631e+01
2.019999989318847611e+01
1.859999992370605426e+01
2.459999986267089866e+01
2.159999989318847824e+01
2.639999999999999858e+01
4.199999975585937761e+01
2.340000003051757815e+01
1.999999992370605639e+01
3.559999987792969023e+01
3.719999984741210852e+01
2.179999986267089795e+01
1.859999992370605426e+01
1.219999994659423770e+01
3.099999993896484440e+01
3.579999984741210994e+01
1.380000001525878872e+01
2.319999986267090009e+01
3.579999984741210994e+01
2.459999986267089866e+01
3.099999993896484440e+01
2.319999986267090009e+01
4.039999978637695222e+01
1.240000001525878837e+01
3.139999987792968739e+01
1.559999995422363206e+01
2.319999986267090009e+01
2.019999989318847611e+01
5.899999990844726483e+01
3.739999981689452824e+01
1.819999998474121128e+01
1.380000001525878872e+01
3.259999990844726625e+01
2.319999986267090009e+01
3.259999990844726625e+01
3.739999981689452824e+01
2.939999996948242256e+01
3.279999987792968597e+01
1.419999995422363348e+01
2.019999989318847611e+01
3.119999990844726412e+01
2.799999996948242043e+01
2.639999999999999858e+01
1.859999992370605426e+01
2.780000000000000071e+01
2.480000003051757673e+01
3.759999978637695506e+01
4.059999975585937193e+01
2.340000003051757815e+01
3.119999990844726412e+01
2.639999999999999858e+01
2.639999999999999858e+01
2.179999986267089795e+01
2.480000003051757673e+01
2.340000003051757815e+01
2.179999986267089795e+01
2.340000003051757815e+01
2.500000000000000000e+01
2.500000000000000000e+01
2.500000000000000000e+01
2.179999986267089795e+01
2.340000003051757815e+01
2.500000000000000000e+01
2.340000003051757815e+01
2.500000000000000000e+01
2.340000003051757815e+01
2.340000003051757815e+01
2.179999986267089795e+01
2.019999989318847611e+01
2.500000000000000000e+01
2.340000003051757815e+01
2.500000000000000000e+01
2.500000000000000000e+01
2.340000003051757815e+01
2.340000003051757815e+01
2.500000000000000000e+01
2.340000003051757815e+01
2.179999986267089795e+01
2.340000003051757815e+01
2.340000003051757815e+01
2.340000003051757815e+01
1.879999989318847753e+01
2.019999989318847611e+01
2.179999986267089795e+01
2.179999986267089795e+01
2.179999986267089795e+01
2.179999986267089795e+01
2.179999986267089795e+01
2.179999986267089795e+01
2.019999989318847611e+01
2.179999986267089795e+01
2.179999986267089795e+01
2.179999986267089795e+01
2.179999986267089795e+01
2.019999989318847611e+01
2.019999989318847611e+01
2.179999986267089795e+01
2.179999986267089795e+01
2.179999986267089795e+01
2.179999986267089795e+01
2.179999986267089795e+01
2.179999986267089795e+01
2.179999986267089795e+01
2.179999986267089795e+01
2.019999989318847611e+01
2.019999989318847611e+01
2.179999986267089795e+01
2.340000003051757815e+01
2.340000003051757815e+01
2.340000003051757815e+01
2.179999986267089795e+01
2.179999986267089795e+01
2.179999986267089795e+01
2.179999986267089795e+01
2.179999986267089795e+01
2.179999986267089795e+01
2.179999986267089795e+01
2.179999986267089795e+01
2.340000003051757815e+01
2.179999986267089795e+01
2.179999986267089795e+01
2.340000003051757815e+01
2.179999986267089795e+01
2.179999986267089795e+01
2.179999986267089795e+01
2.340000003051757815e+01
2.179999986267089795e+01
2.179999986267089795e+01
2.340000003051757815e+01
2.179999986267089795e+01
2.340000003051757815e+01
2.340000003051757815e+01
2.019999989318847611e+01
2.340000003051757815e+01
2.179999986267089795e+01
2.179999986267089795e+01
2.340000003051757815e+01
2.179999986267089795e+01
2.340000003051757815e+01
2.340000003051757815e+01
2.340000003051757815e+01
2.340000003051757815e+01
2.340000003051757815e+01
2.340000003051757815e+01
2.179999986267089795e+01
2.179999986267089795e+01
2.179999986267089795e+01
2.179999986267089795e+01
2.179999986267089795e+01
2.179999986267089795e+01
2.179999986267089795e+01
2.179999986267089795e+01
2.179999986267089795e+01
2.179999986267089795e+01
2.340000003051757815e+01
2.340000003051757815e+01
2.179999986267089795e+01
2.179999986267089795e+01
2.179999986267089795e+01
2.179999986267089795e+01
2.019999989318847611e+01
2.019999989318847611e+01
2.340000003051757815e+01
2.179999986267089795e+01
2.179999986267089795e+01
2.179999986267089795e+01
2.340000003051757815e+01
2.340000003051757815e+01
