1.199999997711181621e+01
8.119999951171874386e+01
4.800000007629394716e+00
1.380000001525878872e+01
3.679999990844726909e+01
3.579999984741210994e+01
4.799999969482421847e+01
5.560000000000000142e+01
5.380000006103515631e+01
7.000000012207031830e+01
2.259999995422363384e+01
2.279999992370605355e+01
9.399999946594238764e+00
2.959999993896484227e+01
4.779999972534179875e+01
1.259999998474121163e+01
3.579999984741210994e+01
6.059999987792969023e+01
3.539999990844726341e+01
4.019999981689453250e+01
3.699999987792968881e+01
2.480000003051757673e+01
2.139999992370605497e+01
4.319999978637695648e+01
3.060000000000000142e+01
1.040000000762939436e+01
2.620000003051757886e+01
1.839999995422363455e+01
1.199999997711181621e+01
3.239999993896484654e+01
2.919999999999999929e+01
2.480000003051757673e+01
5.779999987792968597e+01
2.159999989318847824e+01
4.799999969482421847e+01
4.159999981689453108e+01
2.459999986267089866e+01
2.760000003051757744e+01
2.319999986267090009e+01
2.599999986267089724e+01
1.380000001525878872e+01
3.439999984741211136e+01
3.559999987792969023e+01
4.299999981689452966e+01
3.579999984741210994e+01
9.399999946594238764e+00
3.099999993896484440e+01
1.660000001525878943e+01
7.799999977111816030e+00
1.520000001525878908e+01
3.419999987792968454e+01
3.579999984741210994e+01
4.599999988555908637e+00
1.059999997711181585e+01
2.760000003051757744e+01
2.639999999999999858e+01
1.219999994659423770e+01
5.260000003051757744e+01
4.799999969482421847e+01
1.839999995422363455e+01
5.420000000000000284e+01
3.279999987792968597e+01
3.559999987792969023e+01
3.199999988555908281e+00
2.159999989318847824e+01
1.399999998474121021e+01
4.479999975585937477e+01
1.999999992370605639e+01
2.319999986267090009e+01
4.799999969482421847e+01
2.159999989318847824e+01
1.199999997711181621e+01
3.239999993896484654e+01
3.719999984741210852e+01
4.639999972534180017e+01
4.619999975585937335e+01
6.399999977111816563e+00
1.699999995422363241e+01
2.939999996948242256e+01
3.419999987792968454e+01
4.960000006103515346e+01
1.240000001525878837e+01
1.380000001525878872e+01
3.399999990844726483e+01
3.559999987792969023e+01
3.879999981689453392e+01
3.559999987792969023e+01
3.419999987792968454e+01
2.179999986267089795e+01
2.659999996948242185e+01
2.340000003051757815e+01
2.179999986267089795e+01
2.799999996948242043e+01
2.500000000000000000e+01
2.179999986267089795e+01
2.639999999999999858e+01
2.639999999999999858e+01
3.399999990844726483e+01
2.179999986267089795e+01
2.019999989318847611e+01
2.019999989318847611e+01
3.119999990844726412e+01
2.340000003051757815e+01
2.959999993896484227e+01
2.319999986267090009e+01
2.319999986267090009e+01
2.500000000000000000e+01
2.659999996948242185e+01
2.959999993896484227e+01
2.500000000000000000e+01
2.799999996948242043e+01
1.859999992370605426e+01
2.959999993896484227e+01
2.159999989318847824e+01
1.719999992370605568e+01
2.340000003051757815e+01
2.360000000000000142e+01
2.959999993896484227e+01
2.959999993896484227e+01
2.799999996948242043e+01
3.119999990844726412e+01
2.799999996948242043e+01
2.480000003051757673e+01
2.639999999999999858e+01
2.799999996948242043e+01
2.959999993896484227e+01
2.819999993896484369e+01
2.799999996948242043e+01
2.799999996948242043e+01
2.360000000000000142e+01
2.340000003051757815e+01
2.360000000000000142e+01
2.500000000000000000e+01
2.639999999999999858e+01
2.340000003051757815e+01
2.639999999999999858e+01
2.959999993896484227e+01
2.360000000000000142e+01
2.799999996948242043e+01
2.639999999999999858e+01
2.500000000000000000e+01
2.639999999999999858e+01
2.659999996948242185e+01
2.500000000000000000e+01
2.799999996948242043e+01
2.639999999999999858e+01
2.959999993896484227e+01
2.639999999999999858e+01
2.639999999999999858e+01
2.639999999999999858e+01
2.639999999999999858e+01
2.360000000000000142e+01
2.639999999999999858e+01
2.500000000000000000e+01
2.500000000000000000e+01
2.500000000000000000e+01
2.799999996948242043e+01
2.639999999999999858e+01
2.799999996948242043e+01
2.799999996948242043e+01
2.959999993896484227e+01
1.879999989318847753e+01
2.480000003051757673e+01
2.340000003051757815e+01
2.799999996948242043e+01
2.799999996948242043e+01
2.360000000000000142e+01
2.500000000000000000e+01
2.639999999999999858e+01
2.500000000000000000e+01
2.360000000000000142e+01
2.639999999999999858e+01
2.799999996948242043e+01
2.799999996948242043e+01
2.360000000000000142e+01
2.799999996948242043e+01
2.500000000000000000e+01
2.639999999999999858e+01
2.799999996948242043e+01
2.039999986267089938e+01
2.799999996948242043e+01
2.500000000000000000e+01
2.799999996948242043e+01
2.799999996948242043e+01
2.200000003051757957e+01
2.659999996948242185e+01
2.799999996948242043e+01
2.639999999999999858e+01
2.340000003051757815e+01
2.799999996948242043e+01
2.340000003051757815e+01
2.340000003051757815e+01
2.200000003051757957e+01
2.200000003051757957e+01
2.480000003051757673e+01
2.039999986267089938e+01
2.799999996948242043e+01
2.200000003051757957e+01
2.480000003051757673e+01
2.360000000000000142e+01
