0.000000000000000000e+00
0.000000000000000000e+00
9.800000000000000711e+00
9.699999999999999289e+00
9.500000000000000000e+00
4.229999999999999716e+01
9.529999999999999716e+01
8.950000000000000000e+01
9.779999999999999716e+01
9.979999999999999716e+01
1.000000000000000000e+02
9.909999999999999432e+01
9.940000000000000568e+01
9.540000000000000568e+01
9.970000000000000284e+01
9.970000000000000284e+01
9.979999999999999716e+01
9.959999999999999432e+01
9.970000000000000284e+01
9.970000000000000284e+01
9.970000000000000284e+01
9.970000000000000284e+01
9.970000000000000284e+01
9.970000000000000284e+01
9.970000000000000284e+01
9.979999999999999716e+01
9.970000000000000284e+01
9.970000000000000284e+01
9.970000000000000284e+01
9.970000000000000284e+01
9.970000000000000284e+01
9.979999999999999716e+01
9.970000000000000284e+01
9.970000000000000284e+01
9.979999999999999716e+01
9.979999999999999716e+01
9.979999999999999716e+01
9.979999999999999716e+01
9.979999999999999716e+01
9.979999999999999716e+01
