0.000000000000000000e+00
4.610000000000000142e+01
1.059999999999999964e+01
9.800000000000000711e+00
1.000000000000000000e+01
1.050000000000000000e+01
1.630000000000000071e+01
2.510000000000000142e+01
3.189999999999999858e+01
4.520000000000000284e+01
6.029999999999999716e+01
7.090000000000000568e+01
8.340000000000000568e+01
8.800000000000000000e+01
9.420000000000000284e+01
9.600000000000000000e+01
9.570000000000000284e+01
9.879999999999999716e+01
9.900000000000000000e+01
9.900000000000000000e+01
9.920000000000000284e+01
9.900000000000000000e+01
9.920000000000000284e+01
9.920000000000000284e+01
9.920000000000000284e+01
9.979999999999999716e+01
1.000000000000000000e+02
1.000000000000000000e+02
1.000000000000000000e+02
9.990000000000000568e+01
9.990000000000000568e+01
9.979999999999999716e+01
9.990000000000000568e+01
9.979999999999999716e+01
1.000000000000000000e+02
1.000000000000000000e+02
1.000000000000000000e+02
9.990000000000000568e+01
9.990000000000000568e+01
9.990000000000000568e+01
