0.000000000000000000e+00
1.969999999999999929e+01
1.019999999999999929e+01
9.500000000000000000e+00
9.099999999999999645e+00
9.500000000000000000e+00
1.219999999999999929e+01
1.359999999999999964e+01
1.530000000000000071e+01
2.589999999999999858e+01
4.579999999999999716e+01
4.450000000000000000e+01
5.079999999999999716e+01
7.550000000000000000e+01
8.459999999999999432e+01
8.620000000000000284e+01
9.040000000000000568e+01
9.709999999999999432e+01
9.859999999999999432e+01
9.859999999999999432e+01
9.920000000000000284e+01
9.920000000000000284e+01
9.920000000000000284e+01
9.920000000000000284e+01
9.920000000000000284e+01
9.940000000000000568e+01
9.959999999999999432e+01
9.959999999999999432e+01
9.959999999999999432e+01
9.959999999999999432e+01
9.959999999999999432e+01
9.959999999999999432e+01
9.959999999999999432e+01
9.959999999999999432e+01
9.970000000000000284e+01
9.970000000000000284e+01
9.970000000000000284e+01
9.959999999999999432e+01
9.959999999999999432e+01
9.959999999999999432e+01
