0.000000000000000000e+00
0.000000000000000000e+00
1.150000000000000000e+01
1.090000000000000036e+01
9.699999999999999289e+00
1.009999999999999964e+01
1.150000000000000000e+01
1.200000000000000000e+01
1.240000000000000036e+01
1.610000000000000142e+01
2.160000000000000142e+01
3.610000000000000142e+01
5.570000000000000284e+01
5.220000000000000284e+01
6.659999999999999432e+01
7.790000000000000568e+01
8.109999999999999432e+01
9.479999999999999716e+01
9.790000000000000568e+01
9.829999999999999716e+01
9.859999999999999432e+01
9.900000000000000000e+01
9.900000000000000000e+01
9.909999999999999432e+01
9.920000000000000284e+01
9.959999999999999432e+01
9.970000000000000284e+01
9.970000000000000284e+01
9.970000000000000284e+01
9.970000000000000284e+01
9.970000000000000284e+01
9.970000000000000284e+01
9.970000000000000284e+01
9.970000000000000284e+01
9.970000000000000284e+01
9.970000000000000284e+01
9.970000000000000284e+01
9.970000000000000284e+01
9.970000000000000284e+01
9.970000000000000284e+01
