8.699999999999999289e+00
8.900000000000000355e+00
8.000000000000000000e+00
8.699999999999999289e+00
8.099999999999999645e+00
8.699999999999999289e+00
9.920000000000000284e+01
9.990000000000000568e+01
9.970000000000000284e+01
9.959999999999999432e+01
9.990000000000000568e+01
9.990000000000000568e+01
1.000000000000000000e+02
1.000000000000000000e+02
9.979999999999999716e+01
9.979999999999999716e+01
1.000000000000000000e+02
1.000000000000000000e+02
1.000000000000000000e+02
1.000000000000000000e+02
1.000000000000000000e+02
1.000000000000000000e+02
1.000000000000000000e+02
1.000000000000000000e+02
1.000000000000000000e+02
1.000000000000000000e+02
1.000000000000000000e+02
1.000000000000000000e+02
1.000000000000000000e+02
1.000000000000000000e+02
1.000000000000000000e+02
1.000000000000000000e+02
1.000000000000000000e+02
1.000000000000000000e+02
1.000000000000000000e+02
1.000000000000000000e+02
1.000000000000000000e+02
1.000000000000000000e+02
1.000000000000000000e+02
1.000000000000000000e+02
