0.000000000000000000e+00
0.000000000000000000e+00
1.040000000000000036e+01
1.019999999999999929e+01
1.040000000000000036e+01
1.080000000000000071e+01
1.050000000000000000e+01
1.190000000000000036e+01
1.719999999999999929e+01
1.660000000000000142e+01
3.229999999999999716e+01
3.360000000000000142e+01
4.250000000000000000e+01
5.739999999999999858e+01
7.270000000000000284e+01
7.309999999999999432e+01
8.220000000000000284e+01
9.529999999999999716e+01
9.809999999999999432e+01
9.829999999999999716e+01
9.840000000000000568e+01
9.840000000000000568e+01
9.859999999999999432e+01
9.859999999999999432e+01
9.879999999999999716e+01
9.909999999999999432e+01
9.940000000000000568e+01
9.940000000000000568e+01
9.940000000000000568e+01
9.940000000000000568e+01
9.940000000000000568e+01
9.940000000000000568e+01
9.940000000000000568e+01
9.940000000000000568e+01
9.940000000000000568e+01
9.940000000000000568e+01
9.940000000000000568e+01
9.940000000000000568e+01
9.940000000000000568e+01
9.940000000000000568e+01
