0.000000000000000000e+00
0.000000000000000000e+00
1.100000000000000000e+01
1.169999999999999929e+01
1.050000000000000000e+01
1.119999999999999929e+01
1.119999999999999929e+01
1.280000000000000071e+01
1.469999999999999929e+01
3.189999999999999858e+01
3.180000000000000071e+01
4.010000000000000142e+01
5.389999999999999858e+01
6.629999999999999716e+01
7.390000000000000568e+01
8.150000000000000000e+01
8.240000000000000568e+01
9.650000000000000000e+01
9.809999999999999432e+01
9.859999999999999432e+01
9.890000000000000568e+01
9.890000000000000568e+01
9.909999999999999432e+01
9.920000000000000284e+01
9.929999999999999716e+01
9.929999999999999716e+01
9.959999999999999432e+01
9.979999999999999716e+01
9.979999999999999716e+01
9.979999999999999716e+01
9.979999999999999716e+01
9.979999999999999716e+01
9.979999999999999716e+01
9.979999999999999716e+01
9.979999999999999716e+01
9.979999999999999716e+01
9.979999999999999716e+01
9.979999999999999716e+01
9.979999999999999716e+01
9.979999999999999716e+01
