0.000000000000000000e+00
1.319999999999999929e+01
1.090000000000000036e+01
1.059999999999999964e+01
1.059999999999999964e+01
1.069999999999999929e+01
1.059999999999999964e+01
1.059999999999999964e+01
1.100000000000000000e+01
2.510000000000000142e+01
5.579999999999999716e+01
8.800000000000000000e+01
8.000000000000000000e+01
9.679999999999999716e+01
9.729999999999999716e+01
9.950000000000000000e+01
9.979999999999999716e+01
9.979999999999999716e+01
9.990000000000000568e+01
9.990000000000000568e+01
1.000000000000000000e+02
1.000000000000000000e+02
1.000000000000000000e+02
1.000000000000000000e+02
1.000000000000000000e+02
1.000000000000000000e+02
1.000000000000000000e+02
1.000000000000000000e+02
1.000000000000000000e+02
1.000000000000000000e+02
1.000000000000000000e+02
1.000000000000000000e+02
1.000000000000000000e+02
1.000000000000000000e+02
1.000000000000000000e+02
1.000000000000000000e+02
1.000000000000000000e+02
1.000000000000000000e+02
1.000000000000000000e+02
1.000000000000000000e+02
