0.000000000000000000e+00
1.519999999999999929e+01
1.069999999999999929e+01
1.069999999999999929e+01
1.069999999999999929e+01
1.100000000000000000e+01
1.069999999999999929e+01
1.080000000000000071e+01
1.080000000000000071e+01
1.140000000000000036e+01
2.180000000000000071e+01
5.539999999999999858e+01
8.470000000000000284e+01
8.000000000000000000e+01
9.709999999999999432e+01
9.590000000000000568e+01
9.740000000000000568e+01
9.870000000000000284e+01
9.829999999999999716e+01
9.940000000000000568e+01
9.990000000000000568e+01
9.990000000000000568e+01
1.000000000000000000e+02
1.000000000000000000e+02
1.000000000000000000e+02
1.000000000000000000e+02
1.000000000000000000e+02
1.000000000000000000e+02
1.000000000000000000e+02
1.000000000000000000e+02
1.000000000000000000e+02
1.000000000000000000e+02
1.000000000000000000e+02
1.000000000000000000e+02
1.000000000000000000e+02
1.000000000000000000e+02
1.000000000000000000e+02
1.000000000000000000e+02
1.000000000000000000e+02
1.000000000000000000e+02
