0.000000000000000000e+00
9.800000000000000711e+00
8.900000000000000355e+00
8.900000000000000355e+00
9.199999999999999289e+00
9.000000000000000000e+00
9.000000000000000000e+00
9.099999999999999645e+00
9.199999999999999289e+00
1.369999999999999929e+01
4.079999999999999716e+01
7.409999999999999432e+01
9.329999999999999716e+01
9.050000000000000000e+01
9.429999999999999716e+01
9.770000000000000284e+01
9.900000000000000000e+01
9.640000000000000568e+01
9.950000000000000000e+01
9.950000000000000000e+01
9.959999999999999432e+01
9.970000000000000284e+01
9.979999999999999716e+01
9.990000000000000568e+01
9.990000000000000568e+01
9.990000000000000568e+01
9.990000000000000568e+01
9.990000000000000568e+01
9.990000000000000568e+01
9.990000000000000568e+01
9.990000000000000568e+01
9.990000000000000568e+01
9.990000000000000568e+01
9.990000000000000568e+01
9.990000000000000568e+01
9.990000000000000568e+01
9.990000000000000568e+01
9.990000000000000568e+01
9.990000000000000568e+01
9.990000000000000568e+01
