0.000000000000000000e+00
9.000000000000000000e+00
9.599999999999999645e+00
9.300000000000000711e+00
9.300000000000000711e+00
2.269999999999999929e+01
1.550000000000000000e+01
9.700000000000000000e+01
1.000000000000000000e+02
9.950000000000000000e+01
9.990000000000000568e+01
9.959999999999999432e+01
9.959999999999999432e+01
9.990000000000000568e+01
9.990000000000000568e+01
1.000000000000000000e+02
9.940000000000000568e+01
9.990000000000000568e+01
1.000000000000000000e+02
1.000000000000000000e+02
1.000000000000000000e+02
1.000000000000000000e+02
1.000000000000000000e+02
1.000000000000000000e+02
1.000000000000000000e+02
1.000000000000000000e+02
1.000000000000000000e+02
1.000000000000000000e+02
1.000000000000000000e+02
1.000000000000000000e+02
1.000000000000000000e+02
1.000000000000000000e+02
1.000000000000000000e+02
1.000000000000000000e+02
1.000000000000000000e+02
1.000000000000000000e+02
1.000000000000000000e+02
1.000000000000000000e+02
1.000000000000000000e+02
1.000000000000000000e+02
