0.000000000000000000e+00
1.509999999999999964e+01
8.199999999999999289e+00
9.500000000000000000e+00
9.400000000000000355e+00
9.599999999999999645e+00
9.900000000000000355e+00
9.699999999999999289e+00
1.080000000000000071e+01
5.910000000000000142e+01
9.000000000000000000e+01
9.740000000000000568e+01
4.100000000000000000e+01
9.829999999999999716e+01
9.820000000000000284e+01
9.809999999999999432e+01
9.950000000000000000e+01
9.929999999999999716e+01
9.890000000000000568e+01
9.950000000000000000e+01
9.970000000000000284e+01
9.970000000000000284e+01
9.970000000000000284e+01
9.970000000000000284e+01
9.970000000000000284e+01
9.970000000000000284e+01
9.970000000000000284e+01
9.970000000000000284e+01
9.970000000000000284e+01
9.970000000000000284e+01
9.970000000000000284e+01
9.970000000000000284e+01
9.970000000000000284e+01
9.970000000000000284e+01
9.979999999999999716e+01
9.979999999999999716e+01
9.979999999999999716e+01
9.979999999999999716e+01
9.979999999999999716e+01
9.970000000000000284e+01
