6.696629187766086488e+01
4.494381979610142963e+01
9.370786467134283271e+01
5.146067408872454507e+01
2.157303363071398650e+01
1.415730331292313160e+01
7.191011259957645052e+01
2.494382025900851474e+01
1.573033701435903486e+00
4.224719058261828764e+01
4.067415701191077204e+01
4.359550518935985508e+01
6.876404441233431442e+01
1.865168545326489991e+01
2.022471902397241550e+01
5.752808940758865930e+01
9.213483113921091316e+00
2.179775259467992754e+01
5.146067408872454507e+01
5.797752785843410095e+01
2.494382025900851474e+01
5.438202226617362811e+01
1.842696622784218263e+01
7.348314617028397322e+01
4.224719058261828764e+01
3.146067402871806973e+00
1.573033701435903531e+01
4.988764051801702948e+01
2.966292123258783420e+01
2.314606720142150209e+01
3.573033681290873176e+01
1.865168545326489991e+01
4.719101104307710237e+00
3.258426967149370057e+01
3.910112344120325645e+01
2.359550565226694019e+01
4.831460642439595432e+01
1.573033701435903531e+01
3.730337090652979981e+01
4.044943804794483100e+01
2.022471902397241550e+01
4.719101104307710237e+00
2.943820200716511692e+01
2.337078642684422292e+01
2.179775259467992754e+01
1.550561791966470437e+01
6.089887603588318399e+01
2.786516843645760133e+01
4.202247161865234659e+01
1.573033701435903486e+00
2.966292123258783420e+01
3.438202220616715721e+01
2.494382025900851474e+01
2.786516843645760133e+01
2.966292123258783420e+01
5.325842662339800171e+01
3.573033681290873176e+01
2.494382025900851474e+01
2.022471902397241550e+01
1.235955051679289696e+01
4.202247161865234659e+01
3.887640447723731540e+01
1.550561791966470437e+01
5.280898869546611962e+01
1.707865162110060808e+01
2.943820200716511692e+01
3.550561784894279072e+01
2.314606720142150209e+01
2.651685382971603033e+01
4.988764051801702948e+01
2.629213486575008929e+01
2.786516843645760133e+01
3.730337090652979981e+01
2.808988740042354237e+01
3.101123583932940875e+01
4.516853928298093024e+01
2.022471902397241550e+01
1.707865162110060808e+01
6.561797727091928323e+01
1.258426961148722789e+01
3.280898863545964161e+01
4.831460642439595432e+01
3.573033681290873176e+01
3.573033681290873176e+01
3.573033681290873176e+01
3.101123583932940875e+01
3.730337090652979981e+01
3.573033681290873176e+01
3.887640447723731540e+01
3.415730324220121616e+01
2.943820200716511692e+01
3.573033681290873176e+01
3.101123583932940875e+01
3.258426967149370057e+01
3.101123583932940875e+01
3.101123583932940875e+01
2.786516843645760133e+01
3.258426967149370057e+01
3.101123583932940875e+01
2.966292123258783420e+01
3.101123583932940875e+01
2.471910103358579391e+01
2.337078642684422292e+01
3.101123583932940875e+01
2.471910103358579391e+01
2.494382025900851474e+01
3.101123583932940875e+01
4.202247161865234659e+01
2.966292123258783420e+01
2.943820200716511692e+01
3.101123583932940875e+01
3.123595506475212957e+01
3.101123583932940875e+01
3.280898863545964161e+01
2.471910103358579391e+01
3.415730324220121616e+01
3.101123583932940875e+01
2.494382025900851474e+01
2.943820200716511692e+01
2.629213486575008929e+01
3.573033681290873176e+01
2.314606720142150209e+01
2.629213486575008929e+01
2.314606720142150209e+01
2.786516843645760133e+01
2.629213486575008929e+01
2.022471902397241550e+01
2.786516843645760133e+01
2.786516843645760133e+01
1.707865162110060808e+01
2.786516843645760133e+01
2.786516843645760133e+01
2.471910103358579391e+01
2.943820200716511692e+01
2.786516843645760133e+01
2.179775259467992754e+01
2.629213486575008929e+01
2.629213486575008929e+01
2.314606720142150209e+01
2.943820200716511692e+01
2.943820200716511692e+01
2.629213486575008929e+01
2.786516843645760133e+01
2.786516843645760133e+01
1.887640441723084095e+01
2.921348304319917588e+01
2.943820200716511692e+01
2.494382025900851474e+01
2.629213486575008929e+01
2.943820200716511692e+01
2.179775259467992754e+01
2.629213486575008929e+01
2.157303363071398650e+01
2.179775259467992754e+01
2.471910103358579391e+01
2.786516843645760133e+01
2.179775259467992754e+01
2.000000006000647446e+01
2.314606720142150209e+01
2.022471902397241550e+01
2.629213486575008929e+01
2.000000006000647446e+01
2.337078642684422292e+01
1.842696622784218263e+01
3.258426967149370057e+01
2.629213486575008929e+01
3.258426967149370057e+01
2.786516843645760133e+01
2.179775259467992754e+01
2.629213486575008929e+01
2.471910103358579391e+01
2.494382025900851474e+01
2.786516843645760133e+01
3.101123583932940875e+01
2.179775259467992754e+01
2.786516843645760133e+01
3.415730324220121616e+01
2.629213486575008929e+01
2.000000006000647446e+01
2.000000006000647446e+01
2.022471902397241550e+01
2.471910103358579391e+01
2.629213486575008929e+01
2.314606720142150209e+01
2.786516843645760133e+01
3.101123583932940875e+01
2.022471902397241550e+01
2.629213486575008929e+01
2.314606720142150209e+01
2.337078642684422292e+01
2.629213486575008929e+01
2.786516843645760133e+01
2.314606720142150209e+01
2.786516843645760133e+01
2.314606720142150209e+01
2.314606720142150209e+01
2.629213486575008929e+01
2.471910103358579391e+01
2.471910103358579391e+01
2.943820200716511692e+01
