8.741573038851277033e+01
2.494382025900851474e+01
5.910112350120972735e+01
5.280898869546611962e+01
6.067415707191724294e+01
4.966292103113752887e+01
7.168539258978340456e+01
3.730337090652979981e+01
1.258426961148722789e+01
6.382022473624583370e+01
3.415730324220121616e+01
7.033707798304182290e+01
5.460674123013956915e+01
2.000000006000647446e+01
6.067415711049283900e+00
5.932584246517566839e+01
1.865168545326489991e+01
4.831460642439595432e+01
8.112359505985560304e+01
5.146067408872454507e+01
2.629213486575008929e+01
4.988764051801702948e+01
2.651685382971603033e+01
1.056179772066266409e+01
3.910112344120325645e+01
1.370786512353446973e+01
2.179775259467992754e+01
4.831460642439595432e+01
2.786516843645760133e+01
3.573033681290873176e+01
6.089887603588318399e+01
3.415730324220121616e+01
3.415730324220121616e+01
6.404494370021177474e+01
1.685393252640627892e+01
1.865168545326489991e+01
4.831460642439595432e+01
3.887640447723731540e+01
3.415730324220121616e+01
3.415730324220121616e+01
2.179775259467992754e+01
3.595505629978822526e+01
3.730337090652979981e+01
2.494382025900851474e+01
1.370786512353446973e+01
3.595505629978822526e+01
3.887640447723731540e+01
2.808988740042354237e+01
1.865168545326489991e+01
2.943820200716511692e+01
1.078651681535699325e+01
2.629213486575008929e+01
4.831460642439595432e+01
2.000000006000647446e+01
4.674157285368844583e+01
4.494382009613380191e+00
1.550561791966470437e+01
4.988764051801702948e+01
2.314606720142150209e+01
3.258426967149370057e+01
3.438202220616715721e+01
6.067415711049283900e+00
2.000000006000647446e+01
3.123595506475212957e+01
7.640449412485186720e+00
3.258426967149370057e+01
3.415730324220121616e+01
1.707865162110060808e+01
2.966292123258783420e+01
2.808988740042354237e+01
2.022471902397241550e+01
2.022471902397241550e+01
4.674157285368844583e+01
2.022471902397241550e+01
1.078651681535699325e+01
3.415730324220121616e+01
2.471910103358579391e+01
2.292134823745556105e+01
6.876404441233431442e+01
2.179775259467992754e+01
2.337078642684422292e+01
4.359550518935985508e+01
3.123595506475212957e+01
2.314606720142150209e+01
1.550561791966470437e+01
2.022471902397241550e+01
2.179775259467992754e+01
1.550561791966470437e+01
1.707865162110060808e+01
2.179775259467992754e+01
1.550561791966470437e+01
2.022471902397241550e+01
1.865168545326489991e+01
1.393258421822880067e+01
2.337078642684422292e+01
1.707865162110060808e+01
1.550561791966470437e+01
2.179775259467992754e+01
1.865168545326489991e+01
1.550561791966470437e+01
2.494382025900851474e+01
1.707865162110060808e+01
1.707865162110060808e+01
2.179775259467992754e+01
2.022471902397241550e+01
1.393258421822880067e+01
2.022471902397241550e+01
2.022471902397241550e+01
1.393258421822880067e+01
1.865168545326489991e+01
2.337078642684422292e+01
1.865168545326489991e+01
1.707865162110060808e+01
1.707865162110060808e+01
1.550561791966470437e+01
2.022471902397241550e+01
2.179775259467992754e+01
1.550561791966470437e+01
1.707865162110060808e+01
1.865168545326489991e+01
1.393258421822880067e+01
2.022471902397241550e+01
2.179775259467992754e+01
1.393258421822880067e+01
1.707865162110060808e+01
1.707865162110060808e+01
1.550561791966470437e+01
1.865168545326489991e+01
1.707865162110060808e+01
1.550561791966470437e+01
1.865168545326489991e+01
2.022471902397241550e+01
1.393258421822880067e+01
1.865168545326489991e+01
2.022471902397241550e+01
1.393258421822880067e+01
1.865168545326489991e+01
1.865168545326489991e+01
1.393258421822880067e+01
1.865168545326489991e+01
1.707865162110060808e+01
1.550561791966470437e+01
1.865168545326489991e+01
1.707865162110060808e+01
1.550561791966470437e+01
1.707865162110060808e+01
1.865168545326489991e+01
1.550561791966470437e+01
1.707865162110060808e+01
1.707865162110060808e+01
1.393258421822880067e+01
1.707865162110060808e+01
1.865168545326489991e+01
1.550561791966470437e+01
1.865168545326489991e+01
1.707865162110060808e+01
1.393258421822880067e+01
1.707865162110060808e+01
1.707865162110060808e+01
1.393258421822880067e+01
1.865168545326489991e+01
1.707865162110060808e+01
1.393258421822880067e+01
1.865168545326489991e+01
1.865168545326489991e+01
1.393258421822880067e+01
2.022471902397241550e+01
1.707865162110060808e+01
1.235955051679289696e+01
1.707865162110060808e+01
1.707865162110060808e+01
1.393258421822880067e+01
2.179775259467992754e+01
1.707865162110060808e+01
1.235955051679289696e+01
1.707865162110060808e+01
1.707865162110060808e+01
1.393258421822880067e+01
1.707865162110060808e+01
1.707865162110060808e+01
1.393258421822880067e+01
2.157303363071398650e+01
1.707865162110060808e+01
1.393258421822880067e+01
1.707865162110060808e+01
1.707865162110060808e+01
1.550561791966470437e+01
2.022471902397241550e+01
1.707865162110060808e+01
1.393258421822880067e+01
2.179775259467992754e+01
1.707865162110060808e+01
1.393258421822880067e+01
1.707865162110060808e+01
1.707865162110060808e+01
1.393258421822880067e+01
1.707865162110060808e+01
1.707865162110060808e+01
1.393258421822880067e+01
1.865168545326489991e+01
