1.704545451077547824e+01
2.795454531582918989e+01
2.204545444141734833e+01
5.090909070101650968e+01
4.954545433738014992e+01
2.795454531582918989e+01
3.090909087441184155e+01
2.159090902155096003e+01
5.636363629427822985e+01
3.272727265791459672e+01
1.545454543720592078e+01
3.454545468417080656e+01
3.113636370572177015e+01
3.727272741144354029e+01
5.931818161010742330e+01
4.840909104780717342e+01
3.113636370572177015e+01
3.750000000000000000e+01
3.431818161010742330e+01
3.590909104780717342e+01
2.159090902155096003e+01
3.886363636363636687e+01
3.431818161010742330e+01
5.477272734208540328e+01
3.250000006935812991e+01
2.340909080505371165e+01
3.931818154074928628e+01
3.136363629427822985e+01
1.568181814713911493e+01
2.772727272727272663e+01
2.818181814713911493e+01
3.181818177483298538e+00
1.522727272727272663e+01
1.386363636363636331e+01
1.568181814713911493e+01
2.636363636363636331e+01
5.454545426802202002e+01
2.159090902155096003e+01
4.227272734208540328e+01
9.090909082239324590e+00
1.704545451077547824e+01
4.363636370572177015e+01
4.659090902155095648e+01
4.704545468417080656e+01
1.704545451077547824e+01
2.022727265791459672e+01
3.909090895219282658e+01
3.750000000000000000e+01
3.136363629427822985e+01
6.363636377507990005e+01
4.681818161010742330e+01
2.477272716869007496e+01
4.068181790438565315e+01
2.795454531582918989e+01
3.431818161010742330e+01
1.545454543720592078e+01
2.795454531582918989e+01
1.522727272727272663e+01
1.749999993064186654e+01
2.636363636363636331e+01
2.636363636363636331e+01
2.477272716869007496e+01
4.818181797374378306e+01
2.954545451077547824e+01
1.863636370572177015e+01
2.659090895219282658e+01
4.659090902155095648e+01
2.772727272727272663e+01
3.272727265791459672e+01
2.181818185286088507e+01
2.818181814713911493e+01
3.272727265791459672e+01
2.659090895219282658e+01
1.863636370572177015e+01
1.363636365370316916e+01
3.181818177483298538e+00
2.136363643299449677e+01
5.431818167946555320e+01
3.136363629427822985e+01
3.113636370572177015e+01
2.613636353232643827e+01
1.068181821649724839e+01
3.250000006935812991e+01
2.795454531582918989e+01
2.500000000000000000e+01
3.250000006935812991e+01
2.818181814713911493e+01
3.090909087441184155e+01
3.136363629427822985e+01
2.340909080505371165e+01
2.977272734208540328e+01
2.659090895219282658e+01
2.659090895219282658e+01
2.818181814713911493e+01
2.954545451077547824e+01
2.818181814713911493e+01
2.500000000000000000e+01
2.204545444141734833e+01
2.818181814713911493e+01
2.500000000000000000e+01
2.659090895219282658e+01
2.977272734208540328e+01
2.659090895219282658e+01
2.977272734208540328e+01
2.500000000000000000e+01
2.659090895219282658e+01
2.659090895219282658e+01
2.500000000000000000e+01
2.500000000000000000e+01
2.500000000000000000e+01
2.340909080505371165e+01
2.340909080505371165e+01
2.795454531582918989e+01
2.500000000000000000e+01
2.795454531582918989e+01
2.500000000000000000e+01
2.500000000000000000e+01
2.340909080505371165e+01
2.500000000000000000e+01
2.340909080505371165e+01
2.500000000000000000e+01
2.659090895219282658e+01
2.500000000000000000e+01
2.500000000000000000e+01
2.500000000000000000e+01
2.500000000000000000e+01
2.340909080505371165e+01
2.954545451077547824e+01
2.795454531582918989e+01
2.500000000000000000e+01
2.954545451077547824e+01
2.500000000000000000e+01
2.659090895219282658e+01
2.500000000000000000e+01
2.500000000000000000e+01
2.500000000000000000e+01
2.659090895219282658e+01
2.659090895219282658e+01
2.931818167946555320e+01
2.500000000000000000e+01
2.500000000000000000e+01
2.659090895219282658e+01
2.659090895219282658e+01
2.659090895219282658e+01
2.795454531582918989e+01
2.795454531582918989e+01
2.931818167946555320e+01
2.659090895219282658e+01
2.795454531582918989e+01
2.954545451077547824e+01
2.500000000000000000e+01
2.500000000000000000e+01
2.500000000000000000e+01
2.636363636363636331e+01
2.500000000000000000e+01
2.636363636363636331e+01
2.636363636363636331e+01
3.113636370572177015e+01
2.500000000000000000e+01
2.500000000000000000e+01
2.500000000000000000e+01
2.500000000000000000e+01
2.500000000000000000e+01
2.977272734208540328e+01
2.500000000000000000e+01
2.795454531582918989e+01
2.659090895219282658e+01
2.500000000000000000e+01
2.659090895219282658e+01
2.500000000000000000e+01
2.977272734208540328e+01
2.659090895219282658e+01
2.500000000000000000e+01
3.113636370572177015e+01
2.500000000000000000e+01
2.659090895219282658e+01
2.500000000000000000e+01
2.500000000000000000e+01
2.659090895219282658e+01
2.500000000000000000e+01
2.659090895219282658e+01
2.659090895219282658e+01
2.500000000000000000e+01
2.500000000000000000e+01
2.500000000000000000e+01
2.500000000000000000e+01
2.818181814713911493e+01
2.818181814713911493e+01
2.977272734208540328e+01
2.659090895219282658e+01
3.113636370572177015e+01
2.977272734208540328e+01
3.136363629427822985e+01
2.659090895219282658e+01
2.500000000000000000e+01
2.818181814713911493e+01
2.818181814713911493e+01
2.818181814713911493e+01
2.818181814713911493e+01
2.659090895219282658e+01
