3.721973101012910234e+01
6.233183839395976378e+01
4.820627792426823532e+01
3.273542597475607607e+01
3.587443953030847155e+01
1.098654704671269577e+01
3.295964127271165012e+01
2.511210764897778347e+01
3.452914805048784075e+01
1.883408080302011811e+01
2.511210764897778347e+01
1.255605382448889173e+01
1.255605382448889173e+01
2.354260087120158929e+01
4.843049322222380226e+01
1.412556060226508770e+01
3.766816160604023622e+01
1.255605382448889173e+01
3.766816160604023622e+01
2.354260087120158929e+01
2.174887906061694309e+01
1.726457402524392037e+01
1.569506724746772441e+01
2.488789235102221653e+01
2.825112120453017539e+01
7.847533623733862207e+00
4.237668140907458536e+01
2.354260087120158929e+01
7.847533623733862207e+00
3.609865482826403849e+01
7.847533623733862207e+00
1.569506724746772441e+01
1.098654704671269577e+01
2.982062771715925464e+01
2.354260087120158929e+01
3.139013449493544883e+01
2.645739912879841071e+01
1.726457402524392037e+01
3.452914805048784075e+01
1.726457402524392037e+01
2.354260087120158929e+01
3.766816160604023622e+01
1.255605382448889173e+01
2.040358758079631585e+01
2.017937228284074536e+01
1.569506724746772441e+01
2.668161442675398121e+01
2.982062771715925464e+01
1.434977576764709717e+01
1.726457402524392037e+01
3.295964127271165012e+01
4.843049322222380226e+01
9.417040401510059056e+00
3.295964127271165012e+01
2.825112120453017539e+01
3.587443953030847155e+01
7.847533623733862207e+00
2.982062771715925464e+01
2.197309409342539155e+01
1.883408080302011811e+01
3.609865482826403849e+01
2.354260087120158929e+01
1.569506724746772441e+01
1.098654704671269577e+01
1.569506724746772441e+01
2.511210764897778347e+01
2.668161442675398121e+01
2.197309409342539155e+01
2.354260087120158929e+01
1.098654704671269577e+01
3.295964127271165012e+01
1.255605382448889173e+01
7.847533623733862207e+00
7.847533623733862207e+00
1.883408080302011811e+01
1.726457402524392037e+01
2.825112120453017539e+01
2.825112120453017539e+01
2.668161442675398121e+01
9.417040401510059056e+00
2.017937228284074536e+01
1.412556060226508770e+01
1.883408080302011811e+01
2.040358758079631585e+01
2.040358758079631585e+01
2.040358758079631585e+01
2.040358758079631585e+01
1.883408080302011811e+01
2.040358758079631585e+01
2.040358758079631585e+01
2.040358758079631585e+01
2.040358758079631585e+01
2.354260087120158929e+01
2.040358758079631585e+01
2.040358758079631585e+01
2.040358758079631585e+01
1.883408080302011811e+01
2.197309409342539155e+01
2.040358758079631585e+01
2.040358758079631585e+01
2.040358758079631585e+01
2.040358758079631585e+01
2.040358758079631585e+01
2.040358758079631585e+01
2.040358758079631585e+01
2.040358758079631585e+01
2.040358758079631585e+01
2.197309409342539155e+01
2.197309409342539155e+01
2.040358758079631585e+01
2.040358758079631585e+01
2.354260087120158929e+01
1.905829610097568505e+01
1.883408080302011811e+01
2.040358758079631585e+01
2.354260087120158929e+01
2.040358758079631585e+01
2.040358758079631585e+01
2.040358758079631585e+01
1.883408080302011811e+01
2.354260087120158929e+01
2.040358758079631585e+01
2.197309409342539155e+01
2.040358758079631585e+01
2.040358758079631585e+01
2.040358758079631585e+01
2.040358758079631585e+01
2.040358758079631585e+01
2.040358758079631585e+01
2.040358758079631585e+01
2.040358758079631585e+01
2.040358758079631585e+01
1.883408080302011811e+01
1.726457402524392037e+01
2.040358758079631585e+01
1.883408080302011811e+01
1.883408080302011811e+01
1.883408080302011811e+01
2.040358758079631585e+01
2.040358758079631585e+01
2.040358758079631585e+01
2.040358758079631585e+01
2.040358758079631585e+01
1.883408080302011811e+01
2.040358758079631585e+01
2.040358758079631585e+01
2.040358758079631585e+01
2.040358758079631585e+01
1.726457402524392037e+01
1.905829610097568505e+01
2.040358758079631585e+01
2.040358758079631585e+01
2.040358758079631585e+01
2.040358758079631585e+01
2.040358758079631585e+01
2.040358758079631585e+01
2.040358758079631585e+01
2.040358758079631585e+01
2.040358758079631585e+01
2.040358758079631585e+01
2.040358758079631585e+01
2.040358758079631585e+01
2.040358758079631585e+01
2.040358758079631585e+01
2.040358758079631585e+01
2.040358758079631585e+01
2.040358758079631585e+01
2.040358758079631585e+01
2.040358758079631585e+01
2.040358758079631585e+01
2.040358758079631585e+01
2.040358758079631585e+01
2.040358758079631585e+01
2.040358758079631585e+01
2.040358758079631585e+01
2.040358758079631585e+01
2.040358758079631585e+01
1.726457402524392037e+01
2.040358758079631585e+01
2.040358758079631585e+01
2.040358758079631585e+01
2.040358758079631585e+01
1.883408080302011811e+01
2.040358758079631585e+01
2.040358758079631585e+01
2.040358758079631585e+01
2.040358758079631585e+01
1.883408080302011811e+01
2.040358758079631585e+01
2.040358758079631585e+01
2.040358758079631585e+01
2.040358758079631585e+01
2.040358758079631585e+01
2.040358758079631585e+01
2.040358758079631585e+01
2.040358758079631585e+01
2.040358758079631585e+01
2.040358758079631585e+01
2.040358758079631585e+01
2.040358758079631585e+01
