0.000000000000000000e+00
1.399999994277954185e+00
5.999999999999999778e-01
3.000000007629394450e+00
7.200000007629394183e+00
2.000000007629394450e+00
4.139999999999999858e+01
1.479999995422363313e+01
1.659999989318847824e+01
1.119999994659423770e+01
6.399999946594237876e+00
1.000000000000000000e+00
0.000000000000000000e+00
3.800000007629394716e+00
4.599999994277953697e+00
2.000000000000000111e-01
8.000000000000000444e-01
1.600000000000000089e+00
1.399999999999999911e+00
3.000000007629394450e+00
5.400000007629394361e+00
4.399999988555908459e+00
3.800000007629394716e+00
3.599999977111816296e+00
2.600000007629394538e+00
1.599999994277954141e+00
1.019999992370605391e+01
8.000000000000000444e-01
7.800000015258788721e+00
5.199999988555908281e+00
6.999999954223632415e+00
2.980000003051757673e+01
1.060000000762939365e+01
3.399999999999999911e+00
3.799999994277954318e+00
5.599999946594238054e+00
4.999999988555908104e+00
4.000000007629394894e+00
8.999999984741210213e+00
4.319999984741210852e+01
5.400000007629394361e+00
1.399999994277954185e+00
6.999999988555908104e+00
3.600000007629394538e+00
1.119999992370605391e+01
3.200000000000000178e+00
5.199999994277954229e+00
9.599999977111815852e+00
8.200000015258789077e+00
4.999999988555908104e+00
7.199999977111816385e+00
6.999999946594238409e+00
9.399999977111816563e+00
9.599999977111815852e+00
3.819999984741210852e+01
1.399999999999999911e+00
7.400000007629394361e+00
4.399999977111816563e+00
8.200000007629395071e+00
1.140000000762939436e+01
5.599999999999999645e+00
1.279999986267089795e+01
1.079999994659423912e+01
8.599999977111815852e+00
5.999999977111816207e+00
8.400000000000000355e+00
5.799999999999999822e+00
1.259999989318847646e+01
1.159999994659423805e+01
6.199999988555908281e+00
1.159999998474121163e+01
6.400000007629394361e+00
8.399999994277953519e+00
2.399999994277953963e+00
2.999999988555908104e+00
6.599999994277953697e+00
2.600000003051757957e+01
9.999999984741210213e+00
1.019999997711181727e+01
7.999999984741211101e+00
5.599999988555908637e+00
6.399999988555908459e+00
8.399999984741210568e+00
9.000000015258789787e+00
8.199999977111817273e+00
8.999999946594238409e+00
9.199999946594237699e+00
8.999999977111816207e+00
9.599999977111815852e+00
8.599999994277954585e+00
9.399999977111816563e+00
8.200000007629395071e+00
8.999999946594238409e+00
8.600000007629393650e+00
8.799999977111816918e+00
9.799999977111816918e+00
1.019999992370605391e+01
9.199999984741211279e+00
1.000000000762939401e+01
1.040000001525878837e+01
1.100000001525878979e+01
8.999999977111816207e+00
7.999999946594238409e+00
1.019999995422363348e+01
9.600000015258789432e+00
1.019999994659423770e+01
1.079999999427795387e+01
1.039999997711181656e+01
1.059999998474121163e+01
1.179999998474121092e+01
1.439999998474121057e+01
2.079999998474121270e+01
1.679999995422363313e+01
1.839999989318847540e+01
1.599999992370605462e+01
1.959999994659423805e+01
2.339999999999999858e+01
2.459999996948242185e+01
2.260000000000000142e+01
2.519999986267090009e+01
2.739999984741210781e+01
3.159999987792968668e+01
3.959999969482421989e+01
3.479999993896484511e+01
3.019999981689453250e+01
3.219999990844726767e+01
3.399999975585937761e+01
3.159999993896484227e+01
3.019999993896484369e+01
3.099999981689452966e+01
3.299999975585937761e+01
3.219999990844726767e+01
3.279999984741210994e+01
3.099999978637695364e+01
2.979999996948242114e+01
2.739999996948242256e+01
3.060000000000000142e+01
3.279999978637695079e+01
3.339999993896484654e+01
3.200000000000000000e+01
3.479999978637695079e+01
3.079999978637695435e+01
3.399999990844726483e+01
3.399999990844726483e+01
3.339999978637695222e+01
3.219999981689453250e+01
3.280000006103515631e+01
3.639999990844726341e+01
3.479999987792968597e+01
3.419999972534179733e+01
3.159999981689453108e+01
3.500000000000000000e+01
3.499999975585937761e+01
3.399999987792968881e+01
3.340000006103515773e+01
3.419999975585937335e+01
3.239999978637695222e+01
3.379999986267090151e+01
3.679999975585937477e+01
3.760000006103515346e+01
3.560000006103515346e+01
3.639999984741211136e+01
3.520000003051757886e+01
3.539999996948242256e+01
3.680000003051758029e+01
3.419999984741210852e+01
3.459999978637695506e+01
3.599999972534179449e+01
3.279999990844726909e+01
3.619999972534179733e+01
3.439999990844726341e+01
3.659999969482421989e+01
3.679999972534179875e+01
3.499999981689452966e+01
3.639999990844726341e+01
3.779999990844726909e+01
3.619999981689453250e+01
3.759999978637695506e+01
3.799999990844726483e+01
3.779999975585937477e+01
3.799999996948242398e+01
3.699999972534179449e+01
3.759999996948242540e+01
3.899999990844726483e+01
3.919999984741210852e+01
3.859999984741210710e+01
3.779999987792968597e+01
3.819999987792968454e+01
3.699999981689452966e+01
3.960000003051757744e+01
3.999999978637695364e+01
3.779999975585937477e+01
3.939999975585937619e+01
3.799999981689452966e+01
3.860000003051757744e+01
3.839999984741211136e+01
3.919999981689453250e+01
3.860000003051757744e+01
3.819999990844726767e+01
3.959999969482421989e+01
