3.199999994277954229e+00
2.000000000000000111e-01
0.000000000000000000e+00
8.000000000000000444e-01
1.539999998474121057e+01
3.739999981689452824e+01
1.879999986267089795e+01
4.499999972534179449e+01
6.200000007629394183e+00
1.199999994277954007e+00
3.719999972534179733e+01
2.799999994277954318e+00
3.599999946594238498e+00
7.400000007629394361e+00
1.799999994277954096e+00
2.599999988555908192e+00
5.999999999999999778e-01
2.000000000000000111e-01
8.400000015258788366e+00
3.799999988555908370e+00
3.800000007629394716e+00
6.399999988555908459e+00
1.020000001525878908e+01
5.999999999999999778e-01
5.200000007629394183e+00
1.599999994277954141e+00
4.799999994277953874e+00
1.239999992370605497e+01
3.439999984741211136e+01
5.999999977111816207e+00
9.199999994277954229e+00
2.719999999999999929e+01
5.799999988555907926e+00
8.799999984741210923e+00
5.599999999999999645e+00
1.019999995422363348e+01
2.399999994277953963e+00
9.999999977111816207e+00
1.799999994277954096e+00
6.999999988555908104e+00
1.699999989318847682e+01
8.999999946594238409e+00
1.639999994659423876e+01
8.200000015258789077e+00
1.459999986267089866e+01
6.199999977111816385e+00
5.599999988555908637e+00
8.999999954223632415e+00
6.200000007629394183e+00
1.099999994659423841e+01
6.599999988555908637e+00
7.999999954223632415e+00
9.800000007629394716e+00
9.999999984741210213e+00
1.019999997711181727e+01
8.000000015258789787e+00
4.999999994277954052e+00
3.200000007629394627e+00
1.139999998474121057e+01
6.999999988555908104e+00
7.799999988555907926e+00
3.519999978637695648e+01
1.340000001525878837e+01
1.859999989318847824e+01
1.219999997711181727e+01
9.599999984741211634e+00
5.999999988555908104e+00
1.259999994659423805e+01
3.059999996948242185e+01
6.000000015258788899e+00
8.799999988555908814e+00
4.799999988555907926e+00
2.000000000000000000e+00
6.199999988555908281e+00
9.599999946594238054e+00
6.999999988555908104e+00
1.039999994659423876e+01
9.599999984741211634e+00
7.600000007629394538e+00
7.799999946594238232e+00
1.060000001525878943e+01
7.400000007629394361e+00
9.799999946594239120e+00
1.159999998474121163e+01
1.040000001525878837e+01
1.179999989318847575e+01
1.179999994659423912e+01
1.159999997711181585e+01
1.179999994659423912e+01
1.219999989318847611e+01
1.179999998474121092e+01
1.160000001525878943e+01
1.199999994659423841e+01
1.120000001525878908e+01
1.259999989318847646e+01
1.320000001525878908e+01
1.179999994659423912e+01
1.419999998474121128e+01
1.199999992370605462e+01
1.100000000762939401e+01
1.100000001525878979e+01
1.259999986267089866e+01
1.279999998855590881e+01
1.299999992370605462e+01
1.219999997711181727e+01
1.259999992370605426e+01
1.160000001525878943e+01
1.260000003051757744e+01
1.159999994659423805e+01
1.319999986267089831e+01
1.379999989318847575e+01
1.339999998474121057e+01
1.480000001525878872e+01
1.639999986267089938e+01
1.700000003051757957e+01
2.260000003051757744e+01
2.139999998474121057e+01
2.340000003051757815e+01
2.239999984741210781e+01
2.019999989318847611e+01
2.159999992370605426e+01
2.479999986267089795e+01
2.299999996948242043e+01
3.060000000000000142e+01
3.999999981689452966e+01
3.959999978637695506e+01
3.599999975585937761e+01
3.259999987792969023e+01
3.119999987792968810e+01
3.199999969482421847e+01
3.299999981689452966e+01
3.199999987792968881e+01
2.979999993896484511e+01
3.200000000000000000e+01
2.999999969482421847e+01
3.119999996948242327e+01
2.879999986267089795e+01
3.119999987792968810e+01
2.940000003051757815e+01
3.080000006103515631e+01
3.099999978637695364e+01
3.159999987792968668e+01
3.179999984741210994e+01
3.239999981689452824e+01
3.339999990844726341e+01
3.399999975585937761e+01
3.059999981689453108e+01
3.239999992370605497e+01
3.099999981689452966e+01
3.179999987792968597e+01
3.199999972534179804e+01
3.299999981689452966e+01
3.459999990844726625e+01
2.960000000000000142e+01
3.359999993896484227e+01
3.319999975585937335e+01
3.259999975585937193e+01
3.359999996948242540e+01
3.379999984741210994e+01
3.279999999999999716e+01
3.380000006103515631e+01
3.559999990844726625e+01
3.399999975585937761e+01
3.579999975585937477e+01
3.539999975585937619e+01
3.219999993896484369e+01
3.099999981689452966e+01
3.519999975585937335e+01
3.419999996948241971e+01
3.499999972534179449e+01
3.359999975585937193e+01
3.439999996948242256e+01
3.419999981689453250e+01
3.299999978637695364e+01
3.640000003051757460e+01
3.539999984741211136e+01
3.319999978637695648e+01
3.419999984741210852e+01
3.499999993896484085e+01
3.499999987792968881e+01
3.479999987792968597e+01
3.500000003051757602e+01
3.699999990844726483e+01
3.699999975585937761e+01
3.379999987792968597e+01
3.459999987792969023e+01
3.559999987792969023e+01
3.539999978637695222e+01
3.739999984741211136e+01
3.499999984741211279e+01
3.619999984741210852e+01
3.619999978637695648e+01
3.699999981689452966e+01
3.560000003051757744e+01
3.500000003051757602e+01
3.279999987792968597e+01
3.679999987792968597e+01
3.600000006103515915e+01
3.620000006103515489e+01
3.779999978637695079e+01
