6.159999975585937193e+01
1.199999988555908281e+00
1.079999998855590881e+01
5.799999977111816030e+00
2.000000000000000111e-01
2.000000000000000111e-01
4.000000000000000222e-01
0.000000000000000000e+00
5.399999988555908459e+00
5.999999999999999778e-01
8.399999946594238764e+00
2.799999993896484440e+01
6.600000015258789432e+00
4.599999977111816740e+00
1.199999999999999956e+00
4.599999999999999645e+00
2.059999998474120986e+01
1.280000001525878872e+01
3.599999994277954141e+00
1.879999992370605355e+01
5.000000000000000000e+00
7.799999988555907926e+00
4.800000007629394716e+00
7.000000000000000000e+00
1.179999997711181692e+01
5.399999977111816563e+00
5.599999977111816740e+00
2.639999999999999858e+01
6.999999988555908104e+00
1.040000001525878837e+01
8.199999988555907393e+00
4.999999988555908104e+00
3.419999978637695648e+01
6.400000015258789254e+00
1.199999994277954007e+00
7.599999988555908637e+00
3.999999994277954052e+00
8.199999954223633480e+00
9.599999984741211634e+00
3.599999977111816296e+00
9.199999946594237699e+00
1.000000001525878979e+01
1.359999995422363206e+01
1.060000001525878943e+01
6.619999975585938046e+01
1.480000000762939472e+01
8.999999977111816207e+00
1.199999989318847682e+01
7.000000015258788899e+00
4.399999994277954407e+00
9.599999984741211634e+00
1.039999998474121057e+01
9.599999977111815852e+00
9.999999977111816207e+00
1.300000001525878979e+01
7.799999946594238232e+00
1.200000001525878979e+01
5.199999988555908281e+00
5.199999977111816385e+00
7.399999977111816563e+00
4.799999988555907926e+00
9.599999977111815852e+00
1.800000000000000044e+00
6.799999946594238232e+00
1.179999989318847575e+01
8.399999977111816563e+00
7.599999977111816740e+00
1.080000001525878872e+01
2.499999978637695364e+01
1.159999998474121163e+01
8.000000015258789787e+00
1.179999994659423912e+01
1.359999994659423805e+01
6.599999988555908637e+00
3.999999977111816207e+00
7.799999988555907926e+00
9.600000007629393650e+00
1.600000000000000089e+00
1.019999998855590739e+01
1.059999995422363206e+01
8.799999946594239120e+00
6.400000000000000355e+00
1.040000001525878837e+01
8.399999946594238764e+00
1.079999997711181692e+01
9.799999954223633125e+00
9.799999988555908814e+00
9.399999946594238764e+00
1.079999997711181692e+01
9.199999946594237699e+00
1.120000000762939507e+01
9.799999977111816918e+00
9.999999923706054616e+00
8.800000007629394716e+00
9.000000015258789787e+00
1.019999995422363348e+01
1.219999994659423770e+01
9.799999977111816918e+00
8.400000015258788366e+00
9.599999988555907748e+00
1.039999995422363277e+01
1.099999998474121021e+01
1.139999998855590846e+01
1.020000001525878908e+01
1.099999995422363241e+01
1.159999997711181585e+01
1.059999997711181585e+01
1.140000000762939436e+01
1.139999994659423876e+01
1.139999998474121057e+01
1.099999999427795494e+01
1.199999994659423841e+01
1.219999994659423770e+01
1.539999998474121057e+01
1.519999998474121128e+01
1.699999989318847682e+01
2.179999992370605355e+01
1.839999998474121057e+01
2.019999989318847611e+01
2.079999989318847753e+01
3.199999978637695364e+01
2.779999986267089795e+01
2.999999986267089724e+01
3.739999969482421704e+01
4.099999981689452966e+01
3.779999975585937477e+01
3.279999984741210994e+01
2.899999981689452966e+01
3.279999990844726909e+01
3.039999981689453179e+01
2.979999996948242114e+01
2.959999986267089866e+01
3.300000003051757602e+01
2.679999981689453037e+01
3.159999978637695150e+01
3.259999978637695506e+01
3.139999986267089938e+01
3.080000003051757673e+01
3.179999996948242114e+01
3.359999975585937193e+01
3.019999989318847611e+01
3.239999993896484654e+01
3.359999993896484227e+01
3.299999987792968881e+01
2.939999978637695222e+01
3.059999987792968668e+01
3.420000000000000284e+01
3.259999998474120986e+01
3.399999996948242398e+01
3.359999972534179591e+01
3.300000003051757602e+01
3.139999975585937619e+01
3.319999990844726767e+01
3.479999987792968597e+01
3.219999978637695648e+01
3.200000000000000000e+01
3.419999972534179733e+01
3.599999996948242398e+01
3.439999981689452824e+01
3.400000006103515915e+01
3.400000000000000000e+01
3.659999981689453108e+01
3.219999975585937335e+01
3.359999984741210710e+01
3.539999978637695222e+01
3.440000003051757460e+01
3.499999978637695364e+01
3.619999972534179733e+01
3.599999975585937761e+01
3.479999989318847753e+01
3.100000006103515560e+01
3.199999993896484440e+01
3.259999981689453108e+01
3.539999975585937619e+01
3.279999984741210994e+01
3.379999984741210994e+01
3.660000003051757744e+01
4.199999990844726483e+01
3.459999993896484227e+01
3.479999978637695079e+01
3.499999981689452966e+01
3.619999990844726767e+01
3.519999975585937335e+01
3.539999987792968739e+01
3.599999981689452966e+01
3.680000003051758029e+01
3.599999990844726483e+01
3.719999990844726767e+01
3.679999972534179875e+01
3.719999978637695648e+01
3.519999990844726767e+01
3.739999987792968739e+01
3.639999981689452824e+01
3.839999981689452824e+01
3.639999978637695222e+01
3.759999993896484227e+01
3.659999978637695506e+01
3.759999987792969023e+01
3.799999981689452966e+01
3.639999993896484654e+01
