5.999999988555908104e+00
0.000000000000000000e+00
3.060000006103515702e+01
2.000000000000000111e-01
5.999999999999999778e-01
2.000000000000000111e-01
9.999999942779540518e-01
5.000000000000000000e+00
4.000000000000000222e-01
2.999999989318847682e+01
1.380000001525878872e+01
2.600000007629394538e+00
2.600000000000000089e+00
5.399999988555908459e+00
7.600000007629394538e+00
7.399999946594237876e+00
6.799999988555907926e+00
1.619999995422363170e+01
8.999999994277954940e+00
4.200000007629394183e+00
4.000000007629394894e+00
6.999999977111816207e+00
6.399999988555908459e+00
2.200000000000000178e+00
9.999999942779540518e-01
8.000000007629394005e+00
3.199999988555908281e+00
1.679999994659423734e+01
7.199999977111816385e+00
9.199999954223633480e+00
2.819999984741210852e+01
6.800000007629394716e+00
8.999999946594238409e+00
1.799999994277954096e+00
1.379999998474121092e+01
1.479999992370605533e+01
5.560000000000000142e+01
3.519999984741210852e+01
7.599999946594238054e+00
8.399999977111816563e+00
1.860000000000000142e+01
8.199999954223633480e+00
1.819999999999999929e+01
9.800000007629394716e+00
3.499999975585937761e+01
1.199999997711181621e+01
9.199999923706053906e+00
1.019999994659423770e+01
6.999999984741211101e+00
3.799999999999999822e+00
3.879999987792968597e+01
4.119999984741210852e+01
3.999999988555908104e+00
9.400000015258788366e+00
5.199999977111816385e+00
5.199999977111816385e+00
3.559999969482421989e+01
8.000000015258789787e+00
3.179999993896484511e+01
9.399999946594238764e+00
2.239999989318847540e+01
1.799999994277954096e+00
1.140000001525878837e+01
1.439999995422363277e+01
8.999999988555908104e+00
3.919999969482422131e+01
1.239999989318847717e+01
6.599999994277953697e+00
1.020000001525878908e+01
1.139999998474121057e+01
8.399999977111816563e+00
7.200000015258789077e+00
1.019999997711181727e+01
6.799999988555907926e+00
8.799999946594239120e+00
1.240000001525878837e+01
9.199999988555907393e+00
9.199999977111817273e+00
1.339999998474121057e+01
1.139999999427795352e+01
2.199999998474121199e+01
9.000000007629394005e+00
1.099999998474121021e+01
1.199999994659423841e+01
1.079999998474121092e+01
1.019999997711181727e+01
1.159999989318847646e+01
9.799999977111816918e+00
1.159999994659423805e+01
1.139999989318847717e+01
1.079999994659423912e+01
1.040000001525878837e+01
1.079999994659423912e+01
1.080000001525878872e+01
1.119999994659423770e+01
1.059999998855590775e+01
1.099999994659423841e+01
1.139999998474121057e+01
1.059999992370605426e+01
1.079999994659423912e+01
1.019999997711181727e+01
1.059999997711181585e+01
1.120000001525878908e+01
1.220000001525878908e+01
1.079999997711181692e+01
1.320000000762939507e+01
1.319999998474121128e+01
1.419999994659423770e+01
1.200000001525878979e+01
1.079999994659423912e+01
1.399999998474121021e+01
1.360000001525878943e+01
1.659999989318847824e+01
1.659999989318847824e+01
1.999999992370605639e+01
1.959999995422363384e+01
2.019999984741210852e+01
2.119999992370605568e+01
2.540000003051757815e+01
2.760000000000000142e+01
2.619999990844726412e+01
2.640000003051757815e+01
2.439999989318847540e+01
3.059999986267089866e+01
3.239999993896484654e+01
3.319999996948241971e+01
3.279999981689453392e+01
3.219999987792968454e+01
3.159999990844726625e+01
3.079999990844726554e+01
3.519999984741210852e+01
3.319999993896484369e+01
3.239999972534180017e+01
3.399999987792968881e+01
3.519999990844726767e+01
3.279999996948242114e+01
3.579999990844726909e+01
3.479999969482421562e+01
3.079999975585937477e+01
3.159999990844726625e+01
3.300000000000000000e+01
3.299999975585937761e+01
3.539999978637695222e+01
3.439999981689452824e+01
3.479999999999999716e+01
3.239999978637695222e+01
3.379999969482421562e+01
3.359999993896484227e+01
3.199999987792968881e+01
3.239999978637695222e+01
3.559999978637695506e+01
3.520000003051757886e+01
3.480000003051758029e+01
3.699999996948242398e+01
3.719999993896484369e+01
3.619999975585937335e+01
3.739999978637695222e+01
3.559999981689453108e+01
3.460000000000000142e+01
3.679999990844726909e+01
3.659999990844726625e+01
3.419999984741210852e+01
3.559999987792969023e+01
3.479999975585937477e+01
3.600000006103515915e+01
3.479999987792968597e+01
3.679999978637695079e+01
3.259999981689453108e+01
3.559999996948242540e+01
3.619999975585937335e+01
3.699999978637695364e+01
3.379999999999999716e+01
3.519999987792968454e+01
3.819999987792968454e+01
3.800000006103515915e+01
3.840000003051757460e+01
3.799999990844726483e+01
3.759999981689453108e+01
3.619999990844726767e+01
3.659999981689453108e+01
3.219999996948241971e+01
3.539999990844726341e+01
3.499999978637695364e+01
3.539999987792968739e+01
3.779999975585937477e+01
3.439999975585937619e+01
3.879999984741210994e+01
3.699999975585937761e+01
3.500000003051757602e+01
3.739999987792968739e+01
3.739999972534180017e+01
3.759999981689453108e+01
3.879999975585937477e+01
3.820000003051757886e+01
3.739999978637695222e+01
3.599999978637695364e+01
3.659999981689453108e+01
3.499999984741211279e+01
3.679999984741210994e+01
3.900000006103515915e+01
