1.310344826270794094e+01
1.402298854959422059e+01
3.540229885495941886e+01
1.540229889442180777e+01
6.183908025807347997e+01
6.344827573052768344e+01
7.816091955119166101e+00
6.643678154780947409e+01
4.321839086598363622e+01
1.701149425506591939e+01
6.206896538570009625e+01
4.781609215571962324e+01
3.563218375896585144e+01
6.344827573052768344e+01
2.367816093707906688e+01
4.505747146606445597e+01
5.126436778101427905e+01
5.494252853393554403e+01
2.620689649910762498e+01
2.344827580945245060e+01
2.735632193992877959e+01
2.965517234802246094e+01
2.942528744401602836e+01
3.908045983150087466e+01
4.022988504870184556e+01
5.471264385354930226e+01
2.643678162673424126e+01
1.724137927088244382e+01
2.758620684393520861e+01
2.781609197156182489e+01
4.045977017632846184e+01
3.126436782047666441e+01
2.344827580945245060e+01
2.344827580945245060e+01
3.471264366939150392e+01
3.885057470387425838e+01
3.862068957624764209e+01
2.482758615428003779e+01
2.321839090544601802e+01
4.321839086598363622e+01
3.287356306931068417e+01
2.965517234802246094e+01
2.459770125027360521e+01
2.942528744401602836e+01
2.528735640953327035e+01
1.563218391023833220e+01
4.160919539352943275e+01
3.862068957624764209e+01
2.804597709918844117e+01
1.839080459989350302e+01
4.712643674653151749e+01
3.241379303767763531e+01
3.425287341413826425e+01
3.747126435904667119e+01
1.908045987096326002e+01
2.022988508816423092e+01
3.862068957624764209e+01
3.264367816530425159e+01
1.885057474333664373e+01
2.988505747564907722e+01
2.482758615428003779e+01
1.770114952613567638e+01
2.022988508816423092e+01
2.183908056061843439e+01
2.206896546462486697e+01
2.988505747564907722e+01
2.942528744401602836e+01
3.080459778884361555e+01
2.597701159510119240e+01
3.586206888659246772e+01
2.367816093707906688e+01
3.448275854176488764e+01
4.528735614645069774e+01
2.321839090544601802e+01
2.068965511979727978e+01
2.919540231638941208e+01
3.609195401421908400e+01
1.862068961571002745e+01
1.701149425506591939e+01
2.022988508816423092e+01
3.103448269285004812e+01
6.666666667543609037e+01
3.425287341413826425e+01
2.298850577781940174e+01
2.781609197156182489e+01
2.781609197156182489e+01
3.080459778884361555e+01
2.459770125027360521e+01
2.436781612264698893e+01
2.620689649910762498e+01
2.459770125027360521e+01
2.758620684393520861e+01
2.758620684393520861e+01
2.758620684393520861e+01
2.321839090544601802e+01
2.919540231638941208e+01
2.022988508816423092e+01
1.862068961571002745e+01
2.298850577781940174e+01
1.999999996053761464e+01
2.919540231638941208e+01
2.022988508816423092e+01
2.022988508816423092e+01
2.022988508816423092e+01
1.999999996053761464e+01
2.482758615428003779e+01
2.482758615428003779e+01
2.459770125027360521e+01
2.022988508816423092e+01
2.482758615428003779e+01
2.781609197156182489e+01
2.183908056061843439e+01
2.459770125027360521e+01
2.459770125027360521e+01
2.183908056061843439e+01
2.344827580945245060e+01
2.344827580945245060e+01
2.183908056061843439e+01
2.022988508816423092e+01
2.643678162673424126e+01
2.321839090544601802e+01
1.701149425506591939e+01
1.999999996053761464e+01
2.183908056061843439e+01
2.459770125027360521e+01
2.022988508816423092e+01
2.344827580945245060e+01
2.344827580945245060e+01
2.482758615428003779e+01
2.022988508816423092e+01
2.183908056061843439e+01
2.482758615428003779e+01
2.321839090544601802e+01
2.620689649910762498e+01
2.758620684393520861e+01
2.758620684393520861e+01
2.620689649910762498e+01
2.459770125027360521e+01
2.620689649910762498e+01
2.482758615428003779e+01
2.183908056061843439e+01
2.160919543299181811e+01
2.183908056061843439e+01
2.160919543299181811e+01
2.022988508816423092e+01
2.022988508816423092e+01
2.022988508816423092e+01
2.160919543299181811e+01
2.344827580945245060e+01
2.022988508816423092e+01
2.022988508816423092e+01
2.022988508816423092e+01
1.862068961571002745e+01
2.160919543299181811e+01
2.620689649910762498e+01
2.022988508816423092e+01
2.321839090544601802e+01
1.862068961571002745e+01
2.183908056061843439e+01
1.862068961571002745e+01
2.022988508816423092e+01
2.022988508816423092e+01
2.022988508816423092e+01
1.999999996053761464e+01
1.862068961571002745e+01
2.183908056061843439e+01
2.160919543299181811e+01
2.022988508816423092e+01
2.183908056061843439e+01
1.862068961571002745e+01
2.022988508816423092e+01
2.160919543299181811e+01
2.022988508816423092e+01
1.862068961571002745e+01
2.022988508816423092e+01
2.160919543299181811e+01
2.620689649910762498e+01
2.459770125027360521e+01
2.482758615428003779e+01
2.344827580945245060e+01
2.321839090544601802e+01
2.321839090544601802e+01
2.022988508816423092e+01
1.862068961571002745e+01
1.862068961571002745e+01
2.022988508816423092e+01
1.862068961571002745e+01
2.620689649910762498e+01
2.160919543299181811e+01
2.482758615428003779e+01
2.482758615428003779e+01
2.321839090544601802e+01
2.160919543299181811e+01
1.862068961571002745e+01
1.862068961571002745e+01
2.022988508816423092e+01
1.862068961571002745e+01
2.022988508816423092e+01
2.183908056061843439e+01
1.862068961571002745e+01
