0.000000000000000000e+00
1.000000000000000000e+00
0.000000000000000000e+00
3.959999993896484227e+01
0.000000000000000000e+00
4.000000000000000222e-01
1.800000000000000044e+00
0.000000000000000000e+00
1.000000000000000000e+00
1.199999999999999956e+00
0.000000000000000000e+00
4.199999990844726483e+01
1.239999997711181656e+01
7.399999988555908459e+00
3.399999994277953963e+00
1.799999998474121199e+01
3.000000007629394450e+00
7.000000007629394894e+00
1.399999999999999911e+00
1.819999996948242327e+01
7.000000007629394894e+00
8.199999946594237699e+00
4.799999994277953874e+00
2.599999994277954141e+00
7.999999954223632415e+00
8.399999994277953519e+00
1.220000001525878908e+01
2.179999996948242114e+01
3.999999988555908104e+00
8.000000000000000444e-01
1.720000001525878730e+01
5.699999987792968881e+01
7.799999994277953874e+00
8.599999984741211634e+00
1.420000001525878908e+01
6.599999977111816740e+00
2.059999986267089866e+01
8.999999946594238409e+00
6.199999946594238587e+00
5.599999994277953697e+00
4.199999988555908281e+00
1.220000001525878908e+01
1.579999997711181692e+01
1.000000001525878979e+01
4.199999977111816385e+00
4.199999994277954229e+00
9.999999946594238409e+00
7.599999977111816740e+00
7.799999977111816030e+00
6.800000007629394716e+00
7.599999977111816740e+00
5.600000007629394538e+00
1.400000000762939401e+01
1.619999992370605568e+01
8.999999977111816207e+00
1.359999997711181585e+01
1.119999992370605391e+01
8.399999977111816563e+00
6.199999988555908281e+00
1.160000000762939365e+01
1.039999998474121057e+01
5.199999977111816385e+00
1.259999989318847646e+01
4.599999994277953697e+00
1.399999994277954185e+00
1.220000001525878908e+01
1.939999986267089938e+01
4.720000003051757886e+01
4.799999988555907926e+00
3.999999994277954052e+00
9.599999946594238054e+00
5.399999988555908459e+00
1.160000001525878943e+01
1.159999986267089866e+01
1.139999998474121057e+01
3.179999987792968597e+01
1.799999989318847682e+01
1.560000001525878943e+01
5.839999978637695222e+01
8.999999946594238409e+00
1.219999989318847611e+01
1.959999986267089866e+01
1.140000001525878837e+01
1.219999998474121128e+01
1.160000001525878943e+01
1.199999989318847682e+01
1.120000001525878908e+01
1.160000000762939365e+01
1.420000001525878908e+01
1.060000001525878943e+01
1.299999994659423841e+01
1.059999992370605426e+01
1.159999994659423805e+01
1.239999992370605497e+01
1.099999998855590810e+01
1.199999994659423841e+01
8.999999988555908104e+00
1.279999994659423912e+01
1.239999995422363277e+01
1.259999999999999964e+01
1.719999992370605568e+01
1.979999992370605355e+01
1.939999989318847540e+01
1.840000001525879014e+01
1.559999992370605426e+01
1.480000000000000071e+01
1.799999989318847682e+01
1.920000003051757886e+01
2.039999989318847540e+01
1.540000001525878837e+01
1.819999995422363170e+01
1.980000000000000071e+01
1.759999998474120986e+01
1.859999989318847824e+01
1.859999995422363384e+01
1.920000003051757886e+01
1.819999986267090009e+01
1.639999998474121057e+01
1.839999997711181479e+01
1.980000001525878872e+01
1.959999998474120986e+01
2.320000003051757886e+01
2.459999990844726625e+01
1.699999994659423663e+01
1.540000001525878837e+01
1.659999997711181763e+01
1.680000001525878872e+01
1.719999994659423947e+01
1.579999986267089795e+01
1.679999989318847753e+01
1.580000000000000071e+01
1.619999992370605568e+01
1.639999995422363455e+01
1.659999994659423805e+01
1.639999999999999858e+01
1.559999995422363206e+01
1.659999994659423805e+01
1.519999986267089831e+01
1.739999998474121057e+01
1.639999989318847540e+01
1.700000000000000000e+01
1.720000003051757886e+01
1.699999986267089724e+01
1.679999995422363313e+01
1.800000003051757957e+01
1.659999992370605426e+01
1.499999995422363241e+01
1.699999989318847682e+01
1.600000001525878801e+01
1.680000003051757673e+01
1.679999994659423734e+01
1.659999994659423805e+01
1.639999993896484298e+01
1.739999992370605497e+01
1.779999986267089795e+01
1.660000000000000142e+01
1.619999986267090009e+01
1.739999992370605497e+01
1.659999986267089866e+01
1.619999986267090009e+01
1.679999992370605355e+01
1.659999989318847824e+01
1.639999992370605497e+01
1.619999998474121128e+01
1.699999998474121199e+01
1.819999999999999929e+01
1.759999986267089866e+01
1.839999998474121057e+01
1.760000001525878943e+01
1.660000001525878943e+01
1.639999998474121057e+01
1.779999995422363313e+01
1.699999998855590988e+01
1.659999995422363384e+01
1.799999998474121199e+01
1.959999998474120986e+01
1.839999992370605497e+01
1.879999992370605355e+01
1.639999986267089938e+01
1.520000001525878908e+01
1.799999995422363241e+01
1.719999992370605568e+01
1.859999998474120986e+01
1.659999995422363384e+01
1.819999995422363170e+01
1.759999992370605426e+01
1.619999986267090009e+01
1.800000001525878801e+01
1.780000003051757673e+01
1.719999989318847611e+01
1.640000001525879014e+01
1.939999995422363455e+01
1.799999992370605639e+01
1.659999986267089866e+01
1.720000003051757886e+01
1.739999989318847540e+01
1.800000000762939578e+01
1.760000000000000142e+01
1.979999993896484511e+01
1.819999995422363170e+01
