0.000000000000000000e+00
1.799999988555908148e+00
0.000000000000000000e+00
0.000000000000000000e+00
0.000000000000000000e+00
5.519999987792968454e+01
4.799999988555907926e+00
5.559999975585937193e+01
6.200000007629394183e+00
5.999999999999999778e-01
2.939999999999999858e+01
5.999999885559081925e-01
6.200000007629394183e+00
2.799999999999999822e+00
3.999999942779540740e-01
4.999999977111816207e+00
0.000000000000000000e+00
1.799999988555908148e+00
2.559999969482421989e+01
3.399999999999999911e+00
4.800000007629394716e+00
3.799999988555908370e+00
1.380000000762939472e+01
1.000000000000000000e+00
4.200000007629394183e+00
8.599999988555907748e+00
2.799999999999999822e+00
9.999999946594238409e+00
5.879999984741210994e+01
7.800000007629394716e+00
7.800000007629394716e+00
2.219999999999999929e+01
4.999999988555908104e+00
1.519999995422363348e+01
3.600000000000000089e+00
6.999999977111816207e+00
8.599999977111815852e+00
5.799999994277953874e+00
1.199999994277954007e+00
5.999999994277954052e+00
2.319999990844726412e+01
1.019999998474121128e+01
8.999999994277954940e+00
1.899999986267089724e+01
1.459999999999999964e+01
1.059999998474121163e+01
7.999999946594238409e+00
1.459999986267089866e+01
1.999999988555908104e+00
6.999999977111816207e+00
8.999999988555908104e+00
8.200000015258789077e+00
3.999999988555908104e+00
8.399999954223632770e+00
9.600000015258789432e+00
8.600000015258789432e+00
4.599999999999999645e+00
6.399999977111816563e+00
6.399999977111816563e+00
7.799999994277953874e+00
6.399999977111816563e+00
1.059999997711181585e+01
9.199999946594237699e+00
1.779999986267089795e+01
1.059999994659423805e+01
7.200000007629394183e+00
8.000000007629394005e+00
9.599999988555907748e+00
4.999999969482421847e+01
8.399999923706054972e+00
8.399999988555908459e+00
9.999999977111816207e+00
1.600000000000000089e+00
5.199999994277954229e+00
8.599999988555907748e+00
8.400000007629394361e+00
8.200000007629395071e+00
1.099999995422363241e+01
8.000000007629394005e+00
6.399999977111816563e+00
6.999999988555908104e+00
6.799999994277953874e+00
1.020000001525878908e+01
1.039999998474121057e+01
9.599999946594238054e+00
1.039999995422363277e+01
9.799999977111816918e+00
9.800000007629394716e+00
1.040000000762939436e+01
9.599999954223632059e+00
9.600000015258789432e+00
9.600000007629393650e+00
1.059999997711181585e+01
9.999999946594238409e+00
1.039999995422363277e+01
9.399999946594238764e+00
1.000000001525878979e+01
1.099999998474121021e+01
1.019999995422363348e+01
9.799999946594239120e+00
1.100000001525878979e+01
1.180000003051757851e+01
1.039999999427795352e+01
1.019999995422363348e+01
1.259999994659423805e+01
1.079999994659423912e+01
1.120000001525878908e+01
1.059999995422363206e+01
1.099999994659423841e+01
1.099999986267089902e+01
1.039999998474121057e+01
1.180000001525878872e+01
1.079999994659423912e+01
1.139999994659423876e+01
1.119999994659423770e+01
1.139999989318847717e+01
1.199999994659423841e+01
1.039999999427795352e+01
1.139999998474121057e+01
1.079999998474121092e+01
1.200000000762939401e+01
1.119999998474121128e+01
1.199999994659423841e+01
1.539999994659423876e+01
1.539999998474121057e+01
1.519999998474121128e+01
1.359999995422363206e+01
1.379999992370605533e+01
1.179999995422363313e+01
1.359999986267089866e+01
1.339999995422363277e+01
1.419999995422363348e+01
1.360000001525878943e+01
1.419999998474121128e+01
1.299999995422363241e+01
1.399999989318847682e+01
1.259999998855590775e+01
1.299999994659423841e+01
1.299999995422363241e+01
1.500000003051757780e+01
1.339999995422363277e+01
1.319999998474121128e+01
1.319999986267089831e+01
1.420000003051757886e+01
1.419999989318847611e+01
1.399999995422363241e+01
1.299999992370605462e+01
1.359999997711181585e+01
1.299999995422363241e+01
1.399999992370605462e+01
1.299999989318847682e+01
1.380000003051757851e+01
1.579999995422363313e+01
1.300000001525878979e+01
1.739999998474121057e+01
1.279999996948242114e+01
1.399999989318847682e+01
1.539999995422363277e+01
1.379999994659423912e+01
1.439999998474121057e+01
1.419999986267089831e+01
1.439999998474121057e+01
1.499999995422363241e+01
1.560000003051757744e+01
1.619999986267090009e+01
1.479999998474121092e+01
1.419999989318847611e+01
1.559999986267089866e+01
1.699999989318847682e+01
1.659999989318847824e+01
1.679999989318847753e+01
1.759999986267089866e+01
1.599999992370605462e+01
1.579999995422363313e+01
1.799999997711181621e+01
1.740000003051757815e+01
1.839999993896484298e+01
1.819999992370605568e+01
1.619999993896484369e+01
1.879999986267089795e+01
1.699999998474121199e+01
1.859999992370605426e+01
1.819999998474121128e+01
1.759999992370605426e+01
1.559999995422363206e+01
1.759999998474120986e+01
1.779999998474121270e+01
1.780000003051757673e+01
2.099999986267089724e+01
1.919999998474121128e+01
1.979999996948242114e+01
2.079999992370605355e+01
1.919999998474121128e+01
1.819999994659423947e+01
1.759999986267089866e+01
1.699999989318847682e+01
2.019999989318847611e+01
2.059999993896484227e+01
1.959999993896484227e+01
1.999999986267089724e+01
