5.099999990844726483e+01
3.999999942779540740e-01
2.000000000000000111e-01
2.079999986267089795e+01
2.000000000000000111e-01
5.999999942779541406e-01
4.000000000000000222e-01
8.000000000000000444e-01
1.399999994277954185e+00
1.599999994277954141e+00
6.199999984741211279e+00
2.060000003051757744e+01
1.019999998474121128e+01
5.400000015258789254e+00
2.000000000000000111e-01
2.600000000000000089e+00
9.999999977111816207e+00
1.019999997711181727e+01
2.199999994277954229e+00
2.200000000000000178e+00
2.200000000000000178e+00
1.239999998474121057e+01
3.000000007629394450e+00
7.799999988555907926e+00
2.400000007629394361e+00
4.200000007629394183e+00
1.539999995422363277e+01
3.559999987792969023e+01
3.799999994277954318e+00
1.800000000000000044e+00
3.399999988555908015e+00
1.019999992370605391e+01
5.040000003051757460e+01
7.599999946594238054e+00
2.200000007629394627e+00
3.999999988555908104e+00
1.079999995422363313e+01
6.400000015258789254e+00
9.599999984741211634e+00
9.799999984741210923e+00
3.599999994277954141e+00
9.399999984741210568e+00
2.699999987792968881e+01
1.479999992370605533e+01
5.719999978637695648e+01
5.400000000000000355e+00
2.000000000000000000e+00
6.199999946594238587e+00
5.799999946594238232e+00
5.999999994277954052e+00
1.039999995422363277e+01
7.000000015258788899e+00
1.360000001525878943e+01
1.439999994659423876e+01
1.160000001525878943e+01
4.400000007629394361e+00
1.279999995422363313e+01
1.040000000762939436e+01
8.999999946594238409e+00
9.199999977111817273e+00
2.400000007629394361e+00
7.599999977111816740e+00
3.199999994277954229e+00
1.600000000000000089e+00
6.000000007629394894e+00
8.600000007629393650e+00
1.479999992370605533e+01
3.099999990844726483e+01
1.799999996948242043e+01
1.079999997711181692e+01
1.239999995422363277e+01
3.799999994277954318e+00
4.859999996948242540e+01
3.999999988555908104e+00
6.799999984741210923e+00
1.419999994659423770e+01
8.599999946594238054e+00
2.600000000000000089e+00
3.000000000000000000e+00
1.179999995422363313e+01
1.360000001525878943e+01
9.199999988555907393e+00
1.240000001525878837e+01
9.799999946594239120e+00
1.059999997711181585e+01
1.079999995422363313e+01
1.100000000762939401e+01
9.999999984741210213e+00
1.239999995422363277e+01
1.040000001525878837e+01
1.040000000762939436e+01
1.019999997711181727e+01
1.059999995422363206e+01
1.019999994659423770e+01
1.019999998474121128e+01
1.179999995422363313e+01
1.200000001525878979e+01
1.140000000762939436e+01
1.039999995422363277e+01
1.080000000762939472e+01
1.039999998474121057e+01
1.059999998474121163e+01
1.239999997711181656e+01
1.080000001525878872e+01
1.119999992370605391e+01
1.139999997711181656e+01
1.099999994659423841e+01
1.239999994659423876e+01
1.100000001525878979e+01
1.100000001525878979e+01
1.099999999427795494e+01
1.199999997711181621e+01
1.139999994659423876e+01
1.159999998474121163e+01
9.799999977111816918e+00
1.199999997711181621e+01
1.239999994659423876e+01
1.139999997711181656e+01
1.139999994659423876e+01
1.059999994659423805e+01
1.360000001525878943e+01
1.299999992370605462e+01
1.259999998855590775e+01
1.320000003051757886e+01
1.439999992370605497e+01
1.519999995422363348e+01
1.420000001525878908e+01
1.420000003051757886e+01
1.539999994659423876e+01
1.479999995422363313e+01
1.419999998474121128e+01
1.380000001525878872e+01
1.479999995422363313e+01
1.299999995422363241e+01
1.419999994659423770e+01
1.479999986267089795e+01
1.479999998474121092e+01
1.399999998474121021e+01
1.439999994659423876e+01
1.579999992370605533e+01
1.379999997711181692e+01
1.519999992370605391e+01
1.519999998474121128e+01
1.539999989318847717e+01
1.539999986267089760e+01
1.460000003051757744e+01
1.539999998855590846e+01
1.539999998855590846e+01
1.519999998474121128e+01
1.559999986267089866e+01
1.520000001525878908e+01
1.499999992370605462e+01
1.599999986267089902e+01
1.579999998474121092e+01
1.460000003051757744e+01
1.440000001525878837e+01
1.579999995422363313e+01
1.539999998474121057e+01
1.559999989318847646e+01
1.599999987792968703e+01
1.660000000000000142e+01
1.559999986267089866e+01
1.560000003051757744e+01
1.600000000000000000e+01
1.639999993896484298e+01
1.580000000000000071e+01
1.559999986267089866e+01
1.659999992370605426e+01
1.599999992370605462e+01
1.619999998474121128e+01
1.480000003051757851e+01
1.540000001525878837e+01
1.659999989318847824e+01
1.579999992370605533e+01
1.579999998474121092e+01
1.759999992370605426e+01
1.820000003051757886e+01
2.019999999999999929e+01
1.819999992370605568e+01
1.679999992370605355e+01
1.759999989318847824e+01
1.819999997711181550e+01
1.699999986267089724e+01
1.859999995422363384e+01
1.739999992370605497e+01
1.719999997711181550e+01
1.739999998474121057e+01
1.900000001525878801e+01
1.819999989318847611e+01
1.979999992370605355e+01
1.779999995422363313e+01
1.959999992370605426e+01
1.839999995422363455e+01
1.979999992370605355e+01
1.860000000000000142e+01
1.899999986267089724e+01
1.979999986267089795e+01
1.839999995422363455e+01
1.919999995422363170e+01
1.899999989318847682e+01
