0.000000000000000000e+00
0.000000000000000000e+00
0.000000000000000000e+00
0.000000000000000000e+00
0.000000000000000000e+00
0.000000000000000000e+00
7.599999999999999645e+00
9.300000000000000711e+00
1.080000000000000071e+01
1.059999999999999964e+01
1.059999999999999964e+01
1.040000000000000036e+01
1.059999999999999964e+01
1.059999999999999964e+01
1.059999999999999964e+01
1.059999999999999964e+01
1.009999999999999964e+01
1.069999999999999929e+01
1.019999999999999929e+01
1.040000000000000036e+01
1.030000000000000071e+01
1.040000000000000036e+01
1.050000000000000000e+01
1.019999999999999929e+01
1.050000000000000000e+01
1.040000000000000036e+01
1.009999999999999964e+01
1.030000000000000071e+01
1.019999999999999929e+01
1.019999999999999929e+01
9.900000000000000355e+00
1.040000000000000036e+01
1.040000000000000036e+01
1.030000000000000071e+01
9.699999999999999289e+00
1.040000000000000036e+01
1.040000000000000036e+01
1.040000000000000036e+01
9.400000000000000355e+00
1.050000000000000000e+01
1.040000000000000036e+01
1.050000000000000000e+01
1.050000000000000000e+01
9.900000000000000355e+00
9.199999999999999289e+00
1.030000000000000071e+01
1.040000000000000036e+01
1.030000000000000071e+01
1.030000000000000071e+01
1.019999999999999929e+01
1.059999999999999964e+01
1.030000000000000071e+01
1.030000000000000071e+01
1.030000000000000071e+01
1.019999999999999929e+01
1.030000000000000071e+01
1.030000000000000071e+01
1.030000000000000071e+01
1.050000000000000000e+01
1.019999999999999929e+01
1.030000000000000071e+01
1.030000000000000071e+01
1.019999999999999929e+01
1.030000000000000071e+01
1.030000000000000071e+01
1.030000000000000071e+01
1.030000000000000071e+01
1.030000000000000071e+01
1.040000000000000036e+01
1.030000000000000071e+01
1.040000000000000036e+01
1.019999999999999929e+01
1.030000000000000071e+01
1.030000000000000071e+01
1.030000000000000071e+01
1.030000000000000071e+01
1.019999999999999929e+01
1.030000000000000071e+01
1.030000000000000071e+01
1.030000000000000071e+01
1.030000000000000071e+01
1.030000000000000071e+01
1.030000000000000071e+01
1.030000000000000071e+01
1.030000000000000071e+01
1.030000000000000071e+01
1.030000000000000071e+01
1.030000000000000071e+01
1.030000000000000071e+01
1.030000000000000071e+01
1.030000000000000071e+01
1.030000000000000071e+01
1.030000000000000071e+01
1.030000000000000071e+01
1.030000000000000071e+01
1.030000000000000071e+01
1.030000000000000071e+01
1.030000000000000071e+01
1.030000000000000071e+01
1.030000000000000071e+01
1.880000000000000071e+01
1.419999999999999929e+01
2.469999999999999929e+01
1.300000000000000000e+01
1.989999999999999858e+01
1.230000000000000071e+01
2.319999999999999929e+01
1.369999999999999929e+01
1.969999999999999929e+01
1.359999999999999964e+01
2.760000000000000142e+01
1.240000000000000036e+01
1.730000000000000071e+01
1.309999999999999964e+01
2.260000000000000142e+01
1.509999999999999964e+01
1.739999999999999858e+01
1.409999999999999964e+01
1.939999999999999858e+01
1.200000000000000000e+01
2.289999999999999858e+01
1.409999999999999964e+01
1.660000000000000142e+01
1.100000000000000000e+01
1.159999999999999964e+01
1.150000000000000000e+01
1.219999999999999929e+01
1.180000000000000071e+01
1.269999999999999929e+01
1.169999999999999929e+01
1.280000000000000071e+01
1.200000000000000000e+01
1.269999999999999929e+01
1.169999999999999929e+01
1.240000000000000036e+01
1.169999999999999929e+01
1.250000000000000000e+01
1.150000000000000000e+01
1.230000000000000071e+01
1.130000000000000071e+01
1.240000000000000036e+01
1.150000000000000000e+01
1.230000000000000071e+01
1.130000000000000071e+01
1.250000000000000000e+01
1.180000000000000071e+01
1.250000000000000000e+01
1.140000000000000036e+01
1.230000000000000071e+01
1.159999999999999964e+01
1.240000000000000036e+01
1.159999999999999964e+01
1.269999999999999929e+01
1.140000000000000036e+01
1.280000000000000071e+01
1.169999999999999929e+01
1.230000000000000071e+01
1.159999999999999964e+01
1.230000000000000071e+01
1.159999999999999964e+01
1.300000000000000000e+01
1.180000000000000071e+01
1.230000000000000071e+01
1.159999999999999964e+01
1.219999999999999929e+01
1.150000000000000000e+01
1.230000000000000071e+01
1.169999999999999929e+01
1.230000000000000071e+01
1.180000000000000071e+01
1.240000000000000036e+01
1.169999999999999929e+01
1.269999999999999929e+01
1.159999999999999964e+01
1.250000000000000000e+01
1.180000000000000071e+01
1.259999999999999964e+01
1.159999999999999964e+01
1.269999999999999929e+01
1.159999999999999964e+01
1.250000000000000000e+01
1.150000000000000000e+01
1.330000000000000071e+01
1.169999999999999929e+01
1.290000000000000036e+01
1.190000000000000036e+01
1.259999999999999964e+01
1.159999999999999964e+01
1.319999999999999929e+01
1.190000000000000036e+01
1.280000000000000071e+01
1.159999999999999964e+01
1.259999999999999964e+01
1.180000000000000071e+01
1.269999999999999929e+01
1.190000000000000036e+01
1.309999999999999964e+01
1.180000000000000071e+01
1.259999999999999964e+01
1.150000000000000000e+01
