8.300000000000000711e+00
7.599999999999999645e+00
7.700000000000000178e+00
7.799999999999999822e+00
7.700000000000000178e+00
7.700000000000000178e+00
7.700000000000000178e+00
9.979999999999999716e+01
1.000000000000000000e+02
1.000000000000000000e+02
1.000000000000000000e+02
9.990000000000000568e+01
1.000000000000000000e+02
1.000000000000000000e+02
9.990000000000000568e+01
1.000000000000000000e+02
9.990000000000000568e+01
9.990000000000000568e+01
1.000000000000000000e+02
9.990000000000000568e+01
9.990000000000000568e+01
9.990000000000000568e+01
9.990000000000000568e+01
9.990000000000000568e+01
9.990000000000000568e+01
9.990000000000000568e+01
9.990000000000000568e+01
9.990000000000000568e+01
9.990000000000000568e+01
9.990000000000000568e+01
9.990000000000000568e+01
9.990000000000000568e+01
9.990000000000000568e+01
9.990000000000000568e+01
9.990000000000000568e+01
9.990000000000000568e+01
9.990000000000000568e+01
9.990000000000000568e+01
9.990000000000000568e+01
9.990000000000000568e+01
