9.800000000000000711e+00
9.400000000000000355e+00
9.199999999999999289e+00
9.300000000000000711e+00
9.400000000000000355e+00
9.400000000000000355e+00
9.500000000000000000e+00
9.400000000000000355e+00
8.959999999999999432e+01
1.000000000000000000e+02
1.000000000000000000e+02
9.420000000000000284e+01
9.940000000000000568e+01
1.000000000000000000e+02
1.000000000000000000e+02
1.000000000000000000e+02
9.920000000000000284e+01
1.000000000000000000e+02
1.000000000000000000e+02
1.000000000000000000e+02
1.000000000000000000e+02
1.000000000000000000e+02
1.000000000000000000e+02
1.000000000000000000e+02
1.000000000000000000e+02
1.000000000000000000e+02
1.000000000000000000e+02
1.000000000000000000e+02
1.000000000000000000e+02
1.000000000000000000e+02
1.000000000000000000e+02
1.000000000000000000e+02
1.000000000000000000e+02
1.000000000000000000e+02
1.000000000000000000e+02
1.000000000000000000e+02
1.000000000000000000e+02
1.000000000000000000e+02
1.000000000000000000e+02
1.000000000000000000e+02
