1.199999999999999956e+00
5.139999999999999858e+01
0.000000000000000000e+00
4.000000007629394894e+00
8.000000007629394005e+00
5.200000007629394183e+00
6.599999977111816740e+00
1.299999995422363241e+01
9.000000007629394005e+00
3.799999988555908370e+00
4.460000003051757744e+01
1.299999998474121021e+01
1.599999988555908192e+00
1.599999992370605462e+01
5.399999977111816563e+00
5.599999999999999645e+00
2.399999994277953963e+00
2.399999999999999911e+00
2.600000007629394538e+00
2.039999989318847540e+01
2.080000003051757673e+01
1.119999998474121128e+01
2.839999990844726696e+01
7.799999984741210923e+00
8.599999946594238054e+00
9.200000007629395071e+00
5.799999994277953874e+00
1.159999994659423805e+01
4.099999978637695364e+01
7.999999977111816207e+00
3.579999972534179875e+01
1.559999992370605426e+01
5.800000007629394716e+00
1.040000000762939436e+01
1.100000001525878979e+01
5.399999994277954407e+00
9.400000007629394361e+00
5.639999987792968739e+01
7.399999988555908459e+00
1.539999995422363277e+01
9.999999988555908104e+00
5.799999999999999822e+00
5.999999977111816207e+00
8.799999984741210923e+00
5.399999988555908459e+00
4.799999977111816030e+00
3.039999986267089938e+01
1.519999989318847611e+01
6.799999946594238232e+00
5.199999946594238587e+00
1.139999992370605497e+01
1.779999998474121270e+01
1.199999994659423841e+01
1.280000001525878872e+01
1.199999997711181621e+01
6.199999977111816385e+00
3.860000003051757744e+01
9.200000007629395071e+00
2.339999989318847540e+01
1.399999989318847682e+01
7.799999977111816030e+00
9.999999988555908104e+00
8.199999977111817273e+00
5.599999977111816740e+00
1.140000000762939436e+01
8.599999977111815852e+00
9.199999977111817273e+00
9.200000007629395071e+00
8.199999984741211279e+00
8.799999923706055327e+00
8.599999977111815852e+00
2.799999994277954318e+00
1.119999997711181727e+01
1.259999998474121163e+01
8.200000007629395071e+00
5.000000000000000000e+00
8.800000007629394716e+00
6.400000007629394361e+00
8.400000015258788366e+00
7.199999984741211279e+00
6.199999994277954229e+00
9.399999977111816563e+00
7.600000007629394538e+00
9.399999977111816563e+00
8.599999977111815852e+00
8.800000015258788721e+00
8.999999988555908104e+00
8.999999954223632415e+00
9.200000007629395071e+00
9.999999946594238409e+00
8.199999977111817273e+00
8.800000015258788721e+00
1.139999997711181656e+01
9.999999988555908104e+00
1.059999995422363206e+01
9.600000007629393650e+00
9.799999984741210923e+00
1.000000001525878979e+01
1.039999994659423876e+01
9.800000015258788721e+00
1.059999998474121163e+01
1.139999997711181656e+01
1.019999998474121128e+01
1.019999995422363348e+01
1.079999998474121092e+01
9.399999977111816563e+00
1.019999994659423770e+01
1.099999998855590810e+01
1.120000001525878908e+01
1.200000001525878979e+01
1.219999997711181727e+01
1.080000001525878872e+01
1.459999995422363206e+01
1.400000001525878979e+01
1.659999989318847824e+01
1.200000000762939401e+01
1.339999986267089760e+01
1.799999996948242043e+01
1.499999989318847682e+01
1.519999989318847611e+01
1.699999995422363241e+01
1.879999992370605355e+01
2.179999986267089795e+01
1.839999998474121057e+01
2.339999969482421704e+01
2.839999987792968739e+01
3.179999993896484511e+01
3.179999993896484511e+01
3.059999986267089866e+01
3.159999981689453108e+01
3.459999984741210710e+01
3.519999984741210852e+01
3.539999981689452824e+01
3.599999978637695364e+01
3.599999987792968881e+01
3.479999993896484511e+01
3.539999990844726341e+01
3.759999981689453108e+01
3.539999986267089582e+01
3.859999990844726625e+01
3.919999975585937335e+01
3.739999996948242256e+01
3.820000006103515489e+01
3.619999969482422131e+01
3.959999972534179591e+01
3.799999987792968881e+01
4.040000006103515773e+01
3.959999984741210710e+01
4.119999981689453250e+01
3.899999981689452966e+01
3.919999993896484369e+01
3.939999984741211136e+01
3.859999978637695506e+01
4.060000006103515346e+01
3.759999984741210710e+01
3.899999981689452966e+01
4.119999978637695648e+01
4.239999978637695222e+01
4.039999981689452824e+01
4.099999981689452966e+01
3.960000006103515346e+01
4.180000003051758029e+01
4.159999969482421989e+01
3.799999987792968881e+01
4.160000006103515346e+01
4.119999978637695648e+01
3.979999987792968597e+01
4.019999993896484369e+01
3.859999978637695506e+01
4.179999981689453392e+01
4.319999975585937335e+01
4.120000006103515489e+01
4.079999969482421562e+01
4.139999972534180017e+01
4.199999978637695364e+01
4.099999972534179449e+01
4.099999987792968881e+01
4.199999993896484085e+01
4.419999969482422131e+01
4.320000000000000284e+01
4.179999978637695079e+01
4.259999975585937193e+01
4.159999978637695506e+01
4.339999990844726341e+01
4.180000006103515631e+01
4.419999978637695648e+01
4.099999987792968881e+01
4.059999978637695506e+01
4.119999981689453250e+01
4.179999975585937477e+01
4.320000003051757886e+01
4.299999984741211279e+01
4.319999993896484369e+01
4.039999975585937619e+01
4.220000003051757886e+01
4.339999978637695222e+01
4.259999981689453108e+01
4.260000000000000142e+01
4.480000003051758029e+01
3.959999978637695506e+01
