0.000000000000000000e+00
2.000000000000000111e-01
0.000000000000000000e+00
7.039999987792968739e+01
5.999999984741211101e+00
9.999999942779540518e-01
5.999999999999999778e-01
1.819999998474121128e+01
8.199999954223633480e+00
5.999999999999999778e-01
2.039999989318847540e+01
9.199999999999999289e+00
3.199999988555908281e+00
1.019999994659423770e+01
1.599999994277954141e+00
5.600000006103515915e+01
8.400000015258788366e+00
1.200000001525878979e+01
2.579999984741210994e+01
7.200000007629394183e+00
1.779999994659423734e+01
1.120000001525878908e+01
8.599999977111815852e+00
2.159999995422363384e+01
9.399999946594238764e+00
7.599999946594238054e+00
2.399999977111816563e+00
4.800000007629394716e+00
3.799999994277954318e+00
1.239999995422363277e+01
7.999999988555908104e+00
4.000000000000000222e-01
4.799999994277953874e+00
4.999999946594238409e+00
1.279999998474121092e+01
4.799999988555907926e+00
5.000000007629394894e+00
4.999999988555908104e+00
5.399999994277954407e+00
6.799999946594238232e+00
2.899999990844726483e+01
8.599999994277954585e+00
5.599999977111816740e+00
1.999999994277954052e+00
3.999999994277954052e+00
5.399999977111816563e+00
5.000000007629394894e+00
9.799999994277953874e+00
4.999999988555908104e+00
4.599999988555908637e+00
2.200000007629394627e+00
4.399999977111816563e+00
3.999999946594238409e+00
1.959999996948242185e+01
7.399999994277954407e+00
8.599999984741211634e+00
1.080000000762939472e+01
5.599999946594238054e+00
4.199999988555908281e+00
6.599999977111816740e+00
7.999999988555908104e+00
8.799999977111816918e+00
1.479999995422363313e+01
2.179999989318847753e+01
3.399999994277953963e+00
9.999999984741210213e+00
9.600000015258789432e+00
1.239999994659423876e+01
8.199999946594237699e+00
1.179999997711181692e+01
9.000000015258789787e+00
2.999999996948242043e+01
3.600000007629394538e+00
4.599999988555908637e+00
2.639999986267089938e+01
6.999999946594238409e+00
3.499999969482421847e+01
1.320000001525878908e+01
8.200000007629395071e+00
1.099999994659423841e+01
9.999999988555908104e+00
8.799999923706055327e+00
9.799999977111816918e+00
1.019999998474121128e+01
9.800000007629394716e+00
8.599999946594238054e+00
9.399999946594238764e+00
1.039999994659423876e+01
8.800000007629394716e+00
8.799999977111816918e+00
1.000000001525878979e+01
9.800000015258788721e+00
1.019999998474121128e+01
8.599999988555907748e+00
8.000000007629394005e+00
9.200000015258789077e+00
9.199999994277954229e+00
9.799999946594239120e+00
7.999999946594238409e+00
1.079999992370605533e+01
1.179999997711181692e+01
9.199999977111817273e+00
9.399999946594238764e+00
1.039999992370605497e+01
9.399999946594238764e+00
1.100000000762939401e+01
1.039999994659423876e+01
1.139999989318847717e+01
1.120000000762939507e+01
1.099999995422363241e+01
1.060000000762939365e+01
1.159999998474121163e+01
1.139999994659423876e+01
1.159999998474121163e+01
1.159999997711181585e+01
1.379999989318847575e+01
1.259999997711181585e+01
1.319999992370605391e+01
1.240000000000000036e+01
1.259999994659423805e+01
1.519999989318847611e+01
1.400000001525878979e+01
1.679999992370605355e+01
1.960000000000000142e+01
1.979999986267089795e+01
2.519999992370605568e+01
2.579999996948242114e+01
2.719999984741210852e+01
2.899999993896484440e+01
2.839999990844726696e+01
3.020000003051757886e+01
3.459999987792969023e+01
3.119999984741210852e+01
3.479999975585937477e+01
3.339999986267089582e+01
3.339999993896484654e+01
3.659999996948242540e+01
3.499999984741211279e+01
3.679999969482421562e+01
3.739999984741211136e+01
3.559999978637695506e+01
3.679999972534179875e+01
3.579999987792968597e+01
3.179999984741210994e+01
3.460000003051757744e+01
3.399999969482421847e+01
3.819999972534179733e+01
3.699999981689452966e+01
3.499999984741211279e+01
3.539999972534180017e+01
3.740000006103515773e+01
3.599999987792968881e+01
3.499999978637695364e+01
3.699999981689452966e+01
3.599999990844726483e+01
3.659999975585937193e+01
3.960000003051757744e+01
3.759999984741210710e+01
3.799999975585937761e+01
3.719999969482422131e+01
3.619999984741210852e+01
3.839999984741211136e+01
3.879999972534179875e+01
3.679999984741210994e+01
3.699999975585937761e+01
3.899999990844726483e+01
3.859999990844726625e+01
3.619999984741210852e+01
3.859999981689453108e+01
3.819999981689453250e+01
3.519999984741210852e+01
3.799999984741211279e+01
3.519999987792968454e+01
3.920000003051757886e+01
3.880000006103515631e+01
4.240000003051757460e+01
3.939999993896484654e+01
3.839999981689452824e+01
3.800000003051757602e+01
3.799999981689452966e+01
4.039999972534180017e+01
3.639999987792968739e+01
4.200000003051757602e+01
4.059999975585937193e+01
3.979999984741210994e+01
4.019999978637695648e+01
4.119999981689453250e+01
3.460000000000000142e+01
4.120000000000000284e+01
4.259999978637695506e+01
3.780000003051758029e+01
4.259999972534179591e+01
4.079999975585937477e+01
4.239999972534180017e+01
4.079999972534179875e+01
3.959999981689453108e+01
4.459999993896484227e+01
4.279999987792968597e+01
4.299999975585937761e+01
3.599999984741211279e+01
