5.580000003051758029e+01
1.199999999999999956e+00
4.000000000000000222e-01
6.759999963378906784e+01
1.319999998474121128e+01
2.459999986267089866e+01
5.999999999999999778e-01
5.399999977111816563e+00
8.600000007629393650e+00
4.799999946594238232e+00
5.999999999999999778e-01
4.400000007629394361e+00
5.600000000000000000e+01
2.000000000000000000e+00
1.799999988555908148e+00
1.799999994277954096e+00
1.199999999999999956e+00
3.259999975585937193e+01
5.599999994277953697e+00
7.000000007629394894e+00
1.920000003051757886e+01
9.199999946594237699e+00
4.199999988555908281e+00
1.260000001525878943e+01
2.600000000000000089e+00
6.000000007629394894e+00
8.799999946594239120e+00
4.939999978637695222e+01
3.599999946594238498e+00
8.999999954223632415e+00
7.800000007629394716e+00
7.800000007629394716e+00
6.799999946594238232e+00
1.240000000762939436e+01
4.800000007629394716e+00
6.799999994277953874e+00
4.999999988555908104e+00
1.619999994659423947e+01
1.679999994659423734e+01
1.000000000762939401e+01
8.999999946594238409e+00
2.159999992370605426e+01
1.179999992370605533e+01
7.199999946594238587e+00
3.259999978637695506e+01
1.139999995422363277e+01
4.899999993896484085e+01
3.799999972534179449e+01
4.000000007629394894e+00
6.199999946594238587e+00
4.379999978637695079e+01
4.599999999999999645e+00
5.799999977111816030e+00
1.099999998474121021e+01
3.479999993896484511e+01
1.220000001525878908e+01
8.999999893188476818e+00
7.399999977111816563e+00
6.199999994277954229e+00
1.139999998474121057e+01
7.799999946594238232e+00
9.599999984741211634e+00
9.200000007629395071e+00
7.200000007629394183e+00
6.999999988555908104e+00
8.599999984741211634e+00
1.059999998474121163e+01
8.599999988555907748e+00
6.999999977111816207e+00
1.119999992370605391e+01
3.799999988555908370e+00
1.139999986267089760e+01
4.999999946594238409e+00
8.000000015258789787e+00
7.000000015258788899e+00
4.599999994277953697e+00
6.799999994277953874e+00
7.600000007629394538e+00
1.139999994659423876e+01
6.799999946594238232e+00
1.079999989318847575e+01
9.599999984741211634e+00
1.059999997711181585e+01
1.040000001525878837e+01
9.599999977111815852e+00
1.000000001525878979e+01
9.799999946594239120e+00
1.019999997711181727e+01
9.800000007629394716e+00
9.599999946594238054e+00
1.099999995422363241e+01
1.019999999427795423e+01
9.999999946594238409e+00
1.039999994659423876e+01
1.099999998855590810e+01
1.100000000762939401e+01
1.059999994659423805e+01
1.000000000762939401e+01
1.200000001525878979e+01
9.599999946594238054e+00
9.799999946594239120e+00
1.039999994659423876e+01
1.000000000762939401e+01
9.999999977111816207e+00
1.060000001525878943e+01
1.180000001525878872e+01
9.799999946594239120e+00
1.219999986267089831e+01
1.100000001525878979e+01
1.039999997711181656e+01
1.079999992370605533e+01
1.299999998474121021e+01
1.039999998474121057e+01
1.099999994659423841e+01
1.379999994659423912e+01
1.439999986267089760e+01
1.419999992370605391e+01
1.559999992370605426e+01
1.559999992370605426e+01
1.699999992370605639e+01
1.659999986267089866e+01
1.799999989318847682e+01
1.980000000000000071e+01
1.919999992370605568e+01
2.359999992370605426e+01
2.539999990844726696e+01
2.839999999999999858e+01
3.079999993896484511e+01
3.339999984741211136e+01
3.299999990844726483e+01
3.399999987792968881e+01
3.679999990844726909e+01
3.839999996948242256e+01
3.559999987792969023e+01
3.640000006103515773e+01
3.399999993896484085e+01
3.819999993896484369e+01
3.779999981689453392e+01
3.799999981689452966e+01
3.559999984741210710e+01
3.759999978637695506e+01
3.799999993896484085e+01
3.739999984741211136e+01
3.839999984741211136e+01
3.760000006103515346e+01
3.539999978637695222e+01
3.859999972534179591e+01
3.699999990844726483e+01
3.979999999999999716e+01
3.719999975585937335e+01
3.799999981689452966e+01
3.759999981689453108e+01
3.739999984741211136e+01
3.879999987792968597e+01
3.879999969482421562e+01
4.139999972534180017e+01
3.999999972534179449e+01
4.120000003051757886e+01
4.039999972534180017e+01
3.879999987792968597e+01
4.020000000000000284e+01
4.179999978637695079e+01
4.079999969482421562e+01
3.899999978637695364e+01
3.980000006103515631e+01
4.139999984741211136e+01
3.899999993896484085e+01
3.999999969482421847e+01
4.220000006103515489e+01
4.260000006103515346e+01
4.079999975585937477e+01
4.299999969482421847e+01
3.959999972534179591e+01
4.120000006103515489e+01
4.379999999999999716e+01
4.079999996948242114e+01
4.280000006103515631e+01
4.159999987792969023e+01
4.179999996948242114e+01
4.219999969482422131e+01
4.180000003051758029e+01
4.160000006103515346e+01
4.139999993896484654e+01
4.000000003051757602e+01
4.099999978637695364e+01
4.040000003051757460e+01
4.339999978637695222e+01
4.140000003051757460e+01
3.879999981689453392e+01
3.959999972534179591e+01
4.359999969482421989e+01
4.220000003051757886e+01
4.159999981689453108e+01
4.340000003051757460e+01
4.439999984741211136e+01
4.359999978637695506e+01
4.399999978637695364e+01
4.120000003051757886e+01
4.500000006103515915e+01
4.339999978637695222e+01
