0.000000000000000000e+00
0.000000000000000000e+00
5.999999999999999778e-01
4.000000000000000222e-01
2.000000000000000111e-01
2.000000000000000111e-01
0.000000000000000000e+00
1.599999988555908192e+00
4.839999993896484654e+01
3.200000000000000178e+00
1.579999992370605533e+01
1.279999994659423912e+01
3.399999999999999911e+00
3.999999885559081814e-01
3.999999988555908104e+00
4.799999988555907926e+00
4.399999977111816563e+00
1.800000000000000044e+00
1.519999997711181727e+01
1.819999989318847611e+01
2.199999988555908281e+00
9.799999946594239120e+00
4.999999977111816207e+00
1.399999999999999911e+00
2.599999988555908192e+00
6.999999977111816207e+00
1.999999994277954052e+00
3.399999988555908015e+00
3.799999946594238232e+00
4.000000007629394894e+00
4.599999977111816740e+00
4.599999988555908637e+00
4.999999988555908104e+00
1.659999997711181763e+01
1.119999992370605391e+01
5.399999988555908459e+00
1.019999998474121128e+01
6.599999994277953697e+00
4.699999969482421847e+01
4.399999946594237876e+00
7.400000015258789254e+00
8.200000007629395071e+00
4.799999977111816030e+00
4.879999990844726909e+01
7.600000015258789432e+00
1.119999998474121128e+01
7.020000012207030693e+01
5.199999987792968881e+01
1.000000001525878979e+01
6.200000007629394183e+00
1.719999992370605568e+01
1.279999986267089795e+01
1.280000001525878872e+01
9.999999946594238409e+00
4.079999972534179875e+01
7.799999994277953874e+00
7.999999988555908104e+00
4.399999994277954407e+00
2.859999989318847824e+01
1.339999995422363277e+01
2.740000003051757815e+01
9.999999954223632415e+00
1.579999998474121092e+01
3.399999988555908015e+00
1.559999992370605426e+01
5.399999988555908459e+00
1.099999995422363241e+01
2.799999999999999822e+00
9.399999984741210568e+00
8.399999988555908459e+00
1.659999992370605426e+01
1.419999989318847611e+01
9.999999946594238409e+00
1.099999995422363241e+01
3.879999969482421562e+01
6.200000007629394183e+00
8.000000015258789787e+00
6.999999984741211101e+00
9.600000015258789432e+00
2.140000003051757815e+01
8.999999977111816207e+00
1.159999998474121163e+01
8.799999946594239120e+00
9.800000007629394716e+00
1.139999989318847717e+01
9.000000007629394005e+00
1.060000000762939365e+01
9.799999946594239120e+00
7.400000007629394361e+00
8.600000015258789432e+00
8.800000007629394716e+00
1.059999999427795458e+01
8.999999977111816207e+00
9.200000015258789077e+00
1.040000001525878837e+01
1.039999992370605497e+01
8.000000007629394005e+00
9.599999988555907748e+00
7.999999977111816207e+00
9.599999988555907748e+00
1.019999998474121128e+01
9.199999946594237699e+00
8.999999946594238409e+00
1.019999997711181727e+01
1.079999995422363313e+01
9.800000007629394716e+00
1.060000001525878943e+01
9.200000007629395071e+00
1.539999995422363277e+01
1.319999994659423770e+01
1.399999994659423841e+01
1.939999989318847540e+01
1.860000000000000142e+01
2.399999993896484440e+01
2.139999999999999858e+01
2.799999987792968881e+01
2.699999987792968881e+01
2.839999996948242256e+01
2.460000000000000142e+01
3.399999987792968881e+01
2.879999987792968597e+01
2.719999990844726412e+01
3.179999996948242114e+01
3.659999978637695506e+01
4.560000006103515346e+01
4.879999969482421562e+01
3.919999984741210852e+01
3.520000000000000284e+01
3.679999969482421562e+01
3.639999975585937619e+01
3.519999981689453250e+01
3.559999987792969023e+01
3.979999981689453392e+01
3.959999996948242540e+01
3.839999984741211136e+01
3.719999996948241971e+01
3.919999978637695648e+01
3.919999975585937335e+01
4.159999978637695506e+01
4.080000006103515631e+01
4.099999972534179449e+01
3.499999984741211279e+01
3.959999984741210710e+01
3.799999975585937761e+01
3.959999990844726625e+01
4.299999969482421847e+01
4.180000003051758029e+01
4.179999975585937477e+01
4.179999999999999716e+01
4.279999984741210994e+01
4.119999996948241971e+01
4.360000000000000142e+01
4.099999981689452966e+01
4.139999993896484654e+01
4.439999969482421704e+01
4.239999975585937619e+01
4.279999969482421562e+01
4.099999978637695364e+01
4.580000006103515631e+01
4.379999978637695079e+01
4.039999975585937619e+01
4.320000003051757886e+01
4.420000006103515489e+01
4.299999972534179449e+01
4.440000003051757460e+01
4.379999993896484511e+01
4.380000003051758029e+01
4.279999981689453392e+01
4.339999978637695222e+01
4.459999996948242540e+01
4.519999993896484369e+01
4.279999969482421562e+01
4.499999978637695364e+01
4.419999975585937335e+01
4.419999972534179733e+01
4.419999978637695648e+01
4.840000006103515773e+01
4.419999972534179733e+01
4.459999969482421989e+01
4.659999987792969023e+01
4.660000003051757744e+01
4.659999996948242540e+01
4.339999990844726341e+01
4.139999996948242256e+01
4.620000006103515489e+01
4.339999972534180017e+01
4.520000003051757886e+01
4.679999969482421562e+01
4.439999981689452824e+01
4.379999972534179875e+01
4.659999975585937193e+01
4.419999990844726767e+01
4.519999996948241971e+01
4.540000006103515773e+01
4.339999972534180017e+01
4.519999972534179733e+01
4.579999972534179875e+01
4.499999990844726483e+01
4.760000003051757744e+01
4.699999975585937761e+01
