9.460000012207031261e+01
9.800000000000000000e+01
1.000000000000000000e+02
9.959999999999999432e+01
9.740000000000000568e+01
9.900000000000000000e+01
9.620000006103515489e+01
8.039999951171874670e+01
9.659999963378906784e+01
9.939999963378906500e+01
9.979999999999999716e+01
9.779999963378905647e+01
1.000000000000000000e+02
9.280000012207031546e+01
1.000000000000000000e+02
1.000000000000000000e+02
9.979999963378905647e+01
9.779999963378905647e+01
9.840000006103515773e+01
9.340000012207030977e+01
1.000000000000000000e+02
9.859999999999999432e+01
1.000000000000000000e+02
9.659999999999999432e+01
9.879999999999999716e+01
1.000000000000000000e+02
1.000000000000000000e+02
9.959999963378906784e+01
9.779999963378905647e+01
9.959999963378906784e+01
1.000000000000000000e+02
9.859999999999999432e+01
9.280000012207031546e+01
1.000000000000000000e+02
1.000000000000000000e+02
1.000000000000000000e+02
1.000000000000000000e+02
9.979999999999999716e+01
9.880000006103514920e+01
1.000000000000000000e+02
9.900000000000000000e+01
9.920000000000000284e+01
1.000000000000000000e+02
1.000000000000000000e+02
9.979999999999999716e+01
9.979999999999999716e+01
1.000000000000000000e+02
9.979999999999999716e+01
1.000000000000000000e+02
1.000000000000000000e+02
9.859999999999999432e+01
1.000000000000000000e+02
9.940000000000000568e+01
9.959999963378906784e+01
9.279999969482422273e+01
1.000000000000000000e+02
1.000000000000000000e+02
1.000000000000000000e+02
1.000000000000000000e+02
1.000000000000000000e+02
9.959999999999999432e+01
9.979999999999999716e+01
9.920000000000000284e+01
9.879999999999999716e+01
1.000000000000000000e+02
9.800000000000000000e+01
8.259999945068359750e+01
1.000000000000000000e+02
1.000000000000000000e+02
9.979999999999999716e+01
1.000000000000000000e+02
1.000000000000000000e+02
9.979999999999999716e+01
1.000000000000000000e+02
1.000000000000000000e+02
9.979999999999999716e+01
1.000000000000000000e+02
9.979999999999999716e+01
1.000000000000000000e+02
9.920000000000000284e+01
9.319999969482421420e+01
1.000000000000000000e+02
8.319999957275391012e+01
8.899999938964843693e+01
8.720000006103515489e+01
8.760000006103516057e+01
8.479999975585937477e+01
8.479999987792969307e+01
9.159999981689453818e+01
8.639999969482421704e+01
9.019999975585938046e+01
8.700000012207031830e+01
9.539999963378906500e+01
8.819999987792968454e+01
8.420000000000000284e+01
8.579999981689452682e+01
8.819999938964843977e+01
9.180000012207031546e+01
9.079999938964843409e+01
9.039999938964844262e+01
9.520000006103515489e+01
8.599999957275390727e+01
9.399999963378905932e+01
9.640000000000000568e+01
9.559999999999999432e+01
9.179999969482422273e+01
9.279999969482422273e+01
8.879999981689452682e+01
9.540000000000000568e+01
9.399999963378905932e+01
9.560000006103516057e+01
9.319999969482421420e+01
8.859999975585937193e+01
9.759999963378906784e+01
9.539999969482421704e+01
9.599999969482422557e+01
8.759999987792969023e+01
9.060000012207031261e+01
9.119999938964843977e+01
9.440000006103515773e+01
9.219999969482421420e+01
9.519999969482421420e+01
9.479999938964843409e+01
8.119999951171874386e+01
8.059999951171874955e+01
8.139999963378906500e+01
8.039999981689453534e+01
7.740000000000000568e+01
7.959999993896484227e+01
8.139999951171874670e+01
7.979999951171875239e+01
7.919999957275391012e+01
8.139999963378906500e+01
8.000000012207031830e+01
7.799999951171875523e+01
7.839999987792968739e+01
7.779999987792969307e+01
7.940000000000000568e+01
8.059999938964843125e+01
7.899999957275390727e+01
8.139999945068359466e+01
8.059999993896484227e+01
8.160000012207031261e+01
8.140000006103515773e+01
8.099999945068358898e+01
8.020000006103515489e+01
8.079999981689452682e+01
7.979999963378905647e+01
8.239999945068359466e+01
8.139999945068359466e+01
7.899999969482422557e+01
8.099999945068358898e+01
8.159999938964843125e+01
7.980000006103514920e+01
8.199999981689452966e+01
8.159999987792969023e+01
8.159999981689453818e+01
7.759999987792969023e+01
8.019999945068359182e+01
8.079999951171875239e+01
8.159999999999999432e+01
8.119999975585938046e+01
8.039999945068359466e+01
8.020000000000000284e+01
8.059999993896484227e+01
8.139999951171874670e+01
8.099999981689452966e+01
8.059999987792969023e+01
8.019999951171874386e+01
8.079999981689452682e+01
7.960000006103516057e+01
8.079999957275390443e+01
8.079999938964843409e+01
8.199999938964843693e+01
7.939999993896483943e+01
8.099999981689452966e+01
7.999999993896484796e+01
8.159999987792969023e+01
8.139999987792968739e+01
7.999999963378905932e+01
7.999999951171875523e+01
8.099999938964843693e+01
8.219999945068359182e+01
8.079999999999999716e+01
7.919999993896485080e+01
8.159999945068359750e+01
8.259999987792969023e+01
8.019999963378906216e+01
8.039999993896483943e+01
8.079999987792969307e+01
8.079999987792969307e+01
8.100000006103515204e+01
8.140000000000000568e+01
8.039999951171874670e+01
8.160000006103516057e+01
8.079999987792969307e+01
8.200000000000000000e+01
8.019999957275391012e+01
8.039999987792968739e+01
8.159999975585937193e+01
