1.000000000000000000e+02
9.680000006103514920e+01
1.000000000000000000e+02
9.959999999999999432e+01
9.820000006103515489e+01
9.139999969482421704e+01
8.199999993896484796e+01
9.499999975585937761e+01
9.219999963378906216e+01
9.580000006103514920e+01
1.000000000000000000e+02
9.859999999999999432e+01
9.939999963378906500e+01
9.859999963378906784e+01
9.940000000000000568e+01
7.940000006103515773e+01
9.979999999999999716e+01
1.000000000000000000e+02
9.979999999999999716e+01
1.000000000000000000e+02
8.539999938964844262e+01
9.459999963378906784e+01
8.259999938964843125e+01
1.000000000000000000e+02
1.000000000000000000e+02
9.979999999999999716e+01
9.979999999999999716e+01
9.959999999999999432e+01
1.000000000000000000e+02
9.940000000000000568e+01
1.000000000000000000e+02
9.959999999999999432e+01
1.000000000000000000e+02
9.959999999999999432e+01
9.859999963378906784e+01
1.000000000000000000e+02
1.000000000000000000e+02
9.979999999999999716e+01
1.000000000000000000e+02
9.760000006103516057e+01
9.339999969482421704e+01
9.079999938964843409e+01
9.920000000000000284e+01
9.940000000000000568e+01
9.859999963378906784e+01
9.959999999999999432e+01
1.000000000000000000e+02
9.759999963378906784e+01
9.979999999999999716e+01
8.759999981689453818e+01
9.979999999999999716e+01
1.000000000000000000e+02
9.979999999999999716e+01
8.519999945068359182e+01
9.959999999999999432e+01
9.920000000000000284e+01
9.919999963378906216e+01
9.959999963378906784e+01
1.000000000000000000e+02
9.959999999999999432e+01
9.859999963378906784e+01
9.959999999999999432e+01
1.000000000000000000e+02
9.959999999999999432e+01
9.859999963378906784e+01
1.000000000000000000e+02
1.000000000000000000e+02
9.939999963378906500e+01
9.859999963378906784e+01
9.899999963378905932e+01
9.559999969482421989e+01
9.959999999999999432e+01
9.979999999999999716e+01
1.000000000000000000e+02
1.000000000000000000e+02
1.000000000000000000e+02
9.920000000000000284e+01
1.000000000000000000e+02
1.000000000000000000e+02
9.839999963378906500e+01
9.940000000000000568e+01
9.900000000000000000e+01
9.399999963378905932e+01
9.020000000000000284e+01
8.939999975585936909e+01
8.959999987792969023e+01
8.739999969482421704e+01
9.139999987792968739e+01
9.460000012207031261e+01
9.399999969482422557e+01
9.219999975585938046e+01
9.619999963378906216e+01
9.300000006103515204e+01
9.480000006103514920e+01
9.599999963378905932e+01
9.699999969482422557e+01
9.360000006103516057e+01
9.499999938964843693e+01
9.680000006103514920e+01
9.620000006103515489e+01
8.599999993896484796e+01
9.379999963378905647e+01
9.679999969482422273e+01
9.540000012207030977e+01
9.480000006103514920e+01
9.859999999999999432e+01
9.620000000000000284e+01
9.520000006103515489e+01
9.259999969482421989e+01
9.360000012207031261e+01
9.079999975585937477e+01
9.619999963378906216e+01
9.499999969482422557e+01
9.300000006103515204e+01
9.680000006103514920e+01
9.920000000000000284e+01
9.840000000000000568e+01
9.899999963378905932e+01
9.900000000000000000e+01
9.799999963378905932e+01
9.319999969482421420e+01
9.559999963378906784e+01
9.680000012207031546e+01
8.279999987792969307e+01
8.379999938964843409e+01
8.259999987792969023e+01
8.099999993896484796e+01
8.119999957275391012e+01
8.199999975585937761e+01
8.139999993896483943e+01
7.879999993896484511e+01
8.239999938964844262e+01
8.319999957275391012e+01
8.119999963378906216e+01
8.459999945068359750e+01
8.079999987792969307e+01
8.219999957275391012e+01
7.939999981689453534e+01
8.499999987792968170e+01
8.240000000000000568e+01
7.859999951171874955e+01
8.499999945068358898e+01
8.440000006103515773e+01
8.099999987792968170e+01
8.239999987792968739e+01
8.259999945068359750e+01
8.039999993896483943e+01
8.279999975585937477e+01
8.419999987792968454e+01
8.179999963378905647e+01
8.439999987792968739e+01
8.259999957275390159e+01
8.279999938964843409e+01
8.059999945068359750e+01
8.419999938964843977e+01
8.599999987792968170e+01
8.639999975585936909e+01
8.459999945068359750e+01
8.379999981689452682e+01
8.259999981689453818e+01
8.339999975585936909e+01
8.499999945068358898e+01
8.499999987792968170e+01
8.379999987792969307e+01
8.299999951171875523e+01
8.359999993896484227e+01
8.399999981689452966e+01
8.199999938964843693e+01
8.359999987792969023e+01
8.159999987792969023e+01
8.139999951171874670e+01
8.239999987792968739e+01
8.439999938964844262e+01
7.959999951171874955e+01
8.279999945068360034e+01
8.640000012207030977e+01
8.179999981689452682e+01
8.259999993896484227e+01
8.740000012207030977e+01
8.379999945068360034e+01
8.239999938964844262e+01
8.640000006103515773e+01
8.479999975585937477e+01
8.259999951171874955e+01
8.419999938964843977e+01
8.439999957275391296e+01
8.259999938964843125e+01
8.179999993896484511e+01
8.219999945068359182e+01
8.299999945068358898e+01
8.219999938964843977e+01
8.359999945068359750e+01
8.119999963378906216e+01
8.399999951171875523e+01
8.199999993896484796e+01
8.099999957275390727e+01
8.299999945068358898e+01
8.479999975585937477e+01
8.139999938964844262e+01
8.380000012207031546e+01
