3.999999942779540740e-01
1.999999994277954052e+00
2.000000000000000111e-01
8.000000000000000444e-01
3.200000007629394627e+00
4.399999946594237876e+00
1.119999992370605391e+01
4.279999969482421562e+01
3.799999988555908370e+00
5.000000007629394894e+00
5.199999994277954229e+00
1.520000001525878908e+01
1.799999994277954096e+00
2.199999994277954229e+00
1.159999994659423805e+01
2.819999987792968810e+01
4.600000007629394538e+00
1.739999986267089938e+01
7.399999946594237876e+00
2.399999994277953963e+00
9.399999946594238764e+00
1.459999992370605426e+01
4.600000015258789432e+00
3.799999994277954318e+00
8.200000007629395071e+00
3.000000007629394450e+00
8.999999946594238409e+00
8.599999946594238054e+00
1.819999999999999929e+01
9.200000015258789077e+00
1.179999995422363313e+01
4.119999996948241971e+01
2.919999986267090009e+01
8.059999951171874955e+01
5.000000007629394894e+00
6.999999946594238409e+00
4.800000007629394716e+00
5.199999984741211279e+01
1.659999995422363384e+01
1.099999997711181621e+01
1.199999994659423841e+01
3.799999988555908370e+00
1.359999995422363206e+01
1.239999997711181656e+01
1.799999988555908148e+00
1.899999998474121199e+01
6.019999990844726767e+01
2.799999999999999822e+00
1.379999998474121092e+01
2.979999984741210994e+01
8.999999977111816207e+00
1.679999995422363313e+01
2.939999993896484298e+01
4.599999994277953697e+00
3.399999994277953963e+00
1.419999989318847611e+01
1.679999989318847753e+01
2.779999996948242114e+01
1.320000000762939507e+01
8.000000015258789787e+00
1.499999995422363241e+01
3.519999981689453250e+01
2.379999989318847753e+01
9.200000015258789077e+00
2.279999993896484511e+01
1.819999998474121128e+01
9.400000007629394361e+00
1.760000001525878943e+01
1.199999994277954007e+00
1.319999995422363348e+01
9.599999984741211634e+00
5.719999990844726767e+01
1.520000001525878908e+01
1.639999994659423876e+01
5.879999996948242114e+01
9.999999946594238409e+00
1.739999998474121057e+01
2.359999995422363384e+01
6.800000007629394716e+00
3.239999987792968739e+01
1.779999998474121270e+01
2.959999987792968668e+01
4.139999996948242256e+01
6.399999969482421847e+01
7.239999945068359466e+01
7.179999963378905647e+01
7.279999963378905647e+01
7.719999957275391012e+01
7.200000000000000000e+01
7.459999987792969023e+01
7.439999969482421704e+01
7.000000006103515204e+01
7.399999993896484796e+01
7.279999957275390443e+01
7.299999963378905932e+01
7.159999984741210710e+01
6.739999975585936909e+01
6.920000006103515489e+01
7.200000012207031830e+01
7.339999975585936909e+01
6.219999981689453250e+01
6.639999990844727051e+01
6.519999987792968454e+01
6.899999963378905932e+01
6.759999957275390159e+01
7.419999969482421420e+01
7.199999957275390727e+01
6.859999969482421989e+01
6.859999981689453818e+01
7.420000000000000284e+01
6.460000012207031261e+01
6.959999957275390159e+01
7.279999969482422273e+01
7.120000000000000284e+01
6.539999963378906500e+01
6.499999969482422557e+01
6.139999969482421704e+01
6.859999990844725914e+01
6.579999993896484511e+01
6.959999957275390159e+01
6.820000006103515489e+01
8.119999975585938046e+01
7.579999957275390443e+01
8.139999987792968739e+01
8.459999987792969023e+01
8.419999963378906216e+01
8.599999981689452966e+01
8.639999938964844262e+01
8.720000006103515489e+01
8.479999987792969307e+01
8.400000000000000000e+01
8.419999987792968454e+01
8.360000012207031261e+01
8.379999938964843409e+01
8.379999945068360034e+01
8.359999945068359750e+01
8.599999945068358898e+01
8.599999945068358898e+01
8.339999945068359466e+01
8.479999951171875239e+01
8.379999945068360034e+01
8.339999945068359466e+01
8.339999981689453534e+01
8.439999938964844262e+01
8.359999957275390159e+01
8.319999981689453250e+01
8.379999938964843409e+01
8.339999957275391296e+01
8.419999957275391012e+01
8.419999981689453250e+01
8.379999981689452682e+01
8.339999975585936909e+01
8.459999945068359750e+01
8.539999945068359466e+01
8.379999987792969307e+01
8.359999993896484227e+01
8.479999951171875239e+01
8.279999938964843409e+01
8.419999987792968454e+01
8.319999945068359182e+01
8.399999981689452966e+01
8.380000012207031546e+01
8.619999938964843977e+01
8.279999951171875239e+01
8.579999987792969307e+01
8.579999945068360034e+01
8.539999938964844262e+01
8.639999938964844262e+01
8.479999999999999716e+01
8.339999951171874670e+01
8.339999987792968739e+01
8.399999993896484796e+01
8.379999951171875239e+01
8.519999987792968454e+01
8.519999945068359182e+01
8.340000000000000568e+01
8.439999987792968739e+01
8.399999938964843693e+01
8.479999938964843409e+01
8.379999938964843409e+01
8.499999945068358898e+01
8.439999981689453534e+01
8.359999945068359750e+01
8.560000012207031261e+01
8.579999945068360034e+01
8.559999981689453818e+01
8.479999981689452682e+01
8.399999987792968170e+01
8.359999975585937193e+01
8.439999993896483943e+01
8.679999987792969307e+01
8.519999975585938046e+01
8.379999951171875239e+01
8.600000012207031830e+01
8.439999945068359466e+01
8.439999951171874670e+01
8.379999981689452682e+01
8.499999951171875523e+01
8.460000012207031261e+01
8.639999975585936909e+01
