0.000000000000000000e+00
0.000000000000000000e+00
4.740000006103515773e+01
0.000000000000000000e+00
2.000000000000000111e-01
1.339999989318847717e+01
3.299999987792968881e+01
5.599999988555908637e+00
5.599999988555908637e+00
3.400000007629394361e+00
5.999999999999999778e-01
2.399999994277953963e+00
1.599999994277954141e+00
4.999999988555908104e+00
8.799999946594239120e+00
2.799999994277954318e+00
3.599999994277954141e+00
8.999999988555908104e+00
5.200000007629394183e+00
2.799999988555908370e+00
8.000000007629394005e+00
2.000000000000000000e+00
4.280000006103515631e+01
1.100000001525878979e+01
3.199999994277954229e+00
4.599999988555908637e+00
1.219999998474121128e+01
1.099999998474121021e+01
5.939999978637695222e+01
1.019999995422363348e+01
1.479999992370605533e+01
3.939999993896484654e+01
3.799999994277954318e+00
4.639999975585937619e+01
1.079999994659423912e+01
8.199999954223633480e+00
5.399999988555908459e+00
1.779999995422363313e+01
2.000000000000000111e-01
2.099999986267089724e+01
9.399999977111816563e+00
7.199999946594238587e+00
1.680000003051757673e+01
9.000000007629394005e+00
1.199999995422363241e+01
1.919999994659423947e+01
6.999999977111816207e+00
6.920000012207030693e+01
7.599999946594238054e+00
4.000000000000000222e-01
3.979999981689453392e+01
1.479999994659423912e+01
7.400000015258789254e+00
2.399999996948242043e+01
8.999999988555908104e+00
3.339999978637695222e+01
8.800000007629394716e+00
2.759999987792968668e+01
2.999999977111816207e+00
6.799999946594238232e+00
1.759999997711181763e+01
5.399999977111816563e+00
2.239999986267089938e+01
1.999999986267089724e+01
1.379999995422363313e+01
8.399999946594238764e+00
1.580000001525878872e+01
1.999999998474121199e+01
6.599999984741210746e+00
9.400000015258788366e+00
1.299999995422363241e+01
1.279999998474121092e+01
6.199999988555908281e+00
1.339999992370605497e+01
1.819999998474121128e+01
2.639999987792968739e+01
3.600000007629394538e+00
8.800000015258788721e+00
2.099999989318847682e+01
9.379999969482422273e+01
2.419999996948242327e+01
1.319999994659423770e+01
3.079999981689453037e+01
4.779999993896484511e+01
5.919999981689453250e+01
6.819999957275391012e+01
7.859999951171874955e+01
7.779999999999999716e+01
7.419999957275391012e+01
7.599999987792968170e+01
7.979999999999999716e+01
7.639999957275391296e+01
7.760000006103516057e+01
7.499999963378905932e+01
7.759999993896484227e+01
7.819999945068359182e+01
7.159999993896484227e+01
7.379999957275390443e+01
7.620000000000000284e+01
6.699999987792968170e+01
7.699999951171875523e+01
7.159999963378906784e+01
7.759999957275390159e+01
7.719999957275391012e+01
6.899999978637694653e+01
7.459999963378906784e+01
7.299999957275390727e+01
5.419999996948241971e+01
7.719999987792968454e+01
7.539999978637695222e+01
6.379999993896484511e+01
7.800000006103515204e+01
7.040000000000000568e+01
7.479999963378905647e+01
7.560000006103516057e+01
6.639999987792968739e+01
7.359999957275390159e+01
7.720000000000000284e+01
7.200000006103515204e+01
7.819999993896485080e+01
7.239999969482421704e+01
7.279999957275390443e+01
7.459999981689453818e+01
8.300000012207031830e+01
8.499999951171875523e+01
8.759999981689453818e+01
8.780000012207031546e+01
9.059999981689453818e+01
9.019999963378906216e+01
9.039999975585936909e+01
9.119999969482421420e+01
9.119999969482421420e+01
9.079999963378905647e+01
8.879999981689452682e+01
8.979999975585937477e+01
8.819999975585938046e+01
8.899999945068358898e+01
8.720000012207030693e+01
8.839999987792968739e+01
8.820000006103515489e+01
8.839999981689453534e+01
8.699999945068358898e+01
8.739999975585936909e+01
8.739999969482421704e+01
8.759999938964843125e+01
8.699999981689452966e+01
8.600000000000000000e+01
8.679999981689452682e+01
8.699999975585937761e+01
8.679999987792969307e+01
8.679999987792969307e+01
8.679999975585937477e+01
8.939999938964844262e+01
8.839999938964844262e+01
8.679999938964843409e+01
8.619999938964843977e+01
8.799999975585937761e+01
8.840000012207030977e+01
8.860000012207031261e+01
8.860000012207031261e+01
8.839999938964844262e+01
8.579999957275390443e+01
8.859999938964843125e+01
8.839999975585936909e+01
8.799999987792968170e+01
8.859999975585937193e+01
8.859999938964843125e+01
9.059999938964843125e+01
8.759999981689453818e+01
8.839999981689453534e+01
8.919999938964843977e+01
8.939999945068359466e+01
8.979999938964843409e+01
8.839999938964844262e+01
8.739999969482421704e+01
8.919999975585938046e+01
8.999999975585937761e+01
8.899999975585937761e+01
8.799999975585937761e+01
8.759999938964843125e+01
9.099999938964843693e+01
8.979999951171875239e+01
8.939999945068359466e+01
8.959999975585937193e+01
8.959999975585937193e+01
8.799999969482422557e+01
8.959999938964843125e+01
9.080000012207031546e+01
9.040000012207030977e+01
8.859999975585937193e+01
9.059999975585937193e+01
8.879999969482422273e+01
8.879999975585937477e+01
8.859999975585937193e+01
9.080000006103514920e+01
9.059999938964843125e+01
9.020000012207030693e+01
8.939999938964844262e+01
8.939999938964844262e+01
8.999999969482422557e+01
