0.000000000000000000e+00
3.459999987792969023e+01
1.140000001525878837e+01
4.319999978637695648e+01
1.899999995422363241e+01
2.000000000000000111e-01
1.500000001525878979e+01
1.619999997711181550e+01
5.000000007629394894e+00
2.199999994277954229e+00
7.599999946594238054e+00
8.399999988555908459e+00
5.999999942779541406e-01
2.999999994277954052e+00
3.999999972534179449e+01
6.840000000000000568e+01
1.360000001525878943e+01
2.179999981689453037e+01
4.199999969482421847e+01
2.599999988555908192e+00
3.199999988555908281e+00
6.279999987792968597e+01
1.780000003051757673e+01
3.400000007629394361e+00
1.599999994277954141e+00
2.799999988555908370e+00
4.019999996948241971e+01
1.959999986267089866e+01
1.639999998474121057e+01
3.879999978637695079e+01
6.799999946594238232e+00
2.419999990844726412e+01
9.260000012207031261e+01
1.140000001525878837e+01
7.800000007629394716e+00
2.740000003051757815e+01
4.039999981689452824e+01
5.999999999999999778e-01
8.600000007629393650e+00
3.019999993896484369e+01
4.799999946594238232e+00
1.120000001525878908e+01
1.020000000762939507e+01
2.660000003051757744e+01
9.000000015258789787e+00
9.999999942779540518e-01
1.319999995422363348e+01
1.719999998474121128e+01
1.759999986267089866e+01
1.620000000762939507e+01
1.139999995422363277e+01
1.599999994659423841e+01
2.259999986267089866e+01
6.799999977111816030e+00
8.199999988555907393e+00
2.419999996948242327e+01
1.519999986267089831e+01
1.599999992370605462e+01
1.919999995422363170e+01
3.979999993896484511e+01
7.200000007629394183e+00
1.259999998474121163e+01
3.800000000000000000e+01
1.659999997711181763e+01
3.479999990844726909e+01
2.179999989318847753e+01
1.059999998474121163e+01
4.359999972534179591e+01
1.559999995422363206e+01
1.900000003051757957e+01
7.599999993896484796e+01
2.919999996948242327e+01
1.399999988555908237e+00
3.139999993896484298e+01
4.139999969482421704e+01
2.379999992370605355e+01
1.959999996948242185e+01
1.180000001525878872e+01
5.819999987792968454e+01
1.739999989318847540e+01
2.379999990844726554e+01
3.619999981689453250e+01
4.199999969482421847e+01
3.979999978637695079e+01
4.919999981689453250e+01
6.019999990844726767e+01
6.919999963378906216e+01
7.740000006103515773e+01
7.499999978637694653e+01
7.420000000000000284e+01
7.319999951171874386e+01
7.499999951171875523e+01
7.620000000000000284e+01
7.499999963378905932e+01
7.959999999999999432e+01
7.639999969482421704e+01
7.439999993896483943e+01
8.119999938964843977e+01
7.599999993896484796e+01
7.660000006103516057e+01
8.159999981689453818e+01
7.439999969482421704e+01
7.599999963378905932e+01
7.719999951171874386e+01
7.539999963378906500e+01
7.039999984741210426e+01
8.419999987792968454e+01
7.359999987792969023e+01
7.320000012207030693e+01
7.979999938964843409e+01
7.879999975585937477e+01
7.859999993896484227e+01
7.260000006103516057e+01
8.499999993896484796e+01
7.759999957275390159e+01
7.819999951171874386e+01
7.160000006103516057e+01
7.959999999999999432e+01
7.579999999999999716e+01
7.759999993896484227e+01
7.959999957275390159e+01
7.779999999999999716e+01
8.279999981689452682e+01
8.019999938964843977e+01
8.019999945068359182e+01
8.379999981689452682e+01
8.099999963378905932e+01
8.279999951171875239e+01
8.619999945068359182e+01
8.839999975585936909e+01
8.919999975585938046e+01
9.179999969482422273e+01
9.240000012207030977e+01
8.799999938964843693e+01
8.720000012207030693e+01
8.819999938964843977e+01
8.659999975585937193e+01
8.659999975585937193e+01
8.639999975585936909e+01
8.679999987792969307e+01
8.679999951171875239e+01
8.499999975585937761e+01
8.699999981689452966e+01
8.659999987792969023e+01
8.819999975585938046e+01
8.739999987792968739e+01
8.740000012207030977e+01
8.579999945068360034e+01
8.659999981689453818e+01
8.679999938964843409e+01
8.739999981689453534e+01
8.639999981689453534e+01
8.719999975585938046e+01
8.779999981689452682e+01
8.739999981689453534e+01
8.719999981689453250e+01
8.679999975585937477e+01
8.700000012207031830e+01
8.799999975585937761e+01
8.719999938964843977e+01
8.739999969482421704e+01
8.879999969482422273e+01
8.740000012207030977e+01
8.679999987792969307e+01
8.760000012207031261e+01
8.839999945068359466e+01
8.879999975585937477e+01
8.880000012207031546e+01
8.799999987792968170e+01
8.799999945068358898e+01
8.719999975585938046e+01
8.699999945068358898e+01
8.860000012207031261e+01
8.859999981689453818e+01
8.779999975585937477e+01
8.799999938964843693e+01
8.719999981689453250e+01
8.880000012207031546e+01
8.779999938964843409e+01
8.940000012207030977e+01
8.679999987792969307e+01
8.780000012207031546e+01
8.959999975585937193e+01
8.780000012207031546e+01
8.919999975585938046e+01
8.679999975585937477e+01
8.859999938964843125e+01
8.739999969482421704e+01
8.779999975585937477e+01
8.799999945068358898e+01
8.899999975585937761e+01
8.719999938964843977e+01
8.600000012207031830e+01
8.879999981689452682e+01
8.859999945068359750e+01
8.839999975585936909e+01
8.699999938964843693e+01
8.819999945068359182e+01
8.919999945068359182e+01
8.760000012207031261e+01
