9.799999977111816918e+00
2.599999988555908192e+00
2.000000000000000000e+00
1.959999986267089866e+01
1.119999998855590739e+01
2.639999987792968739e+01
7.799999946594238232e+00
3.600000000000000089e+00
2.439999986267089938e+01
3.779999978637695079e+01
1.579999998474121092e+01
1.259999992370605426e+01
5.939999975585937619e+01
3.479999981689453392e+01
4.059999981689453108e+01
8.759999938964843125e+01
6.899999978637694653e+01
4.799999946594238232e+00
2.319999998474121128e+01
1.059999994659423805e+01
1.659999997711181763e+01
3.819999981689453250e+01
2.680000003051757673e+01
2.779999990844726554e+01
1.599999994277954141e+00
3.420000000000000284e+01
1.459999994659423805e+01
8.419999951171874386e+01
1.600000001525878801e+01
8.899999945068358898e+01
4.199999994277954229e+00
3.319999984741210852e+01
5.299999984741211279e+01
2.139999989318847540e+01
2.259999989318847824e+01
2.779999996948242114e+01
4.339999984741211136e+01
3.160000000000000142e+01
1.639999994659423876e+01
4.599999969482421847e+01
2.639999978637695222e+01
3.839999984741211136e+01
2.519999992370605568e+01
5.179999975585937477e+01
3.939999975585937619e+01
6.699999975585937761e+01
4.039999987792968739e+01
2.099999998474121199e+01
4.399999978637695364e+01
2.099999989318847682e+01
5.479999987792968597e+01
7.179999963378905647e+01
6.559999963378906784e+01
4.899999996948242398e+01
8.019999993896485080e+01
2.519999993896484369e+01
3.679999984741210994e+01
4.620000000000000284e+01
3.399999972534179449e+01
3.440000006103515773e+01
2.679999984741210994e+01
1.159999995422363206e+01
3.319999993896484369e+01
2.979999990844726554e+01
4.939999969482421704e+01
4.420000006103515489e+01
3.479999981689453392e+01
5.859999981689453108e+01
5.279999990844726909e+01
3.899999981689452966e+01
8.539999987792968739e+01
2.179999996948242114e+01
6.919999963378906216e+01
4.159999975585937193e+01
3.199999989318847682e+01
4.119999975585937335e+01
3.339999981689452824e+01
1.419999998474121128e+01
5.240000003051757460e+01
2.899999996948242043e+01
3.100000003051757957e+01
7.140000000000000568e+01
7.759999975585937193e+01
8.579999945068360034e+01
8.639999993896483943e+01
8.639999987792968739e+01
8.940000012207030977e+01
8.619999975585938046e+01
8.639999981689453534e+01
8.999999975585937761e+01
8.759999938964843125e+01
8.880000012207031546e+01
8.599999981689452966e+01
8.419999945068359182e+01
8.779999938964843409e+01
8.899999969482422557e+01
8.619999945068359182e+01
8.539999951171874670e+01
8.880000006103514920e+01
8.639999981689453534e+01
8.939999969482421704e+01
8.799999969482422557e+01
8.479999981689452682e+01
8.539999987792968739e+01
7.799999975585937761e+01
8.359999981689453818e+01
8.559999945068359750e+01
8.659999987792969023e+01
8.279999987792969307e+01
8.459999969482421989e+01
8.560000012207031261e+01
8.699999981689452966e+01
9.059999938964843125e+01
8.479999945068360034e+01
8.839999987792968739e+01
8.400000012207031830e+01
8.779999945068360034e+01
7.540000000000000568e+01
8.779999938964843409e+01
8.179999993896484511e+01
8.539999975585936909e+01
8.579999987792969307e+01
8.799999981689452966e+01
9.019999975585938046e+01
9.060000012207031261e+01
9.159999975585937193e+01
9.320000006103515489e+01
9.399999969482422557e+01
9.460000006103516057e+01
9.319999975585938046e+01
9.139999981689453534e+01
9.599999963378905932e+01
9.199999938964843693e+01
9.160000006103516057e+01
9.059999981689453818e+01
8.899999981689452966e+01
8.879999975585937477e+01
9.020000012207030693e+01
8.899999945068358898e+01
9.039999981689453534e+01
9.019999975585938046e+01
9.000000012207031830e+01
9.039999981689453534e+01
8.979999969482422273e+01
8.959999987792969023e+01
8.980000012207031546e+01
8.980000006103514920e+01
9.039999969482421704e+01
9.019999938964843977e+01
8.919999981689453250e+01
8.859999981689453818e+01
8.899999969482422557e+01
9.020000012207030693e+01
9.019999981689453250e+01
8.880000006103514920e+01
9.039999987792968739e+01
8.979999987792969307e+01
8.919999969482421420e+01
8.739999981689453534e+01
8.859999945068359750e+01
8.839999945068359466e+01
8.720000012207030693e+01
8.919999975585938046e+01
9.199999951171875523e+01
9.119999945068359182e+01
8.980000006103514920e+01
9.139999969482421704e+01
8.999999938964843693e+01
8.879999987792969307e+01
8.939999938964844262e+01
9.080000006103514920e+01
8.999999969482422557e+01
9.000000006103515204e+01
8.839999938964844262e+01
8.999999951171875523e+01
8.919999969482421420e+01
9.139999938964844262e+01
8.979999969482422273e+01
9.099999969482422557e+01
8.940000012207030977e+01
8.919999987792968454e+01
8.939999969482421704e+01
8.900000012207031830e+01
8.940000012207030977e+01
8.799999981689452966e+01
8.919999951171874386e+01
8.920000012207030693e+01
8.879999975585937477e+01
8.959999938964843125e+01
8.959999969482421989e+01
9.159999981689453818e+01
8.959999981689453818e+01
9.019999969482421420e+01
8.979999981689452682e+01
9.180000012207031546e+01
8.999999938964843693e+01
9.079999975585937477e+01
8.759999987792969023e+01
8.999999987792968170e+01
8.899999938964843693e+01
