0.000000000000000000e+00
0.000000000000000000e+00
5.999999999999999778e-01
5.399999977111816563e+00
1.139999998474121057e+01
2.119999999999999929e+01
3.999999946594238409e+00
4.999999994277954052e+00
8.200000015258789077e+00
6.439999981689453534e+01
5.600000007629394538e+00
5.600000007629394538e+00
2.499999993896484440e+01
9.199999977111817273e+00
4.799999977111816030e+00
3.999999988555908104e+00
2.900000000000000000e+01
2.519999978637695293e+01
3.160000003051757744e+01
2.579999989318847753e+01
2.779999993896484511e+01
5.339999993896484654e+01
1.559999992370605426e+01
1.679999989318847753e+01
2.959999987792968668e+01
2.839999996948242256e+01
1.360000001525878943e+01
1.200000001525878979e+01
2.319999995422363170e+01
5.799999988555907926e+00
1.759999989318847824e+01
5.799999988555907926e+00
1.639999989318847540e+01
2.400000003051757957e+01
5.520000000000000284e+01
9.399999963378905932e+01
2.319999989318847611e+01
3.039999990844726696e+01
2.719999996948242327e+01
5.039999975585937619e+01
1.799999992370605639e+01
6.439999978637695222e+01
2.959999975585937548e+01
2.879999995422363313e+01
6.380000012207031546e+01
2.859999990844726625e+01
2.680000000000000071e+01
1.879999989318847753e+01
4.159999978637695506e+01
1.999999942779540907e-01
6.800000007629394716e+00
1.859999992370605426e+01
1.659999989318847824e+01
9.000000007629394005e+00
1.379999989318847575e+01
6.399999988555908459e+00
1.419999998474121128e+01
1.499999995422363241e+01
5.579999969482421562e+01
2.139999989318847540e+01
1.920000000762939507e+01
7.000000015258788899e+00
1.039999998474121057e+01
5.979999987792968597e+01
3.519999978637695648e+01
9.560000012207031261e+01
7.180000012207031546e+01
1.379999995422363313e+01
1.799999989318847682e+01
2.999999996948242043e+01
4.539999981689452824e+01
2.200000003051757957e+01
2.399999987792968881e+01
1.819999993896484369e+01
9.999999923706054616e+00
3.519999987792968454e+01
2.899999987792968881e+01
4.599999988555908637e+00
4.620000003051757886e+01
2.579999996948242114e+01
5.119999984741210852e+01
9.140000012207030977e+01
6.019999975585937335e+01
7.319999987792968454e+01
7.739999951171874670e+01
8.279999981689452682e+01
7.600000006103515204e+01
8.239999951171874670e+01
8.059999957275390159e+01
8.159999999999999432e+01
7.959999938964843125e+01
7.919999951171874386e+01
7.959999945068359750e+01
7.819999993896485080e+01
7.720000006103515489e+01
7.959999981689453818e+01
7.839999938964844262e+01
7.560000006103516057e+01
7.719999951171874386e+01
7.919999987792968454e+01
7.779999938964843409e+01
7.759999999999999432e+01
7.779999999999999716e+01
7.539999963378906500e+01
7.639999963378906500e+01
7.759999981689453818e+01
7.839999945068359466e+01
7.679999987792969307e+01
7.639999993896483943e+01
8.359999951171874955e+01
7.899999957275390727e+01
7.940000000000000568e+01
8.199999951171875523e+01
8.339999987792968739e+01
7.799999951171875523e+01
8.139999993896483943e+01
7.820000000000000284e+01
7.859999981689453818e+01
7.520000006103515489e+01
7.739999945068359466e+01
7.999999993896484796e+01
7.939999945068359466e+01
8.159999945068359750e+01
8.899999975585937761e+01
9.119999975585938046e+01
8.939999969482421704e+01
9.039999938964844262e+01
9.159999938964843125e+01
9.160000012207031261e+01
9.239999938964844262e+01
9.300000006103515204e+01
9.260000006103516057e+01
9.059999981689453818e+01
9.160000006103516057e+01
9.099999981689452966e+01
8.639999987792968739e+01
9.019999969482421420e+01
8.999999969482422557e+01
8.820000012207030693e+01
8.720000012207030693e+01
8.839999975585936909e+01
8.759999945068359750e+01
8.819999969482421420e+01
8.779999981689452682e+01
8.759999975585937193e+01
8.839999975585936909e+01
8.920000012207030693e+01
8.959999975585937193e+01
8.919999969482421420e+01
8.979999981689452682e+01
8.739999938964844262e+01
8.840000012207030977e+01
8.820000012207030693e+01
8.719999938964843977e+01
8.779999981689452682e+01
8.979999969482422273e+01
8.740000012207030977e+01
8.799999981689452966e+01
8.639999951171874670e+01
8.799999945068358898e+01
8.739999975585936909e+01
8.859999938964843125e+01
8.880000012207031546e+01
8.979999975585937477e+01
8.759999951171874955e+01
8.919999945068359182e+01
8.899999975585937761e+01
8.919999975585938046e+01
8.939999945068359466e+01
9.019999975585938046e+01
9.119999969482421420e+01
8.959999975585937193e+01
8.939999981689453534e+01
8.859999938964843125e+01
8.879999938964843409e+01
9.099999945068358898e+01
8.919999993896485080e+01
8.800000012207031830e+01
8.979999938964843409e+01
8.959999981689453818e+01
8.879999938964843409e+01
8.759999981689453818e+01
8.940000006103515773e+01
8.779999975585937477e+01
8.839999975585936909e+01
8.999999981689452966e+01
8.899999969482422557e+01
8.919999975585938046e+01
8.879999963378905647e+01
9.040000006103515773e+01
8.880000006103514920e+01
8.839999981689453534e+01
8.899999951171875523e+01
8.839999981689453534e+01
8.899999981689452966e+01
8.659999945068359750e+01
8.839999981689453534e+01
8.919999975585938046e+01
8.739999951171874670e+01
8.720000012207030693e+01
