2.000000000000000111e-01
0.000000000000000000e+00
0.000000000000000000e+00
7.999999946594238409e+00
1.260000003051757744e+01
7.599999977111816740e+00
1.199999994277954007e+00
3.599999994277954141e+00
6.199999984741211279e+00
1.520000001525878908e+01
5.379999990844726909e+01
5.599999988555908637e+00
4.259999987792969023e+01
5.400000000000000355e+00
1.199999999999999956e+00
3.139999978637695222e+01
1.599999994277954141e+00
1.259999997711181585e+01
6.199999988555908281e+00
3.599999988555908192e+00
7.799999988555907926e+00
2.999999994277954052e+00
4.199999977111816385e+00
3.199999994277954229e+00
1.739999986267089938e+01
1.519999995422363348e+01
4.000000000000000000e+00
5.399999994277954407e+00
5.399999977111816563e+00
5.799999988555907926e+00
1.379999998855590881e+01
1.039999994659423876e+01
1.799999994277954096e+00
1.239999994659423876e+01
6.199999994277954229e+00
1.779999989318847753e+01
3.400000000000000000e+01
9.399999984741210568e+00
4.399999946594237876e+00
1.180000001525878872e+01
9.999999885559082147e-01
2.220000001525878730e+01
3.639999969482421704e+01
1.519999997711181727e+01
8.400000015258788366e+00
3.999999988555908104e+00
2.859999972534179591e+01
6.859999957275390159e+01
1.520000003051757886e+01
2.279999992370605355e+01
5.799999977111816030e+00
3.599999994277954141e+00
1.180000001525878872e+01
1.059999994659423805e+01
2.999999988555908104e+00
1.819999989318847611e+01
2.239999993896484298e+01
1.999999992370605639e+01
8.599999977111815852e+00
2.959999996948242185e+01
5.559999990844726625e+01
2.059999998474120986e+01
3.799999999999999822e+00
9.199999984741211279e+00
2.859999996948242185e+01
2.919999978637695293e+01
9.799999946594239120e+00
5.079999972534179875e+01
2.840000003051757815e+01
1.059999998474121163e+01
3.839999981689452824e+01
2.019999989318847611e+01
4.000000007629394894e+00
2.959999987792968668e+01
3.719999984741210852e+01
1.180000000762939472e+01
4.600000007629394538e+00
2.200000001525878801e+01
5.779999990844726909e+01
2.619999992370605568e+01
2.639999989318847540e+01
1.439999989318847717e+01
2.539999989318847540e+01
3.199999984741210923e+01
4.260000003051757744e+01
5.619999996948241971e+01
5.499999969482421847e+01
6.179999975585937477e+01
6.700000012207031830e+01
6.599999981689452966e+01
6.639999963378906500e+01
6.619999981689453250e+01
6.700000000000000000e+01
6.659999984741210710e+01
7.239999963378906500e+01
5.999999993896484085e+01
6.519999975585938046e+01
6.759999969482421989e+01
7.120000012207030693e+01
7.040000006103515773e+01
6.519999981689453250e+01
6.520000012207030693e+01
6.199999975585937761e+01
6.719999969482421420e+01
6.599999975585937761e+01
5.779999993896484511e+01
6.799999978637694653e+01
6.299999978637695364e+01
6.879999957275390443e+01
6.759999993896484227e+01
7.620000000000000284e+01
7.079999963378905647e+01
6.820000000000000284e+01
6.779999981689452682e+01
6.699999981689452966e+01
6.619999987792968454e+01
5.560000006103515346e+01
6.659999999999999432e+01
6.159999978637695506e+01
6.960000012207031261e+01
6.539999990844727051e+01
6.439999981689453534e+01
6.499999978637694653e+01
6.580000012207031546e+01
6.659999978637695506e+01
6.540000012207030977e+01
7.459999963378906784e+01
8.059999981689453818e+01
8.419999945068359182e+01
8.579999981689452682e+01
8.599999938964843693e+01
8.880000012207031546e+01
8.199999951171875523e+01
8.519999938964843977e+01
8.259999987792969023e+01
8.579999938964843409e+01
8.559999981689453818e+01
8.479999981689452682e+01
8.439999981689453534e+01
8.239999987792968739e+01
8.139999951171874670e+01
8.559999938964843125e+01
8.339999981689453534e+01
8.740000012207030977e+01
8.459999951171874955e+01
8.439999938964844262e+01
8.579999951171875239e+01
8.499999987792968170e+01
8.619999938964843977e+01
8.539999945068359466e+01
8.479999951171875239e+01
8.359999993896484227e+01
8.619999938964843977e+01
8.559999938964843125e+01
8.539999981689453534e+01
8.679999981689452682e+01
8.559999951171874955e+01
8.479999987792969307e+01
8.679999993896484511e+01
8.459999981689453818e+01
8.459999938964843125e+01
8.539999951171874670e+01
8.399999938964843693e+01
8.739999981689453534e+01
8.739999951171874670e+01
8.640000006103515773e+01
8.759999945068359750e+01
8.679999975585937477e+01
8.579999981689452682e+01
8.740000012207030977e+01
8.579999945068360034e+01
8.659999981689453818e+01
8.679999969482422273e+01
8.599999945068358898e+01
8.739999957275391296e+01
8.739999945068359466e+01
8.579999981689452682e+01
8.399999957275390727e+01
8.599999938964843693e+01
8.599999981689452966e+01
8.679999981689452682e+01
8.799999975585937761e+01
8.619999987792968454e+01
8.479999957275390443e+01
8.559999975585937193e+01
8.459999951171874955e+01
8.579999987792969307e+01
8.679999987792969307e+01
8.659999945068359750e+01
8.579999938964843409e+01
8.719999975585938046e+01
8.779999938964843409e+01
8.679999938964843409e+01
8.699999969482422557e+01
8.659999981689453818e+01
8.739999938964844262e+01
8.739999963378906500e+01
8.759999951171874955e+01
8.799999981689452966e+01
8.779999975585937477e+01
