1.059999999999999964e+01
1.130000000000000071e+01
1.130000000000000071e+01
1.109999999999999964e+01
1.130000000000000071e+01
7.229999999999999716e+01
9.970000000000000284e+01
9.990000000000000568e+01
1.000000000000000000e+02
9.990000000000000568e+01
9.979999999999999716e+01
1.000000000000000000e+02
9.990000000000000568e+01
1.000000000000000000e+02
9.990000000000000568e+01
1.000000000000000000e+02
9.979999999999999716e+01
1.000000000000000000e+02
1.000000000000000000e+02
1.000000000000000000e+02
1.000000000000000000e+02
1.000000000000000000e+02
1.000000000000000000e+02
1.000000000000000000e+02
1.000000000000000000e+02
1.000000000000000000e+02
1.000000000000000000e+02
1.000000000000000000e+02
1.000000000000000000e+02
1.000000000000000000e+02
1.000000000000000000e+02
1.000000000000000000e+02
1.000000000000000000e+02
1.000000000000000000e+02
1.000000000000000000e+02
1.000000000000000000e+02
1.000000000000000000e+02
1.000000000000000000e+02
1.000000000000000000e+02
1.000000000000000000e+02
