0.000000000000000000e+00
1.219999999999999929e+01
1.050000000000000000e+01
1.080000000000000071e+01
1.100000000000000000e+01
1.080000000000000071e+01
1.610000000000000142e+01
4.010000000000000142e+01
5.760000000000000142e+01
6.370000000000000284e+01
8.240000000000000568e+01
8.809999999999999432e+01
9.070000000000000284e+01
9.259999999999999432e+01
9.490000000000000568e+01
9.870000000000000284e+01
9.979999999999999716e+01
9.890000000000000568e+01
9.959999999999999432e+01
9.959999999999999432e+01
9.959999999999999432e+01
9.970000000000000284e+01
9.959999999999999432e+01
9.959999999999999432e+01
9.959999999999999432e+01
9.959999999999999432e+01
9.970000000000000284e+01
9.970000000000000284e+01
9.970000000000000284e+01
9.970000000000000284e+01
9.970000000000000284e+01
9.970000000000000284e+01
9.970000000000000284e+01
9.970000000000000284e+01
9.970000000000000284e+01
9.970000000000000284e+01
9.970000000000000284e+01
9.970000000000000284e+01
9.970000000000000284e+01
9.970000000000000284e+01
