0.000000000000000000e+00
0.000000000000000000e+00
1.100000000000000000e+01
1.130000000000000071e+01
1.159999999999999964e+01
1.150000000000000000e+01
1.159999999999999964e+01
1.269999999999999929e+01
1.369999999999999929e+01
2.860000000000000142e+01
3.119999999999999929e+01
4.960000000000000142e+01
6.010000000000000142e+01
6.850000000000000000e+01
8.179999999999999716e+01
8.820000000000000284e+01
8.850000000000000000e+01
9.270000000000000284e+01
9.750000000000000000e+01
9.900000000000000000e+01
9.909999999999999432e+01
9.920000000000000284e+01
9.929999999999999716e+01
9.929999999999999716e+01
9.940000000000000568e+01
9.940000000000000568e+01
9.940000000000000568e+01
9.970000000000000284e+01
9.970000000000000284e+01
9.970000000000000284e+01
9.970000000000000284e+01
9.970000000000000284e+01
9.970000000000000284e+01
9.970000000000000284e+01
9.970000000000000284e+01
9.970000000000000284e+01
9.970000000000000284e+01
9.970000000000000284e+01
9.970000000000000284e+01
9.970000000000000284e+01
