0.000000000000000000e+00
0.000000000000000000e+00
9.400000000000000355e+00
9.800000000000000711e+00
9.500000000000000000e+00
1.050000000000000000e+01
1.009999999999999964e+01
1.090000000000000036e+01
1.280000000000000071e+01
2.430000000000000071e+01
4.229999999999999716e+01
6.579999999999999716e+01
7.350000000000000000e+01
8.090000000000000568e+01
9.040000000000000568e+01
8.750000000000000000e+01
8.779999999999999716e+01
9.829999999999999716e+01
9.909999999999999432e+01
9.940000000000000568e+01
9.929999999999999716e+01
9.970000000000000284e+01
9.970000000000000284e+01
9.970000000000000284e+01
9.970000000000000284e+01
9.979999999999999716e+01
9.979999999999999716e+01
9.979999999999999716e+01
9.979999999999999716e+01
9.979999999999999716e+01
9.979999999999999716e+01
9.979999999999999716e+01
9.979999999999999716e+01
9.979999999999999716e+01
9.979999999999999716e+01
9.979999999999999716e+01
9.979999999999999716e+01
9.979999999999999716e+01
9.979999999999999716e+01
9.979999999999999716e+01
