0.000000000000000000e+00
1.699999999999999956e+00
1.159999999999999964e+01
1.109999999999999964e+01
1.119999999999999929e+01
1.159999999999999964e+01
1.500000000000000000e+01
1.950000000000000000e+01
3.189999999999999858e+01
5.239999999999999858e+01
5.610000000000000142e+01
6.859999999999999432e+01
8.229999999999999716e+01
8.750000000000000000e+01
9.350000000000000000e+01
9.290000000000000568e+01
9.940000000000000568e+01
9.900000000000000000e+01
9.950000000000000000e+01
9.950000000000000000e+01
9.940000000000000568e+01
9.940000000000000568e+01
9.940000000000000568e+01
9.940000000000000568e+01
9.940000000000000568e+01
9.950000000000000000e+01
9.979999999999999716e+01
9.979999999999999716e+01
9.979999999999999716e+01
9.979999999999999716e+01
9.979999999999999716e+01
9.979999999999999716e+01
9.979999999999999716e+01
9.990000000000000568e+01
9.990000000000000568e+01
9.990000000000000568e+01
9.990000000000000568e+01
9.990000000000000568e+01
9.990000000000000568e+01
9.990000000000000568e+01
