0.000000000000000000e+00
2.389999999999999858e+01
1.130000000000000071e+01
1.240000000000000036e+01
1.059999999999999964e+01
1.090000000000000036e+01
1.050000000000000000e+01
1.230000000000000071e+01
1.700000000000000000e+01
2.169999999999999929e+01
4.289999999999999858e+01
5.539999999999999858e+01
7.220000000000000284e+01
7.140000000000000568e+01
7.020000000000000284e+01
8.750000000000000000e+01
9.190000000000000568e+01
9.700000000000000000e+01
9.879999999999999716e+01
9.900000000000000000e+01
9.900000000000000000e+01
9.920000000000000284e+01
9.920000000000000284e+01
9.920000000000000284e+01
9.909999999999999432e+01
9.940000000000000568e+01
9.950000000000000000e+01
9.959999999999999432e+01
9.970000000000000284e+01
9.970000000000000284e+01
9.970000000000000284e+01
9.970000000000000284e+01
9.970000000000000284e+01
9.970000000000000284e+01
9.970000000000000284e+01
9.970000000000000284e+01
9.970000000000000284e+01
9.970000000000000284e+01
9.970000000000000284e+01
9.970000000000000284e+01
