1.140000000000000036e+01
1.030000000000000071e+01
1.000000000000000000e+01
1.000000000000000000e+01
1.000000000000000000e+01
6.840000000000000568e+01
9.929999999999999716e+01
9.959999999999999432e+01
9.979999999999999716e+01
9.970000000000000284e+01
9.979999999999999716e+01
9.990000000000000568e+01
9.959999999999999432e+01
9.929999999999999716e+01
9.950000000000000000e+01
9.990000000000000568e+01
9.990000000000000568e+01
1.000000000000000000e+02
1.000000000000000000e+02
1.000000000000000000e+02
1.000000000000000000e+02
1.000000000000000000e+02
1.000000000000000000e+02
1.000000000000000000e+02
1.000000000000000000e+02
1.000000000000000000e+02
1.000000000000000000e+02
1.000000000000000000e+02
1.000000000000000000e+02
1.000000000000000000e+02
1.000000000000000000e+02
1.000000000000000000e+02
1.000000000000000000e+02
1.000000000000000000e+02
1.000000000000000000e+02
1.000000000000000000e+02
1.000000000000000000e+02
1.000000000000000000e+02
1.000000000000000000e+02
1.000000000000000000e+02
