0.000000000000000000e+00
1.040000000000000036e+01
1.150000000000000000e+01
1.150000000000000000e+01
1.200000000000000000e+01
1.230000000000000071e+01
2.410000000000000142e+01
4.779999999999999716e+01
7.429999999999999716e+01
7.759999999999999432e+01
9.359999999999999432e+01
9.270000000000000284e+01
9.879999999999999716e+01
9.720000000000000284e+01
9.770000000000000284e+01
9.820000000000000284e+01
9.909999999999999432e+01
9.959999999999999432e+01
9.940000000000000568e+01
9.950000000000000000e+01
9.959999999999999432e+01
9.959999999999999432e+01
9.970000000000000284e+01
9.959999999999999432e+01
9.950000000000000000e+01
9.959999999999999432e+01
9.959999999999999432e+01
9.959999999999999432e+01
9.959999999999999432e+01
9.959999999999999432e+01
9.959999999999999432e+01
9.959999999999999432e+01
9.959999999999999432e+01
9.959999999999999432e+01
9.959999999999999432e+01
9.959999999999999432e+01
9.959999999999999432e+01
9.959999999999999432e+01
9.959999999999999432e+01
9.959999999999999432e+01
