0.000000000000000000e+00
1.760000000000000142e+01
9.699999999999999289e+00
1.030000000000000071e+01
1.000000000000000000e+01
1.009999999999999964e+01
1.030000000000000071e+01
1.240000000000000036e+01
1.769999999999999929e+01
3.110000000000000142e+01
5.310000000000000142e+01
6.329999999999999716e+01
7.909999999999999432e+01
8.129999999999999716e+01
8.790000000000000568e+01
9.329999999999999716e+01
9.159999999999999432e+01
9.770000000000000284e+01
9.859999999999999432e+01
9.870000000000000284e+01
9.879999999999999716e+01
9.879999999999999716e+01
9.879999999999999716e+01
9.879999999999999716e+01
9.879999999999999716e+01
9.909999999999999432e+01
9.920000000000000284e+01
9.920000000000000284e+01
9.920000000000000284e+01
9.920000000000000284e+01
9.920000000000000284e+01
9.920000000000000284e+01
9.920000000000000284e+01
9.920000000000000284e+01
9.929999999999999716e+01
9.920000000000000284e+01
9.920000000000000284e+01
9.929999999999999716e+01
9.920000000000000284e+01
9.929999999999999716e+01
