0.000000000000000000e+00
2.189999999999999858e+01
1.180000000000000071e+01
1.130000000000000071e+01
1.119999999999999929e+01
1.200000000000000000e+01
1.140000000000000036e+01
1.340000000000000036e+01
2.000000000000000000e+01
3.729999999999999716e+01
4.489999999999999858e+01
5.279999999999999716e+01
4.670000000000000284e+01
7.900000000000000000e+01
8.720000000000000284e+01
8.290000000000000568e+01
8.920000000000000284e+01
9.479999999999999716e+01
9.809999999999999432e+01
9.800000000000000000e+01
9.840000000000000568e+01
9.879999999999999716e+01
9.879999999999999716e+01
9.879999999999999716e+01
9.909999999999999432e+01
9.829999999999999716e+01
9.929999999999999716e+01
9.950000000000000000e+01
9.950000000000000000e+01
9.950000000000000000e+01
9.950000000000000000e+01
9.950000000000000000e+01
9.950000000000000000e+01
9.950000000000000000e+01
9.950000000000000000e+01
9.950000000000000000e+01
9.950000000000000000e+01
9.950000000000000000e+01
9.950000000000000000e+01
9.950000000000000000e+01
