0.000000000000000000e+00
2.039999999999999858e+01
1.000000000000000000e+01
1.009999999999999964e+01
1.000000000000000000e+01
1.009999999999999964e+01
1.090000000000000036e+01
1.359999999999999964e+01
2.400000000000000000e+01
4.550000000000000000e+01
6.420000000000000284e+01
5.910000000000000142e+01
6.579999999999999716e+01
7.709999999999999432e+01
8.670000000000000284e+01
9.079999999999999716e+01
9.040000000000000568e+01
9.870000000000000284e+01
9.870000000000000284e+01
9.859999999999999432e+01
9.879999999999999716e+01
9.870000000000000284e+01
9.879999999999999716e+01
9.870000000000000284e+01
9.859999999999999432e+01
9.929999999999999716e+01
9.929999999999999716e+01
9.929999999999999716e+01
9.929999999999999716e+01
9.929999999999999716e+01
9.929999999999999716e+01
9.929999999999999716e+01
9.929999999999999716e+01
9.929999999999999716e+01
9.929999999999999716e+01
9.929999999999999716e+01
9.929999999999999716e+01
9.929999999999999716e+01
9.929999999999999716e+01
9.929999999999999716e+01
