3.286385536193847656e+00
3.374762535095214844e-01
3.351528644561767578e-01
3.531212806701660156e-01
3.764648437500000000e-01
3.486318588256835938e-01
3.687472343444824219e-01
3.888761997222900391e-01
3.960254192352294922e-01
3.809504508972167969e-01
3.801503181457519531e-01
3.692007064819335938e-01
3.711869716644287109e-01
3.650381565093994141e-01
3.234026432037353516e-01
3.983759880065917969e-01
3.884816169738769531e-01
3.829588890075683594e-01
3.648955821990966797e-01
3.888828754425048828e-01
3.533592224121093750e-01
3.867325782775878906e-01
4.011938571929931641e-01
3.760521411895751953e-01
3.652725219726562500e-01
3.648741245269775391e-01
3.574140071868896484e-01
3.958861827850341797e-01
3.824400901794433594e-01
4.010422229766845703e-01
4.057183265686035156e-01
3.835756778717041016e-01
3.696899414062500000e-01
3.925528526306152344e-01
4.021334648132324219e-01
3.849031925201416016e-01
3.782074451446533203e-01
3.897645473480224609e-01
3.900392055511474609e-01
3.665444850921630859e-01
3.893592357635498047e-01
3.714797496795654297e-01
3.702204227447509766e-01
3.796696662902832031e-01
3.663215637207031250e-01
3.857929706573486328e-01
3.773360252380371094e-01
3.937697410583496094e-01
3.934531211853027344e-01
3.880109786987304688e-01
3.860580921173095703e-01
3.799657821655273438e-01
4.751892089843750000e-01
3.742985725402832031e-01
3.845264911651611328e-01
3.595595359802246094e-01
3.726274967193603516e-01
3.703062534332275391e-01
3.887512683868408203e-01
3.619647026062011719e-01
3.825392723083496094e-01
3.640034198760986328e-01
4.016656875610351562e-01
3.910038471221923828e-01
4.108321666717529297e-01
3.548347949981689453e-01
3.705632686614990234e-01
3.940765857696533203e-01
3.920128345489501953e-01
4.070222377777099609e-01
3.897578716278076172e-01
3.655884265899658203e-01
3.926291465759277344e-01
3.555953502655029297e-01
3.819425106048583984e-01
4.154028892517089844e-01
3.659324645996093750e-01
3.844342231750488281e-01
3.932745456695556641e-01
3.684172630310058594e-01
3.612949848175048828e-01
3.535165786743164062e-01
3.721818923950195312e-01
3.592009544372558594e-01
3.826503753662109375e-01
3.665280342102050781e-01
3.997719287872314453e-01
3.652422428131103516e-01
3.874089717864990234e-01
3.820796012878417969e-01
3.817555904388427734e-01
3.539547920227050781e-01
3.805711269378662109e-01
3.792541027069091797e-01
3.862161636352539062e-01
3.799185752868652344e-01
3.928937911987304688e-01
3.627347946166992188e-01
3.900241851806640625e-01
4.073021411895751953e-01
4.304833412170410156e-01
4.536693096160888672e-01
4.227147102355957031e-01
4.546532630920410156e-01
4.478752613067626953e-01
4.584062099456787109e-01
4.654006958007812500e-01
4.383866786956787109e-01
4.540326595306396484e-01
4.591238498687744141e-01
4.601192474365234375e-01
4.650123119354248047e-01
4.189548492431640625e-01
4.627342224121093750e-01
4.237005710601806641e-01
4.626460075378417969e-01
4.373300075531005859e-01
4.524464607238769531e-01
4.436275959014892578e-01
4.658834934234619141e-01
4.375255107879638672e-01
4.523582458496093750e-01
4.359259605407714844e-01
4.677383899688720703e-01
4.677369594573974609e-01
4.512758255004882812e-01
4.664175510406494141e-01
4.220588207244873047e-01
4.559807777404785156e-01
4.517383575439453125e-01
4.287788867950439453e-01
4.007842540740966797e-01
4.368574619293212891e-01
4.662942886352539062e-01
4.570159912109375000e-01
4.571096897125244141e-01
4.271066188812255859e-01
4.697046279907226562e-01
4.583535194396972656e-01
4.836385250091552734e-01
4.601917266845703125e-01
4.819667339324951172e-01
4.652364253997802734e-01
4.439494609832763672e-01
4.368195533752441406e-01
4.588706493377685547e-01
4.215178489685058594e-01
4.304900169372558594e-01
4.435315132141113281e-01
4.502999782562255859e-01
4.354319572448730469e-01
3.771963119506835938e-01
3.809020519256591797e-01
3.649609088897705078e-01
3.898549079895019531e-01
3.725633621215820312e-01
3.776910305023193359e-01
4.057016372680664062e-01
3.868541717529296875e-01
3.981659412384033203e-01
3.467690944671630859e-01
4.002330303192138672e-01
3.886780738830566406e-01
4.032704830169677734e-01
3.525302410125732422e-01
4.003732204437255859e-01
3.765170574188232422e-01
3.962516784667968750e-01
3.762252330780029297e-01
3.672568798065185547e-01
3.736586570739746094e-01
3.902022838592529297e-01
3.499734401702880859e-01
3.882620334625244141e-01
3.863928318023681641e-01
3.840661048889160156e-01
3.451845645904541016e-01
3.903529644012451172e-01
3.866586685180664062e-01
3.817744255065917969e-01
3.570597171783447266e-01
3.800709247589111328e-01
3.834221363067626953e-01
3.633115291595458984e-01
4.040238857269287109e-01
3.870141506195068359e-01
3.870902061462402344e-01
3.693895339965820312e-01
3.732666969299316406e-01
3.731524944305419922e-01
3.808794021606445312e-01
3.736364841461181641e-01
3.798396587371826172e-01
3.723683357238769531e-01
3.688881397247314453e-01
3.741204738616943359e-01
3.899636268615722656e-01
3.737411499023437500e-01
3.450715541839599609e-01
3.057537078857421875e-01
