2.246416461944579890e+00
2.146400286102295052e+00
2.063324941253662281e+00
2.005491515922546597e+00
1.968700814247131392e+00
1.906775779342651411e+00
1.847911142730712886e+00
1.808642269897460908e+00
1.807157728576660238e+00
1.753872727012634192e+00
1.715110787773132417e+00
1.667385445976257374e+00
1.642107924270629793e+00
1.645593902587890733e+00
1.577866490936279398e+00
1.606502531814575141e+00
1.516476099777221753e+00
1.482614618682861263e+00
1.442906472969055276e+00
1.378866961669921842e+00
1.342422581863403241e+00
1.362509983062744068e+00
1.333206243133544966e+00
1.251361720275878886e+00
1.223150400543213001e+00
1.211260884857177755e+00
1.181326437377929750e+00
1.194893465042114356e+00
1.248359140777587806e+00
1.114953903961181547e+00
1.085468854141235395e+00
1.060203126144409147e+00
1.094078805065155091e+00
1.008137759399414080e+00
1.037774842453002888e+00
9.575593803405761939e-01
9.568357589721679934e-01
9.486759031295776134e-01
9.308323265075683084e-01
9.420124794960021974e-01
9.006339727401733164e-01
8.880528522491455412e-01
8.905932792663574515e-01
8.442498813629150112e-01
8.210516233444213885e-01
7.863255051612854096e-01
8.131590278625487889e-01
7.857068284988403262e-01
7.714477054595947347e-01
7.775210929870605137e-01
7.953789402961730648e-01
7.645068656921386596e-01
7.218629926681519038e-01
7.053382520675659517e-01
7.100549381256103798e-01
6.665533222198486429e-01
7.199626943588256500e-01
6.845674797058105554e-01
7.320106348037719313e-01
6.615564512252807283e-01
6.444181489944458274e-01
6.127403064727783288e-01
6.136451879501342299e-01
6.183053401947021799e-01
6.674873499870300764e-01
6.375593379020690898e-01
5.684530253410339240e-01
5.712761344909668138e-01
5.956005912780761857e-01
5.759405679702759295e-01
5.924828769683837537e-01
6.008132642507553189e-01
5.325443016052245904e-01
5.767144775390624645e-01
5.676287765502929794e-01
5.299406581878661759e-01
6.128123695373535185e-01
5.621348808288574306e-01
5.313633308410644629e-01
5.716602153778076456e-01
5.679092605590820853e-01
5.273289889335632807e-01
4.445499223709106218e-01
4.469213741302490162e-01
4.322508998870849828e-01
4.255190473556518804e-01
4.195699483871460078e-01
4.191775990009307673e-01
4.249100839614868286e-01
4.188411897659301553e-01
4.188193228721618921e-01
4.058602188110351783e-01
4.177170681953430442e-01
4.119781275272369481e-01
3.908631362915039320e-01
4.238362054824829084e-01
3.992290007114410177e-01
4.125976364135742203e-01
4.056069121599197302e-01
3.975885723114013781e-01
1.303262963867187541e+00
1.188443648529052821e+00
1.060323137855529785e+00
1.017599706268310644e+00
9.834385232925415554e-01
9.660128162384032935e-01
9.701875208854675581e-01
9.078914550781249648e-01
9.458582925796509278e-01
8.888506387710570777e-01
8.795961867332457995e-01
8.164515436172485874e-01
8.182303306579590263e-01
7.373812463760376357e-01
7.756265892028808562e-01
6.650033123016357850e-01
6.816005590438842798e-01
6.749377126693725248e-01
6.292981787681579675e-01
6.128723960876464316e-01
6.312925506591796632e-01
6.286380271911621298e-01
5.619498295307159275e-01
6.240934244155883492e-01
7.229358814239501552e-01
7.517105407714843590e-01
7.319422391891479140e-01
7.306704547882080236e-01
7.632801788330078052e-01
7.909836257934570458e-01
8.096858180999756405e-01
8.145672756195068143e-01
7.995202693939208460e-01
8.223218854904175146e-01
7.984259765625000282e-01
8.170815200805664480e-01
8.618046728134155510e-01
7.656538963317871538e-01
8.360070869445800357e-01
8.111359502792357956e-01
8.656673625946045281e-01
7.472686981201172030e-01
7.623710124969482749e-01
7.670913700103759725e-01
8.282666465759277452e-01
8.071908214569091244e-01
7.557159431457519672e-01
7.815481468200683457e-01
7.819753555297851433e-01
7.755259380340576714e-01
7.765544082641601120e-01
4.474175113677978377e-01
4.317862936019897235e-01
4.192025100708007823e-01
4.142492926597595160e-01
4.306792369842529222e-01
4.424213649749755839e-01
4.291951217651367445e-01
3.885495305538177457e-01
4.200178371429443280e-01
4.085767745971679576e-01
4.036705276489258032e-01
4.122174790382385212e-01
4.031199384689331255e-01
4.006478103637695076e-01
4.147459526062011737e-01
4.374789704084396380e-01
4.134668853044509707e-01
4.207662689208984119e-01
4.087779842376709216e-01
3.962018248558044631e-01
4.239855143547058280e-01
4.167636787414550903e-01
4.227892170906066838e-01
4.052191193580627626e-01
4.032608637809753649e-01
4.145401645660400369e-01
4.207677164077758825e-01
4.137606162071227889e-01
3.979340841293335096e-01
4.080594200134277094e-01
3.978425007820129422e-01
3.974619248390197646e-01
4.034058765411376868e-01
4.130302427291870360e-01
4.130127052307128732e-01
4.069020331859588557e-01
4.147805342674255602e-01
4.038161682128906249e-01
3.982646163940429807e-01
3.957504586696624638e-01
4.107955261707306183e-01
4.029390521526336477e-01
4.241733903169632169e-01
3.986056779861450461e-01
3.930155813217163230e-01
3.962454311370849358e-01
3.968799983978271717e-01
3.820915472030639859e-01
3.901849335670471430e-01
