1.687999999999999901e+01
1.976000000000000156e+01
2.207999999999999829e+01
2.392000000000000171e+01
2.816000000000000014e+01
2.712000000000000099e+01
3.264000000000000057e+01
3.080000000000000071e+01
3.392000000000000171e+01
3.639999999999999858e+01
3.511999999999999744e+01
3.847999999999999687e+01
3.728000000000000114e+01
3.703999999999999915e+01
4.007999999999999829e+01
4.407999999999999829e+01
4.392000000000000171e+01
4.503999999999999915e+01
4.656000000000000227e+01
4.807999999999999829e+01
5.135999999999999943e+01
5.079999999999999716e+01
5.528000000000000114e+01
5.696000000000000085e+01
5.424000000000000199e+01
5.784000000000000341e+01
5.847999999999999687e+01
5.896000000000000085e+01
5.792000000000000171e+01
5.992000000000000171e+01
6.232000000000000028e+01
6.215999999999999659e+01
6.543999999999999773e+01
6.487999999999999545e+01
6.623999999999999488e+01
6.607999999999999829e+01
6.559999999999999432e+01
6.664000000000000057e+01
6.592000000000000171e+01
6.887999999999999545e+01
6.984000000000000341e+01
7.112000000000000455e+01
7.135999999999999943e+01
7.335999999999999943e+01
6.976000000000000512e+01
7.287999999999999545e+01
6.895999999999999375e+01
7.440000000000000568e+01
7.343999999999999773e+01
7.031999999999999318e+01
7.479999999999999716e+01
7.192000000000000171e+01
7.648000000000000398e+01
7.671999999999999886e+01
7.679999999999999716e+01
7.784000000000000341e+01
7.543999999999999773e+01
7.879999999999999716e+01
7.768000000000000682e+01
7.679999999999999716e+01
7.807999999999999829e+01
7.792000000000000171e+01
8.112000000000000455e+01
7.871999999999999886e+01
7.751999999999999602e+01
7.895999999999999375e+01
8.071999999999999886e+01
7.776000000000000512e+01
8.064000000000000057e+01
8.256000000000000227e+01
8.240000000000000568e+01
8.207999999999999829e+01
8.200000000000000000e+01
8.095999999999999375e+01
8.023999999999999488e+01
8.240000000000000568e+01
8.248000000000000398e+01
7.800000000000000000e+01
8.168000000000000682e+01
8.512000000000000455e+01
8.271999999999999886e+01
8.128000000000000114e+01
8.879999999999999716e+01
8.784000000000000341e+01
8.848000000000000398e+01
8.831999999999999318e+01
8.784000000000000341e+01
8.584000000000000341e+01
8.679999999999999716e+01
8.743999999999999773e+01
8.728000000000000114e+01
8.720000000000000284e+01
8.895999999999999375e+01
8.623999999999999488e+01
8.743999999999999773e+01
8.728000000000000114e+01
8.768000000000000682e+01
8.751999999999999602e+01
8.807999999999999829e+01
8.687999999999999545e+01
8.792000000000000171e+01
8.815999999999999659e+01
8.776000000000000512e+01
8.864000000000000057e+01
8.664000000000000057e+01
8.720000000000000284e+01
8.776000000000000512e+01
8.728000000000000114e+01
8.823999999999999488e+01
8.712000000000000455e+01
8.776000000000000512e+01
8.800000000000000000e+01
8.759999999999999432e+01
8.704000000000000625e+01
8.784000000000000341e+01
8.840000000000000568e+01
8.656000000000000227e+01
8.807999999999999829e+01
8.800000000000000000e+01
8.751999999999999602e+01
8.687999999999999545e+01
8.831999999999999318e+01
8.840000000000000568e+01
8.904000000000000625e+01
8.895999999999999375e+01
8.815999999999999659e+01
8.776000000000000512e+01
8.664000000000000057e+01
8.759999999999999432e+01
8.631999999999999318e+01
8.704000000000000625e+01
8.679999999999999716e+01
8.631999999999999318e+01
8.648000000000000398e+01
8.656000000000000227e+01
8.695999999999999375e+01
8.695999999999999375e+01
8.704000000000000625e+01
8.751999999999999602e+01
8.735999999999999943e+01
8.656000000000000227e+01
8.759999999999999432e+01
8.704000000000000625e+01
8.840000000000000568e+01
8.664000000000000057e+01
8.687999999999999545e+01
8.735999999999999943e+01
8.623999999999999488e+01
8.679999999999999716e+01
8.559999999999999432e+01
8.751999999999999602e+01
8.687999999999999545e+01
8.704000000000000625e+01
8.704000000000000625e+01
8.800000000000000000e+01
8.704000000000000625e+01
8.784000000000000341e+01
8.568000000000000682e+01
8.679999999999999716e+01
8.751999999999999602e+01
8.751999999999999602e+01
8.784000000000000341e+01
8.728000000000000114e+01
8.792000000000000171e+01
8.712000000000000455e+01
8.712000000000000455e+01
8.784000000000000341e+01
8.759999999999999432e+01
8.712000000000000455e+01
8.695999999999999375e+01
8.759999999999999432e+01
8.759999999999999432e+01
8.768000000000000682e+01
8.720000000000000284e+01
8.743999999999999773e+01
8.712000000000000455e+01
8.623999999999999488e+01
8.671999999999999886e+01
8.792000000000000171e+01
8.712000000000000455e+01
8.784000000000000341e+01
8.671999999999999886e+01
8.600000000000000000e+01
8.871999999999999886e+01
8.840000000000000568e+01
8.679999999999999716e+01
8.704000000000000625e+01
8.800000000000000000e+01
8.792000000000000171e+01
8.815999999999999659e+01
8.776000000000000512e+01
8.720000000000000284e+01
8.728000000000000114e+01
8.800000000000000000e+01
8.815999999999999659e+01
8.695999999999999375e+01
8.800000000000000000e+01
8.743999999999999773e+01
8.759999999999999432e+01
8.751999999999999602e+01
