3.384029150009155273e+00
3.562037944793701172e-01
3.609490394592285156e-01
3.757934570312500000e-01
3.558597564697265625e-01
3.752725124359130859e-01
3.811051845550537109e-01
3.845453262329101562e-01
3.896760940551757812e-01
3.716685771942138672e-01
3.707885742187500000e-01
3.662717342376708984e-01
3.597676753997802734e-01
3.867166042327880859e-01
3.886609077453613281e-01
3.751709461212158203e-01
3.514504432678222656e-01
3.767111301422119141e-01
3.781247138977050781e-01
3.798036575317382812e-01
3.529140949249267578e-01
3.791134357452392578e-01
3.902702331542968750e-01
3.356890678405761719e-01
3.991568088531494141e-01
3.566596508026123047e-01
3.940749168395996094e-01
3.904283046722412109e-01
3.418784141540527344e-01
3.615517616271972656e-01
3.532826900482177734e-01
3.708271980285644531e-01
3.658301830291748047e-01
3.812210559844970703e-01
3.805527687072753906e-01
3.581981658935546875e-01
3.762986660003662109e-01
3.811905384063720703e-01
3.887913227081298828e-01
3.746910095214843750e-01
3.722097873687744141e-01
3.974368572235107422e-01
3.965444564819335938e-01
3.623042106628417969e-01
3.605425357818603516e-01
3.719027042388916016e-01
3.667695522308349609e-01
3.742973804473876953e-01
3.787033557891845703e-01
3.729143142700195312e-01
3.660964965820312500e-01
3.610906600952148438e-01
3.593688011169433594e-01
3.864777088165283203e-01
3.742239475250244141e-01
3.876762390136718750e-01
3.703050613403320312e-01
3.594789505004882812e-01
3.560426235198974609e-01
3.767077922821044922e-01
3.629558086395263672e-01
3.708541393280029297e-01
3.792037963867187500e-01
3.770294189453125000e-01
3.763577938079833984e-01
3.855783939361572266e-01
3.750061988830566406e-01
3.721621036529541016e-01
3.704915046691894531e-01
3.912725448608398438e-01
3.931939601898193359e-01
3.790581226348876953e-01
3.820979595184326172e-01
3.931527137756347656e-01
3.842303752899169922e-01
3.911123275756835938e-01
3.816697597503662109e-01
3.863172531127929688e-01
3.693976402282714844e-01
3.697605133056640625e-01
3.764240741729736328e-01
3.739349842071533203e-01
3.886225223541259766e-01
4.008302688598632812e-01
3.840765953063964844e-01
3.802840709686279297e-01
3.666269779205322266e-01
3.945062160491943359e-01
3.892283439636230469e-01
3.753111362457275391e-01
3.683383464813232422e-01
3.548538684844970703e-01
3.805191516876220703e-01
3.749070167541503906e-01
3.718097209930419922e-01
3.835501670837402344e-01
3.728075027465820312e-01
3.659214973449707031e-01
3.811717033386230469e-01
3.760490417480468750e-01
3.760125637054443359e-01
3.725397586822509766e-01
3.312776088714599609e-01
3.789362907409667969e-01
3.595163822174072266e-01
3.796794414520263672e-01
3.874282836914062500e-01
3.710074424743652344e-01
3.981766700744628906e-01
3.573443889617919922e-01
3.886904716491699219e-01
3.795831203460693359e-01
3.682436943054199219e-01
3.976337909698486328e-01
3.877973556518554688e-01
3.748531341552734375e-01
3.549335002899169922e-01
3.642096519470214844e-01
3.836543560028076172e-01
4.034242630004882812e-01
3.533887863159179688e-01
3.957660198211669922e-01
3.921680450439453125e-01
3.920419216156005859e-01
3.923707008361816406e-01
3.870625495910644531e-01
3.781764507293701172e-01
3.690521717071533203e-01
3.826117515563964844e-01
3.950526714324951172e-01
3.947813510894775391e-01
3.627333641052246094e-01
3.719708919525146484e-01
3.623597621917724609e-01
3.867974281311035156e-01
3.725874423980712891e-01
3.686823844909667969e-01
3.620960712432861328e-01
3.804824352264404297e-01
3.569829463958740234e-01
3.923676013946533203e-01
3.645248413085937500e-01
3.779129981994628906e-01
3.687229156494140625e-01
3.589618206024169922e-01
3.806643486022949219e-01
3.874368667602539062e-01
3.888876438140869141e-01
3.647670745849609375e-01
3.427145481109619141e-01
4.023060798645019531e-01
3.762066364288330078e-01
3.752562999725341797e-01
3.705589771270751953e-01
3.671948909759521484e-01
3.851325511932373047e-01
3.998584747314453125e-01
3.688449859619140625e-01
3.876543045043945312e-01
3.720161914825439453e-01
3.703756332397460938e-01
3.765146732330322266e-01
3.655297756195068359e-01
3.632173538208007812e-01
3.920075893402099609e-01
3.588936328887939453e-01
3.794889450073242188e-01
3.669130802154541016e-01
3.463745117187500000e-01
3.880734443664550781e-01
3.832831382751464844e-01
3.504400253295898438e-01
3.598771095275878906e-01
3.542985916137695312e-01
3.400092124938964844e-01
3.955316543579101562e-01
3.982110023498535156e-01
3.692653179168701172e-01
3.797137737274169922e-01
3.657228946685791016e-01
3.836228847503662109e-01
3.839700222015380859e-01
4.013409614562988281e-01
3.727343082427978516e-01
3.832485675811767578e-01
4.024024009704589844e-01
3.621985912322998047e-01
3.420977592468261719e-01
3.751485347747802734e-01
3.900732994079589844e-01
3.950030803680419922e-01
3.651480674743652344e-01
3.745770454406738281e-01
3.965680599212646484e-01
3.949952125549316406e-01
3.710341453552246094e-01
3.763208389282226562e-01
3.849625587463378906e-01
3.880031108856201172e-01
3.703370094299316406e-01
