5.012521266937255859e+00
1.661862373352050781e+00
1.660688161849975586e+00
1.710802793502807617e+00
1.542000055313110352e+00
1.600476026535034180e+00
1.565849781036376953e+00
1.539378166198730469e+00
1.677812814712524414e+00
1.677349328994750977e+00
1.537713527679443359e+00
1.645187854766845703e+00
1.568724155426025391e+00
1.636628150939941406e+00
1.557831287384033203e+00
1.579370021820068359e+00
1.505533456802368164e+00
1.642837285995483398e+00
1.525027513504028320e+00
1.539087295532226562e+00
1.482305049896240234e+00
1.574760675430297852e+00
1.663453817367553711e+00
1.403229475021362305e+00
1.601957321166992188e+00
1.675855875015258789e+00
1.663580417633056641e+00
1.570849895477294922e+00
1.431266069412231445e+00
1.506450414657592773e+00
1.413616418838500977e+00
1.468509674072265625e+00
1.560072660446166992e+00
1.630847692489624023e+00
1.743918657302856445e+00
1.515037298202514648e+00
1.691766023635864258e+00
1.578954935073852539e+00
1.705962657928466797e+00
1.767870903015136719e+00
1.713743925094604492e+00
1.612665891647338867e+00
1.697222709655761719e+00
1.506083011627197266e+00
1.543819904327392578e+00
1.555564641952514648e+00
1.638459205627441406e+00
1.765690803527832031e+00
1.652166843414306641e+00
1.604599952697753906e+00
1.646842956542968750e+00
1.528340578079223633e+00
1.619796037673950195e+00
1.596187114715576172e+00
1.633750200271606445e+00
1.532613992691040039e+00
1.630780696868896484e+00
1.581846237182617188e+00
1.526688814163208008e+00
1.543876886367797852e+00
1.627793073654174805e+00
1.565599679946899414e+00
1.535341739654541016e+00
1.493811368942260742e+00
1.673841953277587891e+00
1.708938360214233398e+00
1.643440485000610352e+00
1.505115270614624023e+00
1.540798425674438477e+00
1.673903465270996094e+00
1.706525087356567383e+00
1.568561553955078125e+00
1.556718587875366211e+00
1.619164466857910156e+00
1.641219139099121094e+00
1.611943483352661133e+00
1.530442237854003906e+00
1.610215902328491211e+00
1.543920755386352539e+00
1.471668481826782227e+00
1.490672111511230469e+00
1.567903280258178711e+00
1.550038576126098633e+00
1.667670249938964844e+00
1.581775903701782227e+00
1.653976917266845703e+00
1.463183403015136719e+00
1.532645463943481445e+00
1.698102951049804688e+00
1.540386199951171875e+00
1.502036809921264648e+00
1.580060482025146484e+00
1.576489448547363281e+00
1.665474176406860352e+00
1.582935094833374023e+00
1.581388473510742188e+00
1.511403083801269531e+00
1.698779106140136719e+00
1.597209453582763672e+00
1.709089040756225586e+00
1.456126689910888672e+00
1.514560937881469727e+00
1.490330219268798828e+00
1.540846824645996094e+00
1.556734085083007812e+00
1.552253484725952148e+00
1.641962766647338867e+00
1.586326837539672852e+00
1.528160333633422852e+00
1.505417585372924805e+00
1.557457208633422852e+00
1.540903568267822266e+00
1.563508749008178711e+00
1.532293081283569336e+00
1.583958864212036133e+00
1.597648143768310547e+00
1.654183864593505859e+00
1.664023876190185547e+00
1.712857246398925781e+00
1.546521425247192383e+00
1.511672258377075195e+00
1.559089660644531250e+00
1.587795734405517578e+00
1.605798482894897461e+00
1.655558109283447266e+00
1.633030652999877930e+00
1.628549814224243164e+00
1.596286773681640625e+00
1.552607059478759766e+00
1.569744586944580078e+00
1.573799848556518555e+00
1.540469884872436523e+00
1.534485816955566406e+00
1.521981716156005859e+00
1.538146018981933594e+00
1.516582965850830078e+00
1.582965850830078125e+00
1.419232606887817383e+00
1.548706293106079102e+00
1.677046298980712891e+00
1.604168176651000977e+00
1.669202566146850586e+00
1.640729904174804688e+00
1.558357238769531250e+00
1.532614231109619141e+00
1.672482013702392578e+00
1.587058305740356445e+00
1.583118677139282227e+00
1.667146205902099609e+00
1.581349372863769531e+00
1.722445487976074219e+00
1.719363927841186523e+00
1.662414073944091797e+00
1.561239004135131836e+00
1.688870191574096680e+00
1.597044467926025391e+00
1.586969614028930664e+00
1.490334510803222656e+00
1.680984497070312500e+00
1.455887317657470703e+00
1.536580085754394531e+00
1.623116493225097656e+00
1.546825885772705078e+00
1.529058694839477539e+00
1.591177463531494141e+00
1.464469194412231445e+00
1.583666801452636719e+00
1.531996488571166992e+00
1.576956033706665039e+00
1.576328277587890625e+00
1.674766302108764648e+00
1.406924486160278320e+00
1.509249925613403320e+00
1.418795585632324219e+00
1.458789348602294922e+00
1.611037492752075195e+00
1.520586729049682617e+00
1.588272333145141602e+00
1.527218341827392578e+00
1.587228775024414062e+00
1.594581604003906250e+00
1.549529314041137695e+00
1.575446367263793945e+00
1.510744571685791016e+00
1.593497514724731445e+00
1.525848388671875000e+00
1.452877283096313477e+00
1.447427749633789062e+00
1.654517650604248047e+00
1.599333524703979492e+00
1.592811346054077148e+00
1.464948415756225586e+00
1.680793762207031250e+00
1.537474155426025391e+00
1.636186361312866211e+00
1.668193340301513672e+00
1.657041788101196289e+00
1.501757621765136719e+00
1.672421455383300781e+00
1.478577852249145508e+00
