5.498155593872070312e+00
1.565950155258178711e+00
1.521263599395751953e+00
1.609421730041503906e+00
1.525950908660888672e+00
1.735319614410400391e+00
1.683457136154174805e+00
1.712904691696166992e+00
1.601860046386718750e+00
1.697983026504516602e+00
1.636759281158447266e+00
1.609622240066528320e+00
1.675216674804687500e+00
1.595922231674194336e+00
1.587890863418579102e+00
1.529160499572753906e+00
1.732093334197998047e+00
1.473444700241088867e+00
1.626176118850708008e+00
1.555793046951293945e+00
1.551273345947265625e+00
1.614325046539306641e+00
1.505673885345458984e+00
1.575227499008178711e+00
1.538758039474487305e+00
1.544028043746948242e+00
1.652198791503906250e+00
1.547870159149169922e+00
1.538956165313720703e+00
1.538007974624633789e+00
1.520337104797363281e+00
1.547973155975341797e+00
1.477668523788452148e+00
1.518585920333862305e+00
1.604294061660766602e+00
1.647177934646606445e+00
1.629997253417968750e+00
1.555516004562377930e+00
1.658656358718872070e+00
1.535753488540649414e+00
1.545820951461791992e+00
1.542233943939208984e+00
1.623651981353759766e+00
1.570107698440551758e+00
1.639129400253295898e+00
1.532775878906250000e+00
1.568918704986572266e+00
1.570749521255493164e+00
1.521359682083129883e+00
1.739384651184082031e+00
1.579038381576538086e+00
1.605891704559326172e+00
1.520797014236450195e+00
1.572196245193481445e+00
1.696563482284545898e+00
1.607483386993408203e+00
1.541593074798583984e+00
1.708865404129028320e+00
1.470018863677978516e+00
1.688226461410522461e+00
1.592671155929565430e+00
1.670245885848999023e+00
1.629426717758178711e+00
1.549975156784057617e+00
1.546340703964233398e+00
1.758346319198608398e+00
1.527514219284057617e+00
1.671782493591308594e+00
1.549673795700073242e+00
1.478874206542968750e+00
1.573815345764160156e+00
1.582079887390136719e+00
1.563390493392944336e+00
1.552882432937622070e+00
1.507387161254882812e+00
1.614098787307739258e+00
1.589361667633056641e+00
1.573148488998413086e+00
1.691624641418457031e+00
1.601293802261352539e+00
1.541297912597656250e+00
1.626524686813354492e+00
1.508534431457519531e+00
1.545463323593139648e+00
1.596805810928344727e+00
1.573295116424560547e+00
1.623077154159545898e+00
1.578284263610839844e+00
1.733069658279418945e+00
1.631891727447509766e+00
1.579298257827758789e+00
1.613720655441284180e+00
1.652055978775024414e+00
1.620918035507202148e+00
1.549153566360473633e+00
1.548152685165405273e+00
1.532158851623535156e+00
1.616768360137939453e+00
1.686573028564453125e+00
1.602638959884643555e+00
1.537986040115356445e+00
1.492304563522338867e+00
1.657197952270507812e+00
1.744535923004150391e+00
1.688882589340209961e+00
1.660409927368164062e+00
1.718646049499511719e+00
1.715416431427001953e+00
1.523272991180419922e+00
1.687727451324462891e+00
1.576952695846557617e+00
1.672692298889160156e+00
1.634683370590209961e+00
1.618242502212524414e+00
1.722091197967529297e+00
1.533316135406494141e+00
1.624631166458129883e+00
1.613456726074218750e+00
1.700049638748168945e+00
1.517785310745239258e+00
1.591991186141967773e+00
1.515484333038330078e+00
1.479510068893432617e+00
1.552645206451416016e+00
1.596375703811645508e+00
1.572216272354125977e+00
1.569325208663940430e+00
1.716947078704833984e+00
1.618439197540283203e+00
1.550499439239501953e+00
1.452863454818725586e+00
1.492143630981445312e+00
1.487811088562011719e+00
1.665056467056274414e+00
1.760819196701049805e+00
1.783738851547241211e+00
1.624648332595825195e+00
1.558913469314575195e+00
1.475115299224853516e+00
1.635831594467163086e+00
1.544595479965209961e+00
1.560206651687622070e+00
1.543022155761718750e+00
1.656266927719116211e+00
1.662548780441284180e+00
1.645080327987670898e+00
1.679907321929931641e+00
1.636964797973632812e+00
1.616323232650756836e+00
1.537523746490478516e+00
1.646872520446777344e+00
1.760069847106933594e+00
1.747558116912841797e+00
1.572677850723266602e+00
1.471644639968872070e+00
1.590156793594360352e+00
1.614055156707763672e+00
1.549979686737060547e+00
1.651056289672851562e+00
1.612516403198242188e+00
1.708237648010253906e+00
1.689556598663330078e+00
1.577792406082153320e+00
1.620964765548706055e+00
1.659529447555541992e+00
1.748887062072753906e+00
1.685585737228393555e+00
1.588268280029296875e+00
1.611976861953735352e+00
1.566198110580444336e+00
1.472514390945434570e+00
1.676956653594970703e+00
1.663982868194580078e+00
1.570289850234985352e+00
1.593400955200195312e+00
1.672188282012939453e+00
1.597541809082031250e+00
1.602578401565551758e+00
1.562955379486083984e+00
1.499087572097778320e+00
1.681637287139892578e+00
1.713922977447509766e+00
1.553579330444335938e+00
1.480963706970214844e+00
1.734238862991333008e+00
1.609692811965942383e+00
1.723513126373291016e+00
1.390829801559448242e+00
1.488430976867675781e+00
1.510502099990844727e+00
1.581481218338012695e+00
1.499607324600219727e+00
1.696060657501220703e+00
1.677977085113525391e+00
1.613819122314453125e+00
1.490399837493896484e+00
1.591518163681030273e+00
1.464401960372924805e+00
1.239186525344848633e+00
1.316971540451049805e+00
