0.000000000000000000e+00
1.106194690265486669e+00
3.517699115044247549e+01
0.000000000000000000e+00
1.349557522123893882e+01
2.212389380530973559e-01
8.849557522123894238e-01
2.212389380530973559e-01
2.876106194690265294e+00
1.703539823008849652e+01
2.035398230088495453e+01
4.424778761061947119e-01
0.000000000000000000e+00
2.212389380530973559e-01
1.991150442477876092e+00
2.212389380530973337e+00
2.212389380530973559e-01
2.212389380530973559e-01
4.203539823008849652e+00
0.000000000000000000e+00
1.991150442477876092e+00
1.128318584070796504e+01
3.097345132743362761e+00
1.327433628318584091e+01
1.548672566371681381e+00
8.185840707964601393e+00
8.849557522123894238e-01
6.858407079646017479e+00
5.088495575221238632e+00
8.628318584070797215e+00
8.185840707964601393e+00
7.964601769911504903e+01
8.849557522123894238e-01
2.876106194690265294e+00
1.106194690265486669e+00
2.654867256637168271e+00
4.203539823008849652e+00
6.637168141592920678e-01
1.327433628318584136e+00
3.097345132743362761e+00
2.212389380530973337e+00
6.637168141592920678e-01
6.637168141592920678e-01
5.752212389380530588e+00
3.318584070796460228e+00
8.849557522123894238e-01
3.097345132743362761e+00
1.106194690265486669e+00
4.424778761061947119e-01
2.654867256637168271e+00
6.415929203539823433e+00
0.000000000000000000e+00
4.646017699115044586e+00
0.000000000000000000e+00
2.212389380530973337e+00
1.327433628318584136e+00
4.424778761061947119e-01
1.548672566371681381e+00
8.407079646017699304e+00
4.137168141592920279e+01
2.876106194690265294e+00
4.646017699115044586e+00
1.991150442477876092e+00
1.548672566371681381e+00
1.327433628318584136e+00
3.097345132743362761e+00
0.000000000000000000e+00
2.433628318584070804e+00
1.106194690265486669e+00
1.172566371681415909e+01
8.849557522123894238e-01
1.548672566371681381e+00
6.637168141592920678e-01
4.424778761061947119e-01
1.991150442477876092e+00
1.991150442477876092e+00
4.424778761061947119e-01
1.769911504424778848e+00
5.309734513274336543e+00
2.654867256637168271e+00
2.433628318584070804e+00
0.000000000000000000e+00
1.327433628318584136e+00
1.548672566371681381e+00
1.991150442477876092e+00
1.769911504424778848e+00
1.769911504424778848e+00
1.548672566371681381e+00
1.327433628318584136e+00
1.106194690265486669e+00
1.327433628318584136e+00
1.548672566371681381e+00
1.769911504424778848e+00
1.769911504424778848e+00
1.327433628318584136e+00
1.769911504424778848e+00
1.991150442477876092e+00
2.654867256637168271e+00
1.769911504424778848e+00
2.433628318584070804e+00
2.654867256637168271e+00
1.991150442477876092e+00
1.769911504424778848e+00
1.106194690265486669e+00
2.212389380530973337e+00
1.769911504424778848e+00
2.876106194690265294e+00
1.769911504424778848e+00
2.212389380530973337e+00
1.991150442477876092e+00
1.991150442477876092e+00
1.991150442477876092e+00
2.212389380530973337e+00
2.212389380530973337e+00
2.212389380530973337e+00
2.433628318584070804e+00
1.548672566371681381e+00
2.876106194690265294e+00
2.212389380530973337e+00
3.761061946902654718e+00
2.654867256637168271e+00
3.539823008849557695e+00
3.539823008849557695e+00
3.761061946902654718e+00
3.761061946902654718e+00
3.539823008849557695e+00
3.761061946902654718e+00
3.982300884955752185e+00
5.973451327433628499e+00
4.867256637168141609e+00
5.309734513274336543e+00
4.424778761061946675e+00
5.752212389380530588e+00
5.530973451327433565e+00
5.530973451327433565e+00
4.203539823008849652e+00
7.300884955752212413e+00
5.530973451327433565e+00
6.858407079646017479e+00
6.637168141592920456e+00
9.070796460176991260e+00
8.185840707964601393e+00
8.849557522123893349e+00
7.964601769911504370e+00
9.734513274336283217e+00
9.734513274336283217e+00
1.039823008849557517e+01
1.128318584070796504e+01
1.084070796460176922e+01
1.106194690265486713e+01
1.238938053097345104e+01
1.216814159292035313e+01
1.084070796460176922e+01
1.216814159292035313e+01
1.349557522123893882e+01
1.371681415929203496e+01
1.305309734513274300e+01
1.283185840707964687e+01
1.415929203539823078e+01
1.216814159292035313e+01
1.238938053097345104e+01
1.216814159292035313e+01
1.084070796460176922e+01
9.955752212389381128e+00
1.194690265486725700e+01
1.039823008849557517e+01
9.955752212389381128e+00
1.039823008849557517e+01
7.079646017699115390e+00
8.849557522123893349e+00
7.300884955752212413e+00
6.415929203539823433e+00
7.300884955752212413e+00
7.964601769911504370e+00
1.017699115044247726e+01
7.964601769911504370e+00
8.849557522123893349e+00
9.734513274336283217e+00
7.079646017699115390e+00
5.309734513274336543e+00
8.407079646017699304e+00
7.300884955752212413e+00
6.194690265486725522e+00
6.415929203539823433e+00
7.522123893805309436e+00
6.858407079646017479e+00
4.867256637168141609e+00
7.964601769911504370e+00
7.079646017699115390e+00
4.203539823008849652e+00
7.300884955752212413e+00
5.088495575221238632e+00
6.637168141592920456e+00
6.858407079646017479e+00
5.088495575221238632e+00
6.858407079646017479e+00
3.761061946902654718e+00
5.752212389380530588e+00
4.867256637168141609e+00
4.203539823008849652e+00
