0.000000000000000000e+00
5.182648387891516961e+01
4.885844720988512790e+01
2.283105022831050102e-01
2.283105022831050102e-01
0.000000000000000000e+00
1.826484014454497595e+00
0.000000000000000000e+00
1.118721459663077589e+01
1.141552507605182454e+00
0.000000000000000000e+00
3.881278531192100090e+00
1.369863009888287575e+00
2.283105022831050102e-01
7.762557051497507743e+00
1.369863013698630061e+00
1.826484014454497595e+00
6.392694037798877460e+00
8.219178078381437658e+00
4.337899517250932035e+00
4.566210007558674788e-01
5.022831024100247177e+00
6.666666673634149731e+01
5.022831042607625029e+00
9.589041080649041149e+00
3.652968036529680163e+00
4.794520521817141834e+00
9.132420091324200406e-01
1.643835608599937004e+01
1.095890405733291395e+01
3.378995425080599802e+01
7.534246592761174810e+00
1.027397259511904082e+01
9.132420091324200406e-01
5.022830997972183908e+00
5.251141544890730373e+00
3.196347028153127656e+00
8.447488580120207757e+00
2.283105019020707616e+00
9.132420015117349577e-01
1.141552503794839968e+00
4.566210045662100203e-01
7.534246549214402400e+00
6.849315068493150305e-01
1.415525112631114091e+01
3.424657526625890291e+00
1.369863006077944867e+00
1.598173508361049988e+00
4.566210007558674788e-01
1.141552507605182454e+00
2.511415521303812515e+00
1.278538804946969165e+01
2.283105012379824927e+01
0.000000000000000000e+00
9.589041092080067941e+00
7.534246571532123404e+00
2.283105022831050102e-01
5.707762530949562318e+00
3.196347028153127656e+00
4.337899543378995304e+00
3.652968028908995191e+00
2.511415509872784835e+00
1.826484018264840081e+00
2.237442928470977321e+01
1.826484018264840081e+00
2.511415525114155223e+00
6.392694048685569896e+00
6.849315068493150305e-01
6.392694056306255312e+00
6.849315068493150305e-01
2.283105022831050102e-01
2.283105022831050102e-01
2.283105022831050102e-01
1.529680357458384599e+01
6.392694060116598465e+00
0.000000000000000000e+00
5.022831024100247177e+00
1.826484018264840081e+00
1.940639261567973506e+01
1.506849304617267826e+01
3.196347031963470364e+00
2.968036522059680049e+00
1.369863013698630061e+00
1.598173512171392474e+00
1.826484014454497595e+00
1.598173512171392474e+00
2.739726019776575150e+00
1.826484014454497595e+00
2.054794516737602716e+00
2.283105022831050324e+00
2.283105019020707616e+00
2.511415517493470251e+00
1.598173512171392474e+00
1.598173512171392474e+00
1.369863009888287575e+00
2.054794516737602716e+00
1.369863013698630061e+00
2.283105022831050324e+00
2.283105019020707616e+00
1.598173515981735182e+00
2.283105015210364908e+00
1.598173512171392474e+00
1.826484014454497595e+00
2.283105022831050324e+00
2.511415521303812515e+00
1.369863009888287575e+00
2.739726019776575150e+00
1.369863013698630061e+00
2.511415521303812515e+00
1.369863009888287575e+00
1.826484014454497595e+00
1.369863013698630061e+00
1.369863009888287575e+00
2.283105015210364908e+00
1.598173489853671692e+00
1.826484018264840081e+00
2.968036525870022757e+00
1.826484014454497595e+00
1.598173512171392474e+00
2.054794512927260008e+00
2.054794516737602716e+00
2.283105007589679936e+00
2.283105022831050324e+00
2.739726023586917858e+00
2.283105019020707616e+00
3.424657508118511995e+00
2.054794516737602716e+00
5.251141526383351632e+00
4.337899528137625360e+00
5.022831050228310446e+00
5.251141548701072637e+00
5.479452028666456975e+00
6.164383535515772117e+00
2.511415521303812515e+00
5.022831042607625029e+00
6.621004550968675240e+00
6.621004540081981915e+00
7.077625544648192601e+00
6.849315064138473019e+00
8.447488601893594407e+00
6.849315042365087258e+00
8.904109584686418444e+00
8.904109562913031795e+00
8.447488580120207757e+00
7.990867575553998847e+00
1.050228302663864000e+01
1.027397259838504873e+01
9.817351572045453167e+00
1.324200912479940584e+01
9.360730585986621222e+00
1.141552506189912464e+01
1.141552508367251129e+01
1.141552508802718791e+01
1.255707764298948526e+01
1.324200908016396383e+01
1.164383561208367901e+01
1.506849307230074153e+01
1.415525111542444847e+01
1.461187214176404403e+01
1.232876709715960750e+01
1.369863011085823779e+01
1.255707764298948526e+01
1.484018263316045605e+01
1.187214608823872020e+01
1.484018259614570034e+01
1.141552513157395943e+01
1.255707761032940617e+01
9.817351593818838040e+00
1.004566209664627863e+01
1.164383563385706566e+01
1.187214610348009103e+01
1.164383556418222909e+01
9.817351594363174172e+00
1.164383561208367901e+01
1.050228309631347656e+01
1.141552510980057455e+01
1.118721460751746832e+01
7.534246571532123404e+00
1.050228312244153983e+01
1.050228312244153983e+01
9.132420076082830462e+00
9.589041113309120234e+00
8.447488601893594407e+00
7.990867575553998847e+00
9.817351545917389899e+00
9.817351572045453167e+00
6.621004550968675240e+00
9.132420086969522899e+00
9.589041043634283668e+00
7.305936046931297057e+00
9.360730589796963486e+00
7.990867575553998847e+00
8.447488569233515321e+00
7.534246570987788161e+00
8.675799034501864071e+00
8.904109562913031795e+00
7.762557025369443586e+00
7.077625544648192601e+00
7.305936068704683706e+00
5.707762549456940171e+00
