2.294222235107421959e+00
2.155257928466796979e+00
2.088372412109375187e+00
2.030931492042541642e+00
1.956123302841186629e+00
1.922005247497558633e+00
1.886694157409668060e+00
1.860361442947387589e+00
1.822634636688232446e+00
1.764171885681152352e+00
1.734062190628051781e+00
1.699683857727050773e+00
1.699425822448730417e+00
1.664330742073059088e+00
1.682220729827880845e+00
1.575697800254821868e+00
1.548388629531860294e+00
1.500008595085144059e+00
1.451237150573730483e+00
1.440369152641296280e+00
1.444587966918945421e+00
1.380570367431640522e+00
1.310968554496765082e+00
1.251602896881103488e+00
1.288501799201965392e+00
1.211586339378357025e+00
1.200754301071166985e+00
1.223910709953308196e+00
1.205533152770996042e+00
1.189089448547363315e+00
1.096363650894164987e+00
1.110113386917114253e+00
1.096959429931640528e+00
1.066628202438354434e+00
1.070491300868988027e+00
1.004806230163574288e+00
9.865336040496825998e-01
9.839963565826416181e-01
9.676603172302246092e-01
9.442842243194580210e-01
9.101281208038329851e-01
8.895017461776733025e-01
8.599542175292969048e-01
8.627387363433838274e-01
8.125451084136963154e-01
8.555961795806884540e-01
8.538500007629394872e-01
8.675628070831298277e-01
7.801891718387603536e-01
7.672074998855590300e-01
7.883458965301514132e-01
8.103612741470337388e-01
7.997379364490508902e-01
7.584469961166382390e-01
7.458210023880005313e-01
7.214127458572388019e-01
7.120560817718505353e-01
7.172304319858551214e-01
6.693852806091308283e-01
7.297168031692504719e-01
6.798718053817749407e-01
7.256543790817260309e-01
6.486104868412018165e-01
6.197211003780365157e-01
5.996805847167968606e-01
7.502255356311797740e-01
5.795923095703124917e-01
6.510812328338623223e-01
6.670942751884459954e-01
5.797814685821532921e-01
5.664766534805297793e-01
5.773302162170410590e-01
5.912134494781494665e-01
6.127048046112060220e-01
5.884175878524779968e-01
5.626840703010559386e-01
5.104956171035767154e-01
5.616370773315429998e-01
5.742005861759186258e-01
5.031321672439574844e-01
5.569227005958556909e-01
5.177405594825744695e-01
4.071742487430572432e-01
4.266292060852051038e-01
4.202981744766235428e-01
3.907701603889465192e-01
4.112448045730590640e-01
4.306743490219115955e-01
4.152146739959716726e-01
4.190131126403808803e-01
4.253507816314697210e-01
4.284476154327392372e-01
4.160590301513671929e-01
4.057091145515441810e-01
4.080295212745666533e-01
4.032130924224853752e-01
4.112251093626022591e-01
4.213315685272217004e-01
4.137754554748535041e-01
4.196530797958373804e-01
4.113686651229858660e-01
4.209145381927490437e-01
3.942471988677978545e-01
4.191797914505004941e-01
4.077099519729614485e-01
4.025806688308715686e-01
4.057957753181457572e-01
4.037783681869506758e-01
3.989425628185272465e-01
4.116769598960876575e-01
3.936461498260497849e-01
3.847408861160278581e-01
3.994710592269897220e-01
4.054743202209472597e-01
3.965461827278137230e-01
4.174830438613891803e-01
3.922322126865386838e-01
4.057516471862793184e-01
3.976966688156127749e-01
4.028574157714843729e-01
4.055049442291259743e-01
3.976271774291992300e-01
4.064714708328246995e-01
3.888524593353271386e-01
3.879693662643432517e-01
4.058634351730346923e-01
4.062924654006958014e-01
4.072413909912109276e-01
3.989143861770629851e-01
4.130876399993896331e-01
4.127029657363891491e-01
4.270831238746642944e-01
4.044172159194946437e-01
4.010408876419067625e-01
4.135062042236328228e-01
4.227266998291015487e-01
4.088894531726837145e-01
4.072579090118408351e-01
4.063859268188476648e-01
4.364467212677001773e-01
4.184902233123779514e-01
4.332520386695861703e-01
4.117691474914551009e-01
4.106546213150024660e-01
4.152062389373779028e-01
4.191487844467163271e-01
4.282470558166504015e-01
4.151825712203979224e-01
4.333151180267333924e-01
4.277423925399780336e-01
3.968230697631836001e-01
3.949382234096527333e-01
4.359035753250122269e-01
4.025314364433288383e-01
4.142953067302703740e-01
4.368918909072875834e-01
4.239858791351318601e-01
4.232742340803146153e-01
4.122685861587524481e-01
4.339837002277374123e-01
4.160030025482177596e-01
4.210368638038635147e-01
4.259975952148437606e-01
4.045154870033264016e-01
3.898853083610534509e-01
4.212126489639282378e-01
4.085912977218628117e-01
4.307333244323730548e-01
4.142457233428954999e-01
4.195683619499206429e-01
4.242258509635925545e-01
4.063111438751220716e-01
3.932756437301635488e-01
4.237353440761565948e-01
4.467657324790954565e-01
4.244523594856262072e-01
4.318321563482284686e-01
4.088748243808746352e-01
4.258487873077392849e-01
4.082935306549071997e-01
4.222605909347534325e-01
4.007174465179443312e-01
4.266412303924560501e-01
4.380089563369751193e-01
4.440450791358947491e-01
3.913783699035644492e-01
4.092558450698852712e-01
4.303132910251617482e-01
4.238164875030517309e-01
4.237333429336547774e-01
4.173421633720397761e-01
4.231985598444938934e-01
3.967564805984497012e-01
4.395355717658996353e-01
4.067176299095153769e-01
3.838045156478882003e-01
3.989719026565551885e-01
4.205917411804199202e-01
4.227971845626831149e-01
4.028669109344482635e-01
