2.187025880813598722e+00
2.114148948287963847e+00
2.048959752655029387e+00
1.964348344421386727e+00
1.962346696662902845e+00
1.845570256042480484e+00
1.809442483520507849e+00
1.788876183509826578e+00
1.748317380523681575e+00
1.745755856704712006e+00
1.764886389350891038e+00
1.682315703582763611e+00
1.703562383842468275e+00
1.638782498168945390e+00
1.571074082183837817e+00
1.563655742263794002e+00
1.551943366622924758e+00
1.542419480133056631e+00
1.416447742843627955e+00
1.401724140548705977e+00
1.419922058868408277e+00
1.395472168731689555e+00
1.316844206619262714e+00
1.275408413124084372e+00
1.254603031921386780e+00
1.207321175384521439e+00
1.203891292190551798e+00
1.141641350173950187e+00
1.123624086380004883e+00
1.126785749816894500e+00
1.158238868236541652e+00
1.014066031646728483e+00
1.071696344375610455e+00
1.037486281967163082e+00
1.038954984474182108e+00
9.726007911682128526e-01
9.703175827026366829e-01
9.566354001998901291e-01
9.237709960937500187e-01
9.463233032226562313e-01
9.853032608032226136e-01
9.086345214843749574e-01
9.038417537689209524e-01
8.409897089004516602e-01
8.135659654617309888e-01
8.298819690704345442e-01
7.872035316467285160e-01
7.835735523223876786e-01
8.428710070610045957e-01
8.073546756744385267e-01
8.043284492492676074e-01
8.011774400711059174e-01
7.697576047897338736e-01
7.065723022460937974e-01
7.451741790771484464e-01
7.093248991012572890e-01
7.349492647171020909e-01
7.126774446487427195e-01
6.870696956634521069e-01
6.640861125946044830e-01
6.461135257720946878e-01
6.476316349983215481e-01
5.807629203796387252e-01
6.239148218154907388e-01
6.342203467369079695e-01
6.599595473289490144e-01
5.854710060119628912e-01
6.474443931579589862e-01
6.687169567108154355e-01
5.845868225812912433e-01
5.512530059814453320e-01
5.539176204681396376e-01
5.912870254516601198e-01
5.850072324752807473e-01
5.327206909179686978e-01
5.247583917617797411e-01
5.234944324493407963e-01
5.379326767921447372e-01
5.274245929718017756e-01
5.754107604980468471e-01
4.970088130950927607e-01
5.431469163894653285e-01
4.131328372001648042e-01
4.526034828662872100e-01
4.257796343803405548e-01
4.057116846084594664e-01
4.164353025436401401e-01
4.218803560733795366e-01
4.202663509368896322e-01
4.148970979690551619e-01
3.899017390251159898e-01
3.928627699851989785e-01
3.967776337623596383e-01
3.894989330291748209e-01
4.095326086163521007e-01
4.273284587860107231e-01
4.094932769775390669e-01
4.210518949508667008e-01
3.937302474975585831e-01
4.033375419616699320e-01
4.079218578338623113e-01
4.255615892648696996e-01
4.469404151916503976e-01
4.493872333526611196e-01
4.361723983764648205e-01
4.562155624389648279e-01
4.335177103996276649e-01
4.629844701766967496e-01
4.489596552848815758e-01
4.347117273330688425e-01
4.403045282363891588e-01
4.729390655517577979e-01
4.472790201187133996e-01
4.541888656616210884e-01
4.511961627960204835e-01
4.368888904571533449e-01
4.510248176574707113e-01
4.491102900028228762e-01
4.326156244277953866e-01
4.566130409240722887e-01
4.441535769462585659e-01
4.364130589485168410e-01
4.541044429779052538e-01
4.712458045959472819e-01
4.490915081024169919e-01
4.509406996726989525e-01
4.554243356704711920e-01
4.350237972259521357e-01
4.456006889343261945e-01
4.233032369613647372e-01
4.638058712005615480e-01
4.100879274368285921e-01
4.282728201866149997e-01
4.364330661773681563e-01
4.559509002208709805e-01
4.233521154403686593e-01
4.489695066452026317e-01
4.395896083831787315e-01
4.284136340141296295e-01
4.352563709259033020e-01
4.554547431945800695e-01
4.343371518135070719e-01
4.442738311767578385e-01
4.245275089263916279e-01
4.313125204086303843e-01
4.549451086044311587e-01
4.603018108367920025e-01
4.321756402969360589e-01
4.396942055225372403e-01
4.430560829162597525e-01
4.449378703117370382e-01
4.516199188947677690e-01
4.546284795761108555e-01
4.477516697883606178e-01
4.128514884948730201e-01
4.256367378234863219e-01
4.021767803192138890e-01
4.244891120910644355e-01
3.949515093326568804e-01
4.035670268058776933e-01
4.141859943389892829e-01
4.187726049423217689e-01
4.012491617202758598e-01
3.854824859142303439e-01
4.082366593360901019e-01
4.197740173816680853e-01
3.960840240478515351e-01
4.333373798370361296e-01
3.780413141250610343e-01
3.919536996841430643e-01
4.031145307540893730e-01
3.950466690063476616e-01
3.975545448303222651e-01
3.962123452663421364e-01
3.992193269968032920e-01
4.104229133129119744e-01
4.101910049438476369e-01
4.101288053512573417e-01
3.930569675445556577e-01
3.967707115173340071e-01
3.949148357391357167e-01
3.911450076103210605e-01
4.076699272632599014e-01
3.976266588211059827e-01
3.975905036926269398e-01
3.893358410835265904e-01
3.937213447570800939e-01
3.895575988769531262e-01
3.886788734436035231e-01
4.031849791526794236e-01
3.779812116622924822e-01
4.157091463088989358e-01
3.810870973110199178e-01
3.802948726654052924e-01
4.045886361122131292e-01
3.854762935638427757e-01
3.880894396781921496e-01
3.914023753643036119e-01
4.008810131072997884e-01
3.960180135011672764e-01
