0.000000000000000000e+00
0.000000000000000000e+00
3.923766828117884131e+01
7.623318392065074001e+00
1.367713007905558165e+01
0.000000000000000000e+00
8.699551624246777237e+01
4.372197316259546795e+01
4.686098654708520428e+01
8.520179333708211900e+00
4.484304932735426186e-01
2.242152487750545209e+00
0.000000000000000000e+00
1.121076233183856408e+00
2.690582961244968097e+00
1.569506728061111467e+00
1.434977584890186009e+01
1.121076236391281400e+00
2.152466360015185032e+01
1.547085202435206952e+01
5.829596433938886157e+00
3.139013456122222934e+00
2.242152466367713093e-01
5.381165925697360741e+00
1.345291479820627911e+00
3.318385657066721706e+01
3.004484306643362146e+01
1.076233188133068630e+01
6.726457399103139556e-01
4.484304932735426186e-01
3.587443947792053223e+00
6.726457415140263407e-01
4.484304945565125600e+00
4.035874442669308060e+00
1.121076233183856408e+00
2.242152466367713093e-01
4.708520180975909852e+00
3.811659154336014321e+00
4.260089707481486521e+00
3.139013474297630335e+00
2.017937219730941756e+00
8.968609881507976223e-01
1.098654709803149387e+01
2.466367713004484319e+00
2.914798207881739156e+00
6.278026912244445867e+00
5.381165922489936193e+00
1.345291483028052681e+00
3.139013474297630335e+00
2.690582962848680371e+00
1.121076236391281400e+00
1.726457402524392037e+01
3.139013452914798386e+00
1.569506729664823963e+00
1.569506726457399193e+00
2.242152466367713093e-01
4.708520200755029528e+00
8.968609856917719725e+00
6.726457399103139556e-01
5.829596418970903748e+00
2.242152466367712815e+00
3.363228701155281719e+00
1.793721973094170474e+00
1.793721994477002646e+00
3.856502269522491844e+01
9.192825103554490340e+00
5.156950679060589238e+00
2.242152466367713093e-01
1.345291501203460083e+00
8.968609865470852371e-01
3.363228705966418985e+00
4.484304932735426186e-01
1.793721974697882748e+00
4.260089707481486521e+00
1.053811663469391569e+01
5.605381167522994978e+00
2.085201786024153492e+01
2.017937219730941756e+00
5.829596418970903748e+00
2.466367716211909311e+00
2.690582961244968097e+00
1.053811662614078237e+01
3.811659199239961548e+00
3.811659194428824726e+00
3.139013474297630335e+00
2.914798206278026882e+00
2.914798209485451874e+00
2.466367734387316712e+00
2.690582959641255822e+00
3.363228705966418985e+00
2.690582959641255822e+00
2.466367713004484319e+00
1.793721994477002646e+00
4.035874441065596230e+00
2.017937221334654030e+00
2.690582961244968097e+00
2.690582981024087772e+00
2.466367713004484319e+00
2.690582962848680371e+00
2.242152487750545209e+00
3.363228705966418985e+00
5.829596433938886157e+00
6.502242155673792823e+00
7.623318392065074001e+00
8.968609856917719725e+00
1.053811660475795087e+01
1.300448433914526625e+01
1.636771309001563424e+01
1.210762338253414683e+01
1.390134530430952076e+01
2.421524661966503444e+01
2.421524655979310481e+01
2.959641263303200631e+01
3.901345293190447450e+01
3.632286992094442013e+01
4.461883425178014306e+01
5.672645765569712495e+01
5.627802705978599107e+01
5.717488789237668101e+01
5.067264599650430057e+01
6.188340802043008182e+01
6.210762319864178949e+01
5.986547115993072055e+01
6.748878906660550570e+01
5.964125570801876108e+01
5.493273568260295292e+01
5.807174908419895587e+01
5.538116585085744958e+01
5.381165944941909629e+01
5.179372187045657228e+01
5.044843064722993375e+01
5.134529173641461597e+01
5.156950682909499051e+01
4.910313911609051019e+01
4.775784758495108662e+01
5.134529153113942357e+01
5.000000005131879988e+01
5.179372202441296480e+01
5.000000027370025180e+01
5.022421524663677417e+01
4.910313880817772514e+01
5.022421509268038164e+01
5.336322895614555506e+01
4.798206283158785368e+01
5.224215256900530591e+01
4.843049354724285394e+01
4.887892386945373602e+01
5.022421524663677417e+01
4.887892361285975085e+01
5.044843069854873363e+01
4.887892371549734349e+01
4.753363208172032728e+01
4.753363238963311233e+01
4.551569528964602540e+01
4.058295948729921321e+01
3.632287022885720518e+01
3.228699563543892737e+01
2.982062787966878048e+01
2.443946190906747162e+01
2.376681611783835990e+01
1.950672641891000580e+01
1.659192828533360853e+01
1.390134542832994669e+01
1.255605377317009541e+01
1.457399106560266588e+01
1.412556062364792098e+01
1.165919286787777231e+01
1.076233185139472148e+01
1.098654714935029020e+01
1.210762336115131532e+01
1.255605381807404264e+01
1.053811658337511759e+01
1.053811658337511759e+01
1.076233184497987239e+01
1.053811663469391569e+01
8.968609826981754907e+00
1.031390133673834697e+01
8.520179333708211900e+00
9.192825154873288440e+00
8.968609951002180836e+00
7.623318388857649452e+00
9.192825133490455158e+00
9.417040341638129419e+00
7.623318398479923097e+00
8.744394580344982515e+00
8.071748885338616120e+00
8.295964131975388511e+00
9.192825133490455158e+00
8.071748891753466992e+00
6.726457405517988875e+00
7.623318471181552702e+00
6.726457390550006465e+00
7.847533593797897389e+00
6.502242173849199780e+00
6.726457420485971284e+00
7.847533635494420068e+00
6.053811665607674364e+00
6.053811680575657661e+00
6.278026867340498640e+00
6.502242158881217371e+00
