2.213139458465576137e+00
2.117906110382079987e+00
2.049412585067749148e+00
1.963749084472656170e+00
2.010896671295165916e+00
1.871592871093749944e+00
1.839928360748291025e+00
1.801752464294433587e+00
1.780151643753051793e+00
1.793252207374572693e+00
1.740143676376342707e+00
1.673500155258178745e+00
1.704702891349792582e+00
1.647265465164184484e+00
1.614753577041625920e+00
1.611376506423950250e+00
1.556769931030273391e+00
1.557784029006958004e+00
1.443913452911376849e+00
1.404647946166992289e+00
1.388075495147705007e+00
1.363442767333984396e+00
1.294056669425964312e+00
1.301176694488525465e+00
1.257877991867065504e+00
1.213843959426879948e+00
1.207776167678833001e+00
1.199683801269531225e+00
1.144440397834777912e+00
1.161325873184203994e+00
1.169207591629028320e+00
1.105411246109008871e+00
1.054864893341064480e+00
1.017686217117309555e+00
9.946524265289307110e-01
9.658854926109313732e-01
9.655993797302245829e-01
1.023823854446411108e+00
9.559630722045898699e-01
9.344399497985840242e-01
9.332902721405029745e-01
9.785173393249512186e-01
9.174439628601074315e-01
8.671187259674072445e-01
8.803619585037231188e-01
8.384099447250366044e-01
8.712766185760497661e-01
8.385686920166015579e-01
8.619818431854248120e-01
8.261735448837280726e-01
7.846662301063537237e-01
7.712890110015868661e-01
8.099611536979675064e-01
7.674183654785156072e-01
7.908162770271300879e-01
7.206565097808838027e-01
8.061633943557738879e-01
8.209822259902953556e-01
7.281235370635986692e-01
6.810973062515258691e-01
7.261910217285155733e-01
7.078198843002319052e-01
6.991462294101714603e-01
6.818840074539184171e-01
6.787557998657226532e-01
7.454027248382568693e-01
6.170223344802856502e-01
6.596903244018554879e-01
6.251962694168090584e-01
6.233665415763854911e-01
6.360216537475585907e-01
6.037454103469848121e-01
6.355999000549316102e-01
5.736279487609863281e-01
6.207203369140624760e-01
5.936136962890624647e-01
5.745020229339599105e-01
6.061851593017577589e-01
6.593108840942383253e-01
6.151997490882873398e-01
5.306398807525635197e-01
5.260756458759308085e-01
4.755170932769775538e-01
4.614061075210571516e-01
4.489456000328063690e-01
4.533886856079101801e-01
4.629250743865966911e-01
4.453016256332397727e-01
4.109230564117431483e-01
4.301056553840637009e-01
4.248749521732330114e-01
4.221477046012878653e-01
4.191269666671753047e-01
4.208601793289184489e-01
4.349161196708679067e-01
4.189319864749908584e-01
4.432929992675781472e-01
4.436788291931152428e-01
4.104063579559326103e-01
4.374045192718505892e-01
4.210674714088439852e-01
4.001113273620605648e-01
4.209991905212402408e-01
3.993614255070686569e-01
4.232340898513793914e-01
4.315220636367798068e-01
4.153723960876464782e-01
4.173103595733642646e-01
4.163117027282715044e-01
4.078782997131347732e-01
4.171929445266723824e-01
4.174592052459716873e-01
3.893262143135070574e-01
4.128066401720046907e-01
4.014947435379028207e-01
4.096709640026092725e-01
4.015510847091675051e-01
4.075395591735839762e-01
3.959103788852691430e-01
3.939429275512695283e-01
4.024567512989044027e-01
3.946951187133789229e-01
4.064518638610840062e-01
3.900405330657958913e-01
4.168805784702300787e-01
4.073626341342925783e-01
4.129728481292724851e-01
4.091849979400634663e-01
3.970980727195739801e-01
4.036501609802246038e-01
4.205662117958068880e-01
4.259531312942504977e-01
4.268299274444580238e-01
3.982164997458457756e-01
4.178274805068969977e-01
4.236268043518066628e-01
4.046374704360962138e-01
4.240790203094482180e-01
4.269208439886569839e-01
4.257072486877441220e-01
4.051733499050140241e-01
4.378799104690551669e-01
4.143270153045654491e-01
4.115427212476730490e-01
4.254618816375732582e-01
4.134665636062622163e-01
4.132463739395141333e-01
4.125115733146667574e-01
4.173996347427368359e-01
4.330916793346404892e-01
4.242570335388183844e-01
4.217561496734619220e-01
4.174945389747619640e-01
4.451253486633300893e-01
4.159245281219482449e-01
4.350250082015991171e-01
4.245587025642394985e-01
4.134000209808349480e-01
4.258206395149231049e-01
4.304531974792480398e-01
4.206835046768188646e-01
3.986401887893676887e-01
4.189588348388672001e-01
4.264839665412902825e-01
4.202444705963134797e-01
4.507701797485351713e-01
4.361678646087646660e-01
4.282673412322998141e-01
4.196796201705932372e-01
4.314983619689941596e-01
4.427584516525268632e-01
4.143562027692794802e-01
4.102669118404388415e-01
4.050004629135131595e-01
4.234958303451538120e-01
4.094977916717529309e-01
4.280402690887450956e-01
4.084773990392684961e-01
4.332458685874939208e-01
4.075922450065612712e-01
3.968650096893310275e-01
4.150591118812561042e-01
4.419078718185424637e-01
4.087548512458801242e-01
4.023274956464767405e-01
4.381366155624389913e-01
4.101100505828857434e-01
4.175707652568816930e-01
4.109222958803177006e-01
4.284449764251708759e-01
4.255267313003540108e-01
4.013678704738616876e-01
4.115882049560546929e-01
4.229930673599243129e-01
4.345221998214721659e-01
4.182727895736694235e-01
4.036399841308593861e-01
4.198022055149078224e-01
4.033509634017944379e-01
4.189101051807403442e-01
