3.696877717971801758e+00
3.703503608703613281e-01
3.809263706207275391e-01
3.840048313140869141e-01
3.978688716888427734e-01
3.936965465545654297e-01
3.529510498046875000e-01
3.751323223114013672e-01
3.763134479522705078e-01
3.810753822326660156e-01
3.889729976654052734e-01
3.886432647705078125e-01
3.825566768646240234e-01
3.757269382476806641e-01
3.764333724975585938e-01
4.132266044616699219e-01
3.816130161285400391e-01
3.673751354217529297e-01
3.924088478088378906e-01
3.762795925140380859e-01
3.548188209533691406e-01
3.767220973968505859e-01
3.644254207611083984e-01
3.852856159210205078e-01
4.006600379943847656e-01
3.716909885406494141e-01
3.918459415435791016e-01
3.968231678009033203e-01
3.935363292694091797e-01
3.742434978485107422e-01
3.643910884857177734e-01
3.902766704559326172e-01
3.889176845550537109e-01
3.721992969512939453e-01
3.811068534851074219e-01
4.007589817047119141e-01
3.878054618835449219e-01
3.700733184814453125e-01
3.659031391143798828e-01
4.012875556945800781e-01
3.686554431915283203e-01
3.579652309417724609e-01
3.861687183380126953e-01
3.801357746124267578e-01
3.721168041229248047e-01
3.652470111846923828e-01
3.878452777862548828e-01
3.751366138458251953e-01
4.005098342895507812e-01
3.852994441986083984e-01
3.703951835632324219e-01
3.904626369476318359e-01
3.974599838256835938e-01
3.701262474060058594e-01
3.928718566894531250e-01
3.822405338287353516e-01
3.901939392089843750e-01
3.971228599548339844e-01
3.889865875244140625e-01
3.939659595489501953e-01
3.634684085845947266e-01
3.722023963928222656e-01
3.880858421325683594e-01
3.876225948333740234e-01
3.737175464630126953e-01
3.631436824798583984e-01
3.565330505371093750e-01
3.971023559570312500e-01
3.702161312103271484e-01
3.649151325225830078e-01
4.065124988555908203e-01
3.765881061553955078e-01
3.963286876678466797e-01
4.130530357360839844e-01
3.649017810821533203e-01
3.812031745910644531e-01
3.603293895721435547e-01
3.853907585144042969e-01
3.795785903930664062e-01
3.506059646606445312e-01
3.981094360351562500e-01
3.771533966064453125e-01
3.976941108703613281e-01
3.641014099121093750e-01
4.060008525848388672e-01
3.924551010131835938e-01
3.938937187194824219e-01
3.731119632720947266e-01
3.681523799896240234e-01
3.877356052398681641e-01
3.741965293884277344e-01
4.000935554504394531e-01
3.989036083221435547e-01
4.050798416137695312e-01
3.663265705108642578e-01
3.669188022613525391e-01
3.740944862365722656e-01
3.725140094757080078e-01
4.054577350616455078e-01
3.686668872833251953e-01
3.798060417175292969e-01
3.850495815277099609e-01
3.666996955871582031e-01
3.591682910919189453e-01
3.696284294128417969e-01
3.905897140502929688e-01
3.849222660064697266e-01
3.587827682495117188e-01
3.863561153411865234e-01
3.921241760253906250e-01
4.012563228607177734e-01
3.868229389190673828e-01
3.862404823303222656e-01
3.742020130157470703e-01
3.941402435302734375e-01
3.850350379943847656e-01
4.099681377410888672e-01
3.867530822753906250e-01
3.738248348236083984e-01
3.970017433166503906e-01
4.129326343536376953e-01
3.997876644134521484e-01
3.779261112213134766e-01
3.770632743835449219e-01
3.834636211395263672e-01
3.837659358978271484e-01
3.866760730743408203e-01
3.731722831726074219e-01
4.020354747772216797e-01
3.901853561401367188e-01
3.906855583190917969e-01
3.776881694793701172e-01
3.774919509887695312e-01
3.859553337097167969e-01
3.905689716339111328e-01
3.860940933227539062e-01
4.095125198364257812e-01
3.933465480804443359e-01
3.868718147277832031e-01
3.605895042419433594e-01
3.630998134613037109e-01
3.737351894378662109e-01
3.763678073883056641e-01
3.881082534790039062e-01
3.840100765228271484e-01
3.791115283966064453e-01
3.922297954559326172e-01
3.755216598510742188e-01
3.817012310028076172e-01
3.965175151824951172e-01
3.884141445159912109e-01
3.800468444824218750e-01
3.781216144561767578e-01
4.090566635131835938e-01
3.451838493347167969e-01
3.717741966247558594e-01
3.880293369293212891e-01
4.002530574798583984e-01
3.985443115234375000e-01
3.876965045928955078e-01
3.910369873046875000e-01
3.922359943389892578e-01
3.821275234222412109e-01
4.045121669769287109e-01
4.003336429595947266e-01
3.421792984008789062e-01
4.035699367523193359e-01
3.753037452697753906e-01
3.927786350250244141e-01
3.912682533264160156e-01
3.632352352142333984e-01
3.990578651428222656e-01
4.089279174804687500e-01
3.786630630493164062e-01
3.675653934478759766e-01
3.593986034393310547e-01
3.973076343536376953e-01
3.931393623352050781e-01
3.631832599639892578e-01
3.746294975280761719e-01
3.951773643493652344e-01
3.979635238647460938e-01
3.832805156707763672e-01
4.081513881683349609e-01
3.839294910430908203e-01
3.704433441162109375e-01
4.044167995452880859e-01
3.681881427764892578e-01
3.642361164093017578e-01
3.755488395690917969e-01
3.993868827819824219e-01
3.773617744445800781e-01
3.925113677978515625e-01
3.652210235595703125e-01
3.886168003082275391e-01
4.081218242645263672e-01
3.970448970794677734e-01
3.882718086242675781e-01
3.468983173370361328e-01
3.433041572570800781e-01
