5.215407609939575195e+00
1.729321479797363281e+00
1.487612962722778320e+00
1.556189537048339844e+00
1.689107656478881836e+00
1.627175569534301758e+00
1.677809000015258789e+00
1.572140932083129883e+00
1.597178220748901367e+00
1.639423370361328125e+00
1.775987386703491211e+00
1.666566133499145508e+00
1.663402318954467773e+00
1.628220796585083008e+00
1.586678028106689453e+00
1.568410634994506836e+00
1.558768510818481445e+00
1.684752225875854492e+00
1.541622638702392578e+00
1.490348100662231445e+00
1.492971181869506836e+00
1.550452232360839844e+00
1.568815231323242188e+00
1.661163806915283203e+00
1.624178171157836914e+00
1.534507513046264648e+00
1.482325553894042969e+00
1.431477069854736328e+00
1.694215536117553711e+00
1.500425100326538086e+00
1.587127685546875000e+00
1.631782770156860352e+00
1.496578931808471680e+00
1.502275705337524414e+00
1.570407629013061523e+00
1.543623447418212891e+00
1.472678899765014648e+00
1.589422702789306641e+00
1.499452114105224609e+00
1.559761047363281250e+00
1.510304689407348633e+00
1.610634565353393555e+00
1.721321821212768555e+00
1.675681352615356445e+00
1.485983848571777344e+00
1.490027666091918945e+00
1.502689599990844727e+00
1.642827033996582031e+00
1.639626264572143555e+00
1.507994651794433594e+00
1.554677724838256836e+00
1.647176980972290039e+00
1.665102243423461914e+00
1.563441991806030273e+00
1.619135379791259766e+00
1.631619691848754883e+00
1.547416210174560547e+00
1.692465543746948242e+00
1.728167295455932617e+00
1.516295433044433594e+00
1.522405624389648438e+00
1.587229013442993164e+00
1.744265794754028320e+00
1.718301057815551758e+00
1.576822996139526367e+00
1.527896881103515625e+00
1.476550579071044922e+00
1.604730606079101562e+00
1.612937688827514648e+00
1.621635675430297852e+00
1.656170129776000977e+00
1.637040615081787109e+00
1.780449151992797852e+00
1.619242906570434570e+00
1.659659385681152344e+00
1.508813142776489258e+00
1.641651630401611328e+00
1.507531642913818359e+00
1.735048294067382812e+00
1.691352844238281250e+00
1.585850715637207031e+00
1.502352714538574219e+00
1.580974340438842773e+00
1.699615716934204102e+00
1.567152738571166992e+00
1.709608793258666992e+00
1.576894760131835938e+00
1.619678735733032227e+00
1.443315744400024414e+00
1.462677717208862305e+00
1.537673950195312500e+00
1.699667215347290039e+00
1.688931226730346680e+00
1.467460155487060547e+00
1.451761007308959961e+00
1.568164825439453125e+00
1.583470106124877930e+00
1.533396959304809570e+00
1.570414066314697266e+00
1.668105125427246094e+00
1.600821971893310547e+00
1.528110980987548828e+00
1.565794706344604492e+00
1.559590339660644531e+00
1.615173101425170898e+00
1.471258163452148438e+00
1.475212812423706055e+00
1.542148113250732422e+00
1.692641019821166992e+00
1.685809850692749023e+00
1.554626941680908203e+00
1.749144792556762695e+00
1.548826217651367188e+00
1.585148811340332031e+00
1.647636413574218750e+00
1.445767641067504883e+00
1.544179439544677734e+00
1.555359363555908203e+00
1.741894721984863281e+00
1.676426649093627930e+00
1.511995792388916016e+00
1.469520330429077148e+00
1.529047727584838867e+00
1.513408660888671875e+00
1.456697940826416016e+00
1.580311298370361328e+00
1.690367698669433594e+00
1.520242214202880859e+00
1.635392904281616211e+00
1.538176298141479492e+00
1.686443567276000977e+00
1.663248300552368164e+00
1.609307050704956055e+00
1.535658836364746094e+00
1.657372951507568359e+00
1.612766027450561523e+00
1.537287473678588867e+00
1.578288793563842773e+00
1.526062726974487305e+00
1.511513233184814453e+00
1.538529157638549805e+00
1.559276342391967773e+00
1.690823793411254883e+00
1.520040988922119141e+00
1.510395288467407227e+00
1.519823789596557617e+00
1.631799459457397461e+00
1.649375677108764648e+00
1.621798038482666016e+00
1.563543796539306641e+00
1.742054939270019531e+00
1.630694627761840820e+00
1.543928623199462891e+00
1.602113723754882812e+00
1.591346979141235352e+00
1.557430505752563477e+00
1.501599311828613281e+00
1.575972795486450195e+00
1.543677806854248047e+00
1.719149112701416016e+00
1.517577171325683594e+00
1.720773696899414062e+00
1.722897291183471680e+00
1.680834770202636719e+00
1.478899478912353516e+00
1.587214469909667969e+00
1.517539262771606445e+00
1.490768194198608398e+00
1.589061498641967773e+00
1.665581226348876953e+00
1.584230899810791016e+00
1.490462303161621094e+00
1.569445848464965820e+00
1.649607181549072266e+00
1.567828893661499023e+00
1.637437105178833008e+00
1.598408937454223633e+00
1.469362497329711914e+00
1.489732503890991211e+00
1.559450387954711914e+00
1.700523614883422852e+00
1.596920251846313477e+00
1.733441352844238281e+00
1.566775798797607422e+00
1.554899930953979492e+00
1.658162355422973633e+00
1.471536397933959961e+00
1.547632217407226562e+00
1.590108633041381836e+00
1.621380329132080078e+00
1.591983795166015625e+00
1.573644638061523438e+00
1.572902441024780273e+00
1.674008369445800781e+00
1.647483110427856445e+00
1.668413400650024414e+00
1.581129312515258789e+00
1.560244560241699219e+00
1.527773141860961914e+00
1.392313003540039062e+00
