2.238851051330566388e+00
2.097279766845703275e+00
2.006532071304321097e+00
1.940124442481994560e+00
1.881131504058837889e+00
1.836388966751098639e+00
1.818666806411743053e+00
1.809463676452636616e+00
1.733537374114990204e+00
1.720134390258789114e+00
1.717722260665893508e+00
1.691729480743408232e+00
1.627710752868652300e+00
1.586563560104370163e+00
1.558282641601562490e+00
1.523355606460571332e+00
1.510841643524169831e+00
1.482310023880004879e+00
1.417254394531249906e+00
1.381348337173461838e+00
1.324655206871032664e+00
1.341805749511718826e+00
1.267864039039611868e+00
1.246124002838134848e+00
1.217751868057250997e+00
1.220120548057556098e+00
1.142410081863403315e+00
1.088027860069274988e+00
1.143624116325378415e+00
1.101873064231872590e+00
1.052930752944946313e+00
1.063569087600708007e+00
1.003360762023925767e+00
1.046828955459594646e+00
9.916903434753417956e-01
9.443724061965942385e-01
9.005578788757324649e-01
9.125882650375366500e-01
9.062243316650390179e-01
8.684832134246825985e-01
9.017519847869872596e-01
8.472258785247802626e-01
8.131801908493041520e-01
7.895870515823364411e-01
7.522205091476440453e-01
7.910393270492553919e-01
7.966126499176025000e-01
7.098997756958007610e-01
7.828215719223022839e-01
7.201902122497558789e-01
7.200898914337158230e-01
6.964825812339783262e-01
6.678024032592773107e-01
7.832353683471680039e-01
6.487019790649414253e-01
6.310311733245849153e-01
6.853934009552001827e-01
6.877655813217162795e-01
6.551412475585937090e-01
6.424865605354309617e-01
6.288678293228149307e-01
6.115558946609497282e-01
6.183961050033569551e-01
5.766695686340331806e-01
6.754572883605957090e-01
5.729261166572571229e-01
5.733285072326660403e-01
5.523293849945067890e-01
6.215341379165649771e-01
5.408050136566162625e-01
5.460845273971557390e-01
6.001882085800170907e-01
6.495332052230834430e-01
5.482413710594177259e-01
4.818635781764983861e-01
4.648826461791992215e-01
5.725963420867919984e-01
5.171848733901978079e-01
4.885333896636963047e-01
4.968644695281982382e-01
4.176722808837890488e-01
4.469927787780761941e-01
3.596221469879150590e-01
3.328166967391967823e-01
3.575881903648376325e-01
3.509524719238281132e-01
3.628176862716674944e-01
3.602966928482055908e-01
3.568132844924926661e-01
3.837321052551269651e-01
3.445683587074279686e-01
3.793232324600219751e-01
3.456988742828369099e-01
3.489822021484375036e-01
3.872377653121948371e-01
3.479267911434173466e-01
3.592345901489257809e-01
3.436964698791503681e-01
3.641774159431457325e-01
3.740008911132812752e-01
3.571135848045349226e-01
3.487640851020812893e-01
3.639473948955536109e-01
3.637058748245239337e-01
3.563988056659698755e-01
3.548970591545104747e-01
3.475861632823943892e-01
3.529206466674804643e-01
3.435472337245941143e-01
3.589439823627472159e-01
3.392724477767944391e-01
3.466275173187255976e-01
3.462607582092285252e-01
3.455839117050170661e-01
3.580365722656250194e-01
3.380988738059997334e-01
3.521041397094726300e-01
3.417773357391357680e-01
3.537064693450927555e-01
3.410984529972076462e-01
3.397111801147461030e-01
3.295794815063476380e-01
3.368446122169494461e-01
3.386384262084961017e-01
3.494097511291504032e-01
3.411267023086547723e-01
3.479872119903564265e-01
3.637035911560058676e-01
3.411563652038574479e-01
3.493165966033935366e-01
3.375650688171386582e-01
3.725972434997558702e-01
3.413435119628906445e-01
3.394031074047088592e-01
3.595762888431549009e-01
3.613085126876831032e-01
3.560190388679504436e-01
3.440448188781738414e-01
3.445115970611572487e-01
3.508551755905151559e-01
3.442042604446410858e-01
3.479979048728942814e-01
3.571702920913696344e-01
3.605321458816528324e-01
3.410312495708465730e-01
3.670697202682495219e-01
3.654513892173766876e-01
3.593956323146820231e-01
3.525519977569580021e-01
3.427363735198974415e-01
3.429379846572875867e-01
3.449835976600647003e-01
3.424731342792510791e-01
3.845359704971313408e-01
3.402550780296325628e-01
3.505294559478759897e-01
3.569168236732482846e-01
3.583688881874084742e-01
3.606722599983215316e-01
3.293147811889648446e-01
3.658479207992553772e-01
3.502778333663940646e-01
3.538239086151123147e-01
3.780064550876617302e-01
3.626856967926025410e-01
3.754577946662902566e-01
3.498719092369079742e-01
3.660772697448730351e-01
3.838605007171631001e-01
3.619435982704162780e-01
3.544432860374450711e-01
3.581876237869262569e-01
3.598593997955322199e-01
3.465804412841796966e-01
3.527888196945190291e-01
3.525094848513602996e-01
3.469124851226806916e-01
3.317126910686493124e-01
3.625428426265716597e-01
3.463902691721916227e-01
3.513206150054931642e-01
3.355140206336975073e-01
3.464874324798584149e-01
3.575179325103760020e-01
3.531560262680053519e-01
3.708091918945312648e-01
3.438365303039550569e-01
3.510710376024246404e-01
3.498843086004257419e-01
3.492710713386535382e-01
3.297886449813842713e-01
3.584733192443847472e-01
3.582582426071166948e-01
3.432514997482299934e-01
3.532437632560729845e-01
3.480651424407958938e-01
3.614238246917724773e-01
3.309765987515449481e-01
3.706553300857544087e-01
3.506581172943115110e-01
