3.295583486557006836e+00
3.434846401214599609e-01
3.643798828125000000e-01
3.961069583892822266e-01
3.686573505401611328e-01
3.860116004943847656e-01
3.639786243438720703e-01
4.008100032806396484e-01
3.969957828521728516e-01
3.537755012512207031e-01
3.774476051330566406e-01
3.899004459381103516e-01
3.952505588531494141e-01
3.829288482666015625e-01
4.085988998413085938e-01
4.103186130523681641e-01
3.896605968475341797e-01
3.982286453247070312e-01
3.910868167877197266e-01
4.101054668426513672e-01
3.815629482269287109e-01
3.516564369201660156e-01
3.800275325775146484e-01
3.771052360534667969e-01
3.666563034057617188e-01
3.689351081848144531e-01
3.747506141662597656e-01
3.936972618103027344e-01
3.844828605651855469e-01
4.029922485351562500e-01
3.554341793060302734e-01
3.533899784088134766e-01
3.665475845336914062e-01
3.564314842224121094e-01
3.964323997497558594e-01
3.735382556915283203e-01
4.164407253265380859e-01
3.868911266326904297e-01
4.187011718750000000e-01
3.650305271148681641e-01
3.826882839202880859e-01
3.780083656311035156e-01
3.941833972930908203e-01
3.899645805358886719e-01
3.913414478302001953e-01
3.759267330169677734e-01
4.084734916687011719e-01
3.776075839996337891e-01
3.918521404266357422e-01
3.848121166229248047e-01
3.815510272979736328e-01
3.628399372100830078e-01
3.739740848541259766e-01
3.776683807373046875e-01
3.767368793487548828e-01
3.998339176177978516e-01
3.949475288391113281e-01
3.980395793914794922e-01
3.950865268707275391e-01
3.596978187561035156e-01
3.568625450134277344e-01
3.920347690582275391e-01
3.857073783874511719e-01
3.811807632446289062e-01
3.908536434173583984e-01
3.824441432952880859e-01
3.771831989288330078e-01
3.754146099090576172e-01
3.833830356597900391e-01
3.710417747497558594e-01
3.655676841735839844e-01
3.750298023223876953e-01
3.818056583404541016e-01
3.805687427520751953e-01
3.503282070159912109e-01
3.754911422729492188e-01
3.949711322784423828e-01
3.685600757598876953e-01
3.910589218139648438e-01
3.749639987945556641e-01
4.082608222961425781e-01
3.603930473327636719e-01
4.004423618316650391e-01
4.031045436859130859e-01
4.042201042175292969e-01
3.702912330627441406e-01
3.901154994964599609e-01
3.861491680145263672e-01
3.729248046875000000e-01
3.612058162689208984e-01
3.769357204437255859e-01
3.977022171020507812e-01
4.071812629699707031e-01
3.580925464630126953e-01
3.732049465179443359e-01
3.748135566711425781e-01
3.956873416900634766e-01
3.650460243225097656e-01
3.810877799987792969e-01
3.575363159179687500e-01
3.978326320648193359e-01
3.665256500244140625e-01
3.559219837188720703e-01
4.014506340026855469e-01
3.508608341217041016e-01
3.968071937561035156e-01
3.807418346405029297e-01
3.873383998870849609e-01
3.896768093109130859e-01
3.733303546905517578e-01
4.032585620880126953e-01
4.004800319671630859e-01
3.710434436798095703e-01
3.871834278106689453e-01
3.472094535827636719e-01
3.743255138397216797e-01
3.904497623443603516e-01
3.932743072509765625e-01
3.827321529388427734e-01
3.879828453063964844e-01
3.888916969299316406e-01
3.870987892150878906e-01
3.905735015869140625e-01
3.593049049377441406e-01
3.852345943450927734e-01
3.873934745788574219e-01
3.888573646545410156e-01
3.782074451446533203e-01
3.770468235015869141e-01
4.021162986755371094e-01
3.907351493835449219e-01
3.535873889923095703e-01
3.832507133483886719e-01
3.745377063751220703e-01
3.708887100219726562e-01
3.491356372833251953e-01
3.865060806274414062e-01
3.623316287994384766e-01
4.032683372497558594e-01
3.818461894989013672e-01
3.925018310546875000e-01
3.704540729522705078e-01
3.899843692779541016e-01
3.659462928771972656e-01
4.000635147094726562e-01
4.213597774505615234e-01
3.965077400207519531e-01
4.142329692840576172e-01
3.524703979492187500e-01
3.615758419036865234e-01
3.771929740905761719e-01
3.725996017456054688e-01
3.612029552459716797e-01
3.741898536682128906e-01
3.722681999206542969e-01
3.982231616973876953e-01
3.559350967407226562e-01
3.761966228485107422e-01
3.812863826751708984e-01
3.841536045074462891e-01
3.680202960968017578e-01
3.804638385772705078e-01
3.739075660705566406e-01
3.864629268646240234e-01
3.810217380523681641e-01
3.772556781768798828e-01
3.463153839111328125e-01
3.805379867553710938e-01
3.825383186340332031e-01
3.950796127319335938e-01
3.886339664459228516e-01
3.918511867523193359e-01
3.760232925415039062e-01
3.998715877532958984e-01
3.821473121643066406e-01
3.855514526367187500e-01
3.857719898223876953e-01
3.736567497253417969e-01
3.763635158538818359e-01
3.832001686096191406e-01
3.781149387359619141e-01
3.812994956970214844e-01
3.617780208587646484e-01
4.007372856140136719e-01
4.074187278747558594e-01
3.715465068817138672e-01
3.803963661193847656e-01
3.736507892608642578e-01
3.622047901153564453e-01
3.763122558593750000e-01
3.554897308349609375e-01
3.876991271972656250e-01
3.540055751800537109e-01
3.705086708068847656e-01
3.466715812683105469e-01
3.713765144348144531e-01
4.031052589416503906e-01
4.211876392364501953e-01
3.884873390197753906e-01
3.375763893127441406e-01
