1.339769363403320312e-02
1.509499549865722656e-02
1.470112800598144531e-02
1.594495773315429688e-02
1.533651351928710938e-02
1.437878608703613281e-02
1.451444625854492188e-02
1.398372650146484375e-02
1.511335372924804688e-02
1.313114166259765625e-02
1.409935951232910156e-02
1.346373558044433594e-02
1.472330093383789062e-02
1.454043388366699219e-02
1.522016525268554688e-02
1.405072212219238281e-02
1.402854919433593750e-02
1.447248458862304688e-02
1.723337173461914062e-02
1.340842247009277344e-02
1.471829414367675781e-02
1.424956321716308594e-02
1.376390457153320312e-02
1.385498046875000000e-02
1.367664337158203125e-02
1.529288291931152344e-02
1.418137550354003906e-02
1.327252388000488281e-02
1.195716857910156250e-02
1.294589042663574219e-02
1.382493972778320312e-02
1.395106315612792969e-02
1.432085037231445312e-02
1.445388793945312500e-02
1.572608947753906250e-02
1.473474502563476562e-02
1.652765274047851562e-02
1.520299911499023438e-02
1.352953910827636719e-02
1.433491706848144531e-02
1.383066177368164062e-02
1.454257965087890625e-02
1.282787322998046875e-02
1.501655578613281250e-02
1.490020751953125000e-02
1.552104949951171875e-02
1.372098922729492188e-02
1.426863670349121094e-02
1.415395736694335938e-02
1.825046539306640625e-02
1.488375663757324219e-02
1.367855072021484375e-02
1.428413391113281250e-02
1.418185234069824219e-02
1.497769355773925781e-02
1.469588279724121094e-02
1.467823982238769531e-02
1.336669921875000000e-02
1.503062248229980469e-02
1.592040061950683594e-02
1.518464088439941406e-02
1.444578170776367188e-02
1.510524749755859375e-02
1.486253738403320312e-02
1.406168937683105469e-02
1.404333114624023438e-02
1.451802253723144531e-02
1.405906677246093750e-02
1.702213287353515625e-02
1.481890678405761719e-02
1.450777053833007812e-02
1.433110237121582031e-02
1.514530181884765625e-02
1.410365104675292969e-02
1.369285583496093750e-02
1.368618011474609375e-02
1.232123374938964844e-02
1.330327987670898438e-02
1.461434364318847656e-02
1.328134536743164062e-02
1.447868347167968750e-02
1.426506042480468750e-02
1.669621467590332031e-02
1.404857635498046875e-02
1.244521141052246094e-02
1.309156417846679688e-02
1.368784904479980469e-02
1.321911811828613281e-02
1.449680328369140625e-02
1.401448249816894531e-02
1.366519927978515625e-02
1.416039466857910156e-02
1.271653175354003906e-02
1.339578628540039062e-02
1.421904563903808594e-02
1.328420639038085938e-02
1.451325416564941406e-02
1.352095603942871094e-02
1.478624343872070312e-02
1.474070549011230469e-02
1.412534713745117188e-02
1.544737815856933594e-02
1.544737815856933594e-02
1.505541801452636719e-02
1.431250572204589844e-02
1.506757736206054688e-02
1.406359672546386719e-02
1.524972915649414062e-02
1.489496231079101562e-02
1.538276672363281250e-02
1.362705230712890625e-02
1.539373397827148438e-02
1.455044746398925781e-02
1.453375816345214844e-02
1.503491401672363281e-02
1.404643058776855469e-02
1.526379585266113281e-02
1.367640495300292969e-02
1.676511764526367188e-02
1.443052291870117188e-02
1.552534103393554688e-02
1.491355895996093750e-02
1.458835601806640625e-02
1.472115516662597656e-02
1.504635810852050781e-02
1.473426818847656250e-02
1.394200325012207031e-02
1.481795310974121094e-02
1.482844352722167969e-02
1.189017295837402344e-02
1.379084587097167969e-02
1.442098617553710938e-02
1.270937919616699219e-02
1.392769813537597656e-02
1.454782485961914062e-02
1.329708099365234375e-02
1.288676261901855469e-02
1.414251327514648438e-02
1.720762252807617188e-02
1.305365562438964844e-02
1.532030105590820312e-02
1.333141326904296875e-02
1.346349716186523438e-02
1.516532897949218750e-02
1.244926452636718750e-02
1.300406455993652344e-02
1.599693298339843750e-02
1.569867134094238281e-02
1.282477378845214844e-02
1.335883140563964844e-02
1.352047920227050781e-02
1.545834541320800781e-02
1.455092430114746094e-02
1.420950889587402344e-02
1.552915573120117188e-02
1.486873626708984375e-02
1.462864875793457031e-02
1.393628120422363281e-02
1.466464996337890625e-02
1.561021804809570312e-02
1.475501060485839844e-02
1.626110076904296875e-02
1.557016372680664062e-02
1.636672019958496094e-02
1.384139060974121094e-02
1.511240005493164062e-02
1.420426368713378906e-02
1.443815231323242188e-02
1.500988006591796875e-02
1.381635665893554688e-02
1.405334472656250000e-02
1.407480239868164062e-02
1.484680175781250000e-02
1.203751564025878906e-02
1.323628425598144531e-02
1.464128494262695312e-02
1.381969451904296875e-02
1.592969894409179688e-02
1.568865776062011719e-02
1.861572265625000000e-02
1.434540748596191406e-02
1.538157463073730469e-02
1.629447937011718750e-02
1.481866836547851562e-02
1.466822624206542969e-02
1.567816734313964844e-02
1.551723480224609375e-02
1.485085487365722656e-02
1.516723632812500000e-02
1.886844635009765625e-02
1.496553421020507812e-02
1.489019393920898438e-02
1.467752456665039062e-02
1.446127891540527344e-02
1.400709152221679688e-02
1.335644721984863281e-02
1.296806335449218750e-02
1.284742355346679688e-02
8.219718933105468750e-03
4.308938980102539062e-03
