3.047241687774658203e+00
3.514101505279541016e-01
3.771793842315673828e-01
3.910825252532958984e-01
3.954737186431884766e-01
3.878753185272216797e-01
3.614759445190429688e-01
3.714358806610107422e-01
3.955702781677246094e-01
3.609800338745117188e-01
3.861997127532958984e-01
3.637511730194091797e-01
3.723428249359130859e-01
3.804695606231689453e-01
4.005277156829833984e-01
3.796691894531250000e-01
4.087162017822265625e-01
3.996987342834472656e-01
3.870816230773925781e-01
3.884518146514892578e-01
3.823721408843994141e-01
3.843274116516113281e-01
3.670191764831542969e-01
3.945245742797851562e-01
3.961737155914306641e-01
4.089670181274414062e-01
3.618655204772949219e-01
3.619794845581054688e-01
3.746111392974853516e-01
3.750152587890625000e-01
3.743205070495605469e-01
3.847746849060058594e-01
3.528397083282470703e-01
3.761854171752929688e-01
3.853712081909179688e-01
3.778166770935058594e-01
3.919906616210937500e-01
3.987386226654052734e-01
3.924696445465087891e-01
3.824083805084228516e-01
3.816704750061035156e-01
3.780422210693359375e-01
3.634791374206542969e-01
3.725452423095703125e-01
3.990828990936279297e-01
3.899471759796142578e-01
3.720047473907470703e-01
3.949303627014160156e-01
3.846514225006103516e-01
3.876543045043945312e-01
3.911321163177490234e-01
3.696653842926025391e-01
3.878774642944335938e-01
4.087674617767333984e-01
3.919920921325683594e-01
3.490915298461914062e-01
3.581118583679199219e-01
3.758244514465332031e-01
3.787753582000732422e-01
3.851487636566162109e-01
3.898539543151855469e-01
3.832907676696777344e-01
3.869757652282714844e-01
3.747282028198242188e-01
4.062898159027099609e-01
3.587086200714111328e-01
3.543326854705810547e-01
3.845648765563964844e-01
3.683407306671142578e-01
3.868777751922607422e-01
3.927984237670898438e-01
3.727588653564453125e-01
4.073884487152099609e-01
3.982436656951904297e-01
3.874900341033935547e-01
3.900971412658691406e-01
3.681571483612060547e-01
3.928303718566894531e-01
4.014396667480468750e-01
3.678274154663085938e-01
3.833844661712646484e-01
3.971011638641357422e-01
3.954701423645019531e-01
3.823900222778320312e-01
3.787677288055419922e-01
3.785185813903808594e-01
3.720073699951171875e-01
3.618564605712890625e-01
3.778033256530761719e-01
3.625757694244384766e-01
3.791744709014892578e-01
3.750214576721191406e-01
3.797557353973388672e-01
3.485002517700195312e-01
3.723461627960205078e-01
3.628580570220947266e-01
3.749933242797851562e-01
3.659248352050781250e-01
3.710045814514160156e-01
3.998878002166748047e-01
3.818197250366210938e-01
3.877429962158203125e-01
3.897233009338378906e-01
3.931527137756347656e-01
3.637974262237548828e-01
3.962693214416503906e-01
3.830602169036865234e-01
3.723847866058349609e-01
3.866889476776123047e-01
3.884251117706298828e-01
3.636052608489990234e-01
3.834049701690673828e-01
3.883993625640869141e-01
3.966808319091796875e-01
3.660376071929931641e-01
3.923001289367675781e-01
3.822271823883056641e-01
3.616671562194824219e-01
3.716287612915039062e-01
3.869361877441406250e-01
3.766155242919921875e-01
3.935680389404296875e-01
3.766984939575195312e-01
3.968737125396728516e-01
3.933875560760498047e-01
3.958745002746582031e-01
3.611383438110351562e-01
3.940901756286621094e-01
3.999652862548828125e-01
3.633825778961181641e-01
3.852787017822265625e-01
3.774583339691162109e-01
3.739130496978759766e-01
4.161880016326904297e-01
3.842422962188720703e-01
3.816180229187011719e-01
3.417596817016601562e-01
4.046006202697753906e-01
3.710460662841796875e-01
3.719809055328369141e-01
4.083821773529052734e-01
3.699302673339843750e-01
3.708958625793457031e-01
3.922607898712158203e-01
3.793034553527832031e-01
3.695964813232421875e-01
3.754084110260009766e-01
3.893446922302246094e-01
3.402042388916015625e-01
3.695199489593505859e-01
3.646543025970458984e-01
3.820378780364990234e-01
3.720319271087646484e-01
3.820841312408447266e-01
3.765475749969482422e-01
3.603217601776123047e-01
3.835005760192871094e-01
3.803956508636474609e-01
3.855001926422119141e-01
3.585865497589111328e-01
4.064474105834960938e-01
3.911805152893066406e-01
3.658735752105712891e-01
3.676900863647460938e-01
3.924107551574707031e-01
3.572833538055419922e-01
3.562855720520019531e-01
3.424899578094482422e-01
4.056401252746582031e-01
3.781816959381103516e-01
3.778848648071289062e-01
3.588464260101318359e-01
3.681681156158447266e-01
3.538637161254882812e-01
3.814446926116943359e-01
3.964681625366210938e-01
3.758018016815185547e-01
3.716459274291992188e-01
3.981752395629882812e-01
3.966052532196044922e-01
3.623447418212890625e-01
3.641870021820068359e-01
3.730101585388183594e-01
3.806283473968505859e-01
3.700559139251708984e-01
4.036185741424560547e-01
3.861792087554931641e-01
3.927433490753173828e-01
3.788864612579345703e-01
3.993315696716308594e-01
3.869502544403076172e-01
4.154958724975585938e-01
4.009945392608642578e-01
3.667578697204589844e-01
3.901875019073486328e-01
3.631582260131835938e-01
3.780171871185302734e-01
3.488574028015136719e-01
2.872285842895507812e-01
2.938985824584960938e-01
