3.049161434173583984e+00
3.680045604705810547e-01
3.306703567504882812e-01
3.566298484802246094e-01
3.690428733825683594e-01
3.654334545135498047e-01
3.775053024291992188e-01
3.736467361450195312e-01
3.542594909667968750e-01
3.376719951629638672e-01
3.717939853668212891e-01
3.723211288452148438e-01
3.546802997589111328e-01
3.610532283782958984e-01
3.541128635406494141e-01
3.703794479370117188e-01
3.691444396972656250e-01
3.440382480621337891e-01
3.732707500457763672e-01
3.445734977722167969e-01
3.607566356658935547e-01
3.671472072601318359e-01
3.288581371307373047e-01
3.444554805755615234e-01
3.607349395751953125e-01
3.596153259277343750e-01
3.476336002349853516e-01
3.794414997100830078e-01
3.576855659484863281e-01
3.811180591583251953e-01
3.696665763854980469e-01
3.431389331817626953e-01
3.713362216949462891e-01
3.817675113677978516e-01
3.554630279541015625e-01
3.646659851074218750e-01
3.511347770690917969e-01
3.500282764434814453e-01
3.866126537322998047e-01
3.440368175506591797e-01
3.634335994720458984e-01
3.459613323211669922e-01
3.452382087707519531e-01
3.474307060241699219e-01
3.435966968536376953e-01
3.734848499298095703e-01
3.607101440429687500e-01
3.519551753997802734e-01
3.640182018280029297e-01
3.578643798828125000e-01
3.691368103027343750e-01
3.609459400177001953e-01
3.737087249755859375e-01
3.589105606079101562e-01
3.686997890472412109e-01
3.561549186706542969e-01
3.864467144012451172e-01
3.951880931854248047e-01
3.454082012176513672e-01
3.827576637268066406e-01
3.669774532318115234e-01
3.630568981170654297e-01
3.504862785339355469e-01
3.625159263610839844e-01
3.582715988159179688e-01
3.858058452606201172e-01
3.651435375213623047e-01
3.645446300506591797e-01
3.665199279785156250e-01
3.892810344696044922e-01
3.754870891571044922e-01
3.573975563049316406e-01
3.679239749908447266e-01
3.939762115478515625e-01
3.625061511993408203e-01
3.808524608612060547e-01
3.573906421661376953e-01
3.512063026428222656e-01
3.757326602935791016e-01
3.752901554107666016e-01
3.527216911315917969e-01
3.372001647949218750e-01
3.609671592712402344e-01
3.591654300689697266e-01
3.686172962188720703e-01
3.619194030761718750e-01
3.807580471038818359e-01
3.355257511138916016e-01
3.838376998901367188e-01
3.913309574127197266e-01
3.613877296447753906e-01
3.297872543334960938e-01
3.584434986114501953e-01
3.611345291137695312e-01
3.961691856384277344e-01
3.768827915191650391e-01
3.794806003570556641e-01
3.433952331542968750e-01
3.464593887329101562e-01
3.733184337615966797e-01
3.710668087005615234e-01
3.938922882080078125e-01
3.821499347686767578e-01
3.703467845916748047e-01
3.790736198425292969e-01
3.656792640686035156e-01
3.615427017211914062e-01
3.709294795989990234e-01
3.715808391571044922e-01
3.490014076232910156e-01
3.863868713378906250e-01
3.634788990020751953e-01
3.636424541473388672e-01
3.584876060485839844e-01
3.470430374145507812e-01
3.718428611755371094e-01
3.677394390106201172e-01
3.718152046203613281e-01
3.580284118652343750e-01
3.447217941284179688e-01
3.586728572845458984e-01
3.598847389221191406e-01
3.781769275665283203e-01
3.768448829650878906e-01
3.647391796112060547e-01
3.522126674652099609e-01
3.516960144042968750e-01
3.421452045440673828e-01
3.497612476348876953e-01
3.477728366851806641e-01
3.529055118560791016e-01
3.734972476959228516e-01
3.515408039093017578e-01
3.518173694610595703e-01
3.691804409027099609e-01
3.698010444641113281e-01
3.974270820617675781e-01
3.644986152648925781e-01
3.621990680694580078e-01
3.697855472564697266e-01
3.677194118499755859e-01
3.770360946655273438e-01
3.890745639801025391e-01
3.783679008483886719e-01
3.890769481658935547e-01
3.666696548461914062e-01
3.747763633728027344e-01
3.646910190582275391e-01
3.635623455047607422e-01
3.668994903564453125e-01
3.774702548980712891e-01
3.850896358489990234e-01
3.929846286773681641e-01
3.726031780242919922e-01
3.440799713134765625e-01
3.642122745513916016e-01
3.575379848480224609e-01
3.770248889923095703e-01
3.626532554626464844e-01
3.656573295593261719e-01
3.455147743225097656e-01
3.735289573669433594e-01
3.413274288177490234e-01
3.794050216674804688e-01
3.702201843261718750e-01
3.922181129455566406e-01
3.644032478332519531e-01
3.615994453430175781e-01
3.542721271514892578e-01
3.814170360565185547e-01
3.617284297943115234e-01
3.980388641357421875e-01
3.405144214630126953e-01
3.855557441711425781e-01
3.597185611724853516e-01
4.159278869628906250e-01
3.614885807037353516e-01
3.703250885009765625e-01
3.560063838958740234e-01
3.639390468597412109e-01
3.700332641601562500e-01
3.744297027587890625e-01
3.604824542999267578e-01
3.446753025054931641e-01
3.633646965026855469e-01
3.641901016235351562e-01
4.618604183197021484e-01
3.662574291229248047e-01
3.768870830535888672e-01
3.770046234130859375e-01
3.742077350616455078e-01
4.011788368225097656e-01
3.662607669830322266e-01
3.700973987579345703e-01
3.686070442199707031e-01
3.624837398529052734e-01
3.464899063110351562e-01
3.403363227844238281e-01
3.647341728210449219e-01
3.642971515655517578e-01
