2.183198092651366995e+00
2.081007281684875476e+00
1.983249481201171838e+00
1.936409297180175848e+00
1.876604795455932617e+00
1.857835900878906266e+00
1.813555041122436595e+00
1.793884867477417044e+00
1.795546313858032317e+00
1.693685735321044827e+00
1.756492876434326167e+00
1.680067211532592752e+00
1.638338686370849562e+00
1.608736223602294846e+00
1.573550925064086892e+00
1.545862108993530271e+00
1.475187722778320332e+00
1.414925162887573196e+00
1.443108665275573799e+00
1.374503162765502884e+00
1.355444511413574249e+00
1.314819394683837794e+00
1.275225628662109312e+00
1.233633113861083874e+00
1.269847440338134792e+00
1.221983975601196315e+00
1.187766963958740263e+00
1.143080000495910742e+00
1.127518442726135328e+00
1.077726590347290125e+00
1.116450938415527450e+00
1.070847209548950296e+00
1.069734063148498615e+00
9.979469245910644881e-01
9.993689142227172306e-01
1.014639179229736232e+00
1.046003612136840788e+00
9.855567165374755634e-01
9.312157795906066404e-01
8.616958518981933102e-01
9.350834075927734190e-01
8.652697980880736939e-01
8.495908096313476987e-01
8.665656387329101484e-01
8.736854084014892274e-01
8.257908248901366655e-01
8.010443935394286896e-01
8.495022773742675337e-01
7.630910879135132108e-01
7.542039554595947326e-01
7.398944623947143473e-01
7.833810222625732234e-01
6.748181421279907388e-01
6.941285808563232296e-01
6.991925854682922159e-01
6.740863465309142599e-01
6.715917264938354725e-01
6.376526000976562303e-01
7.091682004928588912e-01
6.850001752853394077e-01
6.471616348266601149e-01
6.668482698440552081e-01
6.683668642044067187e-01
6.631787265777587814e-01
6.047834110260009721e-01
6.516913774490356026e-01
6.199877651214599217e-01
6.051732564926147750e-01
6.412291648864746341e-01
6.117645050048827748e-01
5.971918781280517452e-01
6.805711479187012136e-01
5.834079275131225373e-01
5.815978933334350343e-01
5.149599636077880627e-01
5.663349429130554169e-01
5.359972761154174759e-01
6.306761898040771364e-01
5.774834480285644389e-01
6.815627956390380993e-01
5.898439939022064316e-01
5.413982407569885025e-01
4.405358791351318137e-01
4.373623794555663857e-01
4.347215984344482420e-01
4.458643959045410221e-01
4.121824097633361994e-01
4.201922130823135260e-01
4.410867999792099092e-01
4.203793151855468868e-01
4.192853679180145177e-01
4.159011012077331593e-01
4.304561120986938327e-01
4.165155704498291200e-01
4.598426937103271550e-01
4.175820800781249731e-01
4.133919332265854063e-01
4.266263111114502182e-01
4.197927940368652577e-01
4.278138717651367440e-01
4.327713235378265466e-01
4.383016358852386274e-01
4.259484546661376769e-01
4.284670354843139739e-01
4.393640546321868623e-01
4.278961284637451401e-01
4.294227626800536934e-01
4.204832086086273124e-01
4.224110795259475859e-01
4.306475761413574022e-01
4.178052697181701691e-01
4.072861236572265509e-01
4.222065573692321827e-01
4.099250780105591074e-01
4.173220643043518141e-01
3.900312983512878584e-01
4.081138135910034048e-01
4.057646606445312609e-01
4.226229717731475599e-01
3.870242714881896862e-01
3.992294397354125834e-01
4.074184406280517701e-01
3.828788850784301534e-01
3.791608835220336982e-01
4.107041389465331815e-01
4.195292314529419087e-01
4.110935935974120992e-01
4.184820390701293746e-01
4.016836310386657782e-01
4.166906097412109156e-01
4.214046758651733282e-01
4.373729372501373169e-01
4.072872215270996188e-01
4.101118525505065837e-01
4.397871646881103547e-01
4.129779794692993167e-01
4.185411098480224523e-01
4.145724212646484386e-01
4.073296171188354742e-01
4.236172336578369335e-01
4.089737743377685475e-01
4.428461468696593961e-01
4.172331653594970602e-01
4.110874288558959977e-01
4.032114500999450790e-01
4.264454191207885936e-01
4.033297104835510405e-01
4.395685461044311348e-01
4.394719516754150290e-01
4.285078102111816167e-01
4.297729834556579531e-01
4.320549226760864170e-01
4.399779697418212954e-01
4.372517498970031613e-01
4.413597686767578021e-01
4.344113592147826886e-01
4.420889482975006168e-01
4.301960098266601751e-01
4.307863434791565083e-01
4.116184590816497901e-01
4.129943307876586811e-01
4.300048927307129065e-01
4.096384930610657005e-01
4.323776988983154546e-01
4.405670115947723509e-01
4.044731078147888459e-01
4.265937320709228264e-01
4.307556130409240791e-01
4.158844737052917462e-01
4.390964120864868092e-01
4.351263095855713026e-01
4.266550239324569671e-01
4.333723015785217458e-01
4.059802073478698814e-01
4.394574589252471797e-01
4.338768053531646962e-01
4.303093566894531374e-01
4.204010936498642215e-01
4.302099688529968380e-01
4.270646483898162815e-01
4.237375350952148345e-01
4.298343477249145783e-01
4.236479591369629039e-01
4.155772487640380652e-01
4.399604959487914968e-01
4.144084953308105335e-01
4.084647280693053939e-01
4.204905017852783033e-01
4.026606522083282513e-01
4.009077591896056947e-01
4.448630802154541208e-01
4.052848129272461075e-01
4.242196279525756730e-01
3.996224062919616626e-01
4.277360942840576219e-01
4.372521150588989380e-01
4.045299888610839889e-01
4.242879163742065418e-01
4.438881908416748012e-01
4.297673343658447442e-01
