0.000000000000000000e+00
0.000000000000000000e+00
4.474272930648769409e-01
2.908277408388637131e+00
1.565995519326570662e+00
7.382550329169971448e+00
0.000000000000000000e+00
3.803131984650955477e+00
0.000000000000000000e+00
1.789709165859008966e+00
3.579418351452889446e+00
2.237136468791321775e+00
2.706935128589604389e+01
2.460850111856823119e+00
1.565995529194006197e+00
0.000000000000000000e+00
8.053691262366788450e+00
6.263982116776024789e+00
3.131991051454138919e+00
1.342281882661567671e+00
2.237136465324384704e-01
1.879194645806980191e+01
2.237136499993753191e-01
2.684563751988763070e+00
1.476510077354891948e+01
3.803132025187447418e+00
3.803131984650955477e+00
2.684563765323135343e+00
4.250559291050204358e+00
4.474272964784763218e+00
2.684563758389261867e+00
1.387024615328317267e+01
4.474272965318137896e-01
7.606263989036781581e+00
4.474272964784763218e+00
9.843400434626294881e+00
4.921700230647520158e+00
3.579418351452889446e+00
2.684563758389261867e+00
8.948545930636275791e-01
7.158836702905778893e+00
2.908277408388637131e+00
8.053691309303777857e+00
8.501118582100408716e+00
4.474272930648769409e-01
6.711409430109148033e+00
1.140939596035336479e+01
2.237136468791321775e+00
1.744966441032870463e+01
7.382550329169971448e+00
6.487695743040217344e+00
4.474272937582643550e+00
1.118568239596066105e+00
1.655480977086146055e+01
5.816554816777274262e+00
6.711409430642523155e-01
3.355704732122570810e+00
1.789709172259507763e+00
1.789709175726444723e+00
0.000000000000000000e+00
6.487695752907653102e+00
1.342281886128504631e+00
2.617449682777626663e+01
1.789709172259507763e+00
2.908277398521201373e+00
1.342281882661567671e+00
1.118568236129129145e+00
2.237136465324384704e-01
6.935123056373340589e+00
1.275167792702147906e+01
4.250559291050204358e+00
2.460850125724570514e+00
1.118568232662192408e+00
2.348993315045998997e+01
1.342281886128504631e+00
1.118568236129129145e+00
3.579418351452889446e+00
1.342281886128504631e+00
2.818791964656821136e+01
7.158836702905778893e+00
1.498881438594536419e+01
1.789709172259507763e+00
2.460850115323760079e+00
2.013422818791946511e+00
1.789709175726444723e+00
3.355704704920450698e+00
2.460850115323760079e+00
2.908277411855574091e+00
2.908277408388637131e+00
2.237136472258258291e+00
1.789709172259507763e+00
8.948545861297538817e-01
2.460850115323760079e+00
2.460850115323760079e+00
2.908277398521201373e+00
1.789709175726444723e+00
2.013422818791946511e+00
1.565995539594816632e+00
1.118568236129129145e+00
1.342281879194630934e+00
1.118568232662192408e+00
1.342281879194630934e+00
2.460850118790697039e+00
2.460850115323760079e+00
1.565995529194006197e+00
2.460850118790697039e+00
2.684563765323135343e+00
2.013422818791946511e+00
1.789709172259507763e+00
2.460850118790697039e+00
2.237136468791321775e+00
2.013422822258883027e+00
2.460850118790697039e+00
2.237136468791321775e+00
2.237136458923886018e+00
1.565995529194006197e+00
3.355704691586078425e+00
1.342281879194630934e+00
1.118568232662192408e+00
3.131991065321885870e+00
2.460850118790697039e+00
3.355704711854324618e+00
2.460850115323760079e+00
2.237136468791321775e+00
1.342281879194630934e+00
2.908277418789447566e+00
3.355704704920450698e+00
2.908277408388637131e+00
2.013422822258883027e+00
2.684563751988763070e+00
4.026845641050829094e+00
2.684563765323135343e+00
4.921700230647520158e+00
3.355704697986577223e+00
5.145413877179958462e+00
4.697986580648144894e+00
4.026845631183394225e+00
4.026845644517766054e+00
6.487695783576709729e+00
4.697986591048955773e+00
4.026845651451639974e+00
6.040268470243586485e+00
5.816554843979393929e+00
7.158836702905778893e+00
6.487695743040217344e+00
6.711409389572655648e+00
6.263982116776024789e+00
6.711409430109148033e+00
6.935123117178078722e+00
6.711409383172156851e+00
8.277404949435718251e+00
8.501118549031165372e+00
7.829977656370841643e+00
6.711409389572655648e+00
1.006711412809572437e+01
9.619686835030847760e+00
9.395973168230163708e+00
9.172259535565471467e+00
7.382550342504343277e+00
1.029082777462816267e+01
1.006711408115873319e+01
9.843400461295040316e+00
9.172259541965971152e+00
1.118568234048967192e+01
8.948545895433532849e+00
9.395973188498409456e+00
9.843400481563286064e+00
1.051454146169709425e+01
1.073825505489204346e+01
1.118568234795692007e+01
9.843400434626294881e+00
1.006711410782747862e+01
1.006711412169522646e+01
8.277404949435718251e+00
1.006711412169522646e+01
9.395973229034900953e+00
9.395973147961917959e+00
1.006711407475823528e+01
9.395973141561418274e+00
7.829977662771340441e+00
6.935123036105093952e+00
7.382550369706462945e+00
9.619686807828728092e+00
8.501118602368656241e+00
8.724832289437586041e+00
7.606263962901412157e+00
8.948545854897039575e+00
9.172259495028979970e+00
5.816554823711148181e+00
8.724832208364601271e+00
1.006711416863221764e+01
7.382550349438217197e+00
8.053691268767286360e+00
9.843400434626294881e+00
7.606264016238902137e+00
8.053691349840271130e+00
5.369127520245460694e+00
7.382550349438217197e+00
6.935123036105093952e+00
6.711409430109148033e+00
