2.204055740356445359e+00
2.133483253479004027e+00
2.056582993698119921e+00
1.967335988616943254e+00
1.889971910285949797e+00
1.874667712783813389e+00
1.835979908561706564e+00
1.802592391204834055e+00
1.771351869964599590e+00
1.731959598922729437e+00
1.698104499816894597e+00
1.702072711372375480e+00
1.654114506149291897e+00
1.657317966461181680e+00
1.573899137687683192e+00
1.527382480621337857e+00
1.481208579254150282e+00
1.409033128166198745e+00
1.372190881347656211e+00
1.340706251716613728e+00
1.351939265060424722e+00
1.279782018280029243e+00
1.218306568908691379e+00
1.184639569091796796e+00
1.202382138824462876e+00
1.174053465652465711e+00
1.170210575866699187e+00
1.091047095298767200e+00
1.113993357849121013e+00
1.118310673904418850e+00
1.045334334754943750e+00
1.051799167633056697e+00
1.021281006526947088e+00
9.516232709884643315e-01
9.702958541870116971e-01
9.561439630508422605e-01
9.164179670333861827e-01
9.079775321960449341e-01
8.908035850524902433e-01
8.554007747650146376e-01
8.878540510177612699e-01
8.546758916854858557e-01
8.420192242622375201e-01
8.030090015411377458e-01
8.241448066711425380e-01
8.100182321548461406e-01
7.940479110717773015e-01
7.944789314270019887e-01
7.785711456298828326e-01
7.379726364135742456e-01
7.135313579559325881e-01
7.328309562683105183e-01
7.298424304962157771e-01
6.832639556884765319e-01
7.397842716217041259e-01
6.595642062187194732e-01
6.868985534667968462e-01
6.828363239288329778e-01
6.757359107971191436e-01
6.595584438323974785e-01
6.545360164642334277e-01
6.311013553619384542e-01
6.649596729278564045e-01
6.110453505992889944e-01
5.863790090560913049e-01
5.928813682556152154e-01
7.034790042877197003e-01
5.702114451408386575e-01
5.604461919784545776e-01
5.510981369972228761e-01
5.916928230285644075e-01
5.652874647140503361e-01
5.582757665634154876e-01
5.182427570343017820e-01
5.402244321823119755e-01
5.126003459453583044e-01
5.137177909851073920e-01
5.275099306106567632e-01
5.737503917694092292e-01
5.207545394897461488e-01
6.631858360290527887e-01
4.805055162429809346e-01
3.643569274902343502e-01
3.614398796081543241e-01
3.511279601097107017e-01
3.877319808006286506e-01
3.929730551719665677e-01
3.715326345443725753e-01
3.892457786560058475e-01
3.724395076751709222e-01
3.907623266220092706e-01
4.050709721088409654e-01
3.940834083795547449e-01
3.851229257583618226e-01
3.836076149940490509e-01
3.685250520229339521e-01
3.771287883758545068e-01
3.763519819259643628e-01
3.730499603271484332e-01
3.773925823211670139e-01
3.735419437408447063e-01
3.685004235267639316e-01
3.670944295883178943e-01
3.699874176025390593e-01
3.725142126083373917e-01
3.613210008621215996e-01
3.869499121665954666e-01
3.696234423637390076e-01
3.632461996078490962e-01
3.638066218137741004e-01
3.739046234607696362e-01
3.660225172042846919e-01
3.551869001388549552e-01
3.645157798767089674e-01
3.894665683746337814e-01
3.672885879516601393e-01
3.633113091468810896e-01
3.761751134872436397e-01
3.798379974365234113e-01
3.645543104171752868e-01
3.496064156770706255e-01
3.590811437606811762e-01
3.689003166198730477e-01
3.549900145053863643e-01
3.578130959033966052e-01
3.571627429962158096e-01
3.595768375396728445e-01
3.753866331100463860e-01
3.612476879119873030e-01
3.404170241355896076e-01
3.680860927581787179e-01
3.735504435539245827e-01
3.677171943664550580e-01
3.684077487468719325e-01
3.767817809104919702e-01
3.609411008834839119e-01
3.726324714660644299e-01
3.861295446395874298e-01
3.750465720653534119e-01
3.627366291046142388e-01
3.865833433151245058e-01
3.781291188240051282e-01
3.728535436630249222e-01
3.791613828897476002e-01
3.845106117248535127e-01
3.985824053287506108e-01
3.836498618125915305e-01
3.624321925163269120e-01
3.838015190124511866e-01
3.717639818668365681e-01
3.699364048004150640e-01
3.803286663055420180e-01
3.704039126396179160e-01
3.863063318252563660e-01
3.819584096908569260e-01
4.032211965560912881e-01
3.841764806747436367e-01
3.756857213973999188e-01
3.966788054466247604e-01
3.705854869842529209e-01
3.856327395915984946e-01
3.759148128509521292e-01
3.675435571193694795e-01
3.718110652923584114e-01
3.605905547142028711e-01
4.002331455230712653e-01
3.676950564384460218e-01
3.775585597991943376e-01
3.986543056488037196e-01
3.746547826766967737e-01
3.662362434387206878e-01
3.836025598526001112e-01
3.773142195522785070e-01
3.905870662689209238e-01
3.828362930297851685e-01
3.697329441070556499e-01
3.722585871219635245e-01
3.679266373634338394e-01
3.579529227256774693e-01
3.718758727550506848e-01
3.797924133300781269e-01
3.537441683769226297e-01
3.761568572044372560e-01
3.857594009876251229e-01
3.429459974288940338e-01
3.728422784805298096e-01
3.848344974517822203e-01
3.733249425888061634e-01
3.825109306335449100e-01
3.879485115051269362e-01
3.848306413650512958e-01
3.895372548103332444e-01
3.676202557563781892e-01
3.907782402992248660e-01
3.732333046913147157e-01
3.644507537841796818e-01
3.615248957633971916e-01
3.648569396972656254e-01
3.535591141223907719e-01
3.704911521911621319e-01
