1.696000000000000085e+01
1.871999999999999886e+01
2.071999999999999886e+01
2.432000000000000028e+01
2.648000000000000043e+01
2.760000000000000142e+01
2.912000000000000099e+01
3.103999999999999915e+01
3.215999999999999659e+01
3.392000000000000171e+01
3.832000000000000028e+01
3.464000000000000057e+01
3.728000000000000114e+01
3.696000000000000085e+01
4.071999999999999886e+01
4.352000000000000313e+01
4.447999999999999687e+01
4.679999999999999716e+01
5.079999999999999716e+01
4.984000000000000341e+01
4.847999999999999687e+01
5.296000000000000085e+01
5.479999999999999716e+01
5.656000000000000227e+01
5.647999999999999687e+01
5.752000000000000313e+01
5.664000000000000057e+01
5.960000000000000142e+01
5.720000000000000284e+01
5.967999999999999972e+01
6.088000000000000256e+01
6.175999999999999801e+01
6.407999999999999829e+01
6.600000000000000000e+01
6.367999999999999972e+01
6.535999999999999943e+01
6.640000000000000568e+01
6.720000000000000284e+01
6.615999999999999659e+01
6.928000000000000114e+01
6.848000000000000398e+01
6.871999999999999886e+01
7.104000000000000625e+01
7.248000000000000398e+01
7.095999999999999375e+01
6.984000000000000341e+01
7.248000000000000398e+01
7.400000000000000000e+01
7.351999999999999602e+01
7.407999999999999829e+01
7.392000000000000171e+01
7.471999999999999886e+01
7.615999999999999659e+01
7.551999999999999602e+01
7.423999999999999488e+01
7.671999999999999886e+01
7.528000000000000114e+01
7.728000000000000114e+01
7.535999999999999943e+01
7.704000000000000625e+01
7.648000000000000398e+01
7.800000000000000000e+01
7.712000000000000455e+01
7.879999999999999716e+01
7.848000000000000398e+01
8.015999999999999659e+01
7.671999999999999886e+01
8.023999999999999488e+01
7.992000000000000171e+01
7.871999999999999886e+01
7.943999999999999773e+01
8.048000000000000398e+01
7.992000000000000171e+01
8.240000000000000568e+01
8.231999999999999318e+01
8.231999999999999318e+01
8.215999999999999659e+01
8.240000000000000568e+01
8.007999999999999829e+01
8.192000000000000171e+01
7.687999999999999545e+01
8.312000000000000455e+01
8.784000000000000341e+01
8.687999999999999545e+01
8.784000000000000341e+01
8.656000000000000227e+01
8.600000000000000000e+01
8.695999999999999375e+01
8.640000000000000568e+01
8.728000000000000114e+01
8.576000000000000512e+01
8.600000000000000000e+01
8.648000000000000398e+01
8.687999999999999545e+01
8.656000000000000227e+01
8.720000000000000284e+01
8.728000000000000114e+01
8.600000000000000000e+01
8.728000000000000114e+01
8.728000000000000114e+01
8.607999999999999829e+01
8.784000000000000341e+01
8.792000000000000171e+01
8.784000000000000341e+01
8.759999999999999432e+01
8.792000000000000171e+01
8.656000000000000227e+01
8.600000000000000000e+01
8.728000000000000114e+01
8.776000000000000512e+01
8.687999999999999545e+01
8.720000000000000284e+01
8.807999999999999829e+01
8.840000000000000568e+01
8.592000000000000171e+01
8.728000000000000114e+01
8.768000000000000682e+01
8.607999999999999829e+01
8.623999999999999488e+01
8.664000000000000057e+01
8.759999999999999432e+01
8.831999999999999318e+01
8.776000000000000512e+01
8.800000000000000000e+01
8.679999999999999716e+01
8.792000000000000171e+01
8.807999999999999829e+01
8.712000000000000455e+01
8.792000000000000171e+01
8.831999999999999318e+01
8.671999999999999886e+01
8.671999999999999886e+01
8.735999999999999943e+01
8.712000000000000455e+01
8.695999999999999375e+01
8.759999999999999432e+01
8.720000000000000284e+01
8.679999999999999716e+01
8.607999999999999829e+01
8.776000000000000512e+01
8.679999999999999716e+01
8.664000000000000057e+01
8.800000000000000000e+01
8.576000000000000512e+01
8.648000000000000398e+01
8.664000000000000057e+01
8.712000000000000455e+01
8.823999999999999488e+01
8.664000000000000057e+01
8.759999999999999432e+01
8.823999999999999488e+01
8.615999999999999659e+01
8.768000000000000682e+01
8.695999999999999375e+01
8.640000000000000568e+01
8.600000000000000000e+01
8.695999999999999375e+01
8.800000000000000000e+01
8.648000000000000398e+01
8.751999999999999602e+01
8.656000000000000227e+01
8.743999999999999773e+01
8.776000000000000512e+01
8.679999999999999716e+01
8.848000000000000398e+01
8.559999999999999432e+01
8.656000000000000227e+01
8.776000000000000512e+01
8.592000000000000171e+01
8.743999999999999773e+01
8.823999999999999488e+01
8.743999999999999773e+01
8.743999999999999773e+01
8.600000000000000000e+01
8.648000000000000398e+01
8.759999999999999432e+01
8.784000000000000341e+01
8.671999999999999886e+01
8.720000000000000284e+01
8.823999999999999488e+01
8.687999999999999545e+01
8.823999999999999488e+01
8.687999999999999545e+01
8.656000000000000227e+01
8.831999999999999318e+01
8.607999999999999829e+01
8.656000000000000227e+01
8.712000000000000455e+01
8.640000000000000568e+01
8.664000000000000057e+01
8.768000000000000682e+01
8.623999999999999488e+01
8.768000000000000682e+01
8.664000000000000057e+01
8.671999999999999886e+01
8.840000000000000568e+01
8.792000000000000171e+01
8.792000000000000171e+01
8.776000000000000512e+01
8.784000000000000341e+01
