3.258484840393066406e+00
3.335735797882080078e-01
3.847746849060058594e-01
3.928189277648925781e-01
3.767716884613037109e-01
3.727037906646728516e-01
3.907203674316406250e-01
3.755605220794677734e-01
3.748795986175537109e-01
4.002056121826171875e-01
3.776166439056396484e-01
4.069859981536865234e-01
3.774673938751220703e-01
3.697953224182128906e-01
3.798964023590087891e-01
3.863468170166015625e-01
3.893978595733642578e-01
3.855516910552978516e-01
3.912715911865234375e-01
4.074544906616210938e-01
3.798897266387939453e-01
3.794548511505126953e-01
3.821127414703369141e-01
3.652501106262207031e-01
3.787844181060791016e-01
3.923325538635253906e-01
3.740727901458740234e-01
3.581981658935546875e-01
3.694550991058349609e-01
3.969285488128662109e-01
3.778071403503417969e-01
3.984112739562988281e-01
3.604218959808349609e-01
3.769831657409667969e-01
3.947086334228515625e-01
3.615229129791259766e-01
3.709900379180908203e-01
3.892405033111572266e-01
3.534100055694580078e-01
3.642735481262207031e-01
3.948976993560791016e-01
3.836398124694824219e-01
3.651409149169921875e-01
3.741071224212646484e-01
3.873307704925537109e-01
3.850431442260742188e-01
4.016349315643310547e-01
3.904020786285400391e-01
3.737514019012451172e-01
3.532843589782714844e-01
3.772931098937988281e-01
3.744761943817138672e-01
4.035291671752929688e-01
4.946210384368896484e-01
3.747014999389648438e-01
3.823959827423095703e-01
3.699474334716796875e-01
3.828091621398925781e-01
3.958456516265869141e-01
3.693170547485351562e-01
3.922421932220458984e-01
3.666405677795410156e-01
3.995716571807861328e-01
3.676180839538574219e-01
3.963832855224609375e-01
3.981556892395019531e-01
3.748993873596191406e-01
3.812384605407714844e-01
4.058761596679687500e-01
3.782925605773925781e-01
3.894596099853515625e-01
3.815970420837402344e-01
3.969664573669433594e-01
3.893842697143554688e-01
3.866007328033447266e-01
3.976058959960937500e-01
3.983104228973388672e-01
3.894474506378173828e-01
3.788993358612060547e-01
3.856499195098876953e-01
3.935768604278564453e-01
3.860232830047607422e-01
3.479096889495849609e-01
3.387939929962158203e-01
4.054255485534667969e-01
3.799407482147216797e-01
3.533847332000732422e-01
3.991560935974121094e-01
4.064035415649414062e-01
3.547458648681640625e-01
3.868339061737060547e-01
4.101655483245849609e-01
3.862078189849853516e-01
3.800761699676513672e-01
4.017715454101562500e-01
3.794918060302734375e-01
3.766179084777832031e-01
3.884186744689941406e-01
3.978314399719238281e-01
3.871908187866210938e-01
3.909227848052978516e-01
3.935270309448242188e-01
3.917884826660156250e-01
3.889238834381103516e-01
3.707959651947021484e-01
3.744759559631347656e-01
3.879899978637695312e-01
3.745925426483154297e-01
3.795311450958251953e-01
3.611230850219726562e-01
3.688116073608398438e-01
3.772919178009033203e-01
3.759698867797851562e-01
3.852868080139160156e-01
3.917307853698730469e-01
3.768146038055419922e-01
3.855111598968505859e-01
4.009864330291748047e-01
4.576191902160644531e-01
3.915364742279052734e-01
3.848304748535156250e-01
3.703725337982177734e-01
3.953659534454345703e-01
3.819415569305419922e-01
3.964431285858154297e-01
3.596060276031494141e-01
3.601896762847900391e-01
4.077992439270019531e-01
3.449485301971435547e-01
3.839702606201171875e-01
3.721172809600830078e-01
3.940076828002929688e-01
3.882060050964355469e-01
3.787615299224853516e-01
3.936421871185302734e-01
3.883883953094482422e-01
3.763799667358398438e-01
3.661162853240966797e-01
3.635141849517822266e-01
3.888778686523437500e-01
3.831562995910644531e-01
3.865549564361572266e-01
3.725183010101318359e-01
3.759510517120361328e-01
3.804030418395996094e-01
3.889784812927246094e-01
3.620812892913818359e-01
3.938066959381103516e-01
4.044876098632812500e-01
3.701694011688232422e-01
3.828332424163818359e-01
3.786227703094482422e-01
4.104747772216796875e-01
3.602039813995361328e-01
3.767464160919189453e-01
3.946015834808349609e-01
3.999500274658203125e-01
3.924198150634765625e-01
3.959028720855712891e-01
3.747510910034179688e-01
4.001350402832031250e-01
3.742165565490722656e-01
3.797821998596191406e-01
3.733942508697509766e-01
3.946225643157958984e-01
3.822212219238281250e-01
3.980298042297363281e-01
3.879253864288330078e-01
4.195291996002197266e-01
3.859226703643798828e-01
3.772408962249755859e-01
4.087731838226318359e-01
3.845043182373046875e-01
4.016048908233642578e-01
3.915607929229736328e-01
3.944706916809082031e-01
3.750805854797363281e-01
3.777496814727783203e-01
3.870189189910888672e-01
3.407659530639648438e-01
3.653888702392578125e-01
3.819789886474609375e-01
3.974261283874511719e-01
4.068479537963867188e-01
3.864765167236328125e-01
3.606278896331787109e-01
3.890616893768310547e-01
3.876259326934814453e-01
4.097526073455810547e-01
3.842344284057617188e-01
3.898208141326904297e-01
3.648819923400878906e-01
3.735551834106445312e-01
3.918719291687011719e-01
3.928081989288330078e-01
3.987312316894531250e-01
3.805773258209228516e-01
3.769645690917968750e-01
3.475968837738037109e-01
3.158533573150634766e-01
