5.571757078170776367e+00
1.565977096557617188e+00
1.631937503814697266e+00
1.586036205291748047e+00
1.674614429473876953e+00
1.541768550872802734e+00
1.550132036209106445e+00
1.452721595764160156e+00
1.572153568267822266e+00
1.551592588424682617e+00
1.552004575729370117e+00
1.579177856445312500e+00
1.588092803955078125e+00
1.521355390548706055e+00
1.560926914215087891e+00
1.608480453491210938e+00
1.580067396163940430e+00
1.660304546356201172e+00
1.543334245681762695e+00
1.634408950805664062e+00
1.548254728317260742e+00
1.639176368713378906e+00
1.477477550506591797e+00
1.573462486267089844e+00
1.719464063644409180e+00
1.529948234558105469e+00
1.495666027069091797e+00
1.524141788482666016e+00
1.511885881423950195e+00
1.541929006576538086e+00
1.559553146362304688e+00
1.439007997512817383e+00
1.583045244216918945e+00
1.570307970046997070e+00
1.607563018798828125e+00
1.657713890075683594e+00
1.602499961853027344e+00
1.649149656295776367e+00
1.521053552627563477e+00
1.584927797317504883e+00
1.652332782745361328e+00
1.621261119842529297e+00
1.735105991363525391e+00
1.475841045379638672e+00
1.497627735137939453e+00
1.454354763031005859e+00
1.612861394882202148e+00
1.674989700317382812e+00
1.601913690567016602e+00
1.559323310852050781e+00
1.538272142410278320e+00
1.613782405853271484e+00
1.663217544555664062e+00
1.738127946853637695e+00
1.549990415573120117e+00
1.678733348846435547e+00
1.777736663818359375e+00
1.699650764465332031e+00
1.510679960250854492e+00
1.714479684829711914e+00
1.533090114593505859e+00
1.613767862319946289e+00
1.615157127380371094e+00
1.622151136398315430e+00
1.595509767532348633e+00
1.652857065200805664e+00
1.492515087127685547e+00
1.546552658081054688e+00
1.600213289260864258e+00
1.528651714324951172e+00
1.512129545211791992e+00
1.538007974624633789e+00
1.603252649307250977e+00
1.561452150344848633e+00
1.461498975753784180e+00
1.673983573913574219e+00
1.532832145690917969e+00
1.684259176254272461e+00
1.535454034805297852e+00
1.524957895278930664e+00
1.657106161117553711e+00
1.620957612991333008e+00
1.661398649215698242e+00
1.582115173339843750e+00
1.587475299835205078e+00
1.568936824798583984e+00
1.562839984893798828e+00
1.687800168991088867e+00
1.653024673461914062e+00
1.696025133132934570e+00
1.606267452239990234e+00
1.468439102172851562e+00
1.560416460037231445e+00
1.495876789093017578e+00
1.581834316253662109e+00
1.575555086135864258e+00
1.606057643890380859e+00
1.650104284286499023e+00
1.610991477966308594e+00
1.594627857208251953e+00
1.540618658065795898e+00
1.713723897933959961e+00
1.579233884811401367e+00
1.463934659957885742e+00
1.545246839523315430e+00
1.489272356033325195e+00
1.594612836837768555e+00
1.479737997055053711e+00
1.569433212280273438e+00
1.517475128173828125e+00
1.398930072784423828e+00
1.632354021072387695e+00
1.582192420959472656e+00
1.414850234985351562e+00
1.705266475677490234e+00
1.600928306579589844e+00
1.557459354400634766e+00
1.439947843551635742e+00
1.643558025360107422e+00
1.531245708465576172e+00
1.599598884582519531e+00
1.573968648910522461e+00
1.672943115234375000e+00
1.632675886154174805e+00
1.502122879028320312e+00
1.486785650253295898e+00
1.501767396926879883e+00
1.519330978393554688e+00
1.491508483886718750e+00
1.582425832748413086e+00
1.526811361312866211e+00
1.543681383132934570e+00
1.603824615478515625e+00
1.661249876022338867e+00
1.500977516174316406e+00
1.529573202133178711e+00
1.572508811950683594e+00
1.601367235183715820e+00
1.580577135086059570e+00
1.538654088973999023e+00
1.533158302307128906e+00
1.513669252395629883e+00
1.566610813140869141e+00
1.610174417495727539e+00
1.568929433822631836e+00
1.571824789047241211e+00
1.676441907882690430e+00
1.553748130798339844e+00
1.577019214630126953e+00
1.542542457580566406e+00
1.546420574188232422e+00
1.603909492492675781e+00
1.756880283355712891e+00
1.610888242721557617e+00
1.592028379440307617e+00
1.669692039489746094e+00
1.640169382095336914e+00
1.547178506851196289e+00
1.550619125366210938e+00
1.582244634628295898e+00
1.511077404022216797e+00
1.475136280059814453e+00
1.489986181259155273e+00
1.554510116577148438e+00
1.678981304168701172e+00
1.497322559356689453e+00
1.462495326995849609e+00
1.583937406539916992e+00
1.436887741088867188e+00
1.594614267349243164e+00
1.582576036453247070e+00
1.547006368637084961e+00
1.604049444198608398e+00
1.694693565368652344e+00
1.510910511016845703e+00
1.530058145523071289e+00
1.563735008239746094e+00
1.567815542221069336e+00
1.483469247817993164e+00
1.592950582504272461e+00
1.654964208602905273e+00
1.634735822677612305e+00
1.699751615524291992e+00
1.731858491897583008e+00
1.559268712997436523e+00
1.462695598602294922e+00
1.573447704315185547e+00
1.501908063888549805e+00
1.579037189483642578e+00
1.562929868698120117e+00
1.646005630493164062e+00
1.715463638305664062e+00
1.514573097229003906e+00
1.521586418151855469e+00
1.609507083892822266e+00
1.675628185272216797e+00
1.709228754043579102e+00
1.622640132904052734e+00
1.596220493316650391e+00
1.658563375473022461e+00
