1.744000000000000128e+01
1.783999999999999986e+01
2.503999999999999915e+01
2.455999999999999872e+01
2.832000000000000028e+01
2.928000000000000114e+01
3.064000000000000057e+01
3.112000000000000099e+01
3.439999999999999858e+01
3.375999999999999801e+01
3.720000000000000284e+01
3.800000000000000000e+01
3.832000000000000028e+01
3.952000000000000313e+01
4.303999999999999915e+01
4.335999999999999943e+01
4.496000000000000085e+01
4.503999999999999915e+01
4.696000000000000085e+01
4.767999999999999972e+01
5.024000000000000199e+01
5.047999999999999687e+01
5.175999999999999801e+01
5.143999999999999773e+01
5.447999999999999687e+01
5.520000000000000284e+01
5.632000000000000028e+01
5.856000000000000227e+01
5.952000000000000313e+01
5.688000000000000256e+01
5.767999999999999972e+01
6.071999999999999886e+01
6.120000000000000284e+01
6.431999999999999318e+01
6.247999999999999687e+01
6.623999999999999488e+01
6.448000000000000398e+01
6.592000000000000171e+01
6.671999999999999886e+01
6.815999999999999659e+01
6.720000000000000284e+01
6.807999999999999829e+01
6.735999999999999943e+01
6.759999999999999432e+01
7.079999999999999716e+01
6.879999999999999716e+01
6.879999999999999716e+01
7.192000000000000171e+01
6.912000000000000455e+01
7.071999999999999886e+01
7.376000000000000512e+01
7.312000000000000455e+01
7.159999999999999432e+01
7.535999999999999943e+01
7.415999999999999659e+01
7.343999999999999773e+01
7.504000000000000625e+01
7.607999999999999829e+01
7.576000000000000512e+01
7.720000000000000284e+01
7.704000000000000625e+01
7.664000000000000057e+01
7.792000000000000171e+01
7.648000000000000398e+01
7.751999999999999602e+01
7.840000000000000568e+01
7.735999999999999943e+01
7.735999999999999943e+01
7.704000000000000625e+01
7.800000000000000000e+01
7.856000000000000227e+01
8.015999999999999659e+01
7.935999999999999943e+01
8.120000000000000284e+01
8.200000000000000000e+01
8.120000000000000284e+01
7.904000000000000625e+01
8.040000000000000568e+01
8.168000000000000682e+01
7.768000000000000682e+01
7.992000000000000171e+01
8.240000000000000568e+01
8.328000000000000114e+01
8.607999999999999829e+01
8.528000000000000114e+01
8.592000000000000171e+01
8.351999999999999602e+01
8.487999999999999545e+01
8.512000000000000455e+01
8.471999999999999886e+01
8.479999999999999716e+01
8.615999999999999659e+01
8.559999999999999432e+01
8.664000000000000057e+01
8.487999999999999545e+01
8.528000000000000114e+01
8.704000000000000625e+01
8.695999999999999375e+01
8.431999999999999318e+01
8.512000000000000455e+01
8.528000000000000114e+01
8.568000000000000682e+01
8.520000000000000284e+01
8.695999999999999375e+01
8.559999999999999432e+01
8.687999999999999545e+01
8.592000000000000171e+01
8.559999999999999432e+01
8.671999999999999886e+01
8.559999999999999432e+01
8.607999999999999829e+01
8.535999999999999943e+01
8.559999999999999432e+01
8.623999999999999488e+01
8.631999999999999318e+01
8.568000000000000682e+01
8.623999999999999488e+01
8.640000000000000568e+01
8.568000000000000682e+01
8.631999999999999318e+01
8.679999999999999716e+01
8.615999999999999659e+01
8.648000000000000398e+01
8.792000000000000171e+01
8.607999999999999829e+01
8.512000000000000455e+01
8.576000000000000512e+01
8.704000000000000625e+01
8.520000000000000284e+01
8.776000000000000512e+01
8.615999999999999659e+01
8.607999999999999829e+01
8.487999999999999545e+01
8.440000000000000568e+01
8.671999999999999886e+01
8.551999999999999602e+01
8.576000000000000512e+01
8.679999999999999716e+01
8.535999999999999943e+01
8.543999999999999773e+01
8.535999999999999943e+01
8.671999999999999886e+01
8.576000000000000512e+01
8.504000000000000625e+01
8.592000000000000171e+01
8.504000000000000625e+01
8.512000000000000455e+01
8.576000000000000512e+01
8.720000000000000284e+01
8.504000000000000625e+01
8.464000000000000057e+01
8.520000000000000284e+01
8.495999999999999375e+01
8.559999999999999432e+01
8.512000000000000455e+01
8.495999999999999375e+01
8.440000000000000568e+01
8.456000000000000227e+01
8.631999999999999318e+01
8.440000000000000568e+01
8.551999999999999602e+01
8.584000000000000341e+01
8.623999999999999488e+01
8.448000000000000398e+01
8.551999999999999602e+01
8.520000000000000284e+01
8.640000000000000568e+01
8.576000000000000512e+01
8.623999999999999488e+01
8.551999999999999602e+01
8.528000000000000114e+01
8.495999999999999375e+01
8.568000000000000682e+01
8.504000000000000625e+01
8.600000000000000000e+01
8.576000000000000512e+01
8.600000000000000000e+01
8.576000000000000512e+01
8.679999999999999716e+01
8.600000000000000000e+01
8.440000000000000568e+01
8.712000000000000455e+01
8.584000000000000341e+01
8.607999999999999829e+01
8.607999999999999829e+01
8.568000000000000682e+01
8.592000000000000171e+01
8.464000000000000057e+01
8.607999999999999829e+01
8.592000000000000171e+01
8.495999999999999375e+01
8.528000000000000114e+01
8.535999999999999943e+01
8.535999999999999943e+01
8.512000000000000455e+01
8.568000000000000682e+01
8.520000000000000284e+01
8.631999999999999318e+01
8.584000000000000341e+01
8.528000000000000114e+01
