3.297500133514404297e+00
3.636445999145507812e-01
3.556351661682128906e-01
3.718640804290771484e-01
3.579373359680175781e-01
3.660922050476074219e-01
3.627104759216308594e-01
3.794867992401123047e-01
3.580627441406250000e-01
3.624956607818603516e-01
3.607687950134277344e-01
3.765847682952880859e-01
3.688664436340332031e-01
3.474228382110595703e-01
3.659152984619140625e-01
3.764729499816894531e-01
3.469703197479248047e-01
3.470611572265625000e-01
3.605268001556396484e-01
3.591709136962890625e-01
3.491168022155761719e-01
3.846642971038818359e-01
3.555958271026611328e-01
3.340227603912353516e-01
3.468644618988037109e-01
3.479490280151367188e-01
3.439981937408447266e-01
3.639559745788574219e-01
3.502950668334960938e-01
3.845827579498291016e-01
3.733665943145751953e-01
3.716270923614501953e-01
3.756904602050781250e-01
3.592324256896972656e-01
3.697581291198730469e-01
3.528380393981933594e-01
3.715689182281494141e-01
3.591299057006835938e-01
3.680140972137451172e-01
3.581585884094238281e-01
3.595590591430664062e-01
3.252484798431396484e-01
3.605971336364746094e-01
3.515465259552001953e-01
3.753354549407958984e-01
3.692278861999511719e-01
3.562328815460205078e-01
3.400065898895263672e-01
3.783950805664062500e-01
3.620643615722656250e-01
3.801102638244628906e-01
3.801920413970947266e-01
3.825979232788085938e-01
3.643848896026611328e-01
3.664858341217041016e-01
3.752939701080322266e-01
3.791341781616210938e-01
3.822274208068847656e-01
3.570966720581054688e-01
3.162705898284912109e-01
3.572008609771728516e-01
3.567183017730712891e-01
3.350613117218017578e-01
3.592479228973388672e-01
3.610160350799560547e-01
3.728356361389160156e-01
3.674399852752685547e-01
3.625822067260742188e-01
3.587119579315185547e-01
3.490550518035888672e-01
3.718798160552978516e-01
3.581905364990234375e-01
3.560256958007812500e-01
3.739750385284423828e-01
3.779745101928710938e-01
3.819270133972167969e-01
3.725032806396484375e-01
3.505835533142089844e-01
3.862240314483642578e-01
3.255271911621093750e-01
3.978660106658935547e-01
3.439424037933349609e-01
3.502323627471923828e-01
3.616755008697509766e-01
3.643703460693359375e-01
3.773577213287353516e-01
3.782281875610351562e-01
3.716242313385009766e-01
3.770153522491455078e-01
3.509924411773681641e-01
3.423013687133789062e-01
3.842113018035888672e-01
3.628005981445312500e-01
3.502132892608642578e-01
3.774077892303466797e-01
3.679068088531494141e-01
3.474292755126953125e-01
3.580269813537597656e-01
3.589270114898681641e-01
3.701038360595703125e-01
3.662953376770019531e-01
3.589153289794921875e-01
3.649930953979492188e-01
3.549828529357910156e-01
3.773541450500488281e-01
3.685646057128906250e-01
3.728053569793701172e-01
3.591480255126953125e-01
3.429157733917236328e-01
3.769235610961914062e-01
3.595139980316162109e-01
3.689532279968261719e-01
4.010584354400634766e-01
3.581318855285644531e-01
3.444688320159912109e-01
3.791973590850830078e-01
3.676996231079101562e-01
3.775942325592041016e-01
3.531754016876220703e-01
3.612854480743408203e-01
3.415360450744628906e-01
3.478567600250244141e-01
3.879106044769287109e-01
3.632259368896484375e-01
3.597157001495361328e-01
3.445630073547363281e-01
3.766772747039794922e-01
3.601844310760498047e-01
3.628780841827392578e-01
3.496403694152832031e-01
3.738777637481689453e-01
3.756134510040283203e-01
3.806440830230712891e-01
3.653490543365478516e-01
3.980963230133056641e-01
3.670513629913330078e-01
3.571677207946777344e-01
3.615458011627197266e-01
4.006049633026123047e-01
3.639760017395019531e-01
3.736925125122070312e-01
3.514106273651123047e-01
3.510160446166992188e-01
3.840901851654052734e-01
3.792679309844970703e-01
3.457641601562500000e-01
3.753914833068847656e-01
3.528752326965332031e-01
3.580794334411621094e-01
3.758878707885742188e-01
3.588607311248779297e-01
3.610348701477050781e-01
3.638296127319335938e-01
3.647415637969970703e-01
3.752663135528564453e-01
3.600380420684814453e-01
3.691866397857666016e-01
3.617238998413085938e-01
3.813138008117675781e-01
3.528518676757812500e-01
3.654801845550537109e-01
3.606145381927490234e-01
3.543300628662109375e-01
3.817524909973144531e-01
3.477766513824462891e-01
3.665921688079833984e-01
3.643286228179931641e-01
3.764414787292480469e-01
3.820636272430419922e-01
3.884665966033935547e-01
3.562302589416503906e-01
3.477065563201904297e-01
3.439366817474365234e-01
3.876063823699951172e-01
3.699195384979248047e-01
3.847184181213378906e-01
3.525516986846923828e-01
3.657040596008300781e-01
3.675103187561035156e-01
3.688077926635742188e-01
3.759112358093261719e-01
3.618495464324951172e-01
3.799824714660644531e-01
3.984799385070800781e-01
3.824625015258789062e-01
3.853812217712402344e-01
4.164762496948242188e-01
3.691525459289550781e-01
3.361880779266357422e-01
3.561797142028808594e-01
3.513703346252441406e-01
3.575189113616943359e-01
3.713450431823730469e-01
3.644039630889892578e-01
3.802304267883300781e-01
3.913493156433105469e-01
3.544230461120605469e-01
3.683159351348876953e-01
3.417694568634033203e-01
3.233172893524169922e-01
