1.354360580444335938e-02
1.296019554138183594e-02
1.237893104553222656e-02
1.361799240112304688e-02
1.371097564697265625e-02
1.373195648193359375e-02
1.378536224365234375e-02
1.328563690185546875e-02
1.153874397277832031e-02
1.348209381103515625e-02
1.305747032165527344e-02
1.348900794982910156e-02
1.790213584899902344e-02
1.290917396545410156e-02
1.286458969116210938e-02
1.482534408569335938e-02
1.249361038208007812e-02
1.376962661743164062e-02
1.280260086059570312e-02
1.200580596923828125e-02
1.137948036193847656e-02
1.217317581176757812e-02
1.243829727172851562e-02
1.183366775512695312e-02
1.360464096069335938e-02
1.221823692321777344e-02
1.151037216186523438e-02
1.239871978759765625e-02
1.367521286010742188e-02
1.366114616394042969e-02
1.668143272399902344e-02
1.249885559082031250e-02
1.361823081970214844e-02
1.337623596191406250e-02
1.420092582702636719e-02
1.192665100097656250e-02
1.368069648742675781e-02
1.445865631103515625e-02
1.266455650329589844e-02
1.297807693481445312e-02
1.423811912536621094e-02
1.399612426757812500e-02
1.728749275207519531e-02
1.331639289855957031e-02
1.421546936035156250e-02
1.536536216735839844e-02
1.306557655334472656e-02
1.376652717590332031e-02
1.358866691589355469e-02
1.355886459350585938e-02
1.427197456359863281e-02
1.431941986083984375e-02
1.436138153076171875e-02
1.320886611938476562e-02
1.385712623596191406e-02
1.304221153259277344e-02
1.367664337158203125e-02
1.385116577148437500e-02
1.282143592834472656e-02
1.288270950317382812e-02
1.574802398681640625e-02
1.258182525634765625e-02
1.360702514648437500e-02
1.381134986877441406e-02
1.366066932678222656e-02
1.713848114013671875e-02
1.451206207275390625e-02
1.348185539245605469e-02
1.352024078369140625e-02
1.342439651489257812e-02
1.431012153625488281e-02
1.344251632690429688e-02
1.349973678588867188e-02
1.387596130371093750e-02
1.345038414001464844e-02
1.449751853942871094e-02
1.444435119628906250e-02
1.408791542053222656e-02
1.525545120239257812e-02
1.318550109863281250e-02
1.495194435119628906e-02
1.613378524780273438e-02
1.288080215454101562e-02
1.351261138916015625e-02
1.347088813781738281e-02
1.356554031372070312e-02
1.355981826782226562e-02
1.477098464965820312e-02
1.401281356811523438e-02
1.281666755676269531e-02
1.278424263000488281e-02
1.393961906433105469e-02
1.416373252868652344e-02
1.273059844970703125e-02
1.276063919067382812e-02
1.263260841369628906e-02
1.306033134460449219e-02
1.191997528076171875e-02
1.285600662231445312e-02
1.250386238098144531e-02
1.263570785522460938e-02
1.279306411743164062e-02
1.285910606384277344e-02
1.331329345703125000e-02
1.411342620849609375e-02
1.331472396850585938e-02
1.408314704895019531e-02
1.311802864074707031e-02
1.317429542541503906e-02
1.485753059387207031e-02
1.395225524902343750e-02
1.320195198059082031e-02
1.517176628112792969e-02
1.326370239257812500e-02
1.256585121154785156e-02
1.311826705932617188e-02
1.302289962768554688e-02
1.368188858032226562e-02
1.184010505676269531e-02
1.295423507690429688e-02
1.306891441345214844e-02
1.262164115905761719e-02
1.365423202514648438e-02
1.362490653991699219e-02
1.343011856079101562e-02
1.330733299255371094e-02
1.374220848083496094e-02
1.376724243164062500e-02
1.462531089782714844e-02
1.385211944580078125e-02
1.301026344299316406e-02
1.506638526916503906e-02
1.475191116333007812e-02
1.322793960571289062e-02
1.370120048522949219e-02
1.415228843688964844e-02
1.259922981262207031e-02
1.445698738098144531e-02
1.435279846191406250e-02
1.238894462585449219e-02
1.393270492553710938e-02
1.160931587219238281e-02
1.245450973510742188e-02
1.351690292358398438e-02
1.260447502136230469e-02
1.138949394226074219e-02
1.367950439453125000e-02
1.425385475158691406e-02
1.349544525146484375e-02
1.143074035644531250e-02
1.243948936462402344e-02
1.222729682922363281e-02
1.203513145446777344e-02
1.354813575744628906e-02
1.318192481994628906e-02
1.436424255371093750e-02
1.345849037170410156e-02
1.275658607482910156e-02
1.322507858276367188e-02
1.307153701782226562e-02
1.370382308959960938e-02
1.281642913818359375e-02
1.227426528930664062e-02
1.235198974609375000e-02
1.301026344299316406e-02
1.355004310607910156e-02
1.352930068969726562e-02
1.359581947326660156e-02
1.509451866149902344e-02
1.498794555664062500e-02
1.318717002868652344e-02
1.217389106750488281e-02
1.185417175292968750e-02
1.285004615783691406e-02
1.266002655029296875e-02
1.253223419189453125e-02
1.240825653076171875e-02
1.273965835571289062e-02
1.276278495788574219e-02
1.221251487731933594e-02
1.307988166809082031e-02
1.295328140258789062e-02
1.395559310913085938e-02
1.479506492614746094e-02
1.181197166442871094e-02
1.278901100158691406e-02
1.217031478881835938e-02
1.369857788085937500e-02
1.344919204711914062e-02
1.341915130615234375e-02
1.313972473144531250e-02
1.382637023925781250e-02
1.446628570556640625e-02
1.405382156372070312e-02
1.603436470031738281e-02
1.417541503906250000e-02
1.388573646545410156e-02
1.401734352111816406e-02
1.364159584045410156e-02
1.349496841430664062e-02
