2.175469629478454792e+00
2.095363070678710748e+00
1.994612799835205008e+00
1.938186875724792424e+00
1.905105424308776829e+00
1.821933746147155864e+00
1.785904438781738213e+00
1.761472410011291512e+00
1.733935970115661585e+00
1.684511611175537160e+00
1.695605365371704032e+00
1.654577148056030289e+00
1.613720864105224528e+00
1.612121552658080992e+00
1.582604167556762587e+00
1.544260270690917869e+00
1.643581493759155299e+00
1.482395087051391558e+00
1.470662699508666904e+00
1.387738943099975586e+00
1.379968015289306571e+00
1.353439908981323159e+00
1.297795184898376419e+00
1.250255774116516116e+00
1.231869781112670870e+00
1.221487681961059613e+00
1.192412419128418000e+00
1.138248962020874000e+00
1.110031748962402309e+00
1.107490904998779335e+00
1.089445182228088393e+00
1.025168065261840900e+00
9.735387020111083700e-01
9.957400919914245474e-01
9.570537711143494164e-01
9.246227161407470918e-01
9.651557584762573416e-01
9.870306190490722997e-01
9.091856353759765197e-01
8.769952003479003499e-01
9.835051345825195357e-01
8.997321540832519116e-01
8.804637628555297413e-01
7.933363815307616917e-01
8.122799413681029979e-01
8.136382965087890495e-01
7.988642901420592857e-01
7.643481213569640609e-01
7.345369071960449192e-01
7.350417301177978313e-01
7.029308734893798816e-01
7.419680443763733146e-01
6.791930581092834318e-01
6.752055021286010872e-01
6.971864549636840325e-01
7.214542804718017122e-01
7.054165525436401074e-01
7.116136291503906142e-01
7.004105987548827628e-01
6.841088666439056887e-01
6.343268470764160671e-01
6.868991790771484807e-01
6.778953808784484725e-01
6.218247257232666358e-01
6.425831161499023780e-01
6.453858684539794943e-01
6.255895282745361774e-01
6.018962831497192134e-01
6.038256198883056314e-01
6.206017604827880341e-01
5.895129802703857891e-01
5.762452991485595977e-01
5.941380907058715355e-01
5.785448612213134334e-01
5.713432991027832530e-01
5.786653358459472596e-01
5.565920003890991730e-01
5.881448118209838816e-01
5.164228969573975148e-01
6.050650430679320735e-01
5.476002231597900671e-01
5.679690069198608526e-01
3.801341806411743240e-01
3.808490301132201883e-01
3.828745563507079952e-01
4.080795612335205158e-01
4.097405443668365455e-01
3.877075703620910807e-01
3.930354339599609337e-01
4.192679805755615274e-01
4.049266460418701197e-01
3.913906913280487121e-01
4.043741050720214836e-01
3.978640209197998323e-01
3.936094158172607216e-01
3.917776024580001959e-01
3.931492400646209862e-01
4.097331153869628872e-01
4.032840520858764766e-01
3.836088770866393771e-01
4.050737581253051611e-01
3.947390251159668129e-01
4.019531574249267658e-01
3.859074813842773288e-01
3.994785992622375548e-01
3.907402395248413263e-01
4.242940434455871324e-01
4.103185182571411072e-01
4.123275798797607639e-01
3.962138116836547708e-01
4.197651609420776642e-01
3.937468381404876649e-01
3.834739507675171133e-01
3.973164964675903188e-01
3.954231848716736053e-01
3.919056838035583357e-01
3.730394309997558389e-01
3.932133136749267344e-01
3.819300194740295473e-01
4.184283516407013015e-01
3.973163228988647599e-01
4.125525438308715875e-01
3.953286993980407726e-01
3.886254562377929878e-01
3.824675768852233704e-01
3.835302695512771698e-01
3.948481590270996322e-01
3.990733759880065734e-01
3.950478276252746834e-01
3.955453083038329987e-01
3.958255327224731168e-01
4.018197998046875163e-01
3.931872154235839800e-01
4.132763395309448362e-01
4.010691122055053959e-01
4.170616658210754557e-01
4.132765689849853263e-01
4.310327508926391493e-01
4.133488876342773510e-01
4.133292314529418698e-01
4.204082206726074133e-01
4.009452096939086774e-01
4.237049827575683492e-01
3.999788404464721947e-01
4.232761070251465085e-01
3.957288185596465890e-01
4.161137827396392819e-01
4.127454216003417775e-01
4.093899805068969555e-01
4.193834088802337878e-01
4.078759441375732209e-01
4.123056320190429669e-01
4.154712259292602794e-01
4.297161380171775624e-01
4.303697177886963154e-01
4.077507556915282994e-01
4.094388123989105011e-01
4.093446706771850518e-01
4.112041320800781108e-01
4.043189044952392730e-01
4.105689421176910159e-01
3.974533205509185874e-01
4.066768399715423588e-01
4.133701665878296017e-01
4.081829972267150830e-01
3.947734412670135251e-01
3.801345129013061763e-01
4.046817737579345708e-01
4.179403236389160337e-01
3.898811526775360359e-01
4.049882583618164000e-01
4.084059436798095910e-01
4.014937427520752222e-01
4.008973867416381620e-01
4.003399008750915256e-01
3.915910699367523007e-01
4.056001582145690731e-01
4.129280335903167676e-01
3.963776607513427863e-01
4.018497803688049208e-01
4.134210034370422449e-01
3.911643363952636565e-01
4.139899221420287878e-01
4.139401579618454119e-01
4.022986607551574667e-01
3.888842079162597720e-01
3.955477867126465097e-01
3.979331267833709496e-01
3.956494784355163441e-01
4.010477924346924072e-01
3.969601313829422273e-01
4.188878551483154467e-01
3.945962202072143543e-01
4.082194480895995903e-01
4.097994293212890438e-01
3.906256832122802503e-01
3.978795221567154039e-01
4.009776641845703149e-01
4.079979518890380907e-01
3.857953199386596754e-01
