1.871999999999999886e+01
1.983999999999999986e+01
2.407999999999999829e+01
2.448000000000000043e+01
2.703999999999999915e+01
2.903999999999999915e+01
3.032000000000000028e+01
3.328000000000000114e+01
3.335999999999999943e+01
3.296000000000000085e+01
3.392000000000000171e+01
3.447999999999999687e+01
3.743999999999999773e+01
3.839999999999999858e+01
3.952000000000000313e+01
4.343999999999999773e+01
4.239999999999999858e+01
4.407999999999999829e+01
4.632000000000000028e+01
4.679999999999999716e+01
4.935999999999999943e+01
4.960000000000000142e+01
4.984000000000000341e+01
5.424000000000000199e+01
5.520000000000000284e+01
5.671999999999999886e+01
5.471999999999999886e+01
5.560000000000000142e+01
5.584000000000000341e+01
5.624000000000000199e+01
5.784000000000000341e+01
5.896000000000000085e+01
6.160000000000000142e+01
6.000000000000000000e+01
6.256000000000000227e+01
6.247999999999999687e+01
6.247999999999999687e+01
6.592000000000000171e+01
6.559999999999999432e+01
6.320000000000000284e+01
6.735999999999999943e+01
6.759999999999999432e+01
6.607999999999999829e+01
6.879999999999999716e+01
6.856000000000000227e+01
7.071999999999999886e+01
6.984000000000000341e+01
7.159999999999999432e+01
7.207999999999999829e+01
7.240000000000000568e+01
7.256000000000000227e+01
7.287999999999999545e+01
7.400000000000000000e+01
7.471999999999999886e+01
7.607999999999999829e+01
7.456000000000000227e+01
7.368000000000000682e+01
7.335999999999999943e+01
7.728000000000000114e+01
7.431999999999999318e+01
7.464000000000000057e+01
7.671999999999999886e+01
7.704000000000000625e+01
7.776000000000000512e+01
7.776000000000000512e+01
7.543999999999999773e+01
7.904000000000000625e+01
7.871999999999999886e+01
7.600000000000000000e+01
7.807999999999999829e+01
7.912000000000000455e+01
8.087999999999999545e+01
7.959999999999999432e+01
8.000000000000000000e+01
7.800000000000000000e+01
7.959999999999999432e+01
8.112000000000000455e+01
8.079999999999999716e+01
8.192000000000000171e+01
8.215999999999999659e+01
8.248000000000000398e+01
8.143999999999999773e+01
8.495999999999999375e+01
8.487999999999999545e+01
8.543999999999999773e+01
8.623999999999999488e+01
8.720000000000000284e+01
8.607999999999999829e+01
8.559999999999999432e+01
8.568000000000000682e+01
8.535999999999999943e+01
8.623999999999999488e+01
8.551999999999999602e+01
8.600000000000000000e+01
8.520000000000000284e+01
8.656000000000000227e+01
8.623999999999999488e+01
8.648000000000000398e+01
8.615999999999999659e+01
8.592000000000000171e+01
8.584000000000000341e+01
8.592000000000000171e+01
8.664000000000000057e+01
8.720000000000000284e+01
8.551999999999999602e+01
8.607999999999999829e+01
8.576000000000000512e+01
8.623999999999999488e+01
8.743999999999999773e+01
8.504000000000000625e+01
8.568000000000000682e+01
8.679999999999999716e+01
8.695999999999999375e+01
8.712000000000000455e+01
8.607999999999999829e+01
8.704000000000000625e+01
8.528000000000000114e+01
8.600000000000000000e+01
8.671999999999999886e+01
8.712000000000000455e+01
8.792000000000000171e+01
8.671999999999999886e+01
8.687999999999999545e+01
8.656000000000000227e+01
8.607999999999999829e+01
8.800000000000000000e+01
8.600000000000000000e+01
8.671999999999999886e+01
8.631999999999999318e+01
8.543999999999999773e+01
8.431999999999999318e+01
8.671999999999999886e+01
8.471999999999999886e+01
8.656000000000000227e+01
8.535999999999999943e+01
8.512000000000000455e+01
8.640000000000000568e+01
8.695999999999999375e+01
8.679999999999999716e+01
8.448000000000000398e+01
8.584000000000000341e+01
8.504000000000000625e+01
8.592000000000000171e+01
8.520000000000000284e+01
8.656000000000000227e+01
8.487999999999999545e+01
8.640000000000000568e+01
8.584000000000000341e+01
8.656000000000000227e+01
8.559999999999999432e+01
8.568000000000000682e+01
8.784000000000000341e+01
8.648000000000000398e+01
8.623999999999999488e+01
8.568000000000000682e+01
8.631999999999999318e+01
8.664000000000000057e+01
8.440000000000000568e+01
8.704000000000000625e+01
8.600000000000000000e+01
8.559999999999999432e+01
8.551999999999999602e+01
8.568000000000000682e+01
8.568000000000000682e+01
8.687999999999999545e+01
8.551999999999999602e+01
8.551999999999999602e+01
8.664000000000000057e+01
8.559999999999999432e+01
8.695999999999999375e+01
8.592000000000000171e+01
8.656000000000000227e+01
8.615999999999999659e+01
8.695999999999999375e+01
8.679999999999999716e+01
8.687999999999999545e+01
8.679999999999999716e+01
8.664000000000000057e+01
8.687999999999999545e+01
8.687999999999999545e+01
8.743999999999999773e+01
8.784000000000000341e+01
8.615999999999999659e+01
8.495999999999999375e+01
8.551999999999999602e+01
8.528000000000000114e+01
8.656000000000000227e+01
8.720000000000000284e+01
8.592000000000000171e+01
8.592000000000000171e+01
8.607999999999999829e+01
8.623999999999999488e+01
8.679999999999999716e+01
8.568000000000000682e+01
8.551999999999999602e+01
8.559999999999999432e+01
8.607999999999999829e+01
8.751999999999999602e+01
8.615999999999999659e+01
8.615999999999999659e+01
