0.000000000000000000e+00
0.000000000000000000e+00
0.000000000000000000e+00
0.000000000000000000e+00
4.366812227074235997e-01
0.000000000000000000e+00
0.000000000000000000e+00
5.021834061135371563e+00
0.000000000000000000e+00
3.930131004366812064e+00
1.179039301310043619e+01
1.528384279475982543e+00
1.397379912663755519e+01
3.056768558951965087e+00
3.930131004366812064e+00
6.550218340611353440e-01
4.366812227074235997e-01
1.310043668122270688e+00
3.493449781659388798e+00
2.183406113537117998e-01
4.585152838427947408e+00
0.000000000000000000e+00
5.676855895196506907e+00
4.148471615720524142e+01
1.179039301310043619e+01
4.585152838427947408e+00
4.366812227074235997e-01
5.895196506550218096e+00
9.388646288209606894e+00
8.733624454148471994e-01
3.056768558951965087e+00
1.375545851528384311e+01
3.930131004366812064e+00
1.746724890829694399e+00
2.685589519650655177e+01
3.711790393013100431e+00
0.000000000000000000e+00
2.838427947598253454e+00
2.620087336244541376e+00
7.641921397379912939e+00
2.401746724890829743e+00
1.965065502183406032e+00
5.240174672489082752e+00
1.528384279475982543e+00
5.458515283842794830e+00
1.965065502183406032e+00
4.366812227074235997e-01
1.091703056768559055e+00
0.000000000000000000e+00
3.427947598253275174e+01
6.550218340611353440e-01
1.091703056768559055e+00
2.401746724890829743e+00
6.550218340611353440e-01
1.528384279475982543e+00
5.676855895196506907e+00
3.624454148471615866e+01
8.733624454148471994e-01
0.000000000000000000e+00
6.550218340611353440e-01
4.366812227074235997e-01
6.550218340611353440e-01
6.331877729257642251e+00
1.965065502183406032e+00
2.467248908296943100e+01
5.021834061135371563e+00
1.528384279475982543e+00
4.366812227074236219e+00
8.515283842794760361e+00
2.183406113537118109e+00
9.825327510917031049e+00
2.838427947598253454e+00
6.550218340611353440e+00
6.550218340611353440e+00
3.493449781659388798e+00
1.135371179039301381e+01
1.834061135371178963e+01
1.746724890829694399e+00
3.056768558951965087e+00
6.113537117903930174e+00
6.550218340611353440e-01
2.183406113537118109e+00
4.803493449781659486e+00
1.091703056768559055e+00
1.091703056768559055e+00
1.965065502183406032e+00
2.183406113537118109e+00
1.528384279475982543e+00
2.620087336244541376e+00
2.401746724890829743e+00
6.550218340611353440e-01
1.746724890829694399e+00
1.528384279475982543e+00
1.746724890829694399e+00
1.528384279475982543e+00
1.746724890829694399e+00
1.746724890829694399e+00
1.746724890829694399e+00
1.528384279475982543e+00
1.310043668122270688e+00
1.528384279475982543e+00
2.401746724890829743e+00
1.965065502183406032e+00
1.746724890829694399e+00
2.838427947598253454e+00
2.620087336244541376e+00
2.183406113537118109e+00
1.310043668122270688e+00
1.528384279475982543e+00
1.965065502183406032e+00
2.401746724890829743e+00
2.620087336244541376e+00
3.275109170305676720e+00
4.585152838427947408e+00
5.895196506550218096e+00
7.423580786026200862e+00
9.388646288209606894e+00
1.353711790393013104e+01
1.157205240174672412e+01
1.244541484716157242e+01
1.200873362445414827e+01
1.593886462882096033e+01
1.550218340611353796e+01
1.855895196506550349e+01
2.008733624454148625e+01
1.921397379912663794e+01
1.965065502183406210e+01
2.096069868995633101e+01
1.790393013100436548e+01
2.205240174672488962e+01
2.183406113537117932e+01
2.292576419213973793e+01
2.227074235807860347e+01
2.489082969432314485e+01
2.467248908296943100e+01
2.663755458515283792e+01
2.292576419213973793e+01
2.445414847161572069e+01
2.510917030567685515e+01
2.379912663755458624e+01
2.358078602620087239e+01
2.685589519650655177e+01
2.663755458515283792e+01
2.532751091703056900e+01
2.729257641921397237e+01
2.707423580786026207e+01
2.772925764192139653e+01
2.685589519650655177e+01
2.641921397379912761e+01
2.510917030567685515e+01
2.772925764192139653e+01
2.794759825327511038e+01
2.816593886462882068e+01
2.205240174672488962e+01
2.358078602620087239e+01
2.205240174672488962e+01
1.965065502183406210e+01
1.965065502183406210e+01
1.855895196506550349e+01
1.746724890829694488e+01
1.746724890829694488e+01
1.703056768558952072e+01
1.637554585152838271e+01
1.397379912663755519e+01
1.419213973799126549e+01
1.462882096069868965e+01
1.310043668122270688e+01
1.026200873362445343e+01
1.397379912663755519e+01
1.441048034934497757e+01
1.200873362445414827e+01
1.004366812227074313e+01
1.157205240174672412e+01
1.091703056768558966e+01
1.135371179039301381e+01
1.244541484716157242e+01
1.026200873362445343e+01
7.205240174672488784e+00
1.026200873362445343e+01
1.069868995633187758e+01
8.951965065502182739e+00
6.768558951965065518e+00
9.606986899563318971e+00
7.423580786026200862e+00
8.078602620087336206e+00
7.641921397379912939e+00
8.951965065502182739e+00
7.423580786026200862e+00
9.170305676855894816e+00
8.733624454148472438e+00
9.170305676855894816e+00
7.205240174672488784e+00
7.860262008733624128e+00
7.860262008733624128e+00
8.515283842794760361e+00
8.515283842794760361e+00
7.641921397379912939e+00
6.768558951965065518e+00
6.550218340611353440e+00
5.458515283842794830e+00
