0.000000000000000000e+00
0.000000000000000000e+00
0.000000000000000000e+00
0.000000000000000000e+00
1.133786843747508710e+00
9.070294778092918619e+00
8.616780030213785579e+00
2.040816322205558642e+00
4.535147370664981414e-01
9.297052145544904889e+00
4.535147387965196231e+00
0.000000000000000000e+00
1.496598648970900136e+01
6.575963710170754872e+00
6.802721088435373931e-01
9.070294762955231072e-01
1.156462584169002916e+01
1.360544217687074786e+00
1.111111109164836996e+01
3.628117905182092429e+00
2.766439905837009405e+01
8.616780030213785579e+00
1.587301587301587213e+00
1.360544215524547962e+00
4.535147392290249657e-01
1.088435372203385754e+01
1.201814057226894583e+01
9.070294784580499314e-01
2.040816324368085244e+00
4.081632646573644330e+00
1.088435372852143779e+01
1.292517006370215782e+01
4.988662127194221085e+00
9.070294762955231072e-01
3.401360542055160252e+00
8.390022667086853403e+00
1.133786845910035535e+00
1.814058954753573039e+00
1.814058952591046214e+00
3.265306119421442332e+01
7.709750558243317009e+00
5.215419494646206466e+00
2.040816322205558642e+00
6.802721045184838555e-01
1.133786848072562359e+00
2.040816326530612290e+00
2.267573693982598115e+00
2.721088435374149572e+00
9.070294784580499314e-01
4.761904757579708658e+00
1.360544217687074786e+00
6.802721079785267300e+00
5.941043064869990786e+01
4.308390016188156757e+00
1.587301585139060611e+00
2.494331063597110543e+00
9.070294773767864527e+00
4.081632648736170488e+00
1.383219952053493884e+01
2.947845802826135397e+00
9.523809510834363223e+00
2.562358261073798005e+01
6.802721066810105688e-01
6.802721088435373931e-01
0.000000000000000000e+00
1.814058954753573039e+00
2.721088435374149572e+00
1.814058954753573039e+00
1.814058952591046214e+00
2.494331061434583496e+00
3.628117909507146077e+00
6.802721075460213207e+00
2.947845804988662000e+00
5.215419490321153262e+00
4.535147370664981414e-01
8.616780030213785579e+00
2.721088433211622970e+00
9.977324250063388078e+00
1.020408161535284641e+01
6.802721066810105688e-01
2.267573696145124829e-01
4.535147370664981414e-01
2.494331063597110543e+00
2.721088428886569321e+00
2.721088431049095924e+00
2.947845800663608351e+00
2.947845796338555147e+00
2.267573691820071069e+00
2.040816326530612290e+00
2.721088433211622970e+00
2.721088433211622970e+00
2.040816322205558642e+00
2.721088433211622970e+00
2.721088431049095924e+00
2.267573693982598115e+00
2.947845800663608351e+00
3.401360542055160252e+00
1.814058954753573039e+00
2.494331061434583496e+00
1.814058954753573039e+00
4.081632650898697534e+00
4.308390020513209961e+00
1.156462583952750123e+01
9.750566884773929743e+00
1.678004532984865449e+01
1.609977333778156350e+01
1.609977322316764514e+01
2.018140586109118217e+01
2.267573693550092528e+01
2.811791391870061929e+01
3.197278908537088427e+01
3.968253976039064668e+01
4.761904730764376126e+01
5.238095231175152122e+01
6.303854854523189744e+01
5.170068020290798927e+01
5.963718775881120848e+01
6.893424028496082201e+01
6.802721105735588480e+01
7.006802736658627850e+01
6.712018156159761872e+01
6.190476170580944171e+01
6.802721079785267477e+01
7.913832189166356557e+01
7.324263042008796276e+01
7.165532895388787438e+01
6.575963673840304580e+01
6.417233515110144992e+01
6.145124709633202542e+01
5.850340130864357491e+01
5.578231298572082153e+01
5.600907034668522044e+01
5.759637180423520419e+01
5.623582721459352030e+01
5.873015853985636880e+01
5.804988667321583762e+01
5.895691627277538771e+01
5.555555560745619914e+01
5.850340117024185815e+01
5.578231309817221018e+01
5.600907048508693720e+01
5.646258458420803095e+01
5.487528326505976395e+01
5.714285707365628753e+01
5.600907046778672083e+01
5.668934209222425835e+01
5.351473915982408869e+01
5.804988655211433723e+01
5.419501127731773238e+01
5.759637157068230806e+01
5.600907046778672083e+01
5.850340128269325390e+01
5.804988617150961971e+01
5.442176876803374341e+01
5.011337875400811015e+01
4.693877557075483509e+01
4.126984134769223544e+01
3.469387750776986934e+01
3.265306131964097602e+01
2.970521538922575999e+01
2.675736945881054396e+01
2.448979576266541613e+01
2.154195009175341724e+01
2.086167798723493405e+01
2.063492073007181560e+01
1.814058954753572905e+01
1.473922900548056880e+01
1.768707468288015150e+01
1.519274374254706750e+01
1.383219953134757318e+01
1.519274374687212159e+01
1.088435373068396395e+01
1.473922900331804264e+01
1.337868466020441360e+01
1.156462583736497507e+01
1.473922900764309674e+01
1.224489794837104029e+01
1.020408162616548076e+01
1.247165531798555271e+01
8.390022664924327245e+00
1.065759635890692536e+01
1.224489794188345826e+01
9.750566878286349493e+00
9.297052141219850796e+00
9.750566884773929743e+00
8.843537401990825941e+00
1.043083899145493909e+01
9.070294769442810434e+00
9.070294769442810434e+00
8.843537406315880034e+00
1.088435373068396395e+01
9.070294780255444778e+00
9.523809510834363223e+00
1.020408162400295460e+01
9.977324247900861920e+00
8.390022664924327245e+00
7.029478449399779727e+00
6.575963705845700780e+00
7.709750562568370214e+00
7.256235821176818312e+00
