0.000000000000000000e+00
2.844638941324513670e+00
2.844638948837046399e+01
5.470459510252303481e+00
0.000000000000000000e+00
2.844638949671772554e+00
2.844638949671772554e+00
4.376367614879649870e-01
4.376367614879649870e-01
4.157549225788408798e+00
4.376367614879649870e-01
4.157549234135667682e+00
0.000000000000000000e+00
5.908096271740268968e+00
8.752735146286712009e-01
0.000000000000000000e+00
2.844638949671772554e+00
6.564551422319474527e-01
5.032822748764338883e+00
2.625820568927789811e+00
8.533916849015318107e+00
1.531728665207877427e+00
1.881838072728797684e+01
7.877461706783369877e+00
3.938730845044426054e+00
1.772428883191532378e+01
8.533916849015318107e+00
3.435448575176347674e+01
3.501094083556461012e+00
6.345733033228233566e+00
1.028446389496717650e+01
5.470459518599562365e+00
2.407002188183807512e+00
3.719912472647702195e+00
7.877461690088852109e+00
1.881838071059345907e+01
9.628008736040712279e+00
3.719912472647702195e+00
6.564551422319475193e+00
2.625820568093064011e+01
3.282275702812478713e+00
2.188183807439824768e+00
9.190371974552746792e+00
3.719912472647702195e+00
2.166301967695974895e+01
4.376367614879649870e-01
1.969365426695842469e+00
2.188183807439824768e+00
1.706783368133611845e+01
6.564551422319475193e+00
8.752735229759299740e-01
2.407002188183807512e+00
3.063457322068495969e+00
4.376367614879649870e-01
2.844638949671772554e+00
1.750547045951859948e+00
1.750547045951859948e+00
2.188183807439824768e+00
5.908096271740268968e+00
9.628008727693453395e+00
4.376367614879649870e-01
1.969365426695842469e+00
2.407002188183807512e+00
6.345733041575492450e+00
3.063457322068495969e+00
6.564551422319474527e-01
1.050328226736390036e+01
3.282275702812478713e+00
1.094091903719912384e+00
3.282275711159737597e+00
2.407002188183807512e+00
2.625820568927789811e+00
4.376367614879649537e+00
2.188183807439824768e+00
4.595185970581855628e+00
1.531728665207877427e+00
3.063457322068495969e+00
3.501094091903719896e+00
2.407002188183807512e+00
4.004376365110702096e+01
1.094091902885186585e+01
1.400437636761487958e+01
2.407002179836548628e+00
2.188183807439824768e+00
2.844638949671772554e+00
2.625820568927789811e+00
2.407002188183807512e+00
2.407002188183807512e+00
2.625820568927789811e+00
1.094091903719912384e+00
8.752735229759299740e-01
2.188183807439824768e+00
2.844638949671772554e+00
2.625820568927789811e+00
1.969365426695842469e+00
1.750547037604601064e+00
1.312910284463894905e+00
6.564551422319474527e-01
2.188183807439824768e+00
3.501094083556461012e+00
1.225382932166301941e+01
1.094091903719912473e+01
1.531728664373151538e+01
1.466083150149956893e+01
2.166301967695974895e+01
2.297592996142364541e+01
2.428884024588753832e+01
2.231947481084443652e+01
3.851203497755188465e+01
3.501094090234268208e+01
4.201312906945560144e+01
4.923413564235428197e+01
5.448577675516808938e+01
5.339168485144817566e+01
5.820568914434320362e+01
6.061269143269411330e+01
5.382932161293614115e+01
5.886214439508951557e+01
5.689277896004641377e+01
5.973741790971818233e+01
6.542669579236721233e+01
6.630196931534314331e+01
6.411378550790331587e+01
5.667396056260791681e+01
5.470459513591207212e+01
5.251641134516676601e+01
5.098468267161162970e+01
5.142231942475233097e+01
5.076586419904779746e+01
5.076586429086764696e+01
4.945295402309826471e+01
4.814004373028711115e+01
4.945295400640375050e+01
4.879649885582454516e+01
4.967177229532788374e+01
5.120350105235561244e+01
4.945295400640375050e+01
5.010940914863569873e+01
5.207877459202605763e+01
5.164113781384357793e+01
4.879649888086631648e+01
4.967177239549499035e+01
5.142231944144685230e+01
4.923413553383991825e+01
4.989059078458623020e+01
5.317286648739871424e+01
4.879649877235195277e+01
4.857768050012234085e+01
5.054704590177640000e+01
4.835886209433657967e+01
4.485776801078011999e+01
4.288840257573701820e+01
3.698030632069126256e+01
3.172866517448842671e+01
2.844638947167594623e+01
2.735229757630329317e+01
2.560175052200417412e+01
2.210065644679497154e+01
2.341356672291161090e+01
2.035010940084311315e+01
1.991247263935514766e+01
1.816192559340328927e+01
1.816192557670877150e+01
1.772428882356806312e+01
1.422319474835886233e+01
1.466083150149956893e+01
1.706783366464160068e+01
1.487964988224355167e+01
1.312910284463895039e+01
1.334792121703567425e+01
1.422319473166434456e+01
1.159737416273655519e+01
1.028446389496717650e+01
9.409190371991247304e+00
9.846827108437436138e+00
1.181619255182779504e+01
1.137855579868709022e+01
1.225382932166301941e+01
8.971553610503281817e+00
9.846827133479212790e+00
6.783369803063457049e+00
7.002188183807439792e+00
8.315098451576817595e+00
4.595185995623632280e+00
8.533916840668059223e+00
9.409190346949470651e+00
7.658643317692128250e+00
8.315098459924076479e+00
8.315098468271335364e+00
7.439824936948146394e+00
6.783369803063457049e+00
7.221006564551422535e+00
6.126914660831509707e+00
8.533916849015318107e+00
5.689277899343545108e+00
7.002188175460180908e+00
6.126914660831509707e+00
7.439824945295404390e+00
7.221006539509645883e+00
6.126914660831509707e+00
