1.452183723449707031e-02
9.800910949707031250e-03
1.195096969604492188e-02
1.306390762329101562e-02
1.529049873352050781e-02
1.128554344177246094e-02
1.396584510803222656e-02
1.315212249755859375e-02
1.279449462890625000e-02
1.334023475646972656e-02
1.277923583984375000e-02
1.298046112060546875e-02
1.274633407592773438e-02
1.275849342346191406e-02
1.343822479248046875e-02
1.349234580993652344e-02
1.258420944213867188e-02
1.414918899536132812e-02
1.221084594726562500e-02
1.420998573303222656e-02
1.456236839294433594e-02
1.625561714172363281e-02
1.430392265319824219e-02
1.335453987121582031e-02
1.378607749938964844e-02
1.359224319458007812e-02
1.474952697753906250e-02
1.298618316650390625e-02
1.378321647644042969e-02
1.356315612792968750e-02
1.336050033569335938e-02
1.511573791503906250e-02
1.361656188964843750e-02
1.329970359802246094e-02
1.288509368896484375e-02
1.282310485839843750e-02
1.385712623596191406e-02
1.299357414245605469e-02
1.402831077575683594e-02
1.399016380310058594e-02
1.173496246337890625e-02
1.172518730163574219e-02
1.438403129577636719e-02
1.264309883117675781e-02
1.446843147277832031e-02
1.326966285705566406e-02
1.341104507446289062e-02
1.272606849670410156e-02
1.365613937377929688e-02
1.300740242004394531e-02
1.416301727294921875e-02
1.238226890563964844e-02
1.305985450744628906e-02
1.371121406555175781e-02
1.254224777221679688e-02
1.254367828369140625e-02
1.239967346191406250e-02
1.421523094177246094e-02
1.515626907348632812e-02
1.309967041015625000e-02
1.487565040588378906e-02
1.379728317260742188e-02
1.350522041320800781e-02
1.259303092956542969e-02
1.293635368347167969e-02
1.300311088562011719e-02
1.333737373352050781e-02
1.517295837402343750e-02
1.209425926208496094e-02
1.350808143615722656e-02
1.356196403503417969e-02
1.393985748291015625e-02
1.214122772216796875e-02
1.281094551086425781e-02
1.414799690246582031e-02
1.294088363647460938e-02
1.301884651184082031e-02
1.441168785095214844e-02
1.293540000915527344e-02
1.438903808593750000e-02
1.349735260009765625e-02
1.396369934082031250e-02
1.382470130920410156e-02
1.536464691162109375e-02
1.373434066772460938e-02
1.517152786254882812e-02
1.216721534729003906e-02
1.363682746887207031e-02
1.490998268127441406e-02
1.461791992187500000e-02
1.335549354553222656e-02
1.491284370422363281e-02
1.388287544250488281e-02
1.401448249816894531e-02
1.434206962585449219e-02
1.308465003967285156e-02
1.351594924926757812e-02
1.531696319580078125e-02
1.360726356506347656e-02
1.308369636535644531e-02
1.439166069030761719e-02
1.300883293151855469e-02
1.251244544982910156e-02
1.382279396057128906e-02
1.289606094360351562e-02
1.327729225158691406e-02
1.547980308532714844e-02
1.417636871337890625e-02
1.478290557861328125e-02
1.530718803405761719e-02
1.471209526062011719e-02
1.666903495788574219e-02
1.424884796142578125e-02
1.328706741333007812e-02
1.484417915344238281e-02
1.378464698791503906e-02
1.444554328918457031e-02
1.390194892883300781e-02
1.403713226318359375e-02
1.309919357299804688e-02
1.451516151428222656e-02
1.469635963439941406e-02
1.491236686706542969e-02
1.461291313171386719e-02
1.411056518554687500e-02
1.423430442810058594e-02
1.394677162170410156e-02
1.393294334411621094e-02
1.395654678344726562e-02
1.343417167663574219e-02
1.404786109924316406e-02
1.397180557250976562e-02
1.388859748840332031e-02
1.343631744384765625e-02
1.859164237976074219e-02
1.416039466857910156e-02
1.466226577758789062e-02
1.409888267517089844e-02
1.449179649353027344e-02
1.391935348510742188e-02
1.283049583435058594e-02
1.413106918334960938e-02
1.439785957336425781e-02
1.481389999389648438e-02
1.397180557250976562e-02
1.351809501647949219e-02
1.413583755493164062e-02
1.283669471740722656e-02
1.369452476501464844e-02
1.555275917053222656e-02
1.427268981933593750e-02
1.358819007873535156e-02
1.267886161804199219e-02
1.375603675842285156e-02
1.451468467712402344e-02
1.455998420715332031e-02
1.444387435913085938e-02
1.333522796630859375e-02
1.257586479187011719e-02
1.444554328918457031e-02
1.487874984741210938e-02
1.359605789184570312e-02
1.431417465209960938e-02
1.333069801330566406e-02
1.406621932983398438e-02
1.325654983520507812e-02
1.570200920104980469e-02
1.415586471557617188e-02
1.332283020019531250e-02
1.441693305969238281e-02
1.416301727294921875e-02
1.406502723693847656e-02
1.187729835510253906e-02
1.392555236816406250e-02
1.292538642883300781e-02
1.302337646484375000e-02
1.254677772521972656e-02
1.459789276123046875e-02
1.317858695983886719e-02
1.467609405517578125e-02
1.375150680541992188e-02
1.223254203796386719e-02
1.369595527648925781e-02
1.248383522033691406e-02
1.266193389892578125e-02
1.201224327087402344e-02
1.449370384216308594e-02
1.279830932617187500e-02
1.293087005615234375e-02
1.280045509338378906e-02
1.633310317993164062e-02
1.299786567687988281e-02
1.381278038024902344e-02
1.347684860229492188e-02
1.425433158874511719e-02
1.405525207519531250e-02
1.402831077575683594e-02
1.419711112976074219e-02
1.351976394653320312e-02
1.317000389099121094e-02
