2.201270952606201092e+00
2.119703260421752944e+00
2.040344800186157048e+00
2.006028157424926572e+00
1.932835985565185544e+00
1.918438684082031331e+00
1.878421952056884781e+00
1.840033977508545027e+00
1.842565386581420883e+00
1.799272039031982517e+00
1.754710049438476638e+00
1.731450576400756836e+00
1.765799712753295836e+00
1.678704882049560476e+00
1.646757082939148020e+00
1.593542841148376521e+00
1.572936452865600687e+00
1.602421697998046790e+00
1.591026236724853549e+00
1.457703206634521464e+00
1.420503284454345705e+00
1.422041648674011283e+00
1.343399381637573331e+00
1.399408091354370054e+00
1.352852326011657613e+00
1.288421281814575270e+00
1.267676011657714819e+00
1.227565287780761683e+00
1.179367925739288392e+00
1.166614713478088428e+00
1.131885134887695266e+00
1.103941544914245565e+00
1.132118530654907307e+00
1.021301692771911629e+00
1.035953965759277340e+00
1.024699972534179659e+00
1.064252526473999039e+00
9.998224491119385160e-01
9.766751865386963383e-01
9.296251428604126454e-01
8.911589167594909933e-01
8.687467811584472788e-01
9.018096473693847370e-01
8.484681148529052974e-01
8.628096538543701399e-01
8.952091636657715235e-01
8.555735652923583956e-01
8.373249370574951111e-01
8.405143655776977640e-01
7.943341369628906801e-01
8.139743854522705213e-01
8.105847476959228137e-01
7.988239185333252390e-01
8.160150026321411065e-01
7.562976318359374561e-01
7.506973415374755820e-01
7.337486215591431105e-01
7.206952850341796779e-01
7.356013618469238180e-01
7.150049427986144845e-01
6.795171256065368759e-01
6.769438684463501277e-01
6.420213325500487844e-01
6.767551187515258304e-01
6.605164604187011568e-01
6.419942047119140405e-01
6.688930622577666796e-01
6.236756591796874805e-01
6.763560991287231872e-01
6.452629247665405687e-01
6.330036663055419455e-01
5.670281373977661410e-01
5.527362959861755742e-01
5.409946879386902108e-01
5.886702613830566699e-01
5.535011758804321280e-01
5.825955144882202230e-01
6.242570405960082836e-01
5.606299199104308739e-01
5.487273620605468416e-01
5.492742055416107716e-01
5.435784568786621307e-01
4.838269211769103961e-01
4.496499422073364505e-01
4.339116835594177268e-01
4.521622375488281165e-01
4.233006156921386709e-01
4.516144842147827299e-01
4.471744240760803235e-01
4.301853939056396459e-01
4.434182271957397559e-01
4.322359441757201992e-01
4.295165617465973029e-01
4.153119560241699260e-01
4.397194740295410353e-01
4.199778129577636521e-01
4.076966528892517205e-01
4.342715969085693128e-01
4.333370285034179870e-01
4.191471471190452713e-01
4.241146108627319444e-01
4.349799293518066268e-01
4.102342336893081698e-01
4.243210239410400431e-01
4.405832230567932051e-01
4.308430862426757546e-01
4.416506554603576440e-01
4.182834878921508626e-01
4.252721134185791230e-01
4.379293544769287116e-01
4.360897274017334069e-01
4.333847274780273651e-01
4.279735454082488899e-01
4.135766799926757775e-01
4.240534404754638942e-01
4.299952319145202706e-01
4.171783344268799043e-01
4.099874613761901876e-01
4.300049565315246514e-01
4.336589499473571530e-01
4.237605894088745107e-01
4.185010159492492665e-01
4.206707300662994586e-01
4.236777807235717619e-01
4.099710002899170092e-01
4.420907489776611521e-01
4.401992918968200552e-01
4.361456815719604307e-01
4.334383922576904302e-01
4.255471559524536262e-01
4.483931301116943491e-01
4.491101201057434156e-01
4.368761245727539322e-01
4.284351710557937620e-01
4.493398118495940952e-01
4.299028329849243213e-01
4.419921203613281224e-01
4.471965244293212849e-01
4.440677359580993411e-01
4.599236842155456362e-01
4.472754955291747825e-01
4.483847290039062461e-01
4.538528511047363323e-01
4.568960746765136638e-01
4.409316127777099803e-01
4.590454423904418713e-01
4.557862277984618959e-01
4.606678296089172231e-01
4.340843227386474434e-01
4.463916181564330787e-01
4.419195388793945578e-01
4.380731778144836275e-01
4.385427934646606296e-01
4.417986232757568632e-01
4.356635467529296757e-01
4.433119677543639892e-01
4.499838628768920712e-01
4.080955385208129838e-01
4.361381414413452173e-01
4.256313569068908564e-01
4.262094863891601748e-01
4.434102411270141597e-01
4.380599825859070040e-01
4.198208752870559723e-01
4.187316087722778302e-01
4.719285160064697338e-01
4.152278177261352621e-01
4.421013770103454643e-01
4.365347865104675096e-01
4.208587602615356249e-01
4.279718242645263460e-01
4.316848508834839060e-01
4.323118900299072198e-01
4.356646499633788916e-01
4.231657065391540296e-01
4.340010904312133766e-01
4.151304347991943144e-01
4.220415288925171149e-01
4.477841440200805434e-01
4.395880442619323758e-01
4.261685699462890442e-01
4.413859592437744395e-01
4.281043315887451128e-01
4.084405317306518679e-01
4.217473918914794728e-01
4.065595635890960624e-01
4.071092311859130786e-01
4.193562377929687668e-01
4.258072664737701518e-01
4.301430038452148663e-01
3.911501108169555541e-01
4.215036508560180417e-01
4.120064533710479648e-01
4.243753081321716136e-01
4.347290079116821193e-01
4.091526414871216044e-01
4.211635753631591816e-01
4.346164963960647554e-01
3.916392884254455420e-01
4.400238214492797617e-01
