2.919999990844726412e+01
2.699999978637695364e+01
1.379999994659423912e+01
2.519999993896484369e+01
6.819999978637694937e+01
4.099999984741211279e+01
4.039999993896484654e+01
7.039999969482421704e+01
6.039999969482421704e+01
2.819999990844726412e+01
2.039999992370605497e+01
9.039999981689453534e+01
2.479999996948242114e+01
5.200000000000000000e+01
8.439999987792968739e+01
3.100000000000000000e+01
4.320000000000000284e+01
4.719999972534179733e+01
4.339999969482421704e+01
7.099999987792968170e+01
8.899999975585937761e+01
9.500000012207031830e+01
3.059999993896484227e+01
4.699999981689452966e+01
7.959999993896484227e+01
7.579999957275390443e+01
6.339999984741211136e+01
8.659999951171874955e+01
7.639999993896483943e+01
7.059999957275390159e+01
1.819999994659423947e+01
7.679999981689452682e+01
9.260000006103516057e+01
9.459999975585937193e+01
8.440000006103515773e+01
7.199999951171875523e+01
9.039999938964844262e+01
9.720000000000000284e+01
7.399999957275390727e+01
3.479999981689453392e+01
9.520000012207030693e+01
8.319999945068359182e+01
5.359999993896484227e+01
3.459999987792969023e+01
8.860000012207031261e+01
5.519999996948241971e+01
7.979999993896484511e+01
9.179999938964843409e+01
8.739999945068359466e+01
7.300000012207031830e+01
7.619999951171874386e+01
4.880000003051758029e+01
8.000000006103515204e+01
6.179999996948242114e+01
6.899999957275390727e+01
4.840000003051757460e+01
7.479999975585937477e+01
8.799999987792968170e+01
9.159999975585937193e+01
9.200000006103515204e+01
9.319999963378906216e+01
7.679999999999999716e+01
7.500000000000000000e+01
6.939999975585936909e+01
9.480000012207031546e+01
7.659999957275390159e+01
6.779999975585937477e+01
8.960000012207031261e+01
8.899999975585937761e+01
6.499999975585937761e+01
8.699999981689452966e+01
6.699999963378905932e+01
8.599999945068358898e+01
8.919999938964843977e+01
7.979999945068360034e+01
7.220000006103515489e+01
6.519999978637694937e+01
9.340000012207030977e+01
8.739999975585936909e+01
9.519999969482421420e+01
8.959999969482421989e+01
6.979999999999999716e+01
8.659999963378906784e+01
9.480000012207031546e+01
9.720000000000000284e+01
9.580000006103514920e+01
9.640000006103515773e+01
9.880000006103514920e+01
9.439999969482421704e+01
8.819999938964843977e+01
9.779999999999999716e+01
9.259999969482421989e+01
9.920000000000000284e+01
7.619999957275391012e+01
9.779999963378905647e+01
9.780000006103514920e+01
9.079999969482422273e+01
9.779999963378905647e+01
9.299999938964843693e+01
9.740000006103515773e+01
9.820000000000000284e+01
9.959999999999999432e+01
9.979999999999999716e+01
9.939999963378906500e+01
9.940000000000000568e+01
9.919999963378906216e+01
9.979999999999999716e+01
9.879999963378905647e+01
9.820000006103515489e+01
9.840000000000000568e+01
9.559999999999999432e+01
9.720000006103515489e+01
9.700000006103515204e+01
9.679999969482422273e+01
9.640000006103515773e+01
9.840000006103515773e+01
9.640000006103515773e+01
9.839999963378906500e+01
9.820000006103515489e+01
9.800000006103515204e+01
9.779999999999999716e+01
9.919999963378906216e+01
9.740000006103515773e+01
9.899999963378905932e+01
9.859999999999999432e+01
9.799999963378905932e+01
9.879999999999999716e+01
9.839999963378906500e+01
9.940000000000000568e+01
9.839999963378906500e+01
9.800000006103515204e+01
9.820000000000000284e+01
9.879999999999999716e+01
9.879999999999999716e+01
9.839999963378906500e+01
9.820000006103515489e+01
9.839999963378906500e+01
9.800000000000000000e+01
9.899999963378905932e+01
9.779999963378905647e+01
9.879999963378905647e+01
9.860000006103516057e+01
9.699999969482422557e+01
9.860000006103516057e+01
9.859999963378906784e+01
9.840000006103515773e+01
9.959999999999999432e+01
9.920000000000000284e+01
9.840000006103515773e+01
9.879999999999999716e+01
9.879999963378905647e+01
9.840000006103515773e+01
9.879999963378905647e+01
9.920000000000000284e+01
9.859999963378906784e+01
9.939999963378906500e+01
9.959999999999999432e+01
9.940000000000000568e+01
9.899999963378905932e+01
9.940000000000000568e+01
9.979999999999999716e+01
9.940000000000000568e+01
9.899999963378905932e+01
9.939999963378906500e+01
9.919999963378906216e+01
9.840000000000000568e+01
9.899999963378905932e+01
9.900000000000000000e+01
9.879999999999999716e+01
9.859999999999999432e+01
9.840000000000000568e+01
9.879999963378905647e+01
9.879999963378905647e+01
9.879999999999999716e+01
9.899999963378905932e+01
9.900000000000000000e+01
9.879999999999999716e+01
9.879999963378905647e+01
9.859999963378906784e+01
9.879999999999999716e+01
9.900000000000000000e+01
9.859999999999999432e+01
9.859999963378906784e+01
9.859999999999999432e+01
9.879999999999999716e+01
9.879999963378905647e+01
9.859999999999999432e+01
9.860000006103516057e+01
9.859999999999999432e+01
9.840000000000000568e+01
9.859999999999999432e+01
9.820000000000000284e+01
9.820000006103515489e+01
9.900000006103515204e+01
9.879999999999999716e+01
9.879999999999999716e+01
9.859999999999999432e+01
9.879999963378905647e+01
9.859999999999999432e+01
9.879999963378905647e+01
