1.000000000000000000e+00
1.619999992370605568e+01
3.259999981689453108e+01
2.999999984741210923e+01
3.259999987792969023e+01
8.999999977111816207e+00
1.199999992370605462e+01
2.379999996948242114e+01
1.459999994659423805e+01
6.599999977111816740e+00
2.960000000000000142e+01
2.519999984741210852e+01
3.359999972534179591e+01
2.419999999999999929e+01
2.539999993896484298e+01
3.119999987792968810e+01
5.979999978637695079e+01
1.379999994659423912e+01
3.959999984741210710e+01
3.199999978637695364e+01
5.839999978637695222e+01
6.000000003051757602e+01
8.999999946594238409e+00
2.719999975585937335e+01
4.819999972534179733e+01
5.539999981689452824e+01
7.679999963378905647e+01
5.779999975585937477e+01
2.300000000000000000e+01
7.819999951171874386e+01
5.759999978637695506e+01
9.039999969482421704e+01
5.899999993896484085e+01
7.080000012207031546e+01
2.739999984741210781e+01
6.639999975585936909e+01
4.619999975585937335e+01
7.399999957275390727e+01
5.299999975585937761e+01
3.739999981689452824e+01
3.620000006103515489e+01
4.239999972534180017e+01
3.599999981689452966e+01
5.659999996948242540e+01
6.179999981689453392e+01
6.719999987792968454e+01
4.420000003051757886e+01
8.859999975585937193e+01
9.420000012207030693e+01
4.740000006103515773e+01
7.139999993896483943e+01
5.979999999999999716e+01
4.520000000000000284e+01
9.119999975585938046e+01
7.859999987792969023e+01
6.799999951171875523e+01
6.659999975585937193e+01
6.899999963378905932e+01
2.419999990844726412e+01
6.299999996948242398e+01
4.539999972534180017e+01
7.119999969482421420e+01
7.119999969482421420e+01
3.559999987792969023e+01
3.139999984741210781e+01
6.019999978637695648e+01
6.339999978637695222e+01
6.059999978637695506e+01
6.479999984741210994e+01
8.279999938964843409e+01
8.739999981689453534e+01
7.340000006103515773e+01
5.499999981689452966e+01
5.699999978637695364e+01
7.560000012207031261e+01
5.960000000000000142e+01
5.479999969482421562e+01
4.099999981689452966e+01
8.539999951171874670e+01
6.259999969482421989e+01
7.419999963378906216e+01
4.900000003051757602e+01
8.879999945068360034e+01
9.139999969482421704e+01
7.179999957275390443e+01
7.779999938964843409e+01
8.799999938964843693e+01
8.719999981689453250e+01
9.279999963378905647e+01
8.859999969482421989e+01
9.260000012207031261e+01
7.559999999999999432e+01
8.059999957275390159e+01
8.319999938964843977e+01
8.819999975585938046e+01
6.939999975585936909e+01
8.159999987792969023e+01
8.999999981689452966e+01
8.879999969482422273e+01
9.079999969482422273e+01
8.799999938964843693e+01
7.660000006103516057e+01
8.919999981689453250e+01
8.439999951171874670e+01
9.439999963378906500e+01
9.140000012207030977e+01
9.359999969482421989e+01
8.480000012207031546e+01
9.540000000000000568e+01
9.699999963378905932e+01
9.699999969482422557e+01
9.779999999999999716e+01
9.679999969482422273e+01
9.779999963378905647e+01
9.759999999999999432e+01
9.739999969482421704e+01
9.700000000000000000e+01
9.759999999999999432e+01
9.779999999999999716e+01
9.720000006103515489e+01
9.719999975585938046e+01
9.680000006103514920e+01
9.739999963378906500e+01
9.759999963378906784e+01
9.899999963378905932e+01
9.840000000000000568e+01
9.840000006103515773e+01
9.840000006103515773e+01
9.879999999999999716e+01
9.880000006103514920e+01
9.899999963378905932e+01
9.859999999999999432e+01
9.899999963378905932e+01
9.920000000000000284e+01
9.859999963378906784e+01
9.900000000000000000e+01
9.879999999999999716e+01
9.879999999999999716e+01
9.859999999999999432e+01
9.940000000000000568e+01
9.940000000000000568e+01
9.859999999999999432e+01
9.859999963378906784e+01
9.919999963378906216e+01
9.820000006103515489e+01
9.900000000000000000e+01
9.859999963378906784e+01
9.939999963378906500e+01
9.900000000000000000e+01
9.879999999999999716e+01
9.859999999999999432e+01
9.900000000000000000e+01
9.799999963378905932e+01
9.799999963378905932e+01
9.779999963378905647e+01
9.840000000000000568e+01
9.839999963378906500e+01
9.800000000000000000e+01
9.799999963378905932e+01
9.859999999999999432e+01
9.860000006103516057e+01
9.899999963378905932e+01
9.920000000000000284e+01
9.919999963378906216e+01
9.940000000000000568e+01
9.959999999999999432e+01
9.940000000000000568e+01
9.920000000000000284e+01
9.939999963378906500e+01
9.940000000000000568e+01
9.919999963378906216e+01
9.940000000000000568e+01
9.939999963378906500e+01
9.840000006103515773e+01
9.839999963378906500e+01
9.859999963378906784e+01
9.859999963378906784e+01
9.779999969482422273e+01
9.900000000000000000e+01
9.859999963378906784e+01
9.859999969482421989e+01
9.899999963378905932e+01
9.879999963378905647e+01
9.879999963378905647e+01
9.879999999999999716e+01
9.879999963378905647e+01
9.879999963378905647e+01
9.879999999999999716e+01
9.879999999999999716e+01
9.899999963378905932e+01
9.879999999999999716e+01
9.879999963378905647e+01
9.879999963378905647e+01
9.880000006103514920e+01
9.880000006103514920e+01
9.899999969482422557e+01
9.859999963378906784e+01
9.879999999999999716e+01
9.879999999999999716e+01
9.879999999999999716e+01
