7.799999946594238232e+00
1.260000001525878943e+01
2.000000000000000111e-01
2.980000003051757673e+01
7.999999984741211101e+00
1.499999998474121021e+01
8.600000015258789432e+00
4.999999994277954052e+00
6.699999975585937761e+01
8.199999977111817273e+00
4.199999994277954229e+00
1.019999994659423770e+01
5.179999987792968597e+01
1.019999994659423770e+01
2.359999986267089866e+01
2.319999999999999929e+01
9.800000015258788721e+00
2.899999993896484440e+01
1.219999992370605391e+01
7.399999988555908459e+00
2.379999989318847753e+01
4.539999993896484654e+01
4.239999972534180017e+01
2.639999987792968739e+01
2.219999999999999929e+01
2.939999984741210781e+01
6.379999999999999716e+01
4.919999996948241971e+01
1.739999995422363455e+01
5.080000006103515631e+01
6.519999975585938046e+01
3.819999975585937335e+01
3.019999990844726412e+01
3.519999993896484369e+01
3.699999972534179449e+01
6.939999957275391296e+01
5.079999984741210994e+01
7.579999981689452682e+01
6.439999984741210426e+01
5.259999975585937193e+01
1.279999995422363313e+01
7.219999963378906216e+01
5.539999978637695222e+01
5.679999975585937477e+01
4.459999975585937193e+01
3.439999981689452824e+01
4.999999996948242398e+01
4.739999981689452824e+01
6.939999951171874670e+01
3.259999984741210710e+01
8.119999951171874386e+01
4.720000006103515489e+01
3.439999990844726341e+01
4.420000000000000284e+01
6.699999978637694653e+01
7.279999999999999716e+01
4.479999984741210994e+01
6.640000000000000568e+01
6.200000006103515915e+01
8.039999975585936909e+01
6.140000003051757460e+01
6.139999984741211136e+01
4.999999972534179449e+01
1.479999995422363313e+01
4.479999987792968597e+01
6.279999975585937477e+01
4.379999969482421562e+01
6.099999981689452966e+01
6.219999975585937335e+01
3.439999993896484654e+01
9.000000007629394005e+00
7.420000006103515489e+01
3.319999993896484369e+01
7.000000006103515204e+01
7.999999951171875523e+01
5.239999990844726341e+01
7.979999969482422273e+01
8.219999987792968454e+01
5.139999969482421704e+01
6.019999990844726767e+01
5.379999987792968597e+01
6.759999969482421989e+01
7.400000012207031830e+01
8.219999945068359182e+01
7.719999938964843977e+01
8.659999938964843125e+01
6.739999975585936909e+01
6.599999987792968170e+01
7.420000012207030693e+01
7.060000006103516057e+01
3.839999978637695222e+01
7.700000012207031830e+01
7.339999981689453534e+01
8.459999987792969023e+01
5.360000000000000142e+01
8.059999957275390159e+01
8.619999938964843977e+01
6.059999981689453108e+01
3.720000006103515489e+01
8.559999938964843125e+01
9.140000012207030977e+01
9.199999975585937761e+01
9.759999969482421989e+01
9.519999963378906216e+01
9.499999963378905932e+01
9.779999963378905647e+01
9.640000006103515773e+01
9.679999963378905647e+01
9.359999963378906784e+01
9.539999969482421704e+01
9.679999963378905647e+01
9.420000012207030693e+01
9.579999963378905647e+01
9.520000006103515489e+01
9.579999969482422273e+01
9.379999969482422273e+01
9.499999969482422557e+01
9.540000012207030977e+01
9.460000006103516057e+01
9.399999963378905932e+01
9.740000000000000568e+01
9.419999938964843977e+01
9.599999969482422557e+01
9.619999963378906216e+01
9.679999963378905647e+01
9.740000006103515773e+01
9.699999963378905932e+01
9.720000000000000284e+01
9.700000012207031830e+01
9.579999963378905647e+01
9.679999969482422273e+01
9.699999963378905932e+01
9.460000006103516057e+01
9.440000012207030977e+01
9.719999963378906216e+01
9.679999963378905647e+01
9.680000006103514920e+01
9.759999963378906784e+01
9.779999963378905647e+01
9.760000006103516057e+01
9.639999963378906500e+01
9.559999963378906784e+01
9.739999969482421704e+01
9.759999963378906784e+01
9.720000000000000284e+01
9.700000006103515204e+01
9.600000012207031830e+01
9.739999963378906500e+01
9.759999963378906784e+01
9.659999999999999432e+01
9.720000000000000284e+01
9.659999963378906784e+01
9.560000006103516057e+01
9.720000012207030693e+01
9.759999963378906784e+01
9.779999999999999716e+01
9.759999969482421989e+01
9.819999963378906216e+01
9.799999963378905932e+01
9.759999963378906784e+01
9.859999963378906784e+01
9.879999963378905647e+01
9.920000000000000284e+01
9.760000006103516057e+01
9.839999963378906500e+01
9.819999969482421420e+01
9.759999963378906784e+01
9.759999963378906784e+01
9.780000006103514920e+01
9.699999963378905932e+01
9.760000006103516057e+01
9.699999969482422557e+01
9.740000006103515773e+01
9.739999963378906500e+01
9.739999969482421704e+01
9.780000006103514920e+01
9.780000006103514920e+01
9.639999963378906500e+01
9.739999963378906500e+01
9.740000006103515773e+01
9.720000012207030693e+01
9.800000000000000000e+01
9.759999999999999432e+01
9.779999963378905647e+01
9.700000006103515204e+01
9.760000006103516057e+01
9.739999963378906500e+01
9.739999969482421704e+01
9.759999999999999432e+01
9.739999975585936909e+01
9.719999963378906216e+01
9.719999969482421420e+01
9.740000006103515773e+01
9.739999963378906500e+01
9.739999963378906500e+01
9.720000006103515489e+01
9.759999963378906784e+01
9.720000000000000284e+01
9.759999963378906784e+01
9.759999999999999432e+01
