4.000000000000000222e-01
5.200000007629394183e+00
1.059999989318847646e+01
4.799999994277953874e+00
3.519999993896484369e+01
2.800000003051757957e+01
2.500000003051757957e+01
3.259999987792969023e+01
1.160000000762939365e+01
1.459999989318847646e+01
1.299999998474121021e+01
3.999999975585937761e+01
2.260000000000000142e+01
1.599999989318847682e+01
1.260000001525878943e+01
3.519999987792968454e+01
1.579999994659423912e+01
1.359999998474121163e+01
6.240000012207030977e+01
7.059999969482421989e+01
5.600000006103515915e+01
3.499999969482421847e+01
2.419999989318847611e+01
1.919999998474121128e+01
1.639999995422363455e+01
4.379999999999999716e+01
7.259999963378906784e+01
2.379999986267089795e+01
2.479999986267089795e+01
3.200000000000000000e+01
7.839999951171874670e+01
4.619999996948241971e+01
4.759999969482421989e+01
2.400000000000000000e+01
6.719999987792968454e+01
5.579999993896484511e+01
1.019999994659423770e+01
4.219999975585937335e+01
1.339999998474121057e+01
6.119999978637695648e+01
1.479999992370605533e+01
2.759999990844726625e+01
1.199999998474121021e+01
1.999999995422363241e+01
3.799999990844726483e+01
6.679999996948242824e+01
6.519999981689453250e+01
4.599999975585937761e+01
4.420000006103515489e+01
4.259999975585937193e+01
4.819999996948241971e+01
2.539999990844726696e+01
4.959999993896484227e+01
4.679999975585937477e+01
7.319999957275391012e+01
4.959999993896484227e+01
6.079999990844726909e+01
4.580000006103515631e+01
6.459999981689453818e+01
3.419999990844726767e+01
4.060000003051757744e+01
4.059999984741210710e+01
5.239999990844726341e+01
3.500000000000000000e+01
3.899999984741211279e+01
4.340000006103515773e+01
9.199999977111817273e+00
4.879999996948242114e+01
7.359999993896484227e+01
5.739999990844726341e+01
5.479999999999999716e+01
2.899999996948242043e+01
4.939999972534180017e+01
5.879999996948242114e+01
6.559999975585937193e+01
7.139999951171874670e+01
3.679999972534179875e+01
2.939999996948242256e+01
5.099999987792968881e+01
5.039999990844726341e+01
2.679999989318847753e+01
8.239999987792968739e+01
9.320000012207030693e+01
9.579999969482422273e+01
9.639999969482421704e+01
9.579999963378905647e+01
9.779999963378905647e+01
9.740000000000000568e+01
9.779999963378905647e+01
9.499999969482422557e+01
9.460000012207031261e+01
9.640000006103515773e+01
9.559999963378906784e+01
9.499999969482422557e+01
9.539999969482421704e+01
9.579999963378905647e+01
9.699999963378905932e+01
9.799999963378905932e+01
9.539999938964844262e+01
9.519999975585938046e+01
9.479999975585937477e+01
9.700000006103515204e+01
9.599999963378905932e+01
9.339999938964844262e+01
9.659999969482421989e+01
9.860000006103516057e+01
9.740000000000000568e+01
9.479999963378905647e+01
9.700000006103515204e+01
9.579999963378905647e+01
9.679999969482422273e+01
9.760000006103516057e+01
9.259999975585937193e+01
9.640000006103515773e+01
9.799999963378905932e+01
9.379999975585937477e+01
9.539999969482421704e+01
9.720000006103515489e+01
9.460000012207031261e+01
9.660000006103516057e+01
9.299999969482422557e+01
9.679999963378905647e+01
9.800000000000000000e+01
9.859999963378906784e+01
9.899999963378905932e+01
9.900000000000000000e+01
9.900000000000000000e+01
9.879999999999999716e+01
9.920000000000000284e+01
9.920000000000000284e+01
9.819999963378906216e+01
9.899999963378905932e+01
9.919999963378906216e+01
9.919999963378906216e+01
9.879999999999999716e+01
9.879999999999999716e+01
9.879999999999999716e+01
9.879999999999999716e+01
9.859999963378906784e+01
9.779999963378905647e+01
9.840000006103515773e+01
9.819999963378906216e+01
9.859999963378906784e+01
9.839999963378906500e+01
9.859999963378906784e+01
9.859999963378906784e+01
9.859999963378906784e+01
9.879999963378905647e+01
9.859999999999999432e+01
9.859999963378906784e+01
9.859999999999999432e+01
9.859999999999999432e+01
9.839999969482421704e+01
9.859999963378906784e+01
9.840000000000000568e+01
9.859999963378906784e+01
9.840000000000000568e+01
9.859999963378906784e+01
9.840000000000000568e+01
9.840000000000000568e+01
9.800000012207031830e+01
9.800000006103515204e+01
9.859999963378906784e+01
9.859999963378906784e+01
9.859999999999999432e+01
9.840000006103515773e+01
9.839999963378906500e+01
9.879999999999999716e+01
9.860000006103516057e+01
9.860000006103516057e+01
9.859999963378906784e+01
9.900000000000000000e+01
9.860000006103516057e+01
9.840000000000000568e+01
9.859999963378906784e+01
9.859999963378906784e+01
9.859999963378906784e+01
9.819999963378906216e+01
9.800000006103515204e+01
9.820000000000000284e+01
9.840000000000000568e+01
9.859999963378906784e+01
9.879999963378905647e+01
9.859999963378906784e+01
9.819999963378906216e+01
9.860000006103516057e+01
9.840000000000000568e+01
9.839999963378906500e+01
9.840000000000000568e+01
9.820000000000000284e+01
9.859999963378906784e+01
9.899999963378905932e+01
9.879999963378905647e+01
9.860000006103516057e+01
9.839999963378906500e+01
9.840000000000000568e+01
9.840000000000000568e+01
9.839999969482421704e+01
9.859999999999999432e+01
9.859999999999999432e+01
