1.060000000762939365e+01
2.939999984741210781e+01
2.259999996948242185e+01
9.999999977111816207e+00
3.279999993896484511e+01
3.439999993896484654e+01
1.339999986267089760e+01
2.459999990844726625e+01
2.459999990844726625e+01
2.879999989318847753e+01
5.020000000000000284e+01
3.439999990844726341e+01
5.659999978637695506e+01
4.840000003051757460e+01
5.040000006103515773e+01
1.760000003051757744e+01
3.879999978637695079e+01
8.799999994277953874e+00
5.659999993896484227e+01
6.659999987792969023e+01
3.399999996948242398e+01
2.080000003051757673e+01
3.439999987792968739e+01
3.599999990844726483e+01
3.439999978637695222e+01
6.619999975585938046e+01
3.539999984741211136e+01
4.799999981689452966e+01
4.159999996948242540e+01
4.339999978637695222e+01
6.679999978637695790e+01
7.059999969482421989e+01
3.239999978637695222e+01
6.279999978637695079e+01
2.259999981689453108e+01
3.919999981689453250e+01
4.880000006103515631e+01
3.159999996948242185e+01
2.739999990844726696e+01
5.719999987792968454e+01
5.979999993896484511e+01
3.539999972534180017e+01
3.819999990844726767e+01
4.320000003051757886e+01
5.460000006103515346e+01
2.879999981689453037e+01
5.419999990844726767e+01
5.999999996948242398e+01
7.439999963378906500e+01
5.139999990844726341e+01
5.579999969482421562e+01
3.779999984741210994e+01
5.519999990844726767e+01
2.619999996948242327e+01
6.339999978637695222e+01
6.059999987792969023e+01
3.919999969482422131e+01
3.339999996948242256e+01
6.279999978637695079e+01
4.319999972534179733e+01
6.740000012207030977e+01
5.659999972534179591e+01
5.879999978637695079e+01
7.320000006103515489e+01
5.639999990844726341e+01
6.439999969482421704e+01
6.599999957275390727e+01
4.019999984741210852e+01
1.439999994659423876e+01
8.600000007629393650e+00
6.239999987792968739e+01
4.779999996948242114e+01
4.120000000000000284e+01
7.299999938964843693e+01
3.719999981689453250e+01
3.179999975585937477e+01
4.039999972534180017e+01
8.279999957275390443e+01
8.139999993896483943e+01
2.899999996948242043e+01
5.720000003051757886e+01
3.519999984741210852e+01
7.339999969482421704e+01
9.320000012207030693e+01
9.460000006103516057e+01
9.400000012207031830e+01
9.700000000000000000e+01
9.679999963378905647e+01
9.600000006103515204e+01
9.639999963378906500e+01
9.579999975585937477e+01
9.479999969482422273e+01
9.600000000000000000e+01
9.539999969482421704e+01
9.439999969482421704e+01
9.520000012207030693e+01
9.620000012207030693e+01
9.719999969482421420e+01
9.699999975585937761e+01
9.480000006103514920e+01
9.439999969482421704e+01
9.599999963378905932e+01
9.720000000000000284e+01
9.580000006103514920e+01
9.299999969482422557e+01
9.540000012207030977e+01
9.640000006103515773e+01
9.719999963378906216e+01
9.679999999999999716e+01
9.700000006103515204e+01
9.480000006103514920e+01
9.660000012207031261e+01
9.620000006103515489e+01
9.399999938964843693e+01
9.659999963378906784e+01
9.760000006103516057e+01
9.539999969482421704e+01
9.399999969482422557e+01
9.639999969482421704e+01
9.459999999999999432e+01
9.560000012207031261e+01
9.359999969482421989e+01
9.339999969482421704e+01
9.699999963378905932e+01
9.840000000000000568e+01
9.860000006103516057e+01
9.900000000000000000e+01
9.859999963378906784e+01
9.840000006103515773e+01
9.839999963378906500e+01
9.879999963378905647e+01
9.819999963378906216e+01
9.840000000000000568e+01
9.859999999999999432e+01
9.819999963378906216e+01
9.779999963378905647e+01
9.779999999999999716e+01
9.799999963378905932e+01
9.760000006103516057e+01
9.799999963378905932e+01
9.759999963378906784e+01
9.739999963378906500e+01
9.779999999999999716e+01
9.740000000000000568e+01
9.759999969482421989e+01
9.759999963378906784e+01
9.739999963378906500e+01
9.759999963378906784e+01
9.799999963378905932e+01
9.759999963378906784e+01
9.780000006103514920e+01
9.779999999999999716e+01
9.759999999999999432e+01
9.759999969482421989e+01
9.759999963378906784e+01
9.760000006103516057e+01
9.760000006103516057e+01
9.740000006103515773e+01
9.779999999999999716e+01
9.760000006103516057e+01
9.740000000000000568e+01
9.740000000000000568e+01
9.720000000000000284e+01
9.780000006103514920e+01
9.719999963378906216e+01
9.740000000000000568e+01
9.780000006103514920e+01
9.739999963378906500e+01
9.799999963378905932e+01
9.759999963378906784e+01
9.799999963378905932e+01
9.779999969482422273e+01
9.760000012207031261e+01
9.739999963378906500e+01
9.759999963378906784e+01
9.759999999999999432e+01
9.740000000000000568e+01
9.780000006103514920e+01
9.740000000000000568e+01
9.740000000000000568e+01
9.739999963378906500e+01
9.720000006103515489e+01
9.740000000000000568e+01
9.819999963378906216e+01
9.739999969482421704e+01
9.759999969482421989e+01
9.719999963378906216e+01
9.719999969482421420e+01
9.720000006103515489e+01
9.739999963378906500e+01
9.759999963378906784e+01
9.759999963378906784e+01
9.759999969482421989e+01
9.760000006103516057e+01
9.859999999999999432e+01
9.759999963378906784e+01
9.759999963378906784e+01
9.720000000000000284e+01
9.700000000000000000e+01
9.759999963378906784e+01
