4.200000007629394183e+00
2.800000007629394716e+00
2.920000003051757886e+01
4.940000006103515773e+01
6.399999988555908459e+00
3.599999988555908192e+00
3.419999972534179733e+01
2.959999996948242185e+01
2.559999990844726625e+01
3.439999990844726341e+01
3.739999981689452824e+01
8.200000007629395071e+00
2.160000003051757744e+01
6.419999990844726767e+01
4.700000006103515915e+01
2.159999990844726625e+01
3.879999990844726909e+01
1.299999998474121021e+01
3.879999981689453392e+01
3.859999972534179591e+01
3.559999981689453108e+01
5.260000006103515346e+01
5.839999996948242256e+01
4.680000006103515631e+01
5.479999993896484511e+01
7.119999957275391012e+01
6.639999978637695222e+01
3.439999978637695222e+01
4.139999981689452824e+01
3.459999984741210710e+01
4.559999981689453108e+01
3.719999972534179733e+01
5.459999984741210710e+01
3.559999996948242540e+01
4.399999996948242398e+01
6.600000012207031830e+01
6.639999981689453534e+01
4.600000006103515915e+01
5.620000003051757886e+01
4.999999993896484085e+01
5.160000000000000142e+01
6.540000006103515773e+01
6.659999975585937193e+01
6.359999981689453108e+01
7.099999975585937761e+01
3.219999984741210852e+01
6.340000006103515773e+01
3.559999993896484227e+01
7.899999957275390727e+01
6.079999981689453392e+01
4.779999999999999716e+01
7.000000012207031830e+01
6.759999993896484227e+01
3.619999978637695648e+01
7.279999963378905647e+01
7.740000000000000568e+01
6.819999996948241971e+01
4.920000000000000284e+01
8.019999993896485080e+01
9.280000012207031546e+01
8.600000012207031830e+01
6.039999990844726341e+01
6.579999975585937477e+01
6.399999987792968881e+01
8.559999945068359750e+01
1.259999995422363206e+01
9.099999975585937761e+01
9.199999963378905932e+01
9.119999981689453250e+01
7.519999969482421420e+01
9.319999969482421420e+01
8.959999975585937193e+01
7.540000000000000568e+01
6.600000006103515204e+01
8.779999981689452682e+01
9.020000006103515489e+01
9.780000006103514920e+01
4.979999972534179875e+01
7.479999957275390443e+01
7.759999999999999432e+01
5.640000012207030977e+01
9.240000006103515773e+01
9.600000012207031830e+01
9.499999969482422557e+01
9.580000006103514920e+01
9.619999969482421420e+01
9.579999938964843409e+01
9.699999963378905932e+01
9.620000006103515489e+01
9.500000012207031830e+01
9.540000006103515773e+01
9.459999981689453818e+01
9.459999963378906784e+01
9.520000006103515489e+01
9.280000012207031546e+01
9.459999969482421989e+01
9.520000006103515489e+01
9.640000000000000568e+01
9.659999969482421989e+01
9.759999999999999432e+01
9.580000012207031546e+01
9.819999963378906216e+01
9.839999969482421704e+01
9.660000006103516057e+01
9.699999963378905932e+01
9.379999938964843409e+01
9.619999963378906216e+01
9.619999969482421420e+01
9.520000006103515489e+01
9.639999963378906500e+01
9.800000006103515204e+01
9.739999963378906500e+01
9.660000012207031261e+01
9.660000006103516057e+01
9.800000000000000000e+01
9.280000006103514920e+01
9.739999963378906500e+01
9.659999963378906784e+01
9.759999999999999432e+01
9.719999963378906216e+01
9.680000006103514920e+01
9.639999963378906500e+01
9.759999963378906784e+01
9.920000000000000284e+01
9.940000000000000568e+01
9.859999999999999432e+01
9.859999999999999432e+01
9.920000000000000284e+01
9.780000006103514920e+01
9.800000000000000000e+01
9.760000006103516057e+01
9.640000006103515773e+01
9.679999999999999716e+01
9.720000000000000284e+01
9.680000012207031546e+01
9.700000000000000000e+01
9.699999963378905932e+01
9.679999963378905647e+01
9.740000006103515773e+01
9.660000006103516057e+01
9.680000006103514920e+01
9.660000006103516057e+01
9.659999963378906784e+01
9.740000006103515773e+01
9.619999969482421420e+01
9.679999999999999716e+01
9.700000000000000000e+01
9.659999999999999432e+01
9.720000012207030693e+01
9.680000006103514920e+01
9.680000012207031546e+01
9.579999963378905647e+01
9.620000006103515489e+01
9.720000006103515489e+01
9.720000006103515489e+01
9.700000000000000000e+01
9.720000006103515489e+01
9.679999963378905647e+01
9.720000006103515489e+01
9.639999975585936909e+01
9.719999969482421420e+01
9.660000006103516057e+01
9.679999963378905647e+01
9.660000006103516057e+01
9.679999963378905647e+01
9.640000000000000568e+01
9.659999999999999432e+01
9.639999963378906500e+01
9.720000006103515489e+01
9.679999963378905647e+01
9.719999969482421420e+01
9.679999969482422273e+01
9.760000012207031261e+01
9.699999969482422557e+01
9.720000006103515489e+01
9.740000006103515773e+01
9.659999963378906784e+01
9.680000006103514920e+01
9.640000006103515773e+01
9.759999963378906784e+01
9.659999999999999432e+01
9.679999963378905647e+01
9.619999963378906216e+01
9.619999969482421420e+01
9.739999963378906500e+01
9.659999963378906784e+01
9.700000006103515204e+01
9.719999963378906216e+01
9.699999969482422557e+01
9.680000006103514920e+01
9.700000000000000000e+01
9.639999969482421704e+01
9.700000006103515204e+01
9.659999963378906784e+01
9.680000006103514920e+01
9.740000006103515773e+01
9.679999999999999716e+01
9.659999963378906784e+01
9.700000006103515204e+01
9.700000000000000000e+01
