2.659999989318847824e+01
1.100000001525878979e+01
4.039999978637695222e+01
3.779999969482421562e+01
1.520000000762939507e+01
5.820000000000000284e+01
9.219999987792968454e+01
6.439999981689453534e+01
8.939999981689453534e+01
8.539999981689453534e+01
5.159999981689453108e+01
1.859999992370605426e+01
7.799999951171875523e+01
7.639999951171874670e+01
8.619999938964843977e+01
9.620000000000000284e+01
7.599999951171875523e+01
7.399999945068358898e+01
6.340000006103515773e+01
9.700000006103515204e+01
9.599999963378905932e+01
8.939999969482421704e+01
3.519999981689453250e+01
8.459999969482421989e+01
9.819999963378906216e+01
9.379999963378905647e+01
9.820000000000000284e+01
8.579999938964843409e+01
8.879999975585937477e+01
9.279999975585937477e+01
8.239999987792968739e+01
7.479999993896484511e+01
8.960000012207031261e+01
9.239999969482421704e+01
8.619999981689453250e+01
8.479999981689452682e+01
9.680000006103514920e+01
9.279999963378905647e+01
8.599999981689452966e+01
9.620000012207030693e+01
9.840000000000000568e+01
5.620000006103515489e+01
9.099999981689452966e+01
9.900000000000000000e+01
9.179999945068360034e+01
9.500000000000000000e+01
9.639999969482421704e+01
8.599999951171875523e+01
7.399999993896484796e+01
9.439999969482421704e+01
9.320000012207030693e+01
8.840000012207030977e+01
8.539999987792968739e+01
9.799999969482422557e+01
9.619999963378906216e+01
9.559999969482421989e+01
8.879999945068360034e+01
4.999999975585937761e+01
9.940000000000000568e+01
9.440000006103515773e+01
9.140000006103515773e+01
9.420000012207030693e+01
7.859999993896484227e+01
9.599999975585937761e+01
4.560000000000000142e+01
9.679999963378905647e+01
9.799999963378905932e+01
7.580000006103514920e+01
7.119999969482421420e+01
7.820000000000000284e+01
9.559999963378906784e+01
8.099999951171875523e+01
9.720000012207030693e+01
6.819999978637694937e+01
9.439999969482421704e+01
9.620000006103515489e+01
9.920000000000000284e+01
8.859999975585937193e+01
6.279999993896484511e+01
6.240000006103515773e+01
8.899999945068358898e+01
9.560000006103516057e+01
9.420000012207030693e+01
9.840000000000000568e+01
9.679999963378905647e+01
9.819999963378906216e+01
9.539999969482421704e+01
9.839999963378906500e+01
9.979999999999999716e+01
1.000000000000000000e+02
9.959999999999999432e+01
9.900000000000000000e+01
9.979999999999999716e+01
9.920000000000000284e+01
9.900000000000000000e+01
9.900000006103515204e+01
9.899999963378905932e+01
9.900000000000000000e+01
9.840000000000000568e+01
9.879999999999999716e+01
9.919999963378906216e+01
9.879999999999999716e+01
9.940000000000000568e+01
9.859999963378906784e+01
9.860000006103516057e+01
9.919999963378906216e+01
9.920000000000000284e+01
9.920000000000000284e+01
9.920000000000000284e+01
9.900000000000000000e+01
9.900000000000000000e+01
9.900000000000000000e+01
9.779999963378905647e+01
9.899999963378905932e+01
9.879999999999999716e+01
9.779999969482422273e+01
9.859999963378906784e+01
9.799999963378905932e+01
9.779999999999999716e+01
9.859999963378906784e+01
9.900000000000000000e+01
9.919999963378906216e+01
9.859999999999999432e+01
9.900000000000000000e+01
9.920000000000000284e+01
9.959999999999999432e+01
9.900000000000000000e+01
9.959999999999999432e+01
9.979999999999999716e+01
9.940000000000000568e+01
9.940000000000000568e+01
9.899999963378905932e+01
9.959999999999999432e+01
9.940000000000000568e+01
9.859999999999999432e+01
9.920000000000000284e+01
9.920000000000000284e+01
9.899999963378905932e+01
9.959999999999999432e+01
9.900000000000000000e+01
9.940000000000000568e+01
9.920000000000000284e+01
9.880000006103514920e+01
9.879999999999999716e+01
9.879999963378905647e+01
9.859999963378906784e+01
9.859999999999999432e+01
9.879999963378905647e+01
9.879999999999999716e+01
9.879999999999999716e+01
9.879999999999999716e+01
9.859999999999999432e+01
9.879999963378905647e+01
9.839999963378906500e+01
9.860000006103516057e+01
9.859999999999999432e+01
9.859999963378906784e+01
9.859999999999999432e+01
9.860000006103516057e+01
9.879999963378905647e+01
9.859999999999999432e+01
9.879999999999999716e+01
9.879999963378905647e+01
9.899999963378905932e+01
9.879999999999999716e+01
9.879999999999999716e+01
9.859999963378906784e+01
9.879999999999999716e+01
9.879999999999999716e+01
9.840000000000000568e+01
9.859999999999999432e+01
9.859999999999999432e+01
9.859999963378906784e+01
9.859999963378906784e+01
9.839999963378906500e+01
9.840000000000000568e+01
9.879999999999999716e+01
9.879999963378905647e+01
9.879999999999999716e+01
9.879999999999999716e+01
9.880000006103514920e+01
9.879999999999999716e+01
9.900000000000000000e+01
9.879999999999999716e+01
9.879999999999999716e+01
9.840000006103515773e+01
9.879999963378905647e+01
9.879999999999999716e+01
9.859999999999999432e+01
9.879999963378905647e+01
9.899999963378905932e+01
9.879999999999999716e+01
9.859999999999999432e+01
9.879999963378905647e+01
9.879999963378905647e+01
9.879999963378905647e+01
9.859999963378906784e+01
9.879999999999999716e+01
9.840000000000000568e+01
9.879999999999999716e+01
