5.399999996948242398e+01
6.680000012207031546e+01
4.660000000000000142e+01
9.239999963378906500e+01
8.139999987792968739e+01
8.259999981689453818e+01
8.400000000000000000e+01
9.479999963378905647e+01
9.000000012207031830e+01
9.000000012207031830e+01
7.879999963378905647e+01
8.700000006103515204e+01
9.179999938964843409e+01
9.199999981689452966e+01
9.819999963378906216e+01
9.059999951171874955e+01
8.719999938964843977e+01
8.179999981689452682e+01
8.820000012207030693e+01
9.259999945068359750e+01
8.479999951171875239e+01
9.480000006103514920e+01
8.560000012207031261e+01
7.439999993896483943e+01
8.479999981689452682e+01
9.900000000000000000e+01
7.539999957275391296e+01
9.939999963378906500e+01
9.920000000000000284e+01
9.700000006103515204e+01
8.699999981689452966e+01
9.900000000000000000e+01
9.179999938964843409e+01
9.039999975585936909e+01
9.940000000000000568e+01
9.240000012207030977e+01
9.959999963378906784e+01
9.960000006103516057e+01
9.899999963378905932e+01
9.239999969482421704e+01
9.879999963378905647e+01
9.859999963378906784e+01
9.380000006103514920e+01
9.820000006103515489e+01
8.540000000000000568e+01
9.540000006103515773e+01
9.940000000000000568e+01
9.720000000000000284e+01
9.160000006103516057e+01
9.499999969482422557e+01
8.619999938964843977e+01
9.400000000000000000e+01
9.680000006103514920e+01
9.920000000000000284e+01
9.940000000000000568e+01
9.320000006103515489e+01
9.899999963378905932e+01
9.339999945068359466e+01
9.079999969482422273e+01
9.920000000000000284e+01
9.940000000000000568e+01
9.939999963378906500e+01
9.959999999999999432e+01
9.979999999999999716e+01
9.959999999999999432e+01
9.959999999999999432e+01
9.900000000000000000e+01
9.880000006103514920e+01
9.879999999999999716e+01
9.979999999999999716e+01
9.740000000000000568e+01
9.600000006103515204e+01
9.979999999999999716e+01
9.820000000000000284e+01
9.779999963378905647e+01
9.819999963378906216e+01
9.879999999999999716e+01
9.820000006103515489e+01
9.900000000000000000e+01
9.960000006103516057e+01
9.979999999999999716e+01
9.859999963378906784e+01
9.419999963378906216e+01
9.419999963378906216e+01
9.259999969482421989e+01
9.520000006103515489e+01
9.659999969482421989e+01
9.520000006103515489e+01
9.640000000000000568e+01
9.620000006103515489e+01
9.759999963378906784e+01
9.800000000000000000e+01
9.579999963378905647e+01
9.439999981689453534e+01
9.740000012207030977e+01
9.680000006103514920e+01
9.740000006103515773e+01
9.600000006103515204e+01
9.679999963378905647e+01
9.699999963378905932e+01
9.579999963378905647e+01
9.659999999999999432e+01
9.759999963378906784e+01
9.719999963378906216e+01
9.760000006103516057e+01
9.819999969482421420e+01
9.559999963378906784e+01
9.740000000000000568e+01
9.679999999999999716e+01
9.660000006103516057e+01
9.680000006103514920e+01
9.859999963378906784e+01
9.719999963378906216e+01
9.700000000000000000e+01
9.719999963378906216e+01
9.780000006103514920e+01
9.899999963378905932e+01
9.759999999999999432e+01
9.840000000000000568e+01
9.919999963378906216e+01
9.900000000000000000e+01
9.800000000000000000e+01
9.759999999999999432e+01
9.640000012207030977e+01
9.660000012207031261e+01
9.619999969482421420e+01
9.479999975585937477e+01
9.520000006103515489e+01
9.520000000000000284e+01
9.600000000000000000e+01
9.619999963378906216e+01
9.599999975585937761e+01
9.459999975585937193e+01
9.459999999999999432e+01
9.619999969482421420e+01
9.599999969482422557e+01
9.559999975585937193e+01
9.600000006103515204e+01
9.600000000000000000e+01
9.480000006103514920e+01
9.599999963378905932e+01
9.579999963378905647e+01
9.620000006103515489e+01
9.599999963378905932e+01
9.580000006103514920e+01
9.539999963378906500e+01
9.619999969482421420e+01
9.560000006103516057e+01
9.559999963378906784e+01
9.580000006103514920e+01
9.600000006103515204e+01
9.600000000000000000e+01
9.539999975585936909e+01
9.600000006103515204e+01
9.620000012207030693e+01
9.600000006103515204e+01
9.579999999999999716e+01
9.600000006103515204e+01
9.580000006103514920e+01
9.579999999999999716e+01
9.559999999999999432e+01
9.620000006103515489e+01
9.579999969482422273e+01
9.599999969482422557e+01
9.600000006103515204e+01
9.639999969482421704e+01
9.600000012207031830e+01
9.599999963378905932e+01
9.620000012207030693e+01
9.599999969482422557e+01
9.559999969482421989e+01
9.600000000000000000e+01
9.579999963378905647e+01
9.560000006103516057e+01
9.619999963378906216e+01
9.600000012207031830e+01
9.599999969482422557e+01
9.559999969482421989e+01
9.519999963378906216e+01
9.579999999999999716e+01
9.580000006103514920e+01
9.579999969482422273e+01
9.600000000000000000e+01
9.599999969482422557e+01
9.540000006103515773e+01
9.599999963378905932e+01
9.619999963378906216e+01
9.499999969482422557e+01
9.539999938964844262e+01
9.580000012207031546e+01
9.619999963378906216e+01
9.539999963378906500e+01
9.600000006103515204e+01
9.579999999999999716e+01
9.639999963378906500e+01
9.600000006103515204e+01
9.600000006103515204e+01
9.640000006103515773e+01
9.599999969482422557e+01
9.579999969482422273e+01
