2.279999990844726554e+01
4.860000000000000142e+01
4.999999975585937761e+01
4.819999972534179733e+01
3.699999975585937761e+01
3.960000006103515346e+01
5.299999993896484085e+01
8.619999981689453250e+01
6.399999969482421847e+01
5.259999990844726625e+01
5.979999990844726909e+01
8.779999987792969307e+01
6.519999978637694937e+01
7.099999978637694653e+01
8.799999975585937761e+01
7.639999993896483943e+01
7.659999951171874955e+01
8.559999975585937193e+01
7.640000012207030977e+01
5.819999996948241971e+01
8.239999987792968739e+01
5.759999993896484227e+01
8.439999957275391296e+01
8.659999975585937193e+01
7.119999969482421420e+01
8.139999981689453534e+01
5.479999999999999716e+01
7.719999945068359182e+01
8.099999951171875523e+01
8.440000012207030977e+01
8.059999993896484227e+01
8.299999975585937761e+01
8.539999987792968739e+01
7.020000000000000284e+01
9.079999969482422273e+01
9.200000012207031830e+01
8.699999975585937761e+01
8.379999975585937477e+01
9.220000006103515489e+01
8.679999969482422273e+01
8.519999951171874386e+01
7.979999969482422273e+01
9.539999963378906500e+01
8.759999951171874955e+01
8.879999945068360034e+01
9.199999969482422557e+01
8.559999981689453818e+01
8.039999957275391296e+01
9.720000000000000284e+01
7.919999981689453250e+01
9.379999963378905647e+01
8.920000012207030693e+01
8.199999945068358898e+01
7.999999993896484796e+01
8.919999969482421420e+01
7.599999957275390727e+01
8.759999938964843125e+01
9.460000012207031261e+01
9.180000012207031546e+01
8.780000012207031546e+01
9.279999969482422273e+01
9.160000006103516057e+01
9.119999987792968454e+01
7.040000006103515773e+01
8.920000012207030693e+01
8.599999945068358898e+01
8.919999938964843977e+01
8.639999945068359466e+01
9.679999999999999716e+01
9.019999975585938046e+01
8.939999938964844262e+01
9.300000006103515204e+01
7.779999999999999716e+01
9.279999938964843409e+01
9.739999963378906500e+01
8.719999975585938046e+01
8.679999975585937477e+01
9.159999975585937193e+01
9.220000012207030693e+01
9.159999969482421989e+01
9.039999969482421704e+01
7.439999993896483943e+01
9.740000006103515773e+01
9.479999963378905647e+01
9.519999963378906216e+01
8.919999975585938046e+01
9.300000012207031830e+01
9.460000006103516057e+01
9.440000006103515773e+01
9.319999975585938046e+01
9.539999963378906500e+01
9.720000000000000284e+01
9.280000012207031546e+01
9.500000006103515204e+01
9.280000012207031546e+01
9.500000006103515204e+01
9.479999969482422273e+01
8.960000012207031261e+01
9.660000006103516057e+01
9.420000006103515489e+01
9.600000006103515204e+01
9.199999938964843693e+01
9.479999963378905647e+01
9.920000000000000284e+01
9.559999999999999432e+01
9.920000000000000284e+01
9.759999999999999432e+01
9.660000012207031261e+01
9.739999963378906500e+01
9.780000006103514920e+01
9.859999963378906784e+01
9.700000000000000000e+01
9.699999963378905932e+01
9.680000006103514920e+01
9.739999969482421704e+01
9.640000006103515773e+01
9.540000012207030977e+01
9.700000000000000000e+01
9.800000006103515204e+01
9.559999969482421989e+01
9.679999975585937477e+01
9.599999963378905932e+01
9.759999963378906784e+01
9.740000006103515773e+01
9.699999963378905932e+01
9.659999999999999432e+01
9.700000012207031830e+01
9.679999963378905647e+01
9.839999963378906500e+01
9.859999999999999432e+01
9.800000000000000000e+01
9.759999963378906784e+01
9.739999963378906500e+01
9.779999999999999716e+01
9.800000000000000000e+01
9.700000006103515204e+01
9.840000000000000568e+01
9.799999963378905932e+01
9.739999969482421704e+01
9.840000006103515773e+01
9.800000000000000000e+01
9.740000006103515773e+01
9.779999999999999716e+01
9.799999963378905932e+01
9.720000000000000284e+01
9.779999999999999716e+01
9.779999963378905647e+01
9.799999963378905932e+01
9.839999963378906500e+01
9.779999963378905647e+01
9.800000000000000000e+01
9.800000000000000000e+01
9.800000000000000000e+01
9.739999963378906500e+01
9.800000000000000000e+01
9.680000006103514920e+01
9.820000000000000284e+01
9.800000000000000000e+01
9.720000000000000284e+01
9.779999969482422273e+01
9.759999969482421989e+01
9.780000006103514920e+01
9.799999963378905932e+01
9.800000006103515204e+01
9.879999963378905647e+01
9.840000000000000568e+01
9.820000000000000284e+01
9.879999999999999716e+01
9.940000000000000568e+01
9.880000006103514920e+01
9.779999963378905647e+01
9.779999963378905647e+01
9.720000006103515489e+01
9.700000006103515204e+01
9.739999963378906500e+01
9.740000000000000568e+01
9.720000000000000284e+01
9.740000000000000568e+01
9.740000000000000568e+01
9.740000000000000568e+01
9.719999969482421420e+01
9.719999969482421420e+01
9.740000000000000568e+01
9.699999969482422557e+01
9.680000006103514920e+01
9.760000006103516057e+01
9.699999969482422557e+01
9.739999969482421704e+01
9.699999963378905932e+01
9.779999999999999716e+01
9.720000000000000284e+01
9.739999963378906500e+01
9.759999999999999432e+01
9.699999963378905932e+01
9.699999963378905932e+01
9.700000006103515204e+01
9.759999963378906784e+01
9.740000000000000568e+01
9.699999963378905932e+01
9.759999963378906784e+01
