2.459999993896484227e+01
7.800000007629394716e+00
2.399999996948242043e+01
2.439999992370605497e+01
2.519999987792968810e+01
6.399999978637695364e+01
2.919999981689453250e+01
5.319999978637695648e+01
5.959999969482421989e+01
6.299999978637695364e+01
5.379999990844726909e+01
6.799999969482422557e+01
5.559999972534179591e+01
5.939999969482421704e+01
8.319999951171874386e+01
6.879999993896484511e+01
7.140000012207030977e+01
6.640000006103515773e+01
8.079999951171875239e+01
7.200000000000000000e+01
6.400000012207031830e+01
7.779999957275390443e+01
7.959999981689453818e+01
8.459999945068359750e+01
8.759999975585937193e+01
8.820000012207030693e+01
9.179999938964843409e+01
8.499999987792968170e+01
8.999999975585937761e+01
7.899999957275390727e+01
8.419999981689453250e+01
8.339999981689453534e+01
8.399999945068358898e+01
7.500000000000000000e+01
9.140000012207030977e+01
9.140000012207030977e+01
8.439999945068359466e+01
8.879999981689452682e+01
8.539999981689453534e+01
9.339999969482421704e+01
9.019999975585938046e+01
8.879999975585937477e+01
8.839999975585936909e+01
9.119999945068359182e+01
9.079999975585937477e+01
8.839999938964844262e+01
9.059999938964843125e+01
9.519999969482421420e+01
8.699999938964843693e+01
8.499999993896484796e+01
8.899999951171875523e+01
7.619999945068359182e+01
8.279999987792969307e+01
8.960000012207031261e+01
8.579999981689452682e+01
9.659999969482421989e+01
9.319999981689453250e+01
9.159999938964843125e+01
8.999999938964843693e+01
8.659999987792969023e+01
9.379999963378905647e+01
8.659999987792969023e+01
9.259999938964843125e+01
8.979999938964843409e+01
7.759999981689453818e+01
8.999999981689452966e+01
9.280000006103514920e+01
8.519999981689453250e+01
9.360000006103516057e+01
9.059999969482421989e+01
9.479999963378905647e+01
9.020000012207030693e+01
9.439999975585936909e+01
8.919999993896485080e+01
9.239999969482421704e+01
9.100000012207031830e+01
9.139999938964844262e+01
8.319999938964843977e+01
9.500000000000000000e+01
9.100000006103515204e+01
8.679999981689452682e+01
8.859999938964843125e+01
9.540000012207030977e+01
9.280000012207031546e+01
9.599999963378905932e+01
9.420000006103515489e+01
9.460000006103516057e+01
8.879999993896484511e+01
9.359999975585937193e+01
9.479999969482422273e+01
9.659999963378906784e+01
9.379999969482422273e+01
9.659999963378906784e+01
9.320000012207030693e+01
9.819999969482421420e+01
9.499999975585937761e+01
9.520000012207030693e+01
9.680000012207031546e+01
9.320000006103515489e+01
8.999999987792968170e+01
9.359999938964843125e+01
9.479999999999999716e+01
9.019999981689453250e+01
9.639999963378906500e+01
9.499999969482422557e+01
9.719999963378906216e+01
9.599999963378905932e+01
9.480000006103514920e+01
9.860000006103516057e+01
9.779999963378905647e+01
9.659999963378906784e+01
9.679999963378905647e+01
9.899999963378905932e+01
9.599999969482422557e+01
9.740000000000000568e+01
9.620000006103515489e+01
9.619999963378906216e+01
9.599999969482422557e+01
9.539999963378906500e+01
9.500000012207031830e+01
9.580000006103514920e+01
9.599999963378905932e+01
9.620000006103515489e+01
9.580000006103514920e+01
9.619999969482421420e+01
9.579999963378905647e+01
9.720000000000000284e+01
9.620000006103515489e+01
9.640000006103515773e+01
9.600000000000000000e+01
9.600000000000000000e+01
9.699999969482422557e+01
9.680000006103514920e+01
9.720000006103515489e+01
9.700000000000000000e+01
9.720000000000000284e+01
9.640000000000000568e+01
9.679999975585937477e+01
9.659999999999999432e+01
9.640000006103515773e+01
9.720000006103515489e+01
9.680000006103514920e+01
9.779999963378905647e+01
9.700000000000000000e+01
9.659999963378906784e+01
9.659999999999999432e+01
9.560000006103516057e+01
9.620000006103515489e+01
9.599999969482422557e+01
9.599999969482422557e+01
9.659999963378906784e+01
9.559999975585937193e+01
9.820000000000000284e+01
9.679999963378905647e+01
9.659999963378906784e+01
9.719999963378906216e+01
9.719999963378906216e+01
9.720000000000000284e+01
9.779999963378905647e+01
9.779999963378905647e+01
9.859999963378906784e+01
9.800000000000000000e+01
9.820000000000000284e+01
9.880000006103514920e+01
9.859999963378906784e+01
9.879999999999999716e+01
9.839999969482421704e+01
9.900000000000000000e+01
9.820000006103515489e+01
9.819999963378906216e+01
9.859999999999999432e+01
9.819999963378906216e+01
9.899999963378905932e+01
9.759999999999999432e+01
9.660000006103516057e+01
9.639999969482421704e+01
9.639999963378906500e+01
9.640000000000000568e+01
9.599999963378905932e+01
9.660000012207031261e+01
9.659999963378906784e+01
9.640000006103515773e+01
9.600000012207031830e+01
9.600000006103515204e+01
9.599999963378905932e+01
9.599999963378905932e+01
9.559999969482421989e+01
9.640000000000000568e+01
9.579999963378905647e+01
9.600000006103515204e+01
9.579999963378905647e+01
9.559999969482421989e+01
9.539999963378906500e+01
9.620000000000000284e+01
9.599999963378905932e+01
9.579999969482422273e+01
9.619999963378906216e+01
9.540000012207030977e+01
9.619999963378906216e+01
9.580000006103514920e+01
