1.179999986267089795e+01
2.079999996948242114e+01
1.979999995422363313e+01
4.580000006103515631e+01
5.119999990844726767e+01
3.779999981689453392e+01
6.419999990844726767e+01
5.459999969482421989e+01
6.999999963378905932e+01
7.879999993896484511e+01
6.780000006103514920e+01
6.399999969482421847e+01
7.299999993896484796e+01
7.339999969482421704e+01
7.819999981689453250e+01
9.399999969482422557e+01
7.399999969482422557e+01
7.900000000000000000e+01
6.919999969482421420e+01
6.539999969482421704e+01
7.999999963378905932e+01
9.240000012207030977e+01
8.959999981689453818e+01
8.779999981689452682e+01
6.980000006103514920e+01
7.299999957275390727e+01
9.120000006103515489e+01
9.339999963378906500e+01
9.360000012207031261e+01
9.280000012207031546e+01
8.939999938964844262e+01
7.059999969482421989e+01
8.239999957275391296e+01
8.119999951171874386e+01
8.200000000000000000e+01
9.359999969482421989e+01
9.299999969482422557e+01
8.979999981689452682e+01
9.259999938964843125e+01
8.360000012207031261e+01
9.039999987792968739e+01
8.299999981689452966e+01
9.359999963378906784e+01
9.799999963378905932e+01
8.039999987792968739e+01
9.760000006103516057e+01
8.699999938964843693e+01
9.519999969482421420e+01
9.260000012207031261e+01
8.939999938964844262e+01
9.100000012207031830e+01
9.560000006103516057e+01
7.919999981689453250e+01
8.760000012207031261e+01
9.200000006103515204e+01
8.939999969482421704e+01
9.239999969482421704e+01
9.119999969482421420e+01
6.840000006103515773e+01
9.659999963378906784e+01
8.139999957275391296e+01
9.419999969482421420e+01
8.559999981689453818e+01
9.440000012207030977e+01
8.619999938964843977e+01
5.959999987792969023e+01
8.959999975585937193e+01
9.659999999999999432e+01
8.359999981689453818e+01
9.579999963378905647e+01
9.359999981689453818e+01
9.440000012207030977e+01
9.459999963378906784e+01
9.400000000000000000e+01
9.399999938964843693e+01
9.679999963378905647e+01
8.920000012207030693e+01
9.599999969482422557e+01
9.499999969482422557e+01
8.919999987792968454e+01
9.280000012207031546e+01
9.259999969482421989e+01
9.879999963378905647e+01
9.800000006103515204e+01
9.639999963378906500e+01
9.900000000000000000e+01
9.639999969482421704e+01
9.480000006103514920e+01
9.720000012207030693e+01
9.600000012207031830e+01
9.579999969482422273e+01
1.000000000000000000e+02
9.879999999999999716e+01
9.460000006103516057e+01
9.879999999999999716e+01
9.520000000000000284e+01
9.779999963378905647e+01
9.779999963378905647e+01
9.679999969482422273e+01
9.859999963378906784e+01
9.820000000000000284e+01
9.680000006103514920e+01
9.840000000000000568e+01
9.739999963378906500e+01
9.739999963378906500e+01
9.959999999999999432e+01
9.979999999999999716e+01
9.900000000000000000e+01
9.759999999999999432e+01
9.940000000000000568e+01
9.919999963378906216e+01
9.919999963378906216e+01
9.979999999999999716e+01
9.959999999999999432e+01
9.779999963378905647e+01
9.759999969482421989e+01
9.859999999999999432e+01
9.780000006103514920e+01
9.820000000000000284e+01
9.720000000000000284e+01
9.799999963378905932e+01
9.920000000000000284e+01
9.920000000000000284e+01
9.919999963378906216e+01
9.920000000000000284e+01
9.900000000000000000e+01
9.919999963378906216e+01
9.920000000000000284e+01
9.939999963378906500e+01
9.959999963378906784e+01
9.920000000000000284e+01
9.920000000000000284e+01
9.920000000000000284e+01
9.979999999999999716e+01
9.860000006103516057e+01
9.920000000000000284e+01
9.839999963378906500e+01
9.940000000000000568e+01
9.880000006103514920e+01
9.840000000000000568e+01
9.959999963378906784e+01
9.899999963378905932e+01
9.920000000000000284e+01
9.879999963378905647e+01
9.939999963378906500e+01
9.859999999999999432e+01
9.839999963378906500e+01
9.940000000000000568e+01
9.900000000000000000e+01
9.879999999999999716e+01
9.920000000000000284e+01
9.919999963378906216e+01
9.840000006103515773e+01
9.900000000000000000e+01
9.920000000000000284e+01
9.900000000000000000e+01
9.879999963378905647e+01
9.919999963378906216e+01
9.939999963378906500e+01
9.979999999999999716e+01
9.940000000000000568e+01
1.000000000000000000e+02
1.000000000000000000e+02
9.959999999999999432e+01
1.000000000000000000e+02
9.920000000000000284e+01
1.000000000000000000e+02
9.940000006103515773e+01
1.000000000000000000e+02
1.000000000000000000e+02
9.979999999999999716e+01
9.920000000000000284e+01
9.920000000000000284e+01
9.939999963378906500e+01
9.940000000000000568e+01
9.879999963378905647e+01
9.899999963378905932e+01
9.920000000000000284e+01
9.919999963378906216e+01
9.940000000000000568e+01
9.939999963378906500e+01
9.940000000000000568e+01
9.940000000000000568e+01
9.939999963378906500e+01
9.939999963378906500e+01
9.919999963378906216e+01
9.939999963378906500e+01
9.940000000000000568e+01
9.920000000000000284e+01
9.920000000000000284e+01
9.900000000000000000e+01
9.940000000000000568e+01
9.920000000000000284e+01
9.940000000000000568e+01
9.939999963378906500e+01
9.940000000000000568e+01
9.940000000000000568e+01
9.940000000000000568e+01
9.920000000000000284e+01
9.939999963378906500e+01
