1.699999992370605639e+01
3.219999981689453250e+01
4.359999984741210710e+01
5.079999993896484511e+01
7.579999993896484511e+01
6.319999981689453250e+01
5.459999984741210710e+01
5.939999987792968739e+01
6.699999987792968170e+01
5.920000006103515489e+01
7.360000006103516057e+01
7.739999993896483943e+01
9.079999975585937477e+01
7.120000000000000284e+01
8.499999981689452966e+01
8.399999993896484796e+01
8.459999945068359750e+01
8.019999951171874386e+01
7.919999981689453250e+01
7.299999951171875523e+01
8.679999993896484511e+01
7.140000012207030977e+01
3.399999978637695364e+01
6.180000006103515631e+01
8.959999938964843125e+01
8.760000006103516057e+01
7.739999957275391296e+01
5.419999984741210852e+01
6.539999975585936909e+01
5.659999996948242540e+01
8.960000006103516057e+01
8.879999969482422273e+01
7.559999957275390159e+01
9.099999975585937761e+01
9.099999975585937761e+01
8.799999981689452966e+01
7.739999951171874670e+01
8.739999981689453534e+01
9.000000012207031830e+01
8.300000000000000000e+01
8.199999945068358898e+01
8.999999969482422557e+01
8.479999951171875239e+01
9.199999945068358898e+01
8.139999981689453534e+01
8.259999981689453818e+01
8.099999993896484796e+01
8.919999938964843977e+01
9.159999938964843125e+01
9.400000012207031830e+01
9.699999963378905932e+01
9.419999975585938046e+01
8.059999987792969023e+01
9.400000012207031830e+01
9.099999969482422557e+01
9.200000006103515204e+01
8.839999938964844262e+01
8.799999975585937761e+01
9.520000000000000284e+01
9.579999969482422273e+01
9.319999969482421420e+01
9.060000012207031261e+01
7.359999987792969023e+01
9.499999975585937761e+01
8.839999945068359466e+01
9.659999963378906784e+01
9.439999963378906500e+01
6.999999981689452966e+01
9.879999999999999716e+01
8.819999938964843977e+01
9.279999969482422273e+01
9.879999963378905647e+01
8.699999945068358898e+01
9.440000012207030977e+01
9.720000006103515489e+01
9.059999993896484227e+01
9.560000006103516057e+01
8.459999975585937193e+01
9.519999981689453250e+01
9.679999963378905647e+01
9.379999975585937477e+01
9.900000006103515204e+01
9.979999999999999716e+01
9.959999999999999432e+01
9.920000000000000284e+01
9.819999969482421420e+01
9.940000000000000568e+01
9.900000000000000000e+01
9.979999999999999716e+01
9.979999999999999716e+01
9.760000006103516057e+01
9.879999999999999716e+01
9.780000006103514920e+01
9.780000006103514920e+01
9.919999963378906216e+01
9.920000000000000284e+01
9.900000000000000000e+01
9.940000000000000568e+01
9.920000000000000284e+01
9.720000000000000284e+01
9.879999963378905647e+01
9.799999963378905932e+01
9.799999963378905932e+01
9.819999963378906216e+01
9.920000000000000284e+01
9.820000006103515489e+01
9.879999963378905647e+01
9.840000000000000568e+01
9.900000000000000000e+01
9.920000000000000284e+01
9.820000006103515489e+01
9.759999963378906784e+01
9.859999963378906784e+01
9.840000006103515773e+01
9.899999963378905932e+01
9.839999963378906500e+01
9.880000006103514920e+01
9.899999963378905932e+01
9.840000006103515773e+01
9.959999963378906784e+01
9.859999999999999432e+01
9.839999969482421704e+01
9.919999963378906216e+01
9.959999999999999432e+01
9.979999999999999716e+01
9.979999999999999716e+01
9.959999999999999432e+01
9.959999999999999432e+01
9.959999963378906784e+01
9.959999999999999432e+01
9.959999999999999432e+01
9.959999999999999432e+01
9.959999999999999432e+01
9.959999999999999432e+01
9.979999999999999716e+01
9.959999999999999432e+01
9.959999999999999432e+01
9.940000000000000568e+01
9.859999963378906784e+01
9.919999963378906216e+01
9.920000000000000284e+01
9.899999963378905932e+01
9.920000000000000284e+01
9.840000000000000568e+01
9.820000006103515489e+01
9.859999999999999432e+01
9.839999963378906500e+01
9.859999999999999432e+01
9.900000000000000000e+01
9.879999999999999716e+01
9.859999999999999432e+01
9.859999999999999432e+01
9.920000000000000284e+01
9.879999963378905647e+01
9.839999963378906500e+01
9.920000000000000284e+01
9.939999963378906500e+01
9.879999999999999716e+01
9.859999999999999432e+01
9.840000000000000568e+01
9.879999963378905647e+01
9.819999963378906216e+01
9.819999963378906216e+01
9.800000006103515204e+01
9.900000000000000000e+01
9.819999963378906216e+01
9.879999999999999716e+01
9.859999963378906784e+01
9.859999999999999432e+01
9.800000000000000000e+01
9.839999963378906500e+01
9.919999963378906216e+01
9.900000000000000000e+01
9.859999963378906784e+01
9.819999963378906216e+01
9.879999999999999716e+01
9.919999963378906216e+01
9.839999963378906500e+01
9.820000006103515489e+01
9.800000000000000000e+01
9.879999999999999716e+01
9.800000000000000000e+01
9.820000000000000284e+01
9.819999969482421420e+01
9.799999963378905932e+01
9.879999999999999716e+01
9.840000000000000568e+01
9.799999963378905932e+01
9.880000006103514920e+01
9.840000000000000568e+01
9.820000006103515489e+01
9.819999963378906216e+01
9.839999963378906500e+01
9.899999963378905932e+01
9.900000000000000000e+01
9.879999999999999716e+01
9.839999963378906500e+01
9.879999999999999716e+01
9.879999963378905647e+01
9.859999963378906784e+01
