6.199999994277954229e+00
3.999999972534179449e+01
6.799999975585937761e+01
4.099999978637695364e+01
5.179999996948242114e+01
8.299999945068358898e+01
7.419999993896485080e+01
7.459999999999999432e+01
7.799999981689452966e+01
4.739999969482421704e+01
8.499999993896484796e+01
7.979999957275390443e+01
6.540000000000000568e+01
8.420000012207030693e+01
8.959999945068359750e+01
8.359999945068359750e+01
7.199999957275390727e+01
8.079999993896484511e+01
9.359999969482421989e+01
7.479999993896484511e+01
8.579999987792969307e+01
8.179999945068360034e+01
8.419999938964843977e+01
6.339999975585937619e+01
8.299999957275390727e+01
8.499999981689452966e+01
8.259999951171874955e+01
7.699999975585937761e+01
9.480000006103514920e+01
7.999999993896484796e+01
6.540000000000000568e+01
9.260000012207031261e+01
7.820000000000000284e+01
8.720000006103515489e+01
8.819999945068359182e+01
8.999999975585937761e+01
8.999999987792968170e+01
8.999999969482422557e+01
7.919999993896485080e+01
9.319999963378906216e+01
9.239999969482421704e+01
9.499999938964843693e+01
9.079999975585937477e+01
9.059999969482421989e+01
9.599999963378905932e+01
8.039999975585936909e+01
9.659999969482421989e+01
8.819999975585938046e+01
9.460000006103516057e+01
8.199999951171875523e+01
5.960000000000000142e+01
9.679999969482422273e+01
8.499999945068358898e+01
9.460000006103516057e+01
9.219999938964843977e+01
9.219999969482421420e+01
9.820000000000000284e+01
9.239999963378906500e+01
9.100000012207031830e+01
8.799999938964843693e+01
9.199999975585937761e+01
9.619999963378906216e+01
9.019999938964843977e+01
9.579999969482422273e+01
9.540000006103515773e+01
9.179999969482422273e+01
8.939999938964844262e+01
9.199999969482422557e+01
9.499999969482422557e+01
9.320000006103515489e+01
9.560000006103516057e+01
8.819999945068359182e+01
9.260000012207031261e+01
9.299999963378905932e+01
9.600000006103515204e+01
9.900000000000000000e+01
9.680000006103514920e+01
9.179999969482422273e+01
9.299999969482422557e+01
9.160000006103516057e+01
9.440000006103515773e+01
8.939999951171874670e+01
9.419999969482421420e+01
9.480000012207031546e+01
9.920000006103515489e+01
9.940000000000000568e+01
9.859999963378906784e+01
9.800000006103515204e+01
9.559999969482421989e+01
9.540000012207030977e+01
9.820000000000000284e+01
9.900000000000000000e+01
9.879999999999999716e+01
9.779999999999999716e+01
9.379999975585937477e+01
9.659999963378906784e+01
9.900000000000000000e+01
9.840000000000000568e+01
9.759999969482421989e+01
9.779999999999999716e+01
9.779999963378905647e+01
9.899999963378905932e+01
9.719999963378906216e+01
9.879999963378905647e+01
9.959999999999999432e+01
9.920000000000000284e+01
9.859999963378906784e+01
9.900000006103515204e+01
9.940000000000000568e+01
9.920000000000000284e+01
9.940000000000000568e+01
9.919999963378906216e+01
9.859999963378906784e+01
9.959999963378906784e+01
9.800000006103515204e+01
9.860000006103516057e+01
9.879999963378905647e+01
9.820000006103515489e+01
9.879999999999999716e+01
9.839999963378906500e+01
9.879999999999999716e+01
9.859999963378906784e+01
9.900000000000000000e+01
9.879999999999999716e+01
9.919999963378906216e+01
9.919999963378906216e+01
9.920000000000000284e+01
9.940000000000000568e+01
9.920000000000000284e+01
9.939999963378906500e+01
9.919999963378906216e+01
9.900000000000000000e+01
9.920000000000000284e+01
9.940000000000000568e+01
9.899999963378905932e+01
9.919999963378906216e+01
9.940000000000000568e+01
9.939999963378906500e+01
9.939999963378906500e+01
9.940000000000000568e+01
9.919999963378906216e+01
9.959999963378906784e+01
9.940000000000000568e+01
9.900000006103515204e+01
9.940000000000000568e+01
9.920000000000000284e+01
9.939999963378906500e+01
9.940000000000000568e+01
9.959999963378906784e+01
9.940000000000000568e+01
9.940000000000000568e+01
9.939999963378906500e+01
9.940000000000000568e+01
9.920000000000000284e+01
9.939999963378906500e+01
9.959999999999999432e+01
9.959999999999999432e+01
9.940000000000000568e+01
9.959999999999999432e+01
9.959999999999999432e+01
9.940000000000000568e+01
9.959999999999999432e+01
9.939999963378906500e+01
9.959999963378906784e+01
9.959999999999999432e+01
9.940000000000000568e+01
9.940000006103515773e+01
9.959999963378906784e+01
9.940000000000000568e+01
9.959999999999999432e+01
9.940000000000000568e+01
9.959999999999999432e+01
9.959999999999999432e+01
9.939999963378906500e+01
9.940000000000000568e+01
9.919999963378906216e+01
9.919999963378906216e+01
9.920000000000000284e+01
9.900000000000000000e+01
9.919999963378906216e+01
9.919999963378906216e+01
9.919999963378906216e+01
9.920000000000000284e+01
9.920000000000000284e+01
9.919999963378906216e+01
9.919999963378906216e+01
9.920000006103515489e+01
9.920000000000000284e+01
9.920000000000000284e+01
9.920000000000000284e+01
9.919999963378906216e+01
9.920000006103515489e+01
9.920000000000000284e+01
9.919999963378906216e+01
9.919999963378906216e+01
9.920000000000000284e+01
9.919999963378906216e+01
9.919999963378906216e+01
9.920000006103515489e+01
9.920000000000000284e+01
