1.999999994277954052e+00
1.839999992370605497e+01
1.399999996948242220e+01
4.119999969482422131e+01
1.800000003051757957e+01
5.019999978637695648e+01
2.439999989318847540e+01
4.059999990844726625e+01
4.339999993896484654e+01
5.459999990844726625e+01
2.179999995422363313e+01
4.700000003051757602e+01
4.079999978637695079e+01
5.600000006103515915e+01
6.799999969482422557e+01
5.099999981689452966e+01
5.359999984741210710e+01
7.179999993896484511e+01
6.980000006103514920e+01
7.979999938964843409e+01
5.399999993896484085e+01
6.359999984741210710e+01
7.560000012207031261e+01
8.259999945068359750e+01
7.179999957275390443e+01
7.379999963378905647e+01
7.639999975585936909e+01
7.339999969482421704e+01
8.019999963378906216e+01
7.200000012207031830e+01
5.899999984741211279e+01
8.059999951171874955e+01
6.499999981689452966e+01
6.299999975585937761e+01
8.399999945068358898e+01
6.999999969482422557e+01
8.239999981689453534e+01
8.559999987792969023e+01
6.419999975585938046e+01
8.499999963378905932e+01
8.139999993896483943e+01
7.620000000000000284e+01
7.839999957275391296e+01
6.120000012207031403e+01
8.339999993896483943e+01
7.700000000000000000e+01
6.919999981689453250e+01
7.879999999999999716e+01
6.859999969482421989e+01
8.599999938964843693e+01
8.999999938964843693e+01
8.599999975585937761e+01
5.159999984741210710e+01
8.140000006103515773e+01
8.319999938964843977e+01
8.779999938964843409e+01
8.319999951171874386e+01
8.959999981689453818e+01
8.779999975585937477e+01
9.439999938964844262e+01
8.699999945068358898e+01
7.899999963378905932e+01
7.840000000000000568e+01
8.439999938964844262e+01
8.439999993896483943e+01
7.540000006103515773e+01
8.639999938964844262e+01
8.559999981689453818e+01
9.139999945068359466e+01
8.079999957275390443e+01
8.419999981689453250e+01
8.299999945068358898e+01
9.420000006103515489e+01
7.799999951171875523e+01
8.560000006103516057e+01
8.539999987792968739e+01
8.619999981689453250e+01
8.039999987792968739e+01
7.059999999999999432e+01
8.579999945068360034e+01
9.239999969482421704e+01
7.839999957275391296e+01
9.459999963378906784e+01
9.579999963378905647e+01
9.519999938964843977e+01
9.680000006103514920e+01
9.759999963378906784e+01
9.579999975585937477e+01
9.800000006103515204e+01
9.779999969482422273e+01
9.759999963378906784e+01
9.619999963378906216e+01
9.799999963378905932e+01
9.819999963378906216e+01
9.639999969482421704e+01
9.760000006103516057e+01
9.679999963378905647e+01
9.679999999999999716e+01
9.659999963378906784e+01
9.739999969482421704e+01
9.619999963378906216e+01
9.680000006103514920e+01
9.719999963378906216e+01
9.700000006103515204e+01
9.739999963378906500e+01
9.679999963378905647e+01
9.700000006103515204e+01
9.660000006103516057e+01
9.759999963378906784e+01
9.659999969482421989e+01
9.699999969482422557e+01
9.600000006103515204e+01
9.640000012207030977e+01
9.640000006103515773e+01
9.680000012207031546e+01
9.659999999999999432e+01
9.679999969482422273e+01
9.659999969482421989e+01
9.760000006103516057e+01
9.640000006103515773e+01
9.719999963378906216e+01
9.759999969482421989e+01
9.759999963378906784e+01
9.759999999999999432e+01
9.779999963378905647e+01
9.780000006103514920e+01
9.899999963378905932e+01
9.819999963378906216e+01
9.819999969482421420e+01
9.859999963378906784e+01
9.759999963378906784e+01
9.820000000000000284e+01
9.859999999999999432e+01
9.859999999999999432e+01
9.859999969482421989e+01
9.820000000000000284e+01
9.819999963378906216e+01
9.899999963378905932e+01
9.859999963378906784e+01
9.900000000000000000e+01
9.859999999999999432e+01
9.759999999999999432e+01
9.759999999999999432e+01
9.759999963378906784e+01
9.699999969482422557e+01
9.740000000000000568e+01
9.759999969482421989e+01
9.700000000000000000e+01
9.779999963378905647e+01
9.740000000000000568e+01
9.719999963378906216e+01
9.740000000000000568e+01
9.720000006103515489e+01
9.719999963378906216e+01
9.779999963378905647e+01
9.779999963378905647e+01
9.699999963378905932e+01
9.759999963378906784e+01
9.800000006103515204e+01
9.740000006103515773e+01
9.719999963378906216e+01
9.759999999999999432e+01
9.759999963378906784e+01
9.740000006103515773e+01
9.760000006103516057e+01
9.720000000000000284e+01
9.739999963378906500e+01
9.739999969482421704e+01
9.759999963378906784e+01
9.700000006103515204e+01
9.719999963378906216e+01
9.719999969482421420e+01
9.720000006103515489e+01
9.699999969482422557e+01
9.719999963378906216e+01
9.720000000000000284e+01
9.739999963378906500e+01
9.720000006103515489e+01
9.760000006103516057e+01
9.739999963378906500e+01
9.739999963378906500e+01
9.739999975585936909e+01
9.759999999999999432e+01
9.739999969482421704e+01
9.740000006103515773e+01
9.740000006103515773e+01
9.759999963378906784e+01
9.740000006103515773e+01
9.740000006103515773e+01
9.720000006103515489e+01
9.739999963378906500e+01
9.739999963378906500e+01
9.719999963378906216e+01
9.719999963378906216e+01
9.720000006103515489e+01
9.719999963378906216e+01
9.719999963378906216e+01
9.720000006103515489e+01
9.699999963378905932e+01
9.719999969482421420e+01
