0.000000000000000000e+00
8.400000007629394361e+00
1.899999995422363241e+01
2.279999996948242114e+01
2.919999993896484369e+01
3.119999999999999929e+01
2.159999989318847824e+01
4.119999981689453250e+01
4.959999987792969023e+01
6.079999975585937477e+01
3.459999987792969023e+01
7.220000006103515489e+01
3.339999978637695222e+01
6.259999975585937193e+01
5.539999999999999858e+01
6.319999996948241971e+01
8.219999963378906216e+01
5.280000003051758029e+01
8.940000006103515773e+01
7.479999963378905647e+01
7.099999969482422557e+01
2.739999989318847540e+01
7.779999963378905647e+01
5.159999990844726625e+01
6.779999981689452682e+01
5.119999984741210852e+01
7.319999978637694937e+01
6.740000012207030977e+01
8.419999981689453250e+01
9.239999975585936909e+01
7.639999951171874670e+01
6.740000012207030977e+01
4.999999978637695364e+01
6.999999938964843693e+01
6.800000012207031830e+01
7.719999963378906216e+01
6.319999981689453250e+01
7.919999963378906216e+01
8.859999938964843125e+01
8.479999987792969307e+01
8.899999938964843693e+01
9.359999969482421989e+01
8.819999938964843977e+01
6.859999984741210710e+01
8.359999969482421989e+01
8.439999993896483943e+01
7.799999993896484796e+01
7.899999987792968170e+01
8.640000012207030977e+01
7.439999957275391296e+01
8.999999975585937761e+01
8.959999981689453818e+01
8.579999975585937477e+01
7.759999957275390159e+01
7.719999969482421420e+01
7.120000012207030693e+01
8.360000012207031261e+01
8.539999951171874670e+01
8.299999981689452966e+01
8.980000006103514920e+01
9.540000006103515773e+01
5.279999972534179875e+01
8.539999945068359466e+01
8.760000012207031261e+01
8.539999987792968739e+01
8.960000012207031261e+01
8.579999981689452682e+01
8.359999945068359750e+01
8.639999993896483943e+01
7.959999951171874955e+01
8.619999945068359182e+01
6.260000012207031261e+01
9.059999969482421989e+01
8.019999975585938046e+01
9.319999938964843977e+01
8.499999945068358898e+01
8.960000006103516057e+01
9.579999969482422273e+01
8.939999938964844262e+01
9.339999969482421704e+01
9.419999969482421420e+01
9.479999969482422273e+01
9.740000006103515773e+01
9.719999963378906216e+01
9.719999963378906216e+01
9.760000006103516057e+01
9.799999963378905932e+01
9.779999999999999716e+01
9.859999999999999432e+01
9.759999963378906784e+01
9.839999963378906500e+01
9.740000000000000568e+01
9.719999969482421420e+01
9.620000006103515489e+01
9.699999969482422557e+01
9.679999963378905647e+01
9.719999963378906216e+01
9.739999969482421704e+01
9.759999963378906784e+01
9.720000000000000284e+01
9.719999963378906216e+01
9.720000000000000284e+01
9.700000006103515204e+01
9.679999963378905647e+01
9.700000012207031830e+01
9.679999969482422273e+01
9.659999963378906784e+01
9.720000006103515489e+01
9.759999963378906784e+01
9.779999969482422273e+01
9.720000000000000284e+01
9.680000006103514920e+01
9.719999963378906216e+01
9.639999969482421704e+01
9.660000006103516057e+01
9.679999963378905647e+01
9.660000012207031261e+01
9.699999963378905932e+01
9.699999963378905932e+01
9.719999963378906216e+01
9.720000000000000284e+01
9.739999963378906500e+01
9.740000006103515773e+01
9.759999963378906784e+01
9.740000006103515773e+01
9.779999963378905647e+01
9.879999963378905647e+01
9.879999999999999716e+01
9.879999999999999716e+01
9.879999999999999716e+01
9.879999999999999716e+01
9.880000006103514920e+01
9.879999963378905647e+01
9.859999963378906784e+01
9.819999963378906216e+01
9.839999963378906500e+01
9.840000006103515773e+01
9.759999963378906784e+01
9.780000006103514920e+01
9.819999963378906216e+01
9.779999963378905647e+01
9.779999999999999716e+01
9.799999963378905932e+01
9.780000006103514920e+01
9.759999963378906784e+01
9.760000006103516057e+01
9.760000006103516057e+01
9.760000006103516057e+01
9.740000006103515773e+01
9.760000006103516057e+01
9.800000000000000000e+01
9.780000006103514920e+01
9.759999963378906784e+01
9.739999963378906500e+01
9.759999969482421989e+01
9.739999963378906500e+01
9.699999963378905932e+01
9.739999963378906500e+01
9.720000006103515489e+01
9.759999963378906784e+01
9.759999963378906784e+01
9.779999963378905647e+01
9.820000000000000284e+01
9.799999963378905932e+01
9.779999963378905647e+01
9.759999963378906784e+01
9.759999963378906784e+01
9.759999963378906784e+01
9.759999999999999432e+01
9.779999963378905647e+01
9.779999963378905647e+01
9.760000006103516057e+01
9.740000000000000568e+01
9.760000006103516057e+01
9.759999999999999432e+01
9.719999963378906216e+01
9.759999963378906784e+01
9.760000006103516057e+01
9.759999963378906784e+01
9.760000006103516057e+01
9.759999999999999432e+01
9.759999999999999432e+01
9.719999963378906216e+01
9.759999999999999432e+01
9.760000006103516057e+01
9.760000006103516057e+01
9.760000012207031261e+01
9.759999963378906784e+01
9.760000006103516057e+01
9.800000006103515204e+01
9.760000006103516057e+01
9.759999999999999432e+01
9.759999999999999432e+01
9.779999999999999716e+01
9.759999969482421989e+01
9.779999999999999716e+01
9.759999963378906784e+01
9.760000006103516057e+01
9.760000006103516057e+01
9.760000006103516057e+01
