2.399999988555908015e+00
3.999999988555908104e+00
1.379999994659423912e+01
2.379999989318847753e+01
1.199999989318847682e+01
2.960000000000000142e+01
4.739999969482421704e+01
3.879999984741210994e+01
2.399999990844726483e+01
3.699999990844726483e+01
4.600000003051757602e+01
5.140000006103515773e+01
4.640000003051757460e+01
2.959999986267089866e+01
6.599999981689452966e+01
7.319999951171874386e+01
4.679999969482421562e+01
4.879999996948242114e+01
5.699999987792968881e+01
5.239999984741211136e+01
5.859999975585937193e+01
5.479999978637695079e+01
7.439999963378906500e+01
7.179999987792969307e+01
4.979999999999999716e+01
6.859999963378906784e+01
5.039999972534180017e+01
4.119999981689453250e+01
6.239999978637695222e+01
8.339999987792968739e+01
8.939999981689453534e+01
7.939999987792968739e+01
6.600000012207031830e+01
6.219999990844726767e+01
5.500000006103515915e+01
6.939999969482421704e+01
7.739999951171874670e+01
7.320000000000000284e+01
6.459999969482421989e+01
8.059999993896484227e+01
8.559999975585937193e+01
5.899999984741211279e+01
7.000000006103515204e+01
8.039999987792968739e+01
8.559999993896484227e+01
8.199999951171875523e+01
6.420000000000000284e+01
6.940000000000000568e+01
3.219999996948241971e+01
7.319999957275391012e+01
6.899999969482422557e+01
5.279999981689453392e+01
7.299999963378905932e+01
7.020000012207030693e+01
7.539999993896483943e+01
8.159999938964843125e+01
6.159999975585937193e+01
8.319999957275391012e+01
7.299999963378905932e+01
7.540000000000000568e+01
6.339999981689452824e+01
8.339999963378906500e+01
8.819999938964843977e+01
7.979999999999999716e+01
8.279999981689452682e+01
9.119999938964843977e+01
7.839999993896483943e+01
7.619999945068359182e+01
7.760000006103516057e+01
8.000000000000000000e+01
8.259999957275390159e+01
7.519999951171874386e+01
7.019999981689453250e+01
8.879999938964843409e+01
9.019999981689453250e+01
7.819999951171874386e+01
8.799999938964843693e+01
7.780000006103514920e+01
8.879999987792969307e+01
9.099999969482422557e+01
8.379999993896484511e+01
8.999999975585937761e+01
8.679999945068360034e+01
9.040000012207030977e+01
9.540000012207030977e+01
9.720000000000000284e+01
9.439999963378906500e+01
9.700000006103515204e+01
9.639999963378906500e+01
9.660000006103516057e+01
9.640000000000000568e+01
9.759999999999999432e+01
9.559999975585937193e+01
9.479999963378905647e+01
9.459999963378906784e+01
9.380000006103514920e+01
9.499999969482422557e+01
9.420000012207030693e+01
9.259999963378906784e+01
9.400000006103515204e+01
9.559999963378906784e+01
9.339999963378906500e+01
9.320000006103515489e+01
9.479999975585937477e+01
9.420000012207030693e+01
9.279999945068360034e+01
9.579999969482422273e+01
9.219999975585938046e+01
9.380000006103514920e+01
9.460000012207031261e+01
9.520000006103515489e+01
9.619999969482421420e+01
9.519999969482421420e+01
9.380000006103514920e+01
9.419999969482421420e+01
9.480000006103514920e+01
9.599999963378905932e+01
9.559999969482421989e+01
9.439999975585936909e+01
9.399999938964843693e+01
9.419999963378906216e+01
9.519999969482421420e+01
9.560000006103516057e+01
9.600000000000000000e+01
9.700000006103515204e+01
9.660000006103516057e+01
9.680000006103514920e+01
9.799999963378905932e+01
9.759999999999999432e+01
9.859999999999999432e+01
9.920000000000000284e+01
9.700000006103515204e+01
9.899999963378905932e+01
9.879999963378905647e+01
9.879999963378905647e+01
9.880000006103514920e+01
9.900000006103515204e+01
9.819999969482421420e+01
9.920000006103515489e+01
9.679999963378905647e+01
9.660000012207031261e+01
9.659999999999999432e+01
9.680000006103514920e+01
9.700000012207031830e+01
9.640000006103515773e+01
9.700000006103515204e+01
9.600000006103515204e+01
9.680000006103514920e+01
9.560000012207031261e+01
9.519999963378906216e+01
9.639999963378906500e+01
9.600000012207031830e+01
9.639999963378906500e+01
9.660000012207031261e+01
9.659999963378906784e+01
9.719999963378906216e+01
9.519999963378906216e+01
9.600000000000000000e+01
9.460000006103516057e+01
9.659999963378906784e+01
9.599999963378905932e+01
9.619999963378906216e+01
9.720000006103515489e+01
9.680000006103514920e+01
9.699999963378905932e+01
9.699999963378905932e+01
9.660000006103516057e+01
9.600000006103515204e+01
9.639999969482421704e+01
9.640000006103515773e+01
9.720000012207030693e+01
9.700000000000000000e+01
9.539999963378906500e+01
9.579999963378905647e+01
9.619999963378906216e+01
9.619999969482421420e+01
9.619999969482421420e+01
9.619999963378906216e+01
9.579999969482422273e+01
9.679999969482422273e+01
9.699999969482422557e+01
9.499999963378905932e+01
9.700000006103515204e+01
9.639999969482421704e+01
9.639999963378906500e+01
9.579999963378905647e+01
9.579999963378905647e+01
9.680000006103514920e+01
9.579999963378905647e+01
9.640000012207030977e+01
9.659999969482421989e+01
9.719999963378906216e+01
9.719999963378906216e+01
9.659999963378906784e+01
9.640000006103515773e+01
9.679999963378905647e+01
9.639999963378906500e+01
9.720000006103515489e+01
9.540000012207030977e+01
9.639999969482421704e+01
