4.599999988555908637e+00
1.039999998474121057e+01
8.799999946594239120e+00
9.200000007629395071e+00
1.119999992370605391e+01
3.819999975585937335e+01
2.739999996948242256e+01
2.779999996948242114e+01
1.939999986267089938e+01
1.899999989318847682e+01
3.219999987792968454e+01
1.939999994659423876e+01
2.579999992370605355e+01
1.339999998474121057e+01
5.299999972534179449e+01
3.819999978637695648e+01
2.339999992370605497e+01
5.599999987792968881e+01
6.440000012207030977e+01
6.279999996948242114e+01
5.739999990844726341e+01
4.519999972534179733e+01
6.739999981689453534e+01
6.339999984741211136e+01
7.459999957275390159e+01
5.879999984741210994e+01
6.639999975585936909e+01
6.039999990844726341e+01
5.939999993896484654e+01
5.699999975585937761e+01
4.699999996948242398e+01
6.279999963378906358e+01
3.659999996948242540e+01
4.959999990844726625e+01
7.140000000000000568e+01
6.619999978637694937e+01
6.899999969482422557e+01
8.019999951171874386e+01
6.820000006103515489e+01
5.919999987792968454e+01
5.719999984741210852e+01
7.919999957275391012e+01
7.879999957275390443e+01
5.779999984741210994e+01
5.379999999999999716e+01
7.279999963378905647e+01
7.379999999999999716e+01
8.159999987792969023e+01
7.399999969482422557e+01
5.679999969482421562e+01
7.299999969482422557e+01
6.379999993896484511e+01
7.439999957275391296e+01
6.859999999999999432e+01
8.459999981689453818e+01
6.440000006103515773e+01
6.519999984741211563e+01
7.899999957275390727e+01
8.179999951171875239e+01
8.899999981689452966e+01
7.500000000000000000e+01
6.579999963378905647e+01
6.179999975585937477e+01
8.039999981689453534e+01
7.739999993896483943e+01
6.259999978637695506e+01
8.659999951171874955e+01
8.660000006103516057e+01
7.360000006103516057e+01
8.099999951171875523e+01
8.159999951171874955e+01
6.039999990844726341e+01
7.979999999999999716e+01
8.659999975585937193e+01
8.979999975585937477e+01
7.579999963378905647e+01
9.080000012207031546e+01
5.660000000000000142e+01
7.799999957275390727e+01
7.279999969482422273e+01
7.139999963378906500e+01
8.799999951171875523e+01
8.200000000000000000e+01
9.639999969482421704e+01
9.660000006103516057e+01
9.520000006103515489e+01
9.739999963378906500e+01
9.720000000000000284e+01
9.620000006103515489e+01
9.839999963378906500e+01
9.699999963378905932e+01
9.800000000000000000e+01
9.699999963378905932e+01
9.899999963378905932e+01
9.720000006103515489e+01
9.620000006103515489e+01
9.700000006103515204e+01
9.660000006103516057e+01
9.720000006103515489e+01
9.679999963378905647e+01
9.720000006103515489e+01
9.719999969482421420e+01
9.619999969482421420e+01
9.700000006103515204e+01
9.759999963378906784e+01
9.659999963378906784e+01
9.680000006103514920e+01
9.559999969482421989e+01
9.720000006103515489e+01
9.599999969482422557e+01
9.599999969482422557e+01
9.619999975585938046e+01
9.659999963378906784e+01
9.680000006103514920e+01
9.599999963378905932e+01
9.659999963378906784e+01
9.599999963378905932e+01
9.600000012207031830e+01
9.679999963378905647e+01
9.659999999999999432e+01
9.740000006103515773e+01
9.679999999999999716e+01
9.699999969482422557e+01
9.740000000000000568e+01
9.820000000000000284e+01
9.799999963378905932e+01
9.879999963378905647e+01
9.900000000000000000e+01
9.879999963378905647e+01
9.879999963378905647e+01
9.880000006103514920e+01
9.899999963378905932e+01
9.920000000000000284e+01
9.920000000000000284e+01
9.920000000000000284e+01
9.919999963378906216e+01
9.920000000000000284e+01
9.919999969482421420e+01
9.940000000000000568e+01
9.899999963378905932e+01
9.900000006103515204e+01
9.860000006103516057e+01
9.859999999999999432e+01
9.819999963378906216e+01
9.859999963378906784e+01
9.779999969482422273e+01
9.799999969482422557e+01
9.759999969482421989e+01
9.780000006103514920e+01
9.759999969482421989e+01
9.820000000000000284e+01
9.799999963378905932e+01
9.799999969482422557e+01
9.759999963378906784e+01
9.759999969482421989e+01
9.779999963378905647e+01
9.680000006103514920e+01
9.819999963378906216e+01
9.820000000000000284e+01
9.800000000000000000e+01
9.799999963378905932e+01
9.820000006103515489e+01
9.840000000000000568e+01
9.840000000000000568e+01
9.800000006103515204e+01
9.800000006103515204e+01
9.799999963378905932e+01
9.820000000000000284e+01
9.800000000000000000e+01
9.799999963378905932e+01
9.800000006103515204e+01
9.759999969482421989e+01
9.760000012207031261e+01
9.759999999999999432e+01
9.799999963378905932e+01
9.779999999999999716e+01
9.820000000000000284e+01
9.819999963378906216e+01
9.799999969482422557e+01
9.840000000000000568e+01
9.800000006103515204e+01
9.820000006103515489e+01
9.820000000000000284e+01
9.740000000000000568e+01
9.779999963378905647e+01
9.820000006103515489e+01
9.800000000000000000e+01
9.799999963378905932e+01
9.820000000000000284e+01
9.799999963378905932e+01
9.819999963378906216e+01
9.799999963378905932e+01
9.740000006103515773e+01
9.820000000000000284e+01
9.800000000000000000e+01
9.739999963378906500e+01
9.799999963378905932e+01
9.819999963378906216e+01
9.780000006103514920e+01
9.740000000000000568e+01
