0.000000000000000000e+00
6.999999988555908104e+00
4.399999977111816563e+00
2.600000000000000000e+01
3.300000003051757602e+01
3.999999990844726483e+01
3.559999996948242540e+01
2.919999984741210852e+01
4.019999969482422131e+01
3.899999975585937761e+01
2.339999986267089938e+01
3.879999975585937477e+01
2.019999989318847611e+01
3.019999993896484369e+01
2.880000000000000071e+01
3.419999993896484369e+01
5.079999999999999716e+01
3.559999990844726625e+01
4.359999978637695506e+01
3.519999981689453250e+01
5.639999993896484654e+01
2.759999984741211065e+01
5.200000000000000000e+01
7.520000000000000284e+01
5.179999993896484511e+01
6.080000003051758029e+01
6.799999984741211279e+01
6.279999981689453392e+01
7.559999957275390159e+01
6.799999984741211279e+01
5.879999990844726909e+01
6.219999981689453250e+01
5.319999969482422131e+01
4.039999972534180017e+01
6.119999975585937335e+01
7.740000000000000568e+01
8.059999945068359750e+01
6.139999978637695222e+01
7.739999951171874670e+01
6.919999963378906216e+01
5.360000003051757744e+01
5.900000006103515915e+01
6.139999987792968739e+01
3.259999993896484227e+01
5.060000000000000142e+01
8.859999969482421989e+01
7.440000000000000568e+01
7.320000006103515489e+01
7.959999999999999432e+01
8.579999975585937477e+01
7.599999963378905932e+01
7.659999951171874955e+01
8.079999963378905647e+01
8.920000012207030693e+01
7.839999945068359466e+01
7.599999993896484796e+01
7.719999951171874386e+01
7.379999981689452682e+01
6.679999978637695790e+01
5.619999987792968454e+01
7.039999975585936909e+01
8.299999987792968170e+01
6.639999987792968739e+01
4.939999969482421704e+01
6.239999990844726341e+01
6.980000006103514920e+01
6.640000012207030977e+01
8.539999957275391296e+01
7.439999938964844262e+01
7.959999981689453818e+01
8.619999938964843977e+01
7.739999957275391296e+01
5.659999969482421989e+01
6.919999984741211563e+01
8.720000006103515489e+01
8.699999981689452966e+01
8.299999951171875523e+01
7.959999987792969023e+01
7.239999957275391296e+01
8.839999951171874670e+01
8.679999987792969307e+01
8.620000012207030693e+01
5.639999981689452824e+01
9.699999963378905932e+01
9.739999963378906500e+01
9.740000000000000568e+01
9.759999963378906784e+01
9.720000012207030693e+01
9.659999999999999432e+01
9.739999963378906500e+01
9.779999999999999716e+01
9.779999969482422273e+01
9.859999999999999432e+01
9.760000006103516057e+01
9.779999999999999716e+01
9.639999963378906500e+01
9.800000000000000000e+01
9.699999963378905932e+01
9.639999963378906500e+01
9.699999963378905932e+01
9.639999963378906500e+01
9.700000006103515204e+01
9.680000006103514920e+01
9.759999999999999432e+01
9.679999963378905647e+01
9.620000006103515489e+01
9.720000006103515489e+01
9.300000012207031830e+01
9.600000006103515204e+01
9.740000000000000568e+01
9.619999975585938046e+01
9.579999963378905647e+01
9.520000006103515489e+01
9.679999963378905647e+01
9.660000006103516057e+01
9.599999963378905932e+01
9.640000006103515773e+01
9.720000000000000284e+01
9.739999963378906500e+01
9.720000006103515489e+01
9.740000000000000568e+01
9.799999963378905932e+01
9.719999963378906216e+01
9.759999963378906784e+01
9.820000000000000284e+01
9.799999963378905932e+01
9.840000000000000568e+01
9.819999963378906216e+01
9.859999999999999432e+01
9.839999963378906500e+01
9.799999963378905932e+01
9.799999963378905932e+01
9.879999999999999716e+01
9.799999963378905932e+01
9.819999963378906216e+01
9.840000000000000568e+01
9.820000006103515489e+01
9.900000006103515204e+01
9.859999999999999432e+01
9.859999999999999432e+01
9.779999963378905647e+01
9.780000006103514920e+01
9.759999963378906784e+01
9.759999969482421989e+01
9.759999963378906784e+01
9.779999999999999716e+01
9.759999999999999432e+01
9.780000006103514920e+01
9.779999963378905647e+01
9.779999999999999716e+01
9.759999963378906784e+01
9.800000000000000000e+01
9.760000006103516057e+01
9.800000006103515204e+01
9.779999963378905647e+01
9.799999963378905932e+01
9.739999963378906500e+01
9.780000006103514920e+01
9.800000006103515204e+01
9.800000000000000000e+01
9.800000000000000000e+01
9.800000000000000000e+01
9.760000006103516057e+01
9.799999963378905932e+01
9.799999963378905932e+01
9.800000000000000000e+01
9.779999999999999716e+01
9.800000000000000000e+01
9.799999963378905932e+01
9.800000012207031830e+01
9.759999999999999432e+01
9.800000000000000000e+01
9.800000000000000000e+01
9.800000006103515204e+01
9.799999963378905932e+01
9.759999999999999432e+01
9.799999969482422557e+01
9.759999999999999432e+01
9.800000000000000000e+01
9.800000006103515204e+01
9.779999963378905647e+01
9.779999963378905647e+01
9.799999963378905932e+01
9.779999963378905647e+01
9.800000000000000000e+01
9.799999963378905932e+01
9.799999963378905932e+01
9.800000006103515204e+01
9.800000000000000000e+01
9.800000000000000000e+01
9.799999963378905932e+01
9.799999963378905932e+01
9.799999969482422557e+01
9.779999963378905647e+01
9.799999963378905932e+01
9.800000000000000000e+01
9.799999963378905932e+01
9.800000006103515204e+01
9.800000006103515204e+01
9.800000000000000000e+01
