1.399999994277954185e+00
1.899999993896484440e+01
1.259999995422363206e+01
1.559999992370605426e+01
1.619999997711181550e+01
1.819999995422363170e+01
2.519999981689453250e+01
4.299999996948242398e+01
2.579999987792968597e+01
1.860000000000000142e+01
1.920000001525878730e+01
3.539999981689452824e+01
3.679999987792968597e+01
2.919999990844726412e+01
4.559999990844726625e+01
3.159999990844726625e+01
6.159999990844726625e+01
2.639999989318847540e+01
5.340000006103515773e+01
5.259999987792969023e+01
4.439999984741211136e+01
5.179999993896484511e+01
3.919999978637695648e+01
5.360000006103515346e+01
3.039999993896484298e+01
6.399999981689452966e+01
4.420000006103515489e+01
5.599999987792968881e+01
4.440000006103515773e+01
7.319999951171874386e+01
4.839999996948242256e+01
6.239999987792968739e+01
6.279999969482421562e+01
4.879999978637695079e+01
6.480000012207031546e+01
5.579999990844726909e+01
5.380000003051758029e+01
6.259999984741210710e+01
6.079999987792968597e+01
5.879999975585937477e+01
6.579999963378905647e+01
8.420000012207030693e+01
6.919999969482421420e+01
5.119999990844726767e+01
5.999999981689452966e+01
6.380000012207031546e+01
6.879999978637695790e+01
5.539999987792968739e+01
7.659999993896484227e+01
6.519999981689453250e+01
7.080000006103514920e+01
8.739999975585936909e+01
7.279999963378905647e+01
6.079999984741210994e+01
7.239999993896483943e+01
7.779999957275390443e+01
7.160000006103516057e+01
7.099999981689452966e+01
6.419999984741211563e+01
7.459999963378906784e+01
8.139999981689453534e+01
7.819999945068359182e+01
3.859999990844726625e+01
7.959999987792969023e+01
7.779999963378905647e+01
6.840000012207030977e+01
7.079999969482422273e+01
7.179999975585937477e+01
7.559999993896484227e+01
7.219999978637694937e+01
8.459999987792969023e+01
8.619999981689453250e+01
8.819999975585938046e+01
8.259999987792969023e+01
8.959999975585937193e+01
8.559999969482421989e+01
7.719999987792968454e+01
8.239999993896483943e+01
9.200000012207031830e+01
9.320000000000000284e+01
8.539999945068359466e+01
9.000000012207031830e+01
9.459999963378906784e+01
9.679999969482422273e+01
9.719999969482421420e+01
9.579999963378905647e+01
9.640000006103515773e+01
9.600000012207031830e+01
9.539999969482421704e+01
9.700000006103515204e+01
9.620000006103515489e+01
9.599999963378905932e+01
9.540000000000000568e+01
9.580000012207031546e+01
9.639999963378906500e+01
9.599999969482422557e+01
9.819999963378906216e+01
9.600000006103515204e+01
9.740000006103515773e+01
9.779999963378905647e+01
9.699999969482422557e+01
9.659999963378906784e+01
9.720000006103515489e+01
9.620000006103515489e+01
9.679999963378905647e+01
9.779999963378905647e+01
9.699999963378905932e+01
9.800000006103515204e+01
9.679999999999999716e+01
9.779999999999999716e+01
9.819999963378906216e+01
9.800000000000000000e+01
9.719999963378906216e+01
9.799999963378905932e+01
9.760000006103516057e+01
9.679999999999999716e+01
9.699999969482422557e+01
9.719999969482421420e+01
9.620000006103515489e+01
9.780000006103514920e+01
9.759999963378906784e+01
9.799999963378905932e+01
9.720000006103515489e+01
9.900000006103515204e+01
9.859999999999999432e+01
9.840000000000000568e+01
9.839999963378906500e+01
9.799999963378905932e+01
9.899999963378905932e+01
9.880000006103514920e+01
9.919999963378906216e+01
9.900000000000000000e+01
9.840000006103515773e+01
9.920000000000000284e+01
9.939999963378906500e+01
9.899999963378905932e+01
9.820000000000000284e+01
9.819999963378906216e+01
9.779999969482422273e+01
9.800000000000000000e+01
9.799999963378905932e+01
9.779999999999999716e+01
9.800000000000000000e+01
9.700000006103515204e+01
9.759999963378906784e+01
9.700000006103515204e+01
9.739999963378906500e+01
9.680000006103514920e+01
9.740000006103515773e+01
9.700000000000000000e+01
9.719999963378906216e+01
9.760000006103516057e+01
9.740000000000000568e+01
9.740000012207030977e+01
9.640000006103515773e+01
9.759999963378906784e+01
9.719999969482421420e+01
9.779999969482422273e+01
9.719999963378906216e+01
9.779999999999999716e+01
9.740000006103515773e+01
9.699999969482422557e+01
9.720000006103515489e+01
9.759999963378906784e+01
9.740000000000000568e+01
9.739999969482421704e+01
9.680000006103514920e+01
9.700000006103515204e+01
9.779999969482422273e+01
9.779999963378905647e+01
9.779999963378905647e+01
9.679999969482422273e+01
9.679999963378905647e+01
9.779999999999999716e+01
9.759999963378906784e+01
9.719999969482421420e+01
9.759999963378906784e+01
9.739999963378906500e+01
9.779999963378905647e+01
9.720000006103515489e+01
9.759999963378906784e+01
9.800000000000000000e+01
9.739999963378906500e+01
9.699999963378905932e+01
9.779999999999999716e+01
9.719999963378906216e+01
9.739999969482421704e+01
9.779999999999999716e+01
9.740000006103515773e+01
9.780000006103514920e+01
9.759999963378906784e+01
9.699999963378905932e+01
9.699999969482422557e+01
9.739999963378906500e+01
9.760000006103516057e+01
9.779999963378905647e+01
9.719999969482421420e+01
9.740000000000000568e+01
9.760000006103516057e+01
9.760000006103516057e+01
