1.600000000000000089e+00
2.019999989318847611e+01
1.120000001525878908e+01
9.999999984741210213e+00
1.000000000762939401e+01
6.999999946594238409e+00
4.600000007629394538e+00
1.560000001525878943e+01
9.999999984741210213e+00
2.119999999999999929e+01
2.300000003051757957e+01
2.199999996948242043e+01
2.880000000000000071e+01
2.359999992370605426e+01
2.219999999999999929e+01
1.859999986267089866e+01
2.499999987792968881e+01
4.219999987792968454e+01
3.879999975585937477e+01
4.000000003051757602e+01
3.679999981689453392e+01
3.479999975585937477e+01
2.819999990844726412e+01
4.179999972534179875e+01
4.159999972534179591e+01
4.819999993896484369e+01
6.459999987792969023e+01
5.479999990844726909e+01
3.499999984741211279e+01
3.920000003051757886e+01
4.339999999999999858e+01
4.599999969482421847e+01
5.519999990844726767e+01
3.919999978637695648e+01
5.360000003051757744e+01
2.539999995422363455e+01
3.299999984741211279e+01
6.840000012207030977e+01
4.740000003051757460e+01
5.020000000000000284e+01
6.399999981689452966e+01
1.419999989318847611e+01
6.159999987792969023e+01
6.079999975585937477e+01
4.019999990844726767e+01
7.639999957275391296e+01
5.020000003051757886e+01
5.639999969482421704e+01
3.519999996948241971e+01
5.939999990844726341e+01
7.440000006103515773e+01
5.539999987792968739e+01
6.219999978637695648e+01
4.399999972534179449e+01
5.460000006103515346e+01
7.139999957275391296e+01
7.160000006103516057e+01
6.759999963378906784e+01
5.639999972534180017e+01
7.459999945068359750e+01
5.959999984741210710e+01
6.500000006103515204e+01
7.959999963378906784e+01
7.219999951171874386e+01
7.340000000000000568e+01
7.740000006103515773e+01
5.640000003051757460e+01
7.059999993896484227e+01
6.879999975585937477e+01
6.759999978637695506e+01
6.640000006103515773e+01
3.719999996948241971e+01
6.259999993896484227e+01
6.399999978637695364e+01
7.259999969482421989e+01
8.059999945068359750e+01
4.259999969482421989e+01
6.519999987792968454e+01
6.719999963378906216e+01
5.039999975585937619e+01
8.039999951171874670e+01
6.779999990844726199e+01
6.419999984741211563e+01
7.839999951171874670e+01
7.739999951171874670e+01
8.759999951171874955e+01
9.219999975585938046e+01
9.340000006103515773e+01
9.340000006103515773e+01
9.379999963378905647e+01
9.399999945068358898e+01
9.339999981689453534e+01
9.360000006103516057e+01
9.500000000000000000e+01
9.239999975585936909e+01
9.520000006103515489e+01
9.260000012207031261e+01
9.460000012207031261e+01
9.439999963378906500e+01
9.220000012207030693e+01
9.380000012207031546e+01
9.399999987792968170e+01
9.399999975585937761e+01
9.259999938964843125e+01
9.319999969482421420e+01
9.300000000000000000e+01
9.119999969482421420e+01
9.199999969482422557e+01
9.320000012207030693e+01
9.339999969482421704e+01
9.440000006103515773e+01
9.319999969482421420e+01
9.340000000000000568e+01
9.279999969482422273e+01
9.280000006103514920e+01
9.379999938964843409e+01
9.339999975585936909e+01
9.520000006103515489e+01
9.179999981689452682e+01
9.219999963378906216e+01
9.239999975585936909e+01
9.419999969482421420e+01
9.319999969482421420e+01
9.439999945068359466e+01
9.420000006103515489e+01
9.399999963378905932e+01
9.440000000000000568e+01
9.599999969482422557e+01
9.660000006103516057e+01
9.820000006103515489e+01
9.799999969482422557e+01
9.700000006103515204e+01
9.820000006103515489e+01
9.799999963378905932e+01
9.779999999999999716e+01
9.800000000000000000e+01
9.879999999999999716e+01
9.779999999999999716e+01
9.739999963378906500e+01
9.779999999999999716e+01
9.740000006103515773e+01
9.639999963378906500e+01
9.640000006103515773e+01
9.639999963378906500e+01
9.659999999999999432e+01
9.659999969482421989e+01
9.579999969482422273e+01
9.540000006103515773e+01
9.639999963378906500e+01
9.539999963378906500e+01
9.559999963378906784e+01
9.519999938964843977e+01
9.580000006103514920e+01
9.600000006103515204e+01
9.559999963378906784e+01
9.639999969482421704e+01
9.619999963378906216e+01
9.579999969482422273e+01
9.540000000000000568e+01
9.500000000000000000e+01
9.559999969482421989e+01
9.480000012207031546e+01
9.579999999999999716e+01
9.499999963378905932e+01
9.600000012207031830e+01
9.600000006103515204e+01
9.520000006103515489e+01
9.479999963378905647e+01
9.540000006103515773e+01
9.579999999999999716e+01
9.559999963378906784e+01
9.560000006103516057e+01
9.600000000000000000e+01
9.519999969482421420e+01
9.540000006103515773e+01
9.579999963378905647e+01
9.599999963378905932e+01
9.619999963378906216e+01
9.620000006103515489e+01
9.640000000000000568e+01
9.620000006103515489e+01
9.619999963378906216e+01
9.620000006103515489e+01
9.599999969482422557e+01
9.619999963378906216e+01
9.559999999999999432e+01
9.600000006103515204e+01
9.620000012207030693e+01
9.559999975585937193e+01
9.619999969482421420e+01
9.579999999999999716e+01
9.599999963378905932e+01
9.599999963378905932e+01
9.559999969482421989e+01
9.560000012207031261e+01
9.520000006103515489e+01
9.600000006103515204e+01
9.600000000000000000e+01
9.600000006103515204e+01
9.620000006103515489e+01
