1.199999994277954007e+00
5.999999994277954052e+00
9.000000015258789787e+00
1.099999992370605462e+01
1.819999989318847611e+01
4.799999977111816030e+00
9.399999923706054972e+00
1.899999986267089724e+01
2.020000003051757886e+01
1.839999989318847540e+01
1.399999997711181621e+01
1.519999998474121128e+01
2.699999996948242043e+01
1.319999995422363348e+01
1.719999986267090009e+01
1.479999992370605533e+01
1.839999992370605497e+01
4.439999972534180017e+01
3.499999972534179449e+01
4.179999999999999716e+01
2.519999987792968810e+01
3.199999990844726483e+01
4.379999990844726909e+01
3.739999996948242256e+01
2.939999981689453179e+01
3.219999993896484369e+01
2.759999993896484227e+01
5.019999993896484369e+01
3.179999984741210994e+01
4.679999981689453392e+01
5.719999987792968454e+01
3.399999984741211279e+01
4.620000000000000284e+01
5.819999978637695648e+01
2.660000000000000142e+01
4.560000006103515346e+01
5.279999996948242114e+01
5.120000006103515489e+01
6.539999978637695222e+01
4.779999972534179875e+01
4.079999984741210994e+01
5.360000000000000142e+01
4.379999969482421562e+01
3.759999987792969023e+01
6.320000006103515489e+01
7.620000006103515489e+01
2.080000000000000071e+01
5.099999996948242398e+01
1.719999995422363170e+01
5.219999969482422131e+01
3.899999981689452966e+01
4.560000006103515346e+01
3.139999993896484298e+01
6.779999963378905647e+01
4.499999993896484085e+01
4.080000003051758029e+01
7.179999981689452682e+01
4.359999993896484227e+01
6.799999975585937761e+01
4.419999984741210852e+01
5.939999987792968739e+01
6.299999984741211279e+01
7.059999987792969023e+01
5.439999993896484654e+01
5.799999981689452966e+01
6.059999993896484227e+01
4.459999984741210710e+01
5.879999990844726909e+01
4.319999981689453250e+01
2.260000000000000142e+01
7.479999993896484511e+01
6.059999993896484227e+01
5.679999996948242114e+01
6.200000006103515915e+01
5.799999981689452966e+01
6.479999981689452682e+01
6.699999987792968170e+01
6.699999963378905932e+01
3.599999987792968881e+01
7.319999993896485080e+01
5.319999975585937335e+01
5.740000012207030977e+01
6.419999981689453250e+01
6.199999987792968881e+01
7.959999945068359750e+01
5.479999993896484511e+01
5.839999999999999858e+01
6.179999978637695079e+01
7.559999945068359750e+01
9.159999969482421989e+01
6.219999993896484369e+01
5.259999993896484227e+01
5.939999990844726341e+01
7.679999987792969307e+01
6.079999981689453392e+01
8.719999945068359182e+01
7.620000000000000284e+01
7.019999957275391012e+01
7.199999957275390727e+01
6.079999981689453392e+01
5.559999981689453108e+01
6.459999975585937193e+01
7.819999938964843977e+01
7.039999993896483943e+01
8.039999987792968739e+01
7.059999957275390159e+01
8.519999981689453250e+01
8.000000006103515204e+01
6.739999957275391296e+01
9.339999969482421704e+01
9.600000006103515204e+01
9.620000006103515489e+01
9.400000006103515204e+01
9.319999975585938046e+01
9.559999975585937193e+01
9.580000012207031546e+01
9.359999969482421989e+01
9.340000012207030977e+01
9.619999963378906216e+01
9.199999981689452966e+01
9.379999975585937477e+01
9.499999975585937761e+01
9.479999975585937477e+01
9.519999969482421420e+01
9.499999963378905932e+01
9.539999969482421704e+01
9.460000012207031261e+01
9.660000006103516057e+01
9.620000006103515489e+01
9.459999963378906784e+01
9.680000006103514920e+01
9.719999969482421420e+01
9.660000006103516057e+01
9.560000006103516057e+01
9.679999969482422273e+01
9.699999969482422557e+01
9.480000012207031546e+01
9.700000006103515204e+01
9.639999963378906500e+01
9.520000006103515489e+01
9.659999999999999432e+01
9.639999963378906500e+01
9.740000006103515773e+01
9.519999975585938046e+01
9.619999963378906216e+01
9.780000006103514920e+01
9.620000006103515489e+01
9.640000006103515773e+01
9.679999999999999716e+01
9.659999963378906784e+01
9.539999975585936909e+01
9.740000006103515773e+01
9.740000012207030977e+01
9.759999999999999432e+01
9.719999963378906216e+01
9.559999969482421989e+01
9.620000012207030693e+01
9.540000012207030977e+01
9.679999999999999716e+01
9.699999963378905932e+01
9.780000006103514920e+01
9.719999963378906216e+01
9.619999963378906216e+01
9.720000006103515489e+01
9.759999963378906784e+01
9.800000000000000000e+01
9.800000000000000000e+01
9.859999999999999432e+01
9.760000006103516057e+01
9.799999963378905932e+01
9.679999963378905647e+01
9.740000000000000568e+01
9.819999963378906216e+01
9.780000012207031546e+01
9.840000000000000568e+01
9.820000000000000284e+01
9.859999999999999432e+01
9.759999963378906784e+01
9.740000006103515773e+01
9.700000006103515204e+01
9.699999969482422557e+01
9.679999999999999716e+01
9.679999963378905647e+01
9.679999963378905647e+01
9.699999969482422557e+01
9.679999969482422273e+01
9.659999999999999432e+01
9.680000006103514920e+01
9.679999963378905647e+01
9.679999963378905647e+01
9.639999969482421704e+01
9.720000006103515489e+01
9.660000006103516057e+01
9.719999969482421420e+01
9.679999963378905647e+01
9.640000006103515773e+01
9.700000006103515204e+01
9.660000012207031261e+01
9.640000006103515773e+01
9.680000006103514920e+01
