6.999999977111816207e+00
2.199999994277954229e+00
4.000000007629394894e+00
1.200000000762939401e+01
2.899999986267089724e+01
1.559999998474121163e+01
2.380000003051757673e+01
3.840000006103515773e+01
3.539999984741211136e+01
1.879999998474121270e+01
2.339999999999999858e+01
5.400000007629394361e+00
4.779999975585937477e+01
2.700000003051757957e+01
3.019999999999999929e+01
7.400000007629394361e+00
5.739999963378906500e+01
4.640000006103515773e+01
4.239999972534180017e+01
3.919999990844726767e+01
5.559999987792969023e+01
5.780000006103515631e+01
2.239999989318847540e+01
3.179999986267089795e+01
4.640000006103515773e+01
1.699999986267089724e+01
4.600000006103515915e+01
5.599999987792968881e+01
2.979999981689453037e+01
4.659999978637695506e+01
4.479999990844726909e+01
1.879999992370605355e+01
2.539999996948242256e+01
3.839999987792968739e+01
3.799999972534179449e+01
5.720000012207031403e+01
3.879999978637695079e+01
4.680000006103515631e+01
7.960000006103516057e+01
3.699999975585937761e+01
4.539999972534180017e+01
4.559999972534179591e+01
4.099999969482421847e+01
5.559999987792969023e+01
4.479999975585937477e+01
4.219999969482422131e+01
4.520000003051757886e+01
4.620000003051757886e+01
5.739999999999999858e+01
5.939999978637695222e+01
7.319999993896485080e+01
7.020000006103515489e+01
7.219999963378906216e+01
7.940000006103515773e+01
6.019999987792968454e+01
5.859999993896484227e+01
5.079999996948242114e+01
6.139999978637695222e+01
3.379999978637695079e+01
5.500000003051757602e+01
5.499999981689452966e+01
3.799999978637695364e+01
3.119999993896484369e+01
6.639999990844727051e+01
7.700000012207031830e+01
6.660000012207031261e+01
5.019999987792968454e+01
6.879999969482422273e+01
6.679999969482422273e+01
4.759999981689453108e+01
4.639999993896484654e+01
2.839999996948242256e+01
4.679999969482421562e+01
5.099999987792968881e+01
6.119999981689453250e+01
6.920000012207030693e+01
4.220000003051757886e+01
5.939999981689452824e+01
4.859999996948242540e+01
6.439999963378906500e+01
8.979999938964843409e+01
3.460000000000000142e+01
6.559999978637695506e+01
7.579999957275390443e+01
7.840000006103515773e+01
8.239999981689453534e+01
8.899999938964843693e+01
9.299999945068358898e+01
9.419999969482421420e+01
9.399999975585937761e+01
9.439999969482421704e+01
9.280000012207031546e+01
9.459999999999999432e+01
9.440000006103515773e+01
9.459999963378906784e+01
9.319999963378906216e+01
9.299999969482422557e+01
9.299999963378905932e+01
9.279999975585937477e+01
9.300000006103515204e+01
9.279999969482422273e+01
9.459999975585937193e+01
9.339999969482421704e+01
9.299999975585937761e+01
9.379999969482422273e+01
9.260000012207031261e+01
9.419999963378906216e+01
9.260000006103516057e+01
9.400000006103515204e+01
9.379999938964843409e+01
9.459999975585937193e+01
9.259999969482421989e+01
9.319999969482421420e+01
9.440000006103515773e+01
9.320000006103515489e+01
9.359999969482421989e+01
9.479999969482422273e+01
9.260000012207031261e+01
9.359999963378906784e+01
9.279999969482422273e+01
9.319999969482421420e+01
9.300000006103515204e+01
9.240000006103515773e+01
9.459999963378906784e+01
9.419999963378906216e+01
9.519999969482421420e+01
9.520000012207030693e+01
9.499999969482422557e+01
9.499999969482422557e+01
9.500000006103515204e+01
9.639999963378906500e+01
9.639999963378906500e+01
9.659999969482421989e+01
9.660000012207031261e+01
9.699999969482422557e+01
9.599999969482422557e+01
9.779999999999999716e+01
9.700000000000000000e+01
9.700000000000000000e+01
9.680000006103514920e+01
9.660000006103516057e+01
9.719999963378906216e+01
9.680000012207031546e+01
9.659999963378906784e+01
9.639999963378906500e+01
9.599999969482422557e+01
9.559999963378906784e+01
9.440000012207030977e+01
9.480000006103514920e+01
9.539999969482421704e+01
9.599999969482422557e+01
9.500000006103515204e+01
9.560000012207031261e+01
9.580000006103514920e+01
9.579999963378905647e+01
9.480000006103514920e+01
9.579999981689452682e+01
9.540000006103515773e+01
9.560000006103516057e+01
9.559999969482421989e+01
9.519999963378906216e+01
9.539999969482421704e+01
9.519999969482421420e+01
9.540000006103515773e+01
9.579999963378905647e+01
9.579999975585937477e+01
9.559999969482421989e+01
9.599999969482422557e+01
9.599999963378905932e+01
9.600000012207031830e+01
9.619999969482421420e+01
9.579999969482422273e+01
9.560000012207031261e+01
9.599999969482422557e+01
9.599999969482422557e+01
9.599999969482422557e+01
9.620000006103515489e+01
9.520000006103515489e+01
9.619999969482421420e+01
9.520000000000000284e+01
9.580000012207031546e+01
9.580000012207031546e+01
9.519999938964843977e+01
9.540000012207030977e+01
9.600000006103515204e+01
9.539999969482421704e+01
9.599999969482422557e+01
9.499999969482422557e+01
9.560000012207031261e+01
9.539999963378906500e+01
9.540000006103515773e+01
9.579999975585937477e+01
9.579999975585937477e+01
9.560000006103516057e+01
9.579999963378905647e+01
9.559999969482421989e+01
9.560000006103516057e+01
9.560000006103516057e+01
9.579999963378905647e+01
9.580000006103514920e+01
