0.000000000000000000e+00
0.000000000000000000e+00
9.900000000000000355e+00
1.009999999999999964e+01
9.599999999999999645e+00
1.789999999999999858e+01
6.200000000000000000e+01
8.820000000000000284e+01
8.740000000000000568e+01
9.750000000000000000e+01
9.909999999999999432e+01
9.850000000000000000e+01
9.909999999999999432e+01
9.920000000000000284e+01
9.890000000000000568e+01
9.859999999999999432e+01
9.859999999999999432e+01
9.929999999999999716e+01
9.890000000000000568e+01
9.890000000000000568e+01
9.900000000000000000e+01
9.900000000000000000e+01
9.890000000000000568e+01
9.890000000000000568e+01
9.890000000000000568e+01
9.900000000000000000e+01
9.909999999999999432e+01
9.900000000000000000e+01
9.900000000000000000e+01
9.900000000000000000e+01
9.900000000000000000e+01
9.890000000000000568e+01
9.890000000000000568e+01
9.890000000000000568e+01
9.890000000000000568e+01
9.890000000000000568e+01
9.890000000000000568e+01
9.890000000000000568e+01
9.890000000000000568e+01
9.890000000000000568e+01
