0.000000000000000000e+00
0.000000000000000000e+00
1.080000000000000071e+01
1.000000000000000000e+01
1.009999999999999964e+01
1.240000000000000036e+01
5.610000000000000142e+01
6.700000000000000000e+01
7.690000000000000568e+01
8.409999999999999432e+01
9.159999999999999432e+01
9.279999999999999716e+01
9.620000000000000284e+01
9.590000000000000568e+01
9.670000000000000284e+01
9.870000000000000284e+01
9.690000000000000568e+01
9.909999999999999432e+01
9.909999999999999432e+01
9.920000000000000284e+01
9.900000000000000000e+01
9.909999999999999432e+01
9.920000000000000284e+01
9.920000000000000284e+01
9.920000000000000284e+01
9.920000000000000284e+01
9.940000000000000568e+01
9.940000000000000568e+01
9.940000000000000568e+01
9.940000000000000568e+01
9.940000000000000568e+01
9.940000000000000568e+01
9.940000000000000568e+01
9.940000000000000568e+01
9.940000000000000568e+01
9.940000000000000568e+01
9.940000000000000568e+01
9.940000000000000568e+01
9.940000000000000568e+01
9.940000000000000568e+01
