0.000000000000000000e+00
0.000000000000000000e+00
1.150000000000000000e+01
1.159999999999999964e+01
1.150000000000000000e+01
1.140000000000000036e+01
1.219999999999999929e+01
1.600000000000000000e+01
2.719999999999999929e+01
3.370000000000000284e+01
5.029999999999999716e+01
6.800000000000000000e+01
6.200000000000000000e+01
7.129999999999999716e+01
8.729999999999999716e+01
8.650000000000000000e+01
9.200000000000000000e+01
9.700000000000000000e+01
9.790000000000000568e+01
9.779999999999999716e+01
9.770000000000000284e+01
9.800000000000000000e+01
9.800000000000000000e+01
9.800000000000000000e+01
9.840000000000000568e+01
9.870000000000000284e+01
9.879999999999999716e+01
9.879999999999999716e+01
9.879999999999999716e+01
9.879999999999999716e+01
9.879999999999999716e+01
9.879999999999999716e+01
9.879999999999999716e+01
9.879999999999999716e+01
9.879999999999999716e+01
9.879999999999999716e+01
9.879999999999999716e+01
9.879999999999999716e+01
9.879999999999999716e+01
9.879999999999999716e+01
