0.000000000000000000e+00
0.000000000000000000e+00
1.350000000000000000e+01
1.159999999999999964e+01
1.219999999999999929e+01
1.180000000000000071e+01
1.350000000000000000e+01
1.939999999999999858e+01
2.600000000000000000e+01
3.620000000000000284e+01
5.720000000000000284e+01
7.209999999999999432e+01
8.259999999999999432e+01
7.750000000000000000e+01
8.950000000000000000e+01
9.109999999999999432e+01
9.509999999999999432e+01
9.670000000000000284e+01
9.809999999999999432e+01
9.809999999999999432e+01
9.840000000000000568e+01
9.840000000000000568e+01
9.840000000000000568e+01
9.829999999999999716e+01
9.870000000000000284e+01
9.879999999999999716e+01
9.900000000000000000e+01
9.929999999999999716e+01
9.929999999999999716e+01
9.929999999999999716e+01
9.929999999999999716e+01
9.940000000000000568e+01
9.940000000000000568e+01
9.940000000000000568e+01
9.929999999999999716e+01
9.940000000000000568e+01
9.929999999999999716e+01
9.929999999999999716e+01
9.940000000000000568e+01
9.929999999999999716e+01
