2.000000000000000111e-01
0.000000000000000000e+00
8.000000000000000444e-01
2.039999989318847540e+01
1.879999998474121270e+01
3.499999986267089724e+01
3.559999981689453108e+01
3.919999975585937335e+01
1.659999989318847824e+01
4.879999987792968597e+01
5.419999993896484369e+01
5.039999969482421704e+01
2.699999990844726483e+01
2.980000000000000071e+01
5.800000007629394716e+00
1.600000001525878801e+01
7.159999975585937193e+01
5.060000003051757744e+01
5.539999963378906500e+01
2.539999992370605497e+01
8.759999945068359750e+01
8.000000000000000000e+01
6.379999984741210994e+01
4.580000003051758029e+01
6.660000012207031261e+01
4.439999981689452824e+01
4.120000006103515489e+01
5.039999999999999858e+01
3.759999972534179591e+01
7.479999981689452682e+01
3.180000000000000071e+01
2.960000003051757744e+01
8.319999981689453250e+01
6.239999978637695222e+01
7.219999975585938046e+01
3.299999986267089724e+01
6.759999963378906784e+01
9.859999999999999432e+01
6.299999981689452966e+01
9.500000006103515204e+01
7.920000006103515489e+01
5.839999981689452824e+01
3.980000006103515631e+01
6.279999999999999716e+01
5.419999996948241971e+01
9.219999951171874386e+01
2.459999989318847824e+01
7.199999978637694653e+01
5.859999987792969023e+01
9.359999963378906784e+01
8.579999957275390443e+01
5.879999999999999716e+01
3.439999981689452824e+01
7.799999963378905932e+01
3.539999975585937619e+01
8.959999938964843125e+01
7.359999963378906784e+01
7.939999987792968739e+01
6.399999975585937761e+01
1.319999992370605391e+01
8.879999975585937477e+01
9.359999969482421989e+01
5.000000000000000000e+01
7.679999999999999716e+01
6.699999987792968170e+01
8.719999957275391012e+01
6.639999978637695222e+01
8.539999993896483943e+01
7.119999975585938046e+01
9.099999938964843693e+01
6.939999969482421704e+01
9.259999975585937193e+01
9.839999963378906500e+01
8.939999969482421704e+01
6.259999957275390869e+01
9.220000006103515489e+01
7.079999969482422273e+01
8.919999945068359182e+01
6.759999975585937193e+01
8.559999975585937193e+01
5.659999990844726625e+01
5.779999984741210994e+01
9.460000006103516057e+01
9.800000006103515204e+01
9.099999975585937761e+01
9.620000006103515489e+01
9.699999963378905932e+01
9.640000000000000568e+01
9.439999975585936909e+01
9.560000006103516057e+01
8.960000012207031261e+01
9.239999969482421704e+01
9.519999969482421420e+01
9.499999945068358898e+01
9.079999969482422273e+01
8.940000006103515773e+01
8.839999975585936909e+01
9.579999969482422273e+01
9.399999963378905932e+01
9.480000012207031546e+01
9.359999969482421989e+01
9.260000012207031261e+01
8.899999975585937761e+01
9.159999987792969023e+01
9.060000012207031261e+01
9.159999975585937193e+01
9.099999945068358898e+01
9.579999969482422273e+01
9.300000012207031830e+01
8.799999981689452966e+01
8.759999981689453818e+01
9.319999975585938046e+01
9.159999969482421989e+01
9.279999981689452682e+01
8.999999987792968170e+01
9.220000012207030693e+01
8.959999975585937193e+01
9.319999969482421420e+01
9.540000006103515773e+01
9.239999969482421704e+01
9.300000006103515204e+01
9.599999963378905932e+01
9.239999975585936909e+01
9.539999975585936909e+01
9.640000006103515773e+01
9.600000012207031830e+01
9.659999969482421989e+01
9.699999969482422557e+01
9.720000000000000284e+01
9.700000006103515204e+01
9.600000012207031830e+01
9.360000006103516057e+01
9.300000012207031830e+01
9.280000006103514920e+01
9.379999963378905647e+01
9.020000012207030693e+01
9.020000012207030693e+01
9.280000012207031546e+01
9.339999969482421704e+01
9.400000006103515204e+01
9.199999969482422557e+01
9.379999969482422273e+01
9.119999987792968454e+01
9.279999975585937477e+01
9.159999975585937193e+01
9.259999938964843125e+01
9.179999969482422273e+01
9.279999975585937477e+01
9.339999975585936909e+01
8.999999969482422557e+01
9.139999969482421704e+01
9.139999938964844262e+01
9.239999969482421704e+01
9.019999969482421420e+01
9.280000006103514920e+01
9.099999975585937761e+01
9.099999969482422557e+01
9.199999987792968170e+01
9.179999969482422273e+01
9.280000006103514920e+01
8.819999981689453250e+01
9.319999938964843977e+01
9.239999975585936909e+01
9.320000012207030693e+01
9.220000006103515489e+01
9.239999969482421704e+01
9.180000012207031546e+01
9.340000006103515773e+01
9.099999963378905932e+01
9.179999969482422273e+01
9.299999969482422557e+01
9.259999938964843125e+01
9.339999969482421704e+01
9.139999969482421704e+01
9.380000006103514920e+01
9.199999975585937761e+01
9.419999963378906216e+01
9.339999975585936909e+01
9.400000006103515204e+01
9.300000012207031830e+01
9.299999969482422557e+01
9.139999975585936909e+01
9.379999938964843409e+01
9.419999969482421420e+01
9.399999975585937761e+01
9.339999975585936909e+01
9.319999963378906216e+01
9.179999969482422273e+01
9.139999938964844262e+01
9.299999981689452966e+01
9.199999969482422557e+01
9.339999969482421704e+01
9.280000006103514920e+01
9.399999938964843693e+01
9.219999981689453250e+01
9.380000006103514920e+01
9.420000006103515489e+01
9.399999963378905932e+01
9.340000006103515773e+01
9.300000012207031830e+01
