0.000000000000000000e+00
5.000000007629394894e+00
4.200000000000000178e+00
3.999999942779540740e-01
1.579999992370605533e+01
1.820000003051757886e+01
5.799999988555907926e+00
2.800000007629394716e+00
6.999999984741211101e+00
1.399999999999999911e+00
2.779999996948242114e+01
8.799999946594239120e+00
1.459999989318847646e+01
1.060000001525878943e+01
1.339999997711181656e+01
3.839999990844726341e+01
1.599999994277954141e+00
1.219999995422363348e+01
1.059999994659423805e+01
4.999999988555908104e+00
7.399999988555908459e+00
2.799999994277954318e+00
1.179999995422363313e+01
1.359999998474121163e+01
7.399999977111816563e+00
1.039999997711181656e+01
1.919999986267090009e+01
1.279999995422363313e+01
1.900000001525878801e+01
7.199999946594238587e+00
6.399999988555908459e+00
1.139999995422363277e+01
1.740000003051757815e+01
7.600000015258789432e+00
4.640000006103515773e+01
1.379999989318847575e+01
1.940000003051757815e+01
4.799999994277953874e+00
7.599999988555908637e+00
7.999999994277954052e+00
2.600000000000000089e+00
9.399999923706054972e+00
1.140000001525878837e+01
1.139999989318847717e+01
1.299999995422363241e+01
3.059999993896484227e+01
1.080000001525878872e+01
1.759999989318847824e+01
2.019999996948242327e+01
9.999999954223632415e+00
8.999999977111816207e+00
1.299999998474121021e+01
6.200000015258789077e+00
1.119999992370605391e+01
3.399999999999999911e+00
5.200000007629394183e+00
1.319999995422363348e+01
1.979999981689453037e+01
1.059999994659423805e+01
9.399999977111816563e+00
4.679999993896484511e+01
8.400000015258788366e+00
4.600000007629394538e+00
1.099999994659423841e+01
3.239999990844726341e+01
1.199999995422363241e+01
9.999999977111816207e+00
1.619999986267090009e+01
1.059999994659423805e+01
1.499999998474121021e+01
1.179999995422363313e+01
1.479999995422363313e+01
1.739999986267089938e+01
8.200000007629395071e+00
1.679999986267089795e+01
1.079999997711181692e+01
8.799999862670897954e+00
8.999999984741210213e+00
1.659999992370605426e+01
1.219999994659423770e+01
1.059999994659423805e+01
3.519999981689453250e+01
1.599999998474121021e+01
1.880000001525878872e+01
2.059999992370605426e+01
2.440000003051757815e+01
2.659999981689453108e+01
3.219999972534179733e+01
3.039999999999999858e+01
3.419999981689453250e+01
3.200000000000000000e+01
3.939999987792968739e+01
3.579999990844726909e+01
3.820000006103515489e+01
3.620000003051757886e+01
4.199999969482421847e+01
4.479999999999999716e+01
4.639999981689452824e+01
4.139999978637695222e+01
4.459999987792969023e+01
4.439999999999999858e+01
4.039999978637695222e+01
4.979999996948242114e+01
4.679999984741210994e+01
4.800000006103515915e+01
4.339999981689452824e+01
4.399999990844726483e+01
4.959999975585937193e+01
4.799999990844726483e+01
4.419999987792968454e+01
5.079999990844726909e+01
4.999999993896484085e+01
4.519999978637695648e+01
4.779999969482421562e+01
4.839999999999999858e+01
4.280000003051758029e+01
4.979999969482421562e+01
5.119999993896484369e+01
5.479999975585937477e+01
5.359999975585937193e+01
5.059999969482421989e+01
4.540000006103515773e+01
5.320000006103515489e+01
5.359999984741210710e+01
5.999999990844726483e+01
5.919999981689453250e+01
6.600000012207031830e+01
6.739999969482421704e+01
6.799999969482422557e+01
6.939999987792968739e+01
7.599999938964843693e+01
7.140000006103515773e+01
7.380000006103514920e+01
7.239999957275391296e+01
7.379999999999999716e+01
7.299999969482422557e+01
7.399999993896484796e+01
7.259999993896484227e+01
7.459999999999999432e+01
7.400000000000000000e+01
7.479999963378905647e+01
7.379999951171875239e+01
7.279999957275390443e+01
7.679999951171875239e+01
7.519999969482421420e+01
7.500000000000000000e+01
7.859999963378906784e+01
7.399999969482422557e+01
7.599999963378905932e+01
7.519999987792968454e+01
7.559999951171874955e+01
7.479999969482422273e+01
7.539999993896483943e+01
7.539999957275391296e+01
7.799999951171875523e+01
7.379999999999999716e+01
7.680000006103514920e+01
7.719999981689453250e+01
7.699999981689452966e+01
7.639999981689453534e+01
7.780000006103514920e+01
7.819999951171874386e+01
7.940000000000000568e+01
7.679999963378905647e+01
7.959999945068359750e+01
7.539999975585936909e+01
7.819999993896485080e+01
7.959999957275390159e+01
7.779999963378905647e+01
7.699999945068358898e+01
7.799999951171875523e+01
7.660000006103516057e+01
7.699999945068358898e+01
7.719999945068359182e+01
7.600000000000000000e+01
7.879999957275390443e+01
8.239999987792968739e+01
7.899999957275390727e+01
7.919999957275391012e+01
7.839999969482421704e+01
7.739999993896483943e+01
8.099999945068358898e+01
7.659999963378906784e+01
7.500000006103515204e+01
7.840000000000000568e+01
7.539999957275391296e+01
7.739999993896483943e+01
7.959999963378906784e+01
7.779999963378905647e+01
7.619999969482421420e+01
7.739999951171874670e+01
8.120000006103515489e+01
7.979999981689452682e+01
8.099999945068358898e+01
8.000000000000000000e+01
8.019999987792968454e+01
7.679999987792969307e+01
8.099999945068358898e+01
7.819999951171874386e+01
7.900000012207031830e+01
