2.000000000000000111e-01
2.000000000000000111e-01
1.999999942779540907e-01
7.199999994277954229e+00
3.999999994277954052e+00
8.399999946594238764e+00
3.199999994277954229e+00
2.799999999999999822e+00
4.599999988555908637e+00
1.579999990844726554e+01
4.999999977111816207e+00
3.199999988555908281e+00
4.000000000000000000e+00
1.399999994659423841e+01
6.799999946594238232e+00
4.199999994277954229e+00
2.199999994277954229e+00
2.799999999999999822e+00
4.799999977111816030e+00
1.319999998474121128e+01
1.399999995422363241e+01
1.119999986267089831e+01
6.199999946594238587e+00
4.800000007629394716e+00
2.379999996948242114e+01
1.359999992370605426e+01
1.459999992370605426e+01
1.279999994659423912e+01
7.200000015258789077e+00
1.680000000000000071e+01
6.800000007629394716e+00
9.000000015258789787e+00
4.200000000000000178e+00
2.540000003051757815e+01
1.979999986267089795e+01
1.640000001525879014e+01
1.659999992370605426e+01
5.599999946594238054e+00
2.979999990844726554e+01
1.159999999999999964e+01
1.279999992370605533e+01
1.019999998474121128e+01
1.380000000762939472e+01
1.060000000762939365e+01
2.479999992370605355e+01
3.759999969482421989e+01
1.239999998474121057e+01
8.599999977111815852e+00
1.019999994659423770e+01
1.499999995422363241e+01
1.760000001525878943e+01
1.119999994659423770e+01
1.839999992370605497e+01
8.599999988555907748e+00
1.679999998474121270e+01
1.359999998474121163e+01
2.319999995422363170e+01
2.239999999999999858e+01
1.559999998474121163e+01
1.039999997711181656e+01
1.199999998855590810e+01
9.999999946594238409e+00
2.580000000000000071e+01
5.800000015258788721e+00
1.239999994659423876e+01
1.840000003051757815e+01
1.059999997711181585e+01
1.179999995422363313e+01
6.400000015258789254e+00
1.799999986267089724e+01
6.799999988555907926e+00
1.459999986267089866e+01
1.519999994659423770e+01
1.719999998474121128e+01
1.559999992370605426e+01
1.160000003051757744e+01
2.139999999999999858e+01
1.200000000762939401e+01
2.479999986267089795e+01
1.480000003051757851e+01
9.000000015258789787e+00
2.339999999999999858e+01
1.559999998474121163e+01
1.859999995422363384e+01
1.939999998474121057e+01
2.019999999999999929e+01
2.379999995422363313e+01
2.539999999999999858e+01
2.740000003051757815e+01
2.839999986267089938e+01
3.219999990844726767e+01
3.159999984741211065e+01
3.339999996948242256e+01
3.479999990844726909e+01
3.539999978637695222e+01
3.559999984741210710e+01
3.859999996948242540e+01
3.639999975585937619e+01
4.219999975585937335e+01
3.959999990844726625e+01
4.100000006103515915e+01
4.420000006103515489e+01
4.279999981689453392e+01
3.939999984741211136e+01
3.919999978637695648e+01
3.940000003051757460e+01
4.079999978637695079e+01
4.499999978637695364e+01
4.179999972534179875e+01
4.239999969482421704e+01
4.119999981689453250e+01
4.479999969482421562e+01
4.400000003051757602e+01
4.839999978637695222e+01
4.299999975585937761e+01
4.519999993896484369e+01
4.499999975585937761e+01
4.739999987792968739e+01
4.419999969482422131e+01
4.379999999999999716e+01
4.419999972534179733e+01
4.580000003051758029e+01
4.479999969482421562e+01
4.900000006103515915e+01
5.299999993896484085e+01
5.699999978637695364e+01
5.979999987792968597e+01
5.779999963378906358e+01
6.300000000000000000e+01
6.360000012207031261e+01
6.539999984741210426e+01
6.880000012207031546e+01
6.900000000000000000e+01
7.059999969482421989e+01
6.959999999999999432e+01
7.259999993896484227e+01
7.300000012207031830e+01
6.919999969482421420e+01
7.240000012207030977e+01
7.300000012207031830e+01
7.540000012207030977e+01
7.279999957275390443e+01
7.319999951171874386e+01
7.319999963378906216e+01
7.479999999999999716e+01
7.459999981689453818e+01
7.419999957275391012e+01
7.479999957275390443e+01
7.560000012207031261e+01
7.559999969482421989e+01
7.599999963378905932e+01
7.579999993896484511e+01
7.459999951171874955e+01
7.459999957275390159e+01
7.719999951171874386e+01
7.600000000000000000e+01
7.720000000000000284e+01
7.619999951171874386e+01
7.539999957275391296e+01
7.779999963378905647e+01
7.719999969482421420e+01
7.660000006103516057e+01
7.640000006103515773e+01
7.959999981689453818e+01
7.699999951171875523e+01
7.739999957275391296e+01
7.679999969482422273e+01
7.820000000000000284e+01
7.419999957275391012e+01
7.720000000000000284e+01
7.699999963378905932e+01
7.819999963378906216e+01
7.760000012207031261e+01
7.639999993896483943e+01
7.600000012207031830e+01
7.879999957275390443e+01
7.659999999999999432e+01
7.619999945068359182e+01
7.639999951171874670e+01
7.759999951171874955e+01
7.499999975585937761e+01
7.719999951171874386e+01
7.859999993896484227e+01
7.700000012207031830e+01
7.559999963378906784e+01
7.859999945068359750e+01
7.359999999999999432e+01
7.819999981689453250e+01
7.779999957275390443e+01
7.859999957275390159e+01
8.099999957275390727e+01
8.059999987792969023e+01
7.719999957275391012e+01
7.999999993896484796e+01
7.739999957275391296e+01
7.679999957275390443e+01
8.159999981689453818e+01
7.839999963378906500e+01
7.759999993896484227e+01
7.919999993896485080e+01
