0.000000000000000000e+00
1.000000000000000000e+00
5.999999942779541406e-01
1.199999999999999956e+00
2.239999986267089938e+01
9.000000007629394005e+00
1.119999994659423770e+01
8.199999977111817273e+00
2.799999977111816474e+00
8.799999977111816918e+00
6.999999984741211101e+00
2.399999988555908015e+00
1.320000001525878908e+01
5.399999988555908459e+00
9.799999977111816918e+00
2.200000000000000178e+00
5.399999988555908459e+00
1.599999986267089902e+01
9.400000015258788366e+00
6.400000000000000355e+00
5.200000007629394183e+00
1.000000000762939401e+01
3.800000007629394716e+00
4.340000003051757460e+01
1.159999992370605426e+01
6.199999988555908281e+00
8.200000015258789077e+00
8.599999954223632059e+00
7.799999977111816030e+00
1.459999995422363206e+01
5.599999999999999645e+00
7.199999977111816385e+00
8.199999977111817273e+00
1.139999992370605497e+01
6.800000015258788721e+00
6.400000000000000355e+00
6.999999988555908104e+00
9.200000007629395071e+00
7.599999984741210746e+00
1.180000000762939472e+01
9.400000015258788366e+00
1.260000001525878943e+01
1.179999998474121092e+01
4.599999994277953697e+00
8.800000015258788721e+00
1.279999994659423912e+01
1.139999997711181656e+01
8.599999977111815852e+00
1.139999995422363277e+01
1.140000001525878837e+01
1.499999989318847682e+01
1.139999992370605497e+01
1.159999994659423805e+01
1.520000001525878908e+01
2.599999994277954141e+00
1.779999986267089795e+01
1.679999994659423734e+01
1.239999997711181656e+01
1.399999998474121021e+01
1.040000001525878837e+01
1.019999998474121128e+01
1.459999995422363206e+01
1.019999998855590739e+01
1.719999989318847611e+01
1.279999995422363313e+01
1.359999989318847646e+01
1.239999997711181656e+01
7.599999977111816740e+00
1.100000000762939401e+01
8.799999954223633125e+00
3.999999977111816207e+00
1.259999992370605426e+01
1.739999998474121057e+01
9.999999984741210213e+00
1.739999992370605497e+01
1.039999995422363277e+01
1.359999994659423805e+01
2.659999987792968668e+01
1.059999997711181585e+01
2.279999996948242114e+01
8.800000007629394716e+00
2.339999986267089938e+01
1.360000001525878943e+01
1.240000001525878837e+01
1.379999998474121092e+01
1.559999992370605426e+01
1.799999992370605639e+01
1.799999995422363241e+01
2.059999989318847824e+01
2.299999993896484440e+01
2.939999992370605497e+01
2.339999990844726696e+01
3.019999986267090009e+01
3.079999984741210994e+01
3.599999972534179449e+01
3.699999984741211279e+01
3.699999984741211279e+01
3.799999984741211279e+01
3.559999981689453108e+01
3.759999978637695506e+01
3.899999969482421847e+01
3.679999984741210994e+01
4.220000003051757886e+01
4.339999969482421704e+01
4.039999972534180017e+01
4.619999969482422131e+01
4.500000000000000000e+01
4.659999978637695506e+01
4.679999975585937477e+01
4.559999984741210710e+01
4.260000000000000142e+01
4.359999993896484227e+01
4.760000000000000142e+01
4.219999978637695648e+01
4.400000006103515915e+01
4.899999981689452966e+01
4.900000006103515915e+01
4.860000003051757744e+01
4.699999981689452966e+01
4.600000003051757602e+01
4.819999981689453250e+01
4.879999969482421562e+01
4.460000000000000142e+01
4.659999996948242540e+01
5.139999996948242256e+01
5.499999981689452966e+01
5.779999984741210994e+01
6.199999969482421847e+01
6.719999969482421420e+01
6.579999969482422273e+01
7.059999975585937193e+01
6.999999975585937761e+01
6.979999969482422273e+01
7.339999963378906500e+01
7.319999981689453250e+01
7.379999957275390443e+01
7.280000006103514920e+01
7.559999981689453818e+01
7.519999957275391012e+01
7.539999963378906500e+01
7.600000000000000000e+01
7.540000006103515773e+01
7.399999963378905932e+01
7.620000006103515489e+01
7.599999957275390727e+01
7.539999969482421704e+01
7.479999945068360034e+01
7.440000000000000568e+01
7.699999993896484796e+01
7.799999981689452966e+01
7.899999987792968170e+01
7.679999951171875239e+01
7.979999938964843409e+01
7.579999957275390443e+01
7.740000006103515773e+01
7.759999963378906784e+01
7.919999963378906216e+01
7.819999987792968454e+01
7.859999969482421989e+01
7.999999981689452966e+01
7.640000012207030977e+01
7.739999963378906500e+01
7.639999963378906500e+01
7.699999987792968170e+01
7.840000000000000568e+01
7.879999981689452682e+01
7.940000006103515773e+01
7.739999975585936909e+01
7.759999987792969023e+01
7.739999945068359466e+01
7.979999957275390443e+01
7.859999987792969023e+01
7.879999951171875239e+01
7.879999938964843409e+01
7.819999987792968454e+01
7.919999951171874386e+01
7.700000000000000000e+01
7.979999945068360034e+01
7.900000006103515204e+01
7.519999957275391012e+01
7.919999938964843977e+01
7.800000012207031830e+01
7.959999945068359750e+01
7.919999993896485080e+01
7.999999993896484796e+01
7.859999969482421989e+01
7.899999963378905932e+01
7.999999938964843693e+01
7.859999963378906784e+01
7.999999951171875523e+01
7.959999981689453818e+01
7.899999981689452966e+01
7.979999987792969307e+01
8.040000000000000568e+01
7.899999963378905932e+01
7.959999951171874955e+01
8.039999938964844262e+01
8.059999938964843125e+01
7.979999945068360034e+01
7.999999981689452966e+01
