1.859999998474120986e+01
6.599999988555908637e+00
4.000000000000000222e-01
7.199999977111816385e+00
2.559999990844726625e+01
1.180000001525878872e+01
2.799999999999999822e+00
1.419999998474121128e+01
7.399999988555908459e+00
2.200000000000000178e+00
1.319999989318847611e+01
1.719999995422363170e+01
2.799999994277954318e+00
1.000000001525878979e+01
4.800000007629394716e+00
8.399999988555908459e+00
2.139999995422363455e+01
6.400000015258789254e+00
1.319999994659423770e+01
5.399999994277954407e+00
1.139999997711181656e+01
1.999999998474121199e+01
1.059999997711181585e+01
1.079999997711181692e+01
8.799999977111816918e+00
6.200000015258789077e+00
9.199999977111817273e+00
4.999999994277954052e+00
5.600000015258789432e+00
1.959999989318847824e+01
4.199999988555908281e+00
8.599999994277954585e+00
4.999999988555908104e+00
6.999999946594238409e+00
1.859999992370605426e+01
6.600000007629394538e+00
8.199999988555907393e+00
5.800000007629394716e+00
1.019999995422363348e+01
7.799999946594238232e+00
1.199999995422363241e+01
1.059999997711181585e+01
5.199999946594238587e+00
8.399999984741210568e+00
1.060000001525878943e+01
1.379999998474121092e+01
8.199999946594237699e+00
1.479999997711181692e+01
1.579999998474121092e+01
7.600000007629394538e+00
5.000000007629394894e+00
1.080000000762939472e+01
2.879999984741210994e+01
7.399999988555908459e+00
6.199999977111816385e+00
1.459999989318847646e+01
5.599999977111816740e+00
6.200000015258789077e+00
5.200000007629394183e+00
1.059999994659423805e+01
1.079999994659423912e+01
1.119999999427795423e+01
5.799999994277953874e+00
6.200000007629394183e+00
5.799999946594238232e+00
5.999999994277954052e+00
5.799999988555907926e+00
6.599999977111816740e+00
2.060000003051757744e+01
1.179999994659423912e+01
1.619999995422363170e+01
1.299999998474121021e+01
6.599999977111816740e+00
1.600000000000000000e+01
1.399999995422363241e+01
1.200000000762939401e+01
8.399999984741210568e+00
1.639999989318847540e+01
1.039999997711181656e+01
1.459999995422363206e+01
1.539999995422363277e+01
8.199999977111817273e+00
1.239999989318847717e+01
1.140000000762939436e+01
1.519999989318847611e+01
1.639999995422363455e+01
1.839999989318847540e+01
1.879999986267089795e+01
1.919999998474121128e+01
2.340000003051757815e+01
2.159999996948242185e+01
2.519999996948242327e+01
2.439999993896484298e+01
2.820000003051757886e+01
2.979999978637695435e+01
2.639999999999999858e+01
2.739999996948242256e+01
2.839999990844726696e+01
2.740000003051757815e+01
3.039999996948242256e+01
3.659999978637695506e+01
3.339999993896484654e+01
3.479999981689453392e+01
3.539999975585937619e+01
3.479999984741210994e+01
3.379999975585937477e+01
3.479999990844726909e+01
3.679999990844726909e+01
3.479999969482421562e+01
3.600000006103515915e+01
3.799999981689452966e+01
3.939999969482421704e+01
3.979999978637695079e+01
4.060000000000000142e+01
4.239999990844726341e+01
3.779999993896484511e+01
3.679999981689453392e+01
3.959999990844726625e+01
4.259999996948242540e+01
4.239999969482421704e+01
4.079999993896484511e+01
4.259999978637695506e+01
4.219999984741210852e+01
4.460000000000000142e+01
4.519999975585937335e+01
4.660000006103515346e+01
4.399999990844726483e+01
4.639999978637695222e+01
5.239999969482421704e+01
5.399999996948242398e+01
5.239999999999999858e+01
5.939999978637695222e+01
6.179999963378906358e+01
5.879999999999999716e+01
6.359999975585937193e+01
6.639999975585936909e+01
6.519999978637694937e+01
6.339999975585937619e+01
6.559999987792969023e+01
6.420000012207030693e+01
6.679999975585937477e+01
6.799999978637694653e+01
6.319999978637695648e+01
6.539999963378906500e+01
6.719999951171874386e+01
6.639999957275391296e+01
6.699999993896484796e+01
6.759999978637695506e+01
6.979999993896484511e+01
7.079999957275390443e+01
6.859999975585937193e+01
7.020000012207030693e+01
6.680000006103514920e+01
6.579999984741210994e+01
7.059999957275390159e+01
7.020000006103515489e+01
6.880000006103514920e+01
7.019999975585938046e+01
7.080000006103514920e+01
7.179999993896484511e+01
7.299999969482422557e+01
6.799999969482422557e+01
7.259999975585937193e+01
7.199999984741211279e+01
6.859999963378906784e+01
7.179999957275390443e+01
7.059999969482421989e+01
6.980000006103514920e+01
7.299999963378905932e+01
7.220000000000000284e+01
7.020000012207030693e+01
7.220000000000000284e+01
7.119999981689453250e+01
7.060000012207031261e+01
7.480000006103514920e+01
7.440000006103515773e+01
7.279999957275390443e+01
6.940000006103515773e+01
7.340000000000000568e+01
7.219999987792968454e+01
7.159999969482421989e+01
7.319999957275391012e+01
7.039999993896483943e+01
7.139999957275391296e+01
7.139999963378906500e+01
7.079999999999999716e+01
7.179999978637695790e+01
7.219999963378906216e+01
7.099999963378905932e+01
6.900000006103515204e+01
7.339999993896483943e+01
7.220000000000000284e+01
7.540000000000000568e+01
7.319999963378906216e+01
7.659999987792969023e+01
7.220000000000000284e+01
7.439999957275391296e+01
7.279999969482422273e+01
7.159999969482421989e+01
7.479999969482422273e+01
