0.000000000000000000e+00
4.599999988555908637e+00
2.000000000000000111e-01
5.399999946594237876e+00
2.199999994277954229e+00
2.639999984741210781e+01
1.719999992370605568e+01
3.600000000000000089e+00
6.400000007629394361e+00
2.199999994277954229e+00
3.199999996948242043e+01
1.639999994659423876e+01
1.119999997711181727e+01
6.800000007629394716e+00
4.019999978637695648e+01
9.199999984741211279e+00
4.199999977111816385e+00
2.660000000000000142e+01
2.399999999999999911e+00
1.319999989318847611e+01
2.160000000000000142e+01
1.020000000762939507e+01
9.199999946594237699e+00
5.999999946594238409e+00
1.439999995422363277e+01
8.399999977111816563e+00
2.360000003051757744e+01
8.200000015258789077e+00
7.600000007629394538e+00
2.599999996948242043e+01
1.319999997711181727e+01
1.539999997711181656e+01
4.799999994277953874e+00
9.000000015258789787e+00
1.279999994659423912e+01
1.879999986267089795e+01
1.040000000762939436e+01
1.979999992370605355e+01
1.539999995422363277e+01
1.360000003051757744e+01
8.599999946594238054e+00
2.060000000000000142e+01
8.599999977111815852e+00
1.159999994659423805e+01
1.139999997711181656e+01
1.259999992370605426e+01
1.019999997711181727e+01
1.219999995422363348e+01
2.859999996948242185e+01
1.299999995422363241e+01
1.019999997711181727e+01
2.559999990844726625e+01
1.079999997711181692e+01
1.299999998474121021e+01
1.679999995422363313e+01
1.179999995422363313e+01
1.059999992370605426e+01
1.400000001525878979e+01
9.999999988555908104e+00
1.959999986267089866e+01
1.080000000762939472e+01
7.000000007629394894e+00
1.279999992370605533e+01
2.279999989318847753e+01
1.020000001525878908e+01
5.600000007629394538e+00
1.339999995422363277e+01
2.099999986267089724e+01
1.379999994659423912e+01
1.379999992370605533e+01
2.359999996948242185e+01
1.399999994659423841e+01
8.599999984741211634e+00
9.399999988555908459e+00
2.799999994277954318e+00
1.379999998474121092e+01
1.640000000762939436e+01
1.939999989318847540e+01
1.379999986267089795e+01
6.200000007629394183e+00
1.439999995422363277e+01
1.699999986267089724e+01
1.519999989318847611e+01
1.559999994659423805e+01
1.579999992370605533e+01
1.779999989318847753e+01
1.999999992370605639e+01
1.779999986267089795e+01
1.999999998474121199e+01
1.979999992370605355e+01
2.119999986267090009e+01
2.260000003051757744e+01
2.460000003051757744e+01
2.439999992370605497e+01
2.719999999999999929e+01
2.880000003051757673e+01
2.699999996948242043e+01
3.039999984741210781e+01
2.779999993896484511e+01
3.419999993896484369e+01
2.999999998474121199e+01
3.200000000000000000e+01
3.820000006103515489e+01
3.059999986267089866e+01
3.719999972534179733e+01
3.339999984741211136e+01
3.759999969482421989e+01
3.320000000000000284e+01
3.439999996948242256e+01
3.819999987792968454e+01
3.599999990844726483e+01
3.859999993896484227e+01
3.900000000000000000e+01
3.920000006103515489e+01
3.919999978637695648e+01
3.979999993896484511e+01
3.579999981689453392e+01
3.379999987792968597e+01
3.479999978637695079e+01
3.859999981689453108e+01
3.980000006103515631e+01
4.019999987792968454e+01
4.099999975585937761e+01
4.339999999999999858e+01
4.540000006103515773e+01
4.839999975585937619e+01
5.439999987792968739e+01
5.119999993896484369e+01
5.719999990844726767e+01
5.679999999999999716e+01
5.899999993896484085e+01
6.619999981689453250e+01
6.079999975585937477e+01
6.059999993896484227e+01
6.679999957275390443e+01
6.799999963378905932e+01
6.419999963378906216e+01
6.600000012207031830e+01
6.680000012207031546e+01
6.679999981689452682e+01
6.239999981689452824e+01
6.699999981689452966e+01
6.639999981689453534e+01
6.459999984741210710e+01
6.859999999999999432e+01
6.840000012207030977e+01
6.640000012207030977e+01
6.660000006103516057e+01
6.519999978637694937e+01
6.620000012207030693e+01
6.819999969482421420e+01
7.060000012207031261e+01
7.239999963378906500e+01
7.059999999999999432e+01
6.540000006103515773e+01
6.759999975585937193e+01
7.239999978637695222e+01
7.059999975585937193e+01
7.260000006103516057e+01
7.239999957275391296e+01
7.199999969482422557e+01
7.040000006103515773e+01
7.239999981689453534e+01
7.199999957275390727e+01
7.099999978637694653e+01
7.260000012207031261e+01
7.040000006103515773e+01
7.439999969482421704e+01
6.699999969482422557e+01
7.279999963378905647e+01
6.919999963378906216e+01
7.239999981689453534e+01
7.240000012207030977e+01
7.019999969482421420e+01
7.259999993896484227e+01
6.959999963378906784e+01
7.380000006103514920e+01
7.419999951171874386e+01
7.379999987792969307e+01
7.359999957275390159e+01
7.100000006103515204e+01
7.539999945068359466e+01
7.319999963378906216e+01
7.559999969482421989e+01
7.420000006103515489e+01
7.499999951171875523e+01
7.259999969482421989e+01
7.119999969482421420e+01
7.359999969482421989e+01
7.259999978637695506e+01
7.139999945068359466e+01
7.499999963378905932e+01
7.739999945068359466e+01
7.419999978637694937e+01
7.600000000000000000e+01
7.579999993896484511e+01
7.379999945068360034e+01
7.119999951171874386e+01
7.220000006103515489e+01
7.180000012207031546e+01
