7.999999885559081481e-01
0.000000000000000000e+00
4.000000000000000222e-01
1.439999992370605497e+01
3.279999981689453392e+01
8.599999977111815852e+00
1.259999992370605426e+01
8.799999946594239120e+00
1.399999988555908237e+00
5.799999977111816030e+00
1.379999994659423912e+01
9.799999946594239120e+00
1.819999995422363170e+01
1.599999994277954141e+00
7.999999984741211101e+00
8.199999994277954229e+00
5.400000007629394361e+00
2.119999986267090009e+01
2.599999994277954141e+00
4.799999994277953874e+00
2.519999999999999929e+01
1.759999995422363384e+01
2.180000003051757673e+01
9.199999946594237699e+00
4.000000007629394894e+00
1.079999998855590881e+01
2.300000001525878801e+01
5.800000007629394716e+00
9.600000015258789432e+00
6.600000007629394538e+00
9.600000007629393650e+00
6.800000007629394716e+00
1.159999994659423805e+01
1.079999992370605533e+01
1.080000000762939472e+01
1.139999995422363277e+01
9.999999977111816207e+00
2.299999992370605639e+01
2.019999989318847611e+01
8.799999977111816918e+00
4.000000000000000000e+00
1.040000000762939436e+01
9.599999977111815852e+00
1.619999992370605568e+01
2.420000003051757886e+01
1.079999995422363313e+01
4.699999969482421847e+01
7.399999994277954407e+00
1.059999998474121163e+01
8.599999946594238054e+00
1.080000001525878872e+01
6.599999946594238054e+00
5.799999988555907926e+00
8.400000007629394361e+00
1.019999997711181727e+01
2.700000000000000000e+01
1.419999989318847611e+01
1.579999992370605533e+01
1.080000001525878872e+01
6.999999988555908104e+00
1.439999992370605497e+01
6.400000000000000355e+00
7.200000007629394183e+00
6.199999977111816385e+00
1.059999999999999964e+01
2.499999996948242043e+01
1.219999995422363348e+01
8.999999923706054616e+00
9.200000007629395071e+00
1.519999995422363348e+01
1.059999997711181585e+01
3.579999969482421562e+01
6.799999994277953874e+00
1.459999989318847646e+01
1.419999992370605391e+01
1.799999994659423663e+01
1.040000001525878837e+01
1.060000001525878943e+01
2.000000003051757957e+01
1.540000001525878837e+01
1.659999992370605426e+01
1.860000001525878943e+01
1.479999997711181692e+01
1.400000000762939401e+01
1.440000001525878837e+01
1.619999995422363170e+01
2.039999989318847540e+01
1.859999998474120986e+01
2.099999986267089724e+01
1.979999986267089795e+01
2.259999986267089866e+01
2.739999996948242256e+01
2.919999996948242327e+01
2.599999989318847682e+01
2.799999998474121199e+01
2.839999999999999858e+01
3.080000006103515631e+01
3.439999978637695222e+01
3.539999999999999858e+01
3.560000000000000142e+01
3.199999984741210923e+01
3.439999999999999858e+01
2.579999992370605355e+01
3.639999984741211136e+01
3.619999972534179733e+01
3.579999981689453392e+01
3.559999990844726625e+01
3.599999987792968881e+01
3.679999975585937477e+01
3.640000003051757460e+01
3.639999978637695222e+01
3.779999972534179875e+01
4.179999972534179875e+01
3.959999981689453108e+01
3.939999969482421704e+01
4.099999981689452966e+01
3.739999975585937619e+01
3.879999999999999716e+01
3.819999972534179733e+01
4.339999969482421704e+01
3.979999969482421562e+01
4.319999969482422131e+01
4.179999969482421562e+01
4.419999969482422131e+01
4.319999978637695648e+01
5.139999978637695222e+01
5.059999978637695506e+01
5.259999996948242540e+01
5.880000012207031546e+01
5.999999969482421847e+01
6.139999975585937619e+01
6.259999987792969023e+01
6.080000003051758029e+01
6.619999984741211563e+01
6.379999978637695079e+01
6.699999981689452966e+01
6.740000006103515773e+01
6.999999975585937761e+01
6.860000012207031261e+01
6.659999999999999432e+01
6.740000006103515773e+01
7.060000006103516057e+01
7.059999963378906784e+01
7.159999951171874955e+01
7.119999987792968454e+01
6.999999957275390727e+01
7.239999969482421704e+01
7.119999969482421420e+01
7.099999987792968170e+01
6.840000000000000568e+01
6.839999978637695222e+01
7.119999963378906216e+01
7.280000012207031546e+01
7.039999981689453534e+01
7.279999987792969307e+01
6.919999957275391012e+01
6.979999963378905647e+01
6.999999951171875523e+01
7.139999978637695222e+01
7.340000000000000568e+01
7.379999999999999716e+01
7.319999951171874386e+01
7.379999957275390443e+01
7.239999978637695222e+01
7.179999957275390443e+01
7.239999993896483943e+01
7.340000006103515773e+01
7.099999981689452966e+01
7.159999969482421989e+01
7.339999993896483943e+01
7.460000006103516057e+01
7.279999999999999716e+01
7.459999951171874955e+01
7.320000012207030693e+01
7.539999945068359466e+01
6.979999981689452682e+01
7.279999969482422273e+01
7.479999993896484511e+01
7.240000000000000568e+01
7.439999963378906500e+01
7.539999938964844262e+01
7.419999969482421420e+01
7.199999957275390727e+01
7.379999957275390443e+01
7.379999978637695790e+01
7.360000006103516057e+01
7.420000000000000284e+01
7.379999981689452682e+01
7.440000000000000568e+01
7.439999957275391296e+01
7.699999987792968170e+01
7.620000000000000284e+01
7.459999957275390159e+01
7.619999969482421420e+01
7.500000006103515204e+01
7.459999993896484227e+01
7.359999957275390159e+01
7.499999957275390727e+01
7.559999999999999432e+01
7.399999963378905932e+01
