5.419999984741210852e+01
0.000000000000000000e+00
8.999999946594238409e+00
3.600000007629394538e+00
3.999999994277954052e+00
9.599999946594238054e+00
3.799999994277954318e+00
1.800000000000000044e+00
6.599999954223632948e+00
9.600000015258789432e+00
7.399999954223632770e+00
1.799999994277954096e+00
1.520000003051757886e+01
6.999999988555908104e+00
1.039999997711181656e+01
7.000000007629394894e+00
2.499999986267089724e+01
4.000000007629394894e+00
1.399999994659423841e+01
2.039999998474121057e+01
2.099999987792968881e+01
7.999999977111816207e+00
5.599999988555908637e+00
5.599999994277953697e+00
4.799999988555907926e+00
6.399999988555908459e+00
2.640000003051757815e+01
7.399999988555908459e+00
1.639999992370605497e+01
5.200000007629394183e+00
6.999999988555908104e+00
7.599999977111816740e+00
3.079999984741210994e+01
3.799999994277954318e+00
1.859999994659423805e+01
7.599999977111816740e+00
1.159999998855590775e+01
5.199999977111816385e+00
9.799999977111816918e+00
6.800000007629394716e+00
8.799999984741210923e+00
3.999999988555908104e+00
5.599999977111816740e+00
6.600000007629394538e+00
1.080000001525878872e+01
7.999999946594238409e+00
1.279999994659423912e+01
2.480000003051757673e+01
6.399999988555908459e+00
9.999999954223632415e+00
2.659999987792968668e+01
1.259999994659423805e+01
5.799999946594238232e+00
7.200000007629394183e+00
8.999999977111816207e+00
1.700000003051757957e+01
8.200000015258789077e+00
4.399999977111816563e+00
1.299999994659423841e+01
9.799999977111816918e+00
5.999999994277954052e+00
8.599999994277954585e+00
1.060000000762939365e+01
1.419999994659423770e+01
1.079999998474121092e+01
7.199999994277954229e+00
9.400000007629394361e+00
6.999999988555908104e+00
9.199999999999999289e+00
7.599999988555908637e+00
8.999999994277954940e+00
7.799999977111816030e+00
1.079999994659423912e+01
1.499999992370605462e+01
5.599999988555908637e+00
6.999999988555908104e+00
1.579999986267089795e+01
6.800000007629394716e+00
1.459999997711181585e+01
8.799999988555908814e+00
1.279999994659423912e+01
1.599999995422363241e+01
9.999999984741210213e+00
1.160000000762939365e+01
1.259999995422363206e+01
1.579999992370605533e+01
1.559999998474121163e+01
1.839999999999999858e+01
2.219999999999999929e+01
2.179999992370605355e+01
2.359999989318847824e+01
2.519999986267090009e+01
2.699999993896484440e+01
2.819999993896484369e+01
3.159999995422363384e+01
3.519999993896484369e+01
3.399999987792968881e+01
3.379999990844726909e+01
3.439999990844726341e+01
3.799999975585937761e+01
3.619999984741210852e+01
3.659999969482421989e+01
3.599999972534179449e+01
3.739999981689452824e+01
3.779999975585937477e+01
3.979999975585937477e+01
3.739999978637695222e+01
3.959999978637695506e+01
3.819999993896484369e+01
4.059999972534179591e+01
3.859999972534179591e+01
4.459999975585937193e+01
4.219999969482422131e+01
4.139999999999999858e+01
4.080000006103515631e+01
4.660000003051757744e+01
4.319999978637695648e+01
4.159999978637695506e+01
4.199999987792968881e+01
4.040000006103515773e+01
4.180000006103515631e+01
4.259999987792969023e+01
4.060000006103515346e+01
4.060000003051757744e+01
4.539999996948242256e+01
4.760000000000000142e+01
5.019999996948241971e+01
5.539999975585937619e+01
5.499999990844726483e+01
5.579999975585937477e+01
6.400000006103515204e+01
5.819999987792968454e+01
6.359999987792969023e+01
6.520000003051757176e+01
6.779999984741210994e+01
6.639999984741210426e+01
6.919999978637694937e+01
6.999999963378905932e+01
6.919999969482421420e+01
6.779999999999999716e+01
6.819999975585938046e+01
7.039999963378906500e+01
7.280000006103514920e+01
7.240000000000000568e+01
7.279999975585937477e+01
7.279999963378905647e+01
7.240000000000000568e+01
7.219999963378906216e+01
7.359999969482421989e+01
7.440000000000000568e+01
7.420000012207030693e+01
7.220000000000000284e+01
7.339999951171874670e+01
7.199999993896484796e+01
7.459999999999999432e+01
7.319999969482421420e+01
7.199999969482422557e+01
7.239999984741210426e+01
7.440000012207030977e+01
7.179999987792969307e+01
7.519999969482421420e+01
7.279999999999999716e+01
7.459999938964843125e+01
7.319999993896485080e+01
7.299999969482422557e+01
7.139999969482421704e+01
7.280000012207031546e+01
7.419999957275391012e+01
7.480000006103514920e+01
7.419999975585938046e+01
7.359999993896484227e+01
7.300000000000000000e+01
7.399999957275390727e+01
7.400000000000000000e+01
7.559999951171874955e+01
7.619999963378906216e+01
7.599999963378905932e+01
7.619999969482421420e+01
7.179999969482422273e+01
7.339999978637695222e+01
7.359999969482421989e+01
7.699999957275390727e+01
7.379999957275390443e+01
7.559999945068359750e+01
7.499999969482422557e+01
7.100000006103515204e+01
7.179999957275390443e+01
7.639999975585936909e+01
7.459999957275390159e+01
7.539999981689453534e+01
7.620000006103515489e+01
7.519999957275391012e+01
7.500000006103515204e+01
7.679999957275390443e+01
7.559999963378906784e+01
7.399999963378905932e+01
7.539999978637695222e+01
7.679999957275390443e+01
7.600000000000000000e+01
7.520000000000000284e+01
