3.399999994277953963e+00
0.000000000000000000e+00
2.000000000000000000e+01
8.399999988555908459e+00
1.200000001525878979e+01
7.999999942779540962e-01
5.599999988555908637e+00
1.040000001525878837e+01
5.999999942779541406e-01
2.099999989318847682e+01
3.920000006103515489e+01
1.239999997711181656e+01
1.259999998474121163e+01
1.400000003051757780e+01
2.399999988555908015e+00
2.799999994277954318e+00
7.000000015258788899e+00
6.599999994277953697e+00
7.200000007629394183e+00
1.219999995422363348e+01
1.539999994659423876e+01
5.400000007629394361e+00
7.399999988555908459e+00
1.340000001525878837e+01
2.679999989318847753e+01
1.039999992370605497e+01
3.399999994277953963e+00
1.459999995422363206e+01
1.479999997711181692e+01
4.079999975585937477e+01
9.799999946594239120e+00
1.139999998474121057e+01
1.179999989318847575e+01
6.400000007629394361e+00
1.139999994659423876e+01
7.600000007629394538e+00
1.619999986267090009e+01
7.999999994277954052e+00
2.439999989318847540e+01
1.039999998855590846e+01
1.139999997711181656e+01
3.799999988555908370e+00
2.139999999999999858e+01
5.399999984741210568e+00
1.240000001525878837e+01
7.599999977111816740e+00
1.420000001525878908e+01
3.200000000000000178e+00
9.200000007629395071e+00
1.519999995422363348e+01
1.080000001525878872e+01
7.599999999999999645e+00
1.119999997711181727e+01
1.259999996948242185e+01
9.600000007629393650e+00
2.199999995422363241e+01
8.999999988555908104e+00
7.999999946594238409e+00
1.119999997711181727e+01
1.819999998474121128e+01
1.579999992370605533e+01
1.419999992370605391e+01
8.399999954223632770e+00
1.379999994659423912e+01
1.520000003051757886e+01
1.220000001525878908e+01
6.399999988555908459e+00
2.619999986267090009e+01
3.799999988555908370e+00
8.999999994277954940e+00
1.359999995422363206e+01
1.199999994659423841e+01
1.299999998474121021e+01
1.159999994659423805e+01
1.979999995422363313e+01
1.320000001525878908e+01
1.439999992370605497e+01
1.539999998474121057e+01
9.999999946594238409e+00
9.400000007629394361e+00
1.679999998474121270e+01
9.399999977111816563e+00
1.439999995422363277e+01
1.579999992370605533e+01
1.439999986267089760e+01
1.640000001525879014e+01
1.759999986267089866e+01
1.919999992370605568e+01
1.900000003051757957e+01
2.039999998474121057e+01
2.259999993896484227e+01
2.559999981689453108e+01
2.759999984741211065e+01
2.779999990844726554e+01
2.819999999999999929e+01
3.019999987792968810e+01
3.399999978637695364e+01
3.339999987792968739e+01
3.759999990844726625e+01
3.680000006103515631e+01
3.019999987792968810e+01
3.239999987792968739e+01
3.379999987792968597e+01
2.959999996948242185e+01
3.679999975585937477e+01
3.219999981689453250e+01
3.920000000000000284e+01
3.860000003051757744e+01
3.819999969482422131e+01
3.879999969482421562e+01
3.759999978637695506e+01
3.740000006103515773e+01
3.759999975585937193e+01
3.979999981689453392e+01
3.739999975585937619e+01
4.139999987792968739e+01
4.539999969482421704e+01
3.899999987792968881e+01
4.199999969482421847e+01
3.699999978637695364e+01
4.800000003051757602e+01
5.000000006103515915e+01
4.659999969482421989e+01
5.100000003051757602e+01
5.059999990844726625e+01
6.039999978637695222e+01
5.760000003051757744e+01
5.819999981689453250e+01
6.439999969482421704e+01
6.459999981689453818e+01
6.119999987792968454e+01
6.779999969482422273e+01
7.079999975585937477e+01
7.060000012207031261e+01
7.019999975585938046e+01
7.060000006103516057e+01
7.179999963378905647e+01
7.019999984741211563e+01
7.359999951171874955e+01
7.439999957275391296e+01
7.439999957275391296e+01
7.399999963378905932e+01
7.200000000000000000e+01
7.319999969482421420e+01
7.260000006103516057e+01
7.399999957275390727e+01
7.259999993896484227e+01
7.279999987792969307e+01
7.519999978637694937e+01
7.339999963378906500e+01
7.540000000000000568e+01
7.639999981689453534e+01
7.480000012207031546e+01
7.219999963378906216e+01
7.679999975585937477e+01
7.359999969482421989e+01
7.320000000000000284e+01
7.079999984741210994e+01
7.479999975585937477e+01
7.619999981689453250e+01
7.739999987792968739e+01
7.579999993896484511e+01
7.819999993896485080e+01
7.819999987792968454e+01
7.599999951171875523e+01
7.859999987792969023e+01
7.740000012207030977e+01
7.839999993896483943e+01
7.619999945068359182e+01
7.859999999999999432e+01
7.940000012207030977e+01
7.599999957275390727e+01
7.900000006103515204e+01
7.839999957275391296e+01
7.879999957275390443e+01
7.939999963378906500e+01
7.419999945068359182e+01
8.019999981689453250e+01
7.719999938964843977e+01
8.079999975585937477e+01
8.099999938964843693e+01
7.599999951171875523e+01
7.799999945068358898e+01
7.979999945068360034e+01
8.119999981689453250e+01
7.939999951171874670e+01
7.939999957275391296e+01
7.899999951171875523e+01
7.879999993896484511e+01
7.939999993896483943e+01
7.659999999999999432e+01
7.679999993896484511e+01
7.900000000000000000e+01
7.979999951171875239e+01
7.919999957275391012e+01
7.919999993896485080e+01
7.739999957275391296e+01
7.979999999999999716e+01
7.959999957275390159e+01
7.799999957275390727e+01
