1.799999994277954096e+00
2.000000000000000111e-01
6.400000015258789254e+00
6.599999946594238054e+00
2.399999994277953963e+00
5.400000007629394361e+00
1.059999997711181585e+01
9.800000015258788721e+00
5.399999977111816563e+00
3.600000000000000089e+00
6.599999977111816740e+00
4.999999977111816207e+00
4.599999981689452966e+01
8.199999977111817273e+00
2.539999989318847540e+01
7.999999942779540962e-01
6.200000007629394183e+00
1.099999992370605462e+01
8.399999988555908459e+00
3.459999981689453108e+01
2.619999996948242327e+01
3.600000000000000089e+00
4.000000000000000222e-01
1.479999994659423912e+01
8.400000007629394361e+00
1.679999997711181692e+01
6.000000015258788899e+00
1.399999998474121021e+01
6.199999994277954229e+00
9.199999946594237699e+00
1.539999994659423876e+01
7.399999977111816563e+00
9.399999946594238764e+00
8.600000015258789432e+00
1.520000000762939507e+01
1.239999994659423876e+01
1.099999995422363241e+01
1.139999995422363277e+01
1.159999997711181585e+01
6.399999994277954407e+00
5.200000000000000178e+00
8.199999984741211279e+00
2.319999996948242327e+01
7.000000015258788899e+00
6.599999946594238054e+00
6.400000007629394361e+00
1.100000001525878979e+01
2.159999986267089866e+01
1.259999998474121163e+01
1.959999996948242185e+01
9.000000015258789787e+00
1.679999989318847753e+01
1.139999995422363277e+01
9.999999954223632415e+00
4.200000000000000178e+00
1.060000001525878943e+01
1.379999997711181692e+01
1.839999996948242256e+01
5.199999988555908281e+00
1.020000000762939507e+01
2.619999978637695293e+01
1.319999995422363348e+01
1.639999989318847540e+01
7.800000015258788721e+00
1.140000001525878837e+01
1.559999986267089866e+01
1.019999997711181727e+01
1.739999986267089938e+01
7.599999994277953697e+00
8.599999999999999645e+00
1.599999995422363241e+01
2.760000000000000142e+01
5.200000015258789077e+00
8.600000007629393650e+00
1.460000001525878943e+01
1.879999989318847753e+01
6.799999977111816030e+00
1.439999995422363277e+01
1.360000001525878943e+01
1.039999994659423876e+01
9.999999977111816207e+00
1.159999997711181585e+01
1.239999994659423876e+01
1.619999994659423947e+01
1.580000001525878872e+01
1.799999995422363241e+01
2.179999986267089795e+01
2.159999987792968668e+01
2.280000001525878872e+01
2.260000000000000142e+01
2.419999989318847611e+01
2.859999996948242185e+01
2.919999993896484369e+01
2.959999975585937548e+01
2.839999981689453179e+01
3.139999993896484298e+01
3.020000003051757886e+01
3.200000000000000000e+01
2.839999990844726696e+01
3.119999992370605568e+01
3.439999972534180017e+01
2.979999984741210994e+01
3.819999969482422131e+01
3.299999986267089724e+01
3.659999984741210710e+01
3.559999981689453108e+01
3.659999975585937193e+01
3.699999990844726483e+01
3.599999972534179449e+01
3.759999984741210710e+01
2.999999975585937406e+01
3.619999990844726767e+01
3.759999990844726625e+01
3.219999981689453250e+01
3.359999990844726625e+01
3.599999972534179449e+01
4.199999981689452966e+01
4.239999978637695222e+01
4.159999975585937193e+01
4.479999978637695079e+01
3.879999987792968597e+01
4.139999969482421704e+01
4.419999972534179733e+01
4.739999990844726341e+01
4.899999978637695364e+01
5.419999993896484369e+01
5.299999993896484085e+01
5.599999990844726483e+01
6.099999993896484085e+01
5.999999993896484085e+01
6.100000000000000000e+01
6.239999975585937619e+01
6.439999993896483943e+01
6.619999963378906216e+01
6.500000006103515204e+01
6.820000012207030693e+01
6.499999978637694653e+01
6.600000006103515204e+01
6.519999975585938046e+01
6.699999963378905932e+01
6.859999969482421989e+01
6.859999963378906784e+01
6.800000006103515204e+01
6.759999969482421989e+01
6.799999981689452966e+01
7.140000000000000568e+01
7.079999951171875239e+01
6.939999975585936909e+01
6.999999978637694653e+01
7.120000000000000284e+01
6.959999957275390159e+01
7.220000006103515489e+01
6.819999963378906216e+01
6.960000006103516057e+01
7.240000006103515773e+01
6.860000012207031261e+01
7.160000012207031261e+01
7.239999945068359466e+01
7.099999963378905932e+01
7.479999957275390443e+01
7.139999978637695222e+01
7.379999999999999716e+01
6.979999984741210994e+01
7.279999963378905647e+01
7.079999945068360034e+01
7.419999963378906216e+01
7.619999963378906216e+01
7.220000012207030693e+01
7.379999957275390443e+01
7.259999957275390159e+01
7.299999945068358898e+01
7.359999990844725914e+01
7.599999957275390727e+01
7.199999951171875523e+01
7.260000006103516057e+01
7.459999963378906784e+01
7.519999951171874386e+01
7.320000012207030693e+01
7.179999975585937477e+01
7.239999981689453534e+01
7.299999969482422557e+01
7.519999987792968454e+01
7.240000012207030977e+01
7.379999969482422273e+01
7.719999993896485080e+01
7.259999957275390159e+01
7.539999957275391296e+01
7.100000012207031830e+01
7.320000006103515489e+01
7.739999963378906500e+01
7.280000006103514920e+01
7.760000012207031261e+01
7.539999987792968739e+01
7.379999999999999716e+01
7.419999963378906216e+01
7.319999951171874386e+01
7.699999945068358898e+01
7.339999975585936909e+01
7.639999993896483943e+01
7.520000012207030693e+01
