2.019999986267090009e+01
4.000000000000000222e-01
3.600000000000000089e+00
1.000000000000000000e+00
1.899999992370605639e+01
1.639999998474121057e+01
2.599999988555908192e+00
4.599999999999999645e+00
7.199999984741211279e+00
7.599999984741210746e+00
6.600000007629394538e+00
4.399999994277954407e+00
9.599999977111815852e+00
1.579999995422363313e+01
3.599999946594238498e+00
1.179999994659423912e+01
1.980000003051757673e+01
1.119999995422363348e+01
1.679999997711181692e+01
1.479999998474121092e+01
1.999999988555908104e+00
1.359999992370605426e+01
1.199999998474121021e+01
1.019999998474121128e+01
2.600000000000000089e+00
4.999999977111816207e+00
2.000000000000000000e+00
1.840000001525879014e+01
3.599999988555908192e+00
4.600000007629394538e+00
7.799999977111816030e+00
4.599999994277953697e+00
1.439999994659423876e+01
1.120000001525878908e+01
1.740000001525879014e+01
5.799999988555907926e+00
8.599999923706054261e+00
1.480000001525878872e+01
2.439999992370605497e+01
1.199999995422363241e+01
1.100000001525878979e+01
8.399999984741210568e+00
3.619999996948241971e+01
1.199999995422363241e+01
4.399999988555908459e+00
9.399999946594238764e+00
7.399999946594237876e+00
5.999999977111816207e+00
5.800000007629394716e+00
1.420000003051757886e+01
7.599999994277953697e+00
1.239999995422363277e+01
1.720000001525878730e+01
8.399999977111816563e+00
6.799999994277953874e+00
9.999999977111816207e+00
1.080000001525878872e+01
9.599999954223632059e+00
9.999999946594238409e+00
9.600000007629393650e+00
1.059999998855590775e+01
3.359999972534179591e+01
1.619999997711181550e+01
7.199999946594238587e+00
7.399999946594237876e+00
3.800000007629394716e+00
1.000000000762939401e+01
8.599999984741211634e+00
1.439999997711181656e+01
1.300000001525878979e+01
6.999999988555908104e+00
2.699999993896484440e+01
1.539999989318847717e+01
1.839999999999999858e+01
1.039999994659423876e+01
7.999999977111816207e+00
8.399999946594238764e+00
2.759999978637695150e+01
2.099999998474121199e+01
1.839999986267089938e+01
1.019999994659423770e+01
1.579999995422363313e+01
1.279999995422363313e+01
1.299999992370605462e+01
1.580000001525878872e+01
1.519999992370605391e+01
1.699999996948242043e+01
1.799999998474121199e+01
2.079999989318847753e+01
2.380000003051757673e+01
2.119999998474121128e+01
2.599999990844726483e+01
2.460000000000000142e+01
2.779999986267089795e+01
2.820000003051757886e+01
3.020000003051757886e+01
3.159999993896484227e+01
3.379999987792968597e+01
3.239999999999999858e+01
3.419999993896484369e+01
3.519999993896484369e+01
3.439999995422363099e+01
3.959999972534179591e+01
3.479999993896484511e+01
3.859999987792969023e+01
3.799999975585937761e+01
3.699999975585937761e+01
3.619999987792968454e+01
3.899999996948242398e+01
4.119999987792968454e+01
3.839999990844726341e+01
3.780000003051758029e+01
4.019999990844726767e+01
4.039999999999999858e+01
4.060000003051757744e+01
3.859999981689453108e+01
3.919999972534179733e+01
4.100000006103515915e+01
4.019999996948241971e+01
4.379999981689453392e+01
4.639999984741211136e+01
4.079999975585937477e+01
4.300000000000000000e+01
4.159999972534179591e+01
4.459999975585937193e+01
4.599999993896484085e+01
5.039999978637695222e+01
5.359999972534179591e+01
5.599999978637695364e+01
5.079999972534179875e+01
5.699999984741211279e+01
5.959999990844726625e+01
6.180000006103515631e+01
6.139999978637695222e+01
6.700000012207031830e+01
6.419999990844726767e+01
6.439999984741210426e+01
6.239999996948242256e+01
6.599999978637694653e+01
6.659999969482421989e+01
6.499999984741211279e+01
6.759999978637695506e+01
6.639999978637695222e+01
6.919999945068359182e+01
7.040000012207030977e+01
6.860000012207031261e+01
6.880000012207031546e+01
7.119999957275391012e+01
7.319999981689453250e+01
6.999999963378905932e+01
6.979999999999999716e+01
6.640000006103515773e+01
7.139999993896483943e+01
6.799999993896484796e+01
6.679999975585937477e+01
7.239999993896483943e+01
7.260000006103516057e+01
7.380000006103514920e+01
6.919999978637694937e+01
7.259999969482421989e+01
6.999999963378905932e+01
7.720000006103515489e+01
6.819999969482421420e+01
7.179999984741210994e+01
7.079999999999999716e+01
7.300000006103515204e+01
7.699999951171875523e+01
7.539999993896483943e+01
7.280000006103514920e+01
7.340000000000000568e+01
7.340000012207030977e+01
7.079999993896484511e+01
7.219999987792968454e+01
7.179999999999999716e+01
7.060000006103516057e+01
7.259999999999999432e+01
7.420000006103515489e+01
7.220000000000000284e+01
7.180000006103514920e+01
7.279999957275390443e+01
7.360000012207031261e+01
7.319999993896485080e+01
7.459999951171874955e+01
7.619999957275391012e+01
7.539999951171874670e+01
7.479999975585937477e+01
7.419999957275391012e+01
7.380000012207031546e+01
7.859999945068359750e+01
7.680000006103514920e+01
7.879999963378905647e+01
7.579999951171875239e+01
7.740000000000000568e+01
7.700000000000000000e+01
7.719999951171874386e+01
7.679999963378905647e+01
7.639999987792968739e+01
7.559999957275390159e+01
6.979999999999999716e+01
7.699999981689452966e+01
