2.580000000000000071e+01
0.000000000000000000e+00
8.000000000000000444e-01
3.999999977111816207e+00
8.399999977111816563e+00
1.799999988555908148e+00
1.579999995422363313e+01
3.199999988555908281e+00
1.379999998474121092e+01
6.200000007629394183e+00
1.220000000762939507e+01
1.459999995422363206e+01
3.399999994277953963e+00
7.799999977111816030e+00
3.599999994277954141e+00
1.960000001525878943e+01
4.200000007629394183e+00
1.319999997711181727e+01
7.599999994277953697e+00
7.399999994277954407e+00
7.399999946594237876e+00
1.340000001525878837e+01
7.800000007629394716e+00
1.339999994659423876e+01
1.200000001525878979e+01
7.399999988555908459e+00
2.999999994277954052e+00
1.020000000762939507e+01
2.999999994277954052e+00
1.340000001525878837e+01
5.999999994277954052e+00
4.200000007629394183e+00
7.200000007629394183e+00
5.000000007629394894e+00
2.599999994277954141e+00
1.899999993896484440e+01
9.399999977111816563e+00
5.400000000000000355e+00
7.799999984741210923e+00
1.140000001525878837e+01
9.799999977111816918e+00
5.199999994277954229e+00
1.299999998855590810e+01
1.099999998474121021e+01
1.399999997711181621e+01
7.999999977111816207e+00
5.399999994277954407e+00
1.060000001525878943e+01
8.400000015258788366e+00
1.399999995422363241e+01
1.200000001525878979e+01
7.399999988555908459e+00
5.799999923706054439e+00
1.119999997711181727e+01
8.399999977111816563e+00
5.599999988555908637e+00
1.499999998474121021e+01
1.239999998474121057e+01
6.599999988555908637e+00
1.219999986267089831e+01
6.799999988555907926e+00
8.199999988555907393e+00
1.099999997711181621e+01
3.800000007629394716e+00
1.079999998474121092e+01
1.259999994659423805e+01
2.119999999427795245e+01
1.279999998474121092e+01
9.399999988555908459e+00
1.039999995422363277e+01
2.219999989318847611e+01
1.219999998474121128e+01
1.579999997711181692e+01
1.479999986267089795e+01
1.659999986267089866e+01
8.799999977111816918e+00
9.999999984741210213e+00
1.699999989318847682e+01
7.799999977111816030e+00
1.559999986267089866e+01
1.459999989318847646e+01
8.600000007629393650e+00
1.319999992370605391e+01
1.339999998474121057e+01
1.399999994659423841e+01
1.420000001525878908e+01
1.579999992370605533e+01
1.779999995422363313e+01
1.759999998474120986e+01
1.839999992370605497e+01
2.080000003051757673e+01
2.279999995422363313e+01
2.359999987792968668e+01
2.259999989318847824e+01
2.680000000000000071e+01
2.579999998474121270e+01
3.239999995422363099e+01
3.059999987792968668e+01
3.120000003051757886e+01
3.239999978637695222e+01
3.799999984741211279e+01
3.279999993896484511e+01
3.619999993896484369e+01
3.499999972534179449e+01
4.159999981689453108e+01
3.979999984741210994e+01
3.819999981689453250e+01
3.779999987792968597e+01
3.999999987792968881e+01
3.499999969482421847e+01
4.199999990844726483e+01
4.499999975585937761e+01
4.439999972534180017e+01
4.219999978637695648e+01
4.399999978637695364e+01
4.639999996948242256e+01
4.419999981689453250e+01
4.099999978637695364e+01
4.320000000000000284e+01
4.499999981689452966e+01
4.739999978637695222e+01
4.519999969482422131e+01
4.040000006103515773e+01
4.759999993896484227e+01
4.760000000000000142e+01
4.919999987792968454e+01
5.219999975585937335e+01
5.339999987792968739e+01
5.439999993896484654e+01
5.819999984741210852e+01
6.180000012207031546e+01
6.239999978637695222e+01
6.520000000000000284e+01
6.439999975585936909e+01
6.859999978637695506e+01
7.039999981689453534e+01
6.659999963378906784e+01
7.019999951171874386e+01
6.779999969482422273e+01
7.060000006103516057e+01
7.000000006103515204e+01
7.020000012207030693e+01
7.079999963378905647e+01
7.239999978637695222e+01
7.059999978637695506e+01
7.279999951171875239e+01
7.280000006103514920e+01
7.059999963378906784e+01
7.339999963378906500e+01
7.419999957275391012e+01
7.019999969482421420e+01
7.319999957275391012e+01
7.339999981689453534e+01
7.379999999999999716e+01
7.199999951171875523e+01
7.259999963378906784e+01
7.520000012207030693e+01
7.279999981689452682e+01
7.340000012207030977e+01
7.340000000000000568e+01
7.579999987792969307e+01
7.100000012207031830e+01
7.559999999999999432e+01
7.439999963378906500e+01
7.019999975585938046e+01
7.359999963378906784e+01
7.360000012207031261e+01
7.399999963378905932e+01
7.639999993896483943e+01
7.439999969482421704e+01
7.540000000000000568e+01
7.659999969482421989e+01
7.660000006103516057e+01
7.559999969482421989e+01
7.679999999999999716e+01
7.779999993896484511e+01
7.760000012207031261e+01
7.519999951171874386e+01
7.579999969482422273e+01
7.679999975585937477e+01
7.879999938964843409e+01
7.500000006103515204e+01
7.479999969482422273e+01
7.599999987792968170e+01
7.539999993896483943e+01
7.500000012207031830e+01
7.659999999999999432e+01
7.539999957275391296e+01
7.619999957275391012e+01
7.499999993896484796e+01
7.640000000000000568e+01
7.439999993896483943e+01
7.699999963378905932e+01
7.319999981689453250e+01
7.939999993896483943e+01
7.739999957275391296e+01
7.779999993896484511e+01
7.560000006103516057e+01
7.619999957275391012e+01
7.259999963378906784e+01
