3.459999987792969023e+01
1.799999988555908148e+00
2.719999987792968810e+01
2.000000000000000111e-01
1.399999998474121021e+01
7.200000000000000178e+00
7.199999994277954229e+00
2.399999993896484440e+01
2.199999988555908281e+00
8.399999977111816563e+00
1.280000001525878872e+01
6.199999923706054794e+00
2.179999989318847753e+01
4.399999988555908459e+00
2.999999988555908104e+00
4.199999988555908281e+00
1.499999989318847682e+01
3.999999977111816207e+00
1.559999995422363206e+01
5.399999977111816563e+00
1.739999999999999858e+01
3.199999988555908281e+00
6.600000015258789432e+00
5.199999988555908281e+00
4.799999988555907926e+00
6.000000007629394894e+00
1.039999997711181656e+01
1.000000000000000000e+00
1.079999995422363313e+01
4.799999977111816030e+00
1.119999998474121128e+01
1.040000001525878837e+01
7.200000007629394183e+00
4.599999977111816740e+00
4.599999977111816740e+00
1.339999992370605497e+01
3.999999988555908104e+00
7.999999977111816207e+00
1.199999994659423841e+01
5.199999977111816385e+00
6.200000007629394183e+00
1.239999997711181656e+01
4.199999994277954229e+00
5.199999977111816385e+00
7.000000007629394894e+00
1.319999995422363348e+01
1.619999998474121128e+01
1.180000000762939472e+01
3.799999994277954318e+00
1.259999997711181585e+01
7.199999977111816385e+00
7.200000007629394183e+00
7.600000007629394538e+00
4.199999988555908281e+00
6.999999946594238409e+00
5.999999977111816207e+00
1.219999998474121128e+01
4.399999977111816563e+00
1.099999997711181621e+01
1.519999986267089831e+01
1.199999997711181621e+01
1.140000000762939436e+01
1.659999994659423805e+01
1.379999992370605533e+01
1.260000001525878943e+01
1.020000000762939507e+01
6.199999988555908281e+00
6.799999999999999822e+00
1.639999992370605497e+01
9.000000007629394005e+00
1.959999995422363384e+01
2.999999994277954052e+00
5.600000007629394538e+00
6.399999946594237876e+00
1.020000000762939507e+01
6.800000007629394716e+00
8.599999977111815852e+00
3.999999988555908104e+00
6.999999988555908104e+00
8.999999977111816207e+00
5.599999994277953697e+00
9.399999984741210568e+00
1.159999989318847646e+01
8.999999977111816207e+00
1.120000000762939507e+01
1.159999997711181585e+01
1.199999995422363241e+01
1.240000001525878837e+01
1.459999994659423805e+01
1.419999998474121128e+01
1.739999989318847540e+01
1.819999996948242327e+01
1.600000000000000000e+01
1.999999992370605639e+01
2.059999992370605426e+01
1.960000003051757744e+01
1.839999994659423876e+01
2.139999989318847540e+01
2.380000000000000071e+01
2.499999990844726483e+01
2.219999992370605568e+01
2.540000003051757815e+01
2.439999990844726696e+01
2.359999990844726625e+01
2.260000003051757744e+01
2.219999999999999929e+01
2.479999975585937477e+01
2.639999996948242256e+01
2.539999996948242256e+01
2.899999987792968881e+01
2.979999987792968597e+01
2.679999990844726554e+01
2.659999984741211065e+01
2.939999993896484298e+01
2.859999993896484227e+01
2.779999989318847753e+01
2.839999990844726696e+01
3.000000003051757957e+01
2.299999996948242043e+01
2.499999996948242043e+01
2.619999986267090009e+01
2.459999989318847824e+01
2.599999981689452966e+01
3.000000003051757957e+01
3.399999987792968881e+01
3.359999981689453108e+01
3.659999984741210710e+01
3.899999972534179449e+01
3.999999969482421847e+01
4.079999975585937477e+01
4.599999969482421847e+01
4.660000003051757744e+01
4.700000000000000000e+01
4.779999969482421562e+01
5.279999996948242114e+01
5.219999984741210852e+01
5.719999981689453250e+01
5.619999987792968454e+01
5.659999972534179591e+01
5.839999975585937619e+01
5.679999993896484511e+01
5.459999987792969023e+01
5.819999993896484369e+01
5.839999969482421704e+01
5.300000000000000000e+01
5.860000003051757744e+01
5.900000006103515915e+01
6.139999981689452824e+01
6.279999990844726909e+01
5.899999996948242398e+01
6.119999990844726767e+01
5.959999987792969023e+01
6.260000006103515346e+01
6.059999987792969023e+01
6.099999963378905932e+01
6.419999993896485080e+01
6.019999981689453250e+01
6.279999975585937477e+01
6.379999978637695079e+01
6.359999978637695506e+01
6.220000012207031403e+01
6.020000003051757886e+01
6.479999978637695790e+01
6.040000003051757460e+01
6.419999975585938046e+01
6.459999957275390159e+01
6.579999981689452682e+01
6.459999969482421989e+01
6.380000006103515631e+01
6.580000006103514920e+01
6.439999984741210426e+01
6.519999987792968454e+01
6.139999981689452824e+01
6.480000006103514920e+01
6.499999981689452966e+01
6.299999975585937761e+01
6.660000012207031261e+01
6.499999978637694653e+01
6.519999975585938046e+01
6.759999969482421989e+01
6.819999963378906216e+01
6.679999987792969307e+01
6.999999993896484796e+01
6.779999969482422273e+01
6.460000012207031261e+01
6.559999975585937193e+01
6.779999957275390443e+01
6.639999978637695222e+01
6.759999975585937193e+01
6.799999975585937761e+01
6.639999990844727051e+01
6.879999975585937477e+01
6.719999969482421420e+01
7.019999963378906216e+01
6.540000006103515773e+01
6.319999975585937335e+01
6.799999975585937761e+01
6.179999978637695079e+01
6.979999981689452682e+01
6.719999975585938046e+01
