2.000000000000000111e-01
3.179999984741210994e+01
1.600000007629394538e+00
1.899999997711181621e+01
2.419999998474121128e+01
0.000000000000000000e+00
2.579999996948242114e+01
5.599999946594238054e+00
1.120000001525878908e+01
3.199999988555908281e+00
9.999999946594238409e+00
5.399999994277954407e+00
3.199999994277954229e+00
2.799999999999999822e+00
2.639999990844726696e+01
4.200000007629394183e+00
7.399999988555908459e+00
5.399999994277954407e+00
3.799999988555908370e+00
6.399999988555908459e+00
4.399999988555908459e+00
6.000000007629394894e+00
5.599999946594238054e+00
9.799999946594239120e+00
4.399999988555908459e+00
1.259999994659423805e+01
1.320000001525878908e+01
8.799999984741210923e+00
2.639999990844726696e+01
4.800000015258788721e+00
1.039999997711181656e+01
5.799999977111816030e+00
2.740000003051757815e+01
9.800000007629394716e+00
9.199999946594237699e+00
4.400000007629394361e+00
9.399999988555908459e+00
8.799999946594239120e+00
1.400000001525878979e+01
1.699999998474121199e+01
1.020000000762939507e+01
1.479999992370605533e+01
1.719999986267090009e+01
4.799999994277953874e+00
9.799999977111816918e+00
7.799999988555907926e+00
7.000000007629394894e+00
1.599999989318847682e+01
6.200000007629394183e+00
4.999999977111816207e+00
7.800000007629394716e+00
5.399999994277954407e+00
9.600000015258789432e+00
7.599999977111816740e+00
6.799999946594238232e+00
5.199999994277954229e+00
1.120000001525878908e+01
1.159999997711181585e+01
2.259999990844726625e+01
5.200000007629394183e+00
6.799999988555907926e+00
7.799999977111816030e+00
1.079999998855590881e+01
1.359999995422363206e+01
6.400000007629394361e+00
1.979999992370605355e+01
3.719999993896484369e+01
9.400000007629394361e+00
1.419999994659423770e+01
1.599999989318847682e+01
1.759999998474120986e+01
1.040000000762939436e+01
5.799999994277953874e+00
6.999999946594238409e+00
1.199999997711181621e+01
9.599999946594238054e+00
1.040000001525878837e+01
1.179999994659423912e+01
9.399999946594238764e+00
1.079999994659423912e+01
6.799999946594238232e+00
1.059999999427795458e+01
1.140000001525878837e+01
1.199999995422363241e+01
1.259999992370605426e+01
1.199999995422363241e+01
1.259999997711181585e+01
1.219999997711181727e+01
1.359999992370605426e+01
1.539999997711181656e+01
1.439999997711181656e+01
1.699999994659423663e+01
1.719999992370605568e+01
1.779999989318847753e+01
1.679999989318847753e+01
1.800000003051757957e+01
2.179999987792968597e+01
2.099999986267089724e+01
2.360000003051757744e+01
2.239999989318847540e+01
2.239999986267089938e+01
2.299999993896484440e+01
2.459999987792968668e+01
2.499999996948242043e+01
2.239999986267089938e+01
2.219999999999999929e+01
2.499999989318847682e+01
2.420000003051757886e+01
2.119999987792968810e+01
2.759999989318847824e+01
2.959999996948242185e+01
2.460000000000000142e+01
2.899999986267089724e+01
2.739999984741210781e+01
2.559999990844726625e+01
2.719999990844726412e+01
2.260000000000000142e+01
3.039999984741210781e+01
3.339999984741211136e+01
2.700000003051757957e+01
2.839999986267089938e+01
2.419999990844726412e+01
3.499999975585937761e+01
3.199999984741210923e+01
3.479999992370605355e+01
3.540000003051757460e+01
3.859999990844726625e+01
4.119999996948241971e+01
4.239999999999999858e+01
5.000000003051757602e+01
5.179999993896484511e+01
5.379999987792968597e+01
5.119999990844726767e+01
5.819999987792968454e+01
6.319999969482422131e+01
5.999999990844726483e+01
6.319999978637695648e+01
6.319999984741210852e+01
6.479999981689452682e+01
6.580000006103514920e+01
6.400000012207031830e+01
6.319999978637695648e+01
6.439999975585936909e+01
6.499999957275390727e+01
6.640000012207030977e+01
6.779999981689452682e+01
6.960000012207031261e+01
6.739999969482421704e+01
7.079999969482422273e+01
7.020000000000000284e+01
6.679999984741210994e+01
6.799999975585937761e+01
6.819999963378906216e+01
6.839999975585936909e+01
7.040000006103515773e+01
6.799999951171875523e+01
6.959999951171874955e+01
7.159999963378906784e+01
7.179999999999999716e+01
6.440000000000000568e+01
7.060000006103516057e+01
6.939999981689453534e+01
6.919999975585938046e+01
7.059999963378906784e+01
7.139999975585936909e+01
6.899999963378905932e+01
7.320000006103515489e+01
7.019999957275391012e+01
7.019999993896485080e+01
7.400000006103515204e+01
7.120000012207030693e+01
7.359999975585937193e+01
7.379999999999999716e+01
6.899999993896484796e+01
7.479999993896484511e+01
7.039999963378906500e+01
7.279999963378905647e+01
6.959999984741210710e+01
7.100000006103515204e+01
7.159999999999999432e+01
7.179999963378905647e+01
7.379999969482422273e+01
7.439999975585936909e+01
7.619999963378906216e+01
7.359999987792969023e+01
7.159999999999999432e+01
6.980000012207031546e+01
7.239999951171874670e+01
7.479999993896484511e+01
7.440000006103515773e+01
7.599999963378905932e+01
7.439999945068359466e+01
7.480000012207031546e+01
7.439999945068359466e+01
7.479999951171875239e+01
7.340000006103515773e+01
7.419999951171874386e+01
7.479999969482422273e+01
7.519999963378906216e+01
7.079999963378905647e+01
