4.000000000000000222e-01
2.200000000000000178e+00
5.999999999999999778e-01
1.179999992370605533e+01
2.659999996948242185e+01
1.999999942779540907e-01
8.399999977111816563e+00
1.999999988555908104e+00
2.399999999999999911e+00
9.999999977111816207e+00
3.219999984741210852e+01
1.119999997711181727e+01
7.199999984741211279e+00
3.999999988555908104e+00
6.600000007629394538e+00
1.659999995422363384e+01
4.199999988555908281e+00
1.239999998474121057e+01
3.399999994277953963e+00
1.320000000762939507e+01
5.599999988555908637e+00
8.799999994277953874e+00
6.599999977111816740e+00
4.799999994277953874e+00
6.600000007629394538e+00
8.599999946594238054e+00
5.399999994277954407e+00
2.099999987792968881e+01
1.839999992370605497e+01
1.240000001525878837e+01
7.399999988555908459e+00
6.999999946594238409e+00
7.399999946594237876e+00
1.459999999999999964e+01
1.240000001525878837e+01
1.980000003051757673e+01
7.199999988555908281e+00
2.719999996948242327e+01
1.559999986267089866e+01
7.400000007629394361e+00
9.600000015258789432e+00
7.000000015258788899e+00
5.799999946594238232e+00
7.399999923706054972e+00
8.199999994277954229e+00
9.000000007629394005e+00
8.000000015258789787e+00
6.199999988555908281e+00
7.199999977111816385e+00
1.479999992370605533e+01
1.099999998474121021e+01
7.399999988555908459e+00
8.999999984741210213e+00
1.200000001525878979e+01
1.019999992370605391e+01
1.679999992370605355e+01
6.399999977111816563e+00
1.679999989318847753e+01
2.679999993896484511e+01
1.279999997711181692e+01
1.839999999999999858e+01
1.360000000762939365e+01
1.119999998855590739e+01
8.399999977111816563e+00
1.639999999999999858e+01
1.280000001525878872e+01
1.239999998474121057e+01
1.020000000762939507e+01
9.800000015258788721e+00
2.779999993896484511e+01
8.400000007629394361e+00
2.139999999999999858e+01
1.120000001525878908e+01
9.799999984741210923e+00
1.119999989318847611e+01
5.600000007629394538e+00
7.999999977111816207e+00
1.399999992370605462e+01
1.300000001525878979e+01
1.359999998474121163e+01
9.599999984741211634e+00
1.160000001525878943e+01
1.279999998474121092e+01
1.480000000762939472e+01
1.519999992370605391e+01
1.539999995422363277e+01
1.580000001525878872e+01
1.860000001525878943e+01
1.659999986267089866e+01
1.900000003051757957e+01
1.840000003051757815e+01
1.859999996948242185e+01
1.979999995422363313e+01
2.400000003051757957e+01
2.359999989318847824e+01
2.319999995422363170e+01
2.460000003051757744e+01
2.859999987792968668e+01
2.839999993896484298e+01
2.779999990844726554e+01
2.879999986267089795e+01
3.399999987792968881e+01
3.059999987792968668e+01
3.099999993896484440e+01
3.159999987792968668e+01
3.579999978637695079e+01
3.239999993896484654e+01
3.359999993896484227e+01
2.999999996948242043e+01
3.419999981689453250e+01
3.139999990844726696e+01
3.479999984741210994e+01
2.899999987792968881e+01
3.779999981689453392e+01
3.299999981689452966e+01
2.899999981689452966e+01
3.360000000000000142e+01
3.759999969482421989e+01
3.519999978637695648e+01
3.419999987792968454e+01
3.199999987792968881e+01
4.019999978637695648e+01
3.179999978637695435e+01
3.939999972534180017e+01
3.979999972534179875e+01
4.179999981689453392e+01
4.340000006103515773e+01
4.379999990844726909e+01
4.639999996948242256e+01
4.959999969482421989e+01
5.260000000000000142e+01
5.039999993896484654e+01
5.879999969482421562e+01
5.899999981689452966e+01
5.740000012207030977e+01
6.059999981689453108e+01
6.119999975585937335e+01
6.539999990844727051e+01
6.619999975585938046e+01
6.599999978637694653e+01
6.779999969482422273e+01
6.419999984741211563e+01
6.739999957275391296e+01
6.860000006103516057e+01
6.660000012207031261e+01
6.699999987792968170e+01
6.779999990844726199e+01
6.619999981689453250e+01
6.799999984741211279e+01
7.140000012207030977e+01
6.519999975585938046e+01
7.060000006103516057e+01
6.719999951171874386e+01
7.280000012207031546e+01
6.539999957275391296e+01
7.039999963378906500e+01
6.819999963378906216e+01
7.199999969482422557e+01
6.879999975585937477e+01
6.920000006103515489e+01
6.880000012207031546e+01
7.199999963378905932e+01
6.860000012207031261e+01
7.320000000000000284e+01
7.180000006103514920e+01
7.139999975585936909e+01
7.080000012207031546e+01
6.959999999999999432e+01
7.399999957275390727e+01
7.159999969482421989e+01
7.119999963378906216e+01
7.360000012207031261e+01
6.879999957275390443e+01
7.400000006103515204e+01
6.899999957275390727e+01
7.179999969482422273e+01
7.239999978637695222e+01
7.299999957275390727e+01
7.339999963378906500e+01
7.499999969482422557e+01
7.539999945068359466e+01
7.219999951171874386e+01
7.119999963378906216e+01
7.299999951171875523e+01
7.319999978637694937e+01
7.259999969482421989e+01
7.500000000000000000e+01
7.299999975585937761e+01
7.619999957275391012e+01
7.400000000000000000e+01
7.319999951171874386e+01
7.259999978637695506e+01
7.600000012207031830e+01
7.519999957275391012e+01
7.320000006103515489e+01
7.219999969482421420e+01
7.359999987792969023e+01
7.539999993896483943e+01
7.479999981689452682e+01
7.440000006103515773e+01
