3.999999988555908104e+00
3.600000000000000089e+00
1.020000000762939507e+01
1.399999994659423841e+01
7.200000007629394183e+00
1.120000001525878908e+01
6.999999988555908104e+00
1.600000000000000089e+00
2.159999993896484227e+01
6.599999977111816740e+00
2.159999993896484227e+01
7.799999977111816030e+00
6.799999977111816030e+00
4.999999988555908104e+00
7.200000007629394183e+00
3.399999994277953963e+00
5.399999977111816563e+00
7.999999946594238409e+00
1.539999992370605497e+01
9.799999994277953874e+00
3.999999994277954052e+00
9.000000007629394005e+00
6.000000007629394894e+00
4.799999977111816030e+00
1.119999995422363348e+01
5.400000000000000355e+00
4.599999988555908637e+00
6.599999977111816740e+00
1.099999994659423841e+01
8.399999977111816563e+00
1.419999995422363348e+01
1.120000001525878908e+01
3.999999988555908104e+00
1.179999998474121092e+01
9.999999946594238409e+00
6.200000015258789077e+00
3.599999988555908192e+00
1.419999992370605391e+01
6.799999988555907926e+00
1.159999998855590775e+01
1.999999986267089724e+01
7.800000007629394716e+00
3.600000007629394538e+00
9.999999977111816207e+00
5.599999946594238054e+00
6.599999977111816740e+00
6.200000015258789077e+00
1.479999992370605533e+01
1.139999997711181656e+01
1.319999994659423770e+01
1.919999986267090009e+01
1.919999986267090009e+01
8.400000007629394361e+00
1.060000001525878943e+01
5.000000007629394894e+00
3.599999988555908192e+00
1.299999994659423841e+01
9.999999988555908104e+00
6.600000007629394538e+00
1.379999986267089795e+01
6.999999977111816207e+00
7.199999988555908281e+00
9.599999977111815852e+00
1.519999986267089831e+01
8.599999988555907748e+00
1.899999997711181621e+01
6.599999977111816740e+00
2.219999994659423947e+01
4.199999977111816385e+00
9.799999946594239120e+00
1.379999998474121092e+01
1.859999990844726625e+01
5.399999977111816563e+00
9.200000007629395071e+00
3.100000000000000000e+01
1.059999997711181585e+01
1.399999999999999911e+00
9.999999946594238409e+00
1.359999989318847646e+01
1.140000000762939436e+01
1.719999989318847611e+01
1.499999992370605462e+01
1.000000000762939401e+01
1.239999989318847717e+01
1.159999998474121163e+01
1.179999994659423912e+01
1.480000000000000071e+01
1.619999995422363170e+01
1.399999986267089902e+01
1.939999992370605497e+01
1.980000003051757673e+01
1.979999996948242114e+01
2.059999992370605426e+01
2.219999999999999929e+01
2.519999978637695293e+01
2.720000003051757886e+01
2.559999992370605426e+01
2.579999993896484511e+01
3.099999993896484440e+01
2.859999986267089866e+01
2.880000003051757673e+01
3.059999984741211065e+01
2.939999990844726696e+01
3.519999969482422131e+01
2.999999986267089724e+01
3.019999990844726412e+01
3.099999996948242043e+01
3.220000000000000284e+01
3.159999993896484227e+01
3.220000003051757886e+01
3.279999987792968597e+01
3.359999978637695506e+01
3.639999981689452824e+01
3.379999986267090151e+01
3.300000000000000000e+01
3.819999981689453250e+01
3.440000003051757460e+01
3.499999981689452966e+01
4.079999996948242114e+01
3.359999992370605781e+01
3.999999969482421847e+01
3.659999984741210710e+01
3.119999999999999929e+01
3.519999975585937335e+01
3.659999969482421989e+01
3.439999978637695222e+01
3.779999984741210994e+01
4.740000006103515773e+01
4.979999993896484511e+01
4.800000006103515915e+01
5.079999999999999716e+01
5.139999993896484654e+01
5.579999987792968597e+01
5.459999978637695506e+01
5.679999978637695079e+01
6.079999990844726909e+01
6.059999969482421989e+01
6.019999984741210852e+01
6.179999984741210994e+01
6.500000003051758313e+01
6.340000012207030977e+01
6.519999987792968454e+01
6.239999999999999858e+01
6.339999990844726341e+01
6.559999987792969023e+01
6.200000006103515915e+01
6.619999978637694937e+01
6.780000012207031546e+01
6.219999990844726767e+01
6.680000006103514920e+01
6.439999978637695222e+01
6.719999969482421420e+01
6.499999975585937761e+01
6.579999981689452682e+01
6.519999969482421420e+01
6.839999987792968739e+01
6.679999969482422273e+01
7.199999963378905932e+01
6.939999969482421704e+01
7.099999975585937761e+01
7.060000012207031261e+01
7.019999993896485080e+01
6.979999975585937477e+01
7.019999993896485080e+01
6.959999969482421989e+01
7.040000012207030977e+01
6.620000006103515489e+01
7.079999975585937477e+01
6.979999975585937477e+01
6.859999984741210710e+01
7.020000006103515489e+01
6.779999978637695790e+01
7.399999951171875523e+01
7.159999957275390159e+01
7.060000012207031261e+01
7.220000006103515489e+01
6.779999975585937477e+01
6.760000012207031261e+01
7.159999975585937193e+01
7.160000006103516057e+01
7.119999978637694937e+01
7.000000012207031830e+01
6.999999957275390727e+01
6.999999969482422557e+01
6.700000012207031830e+01
7.320000006103515489e+01
7.059999975585937193e+01
6.979999969482422273e+01
6.719999978637694937e+01
6.599999987792968170e+01
6.819999963378906216e+01
7.039999969482421704e+01
6.859999963378906784e+01
7.099999969482422557e+01
7.120000000000000284e+01
6.979999969482422273e+01
6.959999969482421989e+01
7.100000012207031830e+01
7.139999951171874670e+01
7.239999951171874670e+01
