3.999999942779540740e-01
1.199999986267089902e+01
0.000000000000000000e+00
7.799999946594238232e+00
3.599999988555908192e+00
1.600000007629394538e+00
9.600000015258789432e+00
5.199999994277954229e+00
3.199999977111816385e+00
1.319999997711181727e+01
1.779999989318847753e+01
1.579999997711181692e+01
2.499999989318847682e+01
1.399999992370605462e+01
3.800000007629394716e+00
1.200000000762939401e+01
2.039999989318847540e+01
1.620000001525878730e+01
6.199999977111816385e+00
1.460000001525878943e+01
1.159999986267089866e+01
7.199999946594238587e+00
1.259999994659423805e+01
9.200000015258789077e+00
1.800000000000000044e+00
2.239999992370605497e+01
5.599999946594238054e+00
8.400000007629394361e+00
5.999999977111816207e+00
7.800000007629394716e+00
1.540000000000000036e+01
1.120000001525878908e+01
2.200000000000000178e+00
1.659999989318847824e+01
9.999999954223632415e+00
1.219999994659423770e+01
1.439999992370605497e+01
5.000000015258788899e+00
7.799999977111816030e+00
7.799999946594238232e+00
9.799999977111816918e+00
5.800000007629394716e+00
8.999999984741210213e+00
2.879999984741210994e+01
2.199999996948242043e+01
1.119999997711181727e+01
1.499999995422363241e+01
2.799999988555908370e+00
1.259999995422363206e+01
1.059999998474121163e+01
5.400000007629394361e+00
9.999999994277954940e+00
1.259999998474121163e+01
1.420000000762939507e+01
7.400000015258789254e+00
5.599999988555908637e+00
1.940000003051757815e+01
1.179999994659423912e+01
8.200000007629395071e+00
8.599999923706054261e+00
8.199999893188476108e+00
1.040000000762939436e+01
6.399999977111816563e+00
8.399999946594238764e+00
5.399999977111816563e+00
9.000000007629394005e+00
1.019999992370605391e+01
7.599999988555908637e+00
2.039999995422363455e+01
1.400000001525878979e+01
7.399999946594237876e+00
8.399999946594238764e+00
7.199999946594238587e+00
6.799999946594238232e+00
7.199999977111816385e+00
7.800000007629394716e+00
9.799999977111816918e+00
6.800000007629394716e+00
8.199999946594237699e+00
8.399999977111816563e+00
7.999999977111816207e+00
1.479999998474121092e+01
1.339999989318847717e+01
1.439999992370605497e+01
1.420000003051757886e+01
1.499999992370605462e+01
1.520000001525878908e+01
1.599999995422363241e+01
1.659999998474120986e+01
1.919999992370605568e+01
1.860000003051757744e+01
2.040000003051757815e+01
2.100000001525878801e+01
2.239999990844726696e+01
2.339999986267089938e+01
2.280000003051757673e+01
2.160000003051757744e+01
2.299999986267089724e+01
2.419999986267090009e+01
2.759999996948242185e+01
2.599999986267089724e+01
2.639999984741210781e+01
2.779999987792968597e+01
2.860000000000000142e+01
2.980000000000000071e+01
2.660000000000000142e+01
3.279999986267090151e+01
3.679999984741210994e+01
2.859999996948242185e+01
3.119999987792968810e+01
2.640000003051757815e+01
3.339999993896484654e+01
3.359999996948242540e+01
3.519999990844726767e+01
3.199999990844726483e+01
2.840000003051757815e+01
3.539999990844726341e+01
3.819999975585937335e+01
3.579999990844726909e+01
3.499999984741211279e+01
3.599999969482421847e+01
3.779999972534179875e+01
3.820000003051757886e+01
3.839999978637695222e+01
4.079999978637695079e+01
4.319999975585937335e+01
4.600000003051757602e+01
4.959999996948242540e+01
5.059999969482421989e+01
5.339999975585937619e+01
5.719999993896484369e+01
5.559999990844726625e+01
5.640000003051757460e+01
5.779999996948242114e+01
6.339999975585937619e+01
6.039999987792968739e+01
6.460000006103516057e+01
6.359999975585937193e+01
6.379999978637695079e+01
6.339999978637695222e+01
6.380000012207031546e+01
6.580000006103514920e+01
6.539999963378906500e+01
6.819999981689453250e+01
6.639999984741210426e+01
6.539999963378906500e+01
6.339999984741211136e+01
6.580000006103514920e+01
6.279999981689453392e+01
6.800000012207031830e+01
6.819999963378906216e+01
7.060000006103516057e+01
6.759999969482421989e+01
6.519999981689453250e+01
7.059999999999999432e+01
6.920000000000000284e+01
6.939999969482421704e+01
7.079999969482422273e+01
6.539999975585936909e+01
6.719999969482421420e+01
7.139999975585936909e+01
7.139999963378906500e+01
7.220000012207030693e+01
6.939999969482421704e+01
6.979999969482422273e+01
7.239999969482421704e+01
7.259999969482421989e+01
7.220000000000000284e+01
7.239999963378906500e+01
7.379999957275390443e+01
7.379999963378905647e+01
7.219999993896485080e+01
6.939999981689453534e+01
7.279999999999999716e+01
6.940000006103515773e+01
7.220000012207030693e+01
7.519999951171874386e+01
7.399999993896484796e+01
7.599999951171875523e+01
7.379999957275390443e+01
7.339999993896483943e+01
7.559999957275390159e+01
7.379999945068360034e+01
7.379999969482422273e+01
7.480000006103514920e+01
7.399999957275390727e+01
7.539999957275391296e+01
7.520000006103515489e+01
7.739999951171874670e+01
7.419999987792968454e+01
7.179999999999999716e+01
7.279999963378905647e+01
7.759999987792969023e+01
7.379999963378905647e+01
7.439999957275391296e+01
7.300000006103515204e+01
7.359999981689453818e+01
7.340000000000000568e+01
7.199999987792968170e+01
7.619999957275391012e+01
