5.199999988555908281e+00
0.000000000000000000e+00
2.799999994277954318e+00
1.599999994277954141e+00
0.000000000000000000e+00
1.839999998474121057e+01
2.160000000000000142e+01
6.600000007629394538e+00
6.000000015258788899e+00
2.459999996948242185e+01
3.799999988555908370e+00
2.199999988555908281e+00
6.799999977111816030e+00
9.399999954223632770e+00
1.219999995422363348e+01
2.200000000000000178e+00
5.199999977111816385e+00
5.199999977111816385e+00
7.200000007629394183e+00
7.199999977111816385e+00
1.519999992370605391e+01
4.799999994277953874e+00
3.199999990844726483e+01
1.199999999999999956e+00
1.800000000000000044e+00
5.000000000000000000e+00
3.199999988555908281e+00
9.200000015258789077e+00
5.199999988555908281e+00
5.799999977111816030e+00
2.519999989318847611e+01
4.999999946594238409e+00
2.200000000000000178e+00
1.519999989318847611e+01
6.599999946594238054e+00
7.000000007629394894e+00
1.840000003051757815e+01
5.399999977111816563e+00
3.799999994277954318e+00
3.400000007629394361e+00
7.799999988555907926e+00
1.039999998474121057e+01
2.139999990844726696e+01
7.199999946594238587e+00
2.499999990844726483e+01
5.400000015258789254e+00
2.460000000000000142e+01
6.199999988555908281e+00
9.399999954223632770e+00
8.999999946594238409e+00
6.399999977111816563e+00
8.600000015258789432e+00
7.199999977111816385e+00
5.599999999999999645e+00
6.599999954223632948e+00
1.120000001525878908e+01
3.000000000000000000e+00
1.359999995422363206e+01
1.099999994659423841e+01
1.959999989318847824e+01
1.119999995422363348e+01
9.799999984741210923e+00
5.999999977111816207e+00
8.399999984741210568e+00
4.600000007629394538e+00
2.919999986267090009e+01
1.239999992370605497e+01
5.599999977111816740e+00
7.399999977111816563e+00
5.000000007629394894e+00
5.800000007629394716e+00
8.599999954223632059e+00
1.839999995422363455e+01
1.479999992370605533e+01
1.479999998474121092e+01
1.139999995422363277e+01
1.159999994659423805e+01
4.359999969482421989e+01
1.699999992370605639e+01
5.400000007629394361e+00
2.079999986267089795e+01
6.400000015258789254e+00
8.200000007629395071e+00
6.999999977111816207e+00
9.599999977111815852e+00
1.199999986267089902e+01
1.300000001525878979e+01
1.319999995422363348e+01
1.359999986267089866e+01
1.479999998474121092e+01
1.359999992370605426e+01
1.859999995422363384e+01
1.999999995422363241e+01
1.879999998474121270e+01
2.439999998474121057e+01
2.699999990844726483e+01
2.119999992370605568e+01
1.759999995422363384e+01
2.459999990844726625e+01
2.419999993896484369e+01
2.659999990844726625e+01
2.740000003051757815e+01
2.520000003051757886e+01
2.839999984741210781e+01
3.619999996948241971e+01
3.259999984741210710e+01
3.099999972534179804e+01
3.439999990844726341e+01
2.979999993896484511e+01
2.899999978637695364e+01
4.120000006103515489e+01
3.479999987792968597e+01
3.059999987792968668e+01
3.939999984741211136e+01
3.239999978637695222e+01
3.679999975585937477e+01
3.419999981689453250e+01
3.639999981689452824e+01
2.939999996948242256e+01
3.079999984741210994e+01
3.299999990844726483e+01
3.419999996948241971e+01
3.399999990844726483e+01
3.979999969482421562e+01
3.399999975585937761e+01
3.939999993896484654e+01
4.059999993896484227e+01
4.879999996948242114e+01
4.759999990844726625e+01
4.899999996948242398e+01
5.700000006103515915e+01
5.619999987792968454e+01
6.079999981689453392e+01
5.479999987792968597e+01
6.600000000000000000e+01
6.580000012207031546e+01
6.379999975585937477e+01
6.699999975585937761e+01
6.759999999999999432e+01
6.579999975585937477e+01
6.619999969482421420e+01
6.760000012207031261e+01
6.559999990844725914e+01
6.579999951171875239e+01
6.919999969482421420e+01
6.959999981689453818e+01
6.579999975585937477e+01
6.939999975585936909e+01
6.859999984741210710e+01
7.100000012207031830e+01
7.039999951171874670e+01
6.779999999999999716e+01
6.640000006103515773e+01
7.060000012207031261e+01
7.119999975585938046e+01
7.259999999999999432e+01
7.159999963378906784e+01
6.799999984741211279e+01
7.079999993896484511e+01
6.919999969482421420e+01
7.199999963378905932e+01
7.299999951171875523e+01
7.219999969482421420e+01
7.339999969482421704e+01
7.140000012207030977e+01
7.079999984741210994e+01
7.359999969482421989e+01
6.919999978637694937e+01
7.499999993896484796e+01
6.919999978637694937e+01
7.260000012207031261e+01
7.259999963378906784e+01
7.400000006103515204e+01
7.360000006103516057e+01
7.300000006103515204e+01
7.260000012207031261e+01
7.439999957275391296e+01
7.519999993896485080e+01
7.459999993896484227e+01
7.439999945068359466e+01
7.460000006103516057e+01
7.379999987792969307e+01
7.399999951171875523e+01
7.339999963378906500e+01
7.179999957275390443e+01
7.100000006103515204e+01
7.340000012207030977e+01
7.519999963378906216e+01
7.459999957275390159e+01
7.440000006103515773e+01
7.200000006103515204e+01
7.339999993896483943e+01
7.559999987792969023e+01
7.579999987792969307e+01
7.280000012207031546e+01
7.139999987792968739e+01
7.459999969482421989e+01
7.319999969482421420e+01
7.419999957275391012e+01
7.500000000000000000e+01
