2.799999984741210923e+01
4.039999987792968739e+01
1.999999994277954052e+00
3.679999987792968597e+01
3.419999981689453250e+01
4.860000003051757744e+01
9.599999946594238054e+00
3.619999969482422131e+01
3.239999993896484654e+01
5.979999990844726909e+01
1.319999994659423770e+01
2.100000000000000000e+01
2.460000003051757744e+01
3.439999975585937619e+01
3.819999975585937335e+01
7.999999987792968170e+01
3.420000000000000284e+01
3.459999990844726625e+01
4.399999969482421847e+01
4.039999990844726341e+01
4.139999978637695222e+01
4.819999993896484369e+01
7.020000006103515489e+01
4.799999981689452966e+01
4.919999969482422131e+01
5.960000012207031261e+01
6.759999978637695506e+01
6.139999981689452824e+01
4.399999984741211279e+01
5.899999975585937761e+01
7.339999987792968739e+01
8.040000000000000568e+01
6.700000006103515204e+01
6.639999969482421704e+01
7.659999957275390159e+01
7.979999951171875239e+01
6.599999993896484796e+01
8.479999963378905647e+01
6.840000012207030977e+01
7.879999951171875239e+01
6.139999981689452824e+01
6.059999987792969023e+01
9.139999975585936909e+01
8.359999993896484227e+01
5.099999975585937761e+01
6.519999969482421420e+01
6.199999969482421847e+01
7.779999993896484511e+01
5.399999996948242398e+01
5.819999996948241971e+01
5.699999996948242398e+01
7.399999945068358898e+01
1.219999997711181727e+01
5.839999987792968739e+01
7.679999969482422273e+01
7.079999993896484511e+01
4.620000000000000284e+01
8.219999945068359182e+01
5.139999972534180017e+01
8.900000006103515204e+01
7.959999993896484227e+01
7.080000012207031546e+01
7.419999993896485080e+01
5.079999999999999716e+01
6.279999981689453392e+01
9.200000012207031830e+01
6.579999975585937477e+01
5.879999996948242114e+01
7.179999999999999716e+01
8.119999957275391012e+01
8.499999945068358898e+01
8.259999957275390159e+01
8.339999981689453534e+01
6.019999990844726767e+01
9.480000012207031546e+01
6.519999969482421420e+01
9.540000012207030977e+01
5.599999981689452966e+01
3.859999972534179591e+01
7.220000006103515489e+01
8.419999987792968454e+01
7.319999957275391012e+01
9.099999969482422557e+01
9.299999975585937761e+01
9.379999963378905647e+01
9.279999969482422273e+01
8.479999987792969307e+01
8.739999987792968739e+01
8.699999981689452966e+01
8.239999987792968739e+01
8.739999945068359466e+01
8.519999957275391012e+01
8.579999945068360034e+01
8.599999987792968170e+01
8.560000012207031261e+01
8.859999981689453818e+01
7.939999987792968739e+01
8.499999938964843693e+01
8.619999938964843977e+01
8.759999975585937193e+01
8.599999969482422557e+01
9.219999938964843977e+01
8.779999945068360034e+01
8.979999975585937477e+01
8.159999957275390159e+01
8.639999945068359466e+01
8.779999945068360034e+01
8.679999981689452682e+01
8.399999945068358898e+01
9.019999975585938046e+01
8.859999981689453818e+01
8.819999938964843977e+01
8.839999975585936909e+01
9.040000012207030977e+01
8.820000012207030693e+01
8.800000000000000000e+01
8.399999945068358898e+01
8.739999951171874670e+01
8.819999969482421420e+01
8.799999981689452966e+01
6.919999945068359182e+01
8.899999938964843693e+01
8.799999987792968170e+01
9.559999969482421989e+01
9.459999963378906784e+01
9.459999963378906784e+01
9.639999963378906500e+01
9.520000012207030693e+01
9.380000012207031546e+01
9.620000012207030693e+01
9.599999963378905932e+01
9.160000012207031261e+01
8.919999938964843977e+01
8.859999951171874955e+01
8.899999945068358898e+01
8.779999938964843409e+01
8.740000012207030977e+01
8.819999945068359182e+01
8.779999981689452682e+01
8.980000012207031546e+01
9.039999975585936909e+01
8.839999938964844262e+01
8.719999945068359182e+01
8.779999981689452682e+01
8.699999951171875523e+01
8.819999975585938046e+01
8.679999981689452682e+01
8.779999945068360034e+01
8.860000006103516057e+01
8.859999951171874955e+01
8.659999993896484227e+01
8.840000012207030977e+01
8.899999945068358898e+01
9.119999938964843977e+01
8.839999945068359466e+01
8.939999969482421704e+01
8.999999969482422557e+01
8.759999945068359750e+01
8.839999981689453534e+01
8.759999975585937193e+01
8.959999981689453818e+01
8.880000012207031546e+01
8.939999938964844262e+01
8.999999945068358898e+01
8.919999981689453250e+01
8.999999975585937761e+01
8.779999975585937477e+01
8.719999938964843977e+01
8.999999981689452966e+01
8.919999975585938046e+01
9.079999938964843409e+01
9.000000012207031830e+01
8.940000012207030977e+01
8.819999963378906216e+01
8.979999975585937477e+01
8.919999945068359182e+01
8.799999969482422557e+01
8.799999975585937761e+01
8.980000012207031546e+01
8.799999951171875523e+01
8.940000006103515773e+01
8.999999969482422557e+01
8.840000012207030977e+01
8.920000012207030693e+01
8.900000006103515204e+01
8.979999938964843409e+01
9.140000012207030977e+01
8.719999981689453250e+01
8.899999981689452966e+01
8.939999938964844262e+01
8.939999975585936909e+01
8.879999975585937477e+01
8.719999945068359182e+01
8.979999945068360034e+01
8.879999975585937477e+01
8.799999938964843693e+01
9.020000012207030693e+01
8.899999945068358898e+01
8.799999975585937761e+01
8.799999938964843693e+01
