2.619999999999999929e+01
1.600000000000000089e+00
2.299999989318847682e+01
2.719999986267090009e+01
1.179999995422363313e+01
1.879999995422363313e+01
5.199999978637695364e+01
3.199999987792968881e+01
4.479999969482421562e+01
5.379999981689453392e+01
2.839999993896484298e+01
2.960000003051757744e+01
1.099999994659423841e+01
7.079999978637695790e+01
2.999999984741210923e+01
2.879999996948242114e+01
3.199999969482421847e+01
5.959999969482421989e+01
3.380000006103515631e+01
5.040000006103515773e+01
3.939999972534180017e+01
5.219999987792968454e+01
2.839999996948242256e+01
7.159999957275390159e+01
4.979999972534179875e+01
5.179999993896484511e+01
7.120000012207030693e+01
5.459999993896484227e+01
6.759999969482421989e+01
7.119999969482421420e+01
6.039999975585937619e+01
5.760000000000000142e+01
6.180000006103515631e+01
7.419999957275391012e+01
1.759999997711181763e+01
5.879999957275390443e+01
7.339999969482421704e+01
8.439999945068359466e+01
7.059999963378906784e+01
6.119999978637695648e+01
3.979999999999999716e+01
8.579999987792969307e+01
3.779999990844726909e+01
6.579999969482422273e+01
8.559999945068359750e+01
2.899999986267089724e+01
5.719999984741210852e+01
7.579999981689452682e+01
5.999999984741211279e+01
6.079999987792968597e+01
3.619999987792968454e+01
7.779999987792969307e+01
8.059999963378906784e+01
7.620000012207030693e+01
5.199999972534179449e+01
7.940000006103515773e+01
7.679999957275390443e+01
7.199999963378905932e+01
8.119999951171874386e+01
9.640000000000000568e+01
6.779999999999999716e+01
8.279999987792969307e+01
6.839999978637695222e+01
6.599999987792968170e+01
5.599999978637695364e+01
8.039999993896483943e+01
5.599999987792968881e+01
7.439999969482421704e+01
9.299999975585937761e+01
6.899999957275390727e+01
3.719999986267090009e+01
6.059999981689453108e+01
7.860000006103516057e+01
8.459999993896484227e+01
7.180000006103514920e+01
7.759999993896484227e+01
6.600000012207031830e+01
7.959999957275390159e+01
9.099999975585937761e+01
5.639999984741211136e+01
5.059999984741210710e+01
5.459999975585937193e+01
8.599999987792968170e+01
9.620000006103515489e+01
8.539999951171874670e+01
9.380000012207031546e+01
8.899999938964843693e+01
9.039999981689453534e+01
9.359999969482421989e+01
9.099999945068358898e+01
9.560000006103516057e+01
8.719999945068359182e+01
8.639999969482421704e+01
8.819999975585938046e+01
8.939999987792968739e+01
8.399999981689452966e+01
8.819999987792968454e+01
8.719999945068359182e+01
8.759999969482421989e+01
8.779999938964843409e+01
9.119999981689453250e+01
8.859999981689453818e+01
8.319999993896485080e+01
9.159999975585937193e+01
8.860000012207031261e+01
8.579999987792969307e+01
8.299999981689452966e+01
8.719999945068359182e+01
8.859999945068359750e+01
8.619999987792968454e+01
9.179999975585937477e+01
8.839999981689453534e+01
8.379999938964843409e+01
8.519999945068359182e+01
8.359999975585937193e+01
8.719999975585938046e+01
8.679999993896484511e+01
8.699999945068358898e+01
8.619999957275391012e+01
9.060000006103516057e+01
8.679999945068360034e+01
8.920000006103515489e+01
8.920000006103515489e+01
8.999999975585937761e+01
9.099999969482422557e+01
9.359999975585937193e+01
9.440000012207030977e+01
9.199999938964843693e+01
9.259999969482421989e+01
9.119999969482421420e+01
9.340000012207030977e+01
9.600000012207031830e+01
9.440000012207030977e+01
9.619999969482421420e+01
9.580000006103514920e+01
9.399999963378905932e+01
8.900000012207031830e+01
8.679999987792969307e+01
8.879999975585937477e+01
8.580000012207031546e+01
8.900000012207031830e+01
8.920000012207030693e+01
8.699999945068358898e+01
8.719999975585938046e+01
8.899999981689452966e+01
8.599999981689452966e+01
8.660000012207031261e+01
8.699999975585937761e+01
8.699999938964843693e+01
8.879999975585937477e+01
8.860000006103516057e+01
8.819999945068359182e+01
8.739999987792968739e+01
8.740000012207030977e+01
8.779999975585937477e+01
8.899999981689452966e+01
8.759999938964843125e+01
8.739999945068359466e+01
8.659999945068359750e+01
8.799999987792968170e+01
8.699999981689452966e+01
8.719999975585938046e+01
8.739999969482421704e+01
8.859999975585937193e+01
8.919999975585938046e+01
8.619999951171874386e+01
8.759999938964843125e+01
8.739999987792968739e+01
8.919999938964843977e+01
8.780000012207031546e+01
8.719999938964843977e+01
8.799999975585937761e+01
8.919999938964843977e+01
8.660000012207031261e+01
8.939999938964844262e+01
8.839999975585936909e+01
8.740000012207030977e+01
8.519999945068359182e+01
8.719999981689453250e+01
8.959999938964843125e+01
8.880000012207031546e+01
8.879999945068360034e+01
8.939999969482421704e+01
8.799999938964843693e+01
8.779999987792969307e+01
8.840000012207030977e+01
8.800000012207031830e+01
8.579999957275390443e+01
8.939999945068359466e+01
8.859999951171874955e+01
8.619999951171874386e+01
8.839999981689453534e+01
8.940000012207030977e+01
8.799999969482422557e+01
8.659999945068359750e+01
8.679999987792969307e+01
8.759999987792969023e+01
8.860000012207031261e+01
8.879999945068360034e+01
8.799999975585937761e+01
