0.000000000000000000e+00
1.199999994277954007e+00
2.139999986267089938e+01
0.000000000000000000e+00
1.939999992370605497e+01
1.480000001525878872e+01
2.519999996948242327e+01
2.399999988555908015e+00
4.279999981689453392e+01
3.999999977111816207e+00
9.800000007629394716e+00
1.739999995422363455e+01
3.039999987792968739e+01
2.099999993896484440e+01
1.139999998474121057e+01
8.999999977111816207e+00
3.539999993896484654e+01
4.199999969482421847e+01
3.999999994277954052e+00
4.320000006103515489e+01
3.100000000000000000e+01
4.599999981689452966e+01
1.560000003051757744e+01
9.399999946594238764e+00
4.340000006103515773e+01
2.099999986267089724e+01
7.599999977111816740e+00
5.399999987792968881e+01
1.979999994659423734e+01
1.099999992370605462e+01
2.119999992370605568e+01
5.020000003051757886e+01
1.939999986267089938e+01
2.839999987792968739e+01
4.579999969482421562e+01
2.019999986267090009e+01
5.199999946594238587e+00
4.159999981689453108e+01
2.680000000000000071e+01
2.759999986267089866e+01
1.099999997711181621e+01
2.879999992370605355e+01
3.619999981689453250e+01
5.379999993896484511e+01
7.099999987792968170e+01
5.360000000000000142e+01
5.360000003051757744e+01
2.019999989318847611e+01
5.339999975585937619e+01
4.539999978637695222e+01
5.499999978637695364e+01
6.579999975585937477e+01
8.279999938964843409e+01
3.799999984741211279e+01
5.739999984741211136e+01
6.480000003051758029e+01
3.540000003051757460e+01
6.959999987792969023e+01
6.000000006103515915e+01
4.799999969482421847e+01
4.379999984741210994e+01
5.839999990844726341e+01
5.620000000000000284e+01
5.779999990844726909e+01
4.719999990844726767e+01
4.279999987792968597e+01
3.999999978637695364e+01
5.000000003051757602e+01
5.219999975585937335e+01
4.959999969482421989e+01
5.059999978637695506e+01
7.080000012207031546e+01
5.459999978637695506e+01
5.340000012207030977e+01
5.559999990844726625e+01
3.199999993896484440e+01
5.579999981689453392e+01
4.039999972534180017e+01
4.719999969482422131e+01
6.680000012207031546e+01
5.419999990844726767e+01
4.579999984741210994e+01
5.179999993896484511e+01
7.160000012207031261e+01
7.980000012207031546e+01
6.459999975585937193e+01
7.339999957275391296e+01
8.019999981689453250e+01
7.919999981689453250e+01
8.199999945068358898e+01
8.359999975585937193e+01
7.899999957275390727e+01
8.139999951171874670e+01
7.939999993896483943e+01
7.859999999999999432e+01
8.100000000000000000e+01
8.359999957275390159e+01
7.680000006103514920e+01
7.780000006103514920e+01
7.999999987792968170e+01
7.959999999999999432e+01
7.979999945068360034e+01
8.519999969482421420e+01
8.679999993896484511e+01
7.999999938964843693e+01
8.299999987792968170e+01
7.919999951171874386e+01
8.839999969482421704e+01
8.279999993896484511e+01
8.559999993896484227e+01
8.479999951171875239e+01
7.959999999999999432e+01
7.579999969482422273e+01
8.119999987792968454e+01
8.119999951171874386e+01
8.199999987792968170e+01
8.119999987792968454e+01
8.239999987792968739e+01
8.339999993896483943e+01
8.299999981689452966e+01
8.379999957275390443e+01
7.979999951171875239e+01
8.299999981689452966e+01
8.580000012207031546e+01
8.499999938964843693e+01
9.059999969482421989e+01
9.100000006103515204e+01
9.079999969482422273e+01
9.340000012207030977e+01
9.340000006103515773e+01
9.280000012207031546e+01
9.259999969482421989e+01
8.999999975585937761e+01
8.840000012207030977e+01
8.819999938964843977e+01
8.879999963378905647e+01
8.839999981689453534e+01
8.760000006103516057e+01
8.800000012207031830e+01
8.679999938964843409e+01
8.819999945068359182e+01
8.779999981689452682e+01
8.799999945068358898e+01
8.860000012207031261e+01
8.859999975585937193e+01
8.779999945068360034e+01
8.819999938964843977e+01
8.779999975585937477e+01
8.859999951171874955e+01
8.899999975585937761e+01
8.919999981689453250e+01
8.959999969482421989e+01
8.900000012207031830e+01
8.859999975585937193e+01
8.899999987792968170e+01
8.960000012207031261e+01
8.699999975585937761e+01
8.919999981689453250e+01
8.839999975585936909e+01
8.859999969482421989e+01
8.879999981689452682e+01
8.899999945068358898e+01
8.920000012207030693e+01
8.859999938964843125e+01
8.719999981689453250e+01
8.779999938964843409e+01
8.940000012207030977e+01
8.879999945068360034e+01
8.640000012207030977e+01
8.879999951171875239e+01
8.799999981689452966e+01
8.920000012207030693e+01
8.779999938964843409e+01
8.919999975585938046e+01
8.959999981689453818e+01
8.919999975585938046e+01
8.720000012207030693e+01
8.760000012207031261e+01
8.779999975585937477e+01
8.639999945068359466e+01
8.739999975585936909e+01
8.979999938964843409e+01
8.860000006103516057e+01
8.879999945068360034e+01
8.759999975585937193e+01
8.779999981689452682e+01
8.919999981689453250e+01
8.940000006103515773e+01
8.879999969482422273e+01
8.940000012207030977e+01
8.900000012207031830e+01
8.839999981689453534e+01
8.779999969482422273e+01
8.959999945068359750e+01
8.840000012207030977e+01
8.920000012207030693e+01
8.959999975585937193e+01
8.879999945068360034e+01
8.899999945068358898e+01
8.939999981689453534e+01
