1.940000003051757815e+01
1.480000001525878872e+01
2.799999994277954318e+00
2.219999993896484369e+01
5.599999977111816740e+00
7.000000007629394894e+00
3.000000000000000000e+00
1.600000000000000089e+00
5.599999988555908637e+00
3.139999990844726696e+01
1.299999998474121021e+01
3.399999994277953963e+00
2.619999993896484369e+01
1.379999994659423912e+01
1.319999992370605391e+01
2.219999993896484369e+01
1.420000001525878908e+01
1.539999995422363277e+01
1.420000001525878908e+01
9.999999994277954940e+00
1.100000000762939401e+01
2.059999989318847824e+01
3.339999993896484654e+01
3.999999975585937761e+01
2.279999993896484511e+01
3.239999975585937619e+01
5.000000003051757602e+01
2.459999992370605426e+01
2.799999990844726483e+01
3.519999981689453250e+01
5.939999987792968739e+01
4.199999978637695364e+01
3.199999993896484440e+01
2.559999989318847824e+01
6.319999978637695648e+01
2.379999990844726554e+01
2.199999993896484440e+01
3.559999984741210710e+01
6.219999987792968454e+01
2.259999986267089866e+01
4.880000006103515631e+01
2.279999986267089795e+01
5.420000003051757886e+01
2.079999986267089795e+01
6.879999957275390443e+01
8.259999981689453818e+01
3.239999993896484654e+01
4.239999996948242256e+01
5.339999984741211136e+01
2.919999984741210852e+01
2.439999986267089938e+01
2.919999986267090009e+01
3.799999978637695364e+01
5.359999984741210710e+01
4.540000003051757460e+01
5.219999969482422131e+01
2.379999996948242114e+01
6.339999987792968739e+01
4.799999978637695364e+01
3.499999984741211279e+01
8.619999957275391012e+01
4.059999969482421989e+01
5.119999996948241971e+01
3.779999987792968597e+01
4.920000000000000284e+01
4.239999981689452824e+01
5.239999990844726341e+01
6.220000000000000284e+01
4.019999972534179733e+01
3.859999996948242540e+01
5.519999996948241971e+01
4.839999987792968739e+01
5.440000006103515773e+01
6.499999981689452966e+01
2.619999996948242327e+01
4.200000006103515915e+01
4.020000003051757886e+01
7.459999999999999432e+01
3.339999999999999858e+01
3.939999990844726341e+01
8.119999945068359182e+01
5.579999993896484511e+01
6.279999978637695079e+01
6.079999978637695079e+01
8.599999951171875523e+01
8.859999951171874955e+01
9.279999938964843409e+01
8.839999945068359466e+01
8.419999993896485080e+01
8.579999975585937477e+01
8.479999981689452682e+01
8.399999987792968170e+01
8.439999987792968739e+01
7.959999987792969023e+01
8.539999987792968739e+01
8.279999963378905647e+01
8.279999951171875239e+01
7.919999945068359182e+01
8.539999938964844262e+01
8.299999951171875523e+01
8.319999975585938046e+01
8.299999987792968170e+01
8.499999987792968170e+01
8.599999975585937761e+01
8.539999981689453534e+01
8.819999945068359182e+01
8.399999993896484796e+01
8.579999981689452682e+01
8.220000000000000284e+01
8.079999963378905647e+01
8.459999981689453818e+01
8.300000012207031830e+01
8.059999938964843125e+01
8.379999993896484511e+01
8.420000000000000284e+01
7.540000006103515773e+01
8.299999945068358898e+01
8.359999987792969023e+01
8.419999945068359182e+01
8.599999945068358898e+01
8.379999951171875239e+01
8.599999975585937761e+01
8.440000012207030977e+01
8.579999938964843409e+01
8.719999938964843977e+01
9.059999938964843125e+01
9.299999969482422557e+01
9.420000006103515489e+01
9.379999969482422273e+01
9.499999969482422557e+01
9.439999969482421704e+01
9.300000012207031830e+01
9.040000012207030977e+01
8.879999969482422273e+01
8.799999975585937761e+01
8.779999981689452682e+01
8.900000012207031830e+01
8.739999945068359466e+01
8.819999975585938046e+01
8.539999945068359466e+01
8.679999951171875239e+01
8.619999993896485080e+01
8.640000012207030977e+01
8.599999951171875523e+01
8.399999987792968170e+01
8.659999945068359750e+01
8.599999993896484796e+01
8.839999945068359466e+01
8.579999951171875239e+01
8.619999951171874386e+01
8.759999975585937193e+01
8.839999969482421704e+01
8.639999938964844262e+01
8.739999975585936909e+01
8.719999957275391012e+01
8.699999963378905932e+01
8.839999987792968739e+01
8.719999945068359182e+01
8.859999987792969023e+01
8.819999975585938046e+01
8.679999963378905647e+01
8.679999987792969307e+01
8.999999981689452966e+01
8.919999987792968454e+01
8.619999938964843977e+01
8.940000012207030977e+01
8.919999987792968454e+01
8.839999938964844262e+01
8.819999938964843977e+01
8.759999938964843125e+01
8.979999975585937477e+01
8.959999951171874955e+01
9.039999969482421704e+01
8.960000012207031261e+01
8.759999981689453818e+01
8.799999975585937761e+01
8.959999975585937193e+01
8.799999969482422557e+01
8.919999981689453250e+01
8.739999975585936909e+01
8.719999969482421420e+01
8.919999945068359182e+01
8.979999963378905647e+01
8.739999981689453534e+01
9.119999963378906216e+01
8.739999945068359466e+01
9.219999975585938046e+01
8.899999938964843693e+01
8.999999969482422557e+01
8.859999938964843125e+01
8.679999969482422273e+01
8.639999945068359466e+01
8.699999938964843693e+01
8.939999981689453534e+01
8.899999938964843693e+01
8.919999969482421420e+01
8.619999945068359182e+01
8.879999975585937477e+01
8.879999963378905647e+01
8.639999945068359466e+01
