5.979999984741210994e+01
0.000000000000000000e+00
1.719999989318847611e+01
7.999999988555908104e+00
3.799999999999999822e+00
4.600000007629394538e+00
5.999999988555908104e+00
9.999999942779540518e-01
3.399999988555908015e+00
2.479999989318847753e+01
1.120000000762939507e+01
1.739999995422363455e+01
8.999999977111816207e+00
1.179999998855590881e+01
6.999999946594238409e+00
3.400000007629394361e+00
3.799999988555908370e+00
1.080000000762939472e+01
2.379999989318847753e+01
8.399999988555908459e+00
2.799999989318847682e+01
6.400000015258789254e+00
1.479999992370605533e+01
2.019999984741210852e+01
7.800000007629394716e+00
1.119999998474121128e+01
1.700000003051757957e+01
1.380000000762939472e+01
1.639999989318847540e+01
2.680000003051757673e+01
1.719999989318847611e+01
3.200000000000000178e+00
2.739999981689453179e+01
1.759999994659423805e+01
1.320000001525878908e+01
2.279999993896484511e+01
1.839999994659423876e+01
1.679999998474121270e+01
2.079999995422363313e+01
3.099999987792968881e+01
1.779999994659423734e+01
2.759999996948242185e+01
1.679999995422363313e+01
1.019999989318847611e+01
3.619999981689453250e+01
3.879999975585937477e+01
3.979999984741210994e+01
3.520000000000000284e+01
1.879999989318847753e+01
1.719999998474121128e+01
1.779999986267089795e+01
3.379999996948242114e+01
1.699999992370605639e+01
2.599999981689452966e+01
2.880000000000000071e+01
3.759999981689453108e+01
3.619999987792968454e+01
5.799999990844726483e+01
4.559999984741210710e+01
3.979999987792968597e+01
4.379999972534179875e+01
2.519999975585937335e+01
3.379999987792968597e+01
3.919999978637695648e+01
4.219999981689453250e+01
3.459999993896484227e+01
2.859999984741211065e+01
3.639999975585937619e+01
4.599999981689452966e+01
3.759999987792969023e+01
3.000000000000000000e+01
4.299999987792968881e+01
4.940000006103515773e+01
4.340000006103515773e+01
5.339999969482421704e+01
5.579999993896484511e+01
4.079999972534179875e+01
2.119999989318847611e+01
4.759999981689453108e+01
2.259999986267089866e+01
3.979999975585937477e+01
4.459999975585937193e+01
5.679999984741210994e+01
4.559999969482421989e+01
6.819999990844726767e+01
7.719999951171874386e+01
6.540000012207030977e+01
7.579999957275390443e+01
7.659999957275390159e+01
7.819999957275391012e+01
7.319999993896485080e+01
7.559999963378906784e+01
7.179999975585937477e+01
7.599999993896484796e+01
7.919999945068359182e+01
7.940000000000000568e+01
7.199999963378905932e+01
7.739999993896483943e+01
7.699999957275390727e+01
7.779999951171875239e+01
7.879999975585937477e+01
7.679999999999999716e+01
8.159999987792969023e+01
7.539999951171874670e+01
7.739999951171874670e+01
7.719999963378906216e+01
7.999999987792968170e+01
7.799999951171875523e+01
7.879999993896484511e+01
7.619999957275391012e+01
7.559999993896484227e+01
7.579999987792969307e+01
7.779999987792969307e+01
8.119999957275391012e+01
7.659999993896484227e+01
7.979999951171875239e+01
7.379999999999999716e+01
7.899999951171875523e+01
8.419999987792968454e+01
8.159999981689453818e+01
8.039999951171874670e+01
8.399999951171875523e+01
8.099999987792968170e+01
8.019999957275391012e+01
8.619999938964843977e+01
8.639999987792968739e+01
9.039999975585936909e+01
9.160000012207031261e+01
9.160000012207031261e+01
9.080000012207031546e+01
9.159999981689453818e+01
9.239999969482421704e+01
9.120000006103515489e+01
9.100000012207031830e+01
8.859999938964843125e+01
8.639999938964844262e+01
8.579999993896484511e+01
8.659999981689453818e+01
8.659999945068359750e+01
8.619999969482421420e+01
8.499999981689452966e+01
8.579999981689452682e+01
8.659999938964843125e+01
8.580000012207031546e+01
8.679999938964843409e+01
8.579999945068360034e+01
8.519999951171874386e+01
8.639999945068359466e+01
8.599999987792968170e+01
8.679999938964843409e+01
8.660000012207031261e+01
8.439999981689453534e+01
8.720000006103515489e+01
8.879999969482422273e+01
8.739999975585936909e+01
8.660000012207031261e+01
8.799999975585937761e+01
8.839999987792968739e+01
8.579999951171875239e+01
8.879999981689452682e+01
8.479999999999999716e+01
8.659999938964843125e+01
8.959999975585937193e+01
8.639999987792968739e+01
8.839999969482421704e+01
8.959999938964843125e+01
8.739999975585936909e+01
8.919999945068359182e+01
8.839999987792968739e+01
8.779999938964843409e+01
8.659999957275390159e+01
8.859999938964843125e+01
8.779999981689452682e+01
8.880000012207031546e+01
8.959999938964843125e+01
8.859999969482421989e+01
8.879999981689452682e+01
8.859999938964843125e+01
8.759999945068359750e+01
8.699999975585937761e+01
8.820000012207030693e+01
8.899999938964843693e+01
8.959999938964843125e+01
8.859999981689453818e+01
8.820000000000000284e+01
8.819999969482421420e+01
8.959999987792969023e+01
8.839999945068359466e+01
8.779999938964843409e+01
8.799999975585937761e+01
8.919999938964843977e+01
8.899999975585937761e+01
8.919999975585938046e+01
8.679999987792969307e+01
8.899999981689452966e+01
8.859999945068359750e+01
8.799999975585937761e+01
8.699999981689452966e+01
8.739999993896483943e+01
8.799999981689452966e+01
