0.000000000000000000e+00
1.600000000000000089e+00
2.479999996948242114e+01
3.379999975585937477e+01
2.659999984741211065e+01
4.200000000000000178e+00
2.599999992370605639e+01
4.999999946594238409e+00
1.899999998474121199e+01
1.800000007629394494e+00
3.799999988555908370e+00
9.799999994277953874e+00
2.999999988555908104e+00
1.319999995422363348e+01
8.600000007629393650e+00
2.399999994277953963e+00
1.860000001525878943e+01
1.360000001525878943e+01
3.199999977111816385e+00
5.399999946594237876e+00
2.400000003051757957e+01
3.319999993896484369e+01
1.239999994659423876e+01
3.399999994277953963e+00
1.059999992370605426e+01
1.279999995422363313e+01
2.999999994277954052e+00
2.099999996948242043e+01
7.799999988555907926e+00
1.300000001525878979e+01
8.800000015258788721e+00
2.100000003051757957e+01
2.719999999999999929e+01
9.199999984741211279e+00
1.279999989318847575e+01
6.400000007629394361e+00
1.499999995422363241e+01
6.399999988555908459e+00
1.439999998474121057e+01
1.719999999999999929e+01
2.360000003051757744e+01
1.599999997711181621e+01
1.339999997711181656e+01
5.720000012207031403e+01
2.359999990844726625e+01
6.799999977111816030e+00
3.440000003051757460e+01
1.300000003051757780e+01
1.359999995422363206e+01
1.419999994659423770e+01
1.319999997711181727e+01
1.459999994659423805e+01
1.419999998474121128e+01
2.080000003051757673e+01
2.700000000000000000e+01
2.300000003051757957e+01
1.879999996948242114e+01
6.799999994277953874e+00
9.999999977111816207e+00
1.699999989318847682e+01
8.999999984741210213e+00
1.759999997711181763e+01
1.859999995422363384e+01
1.559999995422363206e+01
1.759999997711181763e+01
2.219999986267090009e+01
5.359999996948242540e+01
2.539999984741210781e+01
1.739999995422363455e+01
2.079999998474121270e+01
2.759999993896484227e+01
2.199999986267089724e+01
9.199999984741211279e+00
2.000000003051757957e+01
1.719999998474121128e+01
1.480000003051757851e+01
9.199999946594237699e+00
2.000000000762939578e+01
2.459999993896484227e+01
1.139999997711181656e+01
2.539999986267089938e+01
2.760000003051757744e+01
4.360000006103515346e+01
4.499999984741211279e+01
5.340000003051757460e+01
4.639999993896484654e+01
5.399999981689452966e+01
5.400000006103515915e+01
5.279999975585937477e+01
5.319999975585937335e+01
5.279999984741210994e+01
5.219999981689453250e+01
5.639999990844726341e+01
5.139999990844726341e+01
5.500000003051757602e+01
5.639999990844726341e+01
5.279999993896484511e+01
5.339999984741211136e+01
5.579999999999999716e+01
5.120000000000000284e+01
5.139999990844726341e+01
5.479999993896484511e+01
5.579999996948242114e+01
5.620000012207031403e+01
6.240000012207030977e+01
6.019999990844726767e+01
5.760000006103515346e+01
5.519999984741210852e+01
5.939999978637695222e+01
6.219999990844726767e+01
6.199999996948242398e+01
6.119999984741210852e+01
6.259999987792969023e+01
5.719999993896484369e+01
5.839999990844726341e+01
5.619999975585937335e+01
6.259999969482421989e+01
6.499999987792968170e+01
5.539999999999999858e+01
5.839999975585937619e+01
5.779999984741210994e+01
6.439999993896483943e+01
6.239999987792968739e+01
7.460000012207031261e+01
7.860000006103516057e+01
7.619999987792968454e+01
8.139999981689453534e+01
8.179999957275390443e+01
8.100000000000000000e+01
8.399999951171875523e+01
7.719999993896485080e+01
7.839999987792968739e+01
7.979999999999999716e+01
7.819999993896485080e+01
7.639999963378906500e+01
7.480000006103514920e+01
7.200000006103515204e+01
7.340000000000000568e+01
7.719999993896485080e+01
7.919999938964843977e+01
7.879999957275390443e+01
7.459999999999999432e+01
7.939999938964844262e+01
7.699999963378905932e+01
7.619999987792968454e+01
7.519999951171874386e+01
7.939999945068359466e+01
7.740000000000000568e+01
7.659999969482421989e+01
7.779999957275390443e+01
7.519999957275391012e+01
7.819999957275391012e+01
7.679999978637695790e+01
7.899999951171875523e+01
7.739999969482421704e+01
7.739999938964844262e+01
7.659999987792969023e+01
8.039999957275391296e+01
7.879999999999999716e+01
7.859999945068359750e+01
7.679999987792969307e+01
7.760000012207031261e+01
8.059999999999999432e+01
7.860000006103516057e+01
7.919999993896485080e+01
7.899999993896484796e+01
7.779999957275390443e+01
7.879999957275390443e+01
7.679999993896484511e+01
7.779999999999999716e+01
7.879999957275390443e+01
7.740000006103515773e+01
8.079999981689452682e+01
8.139999957275391296e+01
8.139999957275391296e+01
7.999999969482422557e+01
7.999999963378905932e+01
8.059999951171874955e+01
7.699999969482422557e+01
8.019999981689453250e+01
7.939999957275391296e+01
8.000000006103515204e+01
7.999999957275390727e+01
8.159999945068359750e+01
7.979999945068360034e+01
8.219999987792968454e+01
8.019999945068359182e+01
7.939999993896483943e+01
8.099999963378905932e+01
8.179999938964843409e+01
8.199999945068358898e+01
7.859999993896484227e+01
8.139999938964844262e+01
8.199999951171875523e+01
8.179999981689452682e+01
8.059999987792969023e+01
8.139999987792968739e+01
7.919999963378906216e+01
8.079999945068360034e+01
8.139999987792968739e+01
