0.000000000000000000e+00
5.999999942779541406e-01
7.999999942779540962e-01
2.639999993896484298e+01
3.399999999999999911e+00
1.419999999999999929e+01
1.499999992370605462e+01
1.100000001525878979e+01
8.999999946594238409e+00
1.420000001525878908e+01
9.799999946594239120e+00
6.800000015258788721e+00
7.800000015258788721e+00
5.800000007629394716e+00
1.100000001525878979e+01
5.200000007629394183e+00
4.519999969482422131e+01
1.419999994659423770e+01
3.399999994277953963e+00
2.599999972534179804e+01
1.700000001525878801e+01
6.599999994277953697e+00
2.999999981689452966e+01
1.160000001525878943e+01
1.279999998474121092e+01
1.459999998855590775e+01
2.200000003051757957e+01
2.859999987792968668e+01
1.699999995422363241e+01
1.659999992370605426e+01
1.499999997711181621e+01
2.099999990844726483e+01
8.000000000000000444e-01
2.519999999999999929e+01
1.699999986267089724e+01
1.499999997711181621e+01
2.919999992370605568e+01
8.999999946594238409e+00
2.099999996948242043e+01
1.640000003051757815e+01
1.519999995422363348e+01
7.799999946594238232e+00
1.719999989318847611e+01
1.119999992370605391e+01
1.839999996948242256e+01
6.800000007629394716e+00
1.239999995422363277e+01
1.959999992370605426e+01
2.579999996948242114e+01
1.419999994659423770e+01
1.819999986267090009e+01
3.740000003051757460e+01
6.799999977111816030e+00
1.279999998474121092e+01
7.599999946594238054e+00
2.079999986267089795e+01
2.359999990844726625e+01
2.839999990844726696e+01
9.399999923706054972e+00
1.059999995422363206e+01
2.519999999999999929e+01
2.799999993896484440e+01
1.979999993896484511e+01
1.520000001525878908e+01
1.579999994659423912e+01
1.299999995422363241e+01
2.100000003051757957e+01
1.759999986267089866e+01
1.359999999999999964e+01
1.680000003051757673e+01
2.099999996948242043e+01
1.860000000000000142e+01
2.019999993896484369e+01
1.039999999427795352e+01
1.359999994659423805e+01
2.459999992370605426e+01
3.659999978637695506e+01
3.059999975585937548e+01
2.399999986267089724e+01
3.739999996948242256e+01
4.299999984741211279e+01
2.419999992370605568e+01
3.719999987792968454e+01
4.719999972534179733e+01
5.499999981689452966e+01
6.519999975585938046e+01
6.320000012207031403e+01
6.319999975585937335e+01
6.279999987792968597e+01
5.859999990844726625e+01
6.119999981689453250e+01
6.479999963378905647e+01
6.079999990844726909e+01
6.560000012207031261e+01
6.479999993896484511e+01
6.099999978637695364e+01
6.059999993896484227e+01
6.280000006103515631e+01
6.739999969482421704e+01
6.300000000000000000e+01
6.159999975585937193e+01
6.639999984741210426e+01
6.480000006103514920e+01
6.779999969482422273e+01
6.819999975585938046e+01
6.179999993896484511e+01
6.579999969482422273e+01
6.660000006103516057e+01
6.539999981689453534e+01
6.759999963378906784e+01
6.499999969482422557e+01
6.779999984741210994e+01
6.960000012207031261e+01
6.819999975585938046e+01
6.380000006103515631e+01
6.780000012207031546e+01
6.879999957275390443e+01
6.719999981689453250e+01
6.879999945068360034e+01
6.600000006103515204e+01
6.299999984741211279e+01
7.299999963378905932e+01
7.459999963378906784e+01
7.600000000000000000e+01
8.120000000000000284e+01
8.279999957275390443e+01
8.339999951171874670e+01
8.559999981689453818e+01
8.479999938964843409e+01
8.359999945068359750e+01
8.120000000000000284e+01
8.239999945068359466e+01
8.139999981689453534e+01
8.359999993896484227e+01
8.319999987792968454e+01
8.299999993896484796e+01
8.139999945068359466e+01
8.339999987792968739e+01
8.319999981689453250e+01
8.239999975585936909e+01
8.139999987792968739e+01
8.299999938964843693e+01
8.379999945068360034e+01
8.259999993896484227e+01
8.339999993896483943e+01
8.459999951171874955e+01
8.299999957275390727e+01
8.339999938964844262e+01
8.279999993896484511e+01
8.519999987792968454e+01
8.359999987792969023e+01
8.519999975585938046e+01
8.299999993896484796e+01
8.279999987792969307e+01
8.219999963378906216e+01
8.439999945068359466e+01
8.140000000000000568e+01
8.399999981689452966e+01
8.259999993896484227e+01
8.039999951171874670e+01
8.399999951171875523e+01
8.359999938964843125e+01
8.459999969482421989e+01
8.479999938964843409e+01
8.439999945068359466e+01
8.279999987792969307e+01
8.379999993896484511e+01
8.279999945068360034e+01
8.479999981689452682e+01
8.399999938964843693e+01
8.280000006103514920e+01
8.519999993896485080e+01
8.379999993896484511e+01
8.699999981689452966e+01
8.559999999999999432e+01
8.279999987792969307e+01
8.420000000000000284e+01
8.319999938964843977e+01
8.140000000000000568e+01
8.339999945068359466e+01
8.380000012207031546e+01
8.560000012207031261e+01
8.419999981689453250e+01
8.260000006103516057e+01
8.519999938964843977e+01
8.419999938964843977e+01
8.359999993896484227e+01
8.479999987792969307e+01
8.699999969482422557e+01
8.439999969482421704e+01
8.519999938964843977e+01
8.419999993896485080e+01
8.499999987792968170e+01
8.379999987792969307e+01
8.479999945068360034e+01
8.739999938964844262e+01
8.599999951171875523e+01
8.599999938964843693e+01
8.439999945068359466e+01
8.479999993896484511e+01
