5.999999999999999778e-01
4.000000000000000222e-01
4.000000007629394894e+00
2.000000000000000000e+00
1.200000001525878979e+01
1.660000001525878943e+01
9.200000015258789077e+00
1.379999989318847575e+01
3.399999988555908015e+00
4.999999988555908104e+00
5.000000007629394894e+00
4.400000007629394361e+00
1.259999995422363206e+01
1.899999987792968881e+01
1.139999997711181656e+01
1.459999998474121163e+01
1.140000001525878837e+01
2.099999994659423663e+01
6.199999988555908281e+00
7.999999977111816207e+00
9.199999977111817273e+00
1.000000001525878979e+01
5.140000003051757460e+01
3.599999988555908192e+00
1.060000001525878943e+01
9.599999946594238054e+00
2.439999987792968739e+01
1.179999998474121092e+01
2.480000003051757673e+01
7.199999977111816385e+00
6.999999994277954052e+00
7.599999988555908637e+00
6.600000007629394538e+00
6.200000007629394183e+00
3.359999986267089866e+01
3.999999988555908104e+00
1.440000001525878837e+01
1.299999995422363241e+01
1.599999998474121021e+01
2.099999998474121199e+01
1.240000001525878837e+01
1.820000003051757886e+01
3.119999993896484369e+01
8.199999954223633480e+00
6.999999946594238409e+00
1.119999992370605391e+01
1.440000000000000036e+01
1.159999998474121163e+01
1.220000001525878908e+01
5.599999977111816740e+00
8.999999977111816207e+00
2.199999986267089724e+01
1.619999994659423947e+01
8.999999977111816207e+00
9.599999954223632059e+00
1.299999998474121021e+01
1.960000003051757744e+01
1.419999994659423770e+01
3.339999993896484654e+01
2.319999999999999929e+01
1.439999992370605497e+01
3.539999999999999858e+01
4.399999988555908459e+00
1.519999986267089831e+01
1.560000001525878943e+01
3.019999978637695293e+01
4.139999978637695222e+01
4.199999975585937761e+01
1.759999992370605426e+01
2.199999992370605639e+01
1.379999986267089795e+01
3.819999981689453250e+01
6.999999954223632415e+00
1.739999998474121057e+01
1.999999992370605639e+01
1.359999995422363206e+01
1.219999998474121128e+01
9.999999977111816207e+00
1.119999997711181727e+01
1.879999992370605355e+01
9.600000007629393650e+00
1.780000001525878872e+01
1.839999993896484298e+01
2.779999990844726554e+01
3.799999984741211279e+01
4.579999972534179875e+01
5.079999978637695079e+01
5.180000006103515631e+01
5.560000000000000142e+01
6.279999975585937477e+01
5.799999990844726483e+01
5.639999987792968739e+01
4.919999978637695648e+01
5.259999978637695506e+01
5.679999990844726909e+01
5.519999993896484369e+01
6.199999981689452966e+01
6.379999978637695079e+01
6.319999975585937335e+01
5.639999984741211136e+01
5.939999996948242256e+01
5.539999993896484654e+01
5.620000000000000284e+01
6.280000006103515631e+01
5.820000012207031403e+01
5.259999984741210710e+01
6.439999984741210426e+01
6.159999987792969023e+01
6.420000000000000284e+01
6.059999981689453108e+01
5.679999978637695079e+01
5.999999957275390727e+01
5.799999978637695364e+01
6.459999993896484227e+01
5.339999999999999858e+01
5.799999984741211279e+01
6.279999984741210994e+01
5.919999975585937335e+01
6.239999975585937619e+01
5.819999990844726767e+01
6.499999978637694653e+01
5.859999987792969023e+01
6.739999984741210426e+01
6.879999969482422273e+01
7.039999987792968739e+01
7.759999999999999432e+01
7.779999975585937477e+01
7.679999957275390443e+01
8.140000012207030977e+01
8.459999945068359750e+01
8.499999981689452966e+01
8.559999938964843125e+01
8.539999981689453534e+01
8.499999938964843693e+01
7.999999969482422557e+01
7.979999957275390443e+01
8.179999987792969307e+01
7.940000000000000568e+01
8.079999957275390443e+01
7.879999957275390443e+01
8.139999975585936909e+01
8.279999938964843409e+01
8.159999945068359750e+01
8.159999993896484227e+01
8.139999951171874670e+01
8.119999981689453250e+01
8.299999981689452966e+01
8.379999981689452682e+01
8.379999945068360034e+01
8.159999945068359750e+01
8.099999987792968170e+01
8.220000012207030693e+01
8.219999993896485080e+01
8.259999945068359750e+01
8.239999945068359466e+01
8.299999981689452966e+01
8.079999945068360034e+01
8.319999957275391012e+01
8.299999987792968170e+01
8.159999987792969023e+01
8.379999945068360034e+01
8.319999981689453250e+01
8.479999981689452682e+01
8.339999981689453534e+01
8.519999993896485080e+01
8.439999945068359466e+01
8.419999981689453250e+01
8.339999993896483943e+01
8.459999969482421989e+01
8.300000012207031830e+01
8.419999975585938046e+01
8.419999981689453250e+01
8.339999987792968739e+01
8.179999981689452682e+01
8.439999993896483943e+01
8.399999945068358898e+01
8.359999938964843125e+01
8.519999981689453250e+01
8.179999945068360034e+01
8.519999981689453250e+01
8.459999981689453818e+01
8.359999963378906784e+01
8.419999945068359182e+01
8.319999951171874386e+01
8.339999957275391296e+01
8.439999981689453534e+01
8.319999951171874386e+01
8.340000006103515773e+01
8.279999951171875239e+01
8.359999993896484227e+01
8.279999987792969307e+01
8.499999987792968170e+01
8.519999969482421420e+01
8.439999951171874670e+01
8.479999938964843409e+01
8.279999981689452682e+01
8.140000012207030977e+01
8.339999969482421704e+01
8.379999987792969307e+01
8.339999951171874670e+01
