0.000000000000000000e+00
4.000000000000000222e-01
3.999999942779540740e-01
2.799999999999999822e+00
3.200000007629394627e+00
1.380000000762939472e+01
1.199999994659423841e+01
4.199999994277954229e+00
2.799999988555908370e+00
8.599999946594238054e+00
4.199999977111816385e+00
3.259999978637695506e+01
2.319999999999999929e+01
1.519999997711181727e+01
5.600000007629394538e+00
8.800000007629394716e+00
4.000000007629394894e+00
8.799999994277953874e+00
8.799999988555908814e+00
2.800000007629394716e+00
9.800000015258788721e+00
2.000000001525878801e+01
3.199999946594238143e+00
1.040000001525878837e+01
1.619999989318847611e+01
1.240000001525878837e+01
8.199999994277954229e+00
1.059999994659423805e+01
6.199999994277954229e+00
1.259999998474121163e+01
1.539999992370605497e+01
1.239999998474121057e+01
6.600000015258789432e+00
8.399999977111816563e+00
1.399999997711181621e+01
9.200000015258789077e+00
1.919999995422363170e+01
1.319999989318847611e+01
2.799999994277954318e+00
1.559999994659423805e+01
6.399999994277954407e+00
6.799999994277953874e+00
1.719999986267090009e+01
9.199999977111817273e+00
7.599999977111816740e+00
5.599999977111816740e+00
3.259999975585937193e+01
1.799999992370605639e+01
1.079999995422363313e+01
1.859999995422363384e+01
1.279999997711181692e+01
1.059999998474121163e+01
3.359999990844726625e+01
1.099999998474121021e+01
1.159999997711181585e+01
1.319999995422363348e+01
1.499999989318847682e+01
2.919999996948242327e+01
1.280000001525878872e+01
2.059999986267089866e+01
1.919999989318847611e+01
2.200000003051757957e+01
1.339999994659423876e+01
1.960000000000000142e+01
2.559999989318847824e+01
2.059999986267089866e+01
9.599999946594238054e+00
6.519999981689453250e+01
3.539999990844726341e+01
1.359999998474121163e+01
1.819999995422363170e+01
2.619999989318847611e+01
2.979999990844726554e+01
1.800000003051757957e+01
2.059999992370605426e+01
1.799999995422363241e+01
1.280000000762939472e+01
3.659999978637695506e+01
6.139999993896484654e+01
1.980000001525878872e+01
1.540000001525878837e+01
1.900000003051757957e+01
3.339999987792968739e+01
3.139999990844726696e+01
3.739999999999999858e+01
3.819999990844726767e+01
4.159999993896484227e+01
4.939999990844726341e+01
4.559999969482421989e+01
5.499999993896484085e+01
4.979999990844726909e+01
5.440000006103515773e+01
5.640000012207030977e+01
5.579999996948242114e+01
5.660000006103515346e+01
5.420000006103515489e+01
5.760000006103515346e+01
5.399999981689452966e+01
5.699999993896484085e+01
5.719999981689453250e+01
5.779999990844726909e+01
5.759999975585937193e+01
5.659999993896484227e+01
5.479999990844726909e+01
5.199999990844726483e+01
5.499999981689452966e+01
5.619999996948241971e+01
6.139999975585937619e+01
5.719999984741210852e+01
5.999999978637695364e+01
6.019999990844726767e+01
5.739999981689452824e+01
5.559999990844726625e+01
5.839999981689452824e+01
5.920000000000000284e+01
5.500000003051757602e+01
5.460000000000000142e+01
5.859999975585937193e+01
5.399999981689452966e+01
6.099999987792968881e+01
5.999999990844726483e+01
5.619999993896484369e+01
5.680000003051758029e+01
6.339999969482421704e+01
6.539999984741210426e+01
6.760000012207031261e+01
7.099999978637694653e+01
7.559999993896484227e+01
7.539999975585936909e+01
7.840000000000000568e+01
8.139999987792968739e+01
7.999999945068358898e+01
7.860000006103516057e+01
8.139999981689453534e+01
7.879999951171875239e+01
8.339999938964844262e+01
8.439999938964844262e+01
8.339999987792968739e+01
8.279999945068360034e+01
7.799999951171875523e+01
7.599999987792968170e+01
8.139999993896483943e+01
8.019999945068359182e+01
8.239999951171874670e+01
7.959999993896484227e+01
7.839999945068359466e+01
7.959999963378906784e+01
8.140000000000000568e+01
8.119999987792968454e+01
8.020000000000000284e+01
8.159999999999999432e+01
8.119999987792968454e+01
7.959999951171874955e+01
8.159999951171874955e+01
8.039999957275391296e+01
7.919999975585938046e+01
7.819999963378906216e+01
8.059999945068359750e+01
8.279999993896484511e+01
8.079999951171875239e+01
7.979999951171875239e+01
8.099999993896484796e+01
8.079999975585937477e+01
8.099999987792968170e+01
8.159999999999999432e+01
7.999999938964843693e+01
8.200000000000000000e+01
8.019999993896485080e+01
8.059999987792969023e+01
8.259999957275390159e+01
8.119999987792968454e+01
7.879999987792969307e+01
8.379999975585937477e+01
8.159999987792969023e+01
8.379999999999999716e+01
8.159999999999999432e+01
8.079999951171875239e+01
7.999999957275390727e+01
8.119999981689453250e+01
8.039999951171874670e+01
8.239999987792968739e+01
8.299999987792968170e+01
8.199999993896484796e+01
8.100000000000000000e+01
8.259999945068359750e+01
8.059999993896484227e+01
8.159999993896484227e+01
8.339999975585936909e+01
8.139999951171874670e+01
8.179999938964843409e+01
8.239999987792968739e+01
8.199999951171875523e+01
8.259999945068359750e+01
8.339999981689453534e+01
8.299999951171875523e+01
8.159999993896484227e+01
8.259999963378906784e+01
8.219999951171874386e+01
8.259999957275390159e+01
8.239999981689453534e+01
