0.000000000000000000e+00
4.000000007629394894e+00
0.000000000000000000e+00
1.259999994659423805e+01
5.799999999999999822e+00
3.999999942779540740e-01
7.000000007629394894e+00
5.999999999999999778e-01
7.999999942779540962e-01
4.999999988555908104e+00
1.419999997711181727e+01
2.980000003051757673e+01
5.599999977111816740e+00
2.279999989318847753e+01
3.000000007629394450e+00
8.599999984741211634e+00
3.039999990844726696e+01
4.599999988555908637e+00
2.000000000000000000e+00
9.600000007629393650e+00
2.140000001525879014e+01
7.999999893188476818e+00
2.319999998474121128e+01
2.599999994277954141e+00
1.039999994659423876e+01
2.040000003051757815e+01
2.999999988555908104e+00
1.119999997711181727e+01
9.599999984741211634e+00
4.999999994277954052e+00
1.039999992370605497e+01
3.999999994277954052e+00
1.099999995422363241e+01
1.999999988555908104e+00
9.200000015258789077e+00
6.799999946594238232e+00
4.199999988555908281e+00
6.999999977111816207e+00
9.799999977111816918e+00
8.400000015258788366e+00
1.040000000762939436e+01
7.199999977111816385e+00
1.099999994659423841e+01
1.040000001525878837e+01
1.659999989318847824e+01
1.139999998474121057e+01
6.399999988555908459e+00
1.859999992370605426e+01
2.699999996948242043e+01
6.799999977111816030e+00
6.599999946594238054e+00
1.059999994659423805e+01
2.059999996948242185e+01
9.399999923706054972e+00
1.060000001525878943e+01
9.599999946594238054e+00
5.600000007629394538e+00
1.259999992370605426e+01
7.399999994277954407e+00
1.699999997711181621e+01
6.200000015258789077e+00
1.499999992370605462e+01
2.380000003051757673e+01
1.439999986267089760e+01
1.999999992370605639e+01
1.279999994659423912e+01
1.239999998474121057e+01
1.619999995422363170e+01
2.299999995422363241e+01
9.999999977111816207e+00
9.800000007629394716e+00
1.199999998474121021e+01
1.539999995422363277e+01
2.159999987792968668e+01
1.299999997711181621e+01
1.419999998474121128e+01
1.599999986267089902e+01
1.399999995422363241e+01
1.939999998474121057e+01
1.200000000762939401e+01
1.399999989318847682e+01
6.199999988555908281e+00
1.359999992370605426e+01
1.899999986267089724e+01
1.879999989318847753e+01
2.379999996948242114e+01
2.559999992370605426e+01
3.019999999999999929e+01
3.119999978637695293e+01
3.259999984741210710e+01
3.179999981689453037e+01
3.419999972534179733e+01
3.779999996948242114e+01
4.039999972534180017e+01
3.720000006103515489e+01
4.499999975585937761e+01
4.239999975585937619e+01
4.780000003051758029e+01
4.139999972534180017e+01
4.339999993896484654e+01
4.579999969482421562e+01
4.419999969482422131e+01
4.679999993896484511e+01
4.799999981689452966e+01
4.500000006103515915e+01
4.980000003051758029e+01
4.939999969482421704e+01
4.519999969482422131e+01
4.399999975585937761e+01
4.859999990844726625e+01
5.239999996948242256e+01
5.059999990844726625e+01
4.919999987792968454e+01
4.760000000000000142e+01
4.480000006103515631e+01
4.739999969482421704e+01
4.599999975585937761e+01
5.059999972534179591e+01
4.860000000000000142e+01
4.779999999999999716e+01
5.019999984741210852e+01
4.820000006103515489e+01
5.459999987792969023e+01
5.239999972534180017e+01
5.100000006103515915e+01
5.039999987792968739e+01
5.699999987792968881e+01
6.579999981689452682e+01
6.980000012207031546e+01
7.159999951171874955e+01
7.219999975585938046e+01
7.240000006103515773e+01
7.459999993896484227e+01
7.379999993896484511e+01
7.320000000000000284e+01
7.459999993896484227e+01
7.499999978637694653e+01
7.799999993896484796e+01
7.600000000000000000e+01
7.399999951171875523e+01
7.499999963378905932e+01
7.719999957275391012e+01
7.719999951171874386e+01
7.479999951171875239e+01
7.759999993896484227e+01
7.600000000000000000e+01
7.739999963378906500e+01
7.699999963378905932e+01
7.679999963378905647e+01
7.619999957275391012e+01
7.819999951171874386e+01
7.639999957275391296e+01
7.879999938964843409e+01
7.799999975585937761e+01
7.859999993896484227e+01
7.639999981689453534e+01
7.959999951171874955e+01
7.759999999999999432e+01
7.940000000000000568e+01
7.919999993896485080e+01
7.859999969482421989e+01
7.899999951171875523e+01
7.859999993896484227e+01
7.859999957275390159e+01
7.859999957275390159e+01
7.620000000000000284e+01
7.779999987792969307e+01
7.979999963378905647e+01
7.919999993896485080e+01
7.859999987792969023e+01
7.780000006103514920e+01
7.579999969482422273e+01
7.840000000000000568e+01
7.919999993896485080e+01
7.819999993896485080e+01
7.899999981689452966e+01
7.879999993896484511e+01
8.039999957275391296e+01
7.799999951171875523e+01
7.719999938964843977e+01
7.939999981689453534e+01
7.880000012207031546e+01
7.979999963378905647e+01
7.899999969482422557e+01
7.759999978637695506e+01
7.819999951171874386e+01
7.739999975585936909e+01
7.799999957275390727e+01
7.959999987792969023e+01
7.779999951171875239e+01
8.039999987792968739e+01
7.919999945068359182e+01
8.019999951171874386e+01
8.020000000000000284e+01
8.019999963378906216e+01
7.959999963378906784e+01
7.819999981689453250e+01
7.879999945068360034e+01
7.960000006103516057e+01
8.239999993896483943e+01
