1.380000001525878872e+01
5.999999994277954052e+00
2.599999996948242043e+01
2.799999988555908370e+00
7.799999946594238232e+00
4.200000015258789077e+00
3.399999988555908015e+00
1.399999999999999911e+00
5.400000007629394361e+00
4.159999978637695506e+01
2.399999999999999911e+00
4.399999994277954407e+00
1.779999998474121270e+01
7.399999977111816563e+00
6.399999977111816563e+00
2.039999986267089938e+01
2.479999993896484511e+01
9.999999977111816207e+00
2.799999999999999822e+00
1.299999997711181621e+01
9.599999946594238054e+00
5.199999994277954229e+00
2.360000000000000142e+01
1.279999998474121092e+01
6.800000007629394716e+00
1.740000001525879014e+01
3.799999988555908370e+00
1.240000001525878837e+01
1.399999995422363241e+01
9.800000015258788721e+00
1.699999993896484440e+01
9.199999984741211279e+00
9.799999984741210923e+00
1.240000000762939436e+01
1.440000001525878837e+01
8.399999984741210568e+00
6.999999954223632415e+00
1.339999997711181656e+01
1.439999998474121057e+01
9.399999946594238764e+00
1.319999992370605391e+01
1.859999998474120986e+01
5.800000007629394716e+00
7.799999946594238232e+00
7.000000015258788899e+00
1.459999998474121163e+01
5.599999946594238054e+00
1.379999986267089795e+01
1.539999995422363277e+01
1.319999998474121128e+01
1.859999995422363384e+01
1.799999995422363241e+01
7.599999977111816740e+00
1.699999989318847682e+01
1.339999989318847717e+01
2.460000000000000142e+01
1.439999986267089760e+01
1.359999989318847646e+01
1.639999986267089938e+01
1.859999992370605426e+01
1.459999992370605426e+01
1.299999998855590810e+01
2.239999992370605497e+01
1.419999994659423770e+01
2.119999999999999929e+01
2.519999975585937335e+01
1.040000000000000036e+01
1.859999998474120986e+01
1.679999992370605355e+01
1.140000001525878837e+01
1.599999994659423841e+01
2.839999990844726696e+01
9.400000015258788366e+00
1.699999992370605639e+01
2.079999996948242114e+01
9.999999984741210213e+00
3.539999975585937619e+01
1.359999998474121163e+01
2.959999987792968668e+01
3.180000000000000071e+01
1.280000001525878872e+01
1.719999989318847611e+01
1.839999989318847540e+01
2.419999992370605568e+01
2.539999987792968739e+01
3.079999990844726554e+01
3.219999984741210852e+01
3.139999987792968739e+01
3.819999969482422131e+01
3.799999987792968881e+01
3.999999978637695364e+01
3.899999972534179449e+01
3.839999993896484654e+01
4.199999978637695364e+01
4.400000006103515915e+01
4.239999975585937619e+01
4.199999990844726483e+01
3.859999975585937193e+01
4.600000003051757602e+01
4.740000006103515773e+01
4.779999990844726909e+01
4.719999990844726767e+01
4.819999993896484369e+01
4.599999972534179449e+01
4.600000006103515915e+01
4.280000006103515631e+01
4.800000006103515915e+01
4.779999969482421562e+01
4.719999969482422131e+01
5.359999975585937193e+01
4.959999996948242540e+01
4.779999975585937477e+01
4.879999987792968597e+01
4.639999999999999858e+01
4.720000003051757886e+01
5.079999972534179875e+01
5.339999981689452824e+01
4.759999978637695506e+01
4.899999978637695364e+01
4.939999999999999858e+01
5.219999984741210852e+01
5.439999987792968739e+01
4.760000000000000142e+01
5.300000006103515915e+01
5.519999984741210852e+01
5.639999984741211136e+01
5.939999999999999858e+01
6.539999978637695222e+01
6.959999999999999432e+01
6.899999981689452966e+01
7.359999951171874955e+01
7.240000012207030977e+01
7.299999969482422557e+01
7.179999963378905647e+01
7.599999978637694653e+01
7.659999963378906784e+01
7.199999978637694653e+01
7.619999993896485080e+01
7.599999969482422557e+01
7.339999957275391296e+01
7.719999963378906216e+01
7.239999975585936909e+01
7.600000006103515204e+01
7.779999987792969307e+01
7.299999993896484796e+01
7.759999999999999432e+01
7.699999987792968170e+01
7.539999987792968739e+01
7.540000000000000568e+01
7.459999963378906784e+01
7.819999957275391012e+01
7.600000006103515204e+01
7.619999993896485080e+01
7.999999938964843693e+01
7.519999951171874386e+01
7.819999951171874386e+01
7.679999951171875239e+01
7.859999993896484227e+01
7.579999957275390443e+01
7.839999951171874670e+01
7.820000000000000284e+01
7.139999963378906500e+01
7.599999963378905932e+01
7.819999993896485080e+01
7.959999993896484227e+01
7.619999951171874386e+01
8.039999987792968739e+01
7.839999975585936909e+01
7.980000006103514920e+01
7.899999945068358898e+01
7.799999975585937761e+01
7.919999993896485080e+01
7.819999957275391012e+01
7.340000006103515773e+01
7.719999981689453250e+01
7.799999963378905932e+01
7.899999993896484796e+01
8.079999981689452682e+01
8.119999951171874386e+01
7.639999957275391296e+01
7.659999987792969023e+01
7.820000006103515489e+01
7.759999987792969023e+01
7.979999945068360034e+01
7.760000006103516057e+01
7.619999957275391012e+01
8.020000000000000284e+01
7.879999987792969307e+01
7.979999951171875239e+01
7.740000000000000568e+01
7.779999963378905647e+01
7.799999993896484796e+01
7.959999987792969023e+01
8.059999981689453818e+01
8.179999987792969307e+01
7.979999957275390443e+01
8.099999987792968170e+01
7.699999993896484796e+01
8.020000006103515489e+01
7.919999981689453250e+01
