7.360000006103516057e+01
5.779999993896484511e+01
9.499999969482422557e+01
7.179999987792969307e+01
8.599999981689452966e+01
4.279999993896484511e+01
9.780000006103514920e+01
7.599999981689452966e+01
9.279999981689452682e+01
9.759999963378906784e+01
9.120000012207030693e+01
7.539999957275391296e+01
9.859999963378906784e+01
7.800000006103515204e+01
1.000000000000000000e+02
9.859999963378906784e+01
1.000000000000000000e+02
9.759999999999999432e+01
8.539999963378906500e+01
9.439999975585936909e+01
1.000000000000000000e+02
8.599999945068358898e+01
9.900000006103515204e+01
7.839999951171874670e+01
9.979999999999999716e+01
9.840000000000000568e+01
9.979999963378905647e+01
9.139999969482421704e+01
9.979999999999999716e+01
9.699999969482422557e+01
9.500000006103515204e+01
9.699999963378905932e+01
1.000000000000000000e+02
8.500000000000000000e+01
1.000000000000000000e+02
9.820000000000000284e+01
9.959999999999999432e+01
9.239999938964844262e+01
9.959999999999999432e+01
9.979999999999999716e+01
1.000000000000000000e+02
9.959999963378906784e+01
9.940000000000000568e+01
9.259999975585937193e+01
1.000000000000000000e+02
9.479999963378905647e+01
9.979999999999999716e+01
9.800000000000000000e+01
1.000000000000000000e+02
9.940000000000000568e+01
9.540000006103515773e+01
9.939999963378906500e+01
9.820000000000000284e+01
1.000000000000000000e+02
1.000000000000000000e+02
9.399999969482422557e+01
9.800000006103515204e+01
9.940000000000000568e+01
1.000000000000000000e+02
9.639999963378906500e+01
9.979999999999999716e+01
9.320000012207030693e+01
9.979999999999999716e+01
9.659999963378906784e+01
1.000000000000000000e+02
9.399999969482422557e+01
9.920000000000000284e+01
9.979999999999999716e+01
9.659999969482421989e+01
9.759999999999999432e+01
1.000000000000000000e+02
9.959999999999999432e+01
1.000000000000000000e+02
9.779999963378905647e+01
1.000000000000000000e+02
1.000000000000000000e+02
1.000000000000000000e+02
1.000000000000000000e+02
9.460000006103516057e+01
9.979999999999999716e+01
1.000000000000000000e+02
9.959999999999999432e+01
9.540000000000000568e+01
9.060000012207031261e+01
9.340000012207030977e+01
9.100000012207031830e+01
9.400000006103515204e+01
9.219999975585938046e+01
9.459999963378906784e+01
9.159999981689453818e+01
9.499999975585937761e+01
9.299999981689452966e+01
9.360000006103516057e+01
9.179999938964843409e+01
9.379999969482422273e+01
9.119999963378906216e+01
9.419999975585938046e+01
9.379999969482422273e+01
9.439999969482421704e+01
9.720000006103515489e+01
9.399999975585937761e+01
9.579999969482422273e+01
9.679999999999999716e+01
9.420000006103515489e+01
9.400000006103515204e+01
9.420000006103515489e+01
9.559999969482421989e+01
9.239999975585936909e+01
9.479999969482422273e+01
9.419999969482421420e+01
9.559999963378906784e+01
9.559999938964843125e+01
9.299999969482422557e+01
9.840000000000000568e+01
9.480000006103514920e+01
9.459999969482421989e+01
9.700000006103515204e+01
9.439999969482421704e+01
9.459999963378906784e+01
9.619999969482421420e+01
9.699999963378905932e+01
9.800000006103515204e+01
9.779999963378905647e+01
9.380000006103514920e+01
9.280000012207031546e+01
9.279999969482422273e+01
9.180000012207031546e+01
9.159999981689453818e+01
9.200000012207031830e+01
9.119999969482421420e+01
9.239999969482421704e+01
9.260000012207031261e+01
9.240000012207030977e+01
9.179999938964843409e+01
9.099999945068358898e+01
9.139999975585936909e+01
9.299999981689452966e+01
9.080000006103514920e+01
9.139999975585936909e+01
9.059999981689453818e+01
9.220000012207030693e+01
9.159999975585937193e+01
9.120000006103515489e+01
9.079999981689452682e+01
8.959999981689453818e+01
9.080000012207031546e+01
9.059999938964843125e+01
9.099999975585937761e+01
9.300000006103515204e+01
9.039999969482421704e+01
9.059999963378906784e+01
8.999999969482422557e+01
9.279999938964843409e+01
9.119999951171874386e+01
9.139999975585936909e+01
9.200000006103515204e+01
9.339999975585936909e+01
9.239999981689453534e+01
9.240000006103515773e+01
9.199999975585937761e+01
9.099999981689452966e+01
9.159999969482421989e+01
9.260000012207031261e+01
9.140000012207030977e+01
9.239999969482421704e+01
9.179999987792969307e+01
9.219999969482421420e+01
9.180000006103514920e+01
9.179999975585937477e+01
9.200000012207031830e+01
9.259999969482421989e+01
9.139999938964844262e+01
9.179999981689452682e+01
9.199999975585937761e+01
9.119999969482421420e+01
9.199999975585937761e+01
9.140000006103515773e+01
9.079999969482422273e+01
9.240000012207030977e+01
9.160000012207031261e+01
9.059999975585937193e+01
9.219999975585938046e+01
9.159999969482421989e+01
9.139999975585936909e+01
9.179999975585937477e+01
9.199999938964843693e+01
9.219999975585938046e+01
9.119999975585938046e+01
9.300000006103515204e+01
9.120000006103515489e+01
9.199999975585937761e+01
9.119999969482421420e+01
9.240000012207030977e+01
9.039999938964844262e+01
9.099999938964843693e+01
9.199999945068358898e+01
9.239999969482421704e+01
9.079999975585937477e+01
9.119999981689453250e+01
9.219999975585938046e+01
