8.099999951171875523e+01
6.140000012207030977e+01
7.559999951171874955e+01
5.099999972534179449e+01
7.559999945068359750e+01
7.919999951171874386e+01
9.120000012207030693e+01
6.639999975585936909e+01
8.219999945068359182e+01
8.379999987792969307e+01
9.119999969482421420e+01
9.159999975585937193e+01
9.979999999999999716e+01
9.680000006103514920e+01
9.920000000000000284e+01
7.580000012207031546e+01
1.000000000000000000e+02
9.739999963378906500e+01
9.979999999999999716e+01
9.820000000000000284e+01
9.879999999999999716e+01
9.480000012207031546e+01
9.860000006103516057e+01
9.479999975585937477e+01
1.000000000000000000e+02
9.759999963378906784e+01
9.940000000000000568e+01
9.819999963378906216e+01
9.740000006103515773e+01
9.700000006103515204e+01
9.919999963378906216e+01
9.899999963378905932e+01
9.879999999999999716e+01
9.859999999999999432e+01
1.000000000000000000e+02
9.379999963378905647e+01
9.979999999999999716e+01
9.820000000000000284e+01
9.959999999999999432e+01
9.879999963378905647e+01
9.899999963378905932e+01
9.900000000000000000e+01
9.940000000000000568e+01
8.859999938964843125e+01
9.900000000000000000e+01
9.319999975585938046e+01
9.959999999999999432e+01
9.879999999999999716e+01
1.000000000000000000e+02
8.619999938964843977e+01
9.819999963378906216e+01
9.940000000000000568e+01
9.899999963378905932e+01
8.959999975585937193e+01
9.839999963378906500e+01
9.779999969482422273e+01
9.919999963378906216e+01
9.139999938964844262e+01
1.000000000000000000e+02
9.879999963378905647e+01
9.959999963378906784e+01
9.260000012207031261e+01
9.979999999999999716e+01
9.739999963378906500e+01
9.600000006103515204e+01
9.900000006103515204e+01
9.819999963378906216e+01
9.839999963378906500e+01
1.000000000000000000e+02
9.879999999999999716e+01
9.859999963378906784e+01
9.759999999999999432e+01
9.819999963378906216e+01
9.600000006103515204e+01
9.919999963378906216e+01
9.859999963378906784e+01
9.899999963378905932e+01
9.979999999999999716e+01
9.940000000000000568e+01
9.920000000000000284e+01
9.900000000000000000e+01
9.920000000000000284e+01
9.500000012207031830e+01
8.779999981689452682e+01
9.620000012207030693e+01
9.479999969482422273e+01
9.239999938964844262e+01
9.320000006103515489e+01
9.539999963378906500e+01
9.639999963378906500e+01
9.499999969482422557e+01
9.400000012207031830e+01
9.459999969482421989e+01
8.819999969482421420e+01
8.259999993896484227e+01
8.999999993896484796e+01
9.160000006103516057e+01
9.639999963378906500e+01
9.480000006103514920e+01
9.299999975585937761e+01
9.520000012207030693e+01
9.619999963378906216e+01
9.419999963378906216e+01
9.299999938964843693e+01
9.239999969482421704e+01
9.320000012207030693e+01
8.939999987792968739e+01
9.639999963378906500e+01
9.579999963378905647e+01
9.319999981689453250e+01
9.539999969482421704e+01
9.679999963378905647e+01
9.340000012207030977e+01
9.640000006103515773e+01
9.659999969482421989e+01
9.639999963378906500e+01
9.580000012207031546e+01
9.620000006103515489e+01
9.599999963378905932e+01
9.619999963378906216e+01
9.559999975585937193e+01
9.599999969482422557e+01
9.660000006103516057e+01
9.340000012207030977e+01
9.079999975585937477e+01
9.159999981689453818e+01
9.079999969482422273e+01
9.179999969482422273e+01
9.239999945068359466e+01
9.180000012207031546e+01
9.059999981689453818e+01
9.179999981689452682e+01
9.139999969482421704e+01
9.180000012207031546e+01
8.899999945068358898e+01
9.040000006103515773e+01
9.060000012207031261e+01
9.220000006103515489e+01
9.240000006103515773e+01
9.239999969482421704e+01
9.200000012207031830e+01
9.219999963378906216e+01
9.259999969482421989e+01
9.200000006103515204e+01
9.219999969482421420e+01
9.199999945068358898e+01
9.200000006103515204e+01
9.160000006103516057e+01
9.119999938964843977e+01
9.239999969482421704e+01
9.159999999999999432e+01
9.160000012207031261e+01
9.160000012207031261e+01
9.179999969482422273e+01
9.319999969482421420e+01
9.219999975585938046e+01
9.239999975585936909e+01
9.080000012207031546e+01
9.199999975585937761e+01
9.160000006103516057e+01
9.199999969482422557e+01
9.199999975585937761e+01
9.199999938964843693e+01
9.199999969482422557e+01
9.219999981689453250e+01
9.179999938964843409e+01
9.279999975585937477e+01
9.219999969482421420e+01
9.159999981689453818e+01
9.279999969482422273e+01
9.380000012207031546e+01
9.199999975585937761e+01
9.159999969482421989e+01
9.099999981689452966e+01
9.180000012207031546e+01
9.299999975585937761e+01
9.339999969482421704e+01
9.259999969482421989e+01
9.240000012207030977e+01
9.339999981689453534e+01
9.439999969482421704e+01
9.359999969482421989e+01
9.259999963378906784e+01
9.279999969482422273e+01
9.359999969482421989e+01
9.299999975585937761e+01
9.299999981689452966e+01
9.399999963378905932e+01
9.380000006103514920e+01
9.260000012207031261e+01
9.239999969482421704e+01
9.239999975585936909e+01
9.259999969482421989e+01
9.299999938964843693e+01
9.299999938964843693e+01
9.319999969482421420e+01
9.340000006103515773e+01
9.259999938964843125e+01
9.359999969482421989e+01
9.339999969482421704e+01
