8.300000012207031830e+01
5.579999990844726909e+01
6.219999963378906216e+01
5.399999978637695364e+01
8.699999981689452966e+01
9.659999963378906784e+01
9.379999969482422273e+01
7.899999981689452966e+01
9.740000006103515773e+01
9.100000000000000000e+01
9.920000000000000284e+01
9.779999999999999716e+01
9.979999999999999716e+01
9.020000012207030693e+01
9.720000000000000284e+01
9.820000000000000284e+01
9.979999999999999716e+01
9.759999999999999432e+01
9.879999999999999716e+01
6.499999984741211279e+01
9.939999963378906500e+01
7.020000012207030693e+01
9.919999963378906216e+01
9.959999999999999432e+01
9.920000000000000284e+01
9.480000006103514920e+01
9.700000006103515204e+01
8.939999981689453534e+01
9.900000000000000000e+01
9.899999963378905932e+01
9.979999999999999716e+01
9.879999963378905647e+01
9.960000006103516057e+01
9.680000006103514920e+01
9.920000000000000284e+01
9.959999999999999432e+01
9.959999999999999432e+01
9.859999999999999432e+01
1.000000000000000000e+02
9.680000006103514920e+01
9.879999999999999716e+01
9.879999999999999716e+01
9.939999963378906500e+01
9.840000012207030977e+01
9.799999969482422557e+01
9.720000000000000284e+01
9.899999963378905932e+01
9.919999963378906216e+01
1.000000000000000000e+02
9.239999969482421704e+01
9.959999999999999432e+01
9.799999963378905932e+01
1.000000000000000000e+02
9.879999963378905647e+01
9.940000000000000568e+01
8.179999987792969307e+01
9.480000012207031546e+01
9.940000006103515773e+01
9.959999999999999432e+01
9.940000000000000568e+01
1.000000000000000000e+02
9.959999999999999432e+01
9.959999999999999432e+01
9.940000000000000568e+01
9.939999963378906500e+01
9.859999963378906784e+01
9.779999963378905647e+01
9.540000006103515773e+01
9.319999975585938046e+01
9.360000012207031261e+01
1.000000000000000000e+02
9.820000000000000284e+01
9.940000000000000568e+01
9.919999969482421420e+01
1.000000000000000000e+02
9.699999963378905932e+01
9.959999999999999432e+01
9.739999969482421704e+01
9.919999963378906216e+01
9.659999999999999432e+01
9.619999969482421420e+01
9.860000006103516057e+01
9.419999969482421420e+01
9.499999963378905932e+01
9.559999963378906784e+01
8.879999981689452682e+01
9.180000012207031546e+01
9.139999963378906500e+01
9.620000006103515489e+01
9.379999969482422273e+01
9.479999969482422273e+01
9.559999963378906784e+01
9.640000012207030977e+01
9.459999975585937193e+01
9.619999963378906216e+01
9.239999969482421704e+01
9.299999969482422557e+01
9.179999981689452682e+01
9.319999938964843977e+01
9.040000012207030977e+01
9.539999969482421704e+01
9.220000006103515489e+01
9.600000006103515204e+01
9.339999963378906500e+01
9.479999999999999716e+01
9.419999975585938046e+01
8.919999938964843977e+01
9.420000012207030693e+01
9.299999969482422557e+01
9.439999963378906500e+01
9.759999999999999432e+01
9.740000000000000568e+01
9.759999963378906784e+01
9.619999963378906216e+01
9.679999963378905647e+01
9.639999963378906500e+01
9.699999963378905932e+01
9.679999963378905647e+01
9.760000006103516057e+01
9.620000000000000284e+01
9.620000000000000284e+01
9.679999969482422273e+01
9.639999969482421704e+01
9.380000012207031546e+01
9.380000012207031546e+01
9.219999969482421420e+01
9.359999969482421989e+01
9.199999963378905932e+01
9.259999969482421989e+01
9.240000012207030977e+01
9.139999969482421704e+01
9.199999945068358898e+01
9.319999975585938046e+01
9.340000006103515773e+01
9.259999969482421989e+01
9.139999938964844262e+01
9.119999969482421420e+01
9.260000006103516057e+01
9.159999938964843125e+01
9.039999975585936909e+01
9.039999975585936909e+01
9.040000012207030977e+01
9.100000012207031830e+01
9.079999981689452682e+01
9.179999975585937477e+01
9.139999975585936909e+01
9.219999969482421420e+01
9.139999975585936909e+01
9.160000012207031261e+01
9.179999969482422273e+01
9.040000012207030977e+01
9.299999975585937761e+01
9.320000006103515489e+01
9.179999969482422273e+01
8.959999975585937193e+01
9.039999981689453534e+01
9.179999938964843409e+01
9.220000012207030693e+01
9.079999969482422273e+01
9.360000006103516057e+01
9.199999938964843693e+01
9.180000006103514920e+01
9.199999938964843693e+01
9.260000012207031261e+01
9.200000012207031830e+01
8.999999938964843693e+01
9.159999975585937193e+01
9.199999975585937761e+01
9.179999981689452682e+01
9.079999963378905647e+01
9.179999938964843409e+01
8.959999969482421989e+01
9.059999969482421989e+01
9.119999969482421420e+01
9.119999975585938046e+01
9.220000012207030693e+01
9.200000006103515204e+01
9.199999938964843693e+01
9.199999938964843693e+01
9.180000006103514920e+01
9.199999975585937761e+01
9.199999975585937761e+01
9.219999963378906216e+01
9.039999969482421704e+01
9.239999969482421704e+01
9.160000012207031261e+01
9.259999938964843125e+01
9.080000012207031546e+01
9.119999938964843977e+01
9.159999975585937193e+01
9.099999969482422557e+01
9.199999938964843693e+01
9.099999963378905932e+01
9.219999969482421420e+01
9.139999969482421704e+01
9.259999969482421989e+01
9.219999975585938046e+01
9.099999963378905932e+01
9.179999969482422273e+01
9.059999981689453818e+01
