4.640000006103515773e+01
2.059999996948242185e+01
3.339999984741211136e+01
3.999999972534179449e+01
6.219999993896484369e+01
3.499999969482421847e+01
6.419999993896485080e+01
6.079999969482421562e+01
5.779999987792968597e+01
4.759999993896484227e+01
5.979999981689453392e+01
3.379999981689453392e+01
7.019999969482421420e+01
8.619999987792968454e+01
4.279999978637695079e+01
7.819999981689453250e+01
7.799999993896484796e+01
7.019999978637694937e+01
6.799999963378905932e+01
9.499999975585937761e+01
5.719999987792968454e+01
8.279999951171875239e+01
5.100000000000000000e+01
7.959999999999999432e+01
7.240000006103515773e+01
8.779999975585937477e+01
8.579999981689452682e+01
7.379999993896484511e+01
9.600000006103515204e+01
7.699999963378905932e+01
8.980000006103514920e+01
9.680000012207031546e+01
9.379999969482422273e+01
9.239999963378906500e+01
6.800000006103515204e+01
8.859999975585937193e+01
8.579999981689452682e+01
9.579999963378905647e+01
7.700000006103515204e+01
7.859999987792969023e+01
8.059999957275390159e+01
9.299999981689452966e+01
6.939999963378906500e+01
9.199999969482422557e+01
8.239999938964844262e+01
7.780000006103514920e+01
8.979999969482422273e+01
8.140000000000000568e+01
8.059999951171874955e+01
8.679999951171875239e+01
5.520000003051757886e+01
7.940000006103515773e+01
6.599999978637694653e+01
7.139999969482421704e+01
7.539999993896483943e+01
6.899999975585937761e+01
8.099999987792968170e+01
8.719999975585938046e+01
7.579999987792969307e+01
8.299999945068358898e+01
9.259999981689453818e+01
9.420000000000000284e+01
8.259999993896484227e+01
9.719999963378906216e+01
9.379999963378905647e+01
9.759999963378906784e+01
6.859999981689453818e+01
9.119999981689453250e+01
7.799999981689452966e+01
9.379999938964843409e+01
9.120000012207030693e+01
9.259999975585937193e+01
7.739999975585936909e+01
8.999999945068358898e+01
8.179999993896484511e+01
9.300000012207031830e+01
9.419999963378906216e+01
6.379999981689453392e+01
7.819999951171874386e+01
9.479999963378905647e+01
9.100000012207031830e+01
7.840000006103515773e+01
9.559999975585937193e+01
9.640000000000000568e+01
9.800000000000000000e+01
9.879999999999999716e+01
9.800000000000000000e+01
9.859999963378906784e+01
9.920000006103515489e+01
9.899999963378905932e+01
9.800000000000000000e+01
9.879999999999999716e+01
9.680000012207031546e+01
9.859999963378906784e+01
9.820000000000000284e+01
9.779999969482422273e+01
9.759999963378906784e+01
9.720000006103515489e+01
9.819999963378906216e+01
9.759999963378906784e+01
9.739999963378906500e+01
9.699999969482422557e+01
9.779999999999999716e+01
9.659999963378906784e+01
9.599999969482422557e+01
9.819999963378906216e+01
9.799999963378905932e+01
9.839999963378906500e+01
9.820000000000000284e+01
9.779999999999999716e+01
9.820000006103515489e+01
9.739999975585936909e+01
9.800000006103515204e+01
9.700000006103515204e+01
9.779999999999999716e+01
9.579999999999999716e+01
9.699999969482422557e+01
9.720000006103515489e+01
9.800000006103515204e+01
9.779999999999999716e+01
9.839999963378906500e+01
9.779999999999999716e+01
9.799999969482422557e+01
9.759999999999999432e+01
9.800000006103515204e+01
9.860000006103516057e+01
9.860000006103516057e+01
9.879999963378905647e+01
9.859999999999999432e+01
9.859999999999999432e+01
9.859999999999999432e+01
9.859999969482421989e+01
9.879999999999999716e+01
9.900000006103515204e+01
9.859999999999999432e+01
9.900000000000000000e+01
9.859999999999999432e+01
9.900000000000000000e+01
9.859999963378906784e+01
9.859999963378906784e+01
9.859999999999999432e+01
9.859999963378906784e+01
9.779999963378905647e+01
9.799999963378905932e+01
9.819999975585938046e+01
9.840000000000000568e+01
9.720000006103515489e+01
9.719999963378906216e+01
9.800000006103515204e+01
9.720000000000000284e+01
9.840000000000000568e+01
9.819999969482421420e+01
9.759999999999999432e+01
9.759999963378906784e+01
9.799999963378905932e+01
9.839999963378906500e+01
9.840000000000000568e+01
9.800000000000000000e+01
9.779999963378905647e+01
9.799999969482422557e+01
9.720000000000000284e+01
9.840000006103515773e+01
9.819999963378906216e+01
9.779999963378905647e+01
9.759999969482421989e+01
9.760000006103516057e+01
9.759999963378906784e+01
9.739999963378906500e+01
9.759999969482421989e+01
9.739999963378906500e+01
9.759999969482421989e+01
9.759999969482421989e+01
9.759999969482421989e+01
9.759999963378906784e+01
9.759999969482421989e+01
9.779999999999999716e+01
9.800000012207031830e+01
9.759999963378906784e+01
9.760000006103516057e+01
9.740000006103515773e+01
9.700000000000000000e+01
9.739999969482421704e+01
9.759999999999999432e+01
9.779999999999999716e+01
9.800000000000000000e+01
9.739999969482421704e+01
9.780000012207031546e+01
9.779999969482422273e+01
9.779999963378905647e+01
9.779999963378905647e+01
9.760000006103516057e+01
9.740000000000000568e+01
9.800000006103515204e+01
9.759999963378906784e+01
9.779999969482422273e+01
9.780000012207031546e+01
9.740000000000000568e+01
9.720000006103515489e+01
9.739999963378906500e+01
9.759999963378906784e+01
