4.000000007629394894e+00
9.600000007629393650e+00
1.399999988555908237e+00
2.039999992370605497e+01
6.599999988555908637e+00
4.019999981689453250e+01
1.239999994659423876e+01
3.199999988555908281e+00
2.079999989318847753e+01
1.480000001525878872e+01
1.180000000762939472e+01
2.919999996948242327e+01
2.140000003051757815e+01
2.739999987792968739e+01
1.539999998474121057e+01
4.539999969482421704e+01
2.679999996948242114e+01
4.479999999999999716e+01
4.260000000000000142e+01
3.299999984741211279e+01
4.139999975585937619e+01
4.979999996948242114e+01
4.800000003051757602e+01
5.799999981689452966e+01
6.579999969482422273e+01
4.839999987792968739e+01
6.600000006103515204e+01
6.499999981689452966e+01
5.220000000000000284e+01
5.999999978637695364e+01
8.359999981689453818e+01
6.119999975585937335e+01
5.180000006103515631e+01
4.979999993896484511e+01
7.619999957275391012e+01
7.819999987792968454e+01
5.740000012207030977e+01
6.399999987792968881e+01
5.699999990844726483e+01
5.560000006103515346e+01
5.139999990844726341e+01
6.599999969482422557e+01
8.260000012207031261e+01
8.419999975585938046e+01
7.600000000000000000e+01
4.779999987792968597e+01
7.619999969482421420e+01
6.519999993896485080e+01
9.360000006103516057e+01
7.239999963378906500e+01
6.879999993896484511e+01
5.699999984741211279e+01
5.199999996948242398e+01
7.519999951171874386e+01
8.439999945068359466e+01
6.079999990844726909e+01
7.739999963378906500e+01
7.419999969482421420e+01
7.320000000000000284e+01
7.439999993896483943e+01
9.139999975585936909e+01
6.499999975585937761e+01
6.299999993896484085e+01
6.139999984741211136e+01
8.119999975585938046e+01
7.679999951171875239e+01
5.959999984741210710e+01
7.579999951171875239e+01
6.879999993896484511e+01
6.279999990844726909e+01
5.120000003051757886e+01
7.759999957275390159e+01
7.999999957275390727e+01
7.559999957275390159e+01
8.519999981689453250e+01
8.959999975585937193e+01
7.780000012207031546e+01
8.479999951171875239e+01
6.400000012207031830e+01
6.239999987792968739e+01
7.699999993896484796e+01
9.039999975585936909e+01
8.699999993896484796e+01
9.540000000000000568e+01
9.679999963378905647e+01
9.660000006103516057e+01
9.660000012207031261e+01
9.600000012207031830e+01
9.459999975585937193e+01
9.580000006103514920e+01
9.619999975585938046e+01
9.419999975585938046e+01
9.399999938964843693e+01
9.479999969482422273e+01
9.159999938964843125e+01
9.259999938964843125e+01
9.499999963378905932e+01
9.440000006103515773e+01
9.419999963378906216e+01
9.440000006103515773e+01
9.499999969482422557e+01
9.460000006103516057e+01
9.420000012207030693e+01
9.459999999999999432e+01
9.439999969482421704e+01
9.279999969482422273e+01
9.320000006103515489e+01
9.299999938964843693e+01
9.539999963378906500e+01
9.520000006103515489e+01
9.440000006103515773e+01
9.219999975585938046e+01
9.320000000000000284e+01
9.320000006103515489e+01
9.379999969482422273e+01
9.439999969482421704e+01
9.419999969482421420e+01
9.420000012207030693e+01
9.479999963378905647e+01
9.519999963378906216e+01
9.320000006103515489e+01
9.499999975585937761e+01
9.340000012207030977e+01
9.520000000000000284e+01
9.740000006103515773e+01
9.760000006103516057e+01
9.779999999999999716e+01
9.759999999999999432e+01
9.759999963378906784e+01
9.759999999999999432e+01
9.760000006103516057e+01
9.779999999999999716e+01
9.739999963378906500e+01
9.780000006103514920e+01
9.779999963378905647e+01
9.780000006103514920e+01
9.759999969482421989e+01
9.739999963378906500e+01
9.699999963378905932e+01
9.700000006103515204e+01
9.480000006103514920e+01
9.480000006103514920e+01
9.599999963378905932e+01
9.499999981689452966e+01
9.479999963378905647e+01
9.479999969482422273e+01
9.500000006103515204e+01
9.600000006103515204e+01
9.600000006103515204e+01
9.580000012207031546e+01
9.539999963378906500e+01
9.479999969482422273e+01
9.540000000000000568e+01
9.500000012207031830e+01
9.640000006103515773e+01
9.559999969482421989e+01
9.599999938964843693e+01
9.560000006103516057e+01
9.519999969482421420e+01
9.539999969482421704e+01
9.599999969482422557e+01
9.600000006103515204e+01
9.580000012207031546e+01
9.540000012207030977e+01
9.479999969482422273e+01
9.479999981689452682e+01
9.520000006103515489e+01
9.520000000000000284e+01
9.560000006103516057e+01
9.479999999999999716e+01
9.579999963378905647e+01
9.580000006103514920e+01
9.519999963378906216e+01
9.479999963378905647e+01
9.479999975585937477e+01
9.479999969482422273e+01
9.559999938964843125e+01
9.539999969482421704e+01
9.540000006103515773e+01
9.479999975585937477e+01
9.479999969482422273e+01
9.700000000000000000e+01
9.519999975585938046e+01
9.560000006103516057e+01
9.499999969482422557e+01
9.499999975585937761e+01
9.560000006103516057e+01
9.559999969482421989e+01
9.620000006103515489e+01
9.479999938964843409e+01
9.479999969482422273e+01
9.559999969482421989e+01
9.540000006103515773e+01
9.540000006103515773e+01
9.639999969482421704e+01
9.519999963378906216e+01
9.540000012207030977e+01
9.539999969482421704e+01
9.579999969482422273e+01
9.519999963378906216e+01
