2.000000000000000111e-01
7.599999946594238054e+00
1.019999998474121128e+01
2.060000003051757744e+01
1.039999994659423876e+01
9.799999954223633125e+00
1.000000000762939401e+01
1.539999989318847717e+01
8.200000007629395071e+00
3.159999978637695150e+01
1.100000000762939401e+01
3.839999981689452824e+01
6.599999946594238054e+00
3.019999984741210852e+01
3.859999969482421989e+01
3.299999975585937761e+01
5.499999996948242398e+01
1.899999994659423663e+01
2.899999996948242043e+01
2.619999999999999929e+01
5.819999987792968454e+01
4.819999975585937335e+01
2.439999999999999858e+01
4.919999981689453250e+01
3.539999981689452824e+01
4.500000006103515915e+01
4.239999975585937619e+01
5.899999981689452966e+01
5.399999975585937761e+01
5.659999987792969023e+01
5.119999993896484369e+01
6.399999993896484085e+01
2.419999993896484369e+01
4.560000006103515346e+01
3.779999972534179875e+01
5.260000003051757744e+01
4.039999978637695222e+01
4.780000006103515631e+01
2.339999987792968739e+01
5.539999975585937619e+01
5.919999990844726767e+01
4.399999981689452966e+01
6.699999987792968170e+01
6.759999984741210710e+01
5.439999981689452824e+01
6.979999957275390443e+01
5.879999987792968597e+01
5.999999993896484085e+01
5.580000006103515631e+01
4.099999990844726483e+01
4.319999987792968454e+01
7.619999993896485080e+01
4.440000003051757460e+01
5.019999996948241971e+01
4.960000006103515346e+01
6.059999978637695506e+01
6.379999969482421562e+01
3.559999996948242540e+01
5.599999978637695364e+01
6.620000006103515489e+01
4.579999999999999716e+01
2.119999990844726412e+01
6.580000012207031546e+01
4.500000006103515915e+01
5.499999987792968881e+01
6.859999963378906784e+01
6.159999978637695506e+01
7.439999963378906500e+01
6.299999984741211279e+01
4.520000003051757886e+01
6.280000012207031546e+01
6.219999981689453250e+01
5.080000006103515631e+01
6.619999975585938046e+01
7.460000006103516057e+01
5.319999984741210852e+01
7.479999969482422273e+01
5.399999978637695364e+01
8.539999945068359466e+01
6.700000012207031830e+01
8.159999945068359750e+01
7.619999969482421420e+01
9.119999975585938046e+01
9.239999981689453534e+01
9.159999945068359750e+01
9.259999975585937193e+01
9.259999963378906784e+01
9.299999969482422557e+01
9.460000012207031261e+01
9.400000006103515204e+01
9.119999969482421420e+01
9.359999969482421989e+01
9.159999975585937193e+01
9.059999951171874955e+01
9.239999938964844262e+01
9.359999963378906784e+01
9.220000006103515489e+01
9.119999951171874386e+01
9.339999981689453534e+01
9.120000012207030693e+01
9.019999981689453250e+01
9.079999969482422273e+01
8.960000012207031261e+01
9.039999945068359466e+01
9.019999938964843977e+01
9.299999945068358898e+01
9.099999938964843693e+01
8.860000012207031261e+01
8.839999975585936909e+01
8.939999975585936909e+01
9.019999945068359182e+01
9.359999938964843125e+01
9.239999981689453534e+01
9.200000012207031830e+01
9.019999975585938046e+01
9.219999975585938046e+01
9.300000012207031830e+01
9.279999969482422273e+01
9.299999969482422557e+01
9.220000012207030693e+01
9.299999969482422557e+01
9.299999969482422557e+01
9.419999969482421420e+01
9.559999975585937193e+01
9.580000012207031546e+01
9.639999975585936909e+01
9.659999963378906784e+01
9.660000006103516057e+01
9.659999999999999432e+01
9.620000012207030693e+01
9.719999969482421420e+01
9.719999963378906216e+01
9.519999963378906216e+01
9.679999963378905647e+01
9.659999963378906784e+01
9.639999963378906500e+01
9.599999938964843693e+01
9.640000006103515773e+01
9.559999963378906784e+01
9.500000006103515204e+01
9.479999963378905647e+01
9.480000006103514920e+01
9.420000006103515489e+01
9.380000006103514920e+01
9.439999975585936909e+01
9.479999963378905647e+01
9.439999963378906500e+01
9.479999969482422273e+01
9.440000000000000568e+01
9.420000006103515489e+01
9.440000006103515773e+01
9.500000012207031830e+01
9.479999963378905647e+01
9.440000012207030977e+01
9.499999969482422557e+01
9.539999963378906500e+01
9.440000006103515773e+01
9.499999975585937761e+01
9.400000006103515204e+01
9.519999975585938046e+01
9.380000012207031546e+01
9.400000012207031830e+01
9.399999938964843693e+01
9.499999969482422557e+01
9.560000012207031261e+01
9.460000006103516057e+01
9.419999969482421420e+01
9.499999963378905932e+01
9.540000012207030977e+01
9.460000012207031261e+01
9.419999969482421420e+01
9.360000006103516057e+01
9.479999975585937477e+01
9.460000012207031261e+01
9.319999969482421420e+01
9.400000012207031830e+01
9.560000012207031261e+01
9.340000012207030977e+01
9.319999975585938046e+01
9.440000006103515773e+01
9.379999969482422273e+01
9.460000006103516057e+01
9.319999975585938046e+01
9.519999969482421420e+01
9.399999981689452966e+01
9.440000012207030977e+01
9.479999999999999716e+01
9.440000006103515773e+01
9.419999938964843977e+01
9.479999963378905647e+01
9.379999969482422273e+01
9.520000012207030693e+01
9.399999938964843693e+01
9.440000006103515773e+01
9.559999999999999432e+01
9.420000006103515489e+01
9.359999969482421989e+01
9.419999969482421420e+01
9.500000006103515204e+01
9.540000006103515773e+01
