2.800000007629394716e+00
8.799999977111816918e+00
1.200000001525878979e+01
2.659999993896484227e+01
2.439999998474121057e+01
8.799999946594239120e+00
2.459999989318847824e+01
1.859999992370605426e+01
9.999999977111816207e+00
2.239999999999999858e+01
2.659999996948242185e+01
1.239999986267089760e+01
1.319999994659423770e+01
2.600000000000000000e+01
1.100000001525878979e+01
2.979999993896484511e+01
3.999999984741211279e+01
2.239999981689453179e+01
2.059999992370605426e+01
3.479999984741210994e+01
2.700000003051757957e+01
5.159999975585937193e+01
6.499999981689452966e+01
5.419999990844726767e+01
2.859999998474120986e+01
6.560000012207031261e+01
4.199999969482421847e+01
4.540000006103515773e+01
2.559999990844726625e+01
4.939999978637695222e+01
5.639999990844726341e+01
5.779999987792968597e+01
4.539999972534180017e+01
7.279999987792969307e+01
4.159999969482421989e+01
5.180000003051758029e+01
6.099999984741211279e+01
4.759999978637695506e+01
4.779999969482421562e+01
6.059999969482421989e+01
3.499999981689452966e+01
8.279999938964843409e+01
3.459999984741210710e+01
5.760000006103515346e+01
4.939999972534180017e+01
4.619999993896484369e+01
4.679999969482421562e+01
7.399999963378905932e+01
5.279999993896484511e+01
5.079999984741210994e+01
6.019999987792968454e+01
6.619999975585938046e+01
7.779999975585937477e+01
4.899999993896484085e+01
6.860000006103516057e+01
7.539999993896483943e+01
5.900000000000000000e+01
5.479999990844726909e+01
7.879999978637695790e+01
7.620000012207030693e+01
7.059999999999999432e+01
5.320000006103515489e+01
6.340000012207030977e+01
6.699999981689452966e+01
7.879999987792969307e+01
7.459999951171874955e+01
7.640000000000000568e+01
6.859999975585937193e+01
5.439999987792968739e+01
7.179999999999999716e+01
7.739999987792968739e+01
8.019999938964843977e+01
5.659999993896484227e+01
6.639999987792968739e+01
6.280000006103515631e+01
5.699999993896484085e+01
5.999999981689452966e+01
8.259999987792969023e+01
7.220000006103515489e+01
6.559999969482421989e+01
5.199999990844726483e+01
6.239999987792968739e+01
7.479999975585937477e+01
9.200000006103515204e+01
9.679999963378905647e+01
9.740000006103515773e+01
9.559999963378906784e+01
9.519999963378906216e+01
9.699999963378905932e+01
9.559999999999999432e+01
9.399999969482422557e+01
9.320000012207030693e+01
9.339999938964844262e+01
9.180000006103514920e+01
8.959999938964843125e+01
9.059999981689453818e+01
9.379999975585937477e+01
9.379999963378905647e+01
9.459999969482421989e+01
9.339999969482421704e+01
9.259999963378906784e+01
9.399999975585937761e+01
9.279999963378905647e+01
9.260000012207031261e+01
9.340000012207030977e+01
9.479999969482422273e+01
9.259999963378906784e+01
9.280000012207031546e+01
9.360000006103516057e+01
9.580000006103514920e+01
9.340000006103515773e+01
9.459999975585937193e+01
9.339999969482421704e+01
9.320000012207030693e+01
9.239999975585936909e+01
9.059999999999999432e+01
9.440000012207030977e+01
9.079999969482422273e+01
9.119999975585938046e+01
9.219999963378906216e+01
9.539999963378906500e+01
9.520000012207030693e+01
9.619999963378906216e+01
9.779999963378905647e+01
9.779999963378905647e+01
9.799999963378905932e+01
9.779999963378905647e+01
9.800000000000000000e+01
9.799999963378905932e+01
9.800000000000000000e+01
9.800000006103515204e+01
9.779999999999999716e+01
9.800000006103515204e+01
9.759999999999999432e+01
9.739999963378906500e+01
9.719999963378906216e+01
9.659999969482421989e+01
9.600000006103515204e+01
9.599999963378905932e+01
9.540000012207030977e+01
9.659999999999999432e+01
9.700000000000000000e+01
9.620000000000000284e+01
9.680000012207031546e+01
9.579999963378905647e+01
9.619999963378906216e+01
9.480000012207031546e+01
9.700000000000000000e+01
9.660000012207031261e+01
9.680000006103514920e+01
9.620000006103515489e+01
9.679999963378905647e+01
9.639999938964844262e+01
9.680000006103514920e+01
9.600000012207031830e+01
9.699999963378905932e+01
9.560000006103516057e+01
9.500000006103515204e+01
9.620000006103515489e+01
9.659999963378906784e+01
9.620000000000000284e+01
9.599999969482422557e+01
9.639999963378906500e+01
9.560000006103516057e+01
9.639999963378906500e+01
9.480000012207031546e+01
9.640000006103515773e+01
9.639999963378906500e+01
9.599999969482422557e+01
9.719999963378906216e+01
9.600000006103515204e+01
9.719999963378906216e+01
9.579999963378905647e+01
9.559999969482421989e+01
9.580000006103514920e+01
9.520000012207030693e+01
9.640000006103515773e+01
9.699999963378905932e+01
9.519999963378906216e+01
9.500000012207031830e+01
9.579999975585937477e+01
9.579999999999999716e+01
9.720000000000000284e+01
9.480000012207031546e+01
9.439999975585936909e+01
9.579999963378905647e+01
9.759999963378906784e+01
9.560000012207031261e+01
9.559999975585937193e+01
9.459999975585937193e+01
9.560000012207031261e+01
9.600000006103515204e+01
9.499999963378905932e+01
9.599999975585937761e+01
9.519999963378906216e+01
9.560000006103516057e+01
9.540000012207030977e+01
9.659999963378906784e+01
9.680000012207031546e+01
9.679999969482422273e+01
