0.000000000000000000e+00
1.899999989318847682e+01
8.000000000000000444e-01
1.600000000000000089e+00
2.000000000000000111e-01
5.400000000000000355e+00
6.319999975585937335e+01
3.799999994277954318e+00
7.999999942779540962e-01
0.000000000000000000e+00
3.540000003051757460e+01
1.439999995422363277e+01
4.600000007629394538e+00
7.999999946594238409e+00
4.399999994277954407e+00
1.600000000000000089e+00
5.199999946594238587e+00
1.679999989318847753e+01
3.799999994277954318e+00
1.199999988555908281e+00
7.599999988555908637e+00
2.599999988555908192e+00
7.599999946594238054e+00
5.799999977111816030e+00
4.799999994277953874e+00
3.600000007629394538e+00
4.999999977111816207e+00
7.999999885559081481e-01
8.000000007629394005e+00
4.799999996948242398e+01
1.179999994659423912e+01
1.399999988555908237e+00
5.199999977111816385e+00
2.899999984741210923e+01
4.400000007629394361e+00
2.939999999999999858e+01
3.000000000000000000e+00
2.599999988555908192e+00
6.399999977111816563e+00
6.000000007629394894e+00
2.999999988555908104e+00
2.380000003051757673e+01
5.199999988555908281e+00
6.199999994277954229e+00
7.199999994277954229e+00
6.999999946594238409e+00
5.399999988555908459e+00
7.999999977111816207e+00
6.599999988555908637e+00
4.400000000000000355e+00
1.299999986267089902e+01
4.800000007629394716e+00
6.799999977111816030e+00
2.100000003051757957e+01
3.779999978637695079e+01
8.399999946594238764e+00
6.799999946594238232e+00
3.599999977111816296e+00
3.799999994277954318e+00
8.999999946594238409e+00
2.799999990844726483e+01
2.799999994277954318e+00
1.119999994659423770e+01
6.399999977111816563e+00
7.800000015258788721e+00
9.600000007629393650e+00
3.799999994277954318e+00
9.199999984741211279e+00
5.199999988555908281e+00
7.399999994277954407e+00
1.220000001525878908e+01
3.399999977111816563e+00
6.599999994277953697e+00
9.399999954223632770e+00
7.599999977111816740e+00
5.999999977111816207e+00
2.120000003051757886e+01
7.799999977111816030e+00
1.319999989318847611e+01
3.199999977111816385e+00
7.800000007629394716e+00
2.019999995422363170e+01
7.399999946594237876e+00
7.399999977111816563e+00
8.200000015258789077e+00
8.399999893188477174e+00
9.199999977111817273e+00
8.799999994277953874e+00
8.000000007629394005e+00
8.599999988555907748e+00
8.399999988555908459e+00
7.600000007629394538e+00
7.799999984741210923e+00
8.400000007629394361e+00
9.599999946594238054e+00
7.200000007629394183e+00
7.799999946594238232e+00
7.999999988555908104e+00
7.999999988555908104e+00
7.999999946594238409e+00
8.799999988555908814e+00
8.199999977111817273e+00
9.000000007629394005e+00
8.200000015258789077e+00
8.400000015258788366e+00
7.599999946594238054e+00
1.039999994659423876e+01
8.599999977111815852e+00
9.399999946594238764e+00
9.199999994277954229e+00
7.399999988555908459e+00
7.799999946594238232e+00
8.399999946594238764e+00
8.799999946594239120e+00
8.800000015258788721e+00
8.800000007629394716e+00
1.000000001525878979e+01
1.019999998855590739e+01
9.399999954223632770e+00
1.259999994659423805e+01
9.600000007629393650e+00
9.799999984741210923e+00
1.019999998474121128e+01
1.200000001525878979e+01
1.280000001525878872e+01
1.540000001525878837e+01
1.579999992370605533e+01
1.699999998474121199e+01
1.699999992370605639e+01
1.479999986267089795e+01
1.739999998474121057e+01
1.939999992370605497e+01
1.819999989318847611e+01
1.879999992370605355e+01
2.039999992370605497e+01
2.099999996948242043e+01
1.819999986267090009e+01
1.919999995422363170e+01
1.839999989318847540e+01
2.119999989318847611e+01
2.179999986267089795e+01
1.879999995422363313e+01
2.239999992370605497e+01
2.059999993896484227e+01
2.119999995422363170e+01
2.019999984741210852e+01
2.419999999999999929e+01
2.419999989318847611e+01
2.099999998474121199e+01
2.159999986267089866e+01
2.319999990844726412e+01
2.300000000000000000e+01
2.379999996948242114e+01
2.259999992370605426e+01
2.359999986267089866e+01
2.280000003051757673e+01
2.419999989318847611e+01
2.399999987792968881e+01
2.379999986267089795e+01
2.420000003051757886e+01
2.459999996948242185e+01
2.539999999999999858e+01
2.379999986267089795e+01
2.339999996948242256e+01
2.480000003051757673e+01
2.299999995422363241e+01
2.239999999999999858e+01
2.299999986267089724e+01
2.459999986267089866e+01
2.559999989318847824e+01
2.360000000000000142e+01
2.379999990844726554e+01
2.599999993896484440e+01
2.619999993896484369e+01
2.399999989318847682e+01
2.359999986267089866e+01
2.800000000000000000e+01
2.559999989318847824e+01
2.419999999999999929e+01
2.360000000000000142e+01
2.579999989318847753e+01
2.720000003051757886e+01
2.559999986267089866e+01
2.599999978637695364e+01
2.559999996948242185e+01
2.439999996948242256e+01
2.579999993896484511e+01
2.559999993896484227e+01
2.580000003051757673e+01
2.459999986267089866e+01
2.499999984741210923e+01
2.759999993896484227e+01
2.859999993896484227e+01
2.680000000000000071e+01
2.599999990844726483e+01
2.880000000000000071e+01
2.739999999999999858e+01
2.219999989318847611e+01
2.719999993896484369e+01
2.799999993896484440e+01
