0.000000000000000000e+00
5.400000000000000355e+00
2.799999988555908370e+00
2.399999994277953963e+00
1.599999988555908192e+00
5.999999999999999778e-01
2.200000000000000178e+00
2.799999977111816474e+00
2.000000000000000111e-01
7.399999946594237876e+00
3.000000000000000000e+00
2.039999992370605497e+01
1.999999989318847682e+01
2.399999999999999911e+00
3.639999972534180017e+01
3.279999984741210994e+01
5.199999988555908281e+00
1.039999992370605497e+01
3.199999977111816385e+00
4.800000007629394716e+00
5.999999999999999778e-01
4.799999988555907926e+00
4.620000006103515489e+01
4.000000000000000222e-01
2.799999988555908370e+00
6.800000007629394716e+00
9.600000007629393650e+00
1.379999995422363313e+01
7.399999984741210568e+00
3.779999978637695079e+01
3.199999994277954229e+00
8.200000007629395071e+00
1.259999997711181585e+01
1.119999994659423770e+01
4.279999972534179875e+01
1.999999988555908104e+00
2.200000000000000178e+00
2.199999994277954229e+00
3.200000007629394627e+00
1.159999992370605426e+01
8.799999977111816918e+00
4.199999987792968881e+01
4.000000007629394894e+00
8.000000000000000444e-01
9.799999984741210923e+00
0.000000000000000000e+00
1.559999989318847646e+01
6.399999994277954407e+00
1.019999998474121128e+01
5.399999977111816563e+00
2.799999994277954318e+00
1.599999995422363241e+01
1.119999997711181727e+01
4.419999981689453250e+01
6.200000007629394183e+00
4.799999977111816030e+00
6.999999946594238409e+00
5.919999987792968454e+01
1.839999986267089938e+01
8.599999977111815852e+00
1.000000001525878979e+01
4.799999946594238232e+00
8.599999988555907748e+00
7.199999977111816385e+00
7.800000015258788721e+00
2.999999975585937406e+01
3.619999981689453250e+01
9.400000015258788366e+00
5.999999946594238409e+00
2.339999989318847540e+01
4.259999975585937193e+01
4.799999977111816030e+00
7.199999954223632592e+00
4.400000000000000355e+00
9.199999988555907393e+00
1.440000001525878837e+01
8.599999984741211634e+00
7.999999954223632415e+00
9.399999988555908459e+00
2.600000000000000000e+01
6.599999994277953697e+00
2.399999999999999911e+00
1.039999998474121057e+01
8.999999994277954940e+00
9.599999977111815852e+00
8.800000015258788721e+00
9.199999954223633480e+00
9.599999946594238054e+00
8.799999954223633125e+00
8.600000015258789432e+00
9.800000007629394716e+00
9.199999977111817273e+00
1.019999995422363348e+01
8.799999946594239120e+00
9.399999946594238764e+00
9.999999946594238409e+00
9.999999946594238409e+00
8.999999946594238409e+00
9.800000015258788721e+00
8.399999988555908459e+00
9.400000007629394361e+00
9.599999977111815852e+00
9.999999946594238409e+00
9.199999994277954229e+00
1.000000001525878979e+01
1.019999997711181727e+01
1.080000001525878872e+01
9.800000007629394716e+00
1.039999994659423876e+01
9.199999946594237699e+00
9.999999977111816207e+00
1.119999997711181727e+01
1.039999997711181656e+01
1.060000001525878943e+01
1.040000001525878837e+01
1.080000001525878872e+01
1.119999997711181727e+01
1.059999994659423805e+01
1.059999998474121163e+01
1.099999997711181621e+01
1.019999994659423770e+01
1.160000001525878943e+01
1.359999998474121163e+01
1.440000000762939436e+01
1.299999989318847682e+01
1.539999992370605497e+01
1.939999986267089938e+01
2.019999992370605568e+01
1.959999994659423805e+01
1.819999989318847611e+01
1.919999992370605568e+01
1.819999986267090009e+01
2.019999989318847611e+01
2.139999999999999858e+01
2.219999990844726412e+01
2.060000000000000142e+01
2.300000000000000000e+01
2.319999992370605568e+01
2.239999984741210781e+01
2.420000003051757886e+01
2.539999999999999858e+01
2.579999978637695435e+01
2.519999989318847611e+01
2.319999993896484369e+01
2.520000003051757886e+01
2.459999986267089866e+01
2.559999986267089866e+01
2.440000003051757815e+01
2.719999992370605568e+01
2.779999987792968597e+01
2.339999984741210781e+01
2.479999989318847753e+01
2.479999986267089795e+01
2.780000003051757673e+01
2.359999993896484227e+01
2.519999984741210852e+01
2.619999989318847611e+01
2.640000003051757815e+01
2.819999990844726412e+01
2.439999999999999858e+01
2.700000003051757957e+01
2.619999999999999929e+01
2.659999986267089866e+01
2.479999996948242114e+01
2.679999996948242114e+01
2.899999993896484440e+01
2.539999993896484298e+01
2.439999999999999858e+01
2.879999993896484511e+01
2.799999989318847682e+01
2.659999989318847824e+01
2.899999987792968881e+01
2.959999987792968668e+01
2.839999996948242256e+01
2.939999996948242256e+01
2.739999993896484298e+01
2.839999993896484298e+01
2.839999987792968739e+01
2.980000000000000071e+01
2.599999986267089724e+01
3.039999993896484298e+01
2.839999999999999858e+01
2.599999989318847682e+01
2.900000000000000000e+01
2.859999981689453108e+01
2.319999999999999929e+01
2.780000000000000071e+01
2.999999992370605639e+01
2.900000000000000000e+01
2.939999986267089938e+01
3.019999978637695293e+01
2.919999989318847611e+01
3.100000006103515560e+01
2.819999999999999929e+01
3.019999990844726412e+01
2.439999986267089938e+01
3.019999978637695293e+01
3.039999975585937619e+01
2.939999989318847540e+01
2.999999987792968881e+01
