3.300000000000000000e+01
2.400000007629394361e+00
0.000000000000000000e+00
2.199999994277954229e+00
8.000000000000000444e-01
2.399999994277953963e+00
7.999999942779540962e-01
2.200000000000000178e+00
1.599999994277954141e+00
7.999999946594238409e+00
3.799999988555908370e+00
3.399999977111816563e+00
1.599999988555908192e+00
5.000000007629394894e+00
4.599999999999999645e+00
3.399999988555908015e+00
6.139999981689452824e+01
1.519999995422363348e+01
8.599999954223632059e+00
4.599999988555908637e+00
4.399999977111816563e+00
4.999999946594238409e+00
1.540000001525878837e+01
4.000000000000000000e+00
1.080000000762939472e+01
3.600000007629394538e+00
2.679999986267089795e+01
8.599999946594238054e+00
1.099999994659423841e+01
7.000000007629394894e+00
1.899999989318847682e+01
2.599999994277954141e+00
1.539999994659423876e+01
6.199999946594238587e+00
4.200000007629394183e+00
2.799999988555908370e+00
6.199999977111816385e+00
9.199999923706053906e+00
6.200000015258789077e+00
1.359999997711181585e+01
7.600000015258789432e+00
1.079999995422363313e+01
7.000000015258788899e+00
6.399999977111816563e+00
9.000000015258789787e+00
7.399999988555908459e+00
9.200000007629395071e+00
4.999999988555908104e+00
1.199999998474121021e+01
7.400000007629394361e+00
1.799999994277954096e+00
1.320000001525878908e+01
1.319999995422363348e+01
7.599999988555908637e+00
4.199999988555908281e+00
7.200000015258789077e+00
1.040000000762939436e+01
2.440000003051757815e+01
7.000000007629394894e+00
1.619999992370605568e+01
1.360000003051757744e+01
1.160000001525878943e+01
6.199999988555908281e+00
5.799999946594238232e+00
1.299999998474121021e+01
2.600000000000000089e+00
9.999999946594238409e+00
9.199999984741211279e+00
9.199999954223633480e+00
9.799999984741210923e+00
9.799999994277953874e+00
8.799999977111816918e+00
1.439999998474121057e+01
5.999999988555908104e+00
1.159999995422363206e+01
8.000000007629394005e+00
6.000000007629394894e+00
8.199999988555907393e+00
7.200000007629394183e+00
1.500000001525878979e+01
1.900000003051757957e+01
6.399999946594237876e+00
1.099999997711181621e+01
1.020000001525878908e+01
1.099999998855590810e+01
1.060000001525878943e+01
1.059999994659423805e+01
1.099999994659423841e+01
1.120000001525878908e+01
1.199999998474121021e+01
1.039999992370605497e+01
1.079999998474121092e+01
1.100000000762939401e+01
9.799999977111816918e+00
9.999999977111816207e+00
1.059999994659423805e+01
1.019999992370605391e+01
1.239999997711181656e+01
1.099999994659423841e+01
1.139999997711181656e+01
1.079999994659423912e+01
1.059999997711181585e+01
1.199999995422363241e+01
1.079999997711181692e+01
1.060000001525878943e+01
9.599999977111815852e+00
1.059999995422363206e+01
1.159999995422363206e+01
1.159999994659423805e+01
1.120000001525878908e+01
1.159999998474121163e+01
1.099999994659423841e+01
1.139999992370605497e+01
1.080000001525878872e+01
1.120000001525878908e+01
1.100000001525878979e+01
1.160000001525878943e+01
1.099999998855590810e+01
1.139999992370605497e+01
1.119999994659423770e+01
1.160000001525878943e+01
1.039999997711181656e+01
1.339999994659423876e+01
1.160000000762939365e+01
1.340000001525878837e+01
1.399999998474121021e+01
1.499999992370605462e+01
1.559999995422363206e+01
1.639999989318847540e+01
1.680000003051757673e+01
1.799999986267089724e+01
1.839999989318847540e+01
1.779999986267089795e+01
1.599999998474121021e+01
1.920000001525878730e+01
1.720000001525878730e+01
2.119999990844726412e+01
1.779999998474121270e+01
2.019999992370605568e+01
2.160000003051757744e+01
1.979999989318847753e+01
2.019999992370605568e+01
2.179999986267089795e+01
2.119999999999999929e+01
1.959999986267089866e+01
2.160000001525878943e+01
2.260000000000000142e+01
2.439999999999999858e+01
2.359999981689453108e+01
2.359999996948242185e+01
2.319999996948242327e+01
2.299999989318847682e+01
2.159999998474120986e+01
2.259999992370605426e+01
2.380000000000000071e+01
2.219999998474121128e+01
2.119999996948242327e+01
2.499999990844726483e+01
2.380000003051757673e+01
2.579999990844726554e+01
2.399999986267089724e+01
2.219999992370605568e+01
2.199999998474121199e+01
2.259999992370605426e+01
2.539999993896484298e+01
2.279999996948242114e+01
2.200000003051757957e+01
2.579999996948242114e+01
2.399999995422363241e+01
2.359999998474120986e+01
2.379999989318847753e+01
2.699999987792968881e+01
2.600000000000000000e+01
2.759999993896484227e+01
2.559999998474120986e+01
2.759999987792968668e+01
2.639999990844726696e+01
2.859999995422363384e+01
2.699999993896484440e+01
2.319999993896484369e+01
2.599999996948242043e+01
2.399999987792968881e+01
2.800000000000000000e+01
2.659999992370605426e+01
2.459999996948242185e+01
2.479999993896484511e+01
2.779999984741210994e+01
2.600000003051757957e+01
2.599999987792968881e+01
2.579999989318847753e+01
2.779999987792968597e+01
2.679999996948242114e+01
3.059999984741211065e+01
2.879999987792968597e+01
2.579999989318847753e+01
2.659999986267089866e+01
2.880000003051757673e+01
2.699999987792968881e+01
2.839999986267089938e+01
2.799999996948242043e+01
