0.000000000000000000e+00
0.000000000000000000e+00
0.000000000000000000e+00
0.000000000000000000e+00
8.000000000000000444e-01
2.799999988555908370e+00
4.000000000000000222e-01
1.999999942779540907e-01
5.099999990844726483e+01
6.599999988555908637e+00
1.019999998474121128e+01
9.999999942779540518e-01
3.399999988555908015e+00
0.000000000000000000e+00
2.799999994277954318e+00
8.000000000000000444e-01
1.199999994659423841e+01
4.599999999999999645e+00
3.139999989318847540e+01
5.799999946594238232e+00
2.800000007629394716e+00
6.399999977111816563e+00
2.000000000000000111e-01
4.799999994277953874e+00
2.200000007629394627e+00
8.800000007629394716e+00
1.000000000000000000e+00
9.200000015258789077e+00
1.199999999999999956e+00
3.999999988555908104e+00
9.399999954223632770e+00
1.299999994659423841e+01
4.200000007629394183e+00
3.919999996948241971e+01
1.379999995422363313e+01
2.399999999999999911e+00
1.419999989318847611e+01
7.000000007629394894e+00
5.060000000000000142e+01
7.599999984741210746e+00
8.000000000000000444e-01
4.799999988555907926e+00
1.199999994277954007e+00
2.859999981689453108e+01
8.600000015258789432e+00
8.599999977111815852e+00
8.019999957275391012e+01
4.519999984741210852e+01
1.079999995422363313e+01
6.000000007629394894e+00
2.439999996948242256e+01
6.999999946594238409e+00
6.200000007629394183e+00
1.060000001525878943e+01
4.239999972534180017e+01
1.099999998855590810e+01
9.000000007629394005e+00
5.799999994277953874e+00
1.619999994659423947e+01
8.399999977111816563e+00
2.719999996948242327e+01
1.720000003051757886e+01
6.199999977111816385e+00
1.219999994659423770e+01
7.399999977111816563e+00
6.600000007629394538e+00
9.799999954223633125e+00
8.200000007629395071e+00
7.999999946594238409e+00
8.200000007629395071e+00
9.600000015258789432e+00
1.059999995422363206e+01
7.199999977111816385e+00
1.179999992370605533e+01
3.599999972534179449e+01
8.000000015258789787e+00
5.599999946594238054e+00
1.599999988555908192e+00
1.579999989318847575e+01
6.999999977111816207e+00
7.000000007629394894e+00
1.479999986267089795e+01
7.200000007629394183e+00
8.399999988555908459e+00
1.079999998474121092e+01
8.200000007629395071e+00
9.199999946594237699e+00
8.399999977111816563e+00
7.200000007629394183e+00
8.400000015258788366e+00
9.399999946594238764e+00
9.399999994277953519e+00
9.199999977111817273e+00
8.400000015258788366e+00
1.080000001525878872e+01
9.599999977111815852e+00
9.000000007629394005e+00
9.599999988555907748e+00
7.599999977111816740e+00
9.800000007629394716e+00
9.199999946594237699e+00
8.399999946594238764e+00
9.399999977111816563e+00
1.000000000762939401e+01
1.060000001525878943e+01
1.019999998855590739e+01
1.039999997711181656e+01
9.999999946594238409e+00
1.240000001525878837e+01
1.020000000762939507e+01
9.600000007629393650e+00
9.999999954223632415e+00
9.999999946594238409e+00
8.800000015258788721e+00
8.999999977111816207e+00
1.059999995422363206e+01
1.199999995422363241e+01
1.059999994659423805e+01
1.439999998855590846e+01
1.540000001525878837e+01
1.539999992370605497e+01
1.519999986267089831e+01
1.819999998474121128e+01
2.559999996948242185e+01
2.640000003051757815e+01
2.259999986267089866e+01
2.099999992370605639e+01
1.980000003051757673e+01
2.119999996948242327e+01
2.099999996948242043e+01
2.059999995422363384e+01
1.899999989318847682e+01
2.159999986267089866e+01
2.359999998474120986e+01
2.139999989318847540e+01
2.359999984741211065e+01
2.339999989318847540e+01
2.419999999999999929e+01
2.699999992370605639e+01
2.559999993896484227e+01
2.399999996948242043e+01
2.300000003051757957e+01
2.459999992370605426e+01
2.659999990844726625e+01
2.420000003051757886e+01
2.480000003051757673e+01
2.500000000000000000e+01
2.699999989318847682e+01
2.900000000000000000e+01
2.660000000000000142e+01
2.639999987792968739e+01
2.720000003051757886e+01
2.400000000000000000e+01
2.759999986267089866e+01
2.739999987792968739e+01
2.680000003051757673e+01
2.659999987792968668e+01
2.519999986267090009e+01
2.759999993896484227e+01
2.900000000000000000e+01
2.439999999999999858e+01
2.779999996948242114e+01
2.939999984741210781e+01
2.680000000000000071e+01
2.759999990844726625e+01
2.819999978637695293e+01
3.039999993896484298e+01
2.739999999999999858e+01
2.699999989318847682e+01
2.859999984741211065e+01
2.919999978637695293e+01
2.679999986267089795e+01
2.760000003051757744e+01
2.919999986267090009e+01
2.959999987792968668e+01
2.760000000000000142e+01
3.099999990844726483e+01
2.799999990844726483e+01
2.759999993896484227e+01
3.259999972534179591e+01
2.939999992370605497e+01
3.199999993896484440e+01
2.719999975585937335e+01
2.639999998474121057e+01
3.139999993896484298e+01
2.780000000000000071e+01
2.979999993896484511e+01
3.219999981689453250e+01
2.939999996948242256e+01
3.019999987792968810e+01
2.819999999999999929e+01
2.839999984741210781e+01
3.019999978637695293e+01
3.319999981689453250e+01
3.119999987792968810e+01
3.219999984741210852e+01
2.800000003051757957e+01
2.860000006103515702e+01
3.000000003051757957e+01
3.240000003051757460e+01
