9.919999963378906216e+01
1.459999998474121163e+01
0.000000000000000000e+00
0.000000000000000000e+00
3.799999994277954318e+00
1.280000001525878872e+01
3.659999996948242540e+01
0.000000000000000000e+00
4.000000000000000222e-01
2.479999989318847753e+01
8.000000000000000444e-01
0.000000000000000000e+00
5.999999999999999778e-01
2.719999992370605568e+01
5.799999994277953874e+00
1.040000000762939436e+01
1.199999998474121021e+01
4.999999994277954052e+00
6.000000015258788899e+00
2.399999988555908015e+00
5.399999988555908459e+00
2.399999989318847682e+01
2.200000000000000178e+00
6.399999994277954407e+00
2.059999986267089866e+01
7.000000015258788899e+00
1.999999988555908104e+00
2.099999992370605639e+01
3.799999988555908370e+00
9.600000007629393650e+00
1.600000000000000089e+00
1.399999999999999911e+00
3.999999988555908104e+00
4.400000007629394361e+00
5.599999977111816740e+00
5.599999988555908637e+00
1.919999989318847611e+01
1.239999994659423876e+01
8.000000000000000444e-01
1.239999989318847717e+01
1.799999994277954096e+00
8.999999988555908104e+00
1.639999989318847540e+01
1.219999997711181727e+01
1.139999995422363277e+01
1.799999986267089724e+01
1.579999998474121092e+01
1.259999997711181585e+01
9.199999977111817273e+00
4.399999994277954407e+00
3.199999988555908281e+00
8.800000015258788721e+00
8.200000015258789077e+00
1.259999992370605426e+01
6.199999977111816385e+00
4.219999972534179733e+01
4.799999988555907926e+00
5.000000007629394894e+00
8.800000015258788721e+00
7.939999987792968739e+01
1.999999994277954052e+00
8.999999977111816207e+00
9.999999942779540518e-01
5.200000007629394183e+00
9.599999977111815852e+00
8.199999994277954229e+00
4.199999994277954229e+00
2.399999994277953963e+00
6.600000007629394538e+00
3.599999988555908192e+00
4.600000007629394538e+00
8.200000015258789077e+00
1.500000003051757780e+01
1.100000000762939401e+01
4.600000007629394538e+00
7.199999977111816385e+00
5.799999988555907926e+00
6.999999977111816207e+00
9.800000015258788721e+00
6.799999977111816030e+00
1.419999986267089831e+01
1.639999989318847540e+01
7.600000015258789432e+00
1.119999997711181727e+01
9.799999994277953874e+00
1.119999998474121128e+01
9.400000007629394361e+00
9.999999984741210213e+00
1.039999995422363277e+01
1.019999994659423770e+01
1.139999995422363277e+01
1.079999994659423912e+01
1.020000001525878908e+01
1.060000000762939365e+01
1.099999994659423841e+01
1.139999997711181656e+01
1.000000001525878979e+01
9.399999946594238764e+00
1.039999998474121057e+01
9.199999994277954229e+00
1.100000001525878979e+01
1.039999994659423876e+01
1.139999997711181656e+01
1.039999994659423876e+01
1.099999995422363241e+01
1.119999997711181727e+01
1.119999995422363348e+01
1.259999992370605426e+01
1.219999997711181727e+01
1.159999989318847646e+01
1.139999997711181656e+01
1.139999998474121057e+01
1.019999994659423770e+01
1.259999989318847646e+01
1.079999995422363313e+01
1.119999998474121128e+01
1.279999989318847575e+01
1.359999994659423805e+01
1.319999989318847611e+01
1.599999992370605462e+01
1.720000001525878730e+01
1.999999992370605639e+01
2.339999986267089938e+01
3.339999999999999858e+01
2.840000003051757815e+01
2.860000000000000142e+01
2.399999989318847682e+01
2.399999986267089724e+01
2.199999995422363241e+01
2.519999984741210852e+01
2.019999992370605568e+01
2.439999984741210781e+01
2.300000003051757957e+01
2.299999993896484440e+01
2.460000003051757744e+01
2.559999990844726625e+01
2.559999998474120986e+01
2.739999981689453179e+01
2.399999989318847682e+01
2.759999984741211065e+01
2.619999989318847611e+01
2.719999999999999929e+01
2.779999989318847753e+01
2.779999986267089795e+01
2.839999986267089938e+01
2.840000003051757815e+01
2.859999984741211065e+01
2.639999989318847540e+01
3.059999981689453108e+01
2.859999981689453108e+01
2.939999990844726696e+01
2.939999993896484298e+01
2.899999981689452966e+01
3.019999989318847611e+01
2.739999990844726696e+01
2.939999989318847540e+01
3.059999981689453108e+01
3.159999987792968668e+01
2.720000003051757886e+01
2.900000003051757957e+01
3.159999984741211065e+01
3.099999987792968881e+01
2.939999987792968739e+01
3.040000003051757815e+01
3.119999993896484369e+01
3.139999993896484298e+01
2.999999990844726483e+01
3.239999972534180017e+01
3.200000003051757602e+01
3.079999993896484511e+01
3.219999981689453250e+01
3.139999981689453179e+01
3.100000006103515560e+01
3.099999996948242043e+01
3.239999990844726341e+01
3.240000003051757460e+01
3.159999996948242185e+01
3.099999987792968881e+01
3.180000003051757673e+01
3.079999990844726554e+01
3.179999996948242114e+01
3.259999978637695506e+01
3.139999996948242256e+01
3.180000000000000071e+01
2.919999981689453250e+01
3.259999981689453108e+01
3.059999996948242185e+01
3.220000000000000284e+01
3.219999981689453250e+01
3.119999969482421776e+01
3.199999987792968881e+01
3.179999993896484511e+01
3.159999975585937548e+01
3.139999981689453179e+01
3.079999981689453037e+01
3.219999984741210852e+01
3.139999993896484298e+01
3.139999978637695222e+01
3.259999990844726625e+01
3.099999987792968881e+01
