1.399999994277954185e+00
1.599999994277954141e+00
1.799999990844726483e+01
0.000000000000000000e+00
1.799999988555908148e+00
1.399999999999999911e+00
0.000000000000000000e+00
9.199999977111817273e+00
2.799999994277954318e+00
2.479999995422363313e+01
1.759999986267089866e+01
1.199999999999999956e+00
3.399999999999999911e+00
5.999999999999999778e-01
1.219999994659423770e+01
6.399999988555908459e+00
2.799999999999999822e+00
1.259999998474121163e+01
5.800000007629394716e+00
7.399999988555908459e+00
3.000000007629394450e+00
1.619999995422363170e+01
1.080000001525878872e+01
6.599999988555908637e+00
2.399999994277953963e+00
1.639999986267089938e+01
1.259999997711181585e+01
9.000000007629394005e+00
5.599999977111816740e+00
6.199999984741211279e+00
5.199999984741211279e+01
1.219999994659423770e+01
9.999999977111816207e+00
1.179999998855590881e+01
6.000000007629394894e+00
1.239999989318847717e+01
3.799999990844726483e+01
4.479999996948242114e+01
1.119999995422363348e+01
1.139999998474121057e+01
9.400000015258788366e+00
1.039999998474121057e+01
1.319999995422363348e+01
5.200000000000000178e+00
4.619999996948241971e+01
8.799999977111816918e+00
1.079999989318847575e+01
7.600000007629394538e+00
9.399999923706054972e+00
6.599999994277953697e+00
7.199999988555908281e+00
5.619999996948241971e+01
8.800000030517578509e+00
1.219999998474121128e+01
7.400000015258789254e+00
7.199999946594238587e+00
3.619999975585937335e+01
1.439999998474121057e+01
1.879999989318847753e+01
1.039999997711181656e+01
1.279999995422363313e+01
2.400000007629394361e+00
1.159999998474121163e+01
2.519999990844726412e+01
7.199999994277954229e+00
1.499999992370605462e+01
1.259999999999999964e+01
1.019999999427795423e+01
1.200000001525878979e+01
2.399999987792968881e+01
8.199999977111817273e+00
1.039999998474121057e+01
1.019999994659423770e+01
7.000000007629394894e+00
1.059999994659423805e+01
8.399999977111816563e+00
8.399999988555908459e+00
1.179999998474121092e+01
9.199999977111817273e+00
5.599999994277953697e+00
8.799999977111816918e+00
8.400000007629394361e+00
1.139999995422363277e+01
1.199999994659423841e+01
1.120000001525878908e+01
1.099999997711181621e+01
1.119999995422363348e+01
1.179999997711181692e+01
1.139999997711181656e+01
1.219999992370605391e+01
1.180000001525878872e+01
1.159999998474121163e+01
1.179999994659423912e+01
1.220000001525878908e+01
1.160000001525878943e+01
1.180000000762939472e+01
1.119999997711181727e+01
1.179999995422363313e+01
1.079999995422363313e+01
1.139999994659423876e+01
1.179999994659423912e+01
1.279999994659423912e+01
1.319999995422363348e+01
1.279999997711181692e+01
1.199999994659423841e+01
1.379999994659423912e+01
1.199999997711181621e+01
1.480000001525878872e+01
1.179999994659423912e+01
1.099999994659423841e+01
1.279999998474121092e+01
1.300000000762939401e+01
1.260000001525878943e+01
1.279999997711181692e+01
1.359999994659423805e+01
1.339999994659423876e+01
1.139999986267089760e+01
1.459999994659423805e+01
1.579999998474121092e+01
1.900000000000000000e+01
1.899999989318847682e+01
1.979999992370605355e+01
2.339999996948242256e+01
2.880000000000000071e+01
2.419999992370605568e+01
2.400000003051757957e+01
2.320000003051757886e+01
2.159999996948242185e+01
2.340000003051757815e+01
2.020000001525878730e+01
2.379999989318847753e+01
2.159999989318847824e+01
2.499999984741210923e+01
2.320000003051757886e+01
2.360000003051757744e+01
2.479999992370605355e+01
2.660000003051757744e+01
2.519999984741210852e+01
2.499999987792968881e+01
2.280000000000000071e+01
2.539999986267089938e+01
2.580000000000000071e+01
2.979999981689453037e+01
2.739999999999999858e+01
2.759999986267089866e+01
2.580000000000000071e+01
2.679999993896484511e+01
2.680000000000000071e+01
2.559999987792968668e+01
2.539999981689453179e+01
2.779999987792968597e+01
2.679999993896484511e+01
2.719999987792968810e+01
2.739999989318847540e+01
2.860000003051757744e+01
2.780000000000000071e+01
2.879999993896484511e+01
2.799999993896484440e+01
2.939999993896484298e+01
2.860000006103515702e+01
2.859999992370605426e+01
2.739999993896484298e+01
2.819999993896484369e+01
2.819999999999999929e+01
2.879999987792968597e+01
2.779999998474121270e+01
2.979999981689453037e+01
2.759999987792968668e+01
2.859999993896484227e+01
2.939999999999999858e+01
2.979999978637695435e+01
2.880000000000000071e+01
2.899999987792968881e+01
3.019999996948242327e+01
2.839999984741210781e+01
3.219999981689453250e+01
3.019999996948242327e+01
3.019999987792968810e+01
3.139999993896484298e+01
2.779999986267089795e+01
2.639999993896484298e+01
2.859999990844726625e+01
2.939999996948242256e+01
2.819999993896484369e+01
3.000000000000000000e+01
3.079999987792968597e+01
3.079999987792968597e+01
2.959999987792968668e+01
2.719999992370605568e+01
3.159999990844726625e+01
3.199999987792968881e+01
3.040000003051757815e+01
3.079999984741210994e+01
3.139999998474121057e+01
3.139999981689453179e+01
2.979999978637695435e+01
2.979999990844726554e+01
3.100000000000000000e+01
3.179999981689453037e+01
3.159999981689453108e+01
