1.199999999999999956e+00
1.199999994277954007e+00
4.000000000000000222e-01
8.199999994277954229e+00
2.000000000000000111e-01
9.999999946594238409e+00
9.599999977111815852e+00
1.099999997711181621e+01
1.039999997711181656e+01
4.199999988555908281e+00
1.600000000762939578e+01
1.040000000762939436e+01
3.999999994277954052e+00
1.759999992370605426e+01
1.240000000762939436e+01
9.599999946594238054e+00
2.859999986267089866e+01
1.360000001525878943e+01
1.399999992370605462e+01
2.239999993896484298e+01
7.200000007629394183e+00
9.599999984741211634e+00
7.199999977111816385e+00
1.639999992370605497e+01
6.599999988555908637e+00
6.600000015258789432e+00
9.399999954223632770e+00
3.799999994277954318e+00
1.799999995422363241e+01
7.200000015258789077e+00
1.219999998474121128e+01
6.200000007629394183e+00
1.499999994659423841e+01
2.619999986267090009e+01
2.739999987792968739e+01
9.799999977111816918e+00
2.379999986267089795e+01
1.679999995422363313e+01
1.119999998474121128e+01
5.999999977111816207e+00
8.600000007629393650e+00
1.779999992370605355e+01
7.799999977111816030e+00
7.999999977111816207e+00
1.499999989318847682e+01
1.319999995422363348e+01
1.119999992370605391e+01
1.239999994659423876e+01
1.439999995422363277e+01
6.799999946594238232e+00
1.879999995422363313e+01
9.999999984741210213e+00
6.999999923706054616e+00
1.699999989318847682e+01
1.500000001525878979e+01
1.099999994659423841e+01
3.200000000000000178e+00
1.200000000762939401e+01
1.719999997711181550e+01
2.200000003051757957e+01
2.580000000000000071e+01
8.799999977111816918e+00
7.199999977111816385e+00
1.660000001525878943e+01
6.400000015258789254e+00
1.319999995422363348e+01
1.499999998474121021e+01
1.219999995422363348e+01
1.659999998474120986e+01
1.159999995422363206e+01
6.599999946594238054e+00
1.239999998474121057e+01
1.520000001525878908e+01
1.439999992370605497e+01
1.299999994659423841e+01
1.439999989318847717e+01
5.239999981689452824e+01
2.039999999999999858e+01
1.439999997711181656e+01
1.639999989318847540e+01
1.239999998474121057e+01
1.759999996948242185e+01
1.439999997711181656e+01
1.519999992370605391e+01
1.580000001525878872e+01
1.719999989318847611e+01
2.059999993896484227e+01
1.999999998474121199e+01
2.139999986267089938e+01
2.280000003051757673e+01
2.639999990844726696e+01
2.579999996948242114e+01
2.559999996948242185e+01
2.819999993896484369e+01
2.659999987792968668e+01
2.559999993896484227e+01
2.479999996948242114e+01
2.299999984741210923e+01
2.279999986267089795e+01
2.499999986267089724e+01
2.440000001525879014e+01
2.700000000000000000e+01
2.519999995422363170e+01
2.339999999999999858e+01
2.619999984741210852e+01
2.519999993896484369e+01
2.519999989318847611e+01
2.340000003051757815e+01
2.419999990844726412e+01
2.119999986267090009e+01
2.559999990844726625e+01
2.599999989318847682e+01
2.439999993896484298e+01
2.380000003051757673e+01
2.279999987792968597e+01
2.219999993896484369e+01
1.959999995422363384e+01
2.239999993896484298e+01
2.219999987792968810e+01
2.419999995422363170e+01
2.439999999999999858e+01
2.219999995422363170e+01
2.179999986267089795e+01
2.239999992370605497e+01
2.159999986267089866e+01
2.319999999999999929e+01
2.219999989318847611e+01
2.239999993896484298e+01
2.360000000000000142e+01
2.219999986267090009e+01
2.460000000000000142e+01
2.139999987792968739e+01
2.179999998474121270e+01
2.300000000000000000e+01
2.019999992370605568e+01
2.099999995422363241e+01
2.380000003051757673e+01
2.300000003051757957e+01
2.599999989318847682e+01
2.280000000000000071e+01
1.980000001525878872e+01
2.239999994659423876e+01
2.100000000000000000e+01
2.100000003051757957e+01
2.060000003051757744e+01
2.200000000000000000e+01
2.099999993896484440e+01
2.139999993896484298e+01
2.279999989318847753e+01
2.220000003051757886e+01
2.240000001525879014e+01
2.219999986267090009e+01
2.059999995422363384e+01
2.340000003051757815e+01
2.179999986267089795e+01
2.080000003051757673e+01
2.199999989318847682e+01
2.179999986267089795e+01
2.119999999999999929e+01
2.300000000000000000e+01
2.139999998474121057e+01
2.080000000000000071e+01
2.219999992370605568e+01
2.099999996948242043e+01
1.979999996948242114e+01
2.340000003051757815e+01
2.020000003051757886e+01
2.199999995422363241e+01
2.180000000000000071e+01
2.079999986267089795e+01
2.160000003051757744e+01
2.219999993896484369e+01
2.079999989318847753e+01
2.080000003051757673e+01
2.179999996948242114e+01
2.099999993896484440e+01
2.059999992370605426e+01
2.339999990844726696e+01
2.419999999999999929e+01
1.980000003051757673e+01
2.119999986267090009e+01
1.999999986267089724e+01
2.139999995422363455e+01
2.039999998474121057e+01
2.239999995422363455e+01
2.179999989318847753e+01
2.379999995422363313e+01
2.279999995422363313e+01
2.160000001525878943e+01
2.099999995422363241e+01
2.239999999999999858e+01
2.080000003051757673e+01
2.239999999999999858e+01
2.279999989318847753e+01
1.899999986267089724e+01
2.059999993896484227e+01
2.119999986267090009e+01
2.079999996948242114e+01
2.259999992370605426e+01
2.000000003051757957e+01
