8.799999977111816918e+00
0.000000000000000000e+00
2.160000000000000142e+01
5.599999988555908637e+00
1.800000007629394494e+00
6.199999946594238587e+00
6.399999994277954407e+00
8.200000007629395071e+00
6.399999977111816563e+00
5.599999994277953697e+00
3.039999984741210781e+01
8.999999977111816207e+00
6.599999946594238054e+00
6.999999988555908104e+00
8.199999994277954229e+00
1.919999995422363170e+01
4.359999975585937193e+01
2.419999996948242327e+01
4.400000007629394361e+00
9.999999977111816207e+00
4.800000007629394716e+00
2.399999999999999911e+00
1.300000003051757780e+01
5.800000007629394716e+00
6.000000007629394894e+00
1.099999989318847682e+01
1.759999998474120986e+01
9.399999946594238764e+00
2.799999996948242043e+01
1.019999994659423770e+01
1.179999994659423912e+01
1.379999989318847575e+01
1.399999994659423841e+01
1.159999994659423805e+01
7.199999946594238587e+00
1.159999998474121163e+01
1.359999994659423805e+01
1.179999998474121092e+01
2.599999972534179804e+01
1.499999986267089902e+01
9.199999946594237699e+00
1.579999992370605533e+01
1.539999992370605497e+01
1.139999997711181656e+01
2.299999998474121199e+01
1.760000003051757744e+01
2.719999986267090009e+01
1.379999994659423912e+01
8.599999954223632059e+00
1.439999986267089760e+01
2.879999975585937477e+01
1.659999992370605426e+01
2.419999998474121128e+01
1.459999995422363206e+01
2.119999999999999929e+01
2.319999999999999929e+01
1.240000001525878837e+01
2.939999999999999858e+01
1.780000001525878872e+01
2.199999995422363241e+01
2.519999999999999929e+01
1.739999986267089938e+01
2.039999986267089938e+01
1.059999986267089866e+01
2.280000000000000071e+01
2.619999978637695293e+01
1.180000001525878872e+01
3.859999981689453108e+01
2.059999992370605426e+01
2.919999981689453250e+01
2.379999993896484511e+01
2.999999981689452966e+01
2.759999996948242185e+01
2.399999981689452966e+01
4.739999990844726341e+01
2.279999998474121270e+01
5.999999957275390727e+01
3.279999984741210994e+01
1.599999986267089902e+01
2.700000000000000000e+01
3.139999996948242256e+01
3.599999987792968881e+01
3.139999989318847540e+01
3.679999975585937477e+01
3.419999987792968454e+01
5.099999972534179449e+01
2.700000000000000000e+01
3.619999990844726767e+01
3.419999993896484369e+01
1.659999995422363384e+01
3.259999978637695506e+01
2.819999990844726412e+01
2.659999987792968668e+01
3.519999984741210852e+01
2.019999999999999929e+01
2.839999993896484298e+01
2.539999990844726696e+01
3.499999990844726483e+01
3.479999990844726909e+01
4.079999972534179875e+01
3.459999996948242540e+01
4.179999978637695079e+01
5.199999996948242398e+01
5.119999990844726767e+01
5.199999978637695364e+01
5.760000006103515346e+01
5.359999990844726625e+01
5.399999984741211279e+01
4.699999987792968881e+01
4.260000003051757744e+01
4.079999978637695079e+01
3.320000003051757886e+01
3.759999993896484227e+01
3.619999981689453250e+01
3.319999987792968454e+01
3.039999999999999858e+01
3.239999993896484654e+01
3.519999969482422131e+01
2.699999986267089724e+01
3.279999984741210994e+01
2.999999975585937406e+01
2.699999981689452966e+01
2.879999996948242114e+01
2.899999990844726483e+01
2.979999990844726554e+01
2.840000003051757815e+01
2.380000003051757673e+01
2.519999986267090009e+01
2.559999993896484227e+01
2.579999993896484511e+01
2.639999990844726696e+01
2.359999995422363384e+01
2.579999987792968597e+01
2.380000003051757673e+01
2.580000003051757673e+01
2.299999996948242043e+01
2.539999986267089938e+01
2.359999975585937548e+01
2.339999984741210781e+01
2.679999986267089795e+01
2.159999986267089866e+01
2.379999989318847753e+01
1.999999987792968881e+01
2.199999989318847682e+01
2.179999992370605355e+01
2.239999995422363455e+01
2.400000000000000000e+01
2.119999989318847611e+01
2.299999989318847682e+01
2.019999986267090009e+01
2.139999999999999858e+01
2.319999990844726412e+01
2.599999981689452966e+01
2.139999993896484298e+01
2.039999998474121057e+01
2.139999999999999858e+01
2.200000003051757957e+01
2.240000003051757815e+01
2.439999999999999858e+01
2.200000001525878801e+01
2.260000003051757744e+01
1.979999986267089795e+01
2.239999996948242256e+01
2.119999999999999929e+01
2.159999996948242185e+01
2.179999996948242114e+01
2.299999996948242043e+01
1.939999989318847540e+01
2.519999999999999929e+01
2.119999987792968810e+01
2.200000000000000000e+01
2.419999987792968810e+01
2.339999990844726696e+01
2.019999993896484369e+01
2.400000003051757957e+01
1.839999998474121057e+01
2.459999993896484227e+01
2.199999989318847682e+01
2.179999990844726554e+01
2.019999995422363170e+01
2.179999993896484511e+01
2.199999998474121199e+01
2.019999989318847611e+01
2.159999984741211065e+01
1.859999992370605426e+01
2.199999986267089724e+01
2.200000000000000000e+01
2.279999996948242114e+01
2.240000003051757815e+01
1.899999992370605639e+01
2.259999990844726625e+01
2.399999981689452966e+01
1.999999992370605639e+01
2.079999995422363313e+01
2.179999989318847753e+01
1.999999993896484440e+01
1.959999986267089866e+01
1.959999992370605426e+01
2.279999995422363313e+01
2.280000000000000071e+01
