0.000000000000000000e+00
0.000000000000000000e+00
1.009999999999999964e+01
9.699999999999999289e+00
1.000000000000000000e+01
9.699999999999999289e+00
1.580000000000000071e+01
2.319999999999999929e+01
4.889999999999999858e+01
5.429999999999999716e+01
7.759999999999999432e+01
7.729999999999999716e+01
9.100000000000000000e+01
9.240000000000000568e+01
9.620000000000000284e+01
9.779999999999999716e+01
9.559999999999999432e+01
9.970000000000000284e+01
9.990000000000000568e+01
9.979999999999999716e+01
9.979999999999999716e+01
9.979999999999999716e+01
9.979999999999999716e+01
9.979999999999999716e+01
9.979999999999999716e+01
9.990000000000000568e+01
1.000000000000000000e+02
1.000000000000000000e+02
1.000000000000000000e+02
9.990000000000000568e+01
9.979999999999999716e+01
9.979999999999999716e+01
9.979999999999999716e+01
9.990000000000000568e+01
9.990000000000000568e+01
9.990000000000000568e+01
9.990000000000000568e+01
9.990000000000000568e+01
9.990000000000000568e+01
9.990000000000000568e+01
