0.000000000000000000e+00
0.000000000000000000e+00
9.699999999999999289e+00
9.900000000000000355e+00
9.900000000000000355e+00
2.060000000000000142e+01
4.110000000000000142e+01
8.790000000000000568e+01
9.500000000000000000e+01
9.570000000000000284e+01
9.290000000000000568e+01
9.629999999999999716e+01
9.779999999999999716e+01
9.929999999999999716e+01
9.970000000000000284e+01
9.979999999999999716e+01
1.000000000000000000e+02
9.990000000000000568e+01
1.000000000000000000e+02
9.990000000000000568e+01
9.990000000000000568e+01
1.000000000000000000e+02
9.990000000000000568e+01
9.990000000000000568e+01
9.990000000000000568e+01
1.000000000000000000e+02
1.000000000000000000e+02
9.990000000000000568e+01
9.990000000000000568e+01
9.990000000000000568e+01
9.990000000000000568e+01
9.979999999999999716e+01
9.990000000000000568e+01
9.979999999999999716e+01
9.990000000000000568e+01
9.990000000000000568e+01
9.990000000000000568e+01
9.990000000000000568e+01
9.979999999999999716e+01
9.990000000000000568e+01
