0.000000000000000000e+00
2.000000000000000111e-01
1.090000000000000036e+01
1.280000000000000071e+01
1.140000000000000036e+01
1.230000000000000071e+01
3.279999999999999716e+01
8.309999999999999432e+01
8.190000000000000568e+01
9.170000000000000284e+01
9.320000000000000284e+01
9.829999999999999716e+01
9.970000000000000284e+01
9.879999999999999716e+01
9.929999999999999716e+01
1.000000000000000000e+02
1.000000000000000000e+02
1.000000000000000000e+02
1.000000000000000000e+02
9.990000000000000568e+01
9.990000000000000568e+01
9.990000000000000568e+01
9.990000000000000568e+01
9.990000000000000568e+01
9.990000000000000568e+01
1.000000000000000000e+02
1.000000000000000000e+02
1.000000000000000000e+02
9.990000000000000568e+01
9.990000000000000568e+01
9.990000000000000568e+01
9.990000000000000568e+01
9.990000000000000568e+01
9.990000000000000568e+01
9.990000000000000568e+01
9.990000000000000568e+01
9.990000000000000568e+01
9.990000000000000568e+01
9.990000000000000568e+01
9.990000000000000568e+01
