0.000000000000000000e+00
2.799999994277954318e+00
4.000000000000000222e-01
3.479999984741210994e+01
2.020000003051757886e+01
5.319999987792968454e+01
2.359999990844726625e+01
6.259999969482421989e+01
4.159999972534179591e+01
2.139999986267089938e+01
3.199999988555908281e+00
3.979999972534179875e+01
5.519999984741210852e+01
6.679999963378905647e+01
5.200000007629394183e+00
9.999999942779540518e-01
1.859999989318847824e+01
2.820000003051757886e+01
5.319999993896484369e+01
5.880000003051758029e+01
6.399999975585937761e+01
3.899999978637695364e+01
8.479999975585937477e+01
4.380000006103515631e+01
5.599999987792968881e+01
5.379999987792968597e+01
3.139999975585937619e+01
5.400000000000000000e+01
3.919999990844726767e+01
7.280000006103514920e+01
4.240000003051757460e+01
4.780000012207031546e+01
6.039999978637695222e+01
5.739999987792968739e+01
4.159999987792969023e+01
3.140000003051757815e+01
8.059999993896484227e+01
5.859999993896484227e+01
3.659999972534179591e+01
2.460000003051757744e+01
4.679999981689453392e+01
3.219999990844726767e+01
6.339999963378906500e+01
4.859999978637695506e+01
8.519999957275391012e+01
7.359999993896484227e+01
2.799999989318847682e+01
7.620000006103515489e+01
4.019999975585937335e+01
6.879999951171875239e+01
2.359999989318847824e+01
9.220000012207030693e+01
6.059999981689453108e+01
7.180000012207031546e+01
7.879999945068360034e+01
7.539999969482421704e+01
5.639999996948242256e+01
6.999999969482422557e+01
4.560000006103515346e+01
8.000000006103515204e+01
8.839999938964844262e+01
9.019999975585938046e+01
5.359999993896484227e+01
5.519999984741210852e+01
7.719999951171874386e+01
6.959999969482421989e+01
8.599999938964843693e+01
4.559999996948242540e+01
6.279999987792968597e+01
6.739999987792968739e+01
8.119999951171874386e+01
6.159999981689453108e+01
4.759999984741210710e+01
1.339999989318847717e+01
3.539999972534180017e+01
8.060000006103516057e+01
7.939999945068359466e+01
1.000000000000000000e+02
4.539999975585937619e+01
9.019999975585938046e+01
9.300000006103515204e+01
8.779999993896484511e+01
9.879999999999999716e+01
9.640000012207030977e+01
9.420000006103515489e+01
9.120000006103515489e+01
9.119999963378906216e+01
8.899999981689452966e+01
9.359999938964843125e+01
9.239999969482421704e+01
9.400000000000000000e+01
9.220000012207030693e+01
8.979999987792969307e+01
8.699999938964843693e+01
9.079999969482422273e+01
9.720000000000000284e+01
9.399999981689452966e+01
9.620000006103515489e+01
9.320000000000000284e+01
9.260000012207031261e+01
9.340000012207030977e+01
8.839999975585936909e+01
9.099999975585937761e+01
9.140000000000000568e+01
9.339999963378906500e+01
9.339999963378906500e+01
9.119999969482421420e+01
9.639999969482421704e+01
9.040000012207030977e+01
9.239999938964844262e+01
9.180000012207031546e+01
9.559999969482421989e+01
8.899999975585937761e+01
9.199999975585937761e+01
9.539999963378906500e+01
9.280000012207031546e+01
8.819999975585938046e+01
8.739999975585936909e+01
8.699999951171875523e+01
9.380000006103514920e+01
9.559999963378906784e+01
9.340000006103515773e+01
9.339999975585936909e+01
9.859999963378906784e+01
9.759999999999999432e+01
9.679999999999999716e+01
9.480000012207031546e+01
9.239999938964844262e+01
9.279999938964843409e+01
9.319999969482421420e+01
9.199999975585937761e+01
9.339999975585936909e+01
9.280000012207031546e+01
9.339999987792968739e+01
9.299999969482422557e+01
9.359999963378906784e+01
9.300000006103515204e+01
9.420000006103515489e+01
9.499999963378905932e+01
9.259999963378906784e+01
9.280000012207031546e+01
9.280000012207031546e+01
9.280000012207031546e+01
9.179999981689452682e+01
9.259999975585937193e+01
9.299999938964843693e+01
9.340000006103515773e+01
9.399999969482422557e+01
9.399999969482422557e+01
9.500000006103515204e+01
9.440000006103515773e+01
9.359999975585937193e+01
9.339999975585936909e+01
9.459999963378906784e+01
9.459999963378906784e+01
9.339999975585936909e+01
9.279999975585937477e+01
9.240000006103515773e+01
9.240000012207030977e+01
9.400000000000000000e+01
9.359999969482421989e+01
9.419999938964843977e+01
9.240000012207030977e+01
9.379999969482422273e+01
9.400000006103515204e+01
9.460000006103516057e+01
9.579999963378905647e+01
9.380000012207031546e+01
9.420000012207030693e+01
9.340000006103515773e+01
9.259999981689453818e+01
9.380000012207031546e+01
9.499999963378905932e+01
9.500000000000000000e+01
9.380000006103514920e+01
9.600000012207031830e+01
9.359999969482421989e+01
9.479999963378905647e+01
9.299999975585937761e+01
9.320000012207030693e+01
9.299999969482422557e+01
9.399999969482422557e+01
9.359999969482421989e+01
9.380000012207031546e+01
9.319999938964843977e+01
9.220000012207030693e+01
9.480000012207031546e+01
9.419999969482421420e+01
9.259999975585937193e+01
9.460000012207031261e+01
9.399999975585937761e+01
9.440000012207030977e+01
9.360000006103516057e+01
9.479999969482422273e+01
9.519999969482421420e+01
9.520000000000000284e+01
9.519999969482421420e+01
9.579999963378905647e+01
9.540000006103515773e+01
9.540000006103515773e+01
