0.000000000000000000e+00
4.599999946594238054e+00
1.399999999999999911e+00
2.160000001525878943e+01
2.999999988555908104e+00
3.060000000000000142e+01
8.800000007629394716e+00
4.800000007629394716e+00
1.000000000000000000e+00
3.799999994277954318e+00
4.540000003051757460e+01
8.200000015258789077e+00
5.200000007629394183e+00
3.200000000000000178e+00
2.279999998474121270e+01
2.199999988555908281e+00
3.999999988555908104e+00
1.059999998855590775e+01
2.199999994277954229e+00
1.799999988555908148e+00
1.359999992370605426e+01
4.999999994277954052e+00
5.039999999999999858e+01
1.719999989318847611e+01
1.600000000000000089e+00
5.800000007629394716e+00
9.399999984741210568e+00
1.399999994659423841e+01
3.259999993896484227e+01
1.319999995422363348e+01
1.440000001525878837e+01
1.319999998474121128e+01
5.300000000000000000e+01
2.320000003051757886e+01
6.199999946594238587e+00
1.399999999999999911e+00
1.339999998474121057e+01
8.400000007629394361e+00
1.199999999427795494e+01
1.259999998474121163e+01
7.219999969482421420e+01
5.800000012207031119e+01
1.379999998474121092e+01
5.599999988555908637e+00
2.499999987792968881e+01
7.099999963378905932e+01
4.519999975585937335e+01
2.399999988555908015e+00
2.199999989318847682e+01
5.880000003051758029e+01
1.099999998474121021e+01
1.079999998855590881e+01
4.999999946594238409e+00
1.159999994659423805e+01
4.820000003051757886e+01
4.199999981689452966e+01
1.299999997711181621e+01
6.640000000000000568e+01
4.039999984741211136e+01
2.079999996948242114e+01
7.600000007629394538e+00
4.399999990844726483e+01
1.519999992370605391e+01
8.200000015258789077e+00
2.199999989318847682e+01
1.919999998474121128e+01
1.340000001525878837e+01
1.599999998474121021e+01
1.519999995422363348e+01
1.999999995422363241e+01
1.699999989318847682e+01
1.519999998474121128e+01
2.379999990844726554e+01
7.800000007629394716e+00
9.399999988555908459e+00
3.739999981689452824e+01
2.139999999999999858e+01
5.920000012207031403e+01
1.399999995422363241e+01
1.819999999999999929e+01
4.060000000000000142e+01
2.019999999999999929e+01
4.620000003051757886e+01
5.879999984741210994e+01
7.139999957275391296e+01
7.780000006103514920e+01
7.779999957275390443e+01
7.759999975585937193e+01
7.340000006103515773e+01
7.159999957275390159e+01
7.179999969482422273e+01
7.799999945068358898e+01
7.099999981689452966e+01
7.559999999999999432e+01
7.319999987792968454e+01
7.579999957275390443e+01
7.820000006103515489e+01
7.699999993896484796e+01
7.519999945068359182e+01
6.900000006103515204e+01
7.679999987792969307e+01
7.759999999999999432e+01
7.040000000000000568e+01
6.099999993896484085e+01
6.499999951171875523e+01
7.460000006103516057e+01
7.419999963378906216e+01
7.040000006103515773e+01
7.899999945068358898e+01
7.399999969482422557e+01
7.279999993896484511e+01
6.739999984741210426e+01
6.800000012207031830e+01
6.319999963378906216e+01
7.499999957275390727e+01
7.359999969482421989e+01
6.640000006103515773e+01
7.300000006103515204e+01
7.900000006103515204e+01
7.199999993896484796e+01
7.440000006103515773e+01
7.439999975585936909e+01
8.159999945068359750e+01
8.700000012207031830e+01
9.019999975585938046e+01
9.119999938964843977e+01
9.079999938964843409e+01
8.959999981689453818e+01
8.959999945068359750e+01
9.000000006103515204e+01
8.939999975585936909e+01
8.679999981689452682e+01
8.799999981689452966e+01
8.819999987792968454e+01
8.919999938964843977e+01
8.719999975585938046e+01
8.819999993896485080e+01
9.059999981689453818e+01
8.979999938964843409e+01
8.979999963378905647e+01
8.859999969482421989e+01
8.859999938964843125e+01
8.999999951171875523e+01
8.899999975585937761e+01
8.900000012207031830e+01
8.879999975585937477e+01
8.859999975585937193e+01
8.839999969482421704e+01
9.019999938964843977e+01
8.959999981689453818e+01
9.039999981689453534e+01
8.959999975585937193e+01
8.879999987792969307e+01
9.039999981689453534e+01
8.979999963378905647e+01
8.879999969482422273e+01
8.999999975585937761e+01
8.939999975585936909e+01
8.979999981689452682e+01
9.059999975585937193e+01
8.999999945068358898e+01
9.059999938964843125e+01
9.079999969482422273e+01
9.059999969482421989e+01
9.059999945068359750e+01
9.059999981689453818e+01
9.040000012207030977e+01
9.079999981689452682e+01
8.879999969482422273e+01
9.040000006103515773e+01
8.919999981689453250e+01
9.019999945068359182e+01
8.999999938964843693e+01
8.919999981689453250e+01
9.020000012207030693e+01
9.019999981689453250e+01
9.079999945068360034e+01
9.040000006103515773e+01
9.079999945068360034e+01
9.039999969482421704e+01
8.900000012207031830e+01
8.979999969482422273e+01
9.059999981689453818e+01
9.079999969482422273e+01
8.980000012207031546e+01
9.199999969482422557e+01
9.139999987792968739e+01
9.099999963378905932e+01
9.140000012207030977e+01
9.139999969482421704e+01
9.039999981689453534e+01
9.059999975585937193e+01
9.019999981689453250e+01
9.079999975585937477e+01
9.080000012207031546e+01
9.080000012207031546e+01
9.140000006103515773e+01
9.099999969482422557e+01
9.079999975585937477e+01
8.980000012207031546e+01
