0.000000000000000000e+00
2.200000000000000178e+00
4.000000000000000222e-01
4.000000000000000222e-01
2.579999987792968597e+01
7.999999942779540962e-01
9.599999977111815852e+00
7.200000007629394183e+00
2.999999994277954052e+00
6.399999988555908459e+00
3.220000003051757886e+01
1.799999988555908148e+00
2.620000003051757886e+01
4.999999988555908104e+00
5.999999999999999778e-01
2.199999994277954229e+00
5.999999999999999778e-01
1.140000001525878837e+01
8.199999984741211279e+00
6.200000007629394183e+00
9.400000015258788366e+00
1.219999997711181727e+01
7.999999984741211101e+00
1.479999994659423912e+01
3.600000007629394538e+00
5.999999999999999778e-01
5.419999987792968454e+01
1.619999996948242327e+01
2.199999988555908281e+00
2.599999988555908192e+00
8.399999988555908459e+00
9.399999946594238764e+00
9.399999946594238764e+00
2.360000000000000142e+01
5.200000007629394183e+00
2.499999998474121199e+01
1.159999994659423805e+01
9.800000015258788721e+00
1.319999986267089831e+01
1.239999998474121057e+01
8.399999977111816563e+00
3.199999988555908281e+00
2.599999996948242043e+01
1.179999997711181692e+01
2.539999992370605497e+01
5.599999988555908637e+00
2.119999992370605568e+01
1.199999997711181621e+01
8.400000015258788366e+00
7.799999988555907926e+00
1.479999995422363313e+01
1.079999989318847575e+01
5.439999996948242256e+01
1.440000001525878837e+01
4.999999994277954052e+00
4.019999975585937335e+01
2.459999986267089866e+01
1.059999998474121163e+01
1.659999989318847824e+01
1.619999992370605568e+01
4.200000007629394183e+00
2.260000000000000142e+01
3.180000000000000071e+01
4.560000003051757744e+01
1.880000000000000071e+01
1.199999998474121021e+01
2.659999992370605426e+01
1.259999994659423805e+01
4.139999987792968739e+01
4.599999999999999645e+00
8.200000007629395071e+00
2.659999981689453108e+01
2.280000000000000071e+01
2.219999990844726412e+01
2.159999989318847824e+01
7.799999977111816030e+00
1.480000000762939472e+01
6.419999963378906216e+01
2.200000000000000178e+00
5.819999993896484369e+01
1.819999995422363170e+01
1.019999997711181727e+01
4.699999969482421847e+01
6.339999981689452824e+01
6.900000012207031830e+01
7.279999981689452682e+01
7.559999987792969023e+01
7.559999999999999432e+01
7.699999957275390727e+01
7.660000006103516057e+01
7.839999963378906500e+01
7.539999987792968739e+01
7.879999957275390443e+01
7.659999963378906784e+01
7.579999945068360034e+01
7.800000006103515204e+01
7.899999951171875523e+01
7.679999993896484511e+01
7.199999945068358898e+01
7.180000012207031546e+01
7.879999951171875239e+01
7.260000006103516057e+01
7.679999987792969307e+01
7.839999993896483943e+01
7.179999957275390443e+01
7.340000000000000568e+01
7.540000000000000568e+01
6.999999975585937761e+01
7.319999993896485080e+01
7.279999969482422273e+01
6.919999978637694937e+01
7.599999957275390727e+01
7.579999963378905647e+01
7.579999963378905647e+01
7.180000012207031546e+01
7.879999945068360034e+01
7.699999951171875523e+01
7.440000012207030977e+01
7.859999945068359750e+01
7.220000012207030693e+01
7.639999981689453534e+01
7.679999969482422273e+01
8.019999975585938046e+01
8.179999938964843409e+01
8.399999987792968170e+01
8.659999975585937193e+01
8.819999987792968454e+01
8.899999975585937761e+01
8.800000012207031830e+01
9.019999969482421420e+01
9.039999969482421704e+01
8.879999975585937477e+01
9.019999975585938046e+01
9.019999969482421420e+01
8.839999969482421704e+01
8.699999945068358898e+01
8.700000012207031830e+01
8.820000012207030693e+01
8.759999945068359750e+01
8.839999981689453534e+01
8.719999951171874386e+01
8.539999987792968739e+01
8.639999945068359466e+01
8.759999938964843125e+01
8.679999938964843409e+01
8.639999957275391296e+01
8.599999969482422557e+01
8.539999951171874670e+01
8.619999945068359182e+01
8.680000012207031546e+01
8.839999938964844262e+01
8.719999981689453250e+01
8.820000012207030693e+01
8.539999945068359466e+01
8.639999981689453534e+01
8.639999951171874670e+01
8.779999945068360034e+01
8.659999938964843125e+01
8.719999951171874386e+01
8.899999975585937761e+01
8.799999945068358898e+01
8.699999981689452966e+01
8.679999945068360034e+01
8.679999938964843409e+01
8.679999951171875239e+01
8.719999975585938046e+01
8.639999945068359466e+01
8.699999945068358898e+01
8.639999975585936909e+01
8.839999975585936909e+01
8.799999987792968170e+01
8.699999975585937761e+01
8.819999938964843977e+01
8.719999975585938046e+01
8.739999981689453534e+01
8.959999963378906784e+01
8.639999945068359466e+01
8.899999969482422557e+01
8.859999975585937193e+01
8.739999945068359466e+01
8.839999969482421704e+01
8.779999957275390443e+01
8.679999938964843409e+01
8.659999981689453818e+01
8.699999975585937761e+01
8.679999951171875239e+01
8.839999951171874670e+01
8.620000012207030693e+01
8.639999987792968739e+01
8.719999981689453250e+01
8.779999938964843409e+01
8.799999938964843693e+01
8.719999975585938046e+01
8.819999938964843977e+01
8.759999981689453818e+01
8.739999981689453534e+01
8.880000012207031546e+01
8.879999975585937477e+01
8.959999975585937193e+01
8.780000012207031546e+01
