0.000000000000000000e+00
0.000000000000000000e+00
4.000000000000000222e-01
2.359999990844726625e+01
1.939999996948242256e+01
1.000000000000000000e+00
1.299999992370605462e+01
3.599999978637695364e+01
2.000000000000000111e-01
5.999999999999999778e-01
1.519999998474121128e+01
1.480000001525878872e+01
1.100000000762939401e+01
1.799999994277954096e+00
1.619999986267090009e+01
2.399999999999999911e+00
1.199999989318847682e+01
2.999999988555908104e+00
1.199999999999999956e+00
2.799999994277954318e+00
1.999999994277954052e+00
2.099999989318847682e+01
5.559999981689453108e+01
5.400000007629394361e+00
1.059999998474121163e+01
7.799999988555907926e+00
7.599999977111816740e+00
4.200000007629394183e+00
9.199999984741211279e+00
6.799999988555907926e+00
4.380000003051758029e+01
1.220000001525878908e+01
1.399999992370605462e+01
2.399999994277953963e+00
1.179999994659423912e+01
1.859999989318847824e+01
4.399999988555908459e+00
3.220000000000000284e+01
2.599999996948242043e+01
4.799999977111816030e+00
2.079999998474121270e+01
2.259999989318847824e+01
3.219999996948241971e+01
8.399999977111816563e+00
2.240000003051757815e+01
1.819999989318847611e+01
4.499999981689452966e+01
1.299999998855590810e+01
1.360000001525878943e+01
8.999999946594238409e+00
3.379999984741210994e+01
2.459999993896484227e+01
2.779999989318847753e+01
1.999999998474121199e+01
7.799999988555907926e+00
1.199999997711181621e+01
1.239999992370605497e+01
3.099999993896484440e+01
2.139999986267089938e+01
1.119999997711181727e+01
1.659999998474120986e+01
8.000000000000000444e-01
1.279999994659423912e+01
3.400000007629394361e+00
2.319999984741210852e+01
1.120000001525878908e+01
3.679999975585937477e+01
7.999999893188476818e+00
2.340000001525879014e+01
1.079999998474121092e+01
1.659999995422363384e+01
3.279999978637695079e+01
2.360000003051757744e+01
3.499999975585937761e+01
1.599999998474121021e+01
1.559999998474121163e+01
8.159999987792969023e+01
5.599999984741211279e+01
3.199999988555908281e+00
2.179999989318847753e+01
6.379999987792968597e+01
6.139999969482421704e+01
4.019999996948241971e+01
5.260000006103515346e+01
6.999999975585937761e+01
7.840000012207030977e+01
8.359999945068359750e+01
8.239999987792968739e+01
7.659999963378906784e+01
7.839999993896483943e+01
8.299999945068358898e+01
8.159999951171874955e+01
8.639999987792968739e+01
7.959999999999999432e+01
7.840000000000000568e+01
7.179999975585937477e+01
8.199999938964843693e+01
8.139999938964844262e+01
8.179999993896484511e+01
8.159999987792969023e+01
8.140000000000000568e+01
6.859999978637695506e+01
7.599999969482422557e+01
7.759999951171874955e+01
7.999999993896484796e+01
6.979999981689452682e+01
7.640000006103515773e+01
7.879999945068360034e+01
8.059999951171874955e+01
7.799999945068358898e+01
8.059999951171874955e+01
7.519999987792968454e+01
8.139999993896483943e+01
7.519999978637694937e+01
7.199999963378905932e+01
7.420000006103515489e+01
7.360000012207031261e+01
7.839999938964844262e+01
7.479999999999999716e+01
7.580000006103514920e+01
7.620000000000000284e+01
8.199999975585937761e+01
7.519999957275391012e+01
8.479999993896484511e+01
8.000000000000000000e+01
8.699999957275390727e+01
8.859999981689453818e+01
8.919999945068359182e+01
9.020000012207030693e+01
9.139999981689453534e+01
9.079999963378905647e+01
8.940000012207030977e+01
8.959999945068359750e+01
8.919999987792968454e+01
8.939999938964844262e+01
8.859999945068359750e+01
8.799999987792968170e+01
8.919999945068359182e+01
8.839999975585936909e+01
8.920000006103515489e+01
8.879999981689452682e+01
8.939999975585936909e+01
9.079999969482422273e+01
9.019999969482421420e+01
8.940000006103515773e+01
8.900000012207031830e+01
9.059999987792969023e+01
8.919999975585938046e+01
8.979999975585937477e+01
8.799999975585937761e+01
8.800000006103515204e+01
8.959999938964843125e+01
9.019999938964843977e+01
8.859999987792969023e+01
8.959999963378906784e+01
8.919999969482421420e+01
8.879999945068360034e+01
8.939999969482421704e+01
8.959999945068359750e+01
8.979999969482422273e+01
9.019999969482421420e+01
8.960000012207031261e+01
8.999999969482422557e+01
8.999999975585937761e+01
8.960000012207031261e+01
8.979999975585937477e+01
8.959999938964843125e+01
8.959999975585937193e+01
9.079999945068360034e+01
9.039999963378906500e+01
9.039999945068359466e+01
9.060000006103516057e+01
9.040000012207030977e+01
8.939999945068359466e+01
8.919999981689453250e+01
8.879999987792969307e+01
8.939999938964844262e+01
8.939999975585936909e+01
8.819999938964843977e+01
8.999999975585937761e+01
9.079999969482422273e+01
8.939999981689453534e+01
8.940000012207030977e+01
8.960000006103516057e+01
8.999999975585937761e+01
9.059999981689453818e+01
8.999999975585937761e+01
9.059999975585937193e+01
8.999999938964843693e+01
8.979999975585937477e+01
9.139999975585936909e+01
9.039999975585936909e+01
8.999999938964843693e+01
8.999999987792968170e+01
8.899999945068358898e+01
8.999999969482422557e+01
9.019999981689453250e+01
9.020000012207030693e+01
9.059999969482421989e+01
8.939999975585936909e+01
