3.799999988555908370e+00
4.000000000000000222e-01
4.000000000000000222e-01
4.199999988555908281e+00
2.200000000000000178e+00
2.859999984741211065e+01
3.419999993896484369e+01
4.239999972534180017e+01
1.199999994277954007e+00
3.179999981689453037e+01
2.439999999999999858e+01
1.699999998474121199e+01
8.199999946594237699e+00
9.999999988555908104e+00
1.399999999999999911e+00
2.600000000000000089e+00
1.579999995422363313e+01
2.419999986267090009e+01
2.999999988555908104e+00
2.579999984741210994e+01
6.400000007629394361e+00
3.119999987792968810e+01
3.559999990844726625e+01
1.639999992370605497e+01
3.879999969482421562e+01
4.499999993896484085e+01
2.439999986267089938e+01
2.359999993896484227e+01
1.480000001525878872e+01
3.100000000000000000e+01
1.179999995422363313e+01
5.899999978637695364e+01
2.319999986267090009e+01
4.619999990844726767e+01
1.939999989318847540e+01
3.599999993896484085e+01
7.359999993896484227e+01
3.819999996948241971e+01
1.579999995422363313e+01
4.200000006103515915e+01
4.859999993896484227e+01
5.819999987792968454e+01
3.539999990844726341e+01
9.639999975585936909e+01
6.540000012207030977e+01
1.819999999999999929e+01
5.759999993896484227e+01
2.939999981689453179e+01
8.659999975585937193e+01
2.900000000000000000e+01
5.079999969482421562e+01
7.819999963378906216e+01
4.559999993896484227e+01
6.600000012207031830e+01
3.799999984741211279e+01
4.639999987792968739e+01
2.439999999999999858e+01
5.579999999999999716e+01
2.399999996948242043e+01
5.320000000000000284e+01
4.739999990844726341e+01
5.440000006103515773e+01
5.599999946594238054e+00
3.779999972534179875e+01
3.319999981689453250e+01
4.979999990844726909e+01
8.059999945068359750e+01
5.600000000000000000e+01
1.339999998855590846e+01
7.879999993896484511e+01
7.899999945068358898e+01
3.659999975585937193e+01
2.379999981689453037e+01
5.659999969482421989e+01
6.979999993896484511e+01
3.579999996948242114e+01
6.999999984741211279e+01
4.759999990844726625e+01
5.099999990844726483e+01
6.559999969482421989e+01
4.879999990844726909e+01
3.319999978637695648e+01
3.239999981689452824e+01
7.899999963378905932e+01
9.040000012207030977e+01
8.239999938964844262e+01
8.759999981689453818e+01
8.899999969482422557e+01
8.499999945068358898e+01
9.159999981689453818e+01
9.280000012207031546e+01
8.579999938964843409e+01
8.939999938964844262e+01
8.539999975585936909e+01
8.899999945068358898e+01
9.139999938964844262e+01
9.159999975585937193e+01
8.659999945068359750e+01
9.119999938964843977e+01
8.559999975585937193e+01
9.099999981689452966e+01
8.979999993896484511e+01
8.919999938964843977e+01
8.979999938964843409e+01
9.399999975585937761e+01
9.239999963378906500e+01
9.420000012207030693e+01
8.799999987792968170e+01
9.259999969482421989e+01
9.260000006103516057e+01
7.439999963378906500e+01
9.579999963378905647e+01
9.420000012207030693e+01
9.359999963378906784e+01
8.879999938964843409e+01
9.459999963378906784e+01
9.500000012207031830e+01
8.879999981689452682e+01
8.479999938964843409e+01
9.580000006103514920e+01
9.240000012207030977e+01
8.959999987792969023e+01
9.359999969482421989e+01
8.920000012207030693e+01
9.600000006103515204e+01
9.699999963378905932e+01
9.900000000000000000e+01
9.840000000000000568e+01
9.780000012207031546e+01
9.619999969482421420e+01
9.560000012207031261e+01
9.519999969482421420e+01
9.459999963378906784e+01
9.639999963378906500e+01
9.419999963378906216e+01
9.500000006103515204e+01
9.480000006103514920e+01
9.499999938964843693e+01
9.399999969482422557e+01
9.439999981689453534e+01
9.440000006103515773e+01
9.439999981689453534e+01
9.499999938964843693e+01
9.419999963378906216e+01
9.419999963378906216e+01
9.360000012207031261e+01
9.460000006103516057e+01
9.540000000000000568e+01
9.460000012207031261e+01
9.419999963378906216e+01
9.379999969482422273e+01
9.439999969482421704e+01
9.439999969482421704e+01
9.419999969482421420e+01
9.479999975585937477e+01
9.399999969482422557e+01
9.579999963378905647e+01
9.519999969482421420e+01
9.539999963378906500e+01
9.479999975585937477e+01
9.419999969482421420e+01
9.380000012207031546e+01
9.520000012207030693e+01
9.520000012207030693e+01
9.500000006103515204e+01
9.579999969482422273e+01
9.520000000000000284e+01
9.640000000000000568e+01
9.479999963378905647e+01
9.360000012207031261e+01
9.540000012207030977e+01
9.479999969482422273e+01
9.399999969482422557e+01
9.440000012207030977e+01
9.460000006103516057e+01
9.499999963378905932e+01
9.479999969482422273e+01
9.499999969482422557e+01
9.419999963378906216e+01
9.459999999999999432e+01
9.500000006103515204e+01
9.399999963378905932e+01
9.439999963378906500e+01
9.500000006103515204e+01
9.440000006103515773e+01
9.479999963378905647e+01
9.420000006103515489e+01
9.499999969482422557e+01
9.479999969482422273e+01
9.519999969482421420e+01
9.559999963378906784e+01
9.500000012207031830e+01
9.399999963378905932e+01
9.559999969482421989e+01
9.400000012207031830e+01
9.360000006103516057e+01
9.379999963378905647e+01
9.440000006103515773e+01
9.500000006103515204e+01
9.380000006103514920e+01
