2.000000000000000111e-01
0.000000000000000000e+00
0.000000000000000000e+00
4.759999981689453108e+01
3.399999977111816563e+00
1.200000007629394627e+00
1.139999994659423876e+01
2.600000000000000089e+00
5.599999977111816740e+00
1.099999994659423841e+01
1.780000003051757673e+01
1.420000001525878908e+01
5.759999993896484227e+01
1.679999989318847753e+01
2.119999989318847611e+01
1.600000000000000089e+00
6.659999978637695506e+01
5.599999990844726483e+01
3.239999987792968739e+01
2.280000003051757673e+01
3.999999969482421847e+01
1.979999989318847753e+01
2.459999993896484227e+01
4.520000003051757886e+01
2.159999992370605426e+01
2.280000000000000071e+01
2.559999993896484227e+01
2.419999996948242327e+01
1.120000001525878908e+01
5.779999984741210994e+01
8.179999945068360034e+01
7.999999951171875523e+01
1.139999994659423876e+01
4.539999999999999858e+01
3.539999990844726341e+01
5.679999975585937477e+01
5.679999969482421562e+01
4.260000006103515346e+01
2.659999996948242185e+01
1.079999997711181692e+01
5.719999978637695648e+01
1.879999986267089795e+01
4.740000006103515773e+01
6.759999999999999432e+01
6.539999984741210426e+01
1.899999995422363241e+01
3.119999993896484369e+01
2.659999990844726625e+01
5.060000003051757744e+01
4.959999990844726625e+01
2.359999992370605426e+01
6.799999977111816030e+00
6.899999987792968170e+01
1.920000001525878730e+01
1.660000003051757744e+01
6.039999990844726341e+01
8.459999945068359750e+01
1.659999998474120986e+01
6.300000012207031119e+01
3.939999999999999858e+01
3.359999969482421989e+01
2.820000003051757886e+01
4.839999999999999858e+01
2.919999986267090009e+01
4.000000007629394894e+00
8.339999993896483943e+01
6.539999963378906500e+01
5.100000000000000000e+01
7.399999969482422557e+01
5.719999975585937335e+01
3.980000003051758029e+01
4.639999972534180017e+01
8.019999993896485080e+01
6.499999984741211279e+01
4.839999993896484654e+01
3.779999990844726909e+01
6.500000006103515204e+01
8.199999951171875523e+01
6.020000003051757886e+01
2.019999998474121128e+01
4.259999981689453108e+01
7.439999945068359466e+01
8.879999975585937477e+01
8.640000000000000568e+01
8.419999945068359182e+01
9.360000006103516057e+01
9.120000006103515489e+01
8.539999981689453534e+01
8.799999981689452966e+01
8.359999981689453818e+01
8.919999969482421420e+01
8.959999975585937193e+01
8.679999957275390443e+01
8.319999981689453250e+01
8.839999938964844262e+01
8.519999957275391012e+01
8.539999945068359466e+01
9.220000000000000284e+01
8.499999993896484796e+01
8.819999987792968454e+01
9.199999975585937761e+01
8.459999993896484227e+01
8.479999951171875239e+01
8.959999981689453818e+01
8.559999981689453818e+01
8.819999987792968454e+01
8.559999945068359750e+01
8.939999975585936909e+01
8.739999938964844262e+01
8.639999981689453534e+01
8.639999938964844262e+01
8.599999963378905932e+01
8.699999945068358898e+01
9.059999951171874955e+01
8.880000012207031546e+01
8.599999981689452966e+01
8.599999981689452966e+01
9.159999975585937193e+01
9.220000006103515489e+01
8.840000012207030977e+01
8.719999938964843977e+01
8.760000006103516057e+01
8.860000012207031261e+01
9.579999963378905647e+01
9.499999975585937761e+01
9.520000012207030693e+01
9.399999969482422557e+01
9.499999963378905932e+01
9.599999963378905932e+01
9.579999969482422273e+01
9.260000012207031261e+01
9.200000006103515204e+01
9.139999969482421704e+01
9.159999975585937193e+01
9.240000006103515773e+01
9.099999975585937761e+01
9.320000012207030693e+01
9.160000012207031261e+01
9.140000006103515773e+01
9.139999981689453534e+01
9.140000012207030977e+01
9.099999975585937761e+01
9.099999975585937761e+01
9.139999945068359466e+01
9.160000012207031261e+01
8.999999963378905932e+01
9.099999975585937761e+01
9.199999975585937761e+01
9.039999969482421704e+01
9.080000012207031546e+01
9.019999987792968454e+01
9.079999975585937477e+01
9.240000012207030977e+01
9.059999938964843125e+01
9.160000006103516057e+01
9.179999951171875239e+01
9.099999938964843693e+01
9.299999938964843693e+01
9.159999975585937193e+01
9.019999945068359182e+01
9.179999981689452682e+01
9.139999938964844262e+01
9.080000012207031546e+01
9.180000006103514920e+01
9.159999938964843125e+01
9.299999938964843693e+01
9.059999938964843125e+01
9.280000012207031546e+01
9.320000012207030693e+01
9.180000006103514920e+01
9.199999969482422557e+01
9.079999975585937477e+01
9.059999975585937193e+01
9.199999975585937761e+01
9.059999945068359750e+01
9.179999938964843409e+01
9.139999975585936909e+01
9.199999975585937761e+01
9.299999963378905932e+01
9.100000006103515204e+01
9.300000006103515204e+01
9.219999975585938046e+01
9.159999975585937193e+01
9.099999945068358898e+01
9.379999969482422273e+01
9.060000012207031261e+01
9.380000012207031546e+01
9.240000012207030977e+01
9.320000006103515489e+01
9.020000006103515489e+01
9.140000012207030977e+01
9.239999963378906500e+01
9.300000012207031830e+01
9.179999963378905647e+01
9.260000006103516057e+01
9.200000012207031830e+01
9.139999963378906500e+01
9.199999975585937761e+01
9.119999963378906216e+01
9.239999975585936909e+01
