1.799999994277954096e+00
8.000000000000000444e-01
0.000000000000000000e+00
0.000000000000000000e+00
4.799999999999999822e+00
2.119999998474121128e+01
4.599999994277953697e+00
7.599999984741210746e+00
3.859999990844726625e+01
1.699999986267089724e+01
3.279999996948242114e+01
5.999999885559081925e-01
6.599999988555908637e+00
1.999999994277954052e+00
7.480000006103514920e+01
4.699999978637695364e+01
1.219999997711181727e+01
8.259999957275390159e+01
4.140000003051757460e+01
6.000000015258788899e+00
4.000000000000000222e-01
1.599999986267089902e+01
7.300000006103515204e+01
1.000000000000000000e+00
5.920000003051757886e+01
5.039999981689452824e+01
5.739999996948242256e+01
3.819999984741210852e+01
4.460000003051757744e+01
1.659999989318847824e+01
4.320000006103515489e+01
2.819999984741210852e+01
7.339999951171874670e+01
6.320000006103515489e+01
1.319999994659423770e+01
9.799999946594239120e+00
8.059999945068359750e+01
6.359999963378906074e+01
2.059999989318847824e+01
4.900000006103515915e+01
4.540000003051757460e+01
6.519999969482421420e+01
1.319999992370605391e+01
6.359999984741210710e+01
4.419999990844726767e+01
5.219999969482422131e+01
5.180000006103515631e+01
6.259999978637695506e+01
4.059999975585937193e+01
6.819999975585938046e+01
3.939999990844726341e+01
7.779999951171875239e+01
5.020000006103515489e+01
7.899999945068358898e+01
7.820000012207030693e+01
7.040000006103515773e+01
7.900000012207031830e+01
4.379999996948242114e+01
8.799999938964843693e+01
8.979999938964843409e+01
2.380000000000000071e+01
7.259999993896484227e+01
3.399999987792968881e+01
8.539999975585936909e+01
4.800000007629394716e+00
7.239999975585936909e+01
6.740000012207030977e+01
5.239999978637695222e+01
7.199999994277954229e+00
6.300000006103515915e+01
3.200000000000000000e+01
7.759999938964843125e+01
4.279999984741210994e+01
4.779999987792968597e+01
8.319999951171874386e+01
8.919999993896485080e+01
7.679999987792969307e+01
7.059999951171874955e+01
7.160000006103516057e+01
2.599999986267089724e+01
3.759999993896484227e+01
8.699999987792968170e+01
7.859999981689453818e+01
7.179999993896484511e+01
8.459999951171874955e+01
9.500000006103515204e+01
9.480000006103514920e+01
8.719999945068359182e+01
9.240000006103515773e+01
9.139999981689453534e+01
8.059999963378906784e+01
9.360000006103516057e+01
9.340000012207030977e+01
9.400000006103515204e+01
9.339999969482421704e+01
9.319999938964843977e+01
9.079999981689452682e+01
9.160000012207031261e+01
9.400000006103515204e+01
8.979999969482422273e+01
9.419999963378906216e+01
9.179999969482422273e+01
9.440000006103515773e+01
9.300000006103515204e+01
9.380000006103514920e+01
8.960000012207031261e+01
8.400000012207031830e+01
9.260000012207031261e+01
8.999999975585937761e+01
9.200000012207031830e+01
9.559999999999999432e+01
9.179999969482422273e+01
9.419999975585938046e+01
9.119999975585938046e+01
9.120000012207030693e+01
9.239999969482421704e+01
9.000000012207031830e+01
9.460000006103516057e+01
8.959999945068359750e+01
9.159999969482421989e+01
9.299999975585937761e+01
9.120000006103515489e+01
9.400000012207031830e+01
9.580000006103514920e+01
9.520000006103515489e+01
9.559999969482421989e+01
9.719999963378906216e+01
9.720000012207030693e+01
9.539999963378906500e+01
9.460000006103516057e+01
9.400000012207031830e+01
9.319999969482421420e+01
9.380000006103514920e+01
9.279999975585937477e+01
9.320000006103515489e+01
9.300000006103515204e+01
9.400000012207031830e+01
9.300000012207031830e+01
9.439999969482421704e+01
9.319999963378906216e+01
9.380000006103514920e+01
9.419999963378906216e+01
9.300000012207031830e+01
9.239999963378906500e+01
9.279999969482422273e+01
9.459999969482421989e+01
9.220000012207030693e+01
9.339999975585936909e+01
9.380000012207031546e+01
9.360000012207031261e+01
9.380000012207031546e+01
9.320000006103515489e+01
9.380000006103514920e+01
9.479999963378905647e+01
9.399999938964843693e+01
9.399999969482422557e+01
9.419999938964843977e+01
9.420000006103515489e+01
9.339999938964844262e+01
9.360000006103516057e+01
9.400000006103515204e+01
9.400000012207031830e+01
9.399999938964843693e+01
9.379999963378905647e+01
9.260000006103516057e+01
9.399999969482422557e+01
9.339999969482421704e+01
9.239999975585936909e+01
9.460000012207031261e+01
9.439999963378906500e+01
9.480000006103514920e+01
9.379999969482422273e+01
9.299999969482422557e+01
9.199999938964843693e+01
9.319999969482421420e+01
9.400000006103515204e+01
9.360000006103516057e+01
9.340000006103515773e+01
9.399999969482422557e+01
9.339999963378906500e+01
9.300000012207031830e+01
9.359999969482421989e+01
9.320000006103515489e+01
9.459999963378906784e+01
9.280000012207031546e+01
9.319999963378906216e+01
9.439999969482421704e+01
9.479999969482422273e+01
9.400000006103515204e+01
9.359999969482421989e+01
9.419999969482421420e+01
9.479999969482422273e+01
9.440000006103515773e+01
9.359999969482421989e+01
9.439999969482421704e+01
9.380000006103514920e+01
9.379999963378905647e+01
9.439999969482421704e+01
9.480000012207031546e+01
9.479999963378905647e+01
