3.539999996948242256e+01
1.199999994277954007e+00
2.620000003051757886e+01
1.199999999999999956e+00
1.060000000762939365e+01
1.260000000762939365e+01
5.899999993896484085e+01
2.600000007629394538e+00
6.100000006103515915e+01
2.339999995422363455e+01
8.999999946594238409e+00
4.619999984741210852e+01
1.180000000762939472e+01
1.679999995422363313e+01
5.339999978637695222e+01
5.399999987792968881e+01
3.879999981689453392e+01
6.919999957275391012e+01
6.539999981689453534e+01
1.639999995422363455e+01
3.499999981689452966e+01
4.639999972534180017e+01
4.079999993896484511e+01
4.379999987792968597e+01
2.600000003051757957e+01
8.199999945068358898e+01
3.939999993896484654e+01
5.819999993896484369e+01
3.639999978637695222e+01
3.439999990844726341e+01
7.899999957275390727e+01
3.739999981689452824e+01
5.779999993896484511e+01
2.899999995422363241e+01
5.119999993896484369e+01
5.719999969482422131e+01
5.899999993896484085e+01
2.359999990844726625e+01
2.959999986267089866e+01
3.859999981689453108e+01
1.539999995422363277e+01
2.720000003051757886e+01
7.719999993896485080e+01
8.459999951171874955e+01
7.399999975585937761e+01
7.099999981689452966e+01
9.720000006103515489e+01
6.239999969482421704e+01
6.640000012207030977e+01
2.359999995422363384e+01
5.699999990844726483e+01
1.980000000000000071e+01
5.200000000000000000e+01
6.419999984741211563e+01
6.439999984741210426e+01
8.319999945068359182e+01
4.799999972534179449e+01
4.320000006103515489e+01
8.639999987792968739e+01
6.580000012207031546e+01
8.539999993896483943e+01
3.559999996948242540e+01
8.879999969482422273e+01
8.340000000000000568e+01
9.659999963378906784e+01
6.719999987792968454e+01
3.479999996948242114e+01
8.559999993896484227e+01
7.300000012207031830e+01
9.180000012207031546e+01
2.079999989318847753e+01
7.259999999999999432e+01
7.699999987792968170e+01
4.339999981689452824e+01
9.479999969482422273e+01
7.919999993896485080e+01
5.899999996948242398e+01
9.039999981689453534e+01
2.239999993896484298e+01
6.439999975585936909e+01
8.359999999999999432e+01
9.819999963378906216e+01
9.260000012207031261e+01
9.039999969482421704e+01
9.100000012207031830e+01
9.699999963378905932e+01
9.539999963378906500e+01
9.699999963378905932e+01
9.400000006103515204e+01
9.600000006103515204e+01
9.139999969482421704e+01
9.080000012207031546e+01
9.640000006103515773e+01
9.119999975585938046e+01
9.099999969482422557e+01
9.119999975585938046e+01
9.419999963378906216e+01
9.499999969482422557e+01
9.140000012207030977e+01
9.419999969482421420e+01
9.159999938964843125e+01
9.419999969482421420e+01
9.519999938964843977e+01
9.160000012207031261e+01
9.499999969482422557e+01
9.179999938964843409e+01
9.239999981689453534e+01
9.299999963378905932e+01
9.540000006103515773e+01
9.319999969482421420e+01
9.620000006103515489e+01
9.319999975585938046e+01
8.839999981689453534e+01
9.659999999999999432e+01
9.360000012207031261e+01
9.580000006103514920e+01
9.800000000000000000e+01
9.440000012207030977e+01
9.379999969482422273e+01
9.219999975585938046e+01
9.359999975585937193e+01
9.499999938964843693e+01
8.699999993896484796e+01
9.859999999999999432e+01
9.220000006103515489e+01
9.560000006103516057e+01
9.680000006103514920e+01
9.820000000000000284e+01
9.900000000000000000e+01
9.840000000000000568e+01
9.599999963378905932e+01
9.639999963378906500e+01
9.659999969482421989e+01
9.539999969482421704e+01
9.439999975585936909e+01
9.420000006103515489e+01
9.480000012207031546e+01
9.539999969482421704e+01
9.499999963378905932e+01
9.459999963378906784e+01
9.620000012207030693e+01
9.619999963378906216e+01
9.520000012207030693e+01
9.519999969482421420e+01
9.619999963378906216e+01
9.579999969482422273e+01
9.600000000000000000e+01
9.560000006103516057e+01
9.479999969482422273e+01
9.540000012207030977e+01
9.560000006103516057e+01
9.519999969482421420e+01
9.580000006103514920e+01
9.579999969482422273e+01
9.540000006103515773e+01
9.460000006103516057e+01
9.560000006103516057e+01
9.480000012207031546e+01
9.459999963378906784e+01
9.540000012207030977e+01
9.539999963378906500e+01
9.499999969482422557e+01
9.599999969482422557e+01
9.600000000000000000e+01
9.559999969482421989e+01
9.579999969482422273e+01
9.680000006103514920e+01
9.720000012207030693e+01
9.600000000000000000e+01
9.599999963378905932e+01
9.539999963378906500e+01
9.559999963378906784e+01
9.560000006103516057e+01
9.540000012207030977e+01
9.339999975585936909e+01
9.519999969482421420e+01
9.500000006103515204e+01
9.499999938964843693e+01
9.559999999999999432e+01
9.560000006103516057e+01
9.559999969482421989e+01
9.600000006103515204e+01
9.540000012207030977e+01
9.539999969482421704e+01
9.539999969482421704e+01
9.560000006103516057e+01
9.520000006103515489e+01
9.619999969482421420e+01
9.559999963378906784e+01
9.539999969482421704e+01
9.560000006103516057e+01
9.519999969482421420e+01
9.499999969482422557e+01
9.560000012207031261e+01
9.539999963378906500e+01
9.599999969482422557e+01
9.599999963378905932e+01
9.480000012207031546e+01
9.539999969482421704e+01
9.539999963378906500e+01
