6.399999946594237876e+00
4.999999946594238409e+00
9.599999946594238054e+00
2.819999990844726412e+01
1.799999989318847682e+01
1.719999994659423947e+01
3.379999999999999716e+01
1.200000001525878979e+01
5.220000000000000284e+01
2.699999987792968881e+01
5.399999993896484085e+01
1.699999995422363241e+01
1.559999998474121163e+01
1.019999999427795423e+01
8.999999954223632415e+00
1.320000000762939507e+01
4.279999978637695079e+01
2.200000000000000178e+00
6.479999993896484511e+01
1.639999986267089938e+01
2.719999990844726412e+01
2.920000003051757886e+01
2.399999994277953963e+00
7.619999993896485080e+01
2.779999990844726554e+01
3.939999975585937619e+01
5.979999987792968597e+01
2.839999984741210781e+01
4.499999972534179449e+01
3.879999987792968597e+01
1.220000000762939507e+01
2.699999986267089724e+01
5.479999981689453392e+01
4.939999993896484654e+01
4.380000003051758029e+01
9.259999938964843125e+01
6.019999978637695648e+01
1.980000000000000071e+01
7.799999945068358898e+01
7.959999993896484227e+01
4.819999990844726767e+01
6.080000006103515631e+01
2.019999989318847611e+01
7.939999957275391296e+01
8.419999945068359182e+01
4.239999999999999858e+01
2.059999998474120986e+01
1.879999986267089795e+01
1.679999997711181692e+01
4.799999996948242398e+01
6.900000012207031830e+01
3.639999996948242256e+01
1.859999992370605426e+01
5.039999999999999858e+01
7.859999945068359750e+01
6.619999981689453250e+01
7.339999993896483943e+01
6.919999975585938046e+01
3.179999987792968597e+01
2.139999990844726696e+01
9.180000006103514920e+01
8.239999993896483943e+01
2.419999986267090009e+01
5.519999990844726767e+01
1.419999995422363348e+01
3.459999993896484227e+01
5.739999978637695222e+01
7.080000006103514920e+01
3.239999999999999858e+01
4.139999981689452824e+01
7.019999963378906216e+01
6.880000012207031546e+01
8.499999945068358898e+01
1.539999989318847717e+01
4.379999993896484511e+01
8.239999945068359466e+01
7.259999978637695506e+01
5.359999984741210710e+01
6.540000006103515773e+01
2.079999992370605355e+01
7.039999969482421704e+01
6.619999975585938046e+01
6.959999993896484227e+01
8.799999938964843693e+01
9.679999999999999716e+01
9.700000000000000000e+01
8.939999938964844262e+01
8.999999938964843693e+01
9.099999981689452966e+01
8.999999981689452966e+01
9.340000006103515773e+01
8.919999975585938046e+01
9.160000006103516057e+01
9.119999975585938046e+01
9.199999975585937761e+01
9.179999969482422273e+01
8.900000012207031830e+01
8.979999938964843409e+01
9.039999945068359466e+01
9.159999975585937193e+01
9.139999945068359466e+01
8.880000012207031546e+01
9.639999969482421704e+01
9.199999969482422557e+01
9.439999969482421704e+01
8.959999981689453818e+01
8.919999975585938046e+01
8.699999993896484796e+01
9.279999969482422273e+01
8.899999938964843693e+01
8.739999938964844262e+01
8.699999975585937761e+01
8.860000012207031261e+01
9.179999969482422273e+01
8.939999981689453534e+01
9.019999975585938046e+01
9.099999945068358898e+01
9.359999938964843125e+01
9.540000012207030977e+01
9.499999975585937761e+01
8.959999938964843125e+01
8.940000006103515773e+01
8.840000006103515773e+01
8.959999981689453818e+01
9.599999963378905932e+01
9.300000012207031830e+01
9.479999969482422273e+01
9.840000006103515773e+01
9.820000006103515489e+01
9.700000006103515204e+01
9.199999975585937761e+01
9.119999938964843977e+01
9.119999963378906216e+01
9.239999969482421704e+01
9.140000006103515773e+01
9.099999969482422557e+01
9.199999969482422557e+01
8.979999938964843409e+01
9.119999975585938046e+01
9.140000012207030977e+01
9.139999963378906500e+01
9.120000012207030693e+01
9.060000012207031261e+01
9.059999975585937193e+01
9.139999938964844262e+01
9.160000006103516057e+01
9.179999969482422273e+01
9.140000012207030977e+01
9.159999938964843125e+01
9.099999975585937761e+01
9.199999969482422557e+01
9.199999987792968170e+01
9.179999969482422273e+01
9.119999938964843977e+01
9.179999951171875239e+01
9.159999981689453818e+01
9.179999975585937477e+01
9.160000012207031261e+01
9.119999975585938046e+01
9.199999975585937761e+01
9.239999975585936909e+01
9.139999938964844262e+01
9.240000012207030977e+01
9.279999981689452682e+01
9.179999963378905647e+01
9.220000012207030693e+01
9.320000006103515489e+01
9.239999963378906500e+01
9.159999969482421989e+01
9.220000006103515489e+01
9.160000012207031261e+01
9.120000012207030693e+01
9.159999981689453818e+01
9.199999981689452966e+01
9.199999938964843693e+01
9.179999975585937477e+01
9.379999975585937477e+01
9.239999969482421704e+01
9.179999938964843409e+01
9.140000012207030977e+01
9.220000012207030693e+01
9.079999938964843409e+01
9.200000012207031830e+01
9.159999938964843125e+01
9.199999981689452966e+01
9.120000006103515489e+01
9.139999969482421704e+01
9.239999975585936909e+01
9.220000006103515489e+01
9.179999969482422273e+01
9.199999975585937761e+01
9.259999999999999432e+01
9.279999969482422273e+01
9.240000012207030977e+01
9.259999975585937193e+01
9.199999975585937761e+01
9.160000012207031261e+01
9.220000012207030693e+01
9.219999975585938046e+01
9.159999938964843125e+01
