4.000000000000000222e-01
5.999999999999999778e-01
3.599999988555908192e+00
3.439999993896484654e+01
8.000000000000000444e-01
1.780000003051757673e+01
1.940000003051757815e+01
1.640000003051757815e+01
2.199999992370605639e+01
3.620000000000000284e+01
1.919999995422363170e+01
1.779999995422363313e+01
3.039999978637695222e+01
6.319999984741210852e+01
4.199999994277954229e+00
2.219999986267090009e+01
1.719999992370605568e+01
1.019999994659423770e+01
1.199999986267089902e+01
2.299999992370605639e+01
6.000000007629394894e+00
1.079999997711181692e+01
4.239999975585937619e+01
4.320000003051757886e+01
3.700000006103515915e+01
3.239999981689452824e+01
2.319999989318847611e+01
2.679999987792968597e+01
4.539999981689452824e+01
4.739999987792968739e+01
6.999999994277954052e+00
4.059999990844726625e+01
8.439999957275391296e+01
7.060000006103516057e+01
7.319999963378906216e+01
7.020000000000000284e+01
3.719999990844726767e+01
1.199999989318847682e+01
4.159999978637695506e+01
2.499999990844726483e+01
7.559999957275390159e+01
4.560000003051757744e+01
5.900000006103515915e+01
4.920000006103515489e+01
3.340000003051757460e+01
6.499999969482422557e+01
3.159999987792968668e+01
3.599999977111816296e+00
5.199999987792968881e+01
2.339999999999999858e+01
6.240000012207030977e+01
5.999999978637695364e+01
6.479999987792969307e+01
4.599999972534179449e+01
1.560000001525878943e+01
3.500000003051757602e+01
7.399999977111816563e+00
5.019999987792968454e+01
5.099999987792968881e+01
2.859999993896484227e+01
1.059999998474121163e+01
3.699999978637695364e+01
7.119999957275391012e+01
4.159999969482421989e+01
8.499999951171875523e+01
6.099999981689452966e+01
4.159999987792969023e+01
4.899999993896484085e+01
2.239999993896484298e+01
8.259999938964843125e+01
3.320000000000000284e+01
8.439999951171874670e+01
5.920000000000000284e+01
2.159999992370605426e+01
6.539999978637695222e+01
5.559999990844726625e+01
4.580000003051758029e+01
4.979999981689453392e+01
7.180000012207031546e+01
8.079999957275390443e+01
5.979999993896484511e+01
5.259999990844726625e+01
6.879999969482422273e+01
8.100000000000000000e+01
7.699999993896484796e+01
9.099999975585937761e+01
8.799999981689452966e+01
9.639999969482421704e+01
9.679999963378905647e+01
8.959999981689453818e+01
9.039999938964844262e+01
8.879999938964843409e+01
8.959999969482421989e+01
8.539999945068359466e+01
9.000000006103515204e+01
9.119999975585938046e+01
8.959999987792969023e+01
9.099999938964843693e+01
9.139999969482421704e+01
9.580000006103514920e+01
9.159999969482421989e+01
9.179999969482422273e+01
8.859999981689453818e+01
9.119999945068359182e+01
9.119999969482421420e+01
9.239999963378906500e+01
8.999999975585937761e+01
9.219999938964843977e+01
9.060000012207031261e+01
9.359999969482421989e+01
9.160000012207031261e+01
9.320000006103515489e+01
8.860000012207031261e+01
8.959999975585937193e+01
8.979999945068360034e+01
8.739999981689453534e+01
9.140000012207030977e+01
9.399999963378905932e+01
9.019999969482421420e+01
9.400000006103515204e+01
9.179999963378905647e+01
9.519999963378906216e+01
9.079999975585937477e+01
9.259999938964843125e+01
9.299999969482422557e+01
9.419999975585938046e+01
9.460000006103516057e+01
9.659999963378906784e+01
9.419999975585938046e+01
9.759999999999999432e+01
9.779999963378905647e+01
9.799999963378905932e+01
9.760000006103516057e+01
9.819999963378906216e+01
9.640000000000000568e+01
9.420000000000000284e+01
9.520000006103515489e+01
9.479999975585937477e+01
9.459999969482421989e+01
9.440000006103515773e+01
9.619999969482421420e+01
9.359999975585937193e+01
9.479999999999999716e+01
9.479999963378905647e+01
9.339999969482421704e+01
9.359999963378906784e+01
9.500000000000000000e+01
9.339999938964844262e+01
9.359999975585937193e+01
9.420000006103515489e+01
9.360000006103516057e+01
9.439999975585936909e+01
9.540000000000000568e+01
9.459999969482421989e+01
9.399999963378905932e+01
9.539999963378906500e+01
9.419999938964843977e+01
9.520000000000000284e+01
9.520000012207030693e+01
9.519999975585938046e+01
9.479999969482422273e+01
9.479999969482422273e+01
9.419999938964843977e+01
9.439999969482421704e+01
9.480000006103514920e+01
9.459999969482421989e+01
9.519999963378906216e+01
9.520000012207030693e+01
9.520000000000000284e+01
9.520000006103515489e+01
9.460000012207031261e+01
9.459999969482421989e+01
9.459999975585937193e+01
9.540000012207030977e+01
9.439999963378906500e+01
9.480000012207031546e+01
9.459999975585937193e+01
9.459999963378906784e+01
9.459999969482421989e+01
9.559999963378906784e+01
9.439999963378906500e+01
9.480000006103514920e+01
9.479999969482422273e+01
9.499999969482422557e+01
9.559999969482421989e+01
9.439999963378906500e+01
9.499999969482422557e+01
9.539999969482421704e+01
9.519999969482421420e+01
9.460000006103516057e+01
9.519999963378906216e+01
9.499999969482422557e+01
9.539999969482421704e+01
9.479999969482422273e+01
9.460000006103516057e+01
9.479999975585937477e+01
9.339999963378906500e+01
9.479999975585937477e+01
9.459999969482421989e+01
9.440000012207030977e+01
