1.000000000000000000e+00
1.719999999999999929e+01
7.399999984741210568e+00
2.599999993896484440e+01
3.179999987792968597e+01
7.199999988555908281e+00
1.160000001525878943e+01
1.199999994277954007e+00
1.020000001525878908e+01
1.639999987792968739e+01
2.779999984741210994e+01
3.019999992370605568e+01
6.400000006103515204e+01
7.799999988555907926e+00
3.819999978637695648e+01
3.599999988555908192e+00
4.099999969482421847e+01
7.199999988555908281e+00
8.400000015258788366e+00
1.399999999999999911e+00
3.859999978637695506e+01
3.799999999999999822e+00
8.399999946594238764e+00
3.879999987792968597e+01
7.999999923706054616e+00
3.639999993896484654e+01
1.699999986267089724e+01
1.779999992370605355e+01
9.199999977111817273e+00
6.799999946594238232e+00
8.399999977111816563e+00
6.079999975585937477e+01
1.419999995422363348e+01
4.999999977111816207e+00
3.639999999999999858e+01
9.799999946594239120e+00
2.039999986267089938e+01
3.119999990844726412e+01
9.200000015258789077e+00
5.800000007629394716e+00
8.399999946594238764e+00
5.680000003051758029e+01
1.939999992370605497e+01
1.659999998474120986e+01
1.380000003051757851e+01
1.539999989318847717e+01
3.439999981689452824e+01
5.600000007629394538e+00
3.800000003051757602e+01
4.159999996948242540e+01
4.699999969482421847e+01
6.799999988555907926e+00
4.760000003051757744e+01
4.179999969482421562e+01
5.660000000000000142e+01
4.539999969482421704e+01
1.619999992370605568e+01
3.079999987792968597e+01
1.439999992370605497e+01
3.219999978637695648e+01
4.599999988555908637e+00
3.240000003051757460e+01
3.319999996948241971e+01
2.980000000000000071e+01
2.299999993896484440e+01
2.359999992370605426e+01
3.419999969482422131e+01
0.000000000000000000e+00
1.619999995422363170e+01
5.239999999999999858e+01
2.020000003051757886e+01
5.079999990844726909e+01
6.799999946594238232e+00
5.339999990844726341e+01
5.679999996948242114e+01
2.779999993896484511e+01
8.800000015258788721e+00
5.080000006103515631e+01
3.699999969482421847e+01
3.479999972534179875e+01
2.100000000000000000e+01
2.560000000000000142e+01
5.819999978637695648e+01
7.399999984741211279e+01
7.480000006103514920e+01
7.839999987792968739e+01
8.479999938964843409e+01
7.560000006103516057e+01
8.719999975585938046e+01
8.099999957275390727e+01
8.039999981689453534e+01
8.379999981689452682e+01
7.320000006103515489e+01
8.379999981689452682e+01
8.219999975585938046e+01
8.159999969482421989e+01
8.299999945068358898e+01
8.339999945068359466e+01
8.279999981689452682e+01
8.639999951171874670e+01
7.399999945068358898e+01
7.999999987792968170e+01
8.379999987792969307e+01
8.179999957275390443e+01
8.499999938964843693e+01
8.459999938964843125e+01
8.179999938964843409e+01
7.540000000000000568e+01
8.639999951171874670e+01
8.579999981689452682e+01
8.279999945068360034e+01
7.639999990844727051e+01
7.559999957275390159e+01
7.659999957275390159e+01
8.999999969482422557e+01
8.279999993896484511e+01
8.659999987792969023e+01
7.319999969482421420e+01
7.839999951171874670e+01
7.979999957275390443e+01
8.039999987792968739e+01
8.399999993896484796e+01
8.859999938964843125e+01
9.319999969482421420e+01
9.420000006103515489e+01
9.099999987792968170e+01
9.160000012207031261e+01
9.059999969482421989e+01
8.980000012207031546e+01
9.140000006103515773e+01
8.839999969482421704e+01
9.019999981689453250e+01
9.080000006103514920e+01
8.940000012207030977e+01
9.039999938964844262e+01
9.060000012207031261e+01
9.120000012207030693e+01
9.019999981689453250e+01
9.160000012207031261e+01
9.119999975585938046e+01
9.039999938964844262e+01
9.160000012207031261e+01
9.259999969482421989e+01
9.120000006103515489e+01
8.820000006103515489e+01
9.319999969482421420e+01
9.200000006103515204e+01
9.019999938964843977e+01
9.179999969482422273e+01
9.199999975585937761e+01
9.019999975585938046e+01
8.859999975585937193e+01
9.239999938964844262e+01
9.019999975585938046e+01
9.159999969482421989e+01
8.920000012207030693e+01
9.179999975585937477e+01
9.219999969482421420e+01
9.259999969482421989e+01
9.320000012207030693e+01
9.100000006103515204e+01
9.319999975585938046e+01
9.159999963378906784e+01
9.279999938964843409e+01
9.079999981689452682e+01
9.120000012207030693e+01
9.139999938964844262e+01
8.919999945068359182e+01
8.919999975585938046e+01
9.239999969482421704e+01
9.219999969482421420e+01
9.259999963378906784e+01
9.059999975585937193e+01
9.239999975585936909e+01
9.059999999999999432e+01
9.200000012207031830e+01
9.239999969482421704e+01
9.199999969482422557e+01
9.279999981689452682e+01
9.160000006103516057e+01
9.220000006103515489e+01
9.139999969482421704e+01
9.100000006103515204e+01
9.359999975585937193e+01
9.200000012207031830e+01
9.239999969482421704e+01
9.199999963378905932e+01
9.179999987792969307e+01
9.100000012207031830e+01
9.279999975585937477e+01
9.080000012207031546e+01
9.180000006103514920e+01
9.139999938964844262e+01
9.239999938964844262e+01
9.099999963378905932e+01
9.200000012207031830e+01
9.259999938964843125e+01
9.320000006103515489e+01
9.260000012207031261e+01
9.239999938964844262e+01
