0.000000000000000000e+00
5.600000000000000000e+01
0.000000000000000000e+00
5.999999999999999778e-01
0.000000000000000000e+00
3.799999988555908370e+00
5.179999993896484511e+01
3.599999994277954141e+00
4.619999969482422131e+01
5.140000006103515773e+01
1.079999997711181692e+01
1.399999994277954185e+00
1.379999992370605533e+01
4.039999990844726341e+01
4.079999969482421562e+01
2.060000003051757744e+01
4.000000000000000222e-01
5.199999977111816385e+00
8.999999946594238409e+00
1.779999989318847753e+01
8.260000006103516057e+01
2.179999996948242114e+01
1.619999992370605568e+01
3.319999984741210852e+01
1.119999998855590739e+01
5.960000003051757744e+01
2.839999996948242256e+01
2.780000000000000071e+01
1.759999989318847824e+01
3.999999988555908104e+00
4.739999984741211136e+01
9.399999977111816563e+00
2.059999998474120986e+01
2.019999992370605568e+01
1.620000001525878730e+01
2.200000000000000000e+01
9.399999984741210568e+00
7.399999988555908459e+00
3.139999996948242256e+01
3.159999978637695150e+01
2.179999993896484511e+01
6.499999987792968170e+01
8.599999977111815852e+00
3.259999975585937193e+01
1.059999998474121163e+01
2.000000000000000000e+01
1.479999998474121092e+01
2.839999984741210781e+01
1.780000001525878872e+01
2.199999989318847682e+01
5.339999996948242256e+01
2.619999986267090009e+01
8.400000015258788366e+00
1.519999998474121128e+01
3.579999978637695079e+01
2.559999989318847824e+01
4.239999978637695222e+01
1.999999992370605639e+01
4.040000006103515773e+01
4.219999990844726767e+01
2.299999989318847682e+01
8.600000007629393650e+00
6.399999977111816563e+00
2.019999986267090009e+01
2.339999999999999858e+01
7.600000012207031830e+01
4.139999978637695222e+01
9.340000012207030977e+01
1.119999994659423770e+01
2.600000000000000089e+00
8.639999945068359466e+01
5.379999987792968597e+01
2.000000003051757957e+01
2.059999993896484227e+01
3.799999987792968881e+01
6.799999977111816030e+00
4.179999975585937477e+01
2.659999996948242185e+01
4.959999993896484227e+01
3.559999987792969023e+01
2.819999987792968810e+01
1.499999986267089902e+01
5.899999990844726483e+01
7.540000012207030977e+01
8.239999993896483943e+01
7.839999993896483943e+01
8.259999993896484227e+01
8.439999945068359466e+01
7.979999993896484511e+01
8.399999993896484796e+01
8.119999987792968454e+01
7.999999981689452966e+01
7.859999981689453818e+01
8.239999987792968739e+01
8.159999987792969023e+01
8.079999945068360034e+01
8.059999957275390159e+01
7.979999999999999716e+01
8.099999981689452966e+01
8.060000006103516057e+01
8.199999987792968170e+01
8.079999993896484511e+01
7.359999963378906784e+01
7.699999993896484796e+01
7.299999975585937761e+01
7.919999987792968454e+01
7.860000012207031261e+01
7.619999951171874386e+01
8.099999993896484796e+01
7.359999969482421989e+01
7.999999975585937761e+01
8.039999945068359466e+01
8.179999987792969307e+01
8.059999945068359750e+01
8.179999957275390443e+01
7.699999951171875523e+01
7.859999993896484227e+01
7.919999987792968454e+01
8.119999963378906216e+01
6.679999975585937477e+01
7.859999957275390159e+01
8.099999951171875523e+01
8.319999945068359182e+01
8.199999951171875523e+01
8.540000000000000568e+01
8.799999945068358898e+01
8.879999981689452682e+01
8.939999969482421704e+01
8.739999993896483943e+01
9.159999945068359750e+01
8.839999975585936909e+01
9.099999969482422557e+01
8.839999981689453534e+01
8.639999951171874670e+01
8.559999993896484227e+01
8.299999945068358898e+01
8.459999993896484227e+01
8.420000012207030693e+01
8.599999951171875523e+01
8.499999987792968170e+01
8.379999993896484511e+01
8.619999987792968454e+01
8.599999981689452966e+01
8.539999938964844262e+01
8.639999975585936909e+01
8.719999957275391012e+01
8.539999938964844262e+01
8.579999938964843409e+01
8.539999987792968739e+01
8.719999938964843977e+01
8.479999987792969307e+01
8.659999945068359750e+01
8.439999938964844262e+01
8.639999938964844262e+01
8.719999975585938046e+01
8.540000012207030977e+01
8.659999938964843125e+01
8.699999945068358898e+01
8.559999945068359750e+01
8.559999987792969023e+01
8.759999987792969023e+01
8.559999981689453818e+01
8.619999981689453250e+01
8.679999969482422273e+01
8.439999945068359466e+01
8.439999945068359466e+01
8.479999938964843409e+01
8.699999938964843693e+01
8.459999938964843125e+01
8.579999987792969307e+01
8.699999969482422557e+01
8.659999975585937193e+01
8.639999938964844262e+01
8.559999987792969023e+01
8.539999945068359466e+01
8.599999981689452966e+01
8.579999999999999716e+01
8.519999981689453250e+01
8.499999987792968170e+01
8.559999975585937193e+01
8.459999981689453818e+01
8.619999945068359182e+01
8.559999957275390159e+01
8.639999957275391296e+01
8.539999975585936909e+01
8.539999957275391296e+01
8.680000006103514920e+01
8.639999938964844262e+01
8.659999981689453818e+01
8.639999975585936909e+01
8.599999993896484796e+01
8.699999938964843693e+01
8.639999981689453534e+01
8.639999975585936909e+01
8.659999945068359750e+01
8.719999993896485080e+01
8.579999975585937477e+01
8.459999945068359750e+01
8.599999945068358898e+01
8.579999975585937477e+01
