0.000000000000000000e+00
2.799999994277954318e+00
4.199999988555908281e+00
8.200000007629395071e+00
4.159999990844726625e+01
1.799999998474121199e+01
1.020000000762939507e+01
2.399999988555908015e+00
3.499999978637695364e+01
7.400000007629394361e+00
1.800000007629394494e+00
1.519999998474121128e+01
1.999999994277954052e+00
6.599999977111816740e+00
6.199999988555908281e+00
6.600000007629394538e+00
4.000000000000000222e-01
0.000000000000000000e+00
5.399999994277954407e+00
7.799999977111816030e+00
5.819999993896484369e+01
1.599999995422363241e+01
6.000000007629394894e+00
2.599999994277954141e+00
8.999999977111816207e+00
7.599999954223632948e+00
7.799999946594238232e+00
3.999999994277954052e+00
2.599999988555908192e+00
1.379999998474121092e+01
1.879999996948242114e+01
3.239999978637695222e+01
2.659999996948242185e+01
1.359999989318847646e+01
3.459999984741210710e+01
3.619999978637695648e+01
1.339999992370605497e+01
1.000000000000000000e+00
3.799999988555908370e+00
8.399999988555908459e+00
2.959999989318847824e+01
2.779999993896484511e+01
1.380000001525878872e+01
2.579999993896484511e+01
2.540000003051757815e+01
1.339999997711181656e+01
6.379999981689453392e+01
6.799999977111816030e+00
1.939999998474121057e+01
4.960000006103515346e+01
2.600000000000000089e+00
3.379999999999999716e+01
6.199999994277954229e+00
1.919999996948242327e+01
3.459999984741210710e+01
1.659999995422363384e+01
1.459999994659423805e+01
1.800000000000000000e+01
1.560000001525878943e+01
1.979999994659423734e+01
6.000000007629394894e+00
5.399999977111816563e+00
4.779999990844726909e+01
4.819999987792968454e+01
1.819999993896484369e+01
2.080000000000000071e+01
4.159999972534179591e+01
2.279999992370605355e+01
4.480000003051758029e+01
1.320000001525878908e+01
1.339999995422363277e+01
2.979999996948242114e+01
1.779999989318847753e+01
9.800000007629394716e+00
1.359999994659423805e+01
2.339999986267089938e+01
3.399999999999999911e+00
1.379999998474121092e+01
2.599999984741210923e+01
1.039999994659423876e+01
3.479999981689453392e+01
3.699999978637695364e+01
5.999999969482421847e+01
7.240000012207030977e+01
7.359999993896484227e+01
7.480000006103514920e+01
8.099999981689452966e+01
8.199999993896484796e+01
8.219999993896485080e+01
8.140000006103515773e+01
8.439999981689453534e+01
8.519999945068359182e+01
8.159999951171874955e+01
8.360000012207031261e+01
8.079999945068360034e+01
7.479999957275390443e+01
7.859999945068359750e+01
7.759999951171874955e+01
7.719999957275391012e+01
7.839999951171874670e+01
7.859999999999999432e+01
7.779999999999999716e+01
7.699999987792968170e+01
8.259999993896484227e+01
7.939999975585936909e+01
8.119999938964843977e+01
7.819999951171874386e+01
7.220000006103515489e+01
7.579999945068360034e+01
8.099999951171875523e+01
8.039999963378906500e+01
8.099999975585937761e+01
7.779999987792969307e+01
8.219999951171874386e+01
7.779999993896484511e+01
7.959999963378906784e+01
7.759999951171874955e+01
7.559999975585937193e+01
7.659999938964843125e+01
7.540000006103515773e+01
7.619999969482421420e+01
8.500000000000000000e+01
8.619999975585938046e+01
8.879999945068360034e+01
9.039999938964844262e+01
9.319999975585938046e+01
9.099999981689452966e+01
9.279999975585937477e+01
9.239999938964844262e+01
9.199999975585937761e+01
9.419999963378906216e+01
9.300000012207031830e+01
9.139999969482421704e+01
9.179999975585937477e+01
9.020000006103515489e+01
8.999999969482422557e+01
8.879999945068360034e+01
9.039999945068359466e+01
8.939999975585936909e+01
8.919999938964843977e+01
9.079999981689452682e+01
9.140000012207030977e+01
8.979999969482422273e+01
8.899999938964843693e+01
8.999999975585937761e+01
9.200000012207031830e+01
8.800000006103515204e+01
8.859999981689453818e+01
9.099999938964843693e+01
8.919999938964843977e+01
8.919999975585938046e+01
8.979999969482422273e+01
8.819999993896485080e+01
8.780000012207031546e+01
9.019999945068359182e+01
8.799999987792968170e+01
8.919999975585938046e+01
8.939999951171874670e+01
9.019999975585938046e+01
8.859999969482421989e+01
8.879999975585937477e+01
8.999999938964843693e+01
9.079999938964843409e+01
8.879999975585937477e+01
8.859999938964843125e+01
8.839999975585936909e+01
8.819999981689453250e+01
9.039999975585936909e+01
8.879999969482422273e+01
9.079999938964843409e+01
9.060000012207031261e+01
9.039999975585936909e+01
8.939999981689453534e+01
9.099999981689452966e+01
8.860000012207031261e+01
9.039999945068359466e+01
9.140000006103515773e+01
8.979999981689452682e+01
8.859999975585937193e+01
8.999999963378905932e+01
8.839999969482421704e+01
9.120000012207030693e+01
8.879999975585937477e+01
8.859999969482421989e+01
8.859999969482421989e+01
9.060000012207031261e+01
9.079999938964843409e+01
8.899999975585937761e+01
8.839999969482421704e+01
9.139999975585936909e+01
9.019999969482421420e+01
9.179999969482422273e+01
9.059999945068359750e+01
9.120000012207030693e+01
8.899999975585937761e+01
9.039999975585936909e+01
9.079999975585937477e+01
9.100000012207031830e+01
8.999999938964843693e+01
8.999999938964843693e+01
