0.000000000000000000e+00
2.620000003051757886e+01
2.200000000000000178e+00
3.299999969482421847e+01
7.399999988555908459e+00
9.799999984741210923e+00
3.619999987792968454e+01
1.399999994277954185e+00
1.599999994277954141e+00
1.599999995422363241e+01
4.179999969482421562e+01
5.800000007629394716e+00
7.080000006103514920e+01
7.999999942779540962e-01
1.999999994277954052e+00
5.799999994277953874e+00
5.579999978637695079e+01
0.000000000000000000e+00
1.199999999999999956e+00
1.260000000762939365e+01
1.999999994277954052e+00
4.000000000000000222e-01
2.900000000000000000e+01
2.679999986267089795e+01
2.739999972534179662e+01
5.999999942779541406e-01
2.119999995422363170e+01
3.599999994277954141e+00
1.559999998474121163e+01
2.399999988555908015e+00
6.479999987792969307e+01
3.199999988555908281e+00
1.099999995422363241e+01
1.119999994659423770e+01
8.199999999999999289e+00
8.599999988555907748e+00
1.060000001525878943e+01
9.399999946594238764e+00
2.239999996948242256e+01
2.679999984741210994e+01
2.239999986267089938e+01
7.399999946594237876e+00
5.399999946594237876e+00
1.719999989318847611e+01
5.199999988555908281e+00
3.539999978637695222e+01
5.800000007629394716e+00
1.599999988555908192e+00
7.200000007629394183e+00
4.719999996948241971e+01
4.139999969482421704e+01
5.399999977111816563e+00
1.079999998474121092e+01
7.600000015258789432e+00
1.140000001525878837e+01
2.060000003051757744e+01
1.399999989318847682e+01
7.740000000000000568e+01
1.759999994659423805e+01
1.540000001525878837e+01
1.360000001525878943e+01
2.459999989318847824e+01
3.399999981689452966e+01
2.899999998474121199e+01
1.799999988555908148e+00
3.000000000000000000e+00
2.239999998474121057e+01
2.379999993896484511e+01
6.099999978637695364e+01
2.619999992370605568e+01
1.879999995422363313e+01
1.239999997711181656e+01
2.299999995422363241e+01
2.119999990844726412e+01
1.979999986267089795e+01
1.319999998474121128e+01
1.479999986267089795e+01
7.000000007629394894e+00
6.839999981689453534e+01
8.399999994277953519e+00
1.919999996948242327e+01
4.599999975585937761e+01
5.459999993896484227e+01
6.759999963378906784e+01
7.799999963378905932e+01
7.639999975585936909e+01
8.120000000000000284e+01
7.520000006103515489e+01
7.879999957275390443e+01
7.479999999999999716e+01
7.439999993896483943e+01
7.800000000000000000e+01
7.639999975585936909e+01
7.820000000000000284e+01
7.439999957275391296e+01
7.279999963378905647e+01
7.259999978637695506e+01
7.820000006103515489e+01
7.279999993896484511e+01
7.299999963378905932e+01
7.459999981689453818e+01
7.659999987792969023e+01
7.499999963378905932e+01
8.219999945068359182e+01
7.499999993896484796e+01
7.899999987792968170e+01
7.519999969482421420e+01
7.040000006103515773e+01
7.319999975585938046e+01
7.480000006103514920e+01
7.079999999999999716e+01
7.759999945068359750e+01
6.939999969482421704e+01
7.919999969482421420e+01
7.139999969482421704e+01
7.439999975585936909e+01
6.940000000000000568e+01
7.080000006103514920e+01
6.959999969482421989e+01
7.039999978637695222e+01
6.779999963378905647e+01
7.799999969482422557e+01
7.639999993896483943e+01
8.839999975585936909e+01
8.799999975585937761e+01
9.119999981689453250e+01
9.180000006103514920e+01
9.279999969482422273e+01
9.240000012207030977e+01
9.359999969482421989e+01
9.239999975585936909e+01
9.139999945068359466e+01
9.179999938964843409e+01
8.899999987792968170e+01
8.919999969482421420e+01
8.860000012207031261e+01
8.799999981689452966e+01
8.919999938964843977e+01
8.960000012207031261e+01
8.919999945068359182e+01
8.959999987792969023e+01
8.819999987792968454e+01
8.780000012207031546e+01
8.939999938964844262e+01
8.620000006103515489e+01
8.839999981689453534e+01
9.079999975585937477e+01
9.100000006103515204e+01
8.639999951171874670e+01
8.879999975585937477e+01
8.779999951171875239e+01
9.039999975585936909e+01
8.940000012207030977e+01
8.980000012207031546e+01
8.859999993896484227e+01
8.499999981689452966e+01
8.999999981689452966e+01
8.939999969482421704e+01
8.820000006103515489e+01
8.959999969482421989e+01
8.899999938964843693e+01
8.839999975585936909e+01
8.839999969482421704e+01
8.599999993896484796e+01
8.719999975585938046e+01
8.880000006103514920e+01
8.839999975585936909e+01
8.699999969482422557e+01
9.040000012207030977e+01
9.059999938964843125e+01
8.899999975585937761e+01
9.059999981689453818e+01
9.079999975585937477e+01
8.979999969482422273e+01
8.839999945068359466e+01
8.999999938964843693e+01
9.099999969482422557e+01
9.019999945068359182e+01
8.880000012207031546e+01
8.999999975585937761e+01
9.100000012207031830e+01
8.919999938964843977e+01
8.739999981689453534e+01
8.879999987792969307e+01
9.000000012207031830e+01
8.900000012207031830e+01
8.960000012207031261e+01
8.699999938964843693e+01
8.879999981689452682e+01
8.999999945068358898e+01
8.939999938964844262e+01
8.919999981689453250e+01
8.939999981689453534e+01
8.979999957275390443e+01
8.859999975585937193e+01
9.019999938964843977e+01
8.959999981689453818e+01
9.079999975585937477e+01
9.079999969482422273e+01
8.919999969482421420e+01
