0.000000000000000000e+00
8.000000000000000444e-01
1.340000000762939436e+01
1.860000001525878943e+01
1.999999986267089724e+01
3.400000007629394361e+00
4.280000003051758029e+01
7.200000007629394183e+00
1.879999986267089795e+01
4.000000000000000000e+00
3.599999994277954141e+00
2.139999986267089938e+01
4.399999977111816563e+00
5.199999977111816385e+00
1.499999998474121021e+01
2.200000000000000178e+00
1.099999997711181621e+01
7.199999984741211279e+00
4.199999988555908281e+00
3.779999999999999716e+01
1.219999998474121128e+01
1.259999998474121163e+01
9.599999946594238054e+00
6.399999977111816563e+00
2.700000003051757957e+01
1.300000001525878979e+01
7.399999977111816563e+00
3.219999984741210852e+01
3.399999988555908015e+00
2.499999993896484440e+01
6.039999987792968739e+01
1.720000003051757886e+01
1.399999999999999911e+00
3.719999993896484369e+01
5.599999946594238054e+00
1.699999992370605639e+01
2.100000003051757957e+01
8.799999946594239120e+00
5.399999977111816563e+00
1.119999998474121128e+01
2.819999993896484369e+01
1.679999992370605355e+01
1.199999997711181621e+01
2.559999978637695150e+01
1.359999989318847646e+01
1.019999994659423770e+01
8.000000007629394005e+00
1.119999995422363348e+01
3.599999978637695364e+01
2.599999992370605639e+01
1.059999997711181585e+01
3.739999972534180017e+01
2.079999995422363313e+01
3.360000000000000142e+01
1.219999995422363348e+01
3.679999978637695079e+01
1.419999995422363348e+01
5.939999981689452824e+01
2.599999981689452966e+01
9.799999984741210923e+00
2.719999990844726412e+01
5.800000015258788721e+00
5.039999999999999858e+01
1.799999998474121199e+01
1.759999989318847824e+01
3.199999994277954229e+00
5.419999975585937335e+01
2.339999996948242256e+01
4.599999993896484085e+01
2.360000000000000142e+01
2.160000003051757744e+01
5.859999987792969023e+01
2.600000000000000089e+00
1.819999998474121128e+01
4.000000000000000222e-01
6.999999977111816207e+00
9.000000007629394005e+00
9.600000007629393650e+00
9.199999923706053906e+00
4.039999990844726341e+01
6.179999999999999716e+01
1.499999995422363241e+01
4.319999996948241971e+01
6.039999987792968739e+01
6.720000012207030693e+01
6.820000012207030693e+01
7.859999945068359750e+01
8.179999945068360034e+01
8.479999981689452682e+01
7.919999938964843977e+01
7.239999963378906500e+01
7.599999951171875523e+01
7.939999993896483943e+01
7.779999945068360034e+01
8.080000006103514920e+01
7.899999945068358898e+01
8.079999993896484511e+01
8.459999975585937193e+01
7.919999938964843977e+01
8.760000012207031261e+01
8.199999957275390727e+01
7.900000000000000000e+01
7.899999975585937761e+01
8.099999951171875523e+01
7.179999993896484511e+01
8.040000000000000568e+01
7.559999999999999432e+01
7.599999993896484796e+01
7.779999945068360034e+01
7.260000006103516057e+01
7.359999993896484227e+01
7.679999999999999716e+01
8.099999987792968170e+01
7.679999957275390443e+01
6.959999999999999432e+01
8.019999993896485080e+01
7.419999957275391012e+01
7.580000006103514920e+01
8.019999981689453250e+01
7.579999951171875239e+01
7.219999963378906216e+01
8.259999945068359750e+01
8.039999951171874670e+01
8.599999945068358898e+01
8.819999993896485080e+01
9.119999945068359182e+01
9.100000000000000000e+01
9.319999969482421420e+01
9.259999999999999432e+01
9.220000012207030693e+01
9.159999945068359750e+01
9.239999969482421704e+01
9.159999975585937193e+01
9.159999981689453818e+01
9.099999975585937761e+01
9.120000012207030693e+01
9.059999938964843125e+01
9.140000012207030977e+01
9.080000006103514920e+01
9.040000000000000568e+01
9.040000012207030977e+01
9.120000012207030693e+01
9.079999938964843409e+01
9.100000012207031830e+01
9.099999981689452966e+01
9.119999981689453250e+01
8.979999945068360034e+01
9.040000006103515773e+01
9.100000012207031830e+01
9.119999938964843977e+01
9.120000012207030693e+01
9.019999938964843977e+01
8.979999938964843409e+01
9.019999938964843977e+01
9.019999981689453250e+01
9.039999975585936909e+01
8.939999981689453534e+01
9.059999969482421989e+01
9.119999975585938046e+01
9.060000012207031261e+01
9.060000012207031261e+01
9.080000006103514920e+01
9.139999963378906500e+01
9.099999969482422557e+01
9.199999969482422557e+01
9.080000012207031546e+01
9.119999981689453250e+01
9.039999938964844262e+01
9.119999938964843977e+01
9.140000012207030977e+01
9.100000000000000000e+01
9.059999981689453818e+01
9.220000012207030693e+01
9.179999938964843409e+01
9.099999981689452966e+01
9.019999975585938046e+01
9.159999969482421989e+01
9.100000012207031830e+01
9.019999938964843977e+01
9.080000006103514920e+01
9.120000006103515489e+01
9.199999969482422557e+01
9.099999969482422557e+01
9.039999951171874670e+01
9.140000012207030977e+01
9.159999963378906784e+01
9.019999975585938046e+01
9.139999975585936909e+01
9.219999969482421420e+01
9.020000006103515489e+01
9.179999945068360034e+01
9.059999981689453818e+01
9.019999945068359182e+01
9.100000012207031830e+01
8.920000012207030693e+01
9.139999975585936909e+01
9.059999981689453818e+01
9.079999938964843409e+01
9.000000012207031830e+01
9.019999938964843977e+01
