0.000000000000000000e+00
1.000000000000000000e+00
1.199999994277954007e+00
3.600000000000000089e+00
1.999999942779540907e-01
3.799999988555908370e+00
9.999999942779540518e-01
7.400000007629394361e+00
1.400000001525878979e+01
3.759999975585937193e+01
8.999999984741210213e+00
6.599999977111816740e+00
1.739999992370605497e+01
3.600000007629394538e+00
4.600000003051757602e+01
5.039999969482421704e+01
6.400000007629394361e+00
6.399999994277954407e+00
2.199999994277954229e+00
2.099999987792968881e+01
3.699999990844726483e+01
6.399999988555908459e+00
8.199999988555907393e+00
3.199999994277954229e+00
2.279999995422363313e+01
2.319999989318847611e+01
1.759999997711181763e+01
1.139999989318847717e+01
5.199999977111816385e+00
1.599999994277954141e+00
1.400000001525878979e+01
2.480000003051757673e+01
1.839999995422363455e+01
8.800000007629394716e+00
2.999999994277954052e+00
9.799999946594239120e+00
3.339999978637695222e+01
2.519999989318847611e+01
1.260000001525878943e+01
1.979999986267089795e+01
1.499999995422363241e+01
6.179999975585937477e+01
6.199999946594238587e+00
9.399999954223632770e+00
8.999999988555908104e+00
3.000000000000000000e+00
1.399999994659423841e+01
1.680000001525878872e+01
1.300000001525878979e+01
3.019999990844726412e+01
1.379999995422363313e+01
2.879999984741210994e+01
1.519999992370605391e+01
4.199999977111816385e+00
1.399999986267089902e+01
9.399999977111816563e+00
4.599999988555908637e+00
8.999999977111816207e+00
3.180000000000000071e+01
6.800000007629394716e+00
8.000000000000000444e-01
1.779999998474121270e+01
2.319999999999999929e+01
2.139999995422363455e+01
6.999999994277954052e+00
5.999999999999999778e-01
8.999999984741210213e+00
1.199999998474121021e+01
4.200000007629394183e+00
6.599999994277953697e+00
2.539999989318847540e+01
6.579999981689452682e+01
1.939999989318847540e+01
2.259999996948242185e+01
1.339999995422363277e+01
2.459999987792968668e+01
1.879999989318847753e+01
2.679999994659423734e+01
2.319999989318847611e+01
4.020000003051757886e+01
7.700000012207031830e+01
1.200000001525878979e+01
3.319999993896484369e+01
4.519999969482422131e+01
6.159999981689453108e+01
6.439999969482421704e+01
6.319999984741210852e+01
7.100000006103515204e+01
7.059999999999999432e+01
6.500000006103515204e+01
7.559999957275390159e+01
6.979999984741210994e+01
7.979999951171875239e+01
6.279999984741210994e+01
6.880000012207031546e+01
6.899999975585937761e+01
7.279999987792969307e+01
6.719999969482421420e+01
7.299999957275390727e+01
7.099999975585937761e+01
7.979999945068360034e+01
7.160000012207031261e+01
7.099999963378905932e+01
6.779999975585937477e+01
6.779999969482422273e+01
7.119999951171874386e+01
7.059999975585937193e+01
6.979999975585937477e+01
6.779999975585937477e+01
7.039999978637695222e+01
6.219999981689453250e+01
5.779999981689453392e+01
7.099999963378905932e+01
7.200000012207031830e+01
7.179999981689452682e+01
6.720000000000000284e+01
7.240000000000000568e+01
6.160000006103515346e+01
7.600000006103515204e+01
7.459999957275390159e+01
7.059999981689453818e+01
7.680000006103514920e+01
7.459999987792969023e+01
8.079999993896484511e+01
8.479999957275390443e+01
8.879999969482422273e+01
8.739999975585936909e+01
8.779999938964843409e+01
8.679999969482422273e+01
8.599999981689452966e+01
8.399999975585937761e+01
8.599999938964843693e+01
8.659999981689453818e+01
8.879999969482422273e+01
8.680000006103514920e+01
8.739999993896483943e+01
8.899999987792968170e+01
8.539999951171874670e+01
8.679999975585937477e+01
8.859999975585937193e+01
8.699999951171875523e+01
8.619999969482421420e+01
8.779999981689452682e+01
8.719999981689453250e+01
8.499999951171875523e+01
8.679999938964843409e+01
8.659999981689453818e+01
8.880000012207031546e+01
8.779999981689452682e+01
8.639999981689453534e+01
8.959999987792969023e+01
8.800000000000000000e+01
8.619999975585938046e+01
8.879999981689452682e+01
8.859999938964843125e+01
8.799999975585937761e+01
8.719999957275391012e+01
8.860000006103516057e+01
8.859999975585937193e+01
8.980000012207031546e+01
8.839999945068359466e+01
8.819999981689453250e+01
9.080000012207031546e+01
8.799999981689452966e+01
8.639999951171874670e+01
8.880000012207031546e+01
8.859999938964843125e+01
8.919999945068359182e+01
8.840000006103515773e+01
8.919999938964843977e+01
8.959999975585937193e+01
8.939999945068359466e+01
8.939999938964844262e+01
8.899999987792968170e+01
8.900000012207031830e+01
8.919999975585938046e+01
8.979999975585937477e+01
8.959999969482421989e+01
8.980000012207031546e+01
8.819999975585938046e+01
8.979999938964843409e+01
8.719999951171874386e+01
8.739999975585936909e+01
8.800000006103515204e+01
8.999999969482422557e+01
9.039999987792968739e+01
8.699999957275390727e+01
9.219999969482421420e+01
9.020000006103515489e+01
8.899999975585937761e+01
8.899999938964843693e+01
8.899999981689452966e+01
8.919999975585938046e+01
8.879999945068360034e+01
8.939999981689453534e+01
8.960000012207031261e+01
9.199999981689452966e+01
9.020000006103515489e+01
8.960000006103516057e+01
8.859999981689453818e+01
