4.039999975585937619e+01
1.600000000000000089e+00
1.000000000000000000e+00
5.399999994277954407e+00
7.799999988555907926e+00
7.999999988555908104e+00
1.059999997711181585e+01
1.239999994659423876e+01
3.799999993896484085e+01
2.200000007629394627e+00
5.200000007629394183e+00
9.800000007629394716e+00
1.819999998474121128e+01
1.040000000762939436e+01
4.600000015258789432e+00
1.399999999999999911e+00
1.200000001525878979e+01
1.600000000000000089e+00
5.599999984741210746e+00
7.599999977111816740e+00
2.399999999999999911e+00
2.659999989318847824e+01
3.199999988555908281e+00
2.919999978637695293e+01
4.999999977111816207e+00
0.000000000000000000e+00
1.099999986267089902e+01
1.260000001525878943e+01
2.880000000000000071e+01
1.259999986267089866e+01
1.039999997711181656e+01
8.000000000000000444e-01
3.619999990844726767e+01
4.000000000000000222e-01
1.999999994277954052e+00
2.539999999999999858e+01
4.799999977111816030e+00
2.039999992370605497e+01
3.799999988555908370e+00
1.659999994659423805e+01
6.000000000000000000e+00
1.739999996948242256e+01
3.459999984741210710e+01
3.319999996948241971e+01
4.799999994277953874e+00
8.000000015258789787e+00
4.999999946594238409e+00
1.119999998474121128e+01
1.199999994277954007e+00
1.319999998474121128e+01
6.999999977111816207e+00
3.479999972534179875e+01
1.339999994659423876e+01
2.079999995422363313e+01
7.200000015258789077e+00
1.999999994277954052e+00
9.000000007629394005e+00
1.760000001525878943e+01
3.800000007629394716e+00
2.619999986267090009e+01
8.000000000000000000e+00
1.939999996948242256e+01
5.879999978637695079e+01
1.399999992370605462e+01
1.399999995422363241e+01
7.599999978637694653e+01
4.379999972534179875e+01
4.239999999999999858e+01
1.159999997711181585e+01
1.399999994277954185e+00
2.059999992370605426e+01
4.680000006103515631e+01
9.199999984741211279e+00
6.059999996948242540e+01
1.859999995422363384e+01
8.199999977111817273e+00
1.879999989318847753e+01
1.359999997711181585e+01
2.259999986267089866e+01
1.399999992370605462e+01
1.720000001525878730e+01
1.260000001525878943e+01
1.459999998474121163e+01
3.059999987792968668e+01
4.639999969482421704e+01
4.879999972534179875e+01
6.139999984741211136e+01
6.559999999999999432e+01
7.459999978637695506e+01
7.399999951171875523e+01
7.459999987792969023e+01
7.519999951171874386e+01
7.459999999999999432e+01
7.319999987792968454e+01
7.279999999999999716e+01
7.319999993896485080e+01
7.620000012207030693e+01
7.459999951171874955e+01
7.480000006103514920e+01
6.759999981689453818e+01
7.580000006103514920e+01
7.359999999999999432e+01
7.179999969482422273e+01
6.980000012207031546e+01
7.259999951171874955e+01
7.160000012207031261e+01
7.640000012207030977e+01
7.839999951171874670e+01
7.319999987792968454e+01
6.139999990844726341e+01
6.640000012207030977e+01
6.359999975585937193e+01
7.099999978637694653e+01
6.679999981689452682e+01
7.579999999999999716e+01
6.919999963378906216e+01
6.739999963378906500e+01
7.239999957275391296e+01
6.199999978637695364e+01
6.679999978637695790e+01
7.400000006103515204e+01
7.400000012207031830e+01
5.840000006103515773e+01
7.359999975585937193e+01
7.539999987792968739e+01
8.259999981689453818e+01
8.599999951171875523e+01
8.859999938964843125e+01
8.960000012207031261e+01
9.039999975585936909e+01
8.999999938964843693e+01
9.040000012207030977e+01
9.059999945068359750e+01
9.019999938964843977e+01
8.999999938964843693e+01
8.780000006103514920e+01
8.899999969482422557e+01
8.839999945068359466e+01
8.839999981689453534e+01
8.899999975585937761e+01
8.819999969482421420e+01
8.900000012207031830e+01
8.739999987792968739e+01
8.899999975585937761e+01
8.919999938964843977e+01
8.839999975585936909e+01
8.719999987792968454e+01
8.859999975585937193e+01
8.639999975585936909e+01
8.800000012207031830e+01
8.739999951171874670e+01
8.820000012207030693e+01
8.820000006103515489e+01
8.839999969482421704e+01
8.839999969482421704e+01
8.719999981689453250e+01
8.739999938964844262e+01
8.819999975585938046e+01
8.859999938964843125e+01
8.919999945068359182e+01
8.759999945068359750e+01
8.900000012207031830e+01
8.919999981689453250e+01
8.919999951171874386e+01
8.959999969482421989e+01
8.599999951171875523e+01
8.779999975585937477e+01
8.839999969482421704e+01
8.639999951171874670e+01
8.859999945068359750e+01
8.819999945068359182e+01
8.859999938964843125e+01
8.779999975585937477e+01
8.919999975585938046e+01
8.759999938964843125e+01
8.939999951171874670e+01
8.939999987792968739e+01
8.840000012207030977e+01
8.879999938964843409e+01
8.819999987792968454e+01
8.919999975585938046e+01
8.839999969482421704e+01
8.839999975585936909e+01
8.839999938964844262e+01
8.799999963378905932e+01
8.779999975585937477e+01
8.919999945068359182e+01
8.839999981689453534e+01
8.839999975585936909e+01
8.800000012207031830e+01
8.879999951171875239e+01
8.859999987792969023e+01
8.859999951171874955e+01
8.959999969482421989e+01
8.979999975585937477e+01
8.979999969482422273e+01
8.979999938964843409e+01
8.819999975585938046e+01
8.839999945068359466e+01
8.799999938964843693e+01
