0.000000000000000000e+00
2.000000000000000111e-01
1.599999994277954141e+00
4.360000006103515346e+01
1.219999994659423770e+01
6.599999977111816740e+00
4.600000000000000000e+01
1.739999989318847540e+01
3.259999978637695506e+01
4.079999969482421562e+01
2.799999994277954318e+00
3.279999993896484511e+01
1.599999994277954141e+00
4.200000000000000178e+00
7.479999963378905647e+01
4.059999996948242540e+01
8.199999977111817273e+00
4.599999999999999645e+00
2.000000000000000111e-01
7.999999942779540962e-01
2.199999994277954229e+00
6.799999994277953874e+00
2.199999994277954229e+00
3.600000000000000089e+00
6.599999977111816740e+00
1.340000001525878837e+01
1.359999992370605426e+01
6.200000007629394183e+00
9.399999923706054972e+00
8.199999984741211279e+00
3.600000007629394538e+00
1.040000001525878837e+01
1.879999997711181692e+01
4.599999988555908637e+00
8.999999977111816207e+00
7.599999946594238054e+00
2.619999990844726412e+01
1.339999995422363277e+01
4.400000000000000355e+00
7.600000007629394538e+00
7.799999977111816030e+00
1.800000003051757957e+01
8.199999988555907393e+00
1.099999992370605462e+01
3.799999994277954318e+00
2.439999989318847540e+01
2.899999975585937406e+01
3.799999999999999822e+00
7.200000015258789077e+00
1.599999992370605462e+01
3.799999988555908370e+00
1.899999986267089724e+01
1.379999998474121092e+01
5.400000015258789254e+00
1.039999997711181656e+01
7.599999988555908637e+00
1.840000001525879014e+01
1.699999995422363241e+01
0.000000000000000000e+00
1.739999995422363455e+01
2.599999988555908192e+00
9.799999946594239120e+00
4.699999984741211279e+01
2.660000000000000142e+01
2.779999992370605355e+01
1.099999995422363241e+01
1.699999994659423663e+01
7.799999946594238232e+00
9.599999977111815852e+00
2.139999986267089938e+01
9.800000007629394716e+00
2.760000000000000142e+01
2.839999996948242256e+01
1.659999995422363384e+01
1.900000000762939578e+01
4.039999987792968739e+01
4.999999988555908104e+00
2.140000003051757815e+01
4.600000007629394538e+00
2.099999998474121199e+01
5.779999972534179875e+01
3.199999993896484440e+01
4.579999996948242114e+01
6.359999975585937193e+01
6.959999963378906784e+01
7.040000006103515773e+01
7.420000006103515489e+01
7.179999978637695790e+01
7.720000000000000284e+01
7.019999993896485080e+01
7.459999978637695506e+01
7.419999978637694937e+01
7.439999975585936909e+01
8.119999987792968454e+01
7.439999957275391296e+01
7.399999951171875523e+01
7.399999975585937761e+01
7.059999993896484227e+01
7.259999951171874955e+01
7.379999999999999716e+01
7.819999963378906216e+01
7.539999981689453534e+01
7.499999957275390727e+01
7.799999969482422557e+01
7.539999993896483943e+01
8.019999951171874386e+01
7.100000000000000000e+01
6.799999963378905932e+01
6.799999969482422557e+01
6.620000012207030693e+01
7.279999990844726199e+01
7.379999957275390443e+01
7.199999978637694653e+01
7.259999969482421989e+01
7.139999981689453534e+01
7.139999963378906500e+01
6.879999978637695790e+01
6.899999975585937761e+01
7.219999957275391012e+01
6.799999975585937761e+01
6.619999987792968454e+01
7.539999993896483943e+01
7.559999999999999432e+01
8.019999945068359182e+01
8.539999981689453534e+01
8.499999987792968170e+01
8.839999938964844262e+01
8.879999981689452682e+01
9.159999963378906784e+01
9.220000012207030693e+01
9.139999938964844262e+01
9.059999975585937193e+01
9.199999938964843693e+01
9.159999987792969023e+01
9.120000012207030693e+01
9.120000012207030693e+01
9.059999969482421989e+01
8.959999981689453818e+01
9.039999975585936909e+01
8.999999987792968170e+01
8.879999975585937477e+01
8.919999963378906216e+01
8.779999987792969307e+01
8.899999938964843693e+01
8.780000012207031546e+01
8.839999945068359466e+01
9.059999969482421989e+01
9.019999951171874386e+01
8.879999981689452682e+01
9.079999975585937477e+01
8.879999938964843409e+01
8.979999938964843409e+01
8.819999938964843977e+01
8.979999969482422273e+01
8.939999945068359466e+01
8.919999938964843977e+01
8.919999963378906216e+01
8.980000012207031546e+01
8.839999981689453534e+01
8.999999987792968170e+01
8.739999975585936909e+01
8.979999938964843409e+01
9.099999938964843693e+01
8.879999938964843409e+01
8.979999981689452682e+01
9.019999987792968454e+01
8.899999945068358898e+01
8.979999987792969307e+01
8.959999981689453818e+01
9.059999981689453818e+01
8.839999981689453534e+01
8.840000012207030977e+01
8.960000012207031261e+01
8.740000012207030977e+01
8.939999981689453534e+01
9.099999963378905932e+01
8.880000006103514920e+01
8.919999945068359182e+01
8.980000012207031546e+01
8.840000012207030977e+01
9.000000012207031830e+01
8.919999987792968454e+01
8.979999975585937477e+01
8.960000012207031261e+01
8.919999981689453250e+01
8.999999975585937761e+01
8.939999981689453534e+01
9.119999975585938046e+01
9.019999987792968454e+01
8.900000006103515204e+01
8.999999969482422557e+01
9.180000012207031546e+01
8.999999945068358898e+01
9.059999975585937193e+01
9.059999963378906784e+01
9.039999975585936909e+01
9.099999938964843693e+01
9.020000012207030693e+01
9.120000006103515489e+01
9.099999938964843693e+01
