2.799999994277954318e+00
1.139999998474121057e+01
3.999999942779540740e-01
4.599999999999999645e+00
3.399999988555908015e+00
1.140000001525878837e+01
4.799999994277953874e+00
3.999999988555908104e+00
2.999999994277954052e+00
3.399999994277953963e+00
3.199999994277954229e+00
2.799999996948242043e+01
1.039999992370605497e+01
3.999999946594238409e+00
1.679999989318847753e+01
5.600000007629394538e+00
5.999999977111816207e+00
8.799999923706055327e+00
6.600000015258789432e+00
2.799999988555908370e+00
1.199999994277954007e+00
4.419999972534179733e+01
4.799999988555907926e+00
2.080000000000000071e+01
5.599999988555908637e+00
1.039999998474121057e+01
6.399999946594237876e+00
5.999999988555908104e+00
1.600000000000000089e+00
5.199999977111816385e+00
3.599999988555908192e+00
2.379999996948242114e+01
1.140000001525878837e+01
2.779999993896484511e+01
9.999999977111816207e+00
1.000000001525878979e+01
2.159999990844726625e+01
3.560000006103515346e+01
1.919999995422363170e+01
9.800000015258788721e+00
1.899999995422363241e+01
1.039999989318847717e+01
1.659999995422363384e+01
3.200000007629394627e+00
9.599999946594238054e+00
1.319999998474121128e+01
3.359999990844726625e+01
5.900000006103515915e+01
1.039999998474121057e+01
2.120000003051757886e+01
2.019999998474121128e+01
1.299999995422363241e+01
9.399999977111816563e+00
7.399999946594237876e+00
9.999999988555908104e+00
7.579999999999999716e+01
8.399999923706054972e+00
2.599999993896484440e+01
1.839999989318847540e+01
1.679999992370605355e+01
6.779999978637695790e+01
1.039999997711181656e+01
7.199999977111816385e+00
2.319999990844726412e+01
1.039999999427795352e+01
1.780000003051757673e+01
1.259999992370605426e+01
3.599999994277954141e+00
1.399999992370605462e+01
1.419999995422363348e+01
1.220000001525878908e+01
1.839999986267089938e+01
8.000000015258789787e+00
2.360000000000000142e+01
1.399999997711181621e+01
1.020000000762939507e+01
6.200000015258789077e+00
1.219999998474121128e+01
2.659999975585937548e+01
1.380000001525878872e+01
1.379999992370605533e+01
1.139999995422363277e+01
3.359999987792969023e+01
5.119999990844726767e+01
6.200000006103515915e+01
6.820000006103515489e+01
6.539999978637695222e+01
7.219999978637694937e+01
6.899999981689452966e+01
6.979999990844726199e+01
6.719999990844726767e+01
7.219999984741211563e+01
7.440000012207030977e+01
6.700000000000000000e+01
6.859999981689453818e+01
7.119999969482421420e+01
7.479999969482422273e+01
6.800000012207031830e+01
6.679999987792969307e+01
6.939999963378906500e+01
6.599999984741211279e+01
7.119999984741211563e+01
7.359999963378906784e+01
6.900000012207031830e+01
7.239999963378906500e+01
6.099999987792968881e+01
6.800000012207031830e+01
6.119999975585937335e+01
6.859999975585937193e+01
6.659999975585937193e+01
6.419999984741211563e+01
5.919999987792968454e+01
6.879999987792969307e+01
6.599999978637694653e+01
7.039999984741210426e+01
6.800000012207031830e+01
6.899999975585937761e+01
7.119999987792968454e+01
6.760000012207031261e+01
6.760000006103516057e+01
7.419999984741211563e+01
6.979999984741210994e+01
7.299999969482422557e+01
7.479999957275390443e+01
8.139999981689453534e+01
8.539999938964844262e+01
8.459999987792969023e+01
8.959999938964843125e+01
8.839999945068359466e+01
8.579999945068360034e+01
8.580000012207031546e+01
8.199999945068358898e+01
8.339999981689453534e+01
8.639999938964844262e+01
8.419999981689453250e+01
8.579999938964843409e+01
8.299999993896484796e+01
8.739999945068359466e+01
8.760000012207031261e+01
8.660000012207031261e+01
8.679999999999999716e+01
8.559999945068359750e+01
8.519999981689453250e+01
8.439999987792968739e+01
8.639999987792968739e+01
8.579999987792969307e+01
8.439999993896483943e+01
8.699999945068358898e+01
8.559999993896484227e+01
8.839999975585936909e+01
8.539999951171874670e+01
8.619999945068359182e+01
8.919999945068359182e+01
8.759999938964843125e+01
8.840000006103515773e+01
8.799999945068358898e+01
8.739999993896483943e+01
8.839999938964844262e+01
8.719999975585938046e+01
8.479999945068360034e+01
8.679999945068360034e+01
8.820000012207030693e+01
8.859999938964843125e+01
8.619999981689453250e+01
8.659999993896484227e+01
8.519999945068359182e+01
8.679999957275390443e+01
8.619999981689453250e+01
8.899999945068358898e+01
8.660000012207031261e+01
8.859999945068359750e+01
8.680000012207031546e+01
8.739999969482421704e+01
8.839999975585936909e+01
8.759999981689453818e+01
8.839999938964844262e+01
8.879999945068360034e+01
8.840000012207030977e+01
8.699999945068358898e+01
8.860000012207031261e+01
8.880000012207031546e+01
8.819999938964843977e+01
8.759999945068359750e+01
8.739999987792968739e+01
8.859999969482421989e+01
8.639999987792968739e+01
8.819999938964843977e+01
8.879999981689452682e+01
8.899999969482422557e+01
8.779999981689452682e+01
8.819999975585938046e+01
8.759999975585937193e+01
8.839999957275391296e+01
8.779999981689452682e+01
8.499999945068358898e+01
8.640000012207030977e+01
8.899999981689452966e+01
8.799999945068358898e+01
8.959999938964843125e+01
8.840000012207030977e+01
