0.000000000000000000e+00
5.740000003051757460e+01
1.999999942779540907e-01
2.799999999999999822e+00
4.399999988555908459e+00
7.799999946594238232e+00
1.099999997711181621e+01
4.999999994277954052e+00
1.159999994659423805e+01
4.199999988555908281e+00
5.599999988555908637e+00
1.939999989318847540e+01
1.139999997711181656e+01
3.199999994277954229e+00
1.579999992370605533e+01
1.519999995422363348e+01
2.959999978637695150e+01
4.000000000000000222e-01
2.760000003051757744e+01
5.999999999999999778e-01
6.799999977111816030e+00
4.599999988555908637e+00
2.199999994277954229e+00
8.399999977111816563e+00
7.799999994277953874e+00
7.600000015258789432e+00
4.799999977111816030e+00
5.599999946594238054e+00
1.020000001525878908e+01
1.359999994659423805e+01
8.799999977111816918e+00
2.439999989318847540e+01
1.339999994659423876e+01
4.799999988555907926e+00
1.419999986267089831e+01
7.600000007629394538e+00
8.799999893188475752e+00
2.019999999999999929e+01
9.279999975585937477e+01
1.099999998474121021e+01
6.199999954223632592e+00
1.419999989318847611e+01
1.560000001525878943e+01
1.520000003051757886e+01
2.800000007629394716e+00
9.799999977111816918e+00
1.039999997711181656e+01
6.999999977111816207e+00
6.079999981689453392e+01
1.219999992370605391e+01
7.999999923706054616e+00
1.019999994659423770e+01
1.700000000000000000e+01
1.400000001525878979e+01
4.799999988555907926e+00
1.499999998855590810e+01
6.400000007629394361e+00
1.380000001525878872e+01
3.179999978637695435e+01
0.000000000000000000e+00
3.539999975585937619e+01
1.419999992370605391e+01
1.859999992370605426e+01
3.999999994277954052e+00
1.059999998855590775e+01
1.140000001525878837e+01
4.439999972534180017e+01
1.599999992370605462e+01
2.019999996948242327e+01
6.999999988555908104e+00
2.119999989318847611e+01
1.060000000762939365e+01
2.859999986267089866e+01
1.319999997711181727e+01
3.139999969482421704e+01
1.180000003051757851e+01
9.999999923706054616e+00
7.200000007629394183e+00
2.279999986267089795e+01
1.019999998474121128e+01
2.499999996948242043e+01
2.539999993896484298e+01
1.879999998474121270e+01
2.079999987792968597e+01
2.260000000000000142e+01
3.479999981689453392e+01
4.900000006103515915e+01
5.980000003051758029e+01
6.839999975585936909e+01
7.219999969482421420e+01
7.279999963378905647e+01
7.419999945068359182e+01
7.579999981689452682e+01
7.999999945068358898e+01
7.619999963378906216e+01
7.759999951171874955e+01
6.760000006103516057e+01
7.279999999999999716e+01
7.520000012207030693e+01
7.299999975585937761e+01
7.439999993896483943e+01
7.239999963378906500e+01
7.499999993896484796e+01
7.719999969482421420e+01
7.500000000000000000e+01
7.200000000000000000e+01
7.439999963378906500e+01
6.619999984741211563e+01
7.460000012207031261e+01
7.319999945068359182e+01
7.439999963378906500e+01
7.859999945068359750e+01
7.039999969482421704e+01
7.499999981689452966e+01
7.539999993896483943e+01
7.379999999999999716e+01
7.499999975585937761e+01
7.179999984741210994e+01
6.660000006103516057e+01
8.039999963378906500e+01
7.499999963378905932e+01
7.239999963378906500e+01
7.000000006103515204e+01
7.519999978637694937e+01
7.700000012207031830e+01
7.720000000000000284e+01
8.339999987792968739e+01
8.499999957275390727e+01
8.679999975585937477e+01
8.879999975585937477e+01
8.919999981689453250e+01
8.879999975585937477e+01
9.020000012207030693e+01
9.079999975585937477e+01
9.079999975585937477e+01
8.979999981689452682e+01
9.059999975585937193e+01
9.059999975585937193e+01
9.100000006103515204e+01
8.759999969482421989e+01
8.819999969482421420e+01
8.919999969482421420e+01
8.860000012207031261e+01
8.779999938964843409e+01
8.739999945068359466e+01
8.740000006103515773e+01
8.640000012207030977e+01
8.639999938964844262e+01
8.839999981689453534e+01
8.859999945068359750e+01
8.759999987792969023e+01
8.799999993896484796e+01
8.599999938964843693e+01
8.719999938964843977e+01
8.759999945068359750e+01
8.739999987792968739e+01
8.899999945068358898e+01
8.799999938964843693e+01
8.719999945068359182e+01
8.859999975585937193e+01
8.699999945068358898e+01
8.819999957275391012e+01
8.719999938964843977e+01
8.759999981689453818e+01
9.039999969482421704e+01
8.759999938964843125e+01
8.719999981689453250e+01
8.859999945068359750e+01
8.700000012207031830e+01
8.759999945068359750e+01
8.859999981689453818e+01
8.899999938964843693e+01
8.839999993896483943e+01
8.859999938964843125e+01
8.859999945068359750e+01
8.899999969482422557e+01
8.859999951171874955e+01
8.859999975585937193e+01
8.819999938964843977e+01
8.800000012207031830e+01
8.839999975585936909e+01
8.739999945068359466e+01
8.879999981689452682e+01
8.599999945068358898e+01
8.739999945068359466e+01
9.000000012207031830e+01
8.839999987792968739e+01
8.879999945068360034e+01
8.839999975585936909e+01
8.900000012207031830e+01
8.719999987792968454e+01
8.740000006103515773e+01
8.699999945068358898e+01
8.799999938964843693e+01
8.759999975585937193e+01
8.859999938964843125e+01
8.820000012207030693e+01
8.899999945068358898e+01
8.979999981689452682e+01
8.819999945068359182e+01
