4.800000007629394716e+00
2.719999999999999929e+01
2.300000003051757957e+01
2.299999993896484440e+01
1.959999986267089866e+01
3.300000000000000000e+01
1.699999986267089724e+01
4.379999969482421562e+01
4.939999996948242256e+01
5.300000000000000000e+01
6.399999984741211279e+01
7.559999951171874955e+01
5.799999984741211279e+01
4.279999999999999716e+01
7.339999945068359466e+01
8.659999945068359750e+01
5.739999990844726341e+01
6.200000003051757602e+01
3.219999993896484369e+01
8.299999981689452966e+01
6.779999957275390443e+01
8.199999945068358898e+01
5.979999984741210994e+01
8.679999981689452682e+01
4.259999996948242540e+01
8.019999981689453250e+01
6.079999990844726909e+01
7.579999957275390443e+01
4.560000000000000142e+01
8.819999975585938046e+01
8.539999987792968739e+01
7.299999987792968170e+01
8.399999945068358898e+01
7.999999975585937761e+01
7.919999993896485080e+01
8.299999981689452966e+01
8.699999938964843693e+01
8.699999969482422557e+01
8.959999987792969023e+01
9.039999981689453534e+01
7.879999981689452682e+01
9.399999969482422557e+01
9.280000006103514920e+01
7.099999993896484796e+01
8.099999957275390727e+01
9.340000012207030977e+01
7.019999969482421420e+01
7.719999963378906216e+01
7.459999993896484227e+01
8.859999981689453818e+01
6.579999981689452682e+01
6.419999969482421420e+01
8.779999975585937477e+01
7.759999957275390159e+01
6.139999978637695222e+01
9.399999963378905932e+01
8.299999945068358898e+01
9.099999938964843693e+01
7.620000000000000284e+01
8.399999981689452966e+01
9.099999951171875523e+01
9.239999969482421704e+01
6.520000012207030693e+01
8.139999993896483943e+01
9.559999969482421989e+01
7.400000012207031830e+01
8.040000000000000568e+01
7.860000006103516057e+01
6.679999999999999716e+01
8.619999945068359182e+01
8.800000012207031830e+01
7.419999969482421420e+01
7.479999957275390443e+01
9.520000012207030693e+01
9.400000006103515204e+01
5.999999990844726483e+01
6.320000012207031403e+01
9.359999975585937193e+01
5.919999987792968454e+01
8.279999957275390443e+01
9.279999963378905647e+01
9.720000006103515489e+01
9.820000000000000284e+01
9.740000006103515773e+01
9.840000000000000568e+01
9.920000000000000284e+01
9.919999963378906216e+01
9.779999963378905647e+01
9.779999999999999716e+01
9.859999999999999432e+01
9.659999963378906784e+01
9.680000006103514920e+01
9.740000006103515773e+01
9.760000006103516057e+01
9.719999963378906216e+01
9.720000000000000284e+01
9.699999969482422557e+01
9.660000006103516057e+01
9.659999969482421989e+01
9.659999999999999432e+01
9.719999963378906216e+01
9.819999963378906216e+01
9.620000000000000284e+01
9.779999963378905647e+01
9.640000006103515773e+01
9.720000000000000284e+01
9.640000000000000568e+01
9.779999999999999716e+01
9.599999963378905932e+01
9.579999999999999716e+01
9.480000006103514920e+01
9.640000006103515773e+01
9.619999969482421420e+01
9.700000000000000000e+01
9.600000006103515204e+01
9.699999969482422557e+01
9.520000006103515489e+01
9.680000006103514920e+01
9.620000006103515489e+01
9.600000012207031830e+01
9.560000006103516057e+01
9.840000000000000568e+01
9.759999999999999432e+01
9.839999963378906500e+01
9.900000000000000000e+01
9.900000000000000000e+01
9.900000000000000000e+01
9.879999963378905647e+01
9.900000000000000000e+01
9.900000000000000000e+01
9.920000000000000284e+01
9.919999963378906216e+01
9.820000006103515489e+01
9.879999999999999716e+01
9.919999963378906216e+01
9.879999999999999716e+01
9.879999999999999716e+01
9.879999999999999716e+01
9.820000006103515489e+01
9.799999963378905932e+01
9.699999963378905932e+01
9.739999963378906500e+01
9.719999963378906216e+01
9.679999963378905647e+01
9.699999963378905932e+01
9.740000000000000568e+01
9.799999969482422557e+01
9.719999963378906216e+01
9.680000006103514920e+01
9.679999963378905647e+01
9.700000000000000000e+01
9.740000000000000568e+01
9.779999999999999716e+01
9.739999963378906500e+01
9.739999963378906500e+01
9.759999999999999432e+01
9.700000006103515204e+01
9.700000006103515204e+01
9.659999969482421989e+01
9.679999999999999716e+01
9.699999969482422557e+01
9.680000006103514920e+01
9.699999963378905932e+01
9.660000006103516057e+01
9.659999963378906784e+01
9.700000006103515204e+01
9.699999963378905932e+01
9.700000000000000000e+01
9.699999963378905932e+01
9.740000000000000568e+01
9.760000006103516057e+01
9.740000000000000568e+01
9.700000000000000000e+01
9.720000006103515489e+01
9.699999963378905932e+01
9.700000000000000000e+01
9.699999963378905932e+01
9.679999963378905647e+01
9.699999969482422557e+01
9.720000006103515489e+01
9.699999969482422557e+01
9.699999963378905932e+01
9.659999963378906784e+01
9.700000000000000000e+01
9.680000006103514920e+01
9.659999963378906784e+01
9.699999969482422557e+01
9.720000006103515489e+01
9.699999963378905932e+01
9.719999963378906216e+01
9.699999963378905932e+01
9.700000000000000000e+01
9.720000000000000284e+01
9.659999999999999432e+01
9.700000000000000000e+01
9.659999969482421989e+01
9.700000006103515204e+01
9.700000000000000000e+01
9.699999963378905932e+01
9.699999969482422557e+01
