1.239999994659423876e+01
6.000000007629394894e+00
1.239999995422363277e+01
2.419999984741210852e+01
1.239999997711181656e+01
1.259999992370605426e+01
2.019999989318847611e+01
2.419999989318847611e+01
2.079999994659423734e+01
2.139999986267089938e+01
1.439999998474121057e+01
8.799999954223633125e+00
2.939999993896484298e+01
6.720000012207030693e+01
5.299999981689452966e+01
5.079999969482421562e+01
2.179999989318847753e+01
5.519999996948241971e+01
2.919999999999999929e+01
3.179999987792968597e+01
3.219999972534179733e+01
3.959999981689453108e+01
3.599999984741211279e+01
3.979999984741210994e+01
5.959999981689453108e+01
6.679999993896484511e+01
3.899999984741211279e+01
6.380000012207031546e+01
3.219999986267090009e+01
7.299999978637694653e+01
4.700000006103515915e+01
6.559999990844725914e+01
5.439999996948242256e+01
4.879999969482421562e+01
5.899999984741211279e+01
7.939999938964844262e+01
5.539999993896484654e+01
4.339999987792968739e+01
6.619999990844726767e+01
5.879999987792968597e+01
5.439999990844726341e+01
3.559999993896484227e+01
5.499999987792968881e+01
4.579999969482421562e+01
6.979999957275390443e+01
7.839999951171874670e+01
7.859999999999999432e+01
7.559999987792969023e+01
8.539999981689453534e+01
7.540000000000000568e+01
8.619999951171874386e+01
7.659999957275390159e+01
4.739999990844726341e+01
7.079999987792969307e+01
6.079999975585937477e+01
6.379999978637695079e+01
4.860000000000000142e+01
6.439999978637695222e+01
5.779999987792968597e+01
7.019999963378906216e+01
5.759999996948242540e+01
6.319999990844726767e+01
8.299999981689452966e+01
7.219999975585938046e+01
4.899999975585937761e+01
7.200000012207031830e+01
8.759999951171874955e+01
6.960000006103516057e+01
4.219999972534179733e+01
6.819999981689453250e+01
6.039999969482421704e+01
6.599999978637694653e+01
8.179999993896484511e+01
9.300000006103515204e+01
6.799999957275390727e+01
7.379999963378905647e+01
7.500000006103515204e+01
7.499999963378905932e+01
5.959999990844726625e+01
6.960000012207031261e+01
8.899999969482422557e+01
6.979999969482422273e+01
9.539999963378906500e+01
9.699999963378905932e+01
9.599999969482422557e+01
9.739999969482421704e+01
9.799999963378905932e+01
9.500000012207031830e+01
9.739999963378906500e+01
9.819999963378906216e+01
9.540000012207030977e+01
9.479999999999999716e+01
9.559999969482421989e+01
9.560000006103516057e+01
9.480000012207031546e+01
9.520000012207030693e+01
9.480000006103514920e+01
9.440000012207030977e+01
9.600000006103515204e+01
9.560000006103516057e+01
9.380000012207031546e+01
9.579999969482422273e+01
9.300000012207031830e+01
9.500000006103515204e+01
9.599999975585937761e+01
9.600000006103515204e+01
9.419999969482421420e+01
9.479999963378905647e+01
9.480000006103514920e+01
9.199999969482422557e+01
9.279999975585937477e+01
9.419999963378906216e+01
9.480000006103514920e+01
9.319999963378906216e+01
9.539999963378906500e+01
9.260000006103516057e+01
9.600000006103515204e+01
9.279999963378905647e+01
9.359999969482421989e+01
9.419999969482421420e+01
9.419999975585938046e+01
9.659999963378906784e+01
9.419999981689453250e+01
9.879999963378905647e+01
9.879999999999999716e+01
9.920000000000000284e+01
9.899999963378905932e+01
9.900000000000000000e+01
9.839999963378906500e+01
9.940000000000000568e+01
9.879999963378905647e+01
9.920000000000000284e+01
9.940000000000000568e+01
9.879999999999999716e+01
9.919999963378906216e+01
9.940000000000000568e+01
9.840000000000000568e+01
9.819999963378906216e+01
9.759999963378906784e+01
9.659999963378906784e+01
9.719999963378906216e+01
9.659999969482421989e+01
9.799999963378905932e+01
9.680000006103514920e+01
9.540000006103515773e+01
9.739999963378906500e+01
9.620000006103515489e+01
9.539999969482421704e+01
9.619999975585938046e+01
9.660000006103516057e+01
9.739999963378906500e+01
9.699999963378905932e+01
9.699999963378905932e+01
9.620000000000000284e+01
9.640000000000000568e+01
9.660000012207031261e+01
9.659999963378906784e+01
9.739999963378906500e+01
9.739999969482421704e+01
9.679999963378905647e+01
9.720000006103515489e+01
9.699999963378905932e+01
9.700000006103515204e+01
9.659999963378906784e+01
9.600000006103515204e+01
9.659999975585937193e+01
9.579999969482422273e+01
9.620000006103515489e+01
9.640000006103515773e+01
9.759999969482421989e+01
9.659999969482421989e+01
9.579999963378905647e+01
9.560000012207031261e+01
9.559999969482421989e+01
9.500000006103515204e+01
9.639999963378906500e+01
9.659999963378906784e+01
9.639999969482421704e+01
9.659999969482421989e+01
9.639999963378906500e+01
9.720000000000000284e+01
9.679999963378905647e+01
9.620000000000000284e+01
9.699999963378905932e+01
9.759999963378906784e+01
9.639999969482421704e+01
9.640000006103515773e+01
9.560000006103516057e+01
9.680000012207031546e+01
9.699999969482422557e+01
9.639999963378906500e+01
9.620000006103515489e+01
9.759999963378906784e+01
9.659999963378906784e+01
9.679999969482422273e+01
9.599999963378905932e+01
9.679999969482422273e+01
9.719999963378906216e+01
9.559999938964843125e+01
9.639999969482421704e+01
