1.659999989318847824e+01
2.719999990844726412e+01
2.019999989318847611e+01
1.739999999999999858e+01
1.259999998474121163e+01
4.000000007629394894e+00
2.439999992370605497e+01
1.479999995422363313e+01
3.839999984741211136e+01
6.599999984741210746e+00
3.199999993896484440e+01
3.259999984741210710e+01
7.400000007629394361e+00
2.979999992370605355e+01
4.619999978637695648e+01
3.060000000000000142e+01
1.639999989318847540e+01
4.339999996948242256e+01
3.899999990844726483e+01
4.499999978637695364e+01
3.819999987792968454e+01
2.359999993896484227e+01
2.439999987792968739e+01
3.579999987792968597e+01
2.619999987792968810e+01
2.719999987792968810e+01
3.799999972534179449e+01
3.320000000000000284e+01
3.899999981689452966e+01
4.579999972534179875e+01
2.080000001525878872e+01
4.259999990844726625e+01
5.539999993896484654e+01
6.059999987792969023e+01
5.139999984741211136e+01
6.440000012207030977e+01
4.659999975585937193e+01
6.679999978637695790e+01
4.199999975585937761e+01
6.279999981689453392e+01
5.599999990844726483e+01
4.420000003051757886e+01
6.859999975585937193e+01
3.600000000000000000e+01
5.899999987792968881e+01
5.859999996948242540e+01
3.439999984741211136e+01
5.599999984741211279e+01
6.279999981689453392e+01
5.599999969482421847e+01
6.339999987792968739e+01
5.099999972534179449e+01
5.299999969482421847e+01
6.619999969482421420e+01
7.799999963378905932e+01
6.019999975585937335e+01
5.239999999999999858e+01
5.479999984741210994e+01
4.199999981689452966e+01
6.179999987792968597e+01
5.079999987792968597e+01
7.500000000000000000e+01
7.279999951171875239e+01
5.879999993896484511e+01
6.419999975585938046e+01
5.899999984741211279e+01
8.419999951171874386e+01
5.099999987792968881e+01
7.979999945068360034e+01
5.920000006103515489e+01
6.479999969482422273e+01
6.540000012207030977e+01
7.339999963378906500e+01
8.420000012207030693e+01
7.319999993896485080e+01
6.139999975585937619e+01
6.739999981689453534e+01
6.259999987792969023e+01
5.939999969482421704e+01
7.799999993896484796e+01
5.580000003051758029e+01
6.959999981689453818e+01
9.239999938964844262e+01
9.559999963378906784e+01
9.459999963378906784e+01
9.659999999999999432e+01
9.659999999999999432e+01
9.320000006103515489e+01
9.619999963378906216e+01
9.700000006103515204e+01
9.659999963378906784e+01
9.520000006103515489e+01
9.539999981689453534e+01
9.500000006103515204e+01
9.419999969482421420e+01
9.560000012207031261e+01
9.500000006103515204e+01
9.419999969482421420e+01
9.179999981689452682e+01
9.499999975585937761e+01
9.399999969482422557e+01
9.460000006103516057e+01
9.579999969482422273e+01
9.559999963378906784e+01
9.200000006103515204e+01
9.579999999999999716e+01
9.579999963378905647e+01
9.540000006103515773e+01
9.400000012207031830e+01
9.579999963378905647e+01
9.519999969482421420e+01
9.539999969482421704e+01
9.399999969482422557e+01
9.579999975585937477e+01
9.520000000000000284e+01
9.520000006103515489e+01
9.599999969482422557e+01
9.619999963378906216e+01
9.639999975585936909e+01
9.619999963378906216e+01
9.599999969482422557e+01
9.619999969482421420e+01
9.639999963378906500e+01
9.700000006103515204e+01
9.840000000000000568e+01
9.860000006103516057e+01
9.859999963378906784e+01
9.879999969482422273e+01
9.880000006103514920e+01
9.879999963378905647e+01
9.879999999999999716e+01
9.859999963378906784e+01
9.899999963378905932e+01
9.899999963378905932e+01
9.899999963378905932e+01
9.879999999999999716e+01
9.840000000000000568e+01
9.780000012207031546e+01
9.779999963378905647e+01
9.760000006103516057e+01
9.740000000000000568e+01
9.759999999999999432e+01
9.740000006103515773e+01
9.660000006103516057e+01
9.699999969482422557e+01
9.739999963378906500e+01
9.759999963378906784e+01
9.719999963378906216e+01
9.679999963378905647e+01
9.719999963378906216e+01
9.720000000000000284e+01
9.699999963378905932e+01
9.720000000000000284e+01
9.699999963378905932e+01
9.699999969482422557e+01
9.740000000000000568e+01
9.720000012207030693e+01
9.720000006103515489e+01
9.740000006103515773e+01
9.700000006103515204e+01
9.720000006103515489e+01
9.759999999999999432e+01
9.720000006103515489e+01
9.720000000000000284e+01
9.739999963378906500e+01
9.740000006103515773e+01
9.680000006103514920e+01
9.760000006103516057e+01
9.700000000000000000e+01
9.739999969482421704e+01
9.719999963378906216e+01
9.739999963378906500e+01
9.720000006103515489e+01
9.759999969482421989e+01
9.659999963378906784e+01
9.659999969482421989e+01
9.759999963378906784e+01
9.700000006103515204e+01
9.740000006103515773e+01
9.700000006103515204e+01
9.740000012207030977e+01
9.680000006103514920e+01
9.720000000000000284e+01
9.699999963378905932e+01
9.659999963378906784e+01
9.679999963378905647e+01
9.700000000000000000e+01
9.740000006103515773e+01
9.679999999999999716e+01
9.720000006103515489e+01
9.759999963378906784e+01
9.680000006103514920e+01
9.759999963378906784e+01
9.699999963378905932e+01
9.760000012207031261e+01
9.740000000000000568e+01
9.759999999999999432e+01
9.679999999999999716e+01
9.699999963378905932e+01
9.700000000000000000e+01
