0.000000000000000000e+00
2.739999993896484298e+01
1.419999992370605391e+01
1.139999998474121057e+01
3.599999988555908192e+00
5.399999988555908459e+00
2.360000000000000142e+01
1.299999994659423841e+01
1.199999994659423841e+01
1.040000001525878837e+01
3.939999969482421704e+01
1.860000001525878943e+01
3.399999987792968881e+01
1.800000001525878801e+01
2.699999990844726483e+01
2.840000003051757815e+01
8.999999977111816207e+00
4.439999978637695222e+01
2.699999996948242043e+01
3.679999984741210994e+01
3.159999978637695150e+01
2.939999993896484298e+01
5.939999978637695222e+01
3.260000006103515346e+01
4.839999975585937619e+01
3.919999969482422131e+01
6.999999975585937761e+01
3.760000000000000142e+01
6.939999981689453534e+01
3.459999978637695506e+01
4.280000003051758029e+01
1.960000003051757744e+01
6.099999984741211279e+01
4.279999978637695079e+01
5.299999993896484085e+01
5.879999987792968597e+01
4.139999993896484654e+01
6.299999981689452966e+01
2.919999999999999929e+01
5.699999993896484085e+01
7.720000000000000284e+01
5.760000006103515346e+01
4.299999978637695364e+01
4.220000000000000284e+01
5.759999996948242540e+01
4.720000006103515489e+01
6.039999978637695222e+01
5.579999999999999716e+01
7.759999938964843125e+01
7.639999951171874670e+01
5.699999993896484085e+01
6.519999981689453250e+01
4.159999993896484227e+01
2.459999969482421989e+01
4.579999999999999716e+01
5.640000012207030977e+01
5.359999978637695506e+01
6.459999978637695506e+01
6.199999969482421847e+01
2.859999972534179591e+01
7.699999993896484796e+01
4.759999978637695506e+01
6.999999984741211279e+01
4.399999969482421847e+01
5.219999972534179733e+01
5.400000006103515915e+01
5.899999978637695364e+01
8.000000000000000000e+01
5.160000000000000142e+01
7.159999969482421989e+01
4.699999969482421847e+01
5.560000012207031261e+01
6.479999969482422273e+01
6.559999969482421989e+01
6.779999978637695790e+01
8.879999993896484511e+01
5.620000003051757886e+01
7.820000000000000284e+01
5.679999975585937477e+01
5.660000000000000142e+01
6.759999990844725914e+01
7.440000006103515773e+01
9.039999969482421704e+01
9.459999975585937193e+01
9.420000012207030693e+01
9.480000006103514920e+01
9.400000006103515204e+01
9.580000006103514920e+01
9.459999969482421989e+01
9.460000012207031261e+01
9.059999938964843125e+01
9.279999981689452682e+01
9.300000000000000000e+01
9.419999969482421420e+01
9.359999938964843125e+01
9.259999969482421989e+01
9.260000006103516057e+01
9.499999969482422557e+01
9.459999975585937193e+01
9.459999969482421989e+01
9.399999969482422557e+01
9.259999969482421989e+01
9.320000012207030693e+01
9.320000006103515489e+01
9.360000006103516057e+01
9.279999975585937477e+01
9.199999969482422557e+01
9.400000012207031830e+01
9.159999975585937193e+01
9.299999969482422557e+01
9.400000012207031830e+01
9.439999969482421704e+01
9.579999963378905647e+01
9.499999963378905932e+01
9.340000012207030977e+01
9.319999981689453250e+01
9.400000012207031830e+01
9.559999981689453818e+01
9.339999963378906500e+01
9.279999938964843409e+01
9.400000006103515204e+01
9.379999969482422273e+01
9.519999975585938046e+01
9.620000006103515489e+01
9.739999963378906500e+01
9.759999999999999432e+01
9.820000000000000284e+01
9.800000000000000000e+01
9.759999969482421989e+01
9.720000000000000284e+01
9.820000000000000284e+01
9.840000000000000568e+01
9.800000006103515204e+01
9.779999963378905647e+01
9.800000006103515204e+01
9.779999999999999716e+01
9.679999969482422273e+01
9.640000006103515773e+01
9.619999969482421420e+01
9.620000000000000284e+01
9.620000006103515489e+01
9.620000000000000284e+01
9.659999963378906784e+01
9.660000006103516057e+01
9.660000006103516057e+01
9.640000006103515773e+01
9.639999963378906500e+01
9.679999963378905647e+01
9.639999963378906500e+01
9.640000000000000568e+01
9.640000000000000568e+01
9.659999963378906784e+01
9.639999969482421704e+01
9.639999969482421704e+01
9.620000012207030693e+01
9.659999999999999432e+01
9.660000006103516057e+01
9.660000006103516057e+01
9.640000006103515773e+01
9.660000006103516057e+01
9.659999963378906784e+01
9.639999938964844262e+01
9.659999963378906784e+01
9.679999999999999716e+01
9.680000006103514920e+01
9.640000006103515773e+01
9.639999963378906500e+01
9.640000000000000568e+01
9.700000006103515204e+01
9.660000006103516057e+01
9.660000006103516057e+01
9.579999963378905647e+01
9.640000000000000568e+01
9.639999963378906500e+01
9.660000006103516057e+01
9.620000006103515489e+01
9.599999963378905932e+01
9.639999963378906500e+01
9.600000006103515204e+01
9.660000006103516057e+01
9.659999963378906784e+01
9.640000006103515773e+01
9.639999963378906500e+01
9.640000006103515773e+01
9.599999969482422557e+01
9.600000006103515204e+01
9.659999999999999432e+01
9.620000012207030693e+01
9.600000000000000000e+01
9.620000000000000284e+01
9.660000006103516057e+01
9.640000006103515773e+01
9.620000000000000284e+01
9.640000000000000568e+01
9.639999963378906500e+01
9.679999969482422273e+01
9.599999969482422557e+01
9.699999969482422557e+01
9.659999969482421989e+01
9.659999963378906784e+01
