0.000000000000000000e+00
0.000000000000000000e+00
2.659999989318847824e+01
1.639999989318847540e+01
2.799999999999999822e+00
1.279999998474121092e+01
9.400000015258788366e+00
1.419999994659423770e+01
2.619999981689453250e+01
3.239999978637695222e+01
4.760000006103515346e+01
1.960000000000000142e+01
2.839999999999999858e+01
3.679999981689453392e+01
5.379999993896484511e+01
4.919999975585937335e+01
4.980000006103515631e+01
3.459999972534179591e+01
1.499999992370605462e+01
4.460000003051757744e+01
5.579999996948242114e+01
4.419999972534179733e+01
3.279999984741210994e+01
6.019999978637695648e+01
7.139999957275391296e+01
5.379999969482421562e+01
6.940000006103515773e+01
5.719999993896484369e+01
5.360000000000000142e+01
5.079999999999999716e+01
4.559999993896484227e+01
4.859999996948242540e+01
4.419999972534179733e+01
6.619999969482421420e+01
7.079999978637695790e+01
7.719999993896485080e+01
4.859999975585937193e+01
4.019999984741210852e+01
6.499999969482422557e+01
4.520000003051757886e+01
5.579999999999999716e+01
5.220000006103515489e+01
6.879999975585937477e+01
6.019999984741210852e+01
6.960000006103516057e+01
6.139999981689452824e+01
7.059999978637695506e+01
5.600000006103515915e+01
7.199999978637694653e+01
6.459999978637695506e+01
6.659999957275390159e+01
7.079999981689452682e+01
6.139999981689452824e+01
8.679999951171875239e+01
7.199999975585937761e+01
7.659999963378906784e+01
4.099999972534179449e+01
5.599999987792968881e+01
4.079999969482421562e+01
6.840000006103515773e+01
5.659999990844726625e+01
6.299999990844726483e+01
6.499999990844726483e+01
8.219999993896485080e+01
6.400000012207031830e+01
6.199999993896484085e+01
7.180000006103514920e+01
8.019999951171874386e+01
5.039999990844726341e+01
7.839999951171874670e+01
5.799999984741211279e+01
6.439999981689453534e+01
4.379999972534179875e+01
6.179999975585937477e+01
5.579999999999999716e+01
6.299999981689452966e+01
7.819999951171874386e+01
8.059999987792969023e+01
7.879999987792969307e+01
7.279999999999999716e+01
7.059999999999999432e+01
6.439999978637695222e+01
9.019999981689453250e+01
8.279999945068360034e+01
9.260000012207031261e+01
9.640000006103515773e+01
9.599999963378905932e+01
9.779999963378905647e+01
9.699999963378905932e+01
9.759999963378906784e+01
9.460000012207031261e+01
9.699999963378905932e+01
9.600000006103515204e+01
9.799999963378905932e+01
9.599999975585937761e+01
9.560000006103516057e+01
9.499999963378905932e+01
9.540000006103515773e+01
9.519999969482421420e+01
9.640000000000000568e+01
9.500000006103515204e+01
9.540000006103515773e+01
9.440000006103515773e+01
9.659999999999999432e+01
9.559999969482421989e+01
9.399999963378905932e+01
9.519999963378906216e+01
9.379999969482422273e+01
9.560000012207031261e+01
9.439999969482421704e+01
9.620000006103515489e+01
9.539999969482421704e+01
9.500000006103515204e+01
9.439999938964844262e+01
9.419999963378906216e+01
9.399999969482422557e+01
9.680000006103514920e+01
9.320000012207030693e+01
9.579999969482422273e+01
9.539999969482421704e+01
9.400000000000000000e+01
9.619999963378906216e+01
9.500000012207031830e+01
9.600000012207031830e+01
9.699999969482422557e+01
9.700000000000000000e+01
9.740000000000000568e+01
9.820000000000000284e+01
9.819999963378906216e+01
9.880000006103514920e+01
9.800000000000000000e+01
9.840000000000000568e+01
9.820000006103515489e+01
9.759999999999999432e+01
9.799999963378905932e+01
9.800000000000000000e+01
9.799999963378905932e+01
9.799999963378905932e+01
9.800000000000000000e+01
9.800000006103515204e+01
9.800000000000000000e+01
9.779999999999999716e+01
9.719999963378906216e+01
9.659999963378906784e+01
9.720000000000000284e+01
9.679999963378905647e+01
9.700000006103515204e+01
9.680000006103514920e+01
9.680000006103514920e+01
9.680000012207031546e+01
9.680000012207031546e+01
9.599999963378905932e+01
9.640000006103515773e+01
9.660000006103516057e+01
9.700000012207031830e+01
9.679999963378905647e+01
9.679999963378905647e+01
9.619999963378906216e+01
9.719999963378906216e+01
9.680000006103514920e+01
9.700000006103515204e+01
9.660000006103516057e+01
9.659999999999999432e+01
9.659999999999999432e+01
9.679999999999999716e+01
9.700000000000000000e+01
9.639999963378906500e+01
9.699999963378905932e+01
9.660000006103516057e+01
9.700000012207031830e+01
9.619999969482421420e+01
9.659999999999999432e+01
9.659999999999999432e+01
9.720000000000000284e+01
9.659999969482421989e+01
9.599999963378905932e+01
9.620000006103515489e+01
9.619999969482421420e+01
9.679999969482422273e+01
9.600000012207031830e+01
9.619999963378906216e+01
9.640000006103515773e+01
9.640000006103515773e+01
9.679999963378905647e+01
9.679999963378905647e+01
9.620000006103515489e+01
9.619999975585938046e+01
9.600000006103515204e+01
9.740000000000000568e+01
9.659999999999999432e+01
9.700000006103515204e+01
9.679999999999999716e+01
9.680000012207031546e+01
9.659999963378906784e+01
9.680000006103514920e+01
9.679999963378905647e+01
9.679999969482422273e+01
9.720000012207030693e+01
9.619999969482421420e+01
9.660000006103516057e+01
