2.000000000000000111e-01
4.399999988555908459e+00
5.999999999999999778e-01
1.520000001525878908e+01
2.799999987792968881e+01
1.579999994659423912e+01
1.779999992370605355e+01
1.659999998474120986e+01
2.999999993896484440e+01
1.699999992370605639e+01
3.819999975585937335e+01
2.039999986267089938e+01
2.359999986267089866e+01
3.139999989318847540e+01
3.379999978637695079e+01
2.260000003051757744e+01
3.419999978637695648e+01
3.100000000000000000e+01
4.999999996948242398e+01
2.620000003051757886e+01
5.239999996948242256e+01
3.479999999999999716e+01
7.059999987792969023e+01
6.399999987792968881e+01
4.059999984741210710e+01
3.299999996948242398e+01
4.919999969482422131e+01
5.679999981689453392e+01
7.600000000000000000e+01
4.779999969482421562e+01
5.579999999999999716e+01
5.520000000000000284e+01
7.059999999999999432e+01
7.339999975585936909e+01
6.959999963378906784e+01
5.879999993896484511e+01
7.439999951171874670e+01
4.159999981689453108e+01
6.439999963378906500e+01
6.959999963378906784e+01
6.359999975585937193e+01
6.160000006103515346e+01
4.539999984741211136e+01
7.179999969482422273e+01
6.019999975585937335e+01
5.400000006103515915e+01
5.319999990844726767e+01
6.339999969482421704e+01
7.859999963378906784e+01
5.359999978637695506e+01
6.499999975585937761e+01
7.939999951171874670e+01
7.280000006103514920e+01
6.400000012207031830e+01
7.659999963378906784e+01
8.099999945068358898e+01
7.540000000000000568e+01
7.059999978637695506e+01
6.519999981689453250e+01
6.819999963378906216e+01
3.199999981689452966e+01
7.279999938964843409e+01
7.539999993896483943e+01
7.919999957275391012e+01
6.379999996948242114e+01
7.659999957275390159e+01
8.759999987792969023e+01
5.859999981689453108e+01
7.439999993896483943e+01
6.579999978637695790e+01
8.820000006103515489e+01
8.299999957275390727e+01
6.480000012207031546e+01
5.940000006103515773e+01
7.339999957275391296e+01
6.459999969482421989e+01
6.779999951171875239e+01
7.940000000000000568e+01
5.999999963378905932e+01
6.399999978637695364e+01
4.079999969482421562e+01
6.659999987792969023e+01
9.079999969482422273e+01
9.519999963378906216e+01
9.379999969482422273e+01
9.500000012207031830e+01
9.440000006103515773e+01
9.539999963378906500e+01
9.620000006103515489e+01
9.540000006103515773e+01
9.479999969482422273e+01
9.299999969482422557e+01
9.159999963378906784e+01
9.279999981689452682e+01
9.300000012207031830e+01
9.299999975585937761e+01
9.339999969482421704e+01
9.399999975585937761e+01
9.339999975585936909e+01
9.340000006103515773e+01
9.259999938964843125e+01
9.379999975585937477e+01
9.399999969482422557e+01
9.299999945068358898e+01
9.440000012207030977e+01
9.419999963378906216e+01
9.360000012207031261e+01
9.239999975585936909e+01
9.419999963378906216e+01
9.339999938964844262e+01
9.239999969482421704e+01
9.299999975585937761e+01
9.360000006103516057e+01
9.260000012207031261e+01
9.220000012207030693e+01
9.279999975585937477e+01
9.300000006103515204e+01
9.379999969482422273e+01
9.039999969482421704e+01
9.359999969482421989e+01
9.199999969482422557e+01
9.379999999999999716e+01
9.199999975585937761e+01
9.479999975585937477e+01
9.639999963378906500e+01
9.759999999999999432e+01
9.820000000000000284e+01
9.659999969482421989e+01
9.659999963378906784e+01
9.660000006103516057e+01
9.680000012207031546e+01
9.659999975585937193e+01
9.620000000000000284e+01
9.759999963378906784e+01
9.659999969482421989e+01
9.700000006103515204e+01
9.699999969482422557e+01
9.639999963378906500e+01
9.619999963378906216e+01
9.460000006103516057e+01
9.439999975585936909e+01
9.439999969482421704e+01
9.479999969482422273e+01
9.439999969482421704e+01
9.439999969482421704e+01
9.460000012207031261e+01
9.460000006103516057e+01
9.419999963378906216e+01
9.400000006103515204e+01
9.420000000000000284e+01
9.400000012207031830e+01
9.460000012207031261e+01
9.479999963378905647e+01
9.420000006103515489e+01
9.379999963378905647e+01
9.420000006103515489e+01
9.419999969482421420e+01
9.459999969482421989e+01
9.440000012207030977e+01
9.419999969482421420e+01
9.439999969482421704e+01
9.420000006103515489e+01
9.419999969482421420e+01
9.460000012207031261e+01
9.419999963378906216e+01
9.499999963378905932e+01
9.420000000000000284e+01
9.480000012207031546e+01
9.479999938964843409e+01
9.460000006103516057e+01
9.479999969482422273e+01
9.419999975585938046e+01
9.440000006103515773e+01
9.439999963378906500e+01
9.419999969482421420e+01
9.420000012207030693e+01
9.420000006103515489e+01
9.419999969482421420e+01
9.419999975585938046e+01
9.480000006103514920e+01
9.440000012207030977e+01
9.419999975585938046e+01
9.439999963378906500e+01
9.400000006103515204e+01
9.419999969482421420e+01
9.420000012207030693e+01
9.439999938964844262e+01
9.460000012207031261e+01
9.439999963378906500e+01
9.379999963378905647e+01
9.420000006103515489e+01
9.500000012207031830e+01
9.440000006103515773e+01
9.520000006103515489e+01
9.419999963378906216e+01
9.480000006103514920e+01
9.439999975585936909e+01
9.440000012207030977e+01
9.360000012207031261e+01
9.380000012207031546e+01
