2.599999988555908192e+00
5.999999999999999778e-01
1.859999995422363384e+01
1.999999992370605639e+01
1.619999986267090009e+01
1.139999998855590846e+01
2.599999993896484440e+01
2.639999987792968739e+01
3.179999981689453037e+01
1.820000001525878730e+01
6.759999999999999432e+01
3.060000003051757744e+01
4.499999993896484085e+01
6.579999978637695790e+01
4.299999984741211279e+01
2.839999989318847540e+01
4.399999969482421847e+01
3.219999993896484369e+01
3.659999975585937193e+01
4.780000006103515631e+01
5.539999975585937619e+01
5.119999993896484369e+01
6.040000012207030977e+01
6.619999978637694937e+01
5.699999978637695364e+01
7.280000012207031546e+01
5.179999996948242114e+01
5.379999987792968597e+01
5.219999981689453250e+01
7.579999957275390443e+01
7.340000006103515773e+01
7.739999993896483943e+01
5.159999969482421989e+01
8.139999981689453534e+01
8.719999981689453250e+01
6.639999969482421704e+01
7.479999951171875239e+01
5.959999984741210710e+01
7.880000006103514920e+01
8.359999993896484227e+01
6.820000006103515489e+01
7.859999951171874955e+01
6.040000012207030977e+01
6.699999987792968170e+01
4.439999972534180017e+01
5.299999978637695364e+01
3.440000003051757460e+01
7.419999969482421420e+01
8.499999945068358898e+01
4.700000000000000000e+01
6.459999978637695506e+01
9.000000012207031830e+01
7.339999963378906500e+01
9.039999969482421704e+01
9.439999975585936909e+01
8.479999957275390443e+01
8.919999987792968454e+01
8.579999945068360034e+01
5.779999975585937477e+01
8.299999951171875523e+01
7.259999987792969023e+01
7.539999963378906500e+01
7.679999993896484511e+01
8.459999938964843125e+01
7.699999975585937761e+01
8.759999945068359750e+01
6.400000012207031830e+01
8.739999993896483943e+01
6.800000000000000000e+01
7.679999957275390443e+01
9.259999975585937193e+01
8.120000000000000284e+01
5.519999990844726767e+01
7.399999963378905932e+01
7.599999951171875523e+01
7.639999951171874670e+01
8.539999981689453534e+01
8.739999945068359466e+01
9.360000012207031261e+01
5.440000003051757460e+01
8.539999987792968739e+01
8.979999938964843409e+01
9.619999963378906216e+01
9.419999969482421420e+01
9.520000006103515489e+01
9.480000006103514920e+01
9.639999963378906500e+01
9.560000006103516057e+01
9.540000006103515773e+01
9.659999999999999432e+01
9.479999963378905647e+01
9.500000006103515204e+01
9.479999975585937477e+01
9.260000012207031261e+01
9.400000012207031830e+01
9.420000006103515489e+01
9.339999938964844262e+01
9.299999963378905932e+01
9.319999969482421420e+01
9.400000012207031830e+01
9.439999975585936909e+01
9.419999975585938046e+01
9.299999963378905932e+01
9.299999969482422557e+01
9.340000012207030977e+01
9.399999963378905932e+01
9.459999981689453818e+01
9.399999969482422557e+01
9.519999969482421420e+01
9.299999975585937761e+01
9.399999975585937761e+01
9.360000012207031261e+01
9.400000006103515204e+01
9.400000012207031830e+01
9.439999963378906500e+01
9.479999963378905647e+01
9.459999969482421989e+01
9.459999969482421989e+01
9.440000006103515773e+01
9.439999963378906500e+01
9.559999963378906784e+01
9.579999975585937477e+01
9.640000006103515773e+01
9.759999999999999432e+01
9.700000000000000000e+01
9.679999969482422273e+01
9.720000000000000284e+01
9.679999963378905647e+01
9.739999963378906500e+01
9.679999963378905647e+01
9.679999963378905647e+01
9.779999969482422273e+01
9.740000000000000568e+01
9.700000006103515204e+01
9.700000012207031830e+01
9.680000006103514920e+01
9.559999969482421989e+01
9.520000012207030693e+01
9.579999963378905647e+01
9.399999969482422557e+01
9.500000006103515204e+01
9.500000006103515204e+01
9.460000006103516057e+01
9.519999969482421420e+01
9.479999969482422273e+01
9.539999963378906500e+01
9.539999963378906500e+01
9.459999969482421989e+01
9.519999969482421420e+01
9.560000006103516057e+01
9.559999969482421989e+01
9.540000006103515773e+01
9.560000012207031261e+01
9.539999963378906500e+01
9.540000006103515773e+01
9.539999963378906500e+01
9.540000006103515773e+01
9.459999969482421989e+01
9.539999969482421704e+01
9.599999975585937761e+01
9.459999975585937193e+01
9.539999963378906500e+01
9.520000006103515489e+01
9.480000006103514920e+01
9.539999969482421704e+01
9.599999969482422557e+01
9.520000006103515489e+01
9.579999963378905647e+01
9.559999969482421989e+01
9.559999963378906784e+01
9.520000000000000284e+01
9.479999975585937477e+01
9.559999963378906784e+01
9.480000012207031546e+01
9.559999999999999432e+01
9.580000006103514920e+01
9.539999969482421704e+01
9.459999999999999432e+01
9.500000000000000000e+01
9.539999963378906500e+01
9.559999963378906784e+01
9.560000012207031261e+01
9.479999969482422273e+01
9.479999963378905647e+01
9.519999969482421420e+01
9.519999969482421420e+01
9.500000000000000000e+01
9.540000006103515773e+01
9.540000012207030977e+01
9.500000012207031830e+01
9.520000012207030693e+01
9.560000006103516057e+01
9.539999963378906500e+01
9.480000006103514920e+01
9.560000006103516057e+01
9.520000006103515489e+01
9.540000006103515773e+01
9.559999999999999432e+01
9.560000012207031261e+01
9.560000006103516057e+01
