0.000000000000000000e+00
0.000000000000000000e+00
1.019999999999999929e+01
9.800000000000000711e+00
1.009999999999999964e+01
1.019999999999999929e+01
1.050000000000000000e+01
1.109999999999999964e+01
1.530000000000000071e+01
3.069999999999999929e+01
4.400000000000000000e+01
5.260000000000000142e+01
7.290000000000000568e+01
7.479999999999999716e+01
8.259999999999999432e+01
9.140000000000000568e+01
9.059999999999999432e+01
9.550000000000000000e+01
9.850000000000000000e+01
9.900000000000000000e+01
9.929999999999999716e+01
9.920000000000000284e+01
9.929999999999999716e+01
9.920000000000000284e+01
9.940000000000000568e+01
9.950000000000000000e+01
9.959999999999999432e+01
9.970000000000000284e+01
9.970000000000000284e+01
9.979999999999999716e+01
9.979999999999999716e+01
9.979999999999999716e+01
9.979999999999999716e+01
9.979999999999999716e+01
9.979999999999999716e+01
9.979999999999999716e+01
9.979999999999999716e+01
9.979999999999999716e+01
9.979999999999999716e+01
9.979999999999999716e+01
