1.000000000000000000e+02
1.600000000000000000e+01
1.409999999999999964e+01
1.109999999999999964e+01
1.119999999999999929e+01
1.150000000000000000e+01
1.280000000000000071e+01
1.369999999999999929e+01
1.980000000000000071e+01
3.960000000000000142e+01
4.920000000000000284e+01
5.950000000000000000e+01
7.350000000000000000e+01
7.179999999999999716e+01
8.950000000000000000e+01
9.040000000000000568e+01
8.650000000000000000e+01
9.770000000000000284e+01
9.890000000000000568e+01
9.909999999999999432e+01
9.909999999999999432e+01
9.920000000000000284e+01
9.920000000000000284e+01
9.920000000000000284e+01
9.929999999999999716e+01
9.929999999999999716e+01
9.950000000000000000e+01
9.950000000000000000e+01
9.950000000000000000e+01
9.950000000000000000e+01
9.950000000000000000e+01
9.950000000000000000e+01
9.950000000000000000e+01
9.950000000000000000e+01
9.950000000000000000e+01
9.950000000000000000e+01
9.950000000000000000e+01
9.950000000000000000e+01
9.950000000000000000e+01
9.950000000000000000e+01
