0.000000000000000000e+00
4.000000000000000000e+00
1.159999999999999964e+01
1.109999999999999964e+01
1.080000000000000071e+01
1.059999999999999964e+01
1.109999999999999964e+01
1.209999999999999964e+01
3.510000000000000142e+01
4.289999999999999858e+01
6.150000000000000000e+01
7.020000000000000284e+01
7.470000000000000284e+01
6.900000000000000000e+01
8.729999999999999716e+01
9.640000000000000568e+01
9.600000000000000000e+01
9.809999999999999432e+01
9.920000000000000284e+01
9.950000000000000000e+01
9.940000000000000568e+01
9.959999999999999432e+01
9.950000000000000000e+01
9.950000000000000000e+01
9.959999999999999432e+01
9.959999999999999432e+01
9.959999999999999432e+01
9.979999999999999716e+01
9.990000000000000568e+01
9.990000000000000568e+01
9.990000000000000568e+01
9.990000000000000568e+01
9.990000000000000568e+01
9.979999999999999716e+01
9.990000000000000568e+01
9.979999999999999716e+01
9.979999999999999716e+01
9.990000000000000568e+01
9.990000000000000568e+01
9.990000000000000568e+01
