0.000000000000000000e+00
0.000000000000000000e+00
1.340000000000000036e+01
1.319999999999999929e+01
1.209999999999999964e+01
1.319999999999999929e+01
2.330000000000000071e+01
5.970000000000000284e+01
8.540000000000000568e+01
8.240000000000000568e+01
9.379999999999999716e+01
9.390000000000000568e+01
9.929999999999999716e+01
9.579999999999999716e+01
9.879999999999999716e+01
9.879999999999999716e+01
9.670000000000000284e+01
9.970000000000000284e+01
9.979999999999999716e+01
9.970000000000000284e+01
9.970000000000000284e+01
9.970000000000000284e+01
9.970000000000000284e+01
9.970000000000000284e+01
9.970000000000000284e+01
9.970000000000000284e+01
9.990000000000000568e+01
1.000000000000000000e+02
9.990000000000000568e+01
9.979999999999999716e+01
9.979999999999999716e+01
9.979999999999999716e+01
9.970000000000000284e+01
9.979999999999999716e+01
9.979999999999999716e+01
9.979999999999999716e+01
9.979999999999999716e+01
9.979999999999999716e+01
9.979999999999999716e+01
9.979999999999999716e+01
