0.000000000000000000e+00
0.000000000000000000e+00
1.080000000000000071e+01
8.800000000000000711e+00
9.400000000000000355e+00
9.900000000000000355e+00
1.719999999999999929e+01
2.519999999999999929e+01
4.579999999999999716e+01
7.009999999999999432e+01
8.350000000000000000e+01
8.809999999999999432e+01
9.300000000000000000e+01
9.640000000000000568e+01
9.150000000000000000e+01
9.800000000000000000e+01
9.629999999999999716e+01
9.850000000000000000e+01
1.000000000000000000e+02
9.990000000000000568e+01
9.959999999999999432e+01
9.990000000000000568e+01
1.000000000000000000e+02
9.990000000000000568e+01
9.990000000000000568e+01
1.000000000000000000e+02
1.000000000000000000e+02
1.000000000000000000e+02
1.000000000000000000e+02
1.000000000000000000e+02
1.000000000000000000e+02
1.000000000000000000e+02
1.000000000000000000e+02
1.000000000000000000e+02
1.000000000000000000e+02
1.000000000000000000e+02
1.000000000000000000e+02
1.000000000000000000e+02
1.000000000000000000e+02
1.000000000000000000e+02
