3.399999990844726483e+01
3.819999990844726767e+01
4.739999978637695222e+01
1.679999998474121270e+01
4.299999981689452966e+01
4.980000003051758029e+01
3.539999990844726341e+01
7.600000007629394538e+00
2.439999989318847540e+01
2.159999989318847824e+01
2.639999999999999858e+01
1.660000001525878943e+01
2.599999986267089724e+01
2.620000003051757886e+01
3.899999978637695364e+01
5.459999993896484227e+01
9.199999977111817273e+00
1.979999995422363313e+01
1.399999998474121021e+01
1.719999992370605568e+01
4.519999969482422131e+01
5.899999990844726483e+01
5.420000000000000284e+01
2.500000000000000000e+01
3.579999984741210994e+01
3.879999981689453392e+01
3.719999984741210852e+01
2.819999993896484369e+01
4.019999981689453250e+01
3.379999993896484511e+01
2.319999986267090009e+01
1.240000001525878837e+01
2.760000003051757744e+01
2.939999996948242256e+01
3.899999978637695364e+01
2.659999996948242185e+01
2.919999999999999929e+01
5.999999988555908104e+00
3.579999984741210994e+01
4.659999969482421989e+01
4.179999978637695079e+01
2.459999986267089866e+01
2.159999989318847824e+01
3.239999993896484654e+01
4.019999981689453250e+01
3.599999981689452966e+01
2.319999986267090009e+01
2.480000003051757673e+01
2.620000003051757886e+01
4.659999969482421989e+01
3.379999993896484511e+01
4.179999978637695079e+01
1.839999995422363455e+01
1.999999992370605639e+01
3.239999993896484654e+01
3.099999993896484440e+01
4.359999972534179591e+01
5.599999993896484085e+01
2.480000003051757673e+01
3.219999996948241971e+01
3.079999996948242114e+01
3.559999987792969023e+01
2.939999996948242256e+01
2.879999986267089795e+01
2.480000003051757673e+01
4.179999978637695079e+01
1.059999997711181585e+01
3.859999984741210710e+01
1.839999995422363455e+01
2.459999986267089866e+01
2.819999993896484369e+01
2.139999992370605497e+01
1.739999989318847540e+01
2.939999996948242256e+01
2.919999999999999929e+01
3.719999984741210852e+01
3.200000000000000000e+01
5.439999996948242256e+01
2.599999986267089724e+01
3.079999996948242114e+01
1.559999995422363206e+01
2.439999989318847540e+01
2.799999996948242043e+01
2.599999986267089724e+01
2.119999995422363170e+01
2.319999986267090009e+01
2.780000000000000071e+01
1.839999995422363455e+01
2.179999986267089795e+01
2.459999986267089866e+01
3.060000000000000142e+01
1.719999992370605568e+01
4.799999969482421847e+01
1.419999995422363348e+01
1.999999992370605639e+01
2.200000003051757957e+01
1.399999998474121021e+01
4.359999972534179591e+01
2.639999999999999858e+01
2.299999989318847682e+01
4.659999969482421989e+01
2.780000000000000071e+01
2.159999989318847824e+01
3.559999987792969023e+01
3.259999990844726625e+01
2.939999996948242256e+01
2.620000003051757886e+01
2.299999989318847682e+01
2.319999986267090009e+01
3.399999990844726483e+01
2.639999999999999858e+01
2.179999986267089795e+01
2.939999996948242256e+01
2.459999986267089866e+01
2.939999996948242256e+01
2.500000000000000000e+01
3.399999990844726483e+01
2.340000003051757815e+01
2.319999986267090009e+01
2.480000003051757673e+01
2.319999986267090009e+01
3.399999990844726483e+01
2.319999986267090009e+01
2.179999986267089795e+01
2.780000000000000071e+01
2.639999999999999858e+01
2.760000003051757744e+01
2.939999996948242256e+01
2.480000003051757673e+01
2.639999999999999858e+01
2.340000003051757815e+01
2.459999986267089866e+01
2.340000003051757815e+01
2.639999999999999858e+01
2.780000000000000071e+01
2.500000000000000000e+01
2.340000003051757815e+01
2.480000003051757673e+01
3.079999996948242114e+01
2.319999986267090009e+01
2.179999986267089795e+01
2.599999986267089724e+01
2.179999986267089795e+01
2.480000003051757673e+01
2.919999999999999929e+01
3.399999990844726483e+01
2.780000000000000071e+01
2.179999986267089795e+01
3.219999996948241971e+01
2.760000003051757744e+01
2.919999999999999929e+01
2.919999999999999929e+01
3.239999993896484654e+01
3.079999996948242114e+01
2.919999999999999929e+01
2.919999999999999929e+01
3.079999996948242114e+01
2.919999999999999929e+01
2.599999986267089724e+01
2.620000003051757886e+01
2.760000003051757744e+01
3.079999996948242114e+01
3.079999996948242114e+01
2.620000003051757886e+01
3.079999996948242114e+01
2.459999986267089866e+01
2.599999986267089724e+01
2.780000000000000071e+01
2.319999986267090009e+01
2.919999999999999929e+01
3.079999996948242114e+01
2.760000003051757744e+01
2.480000003051757673e+01
2.760000003051757744e+01
3.079999996948242114e+01
2.620000003051757886e+01
3.379999993896484511e+01
3.079999996948242114e+01
2.760000003051757744e+01
3.060000000000000142e+01
2.760000003051757744e+01
3.219999996948241971e+01
2.019999989318847611e+01
2.780000000000000071e+01
3.239999993896484654e+01
2.019999989318847611e+01
3.079999996948242114e+01
2.620000003051757886e+01
2.760000003051757744e+01
2.620000003051757886e+01
2.919999999999999929e+01
2.179999986267089795e+01
3.060000000000000142e+01
2.620000003051757886e+01
2.919999999999999929e+01
2.480000003051757673e+01
2.319999986267090009e+01
2.760000003051757744e+01
3.079999996948242114e+01
2.919999999999999929e+01
