6.199999987792968881e+01
9.199999977111817273e+00
1.520000001525878908e+01
3.099999993896484440e+01
1.240000001525878837e+01
2.900000003051757957e+01
4.459999978637695506e+01
1.719999992370605568e+01
3.199999988555908281e+00
2.340000003051757815e+01
1.219999994659423770e+01
5.759999990844726625e+01
1.539999998474121057e+01
4.659999969482421989e+01
1.999999992370605639e+01
4.159999981689453108e+01
4.039999978637695222e+01
3.579999984741210994e+01
1.399999998474121021e+01
4.939999969482421704e+01
1.879999989318847753e+01
4.059999975585937193e+01
3.239999993896484654e+01
2.340000003051757815e+01
2.799999996948242043e+01
2.319999986267090009e+01
2.979999990844726554e+01
3.459999981689453108e+01
1.399999998474121021e+01
3.579999984741210994e+01
5.999999988555908104e+00
2.959999993896484227e+01
3.879999981689453392e+01
7.799999977111816030e+00
1.559999995422363206e+01
4.039999978637695222e+01
2.959999993896484227e+01
3.279999987792968597e+01
5.739999993896484654e+01
2.679999993896484511e+01
3.279999987792968597e+01
3.739999981689452824e+01
5.739999993896484654e+01
2.799999996948242043e+01
1.859999992370605426e+01
2.139999992370605497e+01
2.480000003051757673e+01
2.639999999999999858e+01
3.759999978637695506e+01
1.559999995422363206e+01
1.879999989318847753e+01
2.159999989318847824e+01
1.380000001525878872e+01
6.200000007629394183e+00
2.019999989318847611e+01
4.079999972534179875e+01
2.959999993896484227e+01
1.539999998474121057e+01
1.559999995422363206e+01
3.279999987792968597e+01
2.500000000000000000e+01
2.500000000000000000e+01
4.799999969482421847e+01
2.939999996948242256e+01
4.459999978637695506e+01
3.999999984741211279e+01
1.119999998474121128e+01
3.119999990844726412e+01
3.099999993896484440e+01
2.159999989318847824e+01
2.299999989318847682e+01
4.199999975585937761e+01
2.019999989318847611e+01
1.699999995422363241e+01
3.979999987792968597e+01
5.999999988555908104e+00
3.879999981689453392e+01
1.380000001525878872e+01
2.780000000000000071e+01
2.459999986267089866e+01
3.399999990844726483e+01
2.459999986267089866e+01
1.399999998474121021e+01
2.159999989318847824e+01
2.799999996948242043e+01
2.279999992370605355e+01
1.559999995422363206e+01
1.859999992370605426e+01
2.179999986267089795e+01
2.480000003051757673e+01
2.620000003051757886e+01
2.019999989318847611e+01
3.679999990844726909e+01
1.520000001525878908e+01
2.179999986267089795e+01
2.919999999999999929e+01
2.159999989318847824e+01
3.239999993896484654e+01
2.179999986267089795e+01
2.019999989318847611e+01
2.780000000000000071e+01
2.480000003051757673e+01
2.340000003051757815e+01
2.819999993896484369e+01
2.959999993896484227e+01
2.799999996948242043e+01
2.919999999999999929e+01
2.019999989318847611e+01
2.799999996948242043e+01
2.500000000000000000e+01
2.480000003051757673e+01
2.780000000000000071e+01
2.340000003051757815e+01
2.780000000000000071e+01
2.319999986267090009e+01
1.859999992370605426e+01
2.179999986267089795e+01
2.799999996948242043e+01
2.319999986267090009e+01
1.539999998474121057e+01
2.340000003051757815e+01
2.639999999999999858e+01
2.659999996948242185e+01
3.099999993896484440e+01
2.319999986267090009e+01
2.159999989318847824e+01
2.159999989318847824e+01
2.480000003051757673e+01
1.539999998474121057e+01
2.780000000000000071e+01
2.939999996948242256e+01
2.179999986267089795e+01
2.620000003051757886e+01
1.859999992370605426e+01
2.500000000000000000e+01
1.859999992370605426e+01
2.019999989318847611e+01
2.480000003051757673e+01
2.019999989318847611e+01
2.179999986267089795e+01
2.340000003051757815e+01
2.639999999999999858e+01
2.019999989318847611e+01
2.939999996948242256e+01
2.500000000000000000e+01
2.500000000000000000e+01
2.639999999999999858e+01
2.340000003051757815e+01
2.500000000000000000e+01
2.659999996948242185e+01
2.799999996948242043e+01
2.179999986267089795e+01
2.659999996948242185e+01
2.500000000000000000e+01
2.500000000000000000e+01
2.799999996948242043e+01
2.799999996948242043e+01
2.659999996948242185e+01
2.659999996948242185e+01
2.639999999999999858e+01
2.340000003051757815e+01
2.500000000000000000e+01
2.639999999999999858e+01
2.659999996948242185e+01
2.799999996948242043e+01
2.659999996948242185e+01
2.639999999999999858e+01
2.659999996948242185e+01
2.179999986267089795e+01
2.799999996948242043e+01
2.500000000000000000e+01
2.500000000000000000e+01
2.639999999999999858e+01
2.799999996948242043e+01
2.500000000000000000e+01
2.500000000000000000e+01
2.799999996948242043e+01
2.500000000000000000e+01
2.799999996948242043e+01
2.659999996948242185e+01
2.340000003051757815e+01
2.179999986267089795e+01
2.659999996948242185e+01
2.500000000000000000e+01
2.340000003051757815e+01
2.500000000000000000e+01
2.799999996948242043e+01
2.179999986267089795e+01
2.500000000000000000e+01
2.799999996948242043e+01
2.659999996948242185e+01
2.500000000000000000e+01
2.500000000000000000e+01
2.500000000000000000e+01
2.500000000000000000e+01
2.639999999999999858e+01
2.179999986267089795e+01
2.500000000000000000e+01
2.500000000000000000e+01
2.659999996948242185e+01
