2.419999992370605568e+01
7.619999963378906216e+01
3.679999990844726909e+01
1.499999994659423841e+01
2.819999993896484369e+01
2.739999986267089938e+01
2.439999989318847540e+01
1.399999998474121021e+01
4.019999981689453250e+01
1.240000001525878837e+01
3.079999996948242114e+01
1.539999998474121057e+01
3.719999984741210852e+01
2.500000000000000000e+01
2.979999990844726554e+01
4.079999972534179875e+01
1.380000001525878872e+01
4.219999972534179733e+01
2.159999989318847824e+01
4.339999975585937619e+01
1.879999989318847753e+01
3.699999987792968881e+01
3.739999981689452824e+01
3.259999990844726625e+01
2.500000000000000000e+01
3.259999990844726625e+01
3.099999993896484440e+01
2.799999996948242043e+01
2.780000000000000071e+01
2.319999986267090009e+01
3.259999990844726625e+01
1.679999998474121270e+01
4.339999975585937619e+01
3.899999978637695364e+01
2.639999999999999858e+01
1.380000001525878872e+01
3.099999993896484440e+01
2.459999986267089866e+01
4.639999972534180017e+01
3.719999984741210852e+01
2.639999999999999858e+01
3.119999990844726412e+01
4.019999981689453250e+01
3.739999981689452824e+01
1.539999998474121057e+01
4.980000003051758029e+01
3.259999990844726625e+01
2.159999989318847824e+01
3.719999984741210852e+01
2.159999989318847824e+01
3.399999990844726483e+01
7.799999977111816030e+00
9.399999946594238764e+00
4.659999969482421989e+01
1.979999995422363313e+01
2.179999986267089795e+01
1.719999992370605568e+01
2.039999986267089938e+01
2.019999989318847611e+01
2.939999996948242256e+01
3.699999987792968881e+01
4.519999969482422131e+01
2.319999986267090009e+01
1.579999992370605533e+01
1.839999995422363455e+01
2.500000000000000000e+01
2.639999999999999858e+01
7.799999977111816030e+00
3.739999981689452824e+01
3.879999981689453392e+01
3.279999987792968597e+01
2.179999986267089795e+01
2.639999999999999858e+01
2.019999989318847611e+01
2.839999990844726696e+01
1.259999998474121163e+01
3.239999993896484654e+01
2.659999996948242185e+01
6.399999977111816563e+00
3.299999984741211279e+01
3.579999984741210994e+01
2.480000003051757673e+01
2.500000000000000000e+01
2.500000000000000000e+01
2.379999996948242114e+01
2.539999993896484298e+01
2.519999996948242327e+01
2.819999993896484369e+01
2.200000003051757957e+01
2.200000003051757957e+01
2.659999996948242185e+01
2.979999990844726554e+01
2.060000003051757744e+01
2.659999996948242185e+01
2.200000003051757957e+01
2.360000000000000142e+01
2.219999999999999929e+01
2.500000000000000000e+01
2.340000003051757815e+01
2.659999996948242185e+01
2.519999996948242327e+01
2.939999996948242256e+01
2.340000003051757815e+01
2.939999996948242256e+01
2.519999996948242327e+01
3.099999993896484440e+01
2.340000003051757815e+01
2.340000003051757815e+01
3.079999996948242114e+01
2.500000000000000000e+01
2.500000000000000000e+01
2.340000003051757815e+01
2.959999993896484227e+01
2.799999996948242043e+01
2.659999996948242185e+01
2.179999986267089795e+01
2.639999999999999858e+01
3.119999990844726412e+01
2.500000000000000000e+01
2.799999996948242043e+01
2.219999999999999929e+01
2.060000003051757744e+01
2.340000003051757815e+01
2.500000000000000000e+01
2.500000000000000000e+01
2.179999986267089795e+01
2.659999996948242185e+01
2.200000003051757957e+01
2.659999996948242185e+01
2.839999990844726696e+01
2.819999993896484369e+01
2.819999993896484369e+01
2.819999993896484369e+01
2.819999993896484369e+01
2.500000000000000000e+01
2.659999996948242185e+01
2.340000003051757815e+01
2.519999996948242327e+01
2.039999986267089938e+01
2.659999996948242185e+01
2.659999996948242185e+01
2.500000000000000000e+01
2.659999996948242185e+01
2.500000000000000000e+01
2.340000003051757815e+01
3.279999987792968597e+01
2.500000000000000000e+01
2.500000000000000000e+01
2.519999996948242327e+01
2.659999996948242185e+01
2.659999996948242185e+01
2.500000000000000000e+01
2.659999996948242185e+01
2.659999996948242185e+01
2.179999986267089795e+01
2.519999996948242327e+01
2.500000000000000000e+01
2.340000003051757815e+01
2.819999993896484369e+01
2.659999996948242185e+01
2.500000000000000000e+01
2.819999993896484369e+01
2.500000000000000000e+01
2.839999990844726696e+01
2.519999996948242327e+01
2.500000000000000000e+01
2.659999996948242185e+01
2.340000003051757815e+01
2.659999996948242185e+01
3.119999990844726412e+01
2.519999996948242327e+01
2.200000003051757957e+01
2.340000003051757815e+01
2.659999996948242185e+01
2.819999993896484369e+01
2.340000003051757815e+01
2.819999993896484369e+01
2.340000003051757815e+01
2.500000000000000000e+01
2.219999999999999929e+01
2.679999993896484511e+01
2.819999993896484369e+01
2.819999993896484369e+01
2.519999996948242327e+01
2.360000000000000142e+01
2.500000000000000000e+01
2.519999996948242327e+01
2.659999996948242185e+01
2.659999996948242185e+01
2.819999993896484369e+01
3.139999987792968739e+01
2.340000003051757815e+01
2.500000000000000000e+01
2.979999990844726554e+01
2.979999990844726554e+01
2.519999996948242327e+01
2.979999990844726554e+01
2.179999986267089795e+01
2.500000000000000000e+01
2.360000000000000142e+01
