0.000000000000000000e+00
0.000000000000000000e+00
0.000000000000000000e+00
1.000000000000000000e+00
0.000000000000000000e+00
1.399999994277954185e+00
7.199999988555908281e+00
6.800000007629394716e+00
9.999999942779540518e-01
8.000000007629394005e+00
9.999999984741210213e+00
2.199999994277954229e+00
4.839999993896484654e+01
3.619999981689453250e+01
8.999999977111816207e+00
1.500000003051757780e+01
2.799999999999999822e+00
1.800000000000000044e+00
3.060000000000000142e+01
1.799999992370605639e+01
7.000000015258788899e+00
2.399999999999999911e+00
3.399999988555908015e+00
4.799999988555907926e+00
3.479999984741210994e+01
4.599999994277953697e+00
8.000000015258789787e+00
8.799999977111816918e+00
1.219999992370605391e+01
5.399999988555908459e+00
2.200000000000000178e+00
1.559999998474121163e+01
3.399999988555908015e+00
2.319999999999999929e+01
4.060000003051757744e+01
7.799999994277953874e+00
7.999999946594238409e+00
7.399999988555908459e+00
1.199999994277954007e+00
3.799999994277954318e+00
6.199999994277954229e+00
6.600000007629394538e+00
2.000000000000000000e+00
6.999999977111816207e+00
5.000000007629394894e+00
8.600000007629393650e+00
1.080000001525878872e+01
1.399999994277954185e+00
9.200000007629395071e+00
1.219999995422363348e+01
5.399999994277954407e+00
9.199999946594237699e+00
1.199999999999999956e+00
7.999999946594238409e+00
9.000000015258789787e+00
7.200000015258789077e+00
2.139999992370605497e+01
1.999999942779540907e-01
1.759999989318847824e+01
6.799999988555907926e+00
5.799999988555907926e+00
1.039999986267089760e+01
8.199999984741211279e+00
1.480000001525878872e+01
8.399999946594238764e+00
7.999999946594238409e+00
1.319999998474121128e+01
7.199999977111816385e+00
4.799999999999999822e+00
4.800000007629394716e+00
4.000000007629394894e+00
8.000000000000000444e-01
6.399999994277954407e+00
1.019999998474121128e+01
6.599999984741210746e+00
1.699999992370605639e+01
8.599999954223632059e+00
6.999999977111816207e+00
5.600000007629394538e+00
7.999999988555908104e+00
1.539999998474121057e+01
2.199999995422363241e+01
7.799999977111816030e+00
9.199999988555907393e+00
8.799999893188475752e+00
8.800000015258788721e+00
8.599999954223632059e+00
8.799999984741210923e+00
8.399999946594238764e+00
8.399999977111816563e+00
7.999999946594238409e+00
8.200000007629395071e+00
8.199999977111817273e+00
7.599999988555908637e+00
8.000000007629394005e+00
8.399999946594238764e+00
1.119999986267089831e+01
7.799999984741210923e+00
8.800000007629394716e+00
7.600000015258789432e+00
1.140000000762939436e+01
1.439999986267089760e+01
1.319999999999999929e+01
1.020000000762939507e+01
1.199999994659423841e+01
1.259999995422363206e+01
1.439999995422363277e+01
1.840000003051757815e+01
1.540000001525878837e+01
2.059999996948242185e+01
2.039999998474121057e+01
1.860000003051757744e+01
2.400000003051757957e+01
2.079999986267089795e+01
2.279999993896484511e+01
2.359999987792968668e+01
2.279999992370605355e+01
2.599999989318847682e+01
2.839999990844726696e+01
2.639999999999999858e+01
2.960000000000000142e+01
3.759999990844726625e+01
3.540000006103515773e+01
2.779999993896484511e+01
2.379999992370605355e+01
1.879999992370605355e+01
2.279999990844726554e+01
2.159999996948242185e+01
1.679999995422363313e+01
1.879999992370605355e+01
1.919999996948242327e+01
2.019999992370605568e+01
2.319999989318847611e+01
1.839999997711181479e+01
1.779999989318847753e+01
1.679999998474121270e+01
2.059999989318847824e+01
2.279999990844726554e+01
2.199999992370605639e+01
2.099999986267089724e+01
2.099999989318847682e+01
1.839999992370605497e+01
1.799999989318847682e+01
1.660000000762939365e+01
1.939999989318847540e+01
2.279999986267089795e+01
2.119999996948242327e+01
2.320000003051757886e+01
2.319999986267090009e+01
2.239999986267089938e+01
1.959999996948242185e+01
2.039999996948242256e+01
2.439999987792968739e+01
2.179999998474121270e+01
2.380000003051757673e+01
2.280000003051757673e+01
2.459999993896484227e+01
2.160000001525878943e+01
2.219999993896484369e+01
2.040000001525879014e+01
2.199999993896484440e+01
2.380000003051757673e+01
2.539999993896484298e+01
2.180000003051757673e+01
2.219999986267090009e+01
2.299999986267089724e+01
2.100000000000000000e+01
2.219999986267090009e+01
2.060000003051757744e+01
1.939999992370605497e+01
2.999999978637695364e+01
2.359999989318847824e+01
2.259999994659423805e+01
2.259999990844726625e+01
2.059999990844726625e+01
2.100000003051757957e+01
2.500000000000000000e+01
1.939999992370605497e+01
2.759999978637695150e+01
2.300000000000000000e+01
1.939999989318847540e+01
2.080000003051757673e+01
2.340000003051757815e+01
2.419999996948242327e+01
2.139999989318847540e+01
2.279999986267089795e+01
2.339999990844726696e+01
2.419999993896484369e+01
2.100000000000000000e+01
2.119999994659423947e+01
2.760000000000000142e+01
2.259999986267089866e+01
2.259999986267089866e+01
2.559999993896484227e+01
2.579999989318847753e+01
2.379999993896484511e+01
2.259999989318847824e+01
2.400000003051757957e+01
2.639999986267089938e+01
2.399999993896484440e+01
