4.499999996948242398e+01
0.000000000000000000e+00
4.000000000000000222e-01
0.000000000000000000e+00
4.000000000000000222e-01
1.800000000000000044e+00
0.000000000000000000e+00
2.800000007629394716e+00
4.200000000000000178e+00
2.600000007629394538e+00
4.199999988555908281e+00
2.200000007629394627e+00
8.399999984741210568e+00
6.999999994277954052e+00
4.119999975585937335e+01
9.999999977111816207e+00
2.000000000000000111e-01
1.259999995422363206e+01
8.199999977111817273e+00
4.200000007629394183e+00
6.599999977111816740e+00
9.399999893188477174e+00
2.579999989318847753e+01
8.399999954223632770e+00
4.199999988555908281e+00
1.100000000762939401e+01
1.200000001525878979e+01
9.799999984741210923e+00
5.399999946594237876e+00
9.799999946594239120e+00
9.000000015258789787e+00
1.000000001525878979e+01
6.439999993896483943e+01
8.999999988555908104e+00
6.199999977111816385e+00
6.800000007629394716e+00
1.020000000762939507e+01
2.240000001525879014e+01
4.800000007629394716e+00
5.999999946594238409e+00
8.399999977111816563e+00
1.179999994659423912e+01
1.419999992370605391e+01
2.400000000000000000e+01
4.059999978637695506e+01
9.999999984741210213e+00
9.199999984741211279e+00
1.879999989318847753e+01
1.159999998474121163e+01
1.260000000762939365e+01
1.359999994659423805e+01
9.599999984741211634e+00
3.600000000000000089e+00
1.799999994277954096e+00
1.439999992370605497e+01
5.800000007629394716e+00
6.400000015258789254e+00
1.919999995422363170e+01
6.799999977111816030e+00
5.800000007629394716e+00
9.399999954223632770e+00
6.600000007629394538e+00
8.800000015258788721e+00
1.000000000762939401e+01
7.999999984741211101e+00
1.160000001525878943e+01
1.459999986267089866e+01
1.159999992370605426e+01
1.719999995422363170e+01
9.599999977111815852e+00
8.800000007629394716e+00
1.199999986267089902e+01
1.039999994659423876e+01
2.599999990844726483e+01
1.259999992370605426e+01
7.599999946594238054e+00
7.800000007629394716e+00
9.600000007629393650e+00
6.999999946594238409e+00
3.039999996948242256e+01
1.100000000762939401e+01
7.799999977111816030e+00
1.119999992370605391e+01
1.000000001525878979e+01
9.199999977111817273e+00
1.020000000762939507e+01
1.060000000762939365e+01
1.140000001525878837e+01
1.179999997711181692e+01
1.119999995422363348e+01
1.200000001525878979e+01
1.059999998474121163e+01
1.039999992370605497e+01
1.120000001525878908e+01
1.080000001525878872e+01
1.000000001525878979e+01
1.259999992370605426e+01
1.079999994659423912e+01
1.100000000762939401e+01
1.219999998474121128e+01
1.179999994659423912e+01
9.799999977111816918e+00
1.079999994659423912e+01
1.199999992370605462e+01
1.159999997711181585e+01
1.119999998855590739e+01
1.059999998474121163e+01
1.060000000762939365e+01
1.219999992370605391e+01
1.199999998474121021e+01
1.120000000762939507e+01
1.240000000762939436e+01
1.099999994659423841e+01
1.179999994659423912e+01
1.240000001525878837e+01
1.360000001525878943e+01
1.139999998474121057e+01
1.439999995422363277e+01
1.379999998474121092e+01
1.259999995422363206e+01
1.299999998474121021e+01
1.460000001525878943e+01
1.359999992370605426e+01
1.519999998474121128e+01
1.699999998474121199e+01
1.719999989318847611e+01
1.639999997711181479e+01
1.859999992370605426e+01
1.939999986267089938e+01
1.959999989318847824e+01
1.859999989318847824e+01
1.879999986267089795e+01
2.039999986267089938e+01
2.239999995422363455e+01
2.240000001525879014e+01
2.259999986267089866e+01
2.280000000000000071e+01
2.259999993896484227e+01
2.399999993896484440e+01
2.259999989318847824e+01
2.459999996948242185e+01
2.539999981689453179e+01
2.259999984741211065e+01
2.539999990844726696e+01
2.579999981689453037e+01
2.500000000000000000e+01
2.459999996948242185e+01
2.600000000000000000e+01
2.839999992370605497e+01
2.559999996948242185e+01
2.519999986267090009e+01
2.479999987792968597e+01
2.619999993896484369e+01
2.580000003051757673e+01
2.759999981689453108e+01
2.760000000000000142e+01
2.779999986267089795e+01
2.719999999999999929e+01
2.900000000000000000e+01
2.899999993896484440e+01
2.359999986267089866e+01
2.879999989318847753e+01
2.979999975585937477e+01
2.860000000000000142e+01
2.639999989318847540e+01
2.959999993896484227e+01
2.939999981689453179e+01
2.660000000000000142e+01
2.780000000000000071e+01
2.859999986267089866e+01
3.099999990844726483e+01
2.959999993896484227e+01
2.679999981689453037e+01
2.739999993896484298e+01
2.999999993896484440e+01
2.980000000000000071e+01
2.819999987792968810e+01
2.759999986267089866e+01
3.159999981689453108e+01
2.939999999999999858e+01
2.779999993896484511e+01
3.119999992370605568e+01
3.079999993896484511e+01
3.199999986267089724e+01
2.759999990844726625e+01
2.900000003051757957e+01
2.979999990844726554e+01
3.139999984741210781e+01
3.139999990844726696e+01
2.639999995422363455e+01
3.019999993896484369e+01
2.599999986267089724e+01
2.819999989318847611e+01
3.079999990844726554e+01
3.159999987792968668e+01
3.179999978637695435e+01
2.919999990844726412e+01
3.299999993896484085e+01
2.899999986267089724e+01
3.219999975585937335e+01
