1.000000000000000000e+00
0.000000000000000000e+00
3.999999942779540740e-01
2.000000000000000111e-01
0.000000000000000000e+00
8.199999994277954229e+00
2.399999994277953963e+00
2.599999988555908192e+00
1.600000007629394538e+00
2.399999994277953963e+00
3.800000007629394716e+00
1.139999992370605497e+01
1.119999995422363348e+01
4.599999977111816740e+00
0.000000000000000000e+00
5.799999977111816030e+00
1.639999998474121057e+01
9.599999977111815852e+00
3.799999994277954318e+00
6.800000007629394716e+00
4.799999999999999822e+00
7.000000007629394894e+00
4.200000007629394183e+00
1.020000000762939507e+01
7.999999946594238409e+00
8.199999977111817273e+00
1.219999998474121128e+01
2.879999993896484511e+01
6.199999988555908281e+00
6.799999977111816030e+00
7.799999977111816030e+00
1.279999998474121092e+01
5.779999999999999716e+01
4.399999977111816563e+00
2.600000007629394538e+00
5.399999988555908459e+00
1.499999995422363241e+01
7.000000015258788899e+00
1.479999986267089795e+01
9.000000015258789787e+00
8.199999977111817273e+00
8.799999984741210923e+00
2.439999999999999858e+01
9.599999946594238054e+00
7.600000000000000000e+01
5.799999999999999822e+00
8.399999994277953519e+00
5.600000007629394538e+00
1.679999989318847753e+01
2.199999988555908281e+00
5.000000007629394894e+00
5.799999988555907926e+00
6.399999988555908459e+00
1.379999994659423912e+01
7.199999988555908281e+00
1.099999997711181621e+01
8.200000015258789077e+00
1.019999998855590739e+01
5.199999946594238587e+00
6.400000015258789254e+00
5.999999977111816207e+00
1.359999995422363206e+01
2.600000000000000089e+00
1.119999989318847611e+01
7.599999946594238054e+00
4.399999994277954407e+00
1.039999998474121057e+01
1.099999998474121021e+01
7.399999954223632770e+00
6.599999999999999645e+00
4.599999946594238054e+00
5.399999988555908459e+00
3.599999978637695364e+01
3.200000000000000178e+00
7.999999984741211101e+00
1.259999998855590775e+01
1.040000000762939436e+01
2.199999994277954229e+00
4.199999994277954229e+00
7.799999984741210923e+00
2.999999994277954052e+00
6.799999988555907926e+00
1.139999998474121057e+01
9.399999946594238764e+00
8.999999988555908104e+00
1.039999989318847717e+01
1.000000000762939401e+01
9.599999954223632059e+00
1.040000001525878837e+01
9.600000015258789432e+00
1.059999997711181585e+01
9.799999994277953874e+00
1.059999995422363206e+01
8.199999946594237699e+00
8.800000015258788721e+00
1.019999998474121128e+01
1.159999994659423805e+01
9.800000007629394716e+00
9.799999984741210923e+00
1.039999997711181656e+01
9.999999954223632415e+00
9.199999946594237699e+00
1.000000000762939401e+01
1.019999994659423770e+01
1.039999998474121057e+01
1.019999994659423770e+01
9.000000007629394005e+00
1.119999994659423770e+01
9.999999977111816207e+00
9.799999946594239120e+00
9.599999988555907748e+00
1.099999994659423841e+01
1.080000000762939472e+01
1.059999998474121163e+01
1.079999994659423912e+01
1.159999994659423805e+01
1.100000001525878979e+01
1.140000001525878837e+01
1.079999997711181692e+01
1.240000001525878837e+01
1.339999995422363277e+01
1.219999998474121128e+01
1.199999998855590810e+01
1.479999996948242114e+01
1.519999992370605391e+01
1.559999992370605426e+01
1.539999998474121057e+01
1.579999986267089795e+01
1.719999995422363170e+01
1.699999989318847682e+01
1.919999995422363170e+01
1.719999994659423947e+01
1.959999992370605426e+01
1.519999992370605391e+01
1.999999992370605639e+01
2.060000000000000142e+01
2.259999995422363384e+01
2.119999986267090009e+01
2.119999992370605568e+01
2.439999990844726696e+01
2.100000001525878801e+01
2.359999987792968668e+01
2.439999992370605497e+01
2.479999996948242114e+01
2.419999987792968810e+01
2.379999986267089795e+01
2.519999989318847611e+01
2.439999994659423876e+01
2.500000000000000000e+01
2.459999996948242185e+01
2.519999989318847611e+01
2.479999987792968597e+01
2.339999986267089938e+01
2.480000003051757673e+01
2.399999984741210923e+01
2.419999999999999929e+01
2.579999984741210994e+01
2.499999992370605639e+01
2.679999990844726554e+01
2.679999972534179520e+01
2.759999969482421989e+01
2.699999981689452966e+01
2.639999981689453179e+01
2.619999990844726412e+01
2.619999996948242327e+01
2.599999975585937406e+01
2.559999990844726625e+01
2.719999999999999929e+01
2.759999990844726625e+01
2.519999992370605568e+01
2.559999984741211065e+01
2.499999989318847682e+01
2.719999987792968810e+01
2.699999987792968881e+01
2.639999996948242256e+01
2.739999999999999858e+01
2.819999975585937335e+01
2.839999984741210781e+01
2.700000003051757957e+01
2.739999996948242256e+01
2.699999990844726483e+01
2.819999989318847611e+01
2.779999990844726554e+01
2.660000003051757744e+01
2.739999999999999858e+01
2.799999989318847682e+01
2.800000003051757957e+01
2.879999989318847753e+01
2.979999978637695435e+01
3.019999984741210852e+01
2.739999990844726696e+01
2.979999993896484511e+01
2.880000003051757673e+01
2.880000003051757673e+01
2.679999993896484511e+01
2.959999996948242185e+01
2.879999981689453037e+01
2.839999996948242256e+01
2.899999990844726483e+01
2.900000000000000000e+01
