0.000000000000000000e+00
1.999999942779540907e-01
1.599999994277954141e+00
5.420000012207031403e+01
3.400000007629394361e+00
2.599999988555908192e+00
2.599999994277954141e+00
2.339999998474121057e+01
6.199999984741211279e+00
2.000000000000000111e-01
1.280000001525878872e+01
7.799999994277953874e+00
1.299999998474121021e+01
5.599999977111816740e+00
2.799999999999999822e+00
4.799999988555907926e+00
6.599999977111816740e+00
7.800000007629394716e+00
4.200000007629394183e+00
2.079999990844726554e+01
1.759999994659423805e+01
8.799999977111816918e+00
2.200000000000000178e+00
2.999999984741210923e+01
6.199999977111816385e+00
1.019999994659423770e+01
1.999999988555908104e+00
2.199999994277954229e+00
5.600000007629394538e+00
6.199999977111816385e+00
3.799999988555908370e+00
6.999999984741211101e+00
1.319999998474121128e+01
9.999999977111816207e+00
5.399999988555908459e+00
7.199999977111816385e+00
3.199999994277954229e+00
2.799999988555908370e+00
3.199999994277954229e+00
5.400000007629394361e+00
4.379999972534179875e+01
9.999999994277954940e+00
6.600000007629394538e+00
4.199999994277954229e+00
6.399999946594237876e+00
4.799999988555907926e+00
7.000000015258788899e+00
1.020000000762939507e+01
4.999999994277954052e+00
7.000000007629394894e+00
8.199999977111817273e+00
5.199999994277954229e+00
5.599999946594238054e+00
2.119999989318847611e+01
5.000000000000000000e+00
4.999999988555908104e+00
8.399999988555908459e+00
6.800000007629394716e+00
5.399999988555908459e+00
6.600000007629394538e+00
1.040000000762939436e+01
9.999999946594238409e+00
1.819999986267090009e+01
3.999999977111816207e+00
6.000000007629394894e+00
5.999999977111816207e+00
6.999999988555908104e+00
8.199999977111817273e+00
8.199999977111817273e+00
1.119999994659423770e+01
1.039999998474121057e+01
2.079999994659423734e+01
3.999999988555908104e+00
7.400000007629394361e+00
9.799999988555908814e+00
4.800000007629394716e+00
4.320000000000000284e+01
6.199999988555908281e+00
1.039999997711181656e+01
8.800000015258788721e+00
9.800000007629394716e+00
6.799999954223633125e+00
9.799999946594239120e+00
9.399999954223632770e+00
9.399999988555908459e+00
8.400000015258788366e+00
8.200000007629395071e+00
9.400000015258788366e+00
8.400000007629394361e+00
9.000000007629394005e+00
8.799999994277953874e+00
9.399999946594238764e+00
8.600000015258789432e+00
8.200000007629395071e+00
7.799999988555907926e+00
9.399999977111816563e+00
8.599999988555907748e+00
8.799999946594239120e+00
7.599999946594238054e+00
9.799999923706055327e+00
9.399999946594238764e+00
9.000000007629394005e+00
9.399999946594238764e+00
1.019999995422363348e+01
8.999999977111816207e+00
9.199999994277954229e+00
9.599999946594238054e+00
8.800000015258788721e+00
9.399999977111816563e+00
9.999999954223632415e+00
1.019999994659423770e+01
1.000000001525878979e+01
9.399999988555908459e+00
1.039999997711181656e+01
1.019999994659423770e+01
8.999999954223632415e+00
1.019999997711181727e+01
1.140000001525878837e+01
1.099999986267089902e+01
9.999999977111816207e+00
1.240000001525878837e+01
1.239999997711181656e+01
1.419999995422363348e+01
1.539999989318847717e+01
1.499999992370605462e+01
1.479999997711181692e+01
1.659999998474120986e+01
1.659999995422363384e+01
1.859999993896484227e+01
1.779999992370605355e+01
1.859999992370605426e+01
1.919999986267090009e+01
1.839999986267089938e+01
1.979999989318847753e+01
1.899999994659423663e+01
1.919999994659423947e+01
2.039999995422363455e+01
2.059999995422363384e+01
2.099999989318847682e+01
2.179999986267089795e+01
2.159999996948242185e+01
2.139999995422363455e+01
2.079999989318847753e+01
1.880000003051757673e+01
2.100000003051757957e+01
2.060000000000000142e+01
2.399999986267089724e+01
2.299999992370605639e+01
2.099999995422363241e+01
2.179999987792968597e+01
2.199999984741210923e+01
2.259999992370605426e+01
2.140000003051757815e+01
2.260000003051757744e+01
2.259999986267089866e+01
2.400000000000000000e+01
2.539999993896484298e+01
2.319999987792968810e+01
2.239999989318847540e+01
2.199999996948242043e+01
2.320000003051757886e+01
2.239999986267089938e+01
2.340000003051757815e+01
2.319999995422363170e+01
2.479999996948242114e+01
2.459999995422363384e+01
2.359999992370605426e+01
2.259999990844726625e+01
2.400000000000000000e+01
2.320000003051757886e+01
2.379999992370605355e+01
2.379999989318847753e+01
2.299999989318847682e+01
2.279999996948242114e+01
2.679999987792968597e+01
2.599999996948242043e+01
2.679999995422363313e+01
2.580000000000000071e+01
2.619999975585937335e+01
2.479999995422363313e+01
2.679999990844726554e+01
2.599999992370605639e+01
2.800000000000000000e+01
2.499999984741210923e+01
2.559999992370605426e+01
2.639999987792968739e+01
2.739999993896484298e+01
2.439999992370605497e+01
2.639999987792968739e+01
2.839999978637695222e+01
2.340000003051757815e+01
2.819999987792968810e+01
2.799999981689452966e+01
2.839999986267089938e+01
2.859999993896484227e+01
2.739999996948242256e+01
3.019999969482421776e+01
2.799999995422363241e+01
2.779999993896484511e+01
2.379999989318847753e+01
