0.000000000000000000e+00
2.000000000000000111e-01
0.000000000000000000e+00
5.139999975585937619e+01
0.000000000000000000e+00
2.800000007629394716e+00
1.199999999999999956e+00
1.159999997711181585e+01
2.600000000000000089e+00
3.200000007629394627e+00
4.200000007629394183e+00
5.200000000000000178e+00
7.399999977111816563e+00
6.399999946594237876e+00
1.399999999999999911e+00
5.599999999999999645e+00
2.739999984741210781e+01
2.399999984741210923e+01
6.939999969482421704e+01
2.999999994277954052e+00
1.939999986267089938e+01
9.200000015258789077e+00
8.399999977111816563e+00
4.399999988555908459e+00
2.199999988555908281e+00
1.800000000000000044e+00
3.820000006103515489e+01
4.400000003051757602e+01
5.199999994277954229e+00
5.800000007629394716e+00
8.599999977111815852e+00
8.579999993896484511e+01
1.260000001525878943e+01
6.079999984741210994e+01
1.199999994659423841e+01
4.600000007629394538e+00
5.199999977111816385e+00
8.399999994277953519e+00
8.799999977111816918e+00
8.199999946594237699e+00
4.999999977111816207e+00
5.800000007629394716e+00
7.999999977111816207e+00
1.240000001525878837e+01
6.199999990844726483e+01
1.140000000762939436e+01
1.000000000000000000e+00
1.519999994659423770e+01
1.260000001525878943e+01
1.780000001525878872e+01
1.000000000000000000e+00
7.599999946594238054e+00
1.300000001525878979e+01
1.399999995422363241e+01
5.999999977111816207e+00
5.399999984741210568e+00
1.280000003051757851e+01
7.800000007629394716e+00
9.199999946594237699e+00
8.199999977111817273e+00
1.220000001525878908e+01
1.779999989318847753e+01
1.120000001525878908e+01
8.799999893188475752e+00
8.799999977111816918e+00
9.000000000000000000e+00
4.600000007629394538e+00
5.199999977111816385e+00
1.799999988555908148e+00
4.799999988555907926e+00
7.200000007629394183e+00
1.299999994659423841e+01
4.199999988555908281e+00
1.419999989318847611e+01
1.499999998474121021e+01
8.400000007629394361e+00
1.540000001525878837e+01
1.459999986267089866e+01
2.799999994277954318e+00
1.239999995422363277e+01
8.800000015258788721e+00
1.180000001525878872e+01
1.279999998474121092e+01
9.599999946594238054e+00
1.179999995422363313e+01
1.059999999427795458e+01
1.140000001525878837e+01
9.599999977111815852e+00
1.039999998855590846e+01
1.080000001525878872e+01
1.160000001525878943e+01
1.099999995422363241e+01
1.119999997711181727e+01
9.999999946594238409e+00
9.999999946594238409e+00
1.099999997711181621e+01
1.039999994659423876e+01
1.000000000762939401e+01
1.039999998474121057e+01
9.799999977111816918e+00
1.039999994659423876e+01
1.339999998474121057e+01
1.019999997711181727e+01
1.259999998474121163e+01
1.139999995422363277e+01
1.120000001525878908e+01
1.119999997711181727e+01
1.120000001525878908e+01
1.199999997711181621e+01
1.499999997711181621e+01
1.260000001525878943e+01
1.279999992370605533e+01
1.480000001525878872e+01
1.559999992370605426e+01
1.739999986267089938e+01
1.619999989318847611e+01
1.899999986267089724e+01
1.940000003051757815e+01
1.639999986267089938e+01
2.079999998474121270e+01
2.439999996948242256e+01
2.159999981689453108e+01
1.899999992370605639e+01
1.739999994659423876e+01
1.899999995422363241e+01
1.939999989318847540e+01
2.100000003051757957e+01
2.139999993896484298e+01
2.320000003051757886e+01
2.060000001525878943e+01
2.039999995422363455e+01
2.279999995422363313e+01
2.279999989318847753e+01
2.199999984741210923e+01
2.339999986267089938e+01
2.099999993896484440e+01
2.599999981689452966e+01
2.519999993896484369e+01
2.479999993896484511e+01
2.619999999999999929e+01
2.519999993896484369e+01
2.559999986267089866e+01
2.599999996948242043e+01
2.699999984741210923e+01
2.679999993896484511e+01
2.759999989318847824e+01
2.679999998474121270e+01
2.459999992370605426e+01
2.559999996948242185e+01
2.819999993896484369e+01
2.739999993896484298e+01
2.899999984741210923e+01
3.039999987792968739e+01
2.840000003051757815e+01
2.559999995422363384e+01
2.879999996948242114e+01
2.859999996948242185e+01
2.499999996948242043e+01
3.080000003051757673e+01
2.819999996948242327e+01
2.659999987792968668e+01
3.019999987792968810e+01
2.839999986267089938e+01
2.820000003051757886e+01
2.760000003051757744e+01
2.799999989318847682e+01
2.999999996948242043e+01
2.979999987792968597e+01
2.680000000000000071e+01
2.939999984741210781e+01
2.939999999999999858e+01
2.939999993896484298e+01
3.080000000000000071e+01
3.099999989318847682e+01
3.079999984741210994e+01
3.099999972534179804e+01
3.039999990844726696e+01
3.080000000000000071e+01
3.180000003051757673e+01
2.899999990844726483e+01
3.139999984741210781e+01
2.859999986267089866e+01
3.079999990844726554e+01
3.239999987792968739e+01
3.279999990844726909e+01
2.959999993896484227e+01
3.099999993896484440e+01
3.059999987792968668e+01
3.359999981689453108e+01
3.039999986267089938e+01
3.239999986267089582e+01
3.119999986267090009e+01
3.099999993896484440e+01
3.199999996948242043e+01
2.999999996948242043e+01
3.199999996948242043e+01
3.300000006103515915e+01
3.419999984741210852e+01
3.100000003051757957e+01
3.479999992370605355e+01
