6.804597702026367756e+01
2.298850577781940174e+01
4.643678181089203605e+01
4.827586196373248839e+01
5.609195419837688235e+01
4.965517230856007558e+01
1.540229889442180777e+01
6.252873564095332881e+01
3.885057470387425838e+01
2.597701159510119240e+01
3.701149410379343863e+01
4.482758633843783969e+01
3.862068957624764209e+01
5.586206907075026606e+01
2.758620684393520861e+01
3.999999992107522928e+01
3.701149410379343863e+01
3.356321847849878992e+01
1.379310342196760431e+01
1.999999996053761464e+01
3.126436782047666441e+01
2.643678162673424126e+01
3.747126435904667119e+01
3.264367816530425159e+01
3.724137923142005491e+01
5.402298847066945342e+01
2.942528744401602836e+01
3.999999992107522928e+01
3.448275854176488764e+01
2.804597709918844117e+01
3.563218375896585144e+01
3.103448269285004812e+01
3.402298851013183878e+01
2.022988508816423092e+01
1.862068961571002745e+01
3.264367816530425159e+01
3.563218375896585144e+01
1.379310342196760431e+01
3.425287341413826425e+01
2.160919543299181811e+01
1.908045987096326002e+01
2.781609197156182489e+01
3.241379303767763531e+01
3.103448269285004812e+01
1.379310342196760431e+01
2.482758615428003779e+01
3.563218375896585144e+01
3.540229885495941886e+01
3.425287341413826425e+01
3.126436782047666441e+01
4.482758633843783969e+01
2.919540231638941208e+01
3.862068957624764209e+01
2.942528744401602836e+01
1.540229889442180777e+01
2.459770125027360521e+01
1.999999996053761464e+01
3.402298851013183878e+01
2.321839090544601802e+01
2.183908056061843439e+01
3.264367816530425159e+01
3.540229885495941886e+01
2.919540231638941208e+01
3.241379303767763531e+01
3.379310338250522250e+01
4.666666649127828492e+01
1.563218391023833220e+01
3.724137923142005491e+01
2.758620684393520861e+01
2.482758615428003779e+01
3.103448269285004812e+01
3.701149410379343863e+01
2.942528744401602836e+01
2.781609197156182489e+01
2.804597709918844117e+01
2.436781612264698893e+01
2.505747128190665407e+01
2.942528744401602836e+01
3.103448269285004812e+01
1.540229889442180777e+01
2.482758615428003779e+01
3.540229885495941886e+01
2.942528744401602836e+01
2.781609197156182489e+01
3.241379303767763531e+01
3.080459778884361555e+01
2.919540231638941208e+01
2.919540231638941208e+01
3.103448269285004812e+01
2.942528744401602836e+01
2.781609197156182489e+01
2.781609197156182489e+01
3.080459778884361555e+01
2.781609197156182489e+01
2.620689649910762498e+01
3.080459778884361555e+01
2.942528744401602836e+01
3.080459778884361555e+01
2.919540231638941208e+01
2.919540231638941208e+01
3.080459778884361555e+01
3.080459778884361555e+01
2.942528744401602836e+01
3.241379303767763531e+01
2.919540231638941208e+01
3.080459778884361555e+01
3.080459778884361555e+01
2.919540231638941208e+01
2.620689649910762498e+01
2.758620684393520861e+01
2.781609197156182489e+01
3.080459778884361555e+01
2.781609197156182489e+01
2.942528744401602836e+01
2.459770125027360521e+01
2.620689649910762498e+01
2.942528744401602836e+01
3.402298851013183878e+01
2.459770125027360521e+01
3.080459778884361555e+01
3.103448269285004812e+01
2.942528744401602836e+01
2.620689649910762498e+01
2.942528744401602836e+01
3.103448269285004812e+01
2.781609197156182489e+01
2.942528744401602836e+01
2.781609197156182489e+01
3.103448269285004812e+01
2.781609197156182489e+01
2.781609197156182489e+01
2.942528744401602836e+01
2.620689649910762498e+01
3.103448269285004812e+01
2.942528744401602836e+01
2.942528744401602836e+01
2.942528744401602836e+01
2.781609197156182489e+01
2.781609197156182489e+01
2.942528744401602836e+01
3.103448269285004812e+01
2.781609197156182489e+01
2.781609197156182489e+01
2.942528744401602836e+01
2.781609197156182489e+01
2.942528744401602836e+01
3.103448269285004812e+01
2.942528744401602836e+01
2.942528744401602836e+01
2.781609197156182489e+01
2.942528744401602836e+01
2.781609197156182489e+01
2.620689649910762498e+01
2.781609197156182489e+01
2.942528744401602836e+01
2.620689649910762498e+01
2.942528744401602836e+01
2.620689649910762498e+01
3.103448269285004812e+01
2.942528744401602836e+01
2.620689649910762498e+01
2.942528744401602836e+01
2.781609197156182489e+01
2.942528744401602836e+01
2.781609197156182489e+01
2.942528744401602836e+01
3.103448269285004812e+01
2.942528744401602836e+01
3.241379303767763531e+01
3.241379303767763531e+01
2.942528744401602836e+01
3.103448269285004812e+01
2.620689649910762498e+01
2.942528744401602836e+01
2.620689649910762498e+01
2.781609197156182489e+01
3.103448269285004812e+01
2.942528744401602836e+01
3.103448269285004812e+01
2.620689649910762498e+01
2.781609197156182489e+01
2.942528744401602836e+01
2.942528744401602836e+01
3.103448269285004812e+01
2.298850577781940174e+01
3.103448269285004812e+01
2.459770125027360521e+01
3.103448269285004812e+01
2.781609197156182489e+01
3.103448269285004812e+01
3.103448269285004812e+01
2.942528744401602836e+01
2.942528744401602836e+01
2.781609197156182489e+01
2.942528744401602836e+01
2.620689649910762498e+01
2.942528744401602836e+01
2.942528744401602836e+01
2.942528744401602836e+01
2.781609197156182489e+01
