2.040816323935580101e+01
1.065759636106945152e+01
3.356009066834741361e+01
5.442176839607913763e+01
2.018140574863978642e+01
8.412698390208133503e+01
4.489795913177282927e+01
3.265306118556431159e+01
3.446712013815535869e+01
4.353741491408575115e+01
2.630385484500807181e+01
6.848072529487869531e+01
6.394557815344155216e+01
5.600907010448221968e+01
3.741496606424552596e+01
7.709750558243317009e+00
4.217687069639868014e+01
2.312925167472995014e+01
5.124716547232906549e+01
3.424036264743934765e+01
3.877551028193259697e+01
3.083900223297326804e+01
3.900226727959250184e+01
1.269841268111248489e+01
2.607709760082011385e+01
2.970521550600220451e+01
2.335600916544596473e+01
1.405895689879955945e+01
1.405895689879955945e+01
1.723356006907767934e+01
2.811791379759911891e+01
2.335600916544596473e+01
3.265306118556431159e+01
2.199546494775889016e+01
5.283446718073215465e+01
3.083900223297326804e+01
2.018140574863978642e+01
4.829931954623890533e+01
4.829931954623890533e+01
2.811791379759911891e+01
1.564625848393861851e+01
5.170067996070498850e+01
5.623582759519823782e+01
1.882086153095271186e+01
3.446712013815535869e+01
7.641723383689412685e+01
3.129251696787723702e+01
2.811791379759911891e+01
2.947845801528619347e+01
1.564625848393861851e+01
3.582766435584243681e+01
1.247165531366049862e+01
1.859410428676475391e+01
2.630385484500807181e+01
2.653061208919602976e+01
2.199546494775889016e+01
9.523809510834363223e+00
1.859410428676475391e+01
3.129251696787723702e+01
1.723356006907767934e+01
1.723356006907767934e+01
5.782312930360131986e+01
1.247165531366049862e+01
3.424036264743934765e+01
4.852607703695491637e+01
2.335600916544596473e+01
1.088435372852143779e+01
2.018140574863978642e+01
3.129251696787723702e+01
5.623582759519823782e+01
2.811791379759911891e+01
3.129251696787723702e+01
4.036281149727957285e+01
2.993197275019016246e+01
1.723356006907767934e+01
2.380952365382188063e+01
1.995464850445182847e+01
4.693877532855183432e+01
2.947845801528619347e+01
3.287981842975226954e+01
1.088435372852143779e+01
5.487528337751115970e+01
2.970521550600220451e+01
2.811791379759911891e+01
2.970521550600220451e+01
2.811791379759911891e+01
2.811791379759911891e+01
2.675736957991204434e+01
2.811791379759911891e+01
2.675736957991204434e+01
2.675736957991204434e+01
2.970521550600220451e+01
2.834467128831512994e+01
2.970521550600220451e+01
3.446712013815535869e+01
2.675736957991204434e+01
2.811791379759911891e+01
2.970521550600220451e+01
2.675736957991204434e+01
2.358276640963392268e+01
2.199546494775889016e+01
2.675736957991204434e+01
2.653061208919602976e+01
2.811791379759911891e+01
2.517006787150895519e+01
2.517006787150895519e+01
2.675736957991204434e+01
2.675736957991204434e+01
2.358276640963392268e+01
2.653061208919602976e+01
2.517006787150895519e+01
2.517006787150895519e+01
2.358276640963392268e+01
2.970521550600220451e+01
2.811791379759911891e+01
2.675736957991204434e+01
2.358276640963392268e+01
2.653061208919602976e+01
2.358276640963392268e+01
2.335600916544596473e+01
2.517006787150895519e+01
2.517006787150895519e+01
2.517006787150895519e+01
2.675736957991204434e+01
2.653061208919602976e+01
2.517006787150895519e+01
2.675736957991204434e+01
2.970521550600220451e+01
2.970521550600220451e+01
2.653061208919602976e+01
2.517006787150895519e+01
2.834467128831512994e+01
2.517006787150895519e+01
2.517006787150895519e+01
2.517006787150895519e+01
2.517006787150895519e+01
2.517006787150895519e+01
2.653061208919602976e+01
2.517006787150895519e+01
2.653061208919602976e+01
2.653061208919602976e+01
2.653061208919602976e+01
2.653061208919602976e+01
2.517006787150895519e+01
2.653061208919602976e+01
2.517006787150895519e+01
2.653061208919602976e+01
2.517006787150895519e+01
2.811791379759911891e+01
2.517006787150895519e+01
2.517006787150895519e+01
2.517006787150895519e+01
2.517006787150895519e+01
2.517006787150895519e+01
2.517006787150895519e+01
2.675736957991204434e+01
2.653061208919602976e+01
2.653061208919602976e+01
2.653061208919602976e+01
2.517006787150895519e+01
2.517006787150895519e+01
2.517006787150895519e+01
2.494331062732099724e+01
2.494331062732099724e+01
2.517006787150895519e+01
2.517006787150895519e+01
2.517006787150895519e+01
2.517006787150895519e+01
2.517006787150895519e+01
2.517006787150895519e+01
2.517006787150895519e+01
2.517006787150895519e+01
2.517006787150895519e+01
2.653061208919602976e+01
2.517006787150895519e+01
2.517006787150895519e+01
2.517006787150895519e+01
2.517006787150895519e+01
2.358276640963392268e+01
2.517006787150895519e+01
2.517006787150895519e+01
2.517006787150895519e+01
2.653061208919602976e+01
2.653061208919602976e+01
2.517006787150895519e+01
2.653061208919602976e+01
2.358276640963392268e+01
2.358276640963392268e+01
2.517006787150895519e+01
2.517006787150895519e+01
2.653061208919602976e+01
2.517006787150895519e+01
2.517006787150895519e+01
2.653061208919602976e+01
2.653061208919602976e+01
2.358276640963392268e+01
2.517006787150895519e+01
2.358276640963392268e+01
2.653061208919602976e+01
2.517006787150895519e+01
