3.419999987792968454e+01
0.000000000000000000e+00
2.599999994277954141e+00
8.400000007629394361e+00
4.800000007629394716e+00
0.000000000000000000e+00
7.999999885559081481e-01
2.399999988555908015e+00
1.419999992370605391e+01
7.999999942779540962e-01
1.799999994277954096e+00
2.000000000000000111e-01
5.199999988555908281e+00
2.400000007629394361e+00
2.799999999999999822e+00
1.139999998855590846e+01
1.199999992370605462e+01
1.999999988555908104e+00
6.400000007629394361e+00
2.699999975585937406e+01
0.000000000000000000e+00
1.199999999999999956e+00
3.599999994277954141e+00
5.200000007629394183e+00
8.000000000000000444e-01
2.079999990844726554e+01
1.819999989318847611e+01
2.599999984741210923e+01
7.399999977111816563e+00
8.000000015258789787e+00
1.340000001525878837e+01
4.459999969482421989e+01
4.799999994277953874e+00
3.799999946594238232e+00
8.599999977111815852e+00
1.659999993896484227e+01
1.179999998474121092e+01
3.999999988555908104e+00
3.199999988555908281e+00
6.599999977111816740e+00
1.719999986267090009e+01
2.799999987792968881e+01
4.199999977111816385e+00
1.879999986267089795e+01
5.799999994277953874e+00
7.799999988555907926e+00
9.599999988555907748e+00
1.999999998474121199e+01
4.399999988555908459e+00
8.400000015258788366e+00
7.199999988555908281e+00
2.659999987792968668e+01
9.200000015258789077e+00
2.799999994277954318e+00
3.919999990844726767e+01
1.359999989318847646e+01
1.500000001525878979e+01
4.999999994277954052e+00
6.799999988555907926e+00
2.860000000000000142e+01
7.799999946594238232e+00
5.000000007629394894e+00
5.999999946594238409e+00
2.000000000000000000e+00
7.999999988555908104e+00
5.599999988555908637e+00
6.199999994277954229e+00
8.399999946594238764e+00
7.200000007629394183e+00
2.359999996948242185e+01
8.200000007629395071e+00
9.200000015258789077e+00
5.999999988555908104e+00
9.399999984741210568e+00
8.799999946594239120e+00
4.799999988555907926e+00
8.799999988555908814e+00
6.399999977111816563e+00
1.060000001525878943e+01
8.199999977111817273e+00
1.279999992370605533e+01
4.600000007629394538e+00
6.199999988555908281e+00
7.599999946594238054e+00
8.799999946594239120e+00
8.399999977111816563e+00
8.799999988555908814e+00
8.200000007629395071e+00
8.200000007629395071e+00
8.999999946594238409e+00
7.399999946594237876e+00
8.999999946594238409e+00
8.600000007629393650e+00
8.199999994277954229e+00
7.599999946594238054e+00
9.199999977111817273e+00
8.000000007629394005e+00
1.019999998474121128e+01
7.399999988555908459e+00
9.399999954223632770e+00
8.000000007629394005e+00
8.800000007629394716e+00
9.199999994277954229e+00
8.600000007629393650e+00
9.000000015258789787e+00
1.039999997711181656e+01
9.599999977111815852e+00
9.400000015258788366e+00
9.199999946594237699e+00
1.039999997711181656e+01
1.000000000762939401e+01
9.999999946594238409e+00
7.799999994277953874e+00
1.020000001525878908e+01
1.160000001525878943e+01
9.600000015258789432e+00
1.280000001525878872e+01
1.299999989318847682e+01
1.139999994659423876e+01
1.119999995422363348e+01
1.359999994659423805e+01
1.199999994659423841e+01
1.079999994659423912e+01
1.459999998474121163e+01
1.679999989318847753e+01
1.579999995422363313e+01
1.660000001525878943e+01
1.639999995422363455e+01
1.519999989318847611e+01
1.599999990844726483e+01
1.700000000000000000e+01
1.479999995422363313e+01
1.379999994659423912e+01
1.399999994659423841e+01
1.559999997711181585e+01
1.559999994659423805e+01
1.540000001525878837e+01
1.639999997711181479e+01
1.579999998474121092e+01
1.499999992370605462e+01
1.799999995422363241e+01
1.699999995422363241e+01
1.659999992370605426e+01
1.459999986267089866e+01
1.659999986267089866e+01
1.719999995422363170e+01
1.659999986267089866e+01
1.719999995422363170e+01
1.659999994659423805e+01
1.639999997711181479e+01
1.679999986267089795e+01
1.759999989318847824e+01
1.739999992370605497e+01
1.619999998474121128e+01
1.619999998474121128e+01
1.659999989318847824e+01
1.619999994659423947e+01
1.679999998474121270e+01
1.779999986267089795e+01
1.880000003051757673e+01
1.839999989318847540e+01
1.819999998474121128e+01
1.739999986267089938e+01
1.699999992370605639e+01
1.699999986267089724e+01
1.859999994659423805e+01
1.819999992370605568e+01
1.639999986267089938e+01
1.659999997711181763e+01
1.739999989318847540e+01
1.939999999999999858e+01
1.920000001525878730e+01
1.899999992370605639e+01
1.980000003051757673e+01
1.939999995422363455e+01
1.959999993896484227e+01
2.060000003051757744e+01
2.059999989318847824e+01
1.979999998474121270e+01
2.039999993896484298e+01
1.979999986267089795e+01
2.299999995422363241e+01
1.979999998474121270e+01
2.019999996948242327e+01
2.439999993896484298e+01
2.039999996948242256e+01
1.980000003051757673e+01
2.139999993896484298e+01
2.379999996948242114e+01
2.159999992370605426e+01
2.359999993896484227e+01
2.419999986267090009e+01
2.460000003051757744e+01
2.420000003051757886e+01
2.200000000000000000e+01
2.219999992370605568e+01
2.459999996948242185e+01
2.580000000000000071e+01
2.399999987792968881e+01
2.439999996948242256e+01
