0.000000000000000000e+00
0.000000000000000000e+00
2.659999993896484227e+01
0.000000000000000000e+00
2.000000000000000111e-01
5.599999946594238054e+00
7.999999984741211101e+00
5.999999999999999778e-01
0.000000000000000000e+00
5.999999999999999778e-01
9.799999954223633125e+00
1.600000000000000089e+00
5.999999999999999778e-01
3.800000007629394716e+00
2.179999987792968597e+01
5.599999988555908637e+00
1.399999999999999911e+00
1.759999995422363384e+01
9.599999984741211634e+00
2.399999994277953963e+00
3.639999987792968739e+01
1.399999999999999911e+00
3.399999946594238320e+00
1.059999998855590775e+01
5.400000007629394361e+00
1.119999994659423770e+01
2.999999992370605639e+01
1.160000001525878943e+01
3.799999988555908370e+00
1.040000001525878837e+01
6.199999994277954229e+00
1.739999993896484298e+01
2.700000000000000000e+01
2.399999994277953963e+00
7.199999977111816385e+00
2.279999989318847753e+01
1.859999996948242185e+01
6.799999994277953874e+00
4.399999977111816563e+00
1.400000001525878979e+01
8.999999946594238409e+00
3.999999988555908104e+00
6.200000007629394183e+00
3.999999977111816207e+00
8.800000007629394716e+00
2.419999996948242327e+01
2.479999992370605355e+01
1.960000001525878943e+01
1.799999994277954096e+00
6.399999977111816563e+00
5.199999988555908281e+00
1.599999994277954141e+00
5.799999988555907926e+00
8.599999946594238054e+00
3.600000006103515915e+01
8.600000007629393650e+00
1.039999998474121057e+01
1.419999998474121128e+01
5.999999994277954052e+00
2.459999987792968668e+01
7.199999984741211279e+00
3.040000003051757815e+01
6.000000015258788899e+00
1.440000001525878837e+01
1.799999994277954096e+00
1.339999998474121057e+01
5.400000015258789254e+00
3.799999988555908370e+00
2.199999994277954229e+00
4.999999994277954052e+00
9.000000015258789787e+00
1.040000001525878837e+01
1.060000001525878943e+01
1.119999995422363348e+01
4.340000003051757460e+01
6.599999988555908637e+00
1.619999989318847611e+01
5.799999994277953874e+00
1.279999998474121092e+01
2.799999994277954318e+00
6.799999977111816030e+00
7.599999946594238054e+00
9.599999946594238054e+00
8.800000007629394716e+00
9.199999977111817273e+00
8.599999946594238054e+00
1.059999995422363206e+01
7.799999977111816030e+00
8.199999946594237699e+00
9.999999994277954940e+00
8.399999946594238764e+00
8.199999977111817273e+00
8.800000007629394716e+00
9.399999977111816563e+00
8.800000015258788721e+00
8.599999946594238054e+00
9.599999946594238054e+00
9.199999977111817273e+00
8.199999946594237699e+00
8.599999977111815852e+00
9.599999977111815852e+00
8.999999984741210213e+00
8.799999977111816918e+00
9.999999946594238409e+00
1.020000001525878908e+01
9.600000030517577443e+00
9.399999977111816563e+00
1.079999995422363313e+01
8.999999893188476818e+00
1.000000000762939401e+01
9.799999988555908814e+00
9.599999977111815852e+00
9.000000015258789787e+00
9.999999994277954940e+00
9.999999984741210213e+00
1.040000001525878837e+01
1.119999997711181727e+01
1.060000001525878943e+01
1.019999994659423770e+01
9.199999988555907393e+00
1.279999994659423912e+01
1.019999998474121128e+01
1.219999995422363348e+01
1.599999998474121021e+01
1.319999998474121128e+01
1.719999992370605568e+01
1.360000001525878943e+01
1.399999995422363241e+01
1.440000001525878837e+01
1.239999994659423876e+01
1.499999998474121021e+01
1.480000001525878872e+01
1.259999992370605426e+01
1.220000001525878908e+01
1.399999986267089902e+01
1.559999995422363206e+01
1.679999989318847753e+01
1.439999986267089760e+01
1.559999989318847646e+01
1.479999995422363313e+01
1.539999998474121057e+01
1.459999995422363206e+01
1.619999998474121128e+01
1.639999998474121057e+01
1.619999989318847611e+01
1.560000001525878943e+01
1.759999994659423805e+01
1.679999998474121270e+01
1.620000003051757886e+01
1.699999992370605639e+01
1.319999997711181727e+01
1.599999993896484440e+01
1.639999999999999858e+01
1.860000003051757744e+01
1.739999986267089938e+01
1.719999998474121128e+01
1.819999986267090009e+01
1.779999986267089795e+01
1.700000000000000000e+01
1.739999995422363455e+01
1.779999986267089795e+01
1.640000003051757815e+01
1.799999998474121199e+01
1.779999998474121270e+01
1.700000001525878801e+01
1.779999989318847753e+01
1.759999986267089866e+01
1.679999995422363313e+01
1.840000001525879014e+01
1.799999992370605639e+01
1.839999986267089938e+01
1.819999994659423947e+01
1.679999998474121270e+01
1.780000003051757673e+01
1.820000003051757886e+01
1.900000000000000000e+01
1.819999989318847611e+01
1.779999992370605355e+01
2.039999992370605497e+01
1.840000003051757815e+01
1.899999992370605639e+01
1.759999989318847824e+01
1.819999989318847611e+01
1.899999989318847682e+01
1.819999989318847611e+01
1.759999986267089866e+01
1.840000003051757815e+01
1.939999992370605497e+01
2.019999989318847611e+01
1.779999998474121270e+01
1.780000000000000071e+01
2.120000003051757886e+01
1.999999987792968881e+01
2.079999986267089795e+01
2.139999975585937619e+01
1.820000001525878730e+01
2.280000000000000071e+01
2.060000003051757744e+01
2.239999986267089938e+01
2.039999989318847540e+01
