0.000000000000000000e+00
0.000000000000000000e+00
7.919999938964843977e+01
1.079999994659423912e+01
6.059999984741210710e+01
0.000000000000000000e+00
0.000000000000000000e+00
8.399999893188477174e+00
1.239999998855590846e+01
1.599999994277954141e+00
1.999999994277954052e+00
2.039999998474121057e+01
1.619999989318847611e+01
3.239999981689452824e+01
9.600000007629393650e+00
4.400000007629394361e+00
6.399999994277954407e+00
1.899999998474121199e+01
5.199999988555908281e+00
6.400000007629394361e+00
1.459999998474121163e+01
2.059999990844726625e+01
6.999999946594238409e+00
9.399999923706054972e+00
7.599999988555908637e+00
2.100000003051757957e+01
5.599999994277953697e+00
1.219999992370605391e+01
3.399999994277953963e+00
5.600000007629394538e+00
1.600000000000000089e+00
3.399999994277953963e+00
1.099999998474121021e+01
6.199999977111816385e+00
1.099999997711181621e+01
1.439999995422363277e+01
2.599999988555908192e+00
3.080000000000000071e+01
5.599999977111816740e+00
6.599999988555908637e+00
9.399999946594238764e+00
5.999999977111816207e+00
1.419999992370605391e+01
5.599999977111816740e+00
1.060000000762939365e+01
1.140000001525878837e+01
1.439999995422363277e+01
4.199999994277954229e+00
6.000000007629394894e+00
1.160000000762939365e+01
1.139999998855590846e+01
1.439999995422363277e+01
2.999999988555908104e+00
4.199999977111816385e+00
6.399999988555908459e+00
6.599999946594238054e+00
1.059999998474121163e+01
1.299999997711181621e+01
8.800000015258788721e+00
1.299999998474121021e+01
1.560000001525878943e+01
1.919999998474121128e+01
7.399999977111816563e+00
5.599999999999999645e+00
7.799999977111816030e+00
9.600000015258789432e+00
5.399999977111816563e+00
2.919999992370605568e+01
8.200000007629395071e+00
2.219999999999999929e+01
8.800000007629394716e+00
9.200000007629395071e+00
3.399999988555908015e+00
7.200000007629394183e+00
1.139999995422363277e+01
7.199999977111816385e+00
8.599999977111815852e+00
8.800000007629394716e+00
9.399999977111816563e+00
1.859999989318847824e+01
8.799999984741210923e+00
1.139999992370605497e+01
9.399999946594238764e+00
1.020000000762939507e+01
9.399999954223632770e+00
1.180000001525878872e+01
1.239999997711181656e+01
1.119999994659423770e+01
1.100000001525878979e+01
1.079999995422363313e+01
1.339999995422363277e+01
1.139999995422363277e+01
1.099999995422363241e+01
1.219999999427795423e+01
1.279999998474121092e+01
1.219999995422363348e+01
1.260000000762939365e+01
1.159999997711181585e+01
1.179999995422363313e+01
1.180000001525878872e+01
1.139999992370605497e+01
1.259999994659423805e+01
1.060000001525878943e+01
1.200000000762939401e+01
1.019999994659423770e+01
1.100000000762939401e+01
1.059999998855590775e+01
1.280000001525878872e+01
1.159999995422363206e+01
1.119999989318847611e+01
1.139999998474121057e+01
1.000000000762939401e+01
1.060000000762939365e+01
1.079999995422363313e+01
1.079999994659423912e+01
1.119999995422363348e+01
1.239999998474121057e+01
1.019999994659423770e+01
1.139999992370605497e+01
1.359999997711181585e+01
1.099999994659423841e+01
1.159999998474121163e+01
1.040000000762939436e+01
1.179999994659423912e+01
1.300000001525878979e+01
1.180000003051757851e+01
1.139999995422363277e+01
1.339999992370605497e+01
1.199999992370605462e+01
1.279999998474121092e+01
1.259999995422363206e+01
1.239999995422363277e+01
1.299999998474121021e+01
1.199999999427795494e+01
1.279999994659423912e+01
1.259999998474121163e+01
1.359999989318847646e+01
1.359999992370605426e+01
1.319999998474121128e+01
1.440000003051757815e+01
1.259999995422363206e+01
1.419999986267089831e+01
1.340000000762939436e+01
1.399999998474121021e+01
1.419999994659423770e+01
1.379999986267089795e+01
1.479999995422363313e+01
1.419999997711181727e+01
1.479999998474121092e+01
1.380000001525878872e+01
1.279999994659423912e+01
1.519999992370605391e+01
1.479999998474121092e+01
1.399999998474121021e+01
1.519999989318847611e+01
1.599999998474121021e+01
1.540000001525878837e+01
1.439999997711181656e+01
1.559999992370605426e+01
1.559999992370605426e+01
1.480000003051757851e+01
1.559999992370605426e+01
1.379999998474121092e+01
1.560000000762939365e+01
1.660000000000000142e+01
1.679999986267089795e+01
1.579999992370605533e+01
1.559999989318847646e+01
1.599999998474121021e+01
1.679999992370605355e+01
1.599999995422363241e+01
1.719999986267090009e+01
1.719999998474121128e+01
1.739999992370605497e+01
1.660000000000000142e+01
1.779999990844726554e+01
1.779999989318847753e+01
1.679999998474121270e+01
1.739999996948242256e+01
1.639999999999999858e+01
1.699999998474121199e+01
1.779999995422363313e+01
1.959999996948242185e+01
1.859999992370605426e+01
1.819999995422363170e+01
1.820000001525878730e+01
1.879999995422363313e+01
1.859999995422363384e+01
1.859999992370605426e+01
1.859999995422363384e+01
1.819999998474121128e+01
1.899999995422363241e+01
1.899999986267089724e+01
1.759999995422363384e+01
1.839999992370605497e+01
1.899999989318847682e+01
1.820000001525878730e+01
1.919999989318847611e+01
1.960000000000000142e+01
1.959999995422363384e+01
