9.319999963378906216e+01
9.419999969482421420e+01
5.700000000000000000e+01
8.159999945068359750e+01
8.199999981689452966e+01
8.579999969482422273e+01
7.039999963378906500e+01
8.699999981689452966e+01
1.000000000000000000e+02
9.039999938964844262e+01
8.199999993896484796e+01
9.219999938964843977e+01
9.020000006103515489e+01
9.959999999999999432e+01
9.719999963378906216e+01
8.939999975585936909e+01
9.739999963378906500e+01
9.639999963378906500e+01
9.979999999999999716e+01
9.660000006103516057e+01
9.859999969482421989e+01
9.660000006103516057e+01
9.959999999999999432e+01
9.579999969482422273e+01
9.979999999999999716e+01
9.880000006103514920e+01
9.939999963378906500e+01
9.499999963378905932e+01
9.779999963378905647e+01
9.900000000000000000e+01
9.879999963378905647e+01
9.900000000000000000e+01
1.000000000000000000e+02
9.519999969482421420e+01
9.699999963378905932e+01
9.199999969482422557e+01
9.840000000000000568e+01
9.919999963378906216e+01
9.660000006103516057e+01
9.680000006103514920e+01
9.979999999999999716e+01
9.740000006103515773e+01
9.900000000000000000e+01
9.940000000000000568e+01
9.780000006103514920e+01
9.500000006103515204e+01
9.900000000000000000e+01
9.819999963378906216e+01
9.979999999999999716e+01
9.739999963378906500e+01
9.940000000000000568e+01
9.979999999999999716e+01
9.979999999999999716e+01
9.759999963378906784e+01
9.939999963378906500e+01
9.380000006103514920e+01
9.959999999999999432e+01
9.439999975585936909e+01
9.979999963378905647e+01
9.360000006103516057e+01
9.940000000000000568e+01
9.979999999999999716e+01
9.900000000000000000e+01
9.920000000000000284e+01
9.939999963378906500e+01
9.400000012207031830e+01
1.000000000000000000e+02
9.939999963378906500e+01
9.160000006103516057e+01
9.879999999999999716e+01
9.740000000000000568e+01
9.539999969482421704e+01
9.839999963378906500e+01
9.940000000000000568e+01
9.880000006103514920e+01
9.940000000000000568e+01
1.000000000000000000e+02
9.760000006103516057e+01
9.959999999999999432e+01
9.840000000000000568e+01
9.900000000000000000e+01
9.899999963378905932e+01
9.400000012207031830e+01
8.819999975585938046e+01
9.419999969482421420e+01
9.440000006103515773e+01
9.080000006103514920e+01
8.939999975585936909e+01
9.259999969482421989e+01
9.020000012207030693e+01
9.439999969482421704e+01
8.899999975585937761e+01
9.140000012207030977e+01
9.200000006103515204e+01
8.899999975585937761e+01
9.100000012207031830e+01
9.260000012207031261e+01
9.159999975585937193e+01
9.420000000000000284e+01
9.340000006103515773e+01
9.059999945068359750e+01
9.299999975585937761e+01
9.439999963378906500e+01
9.299999969482422557e+01
9.559999963378906784e+01
9.019999969482421420e+01
9.419999975585938046e+01
9.340000006103515773e+01
9.559999999999999432e+01
9.279999963378905647e+01
9.559999969482421989e+01
9.400000000000000000e+01
9.520000006103515489e+01
9.400000012207031830e+01
9.379999963378905647e+01
9.539999969482421704e+01
9.499999975585937761e+01
9.180000012207031546e+01
9.819999963378906216e+01
9.659999963378906784e+01
9.559999969482421989e+01
9.639999963378906500e+01
9.800000000000000000e+01
9.080000006103514920e+01
8.979999945068360034e+01
8.939999951171874670e+01
8.919999945068359182e+01
8.899999938964843693e+01
8.879999975585937477e+01
8.819999938964843977e+01
8.879999951171875239e+01
8.999999945068358898e+01
8.900000012207031830e+01
8.859999945068359750e+01
8.919999975585938046e+01
8.859999981689453818e+01
8.900000012207031830e+01
8.979999945068360034e+01
8.879999938964843409e+01
8.879999981689452682e+01
9.019999981689453250e+01
8.959999975585937193e+01
8.959999981689453818e+01
8.839999987792968739e+01
8.880000012207031546e+01
8.899999938964843693e+01
8.839999969482421704e+01
8.879999981689452682e+01
8.839999981689453534e+01
8.779999938964843409e+01
8.920000012207030693e+01
8.859999975585937193e+01
8.919999975585938046e+01
8.939999981689453534e+01
9.079999963378905647e+01
8.879999938964843409e+01
8.939999981689453534e+01
8.979999963378905647e+01
9.039999945068359466e+01
8.900000006103515204e+01
8.879999938964843409e+01
8.980000006103514920e+01
8.899999981689452966e+01
9.059999938964843125e+01
8.939999981689453534e+01
8.900000012207031830e+01
8.980000012207031546e+01
8.859999938964843125e+01
9.080000012207031546e+01
9.119999975585938046e+01
8.899999981689452966e+01
8.920000012207030693e+01
8.859999969482421989e+01
8.999999969482422557e+01
9.039999975585936909e+01
8.939999945068359466e+01
8.919999975585938046e+01
8.899999938964843693e+01
8.799999938964843693e+01
8.960000012207031261e+01
8.900000012207031830e+01
8.959999969482421989e+01
8.880000006103514920e+01
8.919999975585938046e+01
8.919999975585938046e+01
8.879999981689452682e+01
8.879999945068360034e+01
9.019999975585938046e+01
9.059999975585937193e+01
9.019999969482421420e+01
8.879999945068360034e+01
8.939999951171874670e+01
8.859999969482421989e+01
8.940000012207030977e+01
9.119999938964843977e+01
9.099999969482422557e+01
8.939999975585936909e+01
8.900000012207031830e+01
9.000000006103515204e+01
8.840000012207030977e+01
