0.000000000000000000e+00
5.360000003051757744e+01
1.739999992370605497e+01
3.999999978637695364e+01
2.799999996948242043e+01
4.099999975585937761e+01
5.659999978637695506e+01
5.559999993896484227e+01
5.839999975585937619e+01
5.680000003051758029e+01
5.099999984741211279e+01
5.259999996948242540e+01
2.919999990844726412e+01
8.219999963378906216e+01
4.179999981689453392e+01
7.239999969482421704e+01
6.780000006103514920e+01
6.279999987792968597e+01
7.319999963378906216e+01
8.059999993896484227e+01
3.900000006103515915e+01
8.539999981689453534e+01
8.799999981689452966e+01
7.280000006103514920e+01
6.179999981689453392e+01
7.399999957275390727e+01
8.599999938964843693e+01
8.499999945068358898e+01
9.319999975585938046e+01
8.779999975585937477e+01
8.699999938964843693e+01
6.540000012207030977e+01
8.279999981689452682e+01
7.379999957275390443e+01
6.199999978637695364e+01
7.420000006103515489e+01
9.580000012207031546e+01
7.719999993896485080e+01
7.120000012207030693e+01
8.999999969482422557e+01
8.159999957275390159e+01
8.459999975585937193e+01
9.099999938964843693e+01
8.479999945068360034e+01
7.679999987792969307e+01
8.479999981689452682e+01
6.159999990844726625e+01
9.539999969482421704e+01
7.959999951171874955e+01
7.639999975585936909e+01
8.619999987792968454e+01
8.719999938964843977e+01
6.159999969482421989e+01
6.139999978637695222e+01
7.879999945068360034e+01
9.339999938964844262e+01
7.519999963378906216e+01
8.260000006103516057e+01
8.639999987792968739e+01
8.079999987792969307e+01
6.779999963378905647e+01
9.859999999999999432e+01
8.959999938964843125e+01
9.639999963378906500e+01
7.699999951171875523e+01
6.940000006103515773e+01
8.460000012207031261e+01
9.320000012207030693e+01
7.919999993896485080e+01
9.299999938964843693e+01
9.299999963378905932e+01
9.119999938964843977e+01
8.119999951171874386e+01
9.220000012207030693e+01
9.039999975585936909e+01
9.279999938964843409e+01
8.399999981689452966e+01
9.079999938964843409e+01
8.279999975585937477e+01
8.899999975585937761e+01
8.279999987792969307e+01
9.359999938964843125e+01
9.919999963378906216e+01
9.819999963378906216e+01
9.500000006103515204e+01
9.859999999999999432e+01
9.840000000000000568e+01
9.819999963378906216e+01
9.859999999999999432e+01
9.760000006103516057e+01
9.680000006103514920e+01
9.600000006103515204e+01
9.539999963378906500e+01
9.539999963378906500e+01
9.479999975585937477e+01
9.560000006103516057e+01
9.559999963378906784e+01
9.640000006103515773e+01
9.660000006103516057e+01
9.739999963378906500e+01
9.620000000000000284e+01
9.559999969482421989e+01
9.759999999999999432e+01
9.739999963378906500e+01
9.479999969482422273e+01
9.659999963378906784e+01
9.380000012207031546e+01
9.680000006103514920e+01
9.639999938964844262e+01
9.419999975585938046e+01
9.640000012207030977e+01
9.620000006103515489e+01
9.799999969482422557e+01
9.659999969482421989e+01
9.720000000000000284e+01
9.480000006103514920e+01
9.759999999999999432e+01
9.779999963378905647e+01
9.720000000000000284e+01
9.720000012207030693e+01
9.280000012207031546e+01
9.480000006103514920e+01
9.480000012207031546e+01
9.579999999999999716e+01
9.580000006103514920e+01
9.840000006103515773e+01
9.859999999999999432e+01
9.859999963378906784e+01
9.859999963378906784e+01
9.839999963378906500e+01
9.839999963378906500e+01
9.840000000000000568e+01
9.679999969482422273e+01
9.719999969482421420e+01
9.600000006103515204e+01
9.640000006103515773e+01
9.579999969482422273e+01
9.499999969482422557e+01
9.599999963378905932e+01
9.540000006103515773e+01
9.579999969482422273e+01
9.600000012207031830e+01
9.520000006103515489e+01
9.659999963378906784e+01
9.600000012207031830e+01
9.480000006103514920e+01
9.719999963378906216e+01
9.639999969482421704e+01
9.540000012207030977e+01
9.560000006103516057e+01
9.559999969482421989e+01
9.599999963378905932e+01
9.620000006103515489e+01
9.579999963378905647e+01
9.480000006103514920e+01
9.580000006103514920e+01
9.600000006103515204e+01
9.660000006103516057e+01
9.600000006103515204e+01
9.639999969482421704e+01
9.599999963378905932e+01
9.499999963378905932e+01
9.600000012207031830e+01
9.640000006103515773e+01
9.659999963378906784e+01
9.620000006103515489e+01
9.619999963378906216e+01
9.560000006103516057e+01
9.620000006103515489e+01
9.619999963378906216e+01
9.639999969482421704e+01
9.480000006103514920e+01
9.620000006103515489e+01
9.579999975585937477e+01
9.659999969482421989e+01
9.540000000000000568e+01
9.599999963378905932e+01
9.659999963378906784e+01
9.600000012207031830e+01
9.579999963378905647e+01
9.600000006103515204e+01
9.620000006103515489e+01
9.580000006103514920e+01
9.640000006103515773e+01
9.560000006103516057e+01
9.620000006103515489e+01
9.619999963378906216e+01
9.620000006103515489e+01
9.599999963378905932e+01
9.500000012207031830e+01
9.579999975585937477e+01
9.580000006103514920e+01
9.499999975585937761e+01
9.579999963378905647e+01
9.479999969482422273e+01
9.459999969482421989e+01
9.560000006103516057e+01
9.500000006103515204e+01
9.499999975585937761e+01
9.520000006103515489e+01
