1.279999995422363313e+01
3.919999978637695648e+01
4.459999987792969023e+01
4.439999984741211136e+01
6.499999981689452966e+01
5.899999969482421847e+01
6.640000000000000568e+01
5.819999981689453250e+01
6.279999990844726909e+01
6.099999981689452966e+01
3.299999987792968881e+01
6.339999978637695222e+01
4.479999975585937477e+01
7.320000006103515489e+01
8.579999987792969307e+01
8.459999957275390159e+01
4.719999981689453250e+01
7.280000006103514920e+01
3.879999981689453392e+01
7.919999981689453250e+01
7.119999975585938046e+01
8.459999987792969023e+01
6.299999996948242398e+01
6.260000012207031261e+01
6.519999969482421420e+01
7.619999963378906216e+01
6.720000012207030693e+01
7.479999963378905647e+01
7.579999963378905647e+01
8.939999975585936909e+01
8.659999945068359750e+01
6.439999984741210426e+01
8.279999938964843409e+01
6.859999963378906784e+01
8.560000012207031261e+01
6.720000006103515489e+01
5.980000006103515631e+01
9.039999938964844262e+01
9.080000006103514920e+01
9.359999969482421989e+01
8.519999951171874386e+01
9.240000006103515773e+01
8.599999981689452966e+01
7.619999957275391012e+01
8.339999938964844262e+01
8.519999987792968454e+01
9.360000012207031261e+01
9.399999969482422557e+01
7.820000000000000284e+01
8.779999975585937477e+01
9.599999963378905932e+01
8.579999938964843409e+01
7.199999957275390727e+01
8.940000012207030977e+01
7.959999993896484227e+01
6.680000012207031546e+01
9.219999969482421420e+01
9.139999963378906500e+01
8.819999938964843977e+01
7.279999975585937477e+01
9.320000012207030693e+01
9.059999938964843125e+01
6.559999981689453818e+01
8.199999993896484796e+01
9.740000006103515773e+01
6.119999993896484369e+01
7.839999993896483943e+01
9.019999975585938046e+01
9.659999999999999432e+01
8.699999951171875523e+01
9.879999999999999716e+01
9.259999969482421989e+01
8.659999938964843125e+01
9.320000006103515489e+01
9.299999969482422557e+01
9.239999975585936909e+01
8.939999987792968739e+01
9.179999969482422273e+01
8.599999969482422557e+01
9.540000006103515773e+01
8.339999981689453534e+01
9.399999969482422557e+01
9.820000000000000284e+01
9.879999969482422273e+01
9.800000000000000000e+01
9.779999963378905647e+01
9.659999969482421989e+01
9.779999963378905647e+01
9.840000000000000568e+01
9.900000000000000000e+01
9.799999963378905932e+01
9.659999963378906784e+01
9.580000012207031546e+01
9.619999969482421420e+01
9.779999999999999716e+01
9.600000006103515204e+01
9.740000006103515773e+01
9.600000006103515204e+01
9.820000000000000284e+01
9.560000006103516057e+01
9.620000006103515489e+01
9.739999963378906500e+01
9.619999963378906216e+01
9.819999963378906216e+01
9.600000012207031830e+01
9.659999999999999432e+01
9.819999963378906216e+01
9.700000006103515204e+01
9.900000000000000000e+01
9.659999963378906784e+01
9.740000006103515773e+01
9.699999963378905932e+01
9.619999963378906216e+01
9.740000006103515773e+01
9.699999963378905932e+01
9.739999963378906500e+01
9.800000000000000000e+01
9.840000006103515773e+01
9.779999963378905647e+01
9.700000006103515204e+01
9.699999963378905932e+01
9.620000006103515489e+01
9.679999963378905647e+01
9.820000012207030693e+01
9.859999963378906784e+01
9.900000000000000000e+01
9.879999963378905647e+01
9.879999999999999716e+01
9.859999999999999432e+01
9.859999999999999432e+01
9.859999999999999432e+01
9.859999963378906784e+01
9.900000000000000000e+01
9.879999999999999716e+01
9.900000000000000000e+01
9.900000000000000000e+01
9.860000006103516057e+01
9.780000006103514920e+01
9.740000006103515773e+01
9.619999969482421420e+01
9.659999963378906784e+01
9.719999969482421420e+01
9.740000006103515773e+01
9.660000006103516057e+01
9.760000006103516057e+01
9.679999963378905647e+01
9.660000006103516057e+01
9.640000006103515773e+01
9.640000000000000568e+01
9.700000000000000000e+01
9.640000000000000568e+01
9.660000006103516057e+01
9.640000012207030977e+01
9.619999963378906216e+01
9.620000006103515489e+01
9.639999969482421704e+01
9.619999969482421420e+01
9.640000006103515773e+01
9.680000006103514920e+01
9.699999969482422557e+01
9.660000006103516057e+01
9.700000006103515204e+01
9.760000006103516057e+01
9.739999963378906500e+01
9.639999969482421704e+01
9.639999963378906500e+01
9.659999999999999432e+01
9.759999969482421989e+01
9.719999963378906216e+01
9.740000000000000568e+01
9.740000006103515773e+01
9.639999963378906500e+01
9.640000006103515773e+01
9.639999969482421704e+01
9.720000000000000284e+01
9.720000006103515489e+01
9.719999963378906216e+01
9.720000012207030693e+01
9.660000006103516057e+01
9.699999963378905932e+01
9.679999963378905647e+01
9.640000006103515773e+01
9.680000006103514920e+01
9.679999963378905647e+01
9.699999963378905932e+01
9.700000000000000000e+01
9.719999963378906216e+01
9.739999963378906500e+01
9.659999963378906784e+01
9.740000006103515773e+01
9.640000006103515773e+01
9.719999969482421420e+01
9.759999963378906784e+01
9.739999963378906500e+01
9.739999969482421704e+01
9.699999963378905932e+01
9.779999999999999716e+01
9.639999969482421704e+01
9.719999969482421420e+01
9.700000006103515204e+01
