0.000000000000000000e+00
1.539999992370605497e+01
1.840000001525879014e+01
2.019999989318847611e+01
1.759999986267089866e+01
2.459999990844726625e+01
3.679999981689453392e+01
2.599999993896484440e+01
3.039999993896484298e+01
5.379999993896484511e+01
1.720000001525878730e+01
3.239999972534180017e+01
3.719999987792968454e+01
4.340000003051757460e+01
1.299999992370605462e+01
4.859999990844726625e+01
4.519999987792968454e+01
4.479999978637695079e+01
3.779999981689453392e+01
6.280000012207031546e+01
4.199999975585937761e+01
4.879999975585937477e+01
4.459999996948242540e+01
4.879999975585937477e+01
7.039999975585936909e+01
6.319999975585937335e+01
5.119999972534179733e+01
6.780000006103514920e+01
8.300000000000000000e+01
4.660000003051757744e+01
6.279999978637695079e+01
5.760000006103515346e+01
4.699999975585937761e+01
6.499999990844726483e+01
9.039999975585936909e+01
4.240000003051757460e+01
6.499999969482422557e+01
7.559999957275390159e+01
6.620000012207030693e+01
8.139999938964844262e+01
7.339999963378906500e+01
7.919999945068359182e+01
6.460000012207031261e+01
6.139999975585937619e+01
6.359999996948242540e+01
6.979999969482422273e+01
7.859999981689453818e+01
6.140000012207030977e+01
5.059999987792969023e+01
6.199999990844726483e+01
7.759999957275390159e+01
7.040000012207030977e+01
3.899999987792968881e+01
8.179999957275390443e+01
6.639999969482421704e+01
8.999999938964843693e+01
8.379999975585937477e+01
7.879999945068360034e+01
7.699999993896484796e+01
6.199999984741211279e+01
6.639999990844727051e+01
6.959999993896484227e+01
6.519999984741211563e+01
6.879999993896484511e+01
6.680000012207031546e+01
9.480000006103514920e+01
8.179999993896484511e+01
7.699999993896484796e+01
7.079999987792969307e+01
7.279999987792969307e+01
6.599999969482422557e+01
6.539999984741210426e+01
5.659999978637695506e+01
5.079999969482421562e+01
7.999999957275390727e+01
8.600000012207031830e+01
7.660000012207031261e+01
6.659999999999999432e+01
8.519999945068359182e+01
8.599999981689452966e+01
8.459999951171874955e+01
9.000000012207031830e+01
9.339999963378906500e+01
9.619999963378906216e+01
9.719999963378906216e+01
9.579999969482422273e+01
9.600000000000000000e+01
9.640000006103515773e+01
9.440000006103515773e+01
9.639999963378906500e+01
9.659999963378906784e+01
9.500000006103515204e+01
9.579999999999999716e+01
9.539999975585936909e+01
9.600000006103515204e+01
9.520000006103515489e+01
9.440000012207030977e+01
9.619999963378906216e+01
9.379999981689452682e+01
9.399999969482422557e+01
9.440000006103515773e+01
9.579999969482422273e+01
9.579999999999999716e+01
9.519999938964843977e+01
9.660000006103516057e+01
9.580000012207031546e+01
9.619999969482421420e+01
9.539999969482421704e+01
9.399999969482422557e+01
9.560000012207031261e+01
9.600000000000000000e+01
9.479999975585937477e+01
9.520000000000000284e+01
9.560000006103516057e+01
9.500000000000000000e+01
9.499999963378905932e+01
9.560000006103516057e+01
9.680000006103514920e+01
9.480000006103514920e+01
9.479999963378905647e+01
9.439999969482421704e+01
9.699999963378905932e+01
9.699999963378905932e+01
9.699999963378905932e+01
9.699999969482422557e+01
9.720000000000000284e+01
9.720000000000000284e+01
9.800000006103515204e+01
9.779999963378905647e+01
9.779999969482422273e+01
9.820000000000000284e+01
9.800000000000000000e+01
9.800000006103515204e+01
9.799999963378905932e+01
9.800000000000000000e+01
9.739999963378906500e+01
9.679999999999999716e+01
9.700000006103515204e+01
9.659999963378906784e+01
9.560000006103516057e+01
9.620000012207030693e+01
9.659999963378906784e+01
9.700000012207031830e+01
9.700000012207031830e+01
9.639999963378906500e+01
9.620000000000000284e+01
9.619999938964843977e+01
9.699999969482422557e+01
9.600000006103515204e+01
9.579999963378905647e+01
9.560000012207031261e+01
9.540000000000000568e+01
9.640000006103515773e+01
9.620000012207030693e+01
9.599999969482422557e+01
9.659999969482421989e+01
9.599999963378905932e+01
9.639999969482421704e+01
9.639999963378906500e+01
9.640000006103515773e+01
9.639999969482421704e+01
9.600000006103515204e+01
9.599999969482422557e+01
9.600000006103515204e+01
9.679999999999999716e+01
9.680000006103514920e+01
9.679999999999999716e+01
9.699999963378905932e+01
9.580000006103514920e+01
9.659999969482421989e+01
9.620000006103515489e+01
9.620000000000000284e+01
9.599999963378905932e+01
9.599999963378905932e+01
9.659999963378906784e+01
9.539999969482421704e+01
9.579999969482422273e+01
9.540000012207030977e+01
9.580000006103514920e+01
9.639999969482421704e+01
9.560000006103516057e+01
9.580000006103514920e+01
9.580000012207031546e+01
9.580000012207031546e+01
9.620000000000000284e+01
9.560000006103516057e+01
9.600000000000000000e+01
9.580000006103514920e+01
9.579999999999999716e+01
9.639999969482421704e+01
9.600000006103515204e+01
9.599999969482422557e+01
9.599999969482422557e+01
9.580000006103514920e+01
9.599999963378905932e+01
9.579999969482422273e+01
9.619999969482421420e+01
9.599999969482422557e+01
9.619999963378906216e+01
9.640000000000000568e+01
