2.399999988555908015e+00
3.999999988555908104e+00
1.459999986267089866e+01
3.439999987792968739e+01
4.399999988555908459e+00
3.999999988555908104e+00
3.259999972534179591e+01
2.199999986267089724e+01
3.159999993896484227e+01
1.739999989318847540e+01
9.199999977111817273e+00
3.159999981689453108e+01
1.380000001525878872e+01
1.959999986267089866e+01
1.739999996948242256e+01
5.239999975585937619e+01
4.940000006103515773e+01
1.979999989318847753e+01
2.039999992370605497e+01
2.379999984741210994e+01
2.460000000000000142e+01
2.359999993896484227e+01
1.859999992370605426e+01
2.139999989318847540e+01
2.419999975585937335e+01
2.120000003051757886e+01
1.839999995422363455e+01
3.599999981689452966e+01
2.020000001525878730e+01
2.299999987792968881e+01
3.099999993896484440e+01
2.019999995422363170e+01
1.519999989318847611e+01
1.959999992370605426e+01
5.619999987792968454e+01
2.459999996948242185e+01
1.240000000762939436e+01
3.079999989318847753e+01
2.560000000000000142e+01
3.439999984741211136e+01
4.819999969482422131e+01
3.219999981689453250e+01
4.259999975585937193e+01
4.719999972534179733e+01
5.619999969482422131e+01
4.659999993896484227e+01
5.239999999999999858e+01
3.479999975585937477e+01
3.999999996948242398e+01
3.719999990844726767e+01
4.779999981689453392e+01
6.220000003051757886e+01
3.639999990844726341e+01
3.879999978637695079e+01
4.159999993896484227e+01
3.320000003051757886e+01
4.339999999999999858e+01
3.700000000000000000e+01
4.559999972534179591e+01
4.539999972534180017e+01
3.399999996948242398e+01
5.420000006103515489e+01
3.979999981689453392e+01
3.079999993896484511e+01
4.779999978637695079e+01
4.479999990844726909e+01
3.479999984741210994e+01
5.759999987792969023e+01
6.019999996948241971e+01
4.219999975585937335e+01
8.379999993896484511e+01
5.279999981689453392e+01
6.899999987792968170e+01
5.359999987792969023e+01
6.999999981689452966e+01
5.020000006103515489e+01
3.580000006103515631e+01
4.599999993896484085e+01
5.920000012207031403e+01
4.719999969482422131e+01
3.739999972534180017e+01
4.039999981689452824e+01
6.839999981689453534e+01
7.479999963378905647e+01
8.959999938964843125e+01
9.239999975585936909e+01
9.419999969482421420e+01
9.279999938964843409e+01
9.299999975585937761e+01
9.079999975585937477e+01
9.499999963378905932e+01
9.459999969482421989e+01
9.359999963378906784e+01
9.079999975585937477e+01
8.959999969482421989e+01
9.199999981689452966e+01
9.179999938964843409e+01
9.280000012207031546e+01
8.979999938964843409e+01
8.999999975585937761e+01
8.940000012207030977e+01
9.040000012207030977e+01
9.039999945068359466e+01
8.919999938964843977e+01
8.939999981689453534e+01
9.179999938964843409e+01
8.959999981689453818e+01
9.199999981689452966e+01
8.960000006103516057e+01
9.199999969482422557e+01
8.979999938964843409e+01
9.080000012207031546e+01
8.839999951171874670e+01
9.039999945068359466e+01
9.119999981689453250e+01
9.139999938964844262e+01
9.180000012207031546e+01
8.999999975585937761e+01
8.859999969482421989e+01
9.179999975585937477e+01
8.839999951171874670e+01
9.199999938964843693e+01
9.239999975585936909e+01
8.999999975585937761e+01
9.399999975585937761e+01
9.659999999999999432e+01
9.760000006103516057e+01
9.779999963378905647e+01
9.759999999999999432e+01
9.800000006103515204e+01
9.840000000000000568e+01
9.820000000000000284e+01
9.859999963378906784e+01
9.859999999999999432e+01
9.800000006103515204e+01
9.840000000000000568e+01
9.779999999999999716e+01
9.799999963378905932e+01
9.740000000000000568e+01
9.740000006103515773e+01
9.639999969482421704e+01
9.560000006103516057e+01
9.340000006103515773e+01
9.460000006103516057e+01
9.559999963378906784e+01
9.619999963378906216e+01
9.580000006103514920e+01
9.700000006103515204e+01
9.559999969482421989e+01
9.700000006103515204e+01
9.679999969482422273e+01
9.699999963378905932e+01
9.739999963378906500e+01
9.659999963378906784e+01
9.580000006103514920e+01
9.719999963378906216e+01
9.599999969482422557e+01
9.579999999999999716e+01
9.720000006103515489e+01
9.700000006103515204e+01
9.599999963378905932e+01
9.659999963378906784e+01
9.679999969482422273e+01
9.620000000000000284e+01
9.679999969482422273e+01
9.620000000000000284e+01
9.579999999999999716e+01
9.739999963378906500e+01
9.759999999999999432e+01
9.640000006103515773e+01
9.639999963378906500e+01
9.759999963378906784e+01
9.659999999999999432e+01
9.640000000000000568e+01
9.599999975585937761e+01
9.619999963378906216e+01
9.700000000000000000e+01
9.679999963378905647e+01
9.579999969482422273e+01
9.760000006103516057e+01
9.639999969482421704e+01
9.660000006103516057e+01
9.719999963378906216e+01
9.579999963378905647e+01
9.679999999999999716e+01
9.739999963378906500e+01
9.620000006103515489e+01
9.680000006103514920e+01
9.659999963378906784e+01
9.640000000000000568e+01
9.660000006103516057e+01
9.699999969482422557e+01
9.579999963378905647e+01
9.679999963378905647e+01
9.699999963378905932e+01
9.740000006103515773e+01
9.739999963378906500e+01
9.740000006103515773e+01
9.659999963378906784e+01
9.679999963378905647e+01
