0.000000000000000000e+00
1.979999995422363313e+01
1.559999995422363206e+01
1.279999994659423912e+01
4.059999969482421989e+01
1.019999997711181727e+01
1.179999992370605533e+01
2.639999986267089938e+01
2.520000003051757886e+01
2.219999986267090009e+01
7.799999988555907926e+00
1.379999989318847575e+01
1.139999994659423876e+01
1.299999997711181621e+01
6.599999977111816740e+00
2.639999987792968739e+01
1.199999995422363241e+01
9.999999946594238409e+00
7.799999977111816030e+00
1.019999997711181727e+01
1.359999995422363206e+01
2.180000000000000071e+01
1.520000001525878908e+01
2.159999989318847824e+01
1.039999994659423876e+01
1.379999994659423912e+01
1.820000001525878730e+01
1.620000001525878730e+01
2.900000000000000000e+01
2.000000001525878801e+01
1.759999992370605426e+01
3.079999993896484511e+01
3.160000003051757744e+01
2.999999987792968881e+01
4.679999972534179875e+01
4.039999972534180017e+01
3.960000000000000142e+01
2.359999996948242185e+01
3.780000003051758029e+01
2.500000003051757957e+01
1.619999995422363170e+01
3.679999990844726909e+01
4.019999990844726767e+01
4.620000006103515489e+01
3.200000000000000000e+01
3.719999981689453250e+01
2.819999990844726412e+01
2.539999984741210781e+01
2.579999996948242114e+01
3.539999981689452824e+01
3.439999996948242256e+01
4.720000003051757886e+01
2.759999987792968668e+01
3.499999987792968881e+01
2.839999972534179662e+01
3.459999978637695506e+01
2.880000003051757673e+01
3.599999969482421847e+01
5.879999975585937477e+01
2.819999990844726412e+01
4.999999972534179449e+01
2.679999992370605355e+01
3.619999972534179733e+01
4.820000006103515489e+01
4.379999975585937477e+01
3.579999987792968597e+01
5.159999996948242540e+01
4.559999972534179591e+01
5.119999987792968454e+01
5.379999984741210994e+01
2.979999993896484511e+01
3.979999972534179875e+01
6.059999975585937193e+01
3.799999969482421847e+01
3.560000000000000142e+01
4.019999969482422131e+01
7.179999999999999716e+01
4.239999972534180017e+01
5.759999987792969023e+01
5.279999996948242114e+01
6.280000003051758029e+01
6.420000006103515489e+01
8.499999975585937761e+01
9.299999975585937761e+01
9.419999969482421420e+01
9.399999938964843693e+01
9.340000000000000568e+01
9.520000006103515489e+01
9.500000006103515204e+01
9.619999963378906216e+01
9.499999963378905932e+01
9.299999975585937761e+01
9.300000012207031830e+01
9.339999969482421704e+01
9.479999975585937477e+01
9.379999969482422273e+01
9.179999969482422273e+01
8.939999938964844262e+01
9.200000012207031830e+01
9.139999975585936909e+01
9.280000012207031546e+01
9.140000006103515773e+01
9.039999975585936909e+01
9.000000012207031830e+01
9.280000012207031546e+01
9.360000006103516057e+01
9.319999969482421420e+01
9.320000012207030693e+01
9.379999969482422273e+01
9.259999938964843125e+01
8.960000012207031261e+01
9.139999938964844262e+01
9.079999975585937477e+01
9.279999969482422273e+01
9.040000012207030977e+01
9.239999975585936909e+01
9.160000012207031261e+01
9.320000012207030693e+01
9.000000012207031830e+01
9.139999938964844262e+01
9.260000006103516057e+01
9.159999963378906784e+01
9.479999969482422273e+01
9.639999963378906500e+01
9.699999963378905932e+01
9.779999999999999716e+01
9.739999963378906500e+01
9.780000006103514920e+01
9.779999969482422273e+01
9.799999963378905932e+01
9.759999963378906784e+01
9.840000006103515773e+01
9.740000012207030977e+01
9.779999963378905647e+01
9.740000006103515773e+01
9.799999963378905932e+01
9.700000006103515204e+01
9.600000006103515204e+01
9.659999999999999432e+01
9.679999999999999716e+01
9.579999963378905647e+01
9.660000006103516057e+01
9.719999969482421420e+01
9.520000006103515489e+01
9.700000000000000000e+01
9.660000006103516057e+01
9.720000012207030693e+01
9.679999963378905647e+01
9.600000006103515204e+01
9.699999963378905932e+01
9.700000000000000000e+01
9.699999969482422557e+01
9.679999963378905647e+01
9.719999963378906216e+01
9.699999969482422557e+01
9.640000000000000568e+01
9.700000012207031830e+01
9.700000006103515204e+01
9.679999999999999716e+01
9.640000006103515773e+01
9.679999963378905647e+01
9.699999975585937761e+01
9.679999999999999716e+01
9.699999963378905932e+01
9.700000006103515204e+01
9.679999999999999716e+01
9.659999963378906784e+01
9.679999963378905647e+01
9.679999999999999716e+01
9.659999963378906784e+01
9.699999963378905932e+01
9.700000006103515204e+01
9.699999963378905932e+01
9.680000006103514920e+01
9.700000000000000000e+01
9.679999999999999716e+01
9.679999969482422273e+01
9.699999969482422557e+01
9.599999963378905932e+01
9.620000012207030693e+01
9.659999969482421989e+01
9.680000006103514920e+01
9.700000006103515204e+01
9.699999969482422557e+01
9.620000000000000284e+01
9.679999969482422273e+01
9.660000006103516057e+01
9.679999963378905647e+01
9.679999963378905647e+01
9.700000006103515204e+01
9.700000006103515204e+01
9.719999963378906216e+01
9.659999999999999432e+01
9.679999969482422273e+01
9.680000006103514920e+01
9.660000006103516057e+01
9.719999969482421420e+01
9.700000000000000000e+01
9.740000000000000568e+01
9.719999969482421420e+01
