4.279999990844726909e+01
2.819999981689453250e+01
4.600000007629394538e+00
8.200000007629395071e+00
5.000000007629394894e+00
6.400000015258789254e+00
1.119999995422363348e+01
8.999999984741210213e+00
1.460000001525878943e+01
4.999999988555908104e+00
1.119999998474121128e+01
2.519999993896484369e+01
2.139999992370605497e+01
1.860000003051757744e+01
6.400000007629394361e+00
2.059999996948242185e+01
2.000000000000000000e+01
1.699999989318847682e+01
1.279999997711181692e+01
4.039999999999999858e+01
3.599999978637695364e+01
1.479999995422363313e+01
7.400000015258789254e+00
4.779999972534179875e+01
3.199999993896484440e+01
2.659999996948242185e+01
2.539999987792968739e+01
3.899999978637695364e+01
2.579999995422363313e+01
6.240000012207030977e+01
3.919999987792968454e+01
1.199999998474121021e+01
2.500000000000000000e+01
3.139999990844726696e+01
3.739999987792968739e+01
1.779999992370605355e+01
3.519999975585937335e+01
2.259999992370605426e+01
4.379999969482421562e+01
1.959999995422363384e+01
6.260000006103515346e+01
4.159999987792969023e+01
3.599999975585937761e+01
2.799999993896484440e+01
4.179999969482421562e+01
4.160000003051757744e+01
3.039999993896484298e+01
3.039999986267089938e+01
4.680000003051758029e+01
4.039999984741211136e+01
1.659999998474120986e+01
5.559999990844726625e+01
3.619999972534179733e+01
3.179999993896484511e+01
2.080000003051757673e+01
3.279999990844726909e+01
5.099999972534179449e+01
4.239999972534180017e+01
2.659999989318847824e+01
5.659999987792969023e+01
3.079999987792968597e+01
3.919999972534179733e+01
4.519999969482422131e+01
2.600000000000000000e+01
2.340000003051757815e+01
7.540000000000000568e+01
3.759999984741210710e+01
4.219999984741210852e+01
5.159999984741210710e+01
5.099999996948242398e+01
2.719999986267090009e+01
3.839999990844726341e+01
4.719999975585937335e+01
6.739999978637695222e+01
3.679999981689453392e+01
3.459999984741210710e+01
3.119999999999999929e+01
3.299999981689452966e+01
3.119999999999999929e+01
4.259999972534179591e+01
2.559999986267089866e+01
4.820000000000000284e+01
5.980000006103515631e+01
7.440000006103515773e+01
8.699999938964843693e+01
8.899999969482422557e+01
8.800000012207031830e+01
8.999999969482422557e+01
8.919999975585938046e+01
9.120000012207030693e+01
8.959999981689453818e+01
8.939999987792968739e+01
8.919999975585938046e+01
8.759999951171874955e+01
8.939999938964844262e+01
8.939999981689453534e+01
8.999999975585937761e+01
8.819999945068359182e+01
8.799999975585937761e+01
8.679999987792969307e+01
8.819999975585938046e+01
8.759999938964843125e+01
8.999999945068358898e+01
8.839999975585936909e+01
8.839999945068359466e+01
8.880000006103514920e+01
8.959999938964843125e+01
8.579999938964843409e+01
8.639999945068359466e+01
8.699999945068358898e+01
8.679999945068360034e+01
8.919999945068359182e+01
8.799999981689452966e+01
8.699999975585937761e+01
8.679999938964843409e+01
8.739999975585936909e+01
8.419999951171874386e+01
8.780000012207031546e+01
8.699999987792968170e+01
8.799999945068358898e+01
8.799999981689452966e+01
8.519999975585938046e+01
9.059999975585937193e+01
9.260000012207031261e+01
9.419999938964843977e+01
9.559999969482421989e+01
9.599999963378905932e+01
9.660000006103516057e+01
9.640000000000000568e+01
9.680000012207031546e+01
9.679999999999999716e+01
9.659999963378906784e+01
9.699999963378905932e+01
9.679999969482422273e+01
9.640000000000000568e+01
9.659999963378906784e+01
9.559999969482421989e+01
9.620000006103515489e+01
9.560000006103516057e+01
9.599999963378905932e+01
9.559999969482421989e+01
9.559999969482421989e+01
9.540000000000000568e+01
9.520000006103515489e+01
9.519999969482421420e+01
9.520000006103515489e+01
9.579999975585937477e+01
9.539999963378906500e+01
9.579999975585937477e+01
9.499999938964843693e+01
9.600000006103515204e+01
9.539999969482421704e+01
9.559999999999999432e+01
9.539999963378906500e+01
9.539999969482421704e+01
9.519999975585938046e+01
9.579999963378905647e+01
9.519999969482421420e+01
9.540000006103515773e+01
9.539999963378906500e+01
9.480000012207031546e+01
9.539999969482421704e+01
9.499999969482422557e+01
9.540000012207030977e+01
9.459999963378906784e+01
9.479999975585937477e+01
9.499999975585937761e+01
9.479999963378905647e+01
9.599999969482422557e+01
9.419999975585938046e+01
9.559999969482421989e+01
9.499999969482422557e+01
9.619999963378906216e+01
9.499999969482422557e+01
9.500000006103515204e+01
9.539999963378906500e+01
9.520000006103515489e+01
9.500000000000000000e+01
9.579999963378905647e+01
9.579999945068360034e+01
9.519999963378906216e+01
9.480000012207031546e+01
9.540000012207030977e+01
9.440000012207030977e+01
9.519999963378906216e+01
9.559999963378906784e+01
9.580000012207031546e+01
9.439999975585936909e+01
9.500000006103515204e+01
9.520000000000000284e+01
9.519999969482421420e+01
9.579999969482422273e+01
9.539999963378906500e+01
9.560000006103516057e+01
9.500000000000000000e+01
9.519999975585938046e+01
9.519999975585938046e+01
9.499999969482422557e+01
9.559999938964843125e+01
9.479999963378905647e+01
