2.000000000000000111e-01
6.200000015258789077e+00
4.000000000000000222e-01
2.239999998474121057e+01
4.800000007629394716e+00
9.800000007629394716e+00
1.259999998855590775e+01
1.219999994659423770e+01
2.519999993896484369e+01
1.339999994659423876e+01
1.519999992370605391e+01
1.719999992370605568e+01
2.619999978637695293e+01
6.800000015258788721e+00
2.879999984741210994e+01
1.539999998474121057e+01
7.000000015258788899e+00
2.199999986267089724e+01
1.940000003051757815e+01
1.100000000762939401e+01
1.340000001525878837e+01
3.139999984741210781e+01
4.100000006103515915e+01
1.759999989318847824e+01
3.239999987792968739e+01
2.539999993896484298e+01
1.599999986267089902e+01
2.039999995422363455e+01
2.759999978637695150e+01
1.379999994659423912e+01
2.419999996948242327e+01
1.919999992370605568e+01
3.399999993896484085e+01
2.679999990844726554e+01
1.440000003051757815e+01
4.059999984741210710e+01
3.479999984741210994e+01
3.200000000000000000e+01
3.739999984741211136e+01
2.119999999999999929e+01
5.119999993896484369e+01
3.179999984741210994e+01
2.279999993896484511e+01
4.080000006103515631e+01
2.759999993896484227e+01
1.860000000000000142e+01
3.020000003051757886e+01
2.560000003051757744e+01
3.199999996948242043e+01
2.699999981689452966e+01
4.399999990844726483e+01
4.699999969482421847e+01
4.439999981689452824e+01
4.479999993896484511e+01
2.419999992370605568e+01
4.660000003051757744e+01
4.359999996948242540e+01
2.279999986267089795e+01
4.539999969482421704e+01
3.219999990844726767e+01
5.899999975585937761e+01
2.199999969482421847e+01
3.960000003051757744e+01
1.519999995422363348e+01
3.000000000000000000e+01
6.499999978637694653e+01
2.959999993896484227e+01
3.719999981689453250e+01
4.680000006103515631e+01
2.979999990844726554e+01
4.200000006103515915e+01
2.179999998474121270e+01
3.019999978637695293e+01
2.219999996948242327e+01
2.059999995422363384e+01
5.379999984741210994e+01
3.339999969482421704e+01
3.619999972534179733e+01
3.919999975585937335e+01
5.619999990844726767e+01
4.500000000000000000e+01
6.419999963378906216e+01
7.519999978637694937e+01
8.699999938964843693e+01
8.639999938964844262e+01
8.959999969482421989e+01
8.999999938964843693e+01
8.980000012207031546e+01
8.899999981689452966e+01
9.180000006103514920e+01
8.940000012207030977e+01
8.959999975585937193e+01
9.040000006103515773e+01
8.760000012207031261e+01
8.899999938964843693e+01
8.800000006103515204e+01
8.799999945068358898e+01
8.799999987792968170e+01
8.839999993896483943e+01
8.579999951171875239e+01
8.999999969482422557e+01
8.459999938964843125e+01
8.779999945068360034e+01
8.859999975585937193e+01
8.619999981689453250e+01
9.019999945068359182e+01
8.839999975585936909e+01
8.719999969482421420e+01
8.419999969482421420e+01
8.400000000000000000e+01
8.939999938964844262e+01
8.879999987792969307e+01
8.459999987792969023e+01
8.900000006103515204e+01
8.920000012207030693e+01
8.919999945068359182e+01
8.659999975585937193e+01
8.539999945068359466e+01
8.939999938964844262e+01
8.739999981689453534e+01
8.619999987792968454e+01
9.099999945068358898e+01
9.139999975585936909e+01
9.400000012207031830e+01
9.419999938964843977e+01
9.479999975585937477e+01
9.499999963378905932e+01
9.519999938964843977e+01
9.639999969482421704e+01
9.559999999999999432e+01
9.619999963378906216e+01
9.580000006103514920e+01
9.520000006103515489e+01
9.539999969482421704e+01
9.679999969482422273e+01
9.660000006103516057e+01
9.600000006103515204e+01
9.579999969482422273e+01
9.520000006103515489e+01
9.500000006103515204e+01
9.460000006103516057e+01
9.460000006103516057e+01
9.439999969482421704e+01
9.339999969482421704e+01
9.400000012207031830e+01
9.399999981689452966e+01
9.360000006103516057e+01
9.379999969482422273e+01
9.419999963378906216e+01
9.399999975585937761e+01
9.419999975585938046e+01
9.379999969482422273e+01
9.419999969482421420e+01
9.419999981689453250e+01
9.379999969482422273e+01
9.419999969482421420e+01
9.419999963378906216e+01
9.480000006103514920e+01
9.379999969482422273e+01
9.340000006103515773e+01
9.379999969482422273e+01
9.399999938964843693e+01
9.419999963378906216e+01
9.399999981689452966e+01
9.380000006103514920e+01
9.400000000000000000e+01
9.380000012207031546e+01
9.400000006103515204e+01
9.379999963378905647e+01
9.340000006103515773e+01
9.399999969482422557e+01
9.359999975585937193e+01
9.379999963378905647e+01
9.419999969482421420e+01
9.360000006103516057e+01
9.379999975585937477e+01
9.379999975585937477e+01
9.380000012207031546e+01
9.420000006103515489e+01
9.379999975585937477e+01
9.419999938964843977e+01
9.379999969482422273e+01
9.359999969482421989e+01
9.359999969482421989e+01
9.339999938964844262e+01
9.379999938964843409e+01
9.339999969482421704e+01
9.379999945068360034e+01
9.379999969482422273e+01
9.360000012207031261e+01
9.359999975585937193e+01
9.380000006103514920e+01
9.379999963378905647e+01
9.339999969482421704e+01
9.359999975585937193e+01
9.419999969482421420e+01
9.400000012207031830e+01
9.400000012207031830e+01
9.420000006103515489e+01
9.400000006103515204e+01
