0.000000000000000000e+00
0.000000000000000000e+00
0.000000000000000000e+00
0.000000000000000000e+00
0.000000000000000000e+00
0.000000000000000000e+00
6.700000000000000178e+00
9.099999999999999645e+00
9.000000000000000000e+00
7.599999999999999645e+00
6.200000000000000178e+00
8.400000000000000355e+00
9.000000000000000000e+00
8.000000000000000000e+00
8.300000000000000711e+00
8.099999999999999645e+00
8.599999999999999645e+00
8.199999999999999289e+00
8.300000000000000711e+00
8.199999999999999289e+00
8.500000000000000000e+00
8.400000000000000355e+00
8.300000000000000711e+00
8.300000000000000711e+00
8.699999999999999289e+00
8.300000000000000711e+00
8.400000000000000355e+00
8.199999999999999289e+00
8.400000000000000355e+00
8.500000000000000000e+00
8.099999999999999645e+00
8.400000000000000355e+00
8.699999999999999289e+00
8.300000000000000711e+00
8.199999999999999289e+00
8.400000000000000355e+00
8.199999999999999289e+00
8.400000000000000355e+00
8.300000000000000711e+00
8.599999999999999645e+00
8.300000000000000711e+00
8.500000000000000000e+00
8.199999999999999289e+00
8.500000000000000000e+00
8.400000000000000355e+00
8.599999999999999645e+00
8.500000000000000000e+00
8.500000000000000000e+00
8.400000000000000355e+00
8.500000000000000000e+00
8.199999999999999289e+00
8.300000000000000711e+00
8.400000000000000355e+00
8.500000000000000000e+00
8.500000000000000000e+00
8.500000000000000000e+00
8.400000000000000355e+00
8.400000000000000355e+00
8.599999999999999645e+00
8.199999999999999289e+00
8.400000000000000355e+00
8.500000000000000000e+00
8.400000000000000355e+00
8.500000000000000000e+00
8.300000000000000711e+00
8.300000000000000711e+00
8.500000000000000000e+00
8.500000000000000000e+00
8.500000000000000000e+00
8.400000000000000355e+00
8.300000000000000711e+00
8.400000000000000355e+00
8.300000000000000711e+00
8.300000000000000711e+00
8.300000000000000711e+00
8.300000000000000711e+00
8.300000000000000711e+00
8.400000000000000355e+00
8.500000000000000000e+00
8.400000000000000355e+00
8.400000000000000355e+00
8.400000000000000355e+00
8.300000000000000711e+00
8.500000000000000000e+00
8.400000000000000355e+00
8.500000000000000000e+00
8.400000000000000355e+00
8.500000000000000000e+00
8.500000000000000000e+00
8.500000000000000000e+00
8.500000000000000000e+00
8.500000000000000000e+00
8.500000000000000000e+00
8.500000000000000000e+00
8.500000000000000000e+00
8.500000000000000000e+00
8.500000000000000000e+00
8.500000000000000000e+00
8.500000000000000000e+00
8.500000000000000000e+00
8.500000000000000000e+00
8.500000000000000000e+00
8.500000000000000000e+00
8.500000000000000000e+00
8.500000000000000000e+00
8.500000000000000000e+00
8.500000000000000000e+00
8.500000000000000000e+00
8.500000000000000000e+00
8.500000000000000000e+00
8.500000000000000000e+00
8.500000000000000000e+00
8.500000000000000000e+00
8.500000000000000000e+00
8.500000000000000000e+00
8.500000000000000000e+00
8.500000000000000000e+00
8.500000000000000000e+00
8.400000000000000355e+00
8.500000000000000000e+00
8.500000000000000000e+00
8.500000000000000000e+00
8.500000000000000000e+00
8.500000000000000000e+00
8.500000000000000000e+00
8.500000000000000000e+00
8.500000000000000000e+00
8.500000000000000000e+00
8.500000000000000000e+00
8.500000000000000000e+00
8.500000000000000000e+00
8.500000000000000000e+00
8.500000000000000000e+00
8.500000000000000000e+00
8.500000000000000000e+00
8.500000000000000000e+00
8.500000000000000000e+00
8.500000000000000000e+00
8.500000000000000000e+00
8.500000000000000000e+00
8.500000000000000000e+00
8.500000000000000000e+00
8.500000000000000000e+00
8.500000000000000000e+00
8.500000000000000000e+00
8.500000000000000000e+00
8.500000000000000000e+00
8.500000000000000000e+00
8.500000000000000000e+00
8.500000000000000000e+00
8.500000000000000000e+00
8.500000000000000000e+00
8.500000000000000000e+00
8.500000000000000000e+00
8.500000000000000000e+00
8.500000000000000000e+00
8.500000000000000000e+00
8.500000000000000000e+00
8.500000000000000000e+00
8.500000000000000000e+00
8.500000000000000000e+00
8.500000000000000000e+00
8.500000000000000000e+00
8.500000000000000000e+00
8.500000000000000000e+00
8.500000000000000000e+00
8.500000000000000000e+00
8.500000000000000000e+00
8.500000000000000000e+00
8.500000000000000000e+00
8.500000000000000000e+00
8.500000000000000000e+00
8.500000000000000000e+00
8.500000000000000000e+00
8.500000000000000000e+00
8.500000000000000000e+00
8.500000000000000000e+00
8.500000000000000000e+00
8.500000000000000000e+00
8.500000000000000000e+00
8.500000000000000000e+00
8.500000000000000000e+00
8.500000000000000000e+00
8.500000000000000000e+00
8.500000000000000000e+00
8.500000000000000000e+00
8.500000000000000000e+00
8.500000000000000000e+00
8.500000000000000000e+00
8.500000000000000000e+00
8.500000000000000000e+00
8.500000000000000000e+00
8.500000000000000000e+00
8.500000000000000000e+00
8.500000000000000000e+00
8.500000000000000000e+00
8.500000000000000000e+00
8.500000000000000000e+00
8.500000000000000000e+00
8.500000000000000000e+00
