0.000000000000000000e+00
0.000000000000000000e+00
0.000000000000000000e+00
0.000000000000000000e+00
0.000000000000000000e+00
4.000000000000000222e-01
1.490000000000000036e+01
7.299999999999999822e+00
7.799999999999999822e+00
8.500000000000000000e+00
7.700000000000000178e+00
8.300000000000000711e+00
9.000000000000000000e+00
9.000000000000000000e+00
9.000000000000000000e+00
8.599999999999999645e+00
9.300000000000000711e+00
8.800000000000000711e+00
9.300000000000000711e+00
9.000000000000000000e+00
9.000000000000000000e+00
9.099999999999999645e+00
8.900000000000000355e+00
8.900000000000000355e+00
8.900000000000000355e+00
9.099999999999999645e+00
8.900000000000000355e+00
9.099999999999999645e+00
9.099999999999999645e+00
8.900000000000000355e+00
8.800000000000000711e+00
8.900000000000000355e+00
9.000000000000000000e+00
8.699999999999999289e+00
9.000000000000000000e+00
8.800000000000000711e+00
9.000000000000000000e+00
8.800000000000000711e+00
8.800000000000000711e+00
8.800000000000000711e+00
8.800000000000000711e+00
9.000000000000000000e+00
8.800000000000000711e+00
8.800000000000000711e+00
8.800000000000000711e+00
8.800000000000000711e+00
8.800000000000000711e+00
9.099999999999999645e+00
8.800000000000000711e+00
8.900000000000000355e+00
8.900000000000000355e+00
8.900000000000000355e+00
8.900000000000000355e+00
8.800000000000000711e+00
8.800000000000000711e+00
8.800000000000000711e+00
8.699999999999999289e+00
8.800000000000000711e+00
8.699999999999999289e+00
8.699999999999999289e+00
8.699999999999999289e+00
8.500000000000000000e+00
8.699999999999999289e+00
8.699999999999999289e+00
8.699999999999999289e+00
8.900000000000000355e+00
8.800000000000000711e+00
8.900000000000000355e+00
8.900000000000000355e+00
8.800000000000000711e+00
8.800000000000000711e+00
8.500000000000000000e+00
9.000000000000000000e+00
8.800000000000000711e+00
9.000000000000000000e+00
8.800000000000000711e+00
8.900000000000000355e+00
8.900000000000000355e+00
8.900000000000000355e+00
8.800000000000000711e+00
9.000000000000000000e+00
8.800000000000000711e+00
8.900000000000000355e+00
8.800000000000000711e+00
8.900000000000000355e+00
8.900000000000000355e+00
8.900000000000000355e+00
8.900000000000000355e+00
8.800000000000000711e+00
8.800000000000000711e+00
8.800000000000000711e+00
8.800000000000000711e+00
8.800000000000000711e+00
8.800000000000000711e+00
8.699999999999999289e+00
8.800000000000000711e+00
8.800000000000000711e+00
8.699999999999999289e+00
8.699999999999999289e+00
8.699999999999999289e+00
8.699999999999999289e+00
8.699999999999999289e+00
8.800000000000000711e+00
8.699999999999999289e+00
8.699999999999999289e+00
8.699999999999999289e+00
8.699999999999999289e+00
8.699999999999999289e+00
8.699999999999999289e+00
8.699999999999999289e+00
8.699999999999999289e+00
8.699999999999999289e+00
8.699999999999999289e+00
8.699999999999999289e+00
8.699999999999999289e+00
8.699999999999999289e+00
8.699999999999999289e+00
8.699999999999999289e+00
8.699999999999999289e+00
8.699999999999999289e+00
8.699999999999999289e+00
8.699999999999999289e+00
8.699999999999999289e+00
8.699999999999999289e+00
8.699999999999999289e+00
8.699999999999999289e+00
8.699999999999999289e+00
8.699999999999999289e+00
8.699999999999999289e+00
8.699999999999999289e+00
8.699999999999999289e+00
8.699999999999999289e+00
8.699999999999999289e+00
8.699999999999999289e+00
8.699999999999999289e+00
8.699999999999999289e+00
8.699999999999999289e+00
8.699999999999999289e+00
8.699999999999999289e+00
8.699999999999999289e+00
8.699999999999999289e+00
8.699999999999999289e+00
8.699999999999999289e+00
8.699999999999999289e+00
8.699999999999999289e+00
8.699999999999999289e+00
8.699999999999999289e+00
8.699999999999999289e+00
8.699999999999999289e+00
8.699999999999999289e+00
8.699999999999999289e+00
8.699999999999999289e+00
8.699999999999999289e+00
8.699999999999999289e+00
8.699999999999999289e+00
8.699999999999999289e+00
8.699999999999999289e+00
8.699999999999999289e+00
8.699999999999999289e+00
8.699999999999999289e+00
8.699999999999999289e+00
8.699999999999999289e+00
8.699999999999999289e+00
8.699999999999999289e+00
8.699999999999999289e+00
8.699999999999999289e+00
8.699999999999999289e+00
8.699999999999999289e+00
8.699999999999999289e+00
8.699999999999999289e+00
8.699999999999999289e+00
8.699999999999999289e+00
8.699999999999999289e+00
8.699999999999999289e+00
8.699999999999999289e+00
8.699999999999999289e+00
8.699999999999999289e+00
8.699999999999999289e+00
8.699999999999999289e+00
8.699999999999999289e+00
8.699999999999999289e+00
8.699999999999999289e+00
8.699999999999999289e+00
8.699999999999999289e+00
8.699999999999999289e+00
8.699999999999999289e+00
8.699999999999999289e+00
8.699999999999999289e+00
8.699999999999999289e+00
8.699999999999999289e+00
8.699999999999999289e+00
8.699999999999999289e+00
8.699999999999999289e+00
8.699999999999999289e+00
8.699999999999999289e+00
8.699999999999999289e+00
8.699999999999999289e+00
8.699999999999999289e+00
8.699999999999999289e+00
8.699999999999999289e+00
