0.000000000000000000e+00
0.000000000000000000e+00
0.000000000000000000e+00
0.000000000000000000e+00
0.000000000000000000e+00
0.000000000000000000e+00
1.259999999999999964e+01
1.030000000000000071e+01
1.130000000000000071e+01
9.900000000000000355e+00
9.400000000000000355e+00
9.699999999999999289e+00
7.900000000000000355e+00
1.000000000000000000e+01
9.000000000000000000e+00
9.699999999999999289e+00
9.400000000000000355e+00
9.699999999999999289e+00
9.300000000000000711e+00
1.000000000000000000e+01
1.000000000000000000e+01
1.009999999999999964e+01
9.800000000000000711e+00
9.500000000000000000e+00
1.009999999999999964e+01
9.500000000000000000e+00
1.000000000000000000e+01
9.599999999999999645e+00
9.800000000000000711e+00
9.599999999999999645e+00
9.599999999999999645e+00
9.699999999999999289e+00
9.800000000000000711e+00
9.699999999999999289e+00
9.500000000000000000e+00
9.800000000000000711e+00
9.500000000000000000e+00
9.500000000000000000e+00
9.800000000000000711e+00
1.009999999999999964e+01
9.599999999999999645e+00
9.699999999999999289e+00
9.699999999999999289e+00
9.599999999999999645e+00
9.800000000000000711e+00
9.800000000000000711e+00
9.500000000000000000e+00
9.400000000000000355e+00
9.900000000000000355e+00
9.800000000000000711e+00
9.699999999999999289e+00
9.599999999999999645e+00
9.699999999999999289e+00
9.599999999999999645e+00
9.699999999999999289e+00
9.599999999999999645e+00
9.699999999999999289e+00
9.699999999999999289e+00
9.800000000000000711e+00
9.599999999999999645e+00
9.699999999999999289e+00
9.500000000000000000e+00
9.900000000000000355e+00
9.800000000000000711e+00
9.800000000000000711e+00
9.699999999999999289e+00
9.699999999999999289e+00
9.500000000000000000e+00
9.800000000000000711e+00
9.599999999999999645e+00
9.599999999999999645e+00
9.800000000000000711e+00
9.800000000000000711e+00
9.599999999999999645e+00
9.699999999999999289e+00
9.699999999999999289e+00
9.800000000000000711e+00
9.699999999999999289e+00
9.800000000000000711e+00
9.800000000000000711e+00
9.800000000000000711e+00
9.800000000000000711e+00
9.800000000000000711e+00
9.800000000000000711e+00
9.800000000000000711e+00
9.800000000000000711e+00
9.800000000000000711e+00
9.800000000000000711e+00
9.800000000000000711e+00
9.800000000000000711e+00
9.800000000000000711e+00
9.800000000000000711e+00
9.800000000000000711e+00
9.800000000000000711e+00
9.800000000000000711e+00
9.800000000000000711e+00
9.800000000000000711e+00
9.800000000000000711e+00
9.800000000000000711e+00
9.800000000000000711e+00
9.800000000000000711e+00
9.800000000000000711e+00
9.800000000000000711e+00
9.800000000000000711e+00
9.800000000000000711e+00
9.800000000000000711e+00
9.800000000000000711e+00
9.800000000000000711e+00
9.800000000000000711e+00
9.800000000000000711e+00
9.800000000000000711e+00
9.800000000000000711e+00
9.800000000000000711e+00
9.800000000000000711e+00
9.800000000000000711e+00
9.800000000000000711e+00
9.800000000000000711e+00
9.800000000000000711e+00
9.800000000000000711e+00
9.800000000000000711e+00
9.800000000000000711e+00
9.800000000000000711e+00
9.800000000000000711e+00
9.800000000000000711e+00
9.800000000000000711e+00
9.800000000000000711e+00
9.800000000000000711e+00
9.800000000000000711e+00
9.800000000000000711e+00
9.800000000000000711e+00
9.800000000000000711e+00
9.800000000000000711e+00
9.800000000000000711e+00
9.800000000000000711e+00
9.800000000000000711e+00
9.800000000000000711e+00
9.800000000000000711e+00
9.800000000000000711e+00
9.800000000000000711e+00
9.800000000000000711e+00
9.800000000000000711e+00
9.800000000000000711e+00
9.800000000000000711e+00
9.800000000000000711e+00
9.800000000000000711e+00
9.800000000000000711e+00
9.800000000000000711e+00
9.800000000000000711e+00
9.800000000000000711e+00
9.800000000000000711e+00
9.800000000000000711e+00
9.800000000000000711e+00
9.800000000000000711e+00
9.800000000000000711e+00
9.800000000000000711e+00
9.800000000000000711e+00
9.800000000000000711e+00
9.800000000000000711e+00
9.800000000000000711e+00
9.800000000000000711e+00
9.800000000000000711e+00
9.800000000000000711e+00
9.800000000000000711e+00
9.800000000000000711e+00
9.800000000000000711e+00
9.800000000000000711e+00
9.800000000000000711e+00
9.800000000000000711e+00
9.800000000000000711e+00
9.800000000000000711e+00
9.800000000000000711e+00
9.800000000000000711e+00
9.800000000000000711e+00
9.800000000000000711e+00
9.800000000000000711e+00
9.800000000000000711e+00
9.800000000000000711e+00
9.800000000000000711e+00
9.800000000000000711e+00
9.800000000000000711e+00
9.800000000000000711e+00
9.800000000000000711e+00
9.800000000000000711e+00
9.800000000000000711e+00
9.800000000000000711e+00
9.800000000000000711e+00
9.800000000000000711e+00
9.800000000000000711e+00
9.800000000000000711e+00
9.800000000000000711e+00
9.800000000000000711e+00
9.800000000000000711e+00
9.800000000000000711e+00
9.800000000000000711e+00
9.800000000000000711e+00
9.800000000000000711e+00
9.800000000000000711e+00
9.800000000000000711e+00
9.800000000000000711e+00
9.800000000000000711e+00
