1.000000000000000000e+02
3.550000000000000000e+01
1.519999999999999929e+01
1.130000000000000071e+01
1.169999999999999929e+01
1.159999999999999964e+01
1.430000000000000071e+01
2.000000000000000000e+01
2.930000000000000071e+01
4.100000000000000000e+01
5.120000000000000284e+01
6.529999999999999716e+01
7.070000000000000284e+01
8.209999999999999432e+01
7.470000000000000284e+01
9.279999999999999716e+01
7.870000000000000284e+01
9.350000000000000000e+01
9.709999999999999432e+01
9.790000000000000568e+01
9.759999999999999432e+01
9.790000000000000568e+01
9.790000000000000568e+01
9.790000000000000568e+01
9.800000000000000000e+01
9.840000000000000568e+01
9.870000000000000284e+01
9.890000000000000568e+01
9.890000000000000568e+01
9.890000000000000568e+01
9.890000000000000568e+01
9.890000000000000568e+01
9.890000000000000568e+01
9.890000000000000568e+01
9.890000000000000568e+01
9.890000000000000568e+01
9.890000000000000568e+01
9.890000000000000568e+01
9.890000000000000568e+01
9.890000000000000568e+01
