0.000000000000000000e+00
0.000000000000000000e+00
1.259999999999999964e+01
1.219999999999999929e+01
1.209999999999999964e+01
7.729999999999999716e+01
9.950000000000000000e+01
9.850000000000000000e+01
9.990000000000000568e+01
9.979999999999999716e+01
9.870000000000000284e+01
1.000000000000000000e+02
9.959999999999999432e+01
9.979999999999999716e+01
9.940000000000000568e+01
9.970000000000000284e+01
9.820000000000000284e+01
9.970000000000000284e+01
9.970000000000000284e+01
9.970000000000000284e+01
9.950000000000000000e+01
9.950000000000000000e+01
9.979999999999999716e+01
9.970000000000000284e+01
9.979999999999999716e+01
9.950000000000000000e+01
9.940000000000000568e+01
9.940000000000000568e+01
9.940000000000000568e+01
9.940000000000000568e+01
9.940000000000000568e+01
9.940000000000000568e+01
9.940000000000000568e+01
9.940000000000000568e+01
9.940000000000000568e+01
9.940000000000000568e+01
9.940000000000000568e+01
9.940000000000000568e+01
9.940000000000000568e+01
9.940000000000000568e+01
