0.000000000000000000e+00
0.000000000000000000e+00
1.180000000000000071e+01
1.150000000000000000e+01
1.159999999999999964e+01
1.159999999999999964e+01
1.300000000000000000e+01
1.509999999999999964e+01
3.220000000000000284e+01
3.539999999999999858e+01
5.350000000000000000e+01
6.310000000000000142e+01
6.650000000000000000e+01
7.970000000000000284e+01
8.629999999999999716e+01
8.890000000000000568e+01
9.079999999999999716e+01
9.770000000000000284e+01
9.829999999999999716e+01
9.850000000000000000e+01
9.870000000000000284e+01
9.870000000000000284e+01
9.870000000000000284e+01
9.870000000000000284e+01
9.870000000000000284e+01
9.890000000000000568e+01
9.920000000000000284e+01
9.950000000000000000e+01
9.929999999999999716e+01
9.929999999999999716e+01
9.929999999999999716e+01
9.920000000000000284e+01
9.909999999999999432e+01
9.909999999999999432e+01
9.909999999999999432e+01
9.909999999999999432e+01
9.909999999999999432e+01
9.909999999999999432e+01
9.909999999999999432e+01
9.909999999999999432e+01
