0.000000000000000000e+00
0.000000000000000000e+00
1.080000000000000071e+01
1.130000000000000071e+01
1.100000000000000000e+01
1.140000000000000036e+01
1.810000000000000142e+01
3.670000000000000284e+01
5.189999999999999858e+01
6.179999999999999716e+01
6.640000000000000568e+01
8.390000000000000568e+01
8.670000000000000284e+01
9.120000000000000284e+01
9.229999999999999716e+01
9.079999999999999716e+01
9.700000000000000000e+01
9.909999999999999432e+01
9.890000000000000568e+01
9.879999999999999716e+01
9.890000000000000568e+01
9.900000000000000000e+01
9.909999999999999432e+01
9.920000000000000284e+01
9.900000000000000000e+01
9.920000000000000284e+01
9.950000000000000000e+01
9.920000000000000284e+01
9.920000000000000284e+01
9.920000000000000284e+01
9.920000000000000284e+01
9.920000000000000284e+01
9.920000000000000284e+01
9.920000000000000284e+01
9.920000000000000284e+01
9.920000000000000284e+01
9.920000000000000284e+01
9.920000000000000284e+01
9.929999999999999716e+01
9.929999999999999716e+01
