1.419999999999999929e+01
1.080000000000000071e+01
1.059999999999999964e+01
1.050000000000000000e+01
1.069999999999999929e+01
1.080000000000000071e+01
9.729999999999999716e+01
9.929999999999999716e+01
9.959999999999999432e+01
9.940000000000000568e+01
9.970000000000000284e+01
9.950000000000000000e+01
9.940000000000000568e+01
9.940000000000000568e+01
9.979999999999999716e+01
1.000000000000000000e+02
9.990000000000000568e+01
1.000000000000000000e+02
1.000000000000000000e+02
9.990000000000000568e+01
9.990000000000000568e+01
9.990000000000000568e+01
9.990000000000000568e+01
9.990000000000000568e+01
9.990000000000000568e+01
9.990000000000000568e+01
1.000000000000000000e+02
1.000000000000000000e+02
1.000000000000000000e+02
1.000000000000000000e+02
1.000000000000000000e+02
1.000000000000000000e+02
9.990000000000000568e+01
9.990000000000000568e+01
9.990000000000000568e+01
9.990000000000000568e+01
9.990000000000000568e+01
9.990000000000000568e+01
9.990000000000000568e+01
9.990000000000000568e+01
