1.359999999999999964e+01
1.109999999999999964e+01
1.080000000000000071e+01
1.059999999999999964e+01
1.090000000000000036e+01
1.200000000000000000e+01
9.729999999999999716e+01
9.940000000000000568e+01
9.970000000000000284e+01
9.959999999999999432e+01
9.990000000000000568e+01
9.970000000000000284e+01
9.959999999999999432e+01
9.900000000000000000e+01
9.990000000000000568e+01
9.990000000000000568e+01
9.990000000000000568e+01
9.990000000000000568e+01
9.990000000000000568e+01
9.990000000000000568e+01
9.990000000000000568e+01
9.990000000000000568e+01
9.990000000000000568e+01
9.990000000000000568e+01
9.990000000000000568e+01
9.990000000000000568e+01
9.990000000000000568e+01
9.990000000000000568e+01
9.990000000000000568e+01
9.990000000000000568e+01
9.990000000000000568e+01
9.990000000000000568e+01
9.990000000000000568e+01
9.990000000000000568e+01
9.990000000000000568e+01
9.990000000000000568e+01
9.990000000000000568e+01
9.990000000000000568e+01
9.990000000000000568e+01
9.990000000000000568e+01
