0.000000000000000000e+00
0.000000000000000000e+00
9.900000000000000355e+00
1.040000000000000036e+01
1.030000000000000071e+01
1.050000000000000000e+01
1.230000000000000071e+01
1.580000000000000071e+01
1.939999999999999858e+01
4.020000000000000284e+01
4.020000000000000284e+01
4.700000000000000000e+01
6.709999999999999432e+01
7.470000000000000284e+01
6.879999999999999716e+01
8.309999999999999432e+01
8.740000000000000568e+01
9.000000000000000000e+01
9.620000000000000284e+01
9.750000000000000000e+01
9.750000000000000000e+01
9.750000000000000000e+01
9.759999999999999432e+01
9.770000000000000284e+01
9.770000000000000284e+01
9.779999999999999716e+01
9.840000000000000568e+01
9.890000000000000568e+01
9.890000000000000568e+01
9.890000000000000568e+01
9.900000000000000000e+01
9.900000000000000000e+01
9.900000000000000000e+01
9.900000000000000000e+01
9.900000000000000000e+01
9.900000000000000000e+01
9.900000000000000000e+01
9.900000000000000000e+01
9.900000000000000000e+01
9.900000000000000000e+01
