1.100000000000000000e+01
1.109999999999999964e+01
1.109999999999999964e+01
1.090000000000000036e+01
1.100000000000000000e+01
1.950000000000000000e+01
9.820000000000000284e+01
9.959999999999999432e+01
9.970000000000000284e+01
9.979999999999999716e+01
9.970000000000000284e+01
9.990000000000000568e+01
9.990000000000000568e+01
9.990000000000000568e+01
9.959999999999999432e+01
9.970000000000000284e+01
9.990000000000000568e+01
9.990000000000000568e+01
9.970000000000000284e+01
9.990000000000000568e+01
9.990000000000000568e+01
9.990000000000000568e+01
9.990000000000000568e+01
9.990000000000000568e+01
9.990000000000000568e+01
9.990000000000000568e+01
9.990000000000000568e+01
9.990000000000000568e+01
9.990000000000000568e+01
9.990000000000000568e+01
9.990000000000000568e+01
9.990000000000000568e+01
9.990000000000000568e+01
9.990000000000000568e+01
9.990000000000000568e+01
9.990000000000000568e+01
9.990000000000000568e+01
9.990000000000000568e+01
9.990000000000000568e+01
9.990000000000000568e+01
