0.000000000000000000e+00
0.000000000000000000e+00
0.000000000000000000e+00
0.000000000000000000e+00
0.000000000000000000e+00
0.000000000000000000e+00
6.500000000000000000e+00
1.009999999999999964e+01
7.299999999999999822e+00
9.900000000000000355e+00
1.030000000000000071e+01
1.009999999999999964e+01
9.900000000000000355e+00
9.400000000000000355e+00
1.030000000000000071e+01
1.019999999999999929e+01
9.699999999999999289e+00
1.000000000000000000e+01
9.800000000000000711e+00
9.599999999999999645e+00
9.000000000000000000e+00
1.019999999999999929e+01
9.599999999999999645e+00
9.400000000000000355e+00
1.009999999999999964e+01
9.800000000000000711e+00
8.900000000000000355e+00
1.009999999999999964e+01
9.699999999999999289e+00
1.000000000000000000e+01
9.699999999999999289e+00
9.599999999999999645e+00
9.699999999999999289e+00
9.699999999999999289e+00
9.699999999999999289e+00
9.800000000000000711e+00
9.800000000000000711e+00
9.699999999999999289e+00
1.030000000000000071e+01
9.800000000000000711e+00
1.009999999999999964e+01
9.599999999999999645e+00
9.699999999999999289e+00
9.800000000000000711e+00
9.699999999999999289e+00
9.500000000000000000e+00
9.000000000000000000e+00
9.699999999999999289e+00
9.699999999999999289e+00
9.599999999999999645e+00
9.800000000000000711e+00
9.699999999999999289e+00
9.599999999999999645e+00
9.699999999999999289e+00
9.599999999999999645e+00
9.599999999999999645e+00
9.699999999999999289e+00
9.699999999999999289e+00
9.599999999999999645e+00
9.699999999999999289e+00
9.800000000000000711e+00
9.699999999999999289e+00
9.800000000000000711e+00
9.699999999999999289e+00
9.699999999999999289e+00
9.900000000000000355e+00
9.699999999999999289e+00
1.000000000000000000e+01
9.699999999999999289e+00
9.800000000000000711e+00
9.699999999999999289e+00
9.699999999999999289e+00
9.800000000000000711e+00
9.699999999999999289e+00
1.009999999999999964e+01
9.699999999999999289e+00
1.000000000000000000e+01
9.900000000000000355e+00
9.699999999999999289e+00
9.699999999999999289e+00
9.699999999999999289e+00
9.800000000000000711e+00
9.900000000000000355e+00
9.900000000000000355e+00
9.900000000000000355e+00
9.800000000000000711e+00
9.800000000000000711e+00
9.800000000000000711e+00
9.800000000000000711e+00
9.800000000000000711e+00
9.800000000000000711e+00
9.800000000000000711e+00
9.800000000000000711e+00
9.800000000000000711e+00
9.800000000000000711e+00
9.800000000000000711e+00
9.800000000000000711e+00
9.800000000000000711e+00
9.800000000000000711e+00
9.800000000000000711e+00
1.950000000000000000e+01
1.250000000000000000e+01
1.950000000000000000e+01
1.330000000000000071e+01
1.839999999999999858e+01
1.280000000000000071e+01
2.750000000000000000e+01
1.280000000000000071e+01
1.969999999999999929e+01
1.540000000000000036e+01
2.819999999999999929e+01
1.240000000000000036e+01
3.210000000000000142e+01
1.259999999999999964e+01
2.260000000000000142e+01
1.240000000000000036e+01
2.310000000000000142e+01
1.150000000000000000e+01
1.800000000000000000e+01
1.200000000000000000e+01
1.700000000000000000e+01
1.309999999999999964e+01
2.569999999999999929e+01
1.130000000000000071e+01
1.180000000000000071e+01
1.140000000000000036e+01
1.169999999999999929e+01
1.119999999999999929e+01
1.200000000000000000e+01
1.140000000000000036e+01
1.190000000000000036e+01
1.140000000000000036e+01
1.190000000000000036e+01
1.140000000000000036e+01
1.180000000000000071e+01
1.150000000000000000e+01
1.169999999999999929e+01
1.119999999999999929e+01
1.200000000000000000e+01
1.130000000000000071e+01
1.169999999999999929e+01
1.130000000000000071e+01
1.250000000000000000e+01
1.159999999999999964e+01
1.180000000000000071e+01
1.109999999999999964e+01
1.169999999999999929e+01
1.169999999999999929e+01
1.290000000000000036e+01
1.109999999999999964e+01
1.219999999999999929e+01
1.119999999999999929e+01
1.209999999999999964e+01
1.109999999999999964e+01
1.209999999999999964e+01
1.140000000000000036e+01
1.240000000000000036e+01
1.109999999999999964e+01
1.169999999999999929e+01
1.109999999999999964e+01
1.190000000000000036e+01
1.140000000000000036e+01
1.200000000000000000e+01
1.130000000000000071e+01
1.219999999999999929e+01
1.100000000000000000e+01
1.240000000000000036e+01
1.159999999999999964e+01
1.280000000000000071e+01
1.109999999999999964e+01
1.230000000000000071e+01
1.130000000000000071e+01
1.250000000000000000e+01
1.130000000000000071e+01
1.240000000000000036e+01
1.119999999999999929e+01
1.269999999999999929e+01
1.140000000000000036e+01
1.250000000000000000e+01
1.140000000000000036e+01
1.200000000000000000e+01
1.140000000000000036e+01
1.300000000000000000e+01
1.130000000000000071e+01
1.230000000000000071e+01
1.100000000000000000e+01
1.240000000000000036e+01
1.140000000000000036e+01
1.290000000000000036e+01
1.119999999999999929e+01
1.290000000000000036e+01
1.109999999999999964e+01
1.219999999999999929e+01
1.109999999999999964e+01
1.280000000000000071e+01
1.119999999999999929e+01
1.230000000000000071e+01
1.100000000000000000e+01
1.200000000000000000e+01
1.109999999999999964e+01
