1.819999998474121128e+01
1.399999994277954185e+00
4.600000007629394538e+00
5.999999999999999778e-01
1.120000001525878908e+01
2.799999946594238232e+00
1.239999995422363277e+01
2.959999987792968668e+01
1.179999989318847575e+01
8.999999988555908104e+00
1.100000001525878979e+01
1.000000000000000000e+00
6.399999977111816563e+00
5.599999988555908637e+00
1.299999994659423841e+01
5.200000007629394183e+00
3.600000007629394538e+00
1.399999992370605462e+01
1.599999994277954141e+00
6.199999984741211279e+00
1.579999998474121092e+01
4.200000007629394183e+00
5.000000000000000000e+00
4.800000007629394716e+00
2.119999989318847611e+01
1.040000001525878837e+01
2.799999999999999822e+00
1.599999994277954141e+00
7.599999946594238054e+00
6.399999988555908459e+00
1.279999989318847575e+01
7.999999977111816207e+00
1.979999986267089795e+01
1.140000003051757815e+01
1.559999998474121163e+01
1.219999992370605391e+01
1.199999998474121021e+01
1.140000001525878837e+01
8.199999946594237699e+00
2.019999999999999929e+01
7.199999977111816385e+00
6.399999946594237876e+00
1.460000001525878943e+01
7.799999954223633125e+00
2.159999995422363384e+01
1.679999995422363313e+01
8.199999977111817273e+00
9.799999988555908814e+00
4.599999977111816740e+00
1.239999995422363277e+01
4.799999988555907926e+00
6.399999977111816563e+00
1.880000000000000071e+01
8.399999988555908459e+00
1.160000001525878943e+01
1.120000001525878908e+01
1.000000000762939401e+01
9.399999923706054972e+00
7.199999984741211279e+00
6.799999946594238232e+00
1.120000001525878908e+01
6.199999994277954229e+00
3.199999988555908281e+00
1.140000001525878837e+01
8.599999984741211634e+00
8.199999946594237699e+00
1.099999997711181621e+01
3.559999984741210710e+01
9.200000007629395071e+00
1.639999992370605497e+01
5.599999994277953697e+00
9.799999946594239120e+00
1.039999997711181656e+01
2.199999989318847682e+01
1.119999995422363348e+01
1.219999989318847611e+01
4.600000015258789432e+00
8.599999954223632059e+00
2.079999992370605355e+01
1.119999989318847611e+01
1.400000003051757780e+01
9.599999977111815852e+00
1.039999994659423876e+01
8.399999988555908459e+00
9.999999977111816207e+00
9.200000015258789077e+00
9.599999988555907748e+00
9.599999977111815852e+00
9.000000015258789787e+00
9.799999977111816918e+00
9.599999977111815852e+00
9.399999984741210568e+00
9.599999946594238054e+00
9.199999984741211279e+00
9.400000007629394361e+00
9.399999988555908459e+00
1.020000001525878908e+01
9.199999946594237699e+00
8.799999984741210923e+00
9.599999977111815852e+00
9.599999977111815852e+00
9.999999988555908104e+00
8.799999984741210923e+00
9.000000015258789787e+00
8.999999977111816207e+00
9.600000007629393650e+00
9.200000015258789077e+00
8.799999977111816918e+00
8.599999946594238054e+00
9.599999977111815852e+00
1.059999997711181585e+01
9.400000015258788366e+00
9.399999923706054972e+00
8.799999977111816918e+00
8.199999977111817273e+00
9.400000015258788366e+00
9.600000007629393650e+00
9.399999946594238764e+00
9.599999946594238054e+00
9.599999988555907748e+00
9.999999988555908104e+00
9.199999988555907393e+00
9.399999946594238764e+00
9.200000007629395071e+00
9.799999994277953874e+00
9.999999977111816207e+00
9.599999946594238054e+00
9.599999946594238054e+00
9.399999954223632770e+00
9.599999946594238054e+00
9.200000015258789077e+00
9.599999988555907748e+00
9.599999946594238054e+00
9.399999893188477174e+00
9.000000007629394005e+00
9.199999977111817273e+00
9.000000007629394005e+00
9.599999977111815852e+00
9.600000007629393650e+00
9.199999946594237699e+00
8.999999994277954940e+00
9.199999954223633480e+00
9.399999946594238764e+00
9.400000015258788366e+00
9.599999923706054261e+00
9.399999954223632770e+00
9.000000015258789787e+00
9.400000007629394361e+00
9.799999988555908814e+00
9.000000000000000000e+00
9.399999984741210568e+00
9.599999984741211634e+00
9.599999946594238054e+00
9.800000015258788721e+00
9.399999946594238764e+00
8.600000007629393650e+00
9.199999988555907393e+00
8.800000000000000711e+00
9.199999977111817273e+00
9.599999977111815852e+00
9.799999946594239120e+00
9.199999977111817273e+00
9.199999954223633480e+00
9.799999977111816918e+00
9.799999977111816918e+00
8.799999946594239120e+00
8.599999923706054261e+00
8.799999977111816918e+00
9.799999984741210923e+00
9.000000015258789787e+00
9.399999946594238764e+00
9.199999946594237699e+00
9.399999946594238764e+00
9.599999923706054261e+00
9.599999893188476463e+00
8.800000015258788721e+00
8.599999988555907748e+00
9.599999984741211634e+00
8.799999954223633125e+00
9.400000007629394361e+00
9.400000015258788366e+00
9.799999994277953874e+00
9.599999977111815852e+00
9.600000015258789432e+00
8.799999923706055327e+00
9.000000015258789787e+00
9.999999984741210213e+00
9.799999977111816918e+00
9.399999946594238764e+00
9.599999977111815852e+00
9.599999946594238054e+00
8.999999988555908104e+00
9.600000015258789432e+00
9.599999988555907748e+00
9.800000015258788721e+00
8.999999977111816207e+00
8.799999977111816918e+00
9.599999984741211634e+00
9.599999946594238054e+00
9.599999988555907748e+00
