5.999999977111816207e+00
3.599999988555908192e+00
1.999999988555908104e+00
2.959999996948242185e+01
1.299999998474121021e+01
7.199999977111816385e+00
3.199999990844726483e+01
3.999999988555908104e+00
9.799999977111816918e+00
2.819999999999999929e+01
2.179999998474121270e+01
1.220000001525878908e+01
1.979999996948242114e+01
2.719999986267090009e+01
1.719999986267090009e+01
1.039999995422363277e+01
5.119999990844726767e+01
1.280000001525878872e+01
3.399999977111816563e+00
1.059999995422363206e+01
2.199999988555908281e+00
1.179999992370605533e+01
2.139999992370605497e+01
1.979999986267089795e+01
2.999999978637695364e+01
2.239999992370605497e+01
4.200000000000000178e+00
8.800000007629394716e+00
7.799999946594238232e+00
5.199999988555908281e+00
1.419999995422363348e+01
1.659999995422363384e+01
8.999999994277954940e+00
1.339999992370605497e+01
1.520000001525878908e+01
5.400000007629394361e+00
8.799999946594239120e+00
7.199999988555908281e+00
9.800000015258788721e+00
9.799999984741210923e+00
1.100000000762939401e+01
1.579999992370605533e+01
4.599999988555908637e+00
7.399999977111816563e+00
7.000000015258788899e+00
9.199999977111817273e+00
2.420000001525878730e+01
1.539999995422363277e+01
1.079999998855590881e+01
7.799999994277953874e+00
5.799999988555907926e+00
1.280000000762939472e+01
4.399999994277954407e+00
1.059999998855590775e+01
1.120000001525878908e+01
8.999999977111816207e+00
1.599999989318847682e+01
6.600000007629394538e+00
1.780000001525878872e+01
6.399999946594237876e+00
7.399999977111816563e+00
5.599999988555908637e+00
1.099999995422363241e+01
1.100000000762939401e+01
1.240000001525878837e+01
1.300000001525878979e+01
8.600000015258789432e+00
5.399999988555908459e+00
1.059999998474121163e+01
5.799999994277953874e+00
5.600000007629394538e+00
3.599999988555908192e+00
3.799999978637695364e+01
1.039999994659423876e+01
9.599999988555907748e+00
4.179999984741210994e+01
1.000000001525878979e+01
2.660000000000000142e+01
1.100000001525878979e+01
1.099999992370605462e+01
5.599999988555908637e+00
1.299999998474121021e+01
7.799999988555907926e+00
9.600000007629393650e+00
1.059999994659423805e+01
9.599999893188476463e+00
9.799999977111816918e+00
9.200000007629395071e+00
1.059999994659423805e+01
1.059999994659423805e+01
9.999999946594238409e+00
1.059999997711181585e+01
8.599999988555907748e+00
1.039999998474121057e+01
9.400000015258788366e+00
1.079999997711181692e+01
1.020000001525878908e+01
1.079999995422363313e+01
9.600000007629393650e+00
1.099999989318847682e+01
9.599999954223632059e+00
1.039999989318847717e+01
9.600000015258789432e+00
9.399999984741210568e+00
9.400000007629394361e+00
8.599999923706054261e+00
8.799999984741210923e+00
9.399999946594238764e+00
8.599999977111815852e+00
8.999999984741210213e+00
9.999999923706054616e+00
1.139999997711181656e+01
1.019999997711181727e+01
9.800000015258788721e+00
1.020000001525878908e+01
1.140000001525878837e+01
1.160000001525878943e+01
1.020000001525878908e+01
9.799999946594239120e+00
8.199999994277954229e+00
9.200000015258789077e+00
8.799999977111816918e+00
9.399999977111816563e+00
8.999999946594238409e+00
9.199999946594237699e+00
9.399999984741210568e+00
9.799999946594239120e+00
1.019999995422363348e+01
9.599999977111815852e+00
8.799999994277953874e+00
9.199999946594237699e+00
9.799999946594239120e+00
8.199999946594237699e+00
9.599999994277954585e+00
8.600000007629393650e+00
9.199999984741211279e+00
1.039999998474121057e+01
1.079999998474121092e+01
1.079999986267089795e+01
1.020000000762939507e+01
9.199999994277954229e+00
8.799999946594239120e+00
9.399999946594238764e+00
9.999999977111816207e+00
8.799999946594239120e+00
9.999999946594238409e+00
7.999999977111816207e+00
9.599999984741211634e+00
8.399999946594238764e+00
1.040000000762939436e+01
8.800000007629394716e+00
1.059999992370605426e+01
8.800000015258788721e+00
8.800000015258788721e+00
9.399999946594238764e+00
1.039999998474121057e+01
9.199999923706053906e+00
9.199999984741211279e+00
9.199999946594237699e+00
1.019999998474121128e+01
8.999999946594238409e+00
8.999999988555908104e+00
1.039999998474121057e+01
9.599999977111815852e+00
1.080000000762939472e+01
1.019999998474121128e+01
8.599999946594238054e+00
9.799999977111816918e+00
9.999999984741210213e+00
8.600000007629393650e+00
1.039999997711181656e+01
8.800000015258788721e+00
9.199999984741211279e+00
9.800000015258788721e+00
8.799999946594239120e+00
1.019999997711181727e+01
9.799999977111816918e+00
1.099999998855590810e+01
9.800000007629394716e+00
1.019999998855590739e+01
9.399999977111816563e+00
9.799999984741210923e+00
9.799999977111816918e+00
1.019999995422363348e+01
1.000000001525878979e+01
9.800000015258788721e+00
1.059999992370605426e+01
8.799999946594239120e+00
8.599999988555907748e+00
1.040000001525878837e+01
1.079999995422363313e+01
9.399999977111816563e+00
9.399999946594238764e+00
9.999999984741210213e+00
9.799999954223633125e+00
1.139999989318847717e+01
9.799999946594239120e+00
8.600000007629393650e+00
9.199999977111817273e+00
9.000000015258789787e+00
