3.999999942779540740e-01
2.199999994277954229e+00
8.000000000000000444e-01
5.999999999999999778e-01
4.200000000000000178e+00
2.380000003051757673e+01
2.599999988555908192e+00
6.999999946594238409e+00
1.379999986267089795e+01
3.599999994277954141e+00
8.999999977111816207e+00
1.019999994659423770e+01
1.079999997711181692e+01
1.319999997711181727e+01
9.399999988555908459e+00
1.340000001525878837e+01
9.199999977111817273e+00
1.659999989318847824e+01
2.700000000000000000e+01
5.599999999999999645e+00
1.319999994659423770e+01
5.999999994277954052e+00
4.799999946594238232e+00
4.200000007629394183e+00
8.000000015258789787e+00
2.999999972534179804e+01
3.799999994277954318e+00
4.799999994277953874e+00
3.599999988555908192e+00
7.999999946594238409e+00
1.359999992370605426e+01
1.199999994659423841e+01
6.199999954223632592e+00
4.999999988555908104e+00
7.599999977111816740e+00
1.079999998474121092e+01
4.599999988555908637e+00
8.999999946594238409e+00
5.399999994277954407e+00
5.799999988555907926e+00
7.399999977111816563e+00
1.020000001525878908e+01
7.400000007629394361e+00
5.799999977111816030e+00
8.399999994277953519e+00
8.399999977111816563e+00
1.099999995422363241e+01
9.600000015258789432e+00
6.599999988555908637e+00
9.799999954223633125e+00
5.400000015258789254e+00
8.199999988555907393e+00
1.259999997711181585e+01
5.800000015258788721e+00
7.599999988555908637e+00
5.799999977111816030e+00
7.399999988555908459e+00
1.200000000762939401e+01
4.999999994277954052e+00
1.359999995422363206e+01
4.399999994277954407e+00
4.199999977111816385e+00
6.799999984741210923e+00
1.079999995422363313e+01
7.999999984741211101e+00
2.079999992370605355e+01
4.799999988555907926e+00
7.799999977111816030e+00
4.199999988555908281e+00
9.200000015258789077e+00
8.000000007629394005e+00
1.360000001525878943e+01
8.600000015258789432e+00
1.119999994659423770e+01
6.999999988555908104e+00
1.280000000000000071e+01
6.800000007629394716e+00
5.399999977111816563e+00
5.199999977111816385e+00
8.799999977111816918e+00
1.200000001525878979e+01
1.160000000762939365e+01
9.199999984741211279e+00
9.799999954223633125e+00
9.599999946594238054e+00
9.800000015258788721e+00
9.799999977111816918e+00
9.800000007629394716e+00
9.399999946594238764e+00
1.060000000762939365e+01
8.800000007629394716e+00
9.599999946594238054e+00
9.400000007629394361e+00
9.999999977111816207e+00
1.039999997711181656e+01
1.019999994659423770e+01
8.999999923706054616e+00
9.399999923706054972e+00
9.800000015258788721e+00
1.039999994659423876e+01
1.079999994659423912e+01
9.199999946594237699e+00
1.019999994659423770e+01
1.019999997711181727e+01
9.200000007629395071e+00
9.599999923706054261e+00
9.000000007629394005e+00
9.999999946594238409e+00
9.399999946594238764e+00
1.039999998474121057e+01
9.199999977111817273e+00
9.399999954223632770e+00
9.599999977111815852e+00
1.019999995422363348e+01
8.599999977111815852e+00
1.020000001525878908e+01
9.399999946594238764e+00
9.799999946594239120e+00
1.020000000762939507e+01
9.399999977111816563e+00
8.999999988555908104e+00
9.599999977111815852e+00
8.800000015258788721e+00
8.600000007629393650e+00
1.020000001525878908e+01
9.399999946594238764e+00
9.999999893188476818e+00
9.999999923706054616e+00
8.399999988555908459e+00
9.799999977111816918e+00
9.599999984741211634e+00
9.799999954223633125e+00
9.399999977111816563e+00
1.039999986267089760e+01
9.599999984741211634e+00
9.199999862670898310e+00
9.399999946594238764e+00
9.799999994277953874e+00
9.400000015258788366e+00
9.799999977111816918e+00
8.399999946594238764e+00
8.400000007629394361e+00
9.399999977111816563e+00
9.399999893188477174e+00
9.400000007629394361e+00
9.599999984741211634e+00
8.800000015258788721e+00
9.200000007629395071e+00
8.600000007629393650e+00
8.400000007629394361e+00
8.399999977111816563e+00
9.799999946594239120e+00
9.799999977111816918e+00
8.999999984741210213e+00
9.799999946594239120e+00
8.599999988555907748e+00
9.199999984741211279e+00
9.400000007629394361e+00
1.000000000762939401e+01
8.999999988555908104e+00
9.800000007629394716e+00
9.600000015258789432e+00
9.199999984741211279e+00
8.799999988555908814e+00
9.400000007629394361e+00
1.039999995422363277e+01
9.799999946594239120e+00
8.600000007629393650e+00
9.599999946594238054e+00
8.800000015258788721e+00
9.199999977111817273e+00
9.400000015258788366e+00
9.000000007629394005e+00
1.000000001525878979e+01
9.200000015258789077e+00
1.000000000762939401e+01
9.399999988555908459e+00
9.399999977111816563e+00
9.999999946594238409e+00
9.799999977111816918e+00
9.799999977111816918e+00
9.400000007629394361e+00
9.199999977111817273e+00
9.999999954223632415e+00
9.199999988555907393e+00
9.999999984741210213e+00
9.799999946594239120e+00
8.799999923706055327e+00
9.399999984741210568e+00
1.000000001525878979e+01
9.799999988555908814e+00
9.799999984741210923e+00
1.040000000762939436e+01
8.799999977111816918e+00
9.799999994277953874e+00
9.600000007629393650e+00
9.400000007629394361e+00
9.799999946594239120e+00
1.000000001525878979e+01
9.600000007629393650e+00
