4.399999994277954407e+00
0.000000000000000000e+00
1.980000003051757673e+01
6.799999893188476641e+00
1.059999997711181585e+01
5.799999946594238232e+00
7.799999977111816030e+00
1.039999998474121057e+01
3.199999994277954229e+00
4.599999946594238054e+00
1.099999997711181621e+01
7.999999994277954052e+00
5.999999999999999778e-01
6.999999988555908104e+00
2.800000007629394716e+00
9.199999954223633480e+00
6.400000007629394361e+00
2.999999988555908104e+00
1.399999995422363241e+01
3.439999999999999858e+01
7.199999946594238587e+00
7.200000007629394183e+00
2.559999993896484227e+01
8.600000015258789432e+00
1.739999989318847540e+01
5.999999946594238409e+00
8.999999954223632415e+00
4.600000007629394538e+00
5.399999994277954407e+00
8.800000015258788721e+00
1.100000003051757780e+01
1.099999997711181621e+01
3.599999994277954141e+00
2.179999993896484511e+01
1.879999986267089795e+01
1.079999992370605533e+01
2.799999988555908370e+00
9.800000007629394716e+00
3.799999994277954318e+00
9.199999999999999289e+00
1.799999998474121199e+01
5.599999977111816740e+00
8.599999946594238054e+00
7.199999977111816385e+00
2.999999988555908104e+00
1.099999997711181621e+01
3.400000007629394361e+00
9.400000015258788366e+00
3.999999988555908104e+00
1.259999995422363206e+01
5.000000015258788899e+00
1.040000001525878837e+01
8.599999984741211634e+00
1.460000003051757744e+01
7.199999946594238587e+00
6.400000007629394361e+00
9.399999946594238764e+00
1.759999995422363384e+01
5.599999977111816740e+00
1.379999994659423912e+01
1.879999989318847753e+01
1.539999986267089760e+01
9.600000007629393650e+00
1.059999994659423805e+01
9.199999977111817273e+00
1.379999992370605533e+01
1.459999998474121163e+01
1.379999995422363313e+01
8.599999988555907748e+00
9.200000015258789077e+00
7.399999988555908459e+00
8.599999988555907748e+00
9.399999984741210568e+00
7.399999988555908459e+00
6.599999984741210746e+00
8.599999977111815852e+00
2.160000000000000142e+01
8.200000007629395071e+00
5.399999946594237876e+00
6.199999977111816385e+00
4.399999977111816563e+00
2.199999993896484440e+01
9.399999988555908459e+00
1.060000001525878943e+01
9.799999988555908814e+00
1.080000001525878872e+01
1.079999994659423912e+01
1.100000001525878979e+01
1.099999997711181621e+01
1.039999997711181656e+01
1.079999994659423912e+01
1.199999998474121021e+01
1.180000001525878872e+01
1.039999997711181656e+01
1.079999995422363313e+01
1.180000001525878872e+01
1.019999989318847611e+01
1.099999994659423841e+01
1.119999992370605391e+01
1.120000001525878908e+01
1.259999992370605426e+01
1.140000000762939436e+01
1.059999994659423805e+01
1.160000001525878943e+01
9.799999984741210923e+00
1.039999998855590846e+01
1.119999994659423770e+01
9.999999977111816207e+00
1.179999994659423912e+01
1.059999997711181585e+01
1.139999995422363277e+01
1.099999992370605462e+01
1.119999994659423770e+01
1.020000000762939507e+01
9.999999954223632415e+00
1.039999997711181656e+01
1.139999994659423876e+01
1.139999997711181656e+01
1.060000000762939365e+01
1.140000001525878837e+01
1.139999995422363277e+01
1.119999998474121128e+01
1.139999997711181656e+01
1.099999997711181621e+01
1.079999994659423912e+01
1.140000001525878837e+01
1.139999997711181656e+01
1.079999997711181692e+01
1.099999994659423841e+01
1.199999995422363241e+01
1.100000001525878979e+01
1.059999997711181585e+01
1.099999995422363241e+01
1.159999989318847646e+01
1.080000001525878872e+01
1.139999997711181656e+01
1.139999998474121057e+01
1.100000001525878979e+01
1.059999997711181585e+01
1.120000000762939507e+01
1.139999995422363277e+01
1.059999998474121163e+01
1.059999994659423805e+01
1.159999986267089866e+01
1.199999992370605462e+01
1.200000001525878979e+01
1.099999994659423841e+01
1.099999995422363241e+01
1.039999995422363277e+01
1.120000000762939507e+01
1.059999998474121163e+01
1.139999998474121057e+01
1.059999992370605426e+01
1.139999998855590846e+01
1.099999995422363241e+01
1.139999998855590846e+01
1.079999998474121092e+01
1.100000001525878979e+01
1.139999998474121057e+01
1.099999995422363241e+01
1.080000001525878872e+01
1.039999994659423876e+01
1.099999995422363241e+01
1.140000000000000036e+01
1.119999998855590739e+01
1.099999998474121021e+01
1.060000001525878943e+01
1.139999998855590846e+01
1.060000000762939365e+01
1.120000001525878908e+01
1.079999994659423912e+01
1.079999994659423912e+01
1.139999998474121057e+01
1.119999997711181727e+01
1.120000003051757886e+01
1.080000001525878872e+01
1.140000003051757815e+01
1.159999992370605426e+01
1.199999995422363241e+01
1.079999998474121092e+01
1.099999995422363241e+01
1.040000001525878837e+01
1.139999998474121057e+01
1.060000000762939365e+01
1.099999997711181621e+01
1.160000000762939365e+01
1.099999994659423841e+01
1.060000000762939365e+01
1.080000000762939472e+01
1.119999994659423770e+01
1.099999997711181621e+01
1.080000001525878872e+01
1.099999989318847682e+01
1.139999994659423876e+01
1.159999998474121163e+01
1.099999997711181621e+01
1.119999998474121128e+01
1.120000001525878908e+01
1.140000000762939436e+01
9.799999977111816918e+00
