0.000000000000000000e+00
0.000000000000000000e+00
2.999999994277954052e+00
5.799999977111816030e+00
2.840000003051757815e+01
1.619999989318847611e+01
8.799999946594239120e+00
5.600000007629394538e+00
1.219999995422363348e+01
1.480000001525878872e+01
6.199999977111816385e+00
2.079999986267089795e+01
2.000000000000000000e+00
4.599999994277953697e+00
4.799999946594238232e+00
1.799999988555908148e+00
5.000000000000000000e+00
2.999999988555908104e+00
4.399999977111816563e+00
1.279999994659423912e+01
6.999999988555908104e+00
1.459999992370605426e+01
7.999999946594238409e+00
2.199999988555908281e+00
3.599999988555908192e+00
9.199999994277954229e+00
1.000000001525878979e+01
5.799999994277953874e+00
4.799999988555907926e+00
6.199999988555908281e+00
5.800000007629394716e+00
1.139999997711181656e+01
9.599999977111815852e+00
2.799999994277954318e+00
3.199999994277954229e+00
4.999999988555908104e+00
6.599999977111816740e+00
1.999999994277954052e+00
1.319999998474121128e+01
4.399999994277954407e+00
8.399999977111816563e+00
5.399999994277954407e+00
1.619999997711181550e+01
3.399999946594238320e+00
4.199999977111816385e+00
1.280000001525878872e+01
8.800000007629394716e+00
1.020000001525878908e+01
4.199999988555908281e+00
9.999999946594238409e+00
3.599999994277954141e+00
4.000000000000000000e+00
4.599999988555908637e+00
3.399999994277953963e+00
5.199999994277954229e+00
6.599999988555908637e+00
1.019999995422363348e+01
1.119999992370605391e+01
1.940000001525879014e+01
4.799999988555907926e+00
8.400000007629394361e+00
5.199999988555908281e+00
1.199999997711181621e+01
8.599999954223632059e+00
5.799999988555907926e+00
4.999999988555908104e+00
1.519999992370605391e+01
5.400000007629394361e+00
6.199999994277954229e+00
7.000000007629394894e+00
6.999999977111816207e+00
4.599999994277953697e+00
1.139999995422363277e+01
8.799999977111816918e+00
1.539999989318847717e+01
1.199999986267089902e+01
4.399999988555908459e+00
3.799999994277954318e+00
3.399999988555908015e+00
7.199999923706054794e+00
1.359999998474121163e+01
8.999999977111816207e+00
8.200000007629395071e+00
7.999999984741211101e+00
7.799999977111816030e+00
7.599999994277953697e+00
7.799999977111816030e+00
7.799999946594238232e+00
7.800000007629394716e+00
8.400000007629394361e+00
8.599999984741211634e+00
7.599999946594238054e+00
8.000000007629394005e+00
8.800000015258788721e+00
7.999999977111816207e+00
7.799999988555907926e+00
7.999999994277954052e+00
7.999999946594238409e+00
9.199999984741211279e+00
7.799999988555907926e+00
7.800000007629394716e+00
9.199999946594237699e+00
8.200000007629395071e+00
8.199999977111817273e+00
7.399999977111816563e+00
8.599999977111815852e+00
8.199999977111817273e+00
7.200000007629394183e+00
7.399999977111816563e+00
7.799999988555907926e+00
8.400000007629394361e+00
7.599999946594238054e+00
7.599999988555908637e+00
8.399999954223632770e+00
8.199999977111817273e+00
7.399999977111816563e+00
7.999999984741211101e+00
7.799999977111816030e+00
8.399999994277953519e+00
7.600000015258789432e+00
8.599999984741211634e+00
9.000000007629394005e+00
7.599999977111816740e+00
7.400000007629394361e+00
7.400000007629394361e+00
8.999999946594238409e+00
7.599999977111816740e+00
7.400000000000000355e+00
7.599999946594238054e+00
8.799999946594239120e+00
7.399999946594237876e+00
7.999999994277954052e+00
8.199999984741211279e+00
7.599999988555908637e+00
9.199999977111817273e+00
7.199999946594238587e+00
7.399999984741210568e+00
7.600000007629394538e+00
7.599999946594238054e+00
7.799999946594238232e+00
7.800000007629394716e+00
7.399999988555908459e+00
8.000000015258789787e+00
8.599999946594238054e+00
8.400000007629394361e+00
7.999999946594238409e+00
7.799999977111816030e+00
8.599999977111815852e+00
8.999999977111816207e+00
7.799999946594238232e+00
8.199999954223633480e+00
8.199999946594237699e+00
7.799999946594238232e+00
8.599999946594238054e+00
9.199999946594237699e+00
8.399999946594238764e+00
8.199999977111817273e+00
8.000000015258789787e+00
7.600000007629394538e+00
8.600000015258789432e+00
8.200000015258789077e+00
8.599999994277954585e+00
8.399999946594238764e+00
8.400000015258788366e+00
8.799999984741210923e+00
8.600000015258789432e+00
8.199999984741211279e+00
8.399999946594238764e+00
8.799999977111816918e+00
8.399999946594238764e+00
7.399999994277954407e+00
7.599999946594238054e+00
8.599999946594238054e+00
8.000000007629394005e+00
8.399999984741210568e+00
7.999999977111816207e+00
7.599999946594238054e+00
7.999999988555908104e+00
7.400000015258789254e+00
8.799999977111816918e+00
8.199999977111817273e+00
7.600000015258789432e+00
7.399999988555908459e+00
7.999999946594238409e+00
7.800000007629394716e+00
7.999999984741211101e+00
8.199999946594237699e+00
7.399999977111816563e+00
7.999999977111816207e+00
8.800000007629394716e+00
8.399999923706054972e+00
7.399999946594237876e+00
8.200000007629395071e+00
8.799999988555908814e+00
8.799999946594239120e+00
7.999999946594238409e+00
8.799999923706055327e+00
8.400000015258788366e+00
8.200000007629395071e+00
7.599999994277953697e+00
