0.000000000000000000e+00
2.400000007629394361e+00
5.999999999999999778e-01
2.199999988555908281e+00
7.999999977111816207e+00
2.600000000000000000e+01
0.000000000000000000e+00
7.400000007629394361e+00
7.000000000000000000e+00
3.999999994277954052e+00
6.599999988555908637e+00
9.400000015258788366e+00
1.939999986267089938e+01
1.039999995422363277e+01
2.200000000000000178e+00
4.800000007629394716e+00
2.159999996948242185e+01
1.879999995422363313e+01
1.340000001525878837e+01
1.039999994659423876e+01
7.999999988555908104e+00
5.799999990844726483e+01
3.999999988555908104e+00
9.800000007629394716e+00
2.519999989318847611e+01
1.160000001525878943e+01
1.959999986267089866e+01
1.519999998474121128e+01
1.059999998474121163e+01
7.000000007629394894e+00
9.799999954223633125e+00
5.600000007629394538e+00
8.800000007629394716e+00
1.000000001525878979e+01
7.999999988555908104e+00
1.459999996948242185e+01
3.479999981689453392e+01
7.399999977111816563e+00
1.119999994659423770e+01
1.259999994659423805e+01
6.199999984741211279e+00
9.399999946594238764e+00
1.359999994659423805e+01
9.399999946594238764e+00
9.800000007629394716e+00
7.199999977111816385e+00
7.600000007629394538e+00
1.099999992370605462e+01
1.039999998474121057e+01
1.539999998474121057e+01
1.200000001525878979e+01
7.599999977111816740e+00
1.080000001525878872e+01
6.399999988555908459e+00
5.799999988555907926e+00
1.119999995422363348e+01
1.619999989318847611e+01
1.839999997711181479e+01
2.240000003051757815e+01
6.799999988555907926e+00
4.000000007629394894e+00
7.799999999999999822e+00
5.800000007629394716e+00
2.639999990844726696e+01
1.120000000762939507e+01
1.079999998474121092e+01
8.799999977111816918e+00
9.599999994277954585e+00
1.119999994659423770e+01
1.700000000000000000e+01
8.199999988555907393e+00
8.999999946594238409e+00
8.000000015258789787e+00
1.059999995422363206e+01
1.339999989318847717e+01
8.999999946594238409e+00
9.199999977111817273e+00
1.399999995422363241e+01
1.339999997711181656e+01
9.799999988555908814e+00
9.400000015258788366e+00
8.800000007629394716e+00
1.359999995422363206e+01
1.059999999427795458e+01
1.119999998474121128e+01
1.180000001525878872e+01
1.239999998474121057e+01
1.099999994659423841e+01
1.100000000762939401e+01
1.079999994659423912e+01
1.039999998474121057e+01
9.799999988555908814e+00
1.020000001525878908e+01
1.100000001525878979e+01
1.159999997711181585e+01
1.199999994659423841e+01
1.020000000762939507e+01
1.020000001525878908e+01
1.039999998474121057e+01
1.199999994659423841e+01
1.100000001525878979e+01
1.320000001525878908e+01
1.040000001525878837e+01
1.140000001525878837e+01
1.199999995422363241e+01
1.120000001525878908e+01
1.179999994659423912e+01
1.100000000762939401e+01
1.200000001525878979e+01
1.080000000762939472e+01
1.220000000762939507e+01
1.119999995422363348e+01
1.120000000762939507e+01
1.039999994659423876e+01
1.159999992370605426e+01
1.139999995422363277e+01
1.079999992370605533e+01
1.079999998855590881e+01
1.099999994659423841e+01
1.020000001525878908e+01
1.139999995422363277e+01
1.140000000762939436e+01
1.179999998474121092e+01
9.999999977111816207e+00
1.199999994659423841e+01
1.219999998474121128e+01
1.040000001525878837e+01
1.000000001525878979e+01
1.140000001525878837e+01
1.120000001525878908e+01
1.040000000762939436e+01
1.159999997711181585e+01
1.120000001525878908e+01
1.199999998474121021e+01
1.099999997711181621e+01
1.200000001525878979e+01
1.159999994659423805e+01
1.099999994659423841e+01
1.080000000762939472e+01
1.119999992370605391e+01
1.059999997711181585e+01
1.119999994659423770e+01
1.180000001525878872e+01
1.220000001525878908e+01
1.079999999427795387e+01
1.100000001525878979e+01
1.139999994659423876e+01
1.119999998474121128e+01
1.139999997711181656e+01
1.159999997711181585e+01
1.140000000762939436e+01
1.059999994659423805e+01
1.100000001525878979e+01
1.060000000762939365e+01
1.180000000762939472e+01
1.219999997711181727e+01
1.119999998474121128e+01
1.059999998855590775e+01
1.139999997711181656e+01
1.020000001525878908e+01
1.139999998474121057e+01
1.060000000762939365e+01
1.119999997711181727e+01
1.160000000762939365e+01
1.219999998855590739e+01
1.059999998474121163e+01
1.040000001525878837e+01
1.079999995422363313e+01
1.099999997711181621e+01
1.119999998474121128e+01
1.139999997711181656e+01
1.179999992370605533e+01
1.119999994659423770e+01
1.080000000762939472e+01
1.099999994659423841e+01
1.180000001525878872e+01
1.039999998474121057e+01
1.079999997711181692e+01
1.139999998474121057e+01
1.119999992370605391e+01
1.119999997711181727e+01
1.099999994659423841e+01
1.060000001525878943e+01
1.159999994659423805e+01
1.079999992370605533e+01
1.080000001525878872e+01
1.140000001525878837e+01
1.139999992370605497e+01
1.039999998474121057e+01
1.099999997711181621e+01
1.079999998474121092e+01
1.079999998474121092e+01
1.119999994659423770e+01
1.119999989318847611e+01
1.139999998474121057e+01
1.039999997711181656e+01
1.079999994659423912e+01
1.039999998855590846e+01
1.079999998855590881e+01
1.099999998474121021e+01
