0.000000000000000000e+00
2.000000000000000111e-01
5.199999994277954229e+00
9.399999946594238764e+00
1.739999998474121057e+01
8.599999984741211634e+00
8.799999946594239120e+00
7.599999977111816740e+00
5.999999923706054616e+00
2.799999994277954318e+00
1.839999989318847540e+01
1.439999992370605497e+01
1.100000001525878979e+01
1.540000001525878837e+01
7.599999988555908637e+00
2.100000000000000000e+01
2.579999989318847753e+01
2.539999978637695222e+01
7.400000007629394361e+00
7.399999977111816563e+00
9.000000007629394005e+00
1.659999992370605426e+01
1.280000001525878872e+01
3.760000003051757744e+01
3.339999981689452824e+01
1.419999999999999929e+01
1.119999997711181727e+01
7.999999946594238409e+00
2.999999987792968881e+01
4.299999981689452966e+01
2.260000003051757744e+01
2.999999993896484440e+01
2.659999993896484227e+01
5.599999984741211279e+01
4.199999984741211279e+01
2.059999992370605426e+01
1.599999992370605462e+01
2.739999984741210781e+01
2.820000003051757886e+01
3.239999996948242256e+01
3.380000003051758029e+01
2.399999992370605639e+01
1.599999995422363241e+01
1.379999989318847575e+01
4.319999990844726767e+01
3.599999978637695364e+01
4.820000006103515489e+01
2.159999996948242185e+01
2.159999995422363384e+01
3.679999987792968597e+01
3.299999993896484085e+01
3.860000003051757744e+01
2.339999990844726696e+01
3.619999990844726767e+01
4.300000000000000000e+01
3.299999981689452966e+01
1.859999992370605426e+01
3.119999990844726412e+01
4.799999990844726483e+01
2.460000000000000142e+01
1.520000001525878908e+01
7.400000012207031830e+01
5.519999981689453250e+01
4.619999987792968454e+01
6.379999987792968597e+01
5.399999972534179449e+01
2.999999996948242043e+01
6.939999969482421704e+01
2.919999986267090009e+01
4.279999993896484511e+01
3.919999984741210852e+01
5.840000003051757460e+01
4.540000003051757460e+01
4.740000006103515773e+01
6.339999987792968739e+01
6.480000012207031546e+01
3.759999969482421989e+01
4.519999975585937335e+01
4.060000006103515346e+01
4.739999987792968739e+01
4.660000000000000142e+01
4.259999987792969023e+01
5.279999996948242114e+01
6.580000006103514920e+01
7.099999963378905932e+01
8.099999987792968170e+01
8.599999981689452966e+01
8.279999981689452682e+01
8.219999987792968454e+01
8.499999951171875523e+01
8.039999951171874670e+01
8.059999957275390159e+01
8.319999987792968454e+01
8.119999951171874386e+01
8.179999969482422273e+01
8.239999987792968739e+01
7.839999951171874670e+01
8.539999981689453534e+01
7.879999951171875239e+01
8.239999938964844262e+01
8.440000000000000568e+01
8.399999981689452966e+01
8.479999987792969307e+01
8.279999981689452682e+01
8.379999981689452682e+01
8.399999957275390727e+01
8.219999981689453250e+01
8.559999987792969023e+01
8.440000000000000568e+01
8.459999981689453818e+01
8.219999945068359182e+01
8.439999945068359466e+01
8.279999993896484511e+01
8.639999975585936909e+01
8.359999981689453818e+01
8.479999951171875239e+01
8.420000012207030693e+01
8.520000006103515489e+01
8.420000012207030693e+01
8.560000012207031261e+01
8.279999951171875239e+01
8.599999945068358898e+01
7.939999957275391296e+01
8.699999975585937761e+01
8.839999945068359466e+01
8.919999938964843977e+01
9.079999969482422273e+01
9.139999981689453534e+01
9.339999975585936909e+01
9.240000012207030977e+01
9.420000000000000284e+01
9.259999969482421989e+01
9.059999981689453818e+01
9.019999969482421420e+01
8.900000012207031830e+01
9.019999938964843977e+01
8.880000012207031546e+01
8.799999945068358898e+01
8.939999969482421704e+01
8.839999993896483943e+01
8.719999945068359182e+01
8.779999981689452682e+01
8.839999975585936909e+01
8.819999938964843977e+01
8.779999945068360034e+01
8.899999938964843693e+01
8.999999981689452966e+01
8.819999981689453250e+01
8.899999981689452966e+01
8.859999938964843125e+01
8.780000012207031546e+01
8.919999975585938046e+01
8.840000012207030977e+01
9.039999981689453534e+01
8.899999987792968170e+01
8.840000012207030977e+01
8.879999981689452682e+01
8.859999951171874955e+01
8.879999969482422273e+01
8.859999938964843125e+01
8.919999963378906216e+01
8.979999938964843409e+01
8.859999969482421989e+01
9.039999969482421704e+01
8.840000006103515773e+01
8.919999938964843977e+01
8.799999938964843693e+01
8.939999975585936909e+01
8.959999975585937193e+01
8.879999975585937477e+01
8.940000012207030977e+01
8.919999938964843977e+01
8.879999975585937477e+01
8.799999938964843693e+01
8.879999969482422273e+01
8.859999938964843125e+01
8.859999981689453818e+01
8.979999975585937477e+01
8.899999981689452966e+01
8.819999938964843977e+01
8.939999981689453534e+01
8.999999938964843693e+01
8.839999975585936909e+01
8.880000012207031546e+01
8.819999938964843977e+01
9.059999981689453818e+01
8.939999975585936909e+01
9.080000012207031546e+01
8.919999981689453250e+01
8.899999938964843693e+01
9.119999945068359182e+01
8.859999975585937193e+01
8.899999951171875523e+01
8.880000012207031546e+01
8.859999938964843125e+01
8.979999938964843409e+01
8.879999975585937477e+01
8.899999938964843693e+01
8.859999987792969023e+01
8.980000012207031546e+01
