3.379999995422362957e+01
1.600000000000000089e+00
1.139999998474121057e+01
1.079999998474121092e+01
5.799999988555907926e+00
5.999999999999999778e-01
2.459999992370605426e+01
3.999999977111816207e+00
1.479999992370605533e+01
4.600000007629394538e+00
2.999999988555908104e+00
1.059999999427795458e+01
7.399999988555908459e+00
1.799999994277954096e+00
1.399999995422363241e+01
1.099999998474121021e+01
4.399999988555908459e+00
3.600000007629394538e+00
1.279999998474121092e+01
3.799999988555908370e+00
9.599999946594238054e+00
3.599999994277954141e+00
3.999999988555908104e+00
2.599999988555908192e+00
6.000000007629394894e+00
1.219999995422363348e+01
5.799999988555907926e+00
3.800000007629394716e+00
8.400000007629394361e+00
1.739999992370605497e+01
3.399999999999999911e+00
3.600000007629394538e+00
1.239999995422363277e+01
2.799999988555908370e+00
4.000000007629394894e+00
3.399999994277953963e+00
2.399999989318847682e+01
3.999999988555908104e+00
3.000000000000000000e+00
4.999999977111816207e+00
2.799999994277954318e+00
3.799999994277954318e+00
1.499999998474121021e+01
5.599999988555908637e+00
5.600000015258789432e+00
5.599999988555908637e+00
1.539999992370605497e+01
9.999999893188476818e+00
1.339999998474121057e+01
4.599999988555908637e+00
6.199999994277954229e+00
3.799999977111816474e+00
8.399999977111816563e+00
7.999999977111816207e+00
1.380000001525878872e+01
1.019999994659423770e+01
3.399999999999999911e+00
3.399999988555908015e+00
9.199999984741211279e+00
7.199999994277954229e+00
2.200000000000000178e+00
5.000000007629394894e+00
3.399999994277953963e+00
2.600000000000000089e+00
1.039999998855590846e+01
3.800000015258789166e+00
4.399999988555908459e+00
5.799999994277953874e+00
8.599999954223632059e+00
4.999999988555908104e+00
2.199999994277954229e+00
5.999999977111816207e+00
5.799999946594238232e+00
3.999999994277954052e+00
1.099999998474121021e+01
5.999999977111816207e+00
9.599999988555907748e+00
6.799999988555907926e+00
5.999999977111816207e+00
5.400000007629394361e+00
8.199999946594237699e+00
6.000000000000000000e+00
5.999999994277954052e+00
4.799999946594238232e+00
6.199999988555908281e+00
5.599999988555908637e+00
6.000000007629394894e+00
5.599999988555908637e+00
6.599999988555908637e+00
6.000000007629394894e+00
6.399999994277954407e+00
6.799999984741210923e+00
6.200000000000000178e+00
5.799999988555907926e+00
6.599999977111816740e+00
6.600000015258789432e+00
6.199999977111816385e+00
6.800000015258788721e+00
6.600000007629394538e+00
6.400000015258789254e+00
6.000000007629394894e+00
5.999999988555908104e+00
5.999999988555908104e+00
5.599999977111816740e+00
6.399999977111816563e+00
6.399999988555908459e+00
6.400000007629394361e+00
5.999999977111816207e+00
6.799999893188476641e+00
6.800000007629394716e+00
5.999999977111816207e+00
6.999999988555908104e+00
6.799999977111816030e+00
6.399999977111816563e+00
6.200000007629394183e+00
6.199999988555908281e+00
6.799999988555907926e+00
5.999999988555908104e+00
6.199999946594238587e+00
5.599999988555908637e+00
6.799999977111816030e+00
6.399999977111816563e+00
6.399999988555908459e+00
6.600000007629394538e+00
6.399999977111816563e+00
6.799999988555907926e+00
6.799999977111816030e+00
6.400000007629394361e+00
6.799999977111816030e+00
6.599999988555908637e+00
6.399999988555908459e+00
6.799999977111816030e+00
6.599999977111816740e+00
6.400000007629394361e+00
6.399999946594237876e+00
6.999999946594238409e+00
6.399999977111816563e+00
6.999999977111816207e+00
6.200000015258789077e+00
6.999999988555908104e+00
6.599999988555908637e+00
6.599999946594238054e+00
5.799999999999999822e+00
6.399999977111816563e+00
6.799999988555907926e+00
6.999999946594238409e+00
6.599999946594238054e+00
6.799999988555907926e+00
6.600000015258789432e+00
6.399999994277954407e+00
6.799999988555907926e+00
5.999999994277954052e+00
6.799999999999999822e+00
7.000000015258788899e+00
6.600000007629394538e+00
6.599999988555908637e+00
6.399999988555908459e+00
6.599999893188476463e+00
6.799999988555907926e+00
6.399999994277954407e+00
6.399999954223632770e+00
5.799999977111816030e+00
6.600000007629394538e+00
6.600000015258789432e+00
6.600000015258789432e+00
6.399999988555908459e+00
6.999999946594238409e+00
6.799999988555907926e+00
6.400000015258789254e+00
6.400000007629394361e+00
6.800000015258788721e+00
5.799999994277953874e+00
6.599999977111816740e+00
6.800000007629394716e+00
6.199999946594238587e+00
6.200000007629394183e+00
6.199999977111816385e+00
6.799999988555907926e+00
6.599999977111816740e+00
6.399999946594237876e+00
6.400000015258789254e+00
6.799999988555907926e+00
6.200000007629394183e+00
6.000000000000000000e+00
5.999999946594238409e+00
6.200000007629394183e+00
6.600000007629394538e+00
6.599999946594238054e+00
6.000000007629394894e+00
6.800000015258788721e+00
5.799999994277953874e+00
6.599999984741210746e+00
6.399999977111816563e+00
6.999999988555908104e+00
6.599999977111816740e+00
6.999999988555908104e+00
6.399999988555908459e+00
6.399999977111816563e+00
6.200000015258789077e+00
6.399999994277954407e+00
