1.199999999999999956e+00
3.019999987792968810e+01
0.000000000000000000e+00
1.759999992370605426e+01
8.000000000000000444e-01
5.999999977111816207e+00
4.600000007629394538e+00
8.600000007629393650e+00
9.000000015258789787e+00
2.000000000000000111e-01
3.399999988555908015e+00
1.999999988555908104e+00
1.259999995422363206e+01
1.100000000762939401e+01
8.199999977111817273e+00
2.599999988555908192e+00
1.399999992370605462e+01
1.100000001525878979e+01
1.380000001525878872e+01
6.599999988555908637e+00
2.399999999999999911e+00
1.799999987792968881e+01
4.799999977111816030e+00
4.599999994277953697e+00
4.799999977111816030e+00
1.239999995422363277e+01
3.199999988555908281e+00
9.199999946594237699e+00
1.579999992370605533e+01
2.059999995422363384e+01
8.999999977111816207e+00
1.719999995422363170e+01
1.040000000762939436e+01
1.519999995422363348e+01
1.479999995422363313e+01
9.800000015258788721e+00
1.079999997711181692e+01
9.599999946594238054e+00
4.800000007629394716e+00
1.059999997711181585e+01
1.099999997711181621e+01
6.399999946594237876e+00
6.599999977111816740e+00
6.599999988555908637e+00
1.300000001525878979e+01
2.119999996948242327e+01
5.199999988555908281e+00
9.000000015258789787e+00
7.399999994277954407e+00
8.799999977111816918e+00
1.759999994659423805e+01
1.020000000762939507e+01
5.200000007629394183e+00
1.619999995422363170e+01
2.380000000000000071e+01
1.780000000000000071e+01
1.439999997711181656e+01
6.600000007629394538e+00
1.239999989318847717e+01
1.159999997711181585e+01
1.059999995422363206e+01
6.999999988555908104e+00
1.299999997711181621e+01
1.359999992370605426e+01
6.419999984741211563e+01
8.599999946594238054e+00
7.999999977111816207e+00
7.599999988555908637e+00
9.599999994277954585e+00
1.059999992370605426e+01
9.999999946594238409e+00
1.039999998474121057e+01
4.199999988555908281e+00
1.379999994659423912e+01
1.139999994659423876e+01
8.199999984741211279e+00
1.240000000762939436e+01
1.119999998474121128e+01
1.439999992370605497e+01
9.599999946594238054e+00
8.599999977111815852e+00
1.499999998474121021e+01
1.079999998474121092e+01
1.019999997711181727e+01
1.019999998474121128e+01
9.999999946594238409e+00
1.080000001525878872e+01
1.059999998474121163e+01
1.059999997711181585e+01
1.039999995422363277e+01
1.139999995422363277e+01
1.119999994659423770e+01
1.040000000762939436e+01
1.039999994659423876e+01
1.060000000762939365e+01
1.000000001525878979e+01
9.799999988555908814e+00
9.999999984741210213e+00
1.060000001525878943e+01
9.199999946594237699e+00
1.099999998474121021e+01
1.080000001525878872e+01
1.059999998474121163e+01
1.039999998474121057e+01
1.020000001525878908e+01
9.799999988555908814e+00
1.140000000762939436e+01
1.039999995422363277e+01
1.100000000762939401e+01
1.059999992370605426e+01
1.059999997711181585e+01
9.800000015258788721e+00
1.100000000762939401e+01
1.019999997711181727e+01
1.059999998474121163e+01
1.080000001525878872e+01
1.099999999427795494e+01
1.079999998474121092e+01
1.159999999427795458e+01
1.140000001525878837e+01
1.019999994659423770e+01
1.139999998474121057e+01
1.219999996948242149e+01
1.039999997711181656e+01
1.079999989318847575e+01
1.080000000762939472e+01
1.080000000762939472e+01
1.039999994659423876e+01
1.159999994659423805e+01
1.039999999427795352e+01
1.139999999427795352e+01
1.099999992370605462e+01
1.019999997711181727e+01
1.060000000762939365e+01
1.139999998474121057e+01
1.039999989318847717e+01
1.000000000762939401e+01
1.079999994659423912e+01
1.099999997711181621e+01
1.059999997711181585e+01
1.139999998474121057e+01
1.079999994659423912e+01
9.800000007629394716e+00
9.999999946594238409e+00
1.099999998474121021e+01
1.139999994659423876e+01
1.060000001525878943e+01
1.040000001525878837e+01
1.059999999427795458e+01
1.180000001525878872e+01
1.100000000762939401e+01
1.199999994659423841e+01
1.079999997711181692e+01
1.159999997711181585e+01
1.119999999427795423e+01
1.139999998855590846e+01
1.039999997711181656e+01
1.059999998474121163e+01
1.059999998474121163e+01
1.020000003051757886e+01
9.999999946594238409e+00
1.099999997711181621e+01
1.119999994659423770e+01
1.119999997711181727e+01
1.119999997711181727e+01
1.080000001525878872e+01
1.040000001525878837e+01
1.040000000762939436e+01
1.039999994659423876e+01
1.060000000762939365e+01
1.000000001525878979e+01
1.120000001525878908e+01
9.999999977111816207e+00
1.120000001525878908e+01
1.019999994659423770e+01
1.120000001525878908e+01
1.040000001525878837e+01
1.139999995422363277e+01
1.059999995422363206e+01
1.060000000762939365e+01
1.079999995422363313e+01
1.039999994659423876e+01
1.059999992370605426e+01
1.080000001525878872e+01
1.040000000762939436e+01
1.119999998855590739e+01
1.019999999427795423e+01
1.039999998474121057e+01
1.099999995422363241e+01
1.079999992370605533e+01
1.139999998474121057e+01
1.119999986267089831e+01
9.999999984741210213e+00
1.079999994659423912e+01
1.060000001525878943e+01
1.120000001525878908e+01
1.099999998474121021e+01
1.079999995422363313e+01
1.079999998474121092e+01
1.099999997711181621e+01
