8.799999946594239120e+00
3.599999988555908192e+00
2.399999999999999911e+00
1.880000003051757673e+01
9.200000007629395071e+00
1.179999989318847575e+01
9.600000007629393650e+00
3.999999988555908104e+00
2.000000000000000000e+00
2.599999988555908192e+00
1.139999995422363277e+01
5.200000007629394183e+00
1.519999998474121128e+01
2.219999996948242327e+01
1.659999993896484227e+01
1.599999995422363241e+01
2.879999990844726554e+01
1.339999998855590846e+01
3.519999984741210852e+01
3.199999993896484440e+01
1.499999992370605462e+01
1.159999994659423805e+01
3.819999984741210852e+01
2.779999981689453037e+01
3.279999999999999716e+01
1.519999989318847611e+01
3.019999990844726412e+01
2.779999984741210994e+01
1.759999992370605426e+01
1.740000003051757815e+01
2.099999995422363241e+01
2.799999987792968881e+01
1.559999998474121163e+01
1.679999992370605355e+01
4.479999969482421562e+01
1.120000000762939507e+01
3.039999996948242256e+01
1.399999998474121021e+01
2.199999992370605639e+01
1.199999995422363241e+01
2.199999998474121199e+01
2.119999999999999929e+01
1.819999989318847611e+01
2.280000000000000071e+01
2.679999986267089795e+01
1.919999989318847611e+01
2.800000000000000000e+01
3.340000003051757460e+01
4.500000006103515915e+01
4.239999975585937619e+01
4.379999969482421562e+01
2.639999996948242256e+01
7.620000012207030693e+01
2.220000003051757886e+01
4.719999972534179733e+01
3.319999972534179733e+01
2.959999987792968668e+01
3.819999996948241971e+01
2.839999989318847540e+01
3.419999987792968454e+01
2.599999993896484440e+01
3.679999978637695079e+01
4.959999981689453108e+01
2.179999987792968597e+01
3.820000003051757886e+01
3.259999978637695506e+01
5.479999987792968597e+01
2.680000000000000071e+01
6.319999957275390301e+01
2.900000000000000000e+01
5.119999984741210852e+01
4.219999990844726767e+01
2.319999987792968810e+01
2.599999996948242043e+01
2.160000001525878943e+01
4.259999972534179591e+01
4.179999987792968597e+01
6.800000012207031830e+01
6.539999975585936909e+01
3.019999987792968810e+01
3.399999975585937761e+01
4.919999984741210852e+01
4.520000006103515489e+01
5.900000012207031119e+01
4.779999969482421562e+01
7.360000006103516057e+01
7.179999963378905647e+01
7.619999993896485080e+01
7.720000000000000284e+01
7.600000012207031830e+01
7.439999957275391296e+01
7.499999951171875523e+01
7.579999993896484511e+01
7.839999963378906500e+01
8.119999993896485080e+01
8.299999945068358898e+01
7.699999987792968170e+01
8.139999951171874670e+01
7.419999945068359182e+01
7.819999969482421420e+01
8.340000012207030977e+01
7.959999957275390159e+01
7.919999987792968454e+01
8.279999987792969307e+01
8.119999951171874386e+01
8.139999987792968739e+01
8.079999951171875239e+01
8.159999987792969023e+01
8.219999951171874386e+01
7.940000006103515773e+01
8.000000006103515204e+01
7.879999951171875239e+01
8.099999987792968170e+01
7.859999993896484227e+01
7.939999993896483943e+01
7.879999987792969307e+01
8.060000012207031261e+01
8.019999945068359182e+01
8.139999981689453534e+01
8.159999945068359750e+01
7.999999945068358898e+01
7.839999957275391296e+01
8.279999975585937477e+01
8.099999987792968170e+01
8.439999981689453534e+01
8.819999938964843977e+01
8.959999993896484227e+01
8.959999975585937193e+01
9.100000012207031830e+01
9.200000006103515204e+01
9.139999969482421704e+01
9.179999969482422273e+01
9.079999938964843409e+01
9.059999981689453818e+01
8.960000012207031261e+01
8.880000012207031546e+01
8.999999969482422557e+01
8.979999975585937477e+01
8.879999969482422273e+01
8.719999938964843977e+01
8.759999975585937193e+01
8.719999975585938046e+01
8.800000012207031830e+01
8.819999951171874386e+01
8.900000012207031830e+01
8.819999981689453250e+01
8.819999993896485080e+01
8.919999987792968454e+01
8.879999975585937477e+01
8.899999975585937761e+01
8.819999945068359182e+01
8.780000012207031546e+01
8.939999938964844262e+01
8.759999945068359750e+01
8.859999975585937193e+01
8.839999981689453534e+01
8.780000012207031546e+01
8.800000012207031830e+01
8.840000006103515773e+01
8.799999945068358898e+01
8.920000012207030693e+01
8.779999969482422273e+01
8.899999975585937761e+01
8.839999938964844262e+01
8.919999987792968454e+01
8.919999938964843977e+01
8.959999969482421989e+01
8.939999981689453534e+01
8.839999938964844262e+01
9.000000012207031830e+01
8.919999969482421420e+01
8.960000012207031261e+01
8.819999987792968454e+01
9.020000012207030693e+01
8.939999945068359466e+01
8.859999987792969023e+01
8.899999987792968170e+01
8.980000006103514920e+01
8.839999945068359466e+01
8.920000006103515489e+01
8.959999938964843125e+01
8.799999987792968170e+01
8.960000012207031261e+01
8.779999987792969307e+01
8.799999951171875523e+01
8.779999975585937477e+01
8.779999969482422273e+01
8.780000012207031546e+01
8.899999938964843693e+01
8.899999975585937761e+01
9.000000012207031830e+01
8.759999938964843125e+01
8.819999938964843977e+01
8.979999945068360034e+01
8.839999938964844262e+01
8.879999938964843409e+01
8.799999938964843693e+01
8.819999969482421420e+01
8.899999987792968170e+01
8.979999981689452682e+01
