0.000000000000000000e+00
1.000000000000000000e+00
2.000000000000000111e-01
2.599999994277954141e+00
1.119999992370605391e+01
7.799999988555907926e+00
7.599999988555908637e+00
1.600000000000000089e+00
1.399999994277954185e+00
1.219999994659423770e+01
1.279999995422363313e+01
9.599999946594238054e+00
2.439999999999999858e+01
1.079999998855590881e+01
1.420000001525878908e+01
8.999999946594238409e+00
2.400000007629394361e+00
1.359999998855590775e+01
1.520000001525878908e+01
3.400000007629394361e+00
6.400000007629394361e+00
9.200000007629395071e+00
1.399999988555908237e+00
1.919999992370605568e+01
1.359999998474121163e+01
1.319999997711181727e+01
2.200000000000000178e+00
1.399999998474121021e+01
1.139999997711181656e+01
5.200000007629394183e+00
1.339999994659423876e+01
9.800000007629394716e+00
1.239999994659423876e+01
1.360000001525878943e+01
5.000000000000000000e+00
5.999999977111816207e+00
1.519999994659423770e+01
1.479999995422363313e+01
3.599999988555908192e+00
9.999999977111816207e+00
7.800000007629394716e+00
1.139999998855590846e+01
3.800000003051757602e+01
8.199999977111817273e+00
7.000000007629394894e+00
5.999999977111816207e+00
1.200000000762939401e+01
1.100000000762939401e+01
7.800000015258788721e+00
1.140000000762939436e+01
4.199999988555908281e+00
1.040000001525878837e+01
2.360000000000000142e+01
8.399999954223632770e+00
8.000000007629394005e+00
9.199999946594237699e+00
6.599999984741210746e+00
6.799999977111816030e+00
1.899999986267089724e+01
8.399999977111816563e+00
8.199999984741211279e+00
9.799999946594239120e+00
7.599999999999999645e+00
1.399999998474121021e+01
8.800000007629394716e+00
1.580000003051757851e+01
6.599999977111816740e+00
2.339999989318847540e+01
1.639999995422363455e+01
1.079999998474121092e+01
1.599999992370605462e+01
5.799999988555907926e+00
6.799999984741210923e+00
1.020000001525878908e+01
7.399999977111816563e+00
6.799999946594238232e+00
1.000000000762939401e+01
8.800000007629394716e+00
2.900000003051757957e+01
6.399999988555908459e+00
1.000000000762939401e+01
7.800000015258788721e+00
1.119999998855590739e+01
1.019999994659423770e+01
1.059999997711181585e+01
9.999999954223632415e+00
1.020000000762939507e+01
1.059999994659423805e+01
9.799999984741210923e+00
1.040000001525878837e+01
9.199999946594237699e+00
9.200000007629395071e+00
9.399999984741210568e+00
1.100000000762939401e+01
1.059999997711181585e+01
1.019999997711181727e+01
1.040000000762939436e+01
9.599999984741211634e+00
1.099999998474121021e+01
9.599999984741211634e+00
9.600000015258789432e+00
9.600000015258789432e+00
9.600000015258789432e+00
9.600000007629393650e+00
9.199999954223633480e+00
9.199999954223633480e+00
1.099999992370605462e+01
9.800000007629394716e+00
9.800000015258788721e+00
1.039999998474121057e+01
1.059999994659423805e+01
1.000000001525878979e+01
1.099999994659423841e+01
9.599999946594238054e+00
1.059999994659423805e+01
1.059999997711181585e+01
9.399999977111816563e+00
9.599999984741211634e+00
9.999999946594238409e+00
9.799999977111816918e+00
9.799999977111816918e+00
9.400000007629394361e+00
9.799999988555908814e+00
1.039999994659423876e+01
1.000000000762939401e+01
9.799999946594239120e+00
9.599999977111815852e+00
1.020000001525878908e+01
9.199999946594237699e+00
9.599999977111815852e+00
1.020000001525878908e+01
1.019999998474121128e+01
9.600000007629393650e+00
1.059999994659423805e+01
9.399999977111816563e+00
1.039999994659423876e+01
1.099999998474121021e+01
1.079999994659423912e+01
9.999999946594238409e+00
9.199999988555907393e+00
9.599999946594238054e+00
1.019999998474121128e+01
9.800000007629394716e+00
1.020000001525878908e+01
1.020000000762939507e+01
1.019999992370605391e+01
9.799999977111816918e+00
1.019999997711181727e+01
1.099999989318847682e+01
1.000000000762939401e+01
1.040000000762939436e+01
9.399999984741210568e+00
1.039999998474121057e+01
1.019999997711181727e+01
9.799999984741210923e+00
9.600000015258789432e+00
9.200000007629395071e+00
9.200000015258789077e+00
9.599999977111815852e+00
9.399999946594238764e+00
9.399999984741210568e+00
1.119999995422363348e+01
9.800000015258788721e+00
9.999999946594238409e+00
1.079999997711181692e+01
9.599999977111815852e+00
1.039999994659423876e+01
9.999999977111816207e+00
1.020000001525878908e+01
1.040000000762939436e+01
9.799999946594239120e+00
9.200000015258789077e+00
9.599999946594238054e+00
9.999999984741210213e+00
1.019999999427795423e+01
1.019999997711181727e+01
1.060000003051757744e+01
9.400000007629394361e+00
9.999999977111816207e+00
9.999999977111816207e+00
9.799999946594239120e+00
1.040000001525878837e+01
1.039999997711181656e+01
9.999999984741210213e+00
9.600000007629393650e+00
9.399999984741210568e+00
9.399999977111816563e+00
1.099999998474121021e+01
9.999999946594238409e+00
1.019999998855590739e+01
1.019999994659423770e+01
1.039999994659423876e+01
1.000000001525878979e+01
9.999999946594238409e+00
1.039999997711181656e+01
1.040000001525878837e+01
1.080000001525878872e+01
1.039999997711181656e+01
1.040000000762939436e+01
1.019999998474121128e+01
