0.000000000000000000e+00
5.599999988555908637e+00
1.799999994277954096e+00
3.800000003051757602e+01
5.999999999999999778e-01
2.399999999999999911e+00
1.900000001525878801e+01
1.499999986267089902e+01
3.600000007629394538e+00
2.059999992370605426e+01
3.459999975585937193e+01
1.519999986267089831e+01
5.000000000000000000e+00
2.339999992370605497e+01
6.799999994277953874e+00
1.239999995422363277e+01
1.319999997711181727e+01
6.400000007629394361e+00
3.619999975585937335e+01
5.779999996948242114e+01
3.799999988555908370e+00
1.100000001525878979e+01
3.199999994277954229e+00
9.799999977111816918e+00
5.599999977111816740e+00
1.119999998474121128e+01
1.319999994659423770e+01
7.800000007629394716e+00
6.800000015258788721e+00
7.399999977111816563e+00
6.199999988555908281e+00
2.400000003051757957e+01
9.799999862670897954e+00
9.599999954223632059e+00
1.359999995422363206e+01
1.219999994659423770e+01
1.679999994659423734e+01
5.999999988555908104e+00
6.000000007629394894e+00
1.039999992370605497e+01
1.019999986267089831e+01
7.200000015258789077e+00
6.599999977111816740e+00
2.360000000000000142e+01
7.600000015258789432e+00
1.519999986267089831e+01
2.379999996948242114e+01
8.199999988555907393e+00
7.199999977111816385e+00
5.200000007629394183e+00
1.119999994659423770e+01
1.379999995422363313e+01
1.659999995422363384e+01
7.600000015258789432e+00
8.599999946594238054e+00
8.399999954223632770e+00
1.259999997711181585e+01
1.220000000762939507e+01
9.200000015258789077e+00
1.040000001525878837e+01
1.099999994659423841e+01
7.599999977111816740e+00
6.200000015258789077e+00
1.300000001525878979e+01
1.099999994659423841e+01
1.379999994659423912e+01
1.439999992370605497e+01
7.799999984741210923e+00
1.779999995422363313e+01
1.219999994659423770e+01
1.459999992370605426e+01
8.599999977111815852e+00
6.399999946594237876e+00
1.100000000762939401e+01
1.240000003051757815e+01
1.159999995422363206e+01
2.199999993896484440e+01
1.079999997711181692e+01
7.799999946594238232e+00
1.019999998855590739e+01
1.199999994659423841e+01
9.199999977111817273e+00
1.299999998474121021e+01
1.279999998474121092e+01
1.319999997711181727e+01
1.259999998474121163e+01
1.339999998474121057e+01
1.359999998474121163e+01
1.259999995422363206e+01
1.279999994659423912e+01
1.300000001525878979e+01
1.179999992370605533e+01
1.239999997711181656e+01
1.339999995422363277e+01
1.280000001525878872e+01
1.120000000762939507e+01
1.259999998474121163e+01
1.279999997711181692e+01
1.239999997711181656e+01
1.220000001525878908e+01
1.160000001525878943e+01
1.219999986267089831e+01
1.099999998474121021e+01
1.219999995422363348e+01
1.379999989318847575e+01
1.200000000000000000e+01
1.279999995422363313e+01
1.200000001525878979e+01
1.179999995422363313e+01
1.139999998474121057e+01
1.240000001525878837e+01
1.419999992370605391e+01
1.239999998474121057e+01
1.180000000762939472e+01
1.179999995422363313e+01
1.199999997711181621e+01
1.220000001525878908e+01
1.239999994659423876e+01
1.080000001525878872e+01
1.119999994659423770e+01
1.179999995422363313e+01
1.239999994659423876e+01
1.159999994659423805e+01
1.159999994659423805e+01
1.179999998474121092e+01
1.179999998474121092e+01
1.219999997711181727e+01
1.239999997711181656e+01
1.179999998474121092e+01
1.180000001525878872e+01
1.140000000762939436e+01
1.139999995422363277e+01
1.220000000762939507e+01
1.199999992370605462e+01
1.179999998474121092e+01
1.239999994659423876e+01
1.199999998474121021e+01
1.179999992370605533e+01
1.179999995422363313e+01
1.199999998855590810e+01
1.139999997711181656e+01
1.119999994659423770e+01
1.219999995422363348e+01
1.180000001525878872e+01
1.219999994659423770e+01
1.199999992370605462e+01
1.179999998474121092e+01
1.100000001525878979e+01
1.119999995422363348e+01
1.259999998474121163e+01
1.219999998474121128e+01
1.139999992370605497e+01
1.219999992370605391e+01
1.179999992370605533e+01
1.179999997711181692e+01
1.159999998474121163e+01
1.119999994659423770e+01
1.119999997711181727e+01
1.119999999427795423e+01
1.160000001525878943e+01
1.100000001525878979e+01
1.200000001525878979e+01
1.139999998474121057e+01
1.120000001525878908e+01
1.179999994659423912e+01
1.159999992370605426e+01
1.179999998474121092e+01
1.199999992370605462e+01
1.199999995422363241e+01
1.139999989318847717e+01
1.140000001525878837e+01
1.179999992370605533e+01
1.139999994659423876e+01
1.119999995422363348e+01
1.199999989318847682e+01
1.119999995422363348e+01
1.099999995422363241e+01
1.219999995422363348e+01
1.139999994659423876e+01
1.200000001525878979e+01
1.140000001525878837e+01
1.199999994659423841e+01
1.159999992370605426e+01
1.119999998474121128e+01
1.099999994659423841e+01
1.199999995422363241e+01
1.240000001525878837e+01
1.160000001525878943e+01
1.099999994659423841e+01
1.160000001525878943e+01
1.219999994659423770e+01
1.199999997711181621e+01
1.099999989318847682e+01
1.179999998474121092e+01
1.199999995422363241e+01
1.120000000762939507e+01
1.260000001525878943e+01
1.219999992370605391e+01
1.159999995422363206e+01
1.159999994659423805e+01
