0.000000000000000000e+00
1.199999999999999956e+00
0.000000000000000000e+00
2.039999986267089938e+01
3.600000000000000089e+00
1.399999994277954185e+00
2.000000000000000111e-01
3.199999994277954229e+00
3.180000003051757673e+01
2.000000000000000111e-01
1.799999986267089724e+01
3.599999977111816296e+00
6.399999984741210568e+00
3.600000007629394538e+00
2.099999992370605639e+01
9.999999942779540518e-01
1.319999994659423770e+01
2.380000001525878872e+01
1.179999995422363313e+01
4.599999946594238054e+00
4.459999972534179591e+01
7.000000007629394894e+00
2.599999994277954141e+00
3.000000000000000000e+00
7.999999977111816207e+00
7.599999946594238054e+00
7.999999946594238409e+00
7.599999977111816740e+00
7.599999994277953697e+00
1.739999989318847540e+01
9.999999942779540518e-01
1.359999997711181585e+01
2.879999993896484511e+01
5.400000007629394361e+00
1.019999995422363348e+01
1.119999995422363348e+01
4.399999977111816563e+00
1.040000000762939436e+01
1.279999997711181692e+01
3.019999978637695293e+01
1.599999988555908192e+00
3.600000007629394538e+00
7.199999994277954229e+00
2.039999994659423876e+01
5.200000007629394183e+00
2.419999999999999929e+01
1.999999994277954052e+00
3.799999977111816474e+00
9.599999977111815852e+00
8.399999977111816563e+00
4.599999988555908637e+00
2.199999994277954229e+00
6.800000007629394716e+00
2.859999986267089866e+01
9.199999946594237699e+00
6.399999946594237876e+00
8.599999954223632059e+00
1.059999994659423805e+01
2.539999989318847540e+01
9.800000007629394716e+00
9.999999946594238409e+00
6.999999977111816207e+00
1.539999994659423876e+01
3.219999987792968454e+01
4.600000007629394538e+00
6.399999977111816563e+00
1.579999994659423912e+01
9.999999942779540518e-01
9.599999946594238054e+00
4.399999994277954407e+00
1.219999998474121128e+01
4.799999988555907926e+00
1.439999997711181656e+01
1.339999992370605497e+01
6.400000007629394361e+00
3.240000006103515773e+01
4.000000000000000000e+00
7.200000007629394183e+00
9.199999988555907393e+00
1.119999997711181727e+01
1.559999989318847646e+01
1.020000001525878908e+01
9.799999923706055327e+00
1.319999995422363348e+01
1.239999995422363277e+01
1.339999995422363277e+01
1.199999994659423841e+01
1.320000001525878908e+01
1.399999998474121021e+01
1.280000000762939472e+01
1.179999995422363313e+01
1.219999995422363348e+01
1.199999997711181621e+01
1.439999994659423876e+01
1.319999997711181727e+01
1.199999997711181621e+01
1.399999992370605462e+01
1.459999989318847646e+01
1.319999998474121128e+01
1.219999998474121128e+01
1.399999995422363241e+01
1.339999992370605497e+01
1.339999997711181656e+01
1.319999998474121128e+01
1.099999994659423841e+01
1.299999995422363241e+01
1.299999997711181621e+01
1.199999997711181621e+01
1.239999995422363277e+01
1.199999998855590810e+01
1.139999994659423876e+01
1.299999986267089902e+01
1.319999995422363348e+01
1.399999992370605462e+01
1.279999996948242114e+01
1.180000001525878872e+01
1.379999995422363313e+01
1.280000001525878872e+01
1.319999998474121128e+01
1.719999995422363170e+01
1.559999995422363206e+01
1.439999989318847717e+01
1.779999998474121270e+01
1.879999998474121270e+01
1.959999986267089866e+01
1.879999998474121270e+01
1.900000001525878801e+01
1.799999986267089724e+01
1.899999986267089724e+01
2.019999989318847611e+01
1.819999994659423947e+01
1.939999992370605497e+01
1.939999995422363455e+01
1.819999994659423947e+01
1.760000001525878943e+01
1.959999998474120986e+01
2.040000003051757815e+01
1.999999994659423663e+01
1.939999998474121057e+01
1.819999995422363170e+01
1.939999986267089938e+01
1.719999994659423947e+01
1.899999995422363241e+01
1.799999992370605639e+01
2.099999989318847682e+01
1.859999993896484227e+01
1.979999989318847753e+01
1.999999997711181621e+01
1.720000001525878730e+01
1.879999989318847753e+01
2.099999986267089724e+01
2.219999989318847611e+01
1.979999995422363313e+01
2.180000003051757673e+01
2.239999999999999858e+01
1.899999993896484440e+01
2.319999996948242327e+01
2.139999989318847540e+01
2.060000003051757744e+01
2.319999992370605568e+01
2.360000003051757744e+01
2.379999986267089795e+01
2.040000001525879014e+01
2.380000003051757673e+01
2.439999993896484298e+01
2.279999995422363313e+01
2.219999989318847611e+01
2.399999986267089724e+01
2.400000000000000000e+01
2.539999996948242256e+01
2.419999994659423947e+01
2.539999999999999858e+01
2.779999987792968597e+01
2.660000000000000142e+01
2.499999996948242043e+01
2.319999987792968810e+01
2.720000003051757886e+01
2.419999996948242327e+01
2.500000003051757957e+01
2.300000000000000000e+01
2.819999987792968810e+01
2.579999993896484511e+01
2.859999987792968668e+01
2.699999996948242043e+01
2.599999984741210923e+01
2.559999993896484227e+01
2.460000000000000142e+01
2.720000003051757886e+01
2.399999996948242043e+01
2.899999981689452966e+01
2.899999990844726483e+01
2.779999987792968597e+01
2.680000003051757673e+01
2.939999999999999858e+01
2.659999987792968668e+01
2.679999984741210994e+01
2.980000000000000071e+01
2.759999996948242185e+01
2.859999993896484227e+01
2.819999972534179733e+01
