0.000000000000000000e+00
0.000000000000000000e+00
2.619999999999999929e+01
5.200000007629394183e+00
8.000000000000000444e-01
2.199999986267089724e+01
1.399999999999999911e+00
0.000000000000000000e+00
2.000000000000000111e-01
2.000000000000000111e-01
1.079999998855590881e+01
2.999999994277954052e+00
5.599999977111816740e+00
5.199999946594238587e+00
5.000000015258788899e+00
4.599999988555908637e+00
5.999999885559081925e-01
4.799999994277953874e+00
1.079999998474121092e+01
4.000000000000000222e-01
3.259999996948242540e+01
2.399999999999999911e+00
2.799999988555908370e+00
9.199999977111817273e+00
6.200000007629394183e+00
9.599999977111815852e+00
2.799999994277954318e+00
2.699999996948242043e+01
5.599999994277953697e+00
2.699999993896484440e+01
8.199999994277954229e+00
2.080000003051757673e+01
1.359999998474121163e+01
2.199999988555908281e+00
8.999999977111816207e+00
1.339999998474121057e+01
1.240000000762939436e+01
8.399999994277953519e+00
2.799999999999999822e+00
6.999999988555908104e+00
1.099999998474121021e+01
3.199999988555908281e+00
4.200000007629394183e+00
3.600000015258788988e+00
1.779999989318847753e+01
7.199999984741211279e+00
2.700000000000000000e+01
6.599999994277953697e+00
1.399999994277954185e+00
1.600000000000000089e+00
5.399999994277954407e+00
5.399999946594237876e+00
4.799999988555907926e+00
9.199999946594237699e+00
6.039999987792968739e+01
3.000000000000000000e+00
5.799999977111816030e+00
2.560000003051757744e+01
7.400000000000000355e+00
2.919999978637695293e+01
5.800000007629394716e+00
1.619999994659423947e+01
2.599999988555908192e+00
1.179999998855590881e+01
3.400000007629394361e+00
3.620000000000000284e+01
4.799999977111816030e+00
1.000000000000000000e+00
7.199999977111816385e+00
4.399999994277954407e+00
4.200000007629394183e+00
1.020000001525878908e+01
9.999999946594238409e+00
7.999999984741211101e+00
2.519999990844726412e+01
5.799999994277953874e+00
7.599999946594238054e+00
6.999999988555908104e+00
2.699999990844726483e+01
4.599999988555908637e+00
7.999999984741211101e+00
5.600000007629394538e+00
7.399999946594237876e+00
7.999999994277954052e+00
8.800000007629394716e+00
7.799999946594238232e+00
8.200000015258789077e+00
7.399999946594237876e+00
7.599999946594238054e+00
7.799999994277953874e+00
7.599999946594238054e+00
8.599999946594238054e+00
8.600000015258789432e+00
8.399999946594238764e+00
8.199999946594237699e+00
8.999999988555908104e+00
8.799999946594239120e+00
1.019999997711181727e+01
8.600000015258789432e+00
8.599999946594238054e+00
7.799999988555907926e+00
8.599999946594238054e+00
8.999999988555908104e+00
8.599999988555907748e+00
1.059999994659423805e+01
8.199999923706053906e+00
7.999999988555908104e+00
8.400000015258788366e+00
7.999999946594238409e+00
1.079999997711181692e+01
8.799999988555908814e+00
7.000000007629394894e+00
8.400000015258788366e+00
1.020000000762939507e+01
8.799999984741210923e+00
8.600000015258789432e+00
9.400000007629394361e+00
8.800000007629394716e+00
9.400000007629394361e+00
9.400000015258788366e+00
1.139999994659423876e+01
1.200000001525878979e+01
1.179999994659423912e+01
1.160000001525878943e+01
1.119999994659423770e+01
1.139999997711181656e+01
1.139999997711181656e+01
1.159999998474121163e+01
1.140000001525878837e+01
9.999999977111816207e+00
1.100000001525878979e+01
1.139999994659423876e+01
1.019999992370605391e+01
1.059999997711181585e+01
1.199999995422363241e+01
1.280000001525878872e+01
1.259999995422363206e+01
1.279999989318847575e+01
1.219999989318847611e+01
1.219999997711181727e+01
1.259999997711181585e+01
1.300000001525878979e+01
1.420000001525878908e+01
1.320000001525878908e+01
1.360000003051757744e+01
1.419999997711181727e+01
1.539999992370605497e+01
1.500000001525878979e+01
1.419999986267089831e+01
1.479999998474121092e+01
1.219999994659423770e+01
1.539999987792968739e+01
1.679999989318847753e+01
1.620000001525878730e+01
1.579999992370605533e+01
1.659999998474120986e+01
1.719999986267090009e+01
1.739999986267089938e+01
1.679999989318847753e+01
1.799999995422363241e+01
1.519999998474121128e+01
1.620000003051757886e+01
1.919999992370605568e+01
1.620000001525878730e+01
1.700000001525878801e+01
1.759999992370605426e+01
1.659999986267089866e+01
1.600000001525878801e+01
1.959999998474120986e+01
1.860000003051757744e+01
1.699999989318847682e+01
1.840000001525879014e+01
1.720000001525878730e+01
1.899999992370605639e+01
1.899999986267089724e+01
2.079999993896484511e+01
1.919999992370605568e+01
1.959999998474120986e+01
2.079999998474121270e+01
1.840000003051757815e+01
1.899999986267089724e+01
1.859999986267089866e+01
1.960000000000000142e+01
1.760000003051757744e+01
2.079999989318847753e+01
2.039999986267089938e+01
2.000000003051757957e+01
2.000000001525878801e+01
2.120000003051757886e+01
1.919999992370605568e+01
1.899999996948242043e+01
2.239999986267089938e+01
2.180000000000000071e+01
2.039999999999999858e+01
2.079999975585937477e+01
1.940000001525879014e+01
2.200000000000000000e+01
2.180000000000000071e+01
2.159999993896484227e+01
2.179999986267089795e+01
