1.399999994277954185e+00
0.000000000000000000e+00
0.000000000000000000e+00
0.000000000000000000e+00
4.859999993896484227e+01
0.000000000000000000e+00
3.000000007629394450e+00
2.000000000000000111e-01
1.399999999999999911e+00
0.000000000000000000e+00
4.399999977111816563e+00
4.000000000000000222e-01
1.999999994277954052e+00
3.599999994277954141e+00
1.999999994277954052e+00
2.199999994277954229e+00
6.599999977111816740e+00
6.799999994277953874e+00
5.999999942779541406e-01
8.599999977111815852e+00
3.399999994277953963e+00
5.399999994277954407e+00
3.899999987792968881e+01
1.999999986267089724e+01
0.000000000000000000e+00
4.999999994277954052e+00
2.719999987792968810e+01
5.399999946594237876e+00
5.399999977111816563e+00
6.200000015258789077e+00
4.399999994277954407e+00
3.200000007629394627e+00
3.199999984741210923e+01
4.600000007629394538e+00
1.359999992370605426e+01
5.399999977111816563e+00
5.399999988555908459e+00
4.400000000000000355e+00
2.240000003051757815e+01
1.399999988555908237e+00
2.179999986267089795e+01
2.399999999999999911e+00
1.239999997711181656e+01
4.599999977111816740e+00
9.399999977111816563e+00
1.239999992370605497e+01
7.199999977111816385e+00
6.800000007629394716e+00
7.000000007629394894e+00
2.739999989318847540e+01
3.599999994277954141e+00
9.600000015258789432e+00
6.999999988555908104e+00
3.539999993896484654e+01
6.599999977111816740e+00
7.799999984741210923e+00
6.200000007629394183e+00
9.000000015258789787e+00
8.399999994277953519e+00
1.260000001525878943e+01
1.000000000762939401e+01
3.199999994277954229e+00
3.079999987792968597e+01
5.939999984741211136e+01
1.799999994277954096e+00
1.339999994659423876e+01
3.799999988555908370e+00
1.299999995422363241e+01
5.199999988555908281e+00
1.759999995422363384e+01
3.219999986267090009e+01
4.399999994277954407e+00
2.000000000000000000e+00
1.439999995422363277e+01
1.659999992370605426e+01
2.059999987792968668e+01
1.159999997711181585e+01
6.999999946594238409e+00
1.799999994277954096e+00
6.399999977111816563e+00
6.200000007629394183e+00
1.439999986267089760e+01
9.399999946594238764e+00
1.219999998474121128e+01
1.319999995422363348e+01
1.320000001525878908e+01
1.139999989318847717e+01
1.159999998474121163e+01
1.119999998474121128e+01
1.240000000762939436e+01
1.119999997711181727e+01
1.200000001525878979e+01
1.079999997711181692e+01
1.099999997711181621e+01
1.179999995422363313e+01
1.059999994659423805e+01
1.339999998474121057e+01
1.079999994659423912e+01
1.139999998474121057e+01
1.180000000762939472e+01
1.160000000762939365e+01
1.259999997711181585e+01
1.179999997711181692e+01
1.459999998474121163e+01
1.219999995422363348e+01
1.419999986267089831e+01
1.279999998855590881e+01
1.300000003051757780e+01
1.239999998474121057e+01
1.399999995422363241e+01
1.219999994659423770e+01
1.139999997711181656e+01
1.319999995422363348e+01
1.139999994659423876e+01
1.299999998474121021e+01
1.339999986267089760e+01
1.279999986267089795e+01
1.379999992370605533e+01
1.219999994659423770e+01
1.099999994659423841e+01
1.399999998474121021e+01
1.100000001525878979e+01
1.239999998474121057e+01
1.479999998474121092e+01
1.499999992370605462e+01
1.320000001525878908e+01
1.480000001525878872e+01
1.259999995422363206e+01
1.279999998474121092e+01
1.320000001525878908e+01
1.219999994659423770e+01
1.319999997711181727e+01
1.279999998474121092e+01
1.420000001525878908e+01
1.479999996948242114e+01
1.220000000762939507e+01
1.279999995422363313e+01
1.320000001525878908e+01
1.400000001525878979e+01
1.420000001525878908e+01
1.619999999999999929e+01
1.219999994659423770e+01
1.340000001525878837e+01
1.380000001525878872e+01
1.619999989318847611e+01
1.699999989318847682e+01
1.419999994659423770e+01
1.540000000762939436e+01
1.579999995422363313e+01
1.660000001525878943e+01
1.639999989318847540e+01
1.800000001525878801e+01
1.959999989318847824e+01
1.759999992370605426e+01
1.620000003051757886e+01
1.699999992370605639e+01
1.720000001525878730e+01
1.979999992370605355e+01
1.819999999999999929e+01
1.840000001525879014e+01
1.859999995422363384e+01
1.899999996948242043e+01
1.999999995422363241e+01
1.919999992370605568e+01
1.839999989318847540e+01
1.979999986267089795e+01
1.999999992370605639e+01
2.019999989318847611e+01
2.039999995422363455e+01
1.859999998474120986e+01
2.139999986267089938e+01
2.000000000000000000e+01
2.159999995422363384e+01
2.320000003051757886e+01
2.160000003051757744e+01
1.919999992370605568e+01
2.059999998474120986e+01
2.059999993896484227e+01
2.180000003051757673e+01
2.240000001525879014e+01
2.100000000000000000e+01
2.119999989318847611e+01
2.299999989318847682e+01
2.379999996948242114e+01
2.299999987792968881e+01
2.119999987792968810e+01
2.479999986267089795e+01
2.639999986267089938e+01
2.439999996948242256e+01
2.200000003051757957e+01
2.279999989318847753e+01
2.459999993896484227e+01
2.359999986267089866e+01
2.279999989318847753e+01
2.459999989318847824e+01
2.560000003051757744e+01
2.539999987792968739e+01
2.579999975585937477e+01
2.499999990844726483e+01
2.599999984741210923e+01
