0.000000000000000000e+00
0.000000000000000000e+00
0.000000000000000000e+00
2.199999994277954229e+00
2.579999995422363313e+01
1.499999997711181621e+01
5.999999999999999778e-01
3.599999988555908192e+00
1.699999989318847682e+01
3.779999978637695079e+01
2.399999994277953963e+00
1.239999992370605497e+01
1.519999992370605391e+01
4.000000000000000222e-01
2.199999994277954229e+00
4.599999988555908637e+00
4.199999977111816385e+00
2.200000000000000178e+00
8.399999977111816563e+00
3.039999996948242256e+01
1.799999986267089724e+01
8.599999946594238054e+00
1.319999994659423770e+01
8.000000007629394005e+00
2.239999989318847540e+01
2.000000000000000000e+00
6.599999984741210746e+00
4.799999988555907926e+00
6.399999988555908459e+00
2.599999994277954141e+00
6.200000015258789077e+00
4.800000007629394716e+00
1.539999995422363277e+01
4.200000007629394183e+00
1.079999994659423912e+01
3.039999996948242256e+01
5.159999996948242540e+01
8.199999977111817273e+00
8.800000007629394716e+00
1.979999993896484511e+01
9.199999977111817273e+00
1.039999994659423876e+01
1.019999994659423770e+01
9.599999999999999645e+00
5.319999990844726767e+01
6.599999988555908637e+00
5.999999988555908104e+00
1.199999997711181621e+01
7.799999988555907926e+00
1.220000001525878908e+01
1.259999998474121163e+01
6.600000015258789432e+00
3.600000000000000089e+00
1.200000001525878979e+01
7.799999988555907926e+00
8.600000007629393650e+00
4.400000007629394361e+00
4.999999977111816207e+00
1.299999995422363241e+01
1.859999989318847824e+01
9.399999946594238764e+00
8.799999946594239120e+00
8.999999988555908104e+00
7.599999923706054261e+00
4.999999977111816207e+00
9.999999923706054616e+00
1.459999989318847646e+01
5.199999977111816385e+00
1.400000001525878979e+01
6.799999977111816030e+00
8.400000007629394361e+00
1.199999998474121021e+01
1.179999997711181692e+01
1.939999995422363455e+01
5.600000015258789432e+00
6.800000015258788721e+00
8.800000007629394716e+00
3.039999996948242256e+01
1.039999989318847717e+01
3.200000007629394627e+00
1.219999994659423770e+01
8.999999946594238409e+00
1.239999997711181656e+01
9.800000015258788721e+00
1.120000001525878908e+01
1.059999997711181585e+01
1.119999997711181727e+01
9.799999994277953874e+00
1.059999998855590775e+01
9.599999946594238054e+00
1.019999994659423770e+01
1.039999997711181656e+01
9.799999946594239120e+00
1.059999997711181585e+01
9.599999984741211634e+00
1.039999994659423876e+01
1.059999998855590775e+01
1.139999995422363277e+01
1.039999998855590846e+01
1.060000001525878943e+01
1.039999994659423876e+01
9.400000015258788366e+00
1.059999997711181585e+01
1.019999998855590739e+01
9.800000015258788721e+00
1.099999998474121021e+01
1.139999994659423876e+01
1.059999998474121163e+01
1.039999995422363277e+01
1.039999986267089760e+01
1.019999994659423770e+01
1.139999998474121057e+01
1.019999994659423770e+01
1.019999992370605391e+01
1.019999995422363348e+01
1.060000000762939365e+01
1.040000000762939436e+01
1.180000000762939472e+01
9.999999977111816207e+00
1.020000001525878908e+01
1.059999998474121163e+01
1.080000001525878872e+01
1.219999995422363348e+01
1.020000001525878908e+01
1.079999997711181692e+01
1.200000001525878979e+01
1.039999998474121057e+01
1.099999998474121021e+01
1.200000001525878979e+01
1.200000001525878979e+01
1.239999995422363277e+01
1.199999994659423841e+01
1.259999992370605426e+01
1.099999994659423841e+01
1.239999995422363277e+01
1.219999994659423770e+01
1.219999992370605391e+01
1.319999998474121128e+01
1.239999997711181656e+01
1.280000001525878872e+01
1.279999989318847575e+01
1.399999989318847682e+01
1.360000000762939365e+01
1.400000001525878979e+01
1.279999995422363313e+01
1.259999994659423805e+01
1.319999997711181727e+01
1.319999998474121128e+01
1.399999989318847682e+01
1.379999995422363313e+01
1.480000001525878872e+01
1.439999989318847717e+01
1.439999994659423876e+01
1.419999998474121128e+01
1.440000001525878837e+01
1.419999995422363348e+01
1.359999986267089866e+01
1.439999994659423876e+01
1.419999997711181727e+01
1.360000001525878943e+01
1.559999992370605426e+01
1.580000003051757851e+01
1.359999998474121163e+01
1.599999992370605462e+01
1.459999986267089866e+01
1.499999992370605462e+01
1.579999986267089795e+01
1.579999998474121092e+01
1.459999997711181585e+01
1.699999998474121199e+01
1.559999999999999964e+01
1.539999994659423876e+01
1.580000000000000071e+01
1.540000001525878837e+01
1.499999995422363241e+01
1.739999986267089938e+01
1.620000001525878730e+01
1.619999998474121128e+01
1.719999986267090009e+01
1.460000001525878943e+01
1.639999989318847540e+01
1.740000003051757815e+01
1.779999998474121270e+01
1.739999986267089938e+01
1.739999992370605497e+01
1.799999989318847682e+01
1.759999994659423805e+01
1.939999998474121057e+01
1.739999998474121057e+01
1.759999995422363384e+01
2.119999989318847611e+01
2.099999989318847682e+01
1.739999994659423876e+01
1.819999989318847611e+01
1.959999989318847824e+01
1.939999995422363455e+01
1.859999992370605426e+01
2.059999995422363384e+01
1.919999996948242327e+01
2.139999986267089938e+01
