0.000000000000000000e+00
2.019999998474121128e+01
1.199999999999999956e+00
9.200000015258789077e+00
3.999999942779540740e-01
4.000000000000000222e-01
0.000000000000000000e+00
3.400000007629394361e+00
4.000000000000000222e-01
3.999999942779540740e-01
1.199999994277954007e+00
2.599999996948242043e+01
2.979999990844726554e+01
1.600000000000000089e+00
1.000000000000000000e+00
2.679999996948242114e+01
2.280000000000000071e+01
8.799999977111816918e+00
5.799999946594238232e+00
8.799999954223633125e+00
6.400000015258789254e+00
6.200000007629394183e+00
3.519999972534179733e+01
5.599999946594238054e+00
1.800000000000000044e+00
2.999999994277954052e+00
1.619999994659423947e+01
2.799999996948242043e+01
3.800000007629394716e+00
3.859999978637695506e+01
6.399999988555908459e+00
9.799999984741210923e+00
2.299999986267089724e+01
2.799999999999999822e+00
1.719999989318847611e+01
1.999999994277954052e+00
6.000000015258788899e+00
2.399999988555908015e+00
2.199999994277954229e+00
8.600000015258789432e+00
2.399999988555908015e+00
3.819999984741210852e+01
4.399999977111816563e+00
2.000000000000000111e-01
4.599999994277953697e+00
9.999999885559082147e-01
7.399999977111816563e+00
1.599999994277954141e+00
1.139999995422363277e+01
3.400000007629394361e+00
1.399999999999999911e+00
1.259999995422363206e+01
5.599999988555908637e+00
1.099999994659423841e+01
8.599999977111815852e+00
6.999999946594238409e+00
7.000000007629394894e+00
1.400000001525878979e+01
1.060000001525878943e+01
1.019999998474121128e+01
1.479999992370605533e+01
4.200000007629394183e+00
9.999999988555908104e+00
7.200000015258789077e+00
3.400000007629394361e+00
5.099999975585937761e+01
5.060000006103515346e+01
8.199999946594237699e+00
7.199999988555908281e+00
3.399999996948242398e+01
7.500000000000000000e+01
7.999999977111816207e+00
9.599999954223632059e+00
6.200000000000000178e+00
2.399999999999999911e+00
1.339999995422363277e+01
8.600000015258789432e+00
5.599999977111816740e+00
1.699999986267089724e+01
4.519999969482422131e+01
1.399999998474121021e+01
3.399999988555908015e+00
9.799999984741210923e+00
9.599999994277954585e+00
9.999999977111816207e+00
8.599999946594238054e+00
9.999999954223632415e+00
8.999999984741210213e+00
9.399999954223632770e+00
1.040000001525878837e+01
9.399999988555908459e+00
1.019999994659423770e+01
9.599999984741211634e+00
8.800000015258788721e+00
9.199999977111817273e+00
1.000000001525878979e+01
1.079999994659423912e+01
8.799999946594239120e+00
9.199999946594237699e+00
8.599999988555907748e+00
9.599999988555907748e+00
9.799999946594239120e+00
1.019999994659423770e+01
8.799999988555908814e+00
9.399999984741210568e+00
1.119999997711181727e+01
9.599999988555907748e+00
9.600000007629393650e+00
8.399999977111816563e+00
8.999999977111816207e+00
9.800000015258788721e+00
9.199999999999999289e+00
9.399999988555908459e+00
9.199999984741211279e+00
1.059999994659423805e+01
9.400000015258788366e+00
1.020000000762939507e+01
9.199999946594237699e+00
9.399999946594238764e+00
9.000000007629394005e+00
8.999999946594238409e+00
9.200000007629395071e+00
1.040000001525878837e+01
1.019999999427795423e+01
8.600000015258789432e+00
8.600000015258789432e+00
1.019999994659423770e+01
1.059999997711181585e+01
9.199999988555907393e+00
1.000000001525878979e+01
1.020000001525878908e+01
9.199999984741211279e+00
1.000000000762939401e+01
9.999999893188476818e+00
1.099999994659423841e+01
9.199999946594237699e+00
9.799999923706055327e+00
1.100000001525878979e+01
1.079999989318847575e+01
1.019999998855590739e+01
1.039999997711181656e+01
1.139999986267089760e+01
1.079999997711181692e+01
1.099999994659423841e+01
1.219999994659423770e+01
1.119999994659423770e+01
1.079999997711181692e+01
1.159999994659423805e+01
1.299999998474121021e+01
1.279999998474121092e+01
1.019999995422363348e+01
1.279999998474121092e+01
1.260000001525878943e+01
1.359999998474121163e+01
1.219999998474121128e+01
1.260000001525878943e+01
1.400000001525878979e+01
1.359999997711181585e+01
1.479999995422363313e+01
1.239999998474121057e+01
1.379999995422363313e+01
1.379999998474121092e+01
1.419999994659423770e+01
1.299999998474121021e+01
1.539999995422363277e+01
1.559999989318847646e+01
1.440000001525878837e+01
1.479999995422363313e+01
1.699999998474121199e+01
1.660000000000000142e+01
1.500000001525878979e+01
1.739999986267089938e+01
1.799999995422363241e+01
1.619999998474121128e+01
1.679999994659423734e+01
1.819999999999999929e+01
1.739999995422363455e+01
1.880000003051757673e+01
1.760000003051757744e+01
1.879999986267089795e+01
1.859999989318847824e+01
1.919999992370605568e+01
1.839999992370605497e+01
1.979999992370605355e+01
1.819999986267090009e+01
1.519999995422363348e+01
2.059999992370605426e+01
1.919999997711181550e+01
2.000000003051757957e+01
1.919999998474121128e+01
1.980000000000000071e+01
1.999999995422363241e+01
2.139999987792968739e+01
1.939999986267089938e+01
2.059999990844726625e+01
1.739999992370605497e+01
2.139999992370605497e+01
2.059999993896484227e+01
2.020000001525878730e+01
1.919999992370605568e+01
