7.019999969482421420e+01
4.919999972534179733e+01
7.640000000000000568e+01
6.839999975585936909e+01
3.699999987792968881e+01
4.299999981689452966e+01
5.560000000000000142e+01
3.399999990844726483e+01
3.899999978637695364e+01
8.099999993896484796e+01
3.060000000000000142e+01
6.199999987792968881e+01
2.459999986267089866e+01
6.019999993896484369e+01
6.399999977111816563e+00
4.159999981689453108e+01
1.819999998474121128e+01
2.799999996948242043e+01
3.599999981689452966e+01
2.679999993896484511e+01
4.700000003051757602e+01
6.839999975585936909e+01
3.859999984741210710e+01
3.719999984741210852e+01
3.599999981689452966e+01
1.719999992370605568e+01
3.419999987792968454e+01
6.839999975585936909e+01
6.379999981689453392e+01
7.019999969482421420e+01
2.480000003051757673e+01
3.439999984741211136e+01
3.419999987792968454e+01
6.819999978637694937e+01
5.179999993896484511e+01
2.979999990844726554e+01
4.700000003051757602e+01
3.479999978637695079e+01
2.500000000000000000e+01
5.919999987792968454e+01
1.879999989318847753e+01
1.679999998474121270e+01
5.779999987792968597e+01
3.579999984741210994e+01
1.559999995422363206e+01
6.679999978637695790e+01
2.659999996948242185e+01
4.499999972534179449e+01
7.159999969482421989e+01
2.340000003051757815e+01
1.079999994659423912e+01
3.539999990844726341e+01
5.579999996948242114e+01
1.879999989318847753e+01
4.199999975585937761e+01
6.379999981689453392e+01
3.919999975585937335e+01
2.679999993896484511e+01
3.699999987792968881e+01
3.399999990844726483e+01
2.179999986267089795e+01
3.579999984741210994e+01
6.200000007629394183e+00
3.759999978637695506e+01
1.399999998474121021e+01
2.480000003051757673e+01
2.979999990844726554e+01
1.999999992370605639e+01
2.819999993896484369e+01
5.779999987792968597e+01
4.860000000000000142e+01
3.259999990844726625e+01
2.639999999999999858e+01
5.619999990844726767e+01
2.139999992370605497e+01
2.179999986267089795e+01
2.939999996948242256e+01
3.419999987792968454e+01
4.219999972534179733e+01
4.639999972534180017e+01
3.759999978637695506e+01
3.759999978637695506e+01
2.659999996948242185e+01
2.500000000000000000e+01
2.500000000000000000e+01
2.019999989318847611e+01
2.019999989318847611e+01
2.500000000000000000e+01
2.659999996948242185e+01
2.340000003051757815e+01
2.179999986267089795e+01
2.500000000000000000e+01
2.959999993896484227e+01
2.659999996948242185e+01
2.500000000000000000e+01
2.500000000000000000e+01
2.659999996948242185e+01
2.340000003051757815e+01
2.500000000000000000e+01
2.659999996948242185e+01
2.179999986267089795e+01
2.659999996948242185e+01
2.659999996948242185e+01
2.500000000000000000e+01
2.500000000000000000e+01
2.500000000000000000e+01
2.340000003051757815e+01
2.340000003051757815e+01
2.500000000000000000e+01
2.500000000000000000e+01
2.659999996948242185e+01
2.659999996948242185e+01
2.179999986267089795e+01
2.179999986267089795e+01
2.659999996948242185e+01
2.500000000000000000e+01
2.340000003051757815e+01
2.659999996948242185e+01
2.500000000000000000e+01
2.500000000000000000e+01
2.659999996948242185e+01
2.500000000000000000e+01
2.799999996948242043e+01
2.340000003051757815e+01
2.179999986267089795e+01
2.340000003051757815e+01
2.340000003051757815e+01
2.340000003051757815e+01
2.639999999999999858e+01
2.179999986267089795e+01
2.340000003051757815e+01
2.340000003051757815e+01
2.179999986267089795e+01
2.340000003051757815e+01
2.340000003051757815e+01
2.179999986267089795e+01
2.179999986267089795e+01
2.340000003051757815e+01
2.179999986267089795e+01
2.340000003051757815e+01
2.179999986267089795e+01
2.340000003051757815e+01
2.500000000000000000e+01
2.500000000000000000e+01
2.179999986267089795e+01
2.500000000000000000e+01
2.500000000000000000e+01
2.179999986267089795e+01
2.340000003051757815e+01
2.500000000000000000e+01
2.179999986267089795e+01
2.500000000000000000e+01
2.340000003051757815e+01
2.179999986267089795e+01
2.500000000000000000e+01
2.500000000000000000e+01
2.340000003051757815e+01
2.340000003051757815e+01
2.500000000000000000e+01
2.340000003051757815e+01
2.340000003051757815e+01
2.500000000000000000e+01
2.179999986267089795e+01
2.340000003051757815e+01
2.179999986267089795e+01
2.179999986267089795e+01
2.179999986267089795e+01
2.500000000000000000e+01
2.340000003051757815e+01
2.500000000000000000e+01
2.340000003051757815e+01
2.179999986267089795e+01
2.500000000000000000e+01
2.500000000000000000e+01
2.179999986267089795e+01
2.340000003051757815e+01
2.340000003051757815e+01
2.179999986267089795e+01
2.500000000000000000e+01
2.179999986267089795e+01
2.179999986267089795e+01
2.500000000000000000e+01
2.500000000000000000e+01
2.179999986267089795e+01
2.340000003051757815e+01
2.340000003051757815e+01
2.179999986267089795e+01
2.340000003051757815e+01
2.340000003051757815e+01
2.340000003051757815e+01
2.500000000000000000e+01
2.340000003051757815e+01
2.179999986267089795e+01
2.500000000000000000e+01
2.500000000000000000e+01
2.340000003051757815e+01
2.500000000000000000e+01
2.500000000000000000e+01
2.179999986267089795e+01
2.500000000000000000e+01
