3.839999987792968739e+01
4.599999978637695364e+01
3.259999990844726625e+01
6.379999981689453392e+01
5.120000003051757886e+01
1.699999995422363241e+01
6.019999993896484369e+01
3.060000000000000142e+01
0.000000000000000000e+00
7.460000006103516057e+01
2.659999996948242185e+01
1.599999994277954141e+00
6.039999990844726341e+01
3.999999984741211279e+01
1.240000001525878837e+01
5.299999996948242398e+01
7.159999969482421989e+01
1.599999994277954141e+00
5.139999999999999858e+01
2.999999994277954052e+00
6.200000007629394183e+00
6.679999978637695790e+01
7.799999977111816030e+00
9.199999977111817273e+00
4.039999978637695222e+01
2.799999996948242043e+01
1.219999994659423770e+01
5.139999999999999858e+01
0.000000000000000000e+00
9.399999946594238764e+00
6.079999984741210994e+01
4.199999975585937761e+01
3.079999996948242114e+01
4.039999978637695222e+01
3.139999987792968739e+01
1.520000001525878908e+01
4.179999978637695079e+01
1.679999998474121270e+01
2.319999986267090009e+01
4.379999969482421562e+01
9.199999977111817273e+00
1.219999994659423770e+01
6.039999990844726341e+01
2.919999999999999929e+01
2.480000003051757673e+01
5.779999987792968597e+01
6.200000007629394183e+00
2.500000000000000000e+01
2.340000003051757815e+01
4.980000003051758029e+01
1.879999989318847753e+01
3.899999978637695364e+01
2.480000003051757673e+01
4.980000003051758029e+01
7.159999969482421989e+01
4.079999972534179875e+01
1.219999994659423770e+01
4.680000006103515631e+01
3.559999987792969023e+01
2.780000000000000071e+01
2.480000003051757673e+01
2.480000003051757673e+01
1.399999998474121021e+01
4.479999975585937477e+01
4.319999978637695648e+01
7.399999988555908459e+00
4.379999969482421562e+01
2.760000003051757744e+01
7.799999977111816030e+00
2.799999996948242043e+01
7.799999977111816030e+00
2.599999986267089724e+01
6.219999984741210852e+01
5.799999994277953874e+00
1.240000001525878837e+01
3.719999984741210852e+01
5.919999987792968454e+01
2.480000003051757673e+01
7.000000012207031830e+01
3.099999993896484440e+01
3.899999978637695364e+01
3.259999990844726625e+01
2.939999996948242256e+01
3.099999993896484440e+01
2.319999986267090009e+01
3.099999993896484440e+01
2.939999996948242256e+01
2.179999986267089795e+01
2.780000000000000071e+01
2.620000003051757886e+01
2.159999989318847824e+01
3.259999990844726625e+01
3.099999993896484440e+01
2.639999999999999858e+01
2.480000003051757673e+01
3.099999993896484440e+01
2.480000003051757673e+01
2.939999996948242256e+01
2.939999996948242256e+01
2.639999999999999858e+01
2.939999996948242256e+01
2.480000003051757673e+01
2.639999999999999858e+01
2.780000000000000071e+01
3.259999990844726625e+01
2.799999996948242043e+01
3.259999990844726625e+01
2.780000000000000071e+01
2.639999999999999858e+01
2.620000003051757886e+01
2.780000000000000071e+01
2.480000003051757673e+01
2.459999986267089866e+01
2.620000003051757886e+01
2.480000003051757673e+01
2.780000000000000071e+01
2.620000003051757886e+01
2.780000000000000071e+01
2.780000000000000071e+01
2.480000003051757673e+01
2.179999986267089795e+01
2.780000000000000071e+01
2.620000003051757886e+01
2.179999986267089795e+01
2.319999986267090009e+01
2.620000003051757886e+01
1.859999992370605426e+01
2.780000000000000071e+01
2.620000003051757886e+01
2.179999986267089795e+01
2.620000003051757886e+01
2.620000003051757886e+01
2.319999986267090009e+01
2.620000003051757886e+01
2.620000003051757886e+01
2.179999986267089795e+01
2.620000003051757886e+01
2.620000003051757886e+01
2.019999989318847611e+01
2.620000003051757886e+01
2.620000003051757886e+01
2.179999986267089795e+01
2.620000003051757886e+01
2.620000003051757886e+01
2.179999986267089795e+01
2.620000003051757886e+01
2.620000003051757886e+01
2.019999989318847611e+01
2.620000003051757886e+01
2.620000003051757886e+01
1.859999992370605426e+01
2.620000003051757886e+01
2.620000003051757886e+01
2.179999986267089795e+01
2.620000003051757886e+01
2.620000003051757886e+01
2.019999989318847611e+01
2.620000003051757886e+01
2.620000003051757886e+01
2.179999986267089795e+01
2.620000003051757886e+01
2.620000003051757886e+01
2.019999989318847611e+01
2.780000000000000071e+01
2.780000000000000071e+01
2.179999986267089795e+01
2.780000000000000071e+01
2.620000003051757886e+01
2.179999986267089795e+01
2.620000003051757886e+01
2.620000003051757886e+01
2.179999986267089795e+01
2.620000003051757886e+01
2.780000000000000071e+01
2.179999986267089795e+01
2.620000003051757886e+01
2.620000003051757886e+01
2.179999986267089795e+01
2.620000003051757886e+01
2.620000003051757886e+01
2.179999986267089795e+01
2.620000003051757886e+01
2.620000003051757886e+01
2.019999989318847611e+01
2.620000003051757886e+01
2.620000003051757886e+01
2.179999986267089795e+01
2.620000003051757886e+01
2.480000003051757673e+01
2.179999986267089795e+01
2.620000003051757886e+01
2.620000003051757886e+01
2.179999986267089795e+01
2.620000003051757886e+01
2.620000003051757886e+01
2.019999989318847611e+01
2.620000003051757886e+01
2.620000003051757886e+01
2.019999989318847611e+01
2.480000003051757673e+01
