9.199999977111817273e+00
2.299999989318847682e+01
5.120000003051757886e+01
4.639999972534180017e+01
1.699999995422363241e+01
3.219999996948241971e+01
4.820000006103515489e+01
2.279999992370605355e+01
2.119999995422363170e+01
2.739999986267089938e+01
4.019999981689453250e+01
3.539999990844726341e+01
1.999999992370605639e+01
4.659999969482421989e+01
1.399999998474121021e+01
1.679999998474121270e+01
2.780000000000000071e+01
1.059999997711181585e+01
1.240000001525878837e+01
1.380000001525878872e+01
4.399999994277954407e+00
4.179999978637695079e+01
1.539999998474121057e+01
1.240000001525878837e+01
1.399999998474121021e+01
2.139999992370605497e+01
7.799999977111816030e+00
2.620000003051757886e+01
2.159999989318847824e+01
1.679999998474121270e+01
7.799999977111816030e+00
1.419999995422363348e+01
1.059999997711181585e+01
2.500000000000000000e+01
2.959999993896484227e+01
1.839999995422363455e+01
2.319999986267090009e+01
1.719999992370605568e+01
4.219999972534179733e+01
2.340000003051757815e+01
1.539999998474121057e+01
9.000000007629394005e+00
9.399999946594238764e+00
3.099999993896484440e+01
2.959999993896484227e+01
1.719999992370605568e+01
3.119999990844726412e+01
1.240000001525878837e+01
2.179999986267089795e+01
2.799999996948242043e+01
2.019999989318847611e+01
3.459999981689453108e+01
1.699999995422363241e+01
1.079999994659423912e+01
4.400000006103515915e+01
1.699999995422363241e+01
1.419999995422363348e+01
2.799999996948242043e+01
2.620000003051757886e+01
1.399999998474121021e+01
2.500000000000000000e+01
1.559999995422363206e+01
1.219999994659423770e+01
2.039999986267089938e+01
1.719999992370605568e+01
1.399999998474121021e+01
1.520000001525878908e+01
2.480000003051757673e+01
5.779999987792968597e+01
1.859999992370605426e+01
4.179999978637695079e+01
1.539999998474121057e+01
1.699999995422363241e+01
1.399999998474121021e+01
3.119999990844726412e+01
2.179999986267089795e+01
1.839999995422363455e+01
2.459999986267089866e+01
1.359999994659423805e+01
2.819999993896484369e+01
2.480000003051757673e+01
2.299999989318847682e+01
1.380000001525878872e+01
1.859999992370605426e+01
2.500000000000000000e+01
3.139999987792968739e+01
2.500000000000000000e+01
2.979999990844726554e+01
2.659999996948242185e+01
2.019999989318847611e+01
2.179999986267089795e+01
2.819999993896484369e+01
2.340000003051757815e+01
2.819999993896484369e+01
2.500000000000000000e+01
2.340000003051757815e+01
2.340000003051757815e+01
2.340000003051757815e+01
2.500000000000000000e+01
2.500000000000000000e+01
2.340000003051757815e+01
2.340000003051757815e+01
2.340000003051757815e+01
2.500000000000000000e+01
2.340000003051757815e+01
2.340000003051757815e+01
2.659999996948242185e+01
2.659999996948242185e+01
2.340000003051757815e+01
2.659999996948242185e+01
2.340000003051757815e+01
2.019999989318847611e+01
2.500000000000000000e+01
2.019999989318847611e+01
2.179999986267089795e+01
2.019999989318847611e+01
2.179999986267089795e+01
2.179999986267089795e+01
2.979999990844726554e+01
1.859999992370605426e+01
2.340000003051757815e+01
2.500000000000000000e+01
2.019999989318847611e+01
2.179999986267089795e+01
2.019999989318847611e+01
2.179999986267089795e+01
2.340000003051757815e+01
2.500000000000000000e+01
2.659999996948242185e+01
2.179999986267089795e+01
2.500000000000000000e+01
2.179999986267089795e+01
2.340000003051757815e+01
2.340000003051757815e+01
2.179999986267089795e+01
2.500000000000000000e+01
2.340000003051757815e+01
2.659999996948242185e+01
2.179999986267089795e+01
2.179999986267089795e+01
2.019999989318847611e+01
2.340000003051757815e+01
2.340000003051757815e+01
2.340000003051757815e+01
2.179999986267089795e+01
2.179999986267089795e+01
2.500000000000000000e+01
2.179999986267089795e+01
2.179999986267089795e+01
2.179999986267089795e+01
2.340000003051757815e+01
2.179999986267089795e+01
2.500000000000000000e+01
2.179999986267089795e+01
2.179999986267089795e+01
2.500000000000000000e+01
2.179999986267089795e+01
2.179999986267089795e+01
2.340000003051757815e+01
2.340000003051757815e+01
2.179999986267089795e+01
2.340000003051757815e+01
2.179999986267089795e+01
2.340000003051757815e+01
2.179999986267089795e+01
2.659999996948242185e+01
2.659999996948242185e+01
2.179999986267089795e+01
2.179999986267089795e+01
2.179999986267089795e+01
2.179999986267089795e+01
2.179999986267089795e+01
2.179999986267089795e+01
2.179999986267089795e+01
2.179999986267089795e+01
2.340000003051757815e+01
2.179999986267089795e+01
2.179999986267089795e+01
2.179999986267089795e+01
2.500000000000000000e+01
2.179999986267089795e+01
2.340000003051757815e+01
2.659999996948242185e+01
2.500000000000000000e+01
2.179999986267089795e+01
2.500000000000000000e+01
2.500000000000000000e+01
2.340000003051757815e+01
2.500000000000000000e+01
2.500000000000000000e+01
2.500000000000000000e+01
2.179999986267089795e+01
2.179999986267089795e+01
2.500000000000000000e+01
2.340000003051757815e+01
2.179999986267089795e+01
2.179999986267089795e+01
2.179999986267089795e+01
2.340000003051757815e+01
2.500000000000000000e+01
