0.000000000000000000e+00
0.000000000000000000e+00
1.100000000000000000e+01
1.109999999999999964e+01
1.059999999999999964e+01
9.859999999999999432e+01
9.920000000000000284e+01
1.000000000000000000e+02
1.000000000000000000e+02
9.950000000000000000e+01
9.990000000000000568e+01
1.000000000000000000e+02
9.990000000000000568e+01
1.000000000000000000e+02
1.000000000000000000e+02
1.000000000000000000e+02
1.000000000000000000e+02
1.000000000000000000e+02
1.000000000000000000e+02
1.000000000000000000e+02
9.990000000000000568e+01
9.990000000000000568e+01
1.000000000000000000e+02
1.000000000000000000e+02
1.000000000000000000e+02
1.000000000000000000e+02
1.000000000000000000e+02
1.000000000000000000e+02
1.000000000000000000e+02
1.000000000000000000e+02
1.000000000000000000e+02
1.000000000000000000e+02
1.000000000000000000e+02
1.000000000000000000e+02
1.000000000000000000e+02
1.000000000000000000e+02
1.000000000000000000e+02
1.000000000000000000e+02
1.000000000000000000e+02
1.000000000000000000e+02
