0.000000000000000000e+00
0.000000000000000000e+00
9.099999999999999645e+00
8.000000000000000000e+00
8.199999999999999289e+00
8.300000000000000711e+00
1.789999999999999858e+01
5.320000000000000284e+01
6.540000000000000568e+01
7.279999999999999716e+01
9.600000000000000000e+01
8.540000000000000568e+01
9.509999999999999432e+01
9.479999999999999716e+01
1.000000000000000000e+02
1.000000000000000000e+02
9.959999999999999432e+01
1.000000000000000000e+02
1.000000000000000000e+02
1.000000000000000000e+02
9.990000000000000568e+01
9.979999999999999716e+01
9.979999999999999716e+01
9.979999999999999716e+01
9.979999999999999716e+01
1.000000000000000000e+02
1.000000000000000000e+02
9.990000000000000568e+01
9.990000000000000568e+01
9.990000000000000568e+01
9.990000000000000568e+01
9.990000000000000568e+01
9.990000000000000568e+01
9.990000000000000568e+01
9.979999999999999716e+01
9.990000000000000568e+01
9.990000000000000568e+01
9.990000000000000568e+01
9.990000000000000568e+01
9.990000000000000568e+01
