0.000000000000000000e+00
2.299999999999999822e+00
1.080000000000000071e+01
8.699999999999999289e+00
9.300000000000000711e+00
9.099999999999999645e+00
1.109999999999999964e+01
1.910000000000000142e+01
3.520000000000000284e+01
4.420000000000000284e+01
8.379999999999999716e+01
6.260000000000000142e+01
9.279999999999999716e+01
9.350000000000000000e+01
9.940000000000000568e+01
9.850000000000000000e+01
9.829999999999999716e+01
9.970000000000000284e+01
9.979999999999999716e+01
9.990000000000000568e+01
9.990000000000000568e+01
9.990000000000000568e+01
9.990000000000000568e+01
9.990000000000000568e+01
9.990000000000000568e+01
1.000000000000000000e+02
1.000000000000000000e+02
1.000000000000000000e+02
1.000000000000000000e+02
1.000000000000000000e+02
1.000000000000000000e+02
1.000000000000000000e+02
1.000000000000000000e+02
1.000000000000000000e+02
1.000000000000000000e+02
1.000000000000000000e+02
1.000000000000000000e+02
1.000000000000000000e+02
1.000000000000000000e+02
1.000000000000000000e+02
