0.000000000000000000e+00
1.550000000000000000e+01
1.050000000000000000e+01
1.050000000000000000e+01
1.100000000000000000e+01
1.069999999999999929e+01
2.380000000000000071e+01
4.579999999999999716e+01
5.900000000000000000e+01
7.829999999999999716e+01
8.990000000000000568e+01
9.379999999999999716e+01
9.679999999999999716e+01
9.700000000000000000e+01
9.800000000000000000e+01
9.690000000000000568e+01
9.970000000000000284e+01
9.990000000000000568e+01
9.979999999999999716e+01
9.979999999999999716e+01
9.979999999999999716e+01
9.979999999999999716e+01
9.979999999999999716e+01
9.979999999999999716e+01
9.979999999999999716e+01
9.979999999999999716e+01
9.979999999999999716e+01
9.979999999999999716e+01
9.979999999999999716e+01
9.979999999999999716e+01
9.979999999999999716e+01
9.979999999999999716e+01
9.990000000000000568e+01
9.990000000000000568e+01
9.979999999999999716e+01
9.990000000000000568e+01
9.990000000000000568e+01
9.990000000000000568e+01
9.990000000000000568e+01
9.990000000000000568e+01
