0.000000000000000000e+00
0.000000000000000000e+00
1.169999999999999929e+01
1.169999999999999929e+01
1.150000000000000000e+01
1.140000000000000036e+01
1.359999999999999964e+01
1.760000000000000142e+01
1.839999999999999858e+01
3.329999999999999716e+01
5.229999999999999716e+01
5.870000000000000284e+01
6.520000000000000284e+01
8.320000000000000284e+01
8.640000000000000568e+01
8.920000000000000284e+01
9.650000000000000000e+01
9.970000000000000284e+01
9.959999999999999432e+01
9.970000000000000284e+01
9.970000000000000284e+01
9.970000000000000284e+01
9.970000000000000284e+01
9.970000000000000284e+01
9.970000000000000284e+01
9.970000000000000284e+01
9.970000000000000284e+01
9.970000000000000284e+01
9.970000000000000284e+01
9.970000000000000284e+01
9.970000000000000284e+01
9.970000000000000284e+01
9.970000000000000284e+01
9.970000000000000284e+01
9.970000000000000284e+01
9.970000000000000284e+01
9.970000000000000284e+01
9.970000000000000284e+01
9.970000000000000284e+01
9.970000000000000284e+01
