0.000000000000000000e+00
1.059999999999999964e+01
1.050000000000000000e+01
1.059999999999999964e+01
1.050000000000000000e+01
1.050000000000000000e+01
1.180000000000000071e+01
1.490000000000000036e+01
2.560000000000000142e+01
4.100000000000000000e+01
6.229999999999999716e+01
7.879999999999999716e+01
8.870000000000000284e+01
9.020000000000000284e+01
9.170000000000000284e+01
9.690000000000000568e+01
9.659999999999999432e+01
9.990000000000000568e+01
1.000000000000000000e+02
1.000000000000000000e+02
1.000000000000000000e+02
1.000000000000000000e+02
1.000000000000000000e+02
1.000000000000000000e+02
1.000000000000000000e+02
1.000000000000000000e+02
1.000000000000000000e+02
1.000000000000000000e+02
1.000000000000000000e+02
1.000000000000000000e+02
1.000000000000000000e+02
1.000000000000000000e+02
1.000000000000000000e+02
1.000000000000000000e+02
1.000000000000000000e+02
1.000000000000000000e+02
1.000000000000000000e+02
1.000000000000000000e+02
1.000000000000000000e+02
1.000000000000000000e+02
