0.000000000000000000e+00
0.000000000000000000e+00
9.699999999999999289e+00
9.400000000000000355e+00
9.099999999999999645e+00
9.800000000000000711e+00
1.259999999999999964e+01
1.850000000000000000e+01
3.670000000000000284e+01
5.989999999999999858e+01
7.940000000000000568e+01
8.090000000000000568e+01
9.520000000000000284e+01
9.900000000000000000e+01
9.129999999999999716e+01
9.909999999999999432e+01
9.840000000000000568e+01
9.940000000000000568e+01
9.990000000000000568e+01
9.959999999999999432e+01
9.959999999999999432e+01
9.959999999999999432e+01
9.970000000000000284e+01
9.959999999999999432e+01
9.970000000000000284e+01
1.000000000000000000e+02
1.000000000000000000e+02
1.000000000000000000e+02
1.000000000000000000e+02
1.000000000000000000e+02
1.000000000000000000e+02
1.000000000000000000e+02
1.000000000000000000e+02
1.000000000000000000e+02
1.000000000000000000e+02
1.000000000000000000e+02
1.000000000000000000e+02
1.000000000000000000e+02
1.000000000000000000e+02
1.000000000000000000e+02
