0.000000000000000000e+00
0.000000000000000000e+00
0.000000000000000000e+00
0.000000000000000000e+00
0.000000000000000000e+00
1.100000000000000089e+00
7.799999999999999822e+00
1.159999999999999964e+01
1.090000000000000036e+01
1.059999999999999964e+01
1.080000000000000071e+01
1.059999999999999964e+01
1.100000000000000000e+01
1.090000000000000036e+01
1.050000000000000000e+01
1.050000000000000000e+01
1.059999999999999964e+01
1.019999999999999929e+01
1.030000000000000071e+01
1.040000000000000036e+01
1.059999999999999964e+01
1.040000000000000036e+01
1.080000000000000071e+01
1.030000000000000071e+01
1.019999999999999929e+01
1.019999999999999929e+01
1.000000000000000000e+01
1.030000000000000071e+01
1.030000000000000071e+01
1.040000000000000036e+01
1.019999999999999929e+01
1.040000000000000036e+01
1.050000000000000000e+01
1.030000000000000071e+01
1.000000000000000000e+01
1.050000000000000000e+01
1.030000000000000071e+01
1.030000000000000071e+01
9.300000000000000711e+00
1.030000000000000071e+01
1.030000000000000071e+01
1.040000000000000036e+01
1.030000000000000071e+01
1.019999999999999929e+01
8.000000000000000000e+00
1.040000000000000036e+01
1.019999999999999929e+01
1.040000000000000036e+01
1.030000000000000071e+01
1.030000000000000071e+01
1.040000000000000036e+01
1.019999999999999929e+01
1.030000000000000071e+01
1.019999999999999929e+01
1.030000000000000071e+01
1.030000000000000071e+01
1.030000000000000071e+01
1.030000000000000071e+01
9.900000000000000355e+00
1.030000000000000071e+01
1.030000000000000071e+01
1.030000000000000071e+01
1.030000000000000071e+01
1.030000000000000071e+01
1.030000000000000071e+01
1.030000000000000071e+01
1.030000000000000071e+01
1.030000000000000071e+01
1.040000000000000036e+01
1.030000000000000071e+01
1.019999999999999929e+01
1.080000000000000071e+01
1.040000000000000036e+01
1.030000000000000071e+01
1.030000000000000071e+01
1.030000000000000071e+01
1.030000000000000071e+01
1.030000000000000071e+01
1.030000000000000071e+01
1.030000000000000071e+01
1.030000000000000071e+01
1.030000000000000071e+01
1.030000000000000071e+01
1.030000000000000071e+01
1.030000000000000071e+01
1.030000000000000071e+01
1.030000000000000071e+01
1.030000000000000071e+01
1.030000000000000071e+01
1.030000000000000071e+01
1.030000000000000071e+01
1.030000000000000071e+01
1.030000000000000071e+01
1.030000000000000071e+01
1.030000000000000071e+01
1.030000000000000071e+01
1.030000000000000071e+01
1.030000000000000071e+01
1.030000000000000071e+01
1.030000000000000071e+01
1.030000000000000071e+01
1.030000000000000071e+01
1.030000000000000071e+01
1.030000000000000071e+01
1.030000000000000071e+01
1.030000000000000071e+01
1.030000000000000071e+01
1.030000000000000071e+01
1.030000000000000071e+01
1.030000000000000071e+01
1.030000000000000071e+01
1.030000000000000071e+01
1.030000000000000071e+01
1.030000000000000071e+01
1.030000000000000071e+01
1.030000000000000071e+01
1.030000000000000071e+01
1.030000000000000071e+01
1.030000000000000071e+01
1.030000000000000071e+01
1.030000000000000071e+01
1.030000000000000071e+01
1.030000000000000071e+01
1.030000000000000071e+01
1.030000000000000071e+01
1.030000000000000071e+01
1.030000000000000071e+01
1.030000000000000071e+01
1.030000000000000071e+01
1.030000000000000071e+01
1.030000000000000071e+01
1.030000000000000071e+01
1.030000000000000071e+01
1.030000000000000071e+01
1.030000000000000071e+01
1.030000000000000071e+01
1.030000000000000071e+01
1.030000000000000071e+01
1.030000000000000071e+01
1.030000000000000071e+01
1.030000000000000071e+01
1.030000000000000071e+01
1.030000000000000071e+01
1.030000000000000071e+01
1.030000000000000071e+01
1.030000000000000071e+01
1.030000000000000071e+01
1.030000000000000071e+01
1.030000000000000071e+01
1.030000000000000071e+01
1.030000000000000071e+01
1.030000000000000071e+01
1.030000000000000071e+01
1.030000000000000071e+01
1.030000000000000071e+01
1.030000000000000071e+01
1.030000000000000071e+01
1.030000000000000071e+01
1.030000000000000071e+01
1.030000000000000071e+01
1.030000000000000071e+01
1.030000000000000071e+01
1.030000000000000071e+01
1.030000000000000071e+01
1.030000000000000071e+01
1.030000000000000071e+01
1.030000000000000071e+01
1.030000000000000071e+01
1.030000000000000071e+01
1.030000000000000071e+01
1.030000000000000071e+01
1.030000000000000071e+01
1.030000000000000071e+01
1.030000000000000071e+01
1.030000000000000071e+01
1.030000000000000071e+01
1.030000000000000071e+01
1.030000000000000071e+01
1.030000000000000071e+01
1.030000000000000071e+01
1.030000000000000071e+01
1.030000000000000071e+01
1.030000000000000071e+01
1.030000000000000071e+01
1.030000000000000071e+01
1.030000000000000071e+01
1.030000000000000071e+01
1.030000000000000071e+01
1.030000000000000071e+01
1.030000000000000071e+01
1.030000000000000071e+01
1.030000000000000071e+01
1.030000000000000071e+01
1.030000000000000071e+01
1.030000000000000071e+01
1.030000000000000071e+01
1.030000000000000071e+01
1.030000000000000071e+01
1.030000000000000071e+01
1.030000000000000071e+01
