1.800000007629394494e+00
7.799999994277953874e+00
1.799999988555908148e+00
8.000000000000000444e-01
4.799999946594238232e+00
6.599999946594238054e+00
9.599999988555907748e+00
1.539999992370605497e+01
9.999999942779540518e-01
7.199999977111816385e+00
1.499999998474121021e+01
5.599999988555908637e+00
1.299999998474121021e+01
2.499999998474121199e+01
1.819999996948242327e+01
1.020000000762939507e+01
1.600000000000000089e+00
1.359999986267089866e+01
2.399999994277953963e+00
6.399999984741210568e+00
4.799999994277953874e+00
1.040000000762939436e+01
1.760000003051757744e+01
7.599999946594238054e+00
6.000000007629394894e+00
1.739999992370605497e+01
9.600000007629393650e+00
5.199999946594238587e+00
8.000000007629394005e+00
1.560000001525878943e+01
3.600000000000000089e+00
6.799999994277953874e+00
5.600000007629394538e+00
1.059999992370605426e+01
5.999999988555908104e+00
1.220000000762939507e+01
1.700000001525878801e+01
2.180000003051757673e+01
2.799999999999999822e+00
1.239999992370605497e+01
1.859999994659423805e+01
1.059999994659423805e+01
8.399999946594238764e+00
2.059999989318847824e+01
9.399999946594238764e+00
8.999999984741210213e+00
1.099999994659423841e+01
7.799999977111816030e+00
2.879999987792968597e+01
1.240000001525878837e+01
9.000000007629394005e+00
1.140000001525878837e+01
9.199999946594237699e+00
2.399999999999999911e+00
1.319999995422363348e+01
1.159999995422363206e+01
6.000000015258788899e+00
3.919999987792968454e+01
1.040000000762939436e+01
9.199999946594237699e+00
9.999999994277954940e+00
1.339999998474121057e+01
8.599999946594238054e+00
6.599999977111816740e+00
1.119999994659423770e+01
4.999999977111816207e+00
2.119999999999999929e+01
1.579999995422363313e+01
7.599999994277953697e+00
9.399999984741210568e+00
2.299999996948242043e+01
1.399999995422363241e+01
1.519999989318847611e+01
8.200000007629395071e+00
4.599999977111816740e+00
1.099999992370605462e+01
1.699999995422363241e+01
6.800000007629394716e+00
7.600000007629394538e+00
1.860000003051757744e+01
5.600000007629394538e+00
1.339999995422363277e+01
1.260000001525878943e+01
1.260000000762939365e+01
1.239999994659423876e+01
1.379999995422363313e+01
1.119999994659423770e+01
1.439999995422363277e+01
1.639999992370605497e+01
1.579999998474121092e+01
1.640000003051757815e+01
1.359999992370605426e+01
1.540000001525878837e+01
1.559999994659423805e+01
1.699999989318847682e+01
1.899999995422363241e+01
1.659999989318847824e+01
1.619999996948242327e+01
1.619999992370605568e+01
1.759999998474120986e+01
2.080000001525878872e+01
1.880000001525878872e+01
1.739999986267089938e+01
1.959999998474120986e+01
1.960000000000000142e+01
1.859999986267089866e+01
1.939999986267089938e+01
1.879999994659423734e+01
1.939999989318847540e+01
1.959999989318847824e+01
1.900000003051757957e+01
1.780000000000000071e+01
1.960000001525878943e+01
2.179999996948242114e+01
1.839999995422363455e+01
1.920000001525878730e+01
2.219999999999999929e+01
1.999999998474121199e+01
1.959999998474120986e+01
2.179999989318847753e+01
1.960000000000000142e+01
1.840000001525879014e+01
2.060000003051757744e+01
2.059999992370605426e+01
2.079999986267089795e+01
2.219999998474121128e+01
2.279999996948242114e+01
2.099999986267089724e+01
2.339999993896484298e+01
2.459999995422363384e+01
2.379999987792968597e+01
2.420000003051757886e+01
2.440000003051757815e+01
2.859999993896484227e+01
2.759999981689453108e+01
2.519999981689453250e+01
2.619999984741210852e+01
3.039999996948242256e+01
2.779999981689453037e+01
2.999999990844726483e+01
2.900000003051757957e+01
3.199999996948242043e+01
3.079999993896484511e+01
3.119999984741210852e+01
3.159999990844726625e+01
2.760000003051757744e+01
3.299999984741211279e+01
3.359999975585937193e+01
3.059999996948242185e+01
3.179999981689453037e+01
3.119999984741210852e+01
3.279999984741210994e+01
3.180000003051757673e+01
3.299999975585937761e+01
3.319999981689453250e+01
3.239999987792968739e+01
3.519999972534179733e+01
3.319999975585937335e+01
3.359999984741210710e+01
3.379999978637695079e+01
3.139999987792968739e+01
3.059999993896484227e+01
3.359999978637695506e+01
3.399999992370605639e+01
3.360000003051757744e+01
3.399999981689452966e+01
3.439999981689452824e+01
3.359999981689453108e+01
3.239999993896484654e+01
3.299999987792968881e+01
3.379999975585937477e+01
3.499999990844726483e+01
3.339999990844726341e+01
3.319999993896484369e+01
3.319999987792968454e+01
3.199999990844726483e+01
3.240000003051757460e+01
3.139999987792968739e+01
3.319999975585937335e+01
3.239999996948242256e+01
3.359999981689453108e+01
3.119999984741210852e+01
3.339999984741211136e+01
3.339999990844726341e+01
3.399999984741211279e+01
3.540000006103515773e+01
3.139999999999999858e+01
3.339999999999999858e+01
3.379999972534179875e+01
3.339999990844726341e+01
3.120000003051757886e+01
3.399999987792968881e+01
3.319999975585937335e+01
3.359999993896484227e+01
3.300000003051757602e+01
3.239999993896484654e+01
3.239999981689452824e+01
3.219999972534179733e+01
3.479999978637695079e+01
3.139999984741210781e+01
