7.846153846153846700e+01
7.186813190166766674e+01
6.923076923076922640e+01
7.054945056621845367e+01
4.549450548612154677e+01
6.725274728628305354e+01
6.747252748929537347e+01
5.164835163996770007e+01
5.208791210467998667e+01
6.439560441237229327e+01
2.879120882474459009e+01
4.263736267089844034e+01
3.802197805551382004e+01
6.109890113243690024e+01
4.725274728628305354e+01
4.571428574782151344e+01
7.516483518160306687e+01
4.263736267089844034e+01
5.670329672006459987e+01
5.494505497859074694e+01
2.879120882474459009e+01
6.131868133544922017e+01
5.208791210467998667e+01
2.263736267089843679e+01
4.901098902775691357e+01
2.725274728628305354e+01
3.494505497859074694e+01
4.439560441237229327e+01
4.593406595083383337e+01
4.747252748929537347e+01
4.417582420935997334e+01
5.362637364314152677e+01
4.571428574782151344e+01
5.340659344012920684e+01
6.131868133544922017e+01
3.648351651705228704e+01
3.802197805551382004e+01
3.824175825852613997e+01
4.131868133544922017e+01
3.032967036320613019e+01
3.032967036320613019e+01
5.516483518160306687e+01
4.901098902775691357e+01
3.978021979698768007e+01
5.846153846153845990e+01
5.670329672006459987e+01
3.648351651705228704e+01
2.417582420935997689e+01
3.956043959397536014e+01
2.263736267089843679e+01
2.901098902775691002e+01
5.670329672006459987e+01
2.263736267089843679e+01
2.263736267089843679e+01
3.340659344012920684e+01
3.802197805551382004e+01
2.879120882474459009e+01
3.670329672006459987e+01
3.802197805551382004e+01
6.901098902775690647e+01
5.824175825852613997e+01
3.648351651705228704e+01
4.593406595083383337e+01
2.263736267089843679e+01
3.032967036320613019e+01
3.978021979698768007e+01
3.494505497859074694e+01
3.186813190166766674e+01
5.054945056621844657e+01
7.076923076923077360e+01
5.824175825852613997e+01
3.648351651705228704e+01
3.824175825852613997e+01
4.593406595083383337e+01
4.901098902775691357e+01
4.725274728628305354e+01
3.340659344012920684e+01
3.186813190166766674e+01
3.032967036320613019e+01
4.439560441237229327e+01
5.186813190166766674e+01
5.362637364314152677e+01
2.879120882474459009e+01
2.725274728628305354e+01
2.571428574782151344e+01
2.725274728628305354e+01
2.571428574782151344e+01
2.417582420935997689e+01
2.571428574782151344e+01
2.725274728628305354e+01
2.263736267089843679e+01
2.263736267089843679e+01
2.109890113243690024e+01
2.109890113243690024e+01
2.109890113243690024e+01
2.725274728628305354e+01
2.571428574782151344e+01
2.417582420935997689e+01
2.417582420935997689e+01
2.417582420935997689e+01
2.417582420935997689e+01
2.109890113243690024e+01
2.109890113243690024e+01
2.571428574782151344e+01
2.263736267089843679e+01
2.263736267089843679e+01
2.417582420935997689e+01
2.263736267089843679e+01
2.725274728628305354e+01
2.571428574782151344e+01
2.263736267089843679e+01
2.263736267089843679e+01
2.417582420935997689e+01
2.417582420935997689e+01
2.571428574782151344e+01
2.417582420935997689e+01
2.263736267089843679e+01
2.417582420935997689e+01
1.802197805551382359e+01
2.417582420935997689e+01
2.109890113243690024e+01
2.109890113243690024e+01
2.109890113243690024e+01
2.109890113243690024e+01
2.109890113243690024e+01
1.956043959397536014e+01
2.109890113243690024e+01
2.109890113243690024e+01
1.956043959397536014e+01
2.109890113243690024e+01
2.109890113243690024e+01
2.109890113243690024e+01
2.109890113243690024e+01
2.109890113243690024e+01
2.109890113243690024e+01
2.109890113243690024e+01
2.263736267089843679e+01
2.109890113243690024e+01
2.263736267089843679e+01
2.109890113243690024e+01
2.109890113243690024e+01
2.109890113243690024e+01
2.109890113243690024e+01
2.109890113243690024e+01
2.109890113243690024e+01
2.109890113243690024e+01
1.956043959397536014e+01
2.109890113243690024e+01
2.109890113243690024e+01
2.109890113243690024e+01
2.263736267089843679e+01
2.109890113243690024e+01
2.109890113243690024e+01
2.109890113243690024e+01
2.109890113243690024e+01
1.802197805551382359e+01
1.956043959397536014e+01
2.109890113243690024e+01
2.109890113243690024e+01
1.956043959397536014e+01
1.956043959397536014e+01
2.109890113243690024e+01
2.417582420935997689e+01
2.109890113243690024e+01
2.109890113243690024e+01
1.956043959397536014e+01
1.956043959397536014e+01
1.956043959397536014e+01
2.109890113243690024e+01
2.109890113243690024e+01
1.956043959397536014e+01
1.802197805551382359e+01
2.109890113243690024e+01
1.956043959397536014e+01
1.956043959397536014e+01
2.109890113243690024e+01
2.109890113243690024e+01
1.956043959397536014e+01
2.109890113243690024e+01
2.109890113243690024e+01
2.109890113243690024e+01
1.802197805551382359e+01
2.109890113243690024e+01
1.956043959397536014e+01
1.956043959397536014e+01
2.109890113243690024e+01
2.109890113243690024e+01
1.956043959397536014e+01
1.956043959397536014e+01
2.109890113243690024e+01
2.417582420935997689e+01
1.956043959397536014e+01
2.109890113243690024e+01
1.956043959397536014e+01
2.109890113243690024e+01
2.109890113243690024e+01
2.109890113243690024e+01
2.417582420935997689e+01
1.956043959397536014e+01
2.109890113243690024e+01
