6.881959910913140277e+01
5.634743875278396530e+01
5.634743875278396530e+01
8.596881959910912485e+01
4.677060133630289585e+01
5.634743875278396530e+01
1.870824053452115976e+01
6.414253897550111105e+01
3.296213808463251382e+01
3.919821826280623611e+01
3.608017817371937497e+01
6.570155902004454163e+01
2.182628062360801735e+01
2.516703786191536807e+01
2.984409799554565623e+01
4.855233853006681244e+01
5.322939866369710415e+01
3.608017817371937497e+01
1.581291759465478819e+01
6.726057906458797220e+01
3.140311804008908680e+01
2.984409799554565623e+01
4.855233853006681244e+01
5.011135857461024301e+01
3.919821826280623611e+01
3.919821826280623611e+01
3.296213808463251382e+01
4.855233853006681244e+01
3.452115812917594440e+01
3.296213808463251382e+01
3.608017817371937497e+01
3.919821826280623611e+01
3.608017817371937497e+01
3.919821826280623611e+01
5.478841870824053473e+01
3.452115812917594440e+01
2.672605790645879864e+01
2.516703786191536807e+01
2.516703786191536807e+01
3.296213808463251382e+01
2.672605790645879864e+01
2.828507795100222566e+01
5.011135857461024301e+01
2.360801781737193750e+01
4.231625835189309726e+01
4.231625835189309726e+01
3.608017817371937497e+01
2.828507795100222566e+01
3.608017817371937497e+01
2.360801781737193750e+01
4.075723830734966668e+01
3.296213808463251382e+01
2.048997772828507635e+01
5.634743875278396530e+01
2.360801781737193750e+01
4.075723830734966668e+01
4.075723830734966668e+01
4.855233853006681244e+01
5.478841870824053473e+01
3.763919821826280554e+01
4.075723830734966668e+01
4.387527839643652783e+01
2.204899777282850692e+01
2.984409799554565623e+01
3.140311804008908680e+01
3.919821826280623611e+01
2.984409799554565623e+01
3.763919821826280554e+01
2.516703786191536807e+01
2.204899777282850692e+01
2.828507795100222566e+01
3.919821826280623611e+01
3.452115812917594440e+01
2.828507795100222566e+01
4.231625835189309726e+01
5.790645879732739587e+01
2.828507795100222566e+01
3.452115812917594440e+01
3.919821826280623611e+01
5.478841870824053473e+01
4.231625835189309726e+01
3.140311804008908680e+01
3.296213808463251382e+01
3.608017817371937497e+01
3.140311804008908680e+01
3.763919821826280554e+01
2.360801781737193750e+01
3.452115812917594440e+01
3.296213808463251382e+01
2.828507795100222566e+01
3.452115812917594440e+01
2.828507795100222566e+01
2.984409799554565623e+01
2.828507795100222566e+01
2.360801781737193750e+01
2.360801781737193750e+01
2.360801781737193750e+01
3.140311804008908680e+01
2.828507795100222566e+01
2.984409799554565623e+01
3.140311804008908680e+01
2.672605790645879864e+01
3.296213808463251382e+01
2.516703786191536807e+01
2.672605790645879864e+01
2.516703786191536807e+01
2.516703786191536807e+01
2.360801781737193750e+01
2.516703786191536807e+01
2.672605790645879864e+01
2.360801781737193750e+01
2.828507795100222566e+01
2.672605790645879864e+01
2.984409799554565623e+01
2.984409799554565623e+01
2.360801781737193750e+01
2.360801781737193750e+01
2.984409799554565623e+01
2.672605790645879864e+01
2.048997772828507635e+01
3.140311804008908680e+01
2.828507795100222566e+01
2.672605790645879864e+01
2.204899777282850692e+01
2.516703786191536807e+01
2.204899777282850692e+01
2.360801781737193750e+01
2.204899777282850692e+01
2.204899777282850692e+01
2.204899777282850692e+01
2.204899777282850692e+01
2.204899777282850692e+01
2.360801781737193750e+01
2.360801781737193750e+01
2.204899777282850692e+01
2.360801781737193750e+01
2.204899777282850692e+01
2.360801781737193750e+01
2.672605790645879864e+01
2.360801781737193750e+01
2.204899777282850692e+01
2.672605790645879864e+01
2.672605790645879864e+01
2.204899777282850692e+01
2.204899777282850692e+01
2.360801781737193750e+01
2.516703786191536807e+01
2.360801781737193750e+01
2.204899777282850692e+01
2.672605790645879864e+01
2.360801781737193750e+01
2.360801781737193750e+01
2.516703786191536807e+01
2.204899777282850692e+01
2.360801781737193750e+01
2.204899777282850692e+01
2.204899777282850692e+01
2.204899777282850692e+01
2.672605790645879864e+01
2.516703786191536807e+01
2.672605790645879864e+01
2.360801781737193750e+01
2.204899777282850692e+01
2.360801781737193750e+01
2.360801781737193750e+01
2.516703786191536807e+01
2.204899777282850692e+01
2.516703786191536807e+01
2.516703786191536807e+01
2.204899777282850692e+01
2.516703786191536807e+01
2.516703786191536807e+01
2.516703786191536807e+01
2.360801781737193750e+01
2.516703786191536807e+01
2.672605790645879864e+01
2.516703786191536807e+01
2.360801781737193750e+01
2.516703786191536807e+01
2.516703786191536807e+01
2.516703786191536807e+01
2.516703786191536807e+01
2.204899777282850692e+01
2.204899777282850692e+01
2.204899777282850692e+01
2.516703786191536807e+01
2.516703786191536807e+01
2.360801781737193750e+01
2.516703786191536807e+01
2.360801781737193750e+01
2.516703786191536807e+01
2.360801781737193750e+01
2.360801781737193750e+01
2.360801781737193750e+01
2.516703786191536807e+01
2.516703786191536807e+01
2.204899777282850692e+01
2.360801781737193750e+01
2.360801781737193750e+01
2.204899777282850692e+01
