8.581081081081080697e+01
2.500000000000000000e+01
4.189189189189189477e+01
2.950450433267129569e+01
4.504504487321183603e+01
3.581081081081081408e+01
4.054054054054054035e+01
3.108108108108108070e+01
4.662162162162162105e+01
5.450450433267129569e+01
4.842342325159021499e+01
6.058558541375237638e+01
3.896396379213075534e+01
5.135135135135135442e+01
3.108108108108108070e+01
4.054054054054054035e+01
3.738738704372097033e+01
6.711711677345070370e+01
2.319819811228159168e+01
4.211711677345069660e+01
4.346846812480205102e+01
2.792792784201132150e+01
2.027027027027027017e+01
3.873873839507231764e+01
4.054054054054054035e+01
4.819819785453177730e+01
6.846846812480204392e+01
1.509009000417348467e+01
3.423423406240102196e+01
3.085585568402264656e+01
2.184684676093024081e+01
4.346846812480205102e+01
5.900900866534259137e+01
3.716216216216216139e+01
2.500000000000000000e+01
4.054054054054054035e+01
1.869369352186048516e+01
3.738738704372097033e+01
5.450450433267129569e+01
2.477477460294156586e+01
5.788288271104967464e+01
2.004504487321183603e+01
3.536036027444375662e+01
3.716216216216216139e+01
1.238738730147078293e+01
1.554054054054054035e+01
2.950450433267129569e+01
2.162162162162162105e+01
2.162162162162162105e+01
2.342342325159021499e+01
3.558558541375237638e+01
2.950450433267129569e+01
3.896396379213075534e+01
1.689189189189189122e+01
2.500000000000000000e+01
1.869369352186048516e+01
2.004504487321183603e+01
2.657657649065997063e+01
1.554054054054054035e+01
3.130630622038970046e+01
1.396396392100566075e+01
2.815315298131994126e+01
2.657657649065997063e+01
2.364864864864864913e+01
2.319819811228159168e+01
2.927927919336267593e+01
2.319819811228159168e+01
4.234234217050913429e+01
3.400900892309240220e+01
1.711711703120051098e+01
4.211711677345069660e+01
1.711711703120051098e+01
3.581081081081081408e+01
4.054054054054054035e+01
3.130630622038970046e+01
1.846846838255186185e+01
2.477477460294156586e+01
2.635135135135135087e+01
1.396396392100566075e+01
3.265765757174105488e+01
2.477477460294156586e+01
3.130630622038970046e+01
2.657657649065997063e+01
2.500000000000000000e+01
2.972972972972972983e+01
2.477477460294156586e+01
2.184684676093024081e+01
2.815315298131994126e+01
2.342342325159021499e+01
2.319819811228159168e+01
2.184684676093024081e+01
2.342342325159021499e+01
2.815315298131994126e+01
2.027027027027027017e+01
3.265765757174105488e+01
2.792792784201132150e+01
1.869369352186048516e+01
2.815315298131994126e+01
2.184684676093024081e+01
2.342342325159021499e+01
2.500000000000000000e+01
2.319819811228159168e+01
2.635135135135135087e+01
2.500000000000000000e+01
2.342342325159021499e+01
2.657657649065997063e+01
3.288288271104967464e+01
2.027027027027027017e+01
2.342342325159021499e+01
2.184684676093024081e+01
3.130630622038970046e+01
2.342342325159021499e+01
2.027027027027027017e+01
2.500000000000000000e+01
1.711711703120051098e+01
2.815315298131994126e+01
2.342342325159021499e+01
2.342342325159021499e+01
2.500000000000000000e+01
2.027027027027027017e+01
2.342342325159021499e+01
2.184684676093024081e+01
2.342342325159021499e+01
2.027027027027027017e+01
1.869369352186048516e+01
2.027027027027027017e+01
2.027027027027027017e+01
2.500000000000000000e+01
2.027027027027027017e+01
1.869369352186048516e+01
2.500000000000000000e+01
2.342342325159021499e+01
2.342342325159021499e+01
2.184684676093024081e+01
2.184684676093024081e+01
1.711711703120051098e+01
1.869369352186048516e+01
2.184684676093024081e+01
2.342342325159021499e+01
2.027027027027027017e+01
1.869369352186048516e+01
2.500000000000000000e+01
1.869369352186048516e+01
2.184684676093024081e+01
1.869369352186048516e+01
2.027027027027027017e+01
1.869369352186048516e+01
2.342342325159021499e+01
2.815315298131994126e+01
2.500000000000000000e+01
2.500000000000000000e+01
2.184684676093024081e+01
1.869369352186048516e+01
1.869369352186048516e+01
2.342342325159021499e+01
2.342342325159021499e+01
1.869369352186048516e+01
1.869369352186048516e+01
2.342342325159021499e+01
1.869369352186048516e+01
2.027027027027027017e+01
2.027027027027027017e+01
1.869369352186048516e+01
2.027027027027027017e+01
2.027027027027027017e+01
2.184684676093024081e+01
2.184684676093024081e+01
1.869369352186048516e+01
2.027027027027027017e+01
2.184684676093024081e+01
2.027027027027027017e+01
2.184684676093024081e+01
2.027027027027027017e+01
2.500000000000000000e+01
1.869369352186048516e+01
2.027027027027027017e+01
2.342342325159021499e+01
1.869369352186048516e+01
1.869369352186048516e+01
1.869369352186048516e+01
2.184684676093024081e+01
1.869369352186048516e+01
2.027027027027027017e+01
2.027027027027027017e+01
1.869369352186048516e+01
2.184684676093024081e+01
2.657657649065997063e+01
1.869369352186048516e+01
2.027027027027027017e+01
2.027027027027027017e+01
2.027027027027027017e+01
1.869369352186048516e+01
1.711711703120051098e+01
1.869369352186048516e+01
2.342342325159021499e+01
2.027027027027027017e+01
2.027027027027027017e+01
2.342342325159021499e+01
2.184684676093024081e+01
2.027027027027027017e+01
