6.868008934891463468e+01
6.398210318136535335e+01
3.131991065108536176e+01
3.892617444544030292e+01
3.131991065108536176e+01
6.711409360130360824e+01
4.384787501904788343e+01
4.697986597662804087e+01
3.579418348786014548e+01
3.266219253027999514e+01
3.266219253027999514e+01
1.722595080433275783e+01
6.554809892897637269e+01
4.854586118659717187e+01
1.252796423355204958e+01
3.288590586105448921e+01
3.579418348786014548e+01
2.662192394589417788e+01
3.131991065108536176e+01
3.601789735627654210e+01
2.975391517229528304e+01
3.892617444544030292e+01
6.263982130217072353e+01
5.794183459697953964e+01
3.601789735627654210e+01
4.228187927143685698e+01
3.288590586105448921e+01
4.519015689824251325e+01
2.192393750952394171e+01
3.601789735627654210e+01
4.854586118659717187e+01
3.445190160866551565e+01
3.579418348786014548e+01
2.035794176191291527e+01
2.975391517229528304e+01
1.879194628312283655e+01
3.758389256624567309e+01
3.288590586105448921e+01
4.228187927143685698e+01
3.131991065108536176e+01
2.662192394589417788e+01
2.818791942468425660e+01
1.879194628312283655e+01
1.565995532554268088e+01
3.445190160866551565e+01
2.818791942468425660e+01
4.228187927143685698e+01
2.348993298831402043e+01
3.131991065108536176e+01
4.519015689824251325e+01
1.722595080433275783e+01
2.662192394589417788e+01
1.722595080433275783e+01
3.445190160866551565e+01
4.049217019305132936e+01
2.662192394589417788e+01
3.758389256624567309e+01
3.914988831385669954e+01
4.519015689824251325e+01
3.288590586105448921e+01
2.662192394589417788e+01
3.758389256624567309e+01
2.348993298831402043e+01
2.662192394589417788e+01
2.192393750952394171e+01
2.818791942468425660e+01
2.662192394589417788e+01
4.071588352382583054e+01
2.505592846710409916e+01
1.722595080433275783e+01
3.131991065108536176e+01
2.818791942468425660e+01
2.975391517229528304e+01
2.348993298831402043e+01
1.722595080433275783e+01
3.131991065108536176e+01
3.601789735627654210e+01
2.818791942468425660e+01
2.818791942468425660e+01
3.758389256624567309e+01
3.131991065108536176e+01
1.879194628312283655e+01
2.662192394589417788e+01
2.975391517229528304e+01
2.975391517229528304e+01
3.131991065108536176e+01
2.818791942468425660e+01
2.818791942468425660e+01
2.348993298831402043e+01
2.505592846710409916e+01
2.975391517229528304e+01
2.818791942468425660e+01
2.192393750952394171e+01
2.818791942468425660e+01
2.975391517229528304e+01
2.192393750952394171e+01
2.662192394589417788e+01
2.818791942468425660e+01
2.505592846710409916e+01
2.662192394589417788e+01
2.505592846710409916e+01
2.505592846710409916e+01
2.662192394589417788e+01
2.505592846710409916e+01
2.818791942468425660e+01
2.818791942468425660e+01
2.662192394589417788e+01
2.818791942468425660e+01
2.975391517229528304e+01
2.818791942468425660e+01
2.505592846710409916e+01
2.818791942468425660e+01
2.818791942468425660e+01
2.505592846710409916e+01
2.662192394589417788e+01
2.662192394589417788e+01
2.035794176191291527e+01
2.662192394589417788e+01
2.662192394589417788e+01
2.818791942468425660e+01
2.818791942468425660e+01
2.662192394589417788e+01
2.818791942468425660e+01
2.662192394589417788e+01
2.505592846710409916e+01
2.505592846710409916e+01
2.505592846710409916e+01
2.505592846710409916e+01
2.192393750952394171e+01
2.192393750952394171e+01
2.505592846710409916e+01
2.505592846710409916e+01
2.505592846710409916e+01
2.505592846710409916e+01
2.505592846710409916e+01
2.348993298831402043e+01
2.662192394589417788e+01
2.505592846710409916e+01
2.662192394589417788e+01
2.662192394589417788e+01
2.505592846710409916e+01
2.662192394589417788e+01
2.662192394589417788e+01
2.662192394589417788e+01
2.662192394589417788e+01
2.662192394589417788e+01
2.662192394589417788e+01
2.662192394589417788e+01
2.505592846710409916e+01
2.662192394589417788e+01
2.505592846710409916e+01
2.662192394589417788e+01
2.505592846710409916e+01
2.505592846710409916e+01
2.348993298831402043e+01
2.505592846710409916e+01
2.662192394589417788e+01
2.662192394589417788e+01
2.662192394589417788e+01
2.662192394589417788e+01
2.662192394589417788e+01
2.662192394589417788e+01
2.348993298831402043e+01
2.662192394589417788e+01
2.662192394589417788e+01
2.662192394589417788e+01
2.505592846710409916e+01
2.662192394589417788e+01
2.662192394589417788e+01
2.662192394589417788e+01
2.505592846710409916e+01
2.348993298831402043e+01
2.662192394589417788e+01
2.662192394589417788e+01
2.662192394589417788e+01
2.505592846710409916e+01
2.505592846710409916e+01
2.505592846710409916e+01
2.662192394589417788e+01
2.662192394589417788e+01
2.662192394589417788e+01
2.505592846710409916e+01
2.505592846710409916e+01
2.348993298831402043e+01
2.662192394589417788e+01
2.662192394589417788e+01
2.505592846710409916e+01
2.662192394589417788e+01
2.662192394589417788e+01
2.348993298831402043e+01
2.662192394589417788e+01
2.662192394589417788e+01
2.662192394589417788e+01
2.348993298831402043e+01
2.662192394589417788e+01
2.662192394589417788e+01
2.505592846710409916e+01
2.505592846710409916e+01
2.662192394589417788e+01
2.662192394589417788e+01
