7.675906181335449219e+00
1.961620468879813473e+01
3.411513858055000981e+01
6.524520253423435179e+01
3.582089546545228131e+01
4.541577831666860732e+01
5.991471225112231735e+01
3.219616203877463079e+01
2.835820889828810110e+01
5.799573562394326842e+01
5.756929631019706051e+01
2.665245201338582959e+01
2.366737738652015821e+01
5.010660974303288384e+01
3.795309174950443065e+01
4.584221745960748251e+01
2.835820889828810110e+01
3.155650318202687643e+01
1.428571427758060253e+01
2.537313427142242972e+01
3.773987209263132314e+01
3.646055443607159674e+01
4.584221745960748251e+01
3.901918974919105665e+01
2.686567158485526363e+01
3.113006395368433843e+01
4.349680168948956549e+01
4.882729208647315033e+01
4.072494671949699807e+01
4.179104471918362407e+01
2.665245201338582959e+01
1.769722813278881546e+01
5.287846488383279109e+01
1.620469081935597799e+01
2.729211089860147510e+01
5.181236671333882526e+01
5.330490402677165918e+01
6.460554367748659388e+01
1.918976544622164937e+01
5.031982939990598425e+01
3.176972283889998394e+01
1.471215350592314230e+01
2.835820889828810110e+01
3.155650318202687643e+01
1.449893393445370826e+01
3.475479746576565532e+01
3.752665243575822274e+01
3.923240940606416416e+01
2.089552233112392088e+01
2.985074621172093501e+01
3.006396586859404252e+01
4.840085294353428225e+01
1.918976544622164937e+01
2.835820889828810110e+01
2.260127930142986230e+01
3.923240940606416416e+01
3.155650318202687643e+01
3.155650318202687643e+01
1.492537307739257812e+01
4.541577831666860732e+01
2.686567158485526363e+01
2.835820889828810110e+01
4.285714283274180758e+01
1.918976544622164937e+01
2.089552233112392088e+01
1.641791039082541559e+01
2.110874198799702484e+01
4.861407242960004993e+01
2.985074621172093501e+01
2.388059695798959225e+01
5.181236671333882526e+01
2.238805964455675834e+01
3.326226015233282141e+01
4.861407242960004993e+01
3.731343277888511523e+01
1.620469081935597799e+01
2.089552233112392088e+01
3.304904049545971390e+01
2.388059695798959225e+01
2.068230275965448683e+01
1.769722813278881546e+01
3.304904049545971390e+01
3.006396586859404252e+01
3.304904049545971390e+01
2.409381661486269977e+01
3.006396586859404252e+01
2.409381661486269977e+01
2.558635392829553368e+01
2.707889124172837114e+01
2.857142855516120505e+01
2.857142855516120505e+01
2.110874198799702484e+01
2.409381661486269977e+01
3.006396586859404252e+01
2.409381661486269977e+01
2.110874198799702484e+01
3.006396586859404252e+01
2.089552233112392088e+01
2.409381661486269977e+01
1.940298501769108697e+01
2.089552233112392088e+01
2.388059695798959225e+01
2.558635392829553368e+01
2.388059695798959225e+01
2.238805964455675834e+01
2.409381661486269977e+01
2.558635392829553368e+01
2.260127930142986230e+01
2.409381661486269977e+01
2.558635392829553368e+01
2.409381661486269977e+01
2.110874198799702484e+01
2.110874198799702484e+01
1.961620467456419092e+01
2.260127930142986230e+01
2.260127930142986230e+01
2.409381661486269977e+01
1.940298501769108697e+01
2.388059695798959225e+01
2.238805964455675834e+01
2.089552233112392088e+01
2.089552233112392088e+01
2.089552233112392088e+01
2.089552233112392088e+01
2.089552233112392088e+01
2.089552233112392088e+01
2.537313427142242972e+01
1.940298501769108697e+01
2.089552233112392088e+01
2.238805964455675834e+01
2.089552233112392088e+01
2.089552233112392088e+01
2.238805964455675834e+01
2.388059695798959225e+01
2.089552233112392088e+01
2.089552233112392088e+01
2.707889124172837114e+01
1.940298501769108697e+01
2.388059695798959225e+01
1.940298501769108697e+01
2.238805964455675834e+01
2.089552233112392088e+01
1.940298501769108697e+01
1.940298501769108697e+01
2.388059695798959225e+01
2.089552233112392088e+01
2.089552233112392088e+01
1.940298501769108697e+01
2.388059695798959225e+01
2.089552233112392088e+01
2.089552233112392088e+01
1.940298501769108697e+01
2.388059695798959225e+01
2.089552233112392088e+01
2.537313427142242972e+01
2.707889124172837114e+01
2.707889124172837114e+01
2.089552233112392088e+01
2.558635392829553368e+01
2.089552233112392088e+01
1.940298501769108697e+01
2.707889124172837114e+01
2.089552233112392088e+01
1.791044770425824950e+01
2.089552233112392088e+01
2.388059695798959225e+01
2.857142855516120505e+01
1.940298501769108697e+01
2.857142855516120505e+01
2.089552233112392088e+01
2.089552233112392088e+01
2.238805964455675834e+01
2.388059695798959225e+01
2.238805964455675834e+01
2.089552233112392088e+01
1.940298501769108697e+01
2.089552233112392088e+01
2.089552233112392088e+01
2.089552233112392088e+01
2.238805964455675834e+01
2.238805964455675834e+01
2.857142855516120505e+01
2.089552233112392088e+01
2.388059695798959225e+01
2.388059695798959225e+01
2.238805964455675834e+01
2.089552233112392088e+01
2.089552233112392088e+01
2.558635392829553368e+01
2.089552233112392088e+01
2.089552233112392088e+01
1.940298501769108697e+01
2.089552233112392088e+01
2.558635392829553368e+01
2.558635392829553368e+01
2.558635392829553368e+01
2.558635392829553368e+01
1.940298501769108697e+01
1.940298501769108697e+01
2.089552233112392088e+01
