5.910112350120972735e+01
7.168539258978340456e+01
6.696629187766086488e+01
2.808988740042354237e+01
5.460674123013956915e+01
8.269662863056311153e+01
6.067415707191724294e+01
4.831460642439595432e+01
5.460674123013956915e+01
3.707865141965030631e+01
2.943820200716511692e+01
2.808988740042354237e+01
3.887640447723731540e+01
3.887640447723731540e+01
8.112359505985560304e+01
4.044943804794483100e+01
1.101123591005132418e+01
2.471910103358579391e+01
3.123595506475212957e+01
2.179775259467992754e+01
4.988764051801702948e+01
2.494382025900851474e+01
1.865168545326489991e+01
3.752808987049574085e+01
3.123595506475212957e+01
4.853932591127545493e+01
2.022471902397241550e+01
4.224719058261828764e+01
3.280898863545964161e+01
3.438202220616715721e+01
2.494382025900851474e+01
2.494382025900851474e+01
2.966292123258783420e+01
2.022471902397241550e+01
4.359550518935985508e+01
5.617977480084708475e+01
3.752808987049574085e+01
3.730337090652979981e+01
3.123595506475212957e+01
2.966292123258783420e+01
6.089887603588318399e+01
2.022471902397241550e+01
4.988764051801702948e+01
5.775280889446815991e+01
3.280898863545964161e+01
3.123595506475212957e+01
1.865168545326489991e+01
2.157303363071398650e+01
3.123595506475212957e+01
1.865168545326489991e+01
2.179775259467992754e+01
3.123595506475212957e+01
3.438202220616715721e+01
1.393258421822880067e+01
2.494382025900851474e+01
2.651685382971603033e+01
2.337078642684422292e+01
2.966292123258783420e+01
5.325842662339800171e+01
2.808988740042354237e+01
4.831460642439595432e+01
4.224719058261828764e+01
2.337078642684422292e+01
6.292134805743613946e+00
2.337078642684422292e+01
2.966292123258783420e+01
2.966292123258783420e+01
2.808988740042354237e+01
2.651685382971603033e+01
3.595505629978822526e+01
1.393258421822880067e+01
4.831460642439595432e+01
4.382022467623935569e+01
1.101123591005132418e+01
3.280898863545964161e+01
2.966292123258783420e+01
2.022471902397241550e+01
2.651685382971603033e+01
1.393258421822880067e+01
4.382022467623935569e+01
3.123595506475212957e+01
2.808988740042354237e+01
2.651685382971603033e+01
2.651685382971603033e+01
2.651685382971603033e+01
2.651685382971603033e+01
2.651685382971603033e+01
2.651685382971603033e+01
2.651685382971603033e+01
2.651685382971603033e+01
3.123595506475212957e+01
2.494382025900851474e+01
2.808988740042354237e+01
2.651685382971603033e+01
2.494382025900851474e+01
2.651685382971603033e+01
2.808988740042354237e+01
2.808988740042354237e+01
2.337078642684422292e+01
2.651685382971603033e+01
2.494382025900851474e+01
2.808988740042354237e+01
2.494382025900851474e+01
2.494382025900851474e+01
2.651685382971603033e+01
2.179775259467992754e+01
2.494382025900851474e+01
2.494382025900851474e+01
2.179775259467992754e+01
2.651685382971603033e+01
2.966292123258783420e+01
2.808988740042354237e+01
2.651685382971603033e+01
2.337078642684422292e+01
3.123595506475212957e+01
2.494382025900851474e+01
2.651685382971603033e+01
2.494382025900851474e+01
2.337078642684422292e+01
2.651685382971603033e+01
2.494382025900851474e+01
2.494382025900851474e+01
2.651685382971603033e+01
2.494382025900851474e+01
2.651685382971603033e+01
2.651685382971603033e+01
2.651685382971603033e+01
2.808988740042354237e+01
2.494382025900851474e+01
2.494382025900851474e+01
2.651685382971603033e+01
2.651685382971603033e+01
2.494382025900851474e+01
2.651685382971603033e+01
2.494382025900851474e+01
2.651685382971603033e+01
2.494382025900851474e+01
2.651685382971603033e+01
2.494382025900851474e+01
2.494382025900851474e+01
2.494382025900851474e+01
2.494382025900851474e+01
2.651685382971603033e+01
2.651685382971603033e+01
2.337078642684422292e+01
2.494382025900851474e+01
2.494382025900851474e+01
2.494382025900851474e+01
2.494382025900851474e+01
2.337078642684422292e+01
2.494382025900851474e+01
2.651685382971603033e+01
2.337078642684422292e+01
2.494382025900851474e+01
2.651685382971603033e+01
2.494382025900851474e+01
2.494382025900851474e+01
2.494382025900851474e+01
2.494382025900851474e+01
2.651685382971603033e+01
2.651685382971603033e+01
2.494382025900851474e+01
2.494382025900851474e+01
2.337078642684422292e+01
2.494382025900851474e+01
2.651685382971603033e+01
2.494382025900851474e+01
2.494382025900851474e+01
2.966292123258783420e+01
2.494382025900851474e+01
2.337078642684422292e+01
2.494382025900851474e+01
2.494382025900851474e+01
2.651685382971603033e+01
2.494382025900851474e+01
2.494382025900851474e+01
2.651685382971603033e+01
2.337078642684422292e+01
2.494382025900851474e+01
2.337078642684422292e+01
2.337078642684422292e+01
2.337078642684422292e+01
2.337078642684422292e+01
2.494382025900851474e+01
2.337078642684422292e+01
2.494382025900851474e+01
2.494382025900851474e+01
2.494382025900851474e+01
2.494382025900851474e+01
2.494382025900851474e+01
2.337078642684422292e+01
2.337078642684422292e+01
2.651685382971603033e+01
2.494382025900851474e+01
2.337078642684422292e+01
2.337078642684422292e+01
2.494382025900851474e+01
2.494382025900851474e+01
2.494382025900851474e+01
2.494382025900851474e+01
