7.619047634617811582e+01
3.401360540325138970e+01
1.428571426625154395e+01
1.201814057875652786e+01
1.972789113699984398e+01
1.247165531366049862e+01
8.117913797599118197e+01
1.405895689879955945e+01
4.172335571496665096e+01
4.829931954623890533e+01
3.537414962093846071e+01
6.054421773897547610e+01
3.242630394137635363e+01
1.405895689879955945e+01
5.260770969001614361e+01
2.471655338313303929e+01
3.605442184655844784e+01
2.290249418401393910e+01
2.471655338313303929e+01
2.176870745704287557e+01
7.709750558243317009e+00
1.247165531366049862e+01
3.741496606424552596e+01
6.371882066272554113e+01
3.764172306190542372e+01
1.405895689879955945e+01
3.718820857352950782e+01
3.900226727959250184e+01
5.102040798161305446e+01
1.269841268111248489e+01
4.058956898799559099e+01
6.054421773897547610e+01
2.789115630688310432e+01
3.718820857352950782e+01
2.766439906269514637e+01
5.736961432216929779e+01
1.678004533417370681e+01
1.224489794620851235e+01
3.877551028193259697e+01
2.653061208919602976e+01
6.666666658881570129e+01
4.172335571496665096e+01
2.653061208919602976e+01
2.494331062732099724e+01
2.335600916544596473e+01
4.512471662248884030e+01
2.653061208919602976e+01
3.287981842975226954e+01
2.199546494775889016e+01
4.761904755417181612e+00
7.936507925695302390e+00
2.630385484500807181e+01
2.494331062732099724e+01
2.040816323935580101e+01
3.560090686512641867e+01
2.335600916544596473e+01
4.943310676626607858e+01
2.947845801528619347e+01
1.700680270162569485e+01
1.247165531366049862e+01
4.399092989551778032e+01
2.040816323935580101e+01
1.723356006907767934e+01
3.764172306190542372e+01
4.308389993265372908e+01
3.922902477030851287e+01
3.560090686512641867e+01
2.358276640963392268e+01
2.335600916544596473e+01
2.517006787150895519e+01
6.122448973104256176e+00
1.882086153095271186e+01
2.040816323935580101e+01
3.446712013815535869e+01
1.564625848393861851e+01
1.882086153095271186e+01
3.129251696787723702e+01
2.970521550600220451e+01
2.040816323935580101e+01
2.970521550600220451e+01
2.471655338313303929e+01
2.358276640963392268e+01
2.993197275019016246e+01
2.993197275019016246e+01
2.834467128831512994e+01
2.993197275019016246e+01
2.517006787150895519e+01
2.675736957991204434e+01
2.517006787150895519e+01
2.358276640963392268e+01
2.675736957991204434e+01
2.675736957991204434e+01
2.834467128831512994e+01
2.675736957991204434e+01
2.358276640963392268e+01
2.517006787150895519e+01
2.199546494775889016e+01
2.993197275019016246e+01
2.358276640963392268e+01
2.675736957991204434e+01
2.675736957991204434e+01
2.199546494775889016e+01
2.675736957991204434e+01
2.358276640963392268e+01
2.358276640963392268e+01
2.517006787150895519e+01
2.675736957991204434e+01
2.040816323935580101e+01
2.358276640963392268e+01
2.970521550600220451e+01
2.199546494775889016e+01
3.129251696787723702e+01
2.970521550600220451e+01
2.517006787150895519e+01
1.882086153095271186e+01
2.834467128831512994e+01
2.517006787150895519e+01
2.834467128831512994e+01
2.517006787150895519e+01
2.675736957991204434e+01
2.675736957991204434e+01
2.834467128831512994e+01
2.040816323935580101e+01
2.675736957991204434e+01
2.517006787150895519e+01
2.358276640963392268e+01
2.653061208919602976e+01
2.517006787150895519e+01
2.675736957991204434e+01
2.517006787150895519e+01
2.517006787150895519e+01
2.517006787150895519e+01
2.517006787150895519e+01
2.517006787150895519e+01
2.517006787150895519e+01
2.358276640963392268e+01
2.517006787150895519e+01
2.517006787150895519e+01
2.517006787150895519e+01
2.517006787150895519e+01
2.517006787150895519e+01
2.517006787150895519e+01
2.517006787150895519e+01
2.517006787150895519e+01
2.517006787150895519e+01
2.517006787150895519e+01
2.675736957991204434e+01
2.517006787150895519e+01
2.517006787150895519e+01
2.675736957991204434e+01
2.517006787150895519e+01
2.517006787150895519e+01
2.517006787150895519e+01
2.675736957991204434e+01
2.517006787150895519e+01
2.517006787150895519e+01
2.675736957991204434e+01
2.517006787150895519e+01
2.517006787150895519e+01
2.358276640963392268e+01
2.517006787150895519e+01
2.675736957991204434e+01
2.517006787150895519e+01
2.517006787150895519e+01
2.675736957991204434e+01
2.358276640963392268e+01
2.675736957991204434e+01
2.517006787150895519e+01
2.675736957991204434e+01
2.517006787150895519e+01
2.517006787150895519e+01
2.675736957991204434e+01
2.517006787150895519e+01
2.517006787150895519e+01
2.517006787150895519e+01
2.517006787150895519e+01
2.517006787150895519e+01
2.675736957991204434e+01
2.517006787150895519e+01
2.358276640963392268e+01
2.517006787150895519e+01
2.675736957991204434e+01
2.517006787150895519e+01
2.675736957991204434e+01
2.675736957991204434e+01
2.517006787150895519e+01
2.517006787150895519e+01
2.675736957991204434e+01
2.675736957991204434e+01
2.517006787150895519e+01
2.675736957991204434e+01
2.517006787150895519e+01
2.517006787150895519e+01
2.675736957991204434e+01
2.517006787150895519e+01
2.675736957991204434e+01
2.517006787150895519e+01
2.199546494775889016e+01
2.517006787150895519e+01
2.517006787150895519e+01
