0.000000000000000000e+00
2.400000007629394361e+00
4.459999984741210710e+01
0.000000000000000000e+00
1.419999998474121128e+01
1.700000003051757957e+01
5.280000003051758029e+01
2.599999994277954141e+00
4.199999988555908281e+00
4.799999977111816030e+00
2.799999999999999822e+00
5.399999994277954407e+00
5.799999994277953874e+00
1.639999995422363455e+01
7.199999946594238587e+00
3.799999994277954318e+00
8.400000007629394361e+00
4.799999999999999822e+00
5.399999994277954407e+00
4.199999988555908281e+00
1.759999995422363384e+01
3.799999994277954318e+00
5.400000007629394361e+00
9.399999977111816563e+00
1.319999997711181727e+01
8.999999946594238409e+00
5.999999977111816207e+00
9.799999946594239120e+00
1.159999995422363206e+01
3.600000000000000089e+00
1.219999998474121128e+01
1.459999992370605426e+01
1.020000000762939507e+01
9.799999977111816918e+00
8.000000007629394005e+00
1.079999992370605533e+01
7.399999994277954407e+00
1.160000001525878943e+01
8.600000007629393650e+00
1.659999995422363384e+01
5.199999994277954229e+00
6.000000007629394894e+00
1.559999999999999964e+01
1.059999994659423805e+01
6.799999994277953874e+00
1.500000001525878979e+01
1.579999998474121092e+01
1.499999994659423841e+01
6.199999977111816385e+00
9.999999984741210213e+00
1.319999998474121128e+01
1.320000000762939507e+01
1.120000001525878908e+01
1.979999986267089795e+01
9.400000015258788366e+00
1.759999992370605426e+01
9.400000015258788366e+00
1.100000001525878979e+01
5.800000015258788721e+00
1.399999995422363241e+01
1.239999998855590846e+01
9.799999977111816918e+00
1.079999998855590881e+01
1.820000003051757886e+01
9.200000007629395071e+00
1.599999994659423841e+01
1.040000001525878837e+01
1.100000000762939401e+01
1.499999989318847682e+01
1.079999998474121092e+01
1.819999992370605568e+01
9.999999977111816207e+00
1.519999998855590739e+01
1.219999998474121128e+01
1.059999997711181585e+01
1.619999995422363170e+01
6.200000007629394183e+00
1.179999998474121092e+01
1.399999998474121021e+01
2.459999996948242185e+01
9.200000015258789077e+00
1.679999995422363313e+01
1.459999994659423805e+01
1.579999989318847575e+01
1.539999986267089760e+01
1.919999993896484369e+01
1.859999992370605426e+01
2.159999992370605426e+01
2.100000003051757957e+01
2.299999995422363241e+01
2.299999998474121199e+01
2.480000000000000071e+01
2.499999990844726483e+01
2.739999996948242256e+01
2.939999990844726696e+01
2.599999987792968881e+01
3.319999969482422131e+01
3.059999978637695150e+01
3.559999990844726625e+01
3.239999999999999858e+01
3.879999981689453392e+01
3.720000000000000284e+01
4.060000003051757744e+01
3.939999975585937619e+01
4.220000003051757886e+01
4.179999999999999716e+01
3.879999981689453392e+01
4.019999984741210852e+01
3.640000003051757460e+01
3.899999981689452966e+01
4.199999984741211279e+01
4.559999975585937193e+01
4.399999969482421847e+01
4.679999993896484511e+01
4.499999972534179449e+01
4.239999975585937619e+01
4.180000006103515631e+01
3.939999975585937619e+01
4.199999984741211279e+01
4.639999972534180017e+01
4.239999984741211136e+01
4.280000003051758029e+01
4.460000003051757744e+01
4.619999990844726767e+01
5.000000003051757602e+01
5.200000003051757602e+01
5.320000006103515489e+01
5.619999993896484369e+01
5.699999975585937761e+01
5.880000012207031546e+01
6.299999981689452966e+01
6.299999978637695364e+01
6.460000012207031261e+01
6.359999984741210710e+01
6.519999969482421420e+01
6.639999981689453534e+01
6.879999978637695790e+01
6.639999984741210426e+01
6.739999987792968739e+01
6.899999951171875523e+01
6.940000006103515773e+01
7.159999969482421989e+01
6.939999957275391296e+01
7.119999987792968454e+01
6.960000006103516057e+01
7.159999969482421989e+01
7.180000012207031546e+01
6.860000006103516057e+01
6.980000006103514920e+01
7.320000006103515489e+01
7.159999978637695506e+01
7.100000006103515204e+01
7.220000000000000284e+01
7.340000006103515773e+01
7.099999963378905932e+01
7.340000000000000568e+01
7.419999981689453250e+01
7.240000000000000568e+01
7.459999963378906784e+01
7.299999993896484796e+01
7.479999951171875239e+01
7.119999984741211563e+01
7.339999984741210426e+01
7.080000006103514920e+01
7.300000012207031830e+01
7.359999993896484227e+01
7.139999969482421704e+01
7.439999993896483943e+01
7.459999951171874955e+01
7.399999963378905932e+01
7.479999999999999716e+01
7.299999975585937761e+01
7.339999957275391296e+01
7.499999993896484796e+01
7.279999999999999716e+01
7.279999999999999716e+01
7.360000006103516057e+01
7.360000012207031261e+01
7.099999945068358898e+01
7.220000000000000284e+01
7.499999963378905932e+01
7.120000012207030693e+01
7.519999975585938046e+01
7.099999969482422557e+01
7.279999951171875239e+01
7.139999993896483943e+01
7.359999963378906784e+01
7.239999987792968739e+01
7.399999993896484796e+01
7.219999975585938046e+01
7.340000006103515773e+01
7.399999951171875523e+01
7.320000012207030693e+01
7.179999993896484511e+01
7.259999951171874955e+01
7.119999969482421420e+01
7.219999951171874386e+01
7.259999969482421989e+01
7.179999969482422273e+01
7.219999957275391012e+01
