2.399999999999999911e+00
3.000000007629394450e+00
0.000000000000000000e+00
2.439999989318847540e+01
2.580000003051757673e+01
6.599999977111816740e+00
2.819999990844726412e+01
2.399999994277953963e+00
4.199999977111816385e+00
2.019999995422363170e+01
2.519999999999999929e+01
6.599999988555908637e+00
1.159999995422363206e+01
2.479999993896484511e+01
2.320000003051757886e+01
8.999999946594238409e+00
3.180000003051757673e+01
1.239999992370605497e+01
4.599999946594238054e+00
1.619999998474121128e+01
8.599999984741211634e+00
1.719999993896484369e+01
7.199999977111816385e+00
3.419999996948241971e+01
2.559999989318847824e+01
3.739999972534180017e+01
1.439999989318847717e+01
2.839999995422363455e+01
1.540000001525878837e+01
6.599999946594238054e+00
9.799999923706055327e+00
1.519999992370605391e+01
1.620000001525878730e+01
1.219999998474121128e+01
8.200000015258789077e+00
9.599999977111815852e+00
8.599999946594238054e+00
1.139999998855590846e+01
2.319999997711181550e+01
9.799999954223633125e+00
2.239999992370605497e+01
2.039999999999999858e+01
1.079999998474121092e+01
9.799999984741210923e+00
1.219999989318847611e+01
2.939999990844726696e+01
2.179999989318847753e+01
1.999999986267089724e+01
1.240000001525878837e+01
2.059999992370605426e+01
1.699999996948242043e+01
1.260000001525878943e+01
1.339999992370605497e+01
2.179999989318847753e+01
2.439999986267089938e+01
1.520000001525878908e+01
2.259999996948242185e+01
5.999999994277954052e+00
4.499999972534179449e+01
1.359999998474121163e+01
1.659999998474120986e+01
7.999999977111816207e+00
2.539999978637695222e+01
2.700000000000000000e+01
2.799999986267089724e+01
2.559999993896484227e+01
2.059999986267089866e+01
2.560000003051757744e+01
1.800000003051757957e+01
1.259999998474121163e+01
2.039999995422363455e+01
2.319999999999999929e+01
6.619999975585938046e+01
2.280000000000000071e+01
2.900000000000000000e+01
2.679999986267089795e+01
1.519999992370605391e+01
4.479999972534179875e+01
2.839999996948242256e+01
1.719999996948242327e+01
8.800000007629394716e+00
1.819999989318847611e+01
2.460000000000000142e+01
3.419999984741210852e+01
4.039999996948242256e+01
4.119999972534179733e+01
5.119999981689453250e+01
5.079999990844726909e+01
5.279999969482421562e+01
5.239999999999999858e+01
5.639999984741211136e+01
5.800000012207031119e+01
5.179999996948242114e+01
5.779999975585937477e+01
5.559999990844726625e+01
6.059999996948242540e+01
5.779999984741210994e+01
6.440000000000000568e+01
6.720000012207030693e+01
6.799999984741211279e+01
6.900000012207031830e+01
6.679999975585937477e+01
6.859999981689453818e+01
6.779999963378905647e+01
6.459999984741210710e+01
5.979999984741210994e+01
5.979999981689453392e+01
6.119999963378906216e+01
5.999999996948242398e+01
5.979999963378906358e+01
5.980000006103515631e+01
6.559999969482421989e+01
6.379999978637695079e+01
6.699999981689452966e+01
6.499999990844726483e+01
6.659999984741210710e+01
6.320000012207031403e+01
6.339999993896484654e+01
6.259999984741210710e+01
6.159999975585937193e+01
6.900000006103515204e+01
6.719999984741211563e+01
6.520000012207030693e+01
6.799999957275390727e+01
7.059999993896484227e+01
7.260000006103516057e+01
7.280000012207031546e+01
7.700000000000000000e+01
7.339999963378906500e+01
7.299999963378905932e+01
7.819999993896485080e+01
7.919999951171874386e+01
7.660000012207031261e+01
7.999999987792968170e+01
7.819999945068359182e+01
7.919999987792968454e+01
7.979999999999999716e+01
8.299999938964843693e+01
8.099999938964843693e+01
8.179999993896484511e+01
8.019999957275391012e+01
7.959999951171874955e+01
8.079999957275390443e+01
8.019999993896485080e+01
8.079999951171875239e+01
8.299999957275390727e+01
7.999999981689452966e+01
8.219999951171874386e+01
8.159999987792969023e+01
8.239999987792968739e+01
8.179999993896484511e+01
8.119999993896485080e+01
8.079999981689452682e+01
8.039999993896483943e+01
8.179999951171875239e+01
8.199999945068358898e+01
8.239999938964844262e+01
8.259999987792969023e+01
8.259999987792969023e+01
8.359999945068359750e+01
8.119999938964843977e+01
8.219999938964843977e+01
8.319999938964843977e+01
8.359999999999999432e+01
8.259999938964843125e+01
8.159999993896484227e+01
8.019999993896485080e+01
8.240000012207030977e+01
8.179999957275390443e+01
8.159999951171874955e+01
8.159999938964843125e+01
8.159999945068359750e+01
8.139999993896483943e+01
8.139999945068359466e+01
8.119999981689453250e+01
8.239999957275391296e+01
8.279999981689452682e+01
8.199999938964843693e+01
8.219999993896485080e+01
8.219999945068359182e+01
8.299999993896484796e+01
8.219999975585938046e+01
8.199999993896484796e+01
8.279999945068360034e+01
8.119999981689453250e+01
8.199999957275390727e+01
8.359999993896484227e+01
8.019999993896485080e+01
8.059999951171874955e+01
8.419999945068359182e+01
8.359999981689453818e+01
8.439999938964844262e+01
8.299999981689452966e+01
8.199999993896484796e+01
8.319999951171874386e+01
8.259999951171874955e+01
8.279999951171875239e+01
8.179999951171875239e+01
8.199999987792968170e+01
8.199999945068358898e+01
