1.300000000762939401e+01
0.000000000000000000e+00
1.000000000000000000e+00
1.399999992370605462e+01
2.999999988555908104e+00
2.400000007629394361e+00
7.799999977111816030e+00
5.999999942779541406e-01
3.800000007629394716e+00
2.199999988555908281e+00
9.399999988555908459e+00
1.399999999999999911e+00
6.400000007629394361e+00
5.599999977111816740e+00
9.999999942779540518e-01
9.599999984741211634e+00
4.599999988555908637e+00
1.399999994277954185e+00
7.399999946594237876e+00
2.319999999999999929e+01
2.199999988555908281e+00
1.520000001525878908e+01
7.200000007629394183e+00
4.999999988555908104e+00
1.399999994659423841e+01
3.399999988555908015e+00
4.599999994277953697e+00
4.800000007629394716e+00
8.600000007629393650e+00
5.399999977111816563e+00
2.239999999999999858e+01
7.199999977111816385e+00
1.819999989318847611e+01
5.200000007629394183e+00
1.560000001525878943e+01
4.399999988555908459e+00
8.000000000000000444e-01
5.400000007629394361e+00
6.799999994277953874e+00
8.199999946594237699e+00
1.019999998474121128e+01
1.499999998474121021e+01
7.200000007629394183e+00
8.800000007629394716e+00
6.000000015258788899e+00
6.199999988555908281e+00
6.400000007629394361e+00
4.399999946594237876e+00
2.719999993896484369e+01
2.399999992370605639e+01
6.799999988555907926e+00
7.200000007629394183e+00
9.999999977111816207e+00
4.199999977111816385e+00
3.999999988555908104e+00
1.180000001525878872e+01
8.199999946594237699e+00
8.799999977111816918e+00
9.599999977111815852e+00
8.799999988555908814e+00
9.400000007629394361e+00
6.799999988555907926e+00
3.799999994277954318e+00
1.419999998855590739e+01
5.799999988555907926e+00
2.259999993896484227e+01
7.000000007629394894e+00
8.600000007629393650e+00
1.799999988555908148e+00
1.320000001525878908e+01
6.599999984741210746e+00
9.799999984741210923e+00
3.399999977111816563e+00
9.999999977111816207e+00
2.119999992370605568e+01
9.800000015258788721e+00
2.019999986267090009e+01
1.120000001525878908e+01
5.599999994277953697e+00
5.799999988555907926e+00
6.199999988555908281e+00
6.399999994277954407e+00
1.219999998474121128e+01
8.999999946594238409e+00
1.039999998474121057e+01
1.779999989318847753e+01
1.099999994659423841e+01
1.780000000000000071e+01
1.360000001525878943e+01
1.199999989318847682e+01
1.560000001525878943e+01
1.039999992370605497e+01
9.199999946594237699e+00
1.399999994659423841e+01
1.159999998474121163e+01
1.540000000000000036e+01
1.199999998474121021e+01
1.339999998474121057e+01
1.140000003051757815e+01
1.019999994659423770e+01
1.099999998474121021e+01
6.400000007629394361e+00
1.299999997711181621e+01
1.419999998474121128e+01
1.839999996948242256e+01
1.659999998474120986e+01
2.740000003051757815e+01
2.139999986267089938e+01
2.519999984741210852e+01
2.719999999999999929e+01
2.959999996948242185e+01
2.899999990844726483e+01
2.699999993896484440e+01
3.199999984741210923e+01
3.779999978637695079e+01
3.379999996948242114e+01
3.379999987792968597e+01
3.739999981689452824e+01
3.539999978637695222e+01
4.299999975585937761e+01
4.199999987792968881e+01
4.079999975585937477e+01
3.899999984741211279e+01
4.159999975585937193e+01
4.599999987792968881e+01
4.760000000000000142e+01
4.960000003051757744e+01
4.340000006103515773e+01
4.779999978637695079e+01
4.899999969482421847e+01
4.860000006103515346e+01
5.059999990844726625e+01
4.959999993896484227e+01
4.199999987792968881e+01
4.260000000000000142e+01
4.880000006103515631e+01
4.359999969482421989e+01
4.179999972534179875e+01
4.579999993896484511e+01
5.359999996948242540e+01
5.159999990844726625e+01
5.000000003051757602e+01
5.100000000000000000e+01
4.379999978637695079e+01
5.019999978637695648e+01
5.220000006103515489e+01
4.879999990844726909e+01
5.219999996948241971e+01
4.939999996948242256e+01
4.779999981689453392e+01
5.139999972534180017e+01
4.839999984741211136e+01
5.079999978637695079e+01
4.999999996948242398e+01
5.460000000000000142e+01
5.659999987792969023e+01
5.520000000000000284e+01
5.959999978637695506e+01
5.960000000000000142e+01
6.680000006103514920e+01
6.699999978637694653e+01
6.780000012207031546e+01
7.059999969482421989e+01
6.940000006103515773e+01
7.119999978637694937e+01
6.799999951171875523e+01
7.140000006103515773e+01
7.159999978637695506e+01
7.339999951171874670e+01
7.279999969482422273e+01
7.199999993896484796e+01
7.200000012207031830e+01
7.539999945068359466e+01
7.159999999999999432e+01
7.159999975585937193e+01
7.739999993896483943e+01
7.560000006103516057e+01
7.379999978637695790e+01
7.700000000000000000e+01
7.479999993896484511e+01
7.699999969482422557e+01
7.400000000000000000e+01
7.639999945068359466e+01
7.679999963378905647e+01
7.699999957275390727e+01
7.839999945068359466e+01
7.739999987792968739e+01
7.459999999999999432e+01
7.679999957275390443e+01
7.739999945068359466e+01
7.779999975585937477e+01
7.659999999999999432e+01
7.579999978637695790e+01
7.659999969482421989e+01
7.679999987792969307e+01
7.980000006103514920e+01
7.919999951171874386e+01
7.579999993896484511e+01
7.619999945068359182e+01
7.859999987792969023e+01
