0.000000000000000000e+00
8.300000000000000711e+00
1.030000000000000071e+01
1.019999999999999929e+01
9.900000000000000355e+00
9.900000000000000355e+00
1.000000000000000000e+01
1.009999999999999964e+01
1.169999999999999929e+01
2.089999999999999858e+01
2.919999999999999929e+01
7.379999999999999716e+01
8.550000000000000000e+01
7.240000000000000568e+01
8.979999999999999716e+01
9.350000000000000000e+01
9.440000000000000568e+01
9.959999999999999432e+01
9.920000000000000284e+01
9.970000000000000284e+01
9.959999999999999432e+01
9.990000000000000568e+01
9.990000000000000568e+01
9.990000000000000568e+01
9.990000000000000568e+01
1.000000000000000000e+02
1.000000000000000000e+02
1.000000000000000000e+02
1.000000000000000000e+02
1.000000000000000000e+02
1.000000000000000000e+02
1.000000000000000000e+02
1.000000000000000000e+02
1.000000000000000000e+02
1.000000000000000000e+02
1.000000000000000000e+02
1.000000000000000000e+02
1.000000000000000000e+02
1.000000000000000000e+02
1.000000000000000000e+02
