0.000000000000000000e+00
1.319999999999999929e+01
9.800000000000000711e+00
1.000000000000000000e+01
9.699999999999999289e+00
9.900000000000000355e+00
9.900000000000000355e+00
9.500000000000000000e+00
9.800000000000000711e+00
1.419999999999999929e+01
2.969999999999999929e+01
3.039999999999999858e+01
5.720000000000000284e+01
8.159999999999999432e+01
8.270000000000000284e+01
9.270000000000000284e+01
9.390000000000000568e+01
9.879999999999999716e+01
9.950000000000000000e+01
9.970000000000000284e+01
9.979999999999999716e+01
9.979999999999999716e+01
9.979999999999999716e+01
9.979999999999999716e+01
9.990000000000000568e+01
9.990000000000000568e+01
9.990000000000000568e+01
9.990000000000000568e+01
9.990000000000000568e+01
9.990000000000000568e+01
9.990000000000000568e+01
9.990000000000000568e+01
9.990000000000000568e+01
9.990000000000000568e+01
9.990000000000000568e+01
9.990000000000000568e+01
9.990000000000000568e+01
9.990000000000000568e+01
9.990000000000000568e+01
9.990000000000000568e+01
