0.000000000000000000e+00
0.000000000000000000e+00
9.599999999999999645e+00
9.699999999999999289e+00
9.400000000000000355e+00
9.500000000000000000e+00
4.489999999999999858e+01
6.929999999999999716e+01
7.079999999999999716e+01
7.800000000000000000e+01
9.570000000000000284e+01
9.859999999999999432e+01
9.320000000000000284e+01
9.829999999999999716e+01
9.740000000000000568e+01
9.770000000000000284e+01
9.890000000000000568e+01
9.929999999999999716e+01
9.990000000000000568e+01
9.940000000000000568e+01
9.920000000000000284e+01
9.920000000000000284e+01
9.920000000000000284e+01
9.940000000000000568e+01
9.940000000000000568e+01
9.959999999999999432e+01
9.959999999999999432e+01
9.959999999999999432e+01
9.959999999999999432e+01
9.959999999999999432e+01
9.959999999999999432e+01
9.970000000000000284e+01
9.970000000000000284e+01
9.970000000000000284e+01
9.970000000000000284e+01
9.970000000000000284e+01
9.970000000000000284e+01
9.970000000000000284e+01
9.970000000000000284e+01
9.970000000000000284e+01
