1.000000000000000000e+02
4.389999999999999858e+01
1.280000000000000071e+01
1.109999999999999964e+01
1.100000000000000000e+01
1.109999999999999964e+01
1.159999999999999964e+01
1.330000000000000071e+01
1.650000000000000000e+01
3.039999999999999858e+01
4.060000000000000142e+01
5.679999999999999716e+01
6.850000000000000000e+01
8.409999999999999432e+01
8.000000000000000000e+01
7.950000000000000000e+01
8.359999999999999432e+01
9.509999999999999432e+01
9.800000000000000000e+01
9.820000000000000284e+01
9.850000000000000000e+01
9.859999999999999432e+01
9.890000000000000568e+01
9.890000000000000568e+01
9.900000000000000000e+01
9.900000000000000000e+01
9.920000000000000284e+01
9.920000000000000284e+01
9.920000000000000284e+01
9.920000000000000284e+01
9.920000000000000284e+01
9.920000000000000284e+01
9.920000000000000284e+01
9.920000000000000284e+01
9.920000000000000284e+01
9.920000000000000284e+01
9.920000000000000284e+01
9.920000000000000284e+01
9.920000000000000284e+01
9.920000000000000284e+01
