0.000000000000000000e+00
0.000000000000000000e+00
1.200000000000000000e+01
1.209999999999999964e+01
1.269999999999999929e+01
1.190000000000000036e+01
2.319999999999999929e+01
5.389999999999999858e+01
4.870000000000000284e+01
8.529999999999999716e+01
8.729999999999999716e+01
9.220000000000000284e+01
9.590000000000000568e+01
9.690000000000000568e+01
9.879999999999999716e+01
9.759999999999999432e+01
9.279999999999999716e+01
9.959999999999999432e+01
9.959999999999999432e+01
9.950000000000000000e+01
9.950000000000000000e+01
9.950000000000000000e+01
9.950000000000000000e+01
9.959999999999999432e+01
9.950000000000000000e+01
9.959999999999999432e+01
9.990000000000000568e+01
9.990000000000000568e+01
9.990000000000000568e+01
9.970000000000000284e+01
9.970000000000000284e+01
9.970000000000000284e+01
9.970000000000000284e+01
9.970000000000000284e+01
9.970000000000000284e+01
9.970000000000000284e+01
9.970000000000000284e+01
9.970000000000000284e+01
9.970000000000000284e+01
9.970000000000000284e+01
