0.000000000000000000e+00
0.000000000000000000e+00
1.350000000000000000e+01
1.219999999999999929e+01
1.240000000000000036e+01
1.250000000000000000e+01
1.250000000000000000e+01
1.219999999999999929e+01
1.319999999999999929e+01
1.480000000000000071e+01
2.169999999999999929e+01
3.720000000000000284e+01
5.320000000000000284e+01
5.070000000000000284e+01
6.559999999999999432e+01
7.770000000000000284e+01
8.000000000000000000e+01
9.120000000000000284e+01
9.579999999999999716e+01
9.759999999999999432e+01
9.790000000000000568e+01
9.790000000000000568e+01
9.809999999999999432e+01
9.859999999999999432e+01
9.820000000000000284e+01
9.909999999999999432e+01
9.959999999999999432e+01
9.979999999999999716e+01
9.979999999999999716e+01
9.979999999999999716e+01
9.979999999999999716e+01
9.979999999999999716e+01
9.979999999999999716e+01
9.979999999999999716e+01
9.979999999999999716e+01
9.979999999999999716e+01
9.979999999999999716e+01
9.979999999999999716e+01
9.979999999999999716e+01
9.979999999999999716e+01
