0.000000000000000000e+00
0.000000000000000000e+00
1.019999999999999929e+01
1.119999999999999929e+01
1.109999999999999964e+01
1.190000000000000036e+01
1.140000000000000036e+01
1.140000000000000036e+01
1.369999999999999929e+01
1.750000000000000000e+01
2.639999999999999858e+01
4.410000000000000142e+01
4.870000000000000284e+01
6.329999999999999716e+01
7.490000000000000568e+01
8.359999999999999432e+01
7.940000000000000568e+01
9.240000000000000568e+01
9.709999999999999432e+01
9.870000000000000284e+01
9.900000000000000000e+01
9.909999999999999432e+01
9.929999999999999716e+01
9.940000000000000568e+01
9.940000000000000568e+01
9.959999999999999432e+01
9.970000000000000284e+01
9.990000000000000568e+01
9.990000000000000568e+01
9.990000000000000568e+01
9.990000000000000568e+01
9.990000000000000568e+01
9.990000000000000568e+01
9.990000000000000568e+01
9.990000000000000568e+01
9.990000000000000568e+01
9.990000000000000568e+01
9.990000000000000568e+01
9.990000000000000568e+01
9.990000000000000568e+01
