7.000000012207031830e+01
1.979999995422363313e+01
2.780000000000000071e+01
7.299999969482422557e+01
9.199999977111817273e+00
4.179999978637695079e+01
7.000000012207031830e+01
6.720000012207030693e+01
1.839999995422363455e+01
2.780000000000000071e+01
1.520000001525878908e+01
1.359999994659423805e+01
5.260000003051757744e+01
1.199999997711181621e+01
1.240000001525878837e+01
6.699999975585937761e+01
5.739999993896484654e+01
1.240000001525878837e+01
5.279999999999999716e+01
2.620000003051757886e+01
1.219999994659423770e+01
3.859999984741210710e+01
3.699999987792968881e+01
1.959999998474120986e+01
5.439999996948242256e+01
3.739999981689452824e+01
2.299999989318847682e+01
6.679999978637695790e+01
1.679999998474121270e+01
2.939999996948242256e+01
5.439999996948242256e+01
2.019999989318847611e+01
2.979999990844726554e+01
2.799999996948242043e+01
2.119999995422363170e+01
3.259999990844726625e+01
2.019999989318847611e+01
2.340000003051757815e+01
2.939999996948242256e+01
6.079999984741210994e+01
2.159999989318847824e+01
2.459999986267089866e+01
5.299999996948242398e+01
4.960000006103515346e+01
6.059999987792969023e+01
5.759999990844726625e+01
4.319999978637695648e+01
4.499999972534179449e+01
2.819999993896484369e+01
1.839999995422363455e+01
4.339999975585937619e+01
3.399999990844726483e+01
1.859999992370605426e+01
3.079999996948242114e+01
1.419999995422363348e+01
1.399999998474121021e+01
4.840000003051757460e+01
3.259999990844726625e+01
1.699999995422363241e+01
4.399999994277954407e+00
2.659999996948242185e+01
1.559999995422363206e+01
2.279999992370605355e+01
4.019999981689453250e+01
3.899999978637695364e+01
3.239999993896484654e+01
5.260000003051757744e+01
2.200000003051757957e+01
2.480000003051757673e+01
4.659999969482421989e+01
9.399999946594238764e+00
1.240000001525878837e+01
5.120000003051757886e+01
4.519999969482422131e+01
1.219999994659423770e+01
6.259999978637695506e+01
9.399999946594238764e+00
2.299999989318847682e+01
3.459999981689453108e+01
4.039999978637695222e+01
7.799999977111816030e+00
1.579999992370605533e+01
2.340000003051757815e+01
2.500000000000000000e+01
2.019999989318847611e+01
2.179999986267089795e+01
2.340000003051757815e+01
2.179999986267089795e+01
2.659999996948242185e+01
2.340000003051757815e+01
1.859999992370605426e+01
2.019999989318847611e+01
2.639999999999999858e+01
2.019999989318847611e+01
2.639999999999999858e+01
2.159999989318847824e+01
1.559999995422363206e+01
2.480000003051757673e+01
2.459999986267089866e+01
2.019999989318847611e+01
2.799999996948242043e+01
2.480000003051757673e+01
1.699999995422363241e+01
2.159999989318847824e+01
2.319999986267090009e+01
1.699999995422363241e+01
2.159999989318847824e+01
2.480000003051757673e+01
1.859999992370605426e+01
2.480000003051757673e+01
2.480000003051757673e+01
1.839999995422363455e+01
2.159999989318847824e+01
1.999999992370605639e+01
2.159999989318847824e+01
2.159999989318847824e+01
2.159999989318847824e+01
1.999999992370605639e+01
2.480000003051757673e+01
1.999999992370605639e+01
2.159999989318847824e+01
1.839999995422363455e+01
1.839999995422363455e+01
1.699999995422363241e+01
1.999999992370605639e+01
1.999999992370605639e+01
1.839999995422363455e+01
2.319999986267090009e+01
1.999999992370605639e+01
1.839999995422363455e+01
1.999999992370605639e+01
1.999999992370605639e+01
1.839999995422363455e+01
1.839999995422363455e+01
1.999999992370605639e+01
1.839999995422363455e+01
1.999999992370605639e+01
2.159999989318847824e+01
1.839999995422363455e+01
1.839999995422363455e+01
1.999999992370605639e+01
1.839999995422363455e+01
1.999999992370605639e+01
1.999999992370605639e+01
1.839999995422363455e+01
2.159999989318847824e+01
2.159999989318847824e+01
1.839999995422363455e+01
2.159999989318847824e+01
1.839999995422363455e+01
1.839999995422363455e+01
2.159999989318847824e+01
2.159999989318847824e+01
1.839999995422363455e+01
2.480000003051757673e+01
2.159999989318847824e+01
1.839999995422363455e+01
2.159999989318847824e+01
2.319999986267090009e+01
1.839999995422363455e+01
2.319999986267090009e+01
1.999999992370605639e+01
1.839999995422363455e+01
2.319999986267090009e+01
2.319999986267090009e+01
1.839999995422363455e+01
2.159999989318847824e+01
2.159999989318847824e+01
1.839999995422363455e+01
1.839999995422363455e+01
2.159999989318847824e+01
1.839999995422363455e+01
2.159999989318847824e+01
2.159999989318847824e+01
1.839999995422363455e+01
2.159999989318847824e+01
1.999999992370605639e+01
1.839999995422363455e+01
2.159999989318847824e+01
2.159999989318847824e+01
1.839999995422363455e+01
2.319999986267090009e+01
2.159999989318847824e+01
1.839999995422363455e+01
2.159999989318847824e+01
2.159999989318847824e+01
1.839999995422363455e+01
2.319999986267090009e+01
2.319999986267090009e+01
1.839999995422363455e+01
2.159999989318847824e+01
2.159999989318847824e+01
1.839999995422363455e+01
1.999999992370605639e+01
1.839999995422363455e+01
1.839999995422363455e+01
2.319999986267090009e+01
2.639999999999999858e+01
1.839999995422363455e+01
2.480000003051757673e+01
