4.039999978637695222e+01
2.879999986267089795e+01
1.259999998474121163e+01
8.559999987792969023e+01
2.159999989318847824e+01
4.299999981689452966e+01
6.219999984741210852e+01
1.879999989318847753e+01
4.659999969482421989e+01
6.079999984741210994e+01
9.199999977111817273e+00
1.380000001525878872e+01
6.379999981689453392e+01
1.240000001525878837e+01
2.139999992370605497e+01
6.699999975585937761e+01
7.999999946594238409e+00
3.239999993896484654e+01
3.279999987792968597e+01
1.599999994277954141e+00
1.699999995422363241e+01
2.340000003051757815e+01
2.799999996948242043e+01
9.000000007629394005e+00
7.460000006103516057e+01
3.619999978637695648e+01
2.620000003051757886e+01
6.720000012207030693e+01
1.879999989318847753e+01
2.500000000000000000e+01
7.619999963378906216e+01
1.699999995422363241e+01
1.599999994277954141e+00
5.279999999999999716e+01
1.079999994659423912e+01
3.759999978637695506e+01
5.499999987792968881e+01
2.500000000000000000e+01
4.599999988555908637e+00
3.759999978637695506e+01
3.559999987792969023e+01
3.899999978637695364e+01
3.459999981689453108e+01
4.779999972534179875e+01
9.199999977111817273e+00
4.019999981689453250e+01
2.999999994277954052e+00
1.859999992370605426e+01
5.000000000000000000e+01
5.759999990844726625e+01
9.199999977111817273e+00
5.479999990844726909e+01
1.259999998474121163e+01
1.399999998474121021e+01
6.699999975585937761e+01
3.399999990844726483e+01
4.599999988555908637e+00
5.779999987792968597e+01
1.240000001525878837e+01
1.879999989318847753e+01
2.659999996948242185e+01
2.159999989318847824e+01
2.979999990844726554e+01
2.500000000000000000e+01
2.500000000000000000e+01
4.339999975585937619e+01
2.360000000000000142e+01
2.019999989318847611e+01
4.560000003051757744e+01
5.759999990844726625e+01
4.779999972534179875e+01
4.479999975585937477e+01
5.139999999999999858e+01
1.079999994659423912e+01
1.380000001525878872e+01
5.739999993896484654e+01
2.200000003051757957e+01
9.199999977111817273e+00
3.279999987792968597e+01
4.599999988555908637e+00
4.039999978637695222e+01
2.959999993896484227e+01
2.179999986267089795e+01
2.500000000000000000e+01
2.500000000000000000e+01
2.659999996948242185e+01
2.819999993896484369e+01
2.340000003051757815e+01
2.659999996948242185e+01
2.019999989318847611e+01
2.179999986267089795e+01
2.019999989318847611e+01
2.500000000000000000e+01
1.859999992370605426e+01
2.819999993896484369e+01
2.340000003051757815e+01
1.859999992370605426e+01
2.500000000000000000e+01
2.340000003051757815e+01
2.019999989318847611e+01
2.340000003051757815e+01
1.539999998474121057e+01
2.179999986267089795e+01
2.979999990844726554e+01
2.179999986267089795e+01
1.859999992370605426e+01
2.019999989318847611e+01
2.659999996948242185e+01
2.659999996948242185e+01
2.500000000000000000e+01
2.019999989318847611e+01
2.019999989318847611e+01
2.340000003051757815e+01
2.340000003051757815e+01
2.340000003051757815e+01
2.019999989318847611e+01
2.500000000000000000e+01
1.859999992370605426e+01
2.340000003051757815e+01
2.179999986267089795e+01
1.699999995422363241e+01
2.019999989318847611e+01
2.019999989318847611e+01
1.539999998474121057e+01
2.179999986267089795e+01
1.859999992370605426e+01
1.859999992370605426e+01
2.179999986267089795e+01
2.019999989318847611e+01
1.859999992370605426e+01
2.179999986267089795e+01
2.019999989318847611e+01
1.699999995422363241e+01
2.179999986267089795e+01
2.019999989318847611e+01
2.019999989318847611e+01
2.340000003051757815e+01
2.019999989318847611e+01
1.859999992370605426e+01
2.019999989318847611e+01
2.179999986267089795e+01
1.859999992370605426e+01
2.179999986267089795e+01
2.179999986267089795e+01
1.859999992370605426e+01
2.019999989318847611e+01
2.179999986267089795e+01
1.539999998474121057e+01
2.179999986267089795e+01
2.019999989318847611e+01
1.539999998474121057e+01
2.179999986267089795e+01
2.179999986267089795e+01
2.019999989318847611e+01
2.500000000000000000e+01
2.340000003051757815e+01
1.539999998474121057e+01
2.179999986267089795e+01
2.179999986267089795e+01
2.019999989318847611e+01
2.179999986267089795e+01
2.179999986267089795e+01
1.859999992370605426e+01
2.179999986267089795e+01
2.340000003051757815e+01
2.019999989318847611e+01
2.179999986267089795e+01
2.179999986267089795e+01
1.699999995422363241e+01
2.179999986267089795e+01
2.179999986267089795e+01
1.859999992370605426e+01
2.179999986267089795e+01
2.340000003051757815e+01
1.539999998474121057e+01
2.019999989318847611e+01
2.179999986267089795e+01
1.699999995422363241e+01
2.179999986267089795e+01
2.019999989318847611e+01
1.699999995422363241e+01
2.340000003051757815e+01
2.019999989318847611e+01
1.699999995422363241e+01
2.179999986267089795e+01
2.019999989318847611e+01
1.539999998474121057e+01
2.019999989318847611e+01
2.019999989318847611e+01
1.699999995422363241e+01
2.019999989318847611e+01
2.019999989318847611e+01
1.699999995422363241e+01
2.019999989318847611e+01
2.179999986267089795e+01
2.019999989318847611e+01
2.340000003051757815e+01
2.019999989318847611e+01
1.859999992370605426e+01
2.019999989318847611e+01
