1.699999995422363241e+01
6.179999990844726909e+01
8.079999957275390443e+01
5.079999969482421562e+01
1.719999992370605568e+01
3.539999990844726341e+01
5.459999993896484227e+01
5.599999993896484085e+01
3.839999987792968739e+01
1.679999998474121270e+01
4.599999988555908637e+00
3.379999993896484511e+01
5.739999993896484654e+01
3.679999990844726909e+01
4.319999978637695648e+01
2.500000000000000000e+01
2.139999992370605497e+01
1.380000001525878872e+01
6.399999978637695364e+01
2.799999996948242043e+01
1.240000001525878837e+01
4.359999972534179591e+01
3.319999981689453250e+01
3.579999984741210994e+01
3.899999978637695364e+01
6.419999975585938046e+01
3.139999987792968739e+01
4.980000003051758029e+01
5.939999984741211136e+01
4.540000006103515773e+01
5.779999987792968597e+01
2.799999996948242043e+01
1.399999998474121021e+01
5.659999984741210710e+01
3.139999987792968739e+01
3.119999990844726412e+01
3.739999981689452824e+01
4.219999972534179733e+01
4.379999969482421562e+01
1.879999989318847753e+01
1.559999995422363206e+01
7.799999977111816030e+00
1.719999992370605568e+01
2.659999996948242185e+01
1.839999995422363455e+01
4.059999975585937193e+01
3.459999981689453108e+01
2.519999996948242327e+01
1.579999992370605533e+01
3.419999987792968454e+01
1.539999998474121057e+01
4.860000000000000142e+01
3.919999975585937335e+01
4.199999975585937761e+01
2.959999993896484227e+01
5.599999993896484085e+01
3.419999987792968454e+01
9.399999946594238764e+00
3.759999978637695506e+01
4.860000000000000142e+01
2.959999993896484227e+01
3.779999975585937477e+01
2.159999989318847824e+01
3.579999984741210994e+01
3.559999987792969023e+01
3.759999978637695506e+01
2.340000003051757815e+01
2.179999986267089795e+01
3.139999987792968739e+01
2.340000003051757815e+01
2.799999996948242043e+01
4.359999972534179591e+01
1.859999992370605426e+01
2.959999993896484227e+01
2.039999986267089938e+01
3.919999975585937335e+01
4.199999975585937761e+01
3.719999984741210852e+01
2.939999996948242256e+01
3.719999984741210852e+01
3.139999987792968739e+01
2.979999990844726554e+01
2.340000003051757815e+01
3.599999981689452966e+01
2.500000000000000000e+01
2.340000003051757815e+01
2.959999993896484227e+01
2.639999999999999858e+01
2.819999993896484369e+01
2.819999993896484369e+01
2.819999993896484369e+01
2.340000003051757815e+01
2.659999996948242185e+01
2.500000000000000000e+01
2.959999993896484227e+01
3.119999990844726412e+01
2.799999996948242043e+01
2.179999986267089795e+01
2.340000003051757815e+01
2.659999996948242185e+01
2.500000000000000000e+01
2.500000000000000000e+01
2.819999993896484369e+01
2.500000000000000000e+01
2.819999993896484369e+01
2.500000000000000000e+01
2.500000000000000000e+01
2.659999996948242185e+01
2.340000003051757815e+01
2.340000003051757815e+01
2.659999996948242185e+01
2.979999990844726554e+01
2.340000003051757815e+01
2.500000000000000000e+01
2.500000000000000000e+01
2.500000000000000000e+01
2.979999990844726554e+01
2.659999996948242185e+01
2.340000003051757815e+01
2.340000003051757815e+01
2.659999996948242185e+01
2.340000003051757815e+01
2.659999996948242185e+01
2.659999996948242185e+01
2.340000003051757815e+01
2.500000000000000000e+01
2.319999986267090009e+01
2.179999986267089795e+01
2.639999999999999858e+01
2.340000003051757815e+01
2.340000003051757815e+01
2.500000000000000000e+01
2.340000003051757815e+01
2.500000000000000000e+01
2.639999999999999858e+01
2.179999986267089795e+01
2.500000000000000000e+01
2.639999999999999858e+01
2.500000000000000000e+01
2.500000000000000000e+01
2.500000000000000000e+01
2.340000003051757815e+01
2.340000003051757815e+01
2.500000000000000000e+01
2.340000003051757815e+01
2.500000000000000000e+01
2.500000000000000000e+01
2.340000003051757815e+01
2.500000000000000000e+01
2.500000000000000000e+01
2.500000000000000000e+01
2.340000003051757815e+01
2.500000000000000000e+01
2.340000003051757815e+01
2.500000000000000000e+01
2.340000003051757815e+01
2.500000000000000000e+01
2.500000000000000000e+01
2.500000000000000000e+01
2.340000003051757815e+01
2.340000003051757815e+01
2.500000000000000000e+01
2.500000000000000000e+01
2.500000000000000000e+01
2.340000003051757815e+01
2.340000003051757815e+01
2.340000003051757815e+01
2.500000000000000000e+01
2.500000000000000000e+01
2.500000000000000000e+01
2.500000000000000000e+01
2.500000000000000000e+01
2.500000000000000000e+01
2.639999999999999858e+01
2.500000000000000000e+01
2.340000003051757815e+01
2.500000000000000000e+01
2.179999986267089795e+01
2.500000000000000000e+01
2.500000000000000000e+01
2.500000000000000000e+01
2.500000000000000000e+01
2.500000000000000000e+01
2.340000003051757815e+01
2.340000003051757815e+01
2.500000000000000000e+01
2.500000000000000000e+01
2.500000000000000000e+01
2.500000000000000000e+01
2.500000000000000000e+01
2.500000000000000000e+01
2.500000000000000000e+01
2.500000000000000000e+01
2.659999996948242185e+01
2.500000000000000000e+01
2.659999996948242185e+01
2.500000000000000000e+01
2.500000000000000000e+01
2.500000000000000000e+01
2.500000000000000000e+01
