1.679999998474121270e+01
4.319999978637695648e+01
4.619999975585937335e+01
5.599999993896484085e+01
3.219999996948241971e+01
5.579999996948242114e+01
3.579999984741210994e+01
2.959999993896484227e+01
1.979999995422363313e+01
1.399999998474121021e+01
3.079999996948242114e+01
2.579999989318847753e+01
5.279999999999999716e+01
1.979999995422363313e+01
2.780000000000000071e+01
5.100000006103515915e+01
7.999999946594238409e+00
3.879999981689453392e+01
4.479999975585937477e+01
1.719999992370605568e+01
1.899999986267089724e+01
4.980000003051758029e+01
1.100000001525878979e+01
6.200000007629394183e+00
1.399999998474121021e+01
4.159999981689453108e+01
1.219999994659423770e+01
4.820000006103515489e+01
3.899999978637695364e+01
4.079999972534179875e+01
1.380000001525878872e+01
4.399999994277954407e+00
4.820000006103515489e+01
5.859999996948242540e+01
6.399999977111816563e+00
1.380000001525878872e+01
5.319999993896484369e+01
1.879999989318847753e+01
2.319999986267090009e+01
2.780000000000000071e+01
2.159999989318847824e+01
2.780000000000000071e+01
5.299999996948242398e+01
6.219999984741210852e+01
1.539999998474121057e+01
1.240000001525878837e+01
1.539999998474121057e+01
9.199999977111817273e+00
3.119999990844726412e+01
3.279999987792968597e+01
2.500000000000000000e+01
4.079999972534179875e+01
2.819999993896484369e+01
1.079999994659423912e+01
2.480000003051757673e+01
3.699999987792968881e+01
1.399999998474121021e+01
2.340000003051757815e+01
1.719999992370605568e+01
2.480000003051757673e+01
3.919999975585937335e+01
2.019999989318847611e+01
3.879999981689453392e+01
1.539999998474121057e+01
2.480000003051757673e+01
2.999999994277954052e+00
3.779999975585937477e+01
1.839999995422363455e+01
3.139999987792968739e+01
3.419999987792968454e+01
6.399999977111816563e+00
1.539999998474121057e+01
2.200000003051757957e+01
3.419999987792968454e+01
1.699999995422363241e+01
3.739999981689452824e+01
1.719999992370605568e+01
2.780000000000000071e+01
4.540000006103515773e+01
1.380000001525878872e+01
1.699999995422363241e+01
2.179999986267089795e+01
2.179999986267089795e+01
2.500000000000000000e+01
3.139999987792968739e+01
2.819999993896484369e+01
2.979999990844726554e+01
3.139999987792968739e+01
2.819999993896484369e+01
2.659999996948242185e+01
2.659999996948242185e+01
2.340000003051757815e+01
2.819999993896484369e+01
2.340000003051757815e+01
2.179999986267089795e+01
2.659999996948242185e+01
2.340000003051757815e+01
2.340000003051757815e+01
2.979999990844726554e+01
2.500000000000000000e+01
2.340000003051757815e+01
2.659999996948242185e+01
2.179999986267089795e+01
2.340000003051757815e+01
2.340000003051757815e+01
2.179999986267089795e+01
2.500000000000000000e+01
2.819999993896484369e+01
2.340000003051757815e+01
2.019999989318847611e+01
2.500000000000000000e+01
2.179999986267089795e+01
2.340000003051757815e+01
2.179999986267089795e+01
2.340000003051757815e+01
2.179999986267089795e+01
2.340000003051757815e+01
2.979999990844726554e+01
2.179999986267089795e+01
2.179999986267089795e+01
1.859999992370605426e+01
2.340000003051757815e+01
2.179999986267089795e+01
2.019999989318847611e+01
2.340000003051757815e+01
2.500000000000000000e+01
2.819999993896484369e+01
2.019999989318847611e+01
2.340000003051757815e+01
2.340000003051757815e+01
2.340000003051757815e+01
2.340000003051757815e+01
2.019999989318847611e+01
2.340000003051757815e+01
2.340000003051757815e+01
2.340000003051757815e+01
2.019999989318847611e+01
2.179999986267089795e+01
2.179999986267089795e+01
2.340000003051757815e+01
2.179999986267089795e+01
2.340000003051757815e+01
2.340000003051757815e+01
2.179999986267089795e+01
2.340000003051757815e+01
2.019999989318847611e+01
2.179999986267089795e+01
2.659999996948242185e+01
2.179999986267089795e+01
2.179999986267089795e+01
2.179999986267089795e+01
2.179999986267089795e+01
2.179999986267089795e+01
2.340000003051757815e+01
2.500000000000000000e+01
2.500000000000000000e+01
2.179999986267089795e+01
2.340000003051757815e+01
2.500000000000000000e+01
2.179999986267089795e+01
2.500000000000000000e+01
2.179999986267089795e+01
2.179999986267089795e+01
2.179999986267089795e+01
2.179999986267089795e+01
2.340000003051757815e+01
2.179999986267089795e+01
2.179999986267089795e+01
2.340000003051757815e+01
2.179999986267089795e+01
2.340000003051757815e+01
2.179999986267089795e+01
2.179999986267089795e+01
2.179999986267089795e+01
2.340000003051757815e+01
2.179999986267089795e+01
2.179999986267089795e+01
2.179999986267089795e+01
2.340000003051757815e+01
2.179999986267089795e+01
2.340000003051757815e+01
2.179999986267089795e+01
2.179999986267089795e+01
2.179999986267089795e+01
2.179999986267089795e+01
2.179999986267089795e+01
2.819999993896484369e+01
2.179999986267089795e+01
2.340000003051757815e+01
2.500000000000000000e+01
2.179999986267089795e+01
2.819999993896484369e+01
2.500000000000000000e+01
2.179999986267089795e+01
2.659999996948242185e+01
2.179999986267089795e+01
2.179999986267089795e+01
2.179999986267089795e+01
2.179999986267089795e+01
2.179999986267089795e+01
