3.499999996948242398e+01
1.279999995422363313e+01
2.340000003051757815e+01
3.719999984741210852e+01
3.239999993896484654e+01
4.799999969482421847e+01
7.399999988555908459e+00
4.799999969482421847e+01
1.240000001525878837e+01
6.839999975585936909e+01
3.399999990844726483e+01
4.459999978637695506e+01
6.659999981689453818e+01
4.379999969482421562e+01
3.879999981689453392e+01
1.240000001525878837e+01
3.739999981689452824e+01
2.179999986267089795e+01
3.559999987792969023e+01
5.279999999999999716e+01
4.779999972534179875e+01
2.480000003051757673e+01
1.399999998474121021e+01
1.079999994659423912e+01
3.919999975585937335e+01
1.559999995422363206e+01
3.559999987792969023e+01
1.100000001525878979e+01
2.639999999999999858e+01
3.379999993896484511e+01
2.139999992370605497e+01
3.399999990844726483e+01
3.719999984741210852e+01
4.359999972534179591e+01
7.799999977111816030e+00
5.000000000000000000e+01
2.200000003051757957e+01
3.579999984741210994e+01
2.780000000000000071e+01
1.719999992370605568e+01
4.039999978637695222e+01
4.659999969482421989e+01
1.559999995422363206e+01
3.459999981689453108e+01
3.099999993896484440e+01
3.599999981689452966e+01
3.579999984741210994e+01
3.579999984741210994e+01
4.659999969482421989e+01
3.259999990844726625e+01
3.299999984741211279e+01
2.799999996948242043e+01
1.859999992370605426e+01
2.500000000000000000e+01
2.939999996948242256e+01
2.799999996948242043e+01
2.200000003051757957e+01
9.399999946594238764e+00
2.979999990844726554e+01
2.360000000000000142e+01
2.480000003051757673e+01
2.979999990844726554e+01
2.319999986267090009e+01
2.500000000000000000e+01
2.979999990844726554e+01
3.419999987792968454e+01
2.819999993896484369e+01
3.279999987792968597e+01
3.579999984741210994e+01
2.340000003051757815e+01
3.119999990844726412e+01
9.399999946594238764e+00
2.200000003051757957e+01
3.459999981689453108e+01
1.559999995422363206e+01
3.119999990844726412e+01
3.759999978637695506e+01
3.739999981689452824e+01
2.179999986267089795e+01
3.579999984741210994e+01
3.279999987792968597e+01
2.480000003051757673e+01
3.119999990844726412e+01
2.519999996948242327e+01
2.959999993896484227e+01
3.279999987792968597e+01
2.659999996948242185e+01
2.659999996948242185e+01
2.819999993896484369e+01
2.659999996948242185e+01
2.819999993896484369e+01
2.659999996948242185e+01
2.819999993896484369e+01
2.819999993896484369e+01
2.819999993896484369e+01
2.659999996948242185e+01
2.360000000000000142e+01
3.139999987792968739e+01
2.659999996948242185e+01
2.500000000000000000e+01
2.819999993896484369e+01
2.659999996948242185e+01
2.819999993896484369e+01
2.819999993896484369e+01
2.799999996948242043e+01
2.819999993896484369e+01
2.659999996948242185e+01
2.500000000000000000e+01
2.659999996948242185e+01
2.500000000000000000e+01
2.659999996948242185e+01
2.819999993896484369e+01
2.659999996948242185e+01
2.519999996948242327e+01
3.139999987792968739e+01
2.819999993896484369e+01
2.500000000000000000e+01
2.659999996948242185e+01
2.659999996948242185e+01
2.340000003051757815e+01
2.500000000000000000e+01
2.500000000000000000e+01
2.340000003051757815e+01
2.659999996948242185e+01
2.659999996948242185e+01
2.659999996948242185e+01
2.500000000000000000e+01
2.659999996948242185e+01
2.659999996948242185e+01
2.500000000000000000e+01
2.659999996948242185e+01
2.500000000000000000e+01
2.500000000000000000e+01
2.659999996948242185e+01
2.500000000000000000e+01
2.500000000000000000e+01
2.500000000000000000e+01
2.659999996948242185e+01
2.500000000000000000e+01
2.500000000000000000e+01
2.659999996948242185e+01
2.659999996948242185e+01
2.659999996948242185e+01
2.500000000000000000e+01
2.500000000000000000e+01
2.500000000000000000e+01
2.659999996948242185e+01
2.659999996948242185e+01
2.659999996948242185e+01
2.659999996948242185e+01
2.659999996948242185e+01
2.500000000000000000e+01
2.659999996948242185e+01
2.659999996948242185e+01
2.500000000000000000e+01
2.659999996948242185e+01
2.500000000000000000e+01
2.659999996948242185e+01
2.659999996948242185e+01
2.659999996948242185e+01
2.819999993896484369e+01
2.659999996948242185e+01
2.659999996948242185e+01
2.500000000000000000e+01
2.659999996948242185e+01
2.659999996948242185e+01
2.659999996948242185e+01
2.500000000000000000e+01
2.500000000000000000e+01
2.500000000000000000e+01
2.659999996948242185e+01
2.659999996948242185e+01
2.659999996948242185e+01
2.659999996948242185e+01
2.500000000000000000e+01
2.659999996948242185e+01
2.659999996948242185e+01
2.819999993896484369e+01
2.659999996948242185e+01
2.659999996948242185e+01
2.500000000000000000e+01
2.659999996948242185e+01
2.500000000000000000e+01
2.659999996948242185e+01
2.659999996948242185e+01
2.659999996948242185e+01
2.659999996948242185e+01
2.500000000000000000e+01
2.659999996948242185e+01
2.659999996948242185e+01
2.659999996948242185e+01
2.659999996948242185e+01
2.659999996948242185e+01
2.659999996948242185e+01
2.659999996948242185e+01
2.659999996948242185e+01
2.659999996948242185e+01
2.659999996948242185e+01
2.519999996948242327e+01
2.659999996948242185e+01
