5.260000003051757744e+01
1.879999989318847753e+01
1.219999994659423770e+01
1.679999998474121270e+01
3.559999987792969023e+01
1.999999992370605639e+01
3.859999984741210710e+01
1.059999997711181585e+01
4.199999975585937761e+01
2.819999993896484369e+01
2.760000003051757744e+01
9.000000007629394005e+00
2.739999986267089938e+01
7.399999988555908459e+00
4.200000000000000178e+00
1.199999997711181621e+01
3.399999990844726483e+01
1.199999997711181621e+01
1.199999997711181621e+01
9.000000007629394005e+00
1.219999994659423770e+01
2.939999996948242256e+01
3.719999984741210852e+01
4.179999978637695079e+01
1.839999995422363455e+01
2.299999989318847682e+01
9.000000007629394005e+00
2.139999992370605497e+01
3.099999993896484440e+01
1.999999992370605639e+01
1.679999998474121270e+01
2.819999993896484369e+01
1.999999992370605639e+01
1.079999994659423912e+01
1.219999994659423770e+01
1.520000001525878908e+01
1.079999994659423912e+01
2.939999996948242256e+01
2.019999989318847611e+01
3.099999993896484440e+01
1.839999995422363455e+01
3.879999981689453392e+01
2.319999986267090009e+01
3.099999993896484440e+01
2.799999996948242043e+01
4.359999972534179591e+01
2.780000000000000071e+01
3.399999990844726483e+01
3.099999993896484440e+01
1.699999995422363241e+01
2.480000003051757673e+01
2.480000003051757673e+01
2.299999989318847682e+01
3.259999990844726625e+01
1.839999995422363455e+01
3.599999981689452966e+01
2.939999996948242256e+01
3.099999993896484440e+01
1.699999995422363241e+01
2.179999986267089795e+01
2.319999986267090009e+01
5.299999996948242398e+01
3.399999990844726483e+01
2.319999986267090009e+01
2.139999992370605497e+01
4.199999975585937761e+01
2.799999996948242043e+01
1.520000001525878908e+01
3.099999993896484440e+01
4.019999981689453250e+01
2.939999996948242256e+01
2.939999996948242256e+01
3.259999990844726625e+01
1.359999994659423805e+01
3.419999987792968454e+01
4.039999978637695222e+01
2.639999999999999858e+01
3.699999987792968881e+01
3.739999981689452824e+01
2.939999996948242256e+01
3.259999990844726625e+01
2.459999986267089866e+01
2.620000003051757886e+01
2.780000000000000071e+01
2.939999996948242256e+01
2.620000003051757886e+01
2.780000000000000071e+01
2.939999996948242256e+01
2.620000003051757886e+01
2.480000003051757673e+01
2.780000000000000071e+01
2.480000003051757673e+01
2.480000003051757673e+01
2.780000000000000071e+01
2.319999986267090009e+01
2.639999999999999858e+01
3.239999993896484654e+01
2.480000003051757673e+01
2.480000003051757673e+01
2.939999996948242256e+01
2.480000003051757673e+01
2.480000003051757673e+01
2.780000000000000071e+01
2.639999999999999858e+01
2.480000003051757673e+01
2.939999996948242256e+01
2.480000003051757673e+01
2.159999989318847824e+01
3.259999990844726625e+01
2.480000003051757673e+01
2.959999993896484227e+01
3.079999996948242114e+01
2.480000003051757673e+01
2.639999999999999858e+01
3.259999990844726625e+01
2.639999999999999858e+01
2.639999999999999858e+01
2.620000003051757886e+01
2.639999999999999858e+01
2.639999999999999858e+01
3.419999987792968454e+01
3.119999990844726412e+01
2.959999993896484227e+01
3.419999987792968454e+01
2.639999999999999858e+01
2.799999996948242043e+01
3.259999990844726625e+01
2.959999993896484227e+01
2.639999999999999858e+01
3.419999987792968454e+01
2.959999993896484227e+01
2.799999996948242043e+01
3.259999990844726625e+01
2.639999999999999858e+01
2.639999999999999858e+01
3.099999993896484440e+01
2.639999999999999858e+01
2.639999999999999858e+01
3.099999993896484440e+01
2.799999996948242043e+01
2.319999986267090009e+01
3.099999993896484440e+01
2.959999993896484227e+01
2.639999999999999858e+01
3.259999990844726625e+01
2.319999986267090009e+01
2.639999999999999858e+01
3.099999993896484440e+01
2.639999999999999858e+01
2.639999999999999858e+01
3.259999990844726625e+01
2.799999996948242043e+01
2.480000003051757673e+01
3.099999993896484440e+01
2.959999993896484227e+01
2.639999999999999858e+01
3.099999993896484440e+01
2.639999999999999858e+01
2.480000003051757673e+01
3.259999990844726625e+01
2.799999996948242043e+01
2.639999999999999858e+01
3.099999993896484440e+01
2.959999993896484227e+01
2.639999999999999858e+01
2.799999996948242043e+01
2.639999999999999858e+01
2.639999999999999858e+01
2.939999996948242256e+01
2.639999999999999858e+01
2.639999999999999858e+01
3.099999993896484440e+01
2.639999999999999858e+01
2.639999999999999858e+01
3.099999993896484440e+01
2.639999999999999858e+01
2.639999999999999858e+01
3.099999993896484440e+01
2.639999999999999858e+01
2.639999999999999858e+01
3.099999993896484440e+01
2.959999993896484227e+01
2.639999999999999858e+01
3.099999993896484440e+01
2.799999996948242043e+01
2.639999999999999858e+01
3.099999993896484440e+01
2.639999999999999858e+01
2.799999996948242043e+01
2.799999996948242043e+01
2.639999999999999858e+01
2.639999999999999858e+01
3.099999993896484440e+01
2.799999996948242043e+01
2.639999999999999858e+01
3.099999993896484440e+01
2.959999993896484227e+01
2.799999996948242043e+01
3.099999993896484440e+01
2.959999993896484227e+01
