0.000000000000000000e+00
1.079999997711181692e+01
8.799999946594239120e+00
9.800000015258788721e+00
6.999999946594238409e+00
3.819999987792968454e+01
1.640000001525879014e+01
4.419999993896484369e+01
5.839999984741211136e+01
5.680000012207031546e+01
2.220000003051757886e+01
5.339999996948242256e+01
7.619999987792968454e+01
2.400000003051757957e+01
2.719999996948242327e+01
2.839999993896484298e+01
3.260000000000000142e+01
5.479999984741210994e+01
6.320000000000000284e+01
5.020000003051757886e+01
3.019999987792968810e+01
4.099999993896484085e+01
5.159999972534179591e+01
6.479999987792969307e+01
7.719999993896485080e+01
3.619999975585937335e+01
1.819999993896484369e+01
1.479999997711181692e+01
2.059999995422363384e+01
4.780000003051758029e+01
6.559999981689453818e+01
7.279999993896484511e+01
1.219999995422363348e+01
6.799999969482422557e+01
6.419999990844726767e+01
7.079999981689452682e+01
6.319999984741210852e+01
8.779999981689452682e+01
4.819999981689453250e+01
8.819999975585938046e+01
5.379999972534179875e+01
7.120000006103515489e+01
7.840000000000000568e+01
7.939999987792968739e+01
6.479999984741210994e+01
9.319999963378906216e+01
5.279999984741210994e+01
8.459999938964843125e+01
3.559999993896484227e+01
7.420000000000000284e+01
3.499999978637695364e+01
7.160000006103516057e+01
5.599999996948242398e+01
5.019999996948241971e+01
7.879999993896484511e+01
5.819999975585937335e+01
3.999999988555908104e+00
7.559999957275390159e+01
4.059999996948242540e+01
7.239999978637695222e+01
3.799999981689452966e+01
7.199999969482422557e+01
5.859999990844726625e+01
4.860000006103515346e+01
4.299999969482421847e+01
4.899999996948242398e+01
6.019999987792968454e+01
6.779999981689452682e+01
8.639999951171874670e+01
6.820000006103515489e+01
5.299999984741211279e+01
9.180000012207031546e+01
5.479999978637695079e+01
6.759999975585937193e+01
7.580000006103514920e+01
5.979999969482421562e+01
5.679999990844726909e+01
3.659999990844726625e+01
7.279999963378905647e+01
6.299999969482421847e+01
7.379999957275390443e+01
8.820000012207030693e+01
8.559999945068359750e+01
8.899999981689452966e+01
9.540000006103515773e+01
9.139999975585936909e+01
8.959999981689453818e+01
8.739999975585936909e+01
9.120000012207030693e+01
9.040000012207030977e+01
8.819999945068359182e+01
8.879999975585937477e+01
8.919999987792968454e+01
8.859999987792969023e+01
8.880000012207031546e+01
8.739999957275391296e+01
8.819999975585938046e+01
8.819999975585938046e+01
8.819999945068359182e+01
9.020000006103515489e+01
8.719999945068359182e+01
8.859999938964843125e+01
9.079999938964843409e+01
8.760000012207031261e+01
8.699999975585937761e+01
9.239999975585936909e+01
8.679999993896484511e+01
8.800000012207031830e+01
9.040000012207030977e+01
8.959999969482421989e+01
8.819999987792968454e+01
9.019999987792968454e+01
9.440000012207030977e+01
9.399999981689452966e+01
8.939999969482421704e+01
8.979999969482422273e+01
8.919999938964843977e+01
9.220000006103515489e+01
9.520000000000000284e+01
9.260000006103516057e+01
9.060000012207031261e+01
9.300000012207031830e+01
8.859999945068359750e+01
9.220000012207030693e+01
9.279999975585937477e+01
9.379999969482422273e+01
9.239999963378906500e+01
9.459999963378906784e+01
9.419999969482421420e+01
9.140000012207030977e+01
8.999999938964843693e+01
8.959999938964843125e+01
9.039999981689453534e+01
8.959999938964843125e+01
8.760000012207031261e+01
8.859999945068359750e+01
8.799999951171875523e+01
8.839999975585936909e+01
8.920000012207030693e+01
8.959999969482421989e+01
8.839999981689453534e+01
8.879999969482422273e+01
8.959999951171874955e+01
8.879999987792969307e+01
8.860000006103516057e+01
8.899999938964843693e+01
8.979999951171875239e+01
9.100000006103515204e+01
8.899999975585937761e+01
8.859999975585937193e+01
8.859999938964843125e+01
8.999999969482422557e+01
8.999999938964843693e+01
9.040000012207030977e+01
8.999999981689452966e+01
8.919999969482421420e+01
8.979999963378905647e+01
9.039999938964844262e+01
8.819999975585938046e+01
9.120000012207030693e+01
8.879999975585937477e+01
9.019999975585938046e+01
8.979999981689452682e+01
8.999999981689452966e+01
9.019999969482421420e+01
9.059999981689453818e+01
9.039999981689453534e+01
9.020000012207030693e+01
8.999999975585937761e+01
9.019999938964843977e+01
8.939999938964844262e+01
9.000000012207031830e+01
8.899999981689452966e+01
9.060000012207031261e+01
8.939999987792968739e+01
8.939999981689453534e+01
8.919999975585938046e+01
9.019999969482421420e+01
8.859999963378906784e+01
9.040000012207030977e+01
8.879999945068360034e+01
8.999999981689452966e+01
8.919999975585938046e+01
8.899999975585937761e+01
8.939999938964844262e+01
8.979999981689452682e+01
8.999999938964843693e+01
8.959999981689453818e+01
9.059999981689453818e+01
9.060000012207031261e+01
8.860000012207031261e+01
8.879999945068360034e+01
8.879999945068360034e+01
9.059999975585937193e+01
8.979999981689452682e+01
8.979999938964843409e+01
8.919999969482421420e+01
8.960000012207031261e+01
8.879999981689452682e+01
9.079999938964843409e+01
