9.260000006103516057e+01
9.279999963378905647e+01
9.679999963378905647e+01
6.599999975585937761e+01
9.300000000000000000e+01
5.639999996948242256e+01
8.139999957275391296e+01
5.600000012207031119e+01
9.059999969482421989e+01
4.819999987792968454e+01
1.000000000000000000e+02
9.340000012207030977e+01
8.699999981689452966e+01
9.240000012207030977e+01
9.979999999999999716e+01
5.799999975585937761e+01
9.959999999999999432e+01
8.939999975585936909e+01
9.799999963378905932e+01
1.000000000000000000e+02
6.479999984741210994e+01
8.279999975585937477e+01
1.000000000000000000e+02
6.959999963378906784e+01
9.779999963378905647e+01
8.679999951171875239e+01
9.939999963378906500e+01
9.099999969482422557e+01
9.959999999999999432e+01
9.379999969482422273e+01
1.000000000000000000e+02
9.479999963378905647e+01
9.959999963378906784e+01
9.480000006103514920e+01
9.879999999999999716e+01
7.720000006103515489e+01
9.959999963378906784e+01
4.560000006103515346e+01
9.940000006103515773e+01
9.520000006103515489e+01
9.959999999999999432e+01
4.459999969482421989e+01
9.780000006103514920e+01
8.960000006103516057e+01
9.879999963378905647e+01
9.799999969482422557e+01
1.000000000000000000e+02
9.279999969482422273e+01
9.379999969482422273e+01
8.879999975585937477e+01
9.959999999999999432e+01
9.740000000000000568e+01
9.979999999999999716e+01
9.679999999999999716e+01
9.979999999999999716e+01
9.660000012207031261e+01
7.859999957275390159e+01
8.359999945068359750e+01
9.940000000000000568e+01
9.940000000000000568e+01
9.979999999999999716e+01
9.620000006103515489e+01
9.619999963378906216e+01
9.619999963378906216e+01
9.859999999999999432e+01
8.239999987792968739e+01
1.000000000000000000e+02
9.959999999999999432e+01
9.859999963378906784e+01
9.800000000000000000e+01
9.419999938964843977e+01
9.740000000000000568e+01
9.979999999999999716e+01
8.379999945068360034e+01
9.959999963378906784e+01
8.779999981689452682e+01
7.779999945068360034e+01
9.840000000000000568e+01
9.959999999999999432e+01
9.840000000000000568e+01
9.940000000000000568e+01
9.959999999999999432e+01
8.720000012207030693e+01
7.479999987792969307e+01
8.179999945068360034e+01
7.920000006103515489e+01
7.359999987792969023e+01
7.639999957275391296e+01
8.959999975585937193e+01
8.219999951171874386e+01
8.579999981689452682e+01
7.879999993896484511e+01
8.519999938964843977e+01
7.440000012207030977e+01
9.059999938964843125e+01
8.119999957275391012e+01
8.759999975585937193e+01
7.719999951171874386e+01
9.059999975585937193e+01
7.899999993896484796e+01
8.599999945068358898e+01
8.459999999999999432e+01
9.019999969482421420e+01
8.219999951171874386e+01
8.619999993896485080e+01
8.759999981689453818e+01
8.639999945068359466e+01
8.119999975585938046e+01
9.079999963378905647e+01
8.240000000000000568e+01
8.559999938964843125e+01
8.619999969482421420e+01
8.479999987792969307e+01
8.439999938964844262e+01
8.799999981689452966e+01
8.779999945068360034e+01
9.219999938964843977e+01
9.039999981689453534e+01
8.759999969482421989e+01
8.320000012207030693e+01
8.719999951171874386e+01
8.899999981689452966e+01
9.299999969482422557e+01
7.340000012207030977e+01
7.599999969482422557e+01
6.899999951171875523e+01
7.819999981689453250e+01
7.059999975585937193e+01
7.439999951171874670e+01
6.939999981689453534e+01
6.700000012207031830e+01
7.039999981689453534e+01
7.220000012207030693e+01
6.700000012207031830e+01
7.199999969482422557e+01
6.919999978637694937e+01
6.979999969482422273e+01
7.099999984741211279e+01
7.159999975585937193e+01
6.800000006103515204e+01
7.219999963378906216e+01
6.859999975585937193e+01
7.080000012207031546e+01
6.959999987792969023e+01
7.459999963378906784e+01
6.979999969482422273e+01
7.120000000000000284e+01
7.079999951171875239e+01
6.939999987792968739e+01
7.180000006103514920e+01
7.159999963378906784e+01
7.159999993896484227e+01
7.319999990844726767e+01
7.159999981689453818e+01
7.539999957275391296e+01
6.939999993896483943e+01
7.719999987792968454e+01
6.939999969482421704e+01
6.740000012207030977e+01
7.199999957275390727e+01
7.039999969482421704e+01
6.859999978637695506e+01
6.559999984741210710e+01
7.019999978637694937e+01
7.080000006103514920e+01
6.799999963378905932e+01
6.979999978637695790e+01
6.480000012207031546e+01
7.140000012207030977e+01
6.839999978637695222e+01
7.019999993896485080e+01
7.219999951171874386e+01
7.179999981689452682e+01
7.160000006103516057e+01
6.559999975585937193e+01
7.339999957275391296e+01
7.039999981689453534e+01
7.179999969482422273e+01
7.539999963378906500e+01
7.539999945068359466e+01
7.140000000000000568e+01
7.240000006103515773e+01
7.300000000000000000e+01
7.060000012207031261e+01
7.539999951171874670e+01
7.499999981689452966e+01
7.179999963378905647e+01
7.140000012207030977e+01
7.199999963378905932e+01
7.379999975585937477e+01
7.019999975585938046e+01
7.079999999999999716e+01
7.079999963378905647e+01
6.599999978637694653e+01
7.439999957275391296e+01
7.080000006103514920e+01
7.160000006103516057e+01
7.179999963378905647e+01
7.099999969482422557e+01
7.379999999999999716e+01
