1.000000000000000000e+00
2.000000000000000111e-01
1.259999997711181585e+01
6.799999946594238232e+00
9.600000007629393650e+00
2.560000003051757744e+01
2.779999993896484511e+01
8.600000007629393650e+00
1.979999989318847753e+01
5.599999946594238054e+00
9.200000007629395071e+00
1.680000000762939294e+01
9.999999942779540518e-01
7.199999946594238587e+00
1.359999986267089866e+01
6.800000015258788721e+00
9.399999946594238764e+00
1.599999998474121021e+01
9.200000007629395071e+00
1.039999997711181656e+01
1.219999995422363348e+01
3.800000007629394716e+00
1.599999995422363241e+01
1.239999989318847717e+01
8.800000015258788721e+00
9.400000007629394361e+00
4.199999994277954229e+00
1.519999998474121128e+01
1.240000000762939436e+01
8.799999977111816918e+00
2.299999992370605639e+01
1.640000001525879014e+01
3.999999988555908104e+00
1.039999994659423876e+01
3.300000000000000000e+01
1.839999995422363455e+01
5.200000007629394183e+00
1.280000003051757851e+01
4.239999969482421704e+01
1.599999992370605462e+01
4.999999977111816207e+00
9.599999994277954585e+00
1.419999989318847611e+01
1.720000003051757886e+01
1.699999994659423663e+01
1.680000000000000071e+01
2.639999999999999858e+01
2.739999999999999858e+01
2.079999989318847753e+01
1.339999998474121057e+01
1.739999995422363455e+01
1.219999995422363348e+01
1.839999992370605497e+01
9.799999977111816918e+00
1.259999994659423805e+01
1.439999998474121057e+01
2.479999993896484511e+01
1.919999995422363170e+01
4.459999969482421989e+01
3.099999978637695364e+01
9.199999977111817273e+00
1.420000001525878908e+01
1.659999995422363384e+01
1.539999992370605497e+01
4.039999972534180017e+01
2.340000003051757815e+01
4.199999969482421847e+01
1.959999992370605426e+01
2.759999986267089866e+01
2.379999989318847753e+01
1.179999995422363313e+01
1.359999997711181585e+01
1.499999998474121021e+01
4.219999975585937335e+01
4.860000006103515346e+01
2.000000000000000000e+01
1.580000003051757851e+01
1.020000001525878908e+01
5.599999996948242398e+01
3.199999978637695364e+01
2.039999996948242256e+01
3.559999984741210710e+01
2.600000000000000000e+01
2.999999993896484440e+01
3.899999969482421847e+01
4.119999969482422131e+01
5.279999975585937477e+01
6.560000012207031261e+01
6.619999987792968454e+01
6.219999987792968454e+01
6.219999969482422131e+01
6.719999963378906216e+01
6.959999963378906784e+01
6.839999978637695222e+01
7.560000012207031261e+01
7.219999969482421420e+01
7.059999969482421989e+01
6.619999984741211563e+01
6.579999978637695790e+01
7.119999987792968454e+01
6.499999981689452966e+01
6.419999996948241971e+01
6.759999975585937193e+01
6.959999993896484227e+01
7.040000006103515773e+01
6.519999978637694937e+01
7.019999951171874386e+01
7.099999969482422557e+01
7.179999975585937477e+01
6.959999957275390159e+01
6.919999993896485080e+01
7.159999981689453818e+01
6.159999981689453108e+01
6.719999957275391012e+01
6.739999984741210426e+01
6.839999990844727051e+01
7.100000000000000000e+01
6.899999975585937761e+01
7.099999945068358898e+01
7.240000012207030977e+01
6.920000006103515489e+01
7.179999963378905647e+01
7.379999963378905647e+01
7.279999963378905647e+01
7.459999993896484227e+01
7.699999957275390727e+01
7.859999987792969023e+01
7.639999945068359466e+01
8.200000012207031830e+01
8.499999981689452966e+01
8.319999993896485080e+01
8.500000012207031830e+01
8.699999938964843693e+01
8.439999987792968739e+01
8.739999987792968739e+01
8.539999938964844262e+01
8.499999938964843693e+01
8.479999993896484511e+01
8.459999993896484227e+01
8.459999951171874955e+01
8.459999963378906784e+01
8.239999987792968739e+01
8.499999969482422557e+01
8.419999938964843977e+01
8.400000006103515204e+01
8.339999969482421704e+01
8.339999951171874670e+01
8.259999938964843125e+01
8.299999945068358898e+01
8.399999993896484796e+01
8.419999975585938046e+01
8.439999993896483943e+01
8.439999987792968739e+01
8.399999957275390727e+01
8.359999987792969023e+01
8.059999969482421989e+01
8.259999987792969023e+01
8.419999957275391012e+01
8.279999945068360034e+01
8.519999987792968454e+01
8.259999945068359750e+01
8.179999951171875239e+01
8.399999987792968170e+01
8.340000000000000568e+01
8.499999975585937761e+01
8.339999938964844262e+01
8.519999938964843977e+01
8.459999975585937193e+01
8.199999993896484796e+01
8.359999981689453818e+01
8.199999993896484796e+01
8.339999957275391296e+01
8.119999945068359182e+01
8.379999938964843409e+01
8.319999951171874386e+01
8.399999938964843693e+01
8.399999981689452966e+01
8.220000000000000284e+01
8.399999957275390727e+01
8.239999951171874670e+01
8.259999993896484227e+01
8.279999999999999716e+01
8.400000012207031830e+01
8.339999957275391296e+01
8.259999945068359750e+01
8.239999981689453534e+01
8.419999938964843977e+01
8.279999987792969307e+01
8.399999987792968170e+01
8.279999987792969307e+01
8.259999981689453818e+01
8.339999957275391296e+01
8.379999987792969307e+01
8.339999981689453534e+01
8.339999993896483943e+01
8.359999945068359750e+01
8.459999945068359750e+01
8.339999981689453534e+01
8.059999945068359750e+01
8.380000012207031546e+01
