6.259999987792969023e+01
0.000000000000000000e+00
3.799999977111816474e+00
1.200000001525878979e+01
7.199999988555908281e+00
1.399999999999999911e+00
6.200000007629394183e+00
3.400000007629394361e+00
1.919999986267090009e+01
6.599999977111816740e+00
6.999999994277954052e+00
1.559999994659423805e+01
4.799999988555907926e+00
2.140000003051757815e+01
1.059999998474121163e+01
1.999999994277954052e+00
1.220000001525878908e+01
1.020000001525878908e+01
2.239999995422363455e+01
1.220000000762939507e+01
3.199999946594238143e+00
1.439999998474121057e+01
2.479999990844726554e+01
8.600000015258789432e+00
6.399999954223632770e+00
6.400000007629394361e+00
1.100000001525878979e+01
7.199999988555908281e+00
1.040000001525878837e+01
8.000000007629394005e+00
1.279999994659423912e+01
5.999999977111816207e+00
1.760000001525878943e+01
1.679999986267089795e+01
4.400000007629394361e+00
1.159999997711181585e+01
7.599999977111816740e+00
1.739999999427795530e+01
1.059999998474121163e+01
9.800000007629394716e+00
5.799999988555907926e+00
1.079999997711181692e+01
1.519999998474121128e+01
1.419999986267089831e+01
1.059999997711181585e+01
1.119999997711181727e+01
2.659999986267089866e+01
1.459999992370605426e+01
1.739999992370605497e+01
2.719999981689453250e+01
1.119999995422363348e+01
9.999999984741210213e+00
2.380000000000000071e+01
8.800000007629394716e+00
1.119999994659423770e+01
1.799999986267089724e+01
1.459999992370605426e+01
2.519999992370605568e+01
2.339999986267089938e+01
1.740000001525879014e+01
2.179999986267089795e+01
1.379999995422363313e+01
1.699999998474121199e+01
2.319999986267090009e+01
1.180000001525878872e+01
1.619999997711181550e+01
1.440000001525878837e+01
1.519999992370605391e+01
1.579999995422363313e+01
2.479999989318847753e+01
2.379999992370605355e+01
3.040000003051757815e+01
8.399999946594238764e+00
2.359999989318847824e+01
1.839999986267089938e+01
7.400000007629394361e+00
2.660000000000000142e+01
1.800000000000000000e+01
2.519999987792968810e+01
1.939999999999999858e+01
2.099999989318847682e+01
2.519999999999999929e+01
3.259999993896484227e+01
3.759999972534179591e+01
5.279999969482421562e+01
5.759999987792969023e+01
6.039999978637695222e+01
6.539999969482421704e+01
6.499999969482422557e+01
6.539999981689453534e+01
6.459999981689453818e+01
6.780000012207031546e+01
6.779999975585937477e+01
6.819999984741211563e+01
6.559999969482421989e+01
6.659999963378906784e+01
6.379999984741210994e+01
7.200000006103515204e+01
6.859999993896484227e+01
6.719999978637694937e+01
5.919999975585937335e+01
6.759999969482421989e+01
6.799999951171875523e+01
6.999999963378905932e+01
7.139999957275391296e+01
6.519999963378906216e+01
6.499999969482422557e+01
6.740000000000000568e+01
7.099999969482422557e+01
6.759999969482421989e+01
6.679999984741210994e+01
7.019999978637694937e+01
6.679999999999999716e+01
6.679999978637695790e+01
6.039999999999999858e+01
6.559999981689453818e+01
7.159999981689453818e+01
7.039999975585936909e+01
6.960000006103516057e+01
7.319999963378906216e+01
7.160000006103516057e+01
6.940000000000000568e+01
7.339999951171874670e+01
7.439999957275391296e+01
7.639999975585936909e+01
7.939999951171874670e+01
8.180000006103514920e+01
8.299999975585937761e+01
8.459999938964843125e+01
8.699999987792968170e+01
8.539999951171874670e+01
8.719999975585938046e+01
8.679999987792969307e+01
8.739999938964844262e+01
8.599999945068358898e+01
8.419999981689453250e+01
8.459999987792969023e+01
8.279999999999999716e+01
8.199999957275390727e+01
8.499999987792968170e+01
8.359999987792969023e+01
8.299999993896484796e+01
8.379999981689452682e+01
8.379999987792969307e+01
8.360000006103516057e+01
8.379999945068360034e+01
8.459999987792969023e+01
8.279999981689452682e+01
8.359999945068359750e+01
8.619999945068359182e+01
8.419999975585938046e+01
8.540000000000000568e+01
8.439999951171874670e+01
8.359999945068359750e+01
8.579999945068360034e+01
8.459999987792969023e+01
8.359999975585937193e+01
8.519999951171874386e+01
8.539999981689453534e+01
8.599999938964843693e+01
8.579999951171875239e+01
8.319999945068359182e+01
8.519999957275391012e+01
8.299999987792968170e+01
8.559999938964843125e+01
8.399999981689452966e+01
8.579999938964843409e+01
8.439999993896483943e+01
8.259999987792969023e+01
8.319999993896485080e+01
8.639999938964844262e+01
8.599999981689452966e+01
8.660000012207031261e+01
8.499999951171875523e+01
8.679999938964843409e+01
8.239999987792968739e+01
8.599999951171875523e+01
8.579999945068360034e+01
8.579999987792969307e+01
8.479999951171875239e+01
8.579999963378905647e+01
8.540000000000000568e+01
8.579999945068360034e+01
8.699999981689452966e+01
8.600000000000000000e+01
8.579999945068360034e+01
8.599999993896484796e+01
8.439999981689453534e+01
8.539999975585936909e+01
8.539999975585936909e+01
8.459999981689453818e+01
8.219999938964843977e+01
8.519999938964843977e+01
8.719999981689453250e+01
8.639999987792968739e+01
8.679999951171875239e+01
8.439999945068359466e+01
8.560000012207031261e+01
8.659999981689453818e+01
8.639999981689453534e+01
