1.939999998474121057e+01
4.199999988555908281e+00
4.000000000000000222e-01
9.999999942779540518e-01
0.000000000000000000e+00
5.799999977111816030e+00
1.199999994277954007e+00
4.200000000000000178e+00
9.199999977111817273e+00
5.199999977111816385e+00
4.339999969482421704e+01
3.539999981689452824e+01
1.079999995422363313e+01
4.599999946594238054e+00
5.399999994277954407e+00
1.119999998855590739e+01
1.399999994277954185e+00
8.800000007629394716e+00
5.800000007629394716e+00
7.200000015258789077e+00
8.000000015258789787e+00
1.579999994659423912e+01
4.600000007629394538e+00
1.840000003051757815e+01
4.599999988555908637e+00
8.599999946594238054e+00
1.019999998474121128e+01
1.039999994659423876e+01
1.059999998474121163e+01
7.200000007629394183e+00
1.139999994659423876e+01
8.399999977111816563e+00
4.599999994277953697e+00
1.499999989318847682e+01
9.799999946594239120e+00
1.999999998474121199e+01
2.360000003051757744e+01
1.359999995422363206e+01
4.799999946594238232e+00
2.759999993896484227e+01
3.259999975585937193e+01
1.719999986267090009e+01
9.999999946594238409e+00
3.919999987792968454e+01
2.879999981689453037e+01
2.919999999999999929e+01
3.199999990844726483e+01
1.119999994659423770e+01
7.199999988555908281e+00
1.119999998474121128e+01
4.099999975585937761e+01
6.999999988555908104e+00
2.539999989318847540e+01
1.559999998474121163e+01
1.119999992370605391e+01
1.200000001525878979e+01
2.939999990844726696e+01
1.260000000762939365e+01
3.999999978637695364e+01
3.499999975585937761e+01
5.800000007629394716e+00
2.159999996948242185e+01
1.739999992370605497e+01
1.859999989318847824e+01
3.039999987792968739e+01
1.219999994659423770e+01
2.539999996948242256e+01
2.419999999999999929e+01
1.639999998474121057e+01
1.640000003051757815e+01
1.699999995422363241e+01
1.579999986267089795e+01
1.659999994659423805e+01
1.999999989318847682e+01
3.399999984741211279e+01
2.599999986267089724e+01
2.340000003051757815e+01
3.639999990844726341e+01
3.079999990844726554e+01
2.419999999999999929e+01
4.339999990844726341e+01
1.019999994659423770e+01
1.799999995422363241e+01
2.899999993896484440e+01
3.819999984741210852e+01
4.379999996948242114e+01
5.079999972534179875e+01
6.279999987792968597e+01
6.400000012207031830e+01
7.100000006103515204e+01
7.019999969482421420e+01
6.899999984741211279e+01
6.819999978637694937e+01
6.599999975585937761e+01
6.859999957275390159e+01
6.939999978637695222e+01
7.339999993896483943e+01
7.079999969482422273e+01
6.939999978637695222e+01
6.899999963378905932e+01
7.259999963378906784e+01
7.119999978637694937e+01
6.859999981689453818e+01
6.459999975585937193e+01
7.239999951171874670e+01
6.799999978637694653e+01
7.019999993896485080e+01
6.959999969482421989e+01
6.919999963378906216e+01
6.919999957275391012e+01
7.399999963378905932e+01
7.179999951171875239e+01
6.859999963378906784e+01
7.059999975585937193e+01
6.679999963378905647e+01
7.039999993896483943e+01
6.719999984741211563e+01
6.939999969482421704e+01
7.079999963378905647e+01
6.920000000000000284e+01
7.059999978637695506e+01
6.699999975585937761e+01
6.819999969482421420e+01
6.980000006103514920e+01
7.080000006103514920e+01
7.539999951171874670e+01
7.879999987792969307e+01
7.740000000000000568e+01
8.099999963378905932e+01
8.159999993896484227e+01
8.339999981689453534e+01
8.599999938964843693e+01
8.599999981689452966e+01
8.859999981689453818e+01
8.900000012207031830e+01
8.779999945068360034e+01
8.739999938964844262e+01
8.599999945068358898e+01
8.679999938964843409e+01
8.579999987792969307e+01
8.619999945068359182e+01
8.479999975585937477e+01
8.519999945068359182e+01
8.380000012207031546e+01
8.359999987792969023e+01
8.459999987792969023e+01
8.179999938964843409e+01
8.479999945068360034e+01
8.399999987792968170e+01
8.579999987792969307e+01
8.299999969482422557e+01
8.519999987792968454e+01
8.339999945068359466e+01
8.439999987792968739e+01
8.119999938964843977e+01
8.359999957275390159e+01
8.359999999999999432e+01
8.439999945068359466e+01
8.639999981689453534e+01
8.279999993896484511e+01
8.459999945068359750e+01
8.499999975585937761e+01
8.219999945068359182e+01
8.220000012207030693e+01
8.399999951171875523e+01
8.479999981689452682e+01
8.419999993896485080e+01
8.059999957275390159e+01
8.540000012207030977e+01
8.439999987792968739e+01
8.540000012207030977e+01
8.359999987792969023e+01
8.279999938964843409e+01
8.219999981689453250e+01
8.159999938964843125e+01
8.239999957275391296e+01
8.439999945068359466e+01
8.499999975585937761e+01
8.499999957275390727e+01
8.459999993896484227e+01
8.439999945068359466e+01
8.219999957275391012e+01
8.359999987792969023e+01
8.320000000000000284e+01
8.459999957275390159e+01
8.379999938964843409e+01
8.139999945068359466e+01
8.419999957275391012e+01
8.379999938964843409e+01
8.200000000000000000e+01
8.239999981689453534e+01
8.099999993896484796e+01
8.179999993896484511e+01
8.079999945068360034e+01
8.160000012207031261e+01
8.379999993896484511e+01
8.539999938964844262e+01
8.559999938964843125e+01
8.499999945068358898e+01
8.479999951171875239e+01
