0.000000000000000000e+00
2.599999994277954141e+00
3.599999994277954141e+00
2.440000003051757815e+01
2.000000000000000000e+00
1.200000007629394627e+00
1.039999994659423876e+01
1.879999986267089795e+01
6.799999946594238232e+00
3.000000000000000000e+00
6.599999988555908637e+00
1.199999995422363241e+01
5.000000007629394894e+00
8.599999977111815852e+00
2.000000003051757957e+01
1.499999986267089902e+01
5.999999988555908104e+00
1.959999989318847824e+01
5.199999994277954229e+00
9.400000007629394361e+00
1.639999998474121057e+01
1.760000001525878943e+01
4.999999977111816207e+00
1.859999989318847824e+01
8.799999946594239120e+00
7.999999977111816207e+00
1.800000001525878801e+01
5.199999984741211279e+00
2.259999998474120986e+01
9.400000015258788366e+00
2.719999995422363170e+01
2.019999992370605568e+01
1.760000001525878943e+01
1.899999989318847682e+01
3.719999978637695648e+01
1.459999994659423805e+01
1.319999994659423770e+01
2.479999989318847753e+01
3.759999993896484227e+01
1.160000001525878943e+01
5.199999977111816385e+00
1.480000001525878872e+01
2.219999998474121128e+01
2.699999972534179804e+01
2.039999990844726696e+01
3.039999986267089938e+01
2.799999996948242043e+01
1.279999998474121092e+01
3.100000000000000000e+01
3.400000000000000000e+01
2.339999990844726696e+01
2.739999987792968739e+01
2.699999986267089724e+01
2.759999989318847824e+01
3.699999984741211279e+01
1.519999992370605391e+01
2.339999993896484298e+01
1.539999995422363277e+01
2.879999984741210994e+01
3.100000003051757957e+01
1.679999989318847753e+01
3.539999987792968739e+01
2.759999984741211065e+01
4.379999975585937477e+01
2.899999986267089724e+01
3.399999969482421847e+01
4.679999990844726909e+01
4.099999975585937761e+01
3.519999972534179733e+01
2.139999993896484298e+01
4.579999978637695079e+01
4.420000000000000284e+01
1.619999989318847611e+01
1.179999994659423912e+01
1.839999995422363455e+01
4.500000006103515915e+01
8.859999969482421989e+01
2.539999993896484298e+01
4.719999972534179733e+01
3.139999981689453179e+01
5.539999975585937619e+01
2.779999993896484511e+01
5.619999990844726767e+01
5.340000006103515773e+01
6.339999975585937619e+01
7.059999963378906784e+01
7.399999957275390727e+01
7.659999987792969023e+01
7.819999945068359182e+01
7.540000000000000568e+01
7.540000006103515773e+01
7.399999963378905932e+01
7.339999969482421704e+01
7.520000000000000284e+01
7.360000012207031261e+01
7.639999957275391296e+01
7.720000006103515489e+01
7.599999951171875523e+01
7.919999945068359182e+01
7.599999951171875523e+01
7.620000000000000284e+01
7.879999957275390443e+01
7.859999987792969023e+01
7.459999963378906784e+01
7.400000006103515204e+01
7.800000006103515204e+01
7.559999957275390159e+01
7.779999951171875239e+01
7.520000012207030693e+01
7.759999993896484227e+01
7.359999993896484227e+01
7.379999969482422273e+01
7.659999999999999432e+01
7.579999999999999716e+01
7.779999993896484511e+01
7.559999993896484227e+01
7.319999957275391012e+01
7.560000012207031261e+01
7.739999981689453534e+01
7.339999957275391296e+01
7.599999957275390727e+01
7.759999993896484227e+01
8.039999945068359466e+01
8.220000000000000284e+01
8.219999963378906216e+01
8.459999999999999432e+01
8.599999951171875523e+01
8.679999987792969307e+01
9.100000012207031830e+01
8.859999981689453818e+01
9.219999981689453250e+01
9.240000006103515773e+01
9.160000006103516057e+01
8.919999945068359182e+01
8.799999981689452966e+01
8.739999987792968739e+01
8.759999975585937193e+01
8.719999975585938046e+01
8.619999975585938046e+01
8.420000012207030693e+01
8.719999975585938046e+01
8.539999938964844262e+01
8.559999981689453818e+01
8.639999987792968739e+01
8.579999975585937477e+01
8.479999945068360034e+01
8.659999951171874955e+01
8.619999975585938046e+01
8.679999993896484511e+01
8.699999987792968170e+01
8.559999945068359750e+01
8.639999969482421704e+01
8.519999993896485080e+01
8.639999981689453534e+01
8.679999957275390443e+01
8.619999945068359182e+01
8.759999945068359750e+01
8.279999945068360034e+01
8.499999993896484796e+01
8.499999981689452966e+01
8.699999938964843693e+01
8.659999938964843125e+01
8.499999938964843693e+01
8.659999938964843125e+01
8.899999938964843693e+01
8.779999951171875239e+01
8.659999987792969023e+01
8.539999969482421704e+01
8.599999945068358898e+01
8.679999981689452682e+01
8.659999957275390159e+01
8.539999987792968739e+01
8.559999951171874955e+01
8.599999945068358898e+01
8.639999951171874670e+01
8.579999938964843409e+01
8.559999981689453818e+01
8.639999938964844262e+01
8.779999975585937477e+01
8.639999975585936909e+01
8.580000012207031546e+01
8.719999969482421420e+01
8.519999981689453250e+01
8.659999963378906784e+01
8.499999945068358898e+01
8.719999938964843977e+01
8.619999987792968454e+01
8.619999993896485080e+01
8.540000012207030977e+01
8.499999969482422557e+01
8.479999993896484511e+01
8.719999987792968454e+01
8.539999987792968739e+01
8.579999945068360034e+01
8.619999945068359182e+01
8.499999945068358898e+01
8.639999993896483943e+01
8.799999981689452966e+01
8.539999969482421704e+01
8.679999951171875239e+01
