1.199999988555908281e+00
1.399999999999999911e+00
3.759999984741210710e+01
2.799999994277954318e+00
9.399999984741210568e+00
2.619999984741210852e+01
9.199999946594237699e+00
5.999999999999999778e-01
1.500000003051757780e+01
6.399999988555908459e+00
3.799999988555908370e+00
1.219999994659423770e+01
2.239999999999999858e+01
1.919999989318847611e+01
1.099999998855590810e+01
3.199999972534179804e+01
7.399999988555908459e+00
2.359999989318847824e+01
7.199999977111816385e+00
2.160000000000000142e+01
5.099999972534179449e+01
1.660000003051757744e+01
1.299999997711181621e+01
1.539999992370605497e+01
1.679999994659423734e+01
9.799999994277953874e+00
8.600000007629393650e+00
1.760000003051757744e+01
2.779999987792968597e+01
2.619999987792968810e+01
3.219999984741210852e+01
2.399999995422363241e+01
1.659999989318847824e+01
4.459999975585937193e+01
3.139999969482421704e+01
1.539999998474121057e+01
9.599999954223632059e+00
3.499999987792968881e+01
2.639999996948242256e+01
1.400000001525878979e+01
4.359999984741210710e+01
3.059999972534179591e+01
4.299999978637695364e+01
2.399999993896484440e+01
1.939999995422363455e+01
2.979999993896484511e+01
1.400000001525878979e+01
3.359999996948242540e+01
1.640000001525879014e+01
5.300000006103515915e+01
6.219999990844726767e+01
7.799999977111816030e+00
1.500000000000000000e+01
4.219999996948241971e+01
2.560000003051757744e+01
3.639999969482421704e+01
1.680000003051757673e+01
3.059999996948242185e+01
1.440000001525878837e+01
3.959999975585937193e+01
1.939999999999999858e+01
3.519999993896484369e+01
2.679999984741210994e+01
3.619999972534179733e+01
7.199999988555908281e+00
4.539999993896484654e+01
1.299999992370605462e+01
3.459999984741210710e+01
5.619999990844726767e+01
2.819999999999999929e+01
5.039999999999999858e+01
2.859999986267089866e+01
4.379999972534179875e+01
2.539999984741210781e+01
1.259999995422363206e+01
1.839999986267089938e+01
3.379999996948242114e+01
3.859999993896484227e+01
4.080000003051758029e+01
3.279999981689453392e+01
4.539999987792968739e+01
2.119999998474121128e+01
4.139999978637695222e+01
6.539999981689453534e+01
5.719999987792968454e+01
8.099999981689452966e+01
7.740000000000000568e+01
8.199999981689452966e+01
7.759999981689453818e+01
7.919999987792968454e+01
8.359999951171874955e+01
7.999999969482422557e+01
7.599999963378905932e+01
7.679999999999999716e+01
8.119999993896485080e+01
7.460000006103516057e+01
7.679999938964843409e+01
7.779999987792969307e+01
7.939999993896483943e+01
7.939999963378906500e+01
7.679999951171875239e+01
7.899999975585937761e+01
7.700000000000000000e+01
7.720000000000000284e+01
7.519999987792968454e+01
8.239999938964844262e+01
7.719999963378906216e+01
7.420000000000000284e+01
7.919999993896485080e+01
7.939999951171874670e+01
7.959999969482421989e+01
7.819999951171874386e+01
8.099999957275390727e+01
8.199999951171875523e+01
8.400000000000000000e+01
7.599999981689452966e+01
8.239999981689453534e+01
8.099999938964843693e+01
8.179999969482422273e+01
7.859999999999999432e+01
8.099999993896484796e+01
8.059999969482421989e+01
7.839999987792968739e+01
8.459999987792969023e+01
8.259999963378906784e+01
8.280000012207031546e+01
8.900000012207031830e+01
8.939999938964844262e+01
9.040000006103515773e+01
9.160000012207031261e+01
9.160000006103516057e+01
9.160000012207031261e+01
9.239999969482421704e+01
8.959999969482421989e+01
9.000000006103515204e+01
9.099999945068358898e+01
8.959999981689453818e+01
8.919999951171874386e+01
8.839999969482421704e+01
8.939999938964844262e+01
8.779999993896484511e+01
8.799999975585937761e+01
8.699999987792968170e+01
8.880000012207031546e+01
8.719999969482421420e+01
8.919999975585938046e+01
8.659999938964843125e+01
8.959999975585937193e+01
8.919999975585938046e+01
8.799999938964843693e+01
8.939999987792968739e+01
8.919999951171874386e+01
8.760000012207031261e+01
8.759999987792969023e+01
8.699999951171875523e+01
8.759999981689453818e+01
8.839999957275391296e+01
8.859999969482421989e+01
8.699999945068358898e+01
8.880000006103514920e+01
8.759999981689453818e+01
8.599999981689452966e+01
8.679999975585937477e+01
8.759999975585937193e+01
8.799999945068358898e+01
8.960000012207031261e+01
8.779999981689452682e+01
8.900000012207031830e+01
8.799999938964843693e+01
8.819999945068359182e+01
8.739999945068359466e+01
8.819999987792968454e+01
8.779999951171875239e+01
8.839999945068359466e+01
8.619999951171874386e+01
8.819999945068359182e+01
8.779999975585937477e+01
8.819999969482421420e+01
8.799999945068358898e+01
8.939999975585936909e+01
8.919999938964843977e+01
8.739999987792968739e+01
8.779999981689452682e+01
8.879999969482422273e+01
8.979999945068360034e+01
8.859999938964843125e+01
8.799999951171875523e+01
8.879999938964843409e+01
8.920000012207030693e+01
8.819999981689453250e+01
8.699999981689452966e+01
8.859999975585937193e+01
8.919999975585938046e+01
8.839999951171874670e+01
8.959999981689453818e+01
8.960000012207031261e+01
8.679999981689452682e+01
8.599999975585937761e+01
8.839999969482421704e+01
8.959999938964843125e+01
