0.000000000000000000e+00
0.000000000000000000e+00
4.799999994277953874e+00
8.999999946594238409e+00
3.800000003051757602e+01
4.119999981689453250e+01
3.199999993896484440e+01
2.799999996948242043e+01
5.059999996948242540e+01
1.799999995422363241e+01
1.760000001525878943e+01
5.419999969482422131e+01
3.299999993896484085e+01
1.579999989318847575e+01
1.519999998474121128e+01
4.299999984741211279e+01
5.779999969482421562e+01
4.139999996948242256e+01
1.600000003051757957e+01
7.019999975585938046e+01
4.719999990844726767e+01
4.500000000000000000e+01
3.999999981689452966e+01
4.820000006103515489e+01
2.719999992370605568e+01
6.280000003051758029e+01
7.979999957275390443e+01
6.119999984741210852e+01
6.839999981689453534e+01
6.219999987792968454e+01
3.079999981689453037e+01
7.219999957275391012e+01
6.779999978637695790e+01
5.879999993896484511e+01
6.400000012207031830e+01
5.199999975585937761e+01
6.439999969482421704e+01
5.639999996948242256e+01
6.319999975585937335e+01
8.999999975585937761e+01
6.580000012207031546e+01
4.779999996948242114e+01
4.119999987792968454e+01
7.759999993896484227e+01
6.659999975585937193e+01
9.920000000000000284e+01
6.519999978637694937e+01
7.919999951171874386e+01
4.680000006103515631e+01
6.640000012207030977e+01
4.079999975585937477e+01
8.839999987792968739e+01
7.979999945068360034e+01
5.439999978637695222e+01
7.039999984741210426e+01
6.960000012207031261e+01
8.059999963378906784e+01
3.879999993896484511e+01
4.759999978637695506e+01
8.399999993896484796e+01
8.619999951171874386e+01
4.699999984741211279e+01
5.759999984741210710e+01
5.579999978637695079e+01
3.899999984741211279e+01
5.059999978637695506e+01
6.720000006103515489e+01
7.580000012207031546e+01
5.739999996948242256e+01
7.319999957275391012e+01
7.540000000000000568e+01
6.780000012207031546e+01
4.700000003051757602e+01
8.919999938964843977e+01
6.439999981689453534e+01
8.399999938964843693e+01
6.480000012207031546e+01
7.519999951171874386e+01
6.299999981689452966e+01
8.619999969482421420e+01
2.799999996948242043e+01
9.959999999999999432e+01
8.780000006103514920e+01
9.539999981689453534e+01
9.120000012207030693e+01
9.699999963378905932e+01
8.919999938964843977e+01
8.859999993896484227e+01
8.819999938964843977e+01
8.539999975585936909e+01
8.659999987792969023e+01
8.799999938964843693e+01
8.539999993896483943e+01
8.699999981689452966e+01
9.140000006103515773e+01
8.759999975585937193e+01
8.759999981689453818e+01
8.779999945068360034e+01
8.559999993896484227e+01
8.979999987792969307e+01
8.579999987792969307e+01
9.040000006103515773e+01
8.840000012207030977e+01
8.819999975585938046e+01
8.959999945068359750e+01
8.879999981689452682e+01
8.779999981689452682e+01
9.059999938964843125e+01
8.759999969482421989e+01
9.160000012207031261e+01
9.219999981689453250e+01
9.220000012207030693e+01
9.140000006103515773e+01
8.840000006103515773e+01
8.739999993896483943e+01
8.819999945068359182e+01
9.099999975585937761e+01
9.419999975585938046e+01
8.999999938964843693e+01
9.019999969482421420e+01
9.059999938964843125e+01
9.220000012207030693e+01
8.879999938964843409e+01
9.320000012207030693e+01
9.539999969482421704e+01
9.139999975585936909e+01
9.560000006103516057e+01
9.720000012207030693e+01
9.619999963378906216e+01
9.439999969482421704e+01
9.620000006103515489e+01
9.119999975585938046e+01
9.059999975585937193e+01
9.039999938964844262e+01
9.039999945068359466e+01
8.979999969482422273e+01
8.899999975585937761e+01
8.819999969482421420e+01
9.099999963378905932e+01
8.879999938964843409e+01
8.999999938964843693e+01
8.779999975585937477e+01
8.859999975585937193e+01
8.959999938964843125e+01
9.059999945068359750e+01
8.879999993896484511e+01
9.059999975585937193e+01
8.919999969482421420e+01
9.019999993896485080e+01
8.939999945068359466e+01
8.919999938964843977e+01
9.040000012207030977e+01
9.039999981689453534e+01
8.959999951171874955e+01
8.840000012207030977e+01
9.000000006103515204e+01
8.939999981689453534e+01
8.799999981689452966e+01
8.859999975585937193e+01
8.819999993896485080e+01
8.919999945068359182e+01
9.039999975585936909e+01
9.059999981689453818e+01
8.979999951171875239e+01
8.979999938964843409e+01
8.979999981689452682e+01
9.039999963378906500e+01
8.960000012207031261e+01
9.039999975585936909e+01
8.879999969482422273e+01
8.859999975585937193e+01
9.000000012207031830e+01
8.939999981689453534e+01
8.820000012207030693e+01
8.959999938964843125e+01
8.899999945068358898e+01
8.939999975585936909e+01
8.959999975585937193e+01
8.899999981689452966e+01
8.939999969482421704e+01
8.899999969482422557e+01
8.759999938964843125e+01
8.899999975585937761e+01
8.919999975585938046e+01
8.919999969482421420e+01
8.879999981689452682e+01
8.899999981689452966e+01
9.040000012207030977e+01
8.999999969482422557e+01
8.959999987792969023e+01
8.999999975585937761e+01
8.980000012207031546e+01
8.959999945068359750e+01
8.939999975585936909e+01
9.020000012207030693e+01
8.999999975585937761e+01
9.039999938964844262e+01
8.979999963378905647e+01
9.060000012207031261e+01
8.979999975585937477e+01
