4.200000007629394183e+00
3.479999996948242114e+01
5.800000007629394716e+00
5.999999999999999778e-01
5.000000007629394894e+00
3.900000006103515915e+01
1.099999992370605462e+01
5.059999987792969023e+01
4.839999993896484654e+01
3.559999990844726625e+01
5.559999969482421989e+01
6.079999984741210994e+01
5.559999981689453108e+01
2.740000003051757815e+01
2.499999996948242043e+01
2.879999995422363313e+01
2.860000000000000142e+01
4.239999999999999858e+01
1.979999992370605355e+01
4.419999978637695648e+01
2.259999989318847824e+01
2.579999984741210994e+01
1.659999992370605426e+01
6.559999969482421989e+01
1.639999989318847540e+01
4.379999984741210994e+01
5.139999975585937619e+01
8.199999993896484796e+01
4.679999984741210994e+01
6.699999975585937761e+01
2.599999996948242043e+01
1.879999986267089795e+01
7.099999969482422557e+01
6.439999981689453534e+01
4.079999984741210994e+01
4.279999990844726909e+01
1.379999998474121092e+01
5.660000000000000142e+01
5.240000003051757460e+01
5.819999993896484369e+01
3.279999981689453392e+01
7.339999951171874670e+01
6.400000003051758313e+01
5.899999981689452966e+01
6.639999969482421704e+01
7.179999993896484511e+01
4.560000003051757744e+01
9.019999975585938046e+01
5.600000000000000000e+01
5.580000006103515631e+01
6.099999993896484085e+01
5.980000012207031546e+01
5.919999996948241971e+01
5.979999984741210994e+01
6.780000006103514920e+01
7.199999957275390727e+01
7.020000012207030693e+01
8.199999938964843693e+01
7.620000012207030693e+01
7.039999969482421704e+01
4.980000006103515631e+01
6.439999969482421704e+01
5.039999984741211136e+01
6.920000012207030693e+01
9.079999969482422273e+01
5.880000003051758029e+01
6.299999978637695364e+01
8.159999945068359750e+01
5.879999981689453392e+01
8.579999981689452682e+01
5.760000003051757744e+01
8.139999957275391296e+01
5.379999972534179875e+01
8.059999975585937193e+01
6.499999984741211279e+01
7.300000000000000000e+01
6.200000012207031119e+01
7.779999963378905647e+01
6.640000012207030977e+01
9.539999969482421704e+01
8.579999938964843409e+01
8.339999993896483943e+01
9.659999969482421989e+01
9.720000000000000284e+01
9.099999981689452966e+01
9.340000000000000568e+01
9.279999975585937477e+01
9.419999938964843977e+01
8.679999975585937477e+01
9.019999981689453250e+01
8.419999981689453250e+01
8.539999945068359466e+01
8.959999975585937193e+01
8.559999945068359750e+01
9.000000012207031830e+01
8.739999987792968739e+01
8.499999981689452966e+01
8.779999938964843409e+01
8.479999975585937477e+01
8.580000012207031546e+01
8.239999938964844262e+01
9.159999969482421989e+01
9.079999938964843409e+01
8.780000012207031546e+01
8.719999945068359182e+01
8.579999938964843409e+01
8.519999938964843977e+01
8.639999987792968739e+01
9.079999969482422273e+01
8.379999951171875239e+01
8.579999981689452682e+01
8.959999963378906784e+01
8.499999938964843693e+01
8.799999981689452966e+01
8.779999981689452682e+01
9.299999969482422557e+01
9.039999963378906500e+01
8.999999969482422557e+01
8.600000000000000000e+01
8.679999945068360034e+01
8.939999938964844262e+01
8.439999981689453534e+01
8.419999963378906216e+01
9.079999981689452682e+01
9.119999975585938046e+01
9.239999963378906500e+01
9.340000012207030977e+01
9.499999963378905932e+01
9.419999975585938046e+01
9.540000000000000568e+01
9.619999963378906216e+01
9.559999963378906784e+01
9.440000006103515773e+01
9.180000006103514920e+01
9.039999981689453534e+01
8.939999938964844262e+01
8.699999981689452966e+01
8.719999951171874386e+01
8.879999951171875239e+01
8.999999975585937761e+01
8.820000012207030693e+01
8.999999975585937761e+01
8.959999969482421989e+01
9.039999975585936909e+01
8.699999981689452966e+01
8.919999975585938046e+01
8.839999975585936909e+01
8.679999975585937477e+01
8.419999957275391012e+01
8.799999975585937761e+01
8.779999945068360034e+01
8.760000006103516057e+01
8.799999938964843693e+01
8.999999975585937761e+01
8.699999987792968170e+01
9.059999975585937193e+01
8.839999938964844262e+01
8.800000012207031830e+01
8.679999987792969307e+01
8.599999957275390727e+01
8.799999938964843693e+01
8.840000006103515773e+01
8.599999938964843693e+01
8.839999969482421704e+01
8.939999938964844262e+01
8.839999975585936909e+01
8.959999969482421989e+01
8.839999938964844262e+01
8.800000006103515204e+01
8.779999963378905647e+01
8.899999987792968170e+01
8.839999981689453534e+01
8.980000006103514920e+01
8.979999981689452682e+01
8.859999938964843125e+01
8.899999981689452966e+01
8.899999945068358898e+01
8.839999957275391296e+01
8.559999993896484227e+01
8.759999945068359750e+01
8.799999969482422557e+01
8.639999951171874670e+01
8.959999938964843125e+01
8.780000012207031546e+01
9.080000006103514920e+01
8.859999951171874955e+01
8.859999975585937193e+01
8.659999969482421989e+01
8.820000006103515489e+01
8.959999981689453818e+01
8.739999987792968739e+01
8.799999975585937761e+01
8.739999945068359466e+01
8.840000012207030977e+01
8.819999945068359182e+01
8.679999975585937477e+01
9.000000012207031830e+01
8.939999945068359466e+01
8.739999975585936909e+01
8.759999938964843125e+01
