0.000000000000000000e+00
2.000000000000000111e-01
9.999999942779540518e-01
4.600000007629394538e+00
4.000000000000000222e-01
2.479999986267089795e+01
2.139999986267089938e+01
1.879999995422363313e+01
2.719999999999999929e+01
3.639999996948242256e+01
5.199999988555908281e+00
1.919999995422363170e+01
7.399999946594237876e+00
1.059999998474121163e+01
2.079999986267089795e+01
6.399999923706054972e+00
2.119999999999999929e+01
1.680000001525878872e+01
2.819999999999999929e+01
1.779999986267089795e+01
1.459999992370605426e+01
2.679999990844726554e+01
5.660000000000000142e+01
2.279999986267089795e+01
1.239999998474121057e+01
2.079999986267089795e+01
1.959999998474120986e+01
2.219999989318847611e+01
4.539999999999999858e+01
2.119999993896484369e+01
1.379999995422363313e+01
2.540000003051757815e+01
8.600000007629393650e+00
2.599999989318847682e+01
2.380000003051757673e+01
4.019999978637695648e+01
2.859999996948242185e+01
4.800000006103515915e+01
2.419999999999999929e+01
2.199999992370605639e+01
2.179999996948242114e+01
4.079999972534179875e+01
3.059999987792968668e+01
4.539999969482421704e+01
2.060000000000000142e+01
3.439999993896484654e+01
4.220000006103515489e+01
1.919999992370605568e+01
2.419999984741210852e+01
2.060000003051757744e+01
4.659999978637695506e+01
3.999999972534179449e+01
5.899999990844726483e+01
4.579999972534179875e+01
3.299999984741211279e+01
2.839999990844726696e+01
4.740000003051757460e+01
3.679999969482421562e+01
1.939999989318847540e+01
6.519999987792968454e+01
6.159999969482421989e+01
3.859999987792969023e+01
1.379999998474121092e+01
3.479999987792968597e+01
3.300000000000000000e+01
4.259999981689453108e+01
4.380000006103515631e+01
5.779999990844726909e+01
3.260000003051757744e+01
3.599999986267089724e+01
4.679999987792968597e+01
1.159999992370605426e+01
1.320000000762939507e+01
3.799999978637695364e+01
5.999999975585937761e+01
5.500000000000000000e+01
2.059999992370605426e+01
3.279999999999999716e+01
3.519999972534179733e+01
5.580000003051758029e+01
2.740000003051757815e+01
3.839999981689452824e+01
5.879999996948242114e+01
6.059999978637695506e+01
6.159999975585937193e+01
6.319999981689453250e+01
7.959999963378906784e+01
8.219999975585938046e+01
8.980000006103514920e+01
7.839999987792968739e+01
7.899999963378905932e+01
7.899999993896484796e+01
8.040000006103515773e+01
8.059999987792969023e+01
8.020000012207030693e+01
7.840000012207030977e+01
7.559999993896484227e+01
7.279999963378905647e+01
7.919999951171874386e+01
7.880000006103514920e+01
8.059999957275390159e+01
7.639999975585936909e+01
7.919999957275391012e+01
7.859999987792969023e+01
8.099999951171875523e+01
7.959999987792969023e+01
7.959999981689453818e+01
7.959999945068359750e+01
7.679999951171875239e+01
7.859999963378906784e+01
7.779999963378905647e+01
7.719999951171874386e+01
7.479999999999999716e+01
7.499999957275390727e+01
7.939999951171874670e+01
7.759999987792969023e+01
7.999999993896484796e+01
7.840000006103515773e+01
8.379999993896484511e+01
7.679999951171875239e+01
8.040000012207030977e+01
8.139999938964844262e+01
8.099999987792968170e+01
8.619999993896485080e+01
8.799999987792968170e+01
8.379999957275390443e+01
8.219999981689453250e+01
8.559999975585937193e+01
8.579999963378905647e+01
9.099999945068358898e+01
8.959999938964843125e+01
9.220000012207030693e+01
9.200000006103515204e+01
9.179999938964843409e+01
8.979999938964843409e+01
8.819999951171874386e+01
8.539999938964844262e+01
8.779999945068360034e+01
8.599999938964843693e+01
8.479999945068360034e+01
8.519999987792968454e+01
8.559999981689453818e+01
8.559999945068359750e+01
8.439999987792968739e+01
8.620000006103515489e+01
8.579999945068360034e+01
8.519999963378906216e+01
8.459999951171874955e+01
8.539999951171874670e+01
8.439999951171874670e+01
8.499999981689452966e+01
8.539999969482421704e+01
8.199999951171875523e+01
8.439999981689453534e+01
8.619999945068359182e+01
8.459999938964843125e+01
8.659999981689453818e+01
8.519999993896485080e+01
8.539999975585936909e+01
8.699999981689452966e+01
8.239999981689453534e+01
8.519999993896485080e+01
8.599999951171875523e+01
8.599999987792968170e+01
8.479999951171875239e+01
8.299999957275390727e+01
8.539999981689453534e+01
8.539999981689453534e+01
8.499999938964843693e+01
8.639999969482421704e+01
8.459999987792969023e+01
8.299999945068358898e+01
8.439999987792968739e+01
8.519999951171874386e+01
8.439999993896483943e+01
8.619999945068359182e+01
8.719999945068359182e+01
8.580000012207031546e+01
8.720000012207030693e+01
8.519999969482421420e+01
8.479999938964843409e+01
8.659999945068359750e+01
8.539999987792968739e+01
8.479999969482422273e+01
8.439999975585936909e+01
8.659999981689453818e+01
8.679999975585937477e+01
8.639999938964844262e+01
8.299999951171875523e+01
8.439999993896483943e+01
8.239999951171874670e+01
8.500000012207031830e+01
8.439999951171874670e+01
8.439999981689453534e+01
8.539999938964844262e+01
8.459999957275390159e+01
8.519999975585938046e+01
8.439999993896483943e+01
8.639999945068359466e+01
8.599999945068358898e+01
