0.000000000000000000e+00
3.719999972534179733e+01
0.000000000000000000e+00
1.999999988555908104e+00
3.500000000000000000e+01
1.980000003051757673e+01
9.999999942779540518e-01
2.139999989318847540e+01
1.399999995422363241e+01
3.599999969482421847e+01
1.359999989318847646e+01
2.739999981689453179e+01
6.999999954223632415e+00
7.999999988555908104e+00
2.739999993896484298e+01
1.459999994659423805e+01
2.579999987792968597e+01
9.599999984741211634e+00
1.579999995422363313e+01
1.080000000762939472e+01
2.120000003051757886e+01
1.939999996948242256e+01
2.080000003051757673e+01
7.599999994277953697e+00
6.199999977111816385e+00
9.600000007629393650e+00
7.139999963378906500e+01
7.000000007629394894e+00
2.219999986267090009e+01
1.239999995422363277e+01
3.739999987792968739e+01
1.180000001525878872e+01
2.479999996948242114e+01
1.719999995422363170e+01
2.360000003051757744e+01
3.139999987792968739e+01
3.019999996948242327e+01
3.059999969482421989e+01
2.639999993896484298e+01
1.080000001525878872e+01
2.139999992370605497e+01
2.179999986267089795e+01
2.819999996948242327e+01
3.959999987792969023e+01
2.060000003051757744e+01
1.659999995422363384e+01
3.359999984741210710e+01
2.499999986267089724e+01
7.300000012207031830e+01
2.579999996948242114e+01
1.259999997711181585e+01
2.019999995422363170e+01
2.459999981689453108e+01
1.959999986267089866e+01
2.979999981689453037e+01
3.419999981689453250e+01
1.299999995422363241e+01
5.819999987792968454e+01
4.640000006103515773e+01
3.199999993896484440e+01
4.560000000000000142e+01
3.519999987792968454e+01
5.619999996948241971e+01
3.019999990844726412e+01
2.360000000000000142e+01
2.079999998474121270e+01
5.819999996948241971e+01
4.820000006103515489e+01
3.139999999999999858e+01
4.559999972534179591e+01
5.659999990844726625e+01
3.639999981689452824e+01
2.039999986267089938e+01
4.759999978637695506e+01
2.460000000000000142e+01
2.160000000000000142e+01
4.039999990844726341e+01
7.999999963378905932e+01
3.220000003051757886e+01
3.299999996948242398e+01
3.479999981689453392e+01
6.279999987792968597e+01
5.339999969482421704e+01
8.039999951171874670e+01
7.979999993896484511e+01
8.319999981689453250e+01
8.699999951171875523e+01
8.619999981689453250e+01
8.419999963378906216e+01
7.939999957275391296e+01
8.139999957275391296e+01
8.459999945068359750e+01
8.399999938964843693e+01
7.659999999999999432e+01
7.679999938964843409e+01
7.979999981689452682e+01
8.159999993896484227e+01
8.560000012207031261e+01
8.180000012207031546e+01
8.059999993896484227e+01
8.399999987792968170e+01
8.159999963378906784e+01
7.879999975585937477e+01
8.279999945068360034e+01
8.439999938964844262e+01
7.839999951171874670e+01
8.499999981689452966e+01
8.559999987792969023e+01
8.339999993896483943e+01
7.739999975585936909e+01
8.319999987792968454e+01
8.439999938964844262e+01
8.039999993896483943e+01
8.179999945068360034e+01
8.559999945068359750e+01
8.179999987792969307e+01
8.360000006103516057e+01
7.959999951171874955e+01
8.419999951171874386e+01
8.059999987792969023e+01
8.179999945068360034e+01
8.299999951171875523e+01
8.419999945068359182e+01
8.559999981689453818e+01
8.639999975585936909e+01
9.079999975585937477e+01
9.139999975585936909e+01
9.199999969482422557e+01
9.119999969482421420e+01
9.159999969482421989e+01
9.199999963378905932e+01
9.240000012207030977e+01
9.099999938964843693e+01
9.099999945068358898e+01
8.899999938964843693e+01
9.040000012207030977e+01
8.859999981689453818e+01
8.879999975585937477e+01
8.919999981689453250e+01
8.820000012207030693e+01
8.780000012207031546e+01
8.979999975585937477e+01
8.740000012207030977e+01
8.859999975585937193e+01
8.920000012207030693e+01
8.779999981689452682e+01
8.899999938964843693e+01
9.039999938964844262e+01
8.779999975585937477e+01
8.839999945068359466e+01
8.959999981689453818e+01
8.819999975585938046e+01
9.040000006103515773e+01
8.879999938964843409e+01
8.839999938964844262e+01
8.919999969482421420e+01
8.759999945068359750e+01
8.859999981689453818e+01
8.639999957275391296e+01
9.019999945068359182e+01
8.939999951171874670e+01
9.000000006103515204e+01
8.840000006103515773e+01
8.919999969482421420e+01
8.859999938964843125e+01
8.840000012207030977e+01
8.819999981689453250e+01
9.000000012207031830e+01
8.939999993896483943e+01
8.859999951171874955e+01
8.779999945068360034e+01
8.840000012207030977e+01
8.819999987792968454e+01
8.820000012207030693e+01
8.999999969482422557e+01
8.819999938964843977e+01
8.919999981689453250e+01
8.839999987792968739e+01
8.999999981689452966e+01
8.819999975585938046e+01
8.919999938964843977e+01
8.639999975585936909e+01
8.740000006103515773e+01
8.800000006103515204e+01
8.880000006103514920e+01
8.819999975585938046e+01
8.939999963378906500e+01
8.820000012207030693e+01
8.799999975585937761e+01
8.939999969482421704e+01
8.859999981689453818e+01
8.860000012207031261e+01
8.919999945068359182e+01
9.060000012207031261e+01
8.859999945068359750e+01
8.859999938964843125e+01
8.899999987792968170e+01
8.939999945068359466e+01
9.019999938964843977e+01
8.999999981689452966e+01
