1.079999994659423912e+01
2.000000000000000111e-01
1.899999995422363241e+01
1.000000000762939401e+01
4.199999977111816385e+00
5.999999942779541406e-01
2.399999988555908015e+00
4.199999988555908281e+00
9.400000015258788366e+00
6.000000007629394894e+00
1.960000003051757744e+01
2.179999992370605355e+01
6.999999977111816207e+00
9.399999977111816563e+00
5.000000007629394894e+00
5.379999996948242114e+01
3.060000000000000142e+01
4.639999993896484654e+01
4.999999994277954052e+00
1.320000001525878908e+01
1.079999994659423912e+01
1.760000000000000142e+01
2.639999993896484298e+01
6.800000007629394716e+00
7.399999988555908459e+00
7.800000015258788721e+00
1.059999994659423805e+01
2.199999992370605639e+01
1.059999994659423805e+01
1.339999994659423876e+01
2.239999986267089938e+01
7.999999988555908104e+00
2.239999989318847540e+01
1.699999986267089724e+01
7.399999977111816563e+00
1.619999992370605568e+01
8.200000007629395071e+00
8.199999946594237699e+00
1.639999996948242256e+01
1.539999995422363277e+01
1.819999989318847611e+01
1.960000000000000142e+01
1.980000000000000071e+01
3.639999999999999858e+01
1.379999995422363313e+01
2.659999990844726625e+01
1.320000001525878908e+01
1.959999997711181763e+01
2.799999993896484440e+01
2.699999984741210923e+01
3.659999969482421989e+01
3.019999984741210852e+01
2.299999989318847682e+01
1.819999992370605568e+01
4.019999969482422131e+01
3.159999987792968668e+01
2.420000003051757886e+01
2.839999987792968739e+01
1.679999995422363313e+01
1.999999989318847682e+01
2.139999986267089938e+01
2.039999999999999858e+01
3.019999990844726412e+01
1.139999992370605497e+01
2.759999987792968668e+01
3.459999972534179591e+01
4.920000003051757886e+01
3.199999987792968881e+01
8.799999994277953874e+00
4.179999969482421562e+01
4.420000003051757886e+01
4.179999984741210994e+01
5.039999999999999858e+01
3.519999996948241971e+01
3.739999978637695222e+01
4.199999978637695364e+01
4.519999996948241971e+01
3.479999990844726909e+01
4.339999981689452824e+01
3.719999993896484369e+01
4.819999990844726767e+01
3.539999984741211136e+01
4.839999969482421704e+01
5.979999978637695079e+01
7.059999987792969023e+01
7.059999975585937193e+01
7.599999993896484796e+01
7.759999993896484227e+01
7.259999969482421989e+01
7.679999999999999716e+01
7.459999999999999432e+01
7.099999987792968170e+01
6.979999957275390443e+01
7.679999957275390443e+01
7.579999957275390443e+01
7.279999963378905647e+01
7.999999987792968170e+01
7.439999993896483943e+01
7.379999975585937477e+01
7.060000006103516057e+01
7.680000012207031546e+01
7.599999963378905932e+01
7.539999957275391296e+01
7.999999975585937761e+01
7.679999945068360034e+01
7.459999963378906784e+01
7.559999969482421989e+01
7.400000000000000000e+01
7.319999978637694937e+01
7.399999957275390727e+01
7.559999951171874955e+01
7.639999963378906500e+01
7.719999957275391012e+01
7.779999999999999716e+01
7.679999951171875239e+01
7.620000006103515489e+01
7.699999963378905932e+01
7.739999951171874670e+01
7.499999978637694653e+01
7.959999993896484227e+01
7.439999957275391296e+01
7.339999963378906500e+01
7.179999957275390443e+01
7.739999969482421704e+01
8.160000012207031261e+01
8.740000012207030977e+01
8.680000012207031546e+01
8.839999945068359466e+01
9.159999969482421989e+01
9.139999938964844262e+01
9.079999938964843409e+01
9.080000012207031546e+01
9.059999969482421989e+01
8.959999981689453818e+01
8.859999969482421989e+01
8.679999987792969307e+01
8.879999969482422273e+01
8.760000012207031261e+01
8.619999981689453250e+01
8.819999975585938046e+01
8.879999969482422273e+01
8.699999981689452966e+01
8.720000012207030693e+01
8.759999938964843125e+01
8.679999945068360034e+01
8.699999945068358898e+01
8.599999987792968170e+01
8.559999981689453818e+01
8.639999938964844262e+01
8.479999938964843409e+01
8.579999987792969307e+01
8.759999951171874955e+01
8.599999938964843693e+01
8.419999975585938046e+01
8.459999945068359750e+01
8.539999945068359466e+01
8.640000012207030977e+01
8.500000012207031830e+01
8.739999945068359466e+01
8.639999951171874670e+01
8.760000012207031261e+01
8.459999938964843125e+01
8.799999938964843693e+01
8.859999975585937193e+01
8.659999938964843125e+01
8.739999975585936909e+01
8.599999945068358898e+01
8.639999951171874670e+01
8.819999981689453250e+01
8.539999975585936909e+01
8.539999975585936909e+01
8.619999993896485080e+01
8.819999938964843977e+01
8.539999981689453534e+01
8.799999945068358898e+01
8.559999981689453818e+01
8.779999938964843409e+01
8.599999951171875523e+01
8.619999938964843977e+01
8.599999945068358898e+01
8.719999975585938046e+01
8.819999951171874386e+01
8.779999975585937477e+01
8.679999938964843409e+01
8.799999945068358898e+01
8.759999987792969023e+01
8.779999975585937477e+01
8.619999975585938046e+01
8.660000012207031261e+01
8.539999975585936909e+01
8.739999981689453534e+01
8.899999975585937761e+01
8.699999987792968170e+01
8.679999987792969307e+01
8.639999987792968739e+01
8.599999981689452966e+01
8.539999938964844262e+01
8.639999993896483943e+01
8.759999987792969023e+01
8.799999987792968170e+01
