0.000000000000000000e+00
2.099999989318847682e+01
1.459999998474121163e+01
2.699999990844726483e+01
1.080000000762939472e+01
1.219999989318847611e+01
4.999999975585937761e+01
1.619999992370605568e+01
2.800000007629394716e+00
1.699999998474121199e+01
2.979999990844726554e+01
8.399999988555908459e+00
2.019999989318847611e+01
1.139999994659423876e+01
9.600000015258789432e+00
1.000000000762939401e+01
7.999999984741211101e+00
3.599999994277954141e+00
3.599999988555908192e+00
1.279999997711181692e+01
4.599999994277953697e+00
4.800000007629394716e+00
9.399999946594238764e+00
1.959999995422363384e+01
9.799999954223633125e+00
6.800000015258788721e+00
3.860000000000000142e+01
1.260000000762939365e+01
1.579999986267089795e+01
9.199999946594237699e+00
5.840000006103515773e+01
9.799999954223633125e+00
3.799999988555908370e+00
1.560000003051757744e+01
1.679999994659423734e+01
1.260000000762939365e+01
1.019999994659423770e+01
1.459999992370605426e+01
3.259999993896484227e+01
1.780000000000000071e+01
1.840000001525879014e+01
7.400000007629394361e+00
7.200000007629394183e+00
1.179999994659423912e+01
8.600000007629393650e+00
2.899999987792968881e+01
2.459999993896484227e+01
7.199999984741211279e+00
1.220000001525878908e+01
3.259999972534179591e+01
5.599999996948242398e+01
9.599999954223632059e+00
1.639999992370605497e+01
2.159999990844726625e+01
1.939999998474121057e+01
1.100000000762939401e+01
2.159999993896484227e+01
5.360000006103515346e+01
1.680000001525878872e+01
6.079999987792968597e+01
3.539999969482421704e+01
2.139999992370605497e+01
1.879999996948242114e+01
2.379999992370605355e+01
1.299999992370605462e+01
1.780000001525878872e+01
2.179999989318847753e+01
3.619999981689453250e+01
3.559999975585937193e+01
2.339999994659423876e+01
1.319999997711181727e+01
1.159999998474121163e+01
1.959999995422363384e+01
3.679999969482421562e+01
1.699999998474121199e+01
2.739999996948242256e+01
2.939999999999999858e+01
2.319999989318847611e+01
3.080000003051757673e+01
2.059999998474120986e+01
2.959999987792968668e+01
5.700000000000000000e+01
4.679999990844726909e+01
6.299999975585937761e+01
6.439999978637695222e+01
6.539999990844727051e+01
6.959999978637695506e+01
6.619999978637694937e+01
6.960000006103516057e+01
6.319999969482422131e+01
6.359999984741210710e+01
6.539999969482421704e+01
6.479999951171875239e+01
6.399999978637695364e+01
6.939999969482421704e+01
6.819999975585938046e+01
6.540000000000000568e+01
6.680000012207031546e+01
7.079999963378905647e+01
6.619999993896485080e+01
6.459999984741210710e+01
6.939999957275391296e+01
6.920000012207030693e+01
6.920000006103515489e+01
7.019999951171874386e+01
7.040000006103515773e+01
6.959999975585937193e+01
7.200000000000000000e+01
6.979999978637695790e+01
6.820000012207030693e+01
6.840000000000000568e+01
7.159999951171874955e+01
7.059999999999999432e+01
6.899999978637694653e+01
7.379999984741210994e+01
7.020000012207030693e+01
6.579999963378905647e+01
7.300000012207031830e+01
7.060000006103516057e+01
7.340000000000000568e+01
7.319999957275391012e+01
7.979999951171875239e+01
7.779999981689452682e+01
8.559999951171874955e+01
8.799999938964843693e+01
8.799999945068358898e+01
8.900000012207031830e+01
8.899999938964843693e+01
9.060000012207031261e+01
9.119999969482421420e+01
8.960000012207031261e+01
8.919999938964843977e+01
8.899999938964843693e+01
8.799999945068358898e+01
8.720000012207030693e+01
8.699999938964843693e+01
8.659999951171874955e+01
8.759999981689453818e+01
8.739999975585936909e+01
8.699999981689452966e+01
8.820000012207030693e+01
8.679999987792969307e+01
8.219999945068359182e+01
8.479999951171875239e+01
8.440000012207030977e+01
8.699999945068358898e+01
8.599999938964843693e+01
8.739999975585936909e+01
8.479999945068360034e+01
8.600000012207031830e+01
8.479999993896484511e+01
8.879999981689452682e+01
8.759999975585937193e+01
8.739999938964844262e+01
8.499999957275390727e+01
8.299999957275390727e+01
8.559999987792969023e+01
8.679999945068360034e+01
8.419999975585938046e+01
8.479999981689452682e+01
8.619999938964843977e+01
8.499999938964843693e+01
8.699999945068358898e+01
8.579999993896484511e+01
8.499999987792968170e+01
8.720000012207030693e+01
8.559999987792969023e+01
8.540000012207030977e+01
8.700000012207031830e+01
8.719999981689453250e+01
8.459999975585937193e+01
8.619999938964843977e+01
8.779999945068360034e+01
8.659999975585937193e+01
8.579999957275390443e+01
8.819999975585938046e+01
8.719999938964843977e+01
8.679999981689452682e+01
8.719999938964843977e+01
8.699999938964843693e+01
8.799999975585937761e+01
8.739999951171874670e+01
8.579999945068360034e+01
8.659999981689453818e+01
8.679999975585937477e+01
8.680000012207031546e+01
8.740000012207030977e+01
8.499999981689452966e+01
8.639999951171874670e+01
8.759999957275390159e+01
8.739999975585936909e+01
8.779999987792969307e+01
8.539999945068359466e+01
8.739999951171874670e+01
8.699999945068358898e+01
8.719999981689453250e+01
8.739999981689453534e+01
8.919999938964843977e+01
8.840000012207030977e+01
8.679999975585937477e+01
