1.000000000000000000e+00
1.600000000000000089e+00
1.000000000000000000e+00
2.399999988555908015e+00
3.399999994277953963e+00
3.199999994277954229e+00
1.639999995422363455e+01
9.799999984741210923e+00
1.039999998474121057e+01
1.439999994659423876e+01
6.600000007629394538e+00
6.800000015258788721e+00
1.160000001525878943e+01
2.999999990844726483e+01
2.879999986267089795e+01
1.759999998474120986e+01
7.799999977111816030e+00
6.199999946594238587e+00
1.180000003051757851e+01
1.159999998855590775e+01
1.860000000000000142e+01
1.160000001525878943e+01
2.019999992370605568e+01
6.600000007629394538e+00
1.099999989318847682e+01
1.140000001525878837e+01
5.799999977111816030e+00
1.559999989318847646e+01
1.559999998474121163e+01
1.059999994659423805e+01
2.399999994277953963e+00
6.199999946594238587e+00
1.439999997711181656e+01
1.179999995422363313e+01
5.200000000000000178e+00
8.000000015258789787e+00
8.399999946594238764e+00
8.200000015258789077e+00
9.799999946594239120e+00
1.339999986267089760e+01
1.360000001525878943e+01
1.339999989318847717e+01
4.999999994277954052e+00
1.299999995422363241e+01
4.300000000000000000e+01
1.600000000000000000e+01
1.320000001525878908e+01
2.519999996948242327e+01
2.139999986267089938e+01
9.000000015258789787e+00
1.819999989318847611e+01
1.959999989318847824e+01
2.080000003051757673e+01
2.299999989318847682e+01
6.399999977111816563e+00
7.800000015258788721e+00
9.999999946594238409e+00
1.239999995422363277e+01
1.219999997711181727e+01
2.139999992370605497e+01
3.139999999999999858e+01
1.439999992370605497e+01
1.380000001525878872e+01
2.739999999999999858e+01
1.919999989318847611e+01
2.219999996948242327e+01
1.559999994659423805e+01
1.560000003051757744e+01
3.119999990844726412e+01
2.180000003051757673e+01
1.840000003051757815e+01
1.219999994659423770e+01
1.819999998474121128e+01
2.639999999999999858e+01
1.140000001525878837e+01
1.360000001525878943e+01
2.079999989318847753e+01
2.339999989318847540e+01
8.599999977111815852e+00
2.099999986267089724e+01
2.179999995422363313e+01
2.260000003051757744e+01
2.799999993896484440e+01
4.279999981689453392e+01
5.619999993896484369e+01
6.099999975585937761e+01
6.999999984741211279e+01
6.739999975585936909e+01
7.080000012207031546e+01
7.019999963378906216e+01
6.960000006103516057e+01
6.639999984741210426e+01
6.759999981689453818e+01
6.580000012207031546e+01
6.419999984741211563e+01
6.719999993896485080e+01
6.799999957275390727e+01
6.779999975585937477e+01
6.860000006103516057e+01
6.699999963378905932e+01
6.840000006103515773e+01
6.599999975585937761e+01
6.579999978637695790e+01
7.060000012207031261e+01
6.719999984741211563e+01
6.959999963378906784e+01
7.059999996948242540e+01
7.039999969482421704e+01
6.359999969482421989e+01
7.119999963378906216e+01
6.559999975585937193e+01
6.259999981689453108e+01
6.940000006103515773e+01
6.939999975585936909e+01
6.739999984741210426e+01
7.439999963378906500e+01
6.959999993896484227e+01
6.519999984741211563e+01
6.959999981689453818e+01
7.060000012207031261e+01
6.940000006103515773e+01
7.019999969482421420e+01
7.379999963378905647e+01
7.859999981689453818e+01
8.280000012207031546e+01
8.659999981689453818e+01
8.719999981689453250e+01
8.820000012207030693e+01
8.979999969482422273e+01
9.059999975585937193e+01
8.939999938964844262e+01
8.879999938964843409e+01
8.779999975585937477e+01
8.719999938964843977e+01
8.819999993896485080e+01
8.759999945068359750e+01
8.699999969482422557e+01
8.639999969482421704e+01
8.559999987792969023e+01
8.739999975585936909e+01
8.719999981689453250e+01
8.479999945068360034e+01
8.579999987792969307e+01
8.680000012207031546e+01
8.639999945068359466e+01
8.780000006103514920e+01
8.559999981689453818e+01
8.679999981689452682e+01
8.479999945068360034e+01
8.759999987792969023e+01
8.699999938964843693e+01
8.799999975585937761e+01
8.559999975585937193e+01
8.699999938964843693e+01
8.599999987792968170e+01
8.739999975585936909e+01
8.539999987792968739e+01
8.559999981689453818e+01
8.820000012207030693e+01
8.659999951171874955e+01
8.799999938964843693e+01
8.380000012207031546e+01
8.720000012207030693e+01
8.679999975585937477e+01
8.699999975585937761e+01
8.599999938964843693e+01
8.719999981689453250e+01
8.759999987792969023e+01
8.739999975585936909e+01
8.479999938964843409e+01
8.719999945068359182e+01
8.739999981689453534e+01
8.759999987792969023e+01
8.620000012207030693e+01
8.679999975585937477e+01
8.559999981689453818e+01
8.579999981689452682e+01
8.659999938964843125e+01
8.479999951171875239e+01
8.659999938964843125e+01
8.539999945068359466e+01
8.759999981689453818e+01
8.799999981689452966e+01
8.639999938964844262e+01
8.879999938964843409e+01
8.659999981689453818e+01
8.759999938964843125e+01
8.760000012207031261e+01
8.759999957275390159e+01
8.599999987792968170e+01
8.559999938964843125e+01
8.599999945068358898e+01
8.659999975585937193e+01
8.560000012207031261e+01
8.819999945068359182e+01
8.619999987792968454e+01
8.820000012207030693e+01
8.699999938964843693e+01
8.639999938964844262e+01
8.799999975585937761e+01
