4.739999978637695222e+01
8.399999977111816563e+00
8.999999954223632415e+00
4.999999988555908104e+00
9.999999942779540518e-01
1.059999994659423805e+01
1.079999994659423912e+01
5.199999988555908281e+00
1.700000001525878801e+01
1.119999994659423770e+01
6.200000015258789077e+00
1.479999989318847575e+01
8.199999977111817273e+00
1.539999986267089760e+01
1.319999997711181727e+01
8.999999946594238409e+00
9.799999946594239120e+00
8.599999946594238054e+00
1.079999999427795387e+01
1.519999994659423770e+01
7.399999946594237876e+00
1.220000001525878908e+01
4.799999994277953874e+00
1.680000003051757673e+01
5.799999977111816030e+00
1.280000001525878872e+01
8.399999923706054972e+00
1.539999992370605497e+01
4.000000000000000222e-01
2.540000003051757815e+01
1.539999986267089760e+01
2.239999995422363455e+01
6.000000007629394894e+00
1.399999995422363241e+01
2.859999990844726625e+01
1.579999994659423912e+01
1.700000001525878801e+01
2.599999993896484440e+01
1.119999994659423770e+01
1.320000001525878908e+01
2.559999996948242185e+01
1.139999998474121057e+01
1.799999996948242043e+01
1.640000003051757815e+01
4.339999984741211136e+01
3.099999972534179804e+01
1.279999989318847575e+01
2.379999989318847753e+01
2.379999993896484511e+01
2.439999999999999858e+01
2.439999998474121057e+01
1.959999989318847824e+01
3.979999978637695079e+01
5.399999994277954407e+00
1.579999995422363313e+01
1.640000000762939436e+01
1.059999994659423805e+01
5.539999990844726341e+01
3.200000003051757602e+01
2.359999975585937548e+01
4.279999993896484511e+01
2.839999990844726696e+01
4.199999984741211279e+01
1.899999992370605639e+01
2.700000000000000000e+01
8.599999984741211634e+00
2.899999992370605639e+01
1.839999995422363455e+01
6.239999999999999858e+01
1.279999995422363313e+01
3.919999972534179733e+01
2.060000003051757744e+01
3.979999975585937477e+01
1.699999995422363241e+01
8.000000007629394005e+00
3.239999996948242256e+01
2.199999992370605639e+01
2.319999989318847611e+01
2.359999996948242185e+01
3.319999987792968454e+01
2.539999996948242256e+01
5.620000012207031403e+01
3.019999999999999929e+01
4.260000006103515346e+01
4.979999996948242114e+01
6.399999978637695364e+01
6.700000000000000000e+01
6.960000006103516057e+01
7.399999951171875523e+01
7.079999957275390443e+01
7.179999981689452682e+01
7.219999993896485080e+01
6.659999975585937193e+01
7.599999981689452966e+01
7.340000000000000568e+01
7.399999993896484796e+01
7.220000012207030693e+01
7.019999963378906216e+01
7.359999978637695506e+01
7.459999969482421989e+01
7.519999957275391012e+01
6.979999978637695790e+01
7.239999969482421704e+01
7.540000006103515773e+01
7.619999981689453250e+01
7.300000000000000000e+01
7.379999981689452682e+01
6.859999975585937193e+01
7.559999987792969023e+01
7.479999987792969307e+01
7.299999993896484796e+01
7.519999963378906216e+01
7.359999957275390159e+01
7.819999957275391012e+01
7.500000000000000000e+01
7.699999957275390727e+01
7.479999999999999716e+01
7.719999987792968454e+01
7.299999969482422557e+01
7.220000012207030693e+01
7.799999957275390727e+01
7.519999975585938046e+01
7.659999963378906784e+01
7.919999987792968454e+01
7.779999993896484511e+01
7.679999951171875239e+01
8.219999951171874386e+01
8.579999975585937477e+01
8.659999981689453818e+01
8.519999987792968454e+01
8.799999938964843693e+01
8.799999987792968170e+01
8.779999975585937477e+01
8.799999975585937761e+01
8.679999987792969307e+01
8.839999938964844262e+01
8.679999938964843409e+01
8.679999981689452682e+01
8.619999975585938046e+01
8.699999987792968170e+01
8.619999975585938046e+01
8.599999945068358898e+01
8.539999981689453534e+01
8.539999987792968739e+01
8.479999981689452682e+01
8.659999981689453818e+01
8.679999993896484511e+01
8.519999993896485080e+01
8.539999938964844262e+01
8.579999993896484511e+01
8.579999945068360034e+01
8.539999969482421704e+01
8.559999981689453818e+01
8.599999945068358898e+01
8.600000000000000000e+01
8.479999999999999716e+01
8.679999951171875239e+01
8.699999938964843693e+01
8.559999975585937193e+01
8.539999981689453534e+01
8.779999993896484511e+01
8.619999981689453250e+01
8.559999957275390159e+01
8.599999981689452966e+01
8.579999987792969307e+01
8.579999951171875239e+01
8.779999938964843409e+01
8.620000012207030693e+01
8.519999975585938046e+01
8.499999981689452966e+01
8.599999945068358898e+01
8.620000006103515489e+01
8.739999987792968739e+01
8.639999945068359466e+01
8.740000012207030977e+01
8.619999975585938046e+01
8.679999987792969307e+01
8.639999981689453534e+01
8.479999945068360034e+01
8.499999945068358898e+01
8.579999987792969307e+01
8.719999975585938046e+01
8.659999938964843125e+01
8.539999987792968739e+01
8.579999993896484511e+01
8.600000012207031830e+01
8.540000012207030977e+01
8.539999981689453534e+01
8.739999945068359466e+01
8.599999987792968170e+01
8.679999938964843409e+01
8.619999981689453250e+01
8.779999987792969307e+01
8.759999938964843125e+01
8.759999993896484227e+01
8.699999945068358898e+01
8.559999993896484227e+01
8.699999945068358898e+01
8.679999938964843409e+01
8.719999987792968454e+01
