0.000000000000000000e+00
1.409999999999999964e+01
9.900000000000000355e+00
1.000000000000000000e+01
9.900000000000000355e+00
3.089999999999999858e+01
3.069999999999999929e+01
6.509999999999999432e+01
8.379999999999999716e+01
9.179999999999999716e+01
9.779999999999999716e+01
9.940000000000000568e+01
9.270000000000000284e+01
9.790000000000000568e+01
9.920000000000000284e+01
9.900000000000000000e+01
9.940000000000000568e+01
9.990000000000000568e+01
9.979999999999999716e+01
9.970000000000000284e+01
9.970000000000000284e+01
9.970000000000000284e+01
9.970000000000000284e+01
9.970000000000000284e+01
9.970000000000000284e+01
9.970000000000000284e+01
9.990000000000000568e+01
9.979999999999999716e+01
9.970000000000000284e+01
9.959999999999999432e+01
9.970000000000000284e+01
9.959999999999999432e+01
9.970000000000000284e+01
9.959999999999999432e+01
9.959999999999999432e+01
9.970000000000000284e+01
9.970000000000000284e+01
9.970000000000000284e+01
9.970000000000000284e+01
9.959999999999999432e+01
