0.000000000000000000e+00
7.200000000000000178e+00
1.100000000000000000e+01
1.040000000000000036e+01
1.040000000000000036e+01
1.269999999999999929e+01
3.300000000000000000e+01
5.229999999999999716e+01
7.009999999999999432e+01
9.229999999999999716e+01
9.700000000000000000e+01
9.890000000000000568e+01
9.729999999999999716e+01
9.659999999999999432e+01
9.700000000000000000e+01
9.759999999999999432e+01
9.900000000000000000e+01
9.970000000000000284e+01
9.950000000000000000e+01
9.970000000000000284e+01
9.920000000000000284e+01
9.959999999999999432e+01
9.970000000000000284e+01
9.950000000000000000e+01
9.909999999999999432e+01
9.990000000000000568e+01
9.959999999999999432e+01
9.959999999999999432e+01
9.959999999999999432e+01
9.959999999999999432e+01
9.959999999999999432e+01
9.959999999999999432e+01
9.959999999999999432e+01
9.959999999999999432e+01
9.959999999999999432e+01
9.959999999999999432e+01
9.959999999999999432e+01
9.970000000000000284e+01
9.970000000000000284e+01
9.959999999999999432e+01
