0.000000000000000000e+00
2.660000000000000142e+01
1.080000000000000071e+01
8.699999999999999289e+00
9.500000000000000000e+00
9.599999999999999645e+00
1.080000000000000071e+01
1.600000000000000000e+01
5.610000000000000142e+01
5.070000000000000284e+01
6.770000000000000284e+01
7.950000000000000000e+01
8.800000000000000000e+01
9.090000000000000568e+01
9.609999999999999432e+01
7.740000000000000568e+01
9.700000000000000000e+01
9.909999999999999432e+01
9.950000000000000000e+01
9.959999999999999432e+01
9.959999999999999432e+01
9.959999999999999432e+01
9.959999999999999432e+01
9.950000000000000000e+01
9.950000000000000000e+01
9.950000000000000000e+01
9.959999999999999432e+01
9.959999999999999432e+01
9.959999999999999432e+01
9.959999999999999432e+01
9.959999999999999432e+01
9.959999999999999432e+01
9.959999999999999432e+01
9.959999999999999432e+01
9.959999999999999432e+01
9.959999999999999432e+01
9.959999999999999432e+01
9.959999999999999432e+01
9.959999999999999432e+01
9.959999999999999432e+01
