0.000000000000000000e+00
2.269999999999999929e+01
1.150000000000000000e+01
1.090000000000000036e+01
1.000000000000000000e+01
1.080000000000000071e+01
1.100000000000000000e+01
1.059999999999999964e+01
1.230000000000000071e+01
1.390000000000000036e+01
2.030000000000000071e+01
3.800000000000000000e+01
7.000000000000000000e+01
7.079999999999999716e+01
7.170000000000000284e+01
8.750000000000000000e+01
8.520000000000000284e+01
9.600000000000000000e+01
9.940000000000000568e+01
9.950000000000000000e+01
9.959999999999999432e+01
9.990000000000000568e+01
9.979999999999999716e+01
9.970000000000000284e+01
9.970000000000000284e+01
9.959999999999999432e+01
9.990000000000000568e+01
1.000000000000000000e+02
1.000000000000000000e+02
1.000000000000000000e+02
1.000000000000000000e+02
1.000000000000000000e+02
1.000000000000000000e+02
1.000000000000000000e+02
1.000000000000000000e+02
1.000000000000000000e+02
1.000000000000000000e+02
1.000000000000000000e+02
1.000000000000000000e+02
1.000000000000000000e+02
