0.000000000000000000e+00
0.000000000000000000e+00
1.119999999999999929e+01
1.130000000000000071e+01
1.150000000000000000e+01
1.090000000000000036e+01
1.190000000000000036e+01
1.180000000000000071e+01
1.330000000000000071e+01
1.590000000000000036e+01
3.300000000000000000e+01
4.010000000000000142e+01
6.370000000000000284e+01
5.989999999999999858e+01
7.359999999999999432e+01
8.720000000000000284e+01
8.800000000000000000e+01
9.409999999999999432e+01
9.859999999999999432e+01
9.879999999999999716e+01
9.909999999999999432e+01
9.909999999999999432e+01
9.920000000000000284e+01
9.920000000000000284e+01
9.909999999999999432e+01
9.929999999999999716e+01
9.950000000000000000e+01
9.950000000000000000e+01
9.950000000000000000e+01
9.950000000000000000e+01
9.950000000000000000e+01
9.950000000000000000e+01
9.950000000000000000e+01
9.950000000000000000e+01
9.950000000000000000e+01
9.950000000000000000e+01
9.950000000000000000e+01
9.950000000000000000e+01
9.950000000000000000e+01
9.950000000000000000e+01
