0.000000000000000000e+00
0.000000000000000000e+00
9.400000000000000355e+00
9.800000000000000711e+00
9.400000000000000355e+00
1.030000000000000071e+01
1.030000000000000071e+01
1.040000000000000036e+01
1.080000000000000071e+01
1.330000000000000071e+01
2.950000000000000000e+01
4.620000000000000284e+01
6.779999999999999716e+01
7.959999999999999432e+01
7.350000000000000000e+01
8.200000000000000000e+01
9.240000000000000568e+01
9.759999999999999432e+01
9.959999999999999432e+01
9.950000000000000000e+01
9.950000000000000000e+01
9.950000000000000000e+01
9.950000000000000000e+01
9.959999999999999432e+01
9.950000000000000000e+01
9.970000000000000284e+01
9.979999999999999716e+01
9.979999999999999716e+01
9.979999999999999716e+01
9.979999999999999716e+01
9.979999999999999716e+01
9.979999999999999716e+01
9.979999999999999716e+01
9.979999999999999716e+01
9.979999999999999716e+01
9.979999999999999716e+01
9.979999999999999716e+01
9.979999999999999716e+01
9.979999999999999716e+01
9.979999999999999716e+01
