0.000000000000000000e+00
1.169999999999999929e+01
1.280000000000000071e+01
1.109999999999999964e+01
1.119999999999999929e+01
1.130000000000000071e+01
1.190000000000000036e+01
1.409999999999999964e+01
2.110000000000000142e+01
2.900000000000000000e+01
4.979999999999999716e+01
7.590000000000000568e+01
7.559999999999999432e+01
8.809999999999999432e+01
9.170000000000000284e+01
8.809999999999999432e+01
9.779999999999999716e+01
9.950000000000000000e+01
9.970000000000000284e+01
9.970000000000000284e+01
9.950000000000000000e+01
9.970000000000000284e+01
9.940000000000000568e+01
9.940000000000000568e+01
9.940000000000000568e+01
9.990000000000000568e+01
9.990000000000000568e+01
9.990000000000000568e+01
9.990000000000000568e+01
9.990000000000000568e+01
9.990000000000000568e+01
9.990000000000000568e+01
9.990000000000000568e+01
9.990000000000000568e+01
9.990000000000000568e+01
9.990000000000000568e+01
9.990000000000000568e+01
9.990000000000000568e+01
9.990000000000000568e+01
9.990000000000000568e+01
