0.000000000000000000e+00
3.559999996948242540e+01
1.259999994659423805e+01
3.059999975585937548e+01
3.619999990844726767e+01
3.820000006103515489e+01
4.160000000000000142e+01
4.159999978637695506e+01
4.419999996948241971e+01
4.419999975585937335e+01
4.419999984741210852e+01
4.279999978637695079e+01
4.599999975585937761e+01
4.579999975585937477e+01
4.499999969482421847e+01
4.700000000000000000e+01
4.699999972534179449e+01
4.639999996948242256e+01
4.979999987792968597e+01
4.779999975585937477e+01
4.919999969482422131e+01
5.039999996948242256e+01
5.139999969482421704e+01
5.419999996948241971e+01
5.320000000000000284e+01
5.199999984741211279e+01
5.259999990844726625e+01
5.479999987792968597e+01
5.759999990844726625e+01
5.459999996948242540e+01
5.600000003051757602e+01
5.799999993896484085e+01
6.099999993896484085e+01
6.099999969482421847e+01
5.659999993896484227e+01
6.119999963378906216e+01
6.219999993896484369e+01
6.079999999999999716e+01
6.300000012207031119e+01
6.159999975585937193e+01
