0.000000000000000000e+00
1.199999999999999956e+00
1.159999999999999964e+01
1.109999999999999964e+01
1.069999999999999929e+01
1.219999999999999929e+01
6.740000000000000568e+01
7.129999999999999716e+01
8.790000000000000568e+01
9.600000000000000000e+01
9.729999999999999716e+01
9.770000000000000284e+01
9.959999999999999432e+01
9.840000000000000568e+01
9.890000000000000568e+01
9.890000000000000568e+01
9.940000000000000568e+01
1.000000000000000000e+02
9.950000000000000000e+01
9.940000000000000568e+01
9.940000000000000568e+01
9.940000000000000568e+01
9.950000000000000000e+01
9.950000000000000000e+01
9.940000000000000568e+01
9.940000000000000568e+01
9.959999999999999432e+01
9.950000000000000000e+01
9.950000000000000000e+01
9.950000000000000000e+01
9.959999999999999432e+01
9.950000000000000000e+01
9.959999999999999432e+01
9.950000000000000000e+01
9.959999999999999432e+01
9.959999999999999432e+01
9.959999999999999432e+01
9.959999999999999432e+01
9.959999999999999432e+01
9.959999999999999432e+01
