0.000000000000000000e+00
1.540000000000000036e+01
1.080000000000000071e+01
1.069999999999999929e+01
1.090000000000000036e+01
1.080000000000000071e+01
1.080000000000000071e+01
1.280000000000000071e+01
1.689999999999999858e+01
3.760000000000000142e+01
6.010000000000000142e+01
6.909999999999999432e+01
8.309999999999999432e+01
8.329999999999999716e+01
7.520000000000000284e+01
9.120000000000000284e+01
9.390000000000000568e+01
9.820000000000000284e+01
9.929999999999999716e+01
9.929999999999999716e+01
9.929999999999999716e+01
9.929999999999999716e+01
9.929999999999999716e+01
9.940000000000000568e+01
9.940000000000000568e+01
9.950000000000000000e+01
9.950000000000000000e+01
9.950000000000000000e+01
9.950000000000000000e+01
9.950000000000000000e+01
9.950000000000000000e+01
9.950000000000000000e+01
9.950000000000000000e+01
9.950000000000000000e+01
9.950000000000000000e+01
9.950000000000000000e+01
9.950000000000000000e+01
9.950000000000000000e+01
9.950000000000000000e+01
9.950000000000000000e+01
