0.000000000000000000e+00
0.000000000000000000e+00
9.300000000000000711e+00
1.059999999999999964e+01
1.009999999999999964e+01
1.009999999999999964e+01
1.050000000000000000e+01
1.330000000000000071e+01
2.730000000000000071e+01
5.070000000000000284e+01
6.010000000000000142e+01
7.559999999999999432e+01
8.779999999999999716e+01
9.329999999999999716e+01
9.320000000000000284e+01
9.700000000000000000e+01
8.700000000000000000e+01
9.870000000000000284e+01
9.950000000000000000e+01
9.959999999999999432e+01
9.959999999999999432e+01
9.970000000000000284e+01
9.970000000000000284e+01
9.959999999999999432e+01
9.959999999999999432e+01
9.979999999999999716e+01
9.979999999999999716e+01
9.979999999999999716e+01
9.979999999999999716e+01
9.979999999999999716e+01
9.979999999999999716e+01
9.979999999999999716e+01
9.979999999999999716e+01
9.979999999999999716e+01
9.979999999999999716e+01
9.979999999999999716e+01
9.979999999999999716e+01
9.979999999999999716e+01
9.979999999999999716e+01
9.979999999999999716e+01
