0.000000000000000000e+00
7.799999999999999822e+00
1.209999999999999964e+01
1.130000000000000071e+01
1.119999999999999929e+01
1.159999999999999964e+01
1.119999999999999929e+01
1.550000000000000000e+01
1.830000000000000071e+01
3.750000000000000000e+01
5.360000000000000142e+01
6.779999999999999716e+01
8.000000000000000000e+01
8.820000000000000284e+01
9.800000000000000000e+01
9.459999999999999432e+01
9.579999999999999716e+01
9.929999999999999716e+01
9.979999999999999716e+01
9.970000000000000284e+01
9.990000000000000568e+01
9.970000000000000284e+01
9.970000000000000284e+01
9.979999999999999716e+01
9.959999999999999432e+01
9.990000000000000568e+01
1.000000000000000000e+02
1.000000000000000000e+02
1.000000000000000000e+02
1.000000000000000000e+02
1.000000000000000000e+02
1.000000000000000000e+02
1.000000000000000000e+02
1.000000000000000000e+02
1.000000000000000000e+02
1.000000000000000000e+02
1.000000000000000000e+02
1.000000000000000000e+02
1.000000000000000000e+02
1.000000000000000000e+02
