0.000000000000000000e+00
8.199999999999999289e+00
1.080000000000000071e+01
1.090000000000000036e+01
1.059999999999999964e+01
1.059999999999999964e+01
1.340000000000000036e+01
3.600000000000000000e+01
5.950000000000000000e+01
7.579999999999999716e+01
8.659999999999999432e+01
8.529999999999999716e+01
8.720000000000000284e+01
9.590000000000000568e+01
9.840000000000000568e+01
9.620000000000000284e+01
9.890000000000000568e+01
1.000000000000000000e+02
9.970000000000000284e+01
9.970000000000000284e+01
9.970000000000000284e+01
9.970000000000000284e+01
9.970000000000000284e+01
9.970000000000000284e+01
9.970000000000000284e+01
9.970000000000000284e+01
9.979999999999999716e+01
9.979999999999999716e+01
9.979999999999999716e+01
9.979999999999999716e+01
9.979999999999999716e+01
9.979999999999999716e+01
9.979999999999999716e+01
9.979999999999999716e+01
9.979999999999999716e+01
9.979999999999999716e+01
9.979999999999999716e+01
9.979999999999999716e+01
9.979999999999999716e+01
9.979999999999999716e+01
