0.000000000000000000e+00
0.000000000000000000e+00
1.080000000000000071e+01
1.090000000000000036e+01
1.100000000000000000e+01
1.080000000000000071e+01
1.090000000000000036e+01
1.219999999999999929e+01
1.369999999999999929e+01
2.900000000000000000e+01
4.350000000000000000e+01
5.729999999999999716e+01
5.720000000000000284e+01
7.250000000000000000e+01
8.629999999999999716e+01
8.390000000000000568e+01
9.390000000000000568e+01
9.650000000000000000e+01
9.850000000000000000e+01
9.940000000000000568e+01
9.940000000000000568e+01
9.940000000000000568e+01
9.940000000000000568e+01
9.929999999999999716e+01
9.940000000000000568e+01
9.950000000000000000e+01
9.959999999999999432e+01
9.970000000000000284e+01
9.970000000000000284e+01
9.970000000000000284e+01
9.970000000000000284e+01
9.970000000000000284e+01
9.970000000000000284e+01
9.970000000000000284e+01
9.970000000000000284e+01
9.959999999999999432e+01
9.970000000000000284e+01
9.970000000000000284e+01
9.970000000000000284e+01
9.970000000000000284e+01
