1.000000000000000000e+02
1.199999999999999956e+00
1.180000000000000071e+01
1.080000000000000071e+01
1.090000000000000036e+01
1.109999999999999964e+01
1.180000000000000071e+01
1.330000000000000071e+01
2.530000000000000071e+01
4.070000000000000284e+01
4.939999999999999858e+01
5.600000000000000000e+01
6.900000000000000000e+01
7.529999999999999716e+01
8.050000000000000000e+01
8.609999999999999432e+01
9.200000000000000000e+01
9.740000000000000568e+01
9.890000000000000568e+01
9.890000000000000568e+01
9.890000000000000568e+01
9.900000000000000000e+01
9.879999999999999716e+01
9.890000000000000568e+01
9.900000000000000000e+01
9.929999999999999716e+01
9.950000000000000000e+01
9.950000000000000000e+01
9.950000000000000000e+01
9.950000000000000000e+01
9.950000000000000000e+01
9.950000000000000000e+01
9.950000000000000000e+01
9.950000000000000000e+01
9.950000000000000000e+01
9.950000000000000000e+01
9.950000000000000000e+01
9.950000000000000000e+01
9.950000000000000000e+01
9.950000000000000000e+01
