0.000000000000000000e+00
4.529999999999999716e+01
1.100000000000000000e+01
1.009999999999999964e+01
1.059999999999999964e+01
1.059999999999999964e+01
1.259999999999999964e+01
1.989999999999999858e+01
2.889999999999999858e+01
3.860000000000000142e+01
5.679999999999999716e+01
6.590000000000000568e+01
7.279999999999999716e+01
6.990000000000000568e+01
8.970000000000000284e+01
9.409999999999999432e+01
9.340000000000000568e+01
9.859999999999999432e+01
9.940000000000000568e+01
9.920000000000000284e+01
9.920000000000000284e+01
9.909999999999999432e+01
9.909999999999999432e+01
9.920000000000000284e+01
9.920000000000000284e+01
9.920000000000000284e+01
9.940000000000000568e+01
9.950000000000000000e+01
9.950000000000000000e+01
9.929999999999999716e+01
9.929999999999999716e+01
9.929999999999999716e+01
9.929999999999999716e+01
9.929999999999999716e+01
9.929999999999999716e+01
9.929999999999999716e+01
9.929999999999999716e+01
9.929999999999999716e+01
9.929999999999999716e+01
9.929999999999999716e+01
