0.000000000000000000e+00
7.040000000000000568e+01
9.500000000000000000e+00
9.099999999999999645e+00
9.300000000000000711e+00
9.300000000000000711e+00
1.190000000000000036e+01
3.210000000000000142e+01
3.860000000000000142e+01
6.110000000000000142e+01
6.779999999999999716e+01
7.350000000000000000e+01
9.079999999999999716e+01
8.150000000000000000e+01
9.579999999999999716e+01
9.540000000000000568e+01
9.450000000000000000e+01
9.929999999999999716e+01
9.929999999999999716e+01
9.929999999999999716e+01
9.940000000000000568e+01
9.940000000000000568e+01
9.929999999999999716e+01
9.940000000000000568e+01
9.940000000000000568e+01
9.950000000000000000e+01
9.950000000000000000e+01
9.950000000000000000e+01
9.950000000000000000e+01
9.950000000000000000e+01
9.940000000000000568e+01
9.940000000000000568e+01
9.940000000000000568e+01
9.940000000000000568e+01
9.940000000000000568e+01
9.940000000000000568e+01
9.940000000000000568e+01
9.950000000000000000e+01
9.940000000000000568e+01
9.940000000000000568e+01
