0.000000000000000000e+00
6.500000000000000000e+00
1.169999999999999929e+01
1.150000000000000000e+01
1.159999999999999964e+01
6.189999999999999858e+01
9.929999999999999716e+01
9.879999999999999716e+01
9.920000000000000284e+01
9.970000000000000284e+01
9.970000000000000284e+01
9.950000000000000000e+01
9.970000000000000284e+01
9.970000000000000284e+01
9.970000000000000284e+01
9.979999999999999716e+01
9.970000000000000284e+01
9.979999999999999716e+01
9.979999999999999716e+01
9.970000000000000284e+01
9.979999999999999716e+01
9.979999999999999716e+01
9.979999999999999716e+01
9.979999999999999716e+01
9.979999999999999716e+01
9.979999999999999716e+01
9.979999999999999716e+01
9.979999999999999716e+01
9.979999999999999716e+01
9.979999999999999716e+01
9.979999999999999716e+01
9.979999999999999716e+01
9.979999999999999716e+01
9.979999999999999716e+01
9.979999999999999716e+01
9.979999999999999716e+01
9.979999999999999716e+01
9.979999999999999716e+01
9.979999999999999716e+01
9.979999999999999716e+01
