0.000000000000000000e+00
2.000000000000000111e-01
1.000000000000000000e+01
1.069999999999999929e+01
1.030000000000000071e+01
1.019999999999999929e+01
1.069999999999999929e+01
1.069999999999999929e+01
1.839999999999999858e+01
2.030000000000000071e+01
3.839999999999999858e+01
4.270000000000000284e+01
6.060000000000000142e+01
7.490000000000000568e+01
7.679999999999999716e+01
7.620000000000000284e+01
8.390000000000000568e+01
9.570000000000000284e+01
9.740000000000000568e+01
9.809999999999999432e+01
9.820000000000000284e+01
9.809999999999999432e+01
9.809999999999999432e+01
9.800000000000000000e+01
9.809999999999999432e+01
9.829999999999999716e+01
9.870000000000000284e+01
9.890000000000000568e+01
9.900000000000000000e+01
9.900000000000000000e+01
9.900000000000000000e+01
9.900000000000000000e+01
9.900000000000000000e+01
9.890000000000000568e+01
9.890000000000000568e+01
9.890000000000000568e+01
9.900000000000000000e+01
9.900000000000000000e+01
9.900000000000000000e+01
9.900000000000000000e+01
