0.000000000000000000e+00
0.000000000000000000e+00
1.019999999999999929e+01
1.009999999999999964e+01
1.009999999999999964e+01
1.030000000000000071e+01
1.030000000000000071e+01
1.150000000000000000e+01
1.989999999999999858e+01
2.960000000000000142e+01
4.070000000000000284e+01
4.470000000000000284e+01
6.070000000000000284e+01
7.300000000000000000e+01
7.359999999999999432e+01
7.920000000000000284e+01
8.650000000000000000e+01
9.690000000000000568e+01
9.890000000000000568e+01
9.890000000000000568e+01
9.870000000000000284e+01
9.850000000000000000e+01
9.859999999999999432e+01
9.859999999999999432e+01
9.859999999999999432e+01
9.909999999999999432e+01
9.920000000000000284e+01
9.950000000000000000e+01
9.950000000000000000e+01
9.950000000000000000e+01
9.940000000000000568e+01
9.940000000000000568e+01
9.940000000000000568e+01
9.940000000000000568e+01
9.940000000000000568e+01
9.940000000000000568e+01
9.940000000000000568e+01
9.940000000000000568e+01
9.940000000000000568e+01
9.940000000000000568e+01
