0.000000000000000000e+00
0.000000000000000000e+00
9.199999999999999289e+00
9.900000000000000355e+00
9.400000000000000355e+00
9.599999999999999645e+00
1.050000000000000000e+01
1.169999999999999929e+01
2.500000000000000000e+01
3.050000000000000000e+01
4.929999999999999716e+01
5.879999999999999716e+01
6.740000000000000568e+01
8.150000000000000000e+01
7.859999999999999432e+01
8.350000000000000000e+01
9.059999999999999432e+01
9.729999999999999716e+01
9.950000000000000000e+01
9.950000000000000000e+01
9.940000000000000568e+01
9.940000000000000568e+01
9.940000000000000568e+01
9.940000000000000568e+01
9.929999999999999716e+01
9.950000000000000000e+01
9.970000000000000284e+01
9.970000000000000284e+01
9.970000000000000284e+01
9.970000000000000284e+01
9.970000000000000284e+01
9.970000000000000284e+01
9.970000000000000284e+01
9.970000000000000284e+01
9.970000000000000284e+01
9.970000000000000284e+01
9.970000000000000284e+01
9.970000000000000284e+01
9.970000000000000284e+01
9.970000000000000284e+01
