7.000000000000000000e+01
8.819999975585938046e+01
8.000000000000000444e-01
0.000000000000000000e+00
1.199999999999999956e+00
3.600000000000000089e+00
0.000000000000000000e+00
2.439999999999999858e+01
1.039999997711181656e+01
1.399999988555908237e+00
8.059999938964843125e+01
1.199999999999999956e+00
1.399999988555908237e+00
1.360000001525878943e+01
2.999999988555908104e+00
7.599999994277953697e+00
3.799999994277954318e+00
3.379999981689453392e+01
3.999999994277954052e+00
2.000000000000000000e+00
1.080000001525878872e+01
1.999999988555908104e+00
0.000000000000000000e+00
3.200000007629394627e+00
1.000000000000000000e+00
1.139999998474121057e+01
7.599999994277953697e+00
1.340000001525878837e+01
1.539999994659423876e+01
7.999999977111816207e+00
5.000000000000000000e+00
2.000000000000000000e+00
6.599999977111816740e+00
5.799999988555907926e+00
4.799999994277953874e+00
8.199999946594237699e+00
6.000000007629394894e+00
1.679999998474121270e+01
1.239999994659423876e+01
1.759999989318847824e+01
8.000000000000000444e-01
1.259999995422363206e+01
9.999999946594238409e+00
1.920000001525878730e+01
4.599999988555908637e+00
1.099999994659423841e+01
3.199999988555908281e+00
1.900000000000000000e+01
9.399999977111816563e+00
2.419999995422363170e+01
6.399999946594237876e+00
2.379999993896484511e+01
1.619999986267090009e+01
9.800000015258788721e+00
2.040000003051757815e+01
3.599999946594238498e+00
1.800000000000000044e+00
2.059999998474120986e+01
8.599999954223632059e+00
9.600000007629393650e+00
4.999999977111816207e+00
7.399999977111816563e+00
6.799999946594238232e+00
1.939999994659423876e+01
6.199999946594238587e+00
1.980000001525878872e+01
8.799999977111816918e+00
1.559999989318847646e+01
1.219999997711181727e+01
4.399999988555908459e+00
6.799999977111816030e+00
1.220000001525878908e+01
5.800000007629394716e+00
3.039999996948242256e+01
8.400000015258788366e+00
1.639999998474121057e+01
8.200000007629395071e+00
4.799999988555907926e+00
6.399999994277954407e+00
9.199999988555907393e+00
9.799999977111816918e+00
5.019999981689453250e+01
9.799999977111816918e+00
8.599999977111815852e+00
7.799999988555907926e+00
8.399999977111816563e+00
8.399999984741210568e+00
8.600000015258789432e+00
8.400000015258788366e+00
8.399999977111816563e+00
8.399999893188477174e+00
8.599999977111815852e+00
8.999999946594238409e+00
8.399999994277953519e+00
8.799999984741210923e+00
9.599999946594238054e+00
7.999999977111816207e+00
8.999999954223632415e+00
7.599999977111816740e+00
8.800000007629394716e+00
8.799999988555908814e+00
1.319999995422363348e+01
8.800000015258788721e+00
8.399999977111816563e+00
1.279999992370605533e+01
1.080000001525878872e+01
1.059999998855590775e+01
8.599999977111815852e+00
1.099999998855590810e+01
1.079999994659423912e+01
9.400000007629394361e+00
1.259999997711181585e+01
8.999999977111816207e+00
9.999999946594238409e+00
1.079999994659423912e+01
1.179999986267089795e+01
9.599999977111815852e+00
1.059999997711181585e+01
9.999999977111816207e+00
9.399999946594238764e+00
9.599999984741211634e+00
1.019999995422363348e+01
1.299999995422363241e+01
1.599999989318847682e+01
1.219999992370605391e+01
1.059999998474121163e+01
1.239999994659423876e+01
1.080000001525878872e+01
1.179999998474121092e+01
1.280000003051757851e+01
1.199999995422363241e+01
1.219999992370605391e+01
1.220000001525878908e+01
1.180000000762939472e+01
1.219999994659423770e+01
1.279999994659423912e+01
1.219999994659423770e+01
1.359999998474121163e+01
1.279999989318847575e+01
1.280000000762939472e+01
1.319999994659423770e+01
1.439999989318847717e+01
1.360000001525878943e+01
1.379999989318847575e+01
1.359999989318847646e+01
1.359999995422363206e+01
1.479999992370605533e+01
1.500000001525878979e+01
1.479999992370605533e+01
1.400000001525878979e+01
1.580000003051757851e+01
1.479999992370605533e+01
1.620000001525878730e+01
1.579999995422363313e+01
1.480000001525878872e+01
1.539999989318847717e+01
1.500000000762939401e+01
1.440000001525878837e+01
1.599999986267089902e+01
1.279999992370605533e+01
1.559999995422363206e+01
1.519999992370605391e+01
1.680000000000000071e+01
1.559999998474121163e+01
1.579999989318847575e+01
1.619999999999999929e+01
1.639999994659423876e+01
1.639999989318847540e+01
1.599999995422363241e+01
1.619999997711181550e+01
1.599999998474121021e+01
1.599999998474121021e+01
1.599999989318847682e+01
1.599999992370605462e+01
1.660000003051757744e+01
1.659999989318847824e+01
1.680000001525878872e+01
1.739999995422363455e+01
1.579999998474121092e+01
1.639999989318847540e+01
1.659999992370605426e+01
1.700000000000000000e+01
1.639999989318847540e+01
1.679999992370605355e+01
1.699999986267089724e+01
1.779999998474121270e+01
1.740000003051757815e+01
1.799999986267089724e+01
1.799999986267089724e+01
1.819999998474121128e+01
1.679999994659423734e+01
1.760000003051757744e+01
1.700000003051757957e+01
1.900000000000000000e+01
1.900000001525878801e+01
1.699999986267089724e+01
1.940000003051757815e+01
1.819999992370605568e+01
1.799999995422363241e+01
1.819999995422363170e+01
