0.000000000000000000e+00
2.200000000000000178e+00
5.399999977111816563e+00
1.119999994659423770e+01
3.599999977111816296e+00
2.000000000000000111e-01
1.079999994659423912e+01
3.999999942779540740e-01
2.999999994277954052e+00
7.599999999999999645e+00
1.879999986267089795e+01
5.999999999999999778e-01
3.339999989318847895e+01
8.000000007629394005e+00
2.000000000000000111e-01
1.380000001525878872e+01
4.200000007629394183e+00
2.479999993896484511e+01
2.080000003051757673e+01
3.400000007629394361e+00
3.500000006103515915e+01
6.599999994277953697e+00
3.399999999999999911e+00
1.679999998474121270e+01
3.959999987792969023e+01
2.799999946594238232e+00
3.599999946594238498e+00
1.359999994659423805e+01
2.139999986267089938e+01
5.259999990844726625e+01
1.039999994659423876e+01
3.020000003051757886e+01
9.599999977111815852e+00
2.399999999999999911e+00
3.999999946594238409e+00
1.900000003051757957e+01
1.799999995422363241e+01
3.599999994277954141e+00
8.800000007629394716e+00
8.799999988555908814e+00
6.799999977111816030e+00
1.039999997711181656e+01
2.200000007629394627e+00
2.000000000000000111e-01
9.800000015258788721e+00
6.799999946594238232e+00
2.739999989318847540e+01
3.399999999999999911e+00
4.199999994277954229e+00
1.479999998474121092e+01
1.899999992370605639e+01
8.399999977111816563e+00
3.379999969482421562e+01
1.619999998474121128e+01
9.199999946594237699e+00
3.219999984741210852e+01
6.200000007629394183e+00
8.999999977111816207e+00
1.579999995422363313e+01
1.039999997711181656e+01
4.799999994277953874e+00
4.600000007629394538e+00
7.999999946594238409e+00
2.439999990844726696e+01
2.000000007629394450e+00
1.559999990844726625e+01
1.939999989318847540e+01
7.799999984741210923e+00
4.400000007629394361e+00
3.659999990844726625e+01
7.199999946594238587e+00
4.999999946594238409e+00
2.679999996948242114e+01
6.600000007629394538e+00
4.399999988555908459e+00
9.399999977111816563e+00
6.199999988555908281e+00
2.399999994277953963e+00
9.000000015258789787e+00
3.999999977111816207e+00
1.039999994659423876e+01
1.079999997711181692e+01
9.600000015258789432e+00
1.039999994659423876e+01
8.200000007629395071e+00
1.140000003051757815e+01
1.100000000762939401e+01
1.059999998474121163e+01
7.600000007629394538e+00
1.099999997711181621e+01
1.139999994659423876e+01
9.400000007629394361e+00
1.060000000762939365e+01
1.159999998474121163e+01
9.999999988555908104e+00
1.100000001525878979e+01
1.099999992370605462e+01
1.020000001525878908e+01
1.199999994659423841e+01
1.039999992370605497e+01
1.080000000762939472e+01
1.080000000762939472e+01
1.119999994659423770e+01
1.099999998474121021e+01
9.199999946594237699e+00
9.799999977111816918e+00
1.119999997711181727e+01
9.200000015258789077e+00
1.140000000762939436e+01
1.140000000762939436e+01
9.800000007629394716e+00
8.399999988555908459e+00
1.099999997711181621e+01
1.179999994659423912e+01
1.219999992370605391e+01
9.400000007629394361e+00
7.999999977111816207e+00
1.059999992370605426e+01
1.100000000762939401e+01
1.099999998855590810e+01
9.799999946594239120e+00
8.599999984741211634e+00
1.259999995422363206e+01
1.099999994659423841e+01
1.079999998474121092e+01
1.299999994659423841e+01
1.239999998855590846e+01
1.399999994659423841e+01
1.319999995422363348e+01
1.280000001525878872e+01
1.279999994659423912e+01
1.359999989318847646e+01
1.420000000762939507e+01
1.479999992370605533e+01
1.339999995422363277e+01
1.459999997711181585e+01
1.260000001525878943e+01
1.560000001525878943e+01
1.299999998855590810e+01
1.479999997711181692e+01
1.479999995422363313e+01
1.540000001525878837e+01
1.479999994659423912e+01
1.399999994659423841e+01
1.419999995422363348e+01
1.559999998855590775e+01
1.500000003051757780e+01
1.420000001525878908e+01
1.480000001525878872e+01
1.559999986267089866e+01
1.659999992370605426e+01
1.359999986267089866e+01
1.659999992370605426e+01
1.560000001525878943e+01
1.559999999999999964e+01
1.539999994659423876e+01
1.619999994659423947e+01
1.480000001525878872e+01
1.639999999999999858e+01
1.679999998474121270e+01
1.679999994659423734e+01
1.599999996948242220e+01
1.719999992370605568e+01
1.599999998474121021e+01
1.799999992370605639e+01
1.779999995422363313e+01
1.719999998474121128e+01
1.779999996948242114e+01
1.679999986267089795e+01
1.740000001525879014e+01
1.820000001525878730e+01
1.879999998474121270e+01
1.539999998474121057e+01
1.659999998474120986e+01
1.659999998474120986e+01
1.719999992370605568e+01
1.759999996948242185e+01
1.799999992370605639e+01
1.899999989318847682e+01
1.879999986267089795e+01
1.879999992370605355e+01
1.740000001525879014e+01
1.959999996948242185e+01
1.919999995422363170e+01
1.920000003051757886e+01
1.899999995422363241e+01
1.979999998474121270e+01
1.859999986267089866e+01
1.899999986267089724e+01
1.820000000762939507e+01
1.799999998474121199e+01
1.920000003051757886e+01
1.939999989318847540e+01
1.779999989318847753e+01
1.979999992370605355e+01
1.939999993896484298e+01
1.879999986267089795e+01
1.919999995422363170e+01
1.979999995422363313e+01
2.019999989318847611e+01
