0.000000000000000000e+00
5.999999942779541406e-01
0.000000000000000000e+00
1.199999999999999956e+00
2.199999993896484440e+01
2.619999996948242327e+01
2.559999986267089866e+01
3.799999994277954318e+00
2.599999988555908192e+00
4.299999969482421847e+01
3.099999987792968881e+01
4.000000000000000222e-01
3.859999981689453108e+01
9.599999946594238054e+00
6.800000007629394716e+00
1.520000001525878908e+01
0.000000000000000000e+00
4.199999946594238587e+00
1.300000001525878979e+01
3.699999975585937761e+01
1.039999999427795352e+01
1.839999992370605497e+01
1.799999988555908148e+00
5.999999999999999778e-01
4.799999994277953874e+00
2.780000003051757673e+01
1.439999998474121057e+01
9.999999954223632415e+00
1.860000003051757744e+01
4.599999988555908637e+00
1.259999998474121163e+01
1.139999998474121057e+01
1.039999995422363277e+01
7.600000007629394538e+00
3.339999987792968739e+01
6.799999977111816030e+00
5.799999977111816030e+00
5.399999977111816563e+00
9.400000007629394361e+00
1.200000001525878979e+01
8.600000015258789432e+00
6.000000007629394894e+00
4.199999988555908281e+00
9.799999923706055327e+00
1.220000001525878908e+01
4.799999977111816030e+00
5.999999885559081925e-01
3.600000007629394538e+00
1.800000000000000044e+00
1.519999992370605391e+01
1.199999994659423841e+01
3.799999988555908370e+00
6.800000007629394716e+00
1.519999989318847611e+01
1.339999986267089760e+01
4.200000007629394183e+00
7.000000007629394894e+00
0.000000000000000000e+00
5.539999996948242256e+01
9.199999988555907393e+00
1.079999997711181692e+01
8.399999862670897599e+00
7.599999977111816740e+00
9.399999984741210568e+00
5.599999988555908637e+00
1.860000003051757744e+01
7.999999994277954052e+00
8.399999977111816563e+00
9.199999988555907393e+00
5.400000000000000355e+00
7.400000007629394361e+00
4.399999988555908459e+00
9.399999984741210568e+00
4.499999978637695364e+01
9.199999954223633480e+00
5.199999994277954229e+00
1.560000003051757744e+01
8.600000015258789432e+00
5.599999977111816740e+00
3.999999988555908104e+00
7.599999977111816740e+00
7.399999977111816563e+00
9.000000015258789787e+00
8.800000015258788721e+00
9.599999984741211634e+00
1.039999994659423876e+01
9.800000007629394716e+00
8.599999946594238054e+00
9.199999984741211279e+00
9.799999946594239120e+00
9.400000015258788366e+00
8.800000007629394716e+00
8.999999977111816207e+00
9.600000015258789432e+00
9.200000007629395071e+00
9.199999923706053906e+00
9.799999946594239120e+00
9.399999977111816563e+00
8.599999893188476463e+00
8.600000015258789432e+00
9.199999977111817273e+00
1.039999994659423876e+01
8.399999984741210568e+00
8.600000015258789432e+00
9.200000015258789077e+00
9.000000015258789787e+00
8.199999946594237699e+00
8.399999946594238764e+00
9.599999946594238054e+00
9.000000015258789787e+00
9.999999946594238409e+00
9.799999946594239120e+00
9.399999984741210568e+00
9.999999954223632415e+00
8.799999946594239120e+00
9.000000007629394005e+00
9.200000015258789077e+00
8.799999954223633125e+00
9.399999923706054972e+00
1.079999998474121092e+01
9.399999977111816563e+00
1.000000000762939401e+01
9.199999946594237699e+00
1.039999998855590846e+01
1.099999995422363241e+01
1.159999994659423805e+01
1.199999994659423841e+01
1.199999997711181621e+01
1.219999994659423770e+01
1.319999994659423770e+01
1.180000001525878872e+01
1.119999998474121128e+01
1.160000000762939365e+01
1.299999992370605462e+01
1.220000000762939507e+01
1.179999998474121092e+01
1.299999996948242220e+01
1.179999995422363313e+01
1.319999994659423770e+01
1.239999998855590846e+01
1.519999998474121128e+01
1.220000001525878908e+01
1.479999998474121092e+01
1.319999994659423770e+01
1.299999989318847682e+01
1.419999999999999929e+01
1.199999994659423841e+01
1.559999995422363206e+01
1.499999995422363241e+01
1.539999998474121057e+01
1.460000000762939365e+01
1.479999995422363313e+01
1.599999995422363241e+01
1.439999995422363277e+01
1.439999986267089760e+01
1.420000001525878908e+01
1.579999994659423912e+01
1.519999995422363348e+01
1.580000001525878872e+01
1.659999994659423805e+01
1.599999989318847682e+01
1.559999995422363206e+01
1.519999997711181727e+01
1.520000001525878908e+01
1.500000000762939401e+01
1.700000001525878801e+01
1.780000001525878872e+01
1.699999986267089724e+01
1.599999995422363241e+01
1.699999996948242043e+01
1.639999986267089938e+01
1.700000001525878801e+01
1.639999989318847540e+01
1.599999998474121021e+01
1.799999992370605639e+01
1.699999995422363241e+01
1.699999994659423663e+01
1.539999994659423876e+01
1.719999986267090009e+01
1.759999998474120986e+01
1.660000003051757744e+01
1.679999998474121270e+01
1.659999998474120986e+01
1.839999994659423876e+01
1.639999995422363455e+01
1.579999992370605533e+01
1.799999995422363241e+01
1.800000003051757957e+01
1.720000003051757886e+01
1.799999998474121199e+01
1.719999999999999929e+01
1.799999992370605639e+01
1.939999989318847540e+01
1.899999996948242043e+01
1.779999989318847753e+01
1.719999996948242327e+01
1.959999992370605426e+01
1.839999994659423876e+01
1.599999997711181621e+01
1.779999995422363313e+01
