0.000000000000000000e+00
4.459999969482421989e+01
5.999999999999999778e-01
1.199999999999999956e+00
2.000000000000000111e-01
0.000000000000000000e+00
8.199999946594237699e+00
4.799999999999999822e+00
5.999999999999999778e-01
7.000000007629394894e+00
5.219999981689453250e+01
9.999999942779540518e-01
3.599999988555908192e+00
1.499999992370605462e+01
1.400000007629394583e+00
7.200000007629394183e+00
1.800000007629394494e+00
7.999999942779540962e-01
7.799999946594238232e+00
1.739999995422363455e+01
5.399999994277954407e+00
3.600000000000000089e+00
3.399999988555908015e+00
1.140000001525878837e+01
1.600000000000000000e+01
3.200000000000000178e+00
4.400000000000000355e+00
6.999999988555908104e+00
1.079999997711181692e+01
2.599999995422363241e+01
3.319999975585937335e+01
2.180000000000000071e+01
4.800000007629394716e+00
6.799999988555907926e+00
8.199999946594237699e+00
2.399999999999999911e+00
1.179999997711181692e+01
4.560000006103515346e+01
4.599999994277953697e+00
2.560000003051757744e+01
1.020000000762939507e+01
6.599999999999999645e+00
7.599999977111816740e+00
8.200000015258789077e+00
3.399999994277953963e+00
7.999999988555908104e+00
3.839999990844726341e+01
2.079999992370605355e+01
9.599999946594238054e+00
6.199999977111816385e+00
8.599999946594238054e+00
2.259999998474120986e+01
2.139999996948242256e+01
1.000000001525878979e+01
3.919999969482422131e+01
5.199999977111816385e+00
3.880000006103515631e+01
1.019999994659423770e+01
4.139999969482421704e+01
7.599999977111816740e+00
8.200000007629395071e+00
1.080000000762939472e+01
1.939999989318847540e+01
8.799999984741210923e+00
1.360000001525878943e+01
8.400000015258788366e+00
9.399999946594238764e+00
8.399999988555908459e+00
1.419999995422363348e+01
9.799999893188475752e+00
1.300000001525878979e+01
5.600000007629394538e+00
6.799999977111816030e+00
1.079999998474121092e+01
1.539999998474121057e+01
3.399999999999999911e+00
7.799999988555907926e+00
9.999999954223632415e+00
1.339999998474121057e+01
6.400000015258789254e+00
7.800000007629394716e+00
9.999999977111816207e+00
9.000000007629394005e+00
9.400000007629394361e+00
9.199999946594237699e+00
9.399999954223632770e+00
9.600000007629393650e+00
9.199999954223633480e+00
9.800000007629394716e+00
1.059999998474121163e+01
8.599999946594238054e+00
8.799999984741210923e+00
9.999999977111816207e+00
9.199999988555907393e+00
9.999999984741210213e+00
9.199999988555907393e+00
9.400000015258788366e+00
1.019999998474121128e+01
8.999999988555908104e+00
9.599999977111815852e+00
9.799999954223633125e+00
1.079999994659423912e+01
9.999999893188476818e+00
1.000000001525878979e+01
1.099999995422363241e+01
9.999999946594238409e+00
1.100000001525878979e+01
9.199999988555907393e+00
1.019999994659423770e+01
1.039999994659423876e+01
1.019999997711181727e+01
9.200000007629395071e+00
1.219999998474121128e+01
1.299999998474121021e+01
1.299999989318847682e+01
1.280000000762939472e+01
1.219999992370605391e+01
1.319999998474121128e+01
1.339999994659423876e+01
1.199999992370605462e+01
1.239999994659423876e+01
1.459999995422363206e+01
1.319999995422363348e+01
2.059999992370605426e+01
1.999999981689452966e+01
1.900000003051757957e+01
1.860000001525878943e+01
1.599999994659423841e+01
1.639999998474121057e+01
1.499999992370605462e+01
1.819999986267090009e+01
1.660000003051757744e+01
1.899999995422363241e+01
1.739999995422363455e+01
1.880000001525878872e+01
1.679999995422363313e+01
1.879999986267089795e+01
1.959999992370605426e+01
1.839999998474121057e+01
1.879999998474121270e+01
1.879999995422363313e+01
1.859999997711181763e+01
1.880000003051757673e+01
1.779999989318847753e+01
1.979999989318847753e+01
1.879999994659423734e+01
2.119999995422363170e+01
1.899999986267089724e+01
2.059999995422363384e+01
1.919999995422363170e+01
1.839999995422363455e+01
1.919999998474121128e+01
2.000000000000000000e+01
1.999999992370605639e+01
1.819999992370605568e+01
1.919999992370605568e+01
2.119999996948242327e+01
2.240000003051757815e+01
1.899999989318847682e+01
2.079999998474121270e+01
1.939999984741210781e+01
2.119999987792968810e+01
2.059999989318847824e+01
1.840000001525879014e+01
2.300000003051757957e+01
2.140000003051757815e+01
2.179999992370605355e+01
2.059999995422363384e+01
1.919999989318847611e+01
2.139999989318847540e+01
2.219999989318847611e+01
2.019999987792968810e+01
2.220000001525878730e+01
2.199999996948242043e+01
2.259999986267089866e+01
2.159999986267089866e+01
2.179999989318847753e+01
2.319999981689453250e+01
2.339999990844726696e+01
2.400000003051757957e+01
2.300000000000000000e+01
2.379999995422363313e+01
2.259999989318847824e+01
2.339999986267089938e+01
2.479999986267089795e+01
2.339999989318847540e+01
2.239999999999999858e+01
2.199999989318847682e+01
2.199999986267089724e+01
2.499999981689452966e+01
2.540000003051757815e+01
2.479999992370605355e+01
2.399999992370605639e+01
2.379999989318847753e+01
2.279999990844726554e+01
2.639999996948242256e+01
2.359999986267089866e+01
2.519999989318847611e+01
2.319999993896484369e+01
2.199999986267089724e+01
