0.000000000000000000e+00
0.000000000000000000e+00
8.000000000000000444e-01
0.000000000000000000e+00
0.000000000000000000e+00
1.799999994277954096e+00
4.239999972534180017e+01
4.000000000000000222e-01
1.499999994659423841e+01
5.839999987792968739e+01
3.799999988555908370e+00
4.799999999999999822e+00
3.199999988555908281e+00
2.200000000000000178e+00
0.000000000000000000e+00
6.799999988555907926e+00
5.999999999999999778e-01
4.000000000000000222e-01
2.799999994277954318e+00
0.000000000000000000e+00
4.399999988555908459e+00
7.399999994277954407e+00
7.999999885559081481e-01
4.199999977111816385e+00
1.340000001525878837e+01
2.799999999999999822e+00
9.999999942779540518e-01
9.999999942779540518e-01
2.200000000000000178e+00
5.599999988555908637e+00
4.000000007629394894e+00
2.719999969482421776e+01
1.160000001525878943e+01
2.000000000000000000e+00
1.580000000762939472e+01
1.199999994277954007e+00
5.999999988555908104e+00
4.999999946594238409e+00
1.060000001525878943e+01
1.499999992370605462e+01
6.199999988555908281e+00
1.000000000000000000e+00
6.000000007629394894e+00
5.199999946594238587e+00
7.200000015258789077e+00
5.999999999999999778e-01
6.999999994277954052e+00
8.200000007629395071e+00
6.800000015258788721e+00
4.199999994277954229e+00
8.199999984741211279e+00
8.399999946594238764e+00
7.999999977111816207e+00
1.439999994659423876e+01
1.199999998474121021e+01
2.199999977111816385e+00
4.199999988555908281e+00
5.600000015258789432e+00
6.199999994277954229e+00
1.299999994659423841e+01
2.799999999999999822e+00
4.179999999999999716e+01
3.799999999999999822e+00
1.000000000000000000e+00
4.000000007629394894e+00
9.399999994277953519e+00
5.800000007629394716e+00
9.999999984741210213e+00
1.080000000762939472e+01
3.799999988555908370e+00
1.019999998474121128e+01
7.799999977111816030e+00
8.000000007629394005e+00
5.400000007629394361e+00
3.999999988555908104e+00
5.799999988555907926e+00
2.619999989318847611e+01
5.199999977111816385e+00
7.599999988555908637e+00
6.599999984741210746e+00
6.199999977111816385e+00
9.200000007629395071e+00
7.799999946594238232e+00
7.999999946594238409e+00
7.399999977111816563e+00
7.599999946594238054e+00
9.200000015258789077e+00
7.999999977111816207e+00
7.799999977111816030e+00
7.599999988555908637e+00
8.399999977111816563e+00
7.600000007629394538e+00
7.999999946594238409e+00
7.800000007629394716e+00
9.999999946594238409e+00
9.599999977111815852e+00
9.799999984741210923e+00
9.199999946594237699e+00
8.800000007629394716e+00
8.999999946594238409e+00
9.200000007629395071e+00
1.040000001525878837e+01
8.799999977111816918e+00
1.299999986267089902e+01
1.120000001525878908e+01
1.079999994659423912e+01
1.180000000762939472e+01
8.599999977111815852e+00
1.219999994659423770e+01
1.099999997711181621e+01
1.539999995422363277e+01
1.899999995422363241e+01
1.499999997711181621e+01
1.819999998474121128e+01
1.739999998474121057e+01
2.059999986267089866e+01
1.919999995422363170e+01
1.759999997711181763e+01
2.399999993896484440e+01
2.099999989318847682e+01
2.199999987792968881e+01
2.259999990844726625e+01
2.759999984741211065e+01
2.779999989318847753e+01
2.839999984741210781e+01
2.759999996948242185e+01
2.400000000000000000e+01
2.159999998474120986e+01
2.019999992370605568e+01
1.959999990844726625e+01
2.199999990844726483e+01
1.959999994659423805e+01
1.800000000000000000e+01
1.939999989318847540e+01
1.939999998474121057e+01
1.659999996948242185e+01
1.919999998474121128e+01
2.059999986267089866e+01
1.939999992370605497e+01
2.160000003051757744e+01
2.159999987792968668e+01
2.059999993896484227e+01
2.320000003051757886e+01
2.320000003051757886e+01
2.180000003051757673e+01
1.999999996948242043e+01
1.939999990844726696e+01
2.380000003051757673e+01
2.259999986267089866e+01
2.320000003051757886e+01
2.279999993896484511e+01
2.459999992370605426e+01
2.299999996948242043e+01
2.239999989318847540e+01
2.439999981689453179e+01
2.399999984741210923e+01
2.280000003051757673e+01
2.319999994659423947e+01
2.319999999999999929e+01
2.479999987792968597e+01
2.259999987792968668e+01
2.379999992370605355e+01
2.439999995422363455e+01
2.480000001525878872e+01
2.639999993896484298e+01
2.359999990844726625e+01
2.340000003051757815e+01
2.619999990844726412e+01
2.379999992370605355e+01
2.480000000000000071e+01
2.439999986267089938e+01
2.580000000000000071e+01
2.359999989318847824e+01
2.480000003051757673e+01
2.599999992370605639e+01
2.759999989318847824e+01
2.680000000000000071e+01
2.639999993896484298e+01
2.680000000000000071e+01
2.579999990844726554e+01
2.619999998474121128e+01
2.559999987792968668e+01
2.699999993896484440e+01
2.740000003051757815e+01
2.839999996948242256e+01
2.739999999999999858e+01
2.939999996948242256e+01
2.959999996948242185e+01
2.819999996948242327e+01
2.639999989318847540e+01
2.759999981689453108e+01
2.899999978637695364e+01
2.799999996948242043e+01
2.839999996948242256e+01
2.999999996948242043e+01
3.039999996948242256e+01
2.819999990844726412e+01
2.779999990844726554e+01
2.839999993896484298e+01
2.899999990844726483e+01
