0.000000000000000000e+00
0.000000000000000000e+00
0.000000000000000000e+00
1.199999994277954007e+00
0.000000000000000000e+00
5.999999999999999778e-01
4.599999988555908637e+00
1.859999995422363384e+01
3.199999994277954229e+00
4.399999994277954407e+00
0.000000000000000000e+00
1.199999999999999956e+00
3.739999984741211136e+01
3.779999978637695079e+01
1.579999998474121092e+01
6.399999977111816563e+00
2.999999994277954052e+00
4.799999946594238232e+00
2.239999992370605497e+01
1.919999986267090009e+01
1.799999994277954096e+00
6.399999994277954407e+00
1.019999998855590739e+01
2.079999998474121270e+01
1.000000001525878979e+01
6.199999977111816385e+00
5.999999977111816207e+00
5.599999977111816740e+00
6.999999946594238409e+00
1.839999989318847540e+01
3.399999994277953963e+00
8.000000000000000444e-01
3.999999988555908104e+00
4.519999969482422131e+01
1.700000001525878801e+01
1.199999999999999956e+00
1.800000000000000044e+00
6.199999988555908281e+00
4.000000000000000222e-01
4.999999988555908104e+00
9.999999954223632415e+00
7.199999988555908281e+00
8.000000000000000444e-01
9.799999946594239120e+00
2.339999986267089938e+01
5.800000007629394716e+00
9.999999954223632415e+00
1.199999994277954007e+00
1.300000000762939401e+01
2.600000003051757957e+01
8.599999988555907748e+00
8.800000015258788721e+00
1.119999992370605391e+01
9.200000015258789077e+00
9.800000015258788721e+00
6.199999977111816385e+00
3.279999975585937477e+01
3.600000007629394538e+00
1.419999998474121128e+01
1.279999994659423912e+01
1.020000001525878908e+01
1.180000001525878872e+01
1.179999995422363313e+01
1.219999998474121128e+01
3.000000000000000000e+00
1.579999986267089795e+01
5.999999988555908104e+00
5.400000007629394361e+00
4.799999999999999822e+00
9.599999984741211634e+00
7.199999946594238587e+00
9.600000015258789432e+00
3.400000007629394361e+00
9.999999923706054616e+00
6.399999984741210568e+00
8.200000015258789077e+00
1.399999989318847682e+01
1.279999995422363313e+01
1.419999994659423770e+01
6.199999994277954229e+00
7.600000007629394538e+00
2.920000003051757886e+01
9.600000015258789432e+00
8.999999988555908104e+00
1.019999992370605391e+01
9.600000015258789432e+00
9.599999954223632059e+00
9.199999984741211279e+00
8.799999946594239120e+00
9.399999946594238764e+00
8.800000015258788721e+00
8.399999988555908459e+00
1.000000000762939401e+01
9.399999946594238764e+00
8.999999977111816207e+00
9.600000015258789432e+00
9.199999923706053906e+00
9.599999984741211634e+00
1.039999998474121057e+01
1.399999992370605462e+01
2.039999992370605497e+01
1.879999990844726554e+01
1.879999987792968597e+01
1.440000001525878837e+01
1.879999986267089795e+01
2.020000003051757886e+01
2.259999998474120986e+01
2.420000003051757886e+01
2.119999992370605568e+01
2.939999987792968739e+01
2.500000003051757957e+01
2.879999984741210994e+01
3.139999996948242256e+01
3.199999984741210923e+01
3.219999981689453250e+01
2.919999978637695293e+01
3.159999986267089866e+01
2.999999990844726483e+01
3.719999975585937335e+01
3.579999981689453392e+01
4.119999975585937335e+01
4.059999987792969023e+01
3.079999987792968597e+01
1.779999992370605355e+01
2.079999986267089795e+01
1.819999998474121128e+01
1.999999981689452966e+01
1.840000003051757815e+01
1.639999998474121057e+01
1.839999992370605497e+01
1.780000000000000071e+01
2.039999986267089938e+01
2.079999986267089795e+01
1.780000001525878872e+01
1.739999986267089938e+01
1.539999995422363277e+01
1.859999986267089866e+01
2.100000003051757957e+01
1.979999995422363313e+01
1.859999989318847824e+01
1.839999992370605497e+01
1.779999989318847753e+01
1.559999992370605426e+01
1.479999994659423912e+01
1.899999992370605639e+01
2.039999986267089938e+01
1.859999996948242185e+01
2.059999989318847824e+01
2.179999984741210994e+01
1.939999986267089938e+01
1.800000003051757957e+01
1.760000000000000142e+01
2.180000003051757673e+01
1.840000001525879014e+01
2.199999992370605639e+01
1.979999992370605355e+01
1.939999986267089938e+01
1.980000001525878872e+01
2.139999999999999858e+01
1.659999998474120986e+01
2.019999999999999929e+01
2.139999999999999858e+01
2.200000000000000000e+01
1.899999989318847682e+01
1.999999995422363241e+01
2.099999989318847682e+01
1.819999986267090009e+01
2.180000000000000071e+01
1.779999986267089795e+01
1.879999995422363313e+01
2.639999984741210781e+01
2.179999992370605355e+01
1.859999994659423805e+01
2.079999996948242114e+01
1.939999986267089938e+01
1.719999995422363170e+01
2.199999996948242043e+01
1.659999995422363384e+01
2.439999990844726696e+01
2.079999986267089795e+01
1.779999986267089795e+01
1.779999986267089795e+01
2.019999999999999929e+01
2.240000003051757815e+01
1.780000001525878872e+01
2.080000000000000071e+01
2.079999996948242114e+01
2.019999996948242327e+01
1.900000000000000000e+01
1.900000001525878801e+01
2.519999989318847611e+01
1.759999998474120986e+01
1.919999995422363170e+01
2.199999995422363241e+01
2.020000003051757886e+01
2.160000003051757744e+01
2.179999989318847753e+01
2.239999986267089938e+01
2.299999989318847682e+01
1.899999993896484440e+01
