3.119999981689453250e+01
1.479999995422363313e+01
0.000000000000000000e+00
0.000000000000000000e+00
4.799999977111816030e+00
0.000000000000000000e+00
0.000000000000000000e+00
4.999999954223632415e+00
1.000000000000000000e+00
1.399999994277954185e+00
9.999999977111816207e+00
0.000000000000000000e+00
1.179999997711181692e+01
1.219999998474121128e+01
1.519999989318847611e+01
8.600000007629393650e+00
2.000000000000000111e-01
1.439999992370605497e+01
2.200000000000000178e+00
4.599999977111816740e+00
9.800000015258788721e+00
4.399999988555908459e+00
4.099999978637695364e+01
4.599999977111816740e+00
1.999999988555908104e+00
2.399999994277953963e+00
5.399999988555908459e+00
6.599999946594238054e+00
1.639999989318847540e+01
6.199999977111816385e+00
1.999999986267089724e+01
1.459999998474121163e+01
5.799999996948242398e+01
2.879999986267089795e+01
1.260000001525878943e+01
1.800000000000000044e+00
2.059999995422363384e+01
2.199999994659423663e+01
6.599999977111816740e+00
1.239999995422363277e+01
1.979999986267089795e+01
1.060000001525878943e+01
1.019999998474121128e+01
2.119999986267090009e+01
2.199999994277954229e+00
2.199999994277954229e+00
1.399999995422363241e+01
5.799999988555907926e+00
1.439999995422363277e+01
9.199999988555907393e+00
1.280000000762939472e+01
3.999999946594238409e+00
6.800000007629394716e+00
6.599999977111816740e+00
1.239999995422363277e+01
9.000000015258789787e+00
7.800000015258788721e+00
1.639999998474121057e+01
7.600000007629394538e+00
1.459999986267089866e+01
9.999999923706054616e+00
9.799999946594239120e+00
1.020000001525878908e+01
2.799999994277954318e+00
5.599999946594238054e+00
1.120000000762939507e+01
2.739999990844726696e+01
1.099999995422363241e+01
1.079999994659423912e+01
1.119999997711181727e+01
6.200000007629394183e+00
1.299999998474121021e+01
7.599999946594238054e+00
8.199999988555907393e+00
1.359999992370605426e+01
1.199999994659423841e+01
7.799999988555907926e+00
2.480000003051757673e+01
3.199999988555908281e+00
2.339999996948242256e+01
1.119999995422363348e+01
8.199999954223633480e+00
1.119999998474121128e+01
1.319999998474121128e+01
1.099999997711181621e+01
1.160000000762939365e+01
1.080000000762939472e+01
1.159999992370605426e+01
1.159999994659423805e+01
1.199999995422363241e+01
1.259999994659423805e+01
1.119999998474121128e+01
1.119999995422363348e+01
1.339999986267089760e+01
1.199999998474121021e+01
1.199999998474121021e+01
1.279999989318847575e+01
1.180000001525878872e+01
1.319999997711181727e+01
1.340000001525878837e+01
1.140000001525878837e+01
1.159999994659423805e+01
1.239999998474121057e+01
1.239999992370605497e+01
1.219999998474121128e+01
1.299999999427795494e+01
1.039999994659423876e+01
1.240000000762939436e+01
1.279999992370605533e+01
1.379999995422363313e+01
1.160000001525878943e+01
1.339999997711181656e+01
1.119999994659423770e+01
1.319999994659423770e+01
1.180000001525878872e+01
1.219999994659423770e+01
1.339999998474121057e+01
1.319999998474121128e+01
1.300000001525878979e+01
1.139999998474121057e+01
1.200000001525878979e+01
1.419999992370605391e+01
1.299999998474121021e+01
1.259999992370605426e+01
1.319999995422363348e+01
1.479999992370605533e+01
1.339999999427795352e+01
1.439999994659423876e+01
1.479999998474121092e+01
1.439999992370605497e+01
1.439999992370605497e+01
1.379999998474121092e+01
1.479999994659423912e+01
1.499999997711181621e+01
1.520000001525878908e+01
1.579999998474121092e+01
1.519999992370605391e+01
1.439999995422363277e+01
1.639999998474121057e+01
1.539999995422363277e+01
1.639999998474121057e+01
1.519999992370605391e+01
1.579999986267089795e+01
1.679999995422363313e+01
1.799999987792968881e+01
1.620000001525878730e+01
1.639999995422363455e+01
1.699999989318847682e+01
1.739999994659423876e+01
1.699999995422363241e+01
1.619999998474121128e+01
1.559999992370605426e+01
1.660000001525878943e+01
1.659999992370605426e+01
1.899999993896484440e+01
1.819999998474121128e+01
1.799999995422363241e+01
1.799999992370605639e+01
1.819999989318847611e+01
1.819999992370605568e+01
1.619999995422363170e+01
1.899999989318847682e+01
1.999999996948242043e+01
1.979999992370605355e+01
1.779999992370605355e+01
2.039999989318847540e+01
2.119999986267090009e+01
1.860000000000000142e+01
1.839999998474121057e+01
1.940000001525879014e+01
2.079999996948242114e+01
1.939999986267089938e+01
1.780000000000000071e+01
2.039999999999999858e+01
2.060000003051757744e+01
1.959999995422363384e+01
2.019999989318847611e+01
1.759999995422363384e+01
2.100000000000000000e+01
1.959999995422363384e+01
1.919999995422363170e+01
2.119999989318847611e+01
2.059999992370605426e+01
2.139999992370605497e+01
2.100000003051757957e+01
2.039999986267089938e+01
2.039999986267089938e+01
2.139999995422363455e+01
1.959999995422363384e+01
1.879999995422363313e+01
2.300000003051757957e+01
1.999999992370605639e+01
2.139999992370605497e+01
2.199999989318847682e+01
2.319999993896484369e+01
2.219999993896484369e+01
2.059999989318847824e+01
2.400000000000000000e+01
2.060000001525878943e+01
2.199999989318847682e+01
