0.000000000000000000e+00
0.000000000000000000e+00
0.000000000000000000e+00
5.819999981689453250e+01
0.000000000000000000e+00
1.119999995422363348e+01
8.000000000000000444e-01
5.799999988555907926e+00
9.999999885559082147e-01
1.999999988555908104e+00
6.999999988555908104e+00
4.599999994277953697e+00
1.000000000000000000e+00
1.199999994277954007e+00
3.800000007629394716e+00
1.399999999999999911e+00
5.220000003051757886e+01
2.939999986267089938e+01
1.119999994659423770e+01
4.399999988555908459e+00
9.400000007629394361e+00
3.599999988555908192e+00
4.000000000000000222e-01
2.000000000000000111e-01
1.259999989318847646e+01
5.000000000000000000e+00
4.399999996948242398e+01
3.579999984741210994e+01
4.599999988555908637e+00
5.400000007629394361e+00
6.599999994277953697e+00
7.119999981689453250e+01
1.119999994659423770e+01
6.359999975585937193e+01
1.139999994659423876e+01
5.400000007629394361e+00
3.400000007629394361e+00
9.200000007629395071e+00
1.280000001525878872e+01
6.599999977111816740e+00
9.599999946594238054e+00
3.599999988555908192e+00
1.079999994659423912e+01
1.040000000762939436e+01
3.300000000000000000e+01
8.199999994277954229e+00
2.200000000000000178e+00
3.479999996948242114e+01
9.199999977111817273e+00
6.599999946594238054e+00
7.399999977111816563e+00
6.399999977111816563e+00
1.279999995422363313e+01
1.279999989318847575e+01
1.399999992370605462e+01
1.999999988555908104e+00
1.179999986267089795e+01
6.999999977111816207e+00
1.299999994659423841e+01
1.280000000762939472e+01
1.059999994659423805e+01
3.079999978637695435e+01
7.600000015258789432e+00
7.599999923706054261e+00
1.099999995422363241e+01
6.999999994277954052e+00
1.200000001525878979e+01
3.599999977111816296e+00
0.000000000000000000e+00
2.000000000000000000e+00
3.999999988555908104e+00
1.019999997711181727e+01
1.220000001525878908e+01
7.399999984741210568e+00
1.360000001525878943e+01
7.999999994277954052e+00
2.259999992370605426e+01
1.500000003051757780e+01
3.599999994277954141e+00
2.220000003051757886e+01
6.999999988555908104e+00
7.399999977111816563e+00
1.319999995422363348e+01
9.400000007629394361e+00
9.000000015258789787e+00
1.040000000762939436e+01
9.199999977111817273e+00
8.200000007629395071e+00
8.599999994277954585e+00
1.060000001525878943e+01
1.060000001525878943e+01
8.799999977111816918e+00
8.999999977111816207e+00
9.799999977111816918e+00
1.000000001525878979e+01
9.799999946594239120e+00
1.060000001525878943e+01
9.799999977111816918e+00
8.399999954223632770e+00
9.399999977111816563e+00
8.600000007629393650e+00
1.079999998474121092e+01
1.039999994659423876e+01
9.400000015258788366e+00
1.199999998474121021e+01
9.599999946594238054e+00
9.599999977111815852e+00
9.800000007629394716e+00
8.400000007629394361e+00
1.100000000762939401e+01
1.140000000762939436e+01
9.799999923706055327e+00
9.799999954223633125e+00
8.999999946594238409e+00
1.019999998474121128e+01
9.999999954223632415e+00
9.799999946594239120e+00
9.199999946594237699e+00
9.199999977111817273e+00
1.100000000762939401e+01
1.119999994659423770e+01
1.040000001525878837e+01
1.080000001525878872e+01
1.060000001525878943e+01
1.140000001525878837e+01
1.099999998474121021e+01
1.279999998474121092e+01
1.199999995422363241e+01
1.259999998474121163e+01
1.200000000762939401e+01
1.139999997711181656e+01
1.399999998474121021e+01
1.319999997711181727e+01
1.239999992370605497e+01
1.299999986267089902e+01
1.099999992370605462e+01
1.539999992370605497e+01
1.319999989318847611e+01
1.419999992370605391e+01
1.479999995422363313e+01
1.380000001525878872e+01
1.499999998474121021e+01
1.539999995422363277e+01
1.459999986267089866e+01
1.499999992370605462e+01
1.539999994659423876e+01
1.640000001525879014e+01
1.259999994659423805e+01
1.600000001525878801e+01
1.579999995422363313e+01
1.560000001525878943e+01
1.760000000000000142e+01
1.799999992370605639e+01
1.759999998474120986e+01
1.500000001525878979e+01
1.779999992370605355e+01
1.779999992370605355e+01
1.359999992370605426e+01
1.699999989318847682e+01
1.699999992370605639e+01
1.579999996948242114e+01
1.719999996948242327e+01
1.559999998474121163e+01
1.759999995422363384e+01
1.659999994659423805e+01
1.759999992370605426e+01
1.899999992370605639e+01
1.820000003051757886e+01
1.560000001525878943e+01
1.820000003051757886e+01
1.839999989318847540e+01
1.779999992370605355e+01
1.899999995422363241e+01
1.879999989318847753e+01
1.859999986267089866e+01
1.799999989318847682e+01
1.820000003051757886e+01
1.859999986267089866e+01
1.879999995422363313e+01
1.739999986267089938e+01
1.839999986267089938e+01
1.839999998474121057e+01
1.859999989318847824e+01
1.939999996948242256e+01
1.979999992370605355e+01
1.939999992370605497e+01
1.959999992370605426e+01
1.859999995422363384e+01
1.900000000000000000e+01
1.839999995422363455e+01
1.940000001525879014e+01
1.840000001525879014e+01
1.839999998474121057e+01
1.919999989318847611e+01
1.799999989318847682e+01
2.040000003051757815e+01
2.079999990844726554e+01
2.119999999999999929e+01
1.839999998474121057e+01
2.199999997711181621e+01
