0.000000000000000000e+00
7.700000000000000178e+00
9.400000000000000355e+00
9.400000000000000355e+00
9.599999999999999645e+00
9.099999999999999645e+00
9.099999999999999645e+00
1.009999999999999964e+01
1.480000000000000071e+01
2.219999999999999929e+01
3.350000000000000000e+01
5.789999999999999858e+01
5.479999999999999716e+01
7.279999999999999716e+01
7.600000000000000000e+01
7.679999999999999716e+01
7.979999999999999716e+01
9.200000000000000000e+01
9.629999999999999716e+01
9.720000000000000284e+01
9.729999999999999716e+01
9.750000000000000000e+01
9.750000000000000000e+01
9.729999999999999716e+01
9.750000000000000000e+01
9.809999999999999432e+01
9.850000000000000000e+01
9.909999999999999432e+01
9.900000000000000000e+01
9.870000000000000284e+01
9.870000000000000284e+01
9.870000000000000284e+01
9.870000000000000284e+01
9.870000000000000284e+01
9.870000000000000284e+01
9.870000000000000284e+01
9.870000000000000284e+01
9.870000000000000284e+01
9.870000000000000284e+01
9.870000000000000284e+01
