1.000000000000000000e+02
3.100000000000000089e+00
1.169999999999999929e+01
1.050000000000000000e+01
1.059999999999999964e+01
1.019999999999999929e+01
1.030000000000000071e+01
1.530000000000000071e+01
1.810000000000000142e+01
3.279999999999999716e+01
4.360000000000000142e+01
5.220000000000000284e+01
7.270000000000000284e+01
8.159999999999999432e+01
7.790000000000000568e+01
8.620000000000000284e+01
8.590000000000000568e+01
9.529999999999999716e+01
9.740000000000000568e+01
9.790000000000000568e+01
9.800000000000000000e+01
9.809999999999999432e+01
9.820000000000000284e+01
9.790000000000000568e+01
9.809999999999999432e+01
9.850000000000000000e+01
9.879999999999999716e+01
9.900000000000000000e+01
9.900000000000000000e+01
9.879999999999999716e+01
9.879999999999999716e+01
9.879999999999999716e+01
9.879999999999999716e+01
9.879999999999999716e+01
9.879999999999999716e+01
9.879999999999999716e+01
9.879999999999999716e+01
9.870000000000000284e+01
9.870000000000000284e+01
9.879999999999999716e+01
