0.000000000000000000e+00
0.000000000000000000e+00
1.100000000000000000e+01
1.140000000000000036e+01
1.090000000000000036e+01
6.210000000000000142e+01
9.929999999999999716e+01
9.679999999999999716e+01
1.000000000000000000e+02
9.900000000000000000e+01
9.950000000000000000e+01
9.890000000000000568e+01
1.000000000000000000e+02
9.870000000000000284e+01
1.000000000000000000e+02
9.979999999999999716e+01
9.970000000000000284e+01
9.970000000000000284e+01
9.979999999999999716e+01
9.970000000000000284e+01
9.970000000000000284e+01
9.990000000000000568e+01
9.979999999999999716e+01
9.990000000000000568e+01
9.990000000000000568e+01
9.970000000000000284e+01
9.959999999999999432e+01
9.959999999999999432e+01
9.959999999999999432e+01
9.959999999999999432e+01
9.959999999999999432e+01
9.959999999999999432e+01
9.959999999999999432e+01
9.959999999999999432e+01
9.959999999999999432e+01
9.959999999999999432e+01
9.959999999999999432e+01
9.959999999999999432e+01
9.959999999999999432e+01
9.959999999999999432e+01
