0.000000000000000000e+00
0.000000000000000000e+00
1.040000000000000036e+01
9.400000000000000355e+00
9.300000000000000711e+00
9.500000000000000000e+00
1.000000000000000000e+01
1.009999999999999964e+01
1.330000000000000071e+01
2.439999999999999858e+01
3.539999999999999858e+01
5.339999999999999858e+01
6.440000000000000568e+01
7.379999999999999716e+01
7.620000000000000284e+01
8.520000000000000284e+01
8.829999999999999716e+01
9.529999999999999716e+01
9.770000000000000284e+01
9.859999999999999432e+01
9.859999999999999432e+01
9.840000000000000568e+01
9.870000000000000284e+01
9.870000000000000284e+01
9.879999999999999716e+01
9.909999999999999432e+01
9.950000000000000000e+01
9.950000000000000000e+01
9.950000000000000000e+01
9.950000000000000000e+01
9.950000000000000000e+01
9.950000000000000000e+01
9.950000000000000000e+01
9.950000000000000000e+01
9.950000000000000000e+01
9.950000000000000000e+01
9.950000000000000000e+01
9.950000000000000000e+01
9.950000000000000000e+01
9.950000000000000000e+01
