1.150000000000000000e+01
1.069999999999999929e+01
1.100000000000000000e+01
1.069999999999999929e+01
1.080000000000000071e+01
3.429999999999999716e+01
9.650000000000000000e+01
9.790000000000000568e+01
9.829999999999999716e+01
9.879999999999999716e+01
9.900000000000000000e+01
9.920000000000000284e+01
9.900000000000000000e+01
9.859999999999999432e+01
9.920000000000000284e+01
9.890000000000000568e+01
9.990000000000000568e+01
9.979999999999999716e+01
9.959999999999999432e+01
9.959999999999999432e+01
9.959999999999999432e+01
9.959999999999999432e+01
9.959999999999999432e+01
9.959999999999999432e+01
9.979999999999999716e+01
9.979999999999999716e+01
9.990000000000000568e+01
9.979999999999999716e+01
9.979999999999999716e+01
9.979999999999999716e+01
9.959999999999999432e+01
9.959999999999999432e+01
9.959999999999999432e+01
9.959999999999999432e+01
9.959999999999999432e+01
9.959999999999999432e+01
9.959999999999999432e+01
9.959999999999999432e+01
9.959999999999999432e+01
9.959999999999999432e+01
