1.550561791966470437e+01
6.539325830695334218e+01
4.202247161865234659e+01
6.067415707191724294e+01
2.337078642684422292e+01
5.438202226617362811e+01
2.314606720142150209e+01
6.067415707191724294e+01
1.865168545326489991e+01
4.337078622539391404e+01
5.303370765943206067e+01
4.516853928298093024e+01
2.157303363071398650e+01
1.842696622784218263e+01
4.494381979610142963e+01
1.707865162110060808e+01
3.887640447723731540e+01
2.808988740042354237e+01
4.202247161865234659e+01
1.865168545326489991e+01
4.831460642439595432e+01
2.471910103358579391e+01
4.516853928298093024e+01
2.022471902397241550e+01
3.573033681290873176e+01
5.460674123013956915e+01
6.247191012950425915e+01
1.550561791966470437e+01
4.831460642439595432e+01
3.258426967149370057e+01
3.101123583932940875e+01
1.865168545326489991e+01
3.123595506475212957e+01
1.842696622784218263e+01
6.089887603588318399e+01
2.471910103358579391e+01
3.258426967149370057e+01
9.438202208615420474e+00
3.438202220616715721e+01
1.393258421822880067e+01
4.674157285368844583e+01
3.415730324220121616e+01
2.494382025900851474e+01
3.730337090652979981e+01
3.415730324220121616e+01
4.831460642439595432e+01
3.258426967149370057e+01
4.674157285368844583e+01
4.359550518935985508e+01
3.101123583932940875e+01
3.415730324220121616e+01
2.786516843645760133e+01
4.202247161865234659e+01
1.393258421822880067e+01
2.157303363071398650e+01
4.202247161865234659e+01
2.179775259467992754e+01
1.078651681535699325e+01
4.674157285368844583e+01
3.101123583932940875e+01
5.146067408872454507e+01
4.044943804794483100e+01
2.651685382971603033e+01
2.629213486575008929e+01
1.370786512353446973e+01
1.730337084652332891e+01
2.943820200716511692e+01
3.595505629978822526e+01
4.988764051801702948e+01
2.314606720142150209e+01
4.202247161865234659e+01
2.314606720142150209e+01
2.629213486575008929e+01
4.988764051801702948e+01
4.988764051801702948e+01
3.573033681290873176e+01
2.808988740042354237e+01
2.471910103358579391e+01
3.415730324220121616e+01
3.258426967149370057e+01
4.988764051801702948e+01
2.808988740042354237e+01
3.573033681290873176e+01
2.157303363071398650e+01
3.258426967149370057e+01
2.629213486575008929e+01
2.943820200716511692e+01
2.314606720142150209e+01
2.629213486575008929e+01
2.314606720142150209e+01
2.786516843645760133e+01
2.471910103358579391e+01
2.943820200716511692e+01
2.314606720142150209e+01
2.943820200716511692e+01
2.943820200716511692e+01
2.786516843645760133e+01
2.943820200716511692e+01
2.471910103358579391e+01
2.314606720142150209e+01
2.786516843645760133e+01
2.471910103358579391e+01
2.629213486575008929e+01
2.786516843645760133e+01
2.786516843645760133e+01
2.157303363071398650e+01
3.101123583932940875e+01
2.943820200716511692e+01
2.786516843645760133e+01
2.314606720142150209e+01
2.786516843645760133e+01
2.471910103358579391e+01
2.786516843645760133e+01
2.629213486575008929e+01
2.471910103358579391e+01
2.157303363071398650e+01
2.471910103358579391e+01
2.314606720142150209e+01
2.471910103358579391e+01
2.157303363071398650e+01
2.786516843645760133e+01
2.629213486575008929e+01
2.629213486575008929e+01
2.786516843645760133e+01
2.314606720142150209e+01
2.786516843645760133e+01
2.786516843645760133e+01
2.629213486575008929e+01
2.786516843645760133e+01
2.314606720142150209e+01
2.471910103358579391e+01
2.314606720142150209e+01
2.314606720142150209e+01
2.471910103358579391e+01
2.314606720142150209e+01
2.000000006000647446e+01
2.629213486575008929e+01
2.157303363071398650e+01
2.471910103358579391e+01
2.314606720142150209e+01
2.314606720142150209e+01
2.314606720142150209e+01
2.471910103358579391e+01
2.314606720142150209e+01
2.157303363071398650e+01
2.471910103358579391e+01
2.314606720142150209e+01
2.314606720142150209e+01
2.629213486575008929e+01
2.157303363071398650e+01
2.471910103358579391e+01
2.471910103358579391e+01
2.629213486575008929e+01
2.157303363071398650e+01
2.314606720142150209e+01
2.314606720142150209e+01
2.157303363071398650e+01
2.471910103358579391e+01
2.157303363071398650e+01
2.157303363071398650e+01
2.786516843645760133e+01
2.786516843645760133e+01
2.314606720142150209e+01
2.314606720142150209e+01
2.314606720142150209e+01
2.471910103358579391e+01
2.629213486575008929e+01
2.314606720142150209e+01
2.629213486575008929e+01
2.314606720142150209e+01
2.629213486575008929e+01
2.314606720142150209e+01
2.314606720142150209e+01
2.471910103358579391e+01
2.786516843645760133e+01
2.629213486575008929e+01
2.314606720142150209e+01
2.314606720142150209e+01
2.314606720142150209e+01
2.314606720142150209e+01
2.471910103358579391e+01
2.471910103358579391e+01
2.314606720142150209e+01
2.943820200716511692e+01
2.629213486575008929e+01
2.471910103358579391e+01
2.314606720142150209e+01
2.157303363071398650e+01
2.157303363071398650e+01
2.157303363071398650e+01
2.157303363071398650e+01
2.314606720142150209e+01
2.629213486575008929e+01
2.314606720142150209e+01
2.157303363071398650e+01
2.157303363071398650e+01
2.314606720142150209e+01
2.471910103358579391e+01
2.157303363071398650e+01
2.314606720142150209e+01
