7.136363594748756611e+01
5.568181804310192007e+01
5.750000006935812991e+01
3.545454538518732335e+01
4.477272699529474664e+01
3.704545433738014992e+01
1.431818178350275161e+01
3.431818161010742330e+01
3.431818161010742330e+01
4.340909063165837978e+01
4.045454531582919344e+01
6.363636354966597075e+00
3.886363636363636687e+01
4.022727272727272663e+01
4.045454531582919344e+01
2.954545451077547824e+01
3.250000006935812991e+01
1.863636370572177015e+01
5.590909063165837978e+01
3.113636370572177015e+01
4.204545426802202002e+01
4.045454531582919344e+01
2.999999993064186654e+01
2.840909097844903997e+01
3.136363629427822985e+01
3.136363629427822985e+01
4.204545426802202002e+01
3.909090895219282658e+01
3.136363629427822985e+01
3.454545468417080656e+01
3.568181797374378306e+01
1.568181814713911493e+01
4.409090888283469667e+01
2.045454548922452176e+01
3.886363636363636687e+01
1.409090907356955746e+01
4.204545426802202002e+01
3.750000000000000000e+01
3.136363629427822985e+01
2.681818178350275161e+01
2.522727258855646326e+01
2.954545451077547824e+01
4.568181832053444680e+01
2.977272734208540328e+01
2.363636363636363669e+01
1.431818178350275161e+01
6.250000000000000000e+01
2.318181821649724839e+01
4.340909063165837978e+01
3.909090895219282658e+01
3.454545468417080656e+01
2.363636363636363669e+01
2.659090895219282658e+01
3.909090895219282658e+01
5.340909097844904352e+01
4.090909097844904352e+01
2.045454548922452176e+01
2.500000000000000000e+01
1.568181814713911493e+01
4.068181790438565315e+01
2.045454548922452176e+01
2.363636363636363669e+01
3.295454524647105643e+01
1.909090912558815845e+01
1.886363629427822985e+01
2.204545444141734833e+01
3.454545468417080656e+01
2.204545444141734833e+01
3.318181832053444680e+01
1.590909097844904174e+01
1.272727270993319415e+01
2.045454548922452176e+01
4.227272734208540328e+01
2.045454548922452176e+01
2.022727265791459672e+01
2.068181807778098502e+01
3.909090895219282658e+01
2.681818178350275161e+01
3.750000000000000000e+01
2.681818178350275161e+01
2.681818178350275161e+01
3.909090895219282658e+01
3.159090888283469312e+01
2.363636363636363669e+01
2.681818178350275161e+01
2.840909097844903997e+01
2.681818178350275161e+01
3.136363629427822985e+01
2.659090895219282658e+01
2.204545444141734833e+01
2.999999993064186654e+01
2.204545444141734833e+01
2.204545444141734833e+01
2.204545444141734833e+01
2.363636363636363669e+01
2.363636363636363669e+01
2.045454548922452176e+01
2.363636363636363669e+01
2.363636363636363669e+01
2.681818178350275161e+01
2.363636363636363669e+01
2.045454548922452176e+01
2.363636363636363669e+01
2.204545444141734833e+01
2.522727258855646326e+01
2.204545444141734833e+01
2.204545444141734833e+01
2.204545444141734833e+01
2.681818178350275161e+01
1.886363629427822985e+01
2.522727258855646326e+01
2.363636363636363669e+01
2.681818178350275161e+01
2.840909097844903997e+01
2.522727258855646326e+01
1.886363629427822985e+01
2.045454548922452176e+01
2.363636363636363669e+01
2.204545444141734833e+01
1.886363629427822985e+01
2.363636363636363669e+01
2.204545444141734833e+01
2.363636363636363669e+01
1.727272734208540328e+01
2.045454548922452176e+01
2.522727258855646326e+01
1.727272734208540328e+01
2.522727258855646326e+01
2.363636363636363669e+01
2.522727258855646326e+01
2.522727258855646326e+01
2.363636363636363669e+01
1.886363629427822985e+01
1.886363629427822985e+01
1.886363629427822985e+01
2.204545444141734833e+01
2.204545444141734833e+01
2.204545444141734833e+01
2.363636363636363669e+01
1.886363629427822985e+01
2.363636363636363669e+01
2.045454548922452176e+01
1.886363629427822985e+01
2.045454548922452176e+01
2.363636363636363669e+01
2.045454548922452176e+01
2.363636363636363669e+01
2.045454548922452176e+01
2.363636363636363669e+01
2.204545444141734833e+01
2.045454548922452176e+01
1.727272734208540328e+01
2.204545444141734833e+01
2.204545444141734833e+01
1.886363629427822985e+01
2.045454548922452176e+01
2.363636363636363669e+01
1.886363629427822985e+01
2.045454548922452176e+01
2.045454548922452176e+01
2.204545444141734833e+01
1.886363629427822985e+01
1.886363629427822985e+01
2.363636363636363669e+01
2.045454548922452176e+01
2.522727258855646326e+01
2.522727258855646326e+01
2.204545444141734833e+01
2.045454548922452176e+01
2.363636363636363669e+01
2.522727258855646326e+01
2.363636363636363669e+01
1.727272734208540328e+01
2.363636363636363669e+01
1.727272734208540328e+01
2.045454548922452176e+01
2.045454548922452176e+01
2.204545444141734833e+01
2.522727258855646326e+01
2.204545444141734833e+01
2.363636363636363669e+01
2.363636363636363669e+01
2.045454548922452176e+01
2.045454548922452176e+01
2.045454548922452176e+01
2.045454548922452176e+01
2.045454548922452176e+01
2.045454548922452176e+01
2.204545444141734833e+01
2.045454548922452176e+01
2.681818178350275161e+01
2.045454548922452176e+01
2.204545444141734833e+01
2.045454548922452176e+01
2.045454548922452176e+01
2.204545444141734833e+01
1.772727276195179158e+01
2.204545444141734833e+01
2.204545444141734833e+01
2.204545444141734833e+01
