1.535181236267089844e+01
2.579957355670075003e+01
3.688699363594624714e+01
3.837953094937908105e+01
4.541577831666860732e+01
3.262260126711717589e+01
2.025586353131194528e+01
4.051172706262389056e+01
2.452025585743918512e+01
3.901918974919105665e+01
3.624733477919848923e+01
1.855010660370783881e+01
1.108742003654366037e+01
4.243070368980293949e+01
1.257995734997649606e+01
1.876332621787911137e+01
2.963752664025150096e+01
1.257995734997649606e+01
3.901918974919105665e+01
3.944562906293726456e+01
2.686567158485526363e+01
2.217484007308732075e+01
3.944562906293726456e+01
2.985074621172093501e+01
2.409381661486269977e+01
3.795309174950443065e+01
4.221748403292983198e+01
2.707889124172837114e+01
7.100213224496414455e+01
2.366737738652015821e+01
3.496801712263876283e+01
1.599147124788654395e+01
2.835820889828810110e+01
2.025586353131194528e+01
2.409381661486269977e+01
3.304904049545971390e+01
4.413646048930154109e+01
3.944562906293726456e+01
2.686567158485526363e+01
3.624733477919848923e+01
2.217484007308732075e+01
2.729211089860147510e+01
2.878464821203431256e+01
3.155650318202687643e+01
4.072494671949699807e+01
3.006396586859404252e+01
3.496801712263876283e+01
4.776119391597918451e+01
1.428571427758060253e+01
5.138592757039995007e+01
3.155650318202687643e+01
2.388059695798959225e+01
2.878464821203431256e+01
2.238805964455675834e+01
3.965884854900303225e+01
4.371002134636266589e+01
4.243070368980293949e+01
3.006396586859404252e+01
2.729211089860147510e+01
2.558635392829553368e+01
1.620469081935597799e+01
3.027718552546714648e+01
2.238805964455675834e+01
2.707889124172837114e+01
2.857142855516120505e+01
4.243070368980293949e+01
4.264392317586870007e+01
4.690831563010144833e+01
5.181236671333882526e+01
3.454157780889254781e+01
5.031982939990598425e+01
4.093816637637010558e+01
2.217484007308732075e+01
4.904051174334625784e+01
3.624733477919848923e+01
3.155650318202687643e+01
4.115138586243586616e+01
3.624733477919848923e+01
4.221748403292983198e+01
2.665245201338582959e+01
3.454157780889254781e+01
2.985074621172093501e+01
2.686567158485526363e+01
3.603411512232538172e+01
3.454157780889254781e+01
3.773987209263132314e+01
3.624733477919848923e+01
3.304904049545971390e+01
2.835820889828810110e+01
3.624733477919848923e+01
3.304904049545971390e+01
2.857142855516120505e+01
2.857142855516120505e+01
3.795309174950443065e+01
3.176972283889998394e+01
2.857142855516120505e+01
3.326226015233282141e+01
2.686567158485526363e+01
3.646055443607159674e+01
3.326226015233282141e+01
3.006396586859404252e+01
3.006396586859404252e+01
3.326226015233282141e+01
3.176972283889998394e+01
2.985074621172093501e+01
2.686567158485526363e+01
3.326226015233282141e+01
3.176972283889998394e+01
3.006396586859404252e+01
3.475479746576565532e+01
3.326226015233282141e+01
3.326226015233282141e+01
2.686567158485526363e+01
3.155650318202687643e+01
2.857142855516120505e+01
3.155650318202687643e+01
3.304904049545971390e+01
3.155650318202687643e+01
3.326226015233282141e+01
3.475479746576565532e+01
3.326226015233282141e+01
3.496801712263876283e+01
2.857142855516120505e+01
2.857142855516120505e+01
3.326226015233282141e+01
3.326226015233282141e+01
3.176972283889998394e+01
3.027718552546714648e+01
3.176972283889998394e+01
3.176972283889998394e+01
3.496801712263876283e+01
3.326226015233282141e+01
3.176972283889998394e+01
3.176972283889998394e+01
3.176972283889998394e+01
3.176972283889998394e+01
3.496801712263876283e+01
2.686567158485526363e+01
3.176972283889998394e+01
2.857142855516120505e+01
3.176972283889998394e+01
3.176972283889998394e+01
3.176972283889998394e+01
3.347547980920592181e+01
3.176972283889998394e+01
3.176972283889998394e+01
3.006396586859404252e+01
2.857142855516120505e+01
3.176972283889998394e+01
3.027718552546714648e+01
2.857142855516120505e+01
2.857142855516120505e+01
3.176972283889998394e+01
3.496801712263876283e+01
3.176972283889998394e+01
3.475479746576565532e+01
3.176972283889998394e+01
3.006396586859404252e+01
3.326226015233282141e+01
2.857142855516120505e+01
2.857142855516120505e+01
3.176972283889998394e+01
3.326226015233282141e+01
2.857142855516120505e+01
3.326226015233282141e+01
3.326226015233282141e+01
3.496801712263876283e+01
3.006396586859404252e+01
3.496801712263876283e+01
3.496801712263876283e+01
3.326226015233282141e+01
2.857142855516120505e+01
3.326226015233282141e+01
2.857142855516120505e+01
3.006396586859404252e+01
3.006396586859404252e+01
3.006396586859404252e+01
3.176972283889998394e+01
3.326226015233282141e+01
3.006396586859404252e+01
3.326226015233282141e+01
3.326226015233282141e+01
3.176972283889998394e+01
2.857142855516120505e+01
3.326226015233282141e+01
3.326226015233282141e+01
3.006396586859404252e+01
3.155650318202687643e+01
3.496801712263876283e+01
3.326226015233282141e+01
3.006396586859404252e+01
3.006396586859404252e+01
3.176972283889998394e+01
3.496801712263876283e+01
3.326226015233282141e+01
3.326226015233282141e+01
3.326226015233282141e+01
2.857142855516120505e+01
3.006396586859404252e+01
3.326226015233282141e+01
