5.133333333333333570e+01
6.088888888888888573e+01
2.488888888888888928e+01
3.577777777777777857e+01
7.777777777777777679e+00
4.688888888888888573e+01
2.044444444444444287e+01
2.644444444444444287e+01
5.488888888888888573e+01
3.755555555555555713e+01
1.866666666666666785e+01
3.755555555555555713e+01
8.000000000000000000e+00
2.200000000000000000e+01
3.600000000000000000e+01
1.911111111111111072e+01
4.066666666666666430e+01
2.511111111111111072e+01
2.844444444444444287e+01
2.488888888888888928e+01
1.422222222222222143e+01
5.022222222222222143e+01
2.377777777777777857e+01
3.133333333333333215e+01
2.511111111111111072e+01
3.933333333333333570e+01
3.466666666666666430e+01
3.933333333333333570e+01
3.000000000000000000e+01
3.622222222222222143e+01
1.888888888888888928e+01
1.266666666666666607e+01
1.422222222222222143e+01
3.155555555555555713e+01
2.666666666666666785e+01
2.977777777777777857e+01
2.222222222222222143e+01
3.755555555555555713e+01
2.222222222222222143e+01
1.888888888888888928e+01
3.311111111111111427e+01
3.622222222222222143e+01
1.266666666666666607e+01
2.377777777777777857e+01
2.355555555555555713e+01
2.355555555555555713e+01
3.933333333333333570e+01
1.266666666666666607e+01
3.155555555555555713e+01
3.466666666666666430e+01
2.044444444444444287e+01
3.288888888888888573e+01
1.733333333333333215e+01
2.844444444444444287e+01
2.355555555555555713e+01
4.088888888888888573e+01
3.155555555555555713e+01
3.155555555555555713e+01
2.377777777777777857e+01
2.977777777777777857e+01
2.222222222222222143e+01
2.044444444444444287e+01
1.400000000000000000e+01
2.844444444444444287e+01
3.311111111111111427e+01
1.911111111111111072e+01
2.222222222222222143e+01
1.600000000000000000e+01
2.355555555555555713e+01
1.288888888888888928e+01
2.066666666666666785e+01
2.377777777777777857e+01
2.844444444444444287e+01
5.177777777777777857e+01
1.911111111111111072e+01
3.622222222222222143e+01
4.400000000000000000e+01
4.244444444444444287e+01
1.733333333333333215e+01
2.222222222222222143e+01
3.933333333333333570e+01
3.466666666666666430e+01
2.688888888888888928e+01
2.066666666666666785e+01
2.222222222222222143e+01
2.222222222222222143e+01
2.533333333333333215e+01
2.066666666666666785e+01
2.222222222222222143e+01
2.533333333333333215e+01
2.377777777777777857e+01
2.222222222222222143e+01
2.222222222222222143e+01
2.066666666666666785e+01
2.533333333333333215e+01
2.377777777777777857e+01
2.222222222222222143e+01
2.222222222222222143e+01
2.377777777777777857e+01
2.377777777777777857e+01
2.222222222222222143e+01
2.066666666666666785e+01
2.066666666666666785e+01
2.222222222222222143e+01
2.066666666666666785e+01
2.222222222222222143e+01
2.222222222222222143e+01
2.222222222222222143e+01
2.222222222222222143e+01
2.222222222222222143e+01
2.377777777777777857e+01
2.222222222222222143e+01
2.533333333333333215e+01
2.533333333333333215e+01
2.066666666666666785e+01
1.911111111111111072e+01
2.377777777777777857e+01
2.066666666666666785e+01
2.377777777777777857e+01
2.222222222222222143e+01
2.533333333333333215e+01
2.533333333333333215e+01
2.222222222222222143e+01
2.377777777777777857e+01
2.533333333333333215e+01
2.066666666666666785e+01
2.222222222222222143e+01
2.066666666666666785e+01
1.911111111111111072e+01
2.222222222222222143e+01
2.066666666666666785e+01
2.066666666666666785e+01
2.222222222222222143e+01
1.911111111111111072e+01
2.066666666666666785e+01
2.222222222222222143e+01
2.066666666666666785e+01
2.222222222222222143e+01
2.066666666666666785e+01
1.911111111111111072e+01
1.911111111111111072e+01
2.222222222222222143e+01
2.688888888888888928e+01
2.066666666666666785e+01
2.533333333333333215e+01
2.533333333333333215e+01
2.377777777777777857e+01
2.222222222222222143e+01
2.222222222222222143e+01
2.533333333333333215e+01
2.066666666666666785e+01
2.533333333333333215e+01
2.222222222222222143e+01
2.066666666666666785e+01
1.911111111111111072e+01
2.844444444444444287e+01
2.533333333333333215e+01
2.688888888888888928e+01
2.222222222222222143e+01
1.911111111111111072e+01
2.533333333333333215e+01
2.377777777777777857e+01
2.844444444444444287e+01
2.222222222222222143e+01
2.222222222222222143e+01
2.533333333333333215e+01
2.222222222222222143e+01
2.688888888888888928e+01
2.066666666666666785e+01
2.688888888888888928e+01
2.066666666666666785e+01
1.911111111111111072e+01
1.911111111111111072e+01
2.377777777777777857e+01
1.911111111111111072e+01
2.533333333333333215e+01
2.222222222222222143e+01
1.911111111111111072e+01
2.222222222222222143e+01
2.533333333333333215e+01
1.911111111111111072e+01
1.911111111111111072e+01
2.222222222222222143e+01
2.377777777777777857e+01
2.066666666666666785e+01
2.066666666666666785e+01
1.911111111111111072e+01
2.066666666666666785e+01
2.066666666666666785e+01
2.222222222222222143e+01
2.066666666666666785e+01
2.222222222222222143e+01
2.222222222222222143e+01
2.066666666666666785e+01
2.066666666666666785e+01
2.066666666666666785e+01
2.377777777777777857e+01
2.066666666666666785e+01
2.844444444444444287e+01
2.844444444444444287e+01
