1.067538126361655770e+01
1.525054466230936789e+01
5.468409589380999591e+01
4.684095857242093786e+01
1.568627450564847869e+01
6.884531588751765696e+01
1.699346405020985884e+01
3.921568624126625480e+01
1.568627450564847869e+01
4.379084963995906321e+01
3.921568624126625480e+01
1.089324618528611310e+01
2.352941178132765643e+01
1.394335511774798597e+01
2.657952071378953107e+01
2.527233114637320810e+01
3.311546837634250551e+01
4.248366016396250444e+01
4.553376909642437909e+01
3.965141613031524770e+01
9.368191719055175781e+00
2.091503264649501403e+01
4.596949889405360778e+01
1.721132897187941424e+01
4.553376909642437909e+01
4.248366016396250444e+01
3.485838783280782138e+01
4.727668846146993076e+01
3.790849676526969603e+01
4.291938996159173314e+01
2.549019604518782245e+01
4.575163399523898988e+01
5.032679739393180540e+01
4.531590410619000409e+01
5.185185186016273917e+01
4.901960782651548243e+01
1.895424838263484801e+01
5.620915036004093679e+01
3.028322443411500942e+01
1.111111110695566673e+01
2.984749454506602007e+01
4.248366016396250444e+01
9.586056640724731182e+00
2.723311550165313477e+01
1.416122003941754137e+01
3.159041391011157174e+01
4.270152506277711524e+01
1.590413945017297337e+01
2.418300656919126013e+01
2.701525051141875977e+01
3.311546837634250551e+01
3.159041391011157174e+01
3.790849676526969603e+01
3.790849676526969603e+01
2.875816996788407209e+01
3.050108933292962377e+01
2.570806103542219745e+01
4.422657952900805611e+01
2.244008711272595136e+01
3.050108933292962377e+01
5.511982569143922461e+01
4.575163399523898988e+01
3.289760347752789471e+01
3.485838783280782138e+01
2.091503264649501403e+01
3.180827890034594674e+01
5.664488015767016549e+01
2.832244007883508274e+01
2.244008711272595136e+01
1.764705881521852504e+01
2.701525051141875977e+01
3.159041391011157174e+01
2.396514157895688513e+01
2.527233114637320810e+01
1.742919391640391069e+01
2.113289763672938903e+01
3.790849676526969603e+01
4.074074070749718857e+01
2.875816996788407209e+01
3.790849676526969603e+01
2.418300656919126013e+01
3.028322443411500942e+01
3.028322443411500942e+01
2.570806103542219745e+01
2.570806103542219745e+01
2.570806103542219745e+01
2.723311550165313477e+01
2.570806103542219745e+01
2.570806103542219745e+01
2.723311550165313477e+01
2.723311550165313477e+01
2.091503264649501403e+01
2.549019604518782245e+01
3.180827890034594674e+01
3.028322443411500942e+01
2.723311550165313477e+01
2.570806103542219745e+01
2.723311550165313477e+01
2.875816996788407209e+01
2.570806103542219745e+01
2.723311550165313477e+01
2.875816996788407209e+01
2.418300656919126013e+01
2.570806103542219745e+01
2.418300656919126013e+01
2.570806103542219745e+01
2.113289763672938903e+01
2.570806103542219745e+01
2.418300656919126013e+01
2.570806103542219745e+01
2.570806103542219745e+01
2.418300656919126013e+01
3.333333336657688051e+01
3.180827890034594674e+01
3.028322443411500942e+01
2.570806103542219745e+01
2.723311550165313477e+01
2.723311550165313477e+01
2.723311550165313477e+01
2.875816996788407209e+01
3.028322443411500942e+01
3.028322443411500942e+01
2.723311550165313477e+01
3.180827890034594674e+01
2.723311550165313477e+01
2.418300656919126013e+01
2.875816996788407209e+01
2.570806103542219745e+01
2.723311550165313477e+01
2.875816996788407209e+01
2.723311550165313477e+01
2.265795210296032636e+01
2.723311550165313477e+01
2.418300656919126013e+01
2.418300656919126013e+01
2.723311550165313477e+01
2.723311550165313477e+01
2.418300656919126013e+01
2.418300656919126013e+01
2.265795210296032636e+01
2.265795210296032636e+01
2.418300656919126013e+01
2.265795210296032636e+01
2.418300656919126013e+01
2.418300656919126013e+01
2.570806103542219745e+01
2.418300656919126013e+01
2.265795210296032636e+01
2.418300656919126013e+01
2.418300656919126013e+01
2.418300656919126013e+01
2.265795210296032636e+01
2.418300656919126013e+01
2.418300656919126013e+01
2.723311550165313477e+01
2.418300656919126013e+01
2.265795210296032636e+01
2.875816996788407209e+01
2.570806103542219745e+01
2.723311550165313477e+01
2.570806103542219745e+01
2.418300656919126013e+01
2.418300656919126013e+01
2.418300656919126013e+01
2.418300656919126013e+01
2.570806103542219745e+01
2.723311550165313477e+01
2.265795210296032636e+01
2.418300656919126013e+01
2.265795210296032636e+01
2.265795210296032636e+01
2.570806103542219745e+01
2.875816996788407209e+01
2.723311550165313477e+01
2.570806103542219745e+01
2.570806103542219745e+01
2.418300656919126013e+01
2.418300656919126013e+01
2.265795210296032636e+01
2.265795210296032636e+01
2.875816996788407209e+01
2.265795210296032636e+01
2.265795210296032636e+01
2.265795210296032636e+01
2.265795210296032636e+01
2.265795210296032636e+01
2.570806103542219745e+01
2.570806103542219745e+01
2.265795210296032636e+01
2.418300656919126013e+01
2.875816996788407209e+01
2.570806103542219745e+01
2.723311550165313477e+01
2.418300656919126013e+01
2.723311550165313477e+01
2.723311550165313477e+01
2.265795210296032636e+01
2.265795210296032636e+01
2.723311550165313477e+01
2.570806103542219745e+01
