1.113636363636363669e+01
2.204545444141734833e+01
7.727272718602960389e+00
3.431818161010742330e+01
5.454545426802202002e+01
4.795454538518732335e+01
3.181818177483298538e+00
3.704545433738014992e+01
2.159090902155096003e+01
7.954545489224520871e+00
2.000000006935813346e+01
3.250000006935812991e+01
4.659090902155095648e+01
1.727272734208540328e+01
1.409090907356955746e+01
3.409090902155095648e+01
1.409090907356955746e+01
5.295454531582919344e+01
1.727272734208540328e+01
3.113636370572177015e+01
1.704545451077547824e+01
3.090909087441184155e+01
2.795454531582918989e+01
2.840909097844903997e+01
2.636363636363636331e+01
3.772727258855645971e+01
2.340909080505371165e+01
1.840909087441184155e+01
1.250000000000000000e+01
3.772727258855645971e+01
1.568181814713911493e+01
2.999999993064186654e+01
9.545454562794079223e+00
1.272727270993319415e+01
5.272727272727272663e+01
4.522727265791459672e+01
4.840909104780717342e+01
3.181818177483298538e+00
4.090909097844904352e+01
3.136363629427822985e+01
2.181818185286088507e+01
3.181818177483298538e+00
2.204545444141734833e+01
4.863636363636363313e+01
2.659090895219282658e+01
2.681818178350275161e+01
9.545454562794079223e+00
1.227272729006680585e+01
2.659090895219282658e+01
1.909090912558815845e+01
1.272727270993319415e+01
3.931818154074928628e+01
1.113636363636363669e+01
3.136363629427822985e+01
2.022727265791459672e+01
2.204545444141734833e+01
3.454545468417080656e+01
4.363636370572177015e+01
2.795454531582918989e+01
4.772727281397039611e+00
2.681818178350275161e+01
3.568181797374378306e+01
3.181818177483298538e+00
1.568181814713911493e+01
6.136363645033402925e+00
1.704545451077547824e+01
9.545454562794079223e+00
3.181818177483298538e+00
4.409090888283469667e+01
4.545454524647105643e+01
1.590909088741649269e+00
4.068181790438565315e+01
1.590909097844904174e+01
9.318181852860885073e+00
6.363636354966597075e+00
2.818181814713911493e+01
2.818181814713911493e+01
2.340909080505371165e+01
1.113636363636363669e+01
1.409090907356955746e+01
2.477272716869007496e+01
1.590909097844904174e+01
2.045454548922452176e+01
2.204545444141734833e+01
2.022727265791459672e+01
2.045454548922452176e+01
2.045454548922452176e+01
2.204545444141734833e+01
2.045454548922452176e+01
2.500000000000000000e+01
1.886363629427822985e+01
2.045454548922452176e+01
2.022727265791459672e+01
2.022727265791459672e+01
2.181818185286088507e+01
1.863636370572177015e+01
2.045454548922452176e+01
2.977272734208540328e+01
2.204545444141734833e+01
2.363636363636363669e+01
2.045454548922452176e+01
2.818181814713911493e+01
2.340909080505371165e+01
1.727272734208540328e+01
1.727272734208540328e+01
2.340909080505371165e+01
2.659090895219282658e+01
1.886363629427822985e+01
2.045454548922452176e+01
2.340909080505371165e+01
2.977272734208540328e+01
1.727272734208540328e+01
2.500000000000000000e+01
1.886363629427822985e+01
2.613636353232643827e+01
2.204545444141734833e+01
2.340909080505371165e+01
2.340909080505371165e+01
2.204545444141734833e+01
2.204545444141734833e+01
2.659090895219282658e+01
2.659090895219282658e+01
2.181818185286088507e+01
2.340909080505371165e+01
2.500000000000000000e+01
2.659090895219282658e+01
2.500000000000000000e+01
2.340909080505371165e+01
2.818181814713911493e+01
2.500000000000000000e+01
2.659090895219282658e+01
2.659090895219282658e+01
2.659090895219282658e+01
2.500000000000000000e+01
2.340909080505371165e+01
2.181818185286088507e+01
2.659090895219282658e+01
2.818181814713911493e+01
2.659090895219282658e+01
2.022727265791459672e+01
2.818181814713911493e+01
2.340909080505371165e+01
2.500000000000000000e+01
2.181818185286088507e+01
2.181818185286088507e+01
2.340909080505371165e+01
2.500000000000000000e+01
2.500000000000000000e+01
2.181818185286088507e+01
2.340909080505371165e+01
2.181818185286088507e+01
2.659090895219282658e+01
2.340909080505371165e+01
2.022727265791459672e+01
2.181818185286088507e+01
2.818181814713911493e+01
2.340909080505371165e+01
2.500000000000000000e+01
2.500000000000000000e+01
2.500000000000000000e+01
2.977272734208540328e+01
2.340909080505371165e+01
2.818181814713911493e+01
2.340909080505371165e+01
2.659090895219282658e+01
2.204545444141734833e+01
2.500000000000000000e+01
2.340909080505371165e+01
2.500000000000000000e+01
2.818181814713911493e+01
1.886363629427822985e+01
2.477272716869007496e+01
2.181818185286088507e+01
1.863636370572177015e+01
2.500000000000000000e+01
2.181818185286088507e+01
2.340909080505371165e+01
2.818181814713911493e+01
2.340909080505371165e+01
2.340909080505371165e+01
2.340909080505371165e+01
2.500000000000000000e+01
2.363636363636363669e+01
2.340909080505371165e+01
2.500000000000000000e+01
2.500000000000000000e+01
2.659090895219282658e+01
2.181818185286088507e+01
2.500000000000000000e+01
2.340909080505371165e+01
2.204545444141734833e+01
2.659090895219282658e+01
2.181818185286088507e+01
2.340909080505371165e+01
2.818181814713911493e+01
2.818181814713911493e+01
2.045454548922452176e+01
2.340909080505371165e+01
2.659090895219282658e+01
2.181818185286088507e+01
