9.099999999999999645e+00
1.009999999999999964e+01
1.009999999999999964e+01
1.019999999999999929e+01
1.009999999999999964e+01
8.559999999999999432e+01
9.979999999999999716e+01
9.940000000000000568e+01
9.940000000000000568e+01
1.000000000000000000e+02
9.970000000000000284e+01
9.959999999999999432e+01
1.000000000000000000e+02
1.000000000000000000e+02
9.940000000000000568e+01
9.979999999999999716e+01
1.000000000000000000e+02
9.970000000000000284e+01
9.970000000000000284e+01
9.970000000000000284e+01
9.970000000000000284e+01
9.970000000000000284e+01
9.979999999999999716e+01
9.990000000000000568e+01
9.979999999999999716e+01
9.979999999999999716e+01
9.979999999999999716e+01
9.970000000000000284e+01
9.970000000000000284e+01
9.970000000000000284e+01
9.970000000000000284e+01
9.970000000000000284e+01
9.970000000000000284e+01
9.970000000000000284e+01
9.970000000000000284e+01
9.970000000000000284e+01
9.970000000000000284e+01
9.970000000000000284e+01
9.970000000000000284e+01
9.970000000000000284e+01
