0.000000000000000000e+00
0.000000000000000000e+00
1.019999999999999929e+01
1.000000000000000000e+01
9.300000000000000711e+00
3.910000000000000142e+01
9.440000000000000568e+01
9.679999999999999716e+01
9.740000000000000568e+01
9.859999999999999432e+01
1.000000000000000000e+02
1.000000000000000000e+02
9.850000000000000000e+01
9.990000000000000568e+01
9.979999999999999716e+01
9.979999999999999716e+01
9.990000000000000568e+01
9.929999999999999716e+01
9.979999999999999716e+01
9.959999999999999432e+01
9.990000000000000568e+01
9.970000000000000284e+01
9.959999999999999432e+01
9.970000000000000284e+01
9.970000000000000284e+01
9.970000000000000284e+01
9.970000000000000284e+01
9.970000000000000284e+01
9.970000000000000284e+01
9.970000000000000284e+01
9.970000000000000284e+01
9.970000000000000284e+01
9.970000000000000284e+01
9.970000000000000284e+01
9.970000000000000284e+01
9.970000000000000284e+01
9.970000000000000284e+01
9.970000000000000284e+01
9.970000000000000284e+01
9.970000000000000284e+01
