0.000000000000000000e+00
0.000000000000000000e+00
1.069999999999999929e+01
1.069999999999999929e+01
1.059999999999999964e+01
1.040000000000000036e+01
1.109999999999999964e+01
1.819999999999999929e+01
2.230000000000000071e+01
3.589999999999999858e+01
4.529999999999999716e+01
6.250000000000000000e+01
6.470000000000000284e+01
7.220000000000000284e+01
7.829999999999999716e+01
7.490000000000000568e+01
8.729999999999999716e+01
9.270000000000000284e+01
9.759999999999999432e+01
9.850000000000000000e+01
9.859999999999999432e+01
9.870000000000000284e+01
9.859999999999999432e+01
9.890000000000000568e+01
9.879999999999999716e+01
9.909999999999999432e+01
9.929999999999999716e+01
9.970000000000000284e+01
9.970000000000000284e+01
9.970000000000000284e+01
9.979999999999999716e+01
9.970000000000000284e+01
9.959999999999999432e+01
9.970000000000000284e+01
9.979999999999999716e+01
9.979999999999999716e+01
9.970000000000000284e+01
9.979999999999999716e+01
9.979999999999999716e+01
9.979999999999999716e+01
