0.000000000000000000e+00
0.000000000000000000e+00
1.059999999999999964e+01
1.040000000000000036e+01
1.009999999999999964e+01
1.180000000000000071e+01
6.279999999999999716e+01
8.359999999999999432e+01
7.750000000000000000e+01
8.009999999999999432e+01
9.250000000000000000e+01
9.700000000000000000e+01
9.800000000000000000e+01
9.540000000000000568e+01
9.909999999999999432e+01
9.929999999999999716e+01
9.940000000000000568e+01
1.000000000000000000e+02
9.970000000000000284e+01
9.979999999999999716e+01
9.979999999999999716e+01
9.979999999999999716e+01
9.979999999999999716e+01
9.959999999999999432e+01
9.950000000000000000e+01
9.979999999999999716e+01
9.979999999999999716e+01
9.979999999999999716e+01
9.970000000000000284e+01
9.970000000000000284e+01
9.979999999999999716e+01
9.979999999999999716e+01
9.970000000000000284e+01
9.970000000000000284e+01
9.979999999999999716e+01
9.979999999999999716e+01
9.979999999999999716e+01
9.979999999999999716e+01
9.979999999999999716e+01
9.979999999999999716e+01
