0.000000000000000000e+00
2.000000000000000111e-01
1.250000000000000000e+01
1.209999999999999964e+01
1.159999999999999964e+01
1.169999999999999929e+01
1.300000000000000000e+01
1.600000000000000000e+01
2.239999999999999858e+01
3.279999999999999716e+01
5.139999999999999858e+01
7.609999999999999432e+01
6.909999999999999432e+01
7.900000000000000000e+01
8.759999999999999432e+01
8.770000000000000284e+01
9.450000000000000000e+01
9.720000000000000284e+01
9.920000000000000284e+01
9.909999999999999432e+01
9.909999999999999432e+01
9.909999999999999432e+01
9.909999999999999432e+01
9.909999999999999432e+01
9.909999999999999432e+01
9.950000000000000000e+01
9.979999999999999716e+01
9.979999999999999716e+01
9.979999999999999716e+01
9.979999999999999716e+01
9.959999999999999432e+01
9.979999999999999716e+01
9.979999999999999716e+01
9.970000000000000284e+01
9.979999999999999716e+01
9.979999999999999716e+01
9.979999999999999716e+01
9.979999999999999716e+01
9.979999999999999716e+01
9.979999999999999716e+01
