0.000000000000000000e+00
0.000000000000000000e+00
1.069999999999999929e+01
1.000000000000000000e+01
1.030000000000000071e+01
1.059999999999999964e+01
1.080000000000000071e+01
1.219999999999999929e+01
1.700000000000000000e+01
2.560000000000000142e+01
3.110000000000000142e+01
4.989999999999999858e+01
5.460000000000000142e+01
6.620000000000000284e+01
7.670000000000000284e+01
8.090000000000000568e+01
8.270000000000000284e+01
9.490000000000000568e+01
9.870000000000000284e+01
9.879999999999999716e+01
9.929999999999999716e+01
9.909999999999999432e+01
9.950000000000000000e+01
9.940000000000000568e+01
9.950000000000000000e+01
9.959999999999999432e+01
9.970000000000000284e+01
9.990000000000000568e+01
9.990000000000000568e+01
9.990000000000000568e+01
9.990000000000000568e+01
9.990000000000000568e+01
9.990000000000000568e+01
9.990000000000000568e+01
9.990000000000000568e+01
9.990000000000000568e+01
9.990000000000000568e+01
9.990000000000000568e+01
9.990000000000000568e+01
9.990000000000000568e+01
