8.423423354690139320e+01
5.270270270270270174e+01
8.738738704372096322e+01
5.743243243243243512e+01
5.765765731399123695e+01
6.216216216216216139e+01
2.612612595429291673e+01
4.504504487321183603e+01
2.657657649065997063e+01
4.662162162162162105e+01
4.211711677345069660e+01
3.761261244077940091e+01
5.157657623291015625e+01
7.972972972972972627e+01
5.000000000000000000e+01
3.918918918918918592e+01
6.396396379213075534e+01
5.472972972972972627e+01
4.527027027027027373e+01
2.342342325159021499e+01
3.603603569236961590e+01
4.369369352186048161e+01
3.085585568402264656e+01
1.846846838255186185e+01
3.738738704372097033e+01
4.054054054054054035e+01
4.054054054054054035e+01
4.549549515182907555e+01
3.738738704372097033e+01
4.054054054054054035e+01
5.135135135135135442e+01
4.527027027027027373e+01
4.054054054054054035e+01
3.288288271104967464e+01
2.815315298131994126e+01
3.288288271104967464e+01
2.500000000000000000e+01
3.581081081081081408e+01
4.527027027027027373e+01
2.500000000000000000e+01
1.869369352186048516e+01
2.319819811228159168e+01
5.315315298131994126e+01
3.400900892309240220e+01
4.684684650318042998e+01
4.211711677345069660e+01
4.054054054054054035e+01
2.657657649065997063e+01
3.738738704372097033e+01
4.527027027027027373e+01
2.162162162162162105e+01
3.581081081081081408e+01
3.581081081081081408e+01
2.319819811228159168e+01
3.423423406240102196e+01
2.792792784201132150e+01
4.842342325159021499e+01
3.265765757174105488e+01
2.635135135135135087e+01
2.950450433267129569e+01
1.689189189189189122e+01
4.054054054054054035e+01
2.162162162162162105e+01
3.423423406240102196e+01
4.189189189189189477e+01
4.211711677345069660e+01
4.031531514348210266e+01
2.927927919336267593e+01
2.319819811228159168e+01
3.265765757174105488e+01
4.031531514348210266e+01
4.369369352186048161e+01
3.873873839507231764e+01
3.873873839507231764e+01
2.319819811228159168e+01
3.265765757174105488e+01
3.243243243243243512e+01
3.423423406240102196e+01
3.423423406240102196e+01
5.000000000000000000e+01
4.054054054054054035e+01
3.108108108108108070e+01
3.243243243243243512e+01
3.108108108108108070e+01
3.243243243243243512e+01
3.400900892309240220e+01
3.265765757174105488e+01
3.265765757174105488e+01
3.108108108108108070e+01
3.108108108108108070e+01
2.792792784201132150e+01
3.265765757174105488e+01
3.108108108108108070e+01
3.265765757174105488e+01
2.950450433267129569e+01
3.265765757174105488e+01
3.108108108108108070e+01
3.108108108108108070e+01
3.108108108108108070e+01
3.108108108108108070e+01
3.108108108108108070e+01
3.108108108108108070e+01
3.265765757174105488e+01
3.265765757174105488e+01
2.950450433267129569e+01
3.108108108108108070e+01
3.265765757174105488e+01
3.108108108108108070e+01
2.792792784201132150e+01
3.581081081081081408e+01
3.265765757174105488e+01
3.265765757174105488e+01
2.792792784201132150e+01
3.265765757174105488e+01
2.950450433267129569e+01
3.265765757174105488e+01
3.108108108108108070e+01
2.792792784201132150e+01
3.423423406240102196e+01
3.108108108108108070e+01
3.108108108108108070e+01
2.950450433267129569e+01
2.950450433267129569e+01
2.792792784201132150e+01
3.265765757174105488e+01
3.108108108108108070e+01
2.635135135135135087e+01
2.950450433267129569e+01
2.950450433267129569e+01
2.792792784201132150e+01
2.950450433267129569e+01
2.950450433267129569e+01
3.108108108108108070e+01
3.108108108108108070e+01
3.108108108108108070e+01
2.950450433267129569e+01
2.950450433267129569e+01
2.950450433267129569e+01
3.108108108108108070e+01
2.477477460294156586e+01
3.108108108108108070e+01
2.792792784201132150e+01
2.950450433267129569e+01
2.792792784201132150e+01
2.950450433267129569e+01
2.950450433267129569e+01
3.108108108108108070e+01
2.792792784201132150e+01
3.108108108108108070e+01
2.635135135135135087e+01
2.950450433267129569e+01
3.108108108108108070e+01
3.108108108108108070e+01
2.635135135135135087e+01
2.950450433267129569e+01
2.792792784201132150e+01
3.108108108108108070e+01
2.950450433267129569e+01
2.635135135135135087e+01
2.950450433267129569e+01
2.635135135135135087e+01
3.108108108108108070e+01
3.108108108108108070e+01
2.635135135135135087e+01
3.108108108108108070e+01
2.950450433267129569e+01
2.950450433267129569e+01
3.108108108108108070e+01
3.108108108108108070e+01
3.423423406240102196e+01
3.108108108108108070e+01
3.108108108108108070e+01
2.950450433267129569e+01
3.108108108108108070e+01
3.108108108108108070e+01
3.108108108108108070e+01
3.108108108108108070e+01
3.108108108108108070e+01
3.108108108108108070e+01
3.108108108108108070e+01
3.108108108108108070e+01
2.792792784201132150e+01
3.108108108108108070e+01
3.108108108108108070e+01
2.950450433267129569e+01
2.792792784201132150e+01
3.108108108108108070e+01
3.108108108108108070e+01
3.108108108108108070e+01
3.108108108108108070e+01
3.108108108108108070e+01
2.950450433267129569e+01
2.950450433267129569e+01
2.950450433267129569e+01
3.108108108108108070e+01
3.108108108108108070e+01
2.950450433267129569e+01
2.950450433267129569e+01
3.108108108108108070e+01
3.108108108108108070e+01
