0.000000000000000000e+00
0.000000000000000000e+00
9.900000000000000355e+00
9.900000000000000355e+00
1.000000000000000000e+01
1.000000000000000000e+01
1.040000000000000036e+01
1.019999999999999929e+01
1.069999999999999929e+01
1.330000000000000071e+01
3.169999999999999929e+01
3.870000000000000284e+01
5.489999999999999858e+01
6.940000000000000568e+01
6.210000000000000142e+01
7.920000000000000284e+01
8.579999999999999716e+01
9.690000000000000568e+01
9.909999999999999432e+01
9.929999999999999716e+01
9.940000000000000568e+01
9.940000000000000568e+01
9.940000000000000568e+01
9.940000000000000568e+01
9.940000000000000568e+01
9.950000000000000000e+01
9.970000000000000284e+01
9.970000000000000284e+01
9.970000000000000284e+01
9.970000000000000284e+01
9.970000000000000284e+01
9.970000000000000284e+01
9.970000000000000284e+01
9.970000000000000284e+01
9.970000000000000284e+01
9.970000000000000284e+01
9.970000000000000284e+01
9.970000000000000284e+01
9.970000000000000284e+01
9.970000000000000284e+01
