0.000000000000000000e+00
0.000000000000000000e+00
1.050000000000000000e+01
1.109999999999999964e+01
1.119999999999999929e+01
1.090000000000000036e+01
1.100000000000000000e+01
1.250000000000000000e+01
1.219999999999999929e+01
1.469999999999999929e+01
3.370000000000000284e+01
4.460000000000000142e+01
4.139999999999999858e+01
7.279999999999999716e+01
7.529999999999999716e+01
7.279999999999999716e+01
8.900000000000000000e+01
9.720000000000000284e+01
9.920000000000000284e+01
9.929999999999999716e+01
9.940000000000000568e+01
9.940000000000000568e+01
9.940000000000000568e+01
9.950000000000000000e+01
9.959999999999999432e+01
9.950000000000000000e+01
9.970000000000000284e+01
9.970000000000000284e+01
9.970000000000000284e+01
9.970000000000000284e+01
9.970000000000000284e+01
9.970000000000000284e+01
9.970000000000000284e+01
9.970000000000000284e+01
9.970000000000000284e+01
9.970000000000000284e+01
9.970000000000000284e+01
9.970000000000000284e+01
9.970000000000000284e+01
9.970000000000000284e+01
