0.000000000000000000e+00
0.000000000000000000e+00
1.040000000000000036e+01
1.109999999999999964e+01
1.109999999999999964e+01
6.520000000000000284e+01
9.990000000000000568e+01
9.900000000000000000e+01
1.000000000000000000e+02
9.990000000000000568e+01
9.970000000000000284e+01
9.990000000000000568e+01
9.970000000000000284e+01
9.990000000000000568e+01
9.979999999999999716e+01
9.990000000000000568e+01
9.979999999999999716e+01
9.990000000000000568e+01
9.990000000000000568e+01
9.990000000000000568e+01
9.990000000000000568e+01
9.990000000000000568e+01
9.990000000000000568e+01
9.990000000000000568e+01
9.990000000000000568e+01
9.990000000000000568e+01
9.990000000000000568e+01
9.990000000000000568e+01
9.990000000000000568e+01
9.990000000000000568e+01
9.990000000000000568e+01
9.990000000000000568e+01
9.990000000000000568e+01
9.990000000000000568e+01
9.990000000000000568e+01
9.990000000000000568e+01
9.990000000000000568e+01
9.990000000000000568e+01
9.990000000000000568e+01
9.990000000000000568e+01
