0.000000000000000000e+00
4.450000000000000000e+01
1.080000000000000071e+01
1.080000000000000071e+01
1.119999999999999929e+01
1.150000000000000000e+01
1.140000000000000036e+01
1.119999999999999929e+01
1.200000000000000000e+01
1.590000000000000036e+01
2.869999999999999929e+01
3.329999999999999716e+01
3.260000000000000142e+01
5.920000000000000284e+01
7.979999999999999716e+01
8.679999999999999716e+01
8.920000000000000284e+01
9.729999999999999716e+01
9.879999999999999716e+01
9.900000000000000000e+01
9.920000000000000284e+01
9.920000000000000284e+01
9.920000000000000284e+01
9.920000000000000284e+01
9.909999999999999432e+01
9.929999999999999716e+01
9.940000000000000568e+01
9.950000000000000000e+01
9.950000000000000000e+01
9.950000000000000000e+01
9.950000000000000000e+01
9.950000000000000000e+01
9.950000000000000000e+01
9.950000000000000000e+01
9.950000000000000000e+01
9.950000000000000000e+01
9.950000000000000000e+01
9.950000000000000000e+01
9.950000000000000000e+01
9.950000000000000000e+01
