1.240000000000000036e+01
1.030000000000000071e+01
1.030000000000000071e+01
1.030000000000000071e+01
1.030000000000000071e+01
1.050000000000000000e+01
9.650000000000000000e+01
9.950000000000000000e+01
9.979999999999999716e+01
9.979999999999999716e+01
9.990000000000000568e+01
1.000000000000000000e+02
9.970000000000000284e+01
1.000000000000000000e+02
9.990000000000000568e+01
9.990000000000000568e+01
9.990000000000000568e+01
9.990000000000000568e+01
9.990000000000000568e+01
9.990000000000000568e+01
9.990000000000000568e+01
9.990000000000000568e+01
9.990000000000000568e+01
9.990000000000000568e+01
9.990000000000000568e+01
9.990000000000000568e+01
9.990000000000000568e+01
1.000000000000000000e+02
9.990000000000000568e+01
9.990000000000000568e+01
9.990000000000000568e+01
9.990000000000000568e+01
9.990000000000000568e+01
9.990000000000000568e+01
9.990000000000000568e+01
9.990000000000000568e+01
9.990000000000000568e+01
9.990000000000000568e+01
9.990000000000000568e+01
9.990000000000000568e+01
