0.000000000000000000e+00
0.000000000000000000e+00
4.599999988555908637e+00
2.119999995422363170e+01
4.799999969482421847e+01
2.739999986267089938e+01
2.019999989318847611e+01
5.859999996948242540e+01
1.599999994277954141e+00
5.859999996948242540e+01
1.999999992370605639e+01
4.939999969482421704e+01
5.719999996948241971e+01
3.219999996948241971e+01
3.219999996948241971e+01
6.200000007629394183e+00
9.199999977111817273e+00
2.719999989318847611e+01
7.600000007629394538e+00
1.359999994659423805e+01
1.539999998474121057e+01
2.119999995422363170e+01
3.699999987792968881e+01
8.799999988555908814e+00
7.600000007629394538e+00
1.499999994659423841e+01
2.259999995422363384e+01
2.239999998474121057e+01
2.939999996948242256e+01
2.279999992370605355e+01
3.379999993896484511e+01
1.219999994659423770e+01
1.199999997711181621e+01
6.399999977111816563e+00
7.399999988555908459e+00
2.459999986267089866e+01
7.600000007629394538e+00
3.379999993896484511e+01
2.419999992370605568e+01
2.279999992370605355e+01
6.399999977111816563e+00
1.979999995422363313e+01
2.139999992370605497e+01
2.459999986267089866e+01
3.819999990844726767e+01
3.359999996948242540e+01
3.839999987792968739e+01
1.180000000762939472e+01
1.240000001525878837e+01
1.559999995422363206e+01
9.000000007629394005e+00
2.159999989318847824e+01
2.399999995422363241e+01
9.399999946594238764e+00
6.399999977111816563e+00
1.999999992370605639e+01
5.739999993896484654e+01
1.359999994659423805e+01
5.999999988555908104e+00
7.600000007629394538e+00
1.040000000762939436e+01
1.539999998474121057e+01
2.459999986267089866e+01
4.599999988555908637e+00
3.379999993896484511e+01
1.539999998474121057e+01
1.219999994659423770e+01
2.459999986267089866e+01
2.480000003051757673e+01
1.520000001525878908e+01
2.939999996948242256e+01
2.279999992370605355e+01
2.999999994277954052e+00
3.219999996948241971e+01
1.040000000762939436e+01
5.999999988555908104e+00
7.600000007629394538e+00
1.380000001525878872e+01
4.339999975585937619e+01
4.779999972534179875e+01
6.200000007629394183e+00
2.939999996948242256e+01
1.839999995422363455e+01
1.839999995422363455e+01
1.359999994659423805e+01
4.919999972534179733e+01
9.199999977111817273e+00
1.380000001525878872e+01
1.380000001525878872e+01
1.819999998474121128e+01
1.999999992370605639e+01
2.919999999999999929e+01
2.159999989318847824e+01
1.380000001525878872e+01
3.999999984741211279e+01
2.299999989318847682e+01
2.139999992370605497e+01
5.999999988555908104e+00
1.839999995422363455e+01
1.999999992370605639e+01
1.359999994659423805e+01
1.819999998474121128e+01
2.299999989318847682e+01
1.999999992370605639e+01
1.059999997711181585e+01
2.599999986267089724e+01
1.959999998474120986e+01
1.679999998474121270e+01
1.660000001525878943e+01
2.299999989318847682e+01
2.620000003051757886e+01
1.660000001525878943e+01
2.459999986267089866e+01
1.839999995422363455e+01
1.999999992370605639e+01
1.539999998474121057e+01
1.859999992370605426e+01
1.359999994659423805e+01
1.699999995422363241e+01
1.999999992370605639e+01
2.319999986267090009e+01
1.699999995422363241e+01
1.839999995422363455e+01
2.159999989318847824e+01
1.999999992370605639e+01
2.159999989318847824e+01
1.839999995422363455e+01
1.359999994659423805e+01
1.359999994659423805e+01
1.839999995422363455e+01
1.359999994659423805e+01
1.520000001525878908e+01
1.359999994659423805e+01
2.159999989318847824e+01
2.159999989318847824e+01
1.999999992370605639e+01
1.380000001525878872e+01
1.359999994659423805e+01
1.520000001525878908e+01
2.159999989318847824e+01
1.679999998474121270e+01
1.679999998474121270e+01
1.359999994659423805e+01
1.660000001525878943e+01
1.839999995422363455e+01
1.839999995422363455e+01
1.839999995422363455e+01
2.159999989318847824e+01
1.679999998474121270e+01
2.159999989318847824e+01
1.839999995422363455e+01
1.679999998474121270e+01
2.319999986267090009e+01
1.520000001525878908e+01
1.359999994659423805e+01
1.539999998474121057e+01
1.539999998474121057e+01
1.679999998474121270e+01
1.999999992370605639e+01
1.380000001525878872e+01
1.219999994659423770e+01
1.539999998474121057e+01
1.699999995422363241e+01
1.539999998474121057e+01
1.539999998474121057e+01
1.839999995422363455e+01
1.539999998474121057e+01
1.679999998474121270e+01
1.679999998474121270e+01
1.839999995422363455e+01
1.679999998474121270e+01
1.679999998474121270e+01
1.679999998474121270e+01
2.159999989318847824e+01
1.699999995422363241e+01
1.539999998474121057e+01
1.539999998474121057e+01
1.839999995422363455e+01
1.679999998474121270e+01
1.539999998474121057e+01
1.699999995422363241e+01
1.699999995422363241e+01
1.839999995422363455e+01
1.679999998474121270e+01
1.539999998474121057e+01
1.999999992370605639e+01
1.859999992370605426e+01
1.539999998474121057e+01
2.319999986267090009e+01
1.699999995422363241e+01
1.999999992370605639e+01
1.999999992370605639e+01
1.999999992370605639e+01
1.699999995422363241e+01
1.539999998474121057e+01
2.159999989318847824e+01
1.999999992370605639e+01
1.539999998474121057e+01
2.319999986267090009e+01
2.159999989318847824e+01
