0.000000000000000000e+00
4.939999969482421704e+01
0.000000000000000000e+00
2.999999994277954052e+00
3.259999990844726625e+01
1.599999994277954141e+00
7.479999963378905647e+01
7.320000006103515489e+01
3.399999990844726483e+01
3.219999996948241971e+01
4.599999988555908637e+00
4.759999975585937193e+01
5.540000003051757460e+01
2.139999992370605497e+01
2.999999994277954052e+00
0.000000000000000000e+00
1.520000001525878908e+01
6.979999975585937477e+01
5.240000006103515773e+01
2.119999995422363170e+01
9.199999977111817273e+00
2.599999986267089724e+01
4.199999975585937761e+01
1.380000001525878872e+01
1.380000001525878872e+01
2.739999986267089938e+01
7.600000007629394538e+00
3.859999984741210710e+01
2.159999989318847824e+01
2.319999986267090009e+01
4.779999972534179875e+01
3.699999987792968881e+01
3.559999987792969023e+01
4.359999972534179591e+01
1.839999995422363455e+01
2.019999989318847611e+01
5.120000003051757886e+01
2.480000003051757673e+01
1.059999997711181585e+01
4.459999978637695506e+01
2.299999989318847682e+01
3.719999984741210852e+01
3.879999981689453392e+01
3.839999987792968739e+01
2.939999996948242256e+01
1.520000001525878908e+01
2.480000003051757673e+01
3.859999984741210710e+01
1.059999997711181585e+01
2.459999986267089866e+01
1.559999995422363206e+01
2.299999989318847682e+01
4.659999969482421989e+01
1.679999998474121270e+01
1.100000001525878979e+01
2.939999996948242256e+01
3.199999988555908281e+00
9.399999946594238764e+00
2.259999995422363384e+01
7.999999946594238409e+00
3.719999984741210852e+01
9.199999977111817273e+00
1.399999999999999911e+00
9.199999977111817273e+00
4.800000007629394716e+00
1.599999994277954141e+00
4.199999975585937761e+01
2.939999996948242256e+01
1.599999994277954141e+00
1.240000001525878837e+01
1.520000001525878908e+01
1.679999998474121270e+01
2.760000003051757744e+01
9.199999977111817273e+00
1.219999994659423770e+01
7.600000007629394538e+00
8.799999988555908814e+00
3.239999993896484654e+01
4.599999988555908637e+00
2.459999986267089866e+01
2.500000000000000000e+01
2.319999986267090009e+01
9.199999977111817273e+00
1.999999992370605639e+01
2.139999992370605497e+01
2.480000003051757673e+01
2.159999989318847824e+01
1.699999995422363241e+01
2.019999989318847611e+01
1.839999995422363455e+01
2.159999989318847824e+01
2.319999986267090009e+01
2.319999986267090009e+01
1.859999992370605426e+01
1.839999995422363455e+01
2.319999986267090009e+01
2.159999989318847824e+01
1.839999995422363455e+01
2.159999989318847824e+01
2.159999989318847824e+01
2.319999986267090009e+01
2.319999986267090009e+01
1.839999995422363455e+01
1.699999995422363241e+01
1.520000001525878908e+01
2.319999986267090009e+01
2.159999989318847824e+01
1.679999998474121270e+01
2.159999989318847824e+01
2.319999986267090009e+01
2.319999986267090009e+01
2.159999989318847824e+01
1.999999992370605639e+01
1.839999995422363455e+01
1.539999998474121057e+01
2.319999986267090009e+01
1.999999992370605639e+01
1.839999995422363455e+01
1.839999995422363455e+01
1.999999992370605639e+01
1.999999992370605639e+01
2.159999989318847824e+01
1.679999998474121270e+01
1.999999992370605639e+01
1.839999995422363455e+01
1.699999995422363241e+01
2.019999989318847611e+01
2.019999989318847611e+01
1.539999998474121057e+01
1.859999992370605426e+01
2.159999989318847824e+01
2.319999986267090009e+01
1.699999995422363241e+01
1.679999998474121270e+01
2.319999986267090009e+01
2.159999989318847824e+01
1.999999992370605639e+01
2.319999986267090009e+01
1.999999992370605639e+01
2.319999986267090009e+01
1.539999998474121057e+01
1.699999995422363241e+01
2.159999989318847824e+01
1.699999995422363241e+01
2.159999989318847824e+01
1.699999995422363241e+01
1.839999995422363455e+01
2.159999989318847824e+01
1.699999995422363241e+01
1.859999992370605426e+01
2.319999986267090009e+01
1.859999992370605426e+01
2.480000003051757673e+01
1.999999992370605639e+01
1.839999995422363455e+01
2.480000003051757673e+01
2.480000003051757673e+01
2.159999989318847824e+01
2.159999989318847824e+01
2.480000003051757673e+01
2.639999999999999858e+01
2.480000003051757673e+01
2.159999989318847824e+01
1.999999992370605639e+01
2.480000003051757673e+01
1.999999992370605639e+01
2.480000003051757673e+01
1.859999992370605426e+01
2.319999986267090009e+01
2.480000003051757673e+01
1.999999992370605639e+01
2.019999989318847611e+01
2.480000003051757673e+01
1.999999992370605639e+01
2.159999989318847824e+01
1.699999995422363241e+01
1.859999992370605426e+01
2.159999989318847824e+01
1.999999992370605639e+01
2.480000003051757673e+01
1.699999995422363241e+01
2.319999986267090009e+01
1.859999992370605426e+01
2.159999989318847824e+01
1.999999992370605639e+01
1.699999995422363241e+01
2.480000003051757673e+01
1.839999995422363455e+01
1.999999992370605639e+01
2.159999989318847824e+01
1.859999992370605426e+01
2.480000003051757673e+01
1.839999995422363455e+01
1.859999992370605426e+01
2.480000003051757673e+01
1.679999998474121270e+01
2.480000003051757673e+01
2.480000003051757673e+01
2.319999986267090009e+01
1.859999992370605426e+01
