0.000000000000000000e+00
4.299999999999999822e+00
8.900000000000000355e+00
9.099999999999999645e+00
9.699999999999999289e+00
9.099999999999999645e+00
1.019999999999999929e+01
1.230000000000000071e+01
1.689999999999999858e+01
2.230000000000000071e+01
5.629999999999999716e+01
4.710000000000000142e+01
5.089999999999999858e+01
6.640000000000000568e+01
8.240000000000000568e+01
7.679999999999999716e+01
8.079999999999999716e+01
9.529999999999999716e+01
9.809999999999999432e+01
9.929999999999999716e+01
9.929999999999999716e+01
9.929999999999999716e+01
9.929999999999999716e+01
9.920000000000000284e+01
9.929999999999999716e+01
9.940000000000000568e+01
9.950000000000000000e+01
9.959999999999999432e+01
9.990000000000000568e+01
9.990000000000000568e+01
1.000000000000000000e+02
9.990000000000000568e+01
9.990000000000000568e+01
9.990000000000000568e+01
9.990000000000000568e+01
9.979999999999999716e+01
9.979999999999999716e+01
9.979999999999999716e+01
9.979999999999999716e+01
9.990000000000000568e+01
