0.000000000000000000e+00
0.000000000000000000e+00
1.030000000000000071e+01
9.599999999999999645e+00
9.099999999999999645e+00
9.400000000000000355e+00
1.480000000000000071e+01
1.309999999999999964e+01
1.219999999999999929e+01
2.430000000000000071e+01
5.129999999999999716e+01
5.400000000000000000e+01
5.329999999999999716e+01
7.750000000000000000e+01
7.820000000000000284e+01
9.420000000000000284e+01
9.109999999999999432e+01
9.620000000000000284e+01
9.820000000000000284e+01
9.929999999999999716e+01
9.929999999999999716e+01
9.929999999999999716e+01
9.929999999999999716e+01
9.920000000000000284e+01
9.940000000000000568e+01
9.929999999999999716e+01
9.940000000000000568e+01
9.970000000000000284e+01
9.970000000000000284e+01
9.970000000000000284e+01
9.959999999999999432e+01
9.959999999999999432e+01
9.959999999999999432e+01
9.959999999999999432e+01
9.959999999999999432e+01
9.959999999999999432e+01
9.959999999999999432e+01
9.959999999999999432e+01
9.959999999999999432e+01
9.959999999999999432e+01
