0.000000000000000000e+00
0.000000000000000000e+00
1.219999999999999929e+01
1.059999999999999964e+01
1.040000000000000036e+01
1.059999999999999964e+01
1.069999999999999929e+01
1.090000000000000036e+01
1.390000000000000036e+01
1.500000000000000000e+01
2.039999999999999858e+01
3.169999999999999929e+01
6.509999999999999432e+01
6.490000000000000568e+01
7.240000000000000568e+01
8.929999999999999716e+01
8.850000000000000000e+01
9.400000000000000000e+01
9.800000000000000000e+01
9.929999999999999716e+01
9.959999999999999432e+01
9.929999999999999716e+01
9.959999999999999432e+01
9.959999999999999432e+01
9.970000000000000284e+01
9.979999999999999716e+01
9.979999999999999716e+01
9.990000000000000568e+01
9.990000000000000568e+01
9.990000000000000568e+01
9.990000000000000568e+01
9.990000000000000568e+01
9.990000000000000568e+01
9.990000000000000568e+01
9.990000000000000568e+01
9.990000000000000568e+01
9.990000000000000568e+01
9.990000000000000568e+01
9.990000000000000568e+01
9.990000000000000568e+01
