0.000000000000000000e+00
0.000000000000000000e+00
9.900000000000000355e+00
1.140000000000000036e+01
1.100000000000000000e+01
1.059999999999999964e+01
2.210000000000000142e+01
3.010000000000000142e+01
6.950000000000000000e+01
7.140000000000000568e+01
8.390000000000000568e+01
8.890000000000000568e+01
9.459999999999999432e+01
9.620000000000000284e+01
9.400000000000000000e+01
9.350000000000000000e+01
9.590000000000000568e+01
9.990000000000000568e+01
9.959999999999999432e+01
9.950000000000000000e+01
9.990000000000000568e+01
9.959999999999999432e+01
9.959999999999999432e+01
9.959999999999999432e+01
9.959999999999999432e+01
9.959999999999999432e+01
9.979999999999999716e+01
9.979999999999999716e+01
9.979999999999999716e+01
9.979999999999999716e+01
9.979999999999999716e+01
9.979999999999999716e+01
9.979999999999999716e+01
9.979999999999999716e+01
9.979999999999999716e+01
9.979999999999999716e+01
9.979999999999999716e+01
9.979999999999999716e+01
9.979999999999999716e+01
9.979999999999999716e+01
