0.000000000000000000e+00
2.039999999999999858e+01
1.000000000000000000e+01
1.009999999999999964e+01
9.500000000000000000e+00
1.009999999999999964e+01
5.139999999999999858e+01
7.759999999999999432e+01
9.040000000000000568e+01
9.550000000000000000e+01
9.220000000000000284e+01
9.620000000000000284e+01
9.809999999999999432e+01
9.859999999999999432e+01
9.329999999999999716e+01
9.959999999999999432e+01
9.920000000000000284e+01
9.979999999999999716e+01
9.990000000000000568e+01
9.970000000000000284e+01
9.979999999999999716e+01
9.959999999999999432e+01
9.970000000000000284e+01
9.979999999999999716e+01
9.979999999999999716e+01
9.990000000000000568e+01
9.979999999999999716e+01
9.990000000000000568e+01
9.979999999999999716e+01
9.979999999999999716e+01
9.979999999999999716e+01
9.979999999999999716e+01
9.979999999999999716e+01
9.979999999999999716e+01
9.979999999999999716e+01
9.979999999999999716e+01
9.979999999999999716e+01
9.979999999999999716e+01
9.979999999999999716e+01
9.979999999999999716e+01
