0.000000000000000000e+00
8.099999999999999645e+00
1.100000000000000000e+01
1.030000000000000071e+01
1.050000000000000000e+01
1.040000000000000036e+01
1.200000000000000000e+01
1.290000000000000036e+01
3.050000000000000000e+01
3.180000000000000071e+01
4.079999999999999716e+01
7.140000000000000568e+01
6.729999999999999716e+01
7.900000000000000000e+01
8.540000000000000568e+01
9.020000000000000284e+01
9.150000000000000000e+01
9.920000000000000284e+01
9.940000000000000568e+01
9.950000000000000000e+01
9.959999999999999432e+01
9.959999999999999432e+01
9.950000000000000000e+01
9.950000000000000000e+01
9.950000000000000000e+01
9.970000000000000284e+01
1.000000000000000000e+02
1.000000000000000000e+02
1.000000000000000000e+02
9.990000000000000568e+01
9.990000000000000568e+01
9.990000000000000568e+01
9.990000000000000568e+01
9.990000000000000568e+01
9.990000000000000568e+01
9.990000000000000568e+01
9.990000000000000568e+01
9.990000000000000568e+01
9.990000000000000568e+01
9.990000000000000568e+01
