0.000000000000000000e+00
9.699999999999999289e+00
1.100000000000000000e+01
1.090000000000000036e+01
1.030000000000000071e+01
1.040000000000000036e+01
1.050000000000000000e+01
1.240000000000000036e+01
1.409999999999999964e+01
2.310000000000000142e+01
3.700000000000000000e+01
4.689999999999999858e+01
7.240000000000000568e+01
7.409999999999999432e+01
8.079999999999999716e+01
8.470000000000000284e+01
9.250000000000000000e+01
9.759999999999999432e+01
9.840000000000000568e+01
9.859999999999999432e+01
9.879999999999999716e+01
9.900000000000000000e+01
9.890000000000000568e+01
9.900000000000000000e+01
9.900000000000000000e+01
9.909999999999999432e+01
9.940000000000000568e+01
9.940000000000000568e+01
9.950000000000000000e+01
9.950000000000000000e+01
9.950000000000000000e+01
9.950000000000000000e+01
9.950000000000000000e+01
9.950000000000000000e+01
9.950000000000000000e+01
9.950000000000000000e+01
9.950000000000000000e+01
9.950000000000000000e+01
9.950000000000000000e+01
9.950000000000000000e+01
