2.799999999999999822e+00
0.000000000000000000e+00
0.000000000000000000e+00
6.700000006103515204e+01
5.999999942779541406e-01
2.000000000000000111e-01
4.000000000000000222e-01
2.719999986267090009e+01
1.119999998474121128e+01
3.999999942779540740e-01
1.859999992370605426e+01
0.000000000000000000e+00
6.599999977111816740e+00
2.199999988555908281e+00
2.199999988555908281e+00
9.599999946594238054e+00
6.799999977111816030e+00
1.979999992370605355e+01
1.800000000000000044e+00
1.620000003051757886e+01
4.359999984741210710e+01
1.779999995422363313e+01
1.999999994277954052e+00
2.019999992370605568e+01
1.499999995422363241e+01
9.599999977111815852e+00
6.399999946594237876e+00
1.999999994277954052e+00
6.800000007629394716e+00
1.079999995422363313e+01
1.340000001525878837e+01
1.799999994277954096e+00
2.799999994277954318e+00
6.799999946594238232e+00
4.399999988555908459e+00
8.199999988555907393e+00
6.199999994277954229e+00
3.199999988555908281e+00
9.799999988555908814e+00
1.679999989318847753e+01
3.199999993896484440e+01
2.579999992370605355e+01
3.800000007629394716e+00
3.799999994277954318e+00
3.399999988555908015e+00
4.400000007629394361e+00
1.080000001525878872e+01
7.399999977111816563e+00
2.599999988555908192e+00
5.000000007629394894e+00
1.440000001525878837e+01
7.600000015258789432e+00
9.199999923706053906e+00
2.419999996948242327e+01
1.099999998474121021e+01
4.400000007629394361e+00
8.799999977111816918e+00
4.999999988555908104e+00
7.799999988555907926e+00
7.000000007629394894e+00
9.999999977111816207e+00
1.319999998474121128e+01
6.799999994277953874e+00
5.600000007629394538e+00
6.400000007629394361e+00
8.399999977111816563e+00
1.179999994659423912e+01
1.799999988555908148e+00
6.400000007629394361e+00
8.199999946594237699e+00
1.499999992370605462e+01
2.040000001525879014e+01
1.599999988555908192e+00
4.999999946594238409e+00
8.199999988555907393e+00
7.399999977111816563e+00
5.279999978637695079e+01
3.799999999999999822e+00
8.800000007629394716e+00
8.599999946594238054e+00
1.019999997711181727e+01
7.999999893188476818e+00
9.399999946594238764e+00
9.199999954223633480e+00
9.999999988555908104e+00
8.599999946594238054e+00
8.800000007629394716e+00
1.079999998474121092e+01
1.020000000762939507e+01
9.599999977111815852e+00
9.799999988555908814e+00
9.000000015258789787e+00
9.000000015258789787e+00
9.200000007629395071e+00
8.199999988555907393e+00
9.999999946594238409e+00
1.019999998855590739e+01
1.179999995422363313e+01
8.800000015258788721e+00
1.159999989318847646e+01
1.140000001525878837e+01
1.159999997711181585e+01
8.799999946594239120e+00
9.000000015258789787e+00
1.039999997711181656e+01
9.399999994277953519e+00
1.080000001525878872e+01
8.999999984741210213e+00
1.039999994659423876e+01
9.799999954223633125e+00
1.079999997711181692e+01
1.059999995422363206e+01
9.199999994277954229e+00
1.059999997711181585e+01
1.099999997711181621e+01
1.059999995422363206e+01
1.000000000762939401e+01
1.199999998474121021e+01
1.159999999999999964e+01
1.120000000762939507e+01
1.120000001525878908e+01
1.200000000762939401e+01
1.160000001525878943e+01
1.399999992370605462e+01
1.360000001525878943e+01
1.419999994659423770e+01
1.360000000762939365e+01
1.399999998474121021e+01
1.599999992370605462e+01
1.479999998474121092e+01
1.499999989318847682e+01
1.539999992370605497e+01
1.559999986267089866e+01
1.539999998474121057e+01
1.459999994659423805e+01
1.660000000762939365e+01
1.699999992370605639e+01
1.619999989318847611e+01
1.759999989318847824e+01
1.719999989318847611e+01
1.739999992370605497e+01
2.000000001525878801e+01
1.659999989318847824e+01
1.500000000000000000e+01
1.580000001525878872e+01
1.739999990844726696e+01
1.839999995422363455e+01
1.839999998474121057e+01
1.759999995422363384e+01
1.779999996948242114e+01
1.879999990844726554e+01
1.799999989318847682e+01
1.799999989318847682e+01
1.899999995422363241e+01
1.899999986267089724e+01
2.059999986267089866e+01
2.060000003051757744e+01
1.979999996948242114e+01
1.959999986267089866e+01
1.779999986267089795e+01
1.899999986267089724e+01
1.979999995422363313e+01
2.000000000000000000e+01
1.999999995422363241e+01
2.040000003051757815e+01
2.099999997711181621e+01
2.099999989318847682e+01
1.999999986267089724e+01
2.079999995422363313e+01
2.140000003051757815e+01
1.940000001525879014e+01
2.179999992370605355e+01
2.019999995422363170e+01
2.119999986267090009e+01
2.359999996948242185e+01
2.139999999999999858e+01
2.359999995422363384e+01
2.159999989318847824e+01
2.219999999999999929e+01
2.179999989318847753e+01
2.260000003051757744e+01
2.039999989318847540e+01
2.319999996948242327e+01
2.200000000000000000e+01
2.319999995422363170e+01
2.319999993896484369e+01
2.359999996948242185e+01
1.980000003051757673e+01
2.399999990844726483e+01
2.500000000000000000e+01
2.079999992370605355e+01
2.480000000000000071e+01
2.299999987792968881e+01
2.259999992370605426e+01
2.519999996948242327e+01
2.419999993896484369e+01
2.539999984741210781e+01
2.439999992370605497e+01
2.519999986267090009e+01
2.059999998474120986e+01
2.200000003051757957e+01
2.660000000000000142e+01
2.300000003051757957e+01
2.639999995422363455e+01
2.399999996948242043e+01
2.439999990844726696e+01
2.519999984741210852e+01
2.360000001525878943e+01
2.419999986267090009e+01
2.439999986267089938e+01
2.739999996948242256e+01
2.259999989318847824e+01
2.459999990844726625e+01
2.759999996948242185e+01
2.500000003051757957e+01
2.700000003051757957e+01
2.519999995422363170e+01
2.699999981689452966e+01
2.519999986267090009e+01
2.459999996948242185e+01
2.499999996948242043e+01
2.599999986267089724e+01
2.559999990844726625e+01
2.899999993896484440e+01
2.899999990844726483e+01
2.880000000000000071e+01
2.739999986267089938e+01
2.699999986267089724e+01
2.899999984741210923e+01
2.959999996948242185e+01
2.639999990844726696e+01
2.660000000000000142e+01
2.660000003051757744e+01
2.679999993896484511e+01
2.659999990844726625e+01
2.700000000000000000e+01
2.859999984741211065e+01
2.919999990844726412e+01
2.839999989318847540e+01
2.879999981689453037e+01
3.059999990844726625e+01
2.879999996948242114e+01
2.759999986267089866e+01
2.919999993896484369e+01
2.819999999999999929e+01
2.799999986267089724e+01
2.940000003051757815e+01
2.939999996948242256e+01
2.719999981689453250e+01
3.079999990844726554e+01
2.880000000000000071e+01
2.939999987792968739e+01
2.859999987792968668e+01
2.759999990844726625e+01
3.139999975585937619e+01
2.680000000000000071e+01
3.119999978637695293e+01
2.939999999999999858e+01
2.600000000000000000e+01
2.579999990844726554e+01
2.879999981689453037e+01
2.919999986267090009e+01
3.119999999999999929e+01
3.259999990844726625e+01
2.399999996948242043e+01
2.999999990844726483e+01
3.139999996948242256e+01
3.039999987792968739e+01
3.039999990844726696e+01
2.699999996948242043e+01
3.059999990844726625e+01
2.919999984741210852e+01
2.980000003051757673e+01
3.019999978637695293e+01
2.899999993896484440e+01
2.839999993896484298e+01
3.019999993896484369e+01
3.019999990844726412e+01
3.060000003051757744e+01
3.039999987792968739e+01
3.119999987792968810e+01
2.759999992370605426e+01
3.079999981689453037e+01
3.079999981689453037e+01
3.139999987792968739e+01
3.039999996948242256e+01
2.699999996948242043e+01
3.439999990844726341e+01
3.059999998474120986e+01
3.179999989318847753e+01
2.839999999999999858e+01
3.239999981689452824e+01
3.199999975585937406e+01
3.339999987792968739e+01
2.959999996948242185e+01
3.179999996948242114e+01
3.199999984741210923e+01
3.120000003051757886e+01
3.379999981689453392e+01
3.099999993896484440e+01
3.319999987792968454e+01
3.239999999999999858e+01
2.839999987792968739e+01
3.319999984741210852e+01
3.079999996948242114e+01
3.079999990844726554e+01
3.219999984741210852e+01
3.179999987792968597e+01
3.099999978637695364e+01
3.319999975585937335e+01
3.279999984741210994e+01
3.060000000000000142e+01
3.319999981689453250e+01
3.219999972534179733e+01
3.259999975585937193e+01
3.219999987792968454e+01
3.299999993896484085e+01
3.359999990844726625e+01
3.319999969482422131e+01
3.099999989318847682e+01
3.239999987792968739e+01
3.239999981689452824e+01
3.199999987792968881e+01
3.359999993896484227e+01
3.399999996948242398e+01
3.279999987792968597e+01
3.399999981689452966e+01
3.079999987792968597e+01
3.239999996948242256e+01
3.519999978637695648e+01
3.419999981689453250e+01
3.219999992370605213e+01
3.459999978637695506e+01
3.239999990844726341e+01
3.339999987792968739e+01
3.219999990844726767e+01
3.539999993896484654e+01
3.479999981689453392e+01
3.379999981689453392e+01
3.299999990844726483e+01
3.319999990844726767e+01
3.479999984741210994e+01
3.679999993896484511e+01
3.399999987792968881e+01
3.139999984741210781e+01
3.379999978637695079e+01
3.279999981689453392e+01
3.539999969482421704e+01
3.419999969482422131e+01
3.599999981689452966e+01
3.379999969482421562e+01
3.320000003051757886e+01
3.379999978637695079e+01
3.499999987792968881e+01
3.279999996948242114e+01
3.299999975585937761e+01
3.539999986267089582e+01
3.359999972534179591e+01
3.439999999999999858e+01
3.459999978637695506e+01
3.420000000000000284e+01
3.519999990844726767e+01
3.259999984741210710e+01
3.479999978637695079e+01
3.619999975585937335e+01
3.159999990844726625e+01
3.599999990844726483e+01
3.439999975585937619e+01
3.499999993896484085e+01
3.579999999999999716e+01
3.599999972534179449e+01
3.119999981689453250e+01
3.360000000000000142e+01
3.599999969482421847e+01
3.440000006103515773e+01
3.719999972534179733e+01
3.379999972534179875e+01
3.459999993896484227e+01
3.479999972534179875e+01
3.579999990844726909e+01
3.679999969482421562e+01
3.659999978637695506e+01
3.479999984741210994e+01
3.479999986267090151e+01
3.339999975585937619e+01
3.760000000000000142e+01
3.559999978637695506e+01
3.679999990844726909e+01
3.660000000000000142e+01
3.499999978637695364e+01
3.799999981689452966e+01
3.759999975585937193e+01
3.859999975585937193e+01
3.499999984741211279e+01
3.839999990844726341e+01
3.319999981689453250e+01
3.939999978637695222e+01
3.839999978637695222e+01
3.799999972534179449e+01
3.779999990844726909e+01
3.839999975585937619e+01
3.839999984741211136e+01
3.579999972534179875e+01
3.739999984741211136e+01
3.539999969482421704e+01
3.799999993896484085e+01
3.999999975585937761e+01
3.499999978637695364e+01
3.659999987792969023e+01
3.739999990844726341e+01
3.699999990844726483e+01
3.660000003051757744e+01
3.739999984741211136e+01
3.879999978637695079e+01
3.499999981689452966e+01
3.919999996948241971e+01
3.679999984741210994e+01
3.679999975585937477e+01
3.799999975585937761e+01
3.639999984741211136e+01
3.439999984741211136e+01
3.419999996948241971e+01
3.799999978637695364e+01
3.859999984741210710e+01
3.979999990844726909e+01
3.879999975585937477e+01
3.839999981689452824e+01
3.739999987792968739e+01
3.399999981689452966e+01
3.779999984741210994e+01
3.779999978637695079e+01
3.859999987792969023e+01
3.679999981689453392e+01
3.959999993896484227e+01
4.019999984741210852e+01
3.879999969482421562e+01
3.959999969482421989e+01
3.999999984741211279e+01
3.779999969482421562e+01
3.959999984741210710e+01
3.699999990844726483e+01
3.959999975585937193e+01
3.679999984741210994e+01
3.819999969482422131e+01
3.779999984741210994e+01
3.999999969482421847e+01
3.799999978637695364e+01
3.799999972534179449e+01
3.939999987792968739e+01
3.999999975585937761e+01
3.919999987792968454e+01
3.939999996948242256e+01
4.040000006103515773e+01
4.019999993896484369e+01
4.039999996948242256e+01
3.440000003051757460e+01
3.900000006103515915e+01
3.800000003051757602e+01
3.899999984741211279e+01
3.979999981689453392e+01
3.499999990844726483e+01
3.859999969482421989e+01
3.859999972534179591e+01
3.980000003051758029e+01
4.099999984741211279e+01
4.159999972534179591e+01
4.019999978637695648e+01
3.700000003051757602e+01
4.200000006103515915e+01
3.839999984741211136e+01
3.819999987792968454e+01
4.119999972534179733e+01
3.619999978637695648e+01
3.819999993896484369e+01
4.099999978637695364e+01
3.879999990844726909e+01
3.979999972534179875e+01
3.980000006103515631e+01
4.280000006103515631e+01
3.979999981689453392e+01
3.899999984741211279e+01
4.060000006103515346e+01
4.060000003051757744e+01
3.979999996948242114e+01
3.919999987792968454e+01
4.159999969482421989e+01
3.979999984741210994e+01
3.559999990844726625e+01
3.859999978637695506e+01
3.740000006103515773e+01
3.919999993896484369e+01
3.980000006103515631e+01
3.899999978637695364e+01
4.099999981689452966e+01
3.939999975585937619e+01
3.959999978637695506e+01
3.939999975585937619e+01
4.019999984741210852e+01
3.859999981689453108e+01
4.059999984741210710e+01
