0.000000000000000000e+00
7.059999951171874955e+01
1.379999995422363313e+01
3.999999942779540740e-01
1.000000000000000000e+00
4.799999988555907926e+00
4.000000000000000222e-01
1.399999994277954185e+00
2.000000000000000111e-01
4.199999994277954229e+00
5.999999999999999778e-01
1.379999994659423912e+01
8.200000007629395071e+00
4.000000000000000222e-01
1.299999994659423841e+01
8.799999984741210923e+00
0.000000000000000000e+00
2.160000003051757744e+01
1.840000003051757815e+01
2.999999977111816207e+00
3.799999988555908370e+00
9.799999977111816918e+00
5.999999999999999778e-01
1.799999988555908148e+00
1.999999994277954052e+00
7.000000007629394894e+00
1.960000001525878943e+01
4.600000007629394538e+00
2.499999990844726483e+01
5.799999988555907926e+00
8.200000007629395071e+00
4.800000007629394716e+00
3.199999946594238143e+00
3.799999946594238232e+00
5.799999988555907926e+00
2.119999989318847611e+01
3.100000003051757957e+01
5.199999988555908281e+00
1.439999998474121057e+01
6.399999977111816563e+00
8.800000015258788721e+00
1.799999994277954096e+00
5.339999978637695222e+01
4.399999994277954407e+00
3.399999975585937761e+01
4.799999999999999822e+00
1.899999992370605639e+01
2.099999989318847682e+01
9.399999984741210568e+00
8.599999977111815852e+00
4.600000006103515915e+01
7.199999946594238587e+00
1.539999992370605497e+01
4.600000007629394538e+00
8.800000015258788721e+00
1.299999995422363241e+01
1.199999995422363241e+01
3.600000007629394538e+00
4.399999994277954407e+00
1.120000001525878908e+01
3.420000000000000284e+01
1.260000001525878943e+01
3.199999988555908281e+00
1.039999994659423876e+01
1.799999997711181621e+01
1.099999995422363241e+01
8.999999988555908104e+00
1.000000000000000000e+00
1.360000001525878943e+01
7.399999988555908459e+00
7.599999977111816740e+00
9.399999954223632770e+00
1.379999994659423912e+01
2.000000000000000000e+00
3.199999988555908281e+00
1.519999998474121128e+01
7.799999977111816030e+00
3.679999984741210994e+01
1.020000001525878908e+01
7.200000015258789077e+00
1.779999986267089795e+01
6.399999994277954407e+00
8.799999988555908814e+00
9.199999994277954229e+00
9.999999984741210213e+00
9.599999946594238054e+00
7.999999977111816207e+00
9.199999977111817273e+00
8.800000015258788721e+00
9.600000015258789432e+00
1.059999994659423805e+01
8.600000007629393650e+00
8.999999946594238409e+00
9.599999984741211634e+00
8.400000007629394361e+00
1.060000001525878943e+01
8.199999984741211279e+00
8.799999946594239120e+00
9.399999954223632770e+00
8.799999954223633125e+00
9.000000007629394005e+00
1.020000000762939507e+01
8.199999988555907393e+00
9.200000015258789077e+00
9.599999994277954585e+00
1.059999994659423805e+01
1.039999998855590846e+01
1.119999997711181727e+01
1.059999994659423805e+01
8.799999954223633125e+00
9.999999988555908104e+00
9.800000007629394716e+00
1.019999986267089831e+01
1.040000000762939436e+01
1.080000001525878872e+01
9.600000015258789432e+00
1.059999998474121163e+01
1.000000001525878979e+01
1.020000001525878908e+01
9.000000015258789787e+00
9.399999977111816563e+00
1.180000000762939472e+01
1.019999995422363348e+01
1.139999992370605497e+01
1.000000001525878979e+01
1.139999995422363277e+01
1.159999998474121163e+01
1.260000001525878943e+01
1.359999989318847646e+01
1.339999992370605497e+01
1.499999998474121021e+01
1.559999986267089866e+01
1.539999998474121057e+01
1.500000001525878979e+01
1.459999986267089866e+01
1.619999995422363170e+01
1.659999994659423805e+01
1.539999997711181656e+01
1.480000001525878872e+01
1.439999998474121057e+01
1.760000003051757744e+01
1.659999989318847824e+01
1.559999995422363206e+01
1.819999989318847611e+01
1.559999992370605426e+01
1.760000001525878943e+01
1.679999989318847753e+01
1.699999996948242043e+01
1.720000003051757886e+01
1.899999998474121199e+01
1.779999989318847753e+01
1.779999994659423734e+01
1.839999995422363455e+01
1.880000003051757673e+01
1.760000003051757744e+01
1.939999998474121057e+01
1.799999992370605639e+01
1.999999986267089724e+01
1.939999995422363455e+01
1.719999995422363170e+01
2.039999993896484298e+01
1.879999992370605355e+01
2.100000003051757957e+01
1.879999997711181692e+01
2.159999995422363384e+01
2.159999989318847824e+01
1.999999992370605639e+01
1.959999998474120986e+01
1.979999992370605355e+01
2.020000001525878730e+01
2.159999989318847824e+01
2.100000001525878801e+01
2.019999986267090009e+01
2.179999992370605355e+01
2.280000001525878872e+01
2.259999996948242185e+01
1.819999995422363170e+01
2.299999989318847682e+01
2.119999998474121128e+01
2.099999992370605639e+01
2.099999996948242043e+01
2.119999986267090009e+01
2.419999990844726412e+01
2.359999995422363384e+01
2.419999995422363170e+01
2.119999989318847611e+01
2.360000000000000142e+01
2.399999998474121199e+01
2.339999995422363455e+01
2.519999990844726412e+01
2.220000003051757886e+01
2.380000003051757673e+01
2.199999992370605639e+01
2.419999992370605568e+01
2.140000003051757815e+01
2.019999989318847611e+01
2.560000003051757744e+01
2.399999989318847682e+01
2.159999992370605426e+01
2.419999990844726412e+01
2.419999989318847611e+01
2.560000003051757744e+01
2.660000000000000142e+01
2.419999995422363170e+01
2.580000000000000071e+01
2.460000000000000142e+01
2.839999986267089938e+01
2.500000003051757957e+01
2.539999999999999858e+01
2.759999993896484227e+01
2.560000000000000142e+01
2.739999996948242256e+01
2.879999978637695435e+01
2.739999984741210781e+01
2.839999993896484298e+01
2.699999990844726483e+01
2.660000000000000142e+01
2.539999989318847540e+01
2.540000003051757815e+01
2.899999993896484440e+01
2.779999986267089795e+01
2.659999993896484227e+01
2.759999989318847824e+01
2.799999987792968881e+01
2.679999987792968597e+01
2.939999986267089938e+01
2.779999986267089795e+01
2.900000003051757957e+01
2.599999986267089724e+01
3.099999987792968881e+01
2.759999987792968668e+01
2.799999987792968881e+01
2.880000000000000071e+01
2.939999978637695222e+01
2.939999996948242256e+01
2.719999992370605568e+01
3.119999993896484369e+01
2.660000003051757744e+01
2.739999990844726696e+01
3.000000006103515560e+01
3.039999993896484298e+01
2.579999993896484511e+01
2.839999989318847540e+01
2.940000003051757815e+01
2.579999990844726554e+01
3.099999990844726483e+01
2.779999978637695435e+01
2.959999993896484227e+01
3.019999984741210852e+01
3.019999984741210852e+01
3.119999986267090009e+01
3.119999984741210852e+01
3.039999981689453179e+01
2.959999990844726625e+01
2.960000003051757744e+01
2.899999993896484440e+01
3.219999972534179733e+01
2.859999993896484227e+01
3.059999978637695150e+01
3.099999990844726483e+01
3.079999984741210994e+01
3.100000003051757957e+01
3.119999984741210852e+01
3.139999990844726696e+01
3.099999978637695364e+01
3.019999992370605568e+01
3.279999999999999716e+01
3.080000000000000071e+01
3.139999981689453179e+01
3.119999990844726412e+01
3.180000003051757673e+01
3.079999984741210994e+01
2.999999993896484440e+01
3.239999987792968739e+01
2.999999990844726483e+01
3.079999990844726554e+01
3.119999990844726412e+01
3.339999978637695222e+01
3.479999984741210994e+01
3.220000000000000284e+01
2.959999972534179591e+01
2.919999981689453250e+01
3.259999975585937193e+01
3.399999984741211279e+01
3.379999981689453392e+01
3.139999984741210781e+01
3.359999987792969023e+01
3.339999978637695222e+01
3.359999990844726625e+01
3.339999978637695222e+01
2.999999984741210923e+01
3.139999993896484298e+01
3.299999981689452966e+01
3.159999978637695150e+01
3.079999978637695435e+01
3.219999981689453250e+01
3.119999993896484369e+01
3.079999990844726554e+01
3.159999996948242185e+01
3.179999975585937477e+01
3.679999993896484511e+01
3.239999993896484654e+01
3.039999987792968739e+01
3.379999993896484511e+01
3.159999993896484227e+01
3.439999987792968739e+01
3.519999987792968454e+01
3.319999978637695648e+01
3.339999972534180017e+01
3.299999984741211279e+01
3.460000003051757744e+01
3.299999984741211279e+01
3.519999984741210852e+01
3.219999996948241971e+01
3.459999981689453108e+01
3.179999993896484511e+01
3.479999975585937477e+01
3.019999999999999929e+01
3.419999996948241971e+01
3.419999987792968454e+01
3.399999984741211279e+01
3.679999990844726909e+01
3.479999993896484511e+01
3.779999981689453392e+01
3.639999975585937619e+01
3.299999993896484085e+01
3.359999993896484227e+01
3.159999996948242185e+01
3.479999987792968597e+01
3.679999987792968597e+01
3.499999984741211279e+01
3.599999975585937761e+01
3.459999975585937193e+01
3.359999984741210710e+01
3.619999993896484369e+01
3.559999987792969023e+01
3.619999972534179733e+01
3.540000006103515773e+01
3.299999990844726483e+01
3.539999972534180017e+01
3.619999969482422131e+01
3.539999990844726341e+01
3.699999984741211279e+01
3.819999978637695648e+01
3.499999987792968881e+01
3.679999978637695079e+01
3.639999987792968739e+01
3.259999987792969023e+01
3.400000000000000000e+01
3.479999975585937477e+01
3.679999975585937477e+01
3.719999981689453250e+01
3.459999981689453108e+01
3.399999975585937761e+01
3.499999981689452966e+01
3.619999981689453250e+01
3.659999978637695506e+01
3.619999993896484369e+01
3.599999975585937761e+01
3.759999993896484227e+01
3.819999984741210852e+01
3.639999990844726341e+01
3.639999993896484654e+01
3.679999990844726909e+01
3.739999972534180017e+01
3.739999978637695222e+01
3.139999999999999858e+01
3.799999990844726483e+01
3.459999981689453108e+01
3.660000006103515346e+01
3.679999972534179875e+01
3.759999978637695506e+01
3.779999987792968597e+01
3.819999975585937335e+01
3.819999981689453250e+01
3.559999975585937193e+01
3.879999981689453392e+01
3.599999987792968881e+01
3.739999975585937619e+01
3.939999999999999858e+01
3.699999972534179449e+01
3.840000006103515773e+01
3.899999981689452966e+01
3.819999987792968454e+01
3.619999981689453250e+01
3.759999969482421989e+01
3.859999987792969023e+01
3.619999975585937335e+01
3.739999987792968739e+01
3.859999987792969023e+01
3.539999981689452824e+01
3.739999975585937619e+01
3.959999975585937193e+01
3.739999987792968739e+01
3.719999987792968454e+01
3.979999978637695079e+01
3.959999987792969023e+01
3.819999969482422131e+01
3.879999969482421562e+01
3.579999972534179875e+01
3.919999984741210852e+01
3.819999990844726767e+01
3.639999978637695222e+01
3.379999990844726909e+01
3.879999978637695079e+01
4.019999984741210852e+01
3.819999975585937335e+01
3.919999975585937335e+01
3.739999975585937619e+01
3.559999990844726625e+01
3.959999981689453108e+01
3.980000006103515631e+01
3.739999996948242256e+01
3.899999993896484085e+01
4.000000000000000000e+01
4.199999978637695364e+01
3.859999972534179591e+01
3.839999984741211136e+01
3.699999978637695364e+01
3.759999975585937193e+01
3.879999993896484511e+01
3.939999969482421704e+01
3.920000006103515489e+01
3.879999972534179875e+01
3.939999984741211136e+01
3.999999969482421847e+01
3.719999972534179733e+01
4.159999996948242540e+01
3.959999984741210710e+01
3.959999981689453108e+01
3.900000000000000000e+01
3.999999972534179449e+01
3.839999999999999858e+01
4.319999969482422131e+01
4.019999969482422131e+01
4.219999969482422131e+01
3.939999987792968739e+01
3.899999993896484085e+01
3.920000006103515489e+01
3.939999969482421704e+01
4.219999978637695648e+01
3.979999972534179875e+01
3.879999984741210994e+01
4.059999969482421989e+01
4.000000000000000000e+01
3.939999972534180017e+01
4.200000000000000000e+01
4.199999969482421847e+01
3.759999972534179591e+01
4.000000003051757602e+01
3.720000000000000284e+01
3.679999987792968597e+01
4.059999981689453108e+01
4.200000006103515915e+01
3.719999981689453250e+01
4.099999984741211279e+01
3.779999969482421562e+01
4.079999975585937477e+01
4.260000003051757744e+01
4.099999972534179449e+01
4.219999975585937335e+01
4.020000006103515489e+01
3.819999972534179733e+01
3.959999975585937193e+01
4.139999987792968739e+01
4.060000000000000142e+01
3.899999978637695364e+01
3.959999987792969023e+01
4.160000006103515346e+01
3.859999978637695506e+01
4.219999993896484369e+01
4.179999990844726909e+01
4.299999969482421847e+01
3.979999987792968597e+01
4.299999972534179449e+01
4.340000003051757460e+01
4.219999978637695648e+01
4.159999981689453108e+01
4.039999984741211136e+01
4.180000003051758029e+01
4.099999984741211279e+01
4.219999975585937335e+01
3.879999990844726909e+01
3.919999975585937335e+01
4.119999972534179733e+01
4.239999984741211136e+01
4.079999984741210994e+01
4.140000006103515773e+01
4.360000000000000142e+01
4.220000000000000284e+01
4.200000003051757602e+01
4.179999975585937477e+01
4.219999978637695648e+01
4.239999987792968739e+01
4.059999972534179591e+01
4.259999978637695506e+01
4.300000006103515915e+01
4.199999984741211279e+01
4.259999987792969023e+01
4.399999984741211279e+01
