0.000000000000000000e+00
1.669999999999999929e+01
1.140000000000000036e+01
1.109999999999999964e+01
1.080000000000000071e+01
1.190000000000000036e+01
1.290000000000000036e+01
1.950000000000000000e+01
2.269999999999999929e+01
2.519999999999999929e+01
4.929999999999999716e+01
5.779999999999999716e+01
7.470000000000000284e+01
8.190000000000000568e+01
8.940000000000000568e+01
9.479999999999999716e+01
9.550000000000000000e+01
9.850000000000000000e+01
9.920000000000000284e+01
9.950000000000000000e+01
9.959999999999999432e+01
9.940000000000000568e+01
9.940000000000000568e+01
9.950000000000000000e+01
9.950000000000000000e+01
9.959999999999999432e+01
9.959999999999999432e+01
9.979999999999999716e+01
9.979999999999999716e+01
9.979999999999999716e+01
9.970000000000000284e+01
9.970000000000000284e+01
9.970000000000000284e+01
9.970000000000000284e+01
9.970000000000000284e+01
9.970000000000000284e+01
9.979999999999999716e+01
9.970000000000000284e+01
9.970000000000000284e+01
9.970000000000000284e+01
