0.000000000000000000e+00
0.000000000000000000e+00
8.800000000000000711e+00
8.699999999999999289e+00
9.099999999999999645e+00
8.699999999999999289e+00
2.869999999999999929e+01
5.479999999999999716e+01
6.770000000000000284e+01
7.900000000000000000e+01
8.520000000000000284e+01
8.320000000000000284e+01
9.100000000000000000e+01
9.850000000000000000e+01
9.670000000000000284e+01
9.929999999999999716e+01
9.970000000000000284e+01
1.000000000000000000e+02
1.000000000000000000e+02
1.000000000000000000e+02
1.000000000000000000e+02
1.000000000000000000e+02
1.000000000000000000e+02
1.000000000000000000e+02
1.000000000000000000e+02
1.000000000000000000e+02
1.000000000000000000e+02
1.000000000000000000e+02
1.000000000000000000e+02
1.000000000000000000e+02
1.000000000000000000e+02
1.000000000000000000e+02
1.000000000000000000e+02
1.000000000000000000e+02
1.000000000000000000e+02
1.000000000000000000e+02
1.000000000000000000e+02
1.000000000000000000e+02
1.000000000000000000e+02
1.000000000000000000e+02
