0.000000000000000000e+00
0.000000000000000000e+00
1.000000000000000000e+01
1.000000000000000000e+01
9.400000000000000355e+00
9.300000000000000711e+00
1.719999999999999929e+01
1.290000000000000036e+01
2.050000000000000000e+01
3.010000000000000142e+01
4.320000000000000284e+01
5.120000000000000284e+01
5.939999999999999858e+01
7.979999999999999716e+01
8.659999999999999432e+01
9.090000000000000568e+01
9.750000000000000000e+01
9.829999999999999716e+01
9.920000000000000284e+01
9.959999999999999432e+01
9.959999999999999432e+01
9.940000000000000568e+01
9.940000000000000568e+01
9.940000000000000568e+01
9.940000000000000568e+01
9.970000000000000284e+01
9.990000000000000568e+01
9.990000000000000568e+01
9.990000000000000568e+01
9.990000000000000568e+01
9.990000000000000568e+01
9.990000000000000568e+01
9.990000000000000568e+01
9.990000000000000568e+01
9.990000000000000568e+01
9.990000000000000568e+01
9.990000000000000568e+01
9.990000000000000568e+01
9.990000000000000568e+01
9.990000000000000568e+01
