6.109890113243690024e+01
2.461538461538461675e+01
7.692307692307692513e+00
7.208791210467998667e+01
3.098901098691500167e+01
8.000000000000000000e+01
5.956043959397536014e+01
2.637362637153038492e+01
2.659340658921462008e+01
4.263736267089844034e+01
3.934065933227539347e+01
4.109890113243690024e+01
9.450549448453463341e+00
2.505494505075307998e+01
4.417582420935997334e+01
1.736263735844538658e+01
4.109890113243690024e+01
3.648351651705228704e+01
3.010989010150615997e+01
1.582417581998385003e+01
3.340659344012920684e+01
2.703296702458308332e+01
9.890109898493840035e+00
4.879120882474459364e+01
3.758241759080153344e+01
3.318681317842924017e+01
6.439560441237229327e+01
3.626373625535231326e+01
1.098901098691500167e+01
3.648351651705228704e+01
3.186813190166766674e+01
2.219780220618614663e+01
2.857142856304461986e+01
2.395604394766000667e+01
1.428571428152230993e+01
4.131868133544922017e+01
3.648351651705228704e+01
4.549450548612154677e+01
2.109890113243690024e+01
2.725274728628305354e+01
2.021978021768423162e+01
4.571428574782151344e+01
2.835164836003229993e+01
6.461538461538461320e+01
4.285714287391076027e+01
2.395604394766000667e+01
3.186813190166766674e+01
1.604395605233999333e+01
3.076923076923077094e+00
5.186813190166766674e+01
1.142857143695537836e+01
4.087912087073692646e+01
3.340659344012920684e+01
2.835164836003229993e+01
3.032967036320613019e+01
4.263736267089844034e+01
4.879120882474459364e+01
4.527472528310922684e+01
4.417582420935997334e+01
3.164835163996770007e+01
1.626373625535231326e+01
4.747252748929537347e+01
1.626373625535231326e+01
1.626373625535231326e+01
3.978021979698768007e+01
3.934065933227539347e+01
3.340659344012920684e+01
2.417582420935997689e+01
3.824175825852613997e+01
3.780219779381385337e+01
5.186813190166766674e+01
3.186813190166766674e+01
3.010989010150615997e+01
2.087912087073693002e+01
3.340659344012920684e+01
2.989010989849384003e+01
4.461538461538461320e+01
3.010989010150615997e+01
1.274725274306077161e+01
2.879120882474459009e+01
2.549450548612154321e+01
2.241758240919846656e+01
3.340659344012920684e+01
2.725274728628305354e+01
2.725274728628305354e+01
3.186813190166766674e+01
3.340659344012920684e+01
3.186813190166766674e+01
3.186813190166766674e+01
2.725274728628305354e+01
2.417582420935997689e+01
2.571428574782151344e+01
2.725274728628305354e+01
2.725274728628305354e+01
3.494505497859074694e+01
2.109890113243690024e+01
2.109890113243690024e+01
3.186813190166766674e+01
2.725274728628305354e+01
3.186813190166766674e+01
2.725274728628305354e+01
2.417582420935997689e+01
3.340659344012920684e+01
3.340659344012920684e+01
2.417582420935997689e+01
2.417582420935997689e+01
2.571428574782151344e+01
1.802197805551382359e+01
2.725274728628305354e+01
3.186813190166766674e+01
2.571428574782151344e+01
2.571428574782151344e+01
2.263736267089843679e+01
2.109890113243690024e+01
1.956043959397536014e+01
3.340659344012920684e+01
2.263736267089843679e+01
2.417582420935997689e+01
2.879120882474459009e+01
3.186813190166766674e+01
2.263736267089843679e+01
2.571428574782151344e+01
2.571428574782151344e+01
2.417582420935997689e+01
2.879120882474459009e+01
3.032967036320613019e+01
2.417582420935997689e+01
2.879120882474459009e+01
2.109890113243690024e+01
2.725274728628305354e+01
2.725274728628305354e+01
2.417582420935997689e+01
2.725274728628305354e+01
3.032967036320613019e+01
2.571428574782151344e+01
2.725274728628305354e+01
2.571428574782151344e+01
2.417582420935997689e+01
2.879120882474459009e+01
2.725274728628305354e+01
2.109890113243690024e+01
2.725274728628305354e+01
2.571428574782151344e+01
2.725274728628305354e+01
2.571428574782151344e+01
2.725274728628305354e+01
2.725274728628305354e+01
2.109890113243690024e+01
2.725274728628305354e+01
2.725274728628305354e+01
2.879120882474459009e+01
2.879120882474459009e+01
2.571428574782151344e+01
3.032967036320613019e+01
3.032967036320613019e+01
2.879120882474459009e+01
2.879120882474459009e+01
2.879120882474459009e+01
2.725274728628305354e+01
2.725274728628305354e+01
2.879120882474459009e+01
3.032967036320613019e+01
3.032967036320613019e+01
3.032967036320613019e+01
3.032967036320613019e+01
2.571428574782151344e+01
2.879120882474459009e+01
2.725274728628305354e+01
2.725274728628305354e+01
2.879120882474459009e+01
3.032967036320613019e+01
2.571428574782151344e+01
3.032967036320613019e+01
2.725274728628305354e+01
2.725274728628305354e+01
2.879120882474459009e+01
3.032967036320613019e+01
3.032967036320613019e+01
2.879120882474459009e+01
3.032967036320613019e+01
2.725274728628305354e+01
3.032967036320613019e+01
2.879120882474459009e+01
2.879120882474459009e+01
2.725274728628305354e+01
3.032967036320613019e+01
2.879120882474459009e+01
2.879120882474459009e+01
2.725274728628305354e+01
2.879120882474459009e+01
2.725274728628305354e+01
2.725274728628305354e+01
2.879120882474459009e+01
2.725274728628305354e+01
2.879120882474459009e+01
2.725274728628305354e+01
3.032967036320613019e+01
2.879120882474459009e+01
2.725274728628305354e+01
2.725274728628305354e+01
