1.366594360086767956e+01
3.622559654583383093e+01
6.290672444986935119e+00
1.127982647248307480e+01
3.644251625243081349e+01
2.646420825122493881e+01
3.449023855378984393e+01
6.399132316076315874e+01
3.774403472370801182e+01
3.926247290158219982e+01
3.796095443030500149e+01
1.106290671209968401e+01
3.644251625243081349e+01
1.279826465035726102e+01
3.644251625243081349e+01
2.212581342419936803e+01
1.561822124572224268e+01
2.277657265156313571e+01
3.036876354093406860e+01
2.212581342419936803e+01
2.104121476709196159e+01
1.908893706845099558e+01
3.449023855378984393e+01
1.279826465035726102e+01
1.908893706845099558e+01
2.819956613569611292e+01
3.470715836795964293e+01
2.060737524632518003e+01
3.383947930987641683e+01
2.234273313079635415e+01
1.301518435695424714e+01
2.234273313079635415e+01
3.492407807455662550e+01
2.711496747858871004e+01
4.099783078605337749e+01
1.279826465035726102e+01
3.210412142540523917e+01
4.577006502627292406e+01
1.626898041929960925e+01
2.711496747858871004e+01
1.778741859717379370e+01
1.757049889057680758e+01
2.407809112284033404e+01
2.819956613569611292e+01
2.711496747858871004e+01
4.403470714180174639e+01
2.885032536305988060e+01
2.581344900731150815e+01
3.318872019008545493e+01
1.930585677504798170e+01
3.015184383433708248e+01
3.036876354093406860e+01
2.060737524632518003e+01
2.255965294496614959e+01
3.470715836795964293e+01
1.431670282823144724e+01
2.234273313079635415e+01
1.301518435695424714e+01
3.167028201221126693e+01
6.724511938860514348e+00
1.475054224142542125e+01
3.470715836795964293e+01
3.492407807455662550e+01
2.234273313079635415e+01
4.078091107945638782e+01
2.885032536305988060e+01
3.188720171880825305e+01
3.817787413690199116e+01
3.167028201221126693e+01
3.622559654583383093e+01
1.453362253482843514e+01
1.626898041929960925e+01
2.082429495292216615e+01
3.470715836795964293e+01
2.754880689178268227e+01
3.470715836795964293e+01
1.605206071270261958e+01
4.425162684839873606e+01
2.386117130867054215e+01
5.357917562224083952e+01
4.707158349755012239e+01
3.796095443030500149e+01
2.407809112284033404e+01
2.733188718518569615e+01
3.210412142540523917e+01
3.036876354093406860e+01
2.711496747858871004e+01
2.711496747858871004e+01
2.711496747858871004e+01
2.885032536305988060e+01
3.340563989668244460e+01
3.514099778115361516e+01
2.711496747858871004e+01
2.863340565646289448e+01
2.255965294496614959e+01
2.559652930071452204e+01
2.407809112284033404e+01
2.255965294496614959e+01
2.711496747858871004e+01
2.885032536305988060e+01
2.407809112284033404e+01
2.559652930071452204e+01
2.407809112284033404e+01
3.188720171880825305e+01
2.429501082943732371e+01
2.711496747858871004e+01
2.104121476709196159e+01
2.885032536305988060e+01
2.429501082943732371e+01
2.863340565646289448e+01
3.015184383433708248e+01
2.104121476709196159e+01
2.559652930071452204e+01
3.015184383433708248e+01
2.104121476709196159e+01
2.255965294496614959e+01
3.470715836795964293e+01
2.559652930071452204e+01
1.952277658921777714e+01
2.559652930071452204e+01
2.255965294496614959e+01
1.952277658921777714e+01
2.581344900731150815e+01
2.255965294496614959e+01
2.407809112284033404e+01
2.559652930071452204e+01
1.952277658921777714e+01
2.711496747858871004e+01
2.104121476709196159e+01
2.559652930071452204e+01
2.255965294496614959e+01
2.104121476709196159e+01
2.559652930071452204e+01
2.104121476709196159e+01
2.711496747858871004e+01
2.104121476709196159e+01
2.711496747858871004e+01
2.711496747858871004e+01
1.952277658921777714e+01
1.952277658921777714e+01
2.711496747858871004e+01
2.711496747858871004e+01
2.559652930071452204e+01
2.559652930071452204e+01
2.711496747858871004e+01
2.711496747858871004e+01
2.255965294496614959e+01
2.711496747858871004e+01
2.863340565646289448e+01
2.255965294496614959e+01
2.559652930071452204e+01
2.863340565646289448e+01
2.711496747858871004e+01
2.711496747858871004e+01
2.559652930071452204e+01
2.104121476709196159e+01
1.952277658921777714e+01
2.863340565646289448e+01
3.188720171880825305e+01
2.863340565646289448e+01
2.104121476709196159e+01
3.036876354093406860e+01
2.863340565646289448e+01
2.255965294496614959e+01
2.711496747858871004e+01
2.407809112284033404e+01
2.863340565646289448e+01
2.863340565646289448e+01
2.863340565646289448e+01
2.711496747858871004e+01
1.952277658921777714e+01
2.407809112284033404e+01
2.711496747858871004e+01
2.863340565646289448e+01
2.711496747858871004e+01
2.885032536305988060e+01
2.863340565646289448e+01
2.255965294496614959e+01
2.559652930071452204e+01
2.255965294496614959e+01
2.711496747858871004e+01
2.255965294496614959e+01
2.711496747858871004e+01
3.036876354093406860e+01
3.036876354093406860e+01
2.559652930071452204e+01
2.885032536305988060e+01
2.711496747858871004e+01
2.863340565646289448e+01
2.711496747858871004e+01
2.863340565646289448e+01
2.711496747858871004e+01
2.559652930071452204e+01
2.711496747858871004e+01
2.885032536305988060e+01
2.711496747858871004e+01
2.407809112284033404e+01
2.407809112284033404e+01
2.559652930071452204e+01
2.711496747858871004e+01
