7.829977662771340441e+00
1.565995532554268088e+01
3.892617444544030292e+01
3.579418348786014548e+01
4.541387022901701442e+01
5.458612977098298558e+01
5.167785268181922476e+01
4.362416115063148681e+01
4.362416115063148681e+01
4.519015689824251325e+01
1.565995532554268088e+01
1.096196875476197086e+01
2.035794176191291527e+01
2.505592846710409916e+01
2.818791942468425660e+01
3.601789735627654210e+01
1.565995532554268088e+01
1.565995532554268088e+01
2.035794176191291527e+01
9.395973141561418274e+00
2.662192394589417788e+01
1.879194628312283655e+01
2.035794176191291527e+01
3.131991065108536176e+01
4.071588352382583054e+01
2.505592846710409916e+01
2.192393750952394171e+01
3.601789735627654210e+01
9.395973141561418274e+00
2.818791942468425660e+01
3.758389256624567309e+01
2.035794176191291527e+01
3.758389256624567309e+01
4.384787501904788343e+01
3.914988831385669954e+01
4.541387022901701442e+01
2.192393750952394171e+01
3.131991065108536176e+01
3.914988831385669954e+01
2.505592846710409916e+01
2.505592846710409916e+01
2.348993298831402043e+01
6.577181172210897842e+01
3.601789735627654210e+01
2.975391517229528304e+01
1.565995532554268088e+01
2.818791942468425660e+01
2.662192394589417788e+01
2.035794176191291527e+01
1.879194628312283655e+01
4.384787501904788343e+01
2.505592846710409916e+01
1.096196875476197086e+01
2.818791942468425660e+01
3.288590586105448921e+01
1.722595080433275783e+01
2.192393750952394171e+01
3.131991065108536176e+01
2.662192394589417788e+01
3.914988831385669954e+01
2.192393750952394171e+01
4.228187927143685698e+01
3.601789735627654210e+01
2.662192394589417788e+01
1.722595080433275783e+01
2.818791942468425660e+01
2.662192394589417788e+01
2.505592846710409916e+01
1.409395971234212830e+01
1.879194628312283655e+01
2.662192394589417788e+01
2.035794176191291527e+01
2.818791942468425660e+01
2.035794176191291527e+01
2.975391517229528304e+01
2.505592846710409916e+01
2.662192394589417788e+01
9.395973141561418274e+00
2.035794176191291527e+01
3.288590586105448921e+01
1.879194628312283655e+01
2.505592846710409916e+01
2.035794176191291527e+01
2.348993298831402043e+01
2.505592846710409916e+01
2.818791942468425660e+01
2.348993298831402043e+01
2.662192394589417788e+01
2.505592846710409916e+01
2.348993298831402043e+01
2.505592846710409916e+01
2.818791942468425660e+01
2.975391517229528304e+01
3.131991065108536176e+01
2.818791942468425660e+01
2.975391517229528304e+01
2.818791942468425660e+01
2.818791942468425660e+01
2.975391517229528304e+01
2.505592846710409916e+01
3.266219253027999514e+01
2.505592846710409916e+01
2.818791942468425660e+01
2.662192394589417788e+01
2.818791942468425660e+01
2.662192394589417788e+01
2.505592846710409916e+01
2.662192394589417788e+01
2.975391517229528304e+01
2.975391517229528304e+01
2.662192394589417788e+01
2.662192394589417788e+01
2.662192394589417788e+01
2.505592846710409916e+01
2.505592846710409916e+01
2.818791942468425660e+01
2.818791942468425660e+01
2.505592846710409916e+01
2.505592846710409916e+01
2.662192394589417788e+01
2.505592846710409916e+01
2.505592846710409916e+01
2.348993298831402043e+01
2.505592846710409916e+01
2.505592846710409916e+01
2.505592846710409916e+01
2.662192394589417788e+01
2.348993298831402043e+01
2.348993298831402043e+01
2.975391517229528304e+01
2.505592846710409916e+01
2.818791942468425660e+01
2.975391517229528304e+01
2.975391517229528304e+01
2.662192394589417788e+01
2.505592846710409916e+01
2.818791942468425660e+01
2.662192394589417788e+01
2.348993298831402043e+01
2.818791942468425660e+01
2.818791942468425660e+01
2.975391517229528304e+01
2.348993298831402043e+01
2.505592846710409916e+01
2.505592846710409916e+01
2.505592846710409916e+01
2.505592846710409916e+01
2.505592846710409916e+01
2.505592846710409916e+01
2.505592846710409916e+01
2.505592846710409916e+01
2.505592846710409916e+01
2.505592846710409916e+01
2.505592846710409916e+01
2.818791942468425660e+01
2.662192394589417788e+01
2.505592846710409916e+01
2.662192394589417788e+01
2.505592846710409916e+01
2.505592846710409916e+01
2.348993298831402043e+01
2.505592846710409916e+01
2.505592846710409916e+01
2.818791942468425660e+01
2.818791942468425660e+01
2.348993298831402043e+01
2.505592846710409916e+01
2.505592846710409916e+01
2.505592846710409916e+01
2.505592846710409916e+01
2.975391517229528304e+01
2.975391517229528304e+01
2.505592846710409916e+01
2.818791942468425660e+01
2.505592846710409916e+01
2.662192394589417788e+01
2.818791942468425660e+01
2.505592846710409916e+01
2.505592846710409916e+01
2.818791942468425660e+01
2.505592846710409916e+01
2.818791942468425660e+01
2.662192394589417788e+01
2.505592846710409916e+01
2.818791942468425660e+01
2.505592846710409916e+01
2.975391517229528304e+01
2.505592846710409916e+01
2.662192394589417788e+01
2.662192394589417788e+01
2.505592846710409916e+01
2.348993298831402043e+01
2.662192394589417788e+01
2.483221486750865026e+01
2.505592846710409916e+01
2.975391517229528304e+01
3.131991065108536176e+01
2.975391517229528304e+01
2.662192394589417788e+01
2.662192394589417788e+01
