1.233480176211453738e+01
2.312775330396475937e+01
2.026431717221432294e+01
8.303964757709250932e+01
1.696035242290749068e+01
4.845814977973568460e+01
1.255506607089273707e+01
1.696035242290749068e+01
2.466960352422907476e+01
3.303964757709250932e+01
4.581497790634895040e+01
3.083700440528634346e+00
1.585903082019957111e+01
5.660792944819916528e+01
2.026431717221432294e+01
1.563876651142137142e+01
2.488986783300727623e+01
2.026431717221432294e+01
4.229074889867841591e+01
2.180616739247864189e+01
7.929515410099785555e+00
3.766519823788546262e+01
4.581497790634895040e+01
2.356828192152115875e+01
3.920704845814977801e+01
6.585903076978506476e+01
9.471365630364102728e+00
2.973568280257842744e+01
1.431718059993525394e+01
1.718061673168568859e+01
1.101321585062841990e+01
4.889867834687758119e+01
1.233480176211453738e+01
6.431718054952075647e+01
2.356828192152115875e+01
1.123348015940661959e+01
3.942731274172072631e+01
2.995594713656387498e+01
1.718061673168568859e+01
2.511013214178547415e+01
1.255506607089273707e+01
2.995594713656387498e+01
1.277533037967093676e+01
2.048458148099252440e+01
2.356828192152115875e+01
1.585903082019957111e+01
1.431718059993525394e+01
1.916299559471365654e+01
2.709251097960619248e+01
3.458149779735682472e+01
1.409691629115705425e+01
3.964757702529167460e+01
5.198237878740621909e+01
2.643171805327159163e+01
2.555066075934187353e+01
9.691629939142302419e+00
2.378854625550660629e+01
1.079295154185022021e+01
3.171806164039914222e+01
3.502202636449872841e+01
8.149779718877985246e+00
2.268722460238418748e+01
1.453744493392070503e+01
6.387665189835468382e+00
6.167400881057268691e+00
4.625550660792951518e+00
3.612334801762114722e+01
0.000000000000000000e+00
2.048458148099252440e+01
5.066079278349350901e+00
2.378854625550660629e+01
2.224669603524229089e+01
1.123348015940661959e+01
3.458149779735682472e+01
2.731277526317714077e+01
1.145374449339207068e+01
2.863436119987050787e+01
1.123348015940661959e+01
9.471365630364102728e+00
1.299559471365638785e+01
1.101321585062841990e+01
2.246696031881323918e+01
2.268722460238418748e+01
1.960352416185555313e+01
2.114537438211987208e+01
2.114537438211987208e+01
2.114537438211987208e+01
2.114537438211987208e+01
2.268722460238418748e+01
2.268722460238418748e+01
2.114537438211987208e+01
2.114537438211987208e+01
2.114537438211987208e+01
2.114537438211987208e+01
2.268722460238418748e+01
1.960352416185555313e+01
2.114537438211987208e+01
1.960352416185555313e+01
2.114537438211987208e+01
2.114537438211987208e+01
2.114537438211987208e+01
2.114537438211987208e+01
2.114537438211987208e+01
2.114537438211987208e+01
2.268722460238418748e+01
2.268722460238418748e+01
2.114537438211987208e+01
1.806167394159123774e+01
2.268722460238418748e+01
2.268722460238418748e+01
2.422907482264850643e+01
1.806167394159123774e+01
1.960352416185555313e+01
2.114537438211987208e+01
1.960352416185555313e+01
2.114537438211987208e+01
2.268722460238418748e+01
2.114537438211987208e+01
1.960352416185555313e+01
1.806167394159123774e+01
2.114537438211987208e+01
2.114537438211987208e+01
2.114537438211987208e+01
2.114537438211987208e+01
2.114537438211987208e+01
2.114537438211987208e+01
2.114537438211987208e+01
2.114537438211987208e+01
2.114537438211987208e+01
2.114537438211987208e+01
2.114537438211987208e+01
2.114537438211987208e+01
2.114537438211987208e+01
1.960352416185555313e+01
2.114537438211987208e+01
2.114537438211987208e+01
2.114537438211987208e+01
2.114537438211987208e+01
2.114537438211987208e+01
2.114537438211987208e+01
2.114537438211987208e+01
2.114537438211987208e+01
2.114537438211987208e+01
2.114537438211987208e+01
2.114537438211987208e+01
2.114537438211987208e+01
2.114537438211987208e+01
2.114537438211987208e+01
2.114537438211987208e+01
2.114537438211987208e+01
2.114537438211987208e+01
2.114537438211987208e+01
2.114537438211987208e+01
2.114537438211987208e+01
2.114537438211987208e+01
2.114537438211987208e+01
2.114537438211987208e+01
2.114537438211987208e+01
2.114537438211987208e+01
2.114537438211987208e+01
2.114537438211987208e+01
2.114537438211987208e+01
2.114537438211987208e+01
2.114537438211987208e+01
2.114537438211987208e+01
2.114537438211987208e+01
2.114537438211987208e+01
2.114537438211987208e+01
2.114537438211987208e+01
2.114537438211987208e+01
2.114537438211987208e+01
2.114537438211987208e+01
2.114537438211987208e+01
2.114537438211987208e+01
2.114537438211987208e+01
2.114537438211987208e+01
2.114537438211987208e+01
2.114537438211987208e+01
1.960352416185555313e+01
2.114537438211987208e+01
2.268722460238418748e+01
1.960352416185555313e+01
2.114537438211987208e+01
2.114537438211987208e+01
2.114537438211987208e+01
2.114537438211987208e+01
2.114537438211987208e+01
2.114537438211987208e+01
2.114537438211987208e+01
2.114537438211987208e+01
2.114537438211987208e+01
2.114537438211987208e+01
2.114537438211987208e+01
2.114537438211987208e+01
2.114537438211987208e+01
2.114537438211987208e+01
2.114537438211987208e+01
2.114537438211987208e+01
2.114537438211987208e+01
2.114537438211987208e+01
