2.040816323935580101e+01
3.174603170278121222e+00
2.925170052457017889e+01
4.648526084017591131e+01
1.995464850445182847e+01
8.095238048527517094e+01
1.587301585139060478e+01
5.759637181288530883e+01
1.995464850445182847e+01
1.723356006907767934e+01
1.065759636106945152e+01
2.925170052457017889e+01
3.854875279121658593e+01
3.764172306190542372e+01
5.941043101200440901e+01
3.106575972368927907e+01
2.290249418401393910e+01
6.349206340556242445e+00
5.578231261376620864e+01
4.240362818711469117e+01
2.970521550600220451e+01
2.834467128831512994e+01
3.287981842975226954e+01
6.530612237112862317e+01
1.541950111648663402e+01
1.882086153095271186e+01
9.297052143382376954e+00
4.761904755417181612e+00
1.383219953134757318e+01
2.766439906269514637e+01
4.829931954623890533e+01
1.541950111648663402e+01
2.630385484500807181e+01
4.988662125464199448e+01
2.630385484500807181e+01
1.700680270162569485e+01
1.859410428676475391e+01
8.095238048527517094e+01
7.165532871168487361e+01
6.349206340556242445e+00
4.761904755417181612e+00
3.854875279121658593e+01
2.154194996632686454e+01
2.789115630688310432e+01
2.040816323935580101e+01
3.560090686512641867e+01
2.630385484500807181e+01
2.040816323935580101e+01
1.995464850445182847e+01
3.401360540325138970e+01
1.700680270162569485e+01
1.700680270162569485e+01
3.106575972368927907e+01
2.653061208919602976e+01
2.471655338313303929e+01
2.335600916544596473e+01
3.174603170278121222e+00
3.537414962093846071e+01
1.247165531366049862e+01
6.077097522969148713e+01
1.836734691931276942e+01
2.902494328038222093e+01
0.000000000000000000e+00
1.541950111648663402e+01
1.383219953134757318e+01
3.900226727959250184e+01
6.122448973104256176e+00
1.700680270162569485e+01
3.605442184655844784e+01
4.512471662248884030e+01
2.811791379759911891e+01
3.446712013815535869e+01
4.852607703695491637e+01
4.376417240480176218e+01
3.106575972368927907e+01
1.859410428676475391e+01
1.224489794620851235e+01
2.154194996632686454e+01
3.083900223297326804e+01
3.537414962093846071e+01
7.936507925695302390e+00
1.541950111648663402e+01
2.789115630688310432e+01
2.789115630688310432e+01
2.947845801528619347e+01
2.947845801528619347e+01
3.083900223297326804e+01
2.494331062732099724e+01
2.494331062732099724e+01
2.947845801528619347e+01
3.106575972368927907e+01
2.630385484500807181e+01
2.471655338313303929e+01
2.789115630688310432e+01
2.653061208919602976e+01
2.494331062732099724e+01
2.653061208919602976e+01
2.789115630688310432e+01
2.789115630688310432e+01
2.494331062732099724e+01
2.335600916544596473e+01
3.083900223297326804e+01
3.106575972368927907e+01
2.947845801528619347e+01
2.653061208919602976e+01
2.789115630688310432e+01
2.925170052457017889e+01
2.176870745704287557e+01
2.335600916544596473e+01
2.630385484500807181e+01
2.335600916544596473e+01
2.494331062732099724e+01
2.335600916544596473e+01
2.494331062732099724e+01
2.789115630688310432e+01
2.653061208919602976e+01
2.789115630688310432e+01
2.358276640963392268e+01
2.494331062732099724e+01
2.630385484500807181e+01
3.083900223297326804e+01
2.199546494775889016e+01
2.199546494775889016e+01
2.199546494775889016e+01
2.494331062732099724e+01
2.494331062732099724e+01
2.335600916544596473e+01
2.358276640963392268e+01
2.199546494775889016e+01
2.494331062732099724e+01
2.199546494775889016e+01
2.630385484500807181e+01
2.199546494775889016e+01
2.199546494775889016e+01
2.358276640963392268e+01
2.199546494775889016e+01
2.199546494775889016e+01
2.494331062732099724e+01
2.358276640963392268e+01
2.494331062732099724e+01
2.494331062732099724e+01
2.789115630688310432e+01
2.494331062732099724e+01
2.199546494775889016e+01
2.789115630688310432e+01
2.494331062732099724e+01
2.630385484500807181e+01
2.335600916544596473e+01
2.630385484500807181e+01
2.789115630688310432e+01
2.494331062732099724e+01
2.630385484500807181e+01
2.199546494775889016e+01
2.494331062732099724e+01
2.335600916544596473e+01
2.766439906269514637e+01
2.199546494775889016e+01
2.630385484500807181e+01
2.630385484500807181e+01
2.925170052457017889e+01
2.630385484500807181e+01
2.358276640963392268e+01
2.494331062732099724e+01
2.494331062732099724e+01
2.494331062732099724e+01
2.358276640963392268e+01
2.335600916544596473e+01
2.789115630688310432e+01
2.358276640963392268e+01
2.358276640963392268e+01
2.358276640963392268e+01
2.630385484500807181e+01
2.630385484500807181e+01
2.630385484500807181e+01
2.494331062732099724e+01
2.040816323935580101e+01
2.335600916544596473e+01
2.494331062732099724e+01
2.335600916544596473e+01
2.199546494775889016e+01
2.630385484500807181e+01
2.494331062732099724e+01
2.494331062732099724e+01
2.653061208919602976e+01
2.358276640963392268e+01
2.653061208919602976e+01
2.630385484500807181e+01
2.358276640963392268e+01
2.653061208919602976e+01
2.358276640963392268e+01
2.653061208919602976e+01
2.494331062732099724e+01
2.358276640963392268e+01
2.811791379759911891e+01
2.789115630688310432e+01
2.494331062732099724e+01
2.789115630688310432e+01
2.494331062732099724e+01
2.494331062732099724e+01
2.335600916544596473e+01
