0.000000000000000000e+00
0.000000000000000000e+00
1.040000000000000036e+01
9.500000000000000000e+00
9.599999999999999645e+00
1.009999999999999964e+01
4.900000000000000000e+01
8.800000000000000000e+01
8.109999999999999432e+01
9.479999999999999716e+01
9.550000000000000000e+01
9.759999999999999432e+01
9.840000000000000568e+01
9.900000000000000000e+01
9.779999999999999716e+01
9.909999999999999432e+01
9.879999999999999716e+01
9.909999999999999432e+01
9.890000000000000568e+01
9.900000000000000000e+01
9.890000000000000568e+01
9.909999999999999432e+01
9.890000000000000568e+01
9.900000000000000000e+01
9.900000000000000000e+01
9.900000000000000000e+01
9.920000000000000284e+01
9.920000000000000284e+01
9.909999999999999432e+01
9.909999999999999432e+01
9.909999999999999432e+01
9.909999999999999432e+01
9.909999999999999432e+01
9.909999999999999432e+01
9.909999999999999432e+01
9.909999999999999432e+01
9.909999999999999432e+01
9.909999999999999432e+01
9.909999999999999432e+01
9.909999999999999432e+01
