0.000000000000000000e+00
5.099999999999999645e+00
1.050000000000000000e+01
1.069999999999999929e+01
1.059999999999999964e+01
1.080000000000000071e+01
2.730000000000000071e+01
2.589999999999999858e+01
5.260000000000000142e+01
6.160000000000000142e+01
7.500000000000000000e+01
8.209999999999999432e+01
8.850000000000000000e+01
9.070000000000000284e+01
9.550000000000000000e+01
9.759999999999999432e+01
9.659999999999999432e+01
9.920000000000000284e+01
9.920000000000000284e+01
9.920000000000000284e+01
9.929999999999999716e+01
9.929999999999999716e+01
9.940000000000000568e+01
9.940000000000000568e+01
9.929999999999999716e+01
9.940000000000000568e+01
9.950000000000000000e+01
9.950000000000000000e+01
9.950000000000000000e+01
9.950000000000000000e+01
9.940000000000000568e+01
9.940000000000000568e+01
9.940000000000000568e+01
9.940000000000000568e+01
9.940000000000000568e+01
9.940000000000000568e+01
9.940000000000000568e+01
9.940000000000000568e+01
9.940000000000000568e+01
9.940000000000000568e+01
