0.000000000000000000e+00
2.300000000000000000e+01
1.050000000000000000e+01
1.100000000000000000e+01
1.090000000000000036e+01
1.100000000000000000e+01
1.800000000000000000e+01
3.350000000000000000e+01
4.429999999999999716e+01
6.479999999999999716e+01
7.790000000000000568e+01
8.820000000000000284e+01
9.190000000000000568e+01
9.550000000000000000e+01
9.350000000000000000e+01
9.700000000000000000e+01
9.779999999999999716e+01
9.820000000000000284e+01
9.850000000000000000e+01
9.850000000000000000e+01
9.850000000000000000e+01
9.870000000000000284e+01
9.870000000000000284e+01
9.870000000000000284e+01
9.870000000000000284e+01
9.870000000000000284e+01
9.900000000000000000e+01
9.920000000000000284e+01
9.920000000000000284e+01
9.920000000000000284e+01
9.920000000000000284e+01
9.920000000000000284e+01
9.920000000000000284e+01
9.920000000000000284e+01
9.920000000000000284e+01
9.920000000000000284e+01
9.920000000000000284e+01
9.900000000000000000e+01
9.920000000000000284e+01
9.920000000000000284e+01
