0.000000000000000000e+00
3.539999999999999858e+01
9.300000000000000711e+00
1.030000000000000071e+01
1.009999999999999964e+01
1.200000000000000000e+01
3.670000000000000284e+01
5.920000000000000284e+01
5.850000000000000000e+01
7.809999999999999432e+01
8.859999999999999432e+01
9.440000000000000568e+01
9.590000000000000568e+01
9.759999999999999432e+01
9.740000000000000568e+01
9.840000000000000568e+01
9.800000000000000000e+01
9.929999999999999716e+01
9.920000000000000284e+01
9.909999999999999432e+01
9.900000000000000000e+01
9.909999999999999432e+01
9.940000000000000568e+01
9.920000000000000284e+01
9.929999999999999716e+01
9.920000000000000284e+01
9.940000000000000568e+01
9.950000000000000000e+01
9.950000000000000000e+01
9.950000000000000000e+01
9.950000000000000000e+01
9.950000000000000000e+01
9.950000000000000000e+01
9.950000000000000000e+01
9.950000000000000000e+01
9.950000000000000000e+01
9.950000000000000000e+01
9.950000000000000000e+01
9.950000000000000000e+01
9.950000000000000000e+01
