0.000000000000000000e+00
0.000000000000000000e+00
1.109999999999999964e+01
1.000000000000000000e+01
1.019999999999999929e+01
1.009999999999999964e+01
1.169999999999999929e+01
1.519999999999999929e+01
3.720000000000000284e+01
5.470000000000000284e+01
6.329999999999999716e+01
7.729999999999999716e+01
8.770000000000000284e+01
9.100000000000000000e+01
9.040000000000000568e+01
9.320000000000000284e+01
9.500000000000000000e+01
9.709999999999999432e+01
9.870000000000000284e+01
9.890000000000000568e+01
9.890000000000000568e+01
9.900000000000000000e+01
9.900000000000000000e+01
9.900000000000000000e+01
9.900000000000000000e+01
9.909999999999999432e+01
9.929999999999999716e+01
9.940000000000000568e+01
9.940000000000000568e+01
9.940000000000000568e+01
9.940000000000000568e+01
9.940000000000000568e+01
9.940000000000000568e+01
9.940000000000000568e+01
9.940000000000000568e+01
9.940000000000000568e+01
9.940000000000000568e+01
9.940000000000000568e+01
9.940000000000000568e+01
9.940000000000000568e+01
