0.000000000000000000e+00
0.000000000000000000e+00
9.900000000000000355e+00
9.599999999999999645e+00
1.030000000000000071e+01
1.009999999999999964e+01
1.130000000000000071e+01
1.340000000000000036e+01
3.150000000000000000e+01
4.070000000000000284e+01
5.720000000000000284e+01
6.339999999999999858e+01
7.770000000000000284e+01
8.709999999999999432e+01
8.490000000000000568e+01
8.590000000000000568e+01
9.170000000000000284e+01
9.559999999999999432e+01
9.779999999999999716e+01
9.820000000000000284e+01
9.840000000000000568e+01
9.850000000000000000e+01
9.850000000000000000e+01
9.850000000000000000e+01
9.859999999999999432e+01
9.879999999999999716e+01
9.890000000000000568e+01
9.909999999999999432e+01
9.909999999999999432e+01
9.909999999999999432e+01
9.909999999999999432e+01
9.909999999999999432e+01
9.909999999999999432e+01
9.909999999999999432e+01
9.909999999999999432e+01
9.909999999999999432e+01
9.909999999999999432e+01
9.909999999999999432e+01
9.909999999999999432e+01
9.909999999999999432e+01
