0.000000000000000000e+00
0.000000000000000000e+00
1.080000000000000071e+01
1.130000000000000071e+01
1.109999999999999964e+01
1.080000000000000071e+01
1.359999999999999964e+01
1.569999999999999929e+01
2.500000000000000000e+01
2.639999999999999858e+01
3.539999999999999858e+01
6.060000000000000142e+01
6.809999999999999432e+01
7.420000000000000284e+01
7.840000000000000568e+01
9.009999999999999432e+01
8.759999999999999432e+01
9.409999999999999432e+01
9.929999999999999716e+01
9.940000000000000568e+01
9.959999999999999432e+01
9.959999999999999432e+01
9.959999999999999432e+01
9.970000000000000284e+01
9.970000000000000284e+01
9.970000000000000284e+01
9.979999999999999716e+01
9.979999999999999716e+01
9.979999999999999716e+01
9.979999999999999716e+01
9.979999999999999716e+01
9.979999999999999716e+01
9.979999999999999716e+01
9.979999999999999716e+01
9.979999999999999716e+01
9.979999999999999716e+01
9.979999999999999716e+01
9.979999999999999716e+01
9.979999999999999716e+01
9.979999999999999716e+01
