0.000000000000000000e+00
0.000000000000000000e+00
1.259999999999999964e+01
1.209999999999999964e+01
1.180000000000000071e+01
1.219999999999999929e+01
1.919999999999999929e+01
1.830000000000000071e+01
2.250000000000000000e+01
3.229999999999999716e+01
3.810000000000000142e+01
4.250000000000000000e+01
4.929999999999999716e+01
7.590000000000000568e+01
7.009999999999999432e+01
7.740000000000000568e+01
8.520000000000000284e+01
9.720000000000000284e+01
9.900000000000000000e+01
9.829999999999999716e+01
9.870000000000000284e+01
9.850000000000000000e+01
9.879999999999999716e+01
9.900000000000000000e+01
9.890000000000000568e+01
9.909999999999999432e+01
9.920000000000000284e+01
9.920000000000000284e+01
9.920000000000000284e+01
9.920000000000000284e+01
9.920000000000000284e+01
9.920000000000000284e+01
9.920000000000000284e+01
9.920000000000000284e+01
9.920000000000000284e+01
9.929999999999999716e+01
9.929999999999999716e+01
9.929999999999999716e+01
9.940000000000000568e+01
9.929999999999999716e+01
