1.760000000000000142e+01
1.140000000000000036e+01
1.150000000000000000e+01
1.119999999999999929e+01
1.150000000000000000e+01
5.200000000000000000e+01
9.909999999999999432e+01
9.970000000000000284e+01
9.950000000000000000e+01
9.990000000000000568e+01
9.950000000000000000e+01
9.920000000000000284e+01
9.979999999999999716e+01
9.970000000000000284e+01
9.900000000000000000e+01
9.979999999999999716e+01
9.979999999999999716e+01
9.990000000000000568e+01
9.990000000000000568e+01
9.990000000000000568e+01
9.990000000000000568e+01
9.990000000000000568e+01
9.990000000000000568e+01
9.990000000000000568e+01
9.990000000000000568e+01
9.990000000000000568e+01
9.990000000000000568e+01
9.990000000000000568e+01
9.990000000000000568e+01
9.990000000000000568e+01
9.990000000000000568e+01
9.990000000000000568e+01
9.990000000000000568e+01
9.990000000000000568e+01
9.990000000000000568e+01
9.990000000000000568e+01
9.990000000000000568e+01
9.990000000000000568e+01
9.990000000000000568e+01
9.990000000000000568e+01
