0.000000000000000000e+00
0.000000000000000000e+00
1.069999999999999929e+01
1.119999999999999929e+01
1.069999999999999929e+01
1.059999999999999964e+01
1.230000000000000071e+01
1.159999999999999964e+01
1.500000000000000000e+01
2.250000000000000000e+01
4.689999999999999858e+01
5.610000000000000142e+01
6.850000000000000000e+01
7.670000000000000284e+01
8.300000000000000000e+01
9.120000000000000284e+01
9.159999999999999432e+01
9.740000000000000568e+01
9.890000000000000568e+01
9.900000000000000000e+01
9.909999999999999432e+01
9.909999999999999432e+01
9.909999999999999432e+01
9.920000000000000284e+01
9.920000000000000284e+01
9.929999999999999716e+01
9.950000000000000000e+01
9.959999999999999432e+01
9.970000000000000284e+01
9.970000000000000284e+01
9.970000000000000284e+01
9.970000000000000284e+01
9.959999999999999432e+01
9.970000000000000284e+01
9.970000000000000284e+01
9.970000000000000284e+01
9.979999999999999716e+01
9.979999999999999716e+01
9.979999999999999716e+01
9.979999999999999716e+01
