0.000000000000000000e+00
0.000000000000000000e+00
1.200000000000000000e+01
1.190000000000000036e+01
9.800000000000000711e+00
1.059999999999999964e+01
1.040000000000000036e+01
1.480000000000000071e+01
3.139999999999999858e+01
5.250000000000000000e+01
5.670000000000000284e+01
8.270000000000000284e+01
7.720000000000000284e+01
8.709999999999999432e+01
8.720000000000000284e+01
9.329999999999999716e+01
9.500000000000000000e+01
9.859999999999999432e+01
9.920000000000000284e+01
9.940000000000000568e+01
9.940000000000000568e+01
9.950000000000000000e+01
9.950000000000000000e+01
9.959999999999999432e+01
9.950000000000000000e+01
9.970000000000000284e+01
9.970000000000000284e+01
9.970000000000000284e+01
9.970000000000000284e+01
9.970000000000000284e+01
9.970000000000000284e+01
9.970000000000000284e+01
9.970000000000000284e+01
9.970000000000000284e+01
9.970000000000000284e+01
9.970000000000000284e+01
9.970000000000000284e+01
9.970000000000000284e+01
9.970000000000000284e+01
9.970000000000000284e+01
