0.000000000000000000e+00
0.000000000000000000e+00
0.000000000000000000e+00
0.000000000000000000e+00
0.000000000000000000e+00
0.000000000000000000e+00
8.300000000000000711e+00
1.150000000000000000e+01
1.219999999999999929e+01
1.180000000000000071e+01
1.290000000000000036e+01
1.130000000000000071e+01
1.150000000000000000e+01
1.140000000000000036e+01
1.140000000000000036e+01
1.169999999999999929e+01
1.200000000000000000e+01
1.140000000000000036e+01
1.140000000000000036e+01
1.119999999999999929e+01
1.159999999999999964e+01
1.130000000000000071e+01
1.180000000000000071e+01
1.140000000000000036e+01
1.130000000000000071e+01
1.140000000000000036e+01
1.180000000000000071e+01
1.140000000000000036e+01
1.140000000000000036e+01
1.150000000000000000e+01
1.169999999999999929e+01
1.150000000000000000e+01
1.159999999999999964e+01
1.169999999999999929e+01
1.159999999999999964e+01
1.150000000000000000e+01
1.150000000000000000e+01
1.150000000000000000e+01
1.140000000000000036e+01
1.150000000000000000e+01
1.159999999999999964e+01
1.159999999999999964e+01
1.150000000000000000e+01
1.150000000000000000e+01
1.150000000000000000e+01
1.150000000000000000e+01
1.119999999999999929e+01
1.140000000000000036e+01
1.150000000000000000e+01
1.150000000000000000e+01
1.150000000000000000e+01
1.159999999999999964e+01
1.150000000000000000e+01
1.150000000000000000e+01
1.150000000000000000e+01
1.119999999999999929e+01
1.150000000000000000e+01
1.150000000000000000e+01
1.150000000000000000e+01
1.150000000000000000e+01
1.150000000000000000e+01
1.150000000000000000e+01
1.140000000000000036e+01
1.150000000000000000e+01
1.150000000000000000e+01
1.150000000000000000e+01
1.150000000000000000e+01
1.150000000000000000e+01
1.150000000000000000e+01
1.150000000000000000e+01
1.150000000000000000e+01
1.150000000000000000e+01
1.150000000000000000e+01
1.150000000000000000e+01
1.150000000000000000e+01
1.150000000000000000e+01
1.150000000000000000e+01
1.150000000000000000e+01
1.130000000000000071e+01
1.150000000000000000e+01
1.150000000000000000e+01
1.150000000000000000e+01
1.150000000000000000e+01
1.150000000000000000e+01
1.150000000000000000e+01
1.150000000000000000e+01
1.150000000000000000e+01
1.150000000000000000e+01
1.150000000000000000e+01
1.150000000000000000e+01
1.150000000000000000e+01
1.150000000000000000e+01
1.150000000000000000e+01
1.150000000000000000e+01
1.150000000000000000e+01
1.150000000000000000e+01
1.150000000000000000e+01
1.150000000000000000e+01
1.169999999999999929e+01
1.169999999999999929e+01
2.219999999999999929e+01
1.390000000000000036e+01
2.969999999999999929e+01
1.480000000000000071e+01
1.910000000000000142e+01
1.369999999999999929e+01
2.189999999999999858e+01
1.440000000000000036e+01
2.510000000000000142e+01
1.490000000000000036e+01
2.000000000000000000e+01
1.340000000000000036e+01
2.289999999999999858e+01
1.380000000000000071e+01
1.710000000000000142e+01
1.430000000000000071e+01
2.250000000000000000e+01
1.209999999999999964e+01
2.269999999999999929e+01
1.369999999999999929e+01
2.080000000000000071e+01
1.390000000000000036e+01
2.400000000000000000e+01
1.259999999999999964e+01
1.300000000000000000e+01
1.269999999999999929e+01
1.350000000000000000e+01
1.290000000000000036e+01
1.400000000000000000e+01
1.300000000000000000e+01
1.459999999999999964e+01
1.319999999999999929e+01
1.400000000000000000e+01
1.300000000000000000e+01
1.409999999999999964e+01
1.309999999999999964e+01
1.369999999999999929e+01
1.340000000000000036e+01
1.380000000000000071e+01
1.309999999999999964e+01
1.419999999999999929e+01
1.319999999999999929e+01
1.450000000000000000e+01
1.319999999999999929e+01
1.430000000000000071e+01
1.340000000000000036e+01
1.469999999999999929e+01
1.319999999999999929e+01
1.430000000000000071e+01
1.309999999999999964e+01
1.419999999999999929e+01
1.290000000000000036e+01
1.400000000000000000e+01
1.290000000000000036e+01
1.419999999999999929e+01
1.290000000000000036e+01
1.459999999999999964e+01
1.280000000000000071e+01
1.450000000000000000e+01
1.300000000000000000e+01
1.459999999999999964e+01
1.300000000000000000e+01
1.419999999999999929e+01
1.309999999999999964e+01
1.409999999999999964e+01
1.340000000000000036e+01
1.400000000000000000e+01
1.350000000000000000e+01
1.380000000000000071e+01
1.300000000000000000e+01
1.409999999999999964e+01
1.300000000000000000e+01
1.450000000000000000e+01
1.309999999999999964e+01
1.440000000000000036e+01
1.290000000000000036e+01
1.430000000000000071e+01
1.309999999999999964e+01
1.409999999999999964e+01
1.319999999999999929e+01
1.400000000000000000e+01
1.319999999999999929e+01
1.440000000000000036e+01
1.300000000000000000e+01
1.450000000000000000e+01
1.269999999999999929e+01
1.400000000000000000e+01
1.290000000000000036e+01
1.369999999999999929e+01
1.259999999999999964e+01
1.390000000000000036e+01
1.309999999999999964e+01
1.380000000000000071e+01
1.309999999999999964e+01
1.419999999999999929e+01
1.280000000000000071e+01
1.380000000000000071e+01
1.290000000000000036e+01
1.419999999999999929e+01
1.280000000000000071e+01
