0.000000000000000000e+00
0.000000000000000000e+00
0.000000000000000000e+00
0.000000000000000000e+00
0.000000000000000000e+00
0.000000000000000000e+00
1.280000000000000071e+01
1.109999999999999964e+01
9.699999999999999289e+00
1.090000000000000036e+01
1.130000000000000071e+01
1.180000000000000071e+01
1.200000000000000000e+01
1.180000000000000071e+01
1.130000000000000071e+01
1.190000000000000036e+01
1.090000000000000036e+01
1.130000000000000071e+01
1.219999999999999929e+01
1.109999999999999964e+01
1.130000000000000071e+01
1.159999999999999964e+01
1.230000000000000071e+01
1.140000000000000036e+01
1.200000000000000000e+01
1.130000000000000071e+01
1.050000000000000000e+01
1.140000000000000036e+01
1.140000000000000036e+01
1.130000000000000071e+01
1.130000000000000071e+01
1.119999999999999929e+01
1.119999999999999929e+01
1.140000000000000036e+01
1.100000000000000000e+01
1.119999999999999929e+01
1.130000000000000071e+01
1.150000000000000000e+01
1.109999999999999964e+01
1.109999999999999964e+01
1.169999999999999929e+01
1.140000000000000036e+01
1.140000000000000036e+01
1.130000000000000071e+01
1.119999999999999929e+01
1.109999999999999964e+01
1.140000000000000036e+01
1.119999999999999929e+01
1.130000000000000071e+01
1.130000000000000071e+01
1.140000000000000036e+01
1.119999999999999929e+01
1.109999999999999964e+01
1.109999999999999964e+01
1.130000000000000071e+01
1.109999999999999964e+01
1.169999999999999929e+01
1.130000000000000071e+01
1.119999999999999929e+01
1.130000000000000071e+01
1.119999999999999929e+01
1.119999999999999929e+01
1.119999999999999929e+01
1.119999999999999929e+01
1.119999999999999929e+01
1.119999999999999929e+01
1.119999999999999929e+01
1.119999999999999929e+01
1.130000000000000071e+01
1.130000000000000071e+01
1.130000000000000071e+01
1.119999999999999929e+01
1.119999999999999929e+01
1.119999999999999929e+01
1.119999999999999929e+01
1.119999999999999929e+01
1.119999999999999929e+01
1.119999999999999929e+01
1.119999999999999929e+01
1.119999999999999929e+01
1.119999999999999929e+01
1.119999999999999929e+01
1.119999999999999929e+01
1.119999999999999929e+01
1.119999999999999929e+01
1.119999999999999929e+01
1.119999999999999929e+01
1.119999999999999929e+01
1.119999999999999929e+01
1.119999999999999929e+01
1.119999999999999929e+01
1.119999999999999929e+01
1.119999999999999929e+01
1.119999999999999929e+01
1.119999999999999929e+01
1.119999999999999929e+01
1.119999999999999929e+01
1.130000000000000071e+01
1.140000000000000036e+01
1.159999999999999964e+01
1.159999999999999964e+01
1.150000000000000000e+01
1.140000000000000036e+01
1.140000000000000036e+01
1.140000000000000036e+01
1.150000000000000000e+01
1.140000000000000036e+01
1.150000000000000000e+01
1.140000000000000036e+01
1.159999999999999964e+01
1.140000000000000036e+01
1.150000000000000000e+01
1.140000000000000036e+01
1.150000000000000000e+01
1.150000000000000000e+01
1.150000000000000000e+01
1.140000000000000036e+01
1.150000000000000000e+01
1.130000000000000071e+01
1.130000000000000071e+01
1.150000000000000000e+01
1.150000000000000000e+01
1.140000000000000036e+01
1.140000000000000036e+01
1.140000000000000036e+01
1.159999999999999964e+01
1.159999999999999964e+01
1.159999999999999964e+01
1.159999999999999964e+01
1.159999999999999964e+01
1.159999999999999964e+01
1.159999999999999964e+01
1.150000000000000000e+01
1.159999999999999964e+01
1.150000000000000000e+01
1.159999999999999964e+01
1.150000000000000000e+01
1.150000000000000000e+01
1.150000000000000000e+01
1.150000000000000000e+01
1.150000000000000000e+01
1.150000000000000000e+01
1.159999999999999964e+01
1.159999999999999964e+01
1.159999999999999964e+01
1.150000000000000000e+01
1.150000000000000000e+01
1.150000000000000000e+01
1.150000000000000000e+01
1.150000000000000000e+01
1.150000000000000000e+01
1.150000000000000000e+01
1.140000000000000036e+01
1.140000000000000036e+01
1.150000000000000000e+01
1.150000000000000000e+01
1.140000000000000036e+01
1.140000000000000036e+01
1.140000000000000036e+01
1.140000000000000036e+01
1.140000000000000036e+01
1.140000000000000036e+01
1.140000000000000036e+01
1.140000000000000036e+01
1.140000000000000036e+01
1.140000000000000036e+01
1.140000000000000036e+01
1.140000000000000036e+01
1.140000000000000036e+01
1.140000000000000036e+01
1.140000000000000036e+01
1.150000000000000000e+01
1.140000000000000036e+01
1.140000000000000036e+01
1.140000000000000036e+01
1.150000000000000000e+01
1.140000000000000036e+01
1.150000000000000000e+01
1.150000000000000000e+01
1.140000000000000036e+01
1.140000000000000036e+01
1.140000000000000036e+01
1.140000000000000036e+01
1.140000000000000036e+01
1.140000000000000036e+01
1.150000000000000000e+01
1.140000000000000036e+01
1.140000000000000036e+01
1.140000000000000036e+01
1.140000000000000036e+01
1.140000000000000036e+01
1.140000000000000036e+01
1.140000000000000036e+01
1.140000000000000036e+01
1.140000000000000036e+01
1.140000000000000036e+01
1.140000000000000036e+01
1.140000000000000036e+01
1.140000000000000036e+01
1.140000000000000036e+01
