0.000000000000000000e+00
0.000000000000000000e+00
1.019999999999999929e+01
1.059999999999999964e+01
9.800000000000000711e+00
1.000000000000000000e+01
9.699999999999999289e+00
1.090000000000000036e+01
1.340000000000000036e+01
1.660000000000000142e+01
2.289999999999999858e+01
4.520000000000000284e+01
5.750000000000000000e+01
7.490000000000000568e+01
8.020000000000000284e+01
8.559999999999999432e+01
8.470000000000000284e+01
9.459999999999999432e+01
9.829999999999999716e+01
9.920000000000000284e+01
9.950000000000000000e+01
9.950000000000000000e+01
9.950000000000000000e+01
9.950000000000000000e+01
9.950000000000000000e+01
9.959999999999999432e+01
9.990000000000000568e+01
9.990000000000000568e+01
1.000000000000000000e+02
1.000000000000000000e+02
1.000000000000000000e+02
1.000000000000000000e+02
1.000000000000000000e+02
1.000000000000000000e+02
1.000000000000000000e+02
1.000000000000000000e+02
1.000000000000000000e+02
1.000000000000000000e+02
1.000000000000000000e+02
1.000000000000000000e+02
