0.000000000000000000e+00
1.190000000000000036e+01
1.090000000000000036e+01
1.090000000000000036e+01
1.059999999999999964e+01
1.119999999999999929e+01
1.090000000000000036e+01
1.630000000000000071e+01
1.950000000000000000e+01
2.750000000000000000e+01
5.120000000000000284e+01
6.590000000000000568e+01
7.020000000000000284e+01
9.000000000000000000e+01
8.970000000000000284e+01
9.279999999999999716e+01
9.540000000000000568e+01
9.859999999999999432e+01
9.909999999999999432e+01
9.940000000000000568e+01
9.959999999999999432e+01
9.970000000000000284e+01
9.970000000000000284e+01
9.970000000000000284e+01
9.979999999999999716e+01
9.979999999999999716e+01
9.979999999999999716e+01
9.990000000000000568e+01
9.990000000000000568e+01
9.990000000000000568e+01
9.990000000000000568e+01
9.990000000000000568e+01
9.979999999999999716e+01
9.979999999999999716e+01
9.979999999999999716e+01
9.979999999999999716e+01
9.979999999999999716e+01
9.979999999999999716e+01
9.979999999999999716e+01
9.979999999999999716e+01
