0.000000000000000000e+00
0.000000000000000000e+00
1.150000000000000000e+01
1.159999999999999964e+01
1.180000000000000071e+01
1.150000000000000000e+01
1.250000000000000000e+01
1.440000000000000036e+01
1.930000000000000071e+01
2.769999999999999929e+01
4.029999999999999716e+01
5.239999999999999858e+01
7.279999999999999716e+01
9.120000000000000284e+01
8.570000000000000284e+01
9.379999999999999716e+01
9.490000000000000568e+01
9.829999999999999716e+01
9.920000000000000284e+01
9.950000000000000000e+01
9.950000000000000000e+01
9.950000000000000000e+01
9.950000000000000000e+01
9.950000000000000000e+01
9.950000000000000000e+01
9.970000000000000284e+01
9.979999999999999716e+01
9.990000000000000568e+01
9.990000000000000568e+01
9.990000000000000568e+01
9.990000000000000568e+01
9.990000000000000568e+01
9.990000000000000568e+01
9.990000000000000568e+01
9.990000000000000568e+01
9.990000000000000568e+01
9.990000000000000568e+01
9.990000000000000568e+01
9.990000000000000568e+01
9.990000000000000568e+01
