0.000000000000000000e+00
0.000000000000000000e+00
1.230000000000000071e+01
1.230000000000000071e+01
1.169999999999999929e+01
1.219999999999999929e+01
1.390000000000000036e+01
1.610000000000000142e+01
2.789999999999999858e+01
3.529999999999999716e+01
5.939999999999999858e+01
6.609999999999999432e+01
6.809999999999999432e+01
8.459999999999999432e+01
8.620000000000000284e+01
8.879999999999999716e+01
9.190000000000000568e+01
9.820000000000000284e+01
9.870000000000000284e+01
9.959999999999999432e+01
9.929999999999999716e+01
9.950000000000000000e+01
9.950000000000000000e+01
9.950000000000000000e+01
9.959999999999999432e+01
9.959999999999999432e+01
9.959999999999999432e+01
9.959999999999999432e+01
9.959999999999999432e+01
9.979999999999999716e+01
9.970000000000000284e+01
9.959999999999999432e+01
9.959999999999999432e+01
9.970000000000000284e+01
9.959999999999999432e+01
9.959999999999999432e+01
9.970000000000000284e+01
9.970000000000000284e+01
9.959999999999999432e+01
9.959999999999999432e+01
