1.000000000000000000e+02
1.409999999999999964e+01
1.500000000000000000e+01
1.130000000000000071e+01
1.159999999999999964e+01
1.180000000000000071e+01
1.259999999999999964e+01
1.600000000000000000e+01
1.980000000000000071e+01
2.939999999999999858e+01
3.200000000000000000e+01
4.489999999999999858e+01
7.229999999999999716e+01
8.150000000000000000e+01
5.770000000000000284e+01
8.259999999999999432e+01
9.020000000000000284e+01
9.729999999999999716e+01
9.850000000000000000e+01
9.870000000000000284e+01
9.870000000000000284e+01
9.890000000000000568e+01
9.870000000000000284e+01
9.890000000000000568e+01
9.870000000000000284e+01
9.929999999999999716e+01
9.959999999999999432e+01
9.959999999999999432e+01
9.979999999999999716e+01
9.970000000000000284e+01
9.970000000000000284e+01
9.970000000000000284e+01
9.970000000000000284e+01
9.970000000000000284e+01
9.970000000000000284e+01
9.970000000000000284e+01
9.970000000000000284e+01
9.979999999999999716e+01
9.979999999999999716e+01
9.970000000000000284e+01
