0.000000000000000000e+00
0.000000000000000000e+00
1.019999999999999929e+01
1.009999999999999964e+01
9.699999999999999289e+00
2.200000000000000000e+01
6.170000000000000284e+01
7.579999999999999716e+01
8.559999999999999432e+01
9.209999999999999432e+01
9.420000000000000284e+01
9.929999999999999716e+01
9.929999999999999716e+01
9.990000000000000568e+01
9.750000000000000000e+01
9.950000000000000000e+01
9.970000000000000284e+01
9.990000000000000568e+01
9.959999999999999432e+01
9.970000000000000284e+01
9.979999999999999716e+01
9.979999999999999716e+01
9.959999999999999432e+01
9.959999999999999432e+01
9.970000000000000284e+01
9.979999999999999716e+01
9.990000000000000568e+01
9.979999999999999716e+01
9.990000000000000568e+01
9.979999999999999716e+01
9.979999999999999716e+01
9.979999999999999716e+01
9.979999999999999716e+01
9.979999999999999716e+01
9.979999999999999716e+01
9.979999999999999716e+01
9.979999999999999716e+01
9.979999999999999716e+01
9.979999999999999716e+01
9.979999999999999716e+01
