0.000000000000000000e+00
1.399999999999999911e+00
1.169999999999999929e+01
1.140000000000000036e+01
1.119999999999999929e+01
1.140000000000000036e+01
1.209999999999999964e+01
1.240000000000000036e+01
1.519999999999999929e+01
1.630000000000000071e+01
3.260000000000000142e+01
3.900000000000000000e+01
5.000000000000000000e+01
7.550000000000000000e+01
8.329999999999999716e+01
8.970000000000000284e+01
9.559999999999999432e+01
9.790000000000000568e+01
9.929999999999999716e+01
9.959999999999999432e+01
9.959999999999999432e+01
9.959999999999999432e+01
9.959999999999999432e+01
9.959999999999999432e+01
9.959999999999999432e+01
9.959999999999999432e+01
9.979999999999999716e+01
9.990000000000000568e+01
9.990000000000000568e+01
9.990000000000000568e+01
9.990000000000000568e+01
9.990000000000000568e+01
9.990000000000000568e+01
9.990000000000000568e+01
9.990000000000000568e+01
9.990000000000000568e+01
9.990000000000000568e+01
9.990000000000000568e+01
9.990000000000000568e+01
9.990000000000000568e+01
