0.000000000000000000e+00
1.719999999999999929e+01
1.119999999999999929e+01
1.119999999999999929e+01
1.109999999999999964e+01
1.330000000000000071e+01
1.559999999999999964e+01
2.460000000000000142e+01
3.250000000000000000e+01
4.729999999999999716e+01
5.320000000000000284e+01
7.309999999999999432e+01
7.509999999999999432e+01
9.429999999999999716e+01
9.500000000000000000e+01
9.350000000000000000e+01
9.809999999999999432e+01
9.959999999999999432e+01
9.959999999999999432e+01
9.970000000000000284e+01
9.970000000000000284e+01
9.959999999999999432e+01
9.970000000000000284e+01
9.970000000000000284e+01
9.970000000000000284e+01
9.979999999999999716e+01
9.990000000000000568e+01
9.990000000000000568e+01
9.990000000000000568e+01
9.990000000000000568e+01
9.990000000000000568e+01
9.990000000000000568e+01
9.990000000000000568e+01
9.990000000000000568e+01
9.990000000000000568e+01
9.990000000000000568e+01
9.990000000000000568e+01
9.990000000000000568e+01
9.990000000000000568e+01
9.990000000000000568e+01
