0.000000000000000000e+00
0.000000000000000000e+00
1.100000000000000000e+01
1.119999999999999929e+01
1.119999999999999929e+01
1.109999999999999964e+01
1.200000000000000000e+01
1.290000000000000036e+01
1.490000000000000036e+01
1.719999999999999929e+01
1.950000000000000000e+01
2.850000000000000000e+01
4.889999999999999858e+01
5.189999999999999858e+01
6.690000000000000568e+01
8.040000000000000568e+01
8.520000000000000284e+01
9.079999999999999716e+01
9.720000000000000284e+01
9.840000000000000568e+01
9.840000000000000568e+01
9.870000000000000284e+01
9.890000000000000568e+01
9.900000000000000000e+01
9.900000000000000000e+01
9.920000000000000284e+01
9.979999999999999716e+01
9.990000000000000568e+01
9.990000000000000568e+01
9.990000000000000568e+01
9.990000000000000568e+01
9.990000000000000568e+01
9.990000000000000568e+01
9.990000000000000568e+01
9.990000000000000568e+01
9.990000000000000568e+01
9.990000000000000568e+01
9.990000000000000568e+01
9.990000000000000568e+01
9.990000000000000568e+01
