2.800000007629394716e+00
4.019999987792968454e+01
3.859999981689453108e+01
1.819999998474121128e+01
4.799999972534179449e+01
2.139999999999999858e+01
2.400000003051757957e+01
3.059999996948242185e+01
5.200000000000000000e+01
6.239999975585937619e+01
5.399999978637695364e+01
7.159999999999999432e+01
4.800000006103515915e+01
6.059999987792969023e+01
3.859999972534179591e+01
2.259999989318847824e+01
8.279999987792969307e+01
5.759999987792969023e+01
3.699999969482421847e+01
4.339999981689452824e+01
5.679999993896484511e+01
3.859999969482421989e+01
4.400000003051757602e+01
6.079999984741210994e+01
7.379999999999999716e+01
7.179999963378905647e+01
4.120000006103515489e+01
7.999999988555908104e+00
5.219999993896484369e+01
9.139999969482421704e+01
5.060000000000000142e+01
7.219999978637694937e+01
8.459999938964843125e+01
6.099999990844726483e+01
6.159999975585937193e+01
5.839999969482421704e+01
4.680000006103515631e+01
7.459999969482421989e+01
8.339999969482421704e+01
7.299999984741211279e+01
8.039999963378906500e+01
1.860000003051757744e+01
6.279999978637695079e+01
9.180000006103514920e+01
6.579999963378905647e+01
6.379999981689453392e+01
7.979999951171875239e+01
6.860000006103516057e+01
7.659999951171874955e+01
9.779999963378905647e+01
8.139999957275391296e+01
7.999999951171875523e+01
3.279999986267090151e+01
8.859999938964843125e+01
3.659999984741210710e+01
5.979999993896484511e+01
5.119999969482422131e+01
3.679999972534179875e+01
5.720000003051757886e+01
7.559999993896484227e+01
9.159999975585937193e+01
6.980000006103514920e+01
9.680000006103514920e+01
8.300000006103515204e+01
8.419999938964843977e+01
4.979999990844726909e+01
9.020000012207030693e+01
6.619999978637694937e+01
7.619999957275391012e+01
7.439999957275391296e+01
8.239999951171874670e+01
7.799999957275390727e+01
7.739999987792968739e+01
9.340000006103515773e+01
7.919999987792968454e+01
8.959999938964843125e+01
8.599999951171875523e+01
7.859999957275390159e+01
8.319999975585938046e+01
2.299999992370605639e+01
7.739999963378906500e+01
6.960000006103516057e+01
9.779999969482422273e+01
9.379999969482422273e+01
9.680000006103514920e+01
9.959999963378906784e+01
9.660000006103516057e+01
9.720000000000000284e+01
9.719999975585938046e+01
9.659999999999999432e+01
9.540000006103515773e+01
9.779999999999999716e+01
9.679999963378905647e+01
9.700000006103515204e+01
9.679999999999999716e+01
9.559999969482421989e+01
9.540000000000000568e+01
9.839999963378906500e+01
9.679999963378905647e+01
9.759999963378906784e+01
9.639999963378906500e+01
9.559999963378906784e+01
9.579999963378905647e+01
9.559999999999999432e+01
9.579999969482422273e+01
9.759999969482421989e+01
9.780000006103514920e+01
9.720000006103515489e+01
9.700000000000000000e+01
9.839999969482421704e+01
9.500000006103515204e+01
9.719999963378906216e+01
9.419999975585938046e+01
9.639999969482421704e+01
9.679999999999999716e+01
9.560000006103516057e+01
9.659999963378906784e+01
9.579999969482422273e+01
9.579999999999999716e+01
9.740000000000000568e+01
9.619999963378906216e+01
9.879999999999999716e+01
9.840000000000000568e+01
9.939999963378906500e+01
9.920000000000000284e+01
9.959999963378906784e+01
9.940000000000000568e+01
9.899999963378905932e+01
9.880000006103514920e+01
9.940000000000000568e+01
9.879999963378905647e+01
9.959999999999999432e+01
9.979999999999999716e+01
9.940000000000000568e+01
9.840000000000000568e+01
9.820000006103515489e+01
9.839999963378906500e+01
9.820000000000000284e+01
9.840000006103515773e+01
9.820000006103515489e+01
9.799999963378905932e+01
9.820000000000000284e+01
9.840000006103515773e+01
9.780000006103514920e+01
9.820000000000000284e+01
9.820000000000000284e+01
9.840000000000000568e+01
9.840000000000000568e+01
9.819999963378906216e+01
9.720000012207030693e+01
9.819999963378906216e+01
9.819999963378906216e+01
9.760000006103516057e+01
9.720000000000000284e+01
9.760000006103516057e+01
9.840000000000000568e+01
9.840000000000000568e+01
9.839999963378906500e+01
9.859999963378906784e+01
9.819999963378906216e+01
9.799999963378905932e+01
9.820000000000000284e+01
9.819999963378906216e+01
9.820000000000000284e+01
9.839999963378906500e+01
9.820000006103515489e+01
9.720000000000000284e+01
9.819999969482421420e+01
9.760000006103516057e+01
9.839999963378906500e+01
9.840000000000000568e+01
9.839999963378906500e+01
9.840000000000000568e+01
9.759999963378906784e+01
9.840000000000000568e+01
9.839999963378906500e+01
9.859999999999999432e+01
9.819999963378906216e+01
9.759999999999999432e+01
9.759999963378906784e+01
9.859999963378906784e+01
9.839999963378906500e+01
9.820000006103515489e+01
9.759999999999999432e+01
9.819999963378906216e+01
9.819999963378906216e+01
9.840000000000000568e+01
9.840000000000000568e+01
9.779999963378905647e+01
9.840000000000000568e+01
9.840000000000000568e+01
9.759999963378906784e+01
9.799999963378905932e+01
9.819999963378906216e+01
9.840000000000000568e+01
9.840000000000000568e+01
9.840000000000000568e+01
9.820000006103515489e+01
9.840000000000000568e+01
9.840000006103515773e+01
9.819999963378906216e+01
9.839999963378906500e+01
9.819999969482421420e+01
9.840000000000000568e+01
9.819999963378906216e+01
9.819999963378906216e+01
9.839999963378906500e+01
9.840000012207030977e+01
9.879999963378905647e+01
9.820000006103515489e+01
9.800000006103515204e+01
9.799999963378905932e+01
9.839999963378906500e+01
9.840000000000000568e+01
9.839999963378906500e+01
9.840000000000000568e+01
9.759999963378906784e+01
9.819999963378906216e+01
9.799999963378905932e+01
9.839999963378906500e+01
9.820000000000000284e+01
9.740000000000000568e+01
9.840000000000000568e+01
9.840000000000000568e+01
9.800000000000000000e+01
9.819999963378906216e+01
9.840000006103515773e+01
9.799999963378905932e+01
9.839999963378906500e+01
9.840000006103515773e+01
9.780000006103514920e+01
9.799999963378905932e+01
9.819999963378906216e+01
9.819999963378906216e+01
9.859999963378906784e+01
9.820000000000000284e+01
9.840000000000000568e+01
9.839999963378906500e+01
9.820000000000000284e+01
9.859999999999999432e+01
9.779999999999999716e+01
9.759999963378906784e+01
9.839999963378906500e+01
9.779999999999999716e+01
9.799999963378905932e+01
9.820000006103515489e+01
9.779999969482422273e+01
9.840000000000000568e+01
9.799999963378905932e+01
9.840000000000000568e+01
9.759999963378906784e+01
9.800000000000000000e+01
9.840000006103515773e+01
9.759999969482421989e+01
9.819999963378906216e+01
9.840000000000000568e+01
9.839999969482421704e+01
9.820000000000000284e+01
9.819999963378906216e+01
9.820000000000000284e+01
9.820000000000000284e+01
9.820000000000000284e+01
9.740000000000000568e+01
9.800000000000000000e+01
9.820000000000000284e+01
9.819999963378906216e+01
9.779999963378905647e+01
9.819999963378906216e+01
9.819999963378906216e+01
9.740000000000000568e+01
9.819999963378906216e+01
9.800000006103515204e+01
9.819999963378906216e+01
9.820000000000000284e+01
9.800000000000000000e+01
9.759999963378906784e+01
9.799999963378905932e+01
9.700000000000000000e+01
9.820000006103515489e+01
9.779999963378905647e+01
9.840000000000000568e+01
9.820000000000000284e+01
9.859999999999999432e+01
9.819999963378906216e+01
9.820000006103515489e+01
9.799999969482422557e+01
9.799999963378905932e+01
9.820000006103515489e+01
9.840000000000000568e+01
9.820000006103515489e+01
9.859999963378906784e+01
9.739999963378906500e+01
9.820000000000000284e+01
9.840000006103515773e+01
9.820000000000000284e+01
9.839999969482421704e+01
9.859999999999999432e+01
9.839999963378906500e+01
9.840000000000000568e+01
9.819999963378906216e+01
9.840000006103515773e+01
9.760000006103516057e+01
9.759999999999999432e+01
9.839999963378906500e+01
9.779999969482422273e+01
9.740000000000000568e+01
9.759999999999999432e+01
9.839999963378906500e+01
9.820000006103515489e+01
9.759999963378906784e+01
9.820000000000000284e+01
9.799999963378905932e+01
9.739999969482421704e+01
9.780000006103514920e+01
9.759999999999999432e+01
9.779999963378905647e+01
9.779999999999999716e+01
9.699999969482422557e+01
9.779999963378905647e+01
9.819999963378906216e+01
9.799999963378905932e+01
9.839999963378906500e+01
9.859999999999999432e+01
9.779999963378905647e+01
9.820000000000000284e+01
9.759999999999999432e+01
9.859999963378906784e+01
9.779999963378905647e+01
9.739999963378906500e+01
9.800000000000000000e+01
9.800000000000000000e+01
9.779999963378905647e+01
9.820000000000000284e+01
9.759999999999999432e+01
9.780000006103514920e+01
9.819999963378906216e+01
9.819999963378906216e+01
9.840000000000000568e+01
9.819999963378906216e+01
9.799999969482422557e+01
9.819999963378906216e+01
9.819999963378906216e+01
9.779999963378905647e+01
9.759999999999999432e+01
9.879999963378905647e+01
9.859999999999999432e+01
9.759999963378906784e+01
9.799999963378905932e+01
9.760000006103516057e+01
9.839999963378906500e+01
9.820000000000000284e+01
9.800000000000000000e+01
9.799999963378905932e+01
9.779999963378905647e+01
9.820000000000000284e+01
9.920000000000000284e+01
9.759999963378906784e+01
9.859999999999999432e+01
9.679999963378905647e+01
9.740000006103515773e+01
9.740000000000000568e+01
9.780000006103514920e+01
9.820000000000000284e+01
9.759999969482421989e+01
9.900000000000000000e+01
9.820000000000000284e+01
9.820000000000000284e+01
9.759999963378906784e+01
9.779999999999999716e+01
9.759999999999999432e+01
9.820000000000000284e+01
9.880000006103514920e+01
9.760000006103516057e+01
9.620000006103515489e+01
9.759999963378906784e+01
9.720000006103515489e+01
9.800000000000000000e+01
9.759999999999999432e+01
9.800000000000000000e+01
9.819999963378906216e+01
9.779999999999999716e+01
9.800000000000000000e+01
9.820000000000000284e+01
9.760000006103516057e+01
9.779999963378905647e+01
9.739999963378906500e+01
9.719999963378906216e+01
9.759999963378906784e+01
9.820000000000000284e+01
9.779999963378905647e+01
9.840000000000000568e+01
9.759999999999999432e+01
9.840000006103515773e+01
9.840000006103515773e+01
9.759999963378906784e+01
9.800000000000000000e+01
9.840000000000000568e+01
9.879999969482422273e+01
9.780000006103514920e+01
9.820000006103515489e+01
9.779999999999999716e+01
9.820000000000000284e+01
9.759999999999999432e+01
9.759999969482421989e+01
9.759999999999999432e+01
9.720000006103515489e+01
9.739999963378906500e+01
9.819999963378906216e+01
9.739999969482421704e+01
9.759999963378906784e+01
9.739999969482421704e+01
9.839999963378906500e+01
9.820000000000000284e+01
9.779999963378905647e+01
9.660000006103516057e+01
9.779999963378905647e+01
9.739999963378906500e+01
9.739999975585936909e+01
9.800000000000000000e+01
9.739999963378906500e+01
9.720000006103515489e+01
9.819999963378906216e+01
9.759999963378906784e+01
9.740000006103515773e+01
9.859999999999999432e+01
9.779999999999999716e+01
9.759999999999999432e+01
9.839999963378906500e+01
9.839999963378906500e+01
9.719999963378906216e+01
9.779999969482422273e+01
9.740000006103515773e+01
9.659999969482421989e+01
9.719999969482421420e+01
9.820000006103515489e+01
9.719999963378906216e+01
9.780000012207031546e+01
9.779999963378905647e+01
9.820000006103515489e+01
9.740000000000000568e+01
9.779999963378905647e+01
9.679999963378905647e+01
9.699999963378905932e+01
9.740000006103515773e+01
9.740000006103515773e+01
9.820000000000000284e+01
9.820000000000000284e+01
9.800000000000000000e+01
9.800000006103515204e+01
9.820000000000000284e+01
9.799999963378905932e+01
9.780000006103514920e+01
9.759999963378906784e+01
9.719999969482421420e+01
9.800000000000000000e+01
9.719999963378906216e+01
9.820000006103515489e+01
9.820000006103515489e+01
9.700000006103515204e+01
9.759999963378906784e+01
9.879999999999999716e+01
9.759999999999999432e+01
9.800000000000000000e+01
9.900000000000000000e+01
9.800000000000000000e+01
9.819999963378906216e+01
9.719999963378906216e+01
9.720000006103515489e+01
9.800000000000000000e+01
9.800000006103515204e+01
9.800000006103515204e+01
9.779999999999999716e+01
9.740000006103515773e+01
9.719999963378906216e+01
9.780000006103514920e+01
9.800000006103515204e+01
9.759999999999999432e+01
9.739999969482421704e+01
9.820000000000000284e+01
9.720000000000000284e+01
9.739999963378906500e+01
9.799999963378905932e+01
9.800000000000000000e+01
9.739999963378906500e+01
9.839999963378906500e+01
9.779999963378905647e+01
9.879999999999999716e+01
9.799999963378905932e+01
9.740000000000000568e+01
9.839999963378906500e+01
9.879999963378905647e+01
9.879999963378905647e+01
9.900000000000000000e+01
9.800000000000000000e+01
9.820000000000000284e+01
9.759999969482421989e+01
9.740000000000000568e+01
9.840000000000000568e+01
9.800000000000000000e+01
9.840000000000000568e+01
9.800000000000000000e+01
9.800000006103515204e+01
9.779999963378905647e+01
9.779999999999999716e+01
9.719999969482421420e+01
9.820000000000000284e+01
9.879999963378905647e+01
9.800000006103515204e+01
9.820000000000000284e+01
9.800000000000000000e+01
9.739999969482421704e+01
9.799999963378905932e+01
9.819999963378906216e+01
9.879999999999999716e+01
9.700000006103515204e+01
9.820000006103515489e+01
9.740000012207030977e+01
9.819999963378906216e+01
9.859999999999999432e+01
9.899999963378905932e+01
9.920000000000000284e+01
9.900000000000000000e+01
9.879999963378905647e+01
9.819999963378906216e+01
9.760000006103516057e+01
9.719999963378906216e+01
9.719999969482421420e+01
9.779999963378905647e+01
9.740000000000000568e+01
9.759999969482421989e+01
9.799999963378905932e+01
9.679999999999999716e+01
9.779999963378905647e+01
9.780000006103514920e+01
9.799999963378905932e+01
9.820000006103515489e+01
9.820000006103515489e+01
9.779999963378905647e+01
9.839999963378906500e+01
9.700000006103515204e+01
9.840000000000000568e+01
9.780000006103514920e+01
9.719999963378906216e+01
9.720000006103515489e+01
9.820000006103515489e+01
9.820000000000000284e+01
9.819999963378906216e+01
9.879999999999999716e+01
9.819999963378906216e+01
9.840000000000000568e+01
9.799999963378905932e+01
9.800000000000000000e+01
9.820000000000000284e+01
9.840000000000000568e+01
9.720000012207030693e+01
9.739999969482421704e+01
9.840000006103515773e+01
9.780000006103514920e+01
9.760000006103516057e+01
9.840000000000000568e+01
9.779999963378905647e+01
9.819999963378906216e+01
9.780000006103514920e+01
9.759999963378906784e+01
9.820000006103515489e+01
9.759999963378906784e+01
9.759999969482421989e+01
9.840000006103515773e+01
9.800000000000000000e+01
9.699999963378905932e+01
9.800000006103515204e+01
9.779999963378905647e+01
9.820000000000000284e+01
9.800000000000000000e+01
9.760000006103516057e+01
9.779999963378905647e+01
9.779999963378905647e+01
9.759999963378906784e+01
9.760000006103516057e+01
9.759999963378906784e+01
9.779999963378905647e+01
9.779999963378905647e+01
9.759999963378906784e+01
9.819999963378906216e+01
9.819999963378906216e+01
9.820000012207030693e+01
9.760000006103516057e+01
9.780000006103514920e+01
9.819999963378906216e+01
9.799999963378905932e+01
9.780000006103514920e+01
9.840000000000000568e+01
9.739999969482421704e+01
9.799999969482422557e+01
9.779999999999999716e+01
9.739999963378906500e+01
9.779999969482422273e+01
9.840000000000000568e+01
9.799999963378905932e+01
9.760000006103516057e+01
9.839999963378906500e+01
9.720000000000000284e+01
9.759999963378906784e+01
9.780000006103514920e+01
9.799999969482422557e+01
9.799999963378905932e+01
9.719999963378906216e+01
9.800000000000000000e+01
9.800000006103515204e+01
9.760000006103516057e+01
9.779999969482422273e+01
9.820000006103515489e+01
9.839999969482421704e+01
9.800000000000000000e+01
9.719999963378906216e+01
9.739999963378906500e+01
9.659999999999999432e+01
9.759999963378906784e+01
9.779999999999999716e+01
9.779999999999999716e+01
9.759999963378906784e+01
9.839999963378906500e+01
9.779999963378905647e+01
9.779999963378905647e+01
9.799999963378905932e+01
9.759999999999999432e+01
9.679999963378905647e+01
9.759999963378906784e+01
9.759999999999999432e+01
9.779999963378905647e+01
9.800000000000000000e+01
9.759999999999999432e+01
9.799999963378905932e+01
9.859999963378906784e+01
9.780000006103514920e+01
9.779999963378905647e+01
9.779999963378905647e+01
9.879999999999999716e+01
9.900000000000000000e+01
9.779999963378905647e+01
9.859999999999999432e+01
9.799999963378905932e+01
9.739999963378906500e+01
9.859999963378906784e+01
9.840000006103515773e+01
9.779999963378905647e+01
9.819999963378906216e+01
9.780000006103514920e+01
9.700000006103515204e+01
9.859999999999999432e+01
9.779999963378905647e+01
9.840000000000000568e+01
9.779999999999999716e+01
9.779999969482422273e+01
9.820000000000000284e+01
9.759999999999999432e+01
9.719999963378906216e+01
9.800000006103515204e+01
9.800000006103515204e+01
9.740000006103515773e+01
9.740000006103515773e+01
9.840000000000000568e+01
9.859999999999999432e+01
9.779999963378905647e+01
9.779999999999999716e+01
9.780000006103514920e+01
9.780000006103514920e+01
9.760000006103516057e+01
9.760000006103516057e+01
9.779999999999999716e+01
9.740000006103515773e+01
9.820000000000000284e+01
9.720000006103515489e+01
9.740000006103515773e+01
9.759999963378906784e+01
9.820000006103515489e+01
9.740000000000000568e+01
9.800000006103515204e+01
9.759999963378906784e+01
9.740000000000000568e+01
9.800000006103515204e+01
9.799999963378905932e+01
9.739999969482421704e+01
9.819999963378906216e+01
9.799999963378905932e+01
9.820000000000000284e+01
9.779999999999999716e+01
9.799999963378905932e+01
9.759999999999999432e+01
9.740000000000000568e+01
9.799999963378905932e+01
9.759999999999999432e+01
9.820000000000000284e+01
9.740000006103515773e+01
9.899999963378905932e+01
9.819999963378906216e+01
9.839999963378906500e+01
9.739999963378906500e+01
9.739999963378906500e+01
9.779999999999999716e+01
9.879999963378905647e+01
9.780000006103514920e+01
9.859999963378906784e+01
9.739999969482421704e+01
9.800000000000000000e+01
9.819999963378906216e+01
9.740000000000000568e+01
9.800000006103515204e+01
9.779999999999999716e+01
9.740000000000000568e+01
9.879999999999999716e+01
9.740000006103515773e+01
9.740000000000000568e+01
9.760000006103516057e+01
9.680000012207031546e+01
9.759999969482421989e+01
9.799999963378905932e+01
9.740000000000000568e+01
9.739999963378906500e+01
9.739999963378906500e+01
9.759999963378906784e+01
9.839999963378906500e+01
9.780000006103514920e+01
9.740000000000000568e+01
9.740000006103515773e+01
9.740000006103515773e+01
9.759999999999999432e+01
9.739999963378906500e+01
9.739999969482421704e+01
9.759999999999999432e+01
9.759999963378906784e+01
9.800000000000000000e+01
9.740000006103515773e+01
9.779999969482422273e+01
9.820000000000000284e+01
9.800000000000000000e+01
9.720000006103515489e+01
9.779999969482422273e+01
9.819999963378906216e+01
9.779999963378905647e+01
9.760000006103516057e+01
9.779999963378905647e+01
9.799999963378905932e+01
9.799999963378905932e+01
9.719999963378906216e+01
9.739999969482421704e+01
9.740000000000000568e+01
9.739999963378906500e+01
9.740000006103515773e+01
9.780000006103514920e+01
9.740000006103515773e+01
9.759999999999999432e+01
9.819999963378906216e+01
9.840000000000000568e+01
9.759999963378906784e+01
9.740000012207030977e+01
9.740000006103515773e+01
9.740000006103515773e+01
9.800000006103515204e+01
9.739999963378906500e+01
9.740000006103515773e+01
9.780000006103514920e+01
9.819999963378906216e+01
9.760000006103516057e+01
9.779999969482422273e+01
9.739999963378906500e+01
9.740000006103515773e+01
9.739999963378906500e+01
9.799999963378905932e+01
9.800000000000000000e+01
9.740000000000000568e+01
9.759999969482421989e+01
9.800000000000000000e+01
9.740000006103515773e+01
9.720000000000000284e+01
9.739999963378906500e+01
9.740000006103515773e+01
9.740000000000000568e+01
9.740000000000000568e+01
9.779999969482422273e+01
9.759999969482421989e+01
9.779999999999999716e+01
9.739999963378906500e+01
9.759999969482421989e+01
9.759999963378906784e+01
9.800000006103515204e+01
9.739999963378906500e+01
9.779999999999999716e+01
9.700000000000000000e+01
9.779999963378905647e+01
9.840000006103515773e+01
9.739999969482421704e+01
9.759999963378906784e+01
9.759999963378906784e+01
9.819999963378906216e+01
9.779999999999999716e+01
9.820000000000000284e+01
9.859999999999999432e+01
9.779999969482422273e+01
9.779999999999999716e+01
9.740000000000000568e+01
9.719999963378906216e+01
9.719999969482421420e+01
9.720000012207030693e+01
9.820000000000000284e+01
9.740000006103515773e+01
9.759999999999999432e+01
9.740000006103515773e+01
9.719999963378906216e+01
9.720000006103515489e+01
9.759999999999999432e+01
9.719999969482421420e+01
9.859999963378906784e+01
9.859999963378906784e+01
9.779999999999999716e+01
9.740000006103515773e+01
9.800000000000000000e+01
9.779999963378905647e+01
9.720000006103515489e+01
9.759999963378906784e+01
9.740000006103515773e+01
9.760000006103516057e+01
9.719999963378906216e+01
9.739999963378906500e+01
9.800000000000000000e+01
9.759999999999999432e+01
9.819999963378906216e+01
9.759999963378906784e+01
9.720000006103515489e+01
9.779999963378905647e+01
9.779999969482422273e+01
9.780000006103514920e+01
9.759999963378906784e+01
9.840000006103515773e+01
9.820000000000000284e+01
9.800000000000000000e+01
9.859999999999999432e+01
9.799999963378905932e+01
9.739999963378906500e+01
9.779999999999999716e+01
9.779999963378905647e+01
9.839999963378906500e+01
9.819999963378906216e+01
9.839999963378906500e+01
9.719999969482421420e+01
9.800000006103515204e+01
9.779999969482422273e+01
9.820000006103515489e+01
9.779999999999999716e+01
9.779999963378905647e+01
9.840000000000000568e+01
9.760000006103516057e+01
9.779999963378905647e+01
9.819999963378906216e+01
9.900000006103515204e+01
9.879999999999999716e+01
9.719999963378906216e+01
9.820000006103515489e+01
9.920000000000000284e+01
9.779999969482422273e+01
9.820000006103515489e+01
9.799999963378905932e+01
9.780000006103514920e+01
9.779999963378905647e+01
9.820000000000000284e+01
9.800000000000000000e+01
9.779999963378905647e+01
9.800000006103515204e+01
9.859999963378906784e+01
9.779999963378905647e+01
9.779999963378905647e+01
9.760000006103516057e+01
9.740000012207030977e+01
9.720000006103515489e+01
9.819999963378906216e+01
9.779999963378905647e+01
9.820000000000000284e+01
9.799999963378905932e+01
9.779999999999999716e+01
9.779999969482422273e+01
9.779999963378905647e+01
9.759999999999999432e+01
9.879999999999999716e+01
9.840000000000000568e+01
9.759999999999999432e+01
9.780000006103514920e+01
9.840000000000000568e+01
9.759999963378906784e+01
9.840000000000000568e+01
9.859999963378906784e+01
9.719999963378906216e+01
9.759999999999999432e+01
9.820000000000000284e+01
9.779999969482422273e+01
9.759999999999999432e+01
9.840000000000000568e+01
9.739999963378906500e+01
9.740000006103515773e+01
9.720000006103515489e+01
9.739999963378906500e+01
9.819999963378906216e+01
9.720000006103515489e+01
9.720000012207030693e+01
9.740000000000000568e+01
9.720000006103515489e+01
9.759999963378906784e+01
9.859999999999999432e+01
9.759999963378906784e+01
9.819999963378906216e+01
9.779999999999999716e+01
9.740000006103515773e+01
9.760000006103516057e+01
9.799999963378905932e+01
9.780000006103514920e+01
9.800000006103515204e+01
9.800000006103515204e+01
9.779999963378905647e+01
9.799999963378905932e+01
9.779999963378905647e+01
9.699999969482422557e+01
9.740000006103515773e+01
9.740000006103515773e+01
9.719999963378906216e+01
9.839999963378906500e+01
9.720000006103515489e+01
9.759999963378906784e+01
9.860000006103516057e+01
9.720000012207030693e+01
9.759999999999999432e+01
9.719999963378906216e+01
9.759999963378906784e+01
9.840000000000000568e+01
9.699999969482422557e+01
9.799999963378905932e+01
9.879999999999999716e+01
9.819999963378906216e+01
9.720000000000000284e+01
9.859999999999999432e+01
9.739999963378906500e+01
9.799999963378905932e+01
9.739999963378906500e+01
9.759999963378906784e+01
9.759999963378906784e+01
9.720000006103515489e+01
9.719999963378906216e+01
9.759999999999999432e+01
9.759999963378906784e+01
9.759999969482421989e+01
9.760000006103516057e+01
9.800000006103515204e+01
9.719999963378906216e+01
9.739999963378906500e+01
9.740000000000000568e+01
9.739999963378906500e+01
9.719999969482421420e+01
9.740000006103515773e+01
9.720000000000000284e+01
9.719999963378906216e+01
9.719999963378906216e+01
9.819999963378906216e+01
9.780000006103514920e+01
9.759999963378906784e+01
9.779999999999999716e+01
9.779999963378905647e+01
9.799999963378905932e+01
9.800000000000000000e+01
9.780000006103514920e+01
9.700000006103515204e+01
9.719999963378906216e+01
9.699999969482422557e+01
9.800000006103515204e+01
9.700000006103515204e+01
9.759999999999999432e+01
9.879999999999999716e+01
9.800000000000000000e+01
9.799999963378905932e+01
9.739999963378906500e+01
9.780000006103514920e+01
9.699999969482422557e+01
9.759999963378906784e+01
9.719999963378906216e+01
9.740000006103515773e+01
9.820000000000000284e+01
9.739999969482421704e+01
9.819999963378906216e+01
9.779999963378905647e+01
9.739999969482421704e+01
9.679999963378905647e+01
9.739999963378906500e+01
9.859999999999999432e+01
9.819999963378906216e+01
9.920000000000000284e+01
9.819999963378906216e+01
9.819999963378906216e+01
9.740000006103515773e+01
9.720000000000000284e+01
9.819999963378906216e+01
9.720000006103515489e+01
9.840000000000000568e+01
9.780000006103514920e+01
9.819999963378906216e+01
9.819999963378906216e+01
9.819999969482421420e+01
9.839999963378906500e+01
9.759999999999999432e+01
9.740000006103515773e+01
9.799999963378905932e+01
9.700000006103515204e+01
9.820000000000000284e+01
9.779999999999999716e+01
9.760000006103516057e+01
9.779999963378905647e+01
9.800000000000000000e+01
9.840000006103515773e+01
9.779999999999999716e+01
9.720000006103515489e+01
9.840000000000000568e+01
9.799999963378905932e+01
9.859999999999999432e+01
9.700000000000000000e+01
9.740000012207030977e+01
9.740000000000000568e+01
9.859999963378906784e+01
9.780000006103514920e+01
9.779999999999999716e+01
9.720000000000000284e+01
9.799999963378905932e+01
9.819999963378906216e+01
9.800000000000000000e+01
9.820000000000000284e+01
9.760000006103516057e+01
9.819999963378906216e+01
9.800000000000000000e+01
9.779999963378905647e+01
9.739999963378906500e+01
9.799999963378905932e+01
9.799999963378905932e+01
9.819999963378906216e+01
9.800000000000000000e+01
9.779999975585937477e+01
9.759999963378906784e+01
9.840000006103515773e+01
9.799999963378905932e+01
9.859999963378906784e+01
9.819999963378906216e+01
9.740000000000000568e+01
9.839999963378906500e+01
9.780000006103514920e+01
9.800000000000000000e+01
9.840000006103515773e+01
9.760000006103516057e+01
9.700000006103515204e+01
9.739999963378906500e+01
9.900000000000000000e+01
9.760000006103516057e+01
9.880000006103514920e+01
9.740000000000000568e+01
9.779999999999999716e+01
9.879999999999999716e+01
9.780000006103514920e+01
9.879999999999999716e+01
9.900000000000000000e+01
9.840000006103515773e+01
9.859999963378906784e+01
9.819999963378906216e+01
9.760000006103516057e+01
9.779999963378905647e+01
9.760000006103516057e+01
9.859999963378906784e+01
9.759999963378906784e+01
9.800000006103515204e+01
9.779999969482422273e+01
9.820000006103515489e+01
9.819999963378906216e+01
9.820000000000000284e+01
9.840000000000000568e+01
9.820000000000000284e+01
9.820000000000000284e+01
9.859999999999999432e+01
9.759999999999999432e+01
9.780000006103514920e+01
9.759999963378906784e+01
9.720000006103515489e+01
9.799999963378905932e+01
9.740000000000000568e+01
9.800000000000000000e+01
9.840000000000000568e+01
9.779999963378905647e+01
9.840000000000000568e+01
9.779999963378905647e+01
9.799999963378905932e+01
9.800000000000000000e+01
9.840000006103515773e+01
9.759999999999999432e+01
9.779999999999999716e+01
9.779999963378905647e+01
9.859999999999999432e+01
9.779999999999999716e+01
9.819999963378906216e+01
9.860000006103516057e+01
9.760000006103516057e+01
9.780000006103514920e+01
9.739999963378906500e+01
9.759999963378906784e+01
9.740000000000000568e+01
9.859999963378906784e+01
9.740000006103515773e+01
9.819999963378906216e+01
9.719999963378906216e+01
9.840000000000000568e+01
9.820000000000000284e+01
9.779999999999999716e+01
9.739999963378906500e+01
9.739999963378906500e+01
9.859999999999999432e+01
9.859999963378906784e+01
9.820000006103515489e+01
9.799999963378905932e+01
9.800000000000000000e+01
9.799999963378905932e+01
9.839999963378906500e+01
9.699999963378905932e+01
9.740000006103515773e+01
9.819999963378906216e+01
9.739999969482421704e+01
9.739999963378906500e+01
9.759999963378906784e+01
9.799999963378905932e+01
9.800000000000000000e+01
9.739999963378906500e+01
9.779999963378905647e+01
9.779999999999999716e+01
9.779999963378905647e+01
9.839999969482421704e+01
9.780000006103514920e+01
9.800000000000000000e+01
9.820000000000000284e+01
9.740000000000000568e+01
9.859999963378906784e+01
9.699999969482422557e+01
9.759999963378906784e+01
9.800000000000000000e+01
9.759999969482421989e+01
9.739999963378906500e+01
9.679999975585937477e+01
9.779999969482422273e+01
9.720000000000000284e+01
9.780000006103514920e+01
9.819999963378906216e+01
9.799999963378905932e+01
9.759999999999999432e+01
9.819999963378906216e+01
9.799999963378905932e+01
9.759999963378906784e+01
9.739999963378906500e+01
9.820000012207030693e+01
9.899999963378905932e+01
9.799999963378905932e+01
9.819999963378906216e+01
9.760000006103516057e+01
9.680000006103514920e+01
9.800000000000000000e+01
9.819999963378906216e+01
9.859999999999999432e+01
9.799999963378905932e+01
9.819999963378906216e+01
9.839999963378906500e+01
9.779999999999999716e+01
9.799999963378905932e+01
9.820000000000000284e+01
9.779999999999999716e+01
9.779999999999999716e+01
9.819999963378906216e+01
9.799999963378905932e+01
9.840000006103515773e+01
9.779999999999999716e+01
9.819999963378906216e+01
9.840000000000000568e+01
9.800000000000000000e+01
9.840000006103515773e+01
9.879999999999999716e+01
9.799999963378905932e+01
9.819999963378906216e+01
9.759999969482421989e+01
9.820000000000000284e+01
9.779999999999999716e+01
9.720000006103515489e+01
9.820000006103515489e+01
9.820000006103515489e+01
9.839999963378906500e+01
9.859999963378906784e+01
9.820000006103515489e+01
9.799999963378905932e+01
9.779999963378905647e+01
9.799999963378905932e+01
9.820000006103515489e+01
9.759999963378906784e+01
9.820000006103515489e+01
9.719999975585938046e+01
9.820000006103515489e+01
9.759999999999999432e+01
9.819999963378906216e+01
9.820000006103515489e+01
9.840000000000000568e+01
9.800000006103515204e+01
9.779999963378905647e+01
9.839999963378906500e+01
9.819999963378906216e+01
9.839999963378906500e+01
9.799999963378905932e+01
9.819999963378906216e+01
9.840000000000000568e+01
9.900000000000000000e+01
9.800000000000000000e+01
9.800000000000000000e+01
9.819999969482421420e+01
9.820000000000000284e+01
9.819999969482421420e+01
9.799999963378905932e+01
9.859999963378906784e+01
9.779999999999999716e+01
9.719999963378906216e+01
9.800000000000000000e+01
9.840000000000000568e+01
9.759999969482421989e+01
9.739999963378906500e+01
9.800000000000000000e+01
9.859999999999999432e+01
9.799999969482422557e+01
9.799999963378905932e+01
9.779999999999999716e+01
9.800000000000000000e+01
9.759999963378906784e+01
9.700000000000000000e+01
9.740000012207030977e+01
9.760000006103516057e+01
9.699999963378905932e+01
9.840000000000000568e+01
9.800000000000000000e+01
9.820000000000000284e+01
9.819999963378906216e+01
9.799999963378905932e+01
9.819999963378906216e+01
9.839999963378906500e+01
9.779999999999999716e+01
9.800000000000000000e+01
9.799999963378905932e+01
9.740000000000000568e+01
9.819999963378906216e+01
9.759999963378906784e+01
9.800000000000000000e+01
9.839999963378906500e+01
9.799999963378905932e+01
9.779999963378905647e+01
9.779999999999999716e+01
9.840000000000000568e+01
9.800000000000000000e+01
9.779999999999999716e+01
9.740000006103515773e+01
9.759999963378906784e+01
9.779999999999999716e+01
9.819999963378906216e+01
9.840000006103515773e+01
9.820000000000000284e+01
9.819999963378906216e+01
9.520000006103515489e+01
9.819999963378906216e+01
9.740000006103515773e+01
9.859999963378906784e+01
9.800000000000000000e+01
9.900000000000000000e+01
9.800000006103515204e+01
9.819999963378906216e+01
9.759999999999999432e+01
9.799999963378905932e+01
9.820000000000000284e+01
9.779999999999999716e+01
9.800000006103515204e+01
9.819999963378906216e+01
9.779999999999999716e+01
9.900000000000000000e+01
9.879999999999999716e+01
9.759999963378906784e+01
9.779999963378905647e+01
9.779999999999999716e+01
9.720000006103515489e+01
9.700000000000000000e+01
9.740000006103515773e+01
9.780000006103514920e+01
9.779999963378905647e+01
9.759999999999999432e+01
9.820000000000000284e+01
9.859999963378906784e+01
9.720000006103515489e+01
9.820000000000000284e+01
9.819999963378906216e+01
9.799999963378905932e+01
9.779999963378905647e+01
9.800000000000000000e+01
9.700000006103515204e+01
9.819999963378906216e+01
9.839999963378906500e+01
9.799999963378905932e+01
9.800000000000000000e+01
9.800000000000000000e+01
9.799999963378905932e+01
9.919999963378906216e+01
9.779999963378905647e+01
9.859999963378906784e+01
9.840000000000000568e+01
9.779999969482422273e+01
9.800000006103515204e+01
9.819999963378906216e+01
9.819999963378906216e+01
9.879999999999999716e+01
9.560000012207031261e+01
9.780000006103514920e+01
9.879999999999999716e+01
9.680000006103514920e+01
9.820000000000000284e+01
9.859999999999999432e+01
9.799999963378905932e+01
9.819999963378906216e+01
9.879999963378905647e+01
9.799999969482422557e+01
9.819999969482421420e+01
9.840000000000000568e+01
9.679999999999999716e+01
9.800000000000000000e+01
9.840000006103515773e+01
9.820000000000000284e+01
9.759999969482421989e+01
9.820000006103515489e+01
9.780000006103514920e+01
9.800000000000000000e+01
9.779999963378905647e+01
9.759999963378906784e+01
9.779999999999999716e+01
9.780000012207031546e+01
9.760000006103516057e+01
9.800000000000000000e+01
9.800000000000000000e+01
9.800000000000000000e+01
9.759999999999999432e+01
9.859999999999999432e+01
9.840000000000000568e+01
9.840000000000000568e+01
9.859999999999999432e+01
9.900000000000000000e+01
9.840000000000000568e+01
9.819999963378906216e+01
9.640000006103515773e+01
9.819999963378906216e+01
9.779999999999999716e+01
9.820000000000000284e+01
9.859999999999999432e+01
9.879999963378905647e+01
9.840000000000000568e+01
9.859999999999999432e+01
9.399999975585937761e+01
9.759999963378906784e+01
9.759999963378906784e+01
9.739999963378906500e+01
9.800000006103515204e+01
9.819999969482421420e+01
9.820000000000000284e+01
9.820000000000000284e+01
9.760000012207031261e+01
9.819999963378906216e+01
9.640000006103515773e+01
9.800000006103515204e+01
9.879999999999999716e+01
9.879999963378905647e+01
9.739999963378906500e+01
9.660000012207031261e+01
9.820000000000000284e+01
9.740000000000000568e+01
9.740000012207030977e+01
9.759999999999999432e+01
9.839999963378906500e+01
9.720000000000000284e+01
9.719999963378906216e+01
9.820000000000000284e+01
9.800000000000000000e+01
9.819999963378906216e+01
9.820000006103515489e+01
9.820000000000000284e+01
9.859999963378906784e+01
9.820000000000000284e+01
9.660000006103516057e+01
9.800000006103515204e+01
9.800000006103515204e+01
9.640000012207030977e+01
9.699999963378905932e+01
9.799999963378905932e+01
9.719999969482421420e+01
9.520000000000000284e+01
9.759999963378906784e+01
9.800000000000000000e+01
9.820000000000000284e+01
9.679999999999999716e+01
9.820000000000000284e+01
9.799999963378905932e+01
9.739999969482421704e+01
9.779999999999999716e+01
9.800000000000000000e+01
9.759999963378906784e+01
9.759999963378906784e+01
9.779999999999999716e+01
9.759999963378906784e+01
9.720000000000000284e+01
9.799999963378905932e+01
9.779999963378905647e+01
9.839999969482421704e+01
9.879999999999999716e+01
9.839999963378906500e+01
9.720000006103515489e+01
9.779999999999999716e+01
9.720000012207030693e+01
9.700000006103515204e+01
9.800000000000000000e+01
9.779999963378905647e+01
9.879999999999999716e+01
9.740000006103515773e+01
9.799999963378905932e+01
9.839999969482421704e+01
9.840000000000000568e+01
9.820000000000000284e+01
9.720000000000000284e+01
9.840000000000000568e+01
9.940000000000000568e+01
9.800000006103515204e+01
9.839999963378906500e+01
9.820000000000000284e+01
9.700000006103515204e+01
9.660000006103516057e+01
9.720000006103515489e+01
9.839999963378906500e+01
9.779999963378905647e+01
9.779999963378905647e+01
9.900000000000000000e+01
9.720000000000000284e+01
9.560000006103516057e+01
9.780000006103514920e+01
9.779999963378905647e+01
9.859999999999999432e+01
9.800000000000000000e+01
9.740000000000000568e+01
9.760000006103516057e+01
9.779999963378905647e+01
9.879999999999999716e+01
9.720000000000000284e+01
9.780000012207031546e+01
9.800000006103515204e+01
9.859999999999999432e+01
9.819999963378906216e+01
9.899999963378905932e+01
9.799999963378905932e+01
9.720000006103515489e+01
9.900000000000000000e+01
9.799999963378905932e+01
9.660000006103516057e+01
9.759999963378906784e+01
9.819999963378906216e+01
9.780000006103514920e+01
9.839999963378906500e+01
9.779999963378905647e+01
9.859999999999999432e+01
9.739999963378906500e+01
9.779999999999999716e+01
9.780000006103514920e+01
9.759999963378906784e+01
9.740000006103515773e+01
9.580000006103514920e+01
9.739999969482421704e+01
9.800000000000000000e+01
9.760000006103516057e+01
9.759999963378906784e+01
9.680000006103514920e+01
9.759999963378906784e+01
9.679999999999999716e+01
9.799999963378905932e+01
9.679999999999999716e+01
9.820000000000000284e+01
9.859999963378906784e+01
9.780000006103514920e+01
9.659999999999999432e+01
9.800000000000000000e+01
9.819999963378906216e+01
9.759999999999999432e+01
9.799999963378905932e+01
9.699999969482422557e+01
9.759999999999999432e+01
9.720000000000000284e+01
9.859999963378906784e+01
9.859999999999999432e+01
9.879999963378905647e+01
9.799999963378905932e+01
9.900000006103515204e+01
9.779999999999999716e+01
9.859999999999999432e+01
9.779999999999999716e+01
9.779999999999999716e+01
9.779999969482422273e+01
9.759999963378906784e+01
9.820000006103515489e+01
9.839999963378906500e+01
9.859999963378906784e+01
9.760000012207031261e+01
9.820000006103515489e+01
9.660000006103516057e+01
9.759999963378906784e+01
9.700000006103515204e+01
9.779999999999999716e+01
9.820000000000000284e+01
9.799999969482422557e+01
9.820000006103515489e+01
9.799999963378905932e+01
9.779999999999999716e+01
9.880000006103514920e+01
9.720000006103515489e+01
9.879999963378905647e+01
9.779999999999999716e+01
9.640000006103515773e+01
9.799999963378905932e+01
9.739999969482421704e+01
9.740000006103515773e+01
9.659999963378906784e+01
9.859999963378906784e+01
9.879999963378905647e+01
9.800000006103515204e+01
9.879999999999999716e+01
9.899999963378905932e+01
9.859999963378906784e+01
9.700000006103515204e+01
9.900000000000000000e+01
9.699999969482422557e+01
9.899999963378905932e+01
9.899999963378905932e+01
9.819999963378906216e+01
9.720000006103515489e+01
9.800000000000000000e+01
9.879999999999999716e+01
9.799999963378905932e+01
9.739999963378906500e+01
9.840000000000000568e+01
9.799999969482422557e+01
9.800000006103515204e+01
9.819999963378906216e+01
9.779999999999999716e+01
9.879999999999999716e+01
9.800000000000000000e+01
9.779999969482422273e+01
9.820000006103515489e+01
9.659999969482421989e+01
9.719999963378906216e+01
9.759999963378906784e+01
9.860000006103516057e+01
9.820000000000000284e+01
9.839999963378906500e+01
9.839999963378906500e+01
9.679999963378905647e+01
9.779999969482422273e+01
9.760000006103516057e+01
9.840000000000000568e+01
9.820000000000000284e+01
9.740000000000000568e+01
9.859999999999999432e+01
9.659999963378906784e+01
9.900000000000000000e+01
9.740000000000000568e+01
9.780000006103514920e+01
9.799999963378905932e+01
9.779999969482422273e+01
9.720000000000000284e+01
9.840000000000000568e+01
9.740000000000000568e+01
9.900000000000000000e+01
9.859999963378906784e+01
9.720000012207030693e+01
9.779999999999999716e+01
9.779999963378905647e+01
9.820000000000000284e+01
9.900000000000000000e+01
9.759999963378906784e+01
9.780000006103514920e+01
9.759999999999999432e+01
9.840000000000000568e+01
9.719999963378906216e+01
9.800000000000000000e+01
9.840000000000000568e+01
9.780000006103514920e+01
9.839999963378906500e+01
9.819999963378906216e+01
9.799999963378905932e+01
9.800000000000000000e+01
9.820000006103515489e+01
9.619999975585938046e+01
9.759999963378906784e+01
9.800000000000000000e+01
9.840000000000000568e+01
9.900000000000000000e+01
9.900000000000000000e+01
9.779999963378905647e+01
9.779999999999999716e+01
9.859999963378906784e+01
9.779999999999999716e+01
9.660000006103516057e+01
9.799999963378905932e+01
9.539999969482421704e+01
9.819999963378906216e+01
9.739999963378906500e+01
9.659999963378906784e+01
9.799999969482422557e+01
9.660000006103516057e+01
9.840000006103515773e+01
9.879999963378905647e+01
9.779999969482422273e+01
9.719999963378906216e+01
9.619999963378906216e+01
9.719999963378906216e+01
9.820000006103515489e+01
9.800000000000000000e+01
9.759999999999999432e+01
9.759999999999999432e+01
9.739999969482421704e+01
9.739999963378906500e+01
9.759999969482421989e+01
9.860000006103516057e+01
9.820000006103515489e+01
9.740000006103515773e+01
9.840000000000000568e+01
9.839999963378906500e+01
9.759999999999999432e+01
9.780000006103514920e+01
9.719999963378906216e+01
9.760000006103516057e+01
9.759999969482421989e+01
9.719999963378906216e+01
9.779999963378905647e+01
9.859999963378906784e+01
9.819999963378906216e+01
9.879999999999999716e+01
9.840000000000000568e+01
9.840000000000000568e+01
9.859999963378906784e+01
9.819999963378906216e+01
9.799999963378905932e+01
9.719999963378906216e+01
9.779999963378905647e+01
9.599999969482422557e+01
9.840000000000000568e+01
9.859999963378906784e+01
9.840000000000000568e+01
9.740000006103515773e+01
9.799999969482422557e+01
9.800000006103515204e+01
9.800000006103515204e+01
9.859999963378906784e+01
9.839999963378906500e+01
9.779999963378905647e+01
9.779999999999999716e+01
9.820000000000000284e+01
9.760000006103516057e+01
9.820000000000000284e+01
9.819999963378906216e+01
9.779999963378905647e+01
9.779999999999999716e+01
9.799999963378905932e+01
9.760000006103516057e+01
9.779999999999999716e+01
9.740000006103515773e+01
9.839999969482421704e+01
9.799999963378905932e+01
9.820000000000000284e+01
9.799999963378905932e+01
9.820000006103515489e+01
9.800000000000000000e+01
9.600000006103515204e+01
9.799999963378905932e+01
9.760000006103516057e+01
9.740000000000000568e+01
9.780000006103514920e+01
9.819999963378906216e+01
9.839999963378906500e+01
9.759999963378906784e+01
9.800000000000000000e+01
9.779999963378905647e+01
9.760000012207031261e+01
9.800000000000000000e+01
9.819999963378906216e+01
9.799999969482422557e+01
9.839999963378906500e+01
9.820000000000000284e+01
9.880000006103514920e+01
9.800000000000000000e+01
9.819999963378906216e+01
9.839999963378906500e+01
9.839999963378906500e+01
9.799999963378905932e+01
9.799999969482422557e+01
9.780000006103514920e+01
9.679999963378905647e+01
9.799999963378905932e+01
9.840000000000000568e+01
9.800000000000000000e+01
9.819999963378906216e+01
9.839999963378906500e+01
9.820000000000000284e+01
9.920000000000000284e+01
9.859999999999999432e+01
9.819999963378906216e+01
9.859999963378906784e+01
9.879999999999999716e+01
9.779999963378905647e+01
9.779999999999999716e+01
9.800000000000000000e+01
9.779999963378905647e+01
9.799999963378905932e+01
9.779999999999999716e+01
9.860000006103516057e+01
9.740000012207030977e+01
9.759999963378906784e+01
9.759999963378906784e+01
9.840000000000000568e+01
9.800000000000000000e+01
9.819999969482421420e+01
9.820000000000000284e+01
9.840000000000000568e+01
9.759999999999999432e+01
9.799999963378905932e+01
9.819999963378906216e+01
9.779999963378905647e+01
9.759999999999999432e+01
9.759999999999999432e+01
9.819999963378906216e+01
9.799999969482422557e+01
9.779999999999999716e+01
9.740000006103515773e+01
9.820000000000000284e+01
9.899999963378905932e+01
9.799999969482422557e+01
9.800000006103515204e+01
9.720000006103515489e+01
9.819999963378906216e+01
9.799999963378905932e+01
9.820000000000000284e+01
9.840000000000000568e+01
9.780000012207031546e+01
9.079999975585937477e+01
9.779999963378905647e+01
9.819999963378906216e+01
9.700000012207031830e+01
9.780000006103514920e+01
9.499999975585937761e+01
9.819999963378906216e+01
9.780000006103514920e+01
9.740000000000000568e+01
9.760000006103516057e+01
9.760000006103516057e+01
9.779999969482422273e+01
9.800000006103515204e+01
9.500000012207031830e+01
9.759999975585937193e+01
9.780000006103514920e+01
9.599999963378905932e+01
9.799999963378905932e+01
9.759999963378906784e+01
9.719999963378906216e+01
9.800000000000000000e+01
9.799999969482422557e+01
9.820000000000000284e+01
9.719999963378906216e+01
9.780000006103514920e+01
9.800000006103515204e+01
9.800000000000000000e+01
9.859999963378906784e+01
9.740000000000000568e+01
9.619999969482421420e+01
9.779999999999999716e+01
9.859999963378906784e+01
9.779999963378905647e+01
9.880000006103514920e+01
9.620000006103515489e+01
9.779999999999999716e+01
9.819999963378906216e+01
9.779999963378905647e+01
9.759999999999999432e+01
9.800000006103515204e+01
9.740000000000000568e+01
9.780000006103514920e+01
9.819999969482421420e+01
9.739999963378906500e+01
9.820000012207030693e+01
9.679999963378905647e+01
9.779999963378905647e+01
9.679999963378905647e+01
9.779999999999999716e+01
9.799999963378905932e+01
9.820000000000000284e+01
9.839999963378906500e+01
9.780000006103514920e+01
9.760000006103516057e+01
9.839999963378906500e+01
9.780000006103514920e+01
9.779999963378905647e+01
9.779999963378905647e+01
9.799999969482422557e+01
9.840000000000000568e+01
9.719999969482421420e+01
9.859999963378906784e+01
9.859999999999999432e+01
9.759999999999999432e+01
9.760000006103516057e+01
9.760000006103516057e+01
9.719999969482421420e+01
9.820000000000000284e+01
9.800000006103515204e+01
9.820000000000000284e+01
9.859999963378906784e+01
9.679999969482422273e+01
9.759999969482421989e+01
9.759999963378906784e+01
9.840000000000000568e+01
9.779999999999999716e+01
9.760000006103516057e+01
9.839999963378906500e+01
9.780000012207031546e+01
9.779999969482422273e+01
9.799999963378905932e+01
9.679999969482422273e+01
9.779999999999999716e+01
9.740000000000000568e+01
9.740000006103515773e+01
9.779999963378905647e+01
9.699999969482422557e+01
9.839999963378906500e+01
9.820000000000000284e+01
9.859999963378906784e+01
9.859999999999999432e+01
9.700000006103515204e+01
9.759999999999999432e+01
9.739999969482421704e+01
9.840000000000000568e+01
9.819999963378906216e+01
9.839999963378906500e+01
9.720000000000000284e+01
9.779999999999999716e+01
9.699999969482422557e+01
9.839999963378906500e+01
9.660000006103516057e+01
9.859999999999999432e+01
9.800000000000000000e+01
9.759999963378906784e+01
9.840000000000000568e+01
9.780000006103514920e+01
9.760000006103516057e+01
9.839999963378906500e+01
9.739999963378906500e+01
9.660000006103516057e+01
9.719999969482421420e+01
9.820000000000000284e+01
9.799999963378905932e+01
9.839999963378906500e+01
9.860000006103516057e+01
9.840000006103515773e+01
9.859999963378906784e+01
9.840000000000000568e+01
9.759999963378906784e+01
9.779999999999999716e+01
9.759999963378906784e+01
9.739999969482421704e+01
9.819999963378906216e+01
9.819999963378906216e+01
9.859999999999999432e+01
9.720000006103515489e+01
9.840000000000000568e+01
9.820000000000000284e+01
9.739999969482421704e+01
9.519999969482421420e+01
9.479999963378905647e+01
9.720000000000000284e+01
9.740000006103515773e+01
9.779999963378905647e+01
9.800000000000000000e+01
9.799999963378905932e+01
9.879999999999999716e+01
9.800000006103515204e+01
9.740000000000000568e+01
9.859999999999999432e+01
9.820000000000000284e+01
9.699999963378905932e+01
9.780000006103514920e+01
9.760000006103516057e+01
9.639999969482421704e+01
9.819999963378906216e+01
9.639999963378906500e+01
9.779999999999999716e+01
9.759999963378906784e+01
9.720000000000000284e+01
9.820000006103515489e+01
9.780000006103514920e+01
9.799999963378905932e+01
9.779999999999999716e+01
9.719999969482421420e+01
9.799999963378905932e+01
9.679999969482422273e+01
9.860000006103516057e+01
9.800000000000000000e+01
9.700000006103515204e+01
9.739999963378906500e+01
9.779999999999999716e+01
9.740000000000000568e+01
9.799999963378905932e+01
9.840000006103515773e+01
9.760000006103516057e+01
9.819999963378906216e+01
9.780000006103514920e+01
9.439999969482421704e+01
9.820000006103515489e+01
9.760000006103516057e+01
9.820000000000000284e+01
9.820000000000000284e+01
9.759999999999999432e+01
9.760000006103516057e+01
9.780000006103514920e+01
9.779999963378905647e+01
9.820000000000000284e+01
9.679999963378905647e+01
9.759999999999999432e+01
9.740000006103515773e+01
9.720000006103515489e+01
9.779999999999999716e+01
9.879999999999999716e+01
9.739999963378906500e+01
9.740000006103515773e+01
9.820000000000000284e+01
9.760000006103516057e+01
9.600000012207031830e+01
9.779999963378905647e+01
9.779999963378905647e+01
9.779999963378905647e+01
9.820000000000000284e+01
9.819999963378906216e+01
9.820000000000000284e+01
9.759999963378906784e+01
9.780000006103514920e+01
9.719999969482421420e+01
9.820000006103515489e+01
9.820000000000000284e+01
9.779999963378905647e+01
9.779999999999999716e+01
9.780000006103514920e+01
9.820000000000000284e+01
9.779999963378905647e+01
9.660000006103516057e+01
9.820000000000000284e+01
9.759999963378906784e+01
9.579999969482422273e+01
9.799999963378905932e+01
9.779999999999999716e+01
9.860000006103516057e+01
9.859999963378906784e+01
9.819999963378906216e+01
9.859999999999999432e+01
9.700000000000000000e+01
9.800000000000000000e+01
9.819999963378906216e+01
9.800000000000000000e+01
9.679999963378905647e+01
9.759999969482421989e+01
9.760000006103516057e+01
9.799999963378905932e+01
9.779999963378905647e+01
9.819999963378906216e+01
9.800000006103515204e+01
9.699999963378905932e+01
9.840000006103515773e+01
9.760000006103516057e+01
9.819999969482421420e+01
9.899999963378905932e+01
9.859999963378906784e+01
9.840000000000000568e+01
9.859999999999999432e+01
9.859999999999999432e+01
9.780000006103514920e+01
9.819999963378906216e+01
9.819999963378906216e+01
9.840000006103515773e+01
9.819999963378906216e+01
9.739999963378906500e+01
9.699999969482422557e+01
9.739999963378906500e+01
9.839999963378906500e+01
9.699999963378905932e+01
9.940000000000000568e+01
9.799999963378905932e+01
9.759999999999999432e+01
9.820000006103515489e+01
9.800000000000000000e+01
9.800000000000000000e+01
9.780000006103514920e+01
9.779999963378905647e+01
9.839999969482421704e+01
9.740000000000000568e+01
9.680000006103514920e+01
9.959999963378906784e+01
9.020000012207030693e+01
9.720000006103515489e+01
9.799999963378905932e+01
9.699999969482422557e+01
9.800000000000000000e+01
9.679999969482422273e+01
9.879999963378905647e+01
9.680000006103514920e+01
9.819999963378906216e+01
9.759999963378906784e+01
9.799999963378905932e+01
9.859999999999999432e+01
9.799999963378905932e+01
9.679999999999999716e+01
9.779999963378905647e+01
9.759999963378906784e+01
9.859999999999999432e+01
9.640000012207030977e+01
9.680000006103514920e+01
9.780000006103514920e+01
9.859999999999999432e+01
9.719999969482421420e+01
9.739999963378906500e+01
9.720000006103515489e+01
9.720000000000000284e+01
9.680000006103514920e+01
9.840000006103515773e+01
9.900000000000000000e+01
9.799999963378905932e+01
9.840000000000000568e+01
9.740000000000000568e+01
9.820000006103515489e+01
9.759999999999999432e+01
9.739999969482421704e+01
9.740000000000000568e+01
9.739999963378906500e+01
9.659999969482421989e+01
9.800000000000000000e+01
9.859999999999999432e+01
9.780000006103514920e+01
9.799999963378905932e+01
9.819999963378906216e+01
9.820000006103515489e+01
9.740000000000000568e+01
9.760000006103516057e+01
9.900000000000000000e+01
9.800000006103515204e+01
9.820000000000000284e+01
9.819999963378906216e+01
9.759999963378906784e+01
9.820000000000000284e+01
9.520000006103515489e+01
9.640000000000000568e+01
9.699999969482422557e+01
9.739999963378906500e+01
9.759999999999999432e+01
9.739999963378906500e+01
9.759999999999999432e+01
9.739999969482421704e+01
9.800000006103515204e+01
9.860000006103516057e+01
9.760000006103516057e+01
9.799999963378905932e+01
9.859999999999999432e+01
9.780000006103514920e+01
9.759999963378906784e+01
9.580000006103514920e+01
9.819999963378906216e+01
9.819999963378906216e+01
9.879999963378905647e+01
9.719999963378906216e+01
9.700000006103515204e+01
9.840000000000000568e+01
9.820000006103515489e+01
9.779999999999999716e+01
9.739999963378906500e+01
9.820000006103515489e+01
9.879999999999999716e+01
9.840000000000000568e+01
9.840000006103515773e+01
9.719999963378906216e+01
9.859999999999999432e+01
9.779999963378905647e+01
9.799999969482422557e+01
9.820000000000000284e+01
9.820000006103515489e+01
9.839999963378906500e+01
9.739999963378906500e+01
9.739999963378906500e+01
9.820000000000000284e+01
9.619999963378906216e+01
9.840000000000000568e+01
9.779999999999999716e+01
9.640000012207030977e+01
9.859999963378906784e+01
9.840000000000000568e+01
9.840000000000000568e+01
9.859999963378906784e+01
9.840000000000000568e+01
9.840000006103515773e+01
9.699999963378905932e+01
9.820000000000000284e+01
9.359999975585937193e+01
9.799999963378905932e+01
9.959999999999999432e+01
9.820000000000000284e+01
9.699999963378905932e+01
9.840000006103515773e+01
9.959999999999999432e+01
9.699999963378905932e+01
9.639999969482421704e+01
9.800000000000000000e+01
9.739999963378906500e+01
9.859999963378906784e+01
9.739999963378906500e+01
9.659999999999999432e+01
9.600000006103515204e+01
9.739999963378906500e+01
9.920000000000000284e+01
9.659999963378906784e+01
9.900000000000000000e+01
9.859999963378906784e+01
9.700000000000000000e+01
9.840000000000000568e+01
9.700000012207031830e+01
9.859999999999999432e+01
9.920000000000000284e+01
9.819999963378906216e+01
9.740000006103515773e+01
9.639999963378906500e+01
9.879999999999999716e+01
9.879999963378905647e+01
9.779999963378905647e+01
9.799999963378905932e+01
9.759999969482421989e+01
9.760000006103516057e+01
9.719999969482421420e+01
9.839999963378906500e+01
9.740000006103515773e+01
9.859999969482421989e+01
9.779999999999999716e+01
9.800000000000000000e+01
9.740000000000000568e+01
9.879999999999999716e+01
9.859999999999999432e+01
9.900000000000000000e+01
9.879999963378905647e+01
9.879999963378905647e+01
9.879999963378905647e+01
9.819999963378906216e+01
9.819999963378906216e+01
9.859999999999999432e+01
9.879999999999999716e+01
9.859999999999999432e+01
9.839999963378906500e+01
9.859999963378906784e+01
9.780000006103514920e+01
9.859999963378906784e+01
9.819999963378906216e+01
9.819999969482421420e+01
9.719999963378906216e+01
9.819999963378906216e+01
9.780000006103514920e+01
9.759999963378906784e+01
9.679999963378905647e+01
9.819999963378906216e+01
9.779999969482422273e+01
9.799999963378905932e+01
9.739999963378906500e+01
9.800000006103515204e+01
9.820000000000000284e+01
9.760000012207031261e+01
9.900000000000000000e+01
9.759999999999999432e+01
9.759999963378906784e+01
9.739999969482421704e+01
9.759999963378906784e+01
9.659999963378906784e+01
9.519999975585938046e+01
9.800000000000000000e+01
9.740000000000000568e+01
9.820000006103515489e+01
9.720000000000000284e+01
9.759999999999999432e+01
9.779999999999999716e+01
9.719999969482421420e+01
9.760000006103516057e+01
9.760000006103516057e+01
9.740000006103515773e+01
9.900000000000000000e+01
9.800000000000000000e+01
9.739999963378906500e+01
9.779999963378905647e+01
9.779999963378905647e+01
9.759999999999999432e+01
9.800000006103515204e+01
9.700000000000000000e+01
9.819999963378906216e+01
9.920000000000000284e+01
9.719999963378906216e+01
9.719999963378906216e+01
9.780000006103514920e+01
9.760000006103516057e+01
9.779999963378905647e+01
9.920000000000000284e+01
9.779999963378905647e+01
9.720000000000000284e+01
9.780000006103514920e+01
9.820000000000000284e+01
9.720000006103515489e+01
9.779999963378905647e+01
9.860000006103516057e+01
9.779999999999999716e+01
9.779999963378905647e+01
9.759999999999999432e+01
9.720000006103515489e+01
9.800000000000000000e+01
9.820000006103515489e+01
9.659999963378906784e+01
9.879999999999999716e+01
9.740000006103515773e+01
9.760000006103516057e+01
9.640000006103515773e+01
9.700000000000000000e+01
9.679999963378905647e+01
9.740000000000000568e+01
9.819999963378906216e+01
9.759999963378906784e+01
9.819999963378906216e+01
9.819999963378906216e+01
9.799999969482422557e+01
9.739999969482421704e+01
9.840000000000000568e+01
9.859999999999999432e+01
9.759999999999999432e+01
9.840000006103515773e+01
9.799999963378905932e+01
9.700000006103515204e+01
9.860000006103516057e+01
9.779999963378905647e+01
9.879999963378905647e+01
9.799999963378905932e+01
9.859999969482421989e+01
9.860000006103516057e+01
9.679999963378905647e+01
9.819999963378906216e+01
9.900000000000000000e+01
9.679999969482422273e+01
9.600000006103515204e+01
9.819999963378906216e+01
9.819999963378906216e+01
9.900000000000000000e+01
9.819999963378906216e+01
9.800000000000000000e+01
9.320000006103515489e+01
9.719999963378906216e+01
9.699999963378905932e+01
9.659999999999999432e+01
9.760000006103516057e+01
9.700000006103515204e+01
9.820000000000000284e+01
9.539999969482421704e+01
9.759999963378906784e+01
9.859999999999999432e+01
9.839999963378906500e+01
9.840000006103515773e+01
9.599999969482422557e+01
9.800000000000000000e+01
9.859999963378906784e+01
9.879999999999999716e+01
9.820000006103515489e+01
9.840000000000000568e+01
9.719999969482421420e+01
9.820000006103515489e+01
9.820000000000000284e+01
9.759999963378906784e+01
9.879999963378905647e+01
9.859999963378906784e+01
9.739999969482421704e+01
9.800000000000000000e+01
9.759999999999999432e+01
9.800000000000000000e+01
9.519999975585938046e+01
9.479999975585937477e+01
9.839999963378906500e+01
9.859999963378906784e+01
9.719999963378906216e+01
9.800000000000000000e+01
9.639999969482421704e+01
9.899999969482422557e+01
9.760000006103516057e+01
9.719999963378906216e+01
9.760000006103516057e+01
9.800000006103515204e+01
9.839999963378906500e+01
9.819999963378906216e+01
9.799999963378905932e+01
9.800000000000000000e+01
9.579999975585937477e+01
9.779999963378905647e+01
9.719999963378906216e+01
9.779999999999999716e+01
9.699999963378905932e+01
9.799999963378905932e+01
9.840000000000000568e+01
9.879999999999999716e+01
9.840000000000000568e+01
9.820000000000000284e+01
9.800000000000000000e+01
9.740000000000000568e+01
9.699999963378905932e+01
9.799999963378905932e+01
9.879999963378905647e+01
9.739999963378906500e+01
9.839999963378906500e+01
9.739999963378906500e+01
9.740000006103515773e+01
9.759999999999999432e+01
9.720000000000000284e+01
9.759999999999999432e+01
9.879999969482422273e+01
9.760000006103516057e+01
9.800000006103515204e+01
9.700000006103515204e+01
9.800000000000000000e+01
9.760000012207031261e+01
9.879999963378905647e+01
9.679999999999999716e+01
9.740000000000000568e+01
9.699999969482422557e+01
9.799999963378905932e+01
9.759999963378906784e+01
9.839999963378906500e+01
9.920000000000000284e+01
9.840000000000000568e+01
9.859999963378906784e+01
9.720000006103515489e+01
9.740000006103515773e+01
9.859999963378906784e+01
9.800000000000000000e+01
9.780000006103514920e+01
9.820000006103515489e+01
9.840000000000000568e+01
9.740000006103515773e+01
9.759999999999999432e+01
9.779999963378905647e+01
9.779999969482422273e+01
9.700000000000000000e+01
9.719999963378906216e+01
9.900000006103515204e+01
9.879999969482422273e+01
9.799999963378905932e+01
9.779999963378905647e+01
9.740000006103515773e+01
9.800000006103515204e+01
9.820000000000000284e+01
9.779999999999999716e+01
9.759999999999999432e+01
9.900000000000000000e+01
9.699999963378905932e+01
9.640000006103515773e+01
9.799999963378905932e+01
9.859999999999999432e+01
9.859999999999999432e+01
9.720000000000000284e+01
9.840000000000000568e+01
9.780000006103514920e+01
9.559999969482421989e+01
9.680000012207031546e+01
9.839999963378906500e+01
9.819999963378906216e+01
9.759999963378906784e+01
9.879999999999999716e+01
9.759999999999999432e+01
9.759999963378906784e+01
9.820000000000000284e+01
9.879999999999999716e+01
9.779999999999999716e+01
9.779999963378905647e+01
9.659999963378906784e+01
9.800000000000000000e+01
9.859999963378906784e+01
9.680000006103514920e+01
9.699999969482422557e+01
9.699999963378905932e+01
9.739999963378906500e+01
9.820000000000000284e+01
9.699999963378905932e+01
9.680000006103514920e+01
9.640000006103515773e+01
9.820000006103515489e+01
9.900000000000000000e+01
9.699999963378905932e+01
9.839999963378906500e+01
9.739999963378906500e+01
9.759999999999999432e+01
9.600000006103515204e+01
9.800000006103515204e+01
9.660000006103516057e+01
9.740000006103515773e+01
9.700000012207031830e+01
9.479999963378905647e+01
9.819999963378906216e+01
9.779999999999999716e+01
9.840000000000000568e+01
9.479999975585937477e+01
9.740000000000000568e+01
9.879999963378905647e+01
9.779999963378905647e+01
9.739999963378906500e+01
9.819999963378906216e+01
9.659999999999999432e+01
9.859999999999999432e+01
9.839999963378906500e+01
9.800000006103515204e+01
9.819999963378906216e+01
9.859999963378906784e+01
9.539999963378906500e+01
9.679999999999999716e+01
9.820000000000000284e+01
9.779999999999999716e+01
9.759999999999999432e+01
9.300000012207031830e+01
9.740000006103515773e+01
9.859999963378906784e+01
9.700000006103515204e+01
9.879999999999999716e+01
9.820000000000000284e+01
9.680000006103514920e+01
9.919999963378906216e+01
9.760000006103516057e+01
9.819999963378906216e+01
9.779999963378905647e+01
9.839999963378906500e+01
9.700000000000000000e+01
9.839999963378906500e+01
9.859999963378906784e+01
9.799999963378905932e+01
9.680000006103514920e+01
9.499999963378905932e+01
9.779999963378905647e+01
9.779999999999999716e+01
9.720000000000000284e+01
9.800000000000000000e+01
9.819999963378906216e+01
9.760000006103516057e+01
9.739999963378906500e+01
9.920000000000000284e+01
9.739999963378906500e+01
9.800000000000000000e+01
9.619999963378906216e+01
9.840000006103515773e+01
9.779999963378905647e+01
9.720000000000000284e+01
9.779999963378905647e+01
9.779999999999999716e+01
9.820000000000000284e+01
9.860000006103516057e+01
9.779999963378905647e+01
9.399999938964843693e+01
9.840000000000000568e+01
9.759999963378906784e+01
9.860000006103516057e+01
9.820000000000000284e+01
9.739999969482421704e+01
9.599999963378905932e+01
9.720000006103515489e+01
9.799999963378905932e+01
9.640000000000000568e+01
9.779999999999999716e+01
9.679999999999999716e+01
9.699999963378905932e+01
9.699999963378905932e+01
9.859999963378906784e+01
9.819999963378906216e+01
9.700000006103515204e+01
9.779999969482422273e+01
9.760000006103516057e+01
9.740000006103515773e+01
9.740000000000000568e+01
9.820000000000000284e+01
9.759999963378906784e+01
9.840000006103515773e+01
9.740000000000000568e+01
9.799999963378905932e+01
9.759999963378906784e+01
9.679999963378905647e+01
9.840000000000000568e+01
9.699999969482422557e+01
9.800000006103515204e+01
9.759999963378906784e+01
9.660000006103516057e+01
9.859999963378906784e+01
9.759999963378906784e+01
9.800000000000000000e+01
9.740000006103515773e+01
9.820000006103515489e+01
9.820000000000000284e+01
9.739999963378906500e+01
9.580000006103514920e+01
9.800000000000000000e+01
9.819999969482421420e+01
9.759999963378906784e+01
9.779999999999999716e+01
9.800000000000000000e+01
9.779999963378905647e+01
9.639999963378906500e+01
9.740000006103515773e+01
9.760000006103516057e+01
9.740000006103515773e+01
9.819999963378906216e+01
9.800000000000000000e+01
9.339999969482421704e+01
9.900000000000000000e+01
9.820000000000000284e+01
9.740000000000000568e+01
9.720000000000000284e+01
9.559999969482421989e+01
9.780000006103514920e+01
9.799999963378905932e+01
9.820000000000000284e+01
9.779999963378905647e+01
9.779999999999999716e+01
9.720000000000000284e+01
9.779999999999999716e+01
9.940000000000000568e+01
9.859999999999999432e+01
9.779999963378905647e+01
9.820000000000000284e+01
9.759999969482421989e+01
9.579999938964843409e+01
9.759999969482421989e+01
9.800000006103515204e+01
9.740000000000000568e+01
9.760000012207031261e+01
9.799999963378905932e+01
9.719999975585938046e+01
9.720000000000000284e+01
9.859999999999999432e+01
9.820000000000000284e+01
9.779999999999999716e+01
9.940000000000000568e+01
9.940000000000000568e+01
9.740000006103515773e+01
9.139999969482421704e+01
9.859999999999999432e+01
9.759999999999999432e+01
9.639999969482421704e+01
9.879999999999999716e+01
9.219999963378906216e+01
9.720000000000000284e+01
9.779999999999999716e+01
9.759999999999999432e+01
9.759999963378906784e+01
9.620000012207030693e+01
9.519999963378906216e+01
9.900000000000000000e+01
9.779999999999999716e+01
9.820000000000000284e+01
9.859999963378906784e+01
9.620000006103515489e+01
9.699999963378905932e+01
9.599999969482422557e+01
9.699999963378905932e+01
9.760000006103516057e+01
9.699999969482422557e+01
9.619999963378906216e+01
9.759999963378906784e+01
9.800000006103515204e+01
9.739999963378906500e+01
9.740000012207030977e+01
9.779999969482422273e+01
9.840000006103515773e+01
9.399999969482422557e+01
9.819999963378906216e+01
9.620000006103515489e+01
9.639999963378906500e+01
9.759999963378906784e+01
9.719999969482421420e+01
9.739999969482421704e+01
9.800000000000000000e+01
9.719999963378906216e+01
9.840000000000000568e+01
9.759999963378906784e+01
9.659999963378906784e+01
9.839999963378906500e+01
9.779999999999999716e+01
9.660000006103516057e+01
9.679999963378905647e+01
9.840000000000000568e+01
9.620000006103515489e+01
9.659999963378906784e+01
9.820000000000000284e+01
9.860000006103516057e+01
9.659999963378906784e+01
9.639999963378906500e+01
9.879999969482422273e+01
9.719999969482421420e+01
9.740000000000000568e+01
9.779999969482422273e+01
9.819999963378906216e+01
9.800000000000000000e+01
9.799999963378905932e+01
9.859999963378906784e+01
9.840000000000000568e+01
9.719999969482421420e+01
9.779999963378905647e+01
9.859999963378906784e+01
9.660000006103516057e+01
9.739999969482421704e+01
9.820000006103515489e+01
9.679999999999999716e+01
9.859999999999999432e+01
9.920000000000000284e+01
9.819999963378906216e+01
9.859999963378906784e+01
9.859999969482421989e+01
9.440000012207030977e+01
9.779999999999999716e+01
9.779999963378905647e+01
9.679999963378905647e+01
9.700000000000000000e+01
9.799999963378905932e+01
9.780000006103514920e+01
9.879999999999999716e+01
9.780000006103514920e+01
9.780000006103514920e+01
9.780000006103514920e+01
9.680000006103514920e+01
9.739999963378906500e+01
9.820000000000000284e+01
9.759999963378906784e+01
9.619999963378906216e+01
9.820000000000000284e+01
8.919999981689453250e+01
9.759999999999999432e+01
9.700000006103515204e+01
9.959999999999999432e+01
9.920000000000000284e+01
9.839999963378906500e+01
9.740000006103515773e+01
9.740000006103515773e+01
9.719999963378906216e+01
9.819999963378906216e+01
9.619999963378906216e+01
9.719999969482421420e+01
9.900000000000000000e+01
9.800000000000000000e+01
9.840000006103515773e+01
9.759999963378906784e+01
9.979999999999999716e+01
9.820000000000000284e+01
9.819999963378906216e+01
9.800000000000000000e+01
9.740000000000000568e+01
9.639999963378906500e+01
9.779999999999999716e+01
9.779999999999999716e+01
9.759999963378906784e+01
9.799999963378905932e+01
9.679999969482422273e+01
9.640000000000000568e+01
9.779999999999999716e+01
9.779999963378905647e+01
9.779999999999999716e+01
9.740000000000000568e+01
9.800000000000000000e+01
9.699999963378905932e+01
9.759999999999999432e+01
9.800000000000000000e+01
9.760000006103516057e+01
9.800000006103515204e+01
9.899999963378905932e+01
9.699999963378905932e+01
9.660000006103516057e+01
9.840000000000000568e+01
9.800000006103515204e+01
9.759999963378906784e+01
9.679999963378905647e+01
9.879999963378905647e+01
9.640000000000000568e+01
9.720000012207030693e+01
9.800000000000000000e+01
9.759999999999999432e+01
9.680000006103514920e+01
9.779999963378905647e+01
9.719999963378906216e+01
9.779999963378905647e+01
9.820000006103515489e+01
9.740000006103515773e+01
9.699999963378905932e+01
9.840000000000000568e+01
9.800000000000000000e+01
9.800000006103515204e+01
9.800000006103515204e+01
9.839999963378906500e+01
9.699999963378905932e+01
9.459999969482421989e+01
9.820000006103515489e+01
9.839999963378906500e+01
9.799999963378905932e+01
9.859999963378906784e+01
9.759999999999999432e+01
9.820000006103515489e+01
9.400000006103515204e+01
9.720000000000000284e+01
9.839999963378906500e+01
9.659999969482421989e+01
9.639999975585936909e+01
9.759999999999999432e+01
9.800000006103515204e+01
9.820000000000000284e+01
9.720000006103515489e+01
9.679999963378905647e+01
9.459999963378906784e+01
9.700000006103515204e+01
9.719999963378906216e+01
9.680000006103514920e+01
9.819999963378906216e+01
9.740000006103515773e+01
9.759999999999999432e+01
9.800000006103515204e+01
9.720000000000000284e+01
9.880000006103514920e+01
9.700000006103515204e+01
9.759999963378906784e+01
9.739999969482421704e+01
9.700000000000000000e+01
9.840000000000000568e+01
9.640000006103515773e+01
9.839999963378906500e+01
9.799999963378905932e+01
9.799999963378905932e+01
9.779999999999999716e+01
9.819999963378906216e+01
9.859999999999999432e+01
9.820000000000000284e+01
9.859999963378906784e+01
9.400000006103515204e+01
9.779999999999999716e+01
9.759999999999999432e+01
9.499999969482422557e+01
9.820000006103515489e+01
9.619999963378906216e+01
9.839999963378906500e+01
9.500000012207031830e+01
9.819999963378906216e+01
9.820000000000000284e+01
9.539999969482421704e+01
9.700000006103515204e+01
9.820000000000000284e+01
9.699999963378905932e+01
9.599999963378905932e+01
9.719999963378906216e+01
9.699999969482422557e+01
9.659999999999999432e+01
9.560000006103516057e+01
9.519999969482421420e+01
9.840000006103515773e+01
9.800000006103515204e+01
9.820000000000000284e+01
9.820000000000000284e+01
9.779999999999999716e+01
9.820000000000000284e+01
9.699999963378905932e+01
9.760000006103516057e+01
9.760000006103516057e+01
9.739999963378906500e+01
9.819999963378906216e+01
9.579999963378905647e+01
9.779999963378905647e+01
9.840000000000000568e+01
9.719999963378906216e+01
9.799999969482422557e+01
9.640000006103515773e+01
9.839999963378906500e+01
9.840000000000000568e+01
9.780000006103514920e+01
9.740000006103515773e+01
9.879999963378905647e+01
9.959999999999999432e+01
9.760000006103516057e+01
9.459999963378906784e+01
9.640000006103515773e+01
9.899999963378905932e+01
9.579999999999999716e+01
9.619999963378906216e+01
9.539999969482421704e+01
9.800000000000000000e+01
9.779999963378905647e+01
9.639999963378906500e+01
9.859999999999999432e+01
9.740000006103515773e+01
9.820000000000000284e+01
9.819999963378906216e+01
9.800000006103515204e+01
9.740000000000000568e+01
9.799999963378905932e+01
9.739999963378906500e+01
9.700000000000000000e+01
9.800000000000000000e+01
9.759999963378906784e+01
9.679999963378905647e+01
9.800000000000000000e+01
9.719999969482421420e+01
9.640000000000000568e+01
9.739999963378906500e+01
9.819999963378906216e+01
9.659999975585937193e+01
9.759999999999999432e+01
9.800000000000000000e+01
9.800000000000000000e+01
9.820000006103515489e+01
9.920000000000000284e+01
9.780000006103514920e+01
9.779999963378905647e+01
9.779999999999999716e+01
9.720000006103515489e+01
9.799999963378905932e+01
9.680000006103514920e+01
9.859999999999999432e+01
9.799999963378905932e+01
9.779999999999999716e+01
9.500000006103515204e+01
9.700000006103515204e+01
9.700000000000000000e+01
9.299999938964843693e+01
9.859999999999999432e+01
9.720000012207030693e+01
9.720000006103515489e+01
9.759999963378906784e+01
9.740000000000000568e+01
9.660000006103516057e+01
9.800000000000000000e+01
9.739999963378906500e+01
9.680000006103514920e+01
9.820000000000000284e+01
9.700000006103515204e+01
9.659999999999999432e+01
9.640000012207030977e+01
9.780000006103514920e+01
9.819999969482421420e+01
9.779999999999999716e+01
9.840000000000000568e+01
9.379999969482422273e+01
9.780000006103514920e+01
9.779999999999999716e+01
9.560000006103516057e+01
9.599999969482422557e+01
9.639999969482421704e+01
9.879999999999999716e+01
9.720000000000000284e+01
9.740000000000000568e+01
9.759999999999999432e+01
9.659999963378906784e+01
9.900000000000000000e+01
9.620000006103515489e+01
9.819999963378906216e+01
9.740000006103515773e+01
9.780000006103514920e+01
9.760000012207031261e+01
9.740000006103515773e+01
9.759999963378906784e+01
9.659999963378906784e+01
9.700000000000000000e+01
9.299999975585937761e+01
9.819999963378906216e+01
9.640000006103515773e+01
9.740000006103515773e+01
9.660000006103516057e+01
9.800000006103515204e+01
9.840000006103515773e+01
9.840000000000000568e+01
9.740000012207030977e+01
9.679999963378905647e+01
9.900000006103515204e+01
9.740000000000000568e+01
9.460000006103516057e+01
9.879999963378905647e+01
9.739999975585936909e+01
9.819999963378906216e+01
9.759999969482421989e+01
9.799999963378905932e+01
9.780000006103514920e+01
9.739999969482421704e+01
9.720000000000000284e+01
9.760000006103516057e+01
9.819999963378906216e+01
9.720000000000000284e+01
9.820000000000000284e+01
9.859999963378906784e+01
9.720000012207030693e+01
9.799999963378905932e+01
9.740000000000000568e+01
9.819999963378906216e+01
9.859999963378906784e+01
9.840000006103515773e+01
9.620000006103515489e+01
9.679999963378905647e+01
9.619999969482421420e+01
9.800000006103515204e+01
9.820000000000000284e+01
9.680000006103514920e+01
9.800000000000000000e+01
9.759999969482421989e+01
9.700000006103515204e+01
9.219999969482421420e+01
9.820000000000000284e+01
9.579999963378905647e+01
9.720000000000000284e+01
9.820000000000000284e+01
9.560000012207031261e+01
9.859999999999999432e+01
9.860000006103516057e+01
9.879999999999999716e+01
9.859999999999999432e+01
9.820000000000000284e+01
9.639999963378906500e+01
9.840000000000000568e+01
9.620000006103515489e+01
9.739999963378906500e+01
9.740000000000000568e+01
9.859999999999999432e+01
9.660000006103516057e+01
9.559999963378906784e+01
9.660000006103516057e+01
9.779999963378905647e+01
9.879999999999999716e+01
9.840000000000000568e+01
9.819999963378906216e+01
9.800000006103515204e+01
9.779999963378905647e+01
9.779999963378905647e+01
9.679999999999999716e+01
9.840000000000000568e+01
9.680000006103514920e+01
9.780000006103514920e+01
9.579999938964843409e+01
9.479999969482422273e+01
9.759999963378906784e+01
9.759999999999999432e+01
9.839999963378906500e+01
9.699999963378905932e+01
9.799999963378905932e+01
9.759999963378906784e+01
9.759999999999999432e+01
9.760000006103516057e+01
9.799999963378905932e+01
9.759999999999999432e+01
9.799999969482422557e+01
9.619999938964843977e+01
9.699999969482422557e+01
9.839999963378906500e+01
9.779999963378905647e+01
9.719999969482421420e+01
9.460000006103516057e+01
9.620000006103515489e+01
9.679999963378905647e+01
9.920000000000000284e+01
9.759999963378906784e+01
9.800000000000000000e+01
9.820000006103515489e+01
9.739999963378906500e+01
9.799999969482422557e+01
9.740000006103515773e+01
9.759999963378906784e+01
9.819999963378906216e+01
9.759999963378906784e+01
9.800000000000000000e+01
9.799999963378905932e+01
9.680000012207031546e+01
9.699999963378905932e+01
9.720000000000000284e+01
9.579999969482422273e+01
9.740000000000000568e+01
9.820000000000000284e+01
9.820000000000000284e+01
9.699999963378905932e+01
9.640000006103515773e+01
9.759999969482421989e+01
9.779999969482422273e+01
9.719999963378906216e+01
9.659999963378906784e+01
9.739999963378906500e+01
9.800000000000000000e+01
9.679999969482422273e+01
9.759999969482421989e+01
9.820000000000000284e+01
9.839999963378906500e+01
9.840000000000000568e+01
9.819999963378906216e+01
9.740000006103515773e+01
9.639999963378906500e+01
9.419999963378906216e+01
9.840000000000000568e+01
9.779999963378905647e+01
9.799999963378905932e+01
9.700000006103515204e+01
9.779999963378905647e+01
9.719999963378906216e+01
9.779999963378905647e+01
9.759999999999999432e+01
9.740000000000000568e+01
9.759999999999999432e+01
9.720000000000000284e+01
9.719999963378906216e+01
9.560000006103516057e+01
9.779999963378905647e+01
9.800000000000000000e+01
9.819999963378906216e+01
9.580000006103514920e+01
9.799999963378905932e+01
9.640000006103515773e+01
9.739999969482421704e+01
9.759999963378906784e+01
9.779999963378905647e+01
9.759999969482421989e+01
9.520000006103515489e+01
9.800000006103515204e+01
9.839999963378906500e+01
9.699999963378905932e+01
9.699999963378905932e+01
9.779999963378905647e+01
9.759999963378906784e+01
9.659999963378906784e+01
9.039999975585936909e+01
9.799999963378905932e+01
9.740000006103515773e+01
9.740000006103515773e+01
9.820000000000000284e+01
4.759999969482421989e+01
9.700000000000000000e+01
9.699999969482422557e+01
9.859999999999999432e+01
9.720000006103515489e+01
9.919999963378906216e+01
9.700000000000000000e+01
9.859999963378906784e+01
9.600000006103515204e+01
9.700000000000000000e+01
9.800000006103515204e+01
9.940000000000000568e+01
9.720000006103515489e+01
9.839999963378906500e+01
9.719999963378906216e+01
9.720000006103515489e+01
9.700000000000000000e+01
9.840000006103515773e+01
9.839999963378906500e+01
9.820000006103515489e+01
9.859999999999999432e+01
9.820000000000000284e+01
9.599999963378905932e+01
9.920000000000000284e+01
9.779999999999999716e+01
9.779999963378905647e+01
9.840000006103515773e+01
9.859999963378906784e+01
9.740000006103515773e+01
9.659999999999999432e+01
9.700000000000000000e+01
9.680000006103514920e+01
9.600000006103515204e+01
9.679999969482422273e+01
9.819999969482421420e+01
9.800000006103515204e+01
9.619999975585938046e+01
9.700000006103515204e+01
9.879999963378905647e+01
9.579999969482422273e+01
9.700000006103515204e+01
9.739999963378906500e+01
9.879999999999999716e+01
9.760000006103516057e+01
9.700000006103515204e+01
9.479999963378905647e+01
9.779999963378905647e+01
9.540000012207030977e+01
9.659999963378906784e+01
9.739999969482421704e+01
9.800000000000000000e+01
9.680000006103514920e+01
9.840000000000000568e+01
9.740000006103515773e+01
9.720000006103515489e+01
9.840000006103515773e+01
9.699999963378905932e+01
9.619999969482421420e+01
9.879999999999999716e+01
9.719999963378906216e+01
9.719999963378906216e+01
9.239999963378906500e+01
9.579999999999999716e+01
9.680000006103514920e+01
9.759999963378906784e+01
9.680000006103514920e+01
9.680000006103514920e+01
9.759999963378906784e+01
9.759999963378906784e+01
9.779999999999999716e+01
9.820000006103515489e+01
9.819999963378906216e+01
9.799999963378905932e+01
9.860000006103516057e+01
9.740000006103515773e+01
9.700000006103515204e+01
9.719999963378906216e+01
9.659999963378906784e+01
9.840000000000000568e+01
9.900000000000000000e+01
9.740000006103515773e+01
9.679999969482422273e+01
9.640000006103515773e+01
9.759999999999999432e+01
9.740000000000000568e+01
9.740000006103515773e+01
9.819999963378906216e+01
9.759999999999999432e+01
9.620000006103515489e+01
9.800000000000000000e+01
9.780000006103514920e+01
9.699999969482422557e+01
9.659999963378906784e+01
9.679999999999999716e+01
9.640000006103515773e+01
9.579999963378905647e+01
9.760000006103516057e+01
9.459999963378906784e+01
9.840000000000000568e+01
9.759999963378906784e+01
9.480000006103514920e+01
9.819999963378906216e+01
9.879999999999999716e+01
9.839999963378906500e+01
9.679999999999999716e+01
9.720000000000000284e+01
9.840000000000000568e+01
9.819999969482421420e+01
9.779999963378905647e+01
9.459999963378906784e+01
9.820000006103515489e+01
9.779999963378905647e+01
9.779999963378905647e+01
9.739999963378906500e+01
9.859999999999999432e+01
9.680000006103514920e+01
9.859999999999999432e+01
9.779999969482422273e+01
9.839999963378906500e+01
9.840000000000000568e+01
9.839999969482421704e+01
9.819999963378906216e+01
9.840000000000000568e+01
9.799999963378905932e+01
9.720000006103515489e+01
9.700000000000000000e+01
9.720000006103515489e+01
9.800000006103515204e+01
9.619999963378906216e+01
9.879999999999999716e+01
9.620000000000000284e+01
9.759999969482421989e+01
9.779999999999999716e+01
9.920000006103515489e+01
9.760000006103516057e+01
9.800000006103515204e+01
9.879999963378905647e+01
9.859999969482421989e+01
9.800000000000000000e+01
9.820000000000000284e+01
9.799999963378905932e+01
9.879999999999999716e+01
9.699999963378905932e+01
9.839999963378906500e+01
9.860000006103516057e+01
9.720000012207030693e+01
9.819999963378906216e+01
9.820000000000000284e+01
9.759999999999999432e+01
9.819999963378906216e+01
9.839999963378906500e+01
9.820000006103515489e+01
9.819999969482421420e+01
9.879999999999999716e+01
9.839999963378906500e+01
9.859999999999999432e+01
9.679999969482422273e+01
9.859999999999999432e+01
9.839999963378906500e+01
9.799999963378905932e+01
9.759999963378906784e+01
9.840000000000000568e+01
9.599999969482422557e+01
