2.000000000000000111e-01
2.999999988555908104e+00
4.799999994277953874e+00
1.919999986267090009e+01
7.019999969482421420e+01
2.859999993896484227e+01
1.399999999999999911e+00
1.719999994659423947e+01
1.999999987792968881e+01
6.199999978637695364e+01
4.700000006103515915e+01
6.499999981689452966e+01
4.960000000000000142e+01
5.759999984741210710e+01
5.639999990844726341e+01
6.659999969482421989e+01
4.579999999999999716e+01
4.599999969482421847e+01
4.319999972534179733e+01
5.239999972534180017e+01
3.839999981689452824e+01
4.059999996948242540e+01
4.259999969482421989e+01
4.939999984741211136e+01
6.520000012207030693e+01
7.619999957275391012e+01
3.219999984741210852e+01
6.239999963378906500e+01
4.819999993896484369e+01
5.779999975585937477e+01
7.739999987792968739e+01
7.860000006103516057e+01
7.560000006103516057e+01
5.580000003051758029e+01
6.899999975585937761e+01
6.940000000000000568e+01
6.060000003051757744e+01
6.720000012207030693e+01
6.359999990844726625e+01
5.479999999999999716e+01
8.059999999999999432e+01
6.819999975585938046e+01
3.839999984741211136e+01
7.179999969482422273e+01
6.979999999999999716e+01
7.719999945068359182e+01
5.140000006103515773e+01
7.459999993896484227e+01
8.579999975585937477e+01
8.639999987792968739e+01
5.899999990844726483e+01
6.739999978637695222e+01
6.819999975585938046e+01
8.179999981689452682e+01
7.380000006103514920e+01
6.079999978637695079e+01
7.559999975585937193e+01
7.319999963378906216e+01
8.039999975585936909e+01
8.979999945068360034e+01
6.679999957275390443e+01
7.000000006103515204e+01
6.159999993896484227e+01
8.719999951171874386e+01
5.779999999999999716e+01
7.679999963378905647e+01
8.780000012207031546e+01
8.419999981689453250e+01
6.419999993896485080e+01
6.039999993896484654e+01
7.299999957275390727e+01
5.819999978637695648e+01
2.519999990844726412e+01
5.939999975585937619e+01
7.119999978637694937e+01
7.359999999999999432e+01
7.020000012207030693e+01
8.759999969482421989e+01
8.639999969482421704e+01
6.739999969482421704e+01
8.319999981689453250e+01
3.519999990844726767e+01
9.679999999999999716e+01
9.840000006103515773e+01
9.600000006103515204e+01
9.700000006103515204e+01
9.739999963378906500e+01
9.819999963378906216e+01
9.719999963378906216e+01
9.559999999999999432e+01
9.700000012207031830e+01
9.659999969482421989e+01
9.820000000000000284e+01
9.800000006103515204e+01
9.740000000000000568e+01
9.759999999999999432e+01
9.819999963378906216e+01
9.840000000000000568e+01
9.739999963378906500e+01
9.800000006103515204e+01
9.820000000000000284e+01
9.739999963378906500e+01
9.739999963378906500e+01
9.660000006103516057e+01
9.779999969482422273e+01
9.420000012207030693e+01
9.619999975585938046e+01
9.579999999999999716e+01
9.779999963378905647e+01
9.780000006103514920e+01
9.879999999999999716e+01
9.760000006103516057e+01
9.659999963378906784e+01
9.319999963378906216e+01
9.659999963378906784e+01
9.719999963378906216e+01
9.499999969482422557e+01
9.760000006103516057e+01
9.819999963378906216e+01
9.299999975585937761e+01
9.820000012207030693e+01
9.479999963378905647e+01
9.439999963378906500e+01
9.859999999999999432e+01
9.879999999999999716e+01
9.899999969482422557e+01
9.899999963378905932e+01
9.899999963378905932e+01
9.920000000000000284e+01
9.900000000000000000e+01
9.899999963378905932e+01
9.899999963378905932e+01
9.900000000000000000e+01
9.859999963378906784e+01
9.859999963378906784e+01
9.859999963378906784e+01
9.859999999999999432e+01
9.800000006103515204e+01
9.859999999999999432e+01
9.840000006103515773e+01
9.859999999999999432e+01
9.820000000000000284e+01
9.839999963378906500e+01
9.840000000000000568e+01
9.859999999999999432e+01
9.839999963378906500e+01
9.859999999999999432e+01
9.839999963378906500e+01
9.800000006103515204e+01
9.820000000000000284e+01
9.840000000000000568e+01
9.819999969482421420e+01
9.820000006103515489e+01
9.840000006103515773e+01
9.879999999999999716e+01
9.859999963378906784e+01
9.859999999999999432e+01
9.859999963378906784e+01
9.860000006103516057e+01
9.860000006103516057e+01
9.800000006103515204e+01
9.880000006103514920e+01
9.820000006103515489e+01
9.879999999999999716e+01
9.859999969482421989e+01
9.860000006103516057e+01
9.839999963378906500e+01
9.879999999999999716e+01
9.859999963378906784e+01
9.879999999999999716e+01
9.879999963378905647e+01
9.879999963378905647e+01
9.880000006103514920e+01
9.859999963378906784e+01
9.859999963378906784e+01
9.859999969482421989e+01
9.840000000000000568e+01
9.859999999999999432e+01
9.859999963378906784e+01
9.859999963378906784e+01
9.799999963378905932e+01
9.879999969482422273e+01
9.859999999999999432e+01
9.820000000000000284e+01
9.859999963378906784e+01
9.859999999999999432e+01
9.879999963378905647e+01
9.879999999999999716e+01
9.859999999999999432e+01
9.879999999999999716e+01
9.879999963378905647e+01
9.820000006103515489e+01
9.859999963378906784e+01
9.879999999999999716e+01
9.879999999999999716e+01
9.879999999999999716e+01
9.879999999999999716e+01
9.879999999999999716e+01
9.879999963378905647e+01
9.879999999999999716e+01
9.879999999999999716e+01
9.879999999999999716e+01
9.879999999999999716e+01
9.879999963378905647e+01
9.900000012207031830e+01
9.859999963378906784e+01
9.879999963378905647e+01
9.879999999999999716e+01
9.879999963378905647e+01
9.879999999999999716e+01
9.880000006103514920e+01
9.839999963378906500e+01
9.879999963378905647e+01
9.839999963378906500e+01
9.879999999999999716e+01
9.859999963378906784e+01
9.879999999999999716e+01
9.879999963378905647e+01
9.860000006103516057e+01
9.879999999999999716e+01
9.879999999999999716e+01
9.899999963378905932e+01
9.879999999999999716e+01
9.879999999999999716e+01
9.879999963378905647e+01
9.899999963378905932e+01
9.879999963378905647e+01
9.820000006103515489e+01
9.859999999999999432e+01
9.879999963378905647e+01
9.879999999999999716e+01
9.879999963378905647e+01
9.879999999999999716e+01
9.840000000000000568e+01
9.879999999999999716e+01
9.859999963378906784e+01
9.840000006103515773e+01
9.840000000000000568e+01
9.859999999999999432e+01
9.819999963378906216e+01
9.839999963378906500e+01
9.860000006103516057e+01
9.840000000000000568e+01
9.879999963378905647e+01
9.879999999999999716e+01
9.840000000000000568e+01
9.839999969482421704e+01
9.880000006103514920e+01
9.840000006103515773e+01
9.859999963378906784e+01
9.859999963378906784e+01
9.860000006103516057e+01
9.840000006103515773e+01
9.839999963378906500e+01
9.879999999999999716e+01
9.879999963378905647e+01
9.840000006103515773e+01
9.839999963378906500e+01
9.879999999999999716e+01
9.859999999999999432e+01
9.879999999999999716e+01
9.879999999999999716e+01
9.879999999999999716e+01
9.859999963378906784e+01
9.859999999999999432e+01
9.879999999999999716e+01
9.880000006103514920e+01
9.859999999999999432e+01
9.880000006103514920e+01
9.879999999999999716e+01
9.879999999999999716e+01
9.840000000000000568e+01
9.879999999999999716e+01
9.879999999999999716e+01
9.859999999999999432e+01
9.859999999999999432e+01
9.859999999999999432e+01
9.879999963378905647e+01
9.859999999999999432e+01
9.879999963378905647e+01
9.859999999999999432e+01
9.859999963378906784e+01
9.859999999999999432e+01
9.839999963378906500e+01
9.859999999999999432e+01
9.879999963378905647e+01
9.879999999999999716e+01
9.799999963378905932e+01
9.879999999999999716e+01
9.879999999999999716e+01
9.879999963378905647e+01
9.879999963378905647e+01
9.879999963378905647e+01
9.879999999999999716e+01
9.880000006103514920e+01
9.879999999999999716e+01
9.879999999999999716e+01
9.879999963378905647e+01
9.859999963378906784e+01
9.879999999999999716e+01
9.860000006103516057e+01
9.879999999999999716e+01
9.879999999999999716e+01
9.879999963378905647e+01
9.859999999999999432e+01
9.879999999999999716e+01
9.879999999999999716e+01
9.880000006103514920e+01
9.859999999999999432e+01
9.879999999999999716e+01
9.879999963378905647e+01
9.859999963378906784e+01
9.879999963378905647e+01
9.879999963378905647e+01
9.879999999999999716e+01
9.859999999999999432e+01
9.879999999999999716e+01
9.859999999999999432e+01
9.879999999999999716e+01
9.879999999999999716e+01
9.859999963378906784e+01
9.859999999999999432e+01
9.879999963378905647e+01
9.879999999999999716e+01
9.879999999999999716e+01
9.879999963378905647e+01
9.880000006103514920e+01
9.879999963378905647e+01
9.879999999999999716e+01
9.880000006103514920e+01
9.879999963378905647e+01
9.879999999999999716e+01
9.879999999999999716e+01
9.879999999999999716e+01
9.879999999999999716e+01
9.879999999999999716e+01
9.879999999999999716e+01
9.859999963378906784e+01
9.859999999999999432e+01
9.879999999999999716e+01
9.879999999999999716e+01
9.900000000000000000e+01
9.880000006103514920e+01
9.880000006103514920e+01
9.879999999999999716e+01
9.900000000000000000e+01
9.880000006103514920e+01
9.880000006103514920e+01
9.879999999999999716e+01
9.879999999999999716e+01
9.879999999999999716e+01
9.879999999999999716e+01
9.879999963378905647e+01
9.879999963378905647e+01
9.879999963378905647e+01
9.859999999999999432e+01
9.900000000000000000e+01
9.900000000000000000e+01
9.900000000000000000e+01
9.859999963378906784e+01
9.879999963378905647e+01
9.859999999999999432e+01
9.839999963378906500e+01
9.860000006103516057e+01
9.859999999999999432e+01
9.880000006103514920e+01
9.900000000000000000e+01
9.880000006103514920e+01
9.859999999999999432e+01
9.840000000000000568e+01
9.860000006103516057e+01
9.879999999999999716e+01
9.879999963378905647e+01
9.899999963378905932e+01
9.900000006103515204e+01
9.879999999999999716e+01
9.860000006103516057e+01
9.899999963378905932e+01
9.900000000000000000e+01
9.860000006103516057e+01
9.879999999999999716e+01
9.840000000000000568e+01
9.839999963378906500e+01
9.879999999999999716e+01
9.879999999999999716e+01
9.899999963378905932e+01
9.900000000000000000e+01
9.900000000000000000e+01
9.900000000000000000e+01
9.879999999999999716e+01
9.879999999999999716e+01
9.879999999999999716e+01
9.879999999999999716e+01
9.880000006103514920e+01
9.879999999999999716e+01
9.899999963378905932e+01
9.879999963378905647e+01
9.879999999999999716e+01
9.859999969482421989e+01
9.879999999999999716e+01
9.879999999999999716e+01
9.879999999999999716e+01
9.879999999999999716e+01
9.899999963378905932e+01
9.879999999999999716e+01
9.879999999999999716e+01
9.900000000000000000e+01
9.899999969482422557e+01
9.879999999999999716e+01
9.879999999999999716e+01
9.879999999999999716e+01
9.879999999999999716e+01
9.859999963378906784e+01
9.879999999999999716e+01
9.879999999999999716e+01
9.859999999999999432e+01
9.879999999999999716e+01
9.899999963378905932e+01
9.900000006103515204e+01
9.859999963378906784e+01
9.859999963378906784e+01
9.859999963378906784e+01
9.879999999999999716e+01
9.900000000000000000e+01
9.879999999999999716e+01
9.879999999999999716e+01
9.879999963378905647e+01
9.880000006103514920e+01
9.859999999999999432e+01
9.879999963378905647e+01
9.879999963378905647e+01
9.879999999999999716e+01
9.900000000000000000e+01
9.879999969482422273e+01
9.900000000000000000e+01
9.859999963378906784e+01
9.900000000000000000e+01
9.880000006103514920e+01
9.859999963378906784e+01
9.879999999999999716e+01
9.859999963378906784e+01
9.900000000000000000e+01
9.899999963378905932e+01
9.879999999999999716e+01
9.900000000000000000e+01
9.900000000000000000e+01
9.859999963378906784e+01
9.879999999999999716e+01
9.879999999999999716e+01
9.879999999999999716e+01
9.879999963378905647e+01
9.859999999999999432e+01
9.860000006103516057e+01
9.899999963378905932e+01
9.879999999999999716e+01
9.859999999999999432e+01
9.879999963378905647e+01
9.820000000000000284e+01
9.860000006103516057e+01
9.879999963378905647e+01
9.879999963378905647e+01
9.879999963378905647e+01
9.879999963378905647e+01
9.880000006103514920e+01
9.860000006103516057e+01
9.860000006103516057e+01
9.859999963378906784e+01
9.879999999999999716e+01
9.879999963378905647e+01
9.879999963378905647e+01
9.900000000000000000e+01
9.879999999999999716e+01
9.879999963378905647e+01
9.879999963378905647e+01
9.880000006103514920e+01
9.879999999999999716e+01
9.860000006103516057e+01
9.879999999999999716e+01
9.879999999999999716e+01
9.900000000000000000e+01
9.879999999999999716e+01
9.900000006103515204e+01
9.880000006103514920e+01
9.859999969482421989e+01
9.819999963378906216e+01
9.880000006103514920e+01
9.900000000000000000e+01
9.900000000000000000e+01
9.899999963378905932e+01
9.899999963378905932e+01
9.879999999999999716e+01
9.879999963378905647e+01
9.900000006103515204e+01
9.879999999999999716e+01
9.899999963378905932e+01
9.900000000000000000e+01
9.879999999999999716e+01
9.879999999999999716e+01
9.879999999999999716e+01
9.900000000000000000e+01
9.900000000000000000e+01
9.900000000000000000e+01
9.899999963378905932e+01
9.899999963378905932e+01
9.879999999999999716e+01
9.900000000000000000e+01
9.900000000000000000e+01
9.899999963378905932e+01
9.859999963378906784e+01
9.900000000000000000e+01
9.899999963378905932e+01
9.900000000000000000e+01
9.900000006103515204e+01
9.899999963378905932e+01
9.899999969482422557e+01
9.879999999999999716e+01
9.900000000000000000e+01
9.900000000000000000e+01
9.899999963378905932e+01
9.899999963378905932e+01
9.900000000000000000e+01
9.879999963378905647e+01
9.899999963378905932e+01
9.879999963378905647e+01
9.879999963378905647e+01
9.879999999999999716e+01
9.879999999999999716e+01
9.879999999999999716e+01
9.879999999999999716e+01
9.899999963378905932e+01
9.899999963378905932e+01
9.879999999999999716e+01
9.900000000000000000e+01
9.900000000000000000e+01
9.900000000000000000e+01
9.900000000000000000e+01
9.879999963378905647e+01
9.879999999999999716e+01
9.900000000000000000e+01
9.900000000000000000e+01
9.900000000000000000e+01
9.879999999999999716e+01
9.900000000000000000e+01
9.879999963378905647e+01
9.899999963378905932e+01
9.899999963378905932e+01
9.900000000000000000e+01
9.900000000000000000e+01
9.879999963378905647e+01
9.879999963378905647e+01
9.880000006103514920e+01
9.899999963378905932e+01
9.900000000000000000e+01
9.900000006103515204e+01
9.900000000000000000e+01
9.900000000000000000e+01
9.899999963378905932e+01
9.879999999999999716e+01
9.900000000000000000e+01
9.900000000000000000e+01
9.879999999999999716e+01
9.900000000000000000e+01
9.899999963378905932e+01
9.900000000000000000e+01
9.900000006103515204e+01
9.899999963378905932e+01
9.899999963378905932e+01
9.900000000000000000e+01
9.900000000000000000e+01
9.900000000000000000e+01
9.900000000000000000e+01
9.900000000000000000e+01
9.879999999999999716e+01
9.900000006103515204e+01
9.900000000000000000e+01
9.900000000000000000e+01
9.899999963378905932e+01
9.879999999999999716e+01
9.900000000000000000e+01
9.879999999999999716e+01
9.840000000000000568e+01
9.879999963378905647e+01
9.879999963378905647e+01
9.900000000000000000e+01
9.879999999999999716e+01
9.900000006103515204e+01
9.899999963378905932e+01
9.879999963378905647e+01
9.899999963378905932e+01
9.879999963378905647e+01
9.860000006103516057e+01
9.899999963378905932e+01
9.900000000000000000e+01
9.900000000000000000e+01
9.900000000000000000e+01
9.879999999999999716e+01
9.880000006103514920e+01
9.900000000000000000e+01
9.899999963378905932e+01
9.859999999999999432e+01
9.879999963378905647e+01
9.859999999999999432e+01
9.900000000000000000e+01
9.859999999999999432e+01
9.900000000000000000e+01
9.800000006103515204e+01
9.879999963378905647e+01
9.879999999999999716e+01
9.859999999999999432e+01
9.879999999999999716e+01
9.900000000000000000e+01
9.900000000000000000e+01
9.900000000000000000e+01
9.900000000000000000e+01
9.879999999999999716e+01
9.899999963378905932e+01
9.899999963378905932e+01
9.840000006103515773e+01
9.900000000000000000e+01
9.879999963378905647e+01
9.900000000000000000e+01
9.899999963378905932e+01
9.900000000000000000e+01
9.899999963378905932e+01
9.919999963378906216e+01
9.900000000000000000e+01
9.899999963378905932e+01
9.900000000000000000e+01
9.899999963378905932e+01
9.900000000000000000e+01
9.899999963378905932e+01
9.879999999999999716e+01
9.880000006103514920e+01
9.900000000000000000e+01
9.879999963378905647e+01
9.899999963378905932e+01
9.879999999999999716e+01
9.879999963378905647e+01
9.900000000000000000e+01
9.899999963378905932e+01
9.899999963378905932e+01
9.900000000000000000e+01
9.900000000000000000e+01
9.920000000000000284e+01
9.920000000000000284e+01
9.900000000000000000e+01
9.899999963378905932e+01
9.900000000000000000e+01
9.900000000000000000e+01
9.900000000000000000e+01
9.879999999999999716e+01
9.800000006103515204e+01
9.899999963378905932e+01
9.899999963378905932e+01
9.840000000000000568e+01
9.900000000000000000e+01
9.899999963378905932e+01
9.900000000000000000e+01
9.880000006103514920e+01
9.900000000000000000e+01
9.879999963378905647e+01
9.879999999999999716e+01
9.899999963378905932e+01
9.899999963378905932e+01
9.879999999999999716e+01
9.879999999999999716e+01
9.900000000000000000e+01
9.900000000000000000e+01
9.900000000000000000e+01
9.900000000000000000e+01
9.899999963378905932e+01
9.879999963378905647e+01
9.880000006103514920e+01
9.899999963378905932e+01
9.900000000000000000e+01
9.900000000000000000e+01
9.899999963378905932e+01
9.900000000000000000e+01
9.879999999999999716e+01
9.859999999999999432e+01
9.900000000000000000e+01
9.900000000000000000e+01
9.900000000000000000e+01
9.900000000000000000e+01
9.899999963378905932e+01
9.879999999999999716e+01
9.900000000000000000e+01
9.900000000000000000e+01
9.879999999999999716e+01
9.879999999999999716e+01
9.880000006103514920e+01
9.899999963378905932e+01
9.879999999999999716e+01
9.879999999999999716e+01
9.899999963378905932e+01
9.860000006103516057e+01
9.859999963378906784e+01
9.900000000000000000e+01
9.879999969482422273e+01
9.879999963378905647e+01
9.899999963378905932e+01
9.859999999999999432e+01
9.879999999999999716e+01
9.879999963378905647e+01
9.879999963378905647e+01
9.839999963378906500e+01
9.879999999999999716e+01
9.879999963378905647e+01
9.879999999999999716e+01
9.900000000000000000e+01
9.859999999999999432e+01
9.859999963378906784e+01
9.900000000000000000e+01
9.879999999999999716e+01
9.899999963378905932e+01
9.900000000000000000e+01
9.900000000000000000e+01
9.879999999999999716e+01
9.899999963378905932e+01
9.900000000000000000e+01
9.839999963378906500e+01
9.880000006103514920e+01
9.900000006103515204e+01
9.879999999999999716e+01
9.859999999999999432e+01
9.879999999999999716e+01
9.859999963378906784e+01
9.859999999999999432e+01
9.839999963378906500e+01
9.900000000000000000e+01
9.859999963378906784e+01
9.859999963378906784e+01
9.900000000000000000e+01
9.879999999999999716e+01
9.859999999999999432e+01
9.879999999999999716e+01
9.879999999999999716e+01
9.859999963378906784e+01
9.900000000000000000e+01
9.900000006103515204e+01
9.900000000000000000e+01
9.879999963378905647e+01
9.900000000000000000e+01
9.900000000000000000e+01
9.900000000000000000e+01
9.899999963378905932e+01
9.900000000000000000e+01
9.879999999999999716e+01
9.899999963378905932e+01
9.900000000000000000e+01
9.859999963378906784e+01
9.900000000000000000e+01
9.879999963378905647e+01
9.900000000000000000e+01
9.900000006103515204e+01
9.859999963378906784e+01
9.879999963378905647e+01
9.900000000000000000e+01
9.879999963378905647e+01
9.899999963378905932e+01
9.860000006103516057e+01
9.879999999999999716e+01
9.879999999999999716e+01
9.879999963378905647e+01
9.800000000000000000e+01
9.879999999999999716e+01
9.879999999999999716e+01
9.879999963378905647e+01
9.899999963378905932e+01
9.900000006103515204e+01
9.900000000000000000e+01
9.900000000000000000e+01
9.859999999999999432e+01
9.879999999999999716e+01
9.880000006103514920e+01
9.859999963378906784e+01
9.899999963378905932e+01
9.900000000000000000e+01
9.900000000000000000e+01
9.879999999999999716e+01
9.879999999999999716e+01
9.900000000000000000e+01
9.879999999999999716e+01
9.900000000000000000e+01
9.899999963378905932e+01
9.900000000000000000e+01
9.900000000000000000e+01
9.900000000000000000e+01
9.899999963378905932e+01
9.879999963378905647e+01
9.900000000000000000e+01
9.879999999999999716e+01
9.900000000000000000e+01
9.900000000000000000e+01
9.900000000000000000e+01
9.900000000000000000e+01
9.899999963378905932e+01
9.879999999999999716e+01
9.900000000000000000e+01
9.879999963378905647e+01
9.900000000000000000e+01
9.920000000000000284e+01
9.900000000000000000e+01
9.900000000000000000e+01
9.899999963378905932e+01
9.899999963378905932e+01
9.899999963378905932e+01
9.859999999999999432e+01
9.879999963378905647e+01
9.879999999999999716e+01
9.879999963378905647e+01
9.860000006103516057e+01
9.840000000000000568e+01
9.899999963378905932e+01
9.839999969482421704e+01
9.880000006103514920e+01
9.879999963378905647e+01
9.879999999999999716e+01
9.899999963378905932e+01
9.879999999999999716e+01
9.900000000000000000e+01
9.879999999999999716e+01
9.899999963378905932e+01
9.879999963378905647e+01
9.879999963378905647e+01
9.859999999999999432e+01
9.799999963378905932e+01
9.859999963378906784e+01
9.879999999999999716e+01
9.879999999999999716e+01
9.879999999999999716e+01
9.859999999999999432e+01
9.879999963378905647e+01
9.879999999999999716e+01
9.899999963378905932e+01
9.880000006103514920e+01
9.879999999999999716e+01
9.899999963378905932e+01
9.900000000000000000e+01
9.859999963378906784e+01
9.839999963378906500e+01
9.900000000000000000e+01
9.900000000000000000e+01
9.859999999999999432e+01
9.879999963378905647e+01
9.900000000000000000e+01
9.859999969482421989e+01
9.899999963378905932e+01
9.900000000000000000e+01
9.860000006103516057e+01
9.839999963378906500e+01
9.840000000000000568e+01
9.840000000000000568e+01
9.860000006103516057e+01
9.859999999999999432e+01
9.839999963378906500e+01
9.880000006103514920e+01
9.859999963378906784e+01
9.859999963378906784e+01
9.840000000000000568e+01
9.859999999999999432e+01
9.900000000000000000e+01
9.859999963378906784e+01
9.840000006103515773e+01
9.859999999999999432e+01
9.859999999999999432e+01
9.900000000000000000e+01
9.880000006103514920e+01
9.859999963378906784e+01
9.839999963378906500e+01
9.879999999999999716e+01
9.879999999999999716e+01
9.860000006103516057e+01
9.879999999999999716e+01
9.900000000000000000e+01
9.900000000000000000e+01
9.879999969482422273e+01
9.900000000000000000e+01
9.859999999999999432e+01
9.879999999999999716e+01
9.879999963378905647e+01
9.879999963378905647e+01
9.879999963378905647e+01
9.859999999999999432e+01
9.900000000000000000e+01
9.859999963378906784e+01
9.859999963378906784e+01
9.900000000000000000e+01
9.859999963378906784e+01
9.899999963378905932e+01
9.859999999999999432e+01
9.879999963378905647e+01
9.839999963378906500e+01
9.840000000000000568e+01
9.839999963378906500e+01
9.879999999999999716e+01
9.859999963378906784e+01
9.839999963378906500e+01
9.879999963378905647e+01
9.840000000000000568e+01
9.879999999999999716e+01
9.900000000000000000e+01
9.879999963378905647e+01
9.880000006103514920e+01
9.879999963378905647e+01
9.879999963378905647e+01
9.879999999999999716e+01
9.879999999999999716e+01
9.859999969482421989e+01
9.860000012207031261e+01
9.859999963378906784e+01
9.859999969482421989e+01
9.859999963378906784e+01
9.859999963378906784e+01
9.879999963378905647e+01
9.879999999999999716e+01
9.879999963378905647e+01
9.840000000000000568e+01
9.879999999999999716e+01
9.860000006103516057e+01
9.839999963378906500e+01
9.820000000000000284e+01
9.879999999999999716e+01
9.899999963378905932e+01
9.859999963378906784e+01
9.920000006103515489e+01
9.920000000000000284e+01
9.879999999999999716e+01
9.859999999999999432e+01
9.859999963378906784e+01
9.859999999999999432e+01
9.859999963378906784e+01
9.860000006103516057e+01
9.859999963378906784e+01
9.859999963378906784e+01
9.859999963378906784e+01
9.900000000000000000e+01
9.880000006103514920e+01
9.879999999999999716e+01
9.899999963378905932e+01
9.900000000000000000e+01
9.899999963378905932e+01
9.879999963378905647e+01
9.900000000000000000e+01
9.840000000000000568e+01
9.879999999999999716e+01
9.879999963378905647e+01
9.860000006103516057e+01
9.859999999999999432e+01
9.859999999999999432e+01
9.879999963378905647e+01
9.879999999999999716e+01
9.820000000000000284e+01
9.900000000000000000e+01
9.859999999999999432e+01
9.879999999999999716e+01
9.919999963378906216e+01
9.879999999999999716e+01
9.879999999999999716e+01
9.859999999999999432e+01
9.859999963378906784e+01
9.799999963378905932e+01
9.920000006103515489e+01
9.899999963378905932e+01
9.900000000000000000e+01
9.920000000000000284e+01
9.879999999999999716e+01
9.859999963378906784e+01
9.899999963378905932e+01
9.920000000000000284e+01
9.920000000000000284e+01
9.880000006103514920e+01
9.900000000000000000e+01
9.919999963378906216e+01
9.920000000000000284e+01
9.859999963378906784e+01
9.879999963378905647e+01
9.879999999999999716e+01
9.879999999999999716e+01
9.920000000000000284e+01
9.879999999999999716e+01
9.900000000000000000e+01
9.900000000000000000e+01
9.879999963378905647e+01
9.879999963378905647e+01
9.880000006103514920e+01
9.879999999999999716e+01
9.839999963378906500e+01
9.840000006103515773e+01
9.879999999999999716e+01
9.920000000000000284e+01
9.920000000000000284e+01
9.920000000000000284e+01
9.899999963378905932e+01
9.879999999999999716e+01
9.899999963378905932e+01
9.879999963378905647e+01
9.859999963378906784e+01
9.879999999999999716e+01
9.859999963378906784e+01
9.919999963378906216e+01
9.879999963378905647e+01
9.899999963378905932e+01
9.880000006103514920e+01
9.879999999999999716e+01
9.859999999999999432e+01
9.879999999999999716e+01
9.839999963378906500e+01
9.840000000000000568e+01
9.899999963378905932e+01
9.859999999999999432e+01
9.860000006103516057e+01
9.879999999999999716e+01
9.859999963378906784e+01
9.839999969482421704e+01
9.900000000000000000e+01
9.819999963378906216e+01
9.859999963378906784e+01
9.860000006103516057e+01
9.859999999999999432e+01
9.859999963378906784e+01
9.839999963378906500e+01
9.899999963378905932e+01
9.879999963378905647e+01
9.900000000000000000e+01
9.879999999999999716e+01
9.900000000000000000e+01
9.840000000000000568e+01
9.880000006103514920e+01
9.859999999999999432e+01
9.839999963378906500e+01
9.859999963378906784e+01
9.900000006103515204e+01
9.820000000000000284e+01
9.879999999999999716e+01
9.879999999999999716e+01
9.899999963378905932e+01
9.879999999999999716e+01
9.879999999999999716e+01
9.879999999999999716e+01
9.880000006103514920e+01
9.879999963378905647e+01
9.839999963378906500e+01
9.879999999999999716e+01
9.900000000000000000e+01
9.879999999999999716e+01
9.879999999999999716e+01
9.799999963378905932e+01
9.839999963378906500e+01
9.800000000000000000e+01
9.879999999999999716e+01
9.880000006103514920e+01
9.879999999999999716e+01
9.820000006103515489e+01
9.839999963378906500e+01
9.900000000000000000e+01
9.859999963378906784e+01
9.900000000000000000e+01
9.839999969482421704e+01
9.920000000000000284e+01
9.879999999999999716e+01
9.899999963378905932e+01
9.920000000000000284e+01
9.820000000000000284e+01
9.859999963378906784e+01
9.879999999999999716e+01
9.920000006103515489e+01
9.859999999999999432e+01
9.900000000000000000e+01
9.920000000000000284e+01
9.899999963378905932e+01
9.859999999999999432e+01
9.900000006103515204e+01
9.900000000000000000e+01
9.879999999999999716e+01
9.879999999999999716e+01
9.879999963378905647e+01
9.859999969482421989e+01
9.900000000000000000e+01
9.879999999999999716e+01
9.879999999999999716e+01
9.859999999999999432e+01
9.859999999999999432e+01
9.879999999999999716e+01
9.900000000000000000e+01
9.879999999999999716e+01
9.859999999999999432e+01
9.900000000000000000e+01
9.840000006103515773e+01
9.900000000000000000e+01
9.859999963378906784e+01
9.900000006103515204e+01
9.900000006103515204e+01
9.839999963378906500e+01
9.899999963378905932e+01
9.900000000000000000e+01
9.859999963378906784e+01
9.820000006103515489e+01
9.780000006103514920e+01
9.819999963378906216e+01
9.920000000000000284e+01
9.800000006103515204e+01
9.879999963378905647e+01
9.899999963378905932e+01
9.900000000000000000e+01
9.859999963378906784e+01
9.899999963378905932e+01
9.700000006103515204e+01
9.840000000000000568e+01
9.879999963378905647e+01
9.839999963378906500e+01
9.800000000000000000e+01
9.879999963378905647e+01
9.839999963378906500e+01
9.899999963378905932e+01
9.879999999999999716e+01
9.859999999999999432e+01
9.859999963378906784e+01
9.879999963378905647e+01
9.839999963378906500e+01
9.859999963378906784e+01
9.859999963378906784e+01
9.799999963378905932e+01
9.840000000000000568e+01
9.879999999999999716e+01
9.879999963378905647e+01
9.900000000000000000e+01
9.879999999999999716e+01
9.860000006103516057e+01
9.879999963378905647e+01
9.779999999999999716e+01
9.679999963378905647e+01
9.840000006103515773e+01
9.879999999999999716e+01
9.859999963378906784e+01
9.879999963378905647e+01
9.899999963378905932e+01
9.860000006103516057e+01
9.919999963378906216e+01
9.779999963378905647e+01
9.899999963378905932e+01
9.879999963378905647e+01
9.820000000000000284e+01
9.840000000000000568e+01
9.879999999999999716e+01
9.859999963378906784e+01
9.879999999999999716e+01
9.900000000000000000e+01
9.900000000000000000e+01
9.859999969482421989e+01
9.879999963378905647e+01
9.859999999999999432e+01
9.799999963378905932e+01
9.900000000000000000e+01
9.880000006103514920e+01
9.819999963378906216e+01
9.879999963378905647e+01
9.899999963378905932e+01
9.900000000000000000e+01
9.899999963378905932e+01
9.919999963378906216e+01
9.899999963378905932e+01
9.879999999999999716e+01
9.899999963378905932e+01
9.840000000000000568e+01
9.859999963378906784e+01
9.859999999999999432e+01
9.859999999999999432e+01
9.799999963378905932e+01
9.859999963378906784e+01
9.900000000000000000e+01
9.840000000000000568e+01
9.879999999999999716e+01
9.879999999999999716e+01
9.859999999999999432e+01
9.840000000000000568e+01
9.900000000000000000e+01
9.899999963378905932e+01
9.859999999999999432e+01
9.840000000000000568e+01
9.880000006103514920e+01
9.900000006103515204e+01
9.900000000000000000e+01
9.900000006103515204e+01
9.759999963378906784e+01
9.879999963378905647e+01
9.820000000000000284e+01
9.879999969482422273e+01
9.859999963378906784e+01
9.860000006103516057e+01
9.879999999999999716e+01
9.819999963378906216e+01
9.780000006103514920e+01
9.839999969482421704e+01
9.900000006103515204e+01
9.840000000000000568e+01
9.879999999999999716e+01
9.879999999999999716e+01
9.839999963378906500e+01
9.819999963378906216e+01
9.880000006103514920e+01
9.880000006103514920e+01
9.859999963378906784e+01
9.879999999999999716e+01
9.879999999999999716e+01
9.800000006103515204e+01
9.740000006103515773e+01
9.759999963378906784e+01
9.759999963378906784e+01
9.900000000000000000e+01
9.900000006103515204e+01
9.879999999999999716e+01
9.900000000000000000e+01
9.859999963378906784e+01
9.880000006103514920e+01
9.899999963378905932e+01
9.900000000000000000e+01
9.859999963378906784e+01
9.820000006103515489e+01
9.879999999999999716e+01
9.879999999999999716e+01
9.900000000000000000e+01
9.879999963378905647e+01
9.900000000000000000e+01
9.760000006103516057e+01
9.899999963378905932e+01
9.900000000000000000e+01
9.899999963378905932e+01
9.879999963378905647e+01
9.879999963378905647e+01
9.879999969482422273e+01
9.860000006103516057e+01
9.840000000000000568e+01
9.879999999999999716e+01
9.799999969482422557e+01
9.819999963378906216e+01
9.859999999999999432e+01
9.900000000000000000e+01
9.879999963378905647e+01
9.840000006103515773e+01
9.900000000000000000e+01
9.900000000000000000e+01
9.880000006103514920e+01
9.879999963378905647e+01
9.779999963378905647e+01
9.859999963378906784e+01
9.820000000000000284e+01
9.879999999999999716e+01
9.879999963378905647e+01
9.900000000000000000e+01
9.859999999999999432e+01
9.859999963378906784e+01
9.879999999999999716e+01
9.859999963378906784e+01
9.860000006103516057e+01
9.879999999999999716e+01
9.899999963378905932e+01
9.879999963378905647e+01
9.920000000000000284e+01
9.839999963378906500e+01
9.879999999999999716e+01
9.919999963378906216e+01
9.899999963378905932e+01
9.900000000000000000e+01
9.859999963378906784e+01
9.819999963378906216e+01
9.899999963378905932e+01
9.899999963378905932e+01
9.820000000000000284e+01
9.820000006103515489e+01
9.859999999999999432e+01
9.859999999999999432e+01
9.799999963378905932e+01
9.859999963378906784e+01
9.900000000000000000e+01
9.840000006103515773e+01
9.839999963378906500e+01
9.879999999999999716e+01
9.879999999999999716e+01
9.879999963378905647e+01
9.899999963378905932e+01
9.920000000000000284e+01
9.899999963378905932e+01
9.920000000000000284e+01
9.900000000000000000e+01
9.879999963378905647e+01
9.900000000000000000e+01
9.859999999999999432e+01
9.900000000000000000e+01
9.819999969482421420e+01
9.840000000000000568e+01
9.880000006103514920e+01
9.879999999999999716e+01
9.800000006103515204e+01
9.819999963378906216e+01
9.859999999999999432e+01
9.859999999999999432e+01
9.760000006103516057e+01
9.919999963378906216e+01
9.859999963378906784e+01
9.920000006103515489e+01
9.859999963378906784e+01
9.880000006103514920e+01
9.720000006103515489e+01
9.860000006103516057e+01
9.840000000000000568e+01
9.779999999999999716e+01
9.820000006103515489e+01
9.819999963378906216e+01
9.839999963378906500e+01
9.859999999999999432e+01
9.760000006103516057e+01
9.879999999999999716e+01
9.759999999999999432e+01
9.600000006103515204e+01
9.840000000000000568e+01
9.840000000000000568e+01
9.920000006103515489e+01
9.799999963378905932e+01
9.879999963378905647e+01
9.879999963378905647e+01
9.780000006103514920e+01
9.920000000000000284e+01
9.919999963378906216e+01
9.880000006103514920e+01
9.900000006103515204e+01
9.839999969482421704e+01
9.900000000000000000e+01
9.839999963378906500e+01
9.840000006103515773e+01
9.879999963378905647e+01
9.860000006103516057e+01
9.899999963378905932e+01
9.859999963378906784e+01
9.820000000000000284e+01
9.840000006103515773e+01
9.819999963378906216e+01
9.879999999999999716e+01
9.879999999999999716e+01
9.900000000000000000e+01
9.840000006103515773e+01
9.880000006103514920e+01
9.859999999999999432e+01
9.859999963378906784e+01
9.879999999999999716e+01
9.900000000000000000e+01
9.759999963378906784e+01
9.879999999999999716e+01
9.879999963378905647e+01
9.840000000000000568e+01
9.839999963378906500e+01
9.900000000000000000e+01
9.859999963378906784e+01
9.839999963378906500e+01
9.819999963378906216e+01
9.839999963378906500e+01
9.900000000000000000e+01
9.879999963378905647e+01
9.859999999999999432e+01
9.860000006103516057e+01
9.840000006103515773e+01
9.900000000000000000e+01
9.859999969482421989e+01
9.819999963378906216e+01
9.859999999999999432e+01
9.899999963378905932e+01
9.719999963378906216e+01
9.819999963378906216e+01
9.859999999999999432e+01
9.859999963378906784e+01
9.919999963378906216e+01
9.840000006103515773e+01
9.799999963378905932e+01
9.779999999999999716e+01
9.920000000000000284e+01
9.840000000000000568e+01
9.840000000000000568e+01
9.839999963378906500e+01
9.899999963378905932e+01
9.900000000000000000e+01
9.779999999999999716e+01
9.879999999999999716e+01
9.879999999999999716e+01
9.859999963378906784e+01
9.840000000000000568e+01
9.819999963378906216e+01
9.859999963378906784e+01
9.879999999999999716e+01
9.859999999999999432e+01
9.859999999999999432e+01
9.859999963378906784e+01
9.879999963378905647e+01
9.879999999999999716e+01
9.919999963378906216e+01
9.879999999999999716e+01
9.820000000000000284e+01
9.859999963378906784e+01
9.819999963378906216e+01
9.820000006103515489e+01
9.859999999999999432e+01
9.840000006103515773e+01
9.879999999999999716e+01
9.820000000000000284e+01
9.899999963378905932e+01
9.860000006103516057e+01
9.839999963378906500e+01
9.839999969482421704e+01
9.859999999999999432e+01
9.879999999999999716e+01
9.879999999999999716e+01
9.839999963378906500e+01
9.899999963378905932e+01
9.900000000000000000e+01
9.839999963378906500e+01
9.859999999999999432e+01
9.879999999999999716e+01
9.899999963378905932e+01
9.860000006103516057e+01
9.900000000000000000e+01
9.899999963378905932e+01
9.800000006103515204e+01
9.879999999999999716e+01
9.859999999999999432e+01
9.819999963378906216e+01
9.839999963378906500e+01
9.899999963378905932e+01
9.859999999999999432e+01
9.900000000000000000e+01
9.879999963378905647e+01
9.879999999999999716e+01
9.900000000000000000e+01
9.820000000000000284e+01
9.900000000000000000e+01
9.860000006103516057e+01
9.900000000000000000e+01
9.900000006103515204e+01
9.859999963378906784e+01
9.879999963378905647e+01
9.840000000000000568e+01
9.860000006103516057e+01
9.919999963378906216e+01
9.919999963378906216e+01
9.899999963378905932e+01
9.800000006103515204e+01
9.839999963378906500e+01
9.900000000000000000e+01
9.900000006103515204e+01
9.879999963378905647e+01
9.840000006103515773e+01
9.899999963378905932e+01
9.800000000000000000e+01
9.740000000000000568e+01
9.840000000000000568e+01
9.879999999999999716e+01
9.879999999999999716e+01
9.920000000000000284e+01
9.919999963378906216e+01
9.899999963378905932e+01
9.839999963378906500e+01
9.879999999999999716e+01
9.800000000000000000e+01
9.839999963378906500e+01
9.879999999999999716e+01
9.879999999999999716e+01
9.879999999999999716e+01
9.800000000000000000e+01
9.780000006103514920e+01
9.819999963378906216e+01
9.900000000000000000e+01
9.880000006103514920e+01
9.880000006103514920e+01
9.799999963378905932e+01
9.879999963378905647e+01
9.900000000000000000e+01
9.879999999999999716e+01
9.900000006103515204e+01
9.859999999999999432e+01
9.919999963378906216e+01
9.879999999999999716e+01
9.879999999999999716e+01
9.780000006103514920e+01
9.859999963378906784e+01
9.859999963378906784e+01
9.900000000000000000e+01
9.879999963378905647e+01
9.840000000000000568e+01
9.859999999999999432e+01
9.940000000000000568e+01
9.840000006103515773e+01
9.859999963378906784e+01
9.879999963378905647e+01
9.900000000000000000e+01
9.899999963378905932e+01
9.879999999999999716e+01
9.820000000000000284e+01
9.899999963378905932e+01
9.920000000000000284e+01
9.859999999999999432e+01
9.920000000000000284e+01
9.820000006103515489e+01
9.820000000000000284e+01
9.900000000000000000e+01
9.879999963378905647e+01
9.899999963378905932e+01
9.899999963378905932e+01
9.879999963378905647e+01
9.879999963378905647e+01
9.859999963378906784e+01
9.919999963378906216e+01
9.859999999999999432e+01
9.819999963378906216e+01
9.899999963378905932e+01
9.920000000000000284e+01
9.920000000000000284e+01
9.879999999999999716e+01
9.919999963378906216e+01
9.900000000000000000e+01
9.920000000000000284e+01
9.880000006103514920e+01
9.859999963378906784e+01
9.919999963378906216e+01
9.840000000000000568e+01
9.900000000000000000e+01
9.920000000000000284e+01
9.859999999999999432e+01
9.879999999999999716e+01
9.900000000000000000e+01
9.900000000000000000e+01
9.859999963378906784e+01
9.920000000000000284e+01
9.919999963378906216e+01
9.920000000000000284e+01
9.919999963378906216e+01
9.920000000000000284e+01
9.919999963378906216e+01
9.920000000000000284e+01
9.899999963378905932e+01
9.839999963378906500e+01
9.879999999999999716e+01
9.859999999999999432e+01
9.820000006103515489e+01
9.779999999999999716e+01
9.600000006103515204e+01
9.879999963378905647e+01
9.859999999999999432e+01
9.840000006103515773e+01
9.860000006103516057e+01
9.840000000000000568e+01
9.720000000000000284e+01
9.879999963378905647e+01
9.879999963378905647e+01
9.879999999999999716e+01
9.920000006103515489e+01
9.840000000000000568e+01
9.819999963378906216e+01
9.839999963378906500e+01
9.859999999999999432e+01
9.839999963378906500e+01
9.800000000000000000e+01
9.739999969482421704e+01
9.859999999999999432e+01
9.759999963378906784e+01
9.899999963378905932e+01
9.819999969482421420e+01
9.880000006103514920e+01
9.860000006103516057e+01
9.879999963378905647e+01
9.899999963378905932e+01
9.879999999999999716e+01
9.859999999999999432e+01
9.879999963378905647e+01
9.879999999999999716e+01
9.920000000000000284e+01
9.859999963378906784e+01
9.839999963378906500e+01
9.920000000000000284e+01
9.879999963378905647e+01
9.879999963378905647e+01
9.859999999999999432e+01
9.819999963378906216e+01
9.720000000000000284e+01
9.859999999999999432e+01
9.840000000000000568e+01
9.719999969482421420e+01
9.859999963378906784e+01
9.859999963378906784e+01
9.859999963378906784e+01
9.760000006103516057e+01
9.839999963378906500e+01
9.900000000000000000e+01
9.879999963378905647e+01
9.859999999999999432e+01
9.839999963378906500e+01
9.819999963378906216e+01
9.860000006103516057e+01
9.920000000000000284e+01
9.780000006103514920e+01
9.819999963378906216e+01
9.820000006103515489e+01
9.899999963378905932e+01
9.900000000000000000e+01
9.899999963378905932e+01
9.920000000000000284e+01
9.920000000000000284e+01
9.860000006103516057e+01
9.839999963378906500e+01
9.900000000000000000e+01
9.919999963378906216e+01
9.820000006103515489e+01
9.900000000000000000e+01
9.879999963378905647e+01
9.720000000000000284e+01
9.740000006103515773e+01
9.800000000000000000e+01
9.879999963378905647e+01
9.879999999999999716e+01
9.879999969482422273e+01
9.799999963378905932e+01
9.859999969482421989e+01
9.839999963378906500e+01
9.859999963378906784e+01
9.879999963378905647e+01
9.920000000000000284e+01
9.859999969482421989e+01
9.720000000000000284e+01
9.879999963378905647e+01
9.879999999999999716e+01
9.900000000000000000e+01
9.860000006103516057e+01
9.879999963378905647e+01
9.900000000000000000e+01
9.879999999999999716e+01
9.840000000000000568e+01
9.860000006103516057e+01
9.900000000000000000e+01
9.879999999999999716e+01
9.899999963378905932e+01
9.879999963378905647e+01
9.699999969482422557e+01
9.619999963378906216e+01
9.799999963378905932e+01
9.879999963378905647e+01
9.899999963378905932e+01
9.819999963378906216e+01
9.840000000000000568e+01
9.879999999999999716e+01
9.840000000000000568e+01
9.879999999999999716e+01
9.920000000000000284e+01
9.800000006103515204e+01
9.879999963378905647e+01
9.920000000000000284e+01
9.859999999999999432e+01
9.839999963378906500e+01
9.900000000000000000e+01
9.879999999999999716e+01
9.920000000000000284e+01
9.819999963378906216e+01
9.859999999999999432e+01
9.919999969482421420e+01
9.800000006103515204e+01
9.879999999999999716e+01
9.859999999999999432e+01
9.840000000000000568e+01
9.900000000000000000e+01
9.879999963378905647e+01
9.759999999999999432e+01
9.900000006103515204e+01
9.899999963378905932e+01
9.819999963378906216e+01
9.819999963378906216e+01
9.359999969482421989e+01
9.920000000000000284e+01
9.799999963378905932e+01
9.700000000000000000e+01
9.819999963378906216e+01
9.700000000000000000e+01
9.759999969482421989e+01
9.859999963378906784e+01
9.879999999999999716e+01
9.859999999999999432e+01
9.820000000000000284e+01
9.819999963378906216e+01
9.839999963378906500e+01
9.899999963378905932e+01
9.780000006103514920e+01
9.920000000000000284e+01
9.879999963378905647e+01
9.899999963378905932e+01
9.720000000000000284e+01
9.840000000000000568e+01
9.800000000000000000e+01
9.779999963378905647e+01
9.840000006103515773e+01
9.859999999999999432e+01
9.820000000000000284e+01
9.879999999999999716e+01
9.859999963378906784e+01
9.800000000000000000e+01
9.840000006103515773e+01
9.900000000000000000e+01
9.920000000000000284e+01
9.879999999999999716e+01
9.840000006103515773e+01
9.840000000000000568e+01
9.920000000000000284e+01
9.760000006103516057e+01
9.879999999999999716e+01
9.879999999999999716e+01
9.879999963378905647e+01
9.820000000000000284e+01
9.859999963378906784e+01
9.900000000000000000e+01
9.920000000000000284e+01
9.920000000000000284e+01
9.879999999999999716e+01
9.920000000000000284e+01
9.799999963378905932e+01
9.899999963378905932e+01
9.800000000000000000e+01
9.899999963378905932e+01
9.899999963378905932e+01
9.900000000000000000e+01
9.879999963378905647e+01
9.900000006103515204e+01
9.859999963378906784e+01
9.879999999999999716e+01
9.859999963378906784e+01
9.899999963378905932e+01
9.899999963378905932e+01
9.879999963378905647e+01
9.879999999999999716e+01
9.899999963378905932e+01
9.800000006103515204e+01
9.940000000000000568e+01
9.900000000000000000e+01
9.900000000000000000e+01
9.920000006103515489e+01
9.900000000000000000e+01
9.900000000000000000e+01
9.920000000000000284e+01
9.859999999999999432e+01
9.879999963378905647e+01
9.900000000000000000e+01
9.780000006103514920e+01
9.840000006103515773e+01
9.879999999999999716e+01
9.800000000000000000e+01
9.859999963378906784e+01
9.879999999999999716e+01
9.899999963378905932e+01
9.660000006103516057e+01
9.900000000000000000e+01
9.900000000000000000e+01
9.920000000000000284e+01
9.859999963378906784e+01
9.920000000000000284e+01
9.900000006103515204e+01
9.919999963378906216e+01
9.900000000000000000e+01
9.879999999999999716e+01
9.800000006103515204e+01
9.839999963378906500e+01
9.920000000000000284e+01
9.899999963378905932e+01
9.900000000000000000e+01
9.899999963378905932e+01
9.879999963378905647e+01
9.899999963378905932e+01
9.940000000000000568e+01
9.859999999999999432e+01
9.820000000000000284e+01
9.800000000000000000e+01
9.820000000000000284e+01
9.799999969482422557e+01
9.820000000000000284e+01
9.859999999999999432e+01
9.879999963378905647e+01
9.900000000000000000e+01
9.879999963378905647e+01
9.879999963378905647e+01
9.900000000000000000e+01
9.900000000000000000e+01
9.879999963378905647e+01
9.799999963378905932e+01
9.879999963378905647e+01
9.640000006103515773e+01
9.879999999999999716e+01
9.899999963378905932e+01
9.779999999999999716e+01
9.860000006103516057e+01
9.879999969482422273e+01
9.840000000000000568e+01
9.900000000000000000e+01
9.900000000000000000e+01
9.659999963378906784e+01
9.859999963378906784e+01
9.779999969482422273e+01
9.859999999999999432e+01
9.839999963378906500e+01
9.799999963378905932e+01
9.879999999999999716e+01
9.799999963378905932e+01
9.879999999999999716e+01
9.920000000000000284e+01
9.880000006103514920e+01
9.799999963378905932e+01
9.840000000000000568e+01
9.859999999999999432e+01
9.879999963378905647e+01
9.839999963378906500e+01
9.759999969482421989e+01
9.759999963378906784e+01
9.819999963378906216e+01
9.900000006103515204e+01
9.839999963378906500e+01
9.820000000000000284e+01
9.920000000000000284e+01
9.879999999999999716e+01
9.879999999999999716e+01
9.899999963378905932e+01
9.879999963378905647e+01
9.900000000000000000e+01
9.879999999999999716e+01
9.839999963378906500e+01
9.860000006103516057e+01
9.800000000000000000e+01
9.859999999999999432e+01
9.919999963378906216e+01
9.820000000000000284e+01
9.840000000000000568e+01
9.859999999999999432e+01
9.879999963378905647e+01
9.859999963378906784e+01
9.900000000000000000e+01
9.820000000000000284e+01
9.859999999999999432e+01
9.859999999999999432e+01
9.879999999999999716e+01
9.719999969482421420e+01
9.719999963378906216e+01
9.740000000000000568e+01
9.920000000000000284e+01
9.920000000000000284e+01
9.700000006103515204e+01
9.799999963378905932e+01
9.919999963378906216e+01
9.899999963378905932e+01
9.900000000000000000e+01
9.620000000000000284e+01
9.880000006103514920e+01
9.859999963378906784e+01
9.859999963378906784e+01
9.879999963378905647e+01
9.900000000000000000e+01
9.859999963378906784e+01
9.920000000000000284e+01
9.659999963378906784e+01
9.840000000000000568e+01
9.820000000000000284e+01
9.900000000000000000e+01
9.840000000000000568e+01
9.820000006103515489e+01
9.859999963378906784e+01
9.820000006103515489e+01
9.859999999999999432e+01
9.639999975585936909e+01
9.859999999999999432e+01
9.899999963378905932e+01
9.879999963378905647e+01
9.859999963378906784e+01
9.720000000000000284e+01
9.879999963378905647e+01
9.820000006103515489e+01
9.839999963378906500e+01
9.739999963378906500e+01
9.879999999999999716e+01
9.859999999999999432e+01
9.879999963378905647e+01
9.879999963378905647e+01
9.780000006103514920e+01
9.840000006103515773e+01
9.659999999999999432e+01
9.859999999999999432e+01
9.780000006103514920e+01
9.839999963378906500e+01
9.879999963378905647e+01
9.860000006103516057e+01
9.920000000000000284e+01
9.899999963378905932e+01
9.859999963378906784e+01
9.540000012207030977e+01
9.799999963378905932e+01
9.719999975585938046e+01
9.779999999999999716e+01
9.800000006103515204e+01
9.859999999999999432e+01
9.879999999999999716e+01
9.900000000000000000e+01
9.879999963378905647e+01
9.859999999999999432e+01
9.860000006103516057e+01
9.859999999999999432e+01
9.920000000000000284e+01
9.819999963378906216e+01
9.900000000000000000e+01
9.900000000000000000e+01
9.780000006103514920e+01
9.859999999999999432e+01
9.840000006103515773e+01
9.920000000000000284e+01
9.800000006103515204e+01
9.820000000000000284e+01
9.859999963378906784e+01
9.879999999999999716e+01
9.859999999999999432e+01
9.599999963378905932e+01
9.619999963378906216e+01
9.820000006103515489e+01
9.859999999999999432e+01
9.859999999999999432e+01
9.899999963378905932e+01
9.800000000000000000e+01
9.919999963378906216e+01
9.940000000000000568e+01
9.820000006103515489e+01
9.879999999999999716e+01
9.899999963378905932e+01
9.900000000000000000e+01
9.879999999999999716e+01
9.920000000000000284e+01
9.860000006103516057e+01
9.879999999999999716e+01
9.900000000000000000e+01
9.899999963378905932e+01
9.879999999999999716e+01
9.879999963378905647e+01
9.879999999999999716e+01
9.779999963378905647e+01
9.900000000000000000e+01
9.879999999999999716e+01
9.820000006103515489e+01
9.879999999999999716e+01
9.900000000000000000e+01
9.859999999999999432e+01
9.900000000000000000e+01
9.880000006103514920e+01
9.919999963378906216e+01
9.900000000000000000e+01
9.900000000000000000e+01
9.920000000000000284e+01
9.819999963378906216e+01
9.839999963378906500e+01
9.840000006103515773e+01
9.820000000000000284e+01
9.879999963378905647e+01
9.779999999999999716e+01
9.859999999999999432e+01
9.900000000000000000e+01
9.900000000000000000e+01
9.899999963378905932e+01
9.879999999999999716e+01
9.900000000000000000e+01
9.720000006103515489e+01
9.820000000000000284e+01
9.780000006103514920e+01
9.900000000000000000e+01
9.879999999999999716e+01
9.779999999999999716e+01
9.879999963378905647e+01
9.879999963378905647e+01
9.840000006103515773e+01
9.919999963378906216e+01
9.920000000000000284e+01
9.860000006103516057e+01
9.900000000000000000e+01
9.739999963378906500e+01
9.879999963378905647e+01
9.900000000000000000e+01
9.879999963378905647e+01
9.900000000000000000e+01
9.859999963378906784e+01
9.720000000000000284e+01
9.819999963378906216e+01
9.719999969482421420e+01
9.899999963378905932e+01
9.879999999999999716e+01
9.779999969482422273e+01
9.900000006103515204e+01
9.800000000000000000e+01
9.819999969482421420e+01
9.839999963378906500e+01
9.819999963378906216e+01
9.880000006103514920e+01
9.879999999999999716e+01
9.879999999999999716e+01
9.840000000000000568e+01
9.539999969482421704e+01
9.839999963378906500e+01
9.759999963378906784e+01
9.740000006103515773e+01
9.819999963378906216e+01
9.800000006103515204e+01
9.779999969482422273e+01
9.920000000000000284e+01
9.680000012207031546e+01
9.819999963378906216e+01
9.719999963378906216e+01
9.759999963378906784e+01
9.820000000000000284e+01
9.839999963378906500e+01
9.740000000000000568e+01
9.819999963378906216e+01
9.900000000000000000e+01
9.859999999999999432e+01
9.879999999999999716e+01
9.820000012207030693e+01
9.659999963378906784e+01
9.900000006103515204e+01
9.859999999999999432e+01
9.860000006103516057e+01
9.859999963378906784e+01
9.879999999999999716e+01
9.479999969482422273e+01
9.900000000000000000e+01
9.879999963378905647e+01
9.900000000000000000e+01
9.900000006103515204e+01
9.819999963378906216e+01
9.840000000000000568e+01
9.879999999999999716e+01
9.900000000000000000e+01
9.820000000000000284e+01
9.879999963378905647e+01
9.859999963378906784e+01
9.600000006103515204e+01
9.859999963378906784e+01
9.879999963378905647e+01
9.599999963378905932e+01
9.859999999999999432e+01
9.900000000000000000e+01
9.840000006103515773e+01
9.840000006103515773e+01
9.799999969482422557e+01
9.760000006103516057e+01
9.800000000000000000e+01
9.840000006103515773e+01
9.839999963378906500e+01
9.899999963378905932e+01
9.859999999999999432e+01
9.900000006103515204e+01
9.800000006103515204e+01
9.900000000000000000e+01
9.860000006103516057e+01
9.900000000000000000e+01
9.820000006103515489e+01
9.900000000000000000e+01
9.920000000000000284e+01
9.899999963378905932e+01
9.839999963378906500e+01
9.779999963378905647e+01
9.659999963378906784e+01
9.879999999999999716e+01
9.920000006103515489e+01
9.800000006103515204e+01
9.780000006103514920e+01
9.880000006103514920e+01
9.719999963378906216e+01
8.579999987792969307e+01
9.799999963378905932e+01
9.699999963378905932e+01
9.940000000000000568e+01
9.760000006103516057e+01
9.820000000000000284e+01
9.840000000000000568e+01
9.919999963378906216e+01
9.619999969482421420e+01
9.900000000000000000e+01
9.899999963378905932e+01
9.820000000000000284e+01
9.880000006103514920e+01
9.740000000000000568e+01
9.740000006103515773e+01
9.820000006103515489e+01
9.900000006103515204e+01
9.859999963378906784e+01
9.919999963378906216e+01
9.839999963378906500e+01
9.900000000000000000e+01
9.760000006103516057e+01
9.919999963378906216e+01
9.840000000000000568e+01
9.799999963378905932e+01
9.880000006103514920e+01
9.719999963378906216e+01
9.580000006103514920e+01
9.859999963378906784e+01
9.640000006103515773e+01
9.840000000000000568e+01
9.680000006103514920e+01
9.800000000000000000e+01
9.579999999999999716e+01
9.820000000000000284e+01
9.859999963378906784e+01
9.879999963378905647e+01
9.639999969482421704e+01
9.939999963378906500e+01
9.700000000000000000e+01
9.840000000000000568e+01
9.740000000000000568e+01
9.920000000000000284e+01
9.799999963378905932e+01
9.700000000000000000e+01
9.700000006103515204e+01
9.839999963378906500e+01
9.700000006103515204e+01
9.859999999999999432e+01
9.920000006103515489e+01
9.879999963378905647e+01
9.919999963378906216e+01
9.819999963378906216e+01
9.920000006103515489e+01
9.840000000000000568e+01
9.899999969482422557e+01
9.920000000000000284e+01
9.800000000000000000e+01
9.859999963378906784e+01
9.900000000000000000e+01
9.859999999999999432e+01
9.859999999999999432e+01
9.739999963378906500e+01
9.899999963378905932e+01
9.779999963378905647e+01
9.840000006103515773e+01
9.779999963378905647e+01
9.319999969482421420e+01
9.679999963378905647e+01
9.660000006103516057e+01
9.680000012207031546e+01
9.839999963378906500e+01
9.860000006103516057e+01
9.820000000000000284e+01
9.860000006103516057e+01
9.779999963378905647e+01
9.640000006103515773e+01
9.879999999999999716e+01
9.760000006103516057e+01
9.859999963378906784e+01
9.779999963378905647e+01
9.859999999999999432e+01
9.900000000000000000e+01
9.839999963378906500e+01
9.800000000000000000e+01
9.600000006103515204e+01
9.760000006103516057e+01
9.859999963378906784e+01
9.900000000000000000e+01
9.659999963378906784e+01
9.779999999999999716e+01
9.779999963378905647e+01
9.820000000000000284e+01
9.600000006103515204e+01
9.859999963378906784e+01
9.740000012207030977e+01
9.859999999999999432e+01
9.820000000000000284e+01
9.839999963378906500e+01
9.739999963378906500e+01
9.879999963378905647e+01
9.899999963378905932e+01
9.900000000000000000e+01
9.879999999999999716e+01
9.760000006103516057e+01
9.799999963378905932e+01
9.899999963378905932e+01
9.839999969482421704e+01
9.839999969482421704e+01
9.720000000000000284e+01
9.820000000000000284e+01
9.820000006103515489e+01
9.839999963378906500e+01
9.839999963378906500e+01
9.879999963378905647e+01
9.879999963378905647e+01
9.840000000000000568e+01
9.619999963378906216e+01
9.740000012207030977e+01
9.840000000000000568e+01
9.620000006103515489e+01
9.879999999999999716e+01
9.820000000000000284e+01
9.920000000000000284e+01
9.860000006103516057e+01
9.759999963378906784e+01
9.900000000000000000e+01
9.759999963378906784e+01
9.800000000000000000e+01
9.900000006103515204e+01
9.780000006103514920e+01
9.759999963378906784e+01
9.919999963378906216e+01
9.899999963378905932e+01
9.819999963378906216e+01
9.780000006103514920e+01
9.840000000000000568e+01
9.920000000000000284e+01
9.899999963378905932e+01
9.920000000000000284e+01
9.800000006103515204e+01
9.819999963378906216e+01
9.760000012207031261e+01
9.820000000000000284e+01
9.859999963378906784e+01
9.879999999999999716e+01
9.839999963378906500e+01
9.739999963378906500e+01
9.540000000000000568e+01
9.799999963378905932e+01
9.739999963378906500e+01
9.879999963378905647e+01
9.859999999999999432e+01
9.840000000000000568e+01
9.800000000000000000e+01
9.779999999999999716e+01
9.840000000000000568e+01
9.120000006103515489e+01
9.859999963378906784e+01
9.819999963378906216e+01
9.739999969482421704e+01
9.879999963378905647e+01
9.779999999999999716e+01
9.879999999999999716e+01
9.879999963378905647e+01
9.779999969482422273e+01
9.719999963378906216e+01
9.780000006103514920e+01
9.839999969482421704e+01
9.900000000000000000e+01
9.820000006103515489e+01
9.859999963378906784e+01
9.859999999999999432e+01
9.859999999999999432e+01
9.859999963378906784e+01
9.900000000000000000e+01
9.920000000000000284e+01
9.879999999999999716e+01
9.719999963378906216e+01
9.920000000000000284e+01
9.779999999999999716e+01
9.879999963378905647e+01
9.900000006103515204e+01
9.860000006103516057e+01
9.879999963378905647e+01
9.920000000000000284e+01
9.660000012207031261e+01
9.880000006103514920e+01
9.879999999999999716e+01
9.899999963378905932e+01
9.859999999999999432e+01
9.839999963378906500e+01
9.839999963378906500e+01
9.899999963378905932e+01
9.879999999999999716e+01
9.879999999999999716e+01
9.820000000000000284e+01
9.759999963378906784e+01
9.680000006103514920e+01
9.699999963378905932e+01
9.860000006103516057e+01
9.840000000000000568e+01
9.900000000000000000e+01
9.819999963378906216e+01
9.819999963378906216e+01
9.879999999999999716e+01
9.900000000000000000e+01
9.679999963378905647e+01
9.760000006103516057e+01
9.839999963378906500e+01
9.900000000000000000e+01
9.740000000000000568e+01
9.799999963378905932e+01
9.900000000000000000e+01
9.879999999999999716e+01
9.840000000000000568e+01
9.820000000000000284e+01
9.899999963378905932e+01
9.360000012207031261e+01
9.799999963378905932e+01
9.819999963378906216e+01
9.940000000000000568e+01
8.859999938964843125e+01
9.899999963378905932e+01
9.500000006103515204e+01
9.820000000000000284e+01
9.800000006103515204e+01
9.840000000000000568e+01
9.859999999999999432e+01
9.819999963378906216e+01
9.840000006103515773e+01
9.899999963378905932e+01
9.879999963378905647e+01
9.800000006103515204e+01
9.800000006103515204e+01
9.780000006103514920e+01
9.759999963378906784e+01
9.819999969482421420e+01
9.779999969482422273e+01
9.879999999999999716e+01
9.880000006103514920e+01
9.839999963378906500e+01
9.840000000000000568e+01
9.799999963378905932e+01
9.779999999999999716e+01
9.279999969482422273e+01
9.820000000000000284e+01
9.859999963378906784e+01
9.879999999999999716e+01
9.640000006103515773e+01
9.779999963378905647e+01
9.839999963378906500e+01
9.879999999999999716e+01
9.879999963378905647e+01
9.859999963378906784e+01
9.840000006103515773e+01
9.759999963378906784e+01
9.920000000000000284e+01
9.539999969482421704e+01
9.880000006103514920e+01
9.900000000000000000e+01
9.920000000000000284e+01
9.920000000000000284e+01
9.880000006103514920e+01
9.800000000000000000e+01
9.879999963378905647e+01
9.780000006103514920e+01
9.820000000000000284e+01
9.459999975585937193e+01
9.840000000000000568e+01
9.820000000000000284e+01
9.779999999999999716e+01
9.859999999999999432e+01
9.800000000000000000e+01
9.799999963378905932e+01
9.859999963378906784e+01
9.780000006103514920e+01
9.879999999999999716e+01
9.859999999999999432e+01
9.859999999999999432e+01
9.820000000000000284e+01
9.859999963378906784e+01
9.859999963378906784e+01
9.819999963378906216e+01
9.779999963378905647e+01
9.500000006103515204e+01
9.840000000000000568e+01
9.800000000000000000e+01
9.600000006103515204e+01
9.740000000000000568e+01
9.740000000000000568e+01
9.800000012207031830e+01
9.740000006103515773e+01
9.879999999999999716e+01
9.780000006103514920e+01
9.879999963378905647e+01
9.859999999999999432e+01
9.759999999999999432e+01
9.900000000000000000e+01
9.879999999999999716e+01
9.800000000000000000e+01
9.900000000000000000e+01
9.759999969482421989e+01
9.879999999999999716e+01
9.740000000000000568e+01
9.800000006103515204e+01
9.879999999999999716e+01
9.779999963378905647e+01
9.779999969482422273e+01
9.859999999999999432e+01
9.759999969482421989e+01
9.739999963378906500e+01
9.840000000000000568e+01
9.879999963378905647e+01
9.859999999999999432e+01
9.900000000000000000e+01
9.840000000000000568e+01
9.779999999999999716e+01
9.639999963378906500e+01
9.819999963378906216e+01
9.820000000000000284e+01
9.659999969482421989e+01
9.720000006103515489e+01
9.859999999999999432e+01
9.859999963378906784e+01
9.900000000000000000e+01
9.859999999999999432e+01
9.900000006103515204e+01
9.879999963378905647e+01
9.879999999999999716e+01
9.859999999999999432e+01
9.760000006103516057e+01
9.640000006103515773e+01
9.879999999999999716e+01
9.699999963378905932e+01
8.740000012207030977e+01
9.739999963378906500e+01
9.879999963378905647e+01
9.800000012207031830e+01
9.920000000000000284e+01
9.920000000000000284e+01
9.720000006103515489e+01
9.679999963378905647e+01
9.819999963378906216e+01
9.779999999999999716e+01
9.860000006103516057e+01
9.740000012207030977e+01
9.860000006103516057e+01
9.859999963378906784e+01
9.799999963378905932e+01
9.840000000000000568e+01
9.859999999999999432e+01
9.800000006103515204e+01
6.580000006103514920e+01
9.320000012207030693e+01
9.259999938964843125e+01
9.799999963378905932e+01
9.800000000000000000e+01
9.820000000000000284e+01
9.799999963378905932e+01
9.859999969482421989e+01
9.840000006103515773e+01
9.739999963378906500e+01
9.839999963378906500e+01
9.779999999999999716e+01
9.859999963378906784e+01
9.840000000000000568e+01
9.919999963378906216e+01
9.879999963378905647e+01
9.900000000000000000e+01
9.720000006103515489e+01
9.819999963378906216e+01
9.919999963378906216e+01
9.819999963378906216e+01
9.879999999999999716e+01
9.779999969482422273e+01
9.800000000000000000e+01
9.759999969482421989e+01
9.779999999999999716e+01
9.499999975585937761e+01
9.819999963378906216e+01
9.859999999999999432e+01
9.840000000000000568e+01
9.900000000000000000e+01
9.519999963378906216e+01
9.959999999999999432e+01
9.859999999999999432e+01
9.780000006103514920e+01
9.859999963378906784e+01
9.820000000000000284e+01
9.780000006103514920e+01
9.800000000000000000e+01
9.779999999999999716e+01
9.619999969482421420e+01
9.900000000000000000e+01
9.599999938964843693e+01
9.520000006103515489e+01
9.859999963378906784e+01
9.780000006103514920e+01
9.920000000000000284e+01
9.759999999999999432e+01
9.879999969482422273e+01
9.900000006103515204e+01
9.840000000000000568e+01
9.740000006103515773e+01
9.840000006103515773e+01
9.820000000000000284e+01
9.839999963378906500e+01
9.800000006103515204e+01
9.700000000000000000e+01
9.840000000000000568e+01
9.800000000000000000e+01
9.459999981689453818e+01
9.439999975585936909e+01
9.799999963378905932e+01
9.659999963378906784e+01
9.819999963378906216e+01
9.800000000000000000e+01
9.920000000000000284e+01
9.759999999999999432e+01
9.819999963378906216e+01
9.879999999999999716e+01
9.879999963378905647e+01
9.899999963378905932e+01
9.839999963378906500e+01
9.900000000000000000e+01
9.759999999999999432e+01
9.740000000000000568e+01
9.900000000000000000e+01
9.779999999999999716e+01
9.899999963378905932e+01
9.899999963378905932e+01
9.779999963378905647e+01
9.879999999999999716e+01
9.839999963378906500e+01
9.859999999999999432e+01
9.739999963378906500e+01
9.900000000000000000e+01
9.859999963378906784e+01
9.859999999999999432e+01
9.760000012207031261e+01
9.800000000000000000e+01
9.800000000000000000e+01
9.820000000000000284e+01
9.780000006103514920e+01
9.840000000000000568e+01
9.840000000000000568e+01
9.599999969482422557e+01
9.720000000000000284e+01
9.659999963378906784e+01
9.800000000000000000e+01
9.879999999999999716e+01
9.820000000000000284e+01
9.419999969482421420e+01
9.879999999999999716e+01
9.840000006103515773e+01
9.779999969482422273e+01
9.779999963378905647e+01
9.879999999999999716e+01
9.780000006103514920e+01
9.879999999999999716e+01
9.780000006103514920e+01
9.879999963378905647e+01
9.820000006103515489e+01
9.779999999999999716e+01
9.879999999999999716e+01
9.840000006103515773e+01
9.779999963378905647e+01
9.879999999999999716e+01
9.699999963378905932e+01
9.780000006103514920e+01
9.760000006103516057e+01
9.859999999999999432e+01
9.620000006103515489e+01
9.859999999999999432e+01
9.820000000000000284e+01
9.399999969482422557e+01
9.839999963378906500e+01
9.879999963378905647e+01
9.839999963378906500e+01
9.840000006103515773e+01
9.580000006103514920e+01
9.760000006103516057e+01
9.900000006103515204e+01
9.820000000000000284e+01
9.859999999999999432e+01
9.619999963378906216e+01
9.759999969482421989e+01
9.799999963378905932e+01
9.819999963378906216e+01
9.820000000000000284e+01
9.840000000000000568e+01
9.880000006103514920e+01
9.920000000000000284e+01
9.819999963378906216e+01
9.879999999999999716e+01
9.820000000000000284e+01
9.859999963378906784e+01
9.880000006103514920e+01
9.759999963378906784e+01
9.900000000000000000e+01
9.580000006103514920e+01
9.780000006103514920e+01
9.919999963378906216e+01
9.779999999999999716e+01
9.879999999999999716e+01
9.859999963378906784e+01
9.819999963378906216e+01
9.900000000000000000e+01
9.919999963378906216e+01
9.820000000000000284e+01
9.879999963378905647e+01
9.899999963378905932e+01
9.900000000000000000e+01
9.839999969482421704e+01
9.540000012207030977e+01
9.560000006103516057e+01
9.839999963378906500e+01
9.579999963378905647e+01
9.499999963378905932e+01
9.859999969482421989e+01
9.859999999999999432e+01
9.860000006103516057e+01
9.820000000000000284e+01
9.819999963378906216e+01
9.719999969482421420e+01
9.820000000000000284e+01
9.900000000000000000e+01
9.840000000000000568e+01
9.739999969482421704e+01
9.819999963378906216e+01
9.879999999999999716e+01
9.720000006103515489e+01
9.839999963378906500e+01
9.840000000000000568e+01
9.859999999999999432e+01
9.759999963378906784e+01
9.840000006103515773e+01
9.840000000000000568e+01
9.840000000000000568e+01
9.819999963378906216e+01
9.660000006103516057e+01
9.900000000000000000e+01
9.659999963378906784e+01
9.899999963378905932e+01
9.639999969482421704e+01
9.759999969482421989e+01
9.799999963378905932e+01
9.779999999999999716e+01
9.719999975585938046e+01
9.660000006103516057e+01
9.860000006103516057e+01
9.720000000000000284e+01
9.739999969482421704e+01
9.779999999999999716e+01
9.859999963378906784e+01
9.839999963378906500e+01
9.860000006103516057e+01
9.859999999999999432e+01
9.879999999999999716e+01
9.899999963378905932e+01
9.839999963378906500e+01
9.919999963378906216e+01
9.779999963378905647e+01
9.899999963378905932e+01
9.839999963378906500e+01
9.779999963378905647e+01
9.800000006103515204e+01
9.879999999999999716e+01
9.679999999999999716e+01
9.900000000000000000e+01
9.940000000000000568e+01
9.899999963378905932e+01
8.960000012207031261e+01
9.920000000000000284e+01
9.779999963378905647e+01
9.620000012207030693e+01
9.840000000000000568e+01
9.779999963378905647e+01
9.899999963378905932e+01
9.840000000000000568e+01
9.759999999999999432e+01
9.579999963378905647e+01
9.659999969482421989e+01
9.559999963378906784e+01
9.720000006103515489e+01
9.579999969482422273e+01
9.779999999999999716e+01
9.819999963378906216e+01
9.859999999999999432e+01
9.720000006103515489e+01
9.639999963378906500e+01
9.419999975585938046e+01
9.840000006103515773e+01
9.739999963378906500e+01
9.839999963378906500e+01
9.639999969482421704e+01
9.860000006103516057e+01
9.639999963378906500e+01
9.719999969482421420e+01
9.720000006103515489e+01
9.699999963378905932e+01
9.839999963378906500e+01
9.759999963378906784e+01
9.760000006103516057e+01
9.740000006103515773e+01
9.760000006103516057e+01
9.920000000000000284e+01
9.859999969482421989e+01
9.879999999999999716e+01
9.619999963378906216e+01
9.719999969482421420e+01
9.679999963378905647e+01
9.839999963378906500e+01
9.699999975585937761e+01
9.580000006103514920e+01
9.599999969482422557e+01
9.819999963378906216e+01
9.819999963378906216e+01
9.740000000000000568e+01
9.759999963378906784e+01
9.940000000000000568e+01
9.580000006103514920e+01
9.700000012207031830e+01
9.739999963378906500e+01
9.800000006103515204e+01
9.840000000000000568e+01
9.780000006103514920e+01
9.800000000000000000e+01
9.800000006103515204e+01
9.780000006103514920e+01
9.740000000000000568e+01
9.899999963378905932e+01
9.800000000000000000e+01
9.819999963378906216e+01
9.679999999999999716e+01
9.639999963378906500e+01
9.580000006103514920e+01
9.620000006103515489e+01
9.879999999999999716e+01
9.479999969482422273e+01
9.759999999999999432e+01
9.799999963378905932e+01
9.780000006103514920e+01
9.920000000000000284e+01
9.900000006103515204e+01
9.819999963378906216e+01
9.620000006103515489e+01
9.779999999999999716e+01
9.800000000000000000e+01
9.840000000000000568e+01
9.819999963378906216e+01
9.699999963378905932e+01
9.840000000000000568e+01
9.820000006103515489e+01
9.799999969482422557e+01
9.619999969482421420e+01
9.799999963378905932e+01
9.740000006103515773e+01
9.780000006103514920e+01
9.779999969482422273e+01
9.819999963378906216e+01
9.619999975585938046e+01
9.659999963378906784e+01
9.739999963378906500e+01
9.740000000000000568e+01
9.799999963378905932e+01
9.760000006103516057e+01
9.619999969482421420e+01
9.639999969482421704e+01
9.899999963378905932e+01
9.859999963378906784e+01
9.859999963378906784e+01
9.779999963378905647e+01
9.780000006103514920e+01
9.759999999999999432e+01
9.840000006103515773e+01
9.839999969482421704e+01
9.779999999999999716e+01
9.820000006103515489e+01
9.900000000000000000e+01
9.899999963378905932e+01
9.740000006103515773e+01
9.759999999999999432e+01
9.700000000000000000e+01
9.820000000000000284e+01
9.739999963378906500e+01
9.819999963378906216e+01
9.859999999999999432e+01
9.800000000000000000e+01
9.819999969482421420e+01
9.859999963378906784e+01
9.740000006103515773e+01
9.800000000000000000e+01
9.919999963378906216e+01
9.739999969482421704e+01
9.859999963378906784e+01
9.959999999999999432e+01
9.580000006103514920e+01
9.859999999999999432e+01
9.900000000000000000e+01
9.840000000000000568e+01
9.800000000000000000e+01
9.879999999999999716e+01
9.860000006103516057e+01
9.860000006103516057e+01
9.779999999999999716e+01
9.839999963378906500e+01
9.580000006103514920e+01
9.679999963378905647e+01
9.759999963378906784e+01
9.559999963378906784e+01
9.379999987792969307e+01
9.779999963378905647e+01
9.619999963378906216e+01
9.739999969482421704e+01
9.760000006103516057e+01
9.840000000000000568e+01
9.800000000000000000e+01
9.719999963378906216e+01
9.540000012207030977e+01
9.799999963378905932e+01
9.840000000000000568e+01
9.580000006103514920e+01
9.539999969482421704e+01
9.580000006103514920e+01
9.579999963378905647e+01
9.579999999999999716e+01
9.799999963378905932e+01
9.740000006103515773e+01
9.799999963378905932e+01
9.719999963378906216e+01
9.359999975585937193e+01
9.739999963378906500e+01
9.839999963378906500e+01
9.819999963378906216e+01
9.779999963378905647e+01
9.879999999999999716e+01
9.779999963378905647e+01
9.659999969482421989e+01
9.879999999999999716e+01
9.819999969482421420e+01
9.459999969482421989e+01
9.879999999999999716e+01
9.679999999999999716e+01
9.699999963378905932e+01
9.140000012207030977e+01
9.480000006103514920e+01
9.759999999999999432e+01
9.699999963378905932e+01
9.499999969482422557e+01
9.839999963378906500e+01
9.620000006103515489e+01
9.900000000000000000e+01
9.859999999999999432e+01
9.819999963378906216e+01
9.579999969482422273e+01
9.440000006103515773e+01
9.739999969482421704e+01
8.979999951171875239e+01
9.680000006103514920e+01
9.719999969482421420e+01
9.819999963378906216e+01
9.559999963378906784e+01
9.840000006103515773e+01
9.859999963378906784e+01
9.879999999999999716e+01
9.760000006103516057e+01
9.839999963378906500e+01
9.840000000000000568e+01
9.720000006103515489e+01
9.900000000000000000e+01
9.699999969482422557e+01
9.780000006103514920e+01
9.600000012207031830e+01
9.660000006103516057e+01
9.599999963378905932e+01
9.900000006103515204e+01
9.419999945068359182e+01
9.820000000000000284e+01
9.879999999999999716e+01
9.759999969482421989e+01
9.739999963378906500e+01
9.820000006103515489e+01
9.779999963378905647e+01
9.879999963378905647e+01
9.719999969482421420e+01
9.739999963378906500e+01
9.620000006103515489e+01
9.660000006103516057e+01
9.720000006103515489e+01
9.839999969482421704e+01
9.739999963378906500e+01
9.799999963378905932e+01
9.799999963378905932e+01
9.879999999999999716e+01
9.840000000000000568e+01
9.879999963378905647e+01
9.779999969482422273e+01
9.879999999999999716e+01
9.740000000000000568e+01
9.800000000000000000e+01
9.739999963378906500e+01
9.700000006103515204e+01
9.659999963378906784e+01
9.940000000000000568e+01
9.820000006103515489e+01
9.680000006103514920e+01
9.519999969482421420e+01
9.680000006103514920e+01
9.659999963378906784e+01
9.820000000000000284e+01
9.579999963378905647e+01
9.580000006103514920e+01
9.759999963378906784e+01
9.860000006103516057e+01
9.560000006103516057e+01
9.899999963378905932e+01
9.700000006103515204e+01
9.840000006103515773e+01
9.699999963378905932e+01
9.680000006103514920e+01
9.820000006103515489e+01
9.719999963378906216e+01
9.600000012207031830e+01
9.859999999999999432e+01
9.600000012207031830e+01
9.760000006103516057e+01
9.900000000000000000e+01
9.820000000000000284e+01
9.839999963378906500e+01
9.820000006103515489e+01
9.760000006103516057e+01
9.900000000000000000e+01
9.799999963378905932e+01
9.859999963378906784e+01
9.739999969482421704e+01
9.760000006103516057e+01
9.740000006103515773e+01
9.480000006103514920e+01
9.520000006103515489e+01
9.840000006103515773e+01
9.840000000000000568e+01
9.859999999999999432e+01
9.779999999999999716e+01
9.859999963378906784e+01
9.840000000000000568e+01
9.479999963378905647e+01
9.859999999999999432e+01
9.899999963378905932e+01
9.900000006103515204e+01
9.940000000000000568e+01
9.899999963378905932e+01
9.859999999999999432e+01
9.720000000000000284e+01
9.679999969482422273e+01
9.779999963378905647e+01
9.759999969482421989e+01
9.900000000000000000e+01
9.940000000000000568e+01
9.819999963378906216e+01
9.879999963378905647e+01
9.820000000000000284e+01
9.579999963378905647e+01
9.700000012207031830e+01
9.820000000000000284e+01
9.780000006103514920e+01
9.879999999999999716e+01
9.580000006103514920e+01
9.840000006103515773e+01
9.820000006103515489e+01
9.459999938964843125e+01
9.660000006103516057e+01
9.820000012207030693e+01
9.840000000000000568e+01
9.719999963378906216e+01
9.719999963378906216e+01
9.539999975585936909e+01
9.780000006103514920e+01
9.719999963378906216e+01
9.659999963378906784e+01
9.799999963378905932e+01
9.799999963378905932e+01
9.579999963378905647e+01
9.539999963378906500e+01
9.560000006103516057e+01
9.699999963378905932e+01
9.760000006103516057e+01
9.779999999999999716e+01
9.859999999999999432e+01
9.859999999999999432e+01
9.619999969482421420e+01
9.819999963378906216e+01
9.799999963378905932e+01
9.520000006103515489e+01
9.639999963378906500e+01
9.519999963378906216e+01
9.659999999999999432e+01
9.779999963378905647e+01
9.820000000000000284e+01
9.719999969482421420e+01
9.779999963378905647e+01
9.719999969482421420e+01
9.859999999999999432e+01
9.680000012207031546e+01
9.740000006103515773e+01
9.759999963378906784e+01
9.879999999999999716e+01
9.879999963378905647e+01
9.680000006103514920e+01
9.779999999999999716e+01
9.800000000000000000e+01
9.779999999999999716e+01
9.800000000000000000e+01
9.819999963378906216e+01
9.740000000000000568e+01
9.899999963378905932e+01
9.879999999999999716e+01
9.779999999999999716e+01
9.800000006103515204e+01
9.800000006103515204e+01
9.820000000000000284e+01
9.859999963378906784e+01
9.879999999999999716e+01
9.780000006103514920e+01
9.779999963378905647e+01
9.859999999999999432e+01
9.859999999999999432e+01
9.879999999999999716e+01
9.800000000000000000e+01
9.819999963378906216e+01
9.839999963378906500e+01
9.439999963378906500e+01
9.619999963378906216e+01
9.859999963378906784e+01
9.699999963378905932e+01
9.780000006103514920e+01
9.840000000000000568e+01
9.799999963378905932e+01
9.800000012207031830e+01
9.700000006103515204e+01
9.879999963378905647e+01
9.839999963378906500e+01
9.819999963378906216e+01
9.820000006103515489e+01
9.820000000000000284e+01
6.940000012207030977e+01
9.699999963378905932e+01
9.719999969482421420e+01
9.220000012207030693e+01
9.819999963378906216e+01
9.759999999999999432e+01
9.759999969482421989e+01
9.520000000000000284e+01
9.840000000000000568e+01
9.800000006103515204e+01
9.820000000000000284e+01
9.720000000000000284e+01
9.820000000000000284e+01
9.620000006103515489e+01
9.199999975585937761e+01
9.660000006103516057e+01
9.920000000000000284e+01
9.900000000000000000e+01
9.879999999999999716e+01
9.720000012207030693e+01
9.720000000000000284e+01
9.839999963378906500e+01
9.659999999999999432e+01
9.859999963378906784e+01
9.840000000000000568e+01
9.699999975585937761e+01
9.559999963378906784e+01
9.579999969482422273e+01
9.679999999999999716e+01
9.540000012207030977e+01
9.659999969482421989e+01
9.860000006103516057e+01
9.820000000000000284e+01
9.779999999999999716e+01
9.879999999999999716e+01
9.839999963378906500e+01
9.800000006103515204e+01
9.799999969482422557e+01
9.839999963378906500e+01
9.700000006103515204e+01
9.559999969482421989e+01
9.819999963378906216e+01
9.819999963378906216e+01
9.759999963378906784e+01
9.859999999999999432e+01
9.799999963378905932e+01
9.440000006103515773e+01
8.619999938964843977e+01
9.820000000000000284e+01
9.380000012207031546e+01
9.700000006103515204e+01
9.699999963378905932e+01
9.759999963378906784e+01
9.659999999999999432e+01
9.820000000000000284e+01
9.839999963378906500e+01
9.400000006103515204e+01
9.479999969482422273e+01
9.860000006103516057e+01
9.740000000000000568e+01
1.000000000000000000e+02
9.859999999999999432e+01
9.680000006103514920e+01
9.539999963378906500e+01
9.859999999999999432e+01
9.900000000000000000e+01
9.679999999999999716e+01
9.780000006103514920e+01
9.840000006103515773e+01
9.720000006103515489e+01
9.719999963378906216e+01
9.679999975585937477e+01
9.739999969482421704e+01
9.700000006103515204e+01
9.740000006103515773e+01
9.859999999999999432e+01
9.879999999999999716e+01
9.659999963378906784e+01
9.720000012207030693e+01
9.820000000000000284e+01
9.520000000000000284e+01
9.859999999999999432e+01
9.720000006103515489e+01
9.759999999999999432e+01
9.380000006103514920e+01
9.660000006103516057e+01
9.600000006103515204e+01
9.820000000000000284e+01
9.619999963378906216e+01
9.659999963378906784e+01
9.819999963378906216e+01
9.920000000000000284e+01
9.940000000000000568e+01
9.939999963378906500e+01
9.720000006103515489e+01
9.699999969482422557e+01
9.540000012207030977e+01
9.419999963378906216e+01
9.819999963378906216e+01
9.939999963378906500e+01
9.479999938964843409e+01
9.620000006103515489e+01
9.879999963378905647e+01
9.840000000000000568e+01
9.759999969482421989e+01
9.719999963378906216e+01
9.620000000000000284e+01
9.720000012207030693e+01
9.840000006103515773e+01
9.759999999999999432e+01
9.419999975585938046e+01
9.779999963378905647e+01
9.820000006103515489e+01
9.879999963378905647e+01
9.639999969482421704e+01
9.800000000000000000e+01
9.659999999999999432e+01
9.659999999999999432e+01
9.799999969482422557e+01
9.779999963378905647e+01
9.539999963378906500e+01
9.639999969482421704e+01
9.639999963378906500e+01
9.820000000000000284e+01
9.759999963378906784e+01
9.779999999999999716e+01
9.800000006103515204e+01
9.539999969482421704e+01
9.599999969482422557e+01
9.600000012207031830e+01
9.560000012207031261e+01
9.740000000000000568e+01
9.759999999999999432e+01
9.879999999999999716e+01
9.759999999999999432e+01
9.619999963378906216e+01
9.879999963378905647e+01
9.820000000000000284e+01
9.399999969482422557e+01
9.840000000000000568e+01
9.659999969482421989e+01
9.799999963378905932e+01
9.679999963378905647e+01
9.759999963378906784e+01
9.739999963378906500e+01
9.919999963378906216e+01
9.719999963378906216e+01
9.800000006103515204e+01
9.839999963378906500e+01
9.800000000000000000e+01
9.619999969482421420e+01
9.820000006103515489e+01
9.899999963378905932e+01
9.699999963378905932e+01
9.840000000000000568e+01
9.820000006103515489e+01
9.919999963378906216e+01
9.799999969482422557e+01
9.699999963378905932e+01
9.719999969482421420e+01
9.840000006103515773e+01
9.620000006103515489e+01
9.540000006103515773e+01
9.800000006103515204e+01
9.879999999999999716e+01
9.680000006103514920e+01
9.539999963378906500e+01
9.440000012207030977e+01
9.519999938964843977e+01
9.659999963378906784e+01
9.680000006103514920e+01
9.800000000000000000e+01
9.760000012207031261e+01
9.520000006103515489e+01
9.739999963378906500e+01
9.840000000000000568e+01
9.619999963378906216e+01
9.820000000000000284e+01
9.240000006103515773e+01
9.540000000000000568e+01
9.759999975585937193e+01
9.499999969482422557e+01
9.599999963378905932e+01
9.799999963378905932e+01
9.860000006103516057e+01
9.740000006103515773e+01
