7.199999977111816385e+00
2.599999988555908192e+00
1.319999999427795423e+01
2.260000003051757744e+01
2.119999998474121128e+01
5.959999987792969023e+01
5.739999996948242256e+01
2.979999978637695435e+01
2.039999990844726696e+01
2.139999992370605497e+01
1.860000000000000142e+01
2.279999987792968597e+01
1.720000000762939507e+01
4.580000003051758029e+01
4.660000006103515346e+01
4.699999975585937761e+01
1.579999992370605533e+01
3.619999996948241971e+01
4.859999975585937193e+01
3.459999978637695506e+01
1.939999992370605497e+01
3.239999978637695222e+01
3.919999990844726767e+01
3.299999981689452966e+01
2.959999989318847824e+01
4.260000003051757744e+01
5.119999996948241971e+01
5.200000003051757602e+01
5.599999984741211279e+01
4.299999972534179449e+01
6.719999963378906216e+01
3.459999987792969023e+01
6.399999975585937761e+01
6.659999990844725914e+01
6.440000012207030977e+01
6.900000000000000000e+01
4.619999996948241971e+01
5.199999987792968881e+01
4.799999969482421847e+01
4.959999990844726625e+01
7.179999969482422273e+01
4.759999969482421989e+01
5.619999993896484369e+01
5.339999969482421704e+01
7.259999969482421989e+01
6.520000006103515489e+01
6.819999981689453250e+01
7.119999987792968454e+01
8.959999981689453818e+01
5.759999984741210710e+01
4.179999972534179875e+01
4.919999987792968454e+01
7.719999963378906216e+01
4.739999978637695222e+01
5.359999972534179591e+01
3.179999975585937477e+01
5.679999993896484511e+01
5.680000006103515631e+01
5.619999987792968454e+01
4.819999972534179733e+01
6.539999987792968739e+01
6.139999978637695222e+01
5.499999993896484085e+01
5.179999993896484511e+01
5.019999990844726767e+01
4.219999969482422131e+01
2.539999987792968739e+01
4.079999993896484511e+01
5.679999984741210994e+01
6.779999975585937477e+01
4.539999993896484654e+01
4.920000006103515489e+01
5.779999987792968597e+01
7.359999951171874955e+01
5.300000000000000000e+01
6.499999969482422557e+01
5.780000003051758029e+01
8.159999999999999432e+01
5.279999996948242114e+01
6.259999981689453108e+01
8.359999993896484227e+01
4.399999975585937761e+01
9.339999975585936909e+01
9.199999975585937761e+01
9.639999963378906500e+01
9.439999969482421704e+01
9.460000012207031261e+01
9.639999969482421704e+01
9.460000012207031261e+01
9.359999999999999432e+01
9.499999969482422557e+01
9.059999981689453818e+01
9.559999999999999432e+01
9.639999963378906500e+01
9.580000012207031546e+01
9.419999969482421420e+01
9.680000006103514920e+01
9.639999963378906500e+01
8.959999938964843125e+01
9.399999963378905932e+01
9.540000012207030977e+01
9.399999969482422557e+01
9.459999999999999432e+01
9.399999969482422557e+01
9.299999981689452966e+01
9.380000006103514920e+01
9.200000012207031830e+01
9.360000006103516057e+01
9.400000012207031830e+01
9.359999969482421989e+01
9.399999969482422557e+01
9.479999963378905647e+01
9.300000012207031830e+01
9.240000012207030977e+01
9.499999963378905932e+01
9.659999963378906784e+01
9.579999981689452682e+01
9.720000006103515489e+01
9.120000012207030693e+01
9.719999963378906216e+01
9.560000006103516057e+01
9.640000012207030977e+01
9.399999963378905932e+01
9.800000012207031830e+01
9.759999969482421989e+01
9.879999963378905647e+01
9.799999963378905932e+01
9.779999969482422273e+01
9.719999963378906216e+01
9.659999999999999432e+01
9.620000012207030693e+01
9.620000000000000284e+01
9.700000000000000000e+01
9.619999963378906216e+01
9.579999999999999716e+01
9.700000000000000000e+01
9.639999969482421704e+01
9.719999963378906216e+01
9.679999969482422273e+01
9.660000006103516057e+01
9.719999963378906216e+01
9.720000006103515489e+01
9.679999999999999716e+01
9.699999963378905932e+01
9.639999963378906500e+01
9.700000000000000000e+01
9.739999963378906500e+01
9.699999969482422557e+01
9.740000000000000568e+01
9.679999963378905647e+01
9.679999938964843409e+01
9.660000006103516057e+01
9.680000006103514920e+01
9.659999963378906784e+01
9.659999963378906784e+01
9.660000006103516057e+01
9.740000006103515773e+01
9.700000006103515204e+01
9.699999963378905932e+01
9.700000006103515204e+01
9.679999969482422273e+01
9.679999963378905647e+01
9.699999963378905932e+01
9.720000006103515489e+01
9.719999969482421420e+01
9.720000006103515489e+01
9.739999963378906500e+01
9.740000006103515773e+01
9.720000000000000284e+01
9.719999963378906216e+01
9.720000000000000284e+01
9.739999963378906500e+01
9.660000006103516057e+01
9.620000006103515489e+01
9.680000006103514920e+01
9.699999963378905932e+01
9.719999963378906216e+01
9.739999963378906500e+01
9.739999963378906500e+01
9.699999969482422557e+01
9.700000000000000000e+01
9.719999969482421420e+01
9.719999963378906216e+01
9.739999963378906500e+01
9.699999963378905932e+01
9.719999963378906216e+01
9.720000000000000284e+01
9.739999969482421704e+01
9.739999963378906500e+01
9.719999969482421420e+01
9.640000000000000568e+01
9.719999963378906216e+01
9.720000006103515489e+01
9.759999963378906784e+01
9.599999975585937761e+01
9.700000012207031830e+01
9.719999963378906216e+01
9.700000012207031830e+01
9.779999963378905647e+01
9.739999963378906500e+01
9.700000000000000000e+01
9.679999963378905647e+01
9.640000000000000568e+01
9.619999963378906216e+01
9.679999999999999716e+01
9.720000006103515489e+01
9.699999969482422557e+01
9.739999963378906500e+01
9.719999975585938046e+01
9.700000000000000000e+01
9.659999963378906784e+01
9.680000006103514920e+01
9.639999963378906500e+01
9.639999969482421704e+01
9.640000006103515773e+01
9.659999999999999432e+01
9.659999999999999432e+01
9.700000006103515204e+01
9.719999963378906216e+01
9.799999963378905932e+01
9.759999969482421989e+01
9.799999963378905932e+01
9.680000006103514920e+01
9.720000006103515489e+01
9.800000000000000000e+01
9.680000006103514920e+01
9.779999969482422273e+01
9.699999963378905932e+01
9.679999999999999716e+01
9.760000006103516057e+01
9.739999963378906500e+01
9.759999999999999432e+01
9.720000000000000284e+01
9.679999969482422273e+01
9.740000000000000568e+01
9.660000012207031261e+01
9.699999963378905932e+01
9.720000006103515489e+01
9.639999969482421704e+01
9.659999999999999432e+01
9.720000000000000284e+01
9.740000000000000568e+01
9.739999963378906500e+01
9.780000006103514920e+01
9.779999999999999716e+01
9.700000000000000000e+01
9.720000006103515489e+01
9.820000000000000284e+01
9.720000000000000284e+01
9.699999963378905932e+01
9.699999963378905932e+01
9.699999963378905932e+01
9.700000000000000000e+01
9.739999963378906500e+01
9.720000000000000284e+01
9.719999963378906216e+01
9.659999999999999432e+01
9.700000006103515204e+01
9.700000012207031830e+01
9.719999969482421420e+01
9.699999963378905932e+01
9.700000006103515204e+01
9.619999963378906216e+01
9.739999963378906500e+01
9.680000006103514920e+01
9.660000006103516057e+01
9.740000006103515773e+01
9.679999969482422273e+01
9.679999963378905647e+01
9.679999963378905647e+01
9.659999969482421989e+01
9.659999963378906784e+01
9.660000006103516057e+01
9.639999969482421704e+01
9.619999963378906216e+01
9.679999999999999716e+01
9.779999999999999716e+01
9.799999963378905932e+01
9.679999999999999716e+01
9.820000000000000284e+01
9.779999963378905647e+01
9.679999999999999716e+01
9.720000000000000284e+01
9.679999999999999716e+01
9.740000006103515773e+01
9.699999963378905932e+01
9.679999969482422273e+01
9.720000006103515489e+01
9.720000006103515489e+01
9.679999963378905647e+01
9.720000006103515489e+01
9.639999938964844262e+01
9.719999969482421420e+01
9.740000000000000568e+01
9.780000006103514920e+01
9.680000006103514920e+01
9.699999963378905932e+01
9.719999963378906216e+01
9.759999963378906784e+01
9.799999963378905932e+01
9.820000000000000284e+01
9.739999963378906500e+01
9.760000006103516057e+01
9.779999963378905647e+01
9.719999969482421420e+01
9.600000000000000000e+01
9.740000006103515773e+01
9.739999963378906500e+01
9.719999963378906216e+01
9.739999963378906500e+01
9.800000006103515204e+01
9.599999963378905932e+01
9.699999963378905932e+01
9.699999969482422557e+01
9.739999963378906500e+01
9.659999963378906784e+01
9.640000000000000568e+01
9.600000012207031830e+01
9.639999963378906500e+01
9.740000012207030977e+01
9.740000006103515773e+01
9.740000000000000568e+01
9.659999999999999432e+01
9.780000006103514920e+01
9.619999963378906216e+01
9.620000000000000284e+01
9.659999999999999432e+01
9.699999963378905932e+01
9.680000006103514920e+01
9.719999969482421420e+01
9.739999963378906500e+01
9.739999963378906500e+01
9.719999963378906216e+01
9.739999963378906500e+01
9.760000006103516057e+01
9.799999963378905932e+01
9.780000006103514920e+01
9.759999963378906784e+01
9.720000000000000284e+01
9.680000006103514920e+01
9.759999963378906784e+01
9.679999963378905647e+01
9.740000000000000568e+01
9.699999963378905932e+01
9.700000006103515204e+01
9.759999999999999432e+01
9.779999963378905647e+01
9.739999969482421704e+01
9.620000000000000284e+01
9.739999963378906500e+01
9.760000006103516057e+01
9.679999999999999716e+01
9.759999999999999432e+01
9.699999963378905932e+01
9.720000006103515489e+01
9.779999963378905647e+01
9.779999963378905647e+01
9.800000000000000000e+01
9.759999963378906784e+01
9.740000006103515773e+01
9.779999963378905647e+01
9.779999999999999716e+01
9.680000006103514920e+01
9.800000000000000000e+01
9.719999963378906216e+01
9.799999963378905932e+01
9.720000000000000284e+01
9.779999999999999716e+01
9.660000006103516057e+01
9.760000006103516057e+01
9.700000000000000000e+01
9.779999999999999716e+01
9.740000000000000568e+01
9.700000000000000000e+01
9.779999963378905647e+01
9.740000000000000568e+01
9.640000006103515773e+01
9.759999999999999432e+01
9.740000000000000568e+01
9.820000000000000284e+01
9.679999963378905647e+01
9.600000012207031830e+01
9.720000006103515489e+01
9.699999963378905932e+01
9.719999963378906216e+01
9.640000006103515773e+01
9.740000000000000568e+01
9.720000006103515489e+01
9.719999969482421420e+01
9.640000006103515773e+01
9.719999963378906216e+01
9.719999963378906216e+01
9.760000006103516057e+01
9.700000006103515204e+01
9.740000000000000568e+01
9.740000006103515773e+01
9.720000000000000284e+01
9.679999963378905647e+01
9.819999963378906216e+01
9.739999963378906500e+01
9.800000012207031830e+01
9.779999999999999716e+01
9.759999963378906784e+01
9.759999963378906784e+01
9.799999963378905932e+01
9.719999963378906216e+01
9.740000000000000568e+01
9.820000000000000284e+01
9.800000000000000000e+01
9.699999969482422557e+01
9.759999963378906784e+01
9.659999963378906784e+01
9.759999999999999432e+01
9.759999969482421989e+01
9.720000000000000284e+01
9.739999963378906500e+01
9.840000000000000568e+01
9.759999969482421989e+01
9.599999963378905932e+01
9.679999963378905647e+01
9.800000000000000000e+01
9.779999963378905647e+01
9.720000000000000284e+01
9.719999969482421420e+01
9.659999963378906784e+01
9.679999999999999716e+01
9.680000006103514920e+01
9.639999963378906500e+01
9.759999999999999432e+01
9.739999963378906500e+01
9.639999969482421704e+01
9.759999999999999432e+01
9.780000006103514920e+01
9.659999999999999432e+01
9.839999963378906500e+01
9.699999963378905932e+01
9.680000006103514920e+01
9.680000006103514920e+01
9.720000006103515489e+01
9.639999963378906500e+01
9.720000012207030693e+01
9.640000000000000568e+01
9.779999963378905647e+01
9.819999963378906216e+01
9.739999963378906500e+01
9.659999969482421989e+01
9.719999963378906216e+01
9.739999969482421704e+01
9.699999963378905932e+01
9.720000000000000284e+01
9.700000000000000000e+01
9.700000006103515204e+01
9.660000006103516057e+01
9.719999969482421420e+01
9.699999963378905932e+01
9.740000006103515773e+01
9.559999963378906784e+01
9.699999963378905932e+01
9.820000006103515489e+01
9.740000000000000568e+01
9.700000006103515204e+01
9.700000006103515204e+01
9.799999969482422557e+01
9.819999963378906216e+01
9.699999963378905932e+01
9.739999963378906500e+01
9.740000006103515773e+01
9.740000000000000568e+01
9.640000000000000568e+01
9.699999963378905932e+01
9.719999963378906216e+01
9.720000006103515489e+01
9.699999969482422557e+01
9.720000006103515489e+01
9.740000000000000568e+01
9.619999969482421420e+01
9.719999963378906216e+01
9.659999963378906784e+01
9.760000012207031261e+01
9.679999963378905647e+01
9.719999963378906216e+01
9.740000006103515773e+01
9.719999963378906216e+01
9.719999963378906216e+01
9.739999963378906500e+01
9.679999969482422273e+01
9.760000006103516057e+01
9.680000006103514920e+01
9.720000006103515489e+01
9.719999963378906216e+01
9.659999963378906784e+01
9.679999963378905647e+01
9.799999963378905932e+01
9.679999999999999716e+01
9.679999999999999716e+01
9.659999999999999432e+01
9.599999969482422557e+01
9.680000006103514920e+01
9.740000006103515773e+01
9.740000006103515773e+01
9.740000012207030977e+01
9.779999963378905647e+01
9.780000006103514920e+01
9.679999969482422273e+01
9.620000000000000284e+01
9.700000012207031830e+01
9.759999999999999432e+01
9.740000006103515773e+01
9.599999963378905932e+01
9.679999963378905647e+01
9.679999999999999716e+01
9.739999963378906500e+01
9.780000006103514920e+01
9.740000000000000568e+01
9.759999999999999432e+01
9.859999999999999432e+01
9.739999963378906500e+01
9.779999963378905647e+01
9.839999963378906500e+01
9.780000006103514920e+01
9.759999963378906784e+01
9.579999969482422273e+01
9.599999963378905932e+01
9.740000000000000568e+01
9.760000006103516057e+01
9.739999963378906500e+01
9.759999963378906784e+01
9.740000000000000568e+01
9.759999999999999432e+01
9.799999963378905932e+01
9.759999999999999432e+01
9.659999969482421989e+01
9.700000006103515204e+01
9.779999999999999716e+01
9.720000006103515489e+01
9.820000012207030693e+01
9.739999969482421704e+01
9.780000006103514920e+01
9.579999969482422273e+01
9.739999963378906500e+01
9.699999963378905932e+01
9.779999999999999716e+01
9.800000000000000000e+01
9.779999963378905647e+01
9.779999999999999716e+01
9.720000012207030693e+01
9.800000000000000000e+01
9.799999963378905932e+01
9.779999969482422273e+01
9.759999999999999432e+01
9.700000012207031830e+01
9.740000006103515773e+01
9.740000006103515773e+01
9.739999963378906500e+01
9.719999969482421420e+01
9.759999999999999432e+01
9.719999969482421420e+01
9.700000006103515204e+01
9.740000006103515773e+01
9.700000000000000000e+01
9.779999999999999716e+01
9.700000006103515204e+01
9.699999969482422557e+01
9.760000006103516057e+01
9.739999963378906500e+01
9.820000000000000284e+01
9.719999963378906216e+01
9.739999963378906500e+01
9.680000006103514920e+01
9.779999963378905647e+01
9.719999963378906216e+01
9.699999963378905932e+01
9.739999969482421704e+01
9.740000006103515773e+01
9.579999969482422273e+01
9.839999969482421704e+01
9.740000000000000568e+01
9.719999963378906216e+01
9.740000006103515773e+01
9.699999969482422557e+01
9.719999963378906216e+01
9.660000006103516057e+01
9.679999963378905647e+01
9.739999969482421704e+01
9.700000012207031830e+01
9.679999963378905647e+01
9.619999969482421420e+01
9.739999969482421704e+01
9.719999963378906216e+01
9.739999963378906500e+01
9.739999963378906500e+01
9.799999963378905932e+01
9.859999999999999432e+01
9.580000006103514920e+01
9.760000006103516057e+01
9.759999963378906784e+01
9.739999963378906500e+01
9.659999969482421989e+01
9.659999963378906784e+01
9.759999963378906784e+01
9.600000012207031830e+01
9.659999999999999432e+01
9.719999963378906216e+01
9.740000006103515773e+01
9.739999963378906500e+01
9.760000006103516057e+01
9.639999963378906500e+01
9.699999963378905932e+01
9.720000006103515489e+01
9.719999963378906216e+01
9.719999963378906216e+01
9.700000006103515204e+01
9.740000000000000568e+01
9.700000000000000000e+01
9.739999963378906500e+01
9.740000012207030977e+01
9.759999999999999432e+01
9.739999969482421704e+01
9.760000006103516057e+01
9.659999963378906784e+01
9.720000012207030693e+01
9.679999969482422273e+01
9.759999963378906784e+01
9.739999963378906500e+01
9.720000000000000284e+01
9.759999999999999432e+01
9.700000006103515204e+01
9.740000000000000568e+01
9.759999999999999432e+01
9.799999963378905932e+01
9.719999963378906216e+01
9.719999975585938046e+01
9.739999963378906500e+01
9.820000006103515489e+01
9.699999969482422557e+01
9.720000000000000284e+01
9.740000006103515773e+01
9.619999969482421420e+01
9.680000006103514920e+01
9.720000006103515489e+01
9.720000000000000284e+01
9.759999999999999432e+01
9.640000006103515773e+01
9.800000000000000000e+01
9.759999963378906784e+01
9.639999963378906500e+01
9.779999963378905647e+01
9.740000006103515773e+01
9.640000006103515773e+01
9.640000006103515773e+01
9.679999969482422273e+01
9.719999963378906216e+01
9.720000006103515489e+01
9.720000000000000284e+01
9.719999963378906216e+01
9.740000000000000568e+01
9.700000006103515204e+01
9.800000006103515204e+01
9.759999963378906784e+01
9.700000006103515204e+01
9.679999999999999716e+01
9.759999963378906784e+01
9.739999969482421704e+01
9.760000006103516057e+01
9.720000006103515489e+01
9.640000006103515773e+01
9.699999963378905932e+01
9.720000000000000284e+01
9.700000000000000000e+01
9.779999963378905647e+01
9.739999969482421704e+01
9.659999963378906784e+01
9.740000006103515773e+01
9.759999963378906784e+01
9.659999969482421989e+01
9.719999963378906216e+01
9.820000000000000284e+01
9.700000012207031830e+01
9.779999963378905647e+01
9.739999969482421704e+01
9.640000006103515773e+01
9.719999963378906216e+01
9.799999963378905932e+01
9.779999963378905647e+01
9.759999999999999432e+01
9.780000006103514920e+01
9.759999963378906784e+01
9.659999969482421989e+01
9.760000006103516057e+01
9.680000006103514920e+01
9.820000000000000284e+01
9.720000006103515489e+01
9.699999963378905932e+01
9.759999963378906784e+01
9.619999963378906216e+01
9.740000006103515773e+01
9.679999963378905647e+01
9.639999963378906500e+01
9.740000006103515773e+01
9.700000006103515204e+01
9.659999999999999432e+01
9.620000006103515489e+01
9.659999963378906784e+01
9.639999963378906500e+01
9.640000006103515773e+01
9.759999999999999432e+01
9.699999963378905932e+01
9.779999999999999716e+01
9.579999969482422273e+01
9.719999963378906216e+01
9.759999963378906784e+01
9.620000012207030693e+01
9.739999963378906500e+01
9.679999999999999716e+01
9.719999969482421420e+01
9.579999963378905647e+01
9.720000012207030693e+01
9.659999963378906784e+01
9.699999969482422557e+01
9.500000012207031830e+01
9.759999963378906784e+01
9.779999963378905647e+01
9.799999963378905932e+01
9.779999999999999716e+01
9.759999999999999432e+01
9.840000006103515773e+01
9.699999963378905932e+01
9.780000006103514920e+01
9.659999999999999432e+01
9.660000006103516057e+01
9.740000006103515773e+01
9.840000000000000568e+01
9.759999963378906784e+01
9.719999963378906216e+01
9.679999963378905647e+01
9.740000000000000568e+01
9.760000006103516057e+01
9.720000000000000284e+01
9.759999999999999432e+01
9.699999963378905932e+01
9.740000000000000568e+01
9.739999963378906500e+01
9.700000006103515204e+01
9.740000006103515773e+01
9.840000000000000568e+01
9.859999999999999432e+01
9.800000000000000000e+01
9.739999963378906500e+01
9.719999963378906216e+01
9.779999969482422273e+01
9.719999963378906216e+01
9.820000000000000284e+01
9.680000006103514920e+01
9.779999963378905647e+01
9.819999963378906216e+01
9.859999963378906784e+01
9.759999963378906784e+01
9.800000006103515204e+01
9.659999963378906784e+01
9.720000006103515489e+01
9.720000000000000284e+01
9.759999963378906784e+01
9.720000012207030693e+01
9.779999963378905647e+01
9.819999963378906216e+01
9.659999963378906784e+01
9.700000006103515204e+01
9.699999963378905932e+01
9.800000006103515204e+01
9.739999963378906500e+01
9.779999999999999716e+01
9.860000006103516057e+01
9.779999999999999716e+01
9.679999969482422273e+01
9.779999999999999716e+01
9.679999963378905647e+01
9.659999963378906784e+01
9.820000006103515489e+01
9.520000006103515489e+01
9.740000000000000568e+01
9.739999963378906500e+01
9.520000000000000284e+01
9.719999963378906216e+01
9.739999969482421704e+01
9.720000006103515489e+01
9.739999963378906500e+01
9.820000000000000284e+01
9.719999963378906216e+01
9.539999969482421704e+01
9.719999963378906216e+01
9.659999963378906784e+01
9.720000006103515489e+01
9.800000012207031830e+01
9.759999963378906784e+01
9.779999999999999716e+01
9.760000006103516057e+01
9.739999963378906500e+01
9.819999969482421420e+01
9.879999999999999716e+01
9.759999999999999432e+01
9.779999963378905647e+01
9.779999963378905647e+01
9.719999963378906216e+01
9.779999969482422273e+01
9.800000006103515204e+01
9.820000006103515489e+01
9.779999963378905647e+01
9.640000006103515773e+01
9.719999963378906216e+01
9.719999963378906216e+01
9.600000006103515204e+01
9.659999969482421989e+01
9.740000000000000568e+01
9.739999963378906500e+01
9.739999963378906500e+01
9.720000000000000284e+01
9.739999963378906500e+01
9.800000000000000000e+01
9.800000006103515204e+01
9.839999963378906500e+01
9.659999969482421989e+01
9.640000000000000568e+01
9.739999963378906500e+01
9.879999999999999716e+01
9.759999963378906784e+01
9.679999963378905647e+01
9.800000006103515204e+01
9.840000000000000568e+01
9.760000006103516057e+01
9.779999969482422273e+01
9.780000006103514920e+01
9.740000000000000568e+01
9.640000006103515773e+01
9.720000000000000284e+01
9.759999963378906784e+01
9.700000000000000000e+01
9.740000006103515773e+01
9.739999969482421704e+01
9.719999969482421420e+01
9.599999963378905932e+01
9.639999969482421704e+01
9.679999969482422273e+01
9.680000006103514920e+01
9.819999963378906216e+01
9.720000000000000284e+01
9.719999963378906216e+01
9.719999975585938046e+01
9.640000006103515773e+01
9.839999969482421704e+01
9.680000006103514920e+01
9.779999999999999716e+01
9.579999963378905647e+01
9.860000006103516057e+01
9.760000006103516057e+01
9.620000006103515489e+01
9.740000006103515773e+01
9.760000006103516057e+01
9.720000000000000284e+01
9.799999963378905932e+01
9.760000006103516057e+01
9.820000006103515489e+01
9.720000006103515489e+01
9.620000006103515489e+01
9.640000000000000568e+01
9.739999963378906500e+01
9.759999999999999432e+01
9.640000006103515773e+01
9.819999969482421420e+01
9.740000000000000568e+01
9.679999963378905647e+01
9.700000006103515204e+01
9.820000000000000284e+01
9.739999969482421704e+01
9.680000006103514920e+01
9.619999963378906216e+01
9.600000006103515204e+01
9.780000006103514920e+01
9.780000006103514920e+01
9.700000000000000000e+01
9.640000006103515773e+01
9.659999963378906784e+01
9.779999963378905647e+01
9.879999969482422273e+01
9.799999963378905932e+01
9.879999999999999716e+01
9.619999975585938046e+01
9.679999963378905647e+01
9.539999963378906500e+01
9.599999963378905932e+01
9.740000000000000568e+01
9.599999963378905932e+01
9.700000000000000000e+01
9.879999999999999716e+01
9.639999963378906500e+01
9.659999999999999432e+01
9.620000006103515489e+01
9.839999963378906500e+01
9.840000000000000568e+01
9.860000006103516057e+01
9.760000006103516057e+01
9.699999969482422557e+01
9.720000006103515489e+01
9.720000006103515489e+01
9.499999963378905932e+01
9.719999963378906216e+01
9.640000000000000568e+01
9.659999963378906784e+01
9.759999969482421989e+01
9.620000000000000284e+01
9.759999969482421989e+01
9.800000000000000000e+01
9.679999999999999716e+01
9.219999938964843977e+01
9.600000006103515204e+01
9.619999969482421420e+01
9.640000006103515773e+01
9.639999963378906500e+01
9.560000006103516057e+01
9.699999969482422557e+01
9.639999963378906500e+01
9.780000006103514920e+01
9.780000006103514920e+01
9.679999969482422273e+01
9.599999969482422557e+01
9.699999963378905932e+01
9.719999969482421420e+01
9.659999963378906784e+01
9.819999963378906216e+01
9.739999963378906500e+01
9.699999963378905932e+01
9.620000006103515489e+01
9.780000006103514920e+01
9.700000000000000000e+01
9.859999999999999432e+01
9.720000006103515489e+01
9.759999969482421989e+01
9.779999969482422273e+01
9.759999969482421989e+01
9.679999963378905647e+01
9.660000006103516057e+01
9.799999963378905932e+01
9.900000000000000000e+01
9.700000006103515204e+01
9.740000000000000568e+01
9.759999999999999432e+01
9.759999963378906784e+01
9.719999975585938046e+01
9.739999963378906500e+01
9.800000000000000000e+01
9.640000000000000568e+01
9.579999963378905647e+01
9.779999999999999716e+01
9.759999963378906784e+01
9.779999963378905647e+01
9.479999963378905647e+01
9.700000000000000000e+01
9.800000000000000000e+01
9.779999963378905647e+01
9.700000006103515204e+01
9.719999963378906216e+01
9.720000006103515489e+01
9.839999963378906500e+01
9.819999963378906216e+01
9.780000006103514920e+01
9.840000000000000568e+01
9.819999963378906216e+01
9.739999963378906500e+01
9.779999963378905647e+01
9.779999999999999716e+01
9.620000006103515489e+01
9.659999963378906784e+01
9.679999999999999716e+01
9.700000000000000000e+01
9.740000000000000568e+01
9.620000012207030693e+01
9.619999963378906216e+01
9.719999963378906216e+01
9.799999963378905932e+01
9.700000006103515204e+01
9.800000000000000000e+01
9.759999938964843125e+01
9.680000006103514920e+01
9.640000006103515773e+01
9.759999969482421989e+01
9.739999969482421704e+01
9.699999963378905932e+01
9.800000000000000000e+01
9.759999963378906784e+01
9.659999999999999432e+01
9.800000006103515204e+01
9.720000006103515489e+01
9.679999963378905647e+01
9.759999999999999432e+01
9.779999963378905647e+01
9.580000006103514920e+01
9.719999963378906216e+01
9.779999963378905647e+01
9.700000006103515204e+01
9.779999969482422273e+01
9.819999963378906216e+01
9.759999963378906784e+01
9.859999999999999432e+01
9.679999969482422273e+01
9.720000006103515489e+01
9.700000000000000000e+01
9.660000006103516057e+01
9.819999963378906216e+01
9.759999963378906784e+01
9.720000006103515489e+01
9.720000000000000284e+01
9.679999969482422273e+01
9.760000006103516057e+01
9.680000006103514920e+01
9.779999963378905647e+01
9.679999963378905647e+01
9.820000006103515489e+01
9.500000012207031830e+01
9.639999969482421704e+01
9.780000006103514920e+01
9.800000000000000000e+01
9.860000006103516057e+01
9.739999963378906500e+01
9.780000006103514920e+01
9.659999969482421989e+01
9.739999963378906500e+01
9.700000012207031830e+01
9.699999963378905932e+01
9.699999963378905932e+01
9.800000006103515204e+01
9.499999969482422557e+01
9.700000012207031830e+01
9.640000006103515773e+01
9.759999999999999432e+01
9.819999963378906216e+01
9.619999963378906216e+01
9.660000006103516057e+01
9.699999963378905932e+01
9.819999963378906216e+01
9.759999963378906784e+01
9.859999963378906784e+01
9.720000000000000284e+01
9.759999963378906784e+01
9.720000006103515489e+01
9.800000000000000000e+01
9.859999963378906784e+01
9.699999963378905932e+01
9.779999963378905647e+01
9.600000006103515204e+01
9.759999999999999432e+01
9.619999969482421420e+01
9.580000006103514920e+01
9.720000000000000284e+01
9.639999969482421704e+01
9.900000000000000000e+01
9.720000006103515489e+01
9.819999963378906216e+01
9.820000000000000284e+01
9.619999969482421420e+01
9.819999963378906216e+01
9.820000006103515489e+01
9.639999963378906500e+01
9.880000006103514920e+01
9.679999963378905647e+01
9.679999969482422273e+01
9.659999999999999432e+01
9.740000006103515773e+01
9.700000012207031830e+01
9.739999963378906500e+01
9.719999969482421420e+01
9.700000006103515204e+01
9.820000006103515489e+01
9.840000006103515773e+01
9.760000006103516057e+01
9.820000000000000284e+01
9.619999963378906216e+01
9.820000000000000284e+01
9.699999963378905932e+01
9.779999963378905647e+01
9.840000006103515773e+01
9.739999963378906500e+01
9.679999963378905647e+01
9.539999963378906500e+01
9.600000006103515204e+01
9.720000006103515489e+01
9.740000000000000568e+01
9.900000000000000000e+01
9.600000006103515204e+01
9.779999963378905647e+01
9.719999963378906216e+01
9.719999963378906216e+01
9.780000006103514920e+01
9.679999999999999716e+01
9.819999963378906216e+01
9.800000000000000000e+01
9.720000000000000284e+01
9.759999969482421989e+01
9.779999963378905647e+01
9.859999999999999432e+01
9.660000006103516057e+01
9.879999963378905647e+01
9.779999963378905647e+01
9.879999999999999716e+01
9.740000006103515773e+01
9.799999963378905932e+01
9.840000000000000568e+01
9.800000000000000000e+01
9.759999999999999432e+01
9.719999969482421420e+01
9.779999963378905647e+01
9.760000006103516057e+01
9.800000006103515204e+01
9.820000000000000284e+01
9.759999969482421989e+01
9.819999963378906216e+01
9.779999969482422273e+01
9.820000000000000284e+01
9.700000000000000000e+01
9.820000006103515489e+01
9.839999963378906500e+01
9.700000000000000000e+01
9.620000012207030693e+01
9.879999963378905647e+01
9.859999963378906784e+01
9.840000006103515773e+01
9.759999999999999432e+01
9.819999969482421420e+01
9.759999969482421989e+01
9.839999963378906500e+01
9.679999999999999716e+01
9.739999963378906500e+01
9.700000000000000000e+01
9.700000006103515204e+01
9.680000006103514920e+01
9.839999963378906500e+01
9.820000006103515489e+01
9.820000000000000284e+01
9.859999963378906784e+01
9.659999963378906784e+01
9.879999999999999716e+01
9.640000006103515773e+01
9.760000006103516057e+01
9.740000006103515773e+01
9.759999963378906784e+01
9.799999963378905932e+01
9.839999963378906500e+01
9.859999999999999432e+01
9.840000000000000568e+01
9.820000000000000284e+01
9.680000006103514920e+01
9.620000000000000284e+01
9.779999963378905647e+01
9.779999999999999716e+01
9.799999963378905932e+01
9.860000006103516057e+01
9.559999969482421989e+01
9.699999963378905932e+01
9.579999969482422273e+01
9.780000006103514920e+01
9.599999938964843693e+01
9.720000012207030693e+01
9.679999969482422273e+01
9.659999963378906784e+01
9.840000000000000568e+01
9.860000006103516057e+01
9.739999963378906500e+01
9.779999963378905647e+01
9.700000006103515204e+01
9.840000000000000568e+01
9.739999969482421704e+01
9.559999963378906784e+01
9.740000006103515773e+01
9.759999969482421989e+01
9.720000006103515489e+01
9.699999963378905932e+01
9.700000006103515204e+01
9.699999975585937761e+01
9.779999963378905647e+01
9.779999969482422273e+01
9.759999999999999432e+01
9.779999999999999716e+01
9.839999963378906500e+01
9.680000006103514920e+01
9.800000000000000000e+01
9.539999969482421704e+01
9.760000006103516057e+01
9.820000000000000284e+01
9.620000000000000284e+01
9.800000006103515204e+01
9.700000000000000000e+01
9.940000000000000568e+01
9.659999969482421989e+01
9.620000006103515489e+01
9.720000006103515489e+01
9.719999963378906216e+01
9.720000000000000284e+01
9.819999963378906216e+01
9.799999963378905932e+01
9.800000006103515204e+01
9.779999999999999716e+01
9.639999963378906500e+01
9.739999963378906500e+01
9.779999963378905647e+01
9.699999963378905932e+01
9.820000000000000284e+01
9.740000006103515773e+01
9.520000006103515489e+01
9.759999999999999432e+01
9.760000006103516057e+01
9.779999969482422273e+01
9.759999963378906784e+01
9.779999969482422273e+01
9.719999963378906216e+01
9.680000006103514920e+01
9.620000006103515489e+01
9.440000012207030977e+01
9.780000006103514920e+01
9.600000006103515204e+01
9.780000006103514920e+01
9.839999963378906500e+01
9.760000006103516057e+01
9.639999963378906500e+01
9.660000006103516057e+01
9.720000000000000284e+01
9.579999969482422273e+01
9.720000000000000284e+01
9.759999963378906784e+01
9.780000006103514920e+01
9.680000006103514920e+01
9.719999969482421420e+01
9.799999963378905932e+01
9.800000000000000000e+01
9.679999963378905647e+01
9.859999999999999432e+01
9.780000006103514920e+01
9.639999969482421704e+01
9.720000000000000284e+01
9.759999963378906784e+01
9.760000006103516057e+01
9.739999963378906500e+01
9.799999969482422557e+01
9.660000006103516057e+01
9.560000006103516057e+01
9.840000000000000568e+01
9.840000000000000568e+01
9.800000000000000000e+01
9.840000006103515773e+01
9.679999963378905647e+01
9.819999963378906216e+01
9.800000000000000000e+01
9.640000000000000568e+01
9.840000000000000568e+01
9.699999969482422557e+01
9.760000006103516057e+01
9.820000006103515489e+01
9.660000006103516057e+01
9.719999963378906216e+01
9.740000006103515773e+01
9.839999963378906500e+01
9.720000006103515489e+01
9.800000000000000000e+01
9.559999963378906784e+01
9.859999999999999432e+01
9.600000006103515204e+01
9.660000012207031261e+01
9.800000000000000000e+01
9.859999963378906784e+01
9.879999999999999716e+01
9.719999963378906216e+01
9.719999969482421420e+01
9.859999963378906784e+01
9.680000012207031546e+01
9.799999963378905932e+01
9.800000000000000000e+01
9.720000000000000284e+01
9.540000006103515773e+01
9.799999963378905932e+01
9.799999963378905932e+01
9.840000000000000568e+01
9.779999963378905647e+01
9.759999999999999432e+01
9.720000006103515489e+01
9.759999963378906784e+01
9.639999975585936909e+01
9.700000006103515204e+01
9.740000006103515773e+01
9.719999963378906216e+01
9.759999963378906784e+01
9.780000006103514920e+01
9.619999969482421420e+01
9.859999999999999432e+01
9.800000000000000000e+01
9.659999963378906784e+01
9.760000006103516057e+01
9.739999963378906500e+01
9.779999999999999716e+01
9.720000000000000284e+01
9.679999969482422273e+01
9.820000000000000284e+01
9.659999999999999432e+01
9.759999963378906784e+01
9.879999999999999716e+01
9.659999963378906784e+01
9.759999963378906784e+01
9.739999969482421704e+01
9.719999963378906216e+01
9.559999969482421989e+01
9.680000006103514920e+01
9.759999963378906784e+01
9.739999963378906500e+01
9.699999963378905932e+01
9.759999999999999432e+01
9.820000000000000284e+01
9.700000000000000000e+01
9.760000012207031261e+01
9.719999963378906216e+01
9.759999969482421989e+01
9.840000000000000568e+01
9.800000006103515204e+01
9.520000012207030693e+01
9.759999963378906784e+01
9.700000006103515204e+01
9.879999999999999716e+01
9.720000000000000284e+01
9.719999969482421420e+01
9.820000000000000284e+01
9.679999963378905647e+01
9.839999963378906500e+01
9.859999963378906784e+01
9.779999963378905647e+01
9.739999963378906500e+01
9.580000006103514920e+01
9.659999963378906784e+01
9.759999963378906784e+01
9.800000006103515204e+01
9.540000012207030977e+01
9.780000006103514920e+01
9.839999969482421704e+01
9.839999963378906500e+01
9.539999969482421704e+01
9.620000006103515489e+01
9.879999963378905647e+01
9.660000006103516057e+01
9.779999969482422273e+01
9.680000012207031546e+01
9.779999963378905647e+01
9.839999963378906500e+01
9.879999999999999716e+01
9.739999963378906500e+01
9.739999963378906500e+01
9.520000006103515489e+01
9.799999963378905932e+01
9.620000006103515489e+01
9.640000012207030977e+01
9.659999963378906784e+01
9.739999963378906500e+01
9.700000000000000000e+01
9.740000000000000568e+01
9.780000006103514920e+01
9.820000006103515489e+01
9.839999963378906500e+01
9.799999963378905932e+01
9.820000006103515489e+01
9.820000006103515489e+01
9.639999969482421704e+01
9.599999969482422557e+01
9.820000000000000284e+01
9.719999969482421420e+01
9.800000000000000000e+01
9.720000000000000284e+01
9.659999969482421989e+01
9.759999963378906784e+01
9.719999969482421420e+01
9.859999963378906784e+01
9.800000000000000000e+01
9.700000006103515204e+01
9.640000006103515773e+01
9.759999963378906784e+01
9.680000012207031546e+01
9.700000000000000000e+01
9.759999969482421989e+01
9.699999963378905932e+01
9.680000006103514920e+01
9.820000000000000284e+01
9.660000006103516057e+01
9.840000006103515773e+01
9.839999963378906500e+01
9.859999963378906784e+01
9.800000000000000000e+01
9.819999963378906216e+01
9.840000006103515773e+01
9.679999969482422273e+01
9.780000006103514920e+01
9.780000006103514920e+01
9.720000000000000284e+01
9.679999975585937477e+01
9.820000000000000284e+01
9.639999963378906500e+01
9.679999969482422273e+01
9.559999963378906784e+01
9.639999963378906500e+01
9.740000006103515773e+01
9.820000006103515489e+01
9.640000006103515773e+01
9.779999963378905647e+01
9.680000006103514920e+01
9.739999963378906500e+01
9.759999963378906784e+01
9.720000000000000284e+01
9.879999999999999716e+01
9.819999963378906216e+01
9.899999963378905932e+01
9.819999963378906216e+01
9.720000006103515489e+01
9.600000000000000000e+01
9.719999963378906216e+01
9.779999963378905647e+01
9.819999963378906216e+01
9.800000000000000000e+01
9.719999969482421420e+01
9.879999963378905647e+01
9.659999963378906784e+01
9.820000000000000284e+01
9.819999969482421420e+01
9.779999999999999716e+01
9.840000006103515773e+01
9.739999963378906500e+01
9.640000012207030977e+01
9.800000000000000000e+01
9.820000006103515489e+01
9.879999999999999716e+01
9.819999963378906216e+01
9.799999963378905932e+01
9.799999963378905932e+01
9.599999969482422557e+01
9.840000000000000568e+01
9.859999999999999432e+01
9.739999963378906500e+01
9.720000000000000284e+01
9.840000006103515773e+01
9.879999999999999716e+01
9.760000006103516057e+01
9.679999969482422273e+01
9.359999963378906784e+01
9.759999963378906784e+01
9.719999963378906216e+01
9.680000006103514920e+01
9.800000006103515204e+01
9.739999963378906500e+01
9.780000006103514920e+01
9.700000012207031830e+01
9.839999963378906500e+01
9.820000006103515489e+01
9.599999969482422557e+01
9.679999969482422273e+01
9.219999969482421420e+01
9.359999975585937193e+01
9.720000006103515489e+01
9.879999999999999716e+01
9.440000000000000568e+01
9.840000000000000568e+01
9.700000006103515204e+01
9.780000012207031546e+01
9.580000012207031546e+01
9.700000000000000000e+01
9.680000006103514920e+01
9.799999969482422557e+01
9.659999969482421989e+01
9.799999963378905932e+01
9.680000006103514920e+01
9.819999963378906216e+01
9.839999963378906500e+01
9.579999963378905647e+01
9.779999999999999716e+01
9.820000000000000284e+01
9.519999963378906216e+01
9.520000000000000284e+01
9.839999969482421704e+01
9.759999963378906784e+01
9.720000000000000284e+01
9.779999963378905647e+01
9.880000006103514920e+01
9.840000000000000568e+01
9.759999969482421989e+01
9.580000006103514920e+01
9.840000000000000568e+01
9.740000006103515773e+01
9.819999963378906216e+01
9.819999963378906216e+01
9.859999999999999432e+01
9.859999999999999432e+01
9.759999999999999432e+01
9.600000006103515204e+01
9.320000006103515489e+01
9.840000000000000568e+01
9.659999999999999432e+01
9.679999963378905647e+01
9.759999963378906784e+01
9.819999963378906216e+01
9.699999969482422557e+01
9.779999999999999716e+01
9.659999963378906784e+01
9.680000006103514920e+01
9.740000000000000568e+01
9.779999963378905647e+01
9.759999969482421989e+01
9.720000000000000284e+01
9.739999963378906500e+01
9.720000006103515489e+01
9.800000000000000000e+01
9.820000000000000284e+01
9.819999969482421420e+01
9.640000006103515773e+01
9.799999963378905932e+01
9.840000006103515773e+01
9.740000000000000568e+01
9.659999999999999432e+01
9.740000000000000568e+01
9.639999963378906500e+01
9.840000000000000568e+01
9.640000006103515773e+01
9.720000000000000284e+01
9.720000006103515489e+01
9.600000006103515204e+01
9.640000006103515773e+01
9.599999969482422557e+01
9.800000006103515204e+01
9.799999963378905932e+01
9.680000006103514920e+01
9.680000006103514920e+01
9.820000000000000284e+01
9.779999963378905647e+01
9.840000000000000568e+01
9.879999963378905647e+01
9.559999969482421989e+01
9.799999963378905932e+01
9.679999963378905647e+01
9.539999969482421704e+01
9.840000000000000568e+01
9.699999975585937761e+01
9.800000000000000000e+01
9.720000006103515489e+01
9.739999963378906500e+01
9.459999975585937193e+01
9.699999969482422557e+01
9.799999969482422557e+01
9.679999969482422273e+01
9.519999963378906216e+01
9.840000006103515773e+01
9.879999999999999716e+01
9.659999999999999432e+01
9.920000000000000284e+01
9.879999999999999716e+01
9.540000012207030977e+01
9.779999999999999716e+01
9.859999963378906784e+01
9.700000006103515204e+01
9.759999999999999432e+01
9.639999969482421704e+01
9.540000012207030977e+01
9.659999999999999432e+01
9.640000012207030977e+01
9.520000012207030693e+01
9.720000000000000284e+01
9.640000006103515773e+01
9.699999963378905932e+01
9.779999999999999716e+01
9.879999999999999716e+01
9.380000012207031546e+01
9.720000000000000284e+01
9.640000012207030977e+01
9.759999969482421989e+01
9.839999963378906500e+01
9.740000000000000568e+01
9.840000000000000568e+01
9.579999963378905647e+01
9.700000006103515204e+01
9.819999963378906216e+01
9.900000000000000000e+01
9.679999999999999716e+01
9.700000000000000000e+01
9.819999963378906216e+01
9.880000006103514920e+01
9.840000000000000568e+01
9.659999963378906784e+01
9.800000000000000000e+01
9.779999999999999716e+01
9.639999963378906500e+01
9.899999963378905932e+01
9.660000006103516057e+01
9.840000000000000568e+01
9.860000006103516057e+01
9.779999999999999716e+01
9.700000006103515204e+01
9.700000006103515204e+01
9.859999963378906784e+01
9.739999963378906500e+01
9.719999963378906216e+01
9.820000012207030693e+01
9.599999963378905932e+01
9.660000006103516057e+01
9.779999999999999716e+01
9.819999963378906216e+01
9.719999969482421420e+01
9.500000006103515204e+01
9.479999969482422273e+01
9.819999963378906216e+01
9.800000006103515204e+01
9.660000006103516057e+01
9.820000000000000284e+01
9.839999963378906500e+01
9.640000012207030977e+01
9.840000000000000568e+01
9.839999963378906500e+01
9.800000006103515204e+01
9.819999963378906216e+01
9.879999999999999716e+01
9.639999963378906500e+01
9.820000000000000284e+01
9.740000006103515773e+01
9.900000000000000000e+01
9.820000000000000284e+01
9.920000000000000284e+01
9.799999969482422557e+01
9.559999969482421989e+01
9.659999999999999432e+01
9.779999963378905647e+01
9.759999999999999432e+01
9.859999999999999432e+01
9.699999969482422557e+01
9.679999999999999716e+01
9.679999963378905647e+01
9.859999999999999432e+01
9.800000000000000000e+01
9.659999969482421989e+01
9.659999969482421989e+01
9.819999963378906216e+01
9.839999963378906500e+01
9.659999963378906784e+01
9.839999963378906500e+01
9.599999969482422557e+01
9.479999963378905647e+01
9.739999963378906500e+01
9.520000006103515489e+01
9.520000000000000284e+01
9.799999963378905932e+01
9.799999963378905932e+01
9.659999969482421989e+01
9.500000006103515204e+01
9.859999999999999432e+01
9.879999999999999716e+01
9.659999969482421989e+01
9.819999963378906216e+01
9.819999963378906216e+01
9.820000006103515489e+01
9.800000000000000000e+01
9.840000000000000568e+01
9.759999999999999432e+01
9.779999999999999716e+01
9.839999969482421704e+01
9.840000000000000568e+01
9.600000006103515204e+01
9.600000006103515204e+01
9.640000012207030977e+01
9.679999963378905647e+01
9.819999963378906216e+01
9.759999999999999432e+01
9.879999963378905647e+01
9.559999969482421989e+01
9.780000006103514920e+01
9.740000000000000568e+01
9.859999963378906784e+01
9.659999999999999432e+01
9.659999999999999432e+01
9.820000000000000284e+01
9.739999963378906500e+01
9.740000000000000568e+01
9.819999963378906216e+01
9.859999999999999432e+01
9.759999999999999432e+01
9.879999999999999716e+01
9.480000012207031546e+01
9.780000006103514920e+01
9.440000012207030977e+01
9.700000006103515204e+01
9.599999969482422557e+01
9.700000006103515204e+01
9.840000000000000568e+01
9.900000000000000000e+01
9.479999969482422273e+01
9.879999999999999716e+01
9.719999963378906216e+01
9.779999999999999716e+01
9.859999999999999432e+01
9.599999969482422557e+01
9.820000000000000284e+01
9.379999975585937477e+01
9.779999999999999716e+01
9.859999999999999432e+01
9.760000006103516057e+01
9.700000006103515204e+01
9.740000000000000568e+01
9.759999963378906784e+01
9.759999963378906784e+01
9.760000006103516057e+01
9.659999999999999432e+01
9.740000000000000568e+01
9.840000000000000568e+01
9.759999969482421989e+01
9.140000006103515773e+01
9.819999963378906216e+01
9.820000000000000284e+01
9.619999963378906216e+01
9.799999969482422557e+01
9.879999963378905647e+01
9.759999969482421989e+01
9.739999963378906500e+01
9.620000006103515489e+01
9.860000006103516057e+01
9.619999963378906216e+01
9.679999969482422273e+01
9.339999975585936909e+01
9.800000000000000000e+01
9.839999963378906500e+01
9.639999969482421704e+01
9.680000006103514920e+01
9.780000006103514920e+01
9.819999963378906216e+01
9.600000006103515204e+01
9.759999963378906784e+01
9.840000006103515773e+01
9.920000000000000284e+01
9.679999963378905647e+01
9.779999963378905647e+01
9.659999963378906784e+01
9.859999963378906784e+01
9.839999969482421704e+01
9.879999999999999716e+01
9.600000006103515204e+01
9.499999975585937761e+01
9.800000000000000000e+01
9.779999999999999716e+01
9.319999963378906216e+01
9.559999969482421989e+01
9.700000000000000000e+01
9.799999963378905932e+01
9.240000012207030977e+01
9.659999963378906784e+01
9.019999975585938046e+01
9.600000006103515204e+01
9.600000012207031830e+01
9.779999969482422273e+01
9.580000012207031546e+01
9.699999963378905932e+01
9.640000000000000568e+01
9.640000006103515773e+01
9.640000006103515773e+01
9.640000006103515773e+01
9.779999963378905647e+01
9.519999969482421420e+01
9.499999969482422557e+01
9.600000012207031830e+01
9.620000000000000284e+01
9.339999981689453534e+01
9.499999969482422557e+01
9.800000000000000000e+01
9.840000000000000568e+01
9.800000000000000000e+01
9.900000000000000000e+01
9.380000012207031546e+01
9.799999963378905932e+01
9.720000000000000284e+01
9.859999963378906784e+01
9.819999963378906216e+01
9.879999963378905647e+01
9.680000006103514920e+01
9.759999999999999432e+01
9.780000006103514920e+01
9.879999999999999716e+01
9.920000000000000284e+01
9.479999969482422273e+01
9.840000000000000568e+01
9.739999969482421704e+01
9.659999963378906784e+01
9.739999963378906500e+01
9.620000006103515489e+01
9.859999963378906784e+01
9.799999963378905932e+01
9.779999963378905647e+01
9.719999963378906216e+01
9.860000006103516057e+01
9.800000000000000000e+01
9.659999969482421989e+01
9.859999999999999432e+01
9.859999963378906784e+01
9.679999963378905647e+01
9.659999999999999432e+01
9.800000000000000000e+01
9.799999963378905932e+01
9.819999963378906216e+01
9.839999963378906500e+01
9.599999963378905932e+01
9.519999963378906216e+01
9.800000006103515204e+01
9.779999999999999716e+01
9.760000006103516057e+01
9.820000006103515489e+01
9.820000006103515489e+01
9.879999999999999716e+01
9.580000012207031546e+01
9.679999969482422273e+01
9.839999963378906500e+01
9.620000000000000284e+01
9.879999999999999716e+01
9.739999963378906500e+01
9.859999999999999432e+01
9.839999963378906500e+01
9.679999999999999716e+01
9.639999963378906500e+01
9.820000006103515489e+01
9.839999963378906500e+01
9.719999963378906216e+01
9.599999963378905932e+01
9.799999963378905932e+01
9.699999963378905932e+01
9.760000006103516057e+01
9.419999963378906216e+01
9.759999963378906784e+01
9.779999963378905647e+01
9.639999963378906500e+01
9.699999963378905932e+01
9.719999963378906216e+01
9.840000000000000568e+01
9.779999963378905647e+01
9.539999975585936909e+01
9.720000006103515489e+01
9.679999969482422273e+01
9.579999975585937477e+01
9.700000000000000000e+01
9.619999963378906216e+01
9.699999969482422557e+01
9.559999969482421989e+01
9.800000000000000000e+01
9.780000006103514920e+01
9.920000000000000284e+01
9.520000006103515489e+01
9.639999963378906500e+01
9.619999969482421420e+01
9.800000000000000000e+01
9.819999963378906216e+01
9.680000006103514920e+01
9.639999963378906500e+01
9.820000000000000284e+01
9.640000006103515773e+01
9.719999963378906216e+01
9.479999975585937477e+01
9.820000006103515489e+01
9.679999969482422273e+01
9.759999999999999432e+01
9.659999969482421989e+01
9.780000006103514920e+01
9.800000006103515204e+01
9.700000000000000000e+01
9.699999963378905932e+01
9.759999999999999432e+01
9.740000006103515773e+01
9.700000000000000000e+01
9.559999969482421989e+01
9.720000012207030693e+01
9.480000012207031546e+01
9.839999963378906500e+01
9.559999975585937193e+01
9.660000006103516057e+01
9.680000006103514920e+01
9.500000012207031830e+01
9.619999963378906216e+01
9.659999999999999432e+01
9.619999969482421420e+01
9.680000012207031546e+01
9.639999963378906500e+01
9.640000000000000568e+01
9.820000006103515489e+01
9.579999963378905647e+01
9.840000000000000568e+01
9.519999969482421420e+01
9.879999999999999716e+01
9.699999963378905932e+01
9.520000012207030693e+01
9.720000012207030693e+01
9.840000012207030977e+01
9.680000012207031546e+01
9.800000012207031830e+01
9.860000006103516057e+01
9.659999969482421989e+01
9.719999963378906216e+01
9.760000006103516057e+01
9.820000000000000284e+01
9.779999999999999716e+01
9.700000012207031830e+01
9.519999969482421420e+01
9.759999999999999432e+01
9.780000006103514920e+01
9.659999969482421989e+01
9.720000000000000284e+01
9.879999975585937477e+01
9.799999963378905932e+01
9.439999969482421704e+01
9.759999963378906784e+01
9.819999963378906216e+01
9.580000006103514920e+01
9.700000006103515204e+01
9.719999963378906216e+01
9.779999963378905647e+01
9.819999963378906216e+01
9.599999969482422557e+01
9.579999963378905647e+01
9.759999999999999432e+01
9.399999975585937761e+01
9.539999938964844262e+01
9.760000006103516057e+01
9.859999999999999432e+01
9.840000000000000568e+01
9.719999963378906216e+01
9.679999963378905647e+01
9.659999963378906784e+01
9.859999963378906784e+01
9.740000012207030977e+01
9.699999969482422557e+01
9.600000006103515204e+01
9.540000012207030977e+01
9.640000006103515773e+01
9.740000006103515773e+01
9.720000000000000284e+01
9.779999969482422273e+01
9.719999969482421420e+01
9.700000000000000000e+01
9.799999963378905932e+01
9.700000006103515204e+01
9.599999969482422557e+01
9.700000012207031830e+01
9.780000006103514920e+01
9.739999969482421704e+01
9.459999963378906784e+01
9.479999963378905647e+01
9.699999963378905932e+01
9.859999999999999432e+01
9.739999963378906500e+01
9.500000012207031830e+01
9.480000012207031546e+01
9.719999969482421420e+01
9.680000006103514920e+01
9.700000000000000000e+01
9.560000012207031261e+01
9.760000006103516057e+01
9.719999969482421420e+01
9.659999999999999432e+01
9.619999938964843977e+01
9.679999999999999716e+01
9.840000000000000568e+01
9.780000006103514920e+01
9.499999969482422557e+01
9.720000006103515489e+01
9.679999999999999716e+01
9.659999963378906784e+01
9.559999963378906784e+01
9.359999981689453818e+01
9.540000006103515773e+01
9.740000000000000568e+01
9.460000012207031261e+01
9.719999963378906216e+01
9.679999963378905647e+01
9.840000000000000568e+01
9.900000000000000000e+01
9.739999969482421704e+01
9.740000006103515773e+01
9.839999963378906500e+01
9.579999963378905647e+01
9.820000000000000284e+01
9.579999969482422273e+01
9.859999963378906784e+01
9.920000000000000284e+01
9.799999963378905932e+01
9.659999969482421989e+01
9.600000006103515204e+01
9.839999963378906500e+01
9.759999963378906784e+01
9.819999963378906216e+01
9.719999963378906216e+01
9.719999963378906216e+01
9.879999999999999716e+01
9.660000006103516057e+01
9.879999999999999716e+01
9.700000006103515204e+01
9.759999999999999432e+01
9.619999969482421420e+01
9.280000012207031546e+01
9.440000006103515773e+01
9.580000012207031546e+01
9.740000006103515773e+01
9.580000012207031546e+01
9.859999999999999432e+01
9.779999963378905647e+01
9.599999969482422557e+01
9.679999969482422273e+01
9.779999963378905647e+01
9.679999999999999716e+01
9.699999969482422557e+01
9.800000006103515204e+01
9.300000006103515204e+01
9.580000012207031546e+01
9.759999963378906784e+01
9.419999969482421420e+01
9.720000006103515489e+01
9.820000006103515489e+01
9.660000006103516057e+01
9.820000000000000284e+01
9.659999963378906784e+01
9.679999963378905647e+01
9.700000006103515204e+01
9.779999963378905647e+01
9.659999969482421989e+01
9.360000012207031261e+01
9.659999969482421989e+01
9.520000012207030693e+01
9.579999969482422273e+01
9.759999963378906784e+01
9.719999969482421420e+01
9.820000000000000284e+01
9.619999969482421420e+01
9.439999969482421704e+01
9.759999963378906784e+01
9.739999963378906500e+01
9.800000006103515204e+01
9.500000006103515204e+01
9.399999969482422557e+01
9.779999999999999716e+01
9.840000000000000568e+01
9.799999963378905932e+01
9.759999963378906784e+01
9.699999969482422557e+01
9.719999975585938046e+01
9.800000006103515204e+01
9.679999999999999716e+01
9.619999969482421420e+01
9.539999963378906500e+01
9.679999963378905647e+01
9.640000006103515773e+01
9.599999969482422557e+01
9.859999963378906784e+01
9.719999963378906216e+01
9.820000000000000284e+01
9.700000000000000000e+01
9.500000000000000000e+01
9.640000000000000568e+01
9.800000006103515204e+01
9.419999963378906216e+01
9.779999969482422273e+01
9.800000000000000000e+01
9.039999975585936909e+01
9.800000000000000000e+01
9.679999963378905647e+01
9.699999963378905932e+01
9.879999999999999716e+01
9.639999963378906500e+01
9.580000012207031546e+01
9.599999963378905932e+01
9.519999963378906216e+01
9.699999963378905932e+01
9.719999963378906216e+01
9.620000012207030693e+01
9.379999969482422273e+01
9.540000006103515773e+01
9.600000006103515204e+01
9.820000006103515489e+01
9.840000006103515773e+01
9.859999999999999432e+01
9.759999999999999432e+01
9.780000006103514920e+01
9.759999999999999432e+01
9.839999963378906500e+01
9.759999999999999432e+01
9.780000006103514920e+01
9.720000006103515489e+01
9.699999969482422557e+01
9.879999969482422273e+01
9.520000006103515489e+01
9.900000000000000000e+01
9.839999963378906500e+01
9.719999969482421420e+01
9.799999963378905932e+01
9.700000006103515204e+01
9.759999999999999432e+01
9.719999969482421420e+01
9.560000006103516057e+01
9.559999981689453818e+01
9.299999981689452966e+01
9.820000000000000284e+01
9.779999963378905647e+01
9.659999963378906784e+01
9.599999963378905932e+01
9.200000006103515204e+01
9.619999969482421420e+01
9.759999963378906784e+01
8.919999975585938046e+01
9.499999969482422557e+01
9.640000006103515773e+01
9.600000006103515204e+01
9.540000012207030977e+01
9.860000006103516057e+01
9.839999963378906500e+01
9.779999999999999716e+01
9.540000006103515773e+01
9.619999969482421420e+01
9.779999969482422273e+01
9.520000012207030693e+01
9.659999969482421989e+01
9.659999963378906784e+01
9.680000006103514920e+01
9.759999963378906784e+01
9.820000000000000284e+01
9.840000006103515773e+01
9.699999963378905932e+01
9.779999963378905647e+01
9.859999999999999432e+01
9.839999963378906500e+01
9.199999969482422557e+01
9.519999975585938046e+01
9.759999963378906784e+01
9.819999969482421420e+01
9.800000000000000000e+01
9.920000000000000284e+01
9.759999999999999432e+01
9.739999963378906500e+01
9.579999963378905647e+01
9.859999999999999432e+01
9.759999963378906784e+01
9.779999963378905647e+01
9.819999963378906216e+01
9.799999963378905932e+01
8.879999975585937477e+01
9.820000000000000284e+01
9.659999969482421989e+01
9.640000006103515773e+01
9.719999963378906216e+01
9.719999969482421420e+01
9.779999999999999716e+01
9.639999969482421704e+01
9.599999969482422557e+01
9.840000000000000568e+01
9.759999963378906784e+01
9.679999969482422273e+01
9.659999975585937193e+01
9.419999969482421420e+01
9.679999999999999716e+01
9.640000006103515773e+01
9.740000000000000568e+01
9.619999969482421420e+01
9.360000006103516057e+01
9.679999963378905647e+01
9.619999963378906216e+01
9.759999963378906784e+01
9.920000000000000284e+01
9.859999963378906784e+01
9.400000006103515204e+01
9.739999963378906500e+01
9.659999963378906784e+01
9.659999969482421989e+01
9.460000006103516057e+01
9.639999969482421704e+01
9.600000012207031830e+01
9.579999963378905647e+01
9.720000000000000284e+01
9.660000006103516057e+01
9.800000006103515204e+01
9.759999969482421989e+01
9.840000000000000568e+01
9.639999963378906500e+01
9.859999999999999432e+01
9.580000006103514920e+01
9.920000000000000284e+01
9.459999981689453818e+01
9.859999963378906784e+01
9.759999963378906784e+01
9.839999963378906500e+01
9.879999999999999716e+01
9.560000006103516057e+01
9.840000000000000568e+01
9.740000000000000568e+01
9.619999963378906216e+01
9.499999963378905932e+01
9.619999963378906216e+01
9.659999969482421989e+01
9.479999975585937477e+01
9.379999969482422273e+01
9.640000000000000568e+01
9.859999999999999432e+01
9.479999938964843409e+01
9.799999963378905932e+01
9.799999963378905932e+01
9.759999969482421989e+01
9.559999963378906784e+01
9.900000000000000000e+01
9.280000012207031546e+01
9.820000006103515489e+01
9.700000006103515204e+01
9.879999999999999716e+01
9.700000006103515204e+01
9.840000000000000568e+01
9.320000012207030693e+01
9.599999975585937761e+01
9.819999963378906216e+01
9.459999969482421989e+01
9.379999981689452682e+01
9.719999975585938046e+01
9.759999999999999432e+01
9.520000006103515489e+01
9.480000006103514920e+01
9.679999975585937477e+01
9.740000006103515773e+01
9.760000006103516057e+01
9.680000006103514920e+01
9.699999963378905932e+01
9.660000006103516057e+01
9.240000006103515773e+01
9.720000000000000284e+01
9.659999963378906784e+01
9.480000012207031546e+01
9.379999969482422273e+01
9.499999975585937761e+01
9.660000006103516057e+01
9.719999963378906216e+01
9.619999963378906216e+01
9.699999963378905932e+01
9.720000000000000284e+01
9.499999969482422557e+01
9.720000000000000284e+01
9.820000006103515489e+01
9.640000000000000568e+01
9.759999999999999432e+01
9.639999975585936909e+01
9.540000012207030977e+01
9.620000000000000284e+01
9.679999963378905647e+01
9.619999969482421420e+01
9.800000000000000000e+01
9.339999963378906500e+01
9.420000012207030693e+01
9.100000012207031830e+01
9.800000000000000000e+01
9.479999975585937477e+01
9.319999975585938046e+01
9.499999969482422557e+01
9.540000006103515773e+01
9.560000006103516057e+01
9.779999999999999716e+01
9.840000000000000568e+01
9.639999963378906500e+01
9.640000012207030977e+01
9.859999999999999432e+01
9.679999963378905647e+01
9.720000006103515489e+01
9.419999963378906216e+01
9.740000006103515773e+01
9.800000000000000000e+01
9.680000006103514920e+01
9.799999963378905932e+01
9.720000000000000284e+01
9.880000006103514920e+01
9.279999969482422273e+01
9.540000006103515773e+01
9.600000000000000000e+01
9.520000012207030693e+01
9.639999969482421704e+01
9.879999999999999716e+01
9.619999963378906216e+01
9.460000012207031261e+01
9.760000006103516057e+01
9.500000012207031830e+01
9.719999969482421420e+01
9.540000006103515773e+01
9.600000006103515204e+01
9.459999963378906784e+01
9.379999969482422273e+01
9.499999938964843693e+01
9.760000006103516057e+01
9.720000006103515489e+01
9.859999963378906784e+01
9.660000012207031261e+01
9.380000006103514920e+01
9.820000000000000284e+01
9.459999969482421989e+01
9.299999981689452966e+01
9.779999999999999716e+01
9.519999969482421420e+01
9.580000006103514920e+01
9.439999938964844262e+01
9.600000012207031830e+01
9.720000000000000284e+01
9.739999963378906500e+01
9.519999975585938046e+01
9.600000000000000000e+01
9.740000000000000568e+01
9.479999963378905647e+01
9.560000006103516057e+01
9.679999963378905647e+01
9.579999963378905647e+01
9.780000012207031546e+01
9.699999963378905932e+01
9.740000006103515773e+01
9.600000006103515204e+01
9.440000000000000568e+01
9.779999963378905647e+01
9.119999981689453250e+01
9.659999999999999432e+01
9.359999969482421989e+01
9.800000000000000000e+01
9.679999999999999716e+01
9.820000000000000284e+01
9.380000006103514920e+01
9.820000000000000284e+01
9.719999963378906216e+01
9.819999969482421420e+01
9.859999999999999432e+01
9.739999963378906500e+01
9.840000000000000568e+01
9.620000006103515489e+01
9.859999999999999432e+01
9.259999945068359750e+01
9.599999963378905932e+01
9.699999963378905932e+01
9.420000006103515489e+01
9.680000006103514920e+01
9.559999969482421989e+01
9.640000012207030977e+01
9.739999963378906500e+01
9.520000006103515489e+01
9.840000006103515773e+01
9.699999963378905932e+01
9.540000006103515773e+01
9.479999963378905647e+01
9.580000006103514920e+01
9.660000006103516057e+01
9.680000006103514920e+01
9.620000006103515489e+01
9.639999969482421704e+01
9.819999963378906216e+01
9.639999963378906500e+01
9.680000012207031546e+01
9.840000000000000568e+01
9.639999969482421704e+01
9.759999963378906784e+01
9.900000000000000000e+01
9.339999963378906500e+01
9.780000006103514920e+01
9.639999969482421704e+01
9.620000000000000284e+01
9.759999999999999432e+01
9.820000000000000284e+01
9.739999963378906500e+01
9.740000000000000568e+01
9.720000006103515489e+01
9.759999963378906784e+01
9.399999975585937761e+01
9.900000000000000000e+01
9.640000012207030977e+01
9.619999963378906216e+01
9.720000000000000284e+01
9.719999963378906216e+01
9.419999969482421420e+01
9.579999963378905647e+01
9.660000006103516057e+01
9.740000006103515773e+01
9.800000006103515204e+01
9.459999969482421989e+01
9.619999963378906216e+01
9.759999963378906784e+01
9.640000012207030977e+01
9.819999963378906216e+01
9.799999963378905932e+01
9.840000000000000568e+01
9.559999969482421989e+01
9.659999963378906784e+01
9.860000006103516057e+01
9.440000006103515773e+01
9.739999963378906500e+01
9.739999963378906500e+01
9.179999975585937477e+01
9.619999963378906216e+01
9.619999938964843977e+01
9.640000006103515773e+01
9.499999969482422557e+01
9.460000012207031261e+01
9.879999999999999716e+01
9.759999963378906784e+01
9.719999963378906216e+01
9.719999963378906216e+01
9.259999975585937193e+01
9.799999963378905932e+01
9.660000006103516057e+01
9.659999963378906784e+01
9.659999963378906784e+01
9.659999999999999432e+01
9.560000012207031261e+01
9.599999963378905932e+01
9.560000012207031261e+01
9.579999969482422273e+01
9.779999999999999716e+01
9.700000006103515204e+01
9.859999963378906784e+01
9.779999999999999716e+01
9.779999969482422273e+01
9.759999963378906784e+01
9.600000012207031830e+01
9.800000012207031830e+01
9.620000000000000284e+01
9.859999963378906784e+01
9.639999975585936909e+01
9.599999938964843693e+01
9.780000006103514920e+01
9.820000000000000284e+01
9.819999963378906216e+01
9.800000000000000000e+01
9.739999963378906500e+01
9.440000006103515773e+01
9.279999981689452682e+01
9.399999938964843693e+01
9.499999969482422557e+01
9.639999975585936909e+01
9.899999963378905932e+01
9.779999963378905647e+01
9.799999963378905932e+01
9.800000000000000000e+01
9.840000006103515773e+01
9.820000000000000284e+01
9.639999963378906500e+01
9.380000012207031546e+01
9.500000012207031830e+01
9.699999963378905932e+01
9.520000012207030693e+01
9.579999999999999716e+01
9.740000000000000568e+01
9.160000012207031261e+01
9.640000006103515773e+01
9.759999963378906784e+01
9.759999999999999432e+01
9.539999969482421704e+01
9.620000006103515489e+01
9.199999975585937761e+01
9.779999963378905647e+01
9.299999963378905932e+01
9.859999999999999432e+01
9.760000006103516057e+01
9.679999975585937477e+01
8.859999975585937193e+01
9.559999963378906784e+01
9.659999963378906784e+01
9.699999963378905932e+01
9.319999969482421420e+01
9.519999938964843977e+01
9.459999969482421989e+01
9.600000006103515204e+01
8.919999975585938046e+01
9.520000012207030693e+01
9.559999969482421989e+01
9.679999999999999716e+01
9.660000006103516057e+01
9.579999969482422273e+01
9.599999969482422557e+01
9.579999963378905647e+01
9.819999969482421420e+01
9.760000006103516057e+01
9.639999963378906500e+01
9.580000006103514920e+01
9.599999975585937761e+01
9.679999999999999716e+01
9.480000006103514920e+01
9.859999999999999432e+01
9.620000000000000284e+01
9.680000006103514920e+01
9.760000006103516057e+01
9.539999963378906500e+01
9.519999969482421420e+01
9.779999963378905647e+01
9.699999969482422557e+01
9.440000012207030977e+01
9.679999963378905647e+01
9.600000006103515204e+01
9.439999969482421704e+01
9.599999963378905932e+01
9.579999969482422273e+01
9.700000006103515204e+01
9.660000006103516057e+01
9.660000006103516057e+01
9.520000006103515489e+01
9.840000000000000568e+01
9.719999963378906216e+01
9.779999999999999716e+01
9.780000006103514920e+01
9.760000006103516057e+01
9.680000012207031546e+01
9.619999963378906216e+01
9.719999969482421420e+01
9.780000006103514920e+01
9.820000000000000284e+01
9.380000006103514920e+01
9.780000006103514920e+01
9.580000012207031546e+01
9.720000006103515489e+01
9.680000006103514920e+01
9.800000000000000000e+01
9.619999963378906216e+01
9.800000006103515204e+01
9.720000000000000284e+01
8.899999957275390727e+01
9.780000006103514920e+01
9.339999969482421704e+01
9.779999963378905647e+01
9.179999969482422273e+01
9.640000006103515773e+01
9.659999963378906784e+01
9.580000012207031546e+01
9.759999999999999432e+01
9.380000006103514920e+01
9.720000006103515489e+01
9.540000006103515773e+01
9.539999963378906500e+01
9.839999963378906500e+01
9.779999963378905647e+01
9.839999963378906500e+01
9.479999969482422273e+01
9.600000006103515204e+01
9.459999969482421989e+01
9.639999963378906500e+01
9.779999999999999716e+01
9.540000006103515773e+01
9.520000012207030693e+01
9.220000012207030693e+01
8.819999975585938046e+01
9.859999963378906784e+01
9.859999999999999432e+01
9.519999969482421420e+01
9.419999969482421420e+01
9.820000000000000284e+01
9.500000006103515204e+01
9.879999999999999716e+01
9.700000000000000000e+01
9.679999969482422273e+01
9.520000006103515489e+01
9.480000006103514920e+01
9.679999963378905647e+01
9.519999938964843977e+01
9.700000000000000000e+01
9.719999963378906216e+01
9.680000006103514920e+01
9.679999963378905647e+01
9.619999975585938046e+01
9.539999963378906500e+01
9.539999963378906500e+01
9.699999963378905932e+01
9.719999969482421420e+01
9.679999969482422273e+01
9.800000000000000000e+01
9.620000012207030693e+01
9.499999963378905932e+01
9.679999999999999716e+01
9.599999963378905932e+01
9.740000000000000568e+01
9.599999963378905932e+01
9.559999969482421989e+01
9.619999969482421420e+01
9.799999963378905932e+01
9.740000000000000568e+01
8.819999987792968454e+01
9.600000012207031830e+01
9.800000000000000000e+01
9.240000012207030977e+01
9.779999999999999716e+01
9.659999999999999432e+01
9.480000006103514920e+01
9.540000012207030977e+01
9.620000006103515489e+01
9.519999969482421420e+01
9.019999975585938046e+01
9.819999963378906216e+01
9.800000000000000000e+01
9.759999999999999432e+01
9.720000006103515489e+01
9.620000012207030693e+01
9.660000006103516057e+01
9.479999999999999716e+01
9.739999963378906500e+01
9.699999969482422557e+01
9.399999975585937761e+01
9.720000006103515489e+01
9.640000006103515773e+01
9.319999975585938046e+01
9.699999963378905932e+01
9.759999963378906784e+01
9.699999963378905932e+01
9.600000000000000000e+01
9.819999969482421420e+01
9.720000006103515489e+01
9.779999963378905647e+01
9.740000006103515773e+01
9.520000006103515489e+01
9.359999975585937193e+01
9.540000012207030977e+01
9.640000000000000568e+01
9.660000012207031261e+01
9.580000006103514920e+01
9.660000006103516057e+01
9.879999999999999716e+01
9.720000000000000284e+01
9.199999975585937761e+01
9.559999963378906784e+01
9.540000006103515773e+01
9.760000006103516057e+01
9.699999963378905932e+01
9.659999963378906784e+01
9.600000006103515204e+01
9.579999963378905647e+01
9.660000006103516057e+01
9.680000006103514920e+01
9.659999999999999432e+01
9.720000006103515489e+01
9.720000006103515489e+01
9.680000006103514920e+01
9.579999969482422273e+01
9.640000012207030977e+01
8.839999975585936909e+01
9.299999963378905932e+01
9.600000000000000000e+01
9.759999999999999432e+01
9.840000000000000568e+01
9.760000006103516057e+01
9.260000012207031261e+01
9.759999999999999432e+01
9.640000000000000568e+01
9.819999963378906216e+01
9.819999963378906216e+01
9.660000006103516057e+01
9.620000000000000284e+01
9.640000006103515773e+01
9.819999963378906216e+01
9.900000000000000000e+01
9.360000012207031261e+01
9.239999975585936909e+01
9.659999963378906784e+01
9.699999963378905932e+01
9.480000012207031546e+01
9.699999963378905932e+01
9.779999999999999716e+01
9.720000006103515489e+01
9.680000006103514920e+01
9.680000012207031546e+01
9.800000000000000000e+01
9.639999963378906500e+01
9.859999963378906784e+01
9.679999969482422273e+01
9.200000012207031830e+01
9.320000012207030693e+01
9.740000006103515773e+01
9.679999963378905647e+01
9.899999963378905932e+01
9.500000006103515204e+01
9.699999963378905932e+01
9.579999999999999716e+01
9.579999975585937477e+01
9.739999963378906500e+01
9.459999975585937193e+01
9.699999969482422557e+01
9.619999963378906216e+01
9.280000012207031546e+01
9.540000006103515773e+01
9.780000006103514920e+01
9.220000012207030693e+01
9.800000000000000000e+01
9.359999963378906784e+01
9.879999999999999716e+01
9.620000006103515489e+01
9.739999963378906500e+01
9.139999975585936909e+01
9.439999975585936909e+01
9.840000012207030977e+01
9.739999963378906500e+01
9.840000000000000568e+01
9.740000006103515773e+01
9.580000006103514920e+01
9.759999963378906784e+01
9.619999969482421420e+01
8.819999951171874386e+01
9.779999963378905647e+01
9.900000000000000000e+01
9.579999963378905647e+01
9.739999969482421704e+01
9.839999963378906500e+01
9.619999969482421420e+01
9.440000006103515773e+01
9.799999969482422557e+01
9.819999963378906216e+01
9.459999963378906784e+01
9.479999938964843409e+01
9.539999969482421704e+01
9.779999963378905647e+01
9.819999963378906216e+01
9.719999963378906216e+01
9.839999963378906500e+01
9.759999999999999432e+01
9.399999963378905932e+01
9.840000006103515773e+01
9.879999999999999716e+01
9.360000012207031261e+01
9.460000012207031261e+01
9.740000000000000568e+01
9.819999963378906216e+01
9.859999999999999432e+01
9.699999963378905932e+01
9.740000000000000568e+01
9.819999963378906216e+01
9.739999963378906500e+01
9.900000000000000000e+01
9.560000012207031261e+01
9.779999963378905647e+01
9.619999963378906216e+01
9.739999963378906500e+01
9.619999963378906216e+01
9.799999963378905932e+01
9.679999963378905647e+01
9.460000006103516057e+01
9.739999969482421704e+01
9.679999969482422273e+01
9.700000006103515204e+01
9.260000006103516057e+01
8.899999945068358898e+01
9.660000006103516057e+01
9.640000000000000568e+01
9.519999975585938046e+01
9.720000006103515489e+01
9.760000012207031261e+01
9.819999963378906216e+01
9.479999999999999716e+01
9.620000006103515489e+01
9.739999938964844262e+01
9.779999963378905647e+01
9.580000006103514920e+01
9.419999938964843977e+01
9.699999963378905932e+01
9.739999969482421704e+01
9.759999999999999432e+01
9.199999969482422557e+01
9.560000006103516057e+01
9.780000006103514920e+01
9.799999963378905932e+01
9.600000006103515204e+01
9.860000006103516057e+01
9.620000000000000284e+01
9.660000006103516057e+01
9.800000006103515204e+01
9.780000006103514920e+01
9.639999963378906500e+01
9.719999963378906216e+01
9.659999963378906784e+01
9.779999963378905647e+01
9.739999969482421704e+01
9.759999963378906784e+01
9.760000006103516057e+01
9.639999963378906500e+01
9.599999963378905932e+01
9.900000000000000000e+01
9.779999963378905647e+01
9.820000006103515489e+01
9.820000000000000284e+01
9.619999969482421420e+01
9.799999963378905932e+01
9.560000012207031261e+01
9.699999969482422557e+01
9.760000006103516057e+01
9.679999963378905647e+01
9.499999963378905932e+01
9.840000000000000568e+01
4.939999990844726341e+01
9.559999999999999432e+01
9.499999963378905932e+01
9.600000006103515204e+01
9.559999969482421989e+01
9.699999963378905932e+01
9.699999963378905932e+01
9.719999963378906216e+01
9.759999963378906784e+01
9.700000000000000000e+01
9.800000000000000000e+01
9.240000006103515773e+01
9.740000000000000568e+01
9.599999963378905932e+01
9.659999963378906784e+01
9.200000012207031830e+01
9.500000006103515204e+01
9.800000012207031830e+01
9.739999969482421704e+01
8.699999975585937761e+01
9.759999963378906784e+01
9.640000006103515773e+01
9.759999963378906784e+01
9.859999999999999432e+01
9.700000006103515204e+01
9.820000000000000284e+01
9.580000006103514920e+01
9.700000012207031830e+01
9.559999963378906784e+01
9.659999963378906784e+01
9.719999963378906216e+01
9.659999969482421989e+01
9.519999969482421420e+01
9.700000000000000000e+01
9.800000000000000000e+01
9.199999969482422557e+01
9.619999969482421420e+01
9.719999963378906216e+01
9.400000012207031830e+01
9.659999999999999432e+01
9.759999963378906784e+01
8.820000012207030693e+01
9.560000006103516057e+01
9.779999963378905647e+01
9.720000006103515489e+01
8.699999969482422557e+01
8.459999987792969023e+01
9.859999999999999432e+01
9.799999963378905932e+01
9.459999969482421989e+01
9.719999963378906216e+01
9.500000012207031830e+01
9.699999963378905932e+01
9.679999963378905647e+01
9.740000000000000568e+01
9.739999963378906500e+01
9.779999963378905647e+01
9.779999999999999716e+01
8.520000012207030693e+01
9.800000000000000000e+01
9.719999969482421420e+01
9.700000000000000000e+01
9.660000006103516057e+01
9.500000012207031830e+01
9.580000006103514920e+01
8.859999975585937193e+01
9.300000006103515204e+01
9.639999963378906500e+01
9.700000006103515204e+01
9.660000012207031261e+01
9.559999963378906784e+01
9.459999969482421989e+01
9.759999999999999432e+01
9.399999938964843693e+01
9.879999999999999716e+01
9.440000006103515773e+01
9.339999975585936909e+01
9.759999999999999432e+01
9.840000000000000568e+01
9.679999969482422273e+01
9.499999963378905932e+01
9.160000006103516057e+01
9.579999969482422273e+01
9.879999963378905647e+01
9.379999963378905647e+01
9.799999963378905932e+01
9.839999963378906500e+01
9.779999963378905647e+01
9.199999938964843693e+01
9.599999969482422557e+01
9.519999969482421420e+01
9.679999963378905647e+01
9.580000006103514920e+01
9.599999969482422557e+01
9.920000000000000284e+01
9.580000006103514920e+01
9.599999969482422557e+01
9.779999999999999716e+01
9.599999963378905932e+01
9.219999969482421420e+01
9.759999963378906784e+01
9.740000000000000568e+01
9.580000006103514920e+01
9.779999963378905647e+01
8.999999987792968170e+01
9.539999963378906500e+01
9.659999963378906784e+01
9.720000006103515489e+01
9.820000006103515489e+01
9.400000012207031830e+01
9.859999999999999432e+01
9.499999969482422557e+01
9.419999969482421420e+01
9.359999969482421989e+01
9.699999963378905932e+01
9.640000012207030977e+01
9.819999969482421420e+01
9.819999963378906216e+01
9.439999969482421704e+01
9.479999969482422273e+01
9.739999963378906500e+01
9.459999975585937193e+01
9.779999963378905647e+01
9.719999969482421420e+01
9.760000006103516057e+01
9.560000006103516057e+01
9.300000006103515204e+01
9.239999963378906500e+01
9.740000006103515773e+01
9.640000012207030977e+01
9.260000012207031261e+01
9.560000006103516057e+01
9.839999963378906500e+01
9.279999975585937477e+01
9.740000006103515773e+01
9.619999969482421420e+01
9.719999963378906216e+01
9.579999975585937477e+01
9.759999969482421989e+01
9.679999999999999716e+01
9.679999999999999716e+01
9.059999981689453818e+01
9.579999963378905647e+01
9.680000012207031546e+01
9.759999963378906784e+01
9.859999963378906784e+01
9.740000006103515773e+01
9.620000000000000284e+01
9.879999963378905647e+01
9.839999963378906500e+01
9.660000006103516057e+01
9.259999975585937193e+01
9.639999963378906500e+01
9.800000006103515204e+01
9.759999969482421989e+01
9.339999963378906500e+01
9.659999969482421989e+01
9.519999963378906216e+01
9.619999963378906216e+01
9.700000012207031830e+01
9.759999999999999432e+01
9.079999945068360034e+01
9.700000000000000000e+01
9.539999963378906500e+01
9.780000006103514920e+01
9.400000012207031830e+01
9.839999963378906500e+01
9.879999963378905647e+01
9.519999969482421420e+01
9.439999969482421704e+01
9.659999999999999432e+01
9.700000006103515204e+01
9.639999963378906500e+01
9.459999999999999432e+01
9.799999963378905932e+01
9.779999969482422273e+01
9.520000006103515489e+01
9.279999975585937477e+01
9.759999963378906784e+01
9.499999975585937761e+01
9.759999969482421989e+01
9.700000000000000000e+01
9.559999963378906784e+01
9.779999963378905647e+01
9.559999963378906784e+01
9.580000006103514920e+01
9.239999969482421704e+01
9.759999999999999432e+01
9.680000006103514920e+01
9.719999963378906216e+01
9.639999963378906500e+01
9.779999963378905647e+01
9.539999969482421704e+01
9.780000006103514920e+01
9.739999969482421704e+01
9.759999969482421989e+01
9.779999999999999716e+01
8.939999969482421704e+01
9.759999969482421989e+01
9.880000006103514920e+01
9.540000006103515773e+01
9.559999963378906784e+01
9.759999963378906784e+01
9.820000000000000284e+01
9.840000000000000568e+01
9.779999999999999716e+01
9.640000000000000568e+01
9.840000006103515773e+01
9.640000006103515773e+01
9.600000012207031830e+01
9.620000006103515489e+01
9.679999963378905647e+01
9.739999969482421704e+01
9.679999999999999716e+01
9.579999963378905647e+01
9.279999981689452682e+01
8.899999938964843693e+01
9.340000000000000568e+01
9.800000000000000000e+01
9.479999999999999716e+01
9.599999963378905932e+01
9.739999963378906500e+01
9.839999963378906500e+01
9.820000006103515489e+01
9.679999969482422273e+01
9.719999963378906216e+01
9.879999999999999716e+01
9.579999999999999716e+01
9.740000000000000568e+01
9.320000006103515489e+01
9.540000012207030977e+01
9.300000012207031830e+01
9.759999963378906784e+01
9.579999969482422273e+01
9.659999969482421989e+01
9.799999963378905932e+01
9.499999975585937761e+01
9.679999963378905647e+01
9.560000006103516057e+01
9.420000000000000284e+01
9.760000006103516057e+01
9.560000012207031261e+01
9.599999969482422557e+01
9.859999999999999432e+01
9.399999975585937761e+01
9.620000006103515489e+01
9.259999969482421989e+01
9.220000012207030693e+01
9.759999999999999432e+01
9.699999963378905932e+01
9.540000006103515773e+01
9.800000000000000000e+01
9.559999969482421989e+01
9.759999969482421989e+01
9.719999969482421420e+01
9.640000006103515773e+01
9.620000006103515489e+01
9.239999981689453534e+01
9.699999963378905932e+01
9.280000006103514920e+01
9.559999969482421989e+01
9.740000000000000568e+01
9.859999963378906784e+01
9.580000006103514920e+01
9.480000012207031546e+01
9.620000006103515489e+01
9.219999945068359182e+01
9.600000000000000000e+01
9.379999969482422273e+01
9.139999969482421704e+01
9.560000006103516057e+01
9.820000000000000284e+01
9.759999975585937193e+01
9.740000006103515773e+01
9.639999963378906500e+01
9.699999963378905932e+01
9.740000006103515773e+01
9.839999963378906500e+01
9.719999963378906216e+01
9.859999963378906784e+01
9.859999963378906784e+01
9.060000012207031261e+01
9.540000012207030977e+01
9.219999981689453250e+01
9.600000006103515204e+01
9.600000012207031830e+01
9.780000012207031546e+01
9.420000006103515489e+01
9.659999975585937193e+01
9.720000000000000284e+01
9.299999969482422557e+01
9.860000006103516057e+01
9.779999963378905647e+01
9.800000000000000000e+01
9.640000006103515773e+01
9.600000000000000000e+01
9.799999963378905932e+01
9.659999969482421989e+01
9.600000000000000000e+01
9.560000012207031261e+01
9.460000012207031261e+01
9.740000000000000568e+01
9.780000006103514920e+01
9.840000000000000568e+01
9.779999999999999716e+01
9.720000006103515489e+01
9.599999969482422557e+01
9.779999999999999716e+01
9.719999963378906216e+01
9.779999999999999716e+01
9.640000006103515773e+01
9.519999969482421420e+01
9.640000012207030977e+01
9.700000000000000000e+01
9.800000006103515204e+01
9.479999938964843409e+01
9.359999975585937193e+01
9.659999999999999432e+01
9.679999963378905647e+01
9.419999963378906216e+01
9.479999969482422273e+01
7.999999981689452966e+01
9.540000006103515773e+01
9.459999963378906784e+01
9.139999975585936909e+01
9.700000006103515204e+01
9.520000006103515489e+01
9.660000006103516057e+01
9.619999969482421420e+01
9.439999969482421704e+01
9.520000012207030693e+01
9.659999975585937193e+01
9.799999969482422557e+01
9.700000000000000000e+01
9.619999963378906216e+01
9.640000000000000568e+01
9.819999963378906216e+01
9.560000012207031261e+01
9.599999969482422557e+01
9.759999999999999432e+01
9.359999969482421989e+01
9.779999963378905647e+01
9.739999963378906500e+01
9.600000006103515204e+01
9.759999969482421989e+01
9.579999975585937477e+01
9.499999969482422557e+01
9.500000006103515204e+01
9.700000006103515204e+01
9.839999963378906500e+01
9.480000006103514920e+01
9.559999963378906784e+01
9.740000006103515773e+01
9.639999963378906500e+01
9.719999963378906216e+01
9.619999969482421420e+01
9.319999993896485080e+01
9.640000000000000568e+01
9.839999963378906500e+01
9.699999963378905932e+01
9.179999981689452682e+01
9.519999963378906216e+01
9.599999969482422557e+01
9.019999969482421420e+01
9.799999963378905932e+01
9.620000006103515489e+01
9.139999981689453534e+01
9.379999969482422273e+01
9.259999975585937193e+01
9.839999963378906500e+01
9.660000012207031261e+01
9.420000000000000284e+01
9.420000012207030693e+01
9.719999963378906216e+01
9.420000006103515489e+01
9.539999963378906500e+01
9.259999969482421989e+01
9.720000000000000284e+01
9.640000006103515773e+01
9.800000006103515204e+01
9.479999963378905647e+01
9.779999969482422273e+01
9.479999969482422273e+01
9.540000012207030977e+01
9.779999999999999716e+01
9.220000012207030693e+01
9.520000006103515489e+01
9.720000006103515489e+01
9.639999963378906500e+01
9.579999969482422273e+01
9.700000006103515204e+01
9.699999963378905932e+01
9.640000000000000568e+01
9.559999963378906784e+01
9.580000006103514920e+01
9.839999963378906500e+01
9.540000006103515773e+01
9.739999963378906500e+01
9.799999963378905932e+01
9.620000000000000284e+01
9.800000000000000000e+01
9.660000006103516057e+01
9.700000000000000000e+01
9.619999963378906216e+01
9.640000006103515773e+01
9.800000000000000000e+01
9.600000006103515204e+01
9.740000006103515773e+01
9.760000006103516057e+01
9.840000000000000568e+01
9.800000000000000000e+01
9.679999963378905647e+01
9.619999975585938046e+01
9.680000006103514920e+01
9.739999963378906500e+01
9.840000006103515773e+01
9.740000006103515773e+01
9.719999969482421420e+01
9.820000006103515489e+01
9.780000006103514920e+01
9.760000012207031261e+01
