0.000000000000000000e+00
0.000000000000000000e+00
3.399999994277953963e+00
0.000000000000000000e+00
0.000000000000000000e+00
1.719999998474121128e+01
3.579999981689453392e+01
3.000000007629394450e+00
4.799999999999999822e+00
1.100000001525878979e+01
2.380000000000000071e+01
7.399999977111816563e+00
1.420000001525878908e+01
1.239999997711181656e+01
1.599999994277954141e+00
8.199999994277954229e+00
2.600000000000000089e+00
1.419999989318847611e+01
4.999999994277954052e+00
2.999999988555908104e+00
1.879999992370605355e+01
3.399999977111816563e+00
1.439999992370605497e+01
2.799999988555908370e+00
1.719999992370605568e+01
3.600000007629394538e+00
6.399999946594237876e+00
1.999999994277954052e+00
4.599999988555908637e+00
4.759999984741210710e+01
1.619999998474121128e+01
5.399999946594237876e+00
4.399999988555908459e+00
2.959999978637695150e+01
4.399999977111816563e+00
4.139999972534180017e+01
4.400000000000000355e+00
6.999999994277954052e+00
2.799999994277954318e+00
6.999999946594238409e+00
1.800000000000000044e+00
7.079999999999999716e+01
5.399999988555908459e+00
3.399999994277953963e+00
3.799999994277954318e+00
6.200000007629394183e+00
3.399999994277953963e+00
7.999999977111816207e+00
1.060000000762939365e+01
4.199999988555908281e+00
1.879999986267089795e+01
3.599999994277954141e+00
2.799999994277954318e+00
5.000000007629394894e+00
3.399999999999999911e+00
6.200000007629394183e+00
7.799999977111816030e+00
8.799999954223633125e+00
1.000000000762939401e+01
8.199999977111817273e+00
3.759999975585937193e+01
7.600000007629394538e+00
8.399999977111816563e+00
7.799999988555907926e+00
1.819999999999999929e+01
6.600000007629394538e+00
7.000000007629394894e+00
6.400000007629394361e+00
6.800000007629394716e+00
1.080000000762939472e+01
2.299999986267089724e+01
3.200000007629394627e+00
2.340000003051757815e+01
4.199999946594238587e+00
3.799999994277954318e+00
3.399999994277953963e+00
6.399999994277954407e+00
6.800000007629394716e+00
8.999999946594238409e+00
5.799999946594238232e+00
7.999999994277954052e+00
7.199999946594238587e+00
9.399999946594238764e+00
9.599999977111815852e+00
5.599999988555908637e+00
1.099999989318847682e+01
1.059999997711181585e+01
7.999999988555908104e+00
7.399999946594237876e+00
6.599999988555908637e+00
6.999999988555908104e+00
6.599999988555908637e+00
7.599999954223632948e+00
9.199999994277954229e+00
9.599999977111815852e+00
7.800000007629394716e+00
8.599999946594238054e+00
5.999999988555908104e+00
6.199999988555908281e+00
8.199999946594237699e+00
9.799999994277953874e+00
9.000000015258789787e+00
1.019999997711181727e+01
8.800000015258788721e+00
8.199999946594237699e+00
8.399999954223632770e+00
9.599999946594238054e+00
8.999999977111816207e+00
8.399999946594238764e+00
9.200000007629395071e+00
9.399999988555908459e+00
8.600000015258789432e+00
8.999999977111816207e+00
9.399999977111816563e+00
8.999999977111816207e+00
8.199999977111817273e+00
9.200000015258789077e+00
9.400000007629394361e+00
9.199999923706053906e+00
8.599999988555907748e+00
9.400000015258788366e+00
8.800000015258788721e+00
8.599999977111815852e+00
1.079999994659423912e+01
9.999999977111816207e+00
1.039999998474121057e+01
1.079999998474121092e+01
1.099999994659423841e+01
1.139999994659423876e+01
1.059999994659423805e+01
9.999999994277954940e+00
1.079999998474121092e+01
1.059999994659423805e+01
9.999999946594238409e+00
1.059999994659423805e+01
1.100000001525878979e+01
9.999999893188476818e+00
1.199999994659423841e+01
9.999999984741210213e+00
1.239999998474121057e+01
1.459999998474121163e+01
1.440000001525878837e+01
1.559999998474121163e+01
1.679999986267089795e+01
1.939999992370605497e+01
1.759999993896484227e+01
1.739999989318847540e+01
1.999999992370605639e+01
1.939999994659423876e+01
1.900000001525878801e+01
1.940000003051757815e+01
2.099999992370605639e+01
1.879999986267089795e+01
1.859999995422363384e+01
1.739999989318847540e+01
1.939999999999999858e+01
2.019999989318847611e+01
1.819999986267090009e+01
2.079999998474121270e+01
2.079999986267089795e+01
1.919999986267090009e+01
2.100000000000000000e+01
2.059999992370605426e+01
2.079999993896484511e+01
2.119999989318847611e+01
1.900000001525878801e+01
1.939999986267089938e+01
1.859999992370605426e+01
2.139999995422363455e+01
2.139999986267089938e+01
2.159999986267089866e+01
1.960000000000000142e+01
2.219999999999999929e+01
2.219999999999999929e+01
1.919999986267090009e+01
2.259999989318847824e+01
2.339999986267089938e+01
2.359999989318847824e+01
2.339999999999999858e+01
2.119999989318847611e+01
2.500000000000000000e+01
2.459999989318847824e+01
2.419999989318847611e+01
2.459999978637695150e+01
2.459999996948242185e+01
2.539999996948242256e+01
2.399999996948242043e+01
2.479999989318847753e+01
2.440000003051757815e+01
2.439999995422363455e+01
2.479999984741210994e+01
2.819999993896484369e+01
2.719999996948242327e+01
2.759999987792968668e+01
2.599999993896484440e+01
2.899999993896484440e+01
2.600000003051757957e+01
2.260000003051757744e+01
2.519999999999999929e+01
2.620000003051757886e+01
