0.000000000000000000e+00
5.799999990844726483e+01
0.000000000000000000e+00
0.000000000000000000e+00
3.200000000000000178e+00
0.000000000000000000e+00
1.059999994659423805e+01
3.999999942779540740e-01
2.599999988555908192e+00
4.000000007629394894e+00
5.540000012207030977e+01
5.599999994277953697e+00
5.200000007629394183e+00
3.399999988555908015e+00
1.059999995422363206e+01
1.999999994277954052e+00
6.399999946594237876e+00
1.000000000000000000e+00
3.199999988555908281e+00
1.680000001525878872e+01
8.600000007629393650e+00
3.599999994277954141e+00
7.999999885559081481e-01
6.999999946594238409e+00
2.039999989318847540e+01
1.039999999427795352e+01
5.399999988555908459e+00
1.379999997711181692e+01
3.299999993896484085e+01
1.159999994659423805e+01
5.980000012207031546e+01
8.399999977111816563e+00
6.800000007629394716e+00
3.000000000000000000e+00
9.800000015258788721e+00
3.600000000000000089e+00
6.999999988555908104e+00
5.339999993896484654e+01
1.099999994659423841e+01
1.599999995422363241e+01
1.079999998855590881e+01
1.600000000000000089e+00
7.599999977111816740e+00
2.539999996948242256e+01
9.399999946594238764e+00
1.139999994659423876e+01
4.239999975585937619e+01
1.459999989318847646e+01
6.600000007629394538e+00
6.199999988555908281e+00
7.799999977111816030e+00
2.119999998474121128e+01
1.139999995422363277e+01
1.560000001525878943e+01
2.179999986267089795e+01
7.199999977111816385e+00
1.779999986267089795e+01
6.000000007629394894e+00
1.799999994659423663e+01
1.279999995422363313e+01
8.000000007629394005e+00
4.399999994277954407e+00
1.279999997711181692e+01
9.399999954223632770e+00
1.579999998474121092e+01
1.339999995422363277e+01
1.919999986267090009e+01
8.399999994277953519e+00
1.140000001525878837e+01
8.599999923706054261e+00
1.259999989318847646e+01
1.139999994659423876e+01
7.799999977111816030e+00
1.979999996948242114e+01
1.259999998474121163e+01
8.199999994277954229e+00
6.199999988555908281e+00
9.400000015258788366e+00
9.599999977111815852e+00
5.400000015258789254e+00
4.600000007629394538e+00
7.599999946594238054e+00
8.599999977111815852e+00
1.019999997711181727e+01
1.059999994659423805e+01
7.599999946594238054e+00
1.059999994659423805e+01
9.599999954223632059e+00
1.000000000762939401e+01
1.199999995422363241e+01
1.260000001525878943e+01
1.419999989318847611e+01
1.039999994659423876e+01
8.999999988555908104e+00
9.800000015258788721e+00
9.199999988555907393e+00
9.399999977111816563e+00
1.019999995422363348e+01
9.199999988555907393e+00
1.080000001525878872e+01
1.059999995422363206e+01
1.059999994659423805e+01
9.000000015258789787e+00
9.600000015258789432e+00
9.999999984741210213e+00
1.039999998474121057e+01
1.159999995422363206e+01
8.800000007629394716e+00
9.599999977111815852e+00
1.079999994659423912e+01
9.599999977111815852e+00
9.599999977111815852e+00
9.799999946594239120e+00
1.100000001525878979e+01
1.019999992370605391e+01
1.160000000762939365e+01
8.799999984741210923e+00
9.999999984741210213e+00
9.399999946594238764e+00
8.800000015258788721e+00
9.999999977111816207e+00
1.039999998474121057e+01
1.080000001525878872e+01
1.119999997711181727e+01
1.239999996948242256e+01
1.259999994659423805e+01
1.099999998855590810e+01
1.100000001525878979e+01
1.159999997711181585e+01
8.800000015258788721e+00
1.079999995422363313e+01
1.159999995422363206e+01
1.199999994659423841e+01
1.020000000762939507e+01
1.259999997711181585e+01
1.100000001525878979e+01
1.179999992370605533e+01
1.199999998474121021e+01
1.179999997711181692e+01
1.180000000762939472e+01
1.339999994659423876e+01
1.439999997711181656e+01
1.459999986267089866e+01
1.539999995422363277e+01
1.980000003051757673e+01
1.879999995422363313e+01
2.099999995422363241e+01
2.199999996948242043e+01
2.859999986267089866e+01
2.599999996948242043e+01
2.319999989318847611e+01
2.539999998474121057e+01
2.459999990844726625e+01
2.259999989318847824e+01
2.079999992370605355e+01
2.180000000000000071e+01
2.160000003051757744e+01
2.500000000000000000e+01
2.239999992370605497e+01
2.479999992370605355e+01
2.039999984741210781e+01
2.340000003051757815e+01
2.360000000000000142e+01
1.880000001525878872e+01
2.499999992370605639e+01
2.459999996948242185e+01
2.340000003051757815e+01
2.259999992370605426e+01
2.119999996948242327e+01
2.559999993896484227e+01
2.659999986267089866e+01
2.179999990844726554e+01
2.479999989318847753e+01
2.779999987792968597e+01
2.439999996948242256e+01
2.659999996948242185e+01
2.460000000000000142e+01
2.599999978637695364e+01
2.899999987792968881e+01
2.799999996948242043e+01
2.740000003051757815e+01
2.839999999999999858e+01
2.639999987792968739e+01
2.799999987792968881e+01
2.699999987792968881e+01
2.819999993896484369e+01
2.739999993896484298e+01
2.699999996948242043e+01
2.760000000000000142e+01
2.759999984741211065e+01
3.079999990844726554e+01
2.859999992370605426e+01
2.819999986267090009e+01
2.839999996948242256e+01
2.859999987792968668e+01
3.120000003051757886e+01
2.940000003051757815e+01
2.960000000000000142e+01
2.659999981689453108e+01
2.679999993896484511e+01
