0.000000000000000000e+00
4.699999996948242398e+01
0.000000000000000000e+00
2.000000000000000111e-01
8.000000000000000444e-01
0.000000000000000000e+00
0.000000000000000000e+00
3.620000000000000284e+01
1.819999989318847611e+01
7.399999988555908459e+00
2.799999988555908370e+00
3.200000007629394627e+00
8.799999923706055327e+00
5.999999999999999778e-01
9.599999946594238054e+00
9.999999942779540518e-01
3.999999946594238409e+00
9.999999942779540518e-01
2.999999988555908104e+00
3.999999994277954052e+00
0.000000000000000000e+00
7.799999977111816030e+00
6.599999946594238054e+00
5.999999999999999778e-01
1.339999997711181656e+01
3.600000000000000089e+00
4.800000007629394716e+00
3.399999988555908015e+00
2.000000000000000000e+00
2.799999999999999822e+00
3.199999988555908281e+00
2.600000000000000089e+00
1.159999997711181585e+01
2.399999988555908015e+00
6.399999988555908459e+00
4.199999994277954229e+00
9.999999977111816207e+00
5.399999946594237876e+00
7.200000015258789077e+00
7.999999988555908104e+00
4.800000007629394716e+00
1.799999998474121199e+01
1.000000000000000000e+00
8.999999977111816207e+00
3.399999999999999911e+00
6.199999988555908281e+00
1.719999986267090009e+01
4.599999977111816740e+00
7.599999977111816740e+00
7.599999988555908637e+00
4.800000007629394716e+00
5.600000007629394538e+00
5.400000007629394361e+00
2.000000000000000000e+00
1.060000000762939365e+01
4.799999994277953874e+00
1.600000000000000089e+00
1.999999994277954052e+00
9.999999984741210213e+00
6.000000007629394894e+00
6.400000015258789254e+00
1.060000001525878943e+01
1.179999997711181692e+01
3.559999990844726625e+01
3.200000007629394627e+00
3.979999972534179875e+01
1.339999995422363277e+01
3.599999988555908192e+00
9.599999946594238054e+00
7.599999977111816740e+00
9.199999954223633480e+00
1.060000001525878943e+01
4.799999988555907926e+00
4.199999988555908281e+00
8.199999946594237699e+00
5.399999972534179449e+01
2.999999994277954052e+00
2.399999994277953963e+00
5.799999988555907926e+00
1.060000001525878943e+01
4.399999977111816563e+00
1.379999992370605533e+01
9.800000007629394716e+00
6.400000007629394361e+00
7.999999984741211101e+00
5.199999977111816385e+00
9.199999946594237699e+00
8.999999946594238409e+00
6.799999946594238232e+00
8.399999977111816563e+00
6.599999988555908637e+00
6.799999977111816030e+00
9.199999946594237699e+00
9.399999954223632770e+00
8.800000015258788721e+00
8.199999984741211279e+00
7.799999977111816030e+00
8.199999946594237699e+00
8.799999946594239120e+00
8.399999977111816563e+00
6.400000000000000355e+00
9.199999984741211279e+00
9.199999946594237699e+00
8.399999977111816563e+00
1.399999992370605462e+01
9.799999946594239120e+00
8.799999946594239120e+00
8.999999977111816207e+00
8.399999893188477174e+00
7.799999946594238232e+00
8.600000007629393650e+00
8.999999923706054616e+00
7.799999923706054439e+00
8.999999984741210213e+00
7.799999977111816030e+00
1.019999997711181727e+01
1.259999998855590775e+01
1.199999992370605462e+01
1.299999998474121021e+01
1.399999998474121021e+01
1.120000000762939507e+01
1.779999986267089795e+01
1.879999995422363313e+01
2.619999987792968810e+01
2.219999987792968810e+01
2.019999986267090009e+01
1.780000001525878872e+01
1.779999996948242114e+01
1.879999986267089795e+01
1.979999995422363313e+01
1.879999995422363313e+01
1.739999995422363455e+01
1.839999992370605497e+01
1.819999995422363170e+01
2.159999995422363384e+01
2.039999986267089938e+01
2.199999996948242043e+01
1.939999997711181479e+01
1.719999995422363170e+01
1.959999992370605426e+01
2.020000003051757886e+01
2.099999989318847682e+01
1.919999989318847611e+01
2.119999989318847611e+01
1.959999996948242185e+01
2.119999996948242327e+01
1.899999986267089724e+01
2.019999989318847611e+01
2.119999986267090009e+01
2.019999998474121128e+01
1.939999998474121057e+01
2.359999989318847824e+01
2.300000000000000000e+01
2.219999989318847611e+01
2.140000003051757815e+01
2.380000000000000071e+01
2.539999975585937619e+01
2.419999993896484369e+01
2.439999999999999858e+01
2.279999989318847753e+01
2.420000003051757886e+01
2.099999996948242043e+01
2.140000003051757815e+01
2.360000003051757744e+01
2.460000000000000142e+01
2.579999993896484511e+01
2.099999989318847682e+01
2.480000003051757673e+01
2.459999990844726625e+01
2.280000000000000071e+01
2.459999987792968668e+01
2.559999993896484227e+01
2.539999993896484298e+01
2.439999999999999858e+01
2.399999995422363241e+01
2.259999995422363384e+01
2.299999989318847682e+01
2.479999995422363313e+01
2.279999993896484511e+01
2.480000000000000071e+01
2.619999999999999929e+01
2.579999996948242114e+01
2.399999996948242043e+01
2.299999996948242043e+01
2.319999993896484369e+01
2.319999993896484369e+01
2.460000003051757744e+01
2.339999996948242256e+01
2.639999999999999858e+01
2.459999986267089866e+01
2.639999990844726696e+01
2.299999995422363241e+01
2.619999992370605568e+01
2.480000000000000071e+01
2.260000000000000142e+01
2.040000003051757815e+01
2.360000000000000142e+01
1.979999997711181692e+01
2.419999996948242327e+01
2.599999984741210923e+01
