0.000000000000000000e+00
1.800000001525878801e+01
1.000000000000000000e+00
5.200000000000000178e+00
4.000000000000000222e-01
0.000000000000000000e+00
0.000000000000000000e+00
0.000000000000000000e+00
0.000000000000000000e+00
2.999999988555908104e+00
2.000000000000000000e+00
2.239999992370605497e+01
3.479999981689453392e+01
2.200000000000000178e+00
2.999999994277954052e+00
1.699999992370605639e+01
2.379999990844726554e+01
1.519999995422363348e+01
7.400000015258789254e+00
6.599999977111816740e+00
9.400000015258788366e+00
3.599999988555908192e+00
1.579999995422363313e+01
0.000000000000000000e+00
2.399999988555908015e+00
8.999999988555908104e+00
1.179999997711181692e+01
1.419999998474121128e+01
4.800000015258788721e+00
2.380000000000000071e+01
6.799999988555907926e+00
8.799999954223633125e+00
1.080000001525878872e+01
6.000000007629394894e+00
5.599999977111816740e+00
1.000000000000000000e+00
2.999999988555908104e+00
4.199999977111816385e+00
6.400000015258789254e+00
1.439999986267089760e+01
2.799999988555908370e+00
3.979999978637695079e+01
5.999999977111816207e+00
5.600000007629394538e+00
5.000000007629394894e+00
1.199999999999999956e+00
7.599999977111816740e+00
1.139999997711181656e+01
1.000000001525878979e+01
1.460000003051757744e+01
2.999999994277954052e+00
9.599999946594238054e+00
7.199999988555908281e+00
2.999999975585937406e+01
4.600000007629394538e+00
5.199999977111816385e+00
9.799999984741210923e+00
1.600000003051757957e+01
1.679999992370605355e+01
1.259999997711181585e+01
1.219999989318847611e+01
1.659999996948242185e+01
1.180000001525878872e+01
7.399999977111816563e+00
9.799999946594239120e+00
4.919999969482422131e+01
4.540000003051757460e+01
6.400000007629394361e+00
1.519999995422363348e+01
3.179999990844726554e+01
6.099999990844726483e+01
3.999999988555908104e+00
1.079999995422363313e+01
9.600000007629393650e+00
8.599999988555907748e+00
1.579999992370605533e+01
7.999999984741211101e+00
1.199999989318847682e+01
1.160000001525878943e+01
4.579999972534179875e+01
1.399999998474121021e+01
6.000000007629394894e+00
9.399999984741210568e+00
9.999999988555908104e+00
1.059999997711181585e+01
9.199999984741211279e+00
9.599999923706054261e+00
1.019999994659423770e+01
9.799999923706055327e+00
8.999999946594238409e+00
9.800000007629394716e+00
1.019999997711181727e+01
9.799999977111816918e+00
9.400000015258788366e+00
1.059999997711181585e+01
1.119999994659423770e+01
1.320000001525878908e+01
1.039999995422363277e+01
9.600000015258789432e+00
1.260000000762939365e+01
1.200000001525878979e+01
1.319999995422363348e+01
1.260000001525878943e+01
1.199999997711181621e+01
1.259999995422363206e+01
1.400000001525878979e+01
1.260000001525878943e+01
1.419999997711181727e+01
1.240000001525878837e+01
1.359999997711181585e+01
1.319999989318847611e+01
1.219999994659423770e+01
1.260000001525878943e+01
1.200000001525878979e+01
1.399999998474121021e+01
1.359999994659423805e+01
1.239999994659423876e+01
1.499999992370605462e+01
1.620000001525878730e+01
1.659999992370605426e+01
1.659999998474120986e+01
2.039999995422363455e+01
1.959999995422363384e+01
1.880000001525878872e+01
1.699999989318847682e+01
1.780000000000000071e+01
2.079999995422363313e+01
2.159999992370605426e+01
2.059999997711181763e+01
2.060000000000000142e+01
2.159999996948242185e+01
2.219999993896484369e+01
2.379999989318847753e+01
2.260000000000000142e+01
2.399999987792968881e+01
2.059999990844726625e+01
2.340000003051757815e+01
2.619999989318847611e+01
2.439999981689453179e+01
2.360000003051757744e+01
2.539999992370605497e+01
2.599999978637695364e+01
2.739999986267089938e+01
2.559999987792968668e+01
2.659999989318847824e+01
2.519999998474121128e+01
2.560000000000000142e+01
2.519999986267090009e+01
2.800000003051757957e+01
2.859999987792968668e+01
2.599999981689452966e+01
2.779999996948242114e+01
2.739999992370605497e+01
2.839999996948242256e+01
2.679999990844726554e+01
2.639999987792968739e+01
2.859999986267089866e+01
2.799999993896484440e+01
2.800000003051757957e+01
2.599999986267089724e+01
2.780000000000000071e+01
2.879999984741210994e+01
2.959999987792968668e+01
2.880000000000000071e+01
2.839999987792968739e+01
2.899999987792968881e+01
2.860000000000000142e+01
2.839999999999999858e+01
3.059999989318847824e+01
3.020000001525878730e+01
2.879999993896484511e+01
2.999999984741210923e+01
2.999999993896484440e+01
2.899999984741210923e+01
2.959999996948242185e+01
3.039999984741210781e+01
2.799999993896484440e+01
2.959999978637695150e+01
3.059999996948242185e+01
2.779999993896484511e+01
2.939999990844726696e+01
2.879999986267089795e+01
2.679999990844726554e+01
3.000000000000000000e+01
2.879999975585937477e+01
2.479999996948242114e+01
2.799999986267089724e+01
2.879999989318847753e+01
2.899999996948242043e+01
2.899999986267089724e+01
3.019999990844726412e+01
2.739999995422363455e+01
3.039999969482421704e+01
2.860000000000000142e+01
3.039999975585937619e+01
2.639999999999999858e+01
2.999999987792968881e+01
2.939999975585937619e+01
2.839999992370605497e+01
2.999999993896484440e+01
