0.000000000000000000e+00
0.000000000000000000e+00
0.000000000000000000e+00
0.000000000000000000e+00
0.000000000000000000e+00
0.000000000000000000e+00
0.000000000000000000e+00
2.000000000000000111e-01
5.799999978637695364e+01
3.999999977111816207e+00
5.199999994277954229e+00
2.199999994277954229e+00
3.199999988555908281e+00
5.999999885559081925e-01
2.000000000000000111e-01
5.999999999999999778e-01
1.699999989318847682e+01
1.600000000000000089e+00
1.119999997711181727e+01
1.799999988555908148e+00
4.999999977111816207e+00
7.799999946594238232e+00
2.599999994277954141e+00
6.599999994277953697e+00
6.199999988555908281e+00
7.599999977111816740e+00
3.399999999999999911e+00
4.199999988555908281e+00
2.000000000000000111e-01
1.100000001525878979e+01
1.079999992370605533e+01
1.399999988555908237e+00
5.999999977111816207e+00
1.639999994659423876e+01
1.420000003051757886e+01
1.999999989318847682e+01
1.359999992370605426e+01
4.199999994277954229e+00
4.940000003051757460e+01
4.199999946594238587e+00
7.200000015258789077e+00
8.200000007629395071e+00
4.599999977111816740e+00
1.579999990844726554e+01
5.999999977111816207e+00
7.999999988555908104e+00
5.859999996948242540e+01
5.819999993896484369e+01
3.800000007629394716e+00
8.000000000000000444e-01
1.679999989318847753e+01
4.200000007629394183e+00
4.400000007629394361e+00
1.359999998474121163e+01
5.579999993896484511e+01
5.799999994277953874e+00
5.599999988555908637e+00
6.599999994277953697e+00
1.819999994659423947e+01
1.239999998474121057e+01
2.859999993896484227e+01
1.099999992370605462e+01
2.760000003051757744e+01
6.600000007629394538e+00
9.999999946594238409e+00
1.140000000762939436e+01
6.799999946594238232e+00
1.679999989318847753e+01
7.199999954223632592e+00
9.000000007629394005e+00
6.399999977111816563e+00
7.800000015258788721e+00
8.800000015258788721e+00
9.799999984741210923e+00
3.760000006103515346e+01
7.800000015258788721e+00
1.000000001525878979e+01
8.999999954223632415e+00
1.199999992370605462e+01
8.400000007629394361e+00
1.000000000762939401e+01
2.200000000000000178e+00
9.400000007629394361e+00
9.399999946594238764e+00
1.019999995422363348e+01
9.999999946594238409e+00
9.999999988555908104e+00
9.399999977111816563e+00
9.599999946594238054e+00
8.799999946594239120e+00
1.039999997711181656e+01
9.999999988555908104e+00
9.599999977111815852e+00
9.599999946594238054e+00
1.040000001525878837e+01
1.019999998474121128e+01
9.399999977111816563e+00
1.019999999427795423e+01
9.999999977111816207e+00
1.159999998855590775e+01
1.019999994659423770e+01
9.199999977111817273e+00
9.799999984741210923e+00
1.059999998855590775e+01
1.139999995422363277e+01
9.599999994277954585e+00
1.019999997711181727e+01
1.019999997711181727e+01
1.059999998474121163e+01
9.400000007629394361e+00
1.119999997711181727e+01
1.079999986267089795e+01
1.039999992370605497e+01
1.159999998474121163e+01
9.400000015258788366e+00
1.039999995422363277e+01
1.159999998474121163e+01
1.079999994659423912e+01
1.099999997711181621e+01
1.419999998474121128e+01
1.319999995422363348e+01
1.199999995422363241e+01
1.539999994659423876e+01
1.719999992370605568e+01
1.739999992370605497e+01
1.699999994659423663e+01
1.639999995422363455e+01
1.679999995422363313e+01
1.900000003051757957e+01
1.879999996948242114e+01
1.839999995422363455e+01
1.919999989318847611e+01
1.959999995422363384e+01
2.020000001525878730e+01
1.899999995422363241e+01
1.979999986267089795e+01
2.019999989318847611e+01
1.959999989318847824e+01
2.219999998474121128e+01
2.160000003051757744e+01
1.900000003051757957e+01
1.899999989318847682e+01
2.159999986267089866e+01
2.139999993896484298e+01
2.119999989318847611e+01
2.139999989318847540e+01
2.160000003051757744e+01
2.299999992370605639e+01
2.299999992370605639e+01
2.239999992370605497e+01
2.239999987792968739e+01
2.380000003051757673e+01
2.079999986267089795e+01
2.359999989318847824e+01
2.460000000000000142e+01
2.319999989318847611e+01
2.340000003051757815e+01
2.319999989318847611e+01
2.599999986267089724e+01
2.579999989318847753e+01
2.239999986267089938e+01
2.520000003051757886e+01
2.479999993896484511e+01
2.379999989318847753e+01
2.639999990844726696e+01
2.559999996948242185e+01
2.639999992370605497e+01
2.379999986267089795e+01
2.699999993896484440e+01
2.459999990844726625e+01
2.659999981689453108e+01
2.419999992370605568e+01
2.399999994659423663e+01
2.600000003051757957e+01
2.499999995422363241e+01
2.599999990844726483e+01
2.680000000000000071e+01
2.379999996948242114e+01
2.499999989318847682e+01
2.679999987792968597e+01
2.519999995422363170e+01
2.719999987792968810e+01
2.379999993896484511e+01
2.239999998474121057e+01
2.559999996948242185e+01
2.600000000000000000e+01
2.560000000000000142e+01
2.639999999999999858e+01
2.579999986267089795e+01
2.639999984741210781e+01
2.460000000000000142e+01
2.459999990844726625e+01
2.539999999999999858e+01
2.639999990844726696e+01
2.360000003051757744e+01
2.499999987792968881e+01
2.379999986267089795e+01
2.479999984741210994e+01
2.599999995422363241e+01
2.740000003051757815e+01
