0.000000000000000000e+00
2.179999989318847753e+01
1.999999942779540907e-01
2.000000000000000111e-01
9.000000015258789787e+00
4.399999988555908459e+00
4.799999999999999822e+00
1.119999995422363348e+01
1.999999995422363241e+01
2.539999992370605497e+01
5.399999977111816563e+00
7.399999977111816563e+00
5.339999987792968739e+01
4.799999988555907926e+00
2.000000000000000111e-01
1.000000000000000000e+00
4.259999978637695506e+01
7.400000007629394361e+00
6.399999946594237876e+00
3.799999977111816474e+00
3.679999984741210994e+01
4.599999988555908637e+00
9.799999984741210923e+00
1.199999999999999956e+00
2.999999988555908104e+00
3.799999994277954318e+00
5.560000000000000142e+01
4.400000007629394361e+00
4.599999988555908637e+00
9.999999885559082147e-01
1.159999998474121163e+01
1.139999997711181656e+01
3.639999981689452824e+01
4.999999984741211101e+00
2.200000000000000178e+00
9.800000007629394716e+00
9.000000015258789787e+00
7.799999994277953874e+00
7.999999994277954052e+00
9.200000015258789077e+00
6.800000015258788721e+00
1.299999992370605462e+01
1.159999997711181585e+01
7.199999946594238587e+00
9.799999988555908814e+00
5.200000007629394183e+00
6.200000007629394183e+00
1.140000001525878837e+01
1.140000000762939436e+01
7.200000007629394183e+00
7.999999984741211101e+00
9.599999977111815852e+00
1.799999992370605639e+01
1.020000000762939507e+01
1.159999998474121163e+01
7.999999984741211101e+00
7.799999977111816030e+00
7.199999988555908281e+00
9.599999954223632059e+00
4.999999988555908104e+00
1.159999994659423805e+01
5.799999954223633125e+00
8.200000007629395071e+00
9.399999984741210568e+00
7.000000007629394894e+00
2.139999995422363455e+01
8.199999954223633480e+00
7.599999946594238054e+00
1.240000001525878837e+01
1.339999997711181656e+01
2.399999994277953963e+00
7.599999946594238054e+00
2.459999992370605426e+01
6.799999984741210923e+00
1.299999994659423841e+01
2.499999984741210923e+01
8.399999988555908459e+00
1.039999997711181656e+01
7.999999988555908104e+00
1.019999994659423770e+01
3.779999975585937477e+01
6.400000007629394361e+00
9.999999946594238409e+00
9.800000015258788721e+00
8.600000015258789432e+00
9.199999988555907393e+00
9.600000015258789432e+00
9.399999946594238764e+00
8.400000015258788366e+00
9.199999946594237699e+00
1.020000000762939507e+01
9.399999984741210568e+00
8.999999988555908104e+00
9.399999977111816563e+00
9.399999954223632770e+00
9.199999988555907393e+00
8.799999946594239120e+00
9.400000015258788366e+00
9.199999946594237699e+00
9.199999977111817273e+00
9.400000007629394361e+00
1.060000001525878943e+01
1.039999998855590846e+01
9.399999994277953519e+00
9.800000007629394716e+00
9.600000007629393650e+00
9.599999977111815852e+00
9.600000007629393650e+00
9.000000015258789787e+00
9.799999977111816918e+00
1.019999999427795423e+01
9.399999988555908459e+00
9.200000007629395071e+00
1.020000000762939507e+01
1.020000001525878908e+01
8.999999923706054616e+00
8.800000007629394716e+00
8.999999954223632415e+00
9.199999954223633480e+00
1.179999995422363313e+01
9.799999946594239120e+00
9.799999893188475752e+00
9.000000015258789787e+00
9.799999946594239120e+00
9.199999988555907393e+00
9.199999977111817273e+00
9.200000015258789077e+00
9.599999977111815852e+00
8.999999984741210213e+00
9.199999984741211279e+00
8.799999988555908814e+00
9.599999988555907748e+00
9.399999988555908459e+00
9.199999984741211279e+00
9.599999923706054261e+00
9.199999923706053906e+00
9.599999946594238054e+00
9.199999984741211279e+00
8.999999946594238409e+00
8.999999893188476818e+00
9.399999946594238764e+00
8.999999977111816207e+00
9.199999977111817273e+00
9.000000007629394005e+00
8.999999984741210213e+00
9.399999977111816563e+00
9.399999946594238764e+00
9.199999977111817273e+00
9.400000007629394361e+00
9.999999994277954940e+00
9.199999977111817273e+00
9.399999988555908459e+00
9.199999994277954229e+00
8.799999954223633125e+00
9.200000015258789077e+00
9.399999862670897599e+00
8.999999946594238409e+00
9.199999994277954229e+00
9.199999946594237699e+00
8.999999946594238409e+00
9.399999988555908459e+00
8.999999984741210213e+00
9.599999946594238054e+00
8.799999988555908814e+00
8.799999988555908814e+00
9.399999977111816563e+00
8.999999923706054616e+00
9.399999984741210568e+00
9.199999946594237699e+00
9.000000000000000000e+00
8.799999988555908814e+00
8.799999977111816918e+00
8.999999977111816207e+00
9.000000007629394005e+00
9.400000007629394361e+00
9.000000015258789787e+00
8.799999984741210923e+00
9.599999946594238054e+00
9.199999994277954229e+00
9.200000015258789077e+00
9.200000015258789077e+00
8.999999923706054616e+00
9.399999946594238764e+00
9.600000015258789432e+00
9.199999988555907393e+00
9.599999988555907748e+00
9.799999946594239120e+00
9.399999977111816563e+00
9.199999946594237699e+00
9.399999977111816563e+00
9.199999923706053906e+00
9.400000007629394361e+00
8.799999946594239120e+00
9.199999977111817273e+00
9.599999977111815852e+00
9.400000007629394361e+00
9.799999946594239120e+00
8.999999946594238409e+00
8.999999946594238409e+00
9.400000015258788366e+00
