0.000000000000000000e+00
1.139999995422363277e+01
0.000000000000000000e+00
4.400000000000000355e+00
3.999999977111816207e+00
3.219999993896484369e+01
3.399999994277953963e+00
4.680000003051758029e+01
3.799999977111816474e+00
1.619999989318847611e+01
1.599999994277954141e+00
7.400000007629394361e+00
1.399999994277954185e+00
4.999999988555908104e+00
1.759999994659423805e+01
5.399999984741210568e+00
3.999999988555908104e+00
8.599999946594238054e+00
1.040000000762939436e+01
9.399999984741210568e+00
5.399999977111816563e+00
6.939999969482421704e+01
1.000000000000000000e+00
2.719999984741210852e+01
1.020000001525878908e+01
6.599999946594238054e+00
5.600000007629394538e+00
1.799999994277954096e+00
1.800000000000000044e+00
4.000000000000000222e-01
3.600000000000000089e+00
8.000000000000000444e-01
4.799999988555907926e+00
2.799999999999999822e+00
4.800000007629394716e+00
6.599999988555908637e+00
1.160000001525878943e+01
8.600000007629393650e+00
6.199999977111816385e+00
8.999999954223632415e+00
1.299999998474121021e+01
5.199999977111816385e+00
5.199999977111816385e+00
8.399999994277953519e+00
2.400000007629394361e+00
8.599999988555907748e+00
7.399999946594237876e+00
5.599999978637695364e+01
3.799999994277954318e+00
6.799999988555907926e+00
1.579999995422363313e+01
6.400000015258789254e+00
1.700000001525878801e+01
9.200000015258789077e+00
8.000000007629394005e+00
1.119999992370605391e+01
1.159999998474121163e+01
5.559999996948242540e+01
9.600000015258789432e+00
7.599999984741210746e+00
2.599999988555908192e+00
1.200000001525878979e+01
1.179999994659423912e+01
9.199999977111817273e+00
1.439999994659423876e+01
9.199999988555907393e+00
5.600000015258789432e+00
8.999999977111816207e+00
4.199999994277954229e+00
8.599999946594238054e+00
5.600000007629394538e+00
1.020000000762939507e+01
8.000000000000000444e-01
8.999999946594238409e+00
2.200000000000000178e+00
1.119999994659423770e+01
6.600000007629394538e+00
9.599999946594238054e+00
1.039999998855590846e+01
9.599999988555907748e+00
4.000000000000000000e+00
0.000000000000000000e+00
1.039999994659423876e+01
1.120000001525878908e+01
1.079999994659423912e+01
1.179999997711181692e+01
1.060000001525878943e+01
1.039999997711181656e+01
1.079999998474121092e+01
1.060000001525878943e+01
1.099999994659423841e+01
1.119999995422363348e+01
1.079999997711181692e+01
1.199999994659423841e+01
9.800000007629394716e+00
1.080000001525878872e+01
1.219999998474121128e+01
1.080000001525878872e+01
1.160000001525878943e+01
1.159999994659423805e+01
1.159999995422363206e+01
9.999999988555908104e+00
1.219999994659423770e+01
1.159999992370605426e+01
1.140000000762939436e+01
1.139999998474121057e+01
1.099999994659423841e+01
1.119999994659423770e+01
1.139999998474121057e+01
1.139999994659423876e+01
1.100000000762939401e+01
1.120000000762939507e+01
1.139999992370605497e+01
1.059999997711181585e+01
1.100000001525878979e+01
1.140000000762939436e+01
1.119999994659423770e+01
1.119999994659423770e+01
1.119999994659423770e+01
1.079999997711181692e+01
1.159999992370605426e+01
1.139999998474121057e+01
1.120000001525878908e+01
1.179999992370605533e+01
1.179999992370605533e+01
1.059999997711181585e+01
1.159999994659423805e+01
1.059999997711181585e+01
1.139999992370605497e+01
1.160000000762939365e+01
1.099999994659423841e+01
1.180000001525878872e+01
1.020000000762939507e+01
1.099999997711181621e+01
1.099999998855590810e+01
1.140000001525878837e+01
1.120000000762939507e+01
1.119999997711181727e+01
1.099999994659423841e+01
1.159999998474121163e+01
1.099999997711181621e+01
1.119999992370605391e+01
1.159999992370605426e+01
1.119999998474121128e+01
1.080000000762939472e+01
1.120000001525878908e+01
1.119999995422363348e+01
1.199999994659423841e+01
1.160000001525878943e+01
1.119999998474121128e+01
1.139999998855590846e+01
1.140000001525878837e+01
1.079999994659423912e+01
1.140000001525878837e+01
1.120000001525878908e+01
1.099999994659423841e+01
1.139999992370605497e+01
1.099999995422363241e+01
1.160000000762939365e+01
1.020000001525878908e+01
1.139999995422363277e+01
1.119999998474121128e+01
1.159999994659423805e+01
1.159999998474121163e+01
1.139999994659423876e+01
1.020000001525878908e+01
1.139999997711181656e+01
1.219999995422363348e+01
1.159999989318847646e+01
1.140000001525878837e+01
1.139999999427795352e+01
1.179999995422363313e+01
1.139999998474121057e+01
1.120000001525878908e+01
1.099999997711181621e+01
1.199999989318847682e+01
1.139999994659423876e+01
1.120000000762939507e+01
1.139999997711181656e+01
1.179999998474121092e+01
1.099999998474121021e+01
1.159999994659423805e+01
1.039999994659423876e+01
1.139999994659423876e+01
1.179999998474121092e+01
1.140000000762939436e+01
1.139999997711181656e+01
1.139999997711181656e+01
1.099999994659423841e+01
1.159999995422363206e+01
1.160000001525878943e+01
1.220000001525878908e+01
1.059999997711181585e+01
1.160000001525878943e+01
1.139999994659423876e+01
1.140000001525878837e+01
1.159999995422363206e+01
1.159999999999999964e+01
1.199999998474121021e+01
1.140000001525878837e+01
