0.000000000000000000e+00
0.000000000000000000e+00
0.000000000000000000e+00
5.259999978637695506e+01
2.000000000000000111e-01
1.239999994659423876e+01
2.000000000000000111e-01
3.999999942779540740e-01
0.000000000000000000e+00
2.600000000000000089e+00
2.399999988555908015e+00
4.219999993896484369e+01
6.599999946594238054e+00
3.199999988555908281e+00
6.999999946594238409e+00
7.400000007629394361e+00
3.199999994277954229e+00
4.599999946594238054e+00
2.000000000000000111e-01
7.400000015258789254e+00
3.199999994277954229e+00
3.600000007629394538e+00
9.599999977111815852e+00
5.799999988555907926e+00
1.999999994277954052e+00
1.079999997711181692e+01
7.800000007629394716e+00
5.999999988555908104e+00
5.599999977111816740e+00
5.999999977111816207e+00
1.599999998474121021e+01
4.239999981689452824e+01
9.999999977111816207e+00
1.099999995422363241e+01
9.199999994277954229e+00
7.799999977111816030e+00
2.119999989318847611e+01
9.199999984741211279e+00
1.100000001525878979e+01
1.080000000762939472e+01
8.000000007629394005e+00
7.800000007629394716e+00
6.999999988555908104e+00
7.200000015258789077e+00
7.799999946594238232e+00
1.059999994659423805e+01
7.399999946594237876e+00
9.400000015258788366e+00
8.199999946594237699e+00
7.599999946594238054e+00
4.199999988555908281e+00
5.599999984741210746e+00
1.040000000762939436e+01
1.439999995422363277e+01
1.119999994659423770e+01
9.399999977111816563e+00
8.999999954223632415e+00
8.999999977111816207e+00
8.599999946594238054e+00
1.780000001525878872e+01
1.939999999999999858e+01
1.319999995422363348e+01
1.019999998474121128e+01
8.000000000000000444e-01
9.999999942779540518e-01
1.719999995422363170e+01
1.100000001525878979e+01
1.060000001525878943e+01
8.799999977111816918e+00
1.759999992370605426e+01
1.259999997711181585e+01
9.999999954223632415e+00
1.299999994659423841e+01
1.019999986267089831e+01
7.399999988555908459e+00
4.499999972534179449e+01
8.199999923706053906e+00
1.119999994659423770e+01
3.219999978637695648e+01
7.600000007629394538e+00
6.800000015258788721e+00
1.299999995422363241e+01
1.159999994659423805e+01
9.799999946594239120e+00
1.179999995422363313e+01
1.179999995422363313e+01
1.199999998474121021e+01
1.239999994659423876e+01
1.219999998855590739e+01
1.179999986267089795e+01
1.220000001525878908e+01
1.159999989318847646e+01
1.099999998474121021e+01
1.139999998474121057e+01
1.260000000762939365e+01
1.179999994659423912e+01
8.399999988555908459e+00
1.239999994659423876e+01
1.239999995422363277e+01
1.219999993896484369e+01
1.160000001525878943e+01
1.200000001525878979e+01
1.279999998474121092e+01
1.000000000762939401e+01
1.299999992370605462e+01
1.339999992370605497e+01
1.139999997711181656e+01
1.239999995422363277e+01
1.259999997711181585e+01
1.099999994659423841e+01
1.359999998474121163e+01
1.119999986267089831e+01
1.219999994659423770e+01
1.220000001525878908e+01
1.119999994659423770e+01
1.359999992370605426e+01
1.459999989318847646e+01
1.100000001525878979e+01
1.340000000762939436e+01
1.320000000762939507e+01
1.119999997711181727e+01
1.300000001525878979e+01
1.080000001525878872e+01
1.279999994659423912e+01
1.159999997711181585e+01
1.200000001525878979e+01
1.339999997711181656e+01
1.240000000762939436e+01
1.159999992370605426e+01
1.399999995422363241e+01
1.259999989318847646e+01
1.259999997711181585e+01
1.259999998474121163e+01
1.239999998855590846e+01
1.280000003051757851e+01
9.799999946594239120e+00
1.259999997711181585e+01
1.259999992370605426e+01
1.359999998474121163e+01
1.219999994659423770e+01
1.279999992370605533e+01
1.299999998474121021e+01
1.279999995422363313e+01
1.139999998855590846e+01
1.280000001525878872e+01
1.200000001525878979e+01
1.100000001525878979e+01
1.239999989318847717e+01
1.060000000762939365e+01
1.259999992370605426e+01
1.199999998855590810e+01
1.139999998855590846e+01
1.180000003051757851e+01
1.199999994659423841e+01
1.359999992370605426e+01
1.139999995422363277e+01
1.239999989318847717e+01
1.239999995422363277e+01
1.079999992370605533e+01
1.120000001525878908e+01
1.200000000762939401e+01
1.219999998474121128e+01
1.219999998474121128e+01
1.220000000762939507e+01
1.259999997711181585e+01
1.319999998474121128e+01
1.239999989318847717e+01
1.199999994659423841e+01
1.340000000762939436e+01
1.100000001525878979e+01
1.159999998474121163e+01
1.279999998474121092e+01
1.259999999427795458e+01
1.199999994659423841e+01
1.219999994659423770e+01
1.359999994659423805e+01
1.140000001525878837e+01
1.239999998474121057e+01
1.259999989318847646e+01
1.020000001525878908e+01
1.259999994659423805e+01
1.260000001525878943e+01
1.279999998855590881e+01
1.180000001525878872e+01
1.220000000762939507e+01
1.099999997711181621e+01
1.279999995422363313e+01
1.219999997711181727e+01
1.340000001525878837e+01
1.159999997711181585e+01
1.139999997711181656e+01
1.340000001525878837e+01
1.199999998474121021e+01
1.099999992370605462e+01
1.199999995422363241e+01
1.199999992370605462e+01
1.239999997711181656e+01
1.319999992370605391e+01
1.219999992370605391e+01
1.260000001525878943e+01
