4.899999975585937761e+01
0.000000000000000000e+00
1.679999995422363313e+01
3.599999981689452966e+01
1.000000000000000000e+00
3.199999988555908281e+00
2.199999994277954229e+00
4.000000000000000222e-01
2.479999989318847753e+01
9.999999942779540518e-01
6.200000007629394183e+00
9.999999942779540518e-01
8.199999988555907393e+00
2.600000007629394538e+00
1.139999994659423876e+01
3.200000000000000178e+00
4.599999977111816740e+00
1.600000000000000089e+00
1.119999998855590739e+01
1.259999989318847646e+01
3.379999981689453392e+01
1.619999998474121128e+01
4.599999988555908637e+00
1.580000001525878872e+01
2.000000000000000111e-01
1.019999998474121128e+01
1.499999995422363241e+01
2.639999978637695222e+01
5.600000007629394538e+00
9.600000015258789432e+00
5.799999994277953874e+00
5.579999999999999716e+01
3.600000007629394538e+00
1.999999994277954052e+00
8.399999988555908459e+00
2.659999984741211065e+01
1.019999994659423770e+01
2.799999994277954318e+00
4.199999988555908281e+00
3.400000007629394361e+00
7.999999977111816207e+00
2.879999984741210994e+01
3.400000007629394361e+00
9.599999988555907748e+00
4.399999988555908459e+00
2.600000000000000089e+00
9.599999977111815852e+00
1.340000001525878837e+01
7.599999994277953697e+00
1.299999986267089902e+01
8.399999988555908459e+00
2.579999993896484511e+01
1.019999994659423770e+01
4.799999988555907926e+00
2.559999996948242185e+01
5.600000015258789432e+00
5.000000000000000000e+00
2.000000000000000111e-01
4.999999994277954052e+00
1.199999998474121021e+01
5.800000007629394716e+00
2.999999988555908104e+00
1.599999994277954141e+00
9.199999988555907393e+00
9.800000007629394716e+00
1.239999994659423876e+01
3.799999999999999822e+00
4.600000007629394538e+00
4.800000007629394716e+00
1.199999998474121021e+01
5.200000007629394183e+00
6.799999977111816030e+00
3.600000007629394538e+00
3.999999988555908104e+00
5.600000007629394538e+00
8.400000007629394361e+00
6.799999999999999822e+00
3.400000007629394361e+00
1.100000001525878979e+01
6.599999988555908637e+00
5.000000007629394894e+00
3.600000007629394538e+00
6.599999946594238054e+00
7.199999977111816385e+00
7.999999946594238409e+00
6.999999977111816207e+00
7.599999988555908637e+00
7.600000007629394538e+00
7.399999946594237876e+00
7.400000007629394361e+00
6.999999946594238409e+00
8.999999984741210213e+00
7.599999977111816740e+00
7.599999994277953697e+00
7.799999946594238232e+00
7.599999946594238054e+00
6.999999977111816207e+00
7.400000015258789254e+00
7.600000007629394538e+00
8.599999984741211634e+00
8.000000007629394005e+00
8.799999977111816918e+00
7.999999988555908104e+00
7.599999977111816740e+00
7.199999946594238587e+00
7.600000007629394538e+00
8.399999977111816563e+00
7.999999946594238409e+00
8.199999977111817273e+00
8.199999977111817273e+00
8.600000007629393650e+00
7.199999977111816385e+00
7.599999999999999645e+00
8.000000015258789787e+00
8.399999977111816563e+00
8.199999946594237699e+00
8.999999984741210213e+00
8.600000015258789432e+00
7.600000015258789432e+00
7.799999954223633125e+00
7.999999977111816207e+00
6.400000007629394361e+00
9.000000007629394005e+00
8.400000015258788366e+00
8.199999946594237699e+00
7.600000015258789432e+00
8.800000007629394716e+00
8.800000015258788721e+00
7.399999977111816563e+00
7.799999977111816030e+00
8.200000015258789077e+00
8.400000007629394361e+00
8.199999988555907393e+00
7.399999988555908459e+00
8.199999994277954229e+00
8.200000007629395071e+00
7.599999977111816740e+00
8.400000007629394361e+00
7.399999977111816563e+00
7.400000015258789254e+00
8.800000007629394716e+00
7.799999988555907926e+00
8.000000015258789787e+00
7.000000007629394894e+00
7.999999977111816207e+00
8.799999946594239120e+00
8.800000015258788721e+00
8.199999977111817273e+00
7.600000007629394538e+00
8.600000007629393650e+00
8.600000015258789432e+00
8.399999977111816563e+00
8.199999954223633480e+00
7.199999988555908281e+00
7.799999994277953874e+00
8.000000007629394005e+00
7.399999988555908459e+00
7.599999988555908637e+00
8.200000015258789077e+00
8.599999984741211634e+00
8.200000007629395071e+00
7.799999994277953874e+00
7.799999984741210923e+00
8.199999988555907393e+00
7.799999946594238232e+00
7.799999994277953874e+00
7.800000015258788721e+00
7.999999946594238409e+00
6.399999988555908459e+00
7.000000007629394894e+00
7.800000007629394716e+00
8.599999999999999645e+00
8.199999977111817273e+00
8.200000007629395071e+00
8.200000015258789077e+00
7.999999954223632415e+00
8.799999954223633125e+00
8.399999988555908459e+00
8.399999988555908459e+00
7.799999977111816030e+00
7.999999946594238409e+00
9.000000007629394005e+00
7.799999977111816030e+00
7.199999946594238587e+00
8.599999977111815852e+00
7.599999977111816740e+00
7.600000007629394538e+00
8.199999893188476108e+00
7.999999984741211101e+00
7.600000007629394538e+00
7.800000015258788721e+00
8.199999977111817273e+00
7.400000015258789254e+00
8.199999977111817273e+00
7.400000015258789254e+00
8.399999988555908459e+00
8.000000007629394005e+00
8.800000007629394716e+00
9.199999954223633480e+00
7.800000007629394716e+00
