2.000000000000000111e-01
0.000000000000000000e+00
4.640000003051757460e+01
3.999999942779540740e-01
2.000000000000000111e-01
8.000000000000000444e-01
5.799999988555907926e+00
1.199999994277954007e+00
7.999999942779540962e-01
1.179999994659423912e+01
6.999999946594238409e+00
6.399999994277954407e+00
3.599999988555908192e+00
7.399999946594237876e+00
7.939999981689453534e+01
1.019999994659423770e+01
4.399999977111816563e+00
6.600000007629394538e+00
2.660000003051757744e+01
5.179999981689453392e+01
2.999999994277954052e+00
3.819999978637695648e+01
1.599999988555908192e+00
1.299999992370605462e+01
8.999999984741210213e+00
5.999999994277954052e+00
8.800000007629394716e+00
3.199999994277954229e+00
1.039999994659423876e+01
9.999999977111816207e+00
3.800000007629394716e+00
2.799999977111816474e+00
8.600000007629393650e+00
9.199999977111817273e+00
1.040000001525878837e+01
2.799999999999999822e+00
2.939999987792968739e+01
9.399999988555908459e+00
7.400000007629394361e+00
7.399999946594237876e+00
6.999999977111816207e+00
7.399999977111816563e+00
1.259999994659423805e+01
1.739999994659423876e+01
8.599999994277954585e+00
1.439999995422363277e+01
1.099999994659423841e+01
1.400000000762939401e+01
1.339999997711181656e+01
5.799999994277953874e+00
1.839999992370605497e+01
7.599999984741210746e+00
8.799999946594239120e+00
7.799999999999999822e+00
6.399999946594237876e+00
9.599999977111815852e+00
6.199999946594238587e+00
1.639999999999999858e+01
6.599999977111816740e+00
1.079999997711181692e+01
1.199999998855590810e+01
7.999999946594238409e+00
1.040000000762939436e+01
7.399999977111816563e+00
9.800000015258788721e+00
9.000000007629394005e+00
1.919999986267090009e+01
7.800000007629394716e+00
1.559999992370605426e+01
8.599999946594238054e+00
8.599999946594238054e+00
1.179999995422363313e+01
8.000000015258789787e+00
2.259999989318847824e+01
9.999999954223632415e+00
1.199999995422363241e+01
6.599999988555908637e+00
9.399999977111816563e+00
8.799999977111816918e+00
1.399999989318847682e+01
1.119999994659423770e+01
1.000000001525878979e+01
1.040000001525878837e+01
1.039999998474121057e+01
9.799999954223633125e+00
1.080000001525878872e+01
9.399999946594238764e+00
9.799999954223633125e+00
9.600000007629393650e+00
1.079999997711181692e+01
9.799999988555908814e+00
9.399999946594238764e+00
9.199999977111817273e+00
1.100000000762939401e+01
1.040000001525878837e+01
9.200000015258789077e+00
1.040000001525878837e+01
9.999999977111816207e+00
1.039999992370605497e+01
1.159999998474121163e+01
9.599999977111815852e+00
1.000000001525878979e+01
1.000000001525878979e+01
1.019999994659423770e+01
1.019999994659423770e+01
1.079999998474121092e+01
9.800000015258788721e+00
1.039999997711181656e+01
1.040000000000000036e+01
9.999999977111816207e+00
1.000000000762939401e+01
9.799999977111816918e+00
1.019999994659423770e+01
9.799999946594239120e+00
9.799999984741210923e+00
9.600000015258789432e+00
1.039999997711181656e+01
1.160000000762939365e+01
9.400000007629394361e+00
9.999999946594238409e+00
9.799999977111816918e+00
1.000000000000000000e+01
1.140000000762939436e+01
1.059999994659423805e+01
1.019999998474121128e+01
9.999999977111816207e+00
9.599999984741211634e+00
9.599999984741211634e+00
1.039999994659423876e+01
1.019999992370605391e+01
9.399999994277953519e+00
1.099999998855590810e+01
1.080000001525878872e+01
1.039999992370605497e+01
1.019999998474121128e+01
1.140000001525878837e+01
1.019999994659423770e+01
1.099999994659423841e+01
9.399999946594238764e+00
9.800000007629394716e+00
1.019999995422363348e+01
1.059999994659423805e+01
1.020000000762939507e+01
1.060000000762939365e+01
1.059999998855590775e+01
1.020000001525878908e+01
1.039999994659423876e+01
1.040000001525878837e+01
1.019999998474121128e+01
9.999999977111816207e+00
1.039999994659423876e+01
1.019999994659423770e+01
1.099999997711181621e+01
9.799999946594239120e+00
1.099999998855590810e+01
1.039999997711181656e+01
1.019999999427795423e+01
9.999999977111816207e+00
1.039999998474121057e+01
1.119999997711181727e+01
1.080000003051757851e+01
1.019999997711181727e+01
1.019999992370605391e+01
1.080000000762939472e+01
1.059999997711181585e+01
1.140000001525878837e+01
1.079999998474121092e+01
9.399999946594238764e+00
1.019999997711181727e+01
1.060000001525878943e+01
1.080000001525878872e+01
9.599999984741211634e+00
1.019999994659423770e+01
1.020000001525878908e+01
9.999999977111816207e+00
1.059999995422363206e+01
1.080000001525878872e+01
9.599999977111815852e+00
1.059999995422363206e+01
1.060000001525878943e+01
9.800000015258788721e+00
9.399999977111816563e+00
1.039999994659423876e+01
9.199999994277954229e+00
9.600000007629393650e+00
9.200000015258789077e+00
1.019999997711181727e+01
1.039999994659423876e+01
1.079999989318847575e+01
1.080000000762939472e+01
1.059999998474121163e+01
1.119999989318847611e+01
1.039999997711181656e+01
1.000000000762939401e+01
1.119999994659423770e+01
1.099999994659423841e+01
1.080000000762939472e+01
9.600000007629393650e+00
1.099999992370605462e+01
1.139999994659423876e+01
