0.000000000000000000e+00
0.000000000000000000e+00
4.499999972534179449e+01
7.799999954223633125e+00
3.339999993896484654e+01
4.000000000000000222e-01
4.000000000000000222e-01
1.099999989318847682e+01
5.199999994277954229e+00
8.000000000000000444e-01
4.400000007629394361e+00
1.980000003051757673e+01
3.399999994277953963e+00
5.000000007629394894e+00
3.199999994277954229e+00
2.000000000000000000e+00
4.999999994277954052e+00
1.399999997711181621e+01
1.000000000000000000e+00
5.999999942779541406e-01
4.799999946594238232e+00
1.979999986267089795e+01
7.199999988555908281e+00
1.680000003051757673e+01
6.400000007629394361e+00
9.599999977111815852e+00
2.799999994277954318e+00
1.580000000000000071e+01
1.339999995422363277e+01
7.800000007629394716e+00
3.199999994277954229e+00
7.199999988555908281e+00
5.200000015258789077e+00
7.199999946594238587e+00
8.200000007629395071e+00
5.000000007629394894e+00
3.399999988555908015e+00
4.499999984741211279e+01
5.000000007629394894e+00
5.400000007629394361e+00
6.799999994277953874e+00
1.999999994277954052e+00
1.339999986267089760e+01
5.800000007629394716e+00
5.399999988555908459e+00
1.399999994659423841e+01
9.999999942779540518e-01
7.000000007629394894e+00
7.800000015258788721e+00
8.199999977111817273e+00
1.200000001525878979e+01
1.379999995422363313e+01
2.000000000000000111e-01
4.999999977111816207e+00
6.999999994277954052e+00
7.999999946594238409e+00
1.799999995422363241e+01
7.999999994277954052e+00
9.999999942779540518e-01
1.959999989318847824e+01
6.799999994277953874e+00
2.039999995422363455e+01
5.399999988555908459e+00
8.199999999999999289e+00
1.519999994659423770e+01
5.800000007629394716e+00
9.399999946594238764e+00
9.400000007629394361e+00
1.579999997711181692e+01
3.879999975585937477e+01
1.179999997711181692e+01
8.999999988555908104e+00
4.199999988555908281e+00
9.000000007629394005e+00
1.379999989318847575e+01
3.599999994277954141e+00
9.999999977111816207e+00
2.999999988555908104e+00
7.799999977111816030e+00
1.179999992370605533e+01
1.099999998474121021e+01
1.119999989318847611e+01
9.800000015258788721e+00
9.799999988555908814e+00
9.600000015258789432e+00
1.039999995422363277e+01
1.000000000762939401e+01
9.799999977111816918e+00
1.019999994659423770e+01
9.600000015258789432e+00
1.099999995422363241e+01
1.020000001525878908e+01
9.799999977111816918e+00
1.039999997711181656e+01
1.040000001525878837e+01
1.039999997711181656e+01
1.039999997711181656e+01
1.039999997711181656e+01
1.079999995422363313e+01
9.999999946594238409e+00
1.059999995422363206e+01
1.020000000762939507e+01
1.019999998474121128e+01
1.039999997711181656e+01
9.600000015258789432e+00
1.060000000762939365e+01
1.040000000762939436e+01
1.059999998474121163e+01
1.059999995422363206e+01
1.019999995422363348e+01
1.119999992370605391e+01
1.040000000762939436e+01
9.999999977111816207e+00
1.000000001525878979e+01
9.799999946594239120e+00
9.999999923706054616e+00
1.039999994659423876e+01
1.019999994659423770e+01
9.999999954223632415e+00
1.039999998855590846e+01
9.999999988555908104e+00
1.019999994659423770e+01
1.060000001525878943e+01
1.060000001525878943e+01
1.080000000762939472e+01
1.019999989318847611e+01
9.999999946594238409e+00
9.800000015258788721e+00
9.999999984741210213e+00
1.019999995422363348e+01
1.039999994659423876e+01
1.019999992370605391e+01
1.019999998474121128e+01
9.800000000000000711e+00
9.999999984741210213e+00
1.060000001525878943e+01
1.039999995422363277e+01
1.119999995422363348e+01
1.039999995422363277e+01
1.159999992370605426e+01
9.799999923706055327e+00
1.039999995422363277e+01
1.019999999427795423e+01
1.040000001525878837e+01
1.040000000762939436e+01
9.799999984741210923e+00
1.119999994659423770e+01
1.040000000762939436e+01
1.039999998474121057e+01
1.039999994659423876e+01
1.000000000762939401e+01
1.020000001525878908e+01
9.999999946594238409e+00
1.020000001525878908e+01
1.139999992370605497e+01
9.999999977111816207e+00
9.999999977111816207e+00
1.000000000762939401e+01
1.040000000762939436e+01
1.119999992370605391e+01
9.799999954223633125e+00
9.999999946594238409e+00
9.600000015258789432e+00
1.039999998855590846e+01
1.059999998474121163e+01
1.039999998474121057e+01
1.000000001525878979e+01
1.019999994659423770e+01
9.999999946594238409e+00
1.039999992370605497e+01
9.800000015258788721e+00
1.099999998474121021e+01
1.019999997711181727e+01
1.059999998474121163e+01
1.039999994659423876e+01
1.039999986267089760e+01
1.039999998474121057e+01
9.799999988555908814e+00
9.999999954223632415e+00
9.799999954223633125e+00
9.999999977111816207e+00
9.799999984741210923e+00
1.019999997711181727e+01
9.999999977111816207e+00
9.800000015258788721e+00
9.799999988555908814e+00
1.039999994659423876e+01
1.059999994659423805e+01
1.000000000762939401e+01
1.039999994659423876e+01
1.019999994659423770e+01
9.799999977111816918e+00
1.059999998474121163e+01
9.799999946594239120e+00
9.799999946594239120e+00
9.799999994277953874e+00
9.800000007629394716e+00
1.079999998474121092e+01
1.100000000762939401e+01
9.800000015258788721e+00
