0.000000000000000000e+00
1.599999988555908192e+00
0.000000000000000000e+00
7.000000000000000000e+01
2.199999988555908281e+00
1.000000000000000000e+00
4.000000000000000222e-01
8.600000007629393650e+00
5.199999946594238587e+00
5.999999999999999778e-01
1.199999998474121021e+01
1.279999994659423912e+01
1.199999992370605462e+01
5.599999946594238054e+00
6.200000007629394183e+00
3.080000000000000071e+01
3.999999942779540740e-01
1.120000001525878908e+01
3.599999994277954141e+00
8.799999984741210923e+00
3.820000003051757886e+01
1.299999992370605462e+01
2.199999994277954229e+00
3.899999981689452966e+01
4.399999988555908459e+00
4.999999977111816207e+00
3.200000007629394627e+00
5.599999977111816740e+00
3.600000000000000089e+00
9.999999946594238409e+00
5.199999988555908281e+00
2.399999999999999911e+00
9.999999946594238409e+00
1.179999995422363313e+01
4.199999994277954229e+00
9.399999994277953519e+00
3.200000007629394627e+00
4.999999988555908104e+00
5.600000007629394538e+00
4.999999977111816207e+00
4.079999984741210994e+01
1.819999995422363170e+01
9.999999946594238409e+00
1.999999994277954052e+00
6.399999946594237876e+00
5.399999977111816563e+00
9.999999946594238409e+00
7.199999988555908281e+00
6.599999946594238054e+00
6.799999977111816030e+00
7.600000015258789432e+00
5.999999988555908104e+00
7.999999923706054616e+00
2.200000000000000000e+01
1.319999997711181727e+01
5.399999977111816563e+00
7.799999988555907926e+00
4.600000007629394538e+00
9.399999988555908459e+00
8.600000015258789432e+00
5.999999994277954052e+00
1.519999998474121128e+01
7.400000007629394361e+00
6.800000007629394716e+00
5.999999988555908104e+00
7.199999977111816385e+00
1.039999997711181656e+01
4.999999988555908104e+00
6.800000007629394716e+00
1.559999994659423805e+01
1.339999989318847717e+01
3.579999987792968597e+01
7.999999942779540962e-01
8.999999946594238409e+00
1.319999998474121128e+01
6.399999977111816563e+00
3.519999978637695648e+01
2.799999999999999822e+00
1.300000001525878979e+01
6.600000007629394538e+00
8.000000007629394005e+00
6.599999946594238054e+00
9.199999988555907393e+00
8.799999984741210923e+00
8.999999988555908104e+00
8.999999946594238409e+00
8.999999977111816207e+00
9.399999977111816563e+00
8.400000007629394361e+00
8.999999977111816207e+00
9.400000007629394361e+00
8.000000015258789787e+00
8.200000015258789077e+00
9.400000007629394361e+00
8.399999977111816563e+00
9.600000015258789432e+00
9.600000007629393650e+00
1.019999997711181727e+01
8.199999946594237699e+00
9.799999923706055327e+00
9.399999977111816563e+00
9.599999946594238054e+00
9.399999946594238764e+00
9.000000015258789787e+00
9.199999946594237699e+00
9.199999988555907393e+00
9.799999977111816918e+00
8.799999954223633125e+00
8.800000007629394716e+00
9.799999923706055327e+00
1.020000000762939507e+01
9.600000015258789432e+00
8.999999977111816207e+00
8.799999946594239120e+00
8.800000007629394716e+00
9.599999923706054261e+00
9.600000007629393650e+00
1.039999994659423876e+01
8.399999893188477174e+00
8.799999988555908814e+00
9.599999984741211634e+00
9.200000007629395071e+00
9.599999946594238054e+00
9.599999984741211634e+00
8.800000007629394716e+00
9.400000007629394361e+00
9.399999988555908459e+00
9.599999977111815852e+00
1.000000001525878979e+01
8.799999946594239120e+00
9.399999984741210568e+00
9.799999984741210923e+00
8.800000015258788721e+00
9.400000007629394361e+00
9.400000007629394361e+00
9.999999994277954940e+00
9.199999946594237699e+00
8.999999946594238409e+00
9.599999977111815852e+00
9.199999977111817273e+00
9.399999946594238764e+00
1.059999994659423805e+01
9.199999984741211279e+00
8.799999984741210923e+00
8.800000007629394716e+00
9.399999946594238764e+00
9.400000007629394361e+00
9.599999946594238054e+00
9.999999977111816207e+00
9.599999923706054261e+00
8.599999946594238054e+00
9.600000007629393650e+00
9.599999946594238054e+00
9.600000007629393650e+00
9.199999984741211279e+00
9.399999977111816563e+00
1.039999998474121057e+01
8.799999923706055327e+00
9.199999977111817273e+00
8.799999923706055327e+00
8.799999946594239120e+00
9.400000007629394361e+00
9.399999984741210568e+00
9.000000007629394005e+00
9.199999946594237699e+00
8.799999994277953874e+00
1.000000000762939401e+01
8.800000007629394716e+00
9.199999977111817273e+00
9.599999984741211634e+00
7.600000007629394538e+00
9.200000007629395071e+00
8.599999977111815852e+00
9.399999977111816563e+00
8.999999954223632415e+00
9.199999954223633480e+00
9.599999999999999645e+00
9.599999977111815852e+00
8.799999977111816918e+00
9.399999994277953519e+00
8.799999984741210923e+00
9.000000007629394005e+00
9.799999946594239120e+00
9.399999893188477174e+00
8.399999946594238764e+00
9.600000015258789432e+00
9.599999923706054261e+00
7.999999977111816207e+00
9.399999946594238764e+00
9.999999988555908104e+00
8.399999977111816563e+00
9.600000015258789432e+00
9.599999954223632059e+00
9.199999994277954229e+00
9.000000015258789787e+00
9.600000007629393650e+00
1.000000001525878979e+01
8.599999977111815852e+00
9.599999977111815852e+00
7.999999988555908104e+00
