1.000000000000000000e+02
1.819999986267090009e+01
0.000000000000000000e+00
2.000000000000000111e-01
8.399999946594238764e+00
5.259999969482421989e+01
6.379999984741210994e+01
5.999999942779541406e-01
1.399999999999999911e+00
1.019999998855590739e+01
1.019999998474121128e+01
2.000000000000000111e-01
4.799999988555907926e+00
2.499999989318847682e+01
4.600000007629394538e+00
8.999999946594238409e+00
4.199999977111816385e+00
6.600000007629394538e+00
1.059999992370605426e+01
7.399999946594237876e+00
3.399999988555908015e+00
2.199999992370605639e+01
4.000000000000000222e-01
7.999999988555908104e+00
3.619999984741210852e+01
8.000000015258789787e+00
4.400000007629394361e+00
1.299999998474121021e+01
6.399999977111816563e+00
7.999999977111816207e+00
3.399999994277953963e+00
3.399999994277953963e+00
7.599999977111816740e+00
5.399999994277954407e+00
4.599999977111816740e+00
8.000000000000000444e-01
1.120000001525878908e+01
1.299999995422363241e+01
5.999999999999999778e-01
1.279999989318847575e+01
4.200000000000000178e+00
1.319999998474121128e+01
6.999999946594238409e+00
8.199999994277954229e+00
1.020000001525878908e+01
6.399999977111816563e+00
2.979999990844726554e+01
1.300000001525878979e+01
8.799999946594239120e+00
5.199999977111816385e+00
4.400000007629394361e+00
8.799999946594239120e+00
6.999999988555908104e+00
1.359999998474121163e+01
4.999999994277954052e+00
3.719999987792968454e+01
3.599999988555908192e+00
4.200000007629394183e+00
9.799999984741210923e+00
4.760000000000000142e+01
2.999999988555908104e+00
4.999999988555908104e+00
5.999999988555908104e+00
8.399999946594238764e+00
3.999999988555908104e+00
7.599999988555908637e+00
1.059999997711181585e+01
3.999999988555908104e+00
8.399999988555908459e+00
4.999999988555908104e+00
1.079999992370605533e+01
7.800000015258788721e+00
2.399999993896484440e+01
7.400000000000000355e+00
8.800000015258788721e+00
7.600000007629394538e+00
3.399999977111816563e+00
6.999999946594238409e+00
8.799999946594239120e+00
6.600000015258789432e+00
7.199999977111816385e+00
8.599999977111815852e+00
8.799999954223633125e+00
1.019999997711181727e+01
7.799999999999999822e+00
9.200000015258789077e+00
8.000000007629394005e+00
8.599999946594238054e+00
8.399999984741210568e+00
8.599999946594238054e+00
9.599999984741211634e+00
9.199999977111817273e+00
8.400000015258788366e+00
9.399999946594238764e+00
9.199999977111817273e+00
8.599999988555907748e+00
8.400000015258788366e+00
9.199999977111817273e+00
8.799999984741210923e+00
8.399999994277953519e+00
1.039999994659423876e+01
8.399999946594238764e+00
9.199999946594237699e+00
8.400000007629394361e+00
9.000000015258789787e+00
7.800000007629394716e+00
8.400000007629394361e+00
1.079999998474121092e+01
1.000000000762939401e+01
9.199999984741211279e+00
9.599999977111815852e+00
8.199999946594237699e+00
8.999999946594238409e+00
8.999999954223632415e+00
8.599999954223632059e+00
7.999999977111816207e+00
9.599999923706054261e+00
9.999999946594238409e+00
7.400000007629394361e+00
9.200000015258789077e+00
7.799999977111816030e+00
9.599999946594238054e+00
9.800000007629394716e+00
9.400000007629394361e+00
9.400000007629394361e+00
9.000000007629394005e+00
9.600000007629393650e+00
8.999999977111816207e+00
8.799999977111816918e+00
1.000000001525878979e+01
8.399999977111816563e+00
9.200000007629395071e+00
9.800000007629394716e+00
8.999999977111816207e+00
9.199999977111817273e+00
8.999999923706054616e+00
9.800000007629394716e+00
9.200000015258789077e+00
8.599999977111815852e+00
9.399999988555908459e+00
9.399999977111816563e+00
8.999999988555908104e+00
9.200000007629395071e+00
9.599999988555907748e+00
9.200000007629395071e+00
8.799999988555908814e+00
9.200000015258789077e+00
8.200000007629395071e+00
9.400000015258788366e+00
8.999999954223632415e+00
9.599999988555907748e+00
8.999999988555908104e+00
9.000000007629394005e+00
8.399999988555908459e+00
8.999999984741210213e+00
8.999999946594238409e+00
9.999999946594238409e+00
9.800000007629394716e+00
8.599999946594238054e+00
8.400000007629394361e+00
9.600000015258789432e+00
9.399999923706054972e+00
9.799999988555908814e+00
8.800000007629394716e+00
9.600000007629393650e+00
9.199999977111817273e+00
9.199999954223633480e+00
9.400000007629394361e+00
1.020000000762939507e+01
9.600000007629393650e+00
1.019999994659423770e+01
9.200000015258789077e+00
8.599999946594238054e+00
8.200000007629395071e+00
8.999999946594238409e+00
9.799999977111816918e+00
9.199999988555907393e+00
9.199999954223633480e+00
9.399999946594238764e+00
8.799999946594239120e+00
9.400000007629394361e+00
9.600000015258789432e+00
8.199999988555907393e+00
8.999999946594238409e+00
8.399999946594238764e+00
9.799999977111816918e+00
9.599999923706054261e+00
9.800000007629394716e+00
9.999999923706054616e+00
8.999999946594238409e+00
9.000000015258789787e+00
8.799999988555908814e+00
8.599999977111815852e+00
9.600000015258789432e+00
9.199999954223633480e+00
9.599999984741211634e+00
8.599999946594238054e+00
8.799999977111816918e+00
9.000000007629394005e+00
8.999999977111816207e+00
