1.664246559143066406e+00
1.060561656951904297e+00
1.048399686813354492e+00
1.060046911239624023e+00
1.032889842987060547e+00
1.057462692260742188e+00
1.058316230773925781e+00
1.068753480911254883e+00
1.066251754760742188e+00
1.058991193771362305e+00
1.285144805908203125e+00
1.289794921875000000e+00
1.253448963165283203e+00
1.253077745437622070e+00
1.244668245315551758e+00
1.251385927200317383e+00
1.248043298721313477e+00
1.247548580169677734e+00
1.251668930053710938e+00
1.350352764129638672e+00
1.311592340469360352e+00
1.241763114929199219e+00
1.243812799453735352e+00
1.247421026229858398e+00
1.246797561645507812e+00
1.230994462966918945e+00
1.240846157073974609e+00
1.245434999465942383e+00
1.256119489669799805e+00
1.250192165374755859e+00
1.245913267135620117e+00
1.248705625534057617e+00
1.250892639160156250e+00
1.362966299057006836e+00
1.278698682785034180e+00
1.251332044601440430e+00
1.249134302139282227e+00
1.239227294921875000e+00
1.239553928375244141e+00
1.250235795974731445e+00
1.286024332046508789e+00
1.247593164443969727e+00
1.247703313827514648e+00
1.245660305023193359e+00
1.249034404754638672e+00
1.249391317367553711e+00
1.229399919509887695e+00
1.248444080352783203e+00
1.247132778167724609e+00
1.243304014205932617e+00
1.244619131088256836e+00
1.251987218856811523e+00
1.226511955261230469e+00
1.241940736770629883e+00
1.252876043319702148e+00
1.251100778579711914e+00
1.250858068466186523e+00
1.248903751373291016e+00
1.252146482467651367e+00
1.263680696487426758e+00
1.241060972213745117e+00
1.090411663055419922e+00
1.052407026290893555e+00
1.108919858932495117e+00
1.052012205123901367e+00
1.054877519607543945e+00
1.055757284164428711e+00
1.060924053192138672e+00
1.055992603302001953e+00
1.058614730834960938e+00
1.059588909149169922e+00
1.067779541015625000e+00
1.058936834335327148e+00
1.056874990463256836e+00
1.062084436416625977e+00
1.059651136398315430e+00
1.052549839019775391e+00
1.054262638092041016e+00
1.055614948272705078e+00
1.054322242736816406e+00
1.052996158599853516e+00
1.056175947189331055e+00
1.111377000808715820e+00
1.055549860000610352e+00
1.056818246841430664e+00
1.048967361450195312e+00
1.053539037704467773e+00
1.054087638854980469e+00
1.058442115783691406e+00
1.058473110198974609e+00
1.057282924652099609e+00
1.055692434310913086e+00
1.066057682037353516e+00
1.063777923583984375e+00
1.062399864196777344e+00
1.062325239181518555e+00
1.048008918762207031e+00
1.040986537933349609e+00
1.015002250671386719e+00
1.017040729522705078e+00
