3.691215276718139648e+00
3.156372308731079102e+00
3.109276533126831055e+00
3.181727886199951172e+00
3.081807613372802734e+00
3.195824384689331055e+00
3.171826124191284180e+00
3.169949769973754883e+00
3.126089334487915039e+00
3.157623291015625000e+00
3.251621007919311523e+00
3.265715599060058594e+00
3.210232496261596680e+00
3.211527585983276367e+00
3.202700376510620117e+00
3.214170694351196289e+00
3.206711530685424805e+00
3.204391002655029297e+00
3.210001707077026367e+00
3.326835155487060547e+00
3.306236982345581055e+00
3.196388244628906250e+00
3.178663492202758789e+00
3.197930335998535156e+00
3.193283081054687500e+00
3.178765296936035156e+00
3.184472322463989258e+00
3.193498373031616211e+00
3.230374574661254883e+00
3.208893060684204102e+00
3.188905477523803711e+00
3.193859338760375977e+00
3.200155258178710938e+00
3.369172573089599609e+00
3.300812005996704102e+00
3.191910266876220703e+00
3.196815252304077148e+00
3.179049491882324219e+00
3.177009820938110352e+00
3.194044589996337891e+00
3.234372854232788086e+00
3.195977449417114258e+00
3.188900232315063477e+00
3.191419601440429688e+00
3.195852756500244141e+00
3.192544460296630859e+00
3.170872688293457031e+00
3.207761287689208984e+00
3.188297271728515625e+00
3.181502342224121094e+00
3.193302869796752930e+00
3.197128057479858398e+00
3.163608312606811523e+00
3.188731431961059570e+00
3.209167957305908203e+00
3.204545497894287109e+00
3.204695701599121094e+00
3.208297491073608398e+00
3.206988573074340820e+00
3.212204694747924805e+00
3.184782266616821289e+00
3.070337772369384766e+00
3.092412710189819336e+00
3.092491626739501953e+00
3.069814443588256836e+00
3.141663551330566406e+00
3.102683782577514648e+00
3.150327444076538086e+00
3.085608243942260742e+00
3.113954782485961914e+00
3.062268972396850586e+00
3.051352262496948242e+00
3.083028554916381836e+00
3.087159633636474609e+00
3.028753995895385742e+00
3.132800340652465820e+00
3.064015865325927734e+00
3.122344970703125000e+00
3.057511806488037109e+00
3.038235664367675781e+00
3.054499864578247070e+00
3.128799438476562500e+00
3.141497373580932617e+00
3.083110809326171875e+00
3.071048498153686523e+00
3.107862710952758789e+00
3.067364215850830078e+00
3.082147598266601562e+00
3.038952112197875977e+00
3.051617622375488281e+00
2.989212512969970703e+00
3.107489824295043945e+00
3.086577653884887695e+00
3.018146514892578125e+00
3.031283378601074219e+00
3.086445569992065430e+00
3.033691167831420898e+00
2.943266391754150391e+00
2.900336503982543945e+00
2.900721311569213867e+00
