2.356800000000000139e+01
3.694400000000000261e+01
4.584000000000000341e+01
5.278399999999999892e+01
5.879999999999999716e+01
6.214399999999999835e+01
6.547199999999999420e+01
6.860800000000000409e+01
7.214400000000000546e+01
7.299200000000000443e+01
7.553600000000000136e+01
7.660800000000000409e+01
7.803199999999999648e+01
7.815999999999999659e+01
7.923199999999999932e+01
7.935999999999999943e+01
8.073600000000000421e+01
8.065600000000000591e+01
8.200000000000000000e+01
8.220799999999999841e+01
8.252800000000000580e+01
8.240000000000000568e+01
8.340800000000000125e+01
8.193600000000000705e+01
8.302400000000000091e+01
8.427200000000000557e+01
8.417600000000000193e+01
8.452800000000000580e+01
8.499200000000000443e+01
8.471999999999999886e+01
8.528000000000000114e+01
8.532800000000000296e+01
8.563200000000000500e+01
8.521599999999999397e+01
8.587199999999999989e+01
8.630400000000000205e+01
8.548799999999999955e+01
8.656000000000000227e+01
8.660800000000000409e+01
8.689600000000000080e+01
8.644799999999999329e+01
8.720000000000000284e+01
8.718399999999999750e+01
8.731199999999999761e+01
8.756799999999999784e+01
8.729600000000000648e+01
8.721599999999999397e+01
8.743999999999999773e+01
8.806399999999999295e+01
8.876800000000000068e+01
8.830400000000000205e+01
8.807999999999999829e+01
8.774399999999999977e+01
8.857599999999999341e+01
8.782399999999999807e+01
8.835200000000000387e+01
8.819199999999999307e+01
8.876800000000000068e+01
8.852800000000000580e+01
8.846399999999999864e+01
8.870399999999999352e+01
8.831999999999999318e+01
8.851200000000000045e+01
8.916800000000000637e+01
8.844799999999999329e+01
8.907200000000000273e+01
8.920000000000000284e+01
8.892799999999999727e+01
8.924800000000000466e+01
8.966400000000000148e+01
8.979200000000000159e+01
8.864000000000000057e+01
8.948799999999999955e+01
8.980800000000000693e+01
8.948799999999999955e+01
9.011199999999999477e+01
8.912000000000000455e+01
8.968000000000000682e+01
9.044799999999999329e+01
8.964799999999999613e+01
8.996800000000000352e+01
9.115200000000000102e+01
9.355200000000000671e+01
9.359999999999999432e+01
9.368000000000000682e+01
9.436799999999999500e+01
9.417600000000000193e+01
9.444799999999999329e+01
9.449599999999999511e+01
9.441599999999999682e+01
9.446399999999999864e+01
9.452800000000000580e+01
9.457599999999999341e+01
9.428799999999999670e+01
9.468800000000000239e+01
9.451200000000000045e+01
9.470399999999999352e+01
9.476800000000000068e+01
9.476800000000000068e+01
9.459199999999999875e+01
