2.387199999999999989e+01
3.705599999999999739e+01
4.510399999999999920e+01
5.249600000000000222e+01
5.739200000000000301e+01
6.247999999999999687e+01
6.555200000000000671e+01
6.867199999999999704e+01
7.014400000000000546e+01
7.388800000000000523e+01
7.497599999999999909e+01
7.569599999999999795e+01
7.729600000000000648e+01
7.788800000000000523e+01
7.883199999999999363e+01
8.027200000000000557e+01
8.041599999999999682e+01
8.094400000000000261e+01
8.168000000000000682e+01
8.121599999999999397e+01
8.292799999999999727e+01
8.313599999999999568e+01
8.300799999999999557e+01
8.291200000000000614e+01
8.331199999999999761e+01
8.414400000000000546e+01
8.446399999999999864e+01
8.454399999999999693e+01
8.521599999999999397e+01
8.454399999999999693e+01
8.524800000000000466e+01
8.535999999999999943e+01
8.528000000000000114e+01
8.601600000000000534e+01
8.561599999999999966e+01
8.651200000000000045e+01
8.649599999999999511e+01
8.611199999999999477e+01
8.657599999999999341e+01
8.673600000000000421e+01
8.755200000000000671e+01
8.694400000000000261e+01
8.705599999999999739e+01
8.671999999999999886e+01
8.785599999999999454e+01
8.723199999999999932e+01
8.772799999999999443e+01
8.776000000000000512e+01
8.743999999999999773e+01
8.795199999999999818e+01
8.815999999999999659e+01
8.812800000000000011e+01
8.848000000000000398e+01
8.795199999999999818e+01
8.889600000000000080e+01
8.851200000000000045e+01
8.929600000000000648e+01
8.886400000000000432e+01
8.806399999999999295e+01
8.945600000000000307e+01
8.897599999999999909e+01
8.840000000000000568e+01
8.958400000000000318e+01
8.871999999999999886e+01
8.871999999999999886e+01
8.956799999999999784e+01
8.943999999999999773e+01
8.878400000000000603e+01
8.947199999999999420e+01
8.988800000000000523e+01
8.859199999999999875e+01
8.988800000000000523e+01
8.976000000000000512e+01
8.968000000000000682e+01
9.060800000000000409e+01
8.996800000000000352e+01
8.966400000000000148e+01
9.014400000000000546e+01
8.998399999999999466e+01
9.007999999999999829e+01
9.035200000000000387e+01
9.083199999999999363e+01
9.241599999999999682e+01
9.249599999999999511e+01
9.368000000000000682e+01
9.342400000000000659e+01
9.347199999999999420e+01
9.348799999999999955e+01
9.404800000000000182e+01
9.422400000000000375e+01
9.385599999999999454e+01
9.440000000000000568e+01
9.406399999999999295e+01
9.475199999999999534e+01
9.438400000000000034e+01
9.464000000000000057e+01
9.433599999999999852e+01
9.470399999999999352e+01
9.481600000000000250e+01
9.452800000000000580e+01
