1.693602323532104492e+00
1.059788942337036133e+00
1.053485155105590820e+00
1.056421995162963867e+00
1.049059867858886719e+00
1.054359912872314453e+00
1.057723760604858398e+00
1.059181690216064453e+00
1.060012578964233398e+00
1.050978899002075195e+00
1.083802938461303711e+00
1.080035448074340820e+00
1.048364877700805664e+00
1.064294338226318359e+00
1.059212207794189453e+00
9.972918033599853516e-01
9.964056015014648438e-01
9.957172870635986328e-01
9.962854385375976562e-01
9.969027042388916016e-01
1.052040815353393555e+00
9.959716796875000000e-01
1.002686977386474609e+00
1.057995319366455078e+00
1.064788341522216797e+00
1.061883926391601562e+00
1.056580066680908203e+00
1.061507463455200195e+00
1.061652421951293945e+00
1.070450544357299805e+00
1.064321756362915039e+00
1.064490556716918945e+00
1.065551996231079102e+00
1.062901973724365234e+00
1.134279251098632812e+00
1.231772899627685547e+00
1.067396879196166992e+00
1.062740325927734375e+00
1.067506790161132812e+00
1.062065124511718750e+00
1.060482740402221680e+00
1.065335035324096680e+00
1.064053535461425781e+00
1.067438125610351562e+00
1.062260866165161133e+00
1.062248945236206055e+00
1.067424058914184570e+00
1.066262006759643555e+00
1.066154718399047852e+00
1.065069198608398438e+00
1.057549715042114258e+00
1.061400413513183594e+00
1.060724258422851562e+00
1.070150852203369141e+00
1.061109542846679688e+00
1.063423395156860352e+00
1.067577600479125977e+00
1.065615892410278320e+00
1.069252967834472656e+00
1.064947366714477539e+00
1.067303657531738281e+00
1.072962999343872070e+00
1.121555805206298828e+00
1.068639278411865234e+00
1.061348676681518555e+00
1.080989360809326172e+00
1.080203771591186523e+00
1.050936460494995117e+00
1.048960924148559570e+00
1.047323226928710938e+00
1.052583217620849609e+00
1.050207376480102539e+00
1.049784898757934570e+00
1.053723096847534180e+00
1.060042381286621094e+00
1.053973197937011719e+00
1.055552482604980469e+00
1.062216281890869141e+00
1.065157890319824219e+00
1.063622474670410156e+00
1.064779043197631836e+00
1.068955421447753906e+00
1.065708875656127930e+00
1.112683773040771484e+00
1.064125061035156250e+00
1.067269325256347656e+00
1.065356492996215820e+00
1.065049409866333008e+00
1.062969684600830078e+00
1.065854549407958984e+00
1.066996097564697266e+00
1.070721149444580078e+00
1.067360639572143555e+00
1.066980361938476562e+00
1.065543651580810547e+00
1.074970245361328125e+00
1.063674211502075195e+00
1.059595584869384766e+00
1.063791275024414062e+00
1.057321071624755859e+00
