0.000000000000000000e+00
0.000000000000000000e+00
0.000000000000000000e+00
0.000000000000000000e+00
0.000000000000000000e+00
0.000000000000000000e+00
0.000000000000000000e+00
0.000000000000000000e+00
0.000000000000000000e+00
0.000000000000000000e+00
0.000000000000000000e+00
0.000000000000000000e+00
0.000000000000000000e+00
1.800000000000000044e+00
4.999999988555908104e+00
1.040000001525878837e+01
3.599999988555908192e+00
9.799999946594239120e+00
1.259999995422363206e+01
2.560000000000000142e+01
2.859999990844726625e+01
3.419999984741210852e+01
2.119999999999999929e+01
3.839999969482421704e+01
3.280000003051758029e+01
3.879999990844726909e+01
6.619999957275391012e+01
5.219999972534179733e+01
3.979999969482421562e+01
3.019999995422363170e+01
6.599999978637694653e+01
5.979999984741210994e+01
5.759999996948242540e+01
3.539999987792968739e+01
5.419999990844726767e+01
3.079999981689453037e+01
4.059999969482421989e+01
4.979999993896484511e+01
4.979999972534179875e+01
6.239999996948242256e+01
4.339999978637695222e+01
6.019999984741210852e+01
7.219999993896485080e+01
4.539999978637695222e+01
4.879999987792968597e+01
7.579999957275390443e+01
5.359999987792969023e+01
6.299999978637695364e+01
5.879999993896484511e+01
6.479999975585937477e+01
6.479999978637695790e+01
4.439999996948242256e+01
5.079999987792968597e+01
2.999999993896484440e+01
4.539999969482421704e+01
6.339999978637695222e+01
6.959999975585937193e+01
3.799999981689452966e+01
4.739999993896484654e+01
6.999999978637694653e+01
5.839999984741211136e+01
1.979999986267089795e+01
7.139999969482421704e+01
1.319999992370605391e+01
2.399999977111816563e+00
2.000000000000000111e-01
0.000000000000000000e+00
0.000000000000000000e+00
0.000000000000000000e+00
0.000000000000000000e+00
0.000000000000000000e+00
0.000000000000000000e+00
0.000000000000000000e+00
0.000000000000000000e+00
0.000000000000000000e+00
0.000000000000000000e+00
0.000000000000000000e+00
0.000000000000000000e+00
0.000000000000000000e+00
0.000000000000000000e+00
0.000000000000000000e+00
0.000000000000000000e+00
0.000000000000000000e+00
0.000000000000000000e+00
0.000000000000000000e+00
0.000000000000000000e+00
0.000000000000000000e+00
0.000000000000000000e+00
0.000000000000000000e+00
0.000000000000000000e+00
0.000000000000000000e+00
0.000000000000000000e+00
0.000000000000000000e+00
0.000000000000000000e+00
0.000000000000000000e+00
0.000000000000000000e+00
0.000000000000000000e+00
0.000000000000000000e+00
0.000000000000000000e+00
0.000000000000000000e+00
