1.679753541946411133e+00
1.070968151092529297e+00
1.062935113906860352e+00
1.070291280746459961e+00
1.069564580917358398e+00
1.062744140625000000e+00
1.068192005157470703e+00
1.070178508758544922e+00
1.063743591308593750e+00
1.068653583526611328e+00
1.067317485809326172e+00
1.078948497772216797e+00
1.069734811782836914e+00
1.075311660766601562e+00
1.069776535034179688e+00
1.068176984786987305e+00
1.068248510360717773e+00
1.074089765548706055e+00
1.069293022155761719e+00
1.132580280303955078e+00
1.121099948883056641e+00
1.163897991180419922e+00
1.240176200866699219e+00
1.067554473876953125e+00
1.065325498580932617e+00
1.070492506027221680e+00
1.067442178726196289e+00
1.065673828125000000e+00
1.069965362548828125e+00
1.073890924453735352e+00
1.068151950836181641e+00
1.075812816619873047e+00
1.070338010787963867e+00
1.073559045791625977e+00
1.064040660858154297e+00
1.059938430786132812e+00
1.071167945861816406e+00
1.070937633514404297e+00
1.062998771667480469e+00
1.050858259201049805e+00
1.114009141921997070e+00
1.059008121490478516e+00
1.062487602233886719e+00
1.057639598846435547e+00
1.057913303375244141e+00
1.064038515090942383e+00
1.063434600830078125e+00
1.065015316009521484e+00
1.056345701217651367e+00
1.057155847549438477e+00
1.058649063110351562e+00
1.052334785461425781e+00
1.056989431381225586e+00
1.043109416961669922e+00
1.054565668106079102e+00
1.055373668670654297e+00
1.057028532028198242e+00
1.056408405303955078e+00
1.058376550674438477e+00
1.080365896224975586e+00
1.086297988891601562e+00
1.120057106018066406e+00
1.071088314056396484e+00
1.068272113800048828e+00
1.067703247070312500e+00
1.069897174835205078e+00
1.091881275177001953e+00
1.066140890121459961e+00
1.069351434707641602e+00
1.067584276199340820e+00
1.073864936828613281e+00
1.068799972534179688e+00
1.081256389617919922e+00
1.070914268493652344e+00
1.062901020050048828e+00
1.065592288970947266e+00
1.069408655166625977e+00
1.064538002014160156e+00
1.061491250991821289e+00
1.058270931243896484e+00
1.063073158264160156e+00
1.063444137573242188e+00
1.115294933319091797e+00
1.053870677947998047e+00
1.059273481369018555e+00
1.064142704010009766e+00
1.057626724243164062e+00
1.089253664016723633e+00
1.062499761581420898e+00
1.061574935913085938e+00
1.066429138183593750e+00
1.078073978424072266e+00
1.073096513748168945e+00
1.072783708572387695e+00
1.067401170730590820e+00
1.066262245178222656e+00
1.067898988723754883e+00
1.066075563430786133e+00
1.057496070861816406e+00
1.048072099685668945e+00
