1.989252918739318865e+00
1.678892078857421977e+00
1.477691970977783154e+00
1.301678031082153408e+00
1.178419459915161172e+00
1.041619723472595238e+00
9.471018703460692967e-01
8.732099020004272516e-01
8.059525201416015694e-01
7.636998204040527094e-01
7.204383121490478548e-01
6.722745765495300452e-01
6.556744057273864446e-01
6.176006001663207901e-01
6.074434292984008943e-01
5.919550780487060626e-01
5.756127158546447964e-01
5.524343271446228165e-01
5.497135456848144530e-01
5.331505191802978771e-01
5.188273233222961967e-01
4.960439701652527011e-01
4.899954582786559820e-01
4.975915543174743716e-01
4.785883554744720381e-01
4.720377588272094971e-01
4.619986551284789855e-01
4.450130149936675772e-01
4.379156742286682280e-01
4.441242247867584481e-01
4.243974214577674875e-01
4.302533659362792751e-01
4.253410173606872458e-01
4.158527727794646967e-01
4.088556870651244846e-01
4.050621254158019990e-01
3.876677160930633304e-01
3.902836942100524897e-01
3.896798789405822583e-01
3.977358203124999880e-01
3.730502771377563476e-01
3.766715946006775062e-01
3.649295541191101000e-01
3.765751622772216534e-01
3.735671009254455388e-01
3.746528063011169696e-01
3.425046432113647565e-01
3.445871965503692902e-01
3.469510466861724929e-01
3.528928696823120381e-01
3.335024728918075665e-01
3.402076773786544828e-01
3.435680503749847237e-01
3.474339791393279975e-01
3.349013456821441914e-01
3.311381184005737222e-01
3.300010270500183251e-01
3.313137001991272035e-01
3.283333223724365091e-01
3.177146273231506446e-01
3.165945948243141239e-01
3.220953865623474299e-01
3.190721246814727796e-01
3.140530138587951936e-01
3.055441008377074996e-01
3.034995771408081078e-01
3.114439520525932314e-01
3.124700444126128906e-01
2.886311790657043463e-01
2.933184436607360612e-01
3.012093763351440523e-01
3.063709934616088981e-01
2.858046374225616248e-01
2.996273049926757581e-01
2.780467131054401575e-01
2.768627157020568941e-01
2.876150335693359317e-01
2.849225921225547742e-01
2.824244071960449465e-01
2.833544857597350974e-01
2.754781481313705593e-01
2.733957860314846222e-01
2.165848740911483772e-01
1.985317451286315871e-01
1.967669888448715099e-01
1.896740334796905569e-01
1.818230180549621489e-01
1.839310378265380796e-01
1.698100601029396139e-01
1.780454621982574537e-01
1.733883626651764043e-01
1.725868545436859136e-01
1.690319810914993337e-01
1.704845037841796751e-01
1.645352847003936636e-01
1.577936662721634020e-01
1.631124050807952752e-01
1.571412165069580036e-01
1.611076892089843837e-01
1.489734881663322408e-01
