0.000000000000000000e+00
0.000000000000000000e+00
0.000000000000000000e+00
0.000000000000000000e+00
0.000000000000000000e+00
0.000000000000000000e+00
0.000000000000000000e+00
0.000000000000000000e+00
0.000000000000000000e+00
0.000000000000000000e+00
0.000000000000000000e+00
0.000000000000000000e+00
0.000000000000000000e+00
7.999999885559081481e-01
5.599999977111816740e+00
1.439999995422363277e+01
1.799999998474121199e+01
2.219999989318847611e+01
3.379999993896484511e+01
2.120000001525878730e+01
4.819999996948241971e+01
3.319999987792968454e+01
5.699999981689452966e+01
5.279999984741210994e+01
2.999999993896484440e+01
4.619999993896484369e+01
2.739999984741210781e+01
3.939999999999999858e+01
3.320000003051757886e+01
7.399999969482422557e+01
3.139999987792968739e+01
3.659999987792969023e+01
4.799999987792968881e+01
5.419999990844726767e+01
2.740000003051757815e+01
4.680000006103515631e+01
6.639999984741210426e+01
7.159999963378906784e+01
7.199999963378905932e+01
7.899999951171875523e+01
5.859999984741210710e+01
6.559999987792969023e+01
7.220000006103515489e+01
6.799999963378905932e+01
4.600000006103515915e+01
7.619999963378906216e+01
6.599999987792968170e+01
5.839999987792968739e+01
6.900000006103515204e+01
7.339999993896483943e+01
7.819999993896485080e+01
6.799999969482422557e+01
2.820000003051757886e+01
5.480000012207031546e+01
6.259999978637695506e+01
7.979999951171875239e+01
8.439999951171874670e+01
8.059999957275390159e+01
3.499999975585937761e+01
9.019999945068359182e+01
6.959999969482421989e+01
8.379999951171875239e+01
8.259999945068359750e+01
3.539999972534180017e+01
3.399999999999999911e+00
2.000000000000000111e-01
0.000000000000000000e+00
0.000000000000000000e+00
0.000000000000000000e+00
0.000000000000000000e+00
0.000000000000000000e+00
0.000000000000000000e+00
0.000000000000000000e+00
0.000000000000000000e+00
0.000000000000000000e+00
0.000000000000000000e+00
0.000000000000000000e+00
0.000000000000000000e+00
0.000000000000000000e+00
0.000000000000000000e+00
0.000000000000000000e+00
0.000000000000000000e+00
0.000000000000000000e+00
0.000000000000000000e+00
0.000000000000000000e+00
0.000000000000000000e+00
0.000000000000000000e+00
0.000000000000000000e+00
0.000000000000000000e+00
0.000000000000000000e+00
0.000000000000000000e+00
0.000000000000000000e+00
0.000000000000000000e+00
0.000000000000000000e+00
0.000000000000000000e+00
0.000000000000000000e+00
0.000000000000000000e+00
0.000000000000000000e+00
0.000000000000000000e+00
0.000000000000000000e+00
