1.000000000000000000e+02
0.000000000000000000e+00
1.200000000000000000e+01
1.090000000000000036e+01
1.119999999999999929e+01
1.100000000000000000e+01
1.200000000000000000e+01
1.159999999999999964e+01
1.359999999999999964e+01
1.730000000000000071e+01
2.639999999999999858e+01
4.510000000000000142e+01
6.079999999999999716e+01
7.590000000000000568e+01
5.470000000000000284e+01
8.520000000000000284e+01
8.720000000000000284e+01
9.009999999999999432e+01
9.840000000000000568e+01
9.900000000000000000e+01
9.900000000000000000e+01
9.900000000000000000e+01
9.900000000000000000e+01
9.909999999999999432e+01
9.929999999999999716e+01
9.929999999999999716e+01
9.950000000000000000e+01
9.950000000000000000e+01
9.950000000000000000e+01
9.950000000000000000e+01
9.950000000000000000e+01
9.950000000000000000e+01
9.950000000000000000e+01
9.950000000000000000e+01
9.950000000000000000e+01
9.950000000000000000e+01
9.959999999999999432e+01
9.950000000000000000e+01
9.950000000000000000e+01
9.950000000000000000e+01
