0.000000000000000000e+00
1.000000000000000056e-01
1.030000000000000071e+01
1.050000000000000000e+01
1.140000000000000036e+01
1.159999999999999964e+01
1.830000000000000071e+01
4.400000000000000000e+01
5.410000000000000142e+01
5.770000000000000284e+01
7.990000000000000568e+01
7.909999999999999432e+01
9.620000000000000284e+01
9.870000000000000284e+01
9.870000000000000284e+01
9.729999999999999716e+01
9.940000000000000568e+01
9.950000000000000000e+01
9.920000000000000284e+01
9.970000000000000284e+01
9.959999999999999432e+01
9.959999999999999432e+01
9.979999999999999716e+01
9.979999999999999716e+01
9.990000000000000568e+01
9.990000000000000568e+01
9.990000000000000568e+01
9.990000000000000568e+01
9.990000000000000568e+01
9.990000000000000568e+01
9.990000000000000568e+01
9.990000000000000568e+01
9.990000000000000568e+01
9.990000000000000568e+01
9.990000000000000568e+01
9.990000000000000568e+01
9.990000000000000568e+01
9.990000000000000568e+01
9.990000000000000568e+01
9.990000000000000568e+01
