0.000000000000000000e+00
0.000000000000000000e+00
1.240000000000000036e+01
1.240000000000000036e+01
1.280000000000000071e+01
1.290000000000000036e+01
1.340000000000000036e+01
1.269999999999999929e+01
1.290000000000000036e+01
1.459999999999999964e+01
1.630000000000000071e+01
2.539999999999999858e+01
2.310000000000000142e+01
4.760000000000000142e+01
6.160000000000000142e+01
7.950000000000000000e+01
7.450000000000000000e+01
9.150000000000000000e+01
9.820000000000000284e+01
9.929999999999999716e+01
9.979999999999999716e+01
9.979999999999999716e+01
9.979999999999999716e+01
9.979999999999999716e+01
9.990000000000000568e+01
9.979999999999999716e+01
9.990000000000000568e+01
9.990000000000000568e+01
9.990000000000000568e+01
9.990000000000000568e+01
9.990000000000000568e+01
9.990000000000000568e+01
9.990000000000000568e+01
9.990000000000000568e+01
9.990000000000000568e+01
9.990000000000000568e+01
9.990000000000000568e+01
9.990000000000000568e+01
9.990000000000000568e+01
9.990000000000000568e+01
