7.155963267755070945e+01
7.270642215833751720e+01
4.931192625553236297e+01
3.302752276079370120e+01
6.834862357323322613e+01
5.573394491913121840e+01
5.298165134114956487e+01
5.848623849711287193e+01
2.316513745719139905e+01
1.605504580593984043e+00
4.816513768467334700e+01
2.614678902582291187e+01
3.715596312776617793e+01
3.348623849711287193e+01
6.032110081243952493e+01
5.068807304452318618e+01
4.197247678424240291e+01
2.339449544784125834e+01
4.954128447366417021e+01
3.738532089093409638e+01
5.275229357798165353e+01
2.178899066820057229e+01
4.197247678424240291e+01
4.610091715121487965e+01
3.555045857560743627e+01
1.743119253806018065e+01
7.316513768467333989e+01
1.995412835287391573e+01
4.977064223683208155e+01
3.279816499762578985e+01
5.298165134114956487e+01
1.536697245956560920e+01
3.119266044546704819e+01
1.513761469639769430e+01
6.513761446891574280e+01
2.362385321100917324e+01
3.348623849711287193e+01
1.697247701172435086e+01
5.000000000000000000e+01
1.880733932705100386e+01
3.990825670574783146e+01
4.174311902107448446e+01
4.036697223208366125e+01
2.637614678899082676e+01
5.298165134114956487e+01
2.155963290503265739e+01
1.834862380071517407e+01
2.041284387920974552e+01
2.339449544784125834e+01
2.316513745719139905e+01
2.637614678899082676e+01
3.073394491913121840e+01
6.376146767992491959e+01
1.261467888158395745e+01
4.518348588855988623e+01
3.899082544309283804e+01
2.798165134114956487e+01
1.077981645251632870e+01
3.715596312776617793e+01
1.605504580593984043e+00
5.137614678899082321e+01
2.155963290503265739e+01
3.417431178661661306e+01
6.422018322375936172e+00
4.380733909956905592e+01
2.935779813014039163e+01
3.302752276079370120e+01
2.477064223683208510e+01
5.917431178661661306e+01
2.454128424618222226e+01
4.839449544784125834e+01
2.775229357798164997e+01
3.532110081243952493e+01
9.403669663525501932e+00
4.357798133640114457e+01
1.857798156388308897e+01
3.440366954978453151e+01
1.536697245956560920e+01
3.096330268229913329e+01
4.610091715121487965e+01
3.440366954978453151e+01
2.775229357798164997e+01
2.018348611604183063e+01
2.316513745719139905e+01
1.697247701172435086e+01
2.178899066820057229e+01
1.536697245956560920e+01
1.857798156388308897e+01
1.536697245956560920e+01
2.018348611604183063e+01
1.857798156388308897e+01
2.316513745719139905e+01
1.857798156388308897e+01
2.614678902582291187e+01
1.697247701172435086e+01
2.477064223683208510e+01
2.018348611604183063e+01
2.454128424618222226e+01
1.857798156388308897e+01
2.477064223683208510e+01
1.857798156388308897e+01
2.775229357798164997e+01
1.857798156388308897e+01
2.775229357798164997e+01
2.178899066820057229e+01
1.857798156388308897e+01
2.018348611604183063e+01
2.155963290503265739e+01
2.018348611604183063e+01
2.454128424618222226e+01
1.697247701172435086e+01
2.316513745719139905e+01
1.857798156388308897e+01
1.857798156388308897e+01
1.697247701172435086e+01
2.316513745719139905e+01
1.536697245956560920e+01
2.454128424618222226e+01
1.995412835287391573e+01
2.477064223683208510e+01
1.697247701172435086e+01
1.995412835287391573e+01
1.857798156388308897e+01
2.454128424618222226e+01
1.536697245956560920e+01
2.614678902582291187e+01
1.536697245956560920e+01
2.454128424618222226e+01
1.536697245956560920e+01
2.454128424618222226e+01
1.536697245956560920e+01
2.133027514186474249e+01
1.697247701172435086e+01
2.293577969402348060e+01
1.536697245956560920e+01
2.155963290503265739e+01
1.536697245956560920e+01
2.155963290503265739e+01
1.697247701172435086e+01
2.775229357798164997e+01
1.536697245956560920e+01
2.454128424618222226e+01
1.536697245956560920e+01
2.775229357798164997e+01
1.536697245956560920e+01
2.775229357798164997e+01
1.536697245956560920e+01
2.614678902582291187e+01
1.536697245956560920e+01
2.454128424618222226e+01
1.536697245956560920e+01
2.316513745719139905e+01
1.536697245956560920e+01
2.293577969402348060e+01
1.536697245956560920e+01
2.155963290503265739e+01
1.536697245956560920e+01
2.614678902582291187e+01
1.536697245956560920e+01
2.133027514186474249e+01
1.536697245956560920e+01
2.454128424618222226e+01
1.536697245956560920e+01
2.454128424618222226e+01
1.536697245956560920e+01
2.775229357798164997e+01
1.697247701172435086e+01
2.454128424618222226e+01
1.536697245956560920e+01
2.293577969402348060e+01
1.536697245956560920e+01
2.293577969402348060e+01
1.536697245956560920e+01
2.614678902582291187e+01
1.536697245956560920e+01
2.454128424618222226e+01
1.536697245956560920e+01
2.293577969402348060e+01
1.536697245956560920e+01
2.293577969402348060e+01
1.536697245956560920e+01
2.293577969402348060e+01
1.536697245956560920e+01
2.155963290503265739e+01
1.536697245956560920e+01
2.614678902582291187e+01
1.697247701172435086e+01
2.614678902582291187e+01
1.536697245956560920e+01
2.293577969402348060e+01
1.536697245956560920e+01
2.293577969402348060e+01
1.536697245956560920e+01
2.775229357798164997e+01
1.536697245956560920e+01
2.293577969402348060e+01
1.536697245956560920e+01
2.614678902582291187e+01
1.536697245956560920e+01
2.316513745719139905e+01
