7.797752791844057185e+01
6.247191012950425915e+01
7.011235901907588186e+01
1.865168545326489991e+01
6.876404441233431442e+01
1.258426961148722789e+01
8.112359505985560304e+01
2.494382025900851474e+01
3.438202220616715721e+01
2.966292123258783420e+01
5.325842662339800171e+01
5.775280889446815991e+01
6.112359552276268460e+01
1.393258421822880067e+01
4.067415701191077204e+01
1.078651681535699325e+01
2.314606720142150209e+01
6.067415711049283900e+00
4.696629181765438688e+01
3.280898863545964161e+01
5.325842662339800171e+01
4.067415701191077204e+01
4.044943804794483100e+01
5.483146019410551020e+01
6.112359552276268460e+01
1.078651681535699325e+01
4.224719058261828764e+01
1.078651681535699325e+01
5.775280889446815991e+01
5.303370765943206067e+01
3.910112344120325645e+01
2.022471902397241550e+01
2.966292123258783420e+01
1.213483142209856780e+01
5.617977480084708475e+01
5.460674123013956915e+01
3.415730324220121616e+01
5.460674123013956915e+01
5.303370765943206067e+01
2.157303363071398650e+01
4.224719058261828764e+01
3.910112344120325645e+01
4.674157285368844583e+01
5.797752785843410095e+01
4.067415701191077204e+01
3.595505629978822526e+01
4.853932591127545493e+01
5.797752785843410095e+01
4.359550518935985508e+01
7.865168507179517654e+00
3.280898863545964161e+01
1.078651681535699325e+01
4.359550518935985508e+01
2.808988740042354237e+01
1.393258421822880067e+01
2.966292123258783420e+01
6.067415707191724294e+01
9.213483113921091316e+00
7.820224688240651290e+01
3.730337090652979981e+01
5.775280889446815991e+01
4.831460642439595432e+01
2.651685382971603033e+01
2.494382025900851474e+01
4.674157285368844583e+01
2.943820200716511692e+01
5.752808940758865930e+01
3.258426967149370057e+01
3.887640447723731540e+01
5.932584246517566839e+01
3.730337090652979981e+01
3.415730324220121616e+01
4.202247161865234659e+01
3.752808987049574085e+01
5.775280889446815991e+01
4.202247161865234659e+01
4.988764051801702948e+01
2.786516843645760133e+01
3.887640447723731540e+01
9.213483113921091316e+00
3.910112344120325645e+01
2.943820200716511692e+01
2.494382025900851474e+01
3.123595506475212957e+01
2.943820200716511692e+01
2.808988740042354237e+01
2.808988740042354237e+01
3.415730324220121616e+01
2.022471902397241550e+01
2.966292123258783420e+01
2.494382025900851474e+01
3.595505629978822526e+01
2.808988740042354237e+01
2.808988740042354237e+01
2.966292123258783420e+01
2.966292123258783420e+01
2.808988740042354237e+01
2.651685382971603033e+01
2.786516843645760133e+01
3.438202220616715721e+01
2.808988740042354237e+01
2.808988740042354237e+01
2.651685382971603033e+01
2.808988740042354237e+01
2.651685382971603033e+01
2.808988740042354237e+01
2.179775259467992754e+01
3.123595506475212957e+01
2.494382025900851474e+01
2.966292123258783420e+01
2.494382025900851474e+01
2.966292123258783420e+01
2.651685382971603033e+01
2.808988740042354237e+01
2.966292123258783420e+01
3.280898863545964161e+01
2.966292123258783420e+01
3.280898863545964161e+01
2.651685382971603033e+01
2.966292123258783420e+01
2.808988740042354237e+01
3.123595506475212957e+01
2.494382025900851474e+01
2.808988740042354237e+01
2.337078642684422292e+01
2.966292123258783420e+01
2.337078642684422292e+01
3.123595506475212957e+01
2.337078642684422292e+01
2.808988740042354237e+01
2.337078642684422292e+01
2.966292123258783420e+01
2.337078642684422292e+01
3.123595506475212957e+01
2.337078642684422292e+01
3.123595506475212957e+01
2.337078642684422292e+01
3.123595506475212957e+01
2.494382025900851474e+01
3.123595506475212957e+01
2.651685382971603033e+01
2.808988740042354237e+01
2.337078642684422292e+01
2.808988740042354237e+01
2.337078642684422292e+01
3.123595506475212957e+01
2.337078642684422292e+01
3.123595506475212957e+01
2.337078642684422292e+01
3.123595506475212957e+01
2.337078642684422292e+01
2.966292123258783420e+01
2.337078642684422292e+01
2.808988740042354237e+01
2.337078642684422292e+01
3.123595506475212957e+01
2.337078642684422292e+01
2.808988740042354237e+01
2.337078642684422292e+01
2.808988740042354237e+01
2.337078642684422292e+01
2.808988740042354237e+01
2.651685382971603033e+01
2.808988740042354237e+01
2.337078642684422292e+01
3.280898863545964161e+01
2.494382025900851474e+01
2.808988740042354237e+01
2.337078642684422292e+01
2.808988740042354237e+01
2.337078642684422292e+01
3.280898863545964161e+01
2.337078642684422292e+01
3.280898863545964161e+01
2.337078642684422292e+01
2.808988740042354237e+01
2.337078642684422292e+01
3.280898863545964161e+01
2.337078642684422292e+01
2.966292123258783420e+01
2.337078642684422292e+01
2.808988740042354237e+01
2.337078642684422292e+01
3.123595506475212957e+01
2.337078642684422292e+01
3.123595506475212957e+01
2.337078642684422292e+01
2.966292123258783420e+01
2.337078642684422292e+01
3.123595506475212957e+01
2.337078642684422292e+01
2.966292123258783420e+01
2.337078642684422292e+01
2.966292123258783420e+01
2.337078642684422292e+01
3.123595506475212957e+01
2.337078642684422292e+01
2.966292123258783420e+01
2.337078642684422292e+01
3.438202220616715721e+01
