3.910112344120325645e+01
1.235955051679289696e+01
4.651685388972250479e+01
3.280898863545964161e+01
1.078651681535699325e+01
2.449438180816307664e+01
2.921348304319917588e+01
1.842696622784218263e+01
4.651685388972250479e+01
2.629213486575008929e+01
2.966292123258783420e+01
3.146067402871806973e+00
2.808988740042354237e+01
2.966292123258783420e+01
2.808988740042354237e+01
2.494382025900851474e+01
4.516853928298093024e+01
2.966292123258783420e+01
5.011235948198297052e+01
3.595505629978822526e+01
2.966292123258783420e+01
2.966292123258783420e+01
4.382022467623935569e+01
2.808988740042354237e+01
1.415730331292313160e+01
3.752808987049574085e+01
2.808988740042354237e+01
1.573033701435903486e+00
1.707865162110060808e+01
1.865168545326489991e+01
4.202247161865234659e+01
2.808988740042354237e+01
4.044943804794483100e+01
2.966292123258783420e+01
2.494382025900851474e+01
5.146067408872454507e+01
1.393258421822880067e+01
3.123595506475212957e+01
2.651685382971603033e+01
3.123595506475212957e+01
1.078651681535699325e+01
2.022471902397241550e+01
3.910112344120325645e+01
2.966292123258783420e+01
3.730337090652979981e+01
3.123595506475212957e+01
2.179775259467992754e+01
2.808988740042354237e+01
1.865168545326489991e+01
2.022471902397241550e+01
2.337078642684422292e+01
2.337078642684422292e+01
2.337078642684422292e+01
2.022471902397241550e+01
4.539325824694687128e+01
1.415730331292313160e+01
1.707865162110060808e+01
1.550561791966470437e+01
3.438202220616715721e+01
1.865168545326489991e+01
1.707865162110060808e+01
2.337078642684422292e+01
2.337078642684422292e+01
4.516853928298093024e+01
2.022471902397241550e+01
2.337078642684422292e+01
1.101123591005132418e+01
2.494382025900851474e+01
3.573033681290873176e+01
3.438202220616715721e+01
2.651685382971603033e+01
1.550561791966470437e+01
2.764044947249166029e+01
1.865168545326489991e+01
2.808988740042354237e+01
2.179775259467992754e+01
2.337078642684422292e+01
3.101123583932940875e+01
1.078651681535699325e+01
4.516853928298093024e+01
3.280898863545964161e+01
2.179775259467992754e+01
3.438202220616715721e+01
3.123595506475212957e+01
2.966292123258783420e+01
2.651685382971603033e+01
2.337078642684422292e+01
1.865168545326489991e+01
3.123595506475212957e+01
2.179775259467992754e+01
2.808988740042354237e+01
2.337078642684422292e+01
2.808988740042354237e+01
2.651685382971603033e+01
2.494382025900851474e+01
2.494382025900851474e+01
2.337078642684422292e+01
2.494382025900851474e+01
2.179775259467992754e+01
2.651685382971603033e+01
3.258426967149370057e+01
2.808988740042354237e+01
2.179775259467992754e+01
2.337078642684422292e+01
2.966292123258783420e+01
2.337078642684422292e+01
2.651685382971603033e+01
2.337078642684422292e+01
2.179775259467992754e+01
2.808988740042354237e+01
2.808988740042354237e+01
2.337078642684422292e+01
2.337078642684422292e+01
2.179775259467992754e+01
2.494382025900851474e+01
2.651685382971603033e+01
2.808988740042354237e+01
2.651685382971603033e+01
2.337078642684422292e+01
2.966292123258783420e+01
2.808988740042354237e+01
2.494382025900851474e+01
2.494382025900851474e+01
2.337078642684422292e+01
2.494382025900851474e+01
2.494382025900851474e+01
2.494382025900851474e+01
2.494382025900851474e+01
2.337078642684422292e+01
2.337078642684422292e+01
2.337078642684422292e+01
2.337078642684422292e+01
2.494382025900851474e+01
2.179775259467992754e+01
2.494382025900851474e+01
2.494382025900851474e+01
2.179775259467992754e+01
2.337078642684422292e+01
2.337078642684422292e+01
2.651685382971603033e+01
2.808988740042354237e+01
2.337078642684422292e+01
2.337078642684422292e+01
2.179775259467992754e+01
2.337078642684422292e+01
2.179775259467992754e+01
2.179775259467992754e+01
2.337078642684422292e+01
2.494382025900851474e+01
2.494382025900851474e+01
2.651685382971603033e+01
2.337078642684422292e+01
2.337078642684422292e+01
2.808988740042354237e+01
2.337078642684422292e+01
2.337078642684422292e+01
2.651685382971603033e+01
2.651685382971603033e+01
2.651685382971603033e+01
2.337078642684422292e+01
2.337078642684422292e+01
2.808988740042354237e+01
2.494382025900851474e+01
2.494382025900851474e+01
2.337078642684422292e+01
2.494382025900851474e+01
2.337078642684422292e+01
2.337078642684422292e+01
2.651685382971603033e+01
2.337078642684422292e+01
2.651685382971603033e+01
2.494382025900851474e+01
2.179775259467992754e+01
2.337078642684422292e+01
2.494382025900851474e+01
2.337078642684422292e+01
2.494382025900851474e+01
2.808988740042354237e+01
2.808988740042354237e+01
2.179775259467992754e+01
2.337078642684422292e+01
2.337078642684422292e+01
2.966292123258783420e+01
2.337078642684422292e+01
2.179775259467992754e+01
2.179775259467992754e+01
2.494382025900851474e+01
2.337078642684422292e+01
2.651685382971603033e+01
2.651685382971603033e+01
2.651685382971603033e+01
2.494382025900851474e+01
2.179775259467992754e+01
2.179775259467992754e+01
2.179775259467992754e+01
2.179775259467992754e+01
2.651685382971603033e+01
2.179775259467992754e+01
2.651685382971603033e+01
2.179775259467992754e+01
