1.561085974145259314e+01
1.855203613005072683e+01
1.221719457876628390e+01
3.416289599664610677e+01
2.013574658044323229e+01
3.235294115920951441e+01
4.796380102580489080e+01
1.402714929106008945e+01
1.221719457876628390e+01
3.846153832344987222e+01
1.990950219339914540e+01
2.760180980803200512e+01
1.402714929106008945e+01
9.049773740552669921e+00
1.244343884066758577e+01
1.515837096736441936e+01
6.334841613855836329e+00
2.488687768133517153e+01
4.027149316088646458e+01
1.855203613005072683e+01
3.257918554625360485e+01
2.941176464546859393e+01
3.552036205999451823e+01
1.651583703071283438e+01
2.466063354457665469e+01
3.868778296077952916e+01
3.076923070881701250e+01
1.085972851541786710e+01
9.502262452069450305e+00
1.085972851541786710e+01
2.941176464546859393e+01
1.402714929106008945e+01
6.334841613855836329e+00
3.257918554625360485e+01
1.063348412837378021e+01
2.918552025842450703e+01
3.393665160960201632e+01
2.171945703083573420e+01
2.647058813172767699e+01
2.760180980803200512e+01
2.443438915753256779e+01
2.782805419507609201e+01
2.624434374468359010e+01
2.941176464546859393e+01
1.990950219339914540e+01
3.099547509586109939e+01
1.855203613005072683e+01
9.502262452069450305e+00
7.466063352731557856e+00
1.402714929106008945e+01
4.638009032512682239e+01
1.990950219339914540e+01
3.891402709753804601e+01
3.122171948290518628e+01
2.013574658044323229e+01
2.624434374468359010e+01
1.855203613005072683e+01
2.805429858212017891e+01
1.719457006670231181e+01
6.334841613855836329e+00
4.954751122591182622e+01
3.212669677216543107e+01
2.307692309418414922e+01
3.574660619675304218e+01
3.846153832344987222e+01
2.013574658044323229e+01
3.710407226010145365e+01
3.393665160960201632e+01
3.099547509586109939e+01
2.466063354457665469e+01
1.877828051709481372e+01
2.330316748122823611e+01
3.868778296077952916e+01
1.832579186814942673e+01
2.782805419507609201e+01
2.307692309418414922e+01
2.466063354457665469e+01
2.307692309418414922e+01
2.443438915753256779e+01
2.036199096748731918e+01
3.416289599664610677e+01
2.149321264379164731e+01
2.488687768133517153e+01
2.941176464546859393e+01
2.149321264379164731e+01
2.466063354457665469e+01
2.307692309418414922e+01
2.307692309418414922e+01
2.013574658044323229e+01
2.149321264379164731e+01
2.466063354457665469e+01
2.307692309418414922e+01
2.149321264379164731e+01
2.466063354457665469e+01
2.307692309418414922e+01
2.782805419507609201e+01
1.990950219339914540e+01
2.307692309418414922e+01
2.624434374468359010e+01
2.624434374468359010e+01
2.624434374468359010e+01
2.013574658044323229e+01
2.624434374468359010e+01
2.149321264379164731e+01
1.990950219339914540e+01
1.990950219339914540e+01
2.307692309418414922e+01
2.307692309418414922e+01
2.149321264379164731e+01
2.149321264379164731e+01
2.149321264379164731e+01
2.466063354457665469e+01
2.466063354457665469e+01
2.149321264379164731e+01
2.624434374468359010e+01
1.855203613005072683e+01
2.149321264379164731e+01
2.149321264379164731e+01
1.990950219339914540e+01
2.466063354457665469e+01
2.149321264379164731e+01
2.149321264379164731e+01
2.466063354457665469e+01
2.307692309418414922e+01
2.782805419507609201e+01
2.149321264379164731e+01
2.149321264379164731e+01
1.990950219339914540e+01
1.990950219339914540e+01
2.307692309418414922e+01
2.149321264379164731e+01
1.990950219339914540e+01
2.149321264379164731e+01
2.149321264379164731e+01
2.307692309418414922e+01
2.149321264379164731e+01
1.990950219339914540e+01
2.307692309418414922e+01
2.466063354457665469e+01
2.149321264379164731e+01
1.990950219339914540e+01
1.990950219339914540e+01
2.307692309418414922e+01
2.307692309418414922e+01
1.990950219339914540e+01
1.990950219339914540e+01
2.307692309418414922e+01
2.307692309418414922e+01
2.307692309418414922e+01
1.990950219339914540e+01
2.466063354457665469e+01
2.149321264379164731e+01
2.149321264379164731e+01
2.307692309418414922e+01
2.466063354457665469e+01
2.307692309418414922e+01
2.149321264379164731e+01
2.149321264379164731e+01
2.307692309418414922e+01
2.307692309418414922e+01
2.149321264379164731e+01
2.149321264379164731e+01
2.149321264379164731e+01
2.285067870714006233e+01
2.149321264379164731e+01
1.990950219339914540e+01
2.307692309418414922e+01
1.990950219339914540e+01
1.990950219339914540e+01
2.307692309418414922e+01
2.307692309418414922e+01
2.307692309418414922e+01
1.990950219339914540e+01
1.990950219339914540e+01
1.990950219339914540e+01
2.307692309418414922e+01
2.488687768133517153e+01
1.990950219339914540e+01
2.307692309418414922e+01
2.782805419507609201e+01
2.307692309418414922e+01
2.149321264379164731e+01
2.307692309418414922e+01
2.149321264379164731e+01
2.466063354457665469e+01
1.990950219339914540e+01
1.990950219339914540e+01
2.149321264379164731e+01
2.149321264379164731e+01
2.149321264379164731e+01
2.307692309418414922e+01
2.149321264379164731e+01
2.149321264379164731e+01
2.307692309418414922e+01
2.149321264379164731e+01
1.990950219339914540e+01
2.307692309418414922e+01
1.990950219339914540e+01
1.990950219339914540e+01
2.466063354457665469e+01
