0.000000000000000000e+00
0.000000000000000000e+00
1.230000000000000071e+01
1.119999999999999929e+01
1.109999999999999964e+01
1.100000000000000000e+01
1.200000000000000000e+01
1.309999999999999964e+01
1.390000000000000036e+01
1.969999999999999929e+01
3.620000000000000284e+01
4.910000000000000142e+01
4.660000000000000142e+01
6.479999999999999716e+01
7.259999999999999432e+01
7.909999999999999432e+01
8.429999999999999716e+01
9.440000000000000568e+01
9.879999999999999716e+01
9.920000000000000284e+01
9.950000000000000000e+01
9.950000000000000000e+01
9.940000000000000568e+01
9.959999999999999432e+01
9.950000000000000000e+01
9.950000000000000000e+01
9.990000000000000568e+01
1.000000000000000000e+02
1.000000000000000000e+02
1.000000000000000000e+02
1.000000000000000000e+02
1.000000000000000000e+02
1.000000000000000000e+02
1.000000000000000000e+02
1.000000000000000000e+02
1.000000000000000000e+02
1.000000000000000000e+02
1.000000000000000000e+02
1.000000000000000000e+02
1.000000000000000000e+02
