0.000000000000000000e+00
3.479999999999999716e+01
8.500000000000000000e+00
9.000000000000000000e+00
1.019999999999999929e+01
9.199999999999999289e+00
1.019999999999999929e+01
1.030000000000000071e+01
1.190000000000000036e+01
1.989999999999999858e+01
4.079999999999999716e+01
5.160000000000000142e+01
5.970000000000000284e+01
7.279999999999999716e+01
7.990000000000000568e+01
8.879999999999999716e+01
8.190000000000000568e+01
9.759999999999999432e+01
9.900000000000000000e+01
9.929999999999999716e+01
9.959999999999999432e+01
9.959999999999999432e+01
9.970000000000000284e+01
9.959999999999999432e+01
9.959999999999999432e+01
9.970000000000000284e+01
9.990000000000000568e+01
1.000000000000000000e+02
1.000000000000000000e+02
1.000000000000000000e+02
1.000000000000000000e+02
1.000000000000000000e+02
1.000000000000000000e+02
1.000000000000000000e+02
1.000000000000000000e+02
1.000000000000000000e+02
1.000000000000000000e+02
1.000000000000000000e+02
1.000000000000000000e+02
1.000000000000000000e+02
