0.000000000000000000e+00
0.000000000000000000e+00
1.100000000000000000e+01
1.030000000000000071e+01
1.040000000000000036e+01
1.050000000000000000e+01
1.059999999999999964e+01
1.130000000000000071e+01
1.290000000000000036e+01
1.850000000000000000e+01
3.270000000000000284e+01
2.960000000000000142e+01
4.720000000000000284e+01
6.850000000000000000e+01
8.400000000000000000e+01
9.020000000000000284e+01
8.609999999999999432e+01
9.820000000000000284e+01
9.909999999999999432e+01
9.920000000000000284e+01
9.909999999999999432e+01
9.909999999999999432e+01
9.920000000000000284e+01
9.920000000000000284e+01
9.920000000000000284e+01
9.920000000000000284e+01
9.929999999999999716e+01
9.959999999999999432e+01
9.959999999999999432e+01
9.959999999999999432e+01
9.959999999999999432e+01
9.970000000000000284e+01
9.959999999999999432e+01
9.959999999999999432e+01
9.970000000000000284e+01
9.970000000000000284e+01
9.970000000000000284e+01
9.970000000000000284e+01
9.970000000000000284e+01
9.970000000000000284e+01
