0.000000000000000000e+00
0.000000000000000000e+00
1.030000000000000071e+01
1.040000000000000036e+01
1.040000000000000036e+01
1.059999999999999964e+01
1.090000000000000036e+01
1.250000000000000000e+01
1.540000000000000036e+01
3.500000000000000000e+01
2.330000000000000071e+01
3.169999999999999929e+01
5.750000000000000000e+01
7.090000000000000568e+01
7.250000000000000000e+01
8.129999999999999716e+01
8.379999999999999716e+01
9.629999999999999716e+01
9.859999999999999432e+01
9.900000000000000000e+01
9.929999999999999716e+01
9.929999999999999716e+01
9.940000000000000568e+01
9.950000000000000000e+01
9.950000000000000000e+01
9.959999999999999432e+01
9.959999999999999432e+01
9.979999999999999716e+01
9.990000000000000568e+01
9.990000000000000568e+01
9.979999999999999716e+01
9.990000000000000568e+01
9.990000000000000568e+01
9.979999999999999716e+01
9.979999999999999716e+01
9.979999999999999716e+01
9.979999999999999716e+01
9.979999999999999716e+01
9.979999999999999716e+01
9.979999999999999716e+01
