0.000000000000000000e+00
0.000000000000000000e+00
1.109999999999999964e+01
1.069999999999999929e+01
1.100000000000000000e+01
1.109999999999999964e+01
1.050000000000000000e+01
1.240000000000000036e+01
1.600000000000000000e+01
2.300000000000000000e+01
2.360000000000000142e+01
4.200000000000000000e+01
5.179999999999999716e+01
7.000000000000000000e+01
7.009999999999999432e+01
7.520000000000000284e+01
8.220000000000000284e+01
9.629999999999999716e+01
9.870000000000000284e+01
9.879999999999999716e+01
9.900000000000000000e+01
9.909999999999999432e+01
9.890000000000000568e+01
9.929999999999999716e+01
9.940000000000000568e+01
9.950000000000000000e+01
9.959999999999999432e+01
9.979999999999999716e+01
1.000000000000000000e+02
1.000000000000000000e+02
1.000000000000000000e+02
9.990000000000000568e+01
9.990000000000000568e+01
9.990000000000000568e+01
9.990000000000000568e+01
9.990000000000000568e+01
9.990000000000000568e+01
9.990000000000000568e+01
9.990000000000000568e+01
9.990000000000000568e+01
