0.000000000000000000e+00
0.000000000000000000e+00
1.080000000000000071e+01
1.040000000000000036e+01
9.400000000000000355e+00
1.469999999999999929e+01
7.679999999999999716e+01
8.020000000000000284e+01
9.529999999999999716e+01
9.620000000000000284e+01
9.729999999999999716e+01
9.929999999999999716e+01
9.809999999999999432e+01
9.870000000000000284e+01
9.940000000000000568e+01
9.940000000000000568e+01
9.870000000000000284e+01
1.000000000000000000e+02
9.979999999999999716e+01
9.959999999999999432e+01
9.970000000000000284e+01
9.970000000000000284e+01
9.959999999999999432e+01
9.970000000000000284e+01
9.970000000000000284e+01
9.979999999999999716e+01
9.990000000000000568e+01
9.970000000000000284e+01
9.970000000000000284e+01
9.970000000000000284e+01
9.970000000000000284e+01
9.970000000000000284e+01
9.970000000000000284e+01
9.970000000000000284e+01
9.970000000000000284e+01
9.970000000000000284e+01
9.970000000000000284e+01
9.970000000000000284e+01
9.970000000000000284e+01
9.970000000000000284e+01
