0.000000000000000000e+00
0.000000000000000000e+00
1.610000000000000142e+01
8.699999999999999289e+00
9.500000000000000000e+00
9.500000000000000000e+00
1.760000000000000142e+01
3.989999999999999858e+01
6.990000000000000568e+01
6.829999999999999716e+01
7.620000000000000284e+01
9.109999999999999432e+01
8.470000000000000284e+01
9.320000000000000284e+01
7.740000000000000568e+01
9.909999999999999432e+01
9.840000000000000568e+01
9.920000000000000284e+01
9.970000000000000284e+01
9.950000000000000000e+01
9.970000000000000284e+01
9.959999999999999432e+01
9.950000000000000000e+01
9.940000000000000568e+01
9.940000000000000568e+01
9.970000000000000284e+01
9.979999999999999716e+01
9.979999999999999716e+01
9.979999999999999716e+01
9.979999999999999716e+01
9.979999999999999716e+01
9.979999999999999716e+01
9.979999999999999716e+01
9.979999999999999716e+01
9.970000000000000284e+01
9.970000000000000284e+01
9.970000000000000284e+01
9.970000000000000284e+01
9.970000000000000284e+01
9.970000000000000284e+01
