0.000000000000000000e+00
0.000000000000000000e+00
1.190000000000000036e+01
1.159999999999999964e+01
1.119999999999999929e+01
1.300000000000000000e+01
1.419999999999999929e+01
3.779999999999999716e+01
5.550000000000000000e+01
6.300000000000000000e+01
7.009999999999999432e+01
8.400000000000000000e+01
9.170000000000000284e+01
9.390000000000000568e+01
9.800000000000000000e+01
9.850000000000000000e+01
9.820000000000000284e+01
9.940000000000000568e+01
9.929999999999999716e+01
9.940000000000000568e+01
9.950000000000000000e+01
9.940000000000000568e+01
9.940000000000000568e+01
9.940000000000000568e+01
9.940000000000000568e+01
9.940000000000000568e+01
9.940000000000000568e+01
9.950000000000000000e+01
9.950000000000000000e+01
9.950000000000000000e+01
9.950000000000000000e+01
9.950000000000000000e+01
9.950000000000000000e+01
9.950000000000000000e+01
9.950000000000000000e+01
9.950000000000000000e+01
9.950000000000000000e+01
9.950000000000000000e+01
9.959999999999999432e+01
9.950000000000000000e+01
