0.000000000000000000e+00
1.450000000000000000e+01
1.140000000000000036e+01
9.300000000000000711e+00
8.800000000000000711e+00
1.080000000000000071e+01
2.889999999999999858e+01
3.370000000000000284e+01
4.070000000000000284e+01
6.620000000000000284e+01
7.159999999999999432e+01
7.979999999999999716e+01
9.140000000000000568e+01
8.900000000000000000e+01
9.629999999999999716e+01
9.859999999999999432e+01
9.740000000000000568e+01
9.929999999999999716e+01
9.959999999999999432e+01
9.970000000000000284e+01
9.950000000000000000e+01
9.940000000000000568e+01
9.970000000000000284e+01
9.970000000000000284e+01
9.970000000000000284e+01
9.970000000000000284e+01
9.970000000000000284e+01
9.979999999999999716e+01
9.979999999999999716e+01
9.979999999999999716e+01
9.979999999999999716e+01
9.979999999999999716e+01
9.979999999999999716e+01
9.979999999999999716e+01
9.979999999999999716e+01
9.979999999999999716e+01
9.979999999999999716e+01
9.979999999999999716e+01
9.979999999999999716e+01
9.979999999999999716e+01
