1.100000000000000000e+01
1.090000000000000036e+01
1.040000000000000036e+01
1.040000000000000036e+01
1.109999999999999964e+01
2.789999999999999858e+01
9.709999999999999432e+01
9.970000000000000284e+01
9.970000000000000284e+01
9.959999999999999432e+01
9.970000000000000284e+01
9.959999999999999432e+01
9.970000000000000284e+01
9.990000000000000568e+01
9.979999999999999716e+01
9.979999999999999716e+01
9.979999999999999716e+01
9.990000000000000568e+01
9.990000000000000568e+01
9.990000000000000568e+01
9.990000000000000568e+01
9.990000000000000568e+01
9.990000000000000568e+01
9.990000000000000568e+01
9.990000000000000568e+01
9.990000000000000568e+01
9.990000000000000568e+01
9.990000000000000568e+01
9.990000000000000568e+01
9.990000000000000568e+01
9.990000000000000568e+01
9.990000000000000568e+01
9.990000000000000568e+01
9.990000000000000568e+01
9.990000000000000568e+01
9.990000000000000568e+01
9.990000000000000568e+01
9.990000000000000568e+01
9.990000000000000568e+01
9.990000000000000568e+01
